[00:21:09] *** Joins: MichaelXX2 (MichaelXX2@Pony-8lu.6bp.217.173.IP)
[00:26:08] *** Quits: Phase (Phase4@Pony-eaplo9.internode.on.net) (Ping timeout: 121 seconds)
[00:30:01] *** Joins: GigabitPony (Gigabit@the.girly.colt)
[00:45:44] *** Joins: Alcoholicorn (Alcoholicor@Pony-55oq0s.pool.hargray.net)
[00:47:16] *** GigabitPony is now known as GigaTown
[01:23:21] *** DerpyNeru is now known as DerpyNya
[01:24:34] *** Joins: Phase (Phase4@Pony-lu48ce.lnk.telstra.net)
[01:25:33] *** StolenCrash is now known as ThunderStorm
[01:25:48] *** Joins: LightningCrash (lightning@Pony-ujgp2k.tcso.qwest.net)
[01:52:27] *** Joins: Alcoholicorn|2 (Alcoholicor@Pony-55oq0s.pool.hargray.net)
[01:53:58] *** Quits: Alcoholicorn (Alcoholicor@Pony-55oq0s.pool.hargray.net) (Ping timeout: 121 seconds)
[02:29:07] *** Joins: Rarity (raindancer1@theelementofgenerosity)
[02:42:16] *** GigaTown is now known as Gigabit
[02:45:50] *** Joins: Pony_3 (WebChat@Pony-lofmq0.res.bhn.net)
[02:46:04] <Pony_3> nope
[02:46:12] *** Quits: Pony_3 (WebChat@Pony-lofmq0.res.bhn.net) (Quit: Page closed)
[02:46:36] *** Joins: Hellcat (WebChat@Pony-nn5.pqq.170.166.IP)
[03:11:43] *** Joins: Pony_9 (~WebChat@Pony-lofmq0.res.bhn.net)
[03:14:17] <Pony_9> penis penis penis penis penispenis penis penis penis penispenis penis penis penis penispenis penis penis penis penispenis penis penis penis penispenis penis penis penis penis penis penis penis penispenis penis penis penis penispenis penis penis penis penispenis penis penis penis penispenis penis penis penis penis  penis penis penis penis penispenis penis penis penis  penis  penispenis penis penis penis penispenis penis penis penis penispenis penis
[03:15:40] <Hellcat> MEAH
[03:15:42] *** Quits: Pony_9 (~WebChat@Pony-lofmq0.res.bhn.net) (Quit: Page closed)
[03:15:52] *** Joins: Pony_1 (~WebChat@Pony-lofmq0.res.bhn.net)
[03:16:13] <Pony_1> hm
[03:16:28] <Colgate> Pony_1: yeah, lets not do that
[03:18:04] <Pony_1> hm. that guy was a jerk
[03:18:27] <Colgate> we can tell you are the same person
[03:18:33] <Pony_1> ik
[03:18:58] <Pony_1> let a man spam penisbin peace
[03:20:17] <Pony_1> you don't know my pain
[03:21:45] *** Quits: Pony_1 (~WebChat@Pony-lofmq0.res.bhn.net) (Quit: Page closed)
[03:21:52] *** Joins: Pony_6 (WebChat@Pony-lofmq0.res.bhn.net)
[03:25:31] *** Quits: Hellcat (WebChat@Pony-nn5.pqq.170.166.IP) (Quit: Page closed)
[03:25:59] *** Joins: Hellcat (~WebChat@Pony-3uorjg.res.rr.com)
[03:26:12] *** SailorApple is now known as Rev_CloppingHoof
[03:26:15] <Pony_6> hm
[03:26:33] <Pony_6> my god...wtf is this sight
[03:26:41] <Muffinz> hm
[03:28:31] *** Quits: Pony_6 (WebChat@Pony-lofmq0.res.bhn.net) (Quit: Page closed)
[03:28:52] *** Joins: Pony_5 (~WebChat@Pony-lofmq0.res.bhn.net)
[03:29:34] *** Quits: LightningCrash (lightning@property.of.moonlightning) (Ping timeout: 121 seconds)
[03:29:38] <Muffinz> Hm welcome back
[03:30:10] <Pony_5> are you mocking me?
[03:30:26] <Muffinz> I'm not. You are leaving and joining
[03:30:30] <Muffinz> Hm
[03:30:51] <Pony_5> by accident. I have a habit of refreshing the page
[03:30:53] <Hellcat> He's new here, doesn't know how to work the place
[03:31:09] <Pony_5> oi
[03:31:24] <Hellcat> Oi urself
[03:31:41] <Pony_5> -_-
[03:31:46] <Muffinz> Hm
[03:31:47] <Pony_5> lick meh
[03:32:39] <Hellcat> Ninja, calm urself
[03:33:07] <Pony_5> oi
[03:33:21] <Pony_5> get @ me scrub
[03:33:21] <Hellcat> .n.
[03:33:36] <Pony_5> I will trek your bottom
[03:33:41] <Pony_5> rek*
[03:33:47] <Muffinz> trek
[03:33:54] <Muffinz> Like star trek?
[03:34:35] <Muffinz> Hm
[03:34:37] <Pony_5> I do
[03:34:40] <Pony_5> not
[03:34:44] <Pony_5> actually
[03:34:59] <Pony_5> don't 
[03:35:02] <Pony_5> judge
[03:35:03] <Pony_5> mw
[03:35:07] <Pony_5> me*
[03:35:12] <Muffinz> Hm
[03:35:17] <Hellcat> I'm judging u right now
[03:35:40] <Muffinz> Same here
[03:35:52] <Pony_5> hellcat you judge everyone
[03:35:58] <Pony_5> your a communist
[03:36:22] <Hellcat> Meh...
[03:36:32] <Muffinz> ok
[03:36:33] <Pony_5> Mmhm
[03:36:36] <Hellcat>  EVERYONE IS EQUAL
[03:36:42] <Muffinz> ^
[03:36:47] <Pony_5> except black people
[03:36:52] <Pony_5> wait wtf
[03:36:56] <Pony_5> I'm black
[03:37:05] <Pony_5> *half black
[03:37:14] <Pony_5> idek anymorw
[03:37:14] <Hellcat> *puts an equal sign on ninjas flank* EQUAL
[03:37:15] <Muffinz> ok
[03:39:01] <Pony_5> uh....I don't feel like spammin
[03:39:07] <Pony_5> spamming*
[03:39:17] <Muffinz> hm
[03:39:19] <Pony_5> but I had t
[03:39:23] <Pony_5> to*
[03:39:32] <Pony_5> haz*
[03:39:39] <Muffinz> ok
[03:39:50] <Hellcat> Good 4 u
[03:40:06] <Pony_5> so you won't judge me any different?
[03:40:22] <Hellcat> I'm judging u more than anyone ever
[03:40:24] <Pony_5> you guys are true friends :')
[03:40:28] <Muffinz> ok
[03:40:31] <Pony_5> penis penis penis penis penispenis penis penis penis penispenis penis penis penis penispenis penis penis penis penispenis penis penis penis penispenis penis penis penis penis penis penis penis penispenis penis penis penis penispenis penis penis penis penispenis penis penis penis penispenis penis penis penis penis  penis penis penis penis penis penis penis penis penis  penis penis penis penispenis penis penis penis penispenis penis penis penis peni
[03:40:34] <Pony_5> penis penis penis penis penispenis penis penis penis penispenis penis penis penis penispenis penis penis penis penispenis penis penis penis penispenis penis penis penis penis penis penis penis penispenis penis penis penis penispenis penis penis penis penispenis penis penis penis penispenis penis penis penis penis  penis penis penis penis penis penis penis penis penis  penis penis penis penispenis penis penis penis penispenis penis penis penis peni
[03:40:37] <Pony_5> penis penis penis penis penispenis penis penis penis penispenis penis penis penis penispenis penis penis penis penispenis penis penis penis penispenis penis penis penis penis penis penis penis penispenis penis penis penis penispenis penis penis penis penispenis penis penis penis penispenis penis penis penis penis  penis penis penis penis penis penis penis penis penis  penis penis penis penispenis penis penis penis penispenis penis penis penis peni
[03:40:40] <Pony_5> penis penis penis penis penispenis penis penis penis penispenis penis penis penis penispenis penis penis penis penispenis penis penis penis penispenis penis penis penis penis penis penis penis penispenis penis penis penis penispenis penis penis penis penispenis penis penis penis penispenis penis penis penis penis  penis penis penis penis penis penis penis penis penis  penis penis penis penispenis penis penis penis penispenis penis penis penis peni
[03:40:46] <Pony_5> I love you guys
[03:40:48] <Colgate> !kb Pony_5
[03:40:48] *** Luna sets mode: +b *!*@Pony-lofmq0.res.bhn.net
[03:40:48] *** Pony_5 was kicked by Luna ((Colgate) No reason given)
[03:40:49] <Hellcat> *facehoof*
[03:41:14] <Shutter> Heh, I zlined that IP that same second, Colgate
[03:41:22] <Colgate> lol
[03:41:29] *** Colgate sets mode: -b *!*@Pony-lofmq0.res.bhn.net
[03:41:52] <Shutter> Well, to bed! Time to sleep away this drunk :p
[03:42:03] <Hellcat> ... If anyone asks, I don't know him :I
[03:43:43] *** Joins: DinkyDoo (uid68367@Pony-ro674f.charlton.irccloud.com)
[03:54:16] *** Joins: Pi (Pi@Pony-cmc.3jo.206.112.IP)
[04:12:27] *** Joins: Saxopi (Pi@Pony-cmc.3jo.206.112.IP)
[04:12:37] *** Quits: Pi (Pi@Pony-cmc.3jo.206.112.IP) (Ping timeout: 121 seconds)
[04:23:08] <Hellcat> I shall now venture to the land of SocialNeko, goodbye ppl... PONIES of this land
[04:27:10] *** Quits: Hellcat (~WebChat@Pony-3uorjg.res.rr.com) (Ping timeout: 121 seconds)
[04:28:30] *** Joins: LightningCrash (lightning@Pony-ujgp2k.tcso.qwest.net)
[04:45:01] *** Saxopi is now known as Pi
[04:58:37] *** DinkyDoo is now known as SillyDinkyDoo
[05:01:28] *** Quits: Rarity (raindancer1@theelementofgenerosity) (Quit: )
[05:45:07] *** Quits: Apple_Bloom (sid52418@the.canon.pony) (Ping timeout: 121 seconds)
[05:46:01] *** Quits: SillyDinkyDoo (uid68367@Pony-ro674f.charlton.irccloud.com) (Ping timeout: 121 seconds)
[05:59:23] *** Joins: SillyDinkyDoo (uid68367@Pony-ro674f.charlton.irccloud.com)
[06:17:50] *** DerpyNya is now known as DerpyNeru
[06:44:03] *** Quits: Nedemai (canternet@fluttershy.is.best.pony) (Quit: ZNC - http://znc.in)
[06:44:54] *** Quits: LightningCrash (lightning@property.of.moonlightning) (Quit: The Nightmares will collide. And become a dream. <3)
[06:45:41] *** Joins: QuantumPocket_ (uid71401@Pony-ec6eib.irccloud.com)
[06:48:21] *** Joins: Apple_Bloom (sid52418@the.canon.pony)
[06:58:34] *** Quits: QuantumPocket_ (uid71401@Pony-ec6eib.irccloud.com) (Quit: )
[06:58:54] *** Joins: QuantumPocket_ (uid71401@Pony-un9cbp.charlton.irccloud.com)
[07:06:08] *** RedHelper is now known as Creeps|AFK
[07:15:35] *** Pi is now known as Pi_Shower
[07:22:15] *** Quits: SillyDinkyDoo (uid68367@Pony-ro674f.charlton.irccloud.com) (Quit: Connection closed for inactivity)
[07:24:31] *** Pi_Shower is now known as Pi
[07:43:02] *** QuantumPocket_ is now known as QuantumPocket
[07:52:05] *** Creeps|AFK is now known as RedHelper
[08:07:52] *** Quits: Muffinz (PinkieP@I.am.a.doctor) (Connection closed)
[08:26:29] *** Quits: BronyDee (BronyDee@Pony-t0q.n3p.84.112.IP) (Ping timeout: 121 seconds)
[08:28:06] *** Joins: BronyDee (BronyDee@Pony-t0q.n3p.84.112.IP)
[08:52:55] *** Asis is now known as Esis|Depressantsleep
[09:07:07] *** Quits: Phase (Phase4@Pony-lu48ce.lnk.telstra.net) (Ping timeout: 121 seconds)
[09:43:48] *** Joins: Persona (Tilde@Pony-g8ahnu.res.rr.com)
[10:00:07] *** Joins: Phase (Phase4@Pony-eaplo9.internode.on.net)
[10:19:26] *** Quits: Alcoholicorn|2 (Alcoholicor@Pony-55oq0s.pool.hargray.net) (Quit: )
[11:32:37] *** DerpyNeru is now known as DerpyNya
[11:34:47] *** Quits: Lunia (ellen@ChumPony.Enterprises) (Ping timeout: 121 seconds)
[12:03:45] *** Quits: Pi (Pi@Pony-cmc.3jo.206.112.IP) (Ping timeout: 121 seconds)
[13:14:37] *** Joins: Pi (Pi@Pony-ins.lfv.206.112.IP)
[13:29:51] *** Quits: Persona (Tilde@Pony-g8ahnu.res.rr.com) (Ping timeout: 121 seconds)
[13:35:36] *** Joins: Persona (Tilde@Pony-g8ahnu.res.rr.com)
[13:41:43] *** Joins: Lunia (ellen@ChumPony.Enterprises)
[13:42:31] *** Quits: Persona (Tilde@Pony-g8ahnu.res.rr.com) (Ping timeout: 121 seconds)
[15:25:04] *** Quits: Pi (Pi@Pony-ins.lfv.206.112.IP) (Ping timeout: 121 seconds)
[15:58:13] *** Joins: LightningCrash (lightning@Pony-ujgp2k.tcso.qwest.net)
[16:20:59] *** Joins: Pi (~Mibbit@Pony-9ia.1mp.95.119.IP)
[16:33:05] *** Quits: BronyDee (BronyDee@Pony-t0q.n3p.84.112.IP) (Connection closed)
[16:33:52] *** Joins: BronyDee (BronyDee@Pony-t0q.n3p.84.112.IP)
[16:45:34] *** Joins: Diavelish (WebChat@Pony-82u.9js.34.156.IP)
[16:46:04] *** Diavelish is now known as Pony_48643
[16:46:52] *** Parts: Pony_48643 (WebChat@Pony-82u.9js.34.156.IP) ("")
[16:48:13] *** Joins: CloudChaser (Pegasus@Pony-rl3.hh5.134.187.IP)
[16:51:41] *** Joins: Hellcat (~WebChat@Pony-3uorjg.res.rr.com)
[17:13:02] *** Quits: Pi (~Mibbit@Pony-9ia.1mp.95.119.IP) (Quit: http://www.mibbit.com ajax IRC Client)
[17:15:18] *** Joins: Pi (Mibbit@Pony-9ia.1mp.95.119.IP)
[17:24:22] *** Joins: diavelish (~WebChat@Pony-np8kdm.nb.bellaliant.net)
[17:24:51] *** diavelish is now known as Pony_28603
[17:25:14] *** Quits: Pony_28603 (~WebChat@Pony-np8kdm.nb.bellaliant.net) (Quit: Page closed)
[17:50:36] *** Quits: LightningCrash (lightning@property.of.moonlightning) (Quit: The Nightmares will collide. And become a dream. <3)
[17:58:16] *** Quits: Pi (Mibbit@Pony-9ia.1mp.95.119.IP) (Quit: http://www.mibbit.com ajax IRC Client)
[17:58:49] *** Joins: Pi (Mibbit@Pony-vhp.1mp.95.119.IP)
[18:20:03] *** Quits: Hellcat (~WebChat@Pony-3uorjg.res.rr.com) (Ping timeout: 121 seconds)
[18:29:12] *** DerpyNya is now known as Derpy-imasen
[18:49:22] *** Gigabit is now known as GigaCity
[19:09:34] *** Quits: PeakVolume (k9ldt@Pony-tqvh62.fios.verizon.net) (Ping timeout: 121 seconds)
[19:09:56] *** Joins: PeakVolume (k9ldt@Pony-tqvh62.fios.verizon.net)
[19:21:28] *** Joins: LightningCrash (lightning@Pony-2ev2c5.ph.cox.net)
[19:38:36] *** Quits: PeakVolume (k9ldt@Pony-tqvh62.fios.verizon.net) (Connection closed)
[19:44:29] *** Joins: PeakVolume (k9ldt@Pony-tqvh62.fios.verizon.net)
[20:07:41] *** Quits: LightningCrash (lightning@property.of.moonlightning) (Quit: The Nightmares will collide. And become a dream. <3)
[20:13:47] *** Quits: CloudChaser (Pegasus@Pony-rl3.hh5.134.187.IP) (Quit: TO THE MOON!!!)
[20:28:16] *** ThunderStorm is now known as LightningCrash
[20:46:19] *** Quits: BronyDee (BronyDee@Pony-t0q.n3p.84.112.IP) (Connection closed)
[20:46:45] *** Joins: BronyDee (BronyDee@Pony-t0q.n3p.84.112.IP)
[21:01:47] *** Joins: Inferno (chxhxiwekvz@Pony-i62.8au.10.204.IP)
[21:02:12] *** Parts: Inferno (chxhxiwekvz@Pony-i62.8au.10.204.IP) ()
[21:07:22] *** Rev_CloppingHoof is now known as Chattanooga
[21:09:42] *** Joins: Alcoholicorn (Alcoholicor@Pony-55oq0s.pool.hargray.net)
[21:14:32] *** Quits: Pi (Mibbit@Pony-vhp.1mp.95.119.IP) (Quit: http://www.mibbit.com ajax IRC Client)
[21:37:53] *** Joins: shen (WebChat@Pony-eul.vdj.216.173.IP)
[21:50:26] *** Joins: Pi (Pi@Pony-ins.lfv.206.112.IP)
[22:32:22] *** Joins: Eevee (~WebChat@Pony-gscsnk.res.rr.com)
[22:32:52] *** Eevee is now known as Pony_80066
[22:34:41] *** Quits: shen (WebChat@Pony-eul.vdj.216.173.IP) (Quit: Page closed)
[22:36:59] *** Joins: ThunderStorm (lightning@Pony-2ev2c5.ph.cox.net)
[22:43:02] *** LightningCrash is now known as Cloud_Kicker
[22:43:11] *** ThunderStorm is now known as LightningCrash
[23:04:22] *** Quits: Pi (Pi@Pony-ins.lfv.206.112.IP) (Quit: Lend us 10p for a cuppa tea?)
[23:20:08] *** Joins: lovebubbles (WebChat@Pony-35oeb5.fl.comcast.net)
[23:29:32] *** Parts: lovebubbles (WebChat@Pony-35oeb5.fl.comcast.net) ("")
