[00:16:03] *** Quits: Melanosuchus (quassel@Pony-v0kagn.as13285.net) (Connection closed)
[00:17:57] *** GigaWork is now known as Gigabit
[01:15:31] *** Electron is now known as Electron^Dreamland
[01:30:23] *** Joins: Meadowbrook (WebChat@Pony-djr1ml.range86-170.btcentralplus.com)
[01:32:18] *** Meadowbrook is now known as Radiant_Hope
[01:34:01] *** Pony_51348 is now known as Sakura
[01:41:39] *** Radiant_Hope is now known as Meadowbrook
[01:45:50] *** Parts: Meadowbrook (WebChat@Pony-djr1ml.range86-170.btcentralplus.com) ("")
[01:53:03] *** Gigabit is now known as Soarin
[01:56:53] *** Joins: Zuzu (zuzu@Pony-a345ev.eastlink.ca)
[01:58:41] *** Quits: Zuzu (zuzu@is.robo.licious) (Quit: Blue Sky Fish)
[02:00:53] *** Joins: Zuzu (zuzu@is.robo.licious)
[02:35:21] *** Soarin is now known as Terrabyte
[02:39:33] *** Eventide is now known as Dustrunner
[02:39:56] *** AppleDash is now known as Eventide
[02:40:54] *** Dustrunner is now known as AppleDash
[02:42:29] *** Quits: Zuzu (zuzu@is.robo.licious) (Quit: Blue Sky Fish)
[03:01:31] *** Terrabyte is now known as Gigabit
[03:10:43] *** Joins: Zuzu (zuzu@is.robo.licious)
[03:11:17] *** Quits: Spypone (WebChat@Pony-fbspo3.cable.virginm.net) (Quit: Page closed)
[03:12:54] *** Quits: Zuzu (zuzu@is.robo.licious) (Quit: Blue Sky Fish)
[03:13:23] *** Joins: Zuzu (zuzu@is.robo.licious)
[03:18:32] *** Sour_Sweet is now known as Seoson|BNC
[03:51:58] *** Quits: HyperDash (HyperDash@Pony-pveddk.wa.comcast.net) (A TLS packet with unexpected length was received.)
[04:26:30] *** Joins: HyperDash (HyperDash@Pony-pveddk.wa.comcast.net)
[05:18:36] *** Joins: Marcus (WebChat@Pony-4tjf2m.range86-180.btcentralplus.com)
[05:28:26] *** Quits: Marcus (WebChat@Pony-4tjf2m.range86-180.btcentralplus.com) (Quit: Page closed)
[05:31:07] *** Joins: Alcoholicorn (Alcoholicor@Pony-55oq0s.pool.hargray.net)
[06:12:29] *** Ponka_Po is now known as Pinkie_Pi
[06:55:40] *** Quits: HyperDash (HyperDash@Pony-pveddk.wa.comcast.net) (A TLS packet with unexpected length was received.)
[06:56:58] *** Joins: HyperDash (HyperDash@Pony-pveddk.wa.comcast.net)
[07:01:07] *** Quits: HyperDash (HyperDash@Pony-pveddk.wa.comcast.net) (Ping timeout: 121 seconds)
[07:02:25] *** Joins: HyperDash (HyperDash@Pony-pveddk.wa.comcast.net)
[07:03:06] *** Quits: HyperDash (HyperDash@Pony-pveddk.wa.comcast.net) (Quit: Something amusing. Oh, and probably not enough caffiene.)
[07:08:35] *** Quits: Dusk (Dusk@dusky.horse) (Quit: Sorry, but sometimes people need a break. I'm gonna focus on life for a day or so, cya on the other side!)
[07:50:26] *** Gigabit is now known as Snoarin
[08:34:57] *** Electron^Dreamland is now known as Electron
[09:06:59] *** Joins: Melanosuchus (quassel@Pony-e25fvq.as13285.net)
[09:17:51] *** Joins: Pi (Pi@Pony-8mt.tho.208.112.IP)
[09:42:57] *** Quits: Pi (Pi@Pony-8mt.tho.208.112.IP) (Quit: *lick*)
[10:01:45] *** Quits: Alcoholicorn (Alcoholicor@Pony-55oq0s.pool.hargray.net) (Ping timeout: 121 seconds)
[10:22:30] *** Electron is now known as Electron^Grocery
[11:24:58] *** Quits: _desu_ (sid73031@Pony-k308e2.charlton.irccloud.com) (Connection closed)
[11:27:34] *** Quits: Apple_Bloom (sid52418@the.canon.pony) (Ping timeout: 121 seconds)
[11:27:35] *** Quits: QueenMeanie (sid123896@Pony-b3kbuu.irccloud.com) (Connection closed)
[11:45:46] *** Joins: QueenMeanie (sid123896@Pony-b3kbuu.irccloud.com)
[11:48:47] *** Joins: Apple_Bloom (sid52418@the.canon.pony)
[11:50:35] *** Joins: _desu_ (sid73031@Pony-k308e2.charlton.irccloud.com)
[11:53:41] *** Joins: Hey (WebChat@Pony-6vp.6ob.89.2.IP)
[11:53:45] *** Hey is now known as Matilda
[11:58:33] *** Quits: Matilda (WebChat@Queen.Clever.Girl.FaRi) (Quit: Page closed)
[12:48:47] *** Joins: Dusk (Dusk@dusky.horse)
[12:49:45] *** Dusk is now known as Pixel
[13:00:18] *** Electron^Grocery is now known as Electron
[13:26:11] *** Seoson|BNC is now known as Sour_Sweet|Mobile
[14:01:20] *** Lunia is now known as Lunia_draws
[15:47:55] *** Quits: Zuzu (zuzu@is.robo.licious) (Quit: My MBP went to sleep.)
[15:59:06] *** Joins: Zuzu (zuzu@is.robo.licious)
[16:50:25] *** Sour_Sweet|Mobile is now known as Sour_Sweet
[17:53:24] *** Snoarin is now known as Gigabit
[17:56:18] *** Lunia_draws is now known as Lunia
[18:21:38] *** Joins: Spypone (WebChat@Pony-fbspo3.cable.virginm.net)
[18:32:24] *** Joins: MsBLack (sdds@Pony-faa.fg8.168.78.IP)
[18:32:39] <MsBLack> .
[18:32:54] <MsBLack> .
[18:33:00] <MsBLack> hi
[18:34:00] *** Parts: MsBLack (sdds@Pony-faa.fg8.168.78.IP) ()
[19:19:22] *** Joins: HyperDash (HyperDash@Pony-pveddk.wa.comcast.net)
[20:01:34] *** Joins: Pony_6 (~WebChat@Pony-vrk6b4.tor.primus.ca)
[20:01:47] *** Parts: Pony_6 (~WebChat@Pony-vrk6b4.tor.primus.ca) ("")
[20:21:51] *** Gigabit is now known as Gigaway
[20:49:18] *** Joins: Kyle (f@ntasy)
[20:49:19] *** Parts: Kyle (f@ntasy) ()
[21:17:44] *** Joins: _Dashie_xD (~WebChat@Pony-14h17s.dyn.suddenlink.net)
[21:30:18] *** Quits: _Dashie_xD (~WebChat@Pony-14h17s.dyn.suddenlink.net) (Ping timeout: 121 seconds)
[21:41:51] *** Quits: Zuzu (zuzu@is.robo.licious) (Quit: Blue Sky Fish)
[21:46:39] *** Joins: Zuzu (zuzu@is.robo.licious)
[22:21:29] *** Joins: Alcoholicorn (Alcoholicor@Pony-55oq0s.pool.hargray.net)
[22:28:21] *** AppleDash is now known as Dustrunner
[22:28:32] *** Eventide is now known as AppleDash
[22:28:35] *** Dustrunner is now known as Eventide
[22:41:20] *** Quits: HyperDash (HyperDash@Pony-pveddk.wa.comcast.net) (A TLS packet with unexpected length was received.)
[22:43:23] *** Joins: HyperDash (HyperDash@Pony-pveddk.wa.comcast.net)
[23:21:32] *** Quits: Alcoholicorn (Alcoholicor@Pony-55oq0s.pool.hargray.net) (Ping timeout: 121 seconds)
[23:30:00] *** Quits: Phase (Phase4@Pony-q2igmo.internode.on.net) (Ping timeout: 121 seconds)
[23:38:01] *** Joins: Alcoholicorn (Alcoholicor@Pony-55oq0s.pool.hargray.net)
