[00:03:45] *** Joins: Zuzu (zuzu@Pony-h3t.abk.11.76.IP)
[00:07:51] *** Quits: NellZone (Neutral@Anonlight.Starsarebeautiful) (Quit: RESTARTING)
[00:22:01] *** Quits: Persona (Tilde@Pony-g8ahnu.res.rr.com) (Ping timeout: 121 seconds)
[00:23:00] *** Joins: Lipstick-F- (uid95679@Pony-eg80m7.charlton.irccloud.com)
[00:36:49] *** Joins: Halcyon (Neutral@Anonlight.Starsarebeautiful)
[00:41:07] *** Halcyon is now known as Tranquil_Archive
[01:46:40] *** Phase4 is now known as Phase
[02:01:50] *** Joins: Neutral (Neutral@Anonlight.Starsarebeautiful)
[02:01:56] *** Quits: Tranquil_Archive (Neutral@Anonlight.Starsarebeautiful) (Ping timeout: 121 seconds)
[02:49:56] *** Joins: Gadget (WebChat@Pony-cla.7pb.46.50.IP)
[02:50:14] <Gadget> So many ppl on
[02:58:08] *** Quits: ColtonDRG (coltondrg@ColtonDRG.is.best.pony) (Quit: Rebooting things.)
[03:00:02] *** Joins: Persona (Tilde@Pony-g8ahnu.res.rr.com)
[03:06:36] *** Joins: ColtonDRG (coltondrg@Pony-ok77bs.47h1.ss6r.004b.2602.IP)
[03:26:32] *** Quits: Alcoholicorn (Alcoholicor@Pony-55oq0s.pool.hargray.net) (Quit: )
[03:29:33] *** Joins: Pi (Pi@Pony-e4b.lgb.206.112.IP)
[03:51:53] *** Quits: Neutral (Neutral@Anonlight.Starsarebeautiful) (The TLS connection was non-properly terminated.)
[03:53:31] *** Joins: Neutral (Neutral@Anonlight.Starsarebeautiful)
[04:32:05] *** Quits: DinkyDoo (uid68367@Pony-ro674f.charlton.irccloud.com) (Quit: Connection closed for inactivity)
[04:46:11] *** Quits: Gadget (WebChat@Pony-cla.7pb.46.50.IP) (Quit: Page closed)
[05:56:59] *** Pi is now known as Pi_Lunch
[06:16:38] *** Neutral is now known as Pony_14513
[06:16:49] *** Joins: N3sTlyPhaNtoM (Neutral@Anonlight.Starsarebeautiful)
[06:16:57] *** N3sTlyPhaNtoM is now known as Nelly
[06:17:37] *** Parts: Nelly (Neutral@Anonlight.Starsarebeautiful) ("Because raisins.")
[06:18:39] *** Quits: Pony_14513 (Neutral@Anonlight.Starsarebeautiful) (Ping timeout: 121 seconds)
[06:22:31] *** Pi_Lunch is now known as Pi
[06:26:43] *** Soarin is now known as Anthro_ButterScotch
[07:01:58] *** Joins: Alcoholicorn (Alcoholicor@Pony-55oq0s.pool.hargray.net)
[07:23:50] *** Quits: Alcoholicorn (Alcoholicor@Pony-55oq0s.pool.hargray.net) (Ping timeout: 121 seconds)
[07:46:32] *** Joins: Alcoholicorn (Alcoholicor@Pony-55oq0s.pool.hargray.net)
[08:50:34] *** Quits: Pi (Pi@Pony-e4b.lgb.206.112.IP) (Ping timeout: 121 seconds)
[08:59:34] *** Joins: Pony_3 (WebChat@Pony-lth.7nj.190.180.IP)
[09:15:06] *** Joins: Pi (Pi@Pony-e4b.lgb.206.112.IP)
[09:21:23] *** Quits: Pi (Pi@Pony-e4b.lgb.206.112.IP) (Ping timeout: 121 seconds)
[09:30:37] *** Joins: Pi (Pi@Pony-e4b.lgb.206.112.IP)
[09:36:10] *** Quits: Pi (Pi@Pony-e4b.lgb.206.112.IP) (Ping timeout: 121 seconds)
[09:44:12] *** Joins: Pi (Pi@Pony-e4b.lgb.206.112.IP)
[09:44:33] *** Anthro_ButterScotch is now known as Soarin
[10:14:27] *** RedHelper is now known as Creeps|AFK
[10:22:17] *** Soarin is now known as Gigabit
[10:52:59] <|-e|> I'm old  ;_;
[11:00:19] *** Quits: Phase (Phase4@Pony-0v6nqd.internode.on.net) (Quit: Leaving)
[11:00:34] *** Joins: Phase (Phase4@Pony-0v6nqd.internode.on.net)
[12:09:14] *** Quits: Persona (Tilde@Pony-g8ahnu.res.rr.com) (Ping timeout: 121 seconds)
[12:21:05] *** Quits: Pony_3 (WebChat@Pony-lth.7nj.190.180.IP) (Quit: Page closed)
[12:34:13] *** Pi is now known as Pi_Shower
[12:45:20] *** Quits: Alcoholicorn (Alcoholicor@Pony-55oq0s.pool.hargray.net) (Ping timeout: 121 seconds)
[12:54:15] *** Pi_Shower is now known as Pi
[14:14:54] *** Quits: Seoson (Seoson@pony.kab-s.de) (Quit: Leaving)
[14:15:19] *** Joins: Seoson (Seoson@pony.kab-s.de)
[15:19:05] *** Quits: Pi (Pi@Pony-e4b.lgb.206.112.IP) (Quit: Lend us 10p for a cuppa tea?)
[15:51:58] *** Quits: ColtonDRG (coltondrg@ColtonDRG.is.best.pony) (Ping timeout: 121 seconds)
[15:53:18] *** Joins: ColtonDRG (coltondrg@ColtonDRG.is.best.pony)
[15:59:21] *** Joins: Pony_4 (WebChat@Pony-d69.kr0.185.182.IP)
[16:00:16] *** Joins: Pi (Pi@Pony-e4b.lgb.206.112.IP)
[16:00:53] <Pony_4> anyone here to help?
[16:03:05] *** Quits: Pony_4 (WebChat@Pony-d69.kr0.185.182.IP) (Quit: Page closed)
[16:07:58] *** Joins: SilverSpeed (Pegasus@Pony-d4q.hna.243.177.IP)
[16:09:19] *** Quits: SilverSpeed (Pegasus@Pony-d4q.hna.243.177.IP) (Connection closed)
[16:10:00] *** Joins: SilverSpeed (Pegasus@Pony-d4q.hna.243.177.IP)
[16:55:01] *** Joins: SilverSpeed2 (Pegasus@Pony-d4q.hna.243.177.IP)
[16:55:38] *** Quits: SilverSpeed (Pegasus@Pony-d4q.hna.243.177.IP) (Ping timeout: 121 seconds)
[16:56:22] *** SilverSpeed2 is now known as SilverSpeed
[17:26:23] *** Joins: Tahlorz (rattle@Pony-5pqfvb.ph.cox.net)
[17:43:15] *** Joins: Alcoholicorn (Alcoholicor@Pony-55oq0s.pool.hargray.net)
[18:04:25] <Lunia> I can help :D
[18:34:18] *** Quits: SilverSpeed (Pegasus@Pony-d4q.hna.243.177.IP) (Killed (Celestia (Lost at Russian Roulette.)))
[18:35:00] *** Joins: SilverSpeed (Pegasus@Pony-d4q.hna.243.177.IP)
[18:35:25] *** Parts: Chocolate_Chip (CRL@I.like.ponies.now_Ponies.are.cool) ("Leaving")
[18:41:06] *** Quits: Seoson (Seoson@pony.kab-s.de) (Quit: Finishing update to Jessie ...)
[18:43:38] *** Joins: Seoson (Seoson@pony.kab-s.de)
[18:50:12] *** Creeps|AFK is now known as RedHelper
[19:07:27] *** Quits: Datguy (Datguy@Pony-103.0b1.131.104.IP) (Quit: Cya.)
[19:08:34] *** Joins: Datguy (Datguy@Pony-saoqak.7c6k.qn14.a880.2604.IP)
[19:12:00] *** Joins: DrelvanianGuard (WebChat@Pony-ovsl5k.tx.cebridge.net)
[19:19:14] *** Quits: SilverSpeed (Pegasus@Pony-d4q.hna.243.177.IP) (Ping timeout: 121 seconds)
[19:20:23] *** Joins: SilverSpeed (Pegasus@Pony-d4q.hna.243.177.IP)
[19:37:09] *** Quits: SilverSpeed (Pegasus@Pony-d4q.hna.243.177.IP) (Connection closed)
[19:39:21] *** Joins: SilverSpeed (Pegasus@Pony-d4q.hna.243.177.IP)
[19:44:10] *** Quits: SilverSpeed (Pegasus@Pony-d4q.hna.243.177.IP) (Quit: TO THE MOON!!!)
[19:55:39] *** Quits: DrelvanianGuard (WebChat@Pony-ovsl5k.tx.cebridge.net) (Quit: Page closed)
[19:55:50] *** Joins: DrelvanianGUard (WebChat@Pony-ovsl5k.tx.cebridge.net)
[19:55:54] *** Quits: DrelvanianGUard (WebChat@Pony-ovsl5k.tx.cebridge.net) (Quit: Page closed)
[19:56:10] *** Joins: DrelvanianGuard (WebChat@Pony-ovsl5k.tx.cebridge.net)
[20:16:36] *** Joins: Persona (Tilde@Pony-g8ahnu.res.rr.com)
[20:25:42] *** Quits: Pi (Pi@Pony-e4b.lgb.206.112.IP) (Ping timeout: 121 seconds)
[20:26:35] *** Quits: Persona (Tilde@Pony-g8ahnu.res.rr.com) (Ping timeout: 121 seconds)
[22:03:26] *** Joins: Pi (Pi@Pony-e4b.lgb.206.112.IP)
[22:06:05] *** Joins: Seoson_ (Seoson@pony.kab-s.de)
[22:06:39] *** Quits: Seoson (Seoson@pony.kab-s.de) (Quit: Leaving)
[22:09:12] *** Quits: Pi (Pi@Pony-e4b.lgb.206.112.IP) (Ping timeout: 121 seconds)
[22:09:27] *** Seoson_ is now known as Seoson
[22:11:02] *** Quits: Shutter (tips@sudoku.prevention.hotline) (Ping timeout: 121 seconds)
[22:11:39] *** Quits: DrelvanianGuard (WebChat@Pony-ovsl5k.tx.cebridge.net) (Ping timeout: 121 seconds)
[22:12:09] *** Joins: Shutter (tips@sudoku.prevention.hotline)
[22:12:09] *** Luna sets mode: +ao Shutter Shutter
[22:31:37] *** Joins: DrelvanianGuard (WebChat@Pony-ovsl5k.tx.cebridge.net)
[23:21:47] *** Quits: Shutter (tips@sudoku.prevention.hotline) (Ping timeout: 121 seconds)
[23:23:39] *** Quits: DrelvanianGuard (WebChat@Pony-ovsl5k.tx.cebridge.net) (Quit: Page closed)
[23:23:58] *** Joins: Shutter (tips@sudoku.prevention.hotline)
[23:23:58] *** Luna sets mode: +ao Shutter Shutter
