[00:20:29] *** ELECTRON is now known as Electron
[01:27:44] *** Joins: Alcoholicorn (Alcoholicor@Pony-55oq0s.pool.hargray.net)
[02:31:31] *** Electron is now known as Electron^Sleeping
[03:01:20] *** Sour_Sweet is now known as Seoson|BNC
[03:11:20] *** Joins: Pi (Mibbit@Pony-05j.4vs.204.112.IP)
[03:44:21] *** Quits: Pi (Mibbit@Pony-05j.4vs.204.112.IP) (Quit: http://www.mibbit.com ajax IRC Client)
[03:53:31] *** Joins: Pi (Mibbit@Pony-05j.4vs.204.112.IP)
[04:04:27] *** GigaTown is now known as Gigabit
[05:03:15] *** Quits: Alcoholicorn (Alcoholicor@Pony-55oq0s.pool.hargray.net) (Ping timeout: 121 seconds)
[05:50:50] *** Joins: Pony_6 (WebChat@Pony-shis78.ca.comcast.net)
[05:54:52] *** Quits: Pony_6 (WebChat@Pony-shis78.ca.comcast.net) (Ping timeout: 121 seconds)
[06:36:01] *** Eventide is now known as Eventide|Sleepies
[07:03:55] *** Gigabit is now known as Snoarin
[08:42:59] *** RedHelper is now known as Creeps|AFK
[08:44:31] *** Quits: Phase (Phase4@Pony-lu48ce.lnk.telstra.net) (Ping timeout: 121 seconds)
[08:58:18] *** Gaming_Lunia is now known as Lunia
[09:02:22] *** Quits: Pi (Mibbit@Pony-05j.4vs.204.112.IP) (Quit: http://www.mibbit.com ajax IRC Client)
[09:04:23] *** Joins: Pi (Mibbit@Pony-05j.4vs.204.112.IP)
[10:05:27] *** Joins: Phase (Phase4@Pony-fcsfco.internode.on.net)
[11:01:30] *** Joins: Alcoholicorn (Alcoholicor@Pony-55oq0s.pool.hargray.net)
[11:33:00] *** Quits: Pi (Mibbit@Pony-05j.4vs.204.112.IP) (Quit: http://www.mibbit.com ajax IRC Client)
[12:05:44] *** Joins: olloksolkim (olloksolkim@Pony-7lfpfv.q6lr.dfnq.5600.2607.IP)
[12:21:37] *** Quits: Alcoholicorn (Alcoholicor@Pony-55oq0s.pool.hargray.net) (Ping timeout: 121 seconds)
[12:23:35] *** Joins: wowaname (h@wowana.me)
[12:39:41] *** Seoson|BNC is now known as Sour_Sweet
[12:48:27] *** Joins: Alcoholicorn (Alcoholicor@Pony-55oq0s.pool.hargray.net)
[13:09:42] *** Quits: Alcoholicorn (Alcoholicor@Pony-55oq0s.pool.hargray.net) (Ping timeout: 121 seconds)
[13:41:01] *** Joins: Alcoholicorn (Alcoholicor@Pony-55oq0s.pool.hargray.net)
[14:12:10] *** Joins: Discord_caos (Discord_cao@Pony-1hr.1b8.108.200.IP)
[14:12:10] *** Parts: Discord_caos (Discord_cao@Pony-1hr.1b8.108.200.IP) ()
[15:09:44] *** Eventide|Sleepies is now known as Eventide
[15:23:13] *** Quits: BronyDee (BronyDee@Pony-v87.0od.241.58.IP) (Connection closed)
[15:24:17] *** Joins: BronyDee (BronyDee@Pony-t0q.n3p.84.112.IP)
[15:27:45] *** Quits: Zuzu (zuzu@is.robo.licious) (Ping timeout: 121 seconds)
[15:50:55] *** Snoarin is now known as GigaWork
[16:21:34] *** Electron^Sleeping is now known as Electron
[17:10:50] *** Joins: Phase4 (Phase4@Pony-fkmviv.internode.on.net)
[17:13:57] *** Quits: Phase (Phase4@Pony-fcsfco.internode.on.net) (Ping timeout: 121 seconds)
[17:15:53] *** Joins: ariscop__ (Phase4@Pony-vmucne.internode.on.net)
[17:18:58] *** Quits: Phase4 (Phase4@Pony-fkmviv.internode.on.net) (Ping timeout: 121 seconds)
[17:25:11] *** Joins: AstroSnail (WebChat@Pony-7pmeob.cpe.netcabo.pt)
[17:26:23] *** Quits: AstroSnail (WebChat@Pony-7pmeob.cpe.netcabo.pt) (Quit: Page closed)
[17:30:54] *** Joins: Phase4 (Phase4@Pony-vor5c8.internode.on.net)
[17:34:00] *** Quits: ariscop__ (Phase4@Pony-vmucne.internode.on.net) (Ping timeout: 121 seconds)
[17:41:34] *** Joins: Dani (Dani@Pony-0k6ro8.al.charter.com)
[17:43:33] *** Quits: Pinkie_Pi (Pinkie_Pi@Pony-479fc1.res.rr.com) (Ping timeout: 121 seconds)
[17:51:11] *** Quits: Dani (Dani@Pony-0k6ro8.al.charter.com) (Quit: Bye)
[18:06:28] *** Joins: ariscop__ (Phase4@Pony-k46rdk.internode.on.net)
[18:09:33] *** Quits: Phase4 (Phase4@Pony-vor5c8.internode.on.net) (Ping timeout: 121 seconds)
[18:10:57] *** Joins: Phase4 (Phase4@Pony-3h296u.internode.on.net)
[18:13:56] *** Joins: SilverSpeed (Laty@Pony-9aa.sin.243.177.IP)
[18:14:05] *** Quits: ariscop__ (Phase4@Pony-k46rdk.internode.on.net) (Ping timeout: 121 seconds)
[18:19:35] *** Joins: ariscop__ (Phase4@Pony-ai9r3u.internode.on.net)
[18:21:06] *** Quits: Phase4 (Phase4@Pony-3h296u.internode.on.net) (Ping timeout: 121 seconds)
[18:32:31] *** Joins: Phase4 (Phase4@Pony-7h56lf.internode.on.net)
[18:35:37] *** Quits: ariscop__ (Phase4@Pony-ai9r3u.internode.on.net) (Ping timeout: 121 seconds)
[18:37:35] *** Joins: ariscop__ (Phase4@Pony-l08ebc.internode.on.net)
[18:40:39] *** Quits: Phase4 (Phase4@Pony-7h56lf.internode.on.net) (Ping timeout: 121 seconds)
[18:52:34] *** Quits: Alcoholicorn (Alcoholicor@Pony-55oq0s.pool.hargray.net) (Ping timeout: 121 seconds)
[19:06:36] *** Joins: Phase4 (Phase4@Pony-3blbd2.internode.on.net)
[19:09:43] *** Quits: ariscop__ (Phase4@Pony-l08ebc.internode.on.net) (Ping timeout: 121 seconds)
[19:32:10] *** Joins: ariscop__ (Phase4@Pony-t5m4g0.internode.on.net)
[19:35:16] *** Quits: Phase4 (Phase4@Pony-3blbd2.internode.on.net) (Ping timeout: 121 seconds)
[19:38:38] *** Joins: Alcoholicorn (Alcoholicor@Pony-55oq0s.pool.hargray.net)
[19:45:11] *** Joins: Phase4 (Phase4@Pony-2mqaf4.internode.on.net)
[19:48:17] *** Quits: ariscop__ (Phase4@Pony-t5m4g0.internode.on.net) (Ping timeout: 121 seconds)
[19:52:45] *** Joins: ariscop__ (Phase4@Pony-8richb.internode.on.net)
[19:55:49] *** Quits: Phase4 (Phase4@Pony-2mqaf4.internode.on.net) (Ping timeout: 121 seconds)
[20:17:46] *** Joins: Phase4 (Phase4@Pony-tpr2uj.internode.on.net)
[20:20:51] *** Quits: ariscop__ (Phase4@Pony-8richb.internode.on.net) (Ping timeout: 121 seconds)
[20:38:46] *** Quits: Phase4 (Phase4@Pony-tpr2uj.internode.on.net) (Quit: Leaving)
[20:39:02] *** Joins: Phase (Phase4@Pony-tpr2uj.internode.on.net)
[20:43:22] *** Quits: Phase (Phase4@Pony-tpr2uj.internode.on.net) (Ping timeout: 121 seconds)
[20:44:01] *** Joins: Phase (Phase4@Pony-o116l0.internode.on.net)
[20:45:52] *** Quits: ColtonDRG (coltondrg@Pony-brenjv.vmmm.u7jq.9880.2605.IP) (Connection closed)
[20:50:32] *** Joins: ColtonDRG (coltondrg@ColtonDRG.is.best.pony)
[21:25:41] *** Joins: Pinkie_Pi (Pinkie_Pi@Pony-479fc1.res.rr.com)
[21:30:46] <Pinkie_Pi> wow, I got my store credit from Enterplay
[21:30:57] <Pinkie_Pi> for GenCon, I totally forgot about it
[21:35:47] *** Quits: SilverSpeed (Laty@Pony-9aa.sin.243.177.IP) (Quit: TO THE MOON!!!)
[22:04:25] <Pinkie_Pi> oh, wrong chat lol
[23:48:24] *** Joins: Zuzu (zuzu@is.robo.licious)
