[00:07:36] *** Joins: Alcoholicorn (Alcoholicor@Pony-55oq0s.pool.hargray.net)
[01:03:21] *** Quits: Alcoholicorn (Alcoholicor@Pony-55oq0s.pool.hargray.net) (Ping timeout: 121 seconds)
[01:13:12] *** Midnight_Lilly is now known as namelessDrone9683
[01:18:48] *** Joins: Personifire (Tilde@Pony-v72r8a.res.rr.com)
[01:19:45] *** Quits: Persona (Tilde@Pony-09ihv7.78km.c1tq.6000.2605.IP) (Ping timeout: 121 seconds)
[01:20:07] *** Personifire is now known as Persona
[02:01:27] *** namelessDrone9683 is now known as Midnight_Lilly
[02:53:33] *** Joins: MichaelXX2_ (MichaelXX2@Pony-1h6.o6q.211.209.IP)
[02:55:46] *** Quits: MichaelXX2 (MichaelXX2@Pony-1h6.o6q.211.209.IP) (Ping timeout: 121 seconds)
[04:04:51] *** Quits: PonyHospital (WebChat@Pony-4qm97n.sndgca.sbcglobal.net) (Quit: Page closed)
[04:54:58] *** Quits: Phase (Phase4@Pony-ua3ve9.internode.on.net) (Ping timeout: 121 seconds)
[04:57:57] *** Quits: Caerdwyn (caepone@always.broken.sometimes.patched.never.fixed) (Quit: Terminated.)
[05:19:17] *** Joins: Phase (Phase4@Pony-d9rtg7.internode.on.net)
[05:49:20] *** Quits: Lapsus (Lapsus@i-forget.ca) (Ping timeout: 121 seconds)
[05:49:30] *** Eventide is now known as Eventide|Sleepies
[05:49:35] *** Joins: Lapsus (Lapsus@i-forget.ca)
[05:52:00] *** Quits: Phase (Phase4@Pony-d9rtg7.internode.on.net) (A TLS packet with unexpected length was received.)
[05:52:49] *** Joins: Phase (Phase4@Pony-d9rtg7.internode.on.net)
[06:12:20] *** Joins: faust649 (androirc@Pony-2a396o.fidnet.com)
[06:14:00] *** Quits: faust649 (androirc@Pony-2a396o.fidnet.com) (Quit: Bye Bye)
[07:19:43] *** Joins: Pony_5 (~WebChat@Pony-dmntds.res.rr.com)
[08:06:07] *** Quits: Pony_5 (~WebChat@Pony-dmntds.res.rr.com) (Quit: Page closed)
[09:42:56] *** Joins: Cyan_Spark (Cyan_Spark@Pony-vubide.singnet.com.sg)
[09:49:13] *** gigaway is now known as Gigabit
[09:55:11] *** Quits: Cyan_Spark (Cyan_Spark@Pony-vubide.singnet.com.sg) (Quit: Manecut)
[10:14:13] *** Joins: Pi (Pi@Pony-3d8.hiq.208.112.IP)
[10:49:31] *** Quits: Pi (Pi@Pony-3d8.hiq.208.112.IP) (Quit: *lick*)
[11:12:00] *** Joins: MichaelXX2 (MichaelXX2@Pony-1h6.o6q.211.209.IP)
[11:14:52] *** Quits: MichaelXX2_ (MichaelXX2@Pony-1h6.o6q.211.209.IP) (Ping timeout: 121 seconds)
[12:36:44] *** Quits: Phase (Phase4@Pony-d9rtg7.internode.on.net) (Quit: Leaving)
[12:36:57] *** Joins: Phase (Phase4@Pony-d9rtg7.internode.on.net)
[13:04:53] *** Joins: Pi (Pi@Pony-3d8.hiq.208.112.IP)
[13:10:47] *** Joins: Brasif (kvirc@Pony-itnhni.fbx.proxad.net)
[13:20:01] *** Quits: Brasif (kvirc@Pony-itnhni.fbx.proxad.net) (Ping timeout: 121 seconds)
[13:40:18] *** Joins: Alcoholicorn (Alcoholicor@Pony-55oq0s.pool.hargray.net)
[13:52:41] *** Eventide|Sleepies is now known as Eventide
[14:11:15] *** Joins: Brasif (kvirc@Pony-itnhni.fbx.proxad.net)
[14:23:53] *** Midnight_Lilly is now known as PassedOutTired
[14:45:38] *** Joins: Zuzu (zuzu@is.robo.licious)
[15:42:19] *** Quits: Alcoholicorn (Alcoholicor@Pony-55oq0s.pool.hargray.net) (Ping timeout: 121 seconds)
[15:51:48] *** Quits: Brasif (kvirc@Pony-itnhni.fbx.proxad.net) (Quit: So long and thanks for all the fish!)
[16:05:08] *** Quits: Pi (Pi@Pony-3d8.hiq.208.112.IP) (Connection closed)
[16:05:23] *** Joins: Pi (Pi@Pony-3d8.hiq.208.112.IP)
[16:47:29] *** Joins: Alcoholicorn (Alcoholicor@Pony-55oq0s.pool.hargray.net)
[17:03:32] *** Quits: PassedOutTired (uid68367@Pony-iqpu60.ealing.irccloud.com) (Quit: Connection closed for inactivity)
[17:17:48] *** Quits: Pi (Pi@Pony-3d8.hiq.208.112.IP) (Connection closed)
[17:43:19] *** Joins: Latios (Laty@Pony-9aa.sin.243.177.IP)
[18:43:38] *** Joins: Hooria (Hooria@Pony-iih.dt4.55.39.IP)
[18:49:55] *** Quits: Hooria (Hooria@Pony-iih.dt4.55.39.IP) (Quit: http://www.kiwiirc.com/ - A hand crafted IRC client)
[18:50:12] *** Joins: Hooria (Hooria@Pony-iih.dt4.55.39.IP)
[18:50:27] *** Quits: Zuzu (zuzu@is.robo.licious) (Quit: My Mac has gone to sleep. ZZZzzz…)
[18:53:09] *** Quits: Hooria (Hooria@Pony-iih.dt4.55.39.IP) (Quit: http://www.kiwiirc.com/ - A hand crafted IRC client)
[19:35:22] *** Joins: PassedOutTired (uid68367@Pony-iqpu60.ealing.irccloud.com)
[19:39:41] *** PassedOutTired is now known as Midnight_Lilly
[19:44:18] *** Joins: Pony_2 (~WebChat@Pony-38j8of.res.rr.com)
[19:44:45] *** Quits: Pony_2 (~WebChat@Pony-38j8of.res.rr.com) (Quit: Page closed)
[19:57:12] *** Quits: BronyDee (BronyDee@Pony-t0q.n3p.84.112.IP) (Connection closed)
[21:21:44] *** Quits: Alcoholicorn (Alcoholicor@Pony-55oq0s.pool.hargray.net) (Ping timeout: 121 seconds)
[21:33:05] *** Quits: Lunia (ellen@ChumPony.Enterprises) (Connection closed)
[21:33:55] *** Joins: Lunia (ellen@ChumPony.Enterprises)
[21:42:42] *** Joins: Alcoholicorn (Alcoholicor@Pony-55oq0s.pool.hargray.net)
[22:03:42] *** Quits: Phase (Phase4@Pony-d9rtg7.internode.on.net) (Ping timeout: 121 seconds)
[22:11:27] *** Quits: Latios (Laty@Pony-9aa.sin.243.177.IP) (Connection closed)
[22:43:35] *** Quits: Midnight_Lilly (uid68367@Pony-iqpu60.ealing.irccloud.com) (Quit: Connection closed for inactivity)
[22:59:51] *** Joins: Phase (Phase4@Pony-lu48ce.lnk.telstra.net)
[23:10:01] *** Joins: Zuzu (zuzu@is.robo.licious)
[23:23:56] *** Gigabit is now known as gigaway
[23:46:17] *** Joins: Citrio (~WebChat@Pony-shis78.ca.comcast.net)
[23:46:46] *** Citrio is now known as Pony_1558
[23:47:59] *** Pony_1558 is now known as Citrio
[23:48:29] *** Citrio is now known as Pony_20090
[23:49:03] *** Pony_20090 is now known as ace
[23:49:33] *** ace is now known as Pony_98759
[23:50:54] *** Quits: Pony_98759 (~WebChat@Pony-shis78.ca.comcast.net) (Quit: Page closed)
[23:52:27] *** Joins: Pony_4 (~WebChat@Pony-shis78.ca.comcast.net)
[23:56:29] *** Pony_4 is now known as Citrio
