[00:06:25] *** Quits: Zuzu (zuzu@is.robo.licious) (Ping timeout: 121 seconds)
[00:07:23] *** Joins: Zuzu (zuzu@is.robo.licious)
[00:08:46] *** Quits: Melanosuchus (quassel@Pony-d0p.fqb.205.213.IP) (Connection closed)
[00:31:14] *** Quits: Alcoholicorn (Alcoholicor@Pony-55oq0s.pool.hargray.net) (Ping timeout: 121 seconds)
[00:32:48] *** Quits: Zuzu (zuzu@is.robo.licious) (Ping timeout: 121 seconds)
[00:34:02] *** Joins: Zuzu (zuzu@Pony-a345ev.eastlink.ca)
[01:01:48] *** Quits: Zuzu (zuzu@is.robo.licious) (Ping timeout: 121 seconds)
[01:03:15] *** Joins: Zuzu (zuzu@is.robo.licious)
[01:14:43] *** Quits: Zuzu (zuzu@is.robo.licious) (Ping timeout: 121 seconds)
[01:16:15] *** Joins: Zuzu (zuzu@is.robo.licious)
[01:27:49] *** Quits: Zuzu (zuzu@is.robo.licious) (Ping timeout: 121 seconds)
[01:29:09] *** Joins: Zuzu (zuzu@is.robo.licious)
[01:31:55] *** Electron is now known as Electron^Gaming
[01:38:27] *** Quits: Zuzu (zuzu@is.robo.licious) (Ping timeout: 121 seconds)
[01:39:37] *** Joins: Zuzu (zuzu@is.robo.licious)
[01:41:14] *** Vega is now known as Gigaway
[02:17:25] *** Joins: Alcoholicorn (Alcoholicor@Pony-55oq0s.pool.hargray.net)
[02:30:09] *** Quits: Zuzu (zuzu@is.robo.licious) (Ping timeout: 121 seconds)
[02:31:04] *** Joins: Zuzu (zuzu@is.robo.licious)
[03:44:30] *** Quits: Alcoholicorn (Alcoholicor@Pony-55oq0s.pool.hargray.net) (Quit: )
[04:00:59] *** Electron^Gaming is now known as Electron
[04:01:57] *** Quits: Sour_Sweet (Seoson@pony.kab-s.de) (Ping timeout: 121 seconds)
[04:10:18] *** Joins: Seoson (Seoson@pony.kab-s.de)
[04:29:29] *** Quits: Zuzu (zuzu@is.robo.licious) (Ping timeout: 121 seconds)
[04:30:39] *** Quits: Lapsus (Lapsus@i-forget.ca) (Connection closed)
[04:30:52] *** Joins: Zuzu (zuzu@is.robo.licious)
[04:35:42] *** Joins: Lapsus (Lapsus@i-forget.ca)
[05:04:54] *** Seoson is now known as Seoson|BNC
[05:09:16] *** Joins: PeakVolu1e (k9ldt@Pony-tqvh62.fios.verizon.net)
[05:10:38] *** Quits: PeakVolume (k9ldt@Pony-tqvh62.fios.verizon.net) (Ping timeout: 121 seconds)
[06:34:55] *** Joins: MichaelXX2_ (MichaelXX2@Pony-1h6.o6q.211.209.IP)
[06:36:08] *** Quits: MichaelXX2 (MichaelXX2@Pony-1h6.o6q.211.209.IP) (Ping timeout: 121 seconds)
[06:38:05] *** Gigaway is now known as Gigabit
[07:40:29] *** Joins: Persona (Tilde@Pony-g8ahnu.res.rr.com)
[07:53:59] *** Gigabit is now known as Snoarin
[07:54:27] *** Eventide is now known as Eventide|Sleepies
[08:19:47] *** Joins: Melanosuchus (quassel@Pony-f5d8tn.as13285.net)
[08:22:19] *** Joins: Kaserek (WebChat@Pony-fei.3hr.230.83.IP)
[08:41:16] *** Quits: Kaserek (WebChat@Pony-fei.3hr.230.83.IP) (Quit: Page closed)
[08:48:38] *** Lunia_Creating is now known as Lunia
[08:55:27] *** Quits: Phase (Phase4@Pony-lu48ce.lnk.telstra.net) (Quit: Leaving)
[09:21:47] *** Quits: Melanosuchus (quassel@Pony-f5d8tn.as13285.net) (Connection closed)
[09:58:54] *** Joins: Phase (Phase4@Pony-7c5tb0.internode.on.net)
[10:03:19] *** Joins: rizon234233 (323464@Pony-4jb.pmv.252.187.IP)
[10:04:05] <rizon234233> #the14
[10:04:47] *** Parts: rizon234233 (323464@Pony-4jb.pmv.252.187.IP) ()
[10:09:49] *** Quits: Phase (Phase4@Pony-7c5tb0.internode.on.net) (Quit: Leaving)
[10:11:11] *** Joins: Phase (Phase4@Pony-7c5tb0.internode.on.net)
[12:09:24] *** Joins: MichaelXX2 (MichaelXX2@Pony-1h6.o6q.211.209.IP)
[12:09:42] *** Quits: Phase (Phase4@Pony-7c5tb0.internode.on.net) (Ping timeout: 121 seconds)
[12:10:06] *** Joins: Phase (Phase4@Pony-7c5tb0.internode.on.net)
[12:12:17] *** Quits: MichaelXX2_ (MichaelXX2@Pony-1h6.o6q.211.209.IP) (Ping timeout: 121 seconds)
[12:50:09] *** Seoson|BNC is now known as Sour_Sweet
[14:18:17] *** Joins: Pi (Pi@Pony-8if.3se.208.112.IP)
[14:33:57] *** Joins: TomodaShi (~WebChat@Pony-55u.4pv.166.217.IP)
[14:34:30] *** Quits: TomodaShi (~WebChat@Pony-55u.4pv.166.217.IP) (Quit: Page closed)
[14:48:47] *** Quits: Zuzu (zuzu@is.robo.licious) (Ping timeout: 121 seconds)
[14:50:08] *** Joins: Zuzu (zuzu@is.robo.licious)
[15:03:27] *** Quits: Lunia (ellen@ChumPony.Enterprises) (Quit: Konversation terminated!)
[15:09:47] *** Joins: Lunia (ellen@ChumPony.Enterprises)
[15:17:58] *** Quits: Zuzu (zuzu@is.robo.licious) (Ping timeout: 121 seconds)
[15:19:05] *** Joins: Zuzu (zuzu@is.robo.licious)
[15:31:36] *** Sour_Sweet is now known as Sour_Sweet|Mobile
[15:46:26] *** Quits: Zuzu (zuzu@is.robo.licious) (Ping timeout: 121 seconds)
[15:47:50] *** Joins: Zuzu (zuzu@is.robo.licious)
[16:11:10] *** Quits: Zuzu (zuzu@is.robo.licious) (Ping timeout: 121 seconds)
[16:12:50] *** Joins: Zuzu (zuzu@is.robo.licious)
[16:16:38] *** Joins: Alcoholicorn (Alcoholicor@Pony-55oq0s.pool.hargray.net)
[16:19:25] *** Quits: Zuzu (zuzu@is.robo.licious) (Ping timeout: 121 seconds)
[16:34:20] *** Quits: Lunia (ellen@ChumPony.Enterprises) (Quit: Konversation terminated!)
[17:26:42] *** Eventide|Sleepies is now known as Eventide
[17:30:06] *** Quits: Pi (Pi@Pony-8if.3se.208.112.IP) (Quit: *lick*)
[17:30:21] *** Joins: kaserek (WebChat@Pony-ne4njo.lupro.net)
[17:46:23] *** Quits: kaserek (WebChat@Pony-ne4njo.lupro.net) (Quit: Page closed)
[18:03:45] *** Joins: LordShadowWing (LordShadowW@Pony-meil2p.machlink.com)
[18:18:42] *** Quits: LordShadowWing (LordShadowW@Pony-meil2p.machlink.com) (Quit: Leaving)
[18:22:15] *** Snoarin is now known as GigaWalk
[18:25:20] *** Joins: LordShadowWing (LordShadowW@Pony-meil2p.machlink.com)
[18:45:29] *** Sour_Sweet|Mobile is now known as Sour_Sweet
[18:59:44] *** Quits: Alcoholicorn (Alcoholicor@Pony-55oq0s.pool.hargray.net) (Ping timeout: 121 seconds)
[19:03:35] *** Joins: Lunia (ellen@ChumPony.Enterprises)
[19:13:13] *** GigaWalk is now known as Gigabit
[19:33:19] *** Joins: Alcoholicorn (Alcoholicor@Pony-55oq0s.pool.hargray.net)
[20:02:22] *** Gigabit is now known as Gigaway
[20:12:41] *** Joins: Melanosuchus (quassel@Pony-jvimu1.as13285.net)
[20:34:40] *** Quits: LordShadowWing (LordShadowW@Pony-meil2p.machlink.com) (Quit: Leaving)
[20:46:05] *** Quits: Phase (Phase4@Pony-7c5tb0.internode.on.net) (Ping timeout: 121 seconds)
[20:55:17] *** Quits: Alcoholicorn (Alcoholicor@Pony-55oq0s.pool.hargray.net) (Ping timeout: 121 seconds)
[20:56:24] *** Joins: Alcoholicorn (Alcoholicor@Pony-55oq0s.pool.hargray.net)
[21:11:51] *** Quits: Alcoholicorn (Alcoholicor@Pony-55oq0s.pool.hargray.net) (Ping timeout: 121 seconds)
[21:28:51] *** Joins: Alcoholicorn (Alcoholicor@Pony-55oq0s.pool.hargray.net)
[21:32:52] *** Joins: Dusk (Dusk@dusky.horse)
[21:33:50] *** Joins: Toothpaste (uid63062@Pony-jogq8d.ealing.irccloud.com)
[21:57:21] *** Joins: LordShadowWing (LordShadowW@Pony-meil2p.machlink.com)
[22:01:53] *** Joins: Phase (Phase4@Pony-lu48ce.lnk.telstra.net)
[22:07:39] *** Quits: LordShadowWing (LordShadowW@Pony-meil2p.machlink.com) (Quit: Leaving)
[22:08:14] *** Joins: LordShadowWing (LordShadowW@Pony-meil2p.machlink.com)
[22:19:31] *** Quits: Electron (Miranda@Pony-g2bqrn.is74.ru) (Connection closed)
[22:20:58] *** Joins: Tomsuth (Tomsuth@Pony-an3a9d.dyn.plus.net)
[22:21:05] *** PeakVolu1e is now known as PeakVolume
[22:21:31] *** PeakVolume is now known as PeakVolu1e
[22:21:37] *** Parts: Tomsuth (Tomsuth@Pony-an3a9d.dyn.plus.net) ()
[22:21:47] *** PeakVolu1e is now known as PeakVolume
[22:33:21] *** Quits: LordShadowWing (LordShadowW@Pony-meil2p.machlink.com) (Quit: Leaving)
[22:33:48] *** Joins: LordShadowWing (LordShadowW@Pony-meil2p.machlink.com)
[22:44:11] *** Joins: nightbot (vinylderpy@Pony-o0c.56l.50.70.IP)
[22:45:02] *** Quits: firestream (vinylderpy@Pony-boh2us.dsl.bell.ca) (Ping timeout: 121 seconds)
[22:50:55] *** Quits: LordShadowWing (LordShadowW@Pony-meil2p.machlink.com) (Quit: Leaving)
[23:05:45] *** Joins: Electron (Miranda@Pony-g2bqrn.is74.ru)
[23:22:25] * Dusk claps for Colgate
[23:23:09] *** Joins: Zuzu (zuzu@is.robo.licious)
[23:23:37] <Sour_Sweet> With his cuttiemark ... what a disappointment for our race :D
[23:23:45] <Sour_Sweet> cutiemark*
[23:25:25] <Sour_Sweet> Congratulations everypony non the less!
[23:27:59] *** Quits: Zuzu (zuzu@is.robo.licious) (Quit: Textual IRC Client: www.textualapp.com)
[23:32:52] *** Joins: Zuzu (zuzu@is.robo.licious)
[23:46:38] *** Quits: Zuzu (zuzu@is.robo.licious) (Ping timeout: 121 seconds)
[23:47:53] *** Joins: Zuzu (zuzu@is.robo.licious)
[23:51:21] *** Quits: Apple_Bloom (sid52418@the.canon.pony) (Connection closed)
[23:55:32] *** Quits: Zuzu (zuzu@is.robo.licious) (Ping timeout: 121 seconds)
[23:57:01] *** Joins: Zuzu (zuzu@is.robo.licious)
