[00:01:15] *** Joins: Alcoholicorn|2 (Alcoholicor@Pony-55oq0s.pool.hargray.net)
[00:02:25] *** Quits: Alcoholicorn (Alcoholicor@Pony-55oq0s.pool.hargray.net) (Ping timeout: 121 seconds)
[00:23:03] *** Joins: DinkyHooves (uid68367@Pony-a9rfc0.hqe2.tdoh.8300.2604.IP)
[00:43:05] *** Ponka_Po is now known as Pinkie_Pi
[01:02:06] *** GigabitPony is now known as GigaWork
[01:07:59] *** Joins: Zuzu (zuzu@is.robo.licious)
[01:42:19] *** Quits: Alcoholicorn|2 (Alcoholicor@Pony-55oq0s.pool.hargray.net) (Ping timeout: 121 seconds)
[01:57:06] *** Joins: LightningCrash (lightning@Pony-blfskf.tcso.qwest.net)
[02:22:16] *** Joins: Alcoholicorn|2 (Alcoholicor@Pony-55oq0s.pool.hargray.net)
[02:22:23] <Rylee> k
[02:22:23] <Twili> be worth bookmarking, then, so you don't end up having to search for it later...I think *Trots off to find a book*
[02:58:16] *** Quits: LightningCrash (lightning@property.of.moonlightning) (Ping timeout: 121 seconds)
[03:05:32] *** Joins: LightningCrash (lightning@Pony-blfskf.tcso.qwest.net)
[03:07:39] *** Joins: Pi (Mibbit@Pony-s91.e9n.53.122.IP)
[03:14:51] *** Carrot_Top is now known as Nell
[03:39:39] *** Quits: Alcoholicorn|2 (Alcoholicor@Pony-55oq0s.pool.hargray.net) (Ping timeout: 121 seconds)
[04:23:28] *** Quits: DinkyHooves (uid68367@Pony-a9rfc0.hqe2.tdoh.8300.2604.IP) (Quit: Connection closed for inactivity)
[04:38:37] *** GigaWork is now known as RainbowBlitz
[04:43:14] *** Quits: Pi (Mibbit@Pony-s91.e9n.53.122.IP) (Quit: http://www.mibbit.com ajax IRC Client)
[04:46:22] *** Joins: Dani (Dani@Pony-0k6ro8.al.charter.com)
[04:58:26] *** RainbowBlitz is now known as GigaWalk
[05:00:38] *** Quits: Dani (Dani@Pony-0k6ro8.al.charter.com) (Quit: Bye)
[05:21:55] *** GigaWalk is now known as Gigabit
[05:26:40] *** Joins: Phase4 (Phase4@Pony-b9grq3.internode.on.net)
[05:28:02] *** Quits: Phase (Phase4@Pony-ktom0n.internode.on.net) (Ping timeout: 121 seconds)
[06:05:31] *** Joins: Pony_3 (WebChat@Pony-cqm79a.pools.spcsdns.net)
[06:07:03] *** Quits: Pony_3 (WebChat@Pony-cqm79a.pools.spcsdns.net) (Quit: Page closed)
[06:52:18] *** Quits: Zuzu (zuzu@is.robo.licious) (Ping timeout: 121 seconds)
[07:02:44] *** Joins: Alcoholicorn|2 (Alcoholicor@Pony-55oq0s.pool.hargray.net)
[07:08:46] *** Quits: Alcoholicorn|2 (Alcoholicor@Pony-55oq0s.pool.hargray.net) (Ping timeout: 121 seconds)
[07:18:20] *** Quits: LightningCrash (lightning@property.of.moonlightning) (Connection closed)
[07:40:20] *** Eventide is now known as Eventide|Sleepies
[07:49:51] *** Gigabit is now known as gigazzz
[08:10:11] *** Joins: LightningCrash (lightning@Pony-3k9.eck.99.184.IP)
[08:10:44] *** LightningCrash is now known as Pony_24890
[08:53:46] *** Phase4 is now known as Phase
[09:06:29] *** Quits: Persona (Tilde@Pony-vg3ut5.78km.c1tq.6000.2605.IP) (Connection closed)
[09:06:56] *** Joins: Persona (Tilde@Pony-vg3ut5.78km.c1tq.6000.2605.IP)
[09:30:24] *** Quits: Pony_24890 (lightning@property.of.moonlightning) (Quit: The Nightmares will collide. And become a dream. <3)
[09:56:30] *** Joins: Pi (Mibbit@Pony-tr3.e9n.53.122.IP)
[10:24:46] *** Quits: Phase (Phase4@Pony-b9grq3.internode.on.net) (Quit: Leaving)
[10:25:51] *** Joins: Phase (Phase4@Pony-b9grq3.internode.on.net)
[10:30:23] *** Quits: Phase (Phase4@Pony-b9grq3.internode.on.net) (A TLS packet with unexpected length was received.)
[10:33:13] *** Joins: Alcoholicorn|2 (Alcoholicor@Pony-55oq0s.pool.hargray.net)
[10:36:28] *** Joins: Phase (Phase4@Pony-b9grq3.internode.on.net)
[10:48:35] *** Quits: Phase (Phase4@Pony-b9grq3.internode.on.net) (A TLS packet with unexpected length was received.)
[10:53:29] *** Joins: Phase (Phase4@Pony-b9grq3.internode.on.net)
[10:58:47] *** Quits: Phase (Phase4@Pony-b9grq3.internode.on.net) (Quit: Leaving)
[11:05:28] *** Joins: Phase (Phase4@Pony-b9grq3.internode.on.net)
[11:44:34] *** Quits: Phase (Phase4@Pony-b9grq3.internode.on.net) (Quit: Leaving)
[11:46:20] *** Joins: Phase (Phase4@Pony-b9grq3.internode.on.net)
[11:49:40] *** Quits: Alcoholicorn|2 (Alcoholicor@Pony-55oq0s.pool.hargray.net) (Ping timeout: 121 seconds)
[11:56:44] *** Quits: Phase (Phase4@Pony-b9grq3.internode.on.net) (A TLS packet with unexpected length was received.)
[12:07:18] *** Joins: Alcoholicorn|2 (Alcoholicor@Pony-55oq0s.pool.hargray.net)
[12:12:50] *** Joins: Phase (Phase4@Pony-b9grq3.internode.on.net)
[12:14:38] *** Quits: Phase (Phase4@Pony-b9grq3.internode.on.net) (A TLS packet with unexpected length was received.)
[12:21:14] *** Quits: Pi (Mibbit@Pony-tr3.e9n.53.122.IP) (Quit: http://www.mibbit.com ajax IRC Client)
[12:24:49] *** Joins: Pi (Mibbit@Pony-tr3.e9n.53.122.IP)
[12:25:49] *** Joins: Phase (Phase4@Pony-b9grq3.internode.on.net)
[12:30:18] *** Quits: Phase (Phase4@Pony-b9grq3.internode.on.net) (Quit: Leaving)
[12:32:55] *** Quits: Red_M (potato@Pony-4pa04c.red-m.net) (Quit: |)
[12:32:57] *** Joins: Red_M (potato@Pony-4pa04c.red-m.net)
[12:35:38] *** Joins: Phase (Phase4@Pony-b9grq3.internode.on.net)
[12:50:05] *** Quits: Pi (Mibbit@Pony-tr3.e9n.53.122.IP) (Quit: http://www.mibbit.com ajax IRC Client)
[12:55:32] *** Joins: Zuzu (zuzu@is.robo.licious)
[13:23:34] *** Joins: Sticky_ (ADDA@Pony-aes1bn.wa.comcast.net)
[13:24:32] *** Quits: Nell (Carrot_Top@Anonlight.Starsarebeautiful) (Ping timeout: 121 seconds)
[13:24:54] *** Joins: Colgate_ (rabbit@brushie.horse)
[13:24:54] *** Luna sets mode: +ao Colgate_ Colgate_
[13:25:00] *** Joins: Carrot_Top (Carrot_Top@Anon.Theroleplaypony.Starlight)
[13:25:05] *** Quits: Colgate (rabbit@brushie.horse) (Ping timeout: 121 seconds)
[13:26:27] *** Quits: Sticky (ADDA@allthe.time) (Ping timeout: 121 seconds)
[13:28:29] *** Joins: DinkyHooves (uid68367@Pony-iqpu60.ealing.irccloud.com)
[13:30:51] *** Eventide|Sleepies is now known as Eventide
[14:08:44] *** Quits: Moonlightning (blackl@property.of.lightningcrash) (Connection closed)
[14:09:30] *** Joins: Starthunder (blackl@property.of.lightningcrash)
[14:17:31] *** Quits: Alcoholicorn|2 (Alcoholicor@Pony-55oq0s.pool.hargray.net) (Ping timeout: 121 seconds)
[14:34:02] *** Joins: Alcoholicorn|2 (Alcoholicor@Pony-55oq0s.pool.hargray.net)
[14:37:46] *** Joins: Pi (Pi@Pony-6nt.9lp.208.112.IP)
[14:44:39] *** Quits: Pi (Pi@Pony-6nt.9lp.208.112.IP) (Quit: *lick*)
[14:44:41] *** Joins: Saxopi (Mibbit@Pony-6nt.9lp.208.112.IP)
[14:44:59] *** Quits: Alcoholicorn|2 (Alcoholicor@Pony-55oq0s.pool.hargray.net) (Ping timeout: 121 seconds)
[14:45:35] *** Quits: Saxopi (Mibbit@Pony-6nt.9lp.208.112.IP) (Quit: http://www.mibbit.com ajax IRC Client)
[14:45:57] *** Joins: Pi (Pi@Pony-6nt.9lp.208.112.IP)
[14:47:57] *** Joins: Alcoholicorn|2 (Alcoholicor@Pony-55oq0s.pool.hargray.net)
[15:08:00] *** Quits: Alcoholicorn|2 (Alcoholicor@Pony-55oq0s.pool.hargray.net) (Ping timeout: 121 seconds)
[15:35:11] *** Quits: Persona (Tilde@Pony-vg3ut5.78km.c1tq.6000.2605.IP) (Connection closed)
[15:46:55] *** Joins: Pony_0 (~WebChat@Pony-bio.gcv.152.192.IP)
[15:48:18] *** Quits: Pony_0 (~WebChat@Pony-bio.gcv.152.192.IP) (Quit: Page closed)
[16:02:03] *** Quits: nnnn20430 (nnnn20430@mindcraft.si.eu.org) (The TLS connection was non-properly terminated.)
[16:02:23] *** Joins: Alcoholicorn|2 (Alcoholicor@Pony-55oq0s.pool.hargray.net)
[16:03:03] *** Joins: nnnn20430 (nnnn20430@mindcraft.si.eu.org)
[16:07:15] *** Quits: Alcoholicorn|2 (Alcoholicor@Pony-55oq0s.pool.hargray.net) (Ping timeout: 121 seconds)
[16:37:20] *** Joins: CivilisedChangeling (WebChat@Pony-3da.hbp.221.90.IP)
[16:48:57] *** Joins: Meowstic (Pegasus@Pony-9aa.sin.243.177.IP)
[16:52:06] *** Parts: CivilisedChangeling (WebChat@Pony-3da.hbp.221.90.IP) ("")
[16:53:02] *** Joins: CivilisedChangeling (WebChat@Pony-3da.hbp.221.90.IP)
[16:53:08] <CivilisedChangeling> HYPE
[16:53:40] *** Quits: Zuzu (zuzu@is.robo.licious) (Ping timeout: 121 seconds)
[16:55:40] *** Joins: Zuzu (zuzu@is.robo.licious)
[16:56:21] *** Quits: CivilisedChangeling (WebChat@Pony-3da.hbp.221.90.IP) (Quit: Page closed)
[17:03:28] *** Quits: DinkyHooves (uid68367@Pony-iqpu60.ealing.irccloud.com) (Quit: Connection closed for inactivity)
[17:25:57] *** Joins: Alcoholicorn|2 (Alcoholicor@Pony-55oq0s.pool.hargray.net)
[17:27:34] *** Joins: RattleMan (rattle@Pony-n6kr4p.ph.cox.net)
[17:27:52] *** RattleMan is now known as Tahlorz
[17:29:24] *** Quits: Zuzu (zuzu@is.robo.licious) (Ping timeout: 121 seconds)
[17:51:59] *** Joins: LightningCrash (lightning@Pony-blfskf.tcso.qwest.net)
[18:00:17] *** Carrot_Top is now known as Nell
[18:07:32] *** Joins: TheFloppyFish (TheFloppyFi@Pony-102bfm.24js.f9nr.a000.2605.IP)
[18:14:23] *** Joins: DinkyHooves (uid68367@Pony-iqpu60.ealing.irccloud.com)
[18:24:56] *** Quits: Pi (Pi@Pony-6nt.9lp.208.112.IP) (Quit: *lick*)
[18:28:37] *** Nell is now known as Halcyon_Starlight
[18:31:45] *** Meowstic is now known as CloudChaser
[18:43:53] *** CloudChaser is now known as Meowstic
[18:52:43] *** Halcyon_Starlight is now known as Nell
[18:54:54] *** Joins: Toothpaste (uid63062@Pony-jogq8d.ealing.irccloud.com)
[19:05:11] *** Quits: Tahlorz (rattle@Pony-n6kr4p.ph.cox.net) (Quit: )
[19:11:04] *** gigazzz is now known as Gigabit
[19:19:47] *** Quits: Alcoholicorn|2 (Alcoholicor@Pony-55oq0s.pool.hargray.net) (Ping timeout: 121 seconds)
[19:21:31] *** Nell is now known as Nelly
[19:40:49] *** Joins: Persona (Tilde@Pony-1cvld9.78km.c1tq.6000.2605.IP)
[19:51:07] *** Joins: Zuzu (zuzu@Pony-3eecki.eastlink.ca)
[20:10:45] *** Quits: Zuzu (zuzu@is.robo.licious) (Ping timeout: 121 seconds)
[20:12:36] *** Joins: Zuzu (zuzu@is.robo.licious)
[20:15:41] *** Colgate_ is now known as Colgate
[20:19:50] *** Quits: TheFloppyFish (TheFloppyFi@Pony-102bfm.24js.f9nr.a000.2605.IP) (Connection closed)
[20:25:43] *** Joins: TheFloppyFish (TheFloppyFi@Pony-85hnbe.res.rr.com)
[20:51:55] *** Nelly is now known as Nully
[21:10:13] *** Toothpaste is now known as Toothie|LawnMowing
[21:11:42] *** Joins: arandano (WebChat@Pony-n6q.omk.7.190.IP)
[21:15:34] *** Quits: arandano (WebChat@Pony-n6q.omk.7.190.IP) (Quit: Page closed)
[21:21:50] *** Joins: gAngSterS117_ (WebChat@Pony-77pkoa.clta.globetrotter.net)
[21:23:28] *** Quits: DinkyHooves (uid68367@Pony-iqpu60.ealing.irccloud.com) (Quit: Connection closed for inactivity)
[21:29:36] *** Quits: gAngSterS117_ (WebChat@Pony-77pkoa.clta.globetrotter.net) (Quit: Page closed)
[21:30:46] *** Quits: LightningCrash (lightning@property.of.moonlightning) (Quit: The Nightmares will collide. And become a dream. <3)
[21:42:54] *** Toothie|LawnMowing is now known as Toothie|BrokenMower
[21:45:49] *** Quits: Meowstic (Pegasus@Pony-9aa.sin.243.177.IP) (Quit: TO THE MOON!!!)
[21:45:55] *** Quits: TheFloppyFish (TheFloppyFi@Pony-85hnbe.res.rr.com) (Connection closed)
[21:50:07] *** Joins: TheFlopp_ (TheFloppyFi@Pony-85hnbe.res.rr.com)
[21:51:14] *** Quits: TheFlopp_ (TheFloppyFi@Pony-85hnbe.res.rr.com) (Connection closed)
[21:54:22] *** Toothie|BrokenMower is now known as Toothpaste
[22:03:10] *** Joins: Alcoholicorn|2 (Alcoholicor@Pony-55oq0s.pool.hargray.net)
[22:11:15] *** Quits: Zuzu (zuzu@is.robo.licious) (Ping timeout: 121 seconds)
[22:12:45] *** Joins: Zuzu (zuzu@is.robo.licious)
[22:27:47] *** Quits: Alcoholicorn|2 (Alcoholicor@Pony-55oq0s.pool.hargray.net) (Ping timeout: 121 seconds)
[22:40:05] *** Joins: Kaserek (WebChat@Pony-ne4njo.lupro.net)
[22:57:27] *** Quits: Zuzu (zuzu@is.robo.licious) (Ping timeout: 121 seconds)
[23:08:31] *** Quits: Kaserek (WebChat@Pony-ne4njo.lupro.net) (Ping timeout: 121 seconds)
[23:16:30] *** Joins: Zuzu (zuzu@is.robo.licious)
[23:18:23] *** Joins: LightningCrash (lightning@Pony-blfskf.tcso.qwest.net)
[23:44:01] *** Quits: Toothpaste (uid63062@Pony-jogq8d.ealing.irccloud.com) (Quit: I died. Whoops.)
