[00:01:31] *** Quits: nnnn20430 (nnnn20430@mindcraft.si.eu.org) (The TLS connection was non-properly terminated.)
[00:02:30] *** Quits: Melanosuchus (quassel@Pony-vj1146.as13285.net) (Connection closed)
[00:23:09] *** Seoson is now known as Sour_Sweet
[00:33:04] *** GigabitPony is now known as Gigabit
[00:33:36] *** Joins: nnnn20430 (nnnn20430@mindcraft.si.eu.org)
[00:39:24] *** Joins: HyperDash (HyperDash@Pony-pveddk.wa.comcast.net)
[00:40:44] *** Quits: HyperDash (HyperDash@Pony-pveddk.wa.comcast.net) (Quit: Something amusing. Oh, and probably not enough caffiene.)
[00:44:29] *** Joins: WildSoft (WildSoft@Pony-oe7.h37.13.193.IP)
[01:02:40] *** Joins: HyperDash (HyperDash@Pony-pveddk.wa.comcast.net)
[01:22:37] *** Quits: Alcoholicorn (Alcoholicor@Pony-55oq0s.pool.hargray.net) (Ping timeout: 121 seconds)
[01:53:14] *** Joins: Alcoholicorn (Alcoholicor@Pony-55oq0s.pool.hargray.net)
[02:30:13] *** Gigabit is now known as Gigaway
[02:45:21] *** HyperDash is now known as HyperSleep
[02:53:16] *** Quits: WildSoft (WildSoft@Pony-oe7.h37.13.193.IP) (Ping timeout: 121 seconds)
[02:53:48] *** Electron is now known as Electron^Napping
[02:54:39] *** Joins: WildSoft (WildSoft@Pony-oe7.h37.13.193.IP)
[02:54:52] *** Gigaway is now known as Vega
[03:20:47] *** Quits: Alcoholicorn (Alcoholicor@Pony-55oq0s.pool.hargray.net) (Ping timeout: 121 seconds)
[03:34:20] *** Quits: HyperSleep (HyperDash@Pony-pveddk.wa.comcast.net) (A TLS packet with unexpected length was received.)
[03:36:35] *** Joins: HyperSleep (HyperDash@Pony-pveddk.wa.comcast.net)
[03:37:29] *** Sour_Sweet is now known as Sour_Sweet|BNC
[03:40:49] *** Joins: Alcoholicorn (Alcoholicor@Pony-55oq0s.pool.hargray.net)
[04:10:33] *** HyperSleep is now known as aha
[04:10:41] *** aha is now known as HyperSleep
[04:31:39] *** Joins: Saxopi (Pi@Pony-poh.d17.95.119.IP)
[04:31:53] *** Quits: Saxopi (Pi@Pony-poh.d17.95.119.IP) (Connection closed)
[04:35:09] *** Joins: Saxopi (Pi@Pony-poh.d17.95.119.IP)
[04:42:27] *** Saxopi is now known as Pi
[04:44:10] *** Quits: HyperSleep (HyperDash@Pony-pveddk.wa.comcast.net) (A TLS packet with unexpected length was received.)
[04:44:13] *** Joins: HyperSleep (HyperDash@Pony-pveddk.wa.comcast.net)
[05:51:13] *** Joins: EquestrianGuard9 (~WebChat@Pony-s5q.3pp.170.166.IP)
[05:51:43] *** EquestrianGuard9 is now known as Pony_84432
[05:52:05] *** Quits: Pony_84432 (~WebChat@Pony-s5q.3pp.170.166.IP) (Quit: Page closed)
[05:53:49] *** Joins: EquestrianGuard9 (WebChat@Pony-s5q.3pp.170.166.IP)
[05:58:50] *** Quits: EquestrianGuard9 (WebChat@Pony-s5q.3pp.170.166.IP) (Ping timeout: 121 seconds)
[07:52:55] *** Quits: HyperSleep (HyperDash@Pony-pveddk.wa.comcast.net) (Quit: Something amusing. Oh, and probably not enough caffiene.)
[08:04:35] *** Quits: Pi (Pi@Pony-poh.d17.95.119.IP) (Quit: *lick*)
[08:17:44] *** Quits: Phase (Phase4@Pony-lu48ce.lnk.telstra.net) (Ping timeout: 121 seconds)
[08:32:54] *** Joins: Melanosuchus (quassel@Pony-vj1146.as13285.net)
[08:34:57] *** Quits: Persona (Tilde@Pony-g8ahnu.res.rr.com) (Connection closed)
[08:46:45] *** Electron^Napping is now known as Electron
[08:53:10] *** Eventide is now known as Eventide|Sleepies
[09:21:44] *** Joins: Phase (Phase4@Pony-slr419.internode.on.net)
[09:25:38] *** Quits: Melanosuchus (quassel@Pony-vj1146.as13285.net) (Connection closed)
[09:42:48] *** Joins: Pi (Pi@Pony-poh.d17.95.119.IP)
[09:46:27] *** Quits: KhorneFlakes (Claymation@Pony-ahs.r6a.156.69.IP) (Ping timeout: 121 seconds)
[10:11:56] *** Quits: Electron (Miranda@Pony-ftqggu.is74.ru) (Quit: Bye.)
[10:40:46] *** Quits: Alcoholicorn (Alcoholicor@Pony-55oq0s.pool.hargray.net) (Ping timeout: 121 seconds)
[10:55:03] *** Joins: Alcoholicorn (Alcoholicor@Pony-55oq0s.pool.hargray.net)
[12:24:58] *** Quits: Alcoholicorn (Alcoholicor@Pony-55oq0s.pool.hargray.net) (Quit: )
[12:29:40] *** Quits: Phase (Phase4@Pony-slr419.internode.on.net) (Ping timeout: 121 seconds)
[12:32:03] *** Quits: Pi (Pi@Pony-poh.d17.95.119.IP) (Ping timeout: 121 seconds)
[12:45:52] *** Quits: TecknoJock (TecknoJock@TecknoJock) (Ping timeout: 121 seconds)
[12:47:03] *** Joins: TecknoJock (TecknoJock@TecknoJock)
[13:25:28] *** Joins: Phase (Phase4@Pony-slr419.internode.on.net)
[13:50:26] *** Quits: RedHelper (RedHelper@The.Pony.That.Makes.You.Smile) (Ping timeout: 121 seconds)
[13:59:29] *** Quits: Vega (Gigabit@Bazinga) (Ping timeout: 121 seconds)
[14:00:27] *** Joins: GigabitPony (Gigabit@Bazinga)
[14:00:57] *** Joins: RedHelper (RedHelper@The.Pony.That.Makes.You.Smile)
[14:03:04] *** Joins: Electron (Miranda@Pony-he37r1.is74.ru)
[14:07:41] *** Joins: Cyan_Spark (Cyan_Spark@incidental.unicorn.Cyan_Spark)
[14:24:45] *** Sour_Sweet|BNC is now known as Sour_Sweet
[14:26:56] *** Joins: WildSoft_ (WildSoft@Pony-9tei06.bredband.comhem.se)
[14:59:48] *** Quits: Phase (Phase4@Pony-slr419.internode.on.net) (Connection closed)
[15:32:02] *** Joins: Pi (Pi@Pony-poh.d17.95.119.IP)
[15:33:03] *** Quits: Pi (Pi@Pony-poh.d17.95.119.IP) (Connection closed)
[15:33:15] *** GigabitPony is now known as GigaWork
[15:33:19] *** Joins: Pi (Pi@Pony-poh.d17.95.119.IP)
[15:47:42] *** Eventide|Sleepies is now known as Eventidez
[15:47:50] *** Eventidez is now known as Eventide
[16:04:47] *** Quits: WildSoft (WildSoft@Pony-oe7.h37.13.193.IP) (Quit: has left)
[16:04:48] *** WildSoft_ is now known as WildSoft
[16:16:50] *** Quits: Cyan_Spark (Cyan_Spark@incidental.unicorn.Cyan_Spark) (Quit: Sparks only last so long)
[16:19:03] *** Joins: corkfuse (corkfuse@Pony-ceu1nk.EMOME-IP.hinet.net)
[16:31:08] <corkfuse> Hi, what is the #gupshupcorner?
[16:31:48] *** Joins: Pony_2 (WebChat@Pony-o7kpi9.dynamic.sbb.rs)
[16:31:59] *** Quits: Pony_2 (WebChat@Pony-o7kpi9.dynamic.sbb.rs) (Quit: Page closed)
[16:32:58] *** Joins: Persona (Tilde@Pony-g8ahnu.res.rr.com)
[16:38:55] *** Quits: Pi (Pi@Pony-poh.d17.95.119.IP) (Ping timeout: 121 seconds)
[16:47:52] *** Joins: corkfuse_ (corkfuse@Pony-89s.q6i.8.101.IP)
[16:48:37] *** Quits: corkfuse (corkfuse@corkfuse) (Ping timeout: 121 seconds)
[16:49:11] *** Quits: corkfuse_ (corkfuse@Pony-89s.q6i.8.101.IP) (Quit: Bye)
[16:49:21] *** Joins: corkfuse (corkfuse@corkfuse)
[17:01:49] *** Joins: Pi (Pi@Pony-poh.d17.95.119.IP)
[17:05:38] *** Quits: Pi (Pi@Pony-poh.d17.95.119.IP) (Connection closed)
[17:05:49] *** Joins: Pi (Pi@Pony-poh.d17.95.119.IP)
[17:31:59] *** Joins: HyperDash (HyperDash@Pony-pveddk.wa.comcast.net)
[18:00:56] *** Joins: Melanosuchus (quassel@Pony-vj1146.as13285.net)
[18:03:03] *** Electron is now known as Electron^SprucesUp
[18:29:31] *** Quits: corkfuse (corkfuse@corkfuse) (Quit: Sleeping)
[18:44:04] *** Electron^SprucesUp is now known as Electron
[18:57:37] *** Quits: Pi (Pi@Pony-poh.d17.95.119.IP) (Ping timeout: 121 seconds)
[19:07:24] *** Joins: Pi (Pi@Pony-poh.d17.95.119.IP)
[19:25:13] *** Quits: HyperDash (HyperDash@Pony-pveddk.wa.comcast.net) (Quit: Something amusing. Oh, and probably not enough caffiene.)
[19:38:32] *** Quits: Pi (Pi@Pony-poh.d17.95.119.IP) (Quit: *lick*)
[20:07:24] *** Quits: Electron (Miranda@Pony-he37r1.is74.ru) (Connection closed)
[20:07:37] *** Joins: Electron (Miranda@Pony-he37r1.is74.ru)
[20:12:55] *** Joins: Blood_red (~WebChat@Pony-g6mufh.dyn.estpak.ee)
[20:14:53] *** Quits: Blood_red (~WebChat@Pony-g6mufh.dyn.estpak.ee) (Quit: Page closed)
[20:15:32] *** Joins: bloodred (WebChat@Pony-g6mufh.dyn.estpak.ee)
[20:17:14] *** Quits: Electron (Miranda@Pony-he37r1.is74.ru) (Quit: Bye.)
[20:20:05] *** Joins: KhorneFlakes (Claymation@Pony-ahs.r6a.156.69.IP)
[20:50:19] *** Joins: HyperDash (HyperDash@Pony-pveddk.wa.comcast.net)
[20:57:14] *** Joins: texasboykc09 (texasboykc0@vampire.bat.nest)
[20:59:04] *** Quits: pony_123 (texasboykc0@vampire.bat.nest) (Ping timeout: 121 seconds)
[21:15:37] *** Sour_Sweet is now known as Sour_Sweet|Away
[22:10:32] *** Quits: HyperDash (HyperDash@Pony-pveddk.wa.comcast.net) (A TLS packet with unexpected length was received.)
[22:20:32] *** Joins: HyperDash (HyperDash@Pony-pveddk.wa.comcast.net)
[22:37:13] *** Quits: HyperDash (HyperDash@Pony-pveddk.wa.comcast.net) (Quit: Something amusing. Oh, and probably not enough caffiene.)
[22:47:40] *** Quits: Caerdwyn (caepone@always.broken.sometimes.patched.finally.fixed) (Quit: So done.)
[23:08:42] *** Joins: Caerdwyn (caepone@always.broken.sometimes.patched.finally.fixed)
[23:34:21] *** Quits: bloodred (WebChat@Pony-g6mufh.dyn.estpak.ee) (Quit: Page closed)
