[00:13:37] *** Dusk|Sleep is now known as Dusk
[00:16:11] <Colgate|Bronycan> it is a lobby channel, sometimes things happen, but usually not!
[00:24:12] *** Vega is now known as GigaTown
[00:26:41] *** Halcyon_Starlight is now known as Null
[00:26:50] *** Nelly is now known as Nully
[00:32:33] *** Joins: Persona (Tilde@Pony-8kfpnm.78km.c1tq.6000.2605.IP)
[00:39:20] *** DinkyDoo is now known as GunpowderFiesta
[00:45:26] *** Quits: Alcoholicorn (Alcoholicor@Pony-55oq0s.pool.hargray.net) (Ping timeout: 121 seconds)
[01:00:17] *** Quits: Nully (Halcyon@Anonlight.Starsarebeautiful) (Ping timeout: 121 seconds)
[01:01:08] *** Joins: Alcoholicorn (Alcoholicor@Pony-55oq0s.pool.hargray.net)
[01:02:35] *** GunpowderFiesta is now known as DinkyDoo
[01:15:40] *** Joins: Pi (Pi@Pony-0hm.5cm.208.112.IP)
[01:34:07] *** Quits: PeakVolu1e (k9ldt@Pony-tqvh62.fios.verizon.net) (Quit: Bah!)
[01:34:17] *** Joins: PeakVolume (k9ldt@Pony-tqvh62.fios.verizon.net)
[01:45:31] *** Quits: Persona (Tilde@Pony-8kfpnm.78km.c1tq.6000.2605.IP) (Connection closed)
[01:55:40] *** Joins: Persona (Tilde@Pony-he0hki.78km.c1tq.6000.2605.IP)
[02:08:38] *** Joins: Personifire (Tilde@Pony-54qlb1.78km.c1tq.6000.2605.IP)
[02:09:02] *** Quits: Persona (Tilde@Pony-he0hki.78km.c1tq.6000.2605.IP) (Ping timeout: 121 seconds)
[02:11:08] *** Quits: Personifire (Tilde@Pony-54qlb1.78km.c1tq.6000.2605.IP) (Connection closed)
[02:11:31] *** Joins: Personifire (Tilde@Pony-54qlb1.78km.c1tq.6000.2605.IP)
[02:18:07] *** Joins: Person (Tilde@Pony-rv5ml1.78km.c1tq.6000.2605.IP)
[02:19:51] *** Quits: Personifire (Tilde@Pony-54qlb1.78km.c1tq.6000.2605.IP) (Ping timeout: 121 seconds)
[02:22:09] *** Quits: Person (Tilde@Pony-rv5ml1.78km.c1tq.6000.2605.IP) (Ping timeout: 121 seconds)
[02:25:11] *** Joins: Persona (Tilde@Pony-v72r8a.res.rr.com)
[02:25:51] *** Quits: Pi (Pi@Pony-0hm.5cm.208.112.IP) (Connection closed)
[02:28:17] *** Joins: Pi (Pi@Pony-0hm.5cm.208.112.IP)
[02:28:43] *** GigaTown is now known as GigAFK
[02:32:19] *** Quits: Pi (Pi@Pony-0hm.5cm.208.112.IP) (Ping timeout: 121 seconds)
[03:09:11] *** Quits: Zuzu (zuzu@is.robo.licious) (Ping timeout: 121 seconds)
[03:10:23] *** Joins: Zuzu (zuzu@is.robo.licious)
[03:20:14] *** Joins: texasboykc09 (texasboykc0@the.texas.alicorn)
[03:23:00] *** Quits: pony_123 (texasboykc0@the.texas.alicorn) (Ping timeout: 121 seconds)
[03:27:57] *** Dusk is now known as Dusk|Work
[03:28:28] *** Joins: Nully (Halcyon@Anonlight.Starsarebeautiful)
[03:29:35] *** Null is now known as Halcyon_Starlight
[03:29:40] *** Halcyon_Starlight is now known as CanniSoda
[03:29:44] *** CanniSoda is now known as Halcyon_Starlight
[03:30:10] *** Nully is now known as CanniSoda
[03:32:29] *** Quits: Zuzu (zuzu@is.robo.licious) (Connection closed)
[03:33:13] *** Quits: Alcoholicorn (Alcoholicor@Pony-55oq0s.pool.hargray.net) (Ping timeout: 121 seconds)
[03:37:18] *** Halcyon_Starlight is now known as Pony_43795
[03:37:55] *** Pony_43795 is now known as Halcyon_Starlight
[03:39:22] *** Joins: Alcoholicorn (Alcoholicor@Pony-55oq0s.pool.hargray.net)
[03:45:54] *** Quits: Alcoholicorn (Alcoholicor@Pony-55oq0s.pool.hargray.net) (Ping timeout: 121 seconds)
[03:58:36] *** CanniSoda is now known as Nelly
[04:02:29] *** Joins: Zuzu (zuzu@is.robo.licious)
[04:27:11] *** Halcyon_Starlight is now known as Nell
[04:42:01] *** GigAFK is now known as Gigabit
[05:32:29] *** Joins: Alcoholicorn (Alcoholicor@Pony-55oq0s.pool.hargray.net)
[05:39:00] *** Creeps|AFK is now known as RedHelper
[05:45:02] *** Joins: Pi (Pi@Pony-2oa.k9k.208.112.IP)
[05:53:26] *** Quits: DinkyDoo (uid68367@Pony-iqpu60.ealing.irccloud.com) (Quit: Connection closed for inactivity)
[05:59:33] *** Quits: Lunia_Dusker (ellen@ChumPony.Enterprises) (Quit: Konversation terminated!)
[06:23:46] *** Joins: Saxopi (Pi@Pony-2oa.k9k.208.112.IP)
[06:23:47] *** Joins: LightningCrash (lightning@Pony-bal.gi8.129.65.IP)
[06:23:54] *** Quits: Pi (Pi@Pony-2oa.k9k.208.112.IP) (Ping timeout: 121 seconds)
[06:34:50] *** Saxopi is now known as Pi
[06:36:05] *** Joins: Saxopi (Pi@Pony-2oa.k9k.208.112.IP)
[06:36:55] *** Joins: Lunia (ellen@ChumPony.Enterprises)
[06:39:18] *** Quits: Pi (Pi@Pony-2oa.k9k.208.112.IP) (Ping timeout: 121 seconds)
[06:40:17] *** Saxopi is now known as Pi
[07:24:18] *** Joins: Lunia2 (ellen@Pony-di5.pu7.73.87.IP)
[07:24:18] *** Quits: Lunia (ellen@ChumPony.Enterprises) (Connection closed)
[07:25:26] *** Quits: Pi (Pi@Pony-2oa.k9k.208.112.IP) (Ping timeout: 121 seconds)
[07:30:31] *** TheJoy is now known as Asis
[07:38:40] *** Quits: Twili (Twili@Twilights.Study) (cadance.canternet.org chrysalis.canternet.org)
[07:38:40] *** Quits: Colgate|Bronycan (rabbit@brushie.horse) (cadance.canternet.org chrysalis.canternet.org)
[07:38:40] *** Quits: RedHelper (RedHelper@The.Pony.That.Makes.You.Smile) (cadance.canternet.org chrysalis.canternet.org)
[07:38:40] *** Quits: Bigcheese (bigcheese@Pony-7fkiot.otakukingdom.com) (cadance.canternet.org chrysalis.canternet.org)
[07:38:40] *** Quits: GumballCrash (GumballCras@0.to.pony.10secondsflat) (cadance.canternet.org chrysalis.canternet.org)
[07:38:40] *** Quits: MichaelXX2 (MichaelXX2@Pony-1h6.o6q.211.209.IP) (cadance.canternet.org chrysalis.canternet.org)
[07:38:40] *** Quits: Googie (Googol@gnaws.on.keratin.and.ears) (cadance.canternet.org chrysalis.canternet.org)
[07:38:40] *** Quits: Gigabit (Gigabit@the.girly.colt) (cadance.canternet.org chrysalis.canternet.org)
[07:38:40] *** Quits: TSparkle3395 (TSparkle339@Owner.ARBronyRadio.com) (cadance.canternet.org chrysalis.canternet.org)
[07:38:40] *** Quits: Persona (Tilde@Pony-v72r8a.res.rr.com) (cadance.canternet.org chrysalis.canternet.org)
[07:38:40] *** Quits: Nell (Carrot_Top@Anon.Theroleplaypony.Starlight) (cadance.canternet.org chrysalis.canternet.org)
[07:38:40] *** Quits: ThunderStorm (lightning@property.of.moonlightning) (cadance.canternet.org chrysalis.canternet.org)
[07:38:40] *** Quits: PeakVolume (k9ldt@Pony-tqvh62.fios.verizon.net) (cadance.canternet.org chrysalis.canternet.org)
[07:38:40] *** Quits: klaxa (klaxa@Pony-1kuq6f.eu) (cadance.canternet.org chrysalis.canternet.org)
[07:38:57] *** Joins: Nell (Carrot_Top@Anon.Theroleplaypony.Starlight)
[07:38:57] *** Joins: Bigcheese (bigcheese@Pony-7fkiot.otakukingdom.com)
[07:38:57] *** Joins: MichaelXX2 (MichaelXX2@Pony-1h6.o6q.211.209.IP)
[07:38:57] *** Joins: Persona (Tilde@Pony-v72r8a.res.rr.com)
[07:38:57] *** Joins: GumballCrash (GumballCras@0.to.pony.10secondsflat)
[07:38:57] *** Joins: TSparkle3395 (TSparkle339@Owner.ARBronyRadio.com)
[07:38:57] *** Joins: Twili (Twili@Twilights.Study)
[07:38:57] *** Joins: Googie (Googol@gnaws.on.keratin.and.ears)
[07:38:57] *** Joins: klaxa (klaxa@Pony-1kuq6f.eu)
[07:38:57] *** Joins: PeakVolume (k9ldt@Pony-tqvh62.fios.verizon.net)
[07:38:57] *** Joins: RedHelper (RedHelper@The.Pony.That.Makes.You.Smile)
[07:38:57] *** Joins: Colgate|Bronycan (rabbit@brushie.horse)
[07:38:57] *** Joins: Gigabit (Gigabit@the.girly.colt)
[07:38:57] *** Joins: ThunderStorm (lightning@property.of.moonlightning)
[07:38:57] *** chrysalis.canternet.org sets mode: +voao Twili Googie Colgate|Bronycan Colgate|Bronycan
[07:48:19] *** Joins: Pony_6 (WebChat@Pony-j6sb74.mi.comcast.net)
[07:48:36] <Pony_6> derp
[07:48:39] <Pony_6> derp
[07:48:40] <Pony_6> derp
[07:48:46] <Pony_6> derp
[07:48:48] <Pony_6> derp
[07:48:52] <Pony_6> derp
[07:48:54] <Pony_6> derp
[07:48:55] <Pony_6> derp
[07:49:09] <Pony_6> shit my bad
[07:49:24] <Pony_6> was supposed to be a pm to myself. Thesting cometihng
[07:49:34] <Pony_6> o///o
[08:03:40] *** Nell is now known as Null
[08:05:35] *** Nelly is now known as Nelly|Tires
[08:16:22] *** Joins: Pi (Pi@Pony-sof.rd7.208.112.IP)
[08:31:00] *** Quits: LightningCrash (lightning@property.of.moonlightning) (Quit: The Nightmares will collide. And become a dream. <3)
[08:42:47] *** Quits: Pi (Pi@Pony-sof.rd7.208.112.IP) (Connection closed)
[08:43:03] *** Joins: Pi (Pi@Pony-sof.rd7.208.112.IP)
[08:49:22] <Electron> let's punish him
[08:49:25] <Electron> :3
[08:53:24] *** Quits: Pony_6 (WebChat@Pony-j6sb74.mi.comcast.net) (Ping timeout: 121 seconds)
[08:54:13] *** Quits: Nelly|Tires (Halcyon@Anonlight.Starsarebeautiful) (Ping timeout: 121 seconds)
[08:55:46] *** RedHelper is now known as RedHelper[NLR]
[08:55:50] *** Quits: Pi (Pi@Pony-sof.rd7.208.112.IP) (Connection closed)
[08:56:07] *** Joins: Pi (Pi@Pony-sof.rd7.208.112.IP)
[09:12:57] *** Joins: DinkyDoo (uid68367@Pony-iqpu60.ealing.irccloud.com)
[09:38:15] *** RedHelper[NLR] is now known as Creeps|AFK
[09:40:40] *** Joins: Pony_4 (WebChat@Pony-j6sb74.mi.comcast.net)
[09:41:20] *** Quits: Pony_4 (WebChat@Pony-j6sb74.mi.comcast.net) (Quit: Page closed)
[09:52:08] *** Quits: Alcoholicorn (Alcoholicor@Pony-55oq0s.pool.hargray.net) (Ping timeout: 121 seconds)
[10:48:54] *** Lunia2 is now known as Lunia
[11:30:11] *** Quits: Persona (Tilde@Pony-v72r8a.res.rr.com) (Ping timeout: 121 seconds)
[12:01:00] *** Quits: Twili (Twili@Twilights.Study) (cadance.canternet.org chrysalis.canternet.org)
[12:01:00] *** Quits: Colgate|Bronycan (rabbit@brushie.horse) (cadance.canternet.org chrysalis.canternet.org)
[12:01:00] *** Quits: Bigcheese (bigcheese@Pony-7fkiot.otakukingdom.com) (cadance.canternet.org chrysalis.canternet.org)
[12:01:00] *** Quits: GumballCrash (GumballCras@0.to.pony.10secondsflat) (cadance.canternet.org chrysalis.canternet.org)
[12:01:00] *** Quits: Pi (Pi@Pony-sof.rd7.208.112.IP) (cadance.canternet.org chrysalis.canternet.org)
[12:01:00] *** Quits: MichaelXX2 (MichaelXX2@Pony-1h6.o6q.211.209.IP) (cadance.canternet.org chrysalis.canternet.org)
[12:01:00] *** Quits: Googie (Googol@gnaws.on.keratin.and.ears) (cadance.canternet.org chrysalis.canternet.org)
[12:01:00] *** Quits: Gigabit (Gigabit@the.girly.colt) (cadance.canternet.org chrysalis.canternet.org)
[12:01:00] *** Quits: TSparkle3395 (TSparkle339@Owner.ARBronyRadio.com) (cadance.canternet.org chrysalis.canternet.org)
[12:01:00] *** Quits: ThunderStorm (lightning@property.of.moonlightning) (cadance.canternet.org chrysalis.canternet.org)
[12:01:01] *** Quits: PeakVolume (k9ldt@Pony-tqvh62.fios.verizon.net) (cadance.canternet.org chrysalis.canternet.org)
[12:01:01] *** Quits: Creeps|AFK (RedHelper@The.Pony.That.Makes.You.Smile) (cadance.canternet.org chrysalis.canternet.org)
[12:01:01] *** Quits: Null (Carrot_Top@Anon.Theroleplaypony.Starlight) (cadance.canternet.org chrysalis.canternet.org)
[12:01:01] *** Quits: klaxa (klaxa@Pony-1kuq6f.eu) (cadance.canternet.org chrysalis.canternet.org)
[12:01:27] *** Joins: Null (Carrot_Top@Anon.Theroleplaypony.Starlight)
[12:01:27] *** Joins: Bigcheese (bigcheese@Pony-7fkiot.otakukingdom.com)
[12:01:27] *** Joins: MichaelXX2 (MichaelXX2@Pony-1h6.o6q.211.209.IP)
[12:01:27] *** Joins: GumballCrash (GumballCras@0.to.pony.10secondsflat)
[12:01:27] *** Joins: TSparkle3395 (TSparkle339@Owner.ARBronyRadio.com)
[12:01:27] *** Joins: Pi (Pi@Pony-sof.rd7.208.112.IP)
[12:01:27] *** Joins: Twili (Twili@Twilights.Study)
[12:01:27] *** Joins: Googie (Googol@gnaws.on.keratin.and.ears)
[12:01:27] *** Joins: klaxa (klaxa@Pony-1kuq6f.eu)
[12:01:27] *** Joins: PeakVolume (k9ldt@Pony-tqvh62.fios.verizon.net)
[12:01:27] *** Joins: Creeps|AFK (RedHelper@The.Pony.That.Makes.You.Smile)
[12:01:27] *** Joins: Colgate|Bronycan (rabbit@brushie.horse)
[12:01:27] *** Joins: Gigabit (Gigabit@the.girly.colt)
[12:01:27] *** Joins: ThunderStorm (lightning@property.of.moonlightning)
[12:01:27] *** chrysalis.canternet.org sets mode: +voao Twili Googie Colgate|Bronycan Colgate|Bronycan
[12:03:28] *** Quits: DinkyDoo (uid68367@Pony-iqpu60.ealing.irccloud.com) (Quit: Connection closed for inactivity)
[12:48:04] *** Joins: Nelly|Tires (Halcyon@Anonlight.Starsarebeautiful)
[13:06:50] *** Dusk|Work is now known as Dusk
[14:13:29] *** Quits: Nelly|Tires (Halcyon@Anonlight.Starsarebeautiful) (Ping timeout: 121 seconds)
[14:15:56] *** Joins: Saxopi (Pi@Pony-sof.rd7.208.112.IP)
[14:17:47] *** Quits: Zuzu (zuzu@is.robo.licious) (Ping timeout: 121 seconds)
[14:18:49] *** Quits: Pi (Pi@Pony-sof.rd7.208.112.IP) (Ping timeout: 121 seconds)
[14:19:16] *** Joins: Zuzu (zuzu@is.robo.licious)
[14:31:05] *** Saxopi is now known as Pi
[15:47:39] *** Joins: Zuzu_ (zuzu@is.robo.licious)
[15:48:31] *** Quits: Zuzu (zuzu@is.robo.licious) (Ping timeout: 121 seconds)
[15:52:43] *** Joins: Hivana (Hivana@Pony-tkr14n.nctv.com)
[16:13:52] *** Hivana is now known as Azure_Charm
[16:33:41] *** Joins: SilverSpeed (Pegasus@Pony-9aa.sin.243.177.IP)
[16:38:25] *** Joins: Nelly|Tires (Halcyon@Anonlight.Starsarebeautiful)
[16:38:39] *** Quits: Nelly|Tires (Halcyon@Anonlight.Starsarebeautiful) (Connection closed)
[16:39:41] *** Joins: Nelly (Halcyon@Anonlight.Starsarebeautiful)
[16:43:31] *** Null is now known as Nell
[16:51:39] *** Joins: Cyan_Spark (Cyan_Spark@Pony-vubide.singnet.com.sg)
[16:53:09] *** Quits: Cyan_Spark (Cyan_Spark@Pony-vubide.singnet.com.sg) (Quit: No wonder)
[17:10:32] *** Joins: username (WebChat@Pony-35oeb5.fl.comcast.net)
[17:10:47] *** Parts: username (WebChat@Pony-35oeb5.fl.comcast.net) ("")
[17:24:04] *** Joins: Pony_4 (~WebChat@Pony-dt42jb.client.mchsi.com)
[17:31:09] *** Joins: Alcoholicorn (Alcoholicor@Pony-55oq0s.pool.hargray.net)
[17:35:55] *** Quits: Azure_Charm (Hivana@Pony-tkr14n.nctv.com) (Ping timeout: 121 seconds)
[17:37:34] *** Joins: Hivana (Hivana@Pony-tkr14n.nctv.com)
[17:37:42] *** Quits: Hivana (Hivana@Pony-tkr14n.nctv.com) (Connection closed)
[17:38:00] *** Joins: Azure_Charm (Hivana@Pony-tkr14n.nctv.com)
[18:11:21] *** Joins: LightningCrash (lightning@Pony-bal.gi8.129.65.IP)
[18:20:57] *** Quits: Pi (Pi@Pony-sof.rd7.208.112.IP) (Quit: Lend us 10p for a cuppa tea?)
[18:38:45] *** Finwe is now known as DinkyBot_
[18:39:10] *** DinkyBot_ is now known as Finwe
[18:41:32] *** Finwe is now known as DinkyBot_
[18:41:52] *** DinkyBot_ is now known as Finwe
[19:20:19] *** Creeps|AFK is now known as RedHelper
[19:20:40] *** Quits: SilverSpeed (Pegasus@Pony-9aa.sin.243.177.IP) (Connection closed)
[19:34:17] *** Nelly is now known as Nully
[19:34:31] *** Nell is now known as Null
[19:38:43] *** Quits: Nully (Halcyon@Anonlight.Starsarebeautiful) (Ping timeout: 121 seconds)
[19:41:21] *** Quits: Alcoholicorn (Alcoholicor@Pony-55oq0s.pool.hargray.net) (Ping timeout: 121 seconds)
[19:43:30] *** Joins: Alcoholicorn (Alcoholicor@Pony-55oq0s.pool.hargray.net)
[19:57:50] *** Joins: Persona (Tilde@Pony-e3bqkn.78km.c1tq.6000.2605.IP)
[20:12:30] *** Joins: Nelly (Halcyon@Anonlight.Starsarebeautiful)
[20:14:01] *** Null is now known as Nell
[20:14:41] *** Nell is now known as Halcyon_Starlight
[20:41:52] *** Quits: Azure_Charm (Hivana@Pony-tkr14n.nctv.com) (Ping timeout: 121 seconds)
[21:04:10] *** Nelly is now known as Nully
[21:04:39] *** Halcyon_Starlight is now known as Null
[21:10:19] *** Joins: Complex2 (complexity@Pony-49ab78.unity-media.net)
[21:10:45] <Complex2> I am sure I am wrong here...
[21:10:53] *** Complex2 is now known as Complex
[21:17:30] *** Joins: DinkyDoo (uid68367@Pony-iqpu60.ealing.irccloud.com)
[21:19:21] *** Joins: Melany (WebChat@Pony-09i.7p5.254.74.IP)
[21:20:07] *** Parts: Complex (complexity@Pony-49ab78.unity-media.net) ()
[22:06:31] *** Quits: LightningCrash (lightning@property.of.moonlightning) (Quit: The Nightmares will collide. And become a dream. <3)
[22:38:28] *** Gigabit is now known as Gigaway
[23:22:41] *** Quits: Pinkie_Pi (Pinkie_Pi@Pony-479fc1.res.rr.com) (Ping timeout: 121 seconds)
[23:39:32] *** Gigaway is now known as Gigabit
[23:43:23] *** Quits: DinkyDoo (uid68367@Pony-iqpu60.ealing.irccloud.com) (Quit: Connection closed for inactivity)
