[00:02:12] *** Quits: Zuzu (zuzu@is.robo.licious) (Ping timeout: 121 seconds)
[00:03:11] *** Joins: Zuzu (zuzu@is.robo.licious)
[00:14:57] *** Quits: Electron (Miranda@Pony-prtqqi.is74.ru) (Quit: Miranda IM! Smaller, Faster, Easier. http://miranda-im.org)
[00:18:48] *** Joins: Toothie (uid63062@Pony-jogq8d.ealing.irccloud.com)
[00:29:01] *** Quits: Zuzu (zuzu@is.robo.licious) (Ping timeout: 121 seconds)
[00:30:17] *** Joins: Zuzu (zuzu@is.robo.licious)
[01:15:22] <Moonlightning> No SRV records? o.o
[01:22:15] *** Quits: Zuzu (zuzu@is.robo.licious) (Ping timeout: 121 seconds)
[01:23:22] *** Joins: Zuzu (zuzu@is.robo.licious)
[01:36:20] *** Quits: nnnn20430 (nnnn20430@mindcraft.si.eu.org) (Ping timeout: 121 seconds)
[01:49:07] *** Quits: Zuzu (zuzu@is.robo.licious) (Ping timeout: 121 seconds)
[01:50:25] *** Joins: Zuzu (zuzu@is.robo.licious)
[01:58:22] *** Quits: Alcoholicorn (Alcoholicor@Pony-55oq0s.pool.hargray.net) (Ping timeout: 121 seconds)
[02:00:12] *** Joins: nnnn20430 (nnnn20430@mindcraft.si.eu.org)
[02:12:16] *** Toothie is now known as Toothpaste
[02:19:45] *** Quits: Toothpaste (uid63062@Pony-jogq8d.ealing.irccloud.com) (Quit: Whoops. Everything just died .3.)
[02:27:02] *** Gigabit is now known as Soarin
[03:06:53] *** Creeps|AFK is now known as RedHelper
[03:18:43] *** Quits: Zuzu (zuzu@is.robo.licious) (Ping timeout: 121 seconds)
[03:20:04] *** Joins: Zuzu (zuzu@is.robo.licious)
[03:25:53] *** Quits: Phase (Phase4@Pony-lu48ce.lnk.telstra.net) (Ping timeout: 121 seconds)
[04:01:15] *** Joins: Phase (Phase4@Pony-u4lofk.internode.on.net)
[04:14:22] *** Quits: Moonlightning (blackl@property.of.lightningcrash) (Ping timeout: 121 seconds)
[04:26:30] *** Quits: Zuzu (zuzu@is.robo.licious) (Ping timeout: 121 seconds)
[04:27:33] *** Joins: Zuzu (zuzu@is.robo.licious)
[04:32:06] *** Joins: Moonlightning (blackl@property.of.lightningcrash)
[04:41:33] *** Quits: Phase (Phase4@Pony-u4lofk.internode.on.net) (Ping timeout: 121 seconds)
[05:30:45] *** Joins: kondra (WebChat@Pony-ddsc9l.res.rr.com)
[05:30:48] <kondra> loooooool
[05:30:55] *** Joins: Pony_6 (~WebChat@Pony-u4ne5h.162-221-109-net.sccoast.net)
[05:31:31] *** Joins: Pony_6_ (WebChat@Pony-g3tqf4.tukw.qwest.net)
[05:31:47] <Pony_6_> anyone tryna clop
[05:32:09] *** Joins: Pony_8 (WebChat@Pony-pg14ae.bigpond.net.au)
[05:32:23] <kondra> I'll clop
[05:32:40] <Pony_8> fap noises incoming
[05:32:43] <Pony_6_> ok babe
[05:32:47] <Pony_8> Uhh yeah
[05:32:48] <Pony_8> YES
[05:32:50] <Pony_8> YEEES
[05:32:52] *** Pony_8 was kicked by cadance.canternet.org (Channel flood triggered (limit is 4 lines in 5 secs))
[05:32:53] <kondra> clop my cock
[05:32:55] <Pony_6_> clops all over kondra
[05:32:58] <kondra> mmm
[05:33:00] <kondra> daddy
[05:33:28] *** Quits: kondra (WebChat@Pony-ddsc9l.res.rr.com) (Quit: Page closed)
[05:34:03] *** Joins: Pony_8 (WebChat@Pony-pg14ae.bigpond.net.au)
[05:34:15] *** Quits: Pony_6_ (WebChat@Pony-g3tqf4.tukw.qwest.net) (Quit: Page closed)
[05:36:06] *** Quits: Pony_8 (WebChat@Pony-pg14ae.bigpond.net.au) (Quit: Page closed)
[05:41:39] *** Joins: Alcoholicorn (Alcoholicor@Pony-55oq0s.pool.hargray.net)
[05:47:22] *** Joins: Pony_0 (WebChat@Pony-s7k.edl.199.128.IP)
[05:49:03] *** Quits: Pony_0 (WebChat@Pony-s7k.edl.199.128.IP) (Quit: Page closed)
[05:57:36] <Eventide> Wat
[06:03:45] <Googie> Just trolls trying to troll and failing.
[06:04:51] *** Quits: Pony_6 (~WebChat@Pony-u4ne5h.162-221-109-net.sccoast.net) (Ping timeout: 121 seconds)
[06:04:59] *** Eventide is now known as Eventide|Sleepies
[06:27:17] *** Quits: BronyDee (BronyDee@Pony-t0q.n3p.84.112.IP) (Connection closed)
[06:27:45] *** Joins: BronyDee (BronyDee@Pony-v87.0od.241.58.IP)
[07:07:44] *** Joins: Phase (Phase4@Pony-u4lofk.internode.on.net)
[07:24:10] *** Soarin is now known as Snoarin
[07:37:33] *** Quits: Alcoholicorn (Alcoholicor@Pony-55oq0s.pool.hargray.net) (Quit: )
[07:49:33] *** Quits: Snoarin (Gigabit@Bazinga) (Quit: Canternet Public Bouncer!)
[08:02:15] *** RedHelper is now known as Creeps|AFK
[08:13:56] <Q0> in my days trolls put actual effort into trolling
[08:14:23] <Q0> back then you had to, had no backspace on the teletype machine
[08:15:57] <Sakura> Back in my day, trolls weren't 12 years old.
[08:16:04] <Q0> that too
[08:16:33] <Sakura> Trolls that had college education & geek smarts were better.
[08:19:02] <Sakura> Psychological trolls were the best ones I've encountered even though they did instill fear upon me & paranoia though they weren't serious about some of the things they said to me.
[08:19:25] <Q0> exactly
[08:20:08] <Finwe> In my days people knew what a troll is.
[08:20:34] <Finwe> Now it seems that the terminology has got jumbled.
[08:21:32] <Sakura> I spent all night scared because one of them trolled me into thinking an IRL friend gave him out my info & the trolls calling a hitman which wasn't true or funny. That was 10 years ago & I was 12.
[08:21:59] <Finwe> Sakura: Consider fishing equipment.
[08:22:08] <Finwe> The fisherman is not called troll, is he?
[08:22:19] <Finwe> It's the bait he uses that's called troll.
[08:22:26] <Sakura> Yeah, I can't bait any good ones anymore.
[08:22:54] <Sakura> I keep getting the smaller fish again & again.
[08:23:30] <Finwe> Hence, in Internet terminology, a troll is a bait message posted on IRC, NNTP newsgroup or mailing list.
[08:23:53] <Finwe> Usually intended to cause flaming by unaware fellow users.
[08:25:07] <Finwe> The person responsible for posting a troll would be called a troller, I think.
[08:25:14] <Finwe> But definitely not troll.
[08:26:08] <Sakura> I made two guys on Habbo take the bait this week. I tricked them into doing stupid things until they got fired from their role play jobs
[08:26:38] <Sakura> It was hilarious how people are still gullible.
[08:27:33] <Finwe> Some things never change.
[08:27:54] <Sakura> One of thee I didn't have to put effort into flamebaiting. He just flamed me on his own & got in trouble. lol
[08:29:40] <Sakura> It really is funny how gullible & dumb people can still be.
[08:30:22] <Sakura> You know gullible isn't even in the dictionary?
[08:32:13] *** Joins: Pi (Mibbit@Pony-v2f.msp.204.112.IP)
[08:33:15] <Sakura> It's true. Gullible isn't in the dictionary.
[08:33:51] <Finwe> I have several dictionaries without that particular word.
[08:35:30] <Sakura> I figured that.
[08:36:26] <Sakura> No matter how hard you find it, you can't.
[08:37:12] <Finwe> Isn't simultaneous finding and not finding a contradiction?
[09:04:10] *** Joins: Alcoholicorn (Alcoholicor@Pony-55oq0s.pool.hargray.net)
[10:11:25] *** Joins: Electron (Miranda@Pony-qapkd8.is74.ru)
[10:20:12] *** Quits: Pi (Mibbit@Pony-v2f.msp.204.112.IP) (Quit: http://www.mibbit.com ajax IRC Client)
[12:13:19] *** Joins: Pi (Pi@Pony-4rg.fvt.208.112.IP)
[12:19:11] *** Electron is now known as Electron^Away
[14:55:49] *** Electron^Away is now known as Electron
[15:04:27] *** Eventide|Sleepies is now known as Eventide
[15:29:24] *** Joins: Caerdwyn (caepone@always.broken.sometimes.patched.finally.fixed)
[15:48:50] *** Seoson is now known as Seoson|Away
[16:24:46] *** Quits: Pi (Pi@Pony-4rg.fvt.208.112.IP) (Connection closed)
[18:26:38] *** Joins: daniwxp11 (WebChat@Pony-ma0nta.dynamicIP.rima-tde.net)
[18:27:49] *** Joins: Meowstic (Laty@Pony-lvt.42f.168.189.IP)
[19:13:42] *** Quits: Alcoholicorn (Alcoholicor@Pony-55oq0s.pool.hargray.net) (Ping timeout: 121 seconds)
[20:21:26] *** Quits: CarlGel (Rika-chan@Pony-m9ushv.nipah.moe) (cadance.canternet.org chrysalis.canternet.org)
[20:21:26] *** Quits: Duck (sid3009@Pony-4r56u0.ealing.irccloud.com) (cadance.canternet.org chrysalis.canternet.org)
[20:21:26] *** Quits: Bigcheese (bigcheese@Pony-m258b3.pr32.u9r5.f0d0.2607.IP) (cadance.canternet.org chrysalis.canternet.org)
[20:21:26] *** Quits: Q0 (Q0@literallyshit.net) (cadance.canternet.org chrysalis.canternet.org)
[20:21:26] *** Quits: ColtonDRG (coltondrg@ColtonDRG.is.best.pony) (cadance.canternet.org chrysalis.canternet.org)
[20:21:26] *** Quits: Apple_Bloom (sid52418@the.canon.pony) (cadance.canternet.org chrysalis.canternet.org)
[20:21:26] *** Quits: Datguy (Datguy@lord.of.nreboot.c0m) (cadance.canternet.org chrysalis.canternet.org)
[20:21:26] *** Quits: Persona (Tilde@Pony-rgrlnu.78km.c1tq.6000.2605.IP) (cadance.canternet.org chrysalis.canternet.org)
[20:21:26] *** Quits: _desu_ (sid73031@Pony-k308e2.charlton.irccloud.com) (cadance.canternet.org chrysalis.canternet.org)
[20:21:26] *** Quits: johnsey (johnsey@into.the.nethers) (cadance.canternet.org chrysalis.canternet.org)
[20:21:26] *** Quits: texasboykc09 (texasboykc0@vampire.bat.nest) (cadance.canternet.org chrysalis.canternet.org)
[20:21:26] *** Quits: Seoson|Away (Seoson@pony.kab-s.de) (cadance.canternet.org chrysalis.canternet.org)
[20:21:26] *** Quits: Finwe (vhalkola@Pony-bs4ovt.org.aalto.fi) (cadance.canternet.org chrysalis.canternet.org)
[20:21:26] *** Quits: endoriazel (coprah@endoriazel) (cadance.canternet.org chrysalis.canternet.org)
[20:21:27] *** Quits: Labrat_ (jared@tacoshy.is.best.pony) (cadance.canternet.org chrysalis.canternet.org)
[20:21:27] *** Quits: RubyPinch (x@Gem.Stealer) (cadance.canternet.org chrysalis.canternet.org)
[20:21:27] *** Quits: Electron (Miranda@Pony-qapkd8.is74.ru) (cadance.canternet.org chrysalis.canternet.org)
[20:21:27] *** Quits: Meowstic (Laty@Pony-lvt.42f.168.189.IP) (cadance.canternet.org chrysalis.canternet.org)
[20:21:27] *** Quits: Pinkie_Pi (Pinkie_Pi@Pony-479fc1.res.rr.com) (cadance.canternet.org chrysalis.canternet.org)
[20:21:27] *** Quits: Red_M (potato@Pony-4pa04c.red-m.net) (cadance.canternet.org chrysalis.canternet.org)
[20:21:27] *** Quits: klaxa (klaxa@Pony-ail.8pm.0.134.IP) (cadance.canternet.org chrysalis.canternet.org)
[20:21:27] *** Quits: LightningCrash (lightning@property.of.moonlightning) (cadance.canternet.org chrysalis.canternet.org)
[20:21:27] *** Quits: Eventide (uid61788@Tips.Fedora) (cadance.canternet.org chrysalis.canternet.org)
[20:21:27] *** Quits: Fusl (Fusl@1.0.0.127.in-addr.arpa.li) (cadance.canternet.org chrysalis.canternet.org)
[20:21:27] *** Quits: Eclipse (rylai@libgryphon.so) (cadance.canternet.org chrysalis.canternet.org)
[20:21:27] *** Quits: Ashfire (Ashfire@Ashfire.bronytv.net) (cadance.canternet.org chrysalis.canternet.org)
[20:21:27] *** Quits: Googie (Googol@gnaws.on.keratin.and.ears) (cadance.canternet.org chrysalis.canternet.org)
[20:21:27] *** Quits: Caerdwyn (caepone@always.broken.sometimes.patched.finally.fixed) (cadance.canternet.org chrysalis.canternet.org)
[20:21:27] *** Quits: Colgate (rabbit@brushie.horse) (cadance.canternet.org chrysalis.canternet.org)
[20:21:27] *** Quits: Lapsus (Lapsus@i-forget.ca) (cadance.canternet.org chrysalis.canternet.org)
[20:21:27] *** Quits: enginemaniac (flail@flail.flail.flail) (cadance.canternet.org chrysalis.canternet.org)
[20:21:27] *** Quits: Creeps|AFK (RedHelper@The.Pony.That.Makes.You.Smile) (cadance.canternet.org chrysalis.canternet.org)
[20:21:27] *** Quits: Moonlightning (blackl@property.of.lightningcrash) (cadance.canternet.org chrysalis.canternet.org)
[20:21:27] *** Quits: BronyDee (BronyDee@Pony-v87.0od.241.58.IP) (cadance.canternet.org chrysalis.canternet.org)
[20:21:27] *** Quits: QueenMeanie (sid123896@Pony-b3kbuu.irccloud.com) (cadance.canternet.org chrysalis.canternet.org)
[20:21:28] *** Quits: Luna (Luna@The.Moon.Princess) (cadance.canternet.org cloudchaser.canternet.org)
[20:21:28] *** Quits: Shutter (tips@sudoku.prevention.hotline) (cadance.canternet.org cloudchaser.canternet.org)
[20:21:28] *** Quits: nnnn20430 (nnnn20430@mindcraft.si.eu.org) (cadance.canternet.org cloudchaser.canternet.org)
[20:21:28] *** Quits: GeekBrony (GB@bronydom.net) (Connection closed)
[20:21:28] *** Quits: Zuzu (zuzu@is.robo.licious) (Ping timeout: 146 seconds)
[20:21:28] *** Quits: MichaelXX2_ (MichaelXX2@Pony-1h6.o6q.211.209.IP) (Ping timeout: 138 seconds)
[20:21:28] *** Quits: WildSoft (WildSoft@Pony-9tei06.bredband.comhem.se) (Ping timeout: 145 seconds)
[20:21:28] *** Quits: Aww (aww@Pony-ic0abh.online) (Ping timeout: 130 seconds)
[20:21:28] *** Quits: sleumas2000 (sleumas2000@my.little.karaoke) (Error in the push function.)
[20:21:28] *** Quits: |-e| (Electron@Pony-fkc.i75.99.192.IP) (Quit: I changed atom.)
[20:21:30] *** Quits: Phase (Phase4@Pony-u4lofk.internode.on.net) (Connection closed)
[20:21:35] *** Quits: daniwxp11 (WebChat@Pony-ma0nta.dynamicIP.rima-tde.net) (Ping timeout: 121 seconds)
[20:21:43] *** Quits: Dawn (Dusk@dusky.horse) (Ping timeout: 121 seconds)
[20:21:49] *** Joins: MichaelXX2 (MichaelXX2@Pony-1h6.o6q.211.209.IP)
[20:22:02] *** Joins: Shutter (tips@sudoku.prevention.hotline)
[20:22:02] *** Joins: nnnn20430 (nnnn20430@mindcraft.si.eu.org)
[20:22:02] *** Joins: Luna (Luna@The.Moon.Princess)
[20:22:02] *** cloudchaser.canternet.org sets mode: +aoo Shutter Shutter Luna
[20:22:05] *** Quits: Lunia (ellen@ChumPony.Enterprises) (Connection closed)
[20:22:19] *** Joins: Lunia2 (ellen@Pony-di5.pu7.73.87.IP)
[20:22:21] *** Joins: Zuzu (zuzu@Pony-0g7.v73.137.24.IP)
[20:22:48] *** MichaelXX2 is now known as Pony_4778
[20:23:09] *** Joins: Dusk (Dusk@Pony-fkc.i75.99.192.IP)
[20:23:17] *** Joins: BronyDee (BronyDee@Pony-t0q.n3p.84.112.IP)
[20:23:30] *** Joins: Colgate (rabbit@brushie.horse)
[20:23:30] *** Luna sets mode: +ao Colgate Colgate
[20:23:30] *** Quits: AppleDash (appled@dusks.adorable.pet.pegasus) (Ping timeout: 121 seconds)
[20:23:30] *** Quits: TecknoJock (TecknoJock@TecknoJock) (Ping timeout: 121 seconds)
[20:23:30] *** Quits: PeakVolume (k9ldt@Pony-tqvh62.fios.verizon.net) (Ping timeout: 121 seconds)
[20:23:39] *** Joins: AppleDash (appled@dusks.adorable.pet.pegasus)
[20:24:12] *** Joins: Pony_48498 (Lapsus@Pony-5m46mf.cable.rogers.com)
[20:24:44] *** Joins: Finwe (vhalkola@Pony-bs4ovt.org.aalto.fi)
[20:24:49] *** Joins: Pinkie_Pi (Pinkie_Pi@Pony-479fc1.res.rr.com)
[20:24:54] *** Joins: TecknoJock (TecknoJock@TecknoJock)
[20:25:28] *** Lunia2 is now known as Lunia
[20:26:11] *** Joins: Fusl (Fusl@148.163.189.28)
[20:26:25] *** Fusl is now known as Pony_1922
[20:26:53] *** Joins: GeekBrony (GB@bronydom.net)
[20:28:39] *** Joins: RubyPinch (x@Gem.Stealer)
[20:29:19] *** Joins: Electron (Electron@Pony-fkc.i75.99.192.IP)
[20:29:35] *** Joins: QueenMeanie (sid123896@Pony-b3kbuu.irccloud.com)
[20:29:40] *** Joins: endoriazel (coprah@Pony-81pjdu.de)
[20:30:12] *** Joins: Red_M (potato@Pony-4pa04c.red-m.net)
[20:30:20] *** Electron is now known as Pony_50618
[20:30:20] *** Joins: Ashley (Ashfire@Pony-fkc.i75.99.192.IP)
[20:30:47] *** Joins: Pony_9 (WebChat@Pony-5kp.cdn.77.176.IP)
[20:31:12] *** Quits: Pony_4778 (MichaelXX2@Pony-1h6.o6q.211.209.IP) (Ping timeout: 121 seconds)
[20:31:22] *** Joins: Electron (Miranda@Pony-8t3.66m.222.77.IP)
[20:31:36] *** Pony_48498 is now known as Lapsus
[20:31:36] *** Joins: Caerdwyn (caepone@always.broken.sometimes.patched.finally.fixed)
[20:32:53] *** Quits: BronyDee (BronyDee@Pony-t0q.n3p.84.112.IP) (Connection closed)
[20:32:58] *** Joins: MichaelXX2 (MichaelXX2@Pony-1h6.o6q.211.209.IP)
[20:33:18] *** Joins: klaxa (klaxa@Pony-ail.8pm.0.134.IP)
[20:34:19] *** Joins: BronyDee (BronyDee@Pony-t0q.n3p.84.112.IP)
[20:34:28] *** Joins: WildSoft (WildSoft@Pony-9tei06.bredband.comhem.se)
[20:34:46] *** Joins: PeakVolume (k9ldt@Pony-tqvh62.fios.verizon.net)
[20:34:53] *** Joins: Raflak (WebChat@Pony-f3t7j1.adsl.tpnet.pl)
[20:34:55] *** Joins: Cameron_D (cameron@Pony-v0m.4h7.241.192.IP)
[20:34:58] *** Joins: enginemaniac (flail@flail.flail.flail)
[20:35:00] *** Joins: Aww (aww@Pony-s66.2lf.34.64.IP)
[20:35:14] *** Quits: Pony_9 (WebChat@Pony-5kp.cdn.77.176.IP) (Quit: )
[20:35:37] *** Joins: sleumas2000 (sleumas2000@my.little.karaoke)
[20:36:32] *** Joins: Labrat_ (jared@tacoshy.is.best.pony)
[20:37:04] *** Quits: Raflak (WebChat@Pony-f3t7j1.adsl.tpnet.pl) (Quit: Page closed)
[20:38:04] *** Joins: Moonlightning (blackl@property.of.lightningcrash)
[20:39:16] *** Joins: LightningCrash (lightning@property.of.moonlightning)
[20:39:23] *** Joins: Googie (Googol@gnaws.on.keratin.and.ears)
[20:39:23] *** chrysalis.canternet.org sets mode: +o Googie
[20:39:33] *** Joins: Eclipse (rylai@libgryphon.so)
[20:39:48] *** Joins: Eventide (uid61788@Tips.Fedora)
[20:42:29] *** Quits: Googie (Googol@gnaws.on.keratin.and.ears) (cloudchaser.canternet.org chrysalis.canternet.org)
[20:42:29] *** Quits: Colgate (rabbit@brushie.horse) (Connection closed)
[20:43:03] *** Quits: RubyPinch (x@Gem.Stealer) (Ping timeout: 121 seconds)
[20:43:29] *** Quits: Moonlightning (blackl@property.of.lightningcrash) (Connection closed)
[20:43:29] *** Quits: Electron (Miranda@Pony-8t3.66m.222.77.IP) (Ping timeout: 121 seconds)
[20:44:31] *** Quits: klaxa (klaxa@Pony-ail.8pm.0.134.IP) (Ping timeout: 121 seconds)
[20:46:58] *** Joins: Moonlightning (blackl@property.of.lightningcrash)
[20:46:58] *** Quits: Eventide (uid61788@Tips.Fedora) (Ping timeout: 121 seconds)
[20:46:58] *** Joins: klaxa (klaxa@Pony-ail.8pm.0.134.IP)
[20:46:58] *** Quits: Zuzu (zuzu@is.robo.licious) (Ping timeout: 122 seconds)
[20:47:10] *** Joins: RubyPinch (x@Pony-a3j.5g7.131.104.IP)
[20:47:23] *** Joins: Googie (Googol@gnaws.on.keratin.and.ears)
[20:47:23] *** chrysalis.canternet.org sets mode: +o Googie
[20:48:10] *** Quits: Lapsus (Lapsus@i-forget.ca) (Ping timeout: 121 seconds)
[20:48:10] *** Quits: LightningCrash (lightning@property.of.moonlightning) (Ping timeout: 121 seconds)
[20:48:10] *** Quits: Moonlightning (blackl@property.of.lightningcrash) (Connection closed)
[20:48:10] *** Quits: Luna (Luna@The.Moon.Princess) (cadance.canternet.org cloudchaser.canternet.org)
[20:48:11] *** Quits: Lunia (ellen@ChumPony.Enterprises) (cadance.canternet.org cloudchaser.canternet.org)
[20:48:11] *** Quits: Shutter (tips@sudoku.prevention.hotline) (cadance.canternet.org cloudchaser.canternet.org)
[20:48:11] *** Quits: klaxa (klaxa@Pony-ail.8pm.0.134.IP) (cadance.canternet.org cloudchaser.canternet.org)
[20:48:11] *** Quits: Googie (Googol@gnaws.on.keratin.and.ears) (cadance.canternet.org cloudchaser.canternet.org)
[20:48:11] *** Quits: nnnn20430 (nnnn20430@mindcraft.si.eu.org) (cadance.canternet.org cloudchaser.canternet.org)
[20:48:29] *** Quits: Sakura (Sakura@is.a.very.derpy.pony) (Ping timeout: 122 seconds)
[20:48:35] *** Quits: AppleDash (appled@dusks.adorable.pet.pegasus) (Ping timeout: 121 seconds)
[20:48:45] *** Quits: BronyDee (BronyDee@Pony-t0q.n3p.84.112.IP) (Ping timeout: 121 seconds)
[20:49:11] *** Joins: PeakVolu1e (k9ldt@Pony-mtb.f13.6.100.IP)
[20:50:16] *** Joins: Shutter (tips@sudoku.prevention.hotline)
[20:50:16] *** Joins: BronyDee-AFK (BronyDee@Pony-t0q.n3p.84.112.IP)
[20:50:16] *** Joins: nnnn20430 (nnnn20430@mindcraft.si.eu.org)
[20:50:16] *** Joins: Luna (Luna@The.Moon.Princess)
[20:50:16] *** Joins: Zuzu (zuzu@is.robo.licious)
[20:50:16] *** Joins: klaxa (klaxa@Pony-ail.8pm.0.134.IP)
[20:50:16] *** Joins: Lunia (ellen@ChumPony.Enterprises)
[20:50:16] *** cloudchaser.canternet.org sets mode: +aoo Shutter Shutter Luna
[20:50:16] *** Quits: Eclipse (rylai@libgryphon.so) (Ping timeout: 122 seconds)
[20:50:16] *** Quits: Finwe (vhalkola@Pony-bs4ovt.org.aalto.fi) (Ping timeout: 121 seconds)
[20:50:16] *** Quits: MichaelXX2 (MichaelXX2@Pony-1h6.o6q.211.209.IP) (Ping timeout: 121 seconds)
[20:50:17] *** Quits: PeakVolume (k9ldt@Pony-tqvh62.fios.verizon.net) (Ping timeout: 121 seconds)
[20:50:20] *** Quits: GeekBrony (GB@bronydom.net) (Ping timeout: 121 seconds)
[20:50:45] *** Joins: Lapsus (Lapsus@Pony-5m46mf.cable.rogers.com)
[20:50:45] *** Joins: Moonlightning (blackl@property.of.lightningcrash)
[20:50:45] *** Joins: Googie (Googol@gnaws.on.keratin.and.ears)
[20:50:45] *** chrysalis.canternet.org sets mode: +o Googie
[20:50:46] *** Joins: Sakura (Sakura@Pony-fkc.i75.99.192.IP)
[20:50:49] *** Joins: Finwe (vhalkola@Pony-25l.vcn.233.130.IP)
[20:50:54] *** Joins: Eventide (uid61788@Pony-7k7osr.irccloud.com)
[20:51:11] *** Quits: RubyPinch (x@Gem.Stealer) (Ping timeout: 121 seconds)
[20:51:19] *** Joins: GeekBrony (GB@bronydom.net)
[20:51:29] *** Sakura is now known as Pony_36606
[20:51:30] *** Quits: Cameron_D (cameron@192.241.210.101) (Ping timeout: 121 seconds)
[20:51:55] *** Quits: Googie (Googol@gnaws.on.keratin.and.ears) (cloudchaser.canternet.org chrysalis.canternet.org)
[20:52:14] *** Joins: Colgate (rabbit@brushie.horse)
[20:52:14] *** Quits: Pony_1922 (Fusl@148.163.189.28) (Ping timeout: 121 seconds)
[20:52:14] *** Luna sets mode: +ao Colgate Colgate
[20:52:28] *** Joins: RubyPinch (x@Gem.Stealer)
[20:52:33] *** Quits: TecknoJock (TecknoJock@TecknoJock) (Ping timeout: 121 seconds)
[20:52:48] *** Joins: Googie (Googol@gnaws.on.keratin.and.ears)
[20:52:48] *** chrysalis.canternet.org sets mode: +o Googie
[20:53:06] *** Pony_36606 is now known as Sakura
[20:53:08] *** Joins: TecknoJock (TecknoJock@TecknoJock)
[20:53:09] *** Joins: Fusl (Fusl@148.163.189.28)
[20:53:10] *** Joins: Cameron_D (cameron@Pony-v0m.4h7.241.192.IP)
[20:53:32] *** Joins: MichaelXX2 (MichaelXX2@Pony-1h6.o6q.211.209.IP)
[20:53:35] *** Sakura is now known as Pony_30073
[20:53:45] *** Pony_30073 is now known as Saku
[20:54:45] *** Joins: AppleDash (appled@dusks.adorable.pet.pegasus)
[20:54:56] *** Quits: Fusl (Fusl@148.163.189.28) (cloudchaser.canternet.org chrysalis.canternet.org)
[20:54:56] *** Quits: Googie (Googol@gnaws.on.keratin.and.ears) (cloudchaser.canternet.org chrysalis.canternet.org)
[20:55:50] *** Joins: Fusl (Fusl@148.163.189.28)
[20:55:50] *** Joins: Googie (Googol@gnaws.on.keratin.and.ears)
[20:55:50] *** chrysalis.canternet.org sets mode: +o Googie
[20:57:55] *** Quits: Fusl (Fusl@148.163.189.28) (cloudchaser.canternet.org chrysalis.canternet.org)
[20:57:55] *** Quits: Googie (Googol@gnaws.on.keratin.and.ears) (cloudchaser.canternet.org chrysalis.canternet.org)
[20:58:16] *** Joins: cool110 (mark@Incidental.Unicorn.cool110)
[21:02:28] *** Joins: johnsey (johnsey@into.the.nethers)
[21:02:28] *** Joins: _desu_ (sid73031@Pony-k308e2.charlton.irccloud.com)
[21:02:28] *** Joins: texasboykc09 (texasboykc0@vampire.bat.nest)
[21:02:28] *** Joins: Persona (Tilde@Pony-rgrlnu.78km.c1tq.6000.2605.IP)
[21:02:28] *** Joins: Bigcheese (bigcheese@Pony-m258b3.pr32.u9r5.f0d0.2607.IP)
[21:02:28] *** Joins: CarlGel (Rika-chan@Pony-m9ushv.nipah.moe)
[21:02:28] *** Joins: Duck (sid3009@Pony-4r56u0.ealing.irccloud.com)
[21:02:28] *** Joins: Apple_Bloom (sid52418@the.canon.pony)
[21:02:28] *** Joins: ColtonDRG (coltondrg@ColtonDRG.is.best.pony)
[21:02:28] *** Joins: Q0 (Q0@literallyshit.net)
[21:02:28] *** Joins: Datguy (Datguy@lord.of.nreboot.c0m)
[21:02:28] *** Joins: Seoson|Away (Seoson@pony.kab-s.de)
[21:02:28] *** derpy.canternet.org sets mode: +ao johnsey johnsey
[21:03:39] *** Quits: Pinkie_Pi (Pinkie_Pi@Pony-479fc1.res.rr.com) (Ping timeout: 121 seconds)
[21:03:42] *** Joins: Ponka_Po (Pinkie_Pi@Pony-j4p.odf.114.70.IP)
[21:04:40] *** Quits: CarlGel (Rika-chan@Pony-m9ushv.nipah.moe) (cadance.canternet.org derpy.canternet.org)
[21:04:40] *** Quits: Duck (sid3009@Pony-4r56u0.ealing.irccloud.com) (cadance.canternet.org derpy.canternet.org)
[21:04:40] *** Quits: Bigcheese (bigcheese@Pony-m258b3.pr32.u9r5.f0d0.2607.IP) (cadance.canternet.org derpy.canternet.org)
[21:04:40] *** Quits: Q0 (Q0@literallyshit.net) (cadance.canternet.org derpy.canternet.org)
[21:04:40] *** Quits: ColtonDRG (coltondrg@ColtonDRG.is.best.pony) (cadance.canternet.org derpy.canternet.org)
[21:04:40] *** Quits: Apple_Bloom (sid52418@the.canon.pony) (cadance.canternet.org derpy.canternet.org)
[21:04:40] *** Quits: Datguy (Datguy@lord.of.nreboot.c0m) (cadance.canternet.org derpy.canternet.org)
[21:04:40] *** Quits: Persona (Tilde@Pony-rgrlnu.78km.c1tq.6000.2605.IP) (cadance.canternet.org derpy.canternet.org)
[21:04:51] *** Quits: _desu_ (sid73031@Pony-k308e2.charlton.irccloud.com) (cadance.canternet.org derpy.canternet.org)
[21:04:51] *** Quits: johnsey (johnsey@into.the.nethers) (cadance.canternet.org derpy.canternet.org)
[21:04:51] *** Quits: texasboykc09 (texasboykc0@vampire.bat.nest) (cadance.canternet.org derpy.canternet.org)
[21:04:51] *** Quits: Seoson|Away (Seoson@pony.kab-s.de) (cadance.canternet.org derpy.canternet.org)
[21:05:35] *** Quits: Colgate (rabbit@brushie.horse) (Connection closed)
[21:05:41] *** Quits: Aww (aww@Pony-s66.2lf.34.64.IP) (Ping timeout: 121 seconds)
[21:07:11] *** Joins: Colgate (rabbit@brushie.horse)
[21:07:11] *** Luna sets mode: +ao Colgate Colgate
[21:09:03] *** Joins: Eclipse (rylai@Pony-71u6pe.so)
[21:09:03] *** Quits: QueenMeanie (sid123896@Pony-b3kbuu.irccloud.com) (Ping timeout: 121 seconds)
[21:09:21] *** Joins: BronyDee (BronyDee@Pony-t0q.n3p.84.112.IP)
[21:10:33] *** Joins: QueenMeanie (sid123896@Pony-pbt.esq.184.192.IP)
[21:10:33] *** Joins: Aww (aww@Pony-ic0abh.online)
[21:10:33] *** Quits: AppleDash (appled@dusks.adorable.pet.pegasus) (Ping timeout: 121 seconds)
[21:13:19] *** Quits: BronyDee-AFK (BronyDee@Pony-t0q.n3p.84.112.IP) (Ping timeout: 121 seconds)
[21:13:19] *** Quits: Labrat_ (jared@tacoshy.is.best.pony) (Ping timeout: 121 seconds)
[21:13:19] *** Joins: Labrat_ (jared@tacoshy.is.best.pony)
[21:15:48] *** Quits: Finwe (vhalkola@Pony-25l.vcn.233.130.IP) (Ping timeout: 121 seconds)
[21:17:29] *** Joins: Finwe (vhalkola@Pony-bs4ovt.org.aalto.fi)
[21:17:29] *** Joins: AppleDash (appled@dusks.adorable.pet.pegasus)
[21:18:29] *** Quits: Colgate (rabbit@brushie.horse) (Ping timeout: 121 seconds)
[21:18:29] *** Joins: Colgate (rabbit@brushie.horse)
[21:18:29] *** Luna sets mode: +ao Colgate Colgate
[21:18:51] *** Joins: LiroXIV (lirodon@Pony-q6c.7td.17.71.IP)
[21:19:10] <LiroXIV> whoops, so someone accidentally misinterpreted the nickserv registration instructions
[21:19:25] <LiroXIV> believed you HAD to put the email and password between <> brackets
[21:19:37] *** Joins: texasboykc09 (texasboykc0@vampire.bat.nest)
[21:19:37] *** Joins: Seoson (Seoson@pony.kab-s.de)
[21:19:37] *** Joins: Persona (Tilde@Pony-rgrlnu.78km.c1tq.6000.2605.IP)
[21:19:37] *** Joins: CarlGel (Rika-chan@Pony-m9ushv.nipah.moe)
[21:19:37] *** Joins: _desu_ (sid73031@Pony-k308e2.charlton.irccloud.com)
[21:19:37] *** Joins: Bigcheese (bigcheese@Pony-m258b3.pr32.u9r5.f0d0.2607.IP)
[21:19:37] *** Joins: johnsey (johnsey@into.the.nethers)
[21:19:37] *** Joins: Duck (sid3009@Pony-4r56u0.ealing.irccloud.com)
[21:19:37] *** Joins: Apple_Bloom (sid52418@the.canon.pony)
[21:19:37] *** Joins: ColtonDRG (coltondrg@ColtonDRG.is.best.pony)
[21:19:37] *** Joins: Datguy (Datguy@lord.of.nreboot.c0m)
[21:19:37] *** Joins: Q0 (Q0@literallyshit.net)
[21:19:37] *** discord.canternet.org sets mode: +ao johnsey johnsey
[21:19:47] <Colgate> that happens fairly often
[21:21:35] *** Quits: Luna (Luna@The.Moon.Princess) (cloudchaser.canternet.org services.canternet.org)
[21:21:47] *** Joins: Luna (Luna@The.Moon.Princess)
[21:21:47] *** services.canternet.org sets mode: +o Luna
[21:22:02] *** Joins: Toothpaste (uid63062@Pony-7k7osr.irccloud.com)
[21:22:46] *** Joins: Fusl (Fusl@148.163.189.28)
[21:22:46] *** Joins: Googie (Googol@gnaws.on.keratin.and.ears)
[21:22:46] *** Joins: RedHelper (RedHelper@Pony-i2iccc.publicBNC.canternet.org)
[21:22:46] *** chrysalis.canternet.org sets mode: +o Googie
[21:26:15] *** Parts: cool110 (mark@Incidental.Unicorn.cool110) ("BIBI SKSK")
[21:43:56] *** Joins: Electron (Miranda@Pony-qapkd8.is74.ru)
[21:45:05] *** Toothpaste is now known as Toothie|AFK
[21:46:39] *** sleumas2000 is now known as Pony_24601
[21:48:57] *** Pony_24601 is now known as sleumas200
[21:48:59] *** sleumas200 is now known as sleumas2000
[21:50:36] <Moonlightning> Out of curiosity, do you happen to know what /kind/ of DDoS that was?
[21:50:48] *** sleumas2000 is now known as sleumas8472
[21:50:59] <Colgate> good old packet flood
[21:51:08] <Colgate> nom nom bandwidth
[21:52:32] <Moonlightning> what kind of packets though? :o
[21:55:23] *** Saku is now known as Nyu
[21:55:28] *** Nyu is now known as Sakura
[22:08:28] *** Quits: MichaelXX2 (MichaelXX2@Pony-1h6.o6q.211.209.IP) (Connection closed)
[22:08:53] *** Joins: MichaelXX2 (MichaelXX2@Pony-1h6.o6q.211.209.IP)
[22:14:29] <Colgate> udp :P
[22:16:28] *** Quits: Zuzu (zuzu@is.robo.licious) (Ping timeout: 121 seconds)
[22:21:33] *** Joins: BronyDee-AFK (BronyDee@Pony-t0q.n3p.84.112.IP)
[22:24:14] *** Quits: BronyDee (BronyDee@Pony-t0q.n3p.84.112.IP) (Ping timeout: 121 seconds)
[22:47:47] *** Joins: LightningCrash (lightning@property.of.moonlightning)
[23:31:10] *** Joins: Pony_9 (~WebChat@Pony-8ujf9q.sntcca.sbcglobal.net)
[23:31:27] *** Pony_9 is now known as T_K
[23:36:58] <Moonlightning> Ahh
[23:37:31] <Moonlightning> Do these servers even run any UDP services?
[23:37:51] <Seoson> I guess it was a amplification attack
[23:38:05] <Seoson> an* Simply overload the network - done
[23:38:38] <Moonlightning> Enough to mess with the host's network? ._.
[23:39:32] <Seoson> There is no other good reason to use UDP apart from IP spoofing maybe. A classic SYN flood would be more effective against a target without amplification
[23:41:18] <Seoson> Moonlightning: You can do DNS amplification with several Gbps with with no problem at all. A single server is useally connected via Gigbit enthernet. If the host doesn't provide DDoS protection there is nothing you can do
[23:56:29] *** Joins: Alcoholicorn (Alcoholicor@Pony-55oq0s.pool.hargray.net)
