[00:00:09] *** Joins: SoberDinky (uid68367@Pony-iqpu60.ealing.irccloud.com)
[00:00:45] *** Joins: Melany (WebChat@Pony-09i.7p5.254.74.IP)
[00:01:25] *** SoberDinky is now known as TiredDinky
[00:07:08] *** Joins: Alcoholicorn (Alcoholicor@Pony-55oq0s.pool.hargray.net)
[00:09:03] *** TiredDinky is now known as SleepingDinky
[00:15:39] *** Joins: Toothpaste (uid63062@Pony-jogq8d.ealing.irccloud.com)
[00:16:33] *** Quits: GumballCrash (GumballCras@0.to.pony.10secondsflat) (Connection closed)
[00:18:58] *** Quits: Melany (WebChat@Pony-09i.7p5.254.74.IP) (Ping timeout: 121 seconds)
[00:24:22] *** Joins: GumballCrash (GumballCras@0.to.pony.10secondsflat)
[00:35:01] *** Toothpaste is now known as Toothie|Gaming
[00:38:48] *** Nelly is now known as Nully
[00:54:51] *** Quits: SilverSpeed (Pegasus@Pony-9aa.sin.243.177.IP) (Ping timeout: 121 seconds)
[00:59:08] *** Quits: Rylee (rylai@Pony-71u6pe.so) (Connection closed)
[00:59:43] *** Joins: Rylee (rylai@Pony-71u6pe.so)
[01:04:41] *** Joins: Melany (~WebChat@Pony-980.md7.29.204.IP)
[01:19:15] *** Quits: Melany (~WebChat@Pony-980.md7.29.204.IP) (Ping timeout: 121 seconds)
[01:22:25] *** Joins: LD (WebChat@Pony-sd97ef.res.rr.com)
[01:22:39] *** Parts: LD (WebChat@Pony-sd97ef.res.rr.com) ("")
[01:26:02] *** Quits: Pinkie_Pi (Pinkie_Pi@Pony-479fc1.res.rr.com) (Ping timeout: 121 seconds)
[01:36:04] *** Quits: Nully (Halcyon@Anonlight.Starsarebeautiful) (Quit: Flavour text)
[01:40:59] *** Joins: Pi (Pi@Pony-0hm.5cm.208.112.IP)
[02:07:19] *** Quits: Phase (Phase4@Pony-l23b6v.internode.on.net) (Ping timeout: 121 seconds)
[02:09:00] *** Joins: Phase (Phase4@Pony-l23b6v.internode.on.net)
[02:20:45] *** Quits: Pi (Pi@Pony-0hm.5cm.208.112.IP) (Quit: Lend us 10p for a cuppa tea?)
[02:28:29] *** Quits: MichaelXX2 (MichaelXX2@Pony-1h6.o6q.211.209.IP) (Ping timeout: 121 seconds)
[02:47:41] *** Joins: Melany (WebChat@Pony-09i.7p5.254.74.IP)
[03:25:14] *** Joins: MichaelXX2 (MichaelXX2@Pony-1h6.o6q.211.209.IP)
[03:25:48] *** Quits: SleepingDinky (uid68367@Pony-iqpu60.ealing.irccloud.com) (Quit: Connection closed for inactivity)
[03:28:24] *** Quits: Melany (WebChat@Pony-09i.7p5.254.74.IP) (Ping timeout: 121 seconds)
[03:36:49] *** Joins: Pony_3 (~WebChat@Pony-h0l59g.dyn.centurytel.net)
[03:36:51] *** Quits: Pony_3 (~WebChat@Pony-h0l59g.dyn.centurytel.net) (Quit: Page closed)
[03:59:15] *** Gigaway is now known as Vega
[04:00:08] *** Joins: Sev (~WebChat@Pony-09i.7p5.254.74.IP)
[04:42:47] *** Cloud_Kicker is now known as LightningCrash
[04:43:09] *** LightningCrash is now known as ThunderStorm
[04:43:17] *** Joins: LightningCrash (lightning@Pony-bal.gi8.129.65.IP)
[04:44:26] *** Quits: Sev (~WebChat@Pony-09i.7p5.254.74.IP) (Ping timeout: 121 seconds)
[04:46:22] *** Asis is now known as Ocelot
[04:53:34] *** Ocelot is now known as TheSorrow
[04:55:49] *** Joins: Pi (Mibbit@Pony-r1i.seb.53.122.IP)
[04:57:18] *** Joins: Melany (~WebChat@Pony-09i.7p5.254.74.IP)
[05:10:44] *** Joins: Pi` (Mibbit@Pony-r1i.seb.53.122.IP)
[05:12:14] *** Quits: Pi` (Mibbit@Pony-r1i.seb.53.122.IP) (Quit: http://www.mibbit.com ajax IRC Client)
[05:13:05] *** Joins: Pi` (Mibbit@Pony-r1i.seb.53.122.IP)
[05:14:52] *** Quits: Pi (Mibbit@Pony-r1i.seb.53.122.IP) (Quit: http://www.mibbit.com ajax IRC Client)
[05:18:21] *** Vega is now known as Gigaway
[05:18:21] *** Eventide is now known as Eventide|Sleepies
[05:19:54] *** Pi` is now known as Pi
[05:24:39] *** Joins: SleepingDinky (uid68367@Pony-iqpu60.ealing.irccloud.com)
[05:25:08] *** Joins: HyperDash (~WebChat@Pony-h0l59g.dyn.centurytel.net)
[05:26:35] *** SleepingDinky is now known as DinkyDoo
[05:52:50] *** Quits: Phase (Phase4@Pony-l23b6v.internode.on.net) (Quit: Leaving)
[05:53:05] *** Joins: Phase (Phase4@Pony-l23b6v.internode.on.net)
[06:03:39] *** Quits: Melany (~WebChat@Pony-09i.7p5.254.74.IP) (Quit: Page closed)
[06:13:09] *** Quits: HyperDash (~WebChat@Pony-h0l59g.dyn.centurytel.net) (Quit: Page closed)
[06:18:07] *** DinkyDoo is now known as SleepyDinky
[06:33:51] *** Quits: Toothie|Gaming (uid63062@Pony-jogq8d.ealing.irccloud.com) (Quit: Connection closed for inactivity)
[07:01:36] *** Quits: Alcoholicorn (Alcoholicor@Pony-55oq0s.pool.hargray.net) (Ping timeout: 121 seconds)
[07:04:48] *** Quits: Moonlightning (blackl@property.of.lightningcrash) (Connection closed)
[07:10:32] *** Joins: Moonlightning (blackl@property.of.lightningcrash)
[07:14:37] *** Quits: Pi (Mibbit@Pony-r1i.seb.53.122.IP) (Quit: http://www.mibbit.com ajax IRC Client)
[07:16:57] *** Quits: Moonlightning (blackl@property.of.lightningcrash) (Ping timeout: 121 seconds)
[07:36:54] *** RedHelper is now known as Creeps|AFK
[07:56:02] *** Joins: Moonlightning (blackl@property.of.lightningcrash)
[08:13:39] *** Quits: LightningCrash (lightning@property.of.moonlightning) (Quit: The Nightmares will collide. And become a dream. <3)
[08:38:34] *** Gigaway is now known as Gigabit
[08:45:48] *** Quits: SleepyDinky (uid68367@Pony-iqpu60.ealing.irccloud.com) (Quit: Connection closed for inactivity)
[09:08:55] *** Quits: Persona (Tilde@Pony-g8ahnu.res.rr.com) (Ping timeout: 121 seconds)
[09:37:06] *** Joins: Pony_7 (~WebChat@Pony-0e9fee.sndgca.sbcglobal.net)
[09:37:39] *** Quits: Pony_7 (~WebChat@Pony-0e9fee.sndgca.sbcglobal.net) (Quit: Page closed)
[09:46:45] *** Joins: Electron (Miranda@Pony-8ts.p6t.87.213.IP)
[10:07:09] *** Quits: Phase (Phase4@Pony-l23b6v.internode.on.net) (Connection closed)
[10:07:47] *** Joins: Phase (Phase4@Pony-l23b6v.internode.on.net)
[10:18:07] *** Joins: El (quassel@Pony-agnu6g.com)
[10:22:39] *** Quits: El (quassel@Pony-agnu6g.com) (Ping timeout: 121 seconds)
[10:37:04] *** Gigabit is now known as GigaZzz
[11:46:21] *** Joins: Pi (Pi@Pony-0hm.5cm.208.112.IP)
[12:16:56] *** Quits: Lunia_Stark (ellen@ChumPony.Enterprises) (Connection closed)
[12:17:58] *** Joins: Lunia (ellen@ChumPony.Enterprises)
[12:19:16] *** Joins: Gumball_Crash (GumballCras@Pony-svbp6u.nh.comcast.net)
[12:21:30] *** Quits: Pi (Pi@Pony-0hm.5cm.208.112.IP) (Connection closed)
[12:21:47] *** Joins: Pi (Pi@Pony-0hm.5cm.208.112.IP)
[12:22:22] *** Quits: GumballCrash (GumballCras@0.to.pony.10secondsflat) (Ping timeout: 121 seconds)
[12:44:22] *** Joins: El (quassel@Pony-agnu6g.com)
[12:45:19] *** Quits: Electron (Miranda@Pony-8ts.p6t.87.213.IP) (Quit: ponies)
[12:45:25] *** El is now known as Electron
[13:54:35] *** Eventide|Sleepies is now known as Eventide
[14:33:08] *** Joins: SleepyDinky (uid68367@Pony-iqpu60.ealing.irccloud.com)
[14:33:49] *** SleepyDinky is now known as ProteinDinky
[14:50:20] *** Quits: TecknoJock (TecknoJock@TecknoJock) (Ping timeout: 121 seconds)
[14:52:18] *** Joins: TecknoJock (TecknoJock@TecknoJock)
[15:12:36] *** Quits: Pi (Pi@Pony-0hm.5cm.208.112.IP) (Quit: Lend us 10p for a cuppa tea?)
[15:29:27] *** ProteinDinky is now known as DinkyDoo
[15:59:15] *** Joins: Pi (Mibbit@Pony-r1i.seb.53.122.IP)
[16:03:32] *** Quits: Lapsus (Lapsus@i-forget.ca) (Ping timeout: 121 seconds)
[16:42:02] *** Joins: Hivana (Hivana@Pony-tkr14n.nctv.com)
[16:42:34] *** Joins: Azure_Charm (Hivana@Pony-tkr14n.nctv.com)
[16:42:48] *** Quits: Azure_Charm (Hivana@Pony-tkr14n.nctv.com) (Connection closed)
[17:14:21] *** Joins: LightningCrash (lightning@Pony-bal.gi8.129.65.IP)
[17:32:55] *** Joins: Persona (Tilde@Pony-g8ahnu.res.rr.com)
[17:44:07] *** Halcyon_Starlight is now known as Nully
[17:44:08] *** Nully is now known as Null
[17:51:41] *** Joins: Alcoholicorn (Alcoholicor@Pony-55oq0s.pool.hargray.net)
[17:52:29] *** Null is now known as Halcyon_Starlight
[17:58:22] *** Joins: Nelly (Halcyon@Anonlight.Starsarebeautiful)
[18:08:24] *** Quits: Hivana (Hivana@Pony-tkr14n.nctv.com) (Quit: Leaving)
[18:15:27] *** Joins: Bean6754 (WebChat@Pony-415ddv.range81-156.btcentralplus.com)
[18:15:32] <Bean6754> Hi. :)
[18:16:34] *** Quits: Bean6754 (WebChat@Pony-415ddv.range81-156.btcentralplus.com) (Quit: Page closed)
[18:35:49] *** Quits: DinkyDoo (uid68367@Pony-iqpu60.ealing.irccloud.com) (Quit: Connection closed for inactivity)
[18:50:50] *** Joins: SilverSpeed (Pegasus@Pony-crv.atu.134.187.IP)
[20:04:28] *** Quits: LightningCrash (lightning@property.of.moonlightning) (Quit: The Nightmares will collide. And become a dream. <3)
[20:16:52] *** Quits: Pi (Mibbit@Pony-r1i.seb.53.122.IP) (Quit: http://www.mibbit.com ajax IRC Client)
[20:34:51] *** GigaZzz is now known as Gigabit
[20:45:44] *** Joins: Lapsus (Lapsus@Pony-5m46mf.cable.rogers.com)
[20:51:45] *** SilverSpeed is now known as Meowstic
[20:52:19] *** Joins: Pi (Pi@Pony-0hm.5cm.208.112.IP)
[20:56:17] *** Nelly is now known as BlackCat
[21:06:41] *** Gigabit is now known as GigaWork
[21:10:36] *** Quits: Pi (Pi@Pony-0hm.5cm.208.112.IP) (Quit: Lend us 10p for a cuppa tea?)
[21:25:45] *** Joins: HyperDash (WebChat@Pony-h0l59g.dyn.centurytel.net)
[21:46:21] *** Quits: Alcoholicorn (Alcoholicor@Pony-55oq0s.pool.hargray.net) (Ping timeout: 121 seconds)
[22:01:04] *** Quits: Meowstic (Pegasus@Pony-crv.atu.134.187.IP) (Quit: TO THE MOON!!!)
[22:02:18] *** Joins: Thpofl (pzkixqhzqdo@Pony-qp3cgh.rev.numericable.fr)
[22:02:40] <Thpofl> hi  :)
[22:03:42] <Eventide> Yo
[22:03:47] <Thpofl> Does anyone know the name of this song
[22:03:52] <Thpofl> https://www.youtube.com/watch?v=DKj6-QyS9Bc
[22:04:15] <Thpofl> It's so beautiful *_*
[22:11:24] *** Joins: Alcoholicorn (Alcoholicor@Pony-55oq0s.pool.hargray.net)
[22:14:12] *** Quits: Thpofl (pzkixqhzqdo@Pony-qp3cgh.rev.numericable.fr) (Quit: Quitte)
[22:22:28] *** Quits: Persona (Tilde@Pony-g8ahnu.res.rr.com) (Ping timeout: 121 seconds)
[22:27:19] *** Quits: HyperDash (WebChat@Pony-h0l59g.dyn.centurytel.net) (Quit: Page closed)
[22:32:04] *** Joins: WulfricChaser (~WebChat@Pony-3bjic9.sntcca.sbcglobal.net)
[23:07:17] *** Quits: Lunia (ellen@ChumPony.Enterprises) (Connection closed)
[23:22:29] *** Joins: Lunia (ellen@ChumPony.Enterprises)
[23:26:16] *** Joins: Persona (Tilde@Pony-g8ahnu.res.rr.com)
[23:27:40] *** Joins: Hivana (Hivana@Pony-tkr14n.nctv.com)
[23:44:39] *** Joins: Personifire (Tilde@Pony-g8ahnu.res.rr.com)
[23:48:14] *** Quits: Persona (Tilde@Pony-g8ahnu.res.rr.com) (Ping timeout: 121 seconds)
[23:48:30] *** Joins: Persona (Tilde@Pony-g8ahnu.res.rr.com)
[23:48:51] *** Quits: Personifire (Tilde@Pony-g8ahnu.res.rr.com) (Ping timeout: 121 seconds)
[23:51:28] *** Creeps|AFK is now known as RedHelper
