[00:21:37] *** Quits: Phase (Phase4@Pony-72i3r3.internode.on.net) (Quit: Leaving)
[00:25:48] *** Joins: Phase (Phase4@Pony-72i3r3.internode.on.net)
[00:26:14] *** Quits: Melanosuchus (quassel@Pony-asba80.as13285.net) (Connection closed)
[00:30:19] *** Joins: Googolplexed (Googol@gnaws.on.keratin.and.ears)
[00:30:20] *** Luna sets mode: +o Googolplexed
[00:33:12] *** Googolplexed is now known as Googie
[00:40:19] *** Quits: Phase (Phase4@Pony-72i3r3.internode.on.net) (Quit: Leaving)
[00:44:18] *** Quits: Electron (Miranda@Pony-98q5fl.is74.ru) (Connection closed)
[00:53:06] *** Joins: Alcoholicorn (Alcoholicor@Pony-55oq0s.pool.hargray.net)
[01:01:49] *** GigaWork is now known as Gigabit
[01:05:48] *** Quits: TecknoJock (TecknoJock@TecknoJock) (Ping timeout: 121 seconds)
[01:08:54] *** Joins: TecknoJock (TecknoJock@TecknoJock)
[01:11:18] *** Quits: Alcoholicorn (Alcoholicor@Pony-55oq0s.pool.hargray.net) (Ping timeout: 121 seconds)
[01:18:38] *** Joins: Pi (Pi@Pony-3id.d17.95.119.IP)
[01:19:47] *** Quits: TecknoJock (TecknoJock@TecknoJock) (Connection closed)
[01:21:19] *** Joins: TecknoJock (TecknoJock@TecknoJock)
[01:34:10] *** Joins: Alcoholicorn (Alcoholicor@Pony-55oq0s.pool.hargray.net)
[01:49:30] *** Quits: Alcoholicorn (Alcoholicor@Pony-55oq0s.pool.hargray.net) (Ping timeout: 121 seconds)
[02:09:39] *** Joins: Alcoholicorn (Alcoholicor@Pony-55oq0s.pool.hargray.net)
[02:13:53] *** Joins: Phase (Phase4@Pony-lu48ce.lnk.telstra.net)
[02:17:41] *** Quits: Googie (Googol@gnaws.on.keratin.and.ears) (Ping timeout: 241 seconds)
[02:29:08] *** Joins: Googie (Googol@gnaws.on.keratin.and.ears)
[02:29:08] *** Luna sets mode: +o Googie
[02:32:24] *** Joins: HyperDash (HyperDash@Pony-pveddk.wa.comcast.net)
[02:32:32] *** Quits: HyperDash (HyperDash@Pony-pveddk.wa.comcast.net) (Quit: Something amusing. Oh, and probably not enough caffiene.)
[02:46:35] *** Quits: Pi (Pi@Pony-3id.d17.95.119.IP) (Quit: *lick*)
[04:03:25] *** Joins: HyperDash (HyperDash@Pony-pveddk.wa.comcast.net)
[04:55:47] *** HyperDash is now known as HyperSleep
[06:28:17] *** Quits: HyperSleep (HyperDash@Pony-pveddk.wa.comcast.net) (A TLS packet with unexpected length was received.)
[06:29:49] *** Joins: HyperSleep (HyperDash@Pony-pveddk.wa.comcast.net)
[06:31:38] *** Quits: HyperSleep (HyperDash@Pony-pveddk.wa.comcast.net) (Connection closed)
[06:32:06] *** Joins: HyperSleep (HyperDash@Pony-pveddk.wa.comcast.net)
[06:36:29] *** Quits: HyperSleep (HyperDash@Pony-pveddk.wa.comcast.net) (Ping timeout: 121 seconds)
[06:40:43] *** Quits: Phase (Phase4@Pony-lu48ce.lnk.telstra.net) (Quit: Leaving)
[06:42:39] *** Joins: HyperSleep (HyperDash@Pony-pveddk.wa.comcast.net)
[06:47:02] *** Quits: HyperSleep (HyperDash@Pony-pveddk.wa.comcast.net) (Ping timeout: 121 seconds)
[06:50:02] *** Joins: HyperSleep (HyperDash@Pony-pveddk.wa.comcast.net)
[07:04:40] *** Quits: HyperSleep (HyperDash@Pony-pveddk.wa.comcast.net) (Quit: Something amusing. Oh, and probably not enough caffiene.)
[07:09:40] *** Gigabit is now known as Snoarin
[07:22:09] *** Eventide is now known as Eventide|Sleepies
[07:30:41] *** Quits: Aww (aww@Pony-ic0abh.online) (Quit: ♕ KEEP CALM AND COOKIE ON)
[07:30:49] *** Joins: Aww (aww@Pony-9dvp5j.sh)
[07:32:32] *** pony_123 is now known as texasboykc09
[07:33:32] *** Joins: Phase (Phase4@Pony-72i3r3.internode.on.net)
[08:25:55] *** Quits: Alcoholicorn (Alcoholicor@Pony-55oq0s.pool.hargray.net) (Ping timeout: 121 seconds)
[08:40:34] *** Joins: Alcoholicorn (Alcoholicor@Pony-55oq0s.pool.hargray.net)
[09:30:39] *** Quits: Alcoholicorn (Alcoholicor@Pony-55oq0s.pool.hargray.net) (Ping timeout: 121 seconds)
[09:36:27] *** Joins: Melanosuchus (quassel@Pony-0n95q6.as13285.net)
[11:50:27] *** Joins: Alcoholicorn (Alcoholicor@Pony-55oq0s.pool.hargray.net)
[12:39:17] *** Joins: Electron (Miranda@Pony-28477m.is74.ru)
[12:40:53] *** Joins: Pi (Pi@Pony-3id.d17.95.119.IP)
[13:16:55] *** Quits: Alcoholicorn (Alcoholicor@Pony-55oq0s.pool.hargray.net) (Ping timeout: 121 seconds)
[13:18:47] *** Joins: Alcoholicorn (Alcoholicor@Pony-55oq0s.pool.hargray.net)
[13:21:52] *** Electron is now known as Electron^Napping
[13:28:43] *** Quits: Alcoholicorn (Alcoholicor@Pony-55oq0s.pool.hargray.net) (Ping timeout: 121 seconds)
[14:33:01] *** Joins: Alcoholicorn (Alcoholicor@Pony-55oq0s.pool.hargray.net)
[15:14:55] *** Quits: Alcoholicorn (Alcoholicor@Pony-55oq0s.pool.hargray.net) (Ping timeout: 121 seconds)
[16:24:20] *** Snoarin is now known as GigaWork
[16:53:09] *** Quits: Pi (Pi@Pony-3id.d17.95.119.IP) (Quit: *lick*)
[16:59:34] *** Eventide|Sleepies is now known as Eventide
[17:19:40] *** Joins: Pony169 (~WebChat@Pony-t09pi7.res.rr.com)
[17:23:42] *** Quits: Pony169 (~WebChat@Pony-t09pi7.res.rr.com) (Ping timeout: 121 seconds)
[17:53:15] *** Lapsus is now known as Laps_out
[18:11:52] *** Electron^Napping is now known as Electron
[18:24:31] *** Joins: ChurchChill (WebChat@Pony-p92su3.ca.comcast.net)
[20:00:46] *** Quits: ChurchChill (WebChat@Pony-p92su3.ca.comcast.net) (Quit: Page closed)
[20:07:30] *** Joins: Phase4 (Phase4@Pony-r74qf3.internode.on.net)
[20:09:04] *** Quits: Phase (Phase4@Pony-72i3r3.internode.on.net) (Ping timeout: 121 seconds)
[20:39:56] *** Joins: HyperDash (HyperDash@Pony-pveddk.wa.comcast.net)
[21:14:19] *** Quits: LightningCrash (lightning@property.of.moonlightning) (Quit: The Nightmares will collide. And become a Dream. <3)
[21:23:15] *** Quits: Electron (Miranda@Pony-28477m.is74.ru) (Connection closed)
[21:36:14] *** Quits: HyperDash (HyperDash@Pony-pveddk.wa.comcast.net) (A TLS packet with unexpected length was received.)
[21:43:21] *** Joins: HyperDash (HyperDash@Pony-pveddk.wa.comcast.net)
[21:47:52] *** Quits: HyperDash (HyperDash@Pony-pveddk.wa.comcast.net) (Ping timeout: 121 seconds)
[21:51:01] *** Joins: HyperDash (HyperDash@Pony-pveddk.wa.comcast.net)
[21:52:13] *** Phase4 is now known as Phase
[22:01:10] *** Joins: Alcoholicorn (Alcoholicor@Pony-55oq0s.pool.hargray.net)
[22:06:32] *** Quits: HyperDash (HyperDash@Pony-pveddk.wa.comcast.net) (A TLS packet with unexpected length was received.)
[22:06:46] *** Joins: HyperDash (HyperDash@Pony-pveddk.wa.comcast.net)
[22:17:32] *** Quits: Alcoholicorn (Alcoholicor@Pony-55oq0s.pool.hargray.net) (Ping timeout: 121 seconds)
[22:19:33] *** Quits: HyperDash (HyperDash@Pony-pveddk.wa.comcast.net) (A TLS packet with unexpected length was received.)
[22:21:29] *** Joins: HyperDash (HyperDash@Pony-pveddk.wa.comcast.net)
[23:06:46] *** Quits: HyperDash (HyperDash@Pony-pveddk.wa.comcast.net) (A TLS packet with unexpected length was received.)
[23:25:08] *** Joins: Dustrunner (eventide@Tips.Fedora)
[23:28:13] *** Quits: Aww (aww@Pony-9dvp5j.sh) (Quit: ♕ KEEP CALM AND COOKIE ON)
[23:30:46] *** Joins: Alcoholicorn (Alcoholicor@Pony-55oq0s.pool.hargray.net)
[23:41:53] *** Quits: Alcoholicorn (Alcoholicor@Pony-55oq0s.pool.hargray.net) (Connection closed)
