[01:00:28] *** Joins: DinkyDoo (uid68367@Pony-ro674f.charlton.irccloud.com)
[02:59:59] *** Joins: Persona (Tilde@Pony-g8ahnu.res.rr.com)
[03:08:00] *** Quits: Phase (Phase4@Pony-llq41f.optusnet.com.au) (Ping timeout: 121 seconds)
[03:12:08] *** Quits: DinkyDoo (uid68367@Pony-ro674f.charlton.irccloud.com) (Quit: Connection closed for inactivity)
[03:14:28] *** Joins: Pi (Pi@Pony-e4b.lgb.206.112.IP)
[03:18:24] *** Quits: zpony (WebChat@Pony-aumnnh.res.rr.com) (Quit: Page closed)
[04:07:30] *** Parts: MichaelXX2 (MichaelXX2@Pony-8lu.6bp.217.173.IP) ("Leaving")
[04:38:03] *** Joins: Phase (Phase4@Pony-llq41f.optusnet.com.au)
[04:47:58] *** Ashley is now known as Ashfire
[04:55:04] *** Asis is now known as Asis|Away
[05:19:30] *** Quits: Phase (Phase4@Pony-llq41f.optusnet.com.au) (Ping timeout: 121 seconds)
[05:20:20] *** Joins: Phase (Phase4@Pony-llq41f.optusnet.com.au)
[06:07:40] *** Quits: TSparkle3395 (TSparkle339@Pony-oas72s.ks.cox.net) (Ping timeout: 121 seconds)
[06:18:30] *** Joins: Novus (WebChat@Pony-08r22h.fl.comcast.net)
[06:22:32] *** Quits: Novus (WebChat@Pony-08r22h.fl.comcast.net) (Ping timeout: 121 seconds)
[06:39:39] *** Asis|Away is now known as Asis
[07:07:17] *** Quits: Phase (Phase4@Pony-llq41f.optusnet.com.au) (Ping timeout: 121 seconds)
[07:09:59] *** Creeps|AFK is now known as RedHelper
[07:12:53] *** Quits: Nintendo4DS (Nintendo3DS@Pony-eeqc0u.res.rr.com) (Quit: "physics is a concept invented by the air force to sell us money" -- Anonymous)
[07:13:12] *** Joins: Phase (Phase4@Pony-e5f6up.optusnet.com.au)
[07:21:39] *** Asis is now known as Asis|Sleep
[09:03:58] *** Quits: Phase (Phase4@Pony-e5f6up.optusnet.com.au) (Ping timeout: 121 seconds)
[09:06:50] *** Joins: Phase (Phase4@Pony-e5f6up.optusnet.com.au)
[09:12:46] *** Asis|Sleep is now known as Asis
[09:14:04] *** RedHelper is now known as Creeps|AFK
[10:39:59] *** Quits: Phase (Phase4@Pony-e5f6up.optusnet.com.au) (Ping timeout: 121 seconds)
[10:54:12] *** Joins: Phase (Phase4@Pony-8ppmq4.optusnet.com.au)
[11:27:35] *** Quits: Phase (Phase4@Pony-8ppmq4.optusnet.com.au) (Ping timeout: 121 seconds)
[11:29:39] *** Asis is now known as Asis|Depression
[11:37:15] *** Joins: Phase (Phase4@Pony-8ppmq4.optusnet.com.au)
[13:58:58] *** Quits: Pi (Pi@Pony-e4b.lgb.206.112.IP) (Quit: Lend us 10p for a cuppa tea?)
[14:22:58] *** Quits: Phase (Phase4@Pony-8ppmq4.optusnet.com.au) (Connection closed)
[14:24:35] *** Joins: Phase (Phase4@Pony-8ppmq4.optusnet.com.au)
[15:04:37] *** Quits: Phase (Phase4@Pony-8ppmq4.optusnet.com.au) (Ping timeout: 121 seconds)
[15:17:59] *** Joins: Pi (Mibbit@Pony-b6r.oia.95.119.IP)
[16:21:47] *** Joins: DinkyDoo (uid68367@Pony-ro674f.charlton.irccloud.com)
[16:39:31] *** Joins: SilverSpeed (Pegasus@Pony-d4q.hna.243.177.IP)
[16:49:26] *** Joins: TSparkle3395 (TSparkle339@Pony-oas72s.ks.cox.net)
[17:39:56] *** Joins: Tahlorz (rattle@Pony-5pqfvb.ph.cox.net)
[18:27:17] *** Quits: Electron (quassel@Pony-ma9.9dh.9.5.IP) (Ping timeout: 121 seconds)
[18:29:08] *** Joins: Electron (quassel@Pony-agnu6g.com)
[18:33:10] *** Quits: Electron (quassel@Pony-agnu6g.com) (Ping timeout: 121 seconds)
[18:42:08] *** Quits: DinkyDoo (uid68367@Pony-ro674f.charlton.irccloud.com) (Quit: Connection closed for inactivity)
[18:51:59] *** Quits: Tahlorz (rattle@Pony-5pqfvb.ph.cox.net) (Quit: )
[19:11:36] *** Quits: SilverSpeed (Pegasus@Pony-d4q.hna.243.177.IP) (Connection closed)
[19:40:19] *** Creeps|AFK is now known as RedHelper
[20:00:17] *** Asis|Depression is now known as Asis|Away
[20:10:27] *** Gigabit is now known as GigaTown
[20:11:27] *** Joins: Lillyxlut (Lillykitty@Pony-t90ann.east.verizon.net)
[20:11:59] *** Parts: Lillyxlut (Lillykitty@Pony-t90ann.east.verizon.net) ("Leaving")
[21:01:56] *** Asis|Away is now known as Asis
[21:28:56] *** Joins: Alcoholicorn (Alcoholicor@Pony-55oq0s.pool.hargray.net)
[22:18:12] *** Quits: Pi (Mibbit@Pony-b6r.oia.95.119.IP) (Quit: http://www.mibbit.com ajax IRC Client)
[23:44:20] *** Colgate is now known as Minuette
[23:44:47] *** Princess_AppleDash is now known as Colgate
[23:44:48] *** Colgate is now known as Pony_27115
[23:45:06] *** Pony_27115 is now known as Princess_AppleDash
[23:45:32] *** Joins: DinkyDoo (uid68367@Pony-ro674f.charlton.irccloud.com)
