[00:12:04] *** Joins: SilverSpeed (Pegasus@Pony-mvf.e92.161.189.IP)
[00:25:32] *** Quits: SilverSpeed (Pegasus@Pony-mvf.e92.161.189.IP) (Ping timeout: 121 seconds)
[00:25:41] *** Joins: SilverSpeed (Pegasus@Pony-mvf.e92.161.189.IP)
[00:26:41] *** Quits: SilverSpeed (Pegasus@Pony-mvf.e92.161.189.IP) (Quit: Nettalk6 - www.ntalk.de)
[00:26:47] *** Joins: SilverSpeed (Pegasus@Pony-mvf.e92.161.189.IP)
[00:26:49] *** Esis is now known as Esis|Away
[00:28:50] *** Quits: SilverSpeed (Pegasus@Pony-mvf.e92.161.189.IP) (Quit: Nettalk6 - www.ntalk.de)
[00:30:23] *** Joins: SilverSpeed (Pegasus@Pony-mvf.e92.161.189.IP)
[00:40:05] *** GigaWork is now known as GamerArtemis
[00:42:38] *** Esis|Away is now known as Esis
[01:05:04] *** Quits: Nelly (Neutral@tor.sasl.Nelly) (The TLS connection was non-properly terminated.)
[01:06:00] *** Joins: Nelly (Neutral@Anonlight.Starsarebeautiful)
[01:15:36] *** Joins: TSparkle3395 (DJKrillik@Pony-oas72s.ks.cox.net)
[01:42:30] *** GeekBrony|MLP-MSP is now known as GeekBrony
[01:47:12] *** Joins: Pi (Pi@Pony-5od.n1s.95.119.IP)
[01:53:05] *** Quits: Pi (Pi@Pony-5od.n1s.95.119.IP) (Ping timeout: 121 seconds)
[02:01:02] *** Joins: LightningCrash (lightning@Pony-35aoef.ph.cox.net)
[02:40:15] *** Joins: Pi (Pi@Pony-5od.n1s.95.119.IP)
[02:50:24] *** Quits: Pi (Pi@Pony-5od.n1s.95.119.IP) (Ping timeout: 121 seconds)
[03:06:11] *** Quits: Toothpaste (uid63062@Pony-tbaiid.charlton.irccloud.com) (Quit: I died)
[03:11:26] *** Quits: SilverSpeed (Pegasus@Pony-mvf.e92.161.189.IP) (Quit: TO THE MOON!!!)
[03:45:21] *** Joins: Pi (Pi@Pony-5od.n1s.95.119.IP)
[04:10:19] *** Joins: DinkyDoo (uid68367@Pony-ro674f.charlton.irccloud.com)
[04:38:40] *** GamerArtemis is now known as Gigabit
[05:12:50] *** Joins: lightIRC_9444 (bwuhzvnwlmq@Pony-irmin9.mbb.telenor.dk)
[05:13:12] *** Parts: lightIRC_9444 (bwuhzvnwlmq@Pony-irmin9.mbb.telenor.dk) ()
[05:13:43] *** Nelly is now known as Cathie
[05:19:59] *** Cathie is now known as Catherine
[06:02:09] *** RedHelper is now known as Creeps|AFK
[06:41:41] *** Ashfire is now known as Ash[Away]
[06:47:25] *** Quits: LightningCrash (lightning@property.of.moonlightning) (Quit: The Nightmares will collide. And become a dream. <3)
[07:09:08] *** Catherine is now known as Nelly
[07:09:22] *** Nelly is now known as Nully
[07:18:01] *** Null is now known as NikkieMinaj
[07:19:43] *** NikkieMinaj is now known as Catherine
[07:32:05] *** Quits: DinkyDoo (uid68367@Pony-ro674f.charlton.irccloud.com) (Quit: Connection closed for inactivity)
[07:39:07] *** Catherine is now known as Null
[07:43:00] *** Null is now known as Notsureagain
[08:00:32] *** Joins: Rainb (rainb@Pony-cn5.akh.50.181.IP)
[08:02:59] *** Joins: Neutral (Neutral@Anonlight.Starsarebeautiful)
[08:05:08] *** Quits: Nully (Neutral@Anonlight.Starsarebeautiful) (Ping timeout: 121 seconds)
[08:27:28] *** Notsureagain is now known as Natural
[08:35:43] *** Natural is now known as Neberal
[08:37:23] *** Quits: Persona (Tilde@Pony-g8ahnu.res.rr.com) (Ping timeout: 121 seconds)
[08:43:48] *** Pi is now known as Pi_Away
[09:02:33] *** Quits: Pi_Away (Pi@Pony-5od.n1s.95.119.IP) (Ping timeout: 121 seconds)
[09:16:38] *** Chocolate_Chip is now known as DJ_Choco[Live]
[10:30:08] *** Joins: Pi (Pi@Pony-5od.n1s.95.119.IP)
[10:30:22] *** Quits: Rainb (rainb@Pony-cn5.akh.50.181.IP) (Ping timeout: 121 seconds)
[11:14:13] *** Quits: Q0 (Q0@literallyshit.net) (Ping timeout: 121 seconds)
[11:16:59] *** Joins: Q0 (Q0@literallyshit.net)
[11:21:29] *** Q0 is now known as Q0|Away
[11:43:49] *** Awaykitty is now known as Unixkitty
[12:05:03] *** Joins: Alcoholicorn (Alcoholicor@Pony-55oq0s.pool.hargray.net)
[14:39:59] *** Quits: Pi (Pi@Pony-5od.n1s.95.119.IP) (Quit: Lend us 10p for a cuppa tea?)
[15:52:09] *** Creeps|AFK is now known as RedHelper
[16:22:09] *** Electron is now known as |-e|
[16:49:14] *** Quits: Alcoholicorn (Alcoholicor@Pony-55oq0s.pool.hargray.net) (Ping timeout: 121 seconds)
[17:01:51] *** Joins: LightningCrash (lightning@Pony-35aoef.ph.cox.net)
[17:13:17] *** Joins: Rainb (rainb@Pony-cn5.akh.50.181.IP)
[17:15:12] *** Joins: Alcoholicorn (Alcoholicor@Pony-55oq0s.pool.hargray.net)
[17:30:56] *** Quits: Rainb (rainb@Pony-cn5.akh.50.181.IP) (Ping timeout: 121 seconds)
[17:36:24] *** Joins: Rainb (rainb@Pony-cn5.akh.50.181.IP)
[18:15:01] *** Quits: Rainb (rainb@Pony-cn5.akh.50.181.IP) (Ping timeout: 121 seconds)
[18:24:41] *** Gigabit is now known as GigaWork
[18:31:57] *** Neutral is now known as SableFeline
[18:54:42] *** Unixkitty is now known as Awaykitty
[19:08:06] *** Joins: SilverSpeed (Pegasus@Pony-d4q.hna.243.177.IP)
[19:10:19] *** Joins: Rainb (rainb@Pony-cn5.akh.50.181.IP)
[19:19:11] *** Quits: LightningCrash (lightning@property.of.moonlightning) (Quit: My Mac has gone to sleep. ZZZzzz…)
[19:20:59] *** Joins: Persona (Tilde@Pony-g8ahnu.res.rr.com)
[19:30:49] *** Joins: LightningCrash (lightning@Pony-35aoef.ph.cox.net)
[19:58:00] *** Neberal is now known as Null
[19:58:56] *** Quits: Rainb (rainb@Pony-cn5.akh.50.181.IP) (Ping timeout: 121 seconds)
[20:09:44] *** GigaWork is now known as worthless
[20:10:28] *** Joins: Rainb (rainb@Pony-cn5.akh.50.181.IP)
[20:21:21] *** Quits: Rainb (rainb@Pony-cn5.akh.50.181.IP) (Ping timeout: 121 seconds)
[20:24:33] *** SableFeline is now known as Catherine
[20:41:24] *** Joins: Rainb (rainb@Pony-cn5.akh.50.181.IP)
[20:48:06] *** Esis is now known as Esis|Nap
[20:49:50] *** Catherine is now known as Nelly
[21:34:10] *** Quits: LightningCrash (lightning@property.of.moonlightning) (Quit: My Mac has gone to sleep. ZZZzzz…)
[21:52:45] *** Joins: LightningCrash (lightning@Pony-35aoef.ph.cox.net)
[21:52:53] *** Quits: LightningCrash (lightning@Pony-35aoef.ph.cox.net) (Connection closed)
[22:05:53] *** Joins: Caerdwyn (midnight@always.broken.sometimes.patched.never.fixed)
[22:08:08] *** Quits: Caerdwyn (midnight@always.broken.sometimes.patched.never.fixed) (Quit: ZNC - 1.6.0 - http://znc.in)
[22:16:45] *** Quits: Alcoholicorn (Alcoholicor@Pony-55oq0s.pool.hargray.net) (Ping timeout: 121 seconds)
[22:30:52] *** Joins: stockpile (bastian@Pony-v6b.bde.226.130.IP)
[22:35:46] *** Joins: Pony_8 (WebChat@Pony-005.gro.248.50.IP)
[22:44:48] *** Joins: Pi (Pi@Pony-5od.n1s.95.119.IP)
[22:56:35] *** Quits: SilverSpeed (Pegasus@Pony-d4q.hna.243.177.IP) (Quit: TO THE MOON!!!)
[22:57:47] *** Joins: Caerdwyn (midnight@always.broken.sometimes.patched.never.fixed)
[23:02:38] *** Quits: Caerdwyn (midnight@always.broken.sometimes.patched.never.fixed) (Quit: ZNC - 1.6.0 - http://znc.in)
[23:09:05] *** Quits: Pi (Pi@Pony-5od.n1s.95.119.IP) (Quit: Lend us 10p for a cuppa tea?)
[23:19:43] *** Quits: TSparkle3395 (DJKrillik@Pony-oas72s.ks.cox.net) (Ping timeout: 121 seconds)
[23:20:06] *** DJ_Choco[Live] is now known as Chocolate_Chip
[23:41:29] *** Quits: Nelly (Neutral@Anonlight.Starsarebeautiful) (Ping timeout: 121 seconds)
[23:44:29] *** Joins: LightningCrash (lightning@Pony-35aoef.ph.cox.net)
