[00:04:42] *** Quits: Zuzu (zuzu@is.robo.licious) (Quit: My Mac has gone to sleep. ZZZzzz…)
[00:18:19] *** Joins: Zuzu (zuzu@is.robo.licious)
[00:26:21] *** Quits: Alcoholicorn (Alcoholicor@Pony-55oq0s.pool.hargray.net) (Ping timeout: 121 seconds)
[00:35:22] *** Joins: Rainb (rainb@Pony-dqp.p0a.50.181.IP)
[01:55:15] *** PeakVolu1e is now known as PeakVolume
[02:01:10] *** Quits: Electron (Miranda@Pony-mio8uf.is74.ru) (Quit: Miranda IM! Smaller, Faster, Easier. http://miranda-im.org)
[02:38:14] *** Joins: HyperDash (HyperDash@Pony-pveddk.wa.comcast.net)
[03:22:36] *** Quits: Colgate (rabbit@brushie.horse) (Quit: Luna IRC 1.0.1. Praise the goddess of the night.)
[03:33:10] *** Joins: Colgate (rabbit@brushie.horse)
[03:33:10] *** Luna sets mode: +ao Colgate Colgate
[03:41:31] *** Quits: Colgate (rabbit@brushie.horse) (Quit: Luna IRC 1.0.1. Praise the goddess of the night.)
[03:41:41] *** Joins: Colgate (rabbit@brushie.horse)
[03:41:41] *** Luna sets mode: +ao Colgate Colgate
[04:08:00] *** Quits: Colgate (rabbit@brushie.horse) (Quit: Luna IRC 1.3. Praise the goddess of the night.)
[04:08:08] *** Seoson is now known as Seoson|BNC
[04:08:21] *** Joins: Colgate (rabbit@brushie.horse)
[04:08:21] *** Luna sets mode: +ao Colgate Colgate
[04:46:32] *** Gigabit is now known as Gigaway
[04:52:52] *** Quits: Rainb (rainb@Pony-dqp.p0a.50.181.IP) (Ping timeout: 121 seconds)
[05:19:07] *** Joins: Rainb (rainb@Pony-dqp.p0a.50.181.IP)
[05:40:58] *** Joins: plushie_pegasus (IceChat78@Pony-vvglke.ph.cox.net)
[05:41:32] <plushie_pegasus> Colgate, get me a lyra plushie at the con LOL
[05:41:46] <Colgate> no :P
[05:41:54] <plushie_pegasus> Aww :(
[05:42:06] <Colgate> I already have the only plushie I will ever need :)
[05:42:21] <plushie_pegasus> Which pony?
[05:42:28] <Colgate> 1 guess
[05:42:42] <plushie_pegasus> Colgate?
[05:42:51] <Colgate> nah, it was Stormy Skies
[05:42:59] <Colgate> of course it is Colgate XD
[05:43:05] <plushie_pegasus> ohh ok
[05:43:50] <AppleDash> ;p;
[05:43:54] <AppleDash> lol*
[05:46:07] <plushie_pegasus> http://img04.deviantart.net/9481/i/2013/031/f/b/colgate_pony_by_mlpt_fan-d5texa5.jpg
[05:46:41] <Colgate> this one specifically http://zis-zas.deviantart.com/art/Brushie-Brushie-346041254
[05:47:03] <plushie_pegasus> Cool
[05:50:01] <plushie_pegasus> off to bed, goodnight
[05:50:29] <Colgate> cya
[05:55:10] *** Quits: plushie_pegasus (IceChat78@I.Love.plushies) (Quit: Take my advice. I don't use it anyway)
[06:05:21] *** Joins: Pony_5 (WebChat@Pony-3m3ldd.client.bresnan.net)
[06:06:12] *** Pony_5 is now known as WordyNotes
[06:06:15] *** Parts: WordyNotes (WebChat@Pony-3m3ldd.client.bresnan.net) ("")
[06:17:26] *** Joins: Alcoholicorn (Alcoholicor@Pony-55oq0s.pool.hargray.net)
[06:22:58] *** Quits: Alcoholicorn (Alcoholicor@Pony-55oq0s.pool.hargray.net) (Ping timeout: 121 seconds)
[06:48:37] *** Quits: HyperDash (HyperDash@Pony-pveddk.wa.comcast.net) (Quit: Improbability Drive + Sleep + Bistromathics = 42. Ask nothing.)
[06:55:56] *** Gigaway is now known as Gigabit
[07:35:22] *** Joins: Alcoholicorn (Alcoholicor@Pony-55oq0s.pool.hargray.net)
[07:48:22] *** Eventide is now known as Eventide|Sleepies
[07:54:29] *** RedHelper is now known as Creeps|AFK
[08:09:32] *** Quits: Phase (Phase4@Pony-lu48ce.lnk.telstra.net) (Ping timeout: 121 seconds)
[08:14:50] *** Quits: Rainb (rainb@Pony-dqp.p0a.50.181.IP) (Ping timeout: 121 seconds)
[08:58:08] *** Joins: Phase (Phase4@Pony-f34100.internode.on.net)
[10:32:03] *** Quits: Alcoholicorn (Alcoholicor@Pony-55oq0s.pool.hargray.net) (Ping timeout: 121 seconds)
[11:36:11] *** Quits: Phase (Phase4@Pony-f34100.internode.on.net) (Ping timeout: 121 seconds)
[12:12:51] *** Joins: Rainb (rainb@Pony-dqp.p0a.50.181.IP)
[12:17:09] *** Quits: Rainb (rainb@Pony-dqp.p0a.50.181.IP) (Ping timeout: 121 seconds)
[14:16:00] *** Joins: Pi (Pi@Pony-v2t.m6q.95.119.IP)
[14:16:11] *** Joins: Saxopi (Pi@Pony-v2t.m6q.95.119.IP)
[14:23:36] *** Joins: Alcoholicorn (Alcoholicor@Pony-55oq0s.pool.hargray.net)
[14:37:55] *** Joins: Electron (Miranda@Pony-vuh35s.is74.ru)
[14:40:08] *** Seoson|BNC is now known as Seoson
[14:42:15] *** Electron is now known as Electron^Cooking
[14:54:41] *** Quits: Saxopi (Pi@Pony-v2t.m6q.95.119.IP) (Quit: *lick*)
[15:46:09] *** Quits: QueenMeanie (sid123896@Pony-b3kbuu.irccloud.com) (Ping timeout: 121 seconds)
[15:54:40] *** Quits: Alcoholicorn (Alcoholicor@Pony-55oq0s.pool.hargray.net) (Ping timeout: 121 seconds)
[16:03:58] *** Joins: QueenMeanie (sid123896@Pony-b3kbuu.irccloud.com)
[16:08:50] *** Seoson is now known as Seoson|BNC
[16:23:33] *** Joins: Alcoholicorn (Alcoholicor@Pony-55oq0s.pool.hargray.net)
[16:27:51] *** Quits: Zuzu (zuzu@is.robo.licious) (Ping timeout: 121 seconds)
[16:40:40] *** Joins: Rainb (rainb@Pony-dqp.p0a.50.181.IP)
[16:42:20] *** Quits: Pi (Pi@Pony-v2t.m6q.95.119.IP) (Quit: *lick*)
[16:47:06] *** Eventide|Sleepies is now known as Eventide
[18:09:12] *** Electron^Cooking is now known as Electron
[19:07:10] *** Quits: QueenMeanie (sid123896@Pony-b3kbuu.irccloud.com) (A TLS packet with unexpected length was received.)
[19:08:02] *** Quits: Rainb (rainb@Pony-dqp.p0a.50.181.IP) (Ping timeout: 121 seconds)
[19:37:06] *** Joins: QueenMeanie (sid123896@Pony-b3kbuu.irccloud.com)
[20:35:38] *** Seoson|BNC is now known as Seoson
[20:44:58] *** Quits: Alcoholicorn (Alcoholicor@Pony-55oq0s.pool.hargray.net) (Ping timeout: 121 seconds)
[21:10:02] *** Eclipse is now known as Moka
[21:16:19] *** Joins: Alcoholicorn (Alcoholicor@Pony-55oq0s.pool.hargray.net)
[21:17:50] *** Joins: Phase (Phase4@Pony-lu48ce.lnk.telstra.net)
[21:38:42] *** Joins: Anon|55721 (Anon55721@Pony-4jb.pmv.252.187.IP)
[21:38:50] <Anon|55721> #FalloutEquestria
[21:38:52] *** Parts: Anon|55721 (Anon55721@Pony-4jb.pmv.252.187.IP) ()
[22:33:17] *** Quits: |-e| (Electron@Pony-fkc.i75.99.192.IP) (A TLS packet with unexpected length was received.)
[22:33:17] *** Quits: Sakura (Sakura@is.a.very.derpy.pony) (A TLS packet with unexpected length was received.)
[22:33:17] *** Quits: GeekBrony (GB@bronydom.net) (A TLS packet with unexpected length was received.)
[22:33:17] *** Quits: Dusk (Dusk@dusky.horse) (A TLS packet with unexpected length was received.)
[22:33:17] *** Quits: Ashfire (Ashfire@Ashfire.bronytv.net) (A TLS packet with unexpected length was received.)
[22:33:17] *** Quits: sleumas2000 (sleumas2000@my.little.karaoke) (Connection closed)
[22:39:28] *** Joins: El (Electron@Pony-tnl.79j.196.5.IP)
[22:39:32] *** Joins: Sakura (Sakura@Pony-tnl.79j.196.5.IP)
[22:40:02] *** Joins: Asis (Asis@The.forgotten.Pony.Asis)
[22:40:27] *** El is now known as Pony_8069
[22:40:30] *** Sakura is now known as Pony_63170
[22:40:31] *** Joins: GeekBrony (GB@bronydom.net)
[22:43:35] *** Joins: sleumas2000 (sleumas2000@my.little.karaoke)
[22:59:24] *** Quits: Pony_8069 (Electron@Pony-tnl.79j.196.5.IP) (Quit: I changed atom.)
[22:59:24] *** Quits: Pony_63170 (Sakura@Pony-tnl.79j.196.5.IP) (Quit: Dusk is tinkering with me. Will reboot later.)
[22:59:24] *** Quits: Asis (Asis@The.forgotten.Pony.Asis) (Quit: Dusk broke it. I blame her.)
[22:59:24] *** Quits: GeekBrony (GB@bronydom.net) (Quit: I should be back later.)
[22:59:24] *** Quits: sleumas2000 (sleumas2000@my.little.karaoke) (Quit: Dance with Death! Fight the good Fight! Or alternatively, stay at home and do nothing instead. Either's fine by me!)
[23:00:03] *** Joins: El (Electron@Pony-fkc.i75.99.192.IP)
[23:00:07] *** Joins: Sakura (Sakura@Pony-fkc.i75.99.192.IP)
[23:00:54] *** Joins: Dusk (Dusk@dusky.horse)
[23:01:02] *** El is now known as Pony_75148
[23:01:05] *** Sakura is now known as Pony_38649
[23:01:09] *** Joins: GeekBrony (GB@bronydom.net)
[23:03:01] *** Joins: sleumas2000 (sleumas2000@my.little.karaoke)
[23:04:02] *** Joins: Ashley (Ashfire@Pony-fkc.i75.99.192.IP)
[23:05:46] *** Joins: Rainb (rainb@Pony-dqp.p0a.50.181.IP)
[23:10:05] *** Quits: Rainb (rainb@Pony-dqp.p0a.50.181.IP) (Ping timeout: 121 seconds)
[23:12:37] *** Pony_38649 is now known as Sakura
[23:16:39] *** Joins: Zuzu (zuzu@is.robo.licious)
[23:30:53] *** Quits: MichaelXX2 (MichaelXX2@Pony-1h6.o6q.211.209.IP) (Quit: Leaving)
[23:34:42] *** Joins: MichaelXX2 (MichaelXX2@Pony-1h6.o6q.211.209.IP)
[23:34:58] *** Quits: Electron (Miranda@Pony-vuh35s.is74.ru) (Connection closed)
[23:55:18] *** Joins: Pi (Pi@Pony-v74.hd1.208.112.IP)
