[00:17:03] *** Quits: Zuzu (zuzu@is.robo.licious) (Ping timeout: 121 seconds)
[00:19:56] *** Quits: Alcoholicorn (Alcoholicor@Pony-55oq0s.pool.hargray.net) (Ping timeout: 121 seconds)
[00:30:59] *** Joins: Alcoholicorn (Alcoholicor@Pony-55oq0s.pool.hargray.net)
[01:30:09] *** Quits: Alcoholicorn (Alcoholicor@Pony-55oq0s.pool.hargray.net) (Ping timeout: 121 seconds)
[01:37:08] *** Joins: Corrine (Corrine@Pony-7dm.pfc.20.184.IP)
[01:42:22] *** Quits: Corrine (Corrine@Pony-7dm.pfc.20.184.IP) (Quit: Leaving)
[01:56:46] *** Quits: nnnn20430 (nnnn20430@mindcraft.si.eu.org) (The TLS connection was non-properly terminated.)
[01:59:37] *** Joins: nnnn20430 (nnnn20430@mindcraft.si.eu.org)
[02:16:39] *** Joins: HyperDash (HyperDash@Pony-pveddk.wa.comcast.net)
[02:16:58] *** Quits: HyperDash (HyperDash@Pony-pveddk.wa.comcast.net) (Quit: Something amusing. Oh, and probably not enough caffiene.)
[02:22:12] *** Joins: HyperDash (HyperDash@Pony-pveddk.wa.comcast.net)
[02:29:51] *** Joins: Electron (Miranda@Pony-u5oba7.is74.ru)
[02:47:12] *** Joins: GigabitHarmonie (WebChat@Pony-ce9gi2.res.bhn.net)
[03:07:34] *** Quits: HyperDash (HyperDash@Pony-pveddk.wa.comcast.net) (A TLS packet with unexpected length was received.)
[03:17:03] *** Quits: Spypone (~WebChat@Pony-fbspo3.cable.virginm.net) (Quit: Page closed)
[03:30:33] *** Joins: HyperDash (HyperDash@Pony-pveddk.wa.comcast.net)
[04:16:45] *** Sour_Sweet is now known as Sour_Sweet|BNC
[04:22:12] *** Joins: Midnight (eixnbnssjty@Pony-comf4d.fios.verizon.net)
[04:22:37] *** Parts: Midnight (eixnbnssjty@Pony-comf4d.fios.verizon.net) ()
[05:02:51] *** Quits: GigabitHarmonie (WebChat@Pony-ce9gi2.res.bhn.net) (Quit: Page closed)
[05:33:36] *** Joins: Discord_caos (Discord_cao@Pony-un1.na8.131.201.IP)
[05:34:12] *** Parts: Discord_caos (Discord_cao@Pony-un1.na8.131.201.IP) ()
[05:41:12] *** GigaWork is now known as Snoarin
[06:26:29] *** Joins: LightningCrash (lightning@property.of.moonlightning)
[06:37:20] *** Quits: Toothpaste (uid63062@Pony-3ms8rb.92as.m095.067c.2001.IP) (Quit: "Friendship ain't magic; it's a miracle." -ClaviSound http://tinyurl.com/p9wkvyo - Too tired. G'night!)
[06:42:29] *** Joins: Alcoholicorn (Alcoholicor@Pony-55oq0s.pool.hargray.net)
[07:11:08] *** Joins: Pony_6 (WebChat@Pony-prb1g0.in.comcast.net)
[07:12:40] *** Quits: Pony_6 (WebChat@Pony-prb1g0.in.comcast.net) (Quit: Page closed)
[07:25:05] *** Quits: HyperDash (HyperDash@Pony-pveddk.wa.comcast.net) (Quit: Something amusing. Oh, and probably not enough caffiene.)
[07:43:30] *** Quits: LightningCrash (lightning@property.of.moonlightning) (Quit: The Nightmares will collide. And become a Dream. <3)
[08:05:22] *** Quits: Alcoholicorn (Alcoholicor@Pony-55oq0s.pool.hargray.net) (Ping timeout: 121 seconds)
[08:20:18] *** Joins: Starthunder (blackl@property.of.lightningcrash)
[08:22:23] *** Quits: Moonlightning (blackl@property.of.lightningcrash) (Ping timeout: 121 seconds)
[08:32:00] *** Joins: Alcoholicorn (Alcoholicor@Pony-55oq0s.pool.hargray.net)
[08:43:25] *** Eventide is now known as Eventide|Sleepies
[09:11:27] *** Joins: Ponka_Po (Pinkie_Pi@Pony-479fc1.res.rr.com)
[09:13:02] *** Quits: Pinkie_Pi (Pinkie_Pi@Pony-479fc1.res.rr.com) (Ping timeout: 121 seconds)
[09:33:27] *** Quits: Electron (Miranda@Pony-u5oba7.is74.ru) (Quit: Miranda IM! Smaller, Faster, Easier. http://miranda-im.org)
[10:16:08] *** Joins: Pi (Mibbit@Pony-etc.hhd.204.112.IP)
[10:24:17] *** Joins: Melanosuchus (quassel@Pony-v0kagn.as13285.net)
[10:55:25] *** Quits: Alcoholicorn (Alcoholicor@Pony-55oq0s.pool.hargray.net) (Quit: )
[11:39:03] *** Joins: Pinkie_Pi (Pinkie_Pi@Pony-479fc1.res.rr.com)
[11:40:35] *** Quits: Ponka_Po (Pinkie_Pi@Pony-479fc1.res.rr.com) (Ping timeout: 121 seconds)
[11:59:01] *** Quits: Pi (Mibbit@Pony-etc.hhd.204.112.IP) (Quit: http://www.mibbit.com ajax IRC Client)
[13:00:24] *** Joins: Pi (Pi@Pony-8mt.tho.208.112.IP)
[13:01:44] *** Sour_Sweet|BNC is now known as Sour_Sweet
[13:17:21] *** Joins: BrokenHeart (WebChat@Pony-d65hdm.dynamic.ziggo.nl)
[13:17:24] *** Parts: BrokenHeart (WebChat@Pony-d65hdm.dynamic.ziggo.nl) ("")
[15:02:36] *** Joins: Pony_2 (WebChat@Pony-d65hdm.dynamic.ziggo.nl)
[15:02:39] *** Parts: Pony_2 (WebChat@Pony-d65hdm.dynamic.ziggo.nl) ("")
[15:06:18] *** Joins: Alcoholicorn (Alcoholicor@Pony-55oq0s.pool.hargray.net)
[16:21:11] *** Joins: Pony_2 (~WebChat@Pony-haa.j2d.95.38.IP)
[16:21:27] *** Parts: Pony_2 (~WebChat@Pony-haa.j2d.95.38.IP) ("")
[16:31:52] *** Snoarin is now known as GigaWork
[16:46:32] *** Quits: Alcoholicorn (Alcoholicor@Pony-55oq0s.pool.hargray.net) (Ping timeout: 121 seconds)
[16:47:06] *** Joins: Alcoholicorn (Alcoholicor@Pony-55oq0s.pool.hargray.net)
[16:52:58] *** Quits: Alcoholicorn (Alcoholicor@Pony-55oq0s.pool.hargray.net) (Ping timeout: 121 seconds)
[17:13:29] *** Eventide|Sleepies is now known as Eventide
[17:34:40] *** Quits: Pi (Pi@Pony-8mt.tho.208.112.IP) (Quit: *lick*)
[17:43:41] *** Joins: Spypone (WebChat@Pony-fbspo3.cable.virginm.net)
[18:57:19] *** Joins: MichaelXX2_ (MichaelXX2@Pony-1h6.o6q.211.209.IP)
[18:59:26] *** Quits: MichaelXX2 (MichaelXX2@Pony-1h6.o6q.211.209.IP) (Ping timeout: 121 seconds)
[19:07:09] *** Joins: LightningCrash (lightning@property.of.moonlightning)
[19:20:21] *** Joins: Electron (Miranda@Pony-ckllmb.is74.ru)
[19:32:45] *** Joins: Pony_0 (WebChat@Pony-tvh.j2d.95.38.IP)
[19:32:49] *** Parts: Pony_0 (WebChat@Pony-tvh.j2d.95.38.IP) ("")
[20:11:17] *** Joins: Winter_Nights (WebChat@Pony-djr1ml.range86-170.btcentralplus.com)
[20:27:42] *** Quits: Winter_Nights (WebChat@Pony-djr1ml.range86-170.btcentralplus.com) (Ping timeout: 121 seconds)
[20:45:45] *** Joins: CloudChaser (Laty@Pony-gp0.kb0.243.177.IP)
[20:54:39] *** Quits: TecknoJock (TecknoJock@TecknoJock) (Ping timeout: 121 seconds)
[20:56:20] *** Joins: TecknoJock (TecknoJock@TecknoJock)
[20:59:20] *** CloudChaser is now known as Meowstic
[21:03:57] *** Quits: Sakura (Sakura@is.a.very.derpy.pony) (A TLS packet with unexpected length was received.)
[21:03:57] *** Quits: Pony_87504 (Electron@Pony-fkc.i75.99.192.IP) (A TLS packet with unexpected length was received.)
[21:03:57] *** Quits: GeekBrony (GB@bronydom.net) (A TLS packet with unexpected length was received.)
[21:03:57] *** Quits: Ashley (Ashfire@Ashfire.bronytv.net) (A TLS packet with unexpected length was received.)
[21:03:57] *** Quits: Dusk (Dusk@dusky.horse) (A TLS packet with unexpected length was received.)
[21:03:57] *** Quits: sleumas2000 (sleumas2000@my.little.karaoke) (A TLS packet with unexpected length was received.)
[21:07:06] *** Joins: PeakVolume (k9ldt@Pony-tqvh62.fios.verizon.net)
[21:08:25] *** Quits: PeakVolu1e (k9ldt@Pony-tqvh62.fios.verizon.net) (Ping timeout: 121 seconds)
[21:11:14] *** Joins: HyperDash (HyperDash@Pony-pveddk.wa.comcast.net)
[21:11:35] *** Quits: HyperDash (HyperDash@Pony-pveddk.wa.comcast.net) (A TLS packet with unexpected length was received.)
[21:23:11] *** Joins: HyperDash (HyperDash@Pony-pveddk.wa.comcast.net)
[21:26:07] *** Joins: Ashley (Ashfire@Pony-fkc.i75.99.192.IP)
[21:26:22] *** Joins: Dusk (Dusk@dusky.horse)
[21:26:27] *** Joins: Sakura (Sakura@Pony-fkc.i75.99.192.IP)
[21:27:05] *** Joins: sleumas2000 (sleumas2000@my.little.karaoke)
[21:27:16] *** Joins: GeekBrony (GB@bronydom.net)
[21:27:25] *** Sakura is now known as Pony_10992
[21:35:29] *** Joins: Ponka_Po (Pinkie_Pi@Pony-479fc1.res.rr.com)
[21:36:35] *** Quits: Pinkie_Pi (Pinkie_Pi@Pony-479fc1.res.rr.com) (Ping timeout: 121 seconds)
[21:43:03] *** Joins: El (Electron@Pony-fkc.i75.99.192.IP)
[21:44:01] *** El is now known as Pony_58301
[21:57:23] *** Quits: Meowstic (Laty@Pony-gp0.kb0.243.177.IP) (Connection closed)
[22:07:13] *** Quits: HyperDash (HyperDash@Pony-pveddk.wa.comcast.net) (Quit: Something amusing. Oh, and probably not enough caffiene.)
[22:15:05] *** Quits: Pony_10992 (Sakura@Pony-fkc.i75.99.192.IP) (Quit: Dusk is tinkering with me. Will reboot later.)
[22:15:05] *** Quits: GeekBrony (GB@bronydom.net) (Quit: I should be back later.)
[22:15:05] *** Quits: Pony_58301 (Electron@Pony-fkc.i75.99.192.IP) (Connection closed)
[22:15:05] *** Quits: Ashley (Ashfire@Ashfire.bronytv.net) (Quit: ZNC - 1.6.0 - http://znc.in)
[22:15:05] *** Quits: Dusk (Dusk@dusky.horse) (Quit: Sorry, but sometimes people need a break. I'm gonna focus on life for a day or so, cya on the other side!)
[22:15:05] *** Quits: sleumas2000 (sleumas2000@my.little.karaoke) (Quit: Dance with Death! Fight the good Fight! Or alternatively, stay at home and do nothing instead. Either's fine by me!)
[22:17:12] *** Joins: Ashley (Ashfire@Pony-fkc.i75.99.192.IP)
[22:17:27] *** Joins: Dusk (Dusk@dusky.horse)
[22:17:32] *** Joins: Sakura (Sakura@Pony-fkc.i75.99.192.IP)
[22:17:58] *** Joins: El (Electron@Pony-fkc.i75.99.192.IP)
[22:18:30] *** Sakura is now known as Pony_51348
[22:18:35] *** Joins: GeekBrony (GB@bronydom.net)
[22:18:56] *** El is now known as Pony_95299
[22:28:57] *** Joins: sleumas2000 (sleumas2000@my.little.karaoke)
[23:40:33] *** Dusk is now known as Dawn
[23:50:21] *** Dawn is now known as Dusk
[23:56:41] *** Joins: HyperDash (HyperDash@Pony-pveddk.wa.comcast.net)
