[00:01:35] *** Joins: Toothpaste (uid63062@Pony-ec6eib.irccloud.com)
[00:01:44] *** Joins: FlutterTree (FlutterTree@Pony-ghupjg.res.rr.com)
[00:07:14] *** Gigabit is now known as GigaWork
[00:39:32] *** Quits: LightningCrash (lightning@property.of.moonlightning) (Quit: The Nightmares will collide. And become a dream. <3)
[00:43:29] *** Ash[Away] is now known as Ashfire
[01:09:33] *** Joins: Proton (Dashie@Golden.Rose)
[01:54:16] *** Joins: LightningCrash (lightning@Pony-35aoef.ph.cox.net)
[02:01:48] *** Quits: Toothpaste (uid63062@Pony-ec6eib.irccloud.com) (Quit: "Friendship ain't magic; it's a miracle." -ClaviSound http://tinyurl.com/p9wkvyo)
[02:06:53] *** Joins: Lunia (ellen@ChumPony.Enterprises)
[02:18:50] *** Joins: Persona (Tilde@Pony-g8ahnu.res.rr.com)
[02:24:30] *** Quits: Lunia (ellen@ChumPony.Enterprises) (Ping timeout: 121 seconds)
[02:56:02] *** Quits: Proton (Dashie@Golden.Rose) (Connection closed)
[03:06:20] *** Quits: Phase (Phase4@Pony-p6qiuk.internode.on.net) (Ping timeout: 121 seconds)
[03:08:13] *** Joins: DinkyDoo (uid68367@Pony-ec6eib.irccloud.com)
[03:12:23] *** Joins: Phase (Phase4@Pony-p6qiuk.internode.on.net)
[03:29:46] *** Quits: Alcoholicorn (Alcoholicor@Pony-55oq0s.pool.hargray.net) (Ping timeout: 121 seconds)
[03:54:07] *** Quits: FlutterTree (FlutterTree@Pony-ghupjg.res.rr.com) (Ping timeout: 121 seconds)
[03:56:00] *** Joins: FlutterTree (FlutterTree@Pony-ghupjg.res.rr.com)
[04:02:45] *** Joins: Alcoholicorn (Alcoholicor@Pony-55oq0s.pool.hargray.net)
[04:41:13] *** GigaWork is now known as Gigabit
[04:54:35] *** Joins: pony_123 (texasboykc0@the.texas.alicorn)
[04:55:51] *** Quits: texasboykc09 (texasboykc0@the.texas.alicorn) (Ping timeout: 121 seconds)
[05:33:17] *** Quits: DinkyDoo (uid68367@Pony-ec6eib.irccloud.com) (Quit: Connection closed for inactivity)
[05:57:01] *** Ashfire is now known as Ash[Away]
[06:00:16] *** Quits: Alcoholicorn (Alcoholicor@Pony-55oq0s.pool.hargray.net) (Ping timeout: 121 seconds)
[06:26:00] *** Quits: Rainb (rainb@Pony-cn5.akh.50.181.IP) (Ping timeout: 121 seconds)
[06:38:37] *** Quits: Persona (Tilde@Pony-g8ahnu.res.rr.com) (Ping timeout: 121 seconds)
[07:19:13] *** Quits: LightningCrash (lightning@property.of.moonlightning) (Quit: The Nightmares will collide. And become a dream. <3)
[07:20:57] *** Quits: FlutterTree (FlutterTree@Pony-ghupjg.res.rr.com) (Ping timeout: 121 seconds)
[07:38:38] *** Quits: Seoson (Seoson@pony.kab-s.de) (Quit: Leaving)
[07:39:18] *** Joins: Seoson (Seoson@pony.kab-s.de)
[07:39:40] *** Joins: Pony_2 (Pony_2@Pony-dmntds.res.rr.com)
[07:43:44] *** Joins: texasboykc09 (texasboykc0@the.texas.alicorn)
[07:44:41] *** Quits: pony_123 (texasboykc0@the.texas.alicorn) (Ping timeout: 121 seconds)
[08:01:13] *** Joins: Pi (Pi@Pony-5od.n1s.95.119.IP)
[08:48:56] *** Neutral is now known as Halcyon
[08:52:41] *** Quits: Pi (Pi@Pony-5od.n1s.95.119.IP) (Ping timeout: 121 seconds)
[08:55:27] *** Joins: Alcoholicorn (Alcoholicor@Pony-55oq0s.pool.hargray.net)
[08:57:54] *** Joins: Lunia (ellen@ChumPony.Enterprises)
[09:02:41] *** Quits: Lunia (ellen@ChumPony.Enterprises) (Ping timeout: 121 seconds)
[09:14:34] *** Joins: Pony_3 (Pony_3@Pony-vsqjao.res.rr.com)
[09:14:46] *** Quits: Pony_3 (Pony_3@Pony-vsqjao.res.rr.com) (Quit: Page closed)
[09:19:08] *** Joins: Lunia (ellen@ChumPony.Enterprises)
[09:22:57] *** Joins: pony_123 (texasboykc0@the.texas.alicorn)
[09:23:57] *** Quits: texasboykc09 (texasboykc0@the.texas.alicorn) (Ping timeout: 121 seconds)
[09:24:06] *** Joins: Pi (Pi@Pony-5od.n1s.95.119.IP)
[09:44:22] *** Quits: Pi (Pi@Pony-5od.n1s.95.119.IP) (Ping timeout: 121 seconds)
[09:52:13] *** Quits: Pony_2 (Pony_2@Pony-dmntds.res.rr.com) (Quit: Page closed)
[10:09:43] *** Joins: Pi (Pi@Pony-5od.n1s.95.119.IP)
[10:18:17] *** Quits: Alcoholicorn (Alcoholicor@Pony-55oq0s.pool.hargray.net) (Ping timeout: 121 seconds)
[10:30:59] *** Halcyon is now known as Halcyon_Nightlight
[10:40:23] *** Pi is now known as Pi_Shower
[10:47:35] *** Joins: Alcoholicorn (Alcoholicor@Pony-55oq0s.pool.hargray.net)
[10:59:02] *** Pi_Shower is now known as Pi
[11:04:59] *** Joins: FlutterTree (FlutterTree@Pony-ghupjg.res.rr.com)
[11:15:16] *** Quits: Pi (Pi@Pony-5od.n1s.95.119.IP) (Quit: Lend us 10p for a cuppa tea?)
[11:16:59] *** Joins: Pony_0 (Pony_0@Pony-vsqjao.res.rr.com)
[11:18:03] *** Quits: Pony_0 (Pony_0@Pony-vsqjao.res.rr.com) (Quit: Page closed)
[11:33:27] *** Quits: FlutterTree (FlutterTree@Pony-ghupjg.res.rr.com) (Ping timeout: 121 seconds)
[11:38:19] *** Quits: Lunia (ellen@ChumPony.Enterprises) (Ping timeout: 121 seconds)
[11:56:26] *** Joins: Lunia (ellen@ChumPony.Enterprises)
[12:00:41] *** Quits: Lunia (ellen@ChumPony.Enterprises) (Ping timeout: 121 seconds)
[12:12:13] *** Quits: Alcoholicorn (Alcoholicor@Pony-55oq0s.pool.hargray.net) (Ping timeout: 121 seconds)
[12:41:59] *** Joins: Alcoholicorn (Alcoholicor@Pony-55oq0s.pool.hargray.net)
[12:48:01] *** Quits: Alcoholicorn (Alcoholicor@Pony-55oq0s.pool.hargray.net) (Ping timeout: 121 seconds)
[13:05:19] *** Joins: Rainb (rainb@Pony-cn5.akh.50.181.IP)
[15:08:35] *** Quits: Rainb (rainb@Pony-cn5.akh.50.181.IP) (Ping timeout: 121 seconds)
[17:11:05] *** Cloudchaser is now known as ThunderStorm
[17:11:30] *** Joins: LightningCrash (lightning@Pony-35aoef.ph.cox.net)
[18:14:52] *** Joins: FlutterTree (FlutterTree@Pony-ghupjg.res.rr.com)
[18:25:10] *** Quits: LightningCrash (lightning@property.of.moonlightning) (Quit: The Nightmares will collide. And become a dream. <3)
[18:31:24] *** Joins: Pi (Pi@Pony-5od.n1s.95.119.IP)
[18:32:36] *** Joins: SilverSpeed (Pegasus@Pony-d4q.hna.243.177.IP)
[19:07:37] *** Joins: Rainb (rainb@Pony-cn5.akh.50.181.IP)
[19:11:40] *** Quits: Rainb (rainb@Pony-cn5.akh.50.181.IP) (Ping timeout: 121 seconds)
[19:14:19] *** Joins: Phase4 (Phase4@Pony-cp4b8u.internode.on.net)
[19:16:15] *** Quits: Phase (Phase4@Pony-p6qiuk.internode.on.net) (Ping timeout: 121 seconds)
[19:19:23] *** Halcyon_Nightlight is now known as Halcyon_Starligiht
[19:19:25] *** Halcyon_Starligiht is now known as Halcyon_Starlight
[19:29:16] *** Quits: Pi (Pi@Pony-5od.n1s.95.119.IP) (Ping timeout: 121 seconds)
[19:40:02] *** Joins: Pi (Pi@Pony-5od.n1s.95.119.IP)
[19:46:49] *** Quits: Pi (Pi@Pony-5od.n1s.95.119.IP) (Ping timeout: 121 seconds)
[21:05:15] *** Halcyon_Starlight is now known as o3o
[21:05:45] *** o3o is now known as Pony_32948
[21:05:46] *** Pony_32948 is now known as Halcyon_Starlight
[21:11:13] *** Joins: Pi (Pi@Pony-5od.n1s.95.119.IP)
[21:15:07] *** Joins: Alcoholicorn (Alcoholicor@Pony-55oq0s.pool.hargray.net)
[21:17:14] *** Quits: Pi (Pi@Pony-5od.n1s.95.119.IP) (Ping timeout: 121 seconds)
[21:28:18] *** Joins: Pi (Pi@Pony-5od.n1s.95.119.IP)
[21:34:23] *** Quits: Pi (Pi@Pony-5od.n1s.95.119.IP) (Ping timeout: 121 seconds)
[21:41:25] *** Joins: Star_Beats (Star_Beats@Pony-79pq85.mn.comcast.net)
[21:48:28] *** Joins: Pi (Pi@Pony-5od.n1s.95.119.IP)
[21:50:12] *** Halcyon_Starlight is now known as Nelly
[21:50:54] *** Nelly is now known as Halcyon_Starlight
[21:51:06] *** Halcyon_Starlight is now known as Nelly
[21:52:41] *** Quits: Star_Beats (Star_Beats@Pony-79pq85.mn.comcast.net) (Quit: Goodnight, Luna.)
[21:54:32] *** Quits: GumballCrash (GumballCras@0.to.pony.10secondsflat) (Connection closed)
[21:55:06] *** Quits: Pi (Pi@Pony-5od.n1s.95.119.IP) (Ping timeout: 121 seconds)
[21:57:36] *** Nelly is now known as Neutral
[22:03:11] *** Joins: LightningCrash (lightning@Pony-35aoef.ph.cox.net)
[22:08:26] *** Gigabit is now known as GigaWork
[22:42:45] *** Joins: Pi (Pi@Pony-5od.n1s.95.119.IP)
[22:48:55] *** Quits: Pi (Pi@Pony-5od.n1s.95.119.IP) (Ping timeout: 121 seconds)
[22:58:49] *** Quits: LightningCrash (lightning@property.of.moonlightning) (Quit: The Nightmares will collide. And become a dream. <3)
[23:04:14] *** Quits: Neutral (Neutral@Anonlight.Starsarebeautiful) (The TLS connection was non-properly terminated.)
[23:05:08] *** Joins: Neutral (Neutral@Anonlight.Starsarebeautiful)
[23:07:28] *** Joins: GumballCrash (GumballCras@0.to.pony.10secondsflat)
[23:10:59] *** Joins: Persona (Tilde@Pony-g8ahnu.res.rr.com)
[23:12:26] *** Joins: Pi (Pi@Pony-5od.n1s.95.119.IP)
[23:13:21] *** Quits: Pi (Pi@Pony-5od.n1s.95.119.IP) (Quit: Lend us 10p for a cuppa tea?)
[23:41:00] *** Quits: TSparkle3395 (TSparkle339@Pony-oas72s.ks.cox.net) (Ping timeout: 121 seconds)
[23:48:44] *** Quits: SilverSpeed (Pegasus@Pony-d4q.hna.243.177.IP) (Quit: bye)
