[00:05:42] *** Quits: HyperDash (HyperDash@Pony-p2pchd.mycingular.net) (A TLS packet with unexpected length was received.)
[00:14:41] *** Quits: Melanosuchus (quassel@Pony-vj1146.as13285.net) (Connection closed)
[00:18:21] *** Joins: HyperDash (HyperDash@Pony-p2pchd.mycingular.net)
[00:44:11] *** Joins: Warrior (WebChat@Pony-904vdv.res.rr.com)
[00:44:39] <Warrior> Echo 7-11 anyone around?
[00:45:59] <Sour_Sweet> You should really try other channels ;-)
[00:46:13] <Warrior> Like what?
[00:46:18] <Sour_Sweet> /list
[00:47:01] <Sour_Sweet> This channel has probably the least lines per user on the whole network (except for IdlerRPG maybe)
[00:47:39] <Warrior> Uh-huh....
[00:47:51] <Sour_Sweet> I saw you posting the other days, said hello and never answered any further xD
[00:47:53] *** Quits: HyperDash (HyperDash@Pony-p2pchd.mycingular.net) (A TLS packet with unexpected length was received.)
[00:49:00] <Sour_Sweet> That's in a nutshell all that's going on here. Anyhoof enjoy your journey on Canternet
[01:09:34] *** Joins: Red_M (potato@Pony-4pa04c.red-m.net)
[01:09:50] <Warrior> ye
[01:28:27] *** Quits: Warrior (WebChat@Pony-904vdv.res.rr.com) (Quit: Page closed)
[01:34:42] *** Quits: Red_M (potato@Pony-4pa04c.red-m.net) (Z-Lined: Your IP range has been attempting to connect too many times in too short a duration. Wait a while, and you will be able to connect.)
[01:42:03] *** Joins: HyperDash (HyperDash@Pony-nbe.f0g.35.72.IP)
[01:56:49] *** Joins: Parasprite (hssxjjxfydo@Pony-rrd.fb6.97.79.IP)
[02:14:31] *** Sour_Sweet is now known as Sour_Sweet|BNC
[02:20:32] *** Joins: Red_M (potato@Pony-4pa04c.red-m.net)
[02:35:43] *** Quits: Parasprite (hssxjjxfydo@Pony-rrd.fb6.97.79.IP) (Quit: lightIRC.com Flash IRC Client)
[02:36:21] *** Quits: Red_M (potato@Pony-4pa04c.red-m.net) (Z-Lined: Your IP range has been attempting to connect too many times in too short a duration. Wait a while, and you will be able to connect.)
[02:48:49] *** Quits: Alcoholicorn (Alcoholicor@Pony-55oq0s.pool.hargray.net) (Ping timeout: 121 seconds)
[03:12:02] *** Joins: Alcoholicorn (Alcoholicor@Pony-55oq0s.pool.hargray.net)
[03:17:12] *** Quits: HyperDash (HyperDash@Pony-nbe.f0g.35.72.IP) (Quit: Something amusing. Oh, and probably not enough caffiene.)
[03:22:14] *** Joins: HyperDash (HyperDash@Pony-khljjs.mycingular.net)
[03:24:42] *** Joins: Red_M (potato@Pony-4pa04c.red-m.net)
[03:30:47] *** Quits: HyperDash (HyperDash@Pony-khljjs.mycingular.net) (Ping timeout: 121 seconds)
[03:43:38] *** Quits: Red_M (potato@Pony-4pa04c.red-m.net) (Z-Lined: Your IP range has been attempting to connect too many times in too short a duration. Wait a while, and you will be able to connect.)
[04:15:50] *** Joins: Red_M (potato@Pony-4pa04c.red-m.net)
[04:34:01] *** Quits: Red_M (potato@Pony-4pa04c.red-m.net) (Z-Lined: Your IP range has been attempting to connect too many times in too short a duration. Wait a while, and you will be able to connect.)
[05:08:14] *** Joins: HyperDash (HyperDash@Pony-he54a0.mycingular.net)
[05:10:35] *** Joins: Red_M (potato@Pony-4pa04c.red-m.net)
[05:13:09] *** Quits: Alcoholicorn (Alcoholicor@Pony-55oq0s.pool.hargray.net) (Ping timeout: 121 seconds)
[05:17:24] *** Quits: HyperDash (HyperDash@Pony-he54a0.mycingular.net) (Quit: Mutter: www.mutterirc.com)
[05:17:33] *** Joins: HyperDash (HyperDash@Pony-he54a0.mycingular.net)
[05:23:56] *** Quits: HyperDash (HyperDash@Pony-he54a0.mycingular.net) (Quit: Mutter: www.mutterirc.com)
[05:24:12] *** Joins: HyperDash (HyperDash@Pony-he54a0.mycingular.net)
[05:28:04] *** Quits: HyperDash (HyperDash@Pony-he54a0.mycingular.net) (Quit: Mutter: www.mutterirc.com)
[05:28:15] *** Joins: HyperDash (HyperDash@Pony-he54a0.mycingular.net)
[05:29:28] *** Quits: Phase (Phase4@Pony-r869bi.internode.on.net) (Ping timeout: 121 seconds)
[05:29:56] *** Quits: Red_M (potato@Pony-4pa04c.red-m.net) (Z-Lined: Your IP range has been attempting to connect too many times in too short a duration. Wait a while, and you will be able to connect.)
[05:41:49] *** Joins: Phase (Phase4@Pony-johrv1.internode.on.net)
[05:43:28] *** Quits: HyperDash (HyperDash@Pony-he54a0.mycingular.net) (A TLS packet with unexpected length was received.)
[06:23:01] *** Quits: Pony_6 (WebChat@Pony-nc5.bn1.31.76.IP) (Ping timeout: 121 seconds)
[07:29:13] *** Joins: HyperDash (HyperDash@Pony-he54a0.mycingular.net)
[07:36:12] *** Eventide is now known as Eventide|Sleepies
[08:02:45] *** Quits: HyperDash (HyperDash@Pony-he54a0.mycingular.net) (Quit: Mutter: www.mutterirc.com)
[08:04:32] *** Quits: Phase (Phase4@Pony-johrv1.internode.on.net) (Quit: Leaving)
[08:05:33] *** Joins: Phase (Phase4@Pony-johrv1.internode.on.net)
[08:47:58] *** Electron^Sleeping is now known as Electron
[09:05:05] *** Quits: Electron (Miranda@Pony-2kk5hi.is74.ru) (Quit: Bye.)
[09:25:45] *** Quits: KhorneFlakes (Claymation@Pony-ahs.r6a.156.69.IP) (Ping timeout: 121 seconds)
[11:24:07] *** Joins: Melanosuchus (quassel@Pony-vj1146.as13285.net)
[12:25:00] *** Joins: Lunia (ellen@ChumPony.Enterprises)
[13:25:01] *** Quits: Lunia (ellen@ChumPony.Enterprises) (Ping timeout: 121 seconds)
[14:38:00] *** Quits: Phase (Phase4@Pony-johrv1.internode.on.net) (Connection closed)
[16:08:36] *** Joins: Alcoholicorn (Alcoholicor@Pony-55oq0s.pool.hargray.net)
[16:24:07] *** Eventide|Sleepies is now known as Eventide
[16:48:56] *** Joins: KhorneFlakes (Claymation@Pony-ahs.r6a.156.69.IP)
[17:03:33] *** Quits: RedHelper (RedHelper@The.Pony.That.Makes.You.Smile) (Ping timeout: 121 seconds)
[17:05:51] *** Joins: RedHelper (RedHelper@The.Pony.That.Makes.You.Smile)
[17:42:28] *** Joins: Electron (Miranda@Pony-o5e92m.is74.ru)
[18:07:44] *** Joins: Lunia (ellen@ChumPony.Enterprises)
[18:40:19] *** Sour_Sweet|BNC is now known as Sour_Sweet
[19:36:56] *** Joins: HyperDash (HyperDash@Pony-he54a0.mycingular.net)
[19:45:30] *** Quits: HyperDash (HyperDash@Pony-he54a0.mycingular.net) (Ping timeout: 121 seconds)
[20:29:40] *** Quits: Pinkie_Pi (Pinkie_Pi@Pony-nc5.bn1.31.76.IP) (Ping timeout: 121 seconds)
[20:30:13] *** Joins: Pinkie_Pi (Pinkie_Pi@Pony-nc5.bn1.31.76.IP)
[21:18:29] *** Joins: Pony_2 (WebChat@Pony-a1v.6sm.6.94.IP)
[21:20:15] *** Parts: Pony_2 (WebChat@Pony-a1v.6sm.6.94.IP) ("")
[21:45:52] *** Joins: Tomsuth (Tomsuth@Pony-6cdggq.dyn.plus.net)
[21:46:02] *** Parts: Tomsuth (Tomsuth@Pony-6cdggq.dyn.plus.net) ()
[23:34:52] *** Quits: Melanosuchus (quassel@Pony-vj1146.as13285.net) (Connection closed)
