[00:19:43] *** Quits: HyperDash (~WebChat@Pony-pveddk.wa.comcast.net) (Quit: Page closed)
[00:20:11] *** Quits: Zuzu (zuzu@is.robo.licious) (Ping timeout: 121 seconds)
[00:23:10] *** Joins: Zuzu (zuzu@Pony-3eecki.eastlink.ca)
[00:36:27] *** Gigabit is now known as GigaTown
[00:40:05] *** Joins: Alcoholicorn (Alcoholicor@Pony-55oq0s.pool.hargray.net)
[00:42:49] *** Quits: DiracDrynx (WebChat@Pony-frnq77.de.comcast.net) (Ping timeout: 121 seconds)
[00:53:03] * texasboykc09 steals another electron
[01:13:42] *** Joins: pony_123 (texasboykc0@the.texas.alicorn)
[01:14:35] *** Quits: Alcoholicorn (Alcoholicor@Pony-55oq0s.pool.hargray.net) (Ping timeout: 121 seconds)
[01:14:54] *** Quits: texasboykc09 (texasboykc0@the.texas.alicorn) (Killed (NickServ (GHOST command used by pony_123)))
[01:15:00] *** pony_123 is now known as texasboykc09
[01:19:02] *** Joins: Alcoholicorn (Alcoholicor@Pony-55oq0s.pool.hargray.net)
[01:31:44] *** Quits: Alcoholicorn (Alcoholicor@Pony-55oq0s.pool.hargray.net) (Ping timeout: 121 seconds)
[01:33:06] *** Joins: Spypone (~WebChat@Pony-fbspo3.cable.virginm.net)
[01:55:46] *** Quits: Phase (Phase4@Pony-ld7ltg.internode.on.net) (Quit: Leaving)
[01:58:03] *** Joins: Phase (Phase4@Pony-aopdcj.internode.on.net)
[02:13:14] *** Nelly is now known as Pony_91337
[02:13:16] *** Joins: Black (Halcyon@Anonlight.Starsarebeautiful)
[02:13:22] *** Quits: Pony_91337 (Halcyon@Anonlight.Starsarebeautiful) (The TLS connection was non-properly terminated.)
[02:18:48] *** Quits: Zuzu (zuzu@is.robo.licious) (Quit: My Mac has gone to sleep. ZZZzzz…)
[02:29:08] *** Quits: Black (Halcyon@Anonlight.Starsarebeautiful) (Quit: Flavour text)
[02:29:59] *** Nell is now known as Null
[02:37:05] *** Joins: Q0 (Q0@Pony-0m7faa.vtfe.qoe9.0601.2601.IP)
[02:43:14] *** Joins: Zuzu (zuzu@Pony-3eecki.eastlink.ca)
[02:44:50] *** Quits: nnnn20430 (nnnn20430@mindcraft.si.eu.org) (The TLS connection was non-properly terminated.)
[02:47:03] *** GigaTown is now known as Gigabit
[02:48:47] *** Joins: nnnn20430 (nnnn20430@mindcraft.si.eu.org)
[02:57:23] *** Quits: Q0 (Q0@literallyshit.net) (Ping timeout: 121 seconds)
[03:04:14] *** Joins: Q0 (Q0@Pony-0m7faa.vtfe.qoe9.0601.2601.IP)
[03:16:51] *** Gigabit is now known as gigaway
[03:20:46] *** Joins: Pi (Pi@Pony-8ju.jph.206.112.IP)
[03:28:24] *** Joins: HyperDash (WebChat@Pony-pveddk.wa.comcast.net)
[03:48:05] *** Quits: Luna (Luna@The.Moon.Princess) (chrysalis.canternet.org cloudchaser.canternet.org)
[03:48:05] *** Quits: nnnn20430 (nnnn20430@mindcraft.si.eu.org) (chrysalis.canternet.org cloudchaser.canternet.org)
[03:48:31] *** Joins: Luna (Luna@The.Moon.Princess)
[03:48:31] *** Joins: nnnn20430 (nnnn20430@mindcraft.si.eu.org)
[03:48:31] *** cloudchaser.canternet.org sets mode: +o Luna
[03:52:22] *** Joins: LightningCrash (lightning@Pony-5glful.tcso.qwest.net)
[03:59:44] *** Quits: Spypone (~WebChat@Pony-fbspo3.cable.virginm.net) (Quit: Page closed)
[04:04:34] *** Quits: Persona (Tilde@Pony-g8ahnu.res.rr.com) (Ping timeout: 121 seconds)
[04:13:30] *** Null is now known as Nell
[04:38:29] *** Joins: LD (WebChat@Pony-sd97ef.res.rr.com)
[04:38:36] *** Parts: LD (WebChat@Pony-sd97ef.res.rr.com) ("")
[04:53:33] *** gigaway is now known as Gigabit
[05:05:37] *** Quits: Zuzu (zuzu@is.robo.licious) (Ping timeout: 121 seconds)
[05:06:46] *** Joins: Zuzu (zuzu@is.robo.licious)
[05:11:40] *** Joins: Alcoholicorn (Alcoholicor@Pony-55oq0s.pool.hargray.net)
[05:17:43] *** Quits: LightningCrash (lightning@property.of.moonlightning) (Ping timeout: 121 seconds)
[05:18:33] *** Joins: Nelly (Halcyon@Anonlight.Starsarebeautiful)
[05:19:09] *** Nelly is now known as Halcyon_Starlight
[05:19:25] *** Joins: LightningCrash (lightning@Pony-4uo.lej.129.65.IP)
[05:20:59] *** Quits: Halcyon_Starlight (Halcyon@Anonlight.Starsarebeautiful) (Connection closed)
[05:26:31] *** Joins: GumballCrash (GumballCras@0.to.pony.10secondsflat)
[06:04:25] *** Quits: GumballCrash (GumballCras@0.to.pony.10secondsflat) (Connection closed)
[06:20:38] *** Joins: GumballCrash (GumballCras@0.to.pony.10secondsflat)
[06:47:41] *** Joins: ColtonDRG (coltondrg@Pony-hl5dkv.8m53.tfuc.0061.2602.IP)
[06:47:42] *** Quits: ColtonDRG (coltondrg@ColtonDRG.is.best.pony) (A TLS packet with unexpected length was received.)
[06:48:44] *** Joins: ColtonDRG (coltondrg@Pony-hl5dkv.8m53.tfuc.0061.2602.IP)
[07:14:35] *** Quits: LightningCrash (lightning@property.of.moonlightning) (Connection closed)
[07:16:29] *** Cloud_Kicker is now known as LightningCrash
[07:30:58] *** Quits: HyperDash (WebChat@Pony-pveddk.wa.comcast.net) (Ping timeout: 121 seconds)
[07:36:06] *** Quits: Pinkie_Pi (Pinkie_Pi@Pony-479fc1.res.rr.com) (Quit: )
[08:10:56] *** Pi is now known as Pi_Away
[09:01:43] *** Gigabit is now known as GugaZzz
[09:04:00] *** RedHelper is now known as Creeps|AFK
[09:10:54] *** Quits: Q0 (Q0@literallyshit.net) (Ping timeout: 121 seconds)
[09:57:49] *** Joins: Q0 (Q0@Pony-0m7faa.vtfe.qoe9.0601.2601.IP)
[11:38:15] *** Quits: Alcoholicorn (Alcoholicor@Pony-55oq0s.pool.hargray.net) (Ping timeout: 121 seconds)
[11:47:27] *** Pi_Away is now known as Pi
[13:32:16] *** Joins: MarbleStarry (marblestarr@Pony-noa.snt.123.94.IP)
[14:12:12] *** Quits: MichaelXX2 (MichaelXX2@Pony-1h6.o6q.211.209.IP) (Ping timeout: 121 seconds)
[14:16:27] *** Quits: MarbleStarry (marblestarr@Pony-noa.snt.123.94.IP) (Quit: Leaving)
[14:17:58] *** Joins: MichaelXX2 (MichaelXX2@Pony-1h6.o6q.211.209.IP)
[14:37:22] *** Lunia_Pirate is now known as Lunia
[15:01:00] *** Joins: MarbleStarry (marblestarr@Pony-noa.snt.123.94.IP)
[15:02:56] *** Quits: MarbleStarry (marblestarr@Pony-noa.snt.123.94.IP) (Quit: Leaving)
[15:16:15] *** Quits: GumballCrash (GumballCras@0.to.pony.10secondsflat) (Quit: Leaving)
[15:32:12] *** Joins: Zuzu_ (zuzu@Pony-3eecki.eastlink.ca)
[15:32:23] *** Quits: Pi (Pi@Pony-8ju.jph.206.112.IP) (Connection closed)
[15:33:41] *** Quits: Zuzu (zuzu@is.robo.licious) (Ping timeout: 121 seconds)
[15:35:01] *** Joins: Alcoholicorn (Alcoholicor@Pony-55oq0s.pool.hargray.net)
[15:40:44] *** Joins: Pi (Pi@Pony-8ju.jph.206.112.IP)
[15:54:58] *** Quits: Alcoholicorn (Alcoholicor@Pony-55oq0s.pool.hargray.net) (Ping timeout: 121 seconds)
[16:34:31] *** Joins: Persona (Tilde@Pony-g8ahnu.res.rr.com)
[17:19:50] *** Quits: Q0 (Q0@literallyshit.net) (Ping timeout: 121 seconds)
[17:21:06] *** Joins: SilverSpeed (Pegasus@Pony-9aa.sin.243.177.IP)
[17:21:25] *** Joins: Q0 (Q0@Pony-0m7faa.vtfe.qoe9.0601.2601.IP)
[17:42:40] *** Nell is now known as Null
[17:45:02] *** Joins: DaringBot (orturxesdou@Pony-93h6li.mpls.qwest.net)
[17:45:07] *** Parts: DaringBot (orturxesdou@Pony-93h6li.mpls.qwest.net) ()
[18:32:54] *** Joins: Pinkie_Pi (Pinkie_Pi@Pony-479fc1.res.rr.com)
[18:50:36] *** GugaZzz is now known as Vega
[19:20:53] *** Quits: Zuzu_ (zuzu@is.robo.licious) (Quit: Textual IRC Client: www.textualapp.com)
[19:26:13] *** Joins: Pony_5 (~WebChat@Pony-27vl1q.cpe.netcabo.pt)
[19:34:27] *** Quits: Pi (Pi@Pony-8ju.jph.206.112.IP) (Connection closed)
[19:34:47] *** Joins: Pi (Pi@Pony-8ju.jph.206.112.IP)
[20:01:01] *** Quits: Pony_5 (~WebChat@Pony-27vl1q.cpe.netcabo.pt) (Quit: Page closed)
[20:14:08] *** Joins: Zuzu (zuzu@is.robo.licious)
[20:45:31] *** Null is now known as Nell
[20:51:29] *** Quits: Pi (Pi@Pony-8ju.jph.206.112.IP) (Ping timeout: 121 seconds)
[21:00:27] *** Joins: Pi (Pi@Pony-8ju.jph.206.112.IP)
[21:23:27] *** Quits: Pi (Pi@Pony-8ju.jph.206.112.IP) (Ping timeout: 121 seconds)
[21:35:37] *** Joins: ThunderStorm (lightning@Pony-3qg5ff.tcso.qwest.net)
[21:37:02] *** Creeps|AFK is now known as RedHelper
[21:43:55] *** Quits: SilverSpeed (Pegasus@Pony-9aa.sin.243.177.IP) (Quit: bbl)
[22:13:13] *** Quits: ThunderStorm (lightning@property.of.moonlightning) (Quit: The Nightmares will collide. And become a dream. <3)
[22:52:46] *** Nell is now known as Nell|Busy
[23:29:41] *** Vega is now known as GigaWork
[23:39:34] *** Joins: Pi (Pi@Pony-8ju.jph.206.112.IP)
[23:44:00] *** Quits: Phase (Phase4@Pony-aopdcj.internode.on.net) (Ping timeout: 121 seconds)
[23:50:16] *** Quits: Pi (Pi@Pony-8ju.jph.206.112.IP) (Quit: Lend us 10p for a cuppa tea?)
[23:52:33] *** Joins: Alcoholicorn (Alcoholicor@Pony-55oq0s.pool.hargray.net)
