[00:09:54] *** Snoarin is now known as Vega
[00:14:22] *** Joins: cool_Boy20 (Prince@Pony-ia8.lih.187.194.IP)
[00:15:14] *** Quits: cool_Boy20 (Prince@Pony-ia8.lih.187.194.IP) (Connection closed)
[00:26:53] *** Quits: Zuzu (zuzu@is.robo.licious) (Quit: Textual IRC Client: www.textualapp.com)
[00:57:05] *** Quits: DrelvanianGuard (WebChat@Pony-33j.vv7.47.72.IP) (Quit: Page closed)
[01:11:09] *** Quits: Alcoholicorn (Alcoholicor@Pony-55oq0s.pool.hargray.net) (Ping timeout: 121 seconds)
[01:13:38] *** Joins: Alcoholicorn (Alcoholicor@Pony-55oq0s.pool.hargray.net)
[01:40:38] *** Quits: Delcatty (Laty@Pony-9aa.sin.243.177.IP) (Ping timeout: 121 seconds)
[01:47:33] *** Electron is now known as Electron^Sleeping
[01:51:22] *** Quits: Phase (Phase4@Pony-lu48ce.lnk.telstra.net) (Connection closed)
[01:51:55] *** Joins: Phase (Phase4@Pony-lu48ce.lnk.telstra.net)
[02:22:37] *** Quits: Electron^Sleeping (quassel@Pony-agnu6g.com) (Ping timeout: 121 seconds)
[02:51:29] *** Joins: Pi (Mibbit@Pony-sq6.trb.204.112.IP)
[02:59:48] *** Joins: Pony_8 (WebChat@Pony-shis78.ca.comcast.net)
[03:02:15] *** Quits: Pony_8 (WebChat@Pony-shis78.ca.comcast.net) (Quit: Page closed)
[03:21:45] *** Seoson is now known as Seoson|BNC
[03:25:39] *** Quits: Phase (Phase4@Pony-lu48ce.lnk.telstra.net) (Quit: Leaving)
[03:41:44] *** Joins: Phase (Phase4@Pony-lu48ce.lnk.telstra.net)
[04:11:03] *** Quits: Pi (Mibbit@Pony-sq6.trb.204.112.IP) (Quit: http://www.mibbit.com ajax IRC Client)
[04:20:50] *** RedHelper is now known as Apple_Bloom_
[04:22:12] *** Apple_Bloom_ is now known as RedHelper
[04:25:39] *** Quits: Phase (Phase4@Pony-lu48ce.lnk.telstra.net) (Quit: Leaving)
[04:26:46] *** Quits: Alcoholicorn (Alcoholicor@Pony-55oq0s.pool.hargray.net) (Ping timeout: 121 seconds)
[04:42:51] *** Joins: Phase (Phase4@Pony-lu48ce.lnk.telstra.net)
[05:50:27] *** Quits: Pinkie_Pi (Pinkie_Pi@Pony-479fc1.res.rr.com) (Ping timeout: 121 seconds)
[05:55:33] *** Joins: emerald (uid82629@Pony-e464m1.tooting.irccloud.com)
[05:55:52] *** Quits: emerald (uid82629@Pony-e464m1.tooting.irccloud.com) (Quit: )
[06:07:45] *** Vega is now known as Snoarin
[06:21:18] *** Quits: Datguy (Datguy@lord.of.nreboot.c0m) (Ping timeout: 121 seconds)
[06:27:37] *** Joins: Datguy (Datguy@lord.of.nreboot.c0m)
[06:49:46] *** Joins: Alcoholicorn (Alcoholicor@Pony-55oq0s.pool.hargray.net)
[06:59:42] *** Quits: Alcoholicorn (Alcoholicor@Pony-55oq0s.pool.hargray.net) (Ping timeout: 121 seconds)
[07:45:58] *** RedHelper is now known as Creeps|AFK
[08:29:35] *** Quits: Phase (Phase4@Pony-lu48ce.lnk.telstra.net) (Ping timeout: 121 seconds)
[09:37:07] *** Joins: Phase (Phase4@Pony-u4lofk.internode.on.net)
[10:21:53] *** Quits: Phase (Phase4@Pony-u4lofk.internode.on.net) (Quit: Leaving)
[10:48:28] *** Joins: Phase (Phase4@Pony-u4lofk.internode.on.net)
[10:53:47] *** Joins: Pi (Mibbit@Pony-sq6.trb.204.112.IP)
[11:40:22] *** Quits: Phase (Phase4@Pony-u4lofk.internode.on.net) (Connection closed)
[11:42:38] *** Joins: Phase (Phase4@Pony-u4lofk.internode.on.net)
[11:42:52] *** Joins: Zuzu (zuzu@Pony-a345ev.eastlink.ca)
[11:44:14] *** Joins: Lunia (ellen@ChumPony.Enterprises)
[11:53:09] *** Joins: Pony_2 (WebChat@Pony-jak44t.staticIP.rima-tde.net)
[11:53:10] *** Quits: Pony_2 (WebChat@Pony-jak44t.staticIP.rima-tde.net) (Quit: Page closed)
[12:59:57] *** Seoson|BNC is now known as Seoson
[13:09:05] *** Quits: Pi (Mibbit@Pony-sq6.trb.204.112.IP) (Quit: http://www.mibbit.com ajax IRC Client)
[13:30:59] *** Quits: Zuzu (zuzu@is.robo.licious) (Ping timeout: 121 seconds)
[13:58:00] *** Pony_27722 is now known as |-e|
[14:06:46] *** Joins: Alcoholicorn (Alcoholicor@Pony-55oq0s.pool.hargray.net)
[14:24:02] *** Quits: Alcoholicorn (Alcoholicor@Pony-55oq0s.pool.hargray.net) (Ping timeout: 121 seconds)
[14:57:58] *** Joins: Alcoholicorn (Alcoholicor@Pony-55oq0s.pool.hargray.net)
[15:12:30] *** Quits: Alcoholicorn (Alcoholicor@Pony-55oq0s.pool.hargray.net) (Ping timeout: 121 seconds)
[16:13:38] *** |-e| is now known as El
[16:28:41] *** Joins: Electron (Miranda@Pony-7i41ac.is74.ru)
[16:31:34] *** Joins: Alcoholicorn (Alcoholicor@Pony-55oq0s.pool.hargray.net)
[17:46:22] *** Snoarin is now known as Gigabit
[17:48:54] *** Joins: Akeion_98 (~WebChat@Pony-14a.4fu.197.205.IP)
[17:52:56] *** Quits: Akeion_98 (~WebChat@Pony-14a.4fu.197.205.IP) (Ping timeout: 121 seconds)
[18:09:26] *** Quits: Lunia (ellen@ChumPony.Enterprises) (Ping timeout: 121 seconds)
[18:18:26] *** El is now known as |-e|
[18:27:47] *** Joins: Lunia (ellen@ChumPony.Enterprises)
[18:46:06] *** Creeps|AFK is now known as RedHelper
[19:38:30] *** Joins: MichaelXX2 (MichaelXX2@Pony-1h6.o6q.211.209.IP)
[19:38:42] *** Quits: MichaelXX2_ (MichaelXX2@Pony-1h6.o6q.211.209.IP) (Ping timeout: 121 seconds)
[20:01:03] *** Quits: Alcoholicorn (Alcoholicor@Pony-55oq0s.pool.hargray.net) (Ping timeout: 121 seconds)
[20:01:26] *** Joins: Pony_2 (WebChat@Pony-6u9.s4n.47.192.IP)
[20:01:32] *** Quits: Pony_2 (WebChat@Pony-6u9.s4n.47.192.IP) (Quit: Page closed)
[20:07:44] *** Quits: Phase (Phase4@Pony-u4lofk.internode.on.net) (Ping timeout: 121 seconds)
[20:09:49] *** Joins: Pony_5 (~WebChat@Pony-shis78.ca.comcast.net)
[20:30:51] *** Quits: Pony_5 (~WebChat@Pony-shis78.ca.comcast.net) (Quit: Page closed)
[20:31:05] *** Joins: Pony_2 (WebChat@Pony-97ahi5.ip.windstream.net)
[20:31:22] *** Quits: Pony_2 (WebChat@Pony-97ahi5.ip.windstream.net) (Quit: Page closed)
[20:37:57] *** Joins: Akeion_98 (WebChat@Pony-97ahi5.ip.windstream.net)
[20:53:50] *** Quits: Akeion_98 (WebChat@Pony-97ahi5.ip.windstream.net) (Ping timeout: 121 seconds)
[21:07:54] *** Joins: Phase (Phase4@Pony-lu48ce.lnk.telstra.net)
[22:27:36] *** Joins: Zuzu (zuzu@is.robo.licious)
[22:28:27] *** Joins: bache (bache@Pony-0qa.2dv.248.50.IP)
[23:05:22] *** Quits: Electron (Miranda@Pony-7i41ac.is74.ru) (Ping timeout: 121 seconds)
[23:10:45] *** Joins: Electron (Miranda@Pony-q67b7g.is74.ru)
[23:11:02] *** Electron is now known as Pony_13930
[23:12:53] *** Pony_13930 is now known as Electron
