[00:02:24] *** Quits: Alcoholicorn (Alcoholicor@Pony-55oq0s.pool.hargray.net) (Ping timeout: 121 seconds)
[00:13:25] *** Quits: Alcoholicorn|2 (Alcoholicor@Pony-55oq0s.pool.hargray.net) (Ping timeout: 121 seconds)
[00:16:31] *** Joins: Alcoholicorn|2 (Alcoholicor@Pony-55oq0s.pool.hargray.net)
[02:01:55] *** Sour_Sweet is now known as Seoson|BNC
[02:02:54] *** Quits: nnnn20430 (nnnn20430@mindcraft.si.eu.org) (Ping timeout: 121 seconds)
[02:06:28] *** Joins: nnnn20430 (nnnn20430@mindcraft.si.eu.org)
[02:32:27] *** Joins: TransientWhale (~WebChat@Pony-2llgbp.ct.charter.com)
[02:33:17] *** Quits: TransientWhale (~WebChat@Pony-2llgbp.ct.charter.com) (Quit: Page closed)
[02:38:35] *** Joins: Personifire (Tilde@Pony-v72r8a.res.rr.com)
[02:41:25] *** Quits: Persona (Tilde@Pony-msrt9v.78km.c1tq.6000.2605.IP) (Ping timeout: 121 seconds)
[02:43:28] *** Joins: TransientWhale (~WebChat@Pony-2llgbp.ct.charter.com)
[02:44:05] *** Quits: TransientWhale (~WebChat@Pony-2llgbp.ct.charter.com) (Quit: Page closed)
[02:52:07] *** Joins: Zuzu (zuzu@is.robo.licious)
[03:18:36] *** GigaWork is now known as Gigabit
[03:31:52] *** Quits: Zuzu (zuzu@is.robo.licious) (Quit: Textual IRC Client: www.textualapp.com)
[03:35:14] *** Joins: Zuzu (zuzu@Pony-krbm99.ns.bellaliant.net)
[03:45:30] *** Quits: Zuzu (zuzu@is.robo.licious) (Quit: Textual IRC Client: www.textualapp.com)
[03:45:46] *** Joins: Zuzu (zuzu@Pony-krbm99.ns.bellaliant.net)
[04:02:49] *** Quits: Aww (aww@Pony-ic0abh.online) (Connection closed)
[04:03:07] *** Joins: BronyDee (BronyDee@Pony-v87.0od.241.58.IP)
[04:05:19] *** Quits: BronyDee-AFK (BronyDee@Pony-t0q.n3p.84.112.IP) (Ping timeout: 121 seconds)
[04:07:41] *** Joins: Aww (aww@Pony-ic0abh.online)
[04:14:33] *** Quits: Aww (aww@Pony-ic0abh.online) (Quit: ♕ KEEP CALM AND COOKIE ON)
[04:14:41] *** Joins: Aww (aww@Pony-ic0abh.online)
[04:18:59] *** Quits: Aww (aww@Pony-ic0abh.online) (Quit: ♕ KEEP CALM AND COOKIE ON)
[04:19:10] *** Joins: Aww (aww@Pony-ic0abh.online)
[04:47:03] *** Joins: Pi (Mibbit@Pony-gcq.o6s.53.122.IP)
[04:49:02] *** Quits: Alcoholicorn|2 (Alcoholicor@Pony-55oq0s.pool.hargray.net) (Ping timeout: 121 seconds)
[05:45:06] *** Eventide is now known as Eventide|Sleepies
[06:12:13] *** Gigabit is now known as Snoarin
[07:22:57] *** Joins: Alcoholicorn (Alcoholicor@Pony-55oq0s.pool.hargray.net)
[07:31:38] *** Quits: Aww (aww@Pony-ic0abh.online) (Connection closed)
[07:35:04] *** Joins: Aww (aww@Pony-ic0abh.online)
[07:35:17] *** Quits: Aww (aww@Pony-ic0abh.online) (Connection closed)
[07:48:34] *** Joins: Aww (aww@Pony-ic0abh.online)
[08:06:16] *** Joins: Pony_6 (~WebChat@Pony-6m3css.il.comcast.net)
[08:06:43] *** Quits: Pony_6 (~WebChat@Pony-6m3css.il.comcast.net) (G-Lined: Riz Spambot)
[08:07:44] *** Joins: ariscop__ (Phase4@Pony-n56lpt.internode.on.net)
[08:10:49] *** Quits: Phase4 (Phase4@Pony-pm0kpp.internode.on.net) (Ping timeout: 121 seconds)
[08:24:26] *** ariscop__ is now known as Phase
[08:32:25] *** Quits: Shutter (tips@why.did.you.even.rope.me.into.this) (chrysalis.canternet.org cadance.canternet.org)
[08:32:25] *** Quits: GeekBrony (GB@bronydom.net) (chrysalis.canternet.org cadance.canternet.org)
[08:32:25] *** Quits: Finwe (vhalkola@Pony-oi2dre.org.aalto.fi) (chrysalis.canternet.org cadance.canternet.org)
[08:32:25] *** Quits: WildSoft (WildSoft@Pony-9tei06.bredband.comhem.se) (chrysalis.canternet.org cadance.canternet.org)
[08:32:25] *** Quits: RedHelper (RedHelper@The.Pony.That.Makes.You.Smile) (chrysalis.canternet.org cadance.canternet.org)
[08:32:25] *** Quits: Eventide|Sleepies (uid61788@Tips.Fedora) (chrysalis.canternet.org cadance.canternet.org)
[08:32:25] *** Quits: Snoarin (Gigabit@the.girly.colt) (chrysalis.canternet.org cadance.canternet.org)
[08:32:25] *** Quits: TecknoJock (TecknoJock@TecknoJock) (chrysalis.canternet.org cadance.canternet.org)
[08:32:25] *** Quits: Pi (Mibbit@Pony-gcq.o6s.53.122.IP) (chrysalis.canternet.org cadance.canternet.org)
[08:32:25] *** Quits: MichaelXX2 (MichaelXX2@Pony-1h6.o6q.211.209.IP) (chrysalis.canternet.org cadance.canternet.org)
[08:32:25] *** Quits: Pony_27722 (Electron@Pony-fkc.i75.99.192.IP) (chrysalis.canternet.org cadance.canternet.org)
[08:32:25] *** Quits: Labrat_ (jared@tacoshy.is.best.pony) (chrysalis.canternet.org cadance.canternet.org)
[08:32:25] *** Quits: Datguy (Datguy@lord.of.nreboot.c0m) (chrysalis.canternet.org cadance.canternet.org)
[08:32:25] *** Quits: Cameron_D (cameron@192.241.210.101) (chrysalis.canternet.org cadance.canternet.org)
[08:32:25] *** Quits: Colgate (rabbit@brushie.horse) (chrysalis.canternet.org cadance.canternet.org)
[08:32:25] *** Quits: AppleDash (appled@dusks.adorable.pet.pegasus) (chrysalis.canternet.org cadance.canternet.org)
[08:32:25] *** Quits: sleumas2000 (sleumas2000@my.little.karaoke) (chrysalis.canternet.org cadance.canternet.org)
[08:32:25] *** Quits: Zuzu (zuzu@is.robo.licious) (chrysalis.canternet.org cadance.canternet.org)
[08:32:25] *** Quits: Pinkie_Pi (Pinkie_Pi@Pony-479fc1.res.rr.com) (chrysalis.canternet.org cadance.canternet.org)
[08:32:25] *** Quits: klaxa (klaxa@Pony-1kuq6f.eu) (chrysalis.canternet.org cadance.canternet.org)
[08:32:25] *** Quits: Asis (Asis@The.forgotten.Pony.Asis) (chrysalis.canternet.org cadance.canternet.org)
[08:32:25] *** Quits: Sakura (Sakura@is.a.very.derpy.pony) (chrysalis.canternet.org cadance.canternet.org)
[08:33:05] *** Quits: Luna (Luna@The.Moon.Princess) (chrysalis.canternet.org cloudchaser.canternet.org)
[08:33:05] *** Quits: nnnn20430 (nnnn20430@mindcraft.si.eu.org) (chrysalis.canternet.org cloudchaser.canternet.org)
[08:33:07] *** Joins: Labrat_ (jared@tacoshy.is.best.pony)
[08:33:07] *** Joins: GeekBrony (GB@bronydom.net)
[08:33:07] *** Joins: Snoarin (Gigabit@the.girly.colt)
[08:33:07] *** Joins: TecknoJock (TecknoJock@TecknoJock)
[08:33:07] *** Joins: Pony_27722 (Electron@Pony-fkc.i75.99.192.IP)
[08:33:07] *** Joins: Eventide|Sleepies (uid61788@Tips.Fedora)
[08:33:07] *** Joins: Zuzu (zuzu@is.robo.licious)
[08:33:07] *** Joins: Shutter (tips@why.did.you.even.rope.me.into.this)
[08:33:07] *** Joins: Sakura (Sakura@is.a.very.derpy.pony)
[08:33:07] *** Joins: Datguy (Datguy@lord.of.nreboot.c0m)
[08:33:07] *** Joins: Finwe (vhalkola@Pony-oi2dre.org.aalto.fi)
[08:33:07] *** Joins: AppleDash (appled@dusks.adorable.pet.pegasus)
[08:33:07] *** Joins: Pinkie_Pi (Pinkie_Pi@Pony-479fc1.res.rr.com)
[08:33:07] *** Joins: WildSoft (WildSoft@Pony-9tei06.bredband.comhem.se)
[08:33:07] *** Joins: Colgate (rabbit@brushie.horse)
[08:33:07] *** Joins: Cameron_D (cameron@192.241.210.101)
[08:33:07] *** Joins: MichaelXX2 (MichaelXX2@Pony-1h6.o6q.211.209.IP)
[08:33:07] *** Joins: sleumas2000 (sleumas2000@my.little.karaoke)
[08:33:07] *** Joins: Pi (Mibbit@Pony-gcq.o6s.53.122.IP)
[08:33:07] *** Joins: Asis (Asis@The.forgotten.Pony.Asis)
[08:33:07] *** Joins: klaxa (klaxa@Pony-1kuq6f.eu)
[08:33:07] *** Joins: RedHelper (RedHelper@The.Pony.That.Makes.You.Smile)
[08:33:07] *** cadance.canternet.org sets mode: +aoao Shutter Shutter Colgate Colgate
[08:33:43] <texasboykc09> dat netsplit
[08:33:46] *** Joins: Luna (Luna@The.Moon.Princess)
[08:33:46] *** Joins: nnnn20430 (nnnn20430@mindcraft.si.eu.org)
[08:33:46] *** cloudchaser.canternet.org sets mode: +o Luna
[08:46:04] *** Quits: nnnn20430 (nnnn20430@mindcraft.si.eu.org) (Ping timeout: 121 seconds)
[09:00:16] *** Joins: nnnn20430 (nnnn20430@mindcraft.si.eu.org)
[09:01:58] *** Quits: Pi (Mibbit@Pony-gcq.o6s.53.122.IP) (Quit: http://www.mibbit.com ajax IRC Client)
[09:02:24] *** Quits: Personifire (Tilde@Pony-v72r8a.res.rr.com) (Connection closed)
[09:23:33] *** Quits: texasboykc09 (texasboykc0@vampire.bat.nest) (Connection closed)
[09:24:26] *** Joins: texasboykc09 (texasboykc0@vampire.bat.nest)
[09:55:18] *** Joins: Pi (Mibbit@Pony-gcq.o6s.53.122.IP)
[10:15:01] *** Quits: Phase (Phase4@Pony-n56lpt.internode.on.net) (Ping timeout: 121 seconds)
[10:18:02] *** Joins: Phase (Phase4@Pony-pocs54.internode.on.net)
[11:45:40] *** Joins: Lunia (ellen@ChumPony.Enterprises)
[12:20:59] *** Quits: Pi (Mibbit@Pony-gcq.o6s.53.122.IP) (Quit: http://www.mibbit.com ajax IRC Client)
[12:38:05] *** Quits: Alcoholicorn (Alcoholicor@Pony-55oq0s.pool.hargray.net) (Ping timeout: 121 seconds)
[12:39:29] *** Quits: MichaelXX2 (MichaelXX2@Pony-1h6.o6q.211.209.IP) (Ping timeout: 121 seconds)
[12:47:04] *** Seoson|BNC is now known as Sour_Sweet
[12:58:36] *** Quits: nnnn20430 (nnnn20430@mindcraft.si.eu.org) (The TLS connection was non-properly terminated.)
[13:05:39] *** Joins: MichaelXX2 (MichaelXX2@Pony-1h6.o6q.211.209.IP)
[13:08:46] *** Joins: nnnn20430 (nnnn20430@mindcraft.si.eu.org)
[13:16:54] *** Quits: Aww (aww@Pony-ic0abh.online) (Quit: ♕ KEEP CALM AND COOKIE ON)
[13:32:21] *** Joins: Aww (aww@Pony-s66.2lf.34.64.IP)
[13:36:10] *** Quits: LightningCrash (lightning@property.of.moonlightning) (Ping timeout: 121 seconds)
[13:36:33] *** Quits: Aww (aww@Pony-s66.2lf.34.64.IP) (Quit: ♕ KEEP CALM AND COOKIE ON)
[13:37:30] *** Joins: LightningCrash (lightning@Pony-h1muuo.blackl.net)
[14:00:35] *** Joins: Aww (aww@Pony-ic0abh.online)
[14:02:59] *** Joins: Pi (Pi@Pony-kpc.c8i.94.119.IP)
[14:43:39] *** Eventide|Sleepies is now known as Eventise
[14:46:21] *** Eventise is now known as Evebti
[14:46:27] *** Evebti is now known as Eventide
[15:06:34] *** Joins: Alcoholicorn (Alcoholicor@Pony-55oq0s.pool.hargray.net)
[17:03:43] *** Joins: CloudChaser (Laty@Pony-9aa.sin.243.177.IP)
[17:05:40] *** Quits: Zuzu (zuzu@is.robo.licious) (Quit: My Mac has gone to sleep. ZZZzzz…)
[17:06:08] *** CloudChaser is now known as Delcatty
[17:14:33] *** Joins: Zuzu (zuzu@is.robo.licious)
[17:19:10] *** Joins: Tahlorz (rattle@Pony-04f8is.ph.cox.net)
[17:50:20] *** Joins: MLPE_17159 (MLPE_17159@Pony-85k.bbp.20.117.IP)
[17:50:33] <MLPE_17159> s
[17:50:36] *** Parts: MLPE_17159 (MLPE_17159@Pony-85k.bbp.20.117.IP) ()
[18:02:17] *** Joins: Black (Halcyon@Anonlight.Starsarebeautiful)
[18:02:50] *** Black is now known as Nelly
[18:08:48] *** Joins: Techno_Aurora (Techno_Auro@Pony-r5ej81.oshkwi.sbcglobal.net)
[18:08:59] *** Parts: Techno_Aurora (Techno_Auro@Pony-r5ej81.oshkwi.sbcglobal.net) ()
[18:09:57] *** Joins: Techno_Aurora (Techno_Auro@Pony-r5ej81.oshkwi.sbcglobal.net)
[18:10:09] *** Parts: Techno_Aurora (Techno_Auro@Pony-r5ej81.oshkwi.sbcglobal.net) ()
[18:11:32] *** Quits: Pi (Pi@Pony-kpc.c8i.94.119.IP) (Quit: *lick*)
[18:14:46] *** Joins: firestream (vinylderpy@Pony-i78.l4s.158.69.IP)
[18:53:00] *** Quits: Dusk (Dusk@dusky.horse) (Quit: Some people can't leave well enough alone...I'll be on Skype if people need me.)
[18:57:17] *** Joins: Dusk (Dusk@dusky.horse)
[20:54:23] *** Quits: Nelly (Halcyon@Anonlight.Starsarebeautiful) (Ping timeout: 121 seconds)
[20:58:07] *** Joins: Nelly (Halcyon@Anonlight.Starsarebeautiful)
[21:22:59] *** Quits: RedHelper (RedHelper@The.Pony.That.Makes.You.Smile) (Ping timeout: 121 seconds)
[21:23:02] *** Quits: Zuzu (zuzu@is.robo.licious) (Quit: My Mac has gone to sleep. ZZZzzz…)
[21:26:07] *** Joins: RedHelper (RedHelper@The.Pony.That.Makes.You.Smile)
[21:43:37] *** Quits: Delcatty (Laty@Pony-9aa.sin.243.177.IP) (Quit: TO THE MOON!!!)
[21:59:31] *** Joins: Persona (Tilde@Pony-v72r8a.res.rr.com)
[22:12:08] *** Joins: Summershy (~WebChat@Pony-dg5l6k.ga.comcast.net)
[22:12:50] *** Quits: Summershy (~WebChat@Pony-dg5l6k.ga.comcast.net) (Quit: Page closed)
[22:57:42] *** Quits: Alcoholicorn (Alcoholicor@Pony-55oq0s.pool.hargray.net) (Ping timeout: 121 seconds)
