[00:23:53] *** GigaTown is now known as Gigabit
[00:31:15] *** Quits: Phase4 (Phase4@Pony-ada193.internode.on.net) (Ping timeout: 121 seconds)
[01:12:51] *** Joins: Phase (Phase4@Pony-lu48ce.lnk.telstra.net)
[01:22:23] *** Quits: Foxtrot (Foxtrot@Pony-r23lq3.yourbnc.co.uk) (Ping timeout: 121 seconds)
[01:35:31] *** Quits: Black (Halcyon@Anonlight.Starsarebeautiful) (Ping timeout: 121 seconds)
[01:39:50] *** Joins: TSparkle3395 (TSparkle339@Owner.ARBronyRadio.com)
[01:40:12] *** Joins: Black (Halcyon@Anonlight.Starsarebeautiful)
[01:40:51] *** Joins: Persona (Tilde@Pony-g8ahnu.res.rr.com)
[01:52:58] *** Quits: Persona (Tilde@Pony-g8ahnu.res.rr.com) (Ping timeout: 121 seconds)
[02:02:13] *** Joins: Persona (Tilde@Pony-g8ahnu.res.rr.com)
[02:20:15] *** Quits: Alcoholicorn (Alcoholicor@Pony-55oq0s.pool.hargray.net) (Ping timeout: 121 seconds)
[02:36:23] *** Quits: DinkyDoo (uid68367@Pony-iqpu60.ealing.irccloud.com) (Quit: Connection closed for inactivity)
[02:40:58] *** Joins: Alcoholicorn (Alcoholicor@Pony-55oq0s.pool.hargray.net)
[03:00:34] *** Quits: Zuzu (zuzu@is.robo.licious) (Ping timeout: 121 seconds)
[03:05:02] *** Black is now known as ScarletProse
[03:06:02] *** Joins: Zuzu (zuzu@is.robo.licious)
[03:07:37] *** Halcyon_Starlight is now known as Halcyon_Daze
[03:08:23] *** Quits: ScarletProse (Halcyon@Anonlight.Starsarebeautiful) (Quit: Bye ponies~)
[03:17:43] *** Halcyon_Daze is now known as Halcyon_Starlight
[03:32:53] *** Quits: Lapsus (Lapsus@i-forget.ca) (Connection closed)
[03:35:30] *** Joins: Lapsus (Lapsus@i-forget.ca)
[04:05:47] *** Halcyon_Starlight is now known as BlackCat
[04:22:52] *** Joins: DinkyDoo (uid68367@Pony-iqpu60.ealing.irccloud.com)
[04:58:25] *** Quits: Zuzu (zuzu@is.robo.licious) (Ping timeout: 121 seconds)
[04:59:28] *** Joins: Zuzu (zuzu@is.robo.licious)
[05:43:19] *** Quits: TSparkle3395 (TSparkle339@Owner.ARBronyRadio.com) (Ping timeout: 121 seconds)
[05:53:53] *** Eventide is now known as Eventide|Sleepies
[06:35:03] *** Joins: Nintendo4DS (Nintendo3DS@Pony-eeqc0u.res.rr.com)
[06:35:03] *** Quits: jimmt (Nintendo3DS@Pony-eeqc0u.res.rr.com) (Connection closed)
[07:05:21] *** Joins: MichaelXX2_ (MichaelXX2@Pony-8lu.6bp.217.173.IP)
[07:06:36] *** Quits: MichaelXX2 (MichaelXX2@Pony-8lu.6bp.217.173.IP) (Ping timeout: 121 seconds)
[07:06:51] *** Quits: Kiyiko (Kiyiko@Pony-c9ma3u.dsl.netins.net) (Ping timeout: 121 seconds)
[07:08:01] *** Joins: Kiyiko (Kiyiko@Pony-c9ma3u.dsl.netins.net)
[07:23:55] *** Joins: Pi (Pi@Pony-ins.lfv.206.112.IP)
[07:46:23] *** Quits: DinkyDoo (uid68367@Pony-iqpu60.ealing.irccloud.com) (Quit: Connection closed for inactivity)
[08:00:19] *** Gigabit is now known as GigaZzz
[08:19:01] *** Pi is now known as Pi_Naps
[08:42:48] *** FoxDie is now known as FoxDie|Sleep
[09:34:29] *** Quits: Phase (Phase4@Pony-lu48ce.lnk.telstra.net) (Ping timeout: 121 seconds)
[10:10:05] *** Quits: Alcoholicorn (Alcoholicor@Pony-55oq0s.pool.hargray.net) (Ping timeout: 121 seconds)
[10:28:13] *** Joins: Phase (Phase4@Pony-ada193.internode.on.net)
[10:35:55] *** BlackCat is now known as Null
[10:40:22] *** Quits: Pinkie_Pi (Pinkie_Pi@Pony-gscsnk.res.rr.com) (Ping timeout: 121 seconds)
[10:41:18] *** Joins: Pinkie_Pi (Pinkie_Pi@Pony-gscsnk.res.rr.com)
[10:45:41] *** Quits: KhorneFlakes (Claymation@Pony-01nphb.cable.rogers.com) (Connection closed)
[11:03:43] *** Quits: Persona (Tilde@Pony-g8ahnu.res.rr.com) (Ping timeout: 121 seconds)
[11:09:26] *** Joins: Alcoholicorn (Alcoholicor@Pony-55oq0s.pool.hargray.net)
[11:15:58] *** Quits: Alcoholicorn (Alcoholicor@Pony-55oq0s.pool.hargray.net) (Ping timeout: 121 seconds)
[12:18:46] *** Joins: Ponka_Po (Pinkie_Pi@Pony-gscsnk.res.rr.com)
[12:20:06] *** Quits: Pinkie_Pi (Pinkie_Pi@Pony-gscsnk.res.rr.com) (Ping timeout: 121 seconds)
[12:33:30] *** Pi_Naps is now known as Pi
[13:27:45] *** Eventide|Sleepies is now known as Eventide
[14:37:12] *** Joins: Foxtrot (Foxtrot@Pony-dou689.yourbnc.co.uk)
[14:48:14] *** Quits: Pi (Pi@Pony-ins.lfv.206.112.IP) (Quit: Lend us 10p for a cuppa tea?)
[15:38:18] *** Quits: Foxtrot (Foxtrot@Pony-dou689.yourbnc.co.uk) (Quit: Quit)
[15:44:12] *** Joins: Pi (Mibbit@Pony-l4s.4ce.95.119.IP)
[16:41:38] *** Joins: CloudChaser (Pegasus@Pony-v90.4vu.168.189.IP)
[17:38:51] *** Null is now known as Nelly|Away
[18:45:03] *** Joins: Persona (Tilde@Pony-g8ahnu.res.rr.com)
[18:50:37] *** Joins: Alcoholicorn (Alcoholicor@Pony-55oq0s.pool.hargray.net)
[18:52:50] *** Nintendo4DS is now known as ldyeax
[20:01:07] *** Quits: CloudChaser (Pegasus@Pony-v90.4vu.168.189.IP) (Quit: TO THE MOON!!!)
[20:45:23] *** Quits: Alcoholicorn (Alcoholicor@Pony-55oq0s.pool.hargray.net) (Ping timeout: 121 seconds)
[21:12:10] *** Joins: Alcoholicorn (Alcoholicor@Pony-55oq0s.pool.hargray.net)
[21:45:35] *** Joins: KhorneFlakes (Claymation@Pony-01nphb.cable.rogers.com)
[21:46:51] *** Quits: Phase (Phase4@Pony-ada193.internode.on.net) (Ping timeout: 121 seconds)
[21:47:22] *** Quits: Pi (Mibbit@Pony-l4s.4ce.95.119.IP) (Quit: http://www.mibbit.com ajax IRC Client)
[22:12:29] *** Joins: Pony_7_ (WebChat@Pony-005.gro.248.50.IP)
[22:14:24] *** Pony_7_ is now known as MissChief
[22:19:32] *** Joins: Pi (Mibbit@Pony-ins.lfv.206.112.IP)
[22:25:39] *** Joins: Phase (Phase4@Pony-lu48ce.lnk.telstra.net)
[22:28:32] *** Quits: ldyeax (Nintendo3DS@Pony-eeqc0u.res.rr.com) (Ping timeout: 121 seconds)
[22:54:18] *** Quits: Pi (Mibbit@Pony-ins.lfv.206.112.IP) (Quit: http://www.mibbit.com ajax IRC Client)
[22:58:36] *** Joins: jimm (Nintendo3DS@Pony-eeqc0u.res.rr.com)
[23:13:17] *** Quits: Alcoholicorn (Alcoholicor@Pony-55oq0s.pool.hargray.net) (Ping timeout: 121 seconds)
[23:37:18] *** Quits: Zuzu (zuzu@is.robo.licious) (Ping timeout: 121 seconds)
[23:38:24] *** Joins: Zuzu (zuzu@is.robo.licious)
