[00:13:20] *** Quits: Phase (Phase4@Pony-aopdcj.internode.on.net) (Ping timeout: 121 seconds)
[00:54:47] *** Joins: Phase (Phase4@Pony-lu48ce.lnk.telstra.net)
[01:06:17] *** Quits: Alcoholicorn (Alcoholicor@Pony-55oq0s.pool.hargray.net) (Ping timeout: 121 seconds)
[01:35:00] *** Joins: DinkyDoo (uid68367@Pony-iqpu60.ealing.irccloud.com)
[01:36:03] *** DinkyDoo is now known as DitzyDoo
[01:36:33] *** DitzyDoo is now known as Pony_53456
[01:48:50] *** Joins: GumballCrash (GumballCras@0.to.pony.10secondsflat)
[01:59:23] *** VegaTown is now known as Vega
[02:06:01] *** Nell is now known as Halcyon_Waters
[02:43:17] *** Pony_53456 is now known as DitzyDoo
[02:43:47] *** DitzyDoo is now known as Pony_66535
[02:44:03] *** Pony_66535 is now known as DinkyDoo
[02:53:09] *** Creeps|AFK is now known as RedHelper
[03:19:07] *** Quits: Pinkie_Pi (Pinkie_Pi@Pony-479fc1.res.rr.com) (Ping timeout: 121 seconds)
[03:23:26] *** Joins: Alcoholicorn (Alcoholicor@Pony-55oq0s.pool.hargray.net)
[03:32:19] *** Parts: NewFoal871 (NewFoal871@Pony-4ge.c4p.158.187.IP) ()
[03:44:42] *** Joins: Pony_8 (~WebChat@Pony-8ujf9q.sntcca.sbcglobal.net)
[03:44:48] <Pony_8>  
[03:44:50] <Pony_8>   
[03:44:55] <Pony_8> hjhj
[03:45:09] <DinkyDoo> Hi
[03:45:10] *** Parts: Pony_8 (~WebChat@Pony-8ujf9q.sntcca.sbcglobal.net) ("")
[03:45:11] <DinkyDoo> ?
[03:47:36] <DinkyDoo> Hi
[03:52:16] *** Joins: Citrio (WebChat@Pony-8ujf9q.sntcca.sbcglobal.net)
[03:52:52] <Citrio> Hello?
[03:52:52] <Twili> I read in a book once that said Hello is Welcome!
[03:52:53] *** Quits: Zuzu (zuzu@is.robo.licious) (Ping timeout: 121 seconds)
[03:53:05] <Citrio>  . . .
[03:53:10] <Citrio> Hello?
[03:53:10] <Twili> Ponies say Hello is Welcome!
[03:53:36] <Citrio> #help
[03:53:47] <Colgate> hello
[03:53:53] <Citrio> +#help
[03:54:12] <Citrio> no clue what im doing
[03:54:33] <Colgate> I don't know either
[03:55:17] <Citrio> Is there like a "help" command I don't know of? Because it sure would be useful right now.
[03:56:43] <Colgate> /helpop
[03:57:28] <Citrio> ok
[03:58:08] <Citrio>  . . . got nothing
[03:58:25] <Colgate> check the server tab
[04:02:10] *** Quits: Citrio (WebChat@Pony-8ujf9q.sntcca.sbcglobal.net) (Ping timeout: 121 seconds)
[04:31:20] *** Joins: Pinkie_Pi (Pinkie_Pi@Pony-479fc1.res.rr.com)
[04:33:37] *** Dusk|Sleep is now known as Dusk
[04:56:43] *** Halcyon_Waters is now known as Nell
[05:11:32] *** Joins: Pi (Mibbit@Pony-r2o.6f3.204.112.IP)
[05:37:49] *** RedHelper is now known as Creeps|AFK
[05:51:42] *** Quits: Phase (Phase4@Pony-lu48ce.lnk.telstra.net) (Quit: Leaving)
[05:53:26] *** Quits: DinkyDoo (uid68367@Pony-iqpu60.ealing.irccloud.com) (Quit: Connection closed for inactivity)
[06:02:30] *** Joins: Phase (Phase4@Pony-lu48ce.lnk.telstra.net)
[06:18:34] *** Quits: BronyDee-AFK (BronyDee@Pony-t0q.n3p.84.112.IP) (Ping timeout: 121 seconds)
[06:44:24] *** Quits: Persona (Tilde@Pony-i5u0gi.78km.c1tq.6000.2605.IP) (Ping timeout: 121 seconds)
[07:39:31] *** Quits: Pi (Mibbit@Pony-r2o.6f3.204.112.IP) (Quit: http://www.mibbit.com ajax IRC Client)
[07:47:04] *** Joins: Nelly (Halcyon@Anonlight.Starsarebeautiful)
[08:05:20] *** Eventide is now known as Eventide|Sleepies
[08:35:29] *** Joins: Pi (Pi@Pony-7um.g98.208.112.IP)
[09:15:37] *** Vega is now known as GigaSleep
[09:19:50] *** Lunia is now known as Ambassador_Lunia
[09:28:13] *** Quits: Phase (Phase4@Pony-lu48ce.lnk.telstra.net) (Quit: Leaving)
[09:28:35] *** Joins: Phase (Phase4@Pony-lu48ce.lnk.telstra.net)
[09:42:14] *** Quits: Pi (Pi@Pony-7um.g98.208.112.IP) (Ping timeout: 121 seconds)
[09:44:26] *** Quits: Phase (Phase4@Pony-lu48ce.lnk.telstra.net) (Ping timeout: 121 seconds)
[09:48:21] *** Joins: Pi (Pi@Pony-7um.g98.208.112.IP)
[09:51:33] *** Quits: Nelly (Halcyon@Anonlight.Starsarebeautiful) (Quit: Safe to Exhale.)
[10:39:16] *** Joins: Stargazer1st (WebChat@Pony-qr8uj4.nhs.uk)
[10:39:52] *** Quits: Stargazer1st (WebChat@Pony-qr8uj4.nhs.uk) (Quit: Page closed)
[10:40:38] *** Joins: Stargazer1st (WebChat@Pony-qr8uj4.nhs.uk)
[11:04:10] *** Joins: Phase (Phase4@Pony-aopdcj.internode.on.net)
[12:01:04] *** Quits: Phase (Phase4@Pony-aopdcj.internode.on.net) (Quit: Leaving)
[12:07:58] *** Joins: Phase (Phase4@Pony-etmrhm.internode.on.net)
[12:39:18] *** Joins: Alcoholicorn|2 (Alcoholicor@Pony-55oq0s.pool.hargray.net)
[12:39:28] *** Joins: Gumball_Crash (GumballCras@Pony-svbp6u.nh.comcast.net)
[12:41:51] *** Quits: Alcoholicorn (Alcoholicor@Pony-55oq0s.pool.hargray.net) (Ping timeout: 121 seconds)
[12:42:51] *** Quits: GumballCrash (GumballCras@0.to.pony.10secondsflat) (Ping timeout: 121 seconds)
[13:09:17] *** Joins: Finwe^ (vhalkola@Pony-bs4ovt.org.aalto.fi)
[13:11:49] *** Quits: Finwe^ (vhalkola@Pony-bs4ovt.org.aalto.fi) (Quit: leaving)
[13:12:39] *** Joins: Finwe^ (vhalkola@Pony-bs4ovt.org.aalto.fi)
[13:14:44] *** Quits: Finwe^ (vhalkola@Pony-bs4ovt.org.aalto.fi) (Quit: leaving)
[13:21:00] *** Joins: Saxopi (Pi@Pony-7um.g98.208.112.IP)
[13:23:20] *** Quits: Pi (Pi@Pony-7um.g98.208.112.IP) (Ping timeout: 121 seconds)
[13:24:25] *** Saxopi is now known as Pi
[13:25:40] *** Quits: Alcoholicorn|2 (Alcoholicor@Pony-55oq0s.pool.hargray.net) (Ping timeout: 121 seconds)
[14:37:09] *** Joins: Alcoholicorn|2 (Alcoholicor@Pony-55oq0s.pool.hargray.net)
[14:45:14] *** Quits: Cameron_D (cameron@cam.mylittle.horse) (Ping timeout: 121 seconds)
[14:58:27] *** Joins: Cameron_D (cameron@Pony-be0im7.mylittle.horse)
[15:10:37] *** Parts: Cameron_D (cameron@cam.mylittle.horse) (":(){ :|:& };:")
[15:50:59] *** Joins: Cameron_D (cameron@Pony-be0im7.mylittle.horse)
[16:02:46] *** Joins: Hivana (Hivana@Pony-tkr14n.nctv.com)
[16:03:48] *** Quits: Cameron_D (cameron@cam.mylittle.horse) (Ping timeout: 121 seconds)
[16:04:14] *** Quits: Hivana (Hivana@Pony-tkr14n.nctv.com) (Quit: Leaving)
[16:04:53] *** Quits: Pi (Pi@Pony-7um.g98.208.112.IP) (Ping timeout: 121 seconds)
[16:05:04] *** Joins: Saxopi (Pi@Pony-7um.g98.208.112.IP)
[16:09:40] *** Quits: Saxopi (Pi@Pony-7um.g98.208.112.IP) (Connection closed)
[16:11:22] *** Joins: Saxopi (Pi@Pony-7um.g98.208.112.IP)
[16:11:37] *** Quits: Saxopi (Pi@Pony-7um.g98.208.112.IP) (Connection closed)
[16:12:08] *** Joins: Pi (Pi@Pony-7um.g98.208.112.IP)
[16:16:41] *** Joins: Cameron_D (cameron@Pony-be0im7.mylittle.horse)
[16:17:19] *** Quits: Alcoholicorn|2 (Alcoholicor@Pony-55oq0s.pool.hargray.net) (Ping timeout: 121 seconds)
[16:27:57] *** Joins: DinkyDoo (uid68367@Pony-iqpu60.ealing.irccloud.com)
[16:34:49] *** DinkyDoo is now known as NamelessDrone9386
[16:54:07] *** NamelessDrone9386 is now known as DinkyDoo
[16:54:11] *** Eventide|Sleepies is now known as Eventide
[17:13:41] *** Joins: SilverSpeed (Pegasus@Pony-36m.r0k.168.189.IP)
[17:38:07] *** Quits: Stargazer1st (WebChat@Pony-qr8uj4.nhs.uk) (Quit: Page closed)
[18:16:30] *** Quits: SilverSpeed (Pegasus@Pony-36m.r0k.168.189.IP) (Quit: TO THE MOON!!!)
[19:29:56] *** Nell is now known as BlackCat
[19:46:53] *** GigaSleep is now known as Vega
[20:46:27] *** Starthunder is now known as Moonlightning
[21:18:02] *** Joins: Persona (Tilde@Pony-1t8va8.78km.c1tq.6000.2605.IP)
[21:33:01] *** Quits: Ambassador_Lunia (ellen@ChumPony.Enterprises) (Connection closed)
[21:39:31] *** BlackCat is now known as Null
[21:47:26] *** Joins: Saxopi (Pi@Pony-7um.g98.208.112.IP)
[21:50:20] *** Quits: Pi (Pi@Pony-7um.g98.208.112.IP) (Ping timeout: 121 seconds)
[21:53:53] *** Joins: Lunia (ellen@ChumPony.Enterprises)
[22:50:38] *** Joins: Painted_Glory_ (~WebChat@Pony-frmlu6.ip.windstream.net)
[22:50:52] <Painted_Glory_> Hi hi
[22:51:05] *** Quits: Painted_Glory_ (~WebChat@Pony-frmlu6.ip.windstream.net) (Quit: Page closed)
[22:52:52] <Colgate> hibye
[22:57:22] *** Quits: Pinkie_Pi (Pinkie_Pi@Pony-479fc1.res.rr.com) (Ping timeout: 121 seconds)
[22:59:05] *** Vega is now known as GigaWork
[23:05:59] *** Joins: PeakVolu1e (k9ldt@Pony-tqvh62.fios.verizon.net)
[23:07:21] *** Quits: PeakVolume (k9ldt@Pony-tqvh62.fios.verizon.net) (Ping timeout: 121 seconds)
[23:14:28] *** Joins: Alcoholicorn|2 (Alcoholicor@Pony-55oq0s.pool.hargray.net)
[23:22:36] *** Quits: Persona (Tilde@Pony-1t8va8.78km.c1tq.6000.2605.IP) (Connection closed)
[23:31:28] *** Joins: orlan (doomb@Pony-18dbho.ed.shawcable.net)
[23:36:14] <orlan> lol https://www.youtube.com/watch?v=O4RccigIg3o
[23:38:39] <orlan> When it snows and goes below -30 I am a wealthy person
[23:39:26] <orlan> In the summer I just have queer black. stop blessing pegans!
[23:41:45] <orlan> oi
[23:45:31] *** Quits: orlan (doomb@Pony-18dbho.ed.shawcable.net) (Quit: )
[23:52:11] *** Joins: orlan (doomb@Pony-18dbho.ed.shawcable.net)
[23:53:37] <orlan> http://www.wxyz.com/news/dirty-sock-drug-deal-lands-man-in-prison
[23:53:39] *** Quits: Saxopi (Pi@Pony-7um.g98.208.112.IP) (Ping timeout: 121 seconds)
[23:54:49] *** Quits: orlan (doomb@Pony-18dbho.ed.shawcable.net) (Quit: I have no friends.)
[23:56:25] *** Creeps|AFK is now known as RedHelper
