[00:17:07] *** Quits: Alcoholicorn (Alcoholicor@Pony-55oq0s.pool.hargray.net) (Ping timeout: 121 seconds)
[00:29:06] *** Joins: Alcoholicorn (Alcoholicor@Pony-55oq0s.pool.hargray.net)
[00:30:12] *** Quits: Seoson (Seoson@pony.kab-s.de) (Ping timeout: 121 seconds)
[00:38:12] *** Quits: Phase (Phase4@Pony-u4lofk.internode.on.net) (Ping timeout: 121 seconds)
[00:42:01] *** Joins: Phase (Phase4@Pony-u4lofk.internode.on.net)
[00:43:12] *** Joins: Seoson (Seoson@pony.kab-s.de)
[00:43:46] *** Quits: Tierney_Kelly (WebChat@Pony-dukbn0.cc.ca.us) (Quit: Page closed)
[00:48:01] *** Joins: Tierney_Kelly (WebChat@Pony-d9ss9p.mycingular.net)
[00:52:03] *** Quits: Tierney_Kelly (WebChat@Pony-d9ss9p.mycingular.net) (Ping timeout: 121 seconds)
[00:54:02] *** Joins: Pony_4 (~WebChat@Pony-d9ss9p.mycingular.net)
[00:57:58] *** Pony_4 is now known as TK
[01:01:39] *** TK is now known as Tierney_Kelly
[01:28:56] *** Joins: Citrio (WebChat@Pony-shis78.ca.comcast.net)
[01:29:24] *** Citrio is now known as Pony_41947
[01:30:07] *** Quits: Pony_41947 (WebChat@Pony-shis78.ca.comcast.net) (Quit: Page closed)
[01:30:48] *** Joins: Citrio (~WebChat@Pony-shis78.ca.comcast.net)
[01:31:09] *** Citrio is now known as Tk
[01:31:18] *** Tk is now known as Citrio
[01:31:42] *** Quits: Tierney_Kelly (~WebChat@Pony-d9ss9p.mycingular.net) (Ping timeout: 121 seconds)
[01:51:56] *** Quits: Electron (Miranda@Pony-3i4lf4.is74.ru) (Quit: Miranda IM! Smaller, Faster, Easier. http://miranda-im.org)
[02:31:05] *** Quits: Alcoholicorn (Alcoholicor@Pony-55oq0s.pool.hargray.net) (Connection closed)
[02:31:17] *** Joins: Alcoholicorn (Alcoholicor@Pony-55oq0s.pool.hargray.net)
[02:48:05] *** Joins: NewFoal4125 (NewFoal7907@Pony-5d5.ls3.158.187.IP)
[02:48:36] <NewFoal4125> f#parasprite
[02:48:40] <NewFoal4125> #parasprite
[02:48:43] *** Parts: NewFoal4125 (NewFoal7907@Pony-5d5.ls3.158.187.IP) ()
[02:55:56] *** Joins: Cavity (uid63062@Pony-jogq8d.ealing.irccloud.com)
[03:01:08] *** Cavity is now known as Toothpaste
[03:01:38] *** Toothpaste is now known as Pony_12635
[03:02:19] *** Pony_12635 is now known as Toothpaste
[03:06:08] *** Toothpaste is now known as Toothie|BRB
[03:30:21] *** Toothie|BRB is now known as Toothpaste
[03:31:08] *** Toothpaste is now known as SilverSky
[03:51:29] *** Quits: Lapsus (Lapsus@i-forget.ca) (Connection closed)
[03:56:00] *** Joins: Lapsus (Lapsus@i-forget.ca)
[04:08:44] *** SilverSky is now known as Toothpaste
[04:50:14] *** Seoson is now known as Seoson|BNC
[05:39:32] *** Gigabit is now known as Snoarin
[05:39:38] *** Quits: Pinkie_Pi (Pinkie_Pi@Pony-479fc1.res.rr.com) (Ping timeout: 121 seconds)
[06:15:37] *** Joins: AppleDash (appled@dusks.adorable.pet.pegasus)
[06:17:06] *** Quits: Citrio (~WebChat@Pony-shis78.ca.comcast.net) (Quit: Page closed)
[07:06:39] *** Quits: Phase (Phase4@Pony-u4lofk.internode.on.net) (Connection closed)
[07:17:05] *** Quits: Toothpaste (uid63062@Pony-jogq8d.ealing.irccloud.com) (Quit: Zzzzzz...)
[07:21:15] *** Joins: Phase (Phase4@Pony-u4lofk.internode.on.net)
[07:24:07] *** Quits: Phase (Phase4@Pony-u4lofk.internode.on.net) (Connection closed)
[07:25:32] *** Joins: Phase (Phase4@Pony-u4lofk.internode.on.net)
[07:43:21] *** Eventide is now known as Eventide|Sleepies
[07:48:31] *** RedHelper is now known as Creeps|AFK
[08:19:14] *** Quits: Alcoholicorn (Alcoholicor@Pony-55oq0s.pool.hargray.net) (Ping timeout: 121 seconds)
[08:51:33] *** Joins: Alcoholicorn (Alcoholicor@Pony-55oq0s.pool.hargray.net)
[09:36:07] *** Quits: Alcoholicorn (Alcoholicor@Pony-55oq0s.pool.hargray.net) (Ping timeout: 121 seconds)
[09:54:23] *** Quits: Phase (Phase4@Pony-u4lofk.internode.on.net) (A TLS packet with unexpected length was received.)
[09:55:11] *** Joins: Phase (Phase4@Pony-u4lofk.internode.on.net)
[10:07:15] *** Joins: Electron (Miranda@Pony-7janv0.is74.ru)
[10:46:32] *** Joins: Pi (Mibbit@Pony-sq6.trb.204.112.IP)
[10:57:38] *** Quits: Phase (Phase4@Pony-u4lofk.internode.on.net) (Ping timeout: 121 seconds)
[11:31:20] *** Joins: Alcoholicorn (Alcoholicor@Pony-55oq0s.pool.hargray.net)
[11:34:45] *** Joins: Phase (Phase4@Pony-u4lofk.internode.on.net)
[11:49:44] *** Quits: Phase (Phase4@Pony-u4lofk.internode.on.net) (Quit: Leaving)
[12:23:11] *** Joins: Phase (Phase4@Pony-u4lofk.internode.on.net)
[12:44:44] *** Quits: Creeps|AFK (RedHelper@The.Pony.That.Makes.You.Smile) (Ping timeout: 121 seconds)
[12:44:57] *** Quits: Snoarin (Gigabit@Bazinga) (Ping timeout: 121 seconds)
[12:46:44] *** Joins: RedHelper (RedHelper@The.Pony.That.Makes.You.Smile)
[12:47:13] *** Joins: GigabitPony (Gigabit@Bazinga)
[13:02:19] *** Seoson|BNC is now known as Seoson
[13:38:48] *** Quits: Pi (Mibbit@Pony-sq6.trb.204.112.IP) (Quit: http://www.mibbit.com ajax IRC Client)
[13:59:05] *** Joins: nnnn20430 (nnnn20430@mindcraft.si.eu.org)
[14:08:55] *** Quits: Alcoholicorn (Alcoholicor@Pony-55oq0s.pool.hargray.net) (Ping timeout: 121 seconds)
[15:02:02] *** GigabitPony is now known as GigaWork
[15:23:44] *** Joins: khan777_ (WebChat@Pony-u6n.th9.43.39.IP)
[15:36:30] *** Quits: khan777_ (WebChat@Pony-u6n.th9.43.39.IP) (Quit: Page closed)
[15:53:15] *** Electron is now known as Electron^Gaming
[16:21:47] *** Quits: nnnn20430 (nnnn20430@mindcraft.si.eu.org) (Ping timeout: 121 seconds)
[16:26:39] *** Joins: nnnn20430 (nnnn20430@mindcraft.si.eu.org)
[17:22:19] *** Eventide|Sleepies is now known as Eventide
[17:26:01] *** Ashley is now known as Ashfire
[18:23:12] *** Joins: Pinkie_Pi (Pinkie_Pi@Pony-479fc1.res.rr.com)
[18:52:24] *** Electron^Gaming is now known as Electron
[19:33:29] *** Joins: MoonlightHeart_ (~WebChat@Pony-aiffbf.cust.tele2.se)
[19:33:38] <MoonlightHeart_> Hello
[19:34:21] *** Quits: MoonlightHeart_ (~WebChat@Pony-aiffbf.cust.tele2.se) (Quit: Page closed)
[20:29:01] *** Quits: Phase (Phase4@Pony-u4lofk.internode.on.net) (Ping timeout: 121 seconds)
[20:36:02] *** Quits: Electron (Miranda@Pony-7janv0.is74.ru) (Quit: Miranda IM! Smaller, Faster, Easier. http://miranda-im.org)
[20:55:00] *** Joins: Tierney_Kelly (WebChat@Pony-shis78.ca.comcast.net)
[21:02:21] *** Quits: Tierney_Kelly (WebChat@Pony-shis78.ca.comcast.net) (Quit: Page closed)
[21:07:43] *** Joins: Phase (Phase4@Pony-lu48ce.lnk.telstra.net)
[21:22:23] *** Joins: Alcoholicorn (Alcoholicor@Pony-55oq0s.pool.hargray.net)
[21:38:34] *** Joins: Pony_5 (WebChat@Pony-shis78.ca.comcast.net)
[21:44:07] *** Quits: Pony_5 (WebChat@Pony-shis78.ca.comcast.net) (Quit: Page closed)
[22:15:12] *** Quits: Alcoholicorn (Alcoholicor@Pony-55oq0s.pool.hargray.net) (Ping timeout: 121 seconds)
[22:35:30] *** Dusk is now known as Dawn
[22:37:22] *** Joins: Alcoholicorn (Alcoholicor@Pony-55oq0s.pool.hargray.net)
[23:45:11] *** GigaWork is now known as Gigabit
[23:52:02] *** Joins: Tierney_Kelly (WebChat@Pony-shis78.ca.comcast.net)
