[00:00:32] *** Gigabit is now known as Gigaway
[00:04:06] *** Joins: Phase (Phase4@Pony-aopdcj.internode.on.net)
[00:04:13] *** Creeps|AFK is now known as RedHelper
[00:17:11] *** Gigaway is now known as Gigabit
[00:28:41] *** Quits: Alcoholicorn (Alcoholicor@Pony-55oq0s.pool.hargray.net) (Ping timeout: 121 seconds)
[00:39:30] *** Joins: Saxopi (Pi@Pony-nfv.cod.95.119.IP)
[01:18:18] *** Quits: Pony_9 (WebChat@Pony-r39dl9.range86-163.btcentralplus.com) (Ping timeout: 121 seconds)
[01:35:55] *** Gigabit is now known as GigaWork
[02:05:49] *** Joins: Alcoholicorn (Alcoholicor@Pony-55oq0s.pool.hargray.net)
[02:13:25] *** Quits: DinkyDoo (uid68367@Pony-iqpu60.ealing.irccloud.com) (Quit: Connection closed for inactivity)
[02:21:12] *** Joins: HyperDash (WebChat@Pony-pveddk.wa.comcast.net)
[02:28:02] *** Quits: HyperDash (WebChat@Pony-pveddk.wa.comcast.net) (Ping timeout: 121 seconds)
[02:50:35] *** Joins: DinkyDoo (uid68367@Pony-iqpu60.ealing.irccloud.com)
[02:54:57] *** Joins: Pony_9 (~WebChat@Pony-r39dl9.range86-163.btcentralplus.com)
[02:56:48] *** Quits: Pony_9 (~WebChat@Pony-r39dl9.range86-163.btcentralplus.com) (Quit: Page closed)
[03:04:17] *** Princess_Starlight is now known as Halcyon_Starlight
[03:06:50] *** Joins: Ponka_Po (Pinkie_Pi@Pony-479fc1.res.rr.com)
[03:08:25] *** Quits: Pinkie_Pi (Pinkie_Pi@Pony-479fc1.res.rr.com) (Ping timeout: 121 seconds)
[03:21:33] *** Halcyon_Starlight is now known as HALCYON
[03:22:31] *** HALCYON is now known as Halcyon_Starlight
[03:24:04] *** Quits: Alcoholicorn (Alcoholicor@Pony-55oq0s.pool.hargray.net) (Ping timeout: 121 seconds)
[03:31:07] *** Saxopi is now known as Pi
[03:38:39] *** Halcyon_Starlight is now known as Null
[03:40:30] *** Joins: Alcoholicorn (Alcoholicor@Pony-55oq0s.pool.hargray.net)
[03:45:21] *** Quits: Pi (Pi@Pony-nfv.cod.95.119.IP) (Quit: Lend us 10p for a cuppa tea?)
[03:48:22] *** Null is now known as Halcyon_Starlight
[03:48:26] *** Joins: BronyDee-AFK (BronyDee@Pony-t0q.n3p.84.112.IP)
[03:51:33] *** Quits: BronyDee (BronyDee@Pony-t0q.n3p.84.112.IP) (Ping timeout: 121 seconds)
[03:55:08] *** Joins: HyperDash (WebChat@Pony-pveddk.wa.comcast.net)
[04:30:08] *** Ponka_Po is now known as Pinkie_Pi
[05:22:18] *** Joins: Pi (Mibbit@Pony-r2o.6f3.204.112.IP)
[05:22:30] *** Halcyon_Starlight is now known as Nell|LowPower
[05:30:29] *** Nell|LowPower is now known as Hally
[05:41:28] *** Hally is now known as Null|LowPowah
[05:48:39] *** Quits: Zuzu (zuzu@is.robo.licious) (Ping timeout: 121 seconds)
[06:13:25] *** Quits: DinkyDoo (uid68367@Pony-iqpu60.ealing.irccloud.com) (Quit: Connection closed for inactivity)
[06:17:39] *** Quits: HyperDash (WebChat@Pony-pveddk.wa.comcast.net) (Quit: Page closed)
[06:21:15] *** Quits: Persona (Tilde@Pony-nd17r4.78km.c1tq.6000.2605.IP) (Ping timeout: 121 seconds)
[06:32:58] *** Null|LowPowah is now known as Nell
[06:33:23] *** Joins: Nelly (Halcyon@Anonlight.Starsarebeautiful)
[06:38:54] *** Quits: TSparkle3395 (TSparkle339@Owner.ARBronyRadio.com) (Connection closed)
[06:39:26] *** Joins: TSparkle3395 (TSparkle339@Owner.ARBronyRadio.com)
[07:18:24] *** Quits: Nelly (Halcyon@Anonlight.Starsarebeautiful) (Quit: Flavour text)
[07:21:55] *** Nell is now known as Null
[07:25:07] *** Eventide is now known as Eventide|Sleepies
[07:34:52] *** GigaWork is now known as Gigabit
[07:43:33] *** Finwe^ is now known as Finwe
[08:23:41] *** Quits: TSparkle3395 (TSparkle339@Owner.ARBronyRadio.com) (Ping timeout: 121 seconds)
[08:23:43] *** RedHelper is now known as Creeps|AFK
[10:45:19] *** Joins: TSparkle3395 (TSparkle339@Owner.ARBronyRadio.com)
[11:13:05] *** Quits: Pi (Mibbit@Pony-r2o.6f3.204.112.IP) (Quit: http://www.mibbit.com ajax IRC Client)
[11:33:05] *** Joins: Pony_5 (WebChat@Pony-r39dl9.range86-163.btcentralplus.com)
[11:57:00] *** Quits: TSparkle3395 (TSparkle339@Owner.ARBronyRadio.com) (Quit: Leaving)
[12:03:07] *** Quits: Pony_5 (WebChat@Pony-r39dl9.range86-163.btcentralplus.com) (Quit: Page closed)
[12:03:54] *** Joins: Pi (Pi@Pony-nfv.cod.95.119.IP)
[13:22:49] *** Dusk is now known as Dusk|Sleep
[14:17:18] *** Quits: Alcoholicorn (Alcoholicor@Pony-55oq0s.pool.hargray.net) (Ping timeout: 121 seconds)
[14:35:54] *** Quits: Pi (Pi@Pony-nfv.cod.95.119.IP) (Quit: Lend us 10p for a cuppa tea?)
[14:50:19] *** Joins: DinkyDoo (uid68367@Pony-iqpu60.ealing.irccloud.com)
[15:43:54] *** Joins: Pi (Mibbit@Pony-r2o.6f3.204.112.IP)
[16:15:38] *** Joins: Persona (Tilde@Pony-0hp0kf.78km.c1tq.6000.2605.IP)
[16:22:56] *** Joins: SilverSpeed (Pegasus@Pony-bug.4k6.134.187.IP)
[17:04:59] *** Joins: Hivana (Hivana@Pony-tkr14n.nctv.com)
[17:06:16] *** Joins: Azure_Charm (Hivana@Pony-tkr14n.nctv.com)
[17:09:01] *** Quits: Hivana (Hivana@Pony-tkr14n.nctv.com) (Ping timeout: 121 seconds)
[17:09:31] *** Azure_Charm is now known as Hivana
[17:31:20] *** Quits: Persona (Tilde@Pony-0hp0kf.78km.c1tq.6000.2605.IP) (Ping timeout: 121 seconds)
[17:33:34] *** Eventide|Sleepies is now known as Eventide
[17:47:56] *** Joins: Nelly (Halcyon@Anonlight.Starsarebeautiful)
[17:49:02] *** Null is now known as Nell
[17:50:37] *** Joins: Persona (Tilde@Pony-6d3m3r.public.utexas.edu)
[17:54:28] *** Hivana is now known as Azure_Charm
[18:33:25] *** Quits: DinkyDoo (uid68367@Pony-iqpu60.ealing.irccloud.com) (Quit: Connection closed for inactivity)
[19:20:33] *** Quits: Persona (Tilde@Pony-6d3m3r.public.utexas.edu) (Ping timeout: 121 seconds)
[19:28:10] *** Nelly is now known as SableFeline
[19:28:20] *** Quits: SableFeline (Halcyon@Anonlight.Starsarebeautiful) (Quit: Derp)
[19:28:29] *** Nell is now known as SableFeline
[19:30:34] *** Gigabit is now known as GigaDoctors
[20:02:39] *** Quits: SilverSpeed (Pegasus@Pony-bug.4k6.134.187.IP) (Quit: TO THE MOON!!!)
[20:05:55] *** Quits: Pony_48306 (Rika-chan@Pony-m9ushv.nipah.moe) (Quit: Nipah~)
[20:06:26] *** Joins: CarlGel (Rika-chan@Pony-m9ushv.nipah.moe)
[20:07:56] *** Joins: Persona (Tilde@Pony-a9j7ka.78km.c1tq.6000.2605.IP)
[20:22:34] *** Joins: Hivana (Hivana@Pony-tkr14n.nctv.com)
[20:24:15] *** Quits: Azure_Charm (Hivana@Pony-tkr14n.nctv.com) (Ping timeout: 121 seconds)
[20:28:42] *** Quits: Hivana (Hivana@Pony-tkr14n.nctv.com) (Ping timeout: 121 seconds)
[20:31:36] *** Joins: Alcoholicorn (Alcoholicor@Pony-55oq0s.pool.hargray.net)
[20:33:00] *** Joins: DinkyDoo (uid68367@Pony-iqpu60.ealing.irccloud.com)
[21:07:37] *** Quits: Pi (Mibbit@Pony-r2o.6f3.204.112.IP) (Quit: http://www.mibbit.com ajax IRC Client)
[21:16:18] *** Quits: BronyDee-AFK (BronyDee@Pony-t0q.n3p.84.112.IP) (Connection closed)
[21:16:45] *** Joins: BronyDee-AFK (BronyDee@Pony-t0q.n3p.84.112.IP)
[21:27:03] *** Quits: nnnn20430 (nnnn20430@mindcraft.si.eu.org) (The TLS connection was non-properly terminated.)
[21:33:17] *** Joins: Pony_7 (~WebChat@Pony-8e1d71.static-ip.telepacific.net)
[21:33:24] *** Parts: Pony_7 (~WebChat@Pony-8e1d71.static-ip.telepacific.net) ("")
[21:33:44] *** Joins: bladee (WebChat@Pony-8e1d71.static-ip.telepacific.net)
[21:34:29] *** Parts: bladee (WebChat@Pony-8e1d71.static-ip.telepacific.net) ("")
[21:34:55] *** Joins: nnnn20430 (nnnn20430@mindcraft.si.eu.org)
[21:52:54] *** Joins: Pi (Mibbit@Pony-nfv.cod.95.119.IP)
[21:59:04] *** Quits: Phase (Phase4@Pony-aopdcj.internode.on.net) (Ping timeout: 121 seconds)
[22:25:48] *** Quits: Lunia (ellen@ChumPony.Enterprises) (Quit: Konversation terminated!)
[22:25:56] *** Joins: Lunia (ellen@ChumPony.Enterprises)
[22:39:50] *** Quits: Pi (Mibbit@Pony-nfv.cod.95.119.IP) (Quit: http://www.mibbit.com ajax IRC Client)
[22:59:52] *** Joins: Phase (Phase4@Pony-lu48ce.lnk.telstra.net)
[23:01:04] *** SableFeline is now known as Nell
[23:08:00] *** Dusk|Sleep is now known as Dusk
[23:15:00] *** Joins: Nelly (Halcyon@Anonlight.Starsarebeautiful)
[23:18:47] *** Joins: Zuzu (zuzu@is.robo.licious)
[23:47:36] *** GigaDoctors is now known as Gigabit
