[17:21:24] *** Joins: TheFallen321 (~WebChat@Pony-f7j3qe.adsl.tpnet.pl)
[17:47:17] *** Joins: NekroSpyro (WebChat@Pony-bbrtrt.za.digi.pl)
[17:49:31] *** Joins: Zexel (~WebChat@Pony-ste.hki.212.178.IP)
[17:53:35] *** Joins: Aplex (WebChat@Pony-4ku6as.wtvk.pl)
[17:57:35] *** Quits: Zexel (~WebChat@Pony-ste.hki.212.178.IP) (Ping timeout: 121 seconds)
[18:13:38] *** Joins: Kuracyja (WebChat@Pony-a13.n5r.11.78.IP)
[18:13:49] <Kuracyja> no witam
[18:14:19] <Aplex> Witaj
[18:16:18] <Kuracyja> od 18:30 muzyczka, a o 19 start ( ͡° ͜ʖ ͡°)
[18:16:57] <Aplex> ok ( ͡° ͜ʖ ͡°) 
[18:24:56] *** Quits: TheFallen321 (~WebChat@Pony-f7j3qe.adsl.tpnet.pl) (Quit: Page closed)
[18:25:11] *** Joins: TheFallen321 (WebChat@Pony-f7j3qe.adsl.tpnet.pl)
[18:32:54] *** Quits: TheFallen321 (WebChat@Pony-f7j3qe.adsl.tpnet.pl) (Quit: Page closed)
[18:39:26] *** Joins: kuco-fan (~WebChat@Pony-h5g7q3.ostnet.pl)
[18:40:08] <Kuracyja> ktoś coś, jakieś pytanie?
[18:41:44] *** Quits: kuco-fan (~WebChat@Pony-h5g7q3.ostnet.pl) (Quit: Page closed)
[18:42:03] *** Joins: kuco-fan (WebChat@Pony-h5g7q3.ostnet.pl)
[18:50:04] *** Joins: qwebirc1985 (~WebChat@Pony-7ani68.plock.mm.pl)
[18:54:06] *** Quits: qwebirc1985 (~WebChat@Pony-7ani68.plock.mm.pl) (Ping timeout: 121 seconds)
[18:54:44] <Kuracyja> co tak cicho?
[18:55:27] *** Joins: qwebirc48310 (WebChat@Pony-cms7ap.dynamic.chello.pl)
[18:55:32] <Aplex> no jak widać cisza 
[18:55:35] <qwebirc48310> Siemka
[18:55:39] <Aplex> witaj
[18:55:55] <Kuracyja> witamy
[18:56:02] <Kuracyja> jak się podobała muzyka?
[18:56:06] *** Joins: Zexel (WebChat@Pony-ste.hki.212.178.IP)
[18:56:24] <qwebirc48310> jeszcze 4 minety
[18:56:25] <qwebirc48310> hehs
[18:57:42] <Zexel> Dawno już jej nie słuchałem. Dzieki za przypomnienie ;)
[18:57:57] <Kuracyja> a poprzednie kawałki? :P
[18:58:17] <Zexel> Dopiero teraz wszedłem
[18:59:00] <kuco-fan> Siemka :)
[18:59:06] <Kuracyja> witam
[18:59:15] <Zexel> Witaj 
[18:59:33] <kuco-fan> Jak tam leci?
[19:00:03] <Kuracyja> zaraz zaczynamy
[19:00:15] <Zexel> Całkiem dobrze ;)
[19:00:40] <kuco-fan> Czekam :)
[19:01:07] <Zexel> Do której bedzie trwała audycja?
[19:01:31] <Kuracyja> godzina co najmniej
[19:01:39] <Kuracyja> bo maraton przeróbek
[19:01:50] <Zexel> Yay!
[19:02:33] <Zexel> Już 6 raz to oglądam i nadal mnie to śmieszy xd
[19:03:27] <kuco-fan> Ja pierwszy raz :)
[19:03:49] <Zexel> Ja jak to 1 obejrzałem to płakałem :D
[19:04:54] <Zexel> I po tej przeróbce po raz pierwszy obejrzałem MLP
[19:05:18] <kuco-fan> Jedyne przeróbki które oglądałem były te od Derp Hoofa, a Bronym zostalem przez siostrzenicę :)
[19:05:47] <Kuracyja> o, widzę że kolega też oglądał DerpHoofa
[19:06:11] <Zexel> Ja chyba oglądałem wszystkie polskie przeróbkk MLP ;d
[19:06:25] <Kuracyja> tak? :D
[19:06:27] <qwebirc48310> Ktoś wie wgl co się z nim stało?
[19:06:36] <Kuracyja> SonicTheHedgehog17 - słyszałeś?
[19:06:47] <Kuracyja> nie wiem, co zaszło z DerpHoofem
[19:07:11] <kuco-fan> ja też nie wiem
[19:07:34] <kuco-fan> był i zniknął
[19:07:35] <Zexel> Wpisałem na YT MLP przeróbka i przeleciałem przez wszystkie filmiki ;D
[19:07:58] <kuco-fan> :)
[19:07:59] <Kuracyja> no ale nie odpowiedziałeś na pytanie xD
[19:08:25] <Zexel> Niby ja? 
[19:08:28] <Kuracyja> no
[19:08:54] *** Joins: qwebirc44497 (~WebChat@Pony-7ani68.plock.mm.pl)
[19:09:26] <Zexel> Dobra ja zw ide zrobić sobie pare kanapek ;D
[19:09:39] <kuco-fan> ok
[19:10:21] <Zexel> A odpowiadając Kuracyji to nie
[19:10:56] <Kuracyja> no widzisz :P
[19:11:05] <Zexel> O wiem! Zrobie sobie kanapke z psa
[19:11:08] <Kuracyja> więc nie obejrzałeś wszystkich xD
[19:11:26] <Zexel> So close  ;D
[19:12:56] *** Quits: qwebirc44497 (~WebChat@Pony-7ani68.plock.mm.pl) (Ping timeout: 121 seconds)
[19:13:47] <Zexel> Haha xd
[19:13:54] <kuco-fan> lol
[19:14:10] <Zexel> Hahaha
[19:14:18] <kuco-fan> hahahahahahahahahahahah
[19:14:33] <Zexel> O to jest zajebiste
[19:14:49] <Zexel> d-_-b xd
[19:16:16] <kuco-fan> Trochę za dużo tych wulgaryzmów ale wiem, że to podkreśla sens
[19:18:22] <Zexel> W tej części mniej przeklinają
[19:18:25] <Zexel> Chyba xd
[19:19:40] <Zexel> Ja po audycji chyba obejrze se Dzień Świra
[19:19:54] <kuco-fan> :)
[19:21:06] <kuco-fan> Jakoś to przeboleję, pamiętam, że jedną z przeróbek ocenzurowałem, żeby pokazać siostrzenicy
[19:21:27] <Zexel> Ile lat?
[19:21:57] <Zexel> Koleś co je ludzi macicą? Wut?
[19:21:58] <kuco-fan> 7
[19:23:02] <Kuracyja> Zexel, widzę że Stalina nie oglądałeś xD
[19:23:16] <kuco-fan> Ja też
[19:23:27] <Zexel> O części 2 zapomniałem xd
[19:24:44] <Zexel> Kobieta upita, kobieta zdobyta? Od kiedy przeróbki mają przekaz edukacyjny?
[19:25:20] <kuco-fan> To zależy od inwencji twórczej autora.
[19:26:16] <Zexel> No ja nie wyrobie, jebłem xd
[19:26:44] <kuco-fan> uważaj bo spadniesz z krzesła :)
[19:27:01] <Zexel> Za późno ;)
[19:27:08] <kuco-fan> ZW
[19:28:05] <Zexel> I ten Big Mac w roli Anusiaka xd
[19:29:27] *** Joins: ar2d2 (~WebChat@Pony-co0vhm.netia.com.pl)
[19:30:41] <kuco-fan> już jestem
[19:31:36] <Zexel> Tylko nie pokazuj tej przeróbki dla siostrzenicy ;)
[19:32:05] <kuco-fan> Ja tam wiem co pokazywać, a co nie :)
[19:32:14] *** Joins: Siwy (WebChat@Pony-2t6.9jn.248.151.IP)
[19:34:25] <kuco-fan> szyć bez znieczulenia w zakładzie krawieckim XD
[19:34:51] <Zexel> No w sumie xd
[19:39:17] <kuco-fan> The Rainbow Dash Show :) Yay :)
[19:39:31] <Zexel> No nie, tylko nie YTP xdd
[19:39:46] <kuco-fan> no co, śmieszne jest
[19:40:11] <Zexel> Śmieszne ale w chuj dziwne 
[19:40:56] <kuco-fan> uwaga baleron leci
[19:41:37] <Zexel> Hahaha
[19:42:46] <Zexel> Hahaha jprdl
[19:42:50] <Zexel> Jebłem
[19:44:43] <kuco-fan> taka ciekawostka SOS(tak nazywana w krajach anglojęzycznych) to substancja psychoaktywna
[19:45:13] <Zexel> Nie wiedziałem O_o
[19:45:33] <Zexel> Dobrze wiedzieć
[19:46:05] <kuco-fan> :)
[19:46:34] <Zexel> FerRARITY xd
[19:47:06] <kuco-fan> XD
[19:49:13] <kuco-fan> kucykowy lekarz bez licencji na kucyki XD
[19:49:56] <Zexel> Takie życie w Equestri xd
[19:50:01] <kuco-fan> :)
[20:05:41] <Zexel> Auć, moje uszy
[20:05:57] <kuco-fan> [Glitch Hop] Starlight = Glimmer
[20:06:08] <Aplex> The puny I want to Be - joinedtheherd remix :D
[20:06:15] <Aplex> pony*
[20:07:08] <Kuracyja> 20 slotów jest xD
[20:07:18] <kuco-fan> :)
[20:07:26] <Zexel> Jeśli PMV to polecam Give me your eyes PMV
[20:09:46] <kuco-fan> Under Our Spell (Danielkon Remix) 
[20:09:55] <Zexel> A jeśli muzyka fandomu to to:https://m.youtube.com/watch?v=IT7F-5M9Uww
[20:10:08] *** Quits: Zexel (WebChat@Pony-ste.hki.212.178.IP) (Quit: Page closed)
[20:10:34] *** Joins: Zexel (~WebChat@Pony-ste.hki.212.178.IP)
[20:10:38] <kuco-fan> klasyk
[20:11:04] *** Joins: qwebirc54352 (WebChat@Pony-ph06tc.dynamic.chello.pl)
[20:12:18] *** Quits: Aplex (WebChat@Pony-4ku6as.wtvk.pl) (Ping timeout: 121 seconds)
[20:13:34] <Kuracyja> 11/20 slotów zajętych
[20:15:00] <Zexel> Haha, mojemy młodszemu znajomemu mama odcieła internet bo ma złe oceny haha
[20:15:00] <Kuracyja> 12/20
[20:15:06] *** Quits: qwebirc54352 (WebChat@Pony-ph06tc.dynamic.chello.pl) (Ping timeout: 121 seconds)
[20:15:50] *** Quits: ar2d2 (~WebChat@Pony-co0vhm.netia.com.pl) (Ping timeout: 121 seconds)
[20:17:19] <Kuracyja> 14/20
[20:18:25] <Kuracyja> 15/20
[20:19:02] *** Quits: Zexel (~WebChat@Pony-ste.hki.212.178.IP) (Ping timeout: 121 seconds)
[20:21:03] *** Quits: qwebirc48310 (WebChat@Pony-cms7ap.dynamic.chello.pl) (Ping timeout: 121 seconds)
[20:21:25] <Kuracyja> 19/20
[20:22:33] <Kuracyja> zamykam, 20/20
[20:28:37] *** Quits: NekroSpyro (WebChat@Pony-bbrtrt.za.digi.pl) (Ping timeout: 121 seconds)
[20:32:15] *** Joins: sevedie (WebChat@Pony-1k91s2.adsl.tpnet.pl)
[20:32:39] *** Quits: sevedie (WebChat@Pony-1k91s2.adsl.tpnet.pl) (Quit: Page closed)
[20:34:03] *** Joins: skajnet12344321 (WebChat@Pony-jsbmd3.dynamic.mm.pl)
[20:39:12] *** Joins: Nika (WebChat@Pony-sov6o1.adsl.tpnet.pl)
[20:44:41] *** Joins: IdonTknowq (~WebChat@Pony-esm.im4.232.91.IP)
[20:48:38] *** Joins: Poniaczowy (WebChat@Pony-lh45cu.adsl.tpnet.pl)
[20:48:43] <Poniaczowy> Hay
[20:50:40] <Nika> hay
[20:50:53] <Kuracyja> no elo
[20:53:54] *** Joins: Poniaczowy_ (~WebChat@Pony-lh45cu.adsl.tpnet.pl)
[20:54:07] *** Parts: Poniaczowy_ (~WebChat@Pony-lh45cu.adsl.tpnet.pl) ("")
[20:55:11] <Poniaczowy> Co tam?
[20:58:40] <Kuracyja> wszystko ok
[20:58:53] <Kuracyja> na czacie na YT rozdałem już 3 mute'y na 5 min
[20:59:50] <Poniaczowy> Wow 
[21:02:22] <McKey> Kuracyja: dlatego IRC lepszy :V
[21:03:07] <Kuracyja> ale się przyzwoicie zachowują xD
[21:03:30] *** Quits: kuco-fan (WebChat@Pony-h5g7q3.ostnet.pl) (Quit: Page closed)
[21:03:30] <McKey> w sumie dziwie się że operujesz na 2 czaty
[21:03:38] <McKey> zablokować na YT i zostawić IRC
[21:03:41] <McKey> mniej do ogarnianaia
[21:06:52] *** Quits: IdonTknowq (~WebChat@Pony-esm.im4.232.91.IP) (Ping timeout: 121 seconds)
[21:09:10] *** Joins: dominik2k (WebChat@Pony-b2olrk.adsl.tpnet.pl)
[21:18:34] *** Quits: dominik2k (WebChat@Pony-b2olrk.adsl.tpnet.pl) (Quit: )
[21:18:54] *** Quits: Nika (WebChat@Pony-sov6o1.adsl.tpnet.pl) (Ping timeout: 121 seconds)
[21:19:10] *** Joins: qwebirc15774 (WebChat@Pony-gul3de.adsl.tpnet.pl)
[21:19:19] *** Quits: qwebirc15774 (WebChat@Pony-gul3de.adsl.tpnet.pl) (Quit: Page closed)
[21:21:00] <Poniaczowy> i po audycji 
[21:21:16] *** Quits: Kuracyja (WebChat@Pony-a13.n5r.11.78.IP) (Ping timeout: 121 seconds)
[21:22:27] *** Quits: skajnet12344321 (WebChat@Pony-jsbmd3.dynamic.mm.pl) (Ping timeout: 121 seconds)
[21:25:16] *** Joins: qwebirc12894 (WebChat@Pony-sn72in.dynamic.mm.pl)
[21:29:18] *** Quits: qwebirc12894 (WebChat@Pony-sn72in.dynamic.mm.pl) (Ping timeout: 121 seconds)
[21:39:32] *** Quits: Siwy (WebChat@Pony-2t6.9jn.248.151.IP) (Ping timeout: 121 seconds)
[21:44:37] *** Quits: Poniaczowy (WebChat@Pony-lh45cu.adsl.tpnet.pl) (Quit: Page closed)
