[20:59:55] <McKey> !op McKey
[20:59:55] *** Best_Pony sets mode: +o McKey
[20:59:57] *** McKey changes topic to 'a'
[21:00:16] <BlackBird> a
[21:00:18] <BlackBird> aha
[21:01:37] *** McKey changes topic to 'Kanał Stacji KopytTV | http://kopyttv.pl/ | Livestream: http://www.dailymotion.com/kopyttv | Facebook: http://derpy.me/KopytFB |'
[21:02:24] <McKey> BlackBird: już wisz o co cho? xD
[21:02:48] <BlackBird> ale poco najpierw na "a" ustawiłeś?
[21:02:56] <McKey> bo nie pamiętałem składni polecenia :P
[21:03:01] <McKey> czy najpierw kanał cyz potem
[21:03:04] <BlackBird>  /help
[21:03:04] <McKey> !down
[21:03:04] *** Best_Pony sets mode: -ov McKey McKey
[21:03:07] <McKey> !sync
[21:03:07] -Best_Pony- McKey (McKeyPL) used SYNC.
[21:03:07] *** Best_Pony sets mode: +v McKey
[21:03:16] <McKey> /help taaa
[21:03:28] <BlackBird> nom
[21:03:32] <McKey> nooo http://goo.gl/Iuz0Zj
[21:03:34] <BlackBird> help sie przydaje 
[21:03:41] <McKey> zanim ja bym znalazł tam coś xD
[21:04:06] <BlackBird> a niemasz /help topic? :v
[21:08:20] <McKey> nope
[21:08:27] <McKey> KVirc pozdrawia xd
[21:09:16] <McKey> prędzej wykminie /helpop niż mojego helpa
[21:11:46] <BlackBird> lel
[21:11:53] <BlackBird> ujowy klient ;p
[21:20:31] <McKey> !op McKey
[21:20:32] *** Best_Pony sets mode: +o McKey
[21:20:44] *** McKey sets mode: -AB+KM 
[21:21:02] <McKey> http://goo.gl/1FKlPr
[21:21:11] <McKey> Tyle mi wystarczy aby był lepszy od wszystkich xD
[21:21:17] <McKey> !deop McKey
[21:21:17] *** Best_Pony sets mode: -o McKey
[21:34:13] <BlackBird> pfffff
[21:34:39] <BlackBird> z takim klientem to se możesz... ja myślałem że ty znasz wszystko a nie..
[21:51:14] <McKey> bo znam
[21:51:22] *** Joins: Proenix (Proenix@proenix.pl)
[21:51:25] <BlackBird> hai
[21:51:27] <Proenix> Ave
[21:51:46] <McKey> tylko od nieurzywania czasami się zapomina
[21:51:51] <McKey> a flagi i tak nie nada sam :P
