[01:12:50] *** Quits: Kamilten21 (~WebChat@Pony-ua99bt.marton.net.pl) (Ping timeout: 121 seconds)
[10:06:00] *** Joins: KocproZ (KocproZ@Pony-bj9c08.adsl.tpnet.pl)
[10:09:33] *** Joins: KocproZZ (KocproZ@Pony-bj9c08.adsl.tpnet.pl)
[10:11:57] *** Quits: KocproZ (KocproZ@Pony-bj9c08.adsl.tpnet.pl) (Ping timeout: 121 seconds)
[10:12:23] *** KocproZZ is now known as KocproZ
[11:56:37] *** Quits: KocproZ (KocproZ@Pony-bj9c08.adsl.tpnet.pl) (Quit: Niestety odszedł ;\)
[12:09:50] *** Joins: Pony_0 (~WebChat@Pony-onhi83.dynamic.mm.pl)
[12:10:02] *** Quits: Pony_0 (~WebChat@Pony-onhi83.dynamic.mm.pl) (Quit: Page closed)
[13:48:32] *** Joins: Pony_9_ (WebChat@Pony-djiurk.adsl.tpnet.pl)
[13:48:44] *** Quits: Pony_9_ (WebChat@Pony-djiurk.adsl.tpnet.pl) (Quit: Page closed)
[15:14:05] *** Joins: KocproZ (KocproZ@Pony-htd2dc.pl)
[15:16:11] *** Quits: KocproZ (KocproZ@Pony-htd2dc.pl) (Connection closed)
[15:16:13] *** Joins: KocproZ (KocproZ@Pony-htd2dc.pl)
[15:16:15] *** Quits: KocproZ (KocproZ@Pony-htd2dc.pl) (Connection closed)
[16:07:19] *** Joins: KocproZ (KocproZ@Pony-bj9c08.adsl.tpnet.pl)
[16:40:43] *** Joins: CrystalBelle (~WebChat@Pony-1l4ngo.v4.arkomnet.eu)
[17:13:16] *** Joins: Kuracyja (~WebChat@Pony-a13.n5r.11.78.IP)
[17:15:50] *** Quits: Kuracyja (~WebChat@Pony-a13.n5r.11.78.IP) (Quit: Page closed)
[17:34:28] *** Quits: CrystalBelle (~WebChat@Pony-1l4ngo.v4.arkomnet.eu) (Quit: Page closed)
[18:01:57] *** Joins: CrystalBelle (WebChat@Pony-1l4ngo.v4.arkomnet.eu)
[18:02:31] *** Quits: CrystalBelle (WebChat@Pony-1l4ngo.v4.arkomnet.eu) (Quit: Page closed)
[18:02:42] *** Joins: CrystalBelle (~WebChat@Pony-1l4ngo.v4.arkomnet.eu)
[18:19:31] *** Joins: Pony_4 (WebChat@Pony-md6adp.dynamic.chello.pl)
[18:19:40] *** Quits: Pony_4 (WebChat@Pony-md6adp.dynamic.chello.pl) (Quit: Page closed)
[18:24:58] *** Joins: Morgwat (WebChat@Pony-pdiqpg.adsl.tpnet.pl)
[18:25:28] *** Morgwat is now known as Pony_19626
[18:27:29] <KocproZ> Halo halo!
[18:27:54] *** Quits: Pony_19626 (WebChat@Pony-pdiqpg.adsl.tpnet.pl) (Quit: Page closed)
[18:28:03] *** Joins: Morgwat (WebChat@Pony-pdiqpg.adsl.tpnet.pl)
[18:28:28] <Morgwat> cześć 
[18:29:09] <KocproZ> Jej, ktoś żywy!
[18:29:58] <Morgwat> W całej swojej ożywości :D
[18:30:19] *** Joins: Kamilten21 (~WebChat@Pony-ua99bt.marton.net.pl)
[18:32:32] *** Joins: Pony_4 (WebChat@Pony-md6adp.dynamic.chello.pl)
[18:32:54] *** Quits: Pony_4 (WebChat@Pony-md6adp.dynamic.chello.pl) (Quit: Page closed)
[18:35:10] *** Joins: Pony_2 (WebChat@Pony-ud3b7f.adsl.tpnet.pl)
[18:35:17] *** Quits: Pony_2 (WebChat@Pony-ud3b7f.adsl.tpnet.pl) (Quit: Page closed)
[18:35:26] <Morgwat> dzisiaj jest audycja czy jak tam moge to nazwać? =/
[18:35:58] <KocproZ> Nie wiem, po prostu czekam.
[18:36:24] *** Joins: Pony_5 (~WebChat@Pony-md6adp.dynamic.chello.pl)
[18:44:50] <KocproZ> Coś kuracyji nie ma...
[18:47:35] <Morgwat> =[
[18:50:10] <KocproZ> Jakiego klienta irc używasz?
[18:52:48] <Morgwat> tego przeglądarkowego 
[18:52:51] <Morgwat> ze strony
[18:52:55] <Morgwat> nie lubie IRC'a
[18:58:48] *** Joins: Pony_8 (WebChat@Pony-onhi83.dynamic.mm.pl)
[18:59:00] *** Quits: Pony_8 (WebChat@Pony-onhi83.dynamic.mm.pl) (Quit: Page closed)
[19:00:40] *** Quits: Pony_5 (~WebChat@Pony-md6adp.dynamic.chello.pl) (Quit: Page closed)
[19:34:00] *** Quits: CrystalBelle (~WebChat@Pony-1l4ngo.v4.arkomnet.eu) (Quit: Page closed)
[19:36:36] <McKey> KocproZ: ja też na nią czekam...
[19:36:46] <McKey> a zaraz ide się myć bo 10 minut temu do domu przyszedłem
[19:38:07] <KocproZ> O, witaj.
[19:56:38] *** Joins: Pony_6 (WebChat@Pony-e5eeo0.adsl.tpnet.pl)
[19:58:48] *** Quits: Pony_6 (WebChat@Pony-e5eeo0.adsl.tpnet.pl) (Quit: Page closed)
[20:31:59] *** Joins: Pony_4 (WebChat@Pony-md6adp.dynamic.chello.pl)
[20:32:15] *** Quits: Pony_4 (WebChat@Pony-md6adp.dynamic.chello.pl) (Quit: Page closed)
[20:57:54] *** Joins: Pony_5 (WebChat@Pony-eae69m.dialog.net.pl)
[20:58:03] *** Quits: Pony_5 (WebChat@Pony-eae69m.dialog.net.pl) (Quit: Page closed)
[21:03:41] *** Quits: Morgwat (WebChat@Pony-pdiqpg.adsl.tpnet.pl) (Quit: Page closed)
[21:36:02] *** Quits: KocproZ (KocproZ@Pony-bj9c08.adsl.tpnet.pl) (Quit: Tak)
[21:57:09] *** Joins: Pony_9 (WebChat@Pony-744o3m.adsl.tpnet.pl)
[21:57:15] *** Quits: Pony_9 (WebChat@Pony-744o3m.adsl.tpnet.pl) (Quit: Page closed)
[22:55:30] *** Quits: Kamilten21 (~WebChat@Pony-ua99bt.marton.net.pl) (Ping timeout: 121 seconds)
