[00:54:11] *** Quits: ElectricPsoras (Thunderbird@Pony-lslm2r.adsl.tpnet.pl) (Quit: Bye horsies!)
[18:04:59] *** Joins: Kuracyja (~WebChat@Pony-a13.n5r.11.78.IP)
[18:05:13] <Kuracyja> Witam
[18:07:01] <misiek200m> A nu witam
[18:15:41] <BlackBird> dzieńdobry
[18:29:18] <Kuracyja> Przypominam także, że mamy ciszę wyborczą na terenie całej Rzeczpospolitej Polskiej. Wiadomości ją łamiące będą usuwane, a ich autorzy zgłaszani do organów ścigania. Kara za złamanie - do 5 tys. złotych
[18:30:38] *** Joins: Pony_9 (WebChat@Pony-lhsvcg.adsl.tpnet.pl)
[18:35:59] <BlackBird> lol
[18:40:56] <misiek200m> xDD
[18:41:51] <Kuracyja> co?
[19:07:23] <Pony_9> Forest Rain - Join the Herd,proszę.
[19:07:40] <Kuracyja> k
[19:08:08] <Kuracyja> 10 miejsc
[19:12:03] <Kuracyja> 7 miejsc
[19:17:02] *** Joins: haffff (~WebChat@Pony-uf3cr2.adsl.tpnet.pl)
[19:17:20] <Kuracyja> Zamykam zgłoszenia
[19:17:31] *** haffff is now known as Pony_38659
[19:17:53] <Pony_38659> Sek zaraz wbije
[19:17:58] *** Quits: Pony_38659 (~WebChat@Pony-uf3cr2.adsl.tpnet.pl) (Quit: Page closed)
[19:22:01] *** Joins: haffff (~WebChat@Pony-uf3cr2.adsl.tpnet.pl)
[19:22:05] *** haffff is now known as Pony_29338
[19:22:17] *** Quits: Pony_29338 (~WebChat@Pony-uf3cr2.adsl.tpnet.pl) (Quit: Page closed)
[19:22:28] <Pony_9> lol?
[19:23:42] *** Joins: haffff (WebChat@Pony-uf3cr2.adsl.tpnet.pl)
[19:24:00] <haffff> Ok wreszcie udało się wbić :P
[19:24:02] <haffff> Siemka
[19:28:18] <BlackBird> witaj
[19:29:31] *** Quits: Pony_9 (WebChat@Pony-lhsvcg.adsl.tpnet.pl) (Quit: )
[19:35:29] *** Quits: Kuracyja (~WebChat@Pony-a13.n5r.11.78.IP) (Ping timeout: 121 seconds)
[19:36:16] <haffff> Siemka jak tam flutterchat ? ktoś wbija?
[20:00:59] *** Joins: ElectricPsoras (Thunderbird@Pony-l13368.adsl.tpnet.pl)
[20:16:44] *** Quits: haffff (WebChat@Pony-uf3cr2.adsl.tpnet.pl) (Quit: Page closed)
