[22:01:20] *** Joins: Pony_1_ (WebChat@Pony-4ct2fa.adsl.tpnet.pl)
[22:01:34] <BlackBird> witaj
[22:01:39] <Pony_1_> Siemka
[22:01:44] <McKey> Dobry
[22:01:53] <McKey> mrrr...
[22:02:03] <Pony_1_> Widzę, że na 2 irc siedzicie :D
[22:02:17] <BlackBird> na 1
[22:02:26] <BlackBird> ale.. 8 kanałów
[22:02:27] <McKey> na 2 serwerach :V
[22:02:34] <Pony_1_> No tak
[22:02:36] <BlackBird> to ty
[22:02:36] <Pony_1_> :D
[22:02:55] <Pony_1_> Dobra, spadam
[22:02:55] <McKey> rozpasłeś się :P
[22:03:03] *** Quits: Pony_1_ (WebChat@Pony-4ct2fa.adsl.tpnet.pl) (Quit: Page closed)
[22:09:22] *** Joins: Rysia132 (Rysia132@Pony-003blf.centertel.pl)
[22:09:48] <McKey> Meow
[22:10:25] <BlackBird> mru
[22:10:25] *** Best_Pony sets mode: +v Rysia132
[22:11:52] <Rysia132> Meow
[22:12:54] <BlackBird> kim jesteś? przedstaw sie bo cie nie znam, admin, redaktor etc?
[22:12:56] <McKey> No to tak jak mówiłem Rysia132 tu jestem zawsze i czytam wszystko
[22:13:03] <McKey> BlackBird: Grafik :)
[22:13:18] <McKey> i moja niewolnica :V
[22:13:18] <BlackBird> k
[22:14:23] <Rysia132> Black bird skąd pomysł na nick (tak, kisne xD)
[22:14:46] <BlackBird> sr-71 blackbird :v
[22:15:01] <McKey> Rysia132: piszesz pierwszą litere i lupa. Podpowiedź 
[22:16:36] <Rysia132> A dzięku. Wiesz, nowam w tych szeregach
[22:17:21] <McKey> oj bedziesz siedzieć tak jak ja 
[23:24:52] <Rysia132> McKey: Są tu jakieś komendy?
[23:25:01] <McKey> Rysia132: pełno a co?
[23:25:02] <BlackBird> takie jak na każdym irc
[23:25:07] <McKey> np /me to akcja
[23:25:24] * Rysia132 eats popcorn
[23:25:29] <Rysia132> Działa
[23:26:36] <McKey> aye
[23:26:46] <Rysia132> A jakieś inne?
[23:27:31] <BlackBird>  /disconnect 
[23:27:33] <BlackBird> >.<
[23:27:46] <McKey> !ban :P
[23:27:54] <BlackBird> no co
[23:27:59] <McKey> ale to tylko dla adminów
[23:28:04] <BlackBird> z komend polecam /help
[23:28:22] <Rysia132> Nie działa
[23:28:26] <Rysia132> Lel
[23:29:05] <Rysia132> A da się zmienić kolor nicku?
[23:30:30] <McKey> nope
[23:30:33] <BlackBird> zależy od klienta :v
[23:30:34] <McKey> bo każdy widzi innny :P
[23:30:50] <McKey> https://goo.gl/NiuHgV
[23:30:51] <BlackBird> ;p ja moge zmieniać 
[23:31:08] <McKey> BlackBird: no tak. Ale tylko ty to widzisz
[23:31:19] <BlackBird> nom
[23:31:31] <BlackBird> dlatego mówie, zależy od klienta
[23:31:43] <BlackBird> bo tak naprawde każdy ma inne kolory
[23:35:59] <Rysia132> McKey: uuu bezpośredni kontakt z ludziem w radiu *klaszcze*
[23:36:14] <McKey> Rysia132: kiedyś był jeszcze bardziej :P
[23:36:33] <Rysia132> Nie gadaj, że prowadziłeś
[23:36:37] <McKey> nope
[23:36:50] <McKey> Byłem adminem i rozdawałem kopniaki
[23:36:53] <Rysia132> Szkoda
[23:36:57] <McKey> niekoniecznie
[23:37:04] <McKey> dobrze wiesz że mam głos raczej nie pod audycje
[23:37:56] <Rysia132> Wdg mnie masz super głos :*
[23:38:43] <McKey> Mikrofon w sumie też eH...
[23:39:30] <Rysia132> To wbijaj xD 
[23:39:49] <McKey> nie moge
[23:40:20] <Rysia132> Wm :/
