[01:08:05] *** Quits: NekroSpyro (WebChat@Pony-bbrtrt.za.digi.pl) (Quit: Page closed)
[01:52:50] *** Joins: KKitsune (~WebChat@Pony-r58mpn.dynamic.chello.pl)
[01:56:52] *** Quits: KKitsune (~WebChat@Pony-r58mpn.dynamic.chello.pl) (Ping timeout: 121 seconds)
[11:07:51] *** Joins: Truss (~WebChat@Pony-5cf.0cm.130.31.IP)
[11:08:10] <Truss> witam 
[11:14:50] *** Quits: Truss (~WebChat@Pony-5cf.0cm.130.31.IP) (Ping timeout: 121 seconds)
[12:52:25] *** Joins: Fifok (WebChat@Pony-k7dge4.adsl.inetia.pl)
[12:52:35] *** Quits: Fifok (WebChat@Pony-k7dge4.adsl.inetia.pl) (Quit: Page closed)
[14:53:25] *** Joins: haffff (~WebChat@Pony-8oj6af.adsl.tpnet.pl)
[14:53:55] *** haffff is now known as Pony_50806
[14:54:07] *** Quits: Pony_50806 (~WebChat@Pony-8oj6af.adsl.tpnet.pl) (Quit: Page closed)
[16:44:24] *** Joins: Pony_1 (~WebChat@Pony-kv1ui3.mt.pl)
[16:44:52] *** Quits: Pony_1 (~WebChat@Pony-kv1ui3.mt.pl) (Quit: Page closed)
[17:30:46] *** Joins: Hck (~WebChat@Pony-0g2.d8l.121.188.IP)
[17:31:14] <Hck> Widze tłumy...
[17:31:44] *** Quits: Hck (~WebChat@Twilight.Is.Best.Pony) (Quit: Page closed)
[19:08:30] <Proenix> owszem
[19:08:36] <Proenix> 3/4 afk
[19:22:22] <BlackBird> 1/4 boty ;_;
[19:37:43] <McKey> nie
[20:05:22] <BlackBird> tak
[20:12:32] <McKey> 1/5 boty
[20:12:36] <McKey> i 4/5 afk
[21:39:41] <Proenix> zatwierdzam
[22:11:03] <McKey> rozkręci się
