[00:00:04] <McKeyPL> bo mam 150 artów wszelakich w SlideShow xD
[00:00:06] <Morgwat> to rak 
[00:00:08] <Morgwat> See ya!
[00:00:14] *** Quits: Pony_4 (~WebChat@Pony-vgc37f.adsl.tpnet.pl) (Quit: Page closed)
[00:00:15] <Slimy> dobranoc
[00:00:15] <Derpi> Dobranoc
[00:00:18] *** Quits: Slimy (~WebChat@Pony-k42a72.dynamic.chello.pl) (Quit: Page closed)
[00:00:30] <BlackBird> JuliaSweetheart: google mówi że masz raka i umrzesz jutro o 21:37
[00:00:41] *** Quits: Morgwat (~WebChat@Pony-n0sleu.adsl.tpnet.pl) (Quit: Page closed)
[00:00:42] <BlackBird> dobranoc wszystkim
[00:00:42] <Derpi> Dobranoc BlackBird ! Oby ci Luna dobre sny tworzyła
[00:00:44] <BlackBird> Niech Luna będzie z wami.
[00:00:44] <Derpi> Dobranoc
[00:00:53] <BlackBird> lel derpi niejest wyłączona :v
[00:00:54] <JuliaSweetheart> Black Bird  No Dzięki za info :/
[00:00:59] <BlackBird> np
[00:01:14] <JuliaSweetheart> a morze ty chcerz raka? ;)
[00:01:37] *** Quits: KocproZ (~WebChat@Pony-jpk7si.adsl.tpnet.pl) (Ping timeout: 121 seconds)
[00:01:43] <McKeyPL> .g JuliaSweetheart ma raka
[00:01:44] <Derpi> McKeyPL: http://www.youtube.com/watch?v=OmgynVvrRqM
[00:01:54] *** Quits: Nishi (Nishi@Pony-7m6f38.7.ktmtelekom.pl) (Quit: Leaving)
[00:02:31] <BlackBird> derpi wtf
[00:03:32] * JuliaSweetheart wyciaga pistolet ;)
[00:52:35] *** Quits: Dominiox29 (WebChat@Pony-e8n.al0.215.91.IP) (Ping timeout: 121 seconds)
[00:53:20] <McKeyPL> JuliaSweetheart: dalej będziesz stać z tą spluwą jak debil czy ją schowasz?
[00:53:52] * JuliaSweetheart   strzela w niebo
[00:53:57] <JuliaSweetheart> zadowolony?
[00:54:07] <McKeyPL> nie bo dalej masz pistolet w ręce :P
[00:58:25] * JuliaSweetheart Wychodzi
[00:58:26] *** Quits: PonyKaf (WebChat@Pony-vc7ff4.adsl.tpnet.pl) (Ping timeout: 121 seconds)
[01:02:27] *** Quits: JuliaSweetheart (~WebChat@Pony-hjm1fa.adsl.tpnet.pl) (Ping timeout: 121 seconds)
[01:27:55] *** Quits: McKeyPL (McKeyPL@bronies.info) (Quit: KVIrc 4.2.0 Equilibrium http://www.kvirc.net/)
[01:28:02] *** Joins: McKeyPL (McKeyPL@bronies.info)
[01:28:02] *** Pinkamena sets mode: +v McKeyPL
[01:46:50] *** Quits: McKeyPL (McKeyPL@bronies.info) (Quit: KVIrc 4.2.0 Equilibrium http://www.kvirc.net/)
[03:56:43] *** Quits: Truss (WebChat@Pony-0jd.0cm.130.31.IP) (Ping timeout: 121 seconds)
[11:10:02] *** Joins: Slimy (~WebChat@Pony-k42a72.dynamic.chello.pl)
[11:44:15] *** Joins: McKeyPL (McKeyPL@bronies.info)
[11:44:15] *** Pinkamena sets mode: +v McKeyPL
[11:44:30] *** Quits: McKeyPL (McKeyPL@bronies.info) (Quit: KVIrc 4.2.0 Equilibrium http://www.kvirc.net/)
[12:49:24] *** Joins: Andragor (Andrabot@Pony-ac3eiq.adsl.inetia.pl)
[12:49:34] <Andragor> Dobry.
[12:49:34] <Derpi> Dzień dobry!
[12:51:31] <BlackBird> witaj
[12:51:31] <Derpi> Hej ;)
[13:41:30] <McKey> Co tam boty?
[13:44:17] *** Quits: Andragor (Andrabot@Pony-ac3eiq.adsl.inetia.pl) (Connection closed)
[13:45:34] *** Joins: Andragor (Andrabot@Pony-ac3eiq.adsl.inetia.pl)
[13:45:51] <Andragor> Jakie boty? :)
[14:11:32] *** Quits: Slimy (~WebChat@Pony-k42a72.dynamic.chello.pl) (Ping timeout: 121 seconds)
[16:50:20] *** Joins: AR-Wictor (~WebChat@Pony-gfe.62f.77.46.IP)
[16:50:54] <AR-Wictor> hej
[16:50:54] <Derpi> dobry ;)
[16:51:36] <AR-Wictor> jest tu ktoś z woe ?
[16:54:09] <AR-Wictor> :u
[16:55:24] *** Quits: AR-Wictor (~WebChat@Pony-gfe.62f.77.46.IP) (Quit: Page closed)
[20:53:24] *** Joins: ElectricPsoras (Thunderbird@Pony-7u2rka.adsl.tpnet.pl)
[21:40:28] *** Quits: Andragor (Andrabot@Pony-ac3eiq.adsl.inetia.pl) (Quit: ChatZilla 0.9.91.1 [Firefox 39.0.3/20150806001005])
[22:21:18] <Derpi> Na stronie pojawił się nowy artykuł: https://radioyay.net/2015/08/kolejny-short-z-friendship-games/
