[00:43:23] *** Quits: Ashley` (me@Pony-b7jkls.sv08.vg3e.41d0.2001.IP) (Ping timeout: 121 seconds)
[00:57:51] *** Quits: Beton (Beton@Pony-da7avb.adsl.tpnet.pl) (Quit: Wychodzi)
[08:45:40] *** Quits: Pinkamena (DianePie@Sugarcube.Corner) (chrysalis.canternet.org cadance.canternet.org)
[08:45:40] *** Quits: Shutter (tips@why.did.you.even.rope.me.into.this) (chrysalis.canternet.org cadance.canternet.org)
[08:45:40] *** Quits: Lunia (ellen@ChumPony.Enterprises) (chrysalis.canternet.org cadance.canternet.org)
[08:45:40] *** Quits: KocproZ (KocproZ@Pony-htd2dc.pl) (chrysalis.canternet.org cadance.canternet.org)
[08:45:40] *** Quits: misiek200m (miskof@mysterious.chocolate.muffin) (chrysalis.canternet.org cadance.canternet.org)
[08:45:40] *** Quits: WeAreBorg (WeAreBorg@Resistance.Is.Futile) (chrysalis.canternet.org cadance.canternet.org)
[08:45:40] *** Quits: Eivel (Eivel@Keep.Calm.and.Pony.On) (chrysalis.canternet.org cadance.canternet.org)
[08:46:03] *** Joins: misiek200m (miskof@mysterious.chocolate.muffin)
[08:46:03] *** Joins: WeAreBorg (WeAreBorg@Resistance.Is.Futile)
[08:46:03] *** Joins: Shutter (tips@why.did.you.even.rope.me.into.this)
[08:46:03] *** Joins: Lunia (ellen@ChumPony.Enterprises)
[08:46:03] *** Joins: KocproZ (KocproZ@Pony-htd2dc.pl)
[08:46:03] *** Joins: Pinkamena (DianePie@Sugarcube.Corner)
[08:46:03] *** Joins: Eivel (Eivel@Keep.Calm.and.Pony.On)
[08:46:03] *** cloudchaser.canternet.org sets mode: +hoh Lunia Pinkamena Eivel
[10:37:44] *** Joins: Ashley (me@Pony-b7jkls.sv08.vg3e.41d0.2001.IP)
[15:09:30] *** Joins: Vladoman (Vladoman@Pony-ptl.ca8.68.193.IP)
[15:09:37] *** Parts: Vladoman (Vladoman@Pony-ptl.ca8.68.193.IP) ()
