[08:53:49] *** Quits: misiek200m (miskof@mysterious.chocolate.muffin) (Ping timeout: 121 seconds)
[08:53:55] *** Joins: misiek200m (miskof@Pony-hsvbo0.pl)
[12:08:32] *** Joins: Andragor (Andragor@Pony-r4qgue.adsl.inetia.pl)
[12:08:45] <Andragor> Witam.
[12:08:46] * Derpi glomps Andragor
[12:32:57] <McKey> hej
[12:32:57] <Derpi> Witoj
[14:51:50] <Lunia> hej
[14:51:50] <Derpi> Dzień dobry bardzo! w RadioYaY
[16:00:06] *** Joins: Dusty (~WebChat@Pony-h5d3b8.adsl.inetia.pl)
[16:00:54] <Dusty> Yo!
[16:02:53] <McKey> hej
[16:02:53] <Derpi> Hejka McKey :)
[16:10:59] *** Quits: Dusty (~WebChat@Pony-h5d3b8.adsl.inetia.pl) (Ping timeout: 121 seconds)
[19:53:57] *** Joins: Proenix (Proenix@proenix.pl)
[19:54:19] <Proenix> ave
[19:54:19] <Derpi> Ohayo
[19:56:12] *** Quits: Andragor (Andragor@Pony-r4qgue.adsl.inetia.pl) (Quit: )
[20:01:53] <McKey> o andragora już wywaliło
[20:01:59] <McKey> ja naszczesnie mam stałe xD
[22:08:13] *** Quits: Proenix (Proenix@proenix.pl) (Connection closed)
[22:25:48] *** Quits: Lunia (ellen@ChumPony.Enterprises) (Quit: Konversation terminated!)
[22:25:56] *** Joins: Lunia (ellen@ChumPony.Enterprises)
[22:25:56] *** Pinkamena sets mode: +h Lunia
[22:52:23] *** Joins: Pony_2 (WebChat@Pony-sjcruf.adsl.tpnet.pl)
[22:56:25] *** Quits: Pony_2 (WebChat@Pony-sjcruf.adsl.tpnet.pl) (Ping timeout: 121 seconds)
