[00:20:24] *** Quits: ElectricPsoras (Thunderbird@Pony-9lnklm.adsl.tpnet.pl) (Connection closed)
[13:22:27] *** Quits: BlackBird (BlackBird@Luna.is.Your.Princess) (Ping timeout: 121 seconds)
[13:22:45] *** Joins: BlackBird (BlackBird@Pony-fvftrh.hqhk.vg3e.41d0.2001.IP)
[13:23:13] *** BlackBird is now known as Pony_39313
[15:11:14] *** Pony_39313 is now known as NightBird
[15:11:18] *** NightBird is now known as BlackBird
[15:18:56] *** Joins: Andragor (Andragor@Pony-hm6haf.adsl.inetia.pl)
[15:19:08] <Andragor> Witam.
[15:19:09] <Derpi> Hej Andragor :)
[15:29:35] <BlackBird> witaj
[15:29:36] <Derpi> hejka
[16:31:10] *** Joins: Proenix (Proenix@proenix.pl)
[16:31:51] <McKey> .hug Proenix
[16:31:52] * Derpi hugs Proenix
[16:31:58] <Proenix> Ave
[16:31:59] <Derpi> siema Proenix!
[16:32:04] <Proenix> Cześć McKey :)
[17:01:46] *** Joins: LightningDash (WebChat@Pony-qj9.8gl.56.216.IP)
[17:02:37] <LightningDash> hi
[17:02:57] <LightningDash> i love the music that your playing
[17:09:00] *** Quits: LightningDash (WebChat@Pony-qj9.8gl.56.216.IP) (Ping timeout: 121 seconds)
[17:12:28] *** Joins: LightingDash (WebChat@Pony-qj9.8gl.56.216.IP)
[17:18:56] <LightingDash> how do i apply for the Presenter job
[17:24:49] *** Quits: LightingDash (WebChat@Pony-qj9.8gl.56.216.IP) (Quit: Page closed)
[18:01:08] *** Joins: ElectricPsoras (androirc@Pony-rkj.lrs.172.5.IP)
[18:04:44] *** Quits: ElectricPsoras (androirc@Pony-rkj.lrs.172.5.IP) (Connection closed)
[18:04:54] *** Joins: ElectricPsoras (androirc@Pony-rkj.lrs.172.5.IP)
[18:14:53] *** Quits: ElectricPsoras (androirc@Pony-rkj.lrs.172.5.IP) (Connection closed)
[18:14:59] *** Joins: ElectricPsoras (androirc@Pony-rkj.lrs.172.5.IP)
[18:27:35] *** Quits: ElectricPsoras (androirc@Pony-rkj.lrs.172.5.IP) (Connection closed)
[18:27:43] *** Joins: ElectricPsoras (androirc@Pony-rkj.lrs.172.5.IP)
[18:44:06] *** Quits: ElectricPsoras (androirc@Pony-rkj.lrs.172.5.IP) (Connection closed)
[18:44:14] *** Joins: ElectricPsoras (androirc@Pony-rkj.lrs.172.5.IP)
[19:08:08] *** Quits: Proenix (Proenix@proenix.pl) (Quit: Leaving)
[19:10:13] *** Joins: Proenix (Proenix@proenix.pl)
[20:15:01] *** Joins: Electric_Psoras (androirc@Pony-0qg.62f.77.46.IP)
[20:15:43] *** Joins: ElectricPsoras_ (androirc@Pony-guj.lrs.172.5.IP)
[20:16:29] *** Quits: Electric_Psoras (androirc@Pony-0qg.62f.77.46.IP) (Connection closed)
[20:17:48] *** Quits: ElectricPsoras (androirc@Pony-rkj.lrs.172.5.IP) (Connection closed)
[20:23:45] *** Joins: KocproZ (WebChat@Pony-h16nec.adsl.tpnet.pl)
[20:25:18] *** Quits: Andragor (Andragor@Pony-hm6haf.adsl.inetia.pl) (Ping timeout: 121 seconds)
[20:27:58] *** Quits: KocproZ (WebChat@Pony-h16nec.adsl.tpnet.pl) (Ping timeout: 121 seconds)
[20:42:42] *** Quits: ElectricPsoras_ (androirc@Pony-guj.lrs.172.5.IP) (Quit: AndroIRC - Android IRC Client ( http://www.androirc.com ))
[21:05:37] <BlackBird> łojulu
[21:05:40] <BlackBird> ale spam
[21:27:41] <Proenix> sie czytac nie da
[21:27:56] <BlackBird> no nic niepisali
[21:28:06] <BlackBird> ale duuużo wchodzenia i wychodzenia było
[21:53:17] <Proenix> owszem
[21:53:22] <Proenix> nic ciekawego 
[21:53:37] *** Joins: Pony_9 (WebChat@Pony-80l96t.play-internet.pl)
[21:54:32] <McKey> hi Pony_9
[22:19:38] *** Quits: Proenix (Proenix@proenix.pl) (Quit: Leaving)
[22:39:38] *** Quits: Pony_9 (WebChat@Pony-80l96t.play-internet.pl) (Quit: Page closed)
