[08:45:34] *** Joins: KocproZ (KocproZ@Pony-htd2dc.pl)
[11:43:45] *** Quits: Lunia (ellen@ChumPony.Enterprises) (discord.canternet.org cadance.canternet.org)
[11:43:45] *** Quits: Shutter (tips@sudoku.prevention.hotline) (discord.canternet.org cadance.canternet.org)
[11:43:45] *** Quits: misiek200m (miskof@mysterious.chocolate.muffin) (discord.canternet.org cadance.canternet.org)
[11:43:45] *** Quits: Pinkamena (DianePie@Sugarcube.Corner) (discord.canternet.org cadance.canternet.org)
[11:43:45] *** Quits: Slepman (xenmen@Pony-64rlqg.bchsia.telus.net) (discord.canternet.org cadance.canternet.org)
[11:43:45] *** Quits: RedHelper (RedHelper@The.Pony.That.Makes.You.Smile) (discord.canternet.org cadance.canternet.org)
[11:43:45] *** Quits: WeAreBorg (WeAreBorg@Resistance.Is.Futile) (discord.canternet.org cadance.canternet.org)
[11:43:45] *** Quits: mkr (maker@Pony-srgq1e.ip-92-222-167.eu) (discord.canternet.org cadance.canternet.org)
[11:43:45] *** Quits: KocproZ (KocproZ@Pony-htd2dc.pl) (discord.canternet.org cadance.canternet.org)
[11:43:45] *** Quits: Colgate (rabbit@brushie.horse) (discord.canternet.org cadance.canternet.org)
[11:43:45] *** Quits: Hck (Hexie@Pony-3agfts.antyklay.pl) (discord.canternet.org cadance.canternet.org)
[11:43:45] *** Quits: Proenix (Proenix@proenix.pl) (discord.canternet.org cadance.canternet.org)
[11:45:37] *** Joins: Colgate (rabbit@brushie.horse)
[11:45:37] *** Joins: KocproZ (KocproZ@Pony-htd2dc.pl)
[11:45:37] *** Joins: Proenix (Proenix@proenix.pl)
[11:45:37] *** Joins: RedHelper (RedHelper@The.Pony.That.Makes.You.Smile)
[11:45:37] *** Joins: misiek200m (miskof@mysterious.chocolate.muffin)
[11:45:37] *** Joins: Slepman (xenmen@Pony-64rlqg.bchsia.telus.net)
[11:45:37] *** Joins: WeAreBorg (WeAreBorg@Resistance.Is.Futile)
[11:45:37] *** Joins: Shutter (tips@sudoku.prevention.hotline)
[11:45:37] *** Joins: Hck (Hexie@Pony-3agfts.antyklay.pl)
[11:45:37] *** Joins: Pinkamena (DianePie@Sugarcube.Corner)
[11:45:37] *** Joins: mkr (maker@Pony-srgq1e.ip-92-222-167.eu)
[11:45:37] *** Joins: Lunia (ellen@ChumPony.Enterprises)
[11:45:37] *** cadance.canternet.org sets mode: +oqo Pinkamena Lunia Lunia
[13:43:26] *** Quits: Colgate (rabbit@brushie.horse) (Ping timeout: 121 seconds)
[13:43:48] *** Joins: Colgate_ (rabbit@brushie.horse)
[18:46:10] *** Colgate_ is now known as Colgate
