[07:38:30] *** Colgate|Bronycon is now known as Colgate
[12:49:39] *** Joins: WeAreBorgPony (WeAreBorg@Resistance.Is.Futile)
[12:49:44] *** Quits: WeAreBorg (WeAreBorg@Resistance.Is.Futile) (Connection closed)
[14:25:25] *** Quits: Lunia (ellen@ChumPony.Enterprises) (Ping timeout: 121 seconds)
[14:32:14] *** Joins: Lunia (ellen@ChumPony.Enterprises)
[14:32:14] *** Pinkamena sets mode: +h Lunia
[15:18:50] *** Quits: Pinkamena (DianePie@Sugarcube.Corner) (cadance.canternet.org cloudchaser.canternet.org)
[15:18:58] *** Quits: Lunia (ellen@ChumPony.Enterprises) (Ping timeout: 121 seconds)
[15:19:20] *** Quits: Shutter (tips@sudoku.prevention.hotline) (cadance.canternet.org daring.canternet.org)
[15:19:23] *** Joins: Pinkamena (DianePie@Sugarcube.Corner)
[15:19:23] *** services.canternet.org sets mode: +o Pinkamena
[15:20:16] *** Joins: Shutter (tips@sudoku.prevention.hotline)
[15:20:27] *** Quits: AshleyKitty (me@Pony-pog.bad.31.176.IP) (Ping timeout: 121 seconds)
[15:22:07] *** Joins: AshleyKitty (me@Pony-b7jkls.sv08.vg3e.41d0.2001.IP)
[15:23:51] *** Joins: Lunia (ellen@ChumPony.Enterprises)
[15:23:51] *** Pinkamena sets mode: +h Lunia
[15:29:20] *** Quits: Shutter (tips@sudoku.prevention.hotline) (cadance.canternet.org daring.canternet.org)
[15:31:45] *** Quits: BlackBird (BlackBird@Luna.is.Your.Princess) (cadance.canternet.org discord.canternet.org)
[15:31:45] *** Quits: FlutterBot (ircbot@Pony-47p0es.nsic.vg3e.41d0.2001.IP) (cadance.canternet.org discord.canternet.org)
[15:31:45] *** Quits: AshleyKitty (me@Pony-b7jkls.sv08.vg3e.41d0.2001.IP) (cadance.canternet.org discord.canternet.org)
[15:31:45] *** Quits: Lunia (ellen@ChumPony.Enterprises) (cadance.canternet.org discord.canternet.org)
[15:32:16] *** Joins: Shutter (tips@sudoku.prevention.hotline)
[15:32:42] *** Joins: FlutterBot (ircbot@Pony-47p0es.nsic.vg3e.41d0.2001.IP)
[15:32:42] *** Joins: BlackBird (BlackBird@Luna.is.Your.Princess)
[15:32:42] *** Joins: AshleyKitty (me@Pony-b7jkls.sv08.vg3e.41d0.2001.IP)
[15:32:42] *** Joins: Lunia (ellen@ChumPony.Enterprises)
[15:32:42] *** discord.canternet.org sets mode: +vh FlutterBot Lunia
[18:14:52] *** Quits: Lunia (ellen@ChumPony.Enterprises) (Connection closed)
[18:25:51] *** Joins: Lunia (ellen@ChumPony.Enterprises)
[18:25:52] *** Pinkamena sets mode: +h Lunia
[19:55:40] *** Joins: Pony_2 (WebChat@Pony-cl6fi1.pl)
[19:56:23] *** Quits: Pony_2 (WebChat@Pony-cl6fi1.pl) (Quit: Page closed)
[20:01:28] *** Joins: ElectricPsoras (Thunderbird@Pony-3f744n.adsl.tpnet.pl)
[20:01:42] *** ElectricPsoras is now known as psoras_vodka
[20:02:01] *** psoras_vodka is now known as ElectricPsoras
[20:24:11] <McKey> ElectricPsoras: xD 
[20:24:21] <McKey> Vodki się zachciało kucowi
[20:24:46] <ElectricPsoras> wódkę i tak piję :P
[20:26:50] <Lunia> teoretycznie tez powinnam tak zmienic nick
[20:32:24] <McKey> teoretycznie to my wszyscy jesteśmy na jedanej libacji xD
[20:34:29] <Lunia> ja nie
[22:17:45] <Hck> elo
[22:17:45] <Derpi> dobry ;)
[22:20:30] <McKey> hej Hck. Dostał na skype?
[22:24:26] <Hck> nie mam skype'a od miesiąca
[22:24:35] <Hck> pisałęm że nie mam swojego kompa
[22:24:45] <Hck> będę na skype od 23/24
[22:27:00] <Hck> czyli za tydzień
[22:55:05] *** Joins: WeAreBorg (WeAreBorg@Resistance.Is.Futile)
[22:57:50] *** Quits: WeAreBorgPony (WeAreBorg@Resistance.Is.Futile) (Ping timeout: 121 seconds)
[23:06:08] *** Joins: WeAreBorgPony (WeAreBorg@Resistance.Is.Futile)
[23:09:20] *** Quits: WeAreBorg (WeAreBorg@Resistance.Is.Futile) (Ping timeout: 121 seconds)
[23:13:58] *** Joins: WeAreBorg (WeAreBorg@Resistance.Is.Futile)
[23:17:21] *** Quits: WeAreBorgPony (WeAreBorg@Resistance.Is.Futile) (Ping timeout: 121 seconds)
[23:17:41] *** Quits: ElectricPsoras (Thunderbird@Pony-3f744n.adsl.tpnet.pl) (Quit: Bye horsies!)
[23:22:22] *** Joins: Sai (~WebChat@Pony-bqc1oa.adsl.tpnet.pl)
[23:22:47] <Sai> siemka
[23:22:47] <Derpi> Herzlich Willkommen (DE)
[23:23:16] <Sai> siemka
[23:23:16] <Derpi> Hej Sai
[23:24:15] <Hck> Widzę, że trochę ekipa się pozmieniała. Siema Sai!
[23:26:03] <McKey> Hck: e.... 
[23:26:13] <McKey> to ktoś cię z HCKował :P
[23:37:36] *** Quits: Sai (~WebChat@Pony-bqc1oa.adsl.tpnet.pl) (Ping timeout: 121 seconds)
