[00:12:10] <BlackBird> ide spac dobranoc
[00:12:15] <BlackBird> niech luna bedzie z wami
[00:12:16] <Derpi> Dobranoc
[00:24:20] *** Joins: Akeion_98 (WebChat@Pony-prr1ek.res.rr.com)
[00:43:07] <Eivel> dobranoc BlackBird
[02:28:10] *** Quits: Akeion_98 (WebChat@Pony-prr1ek.res.rr.com) (Quit: Page closed)
[03:23:41] <Derpi> Znasz ciekawe kucykowe creepypasty? Wyślij je na adres: "kejosnote@wp.pl", aby posłuchać ich podczas czwartkowej audycji "Z archiwum K"!
[03:45:56] *** Quits: Piotrasss (Piotrasss@Pony-eb3ssm.play-internet.pl) (Ping timeout: 121 seconds)
[14:40:01] *** Joins: Pony_3 (WebChat@Pony-fga9ka.dynamic.chello.pl)
[14:40:19] *** Quits: Pony_3 (WebChat@Pony-fga9ka.dynamic.chello.pl) (Quit: Page closed)
[14:51:10] <BlackBird> hai
[14:51:10] <Derpi> ahoj kamracie
[15:34:57] *** Joins: Andragor (Andrabot@Pony-n12gu7.adsl.inetia.pl)
[15:35:06] <Andragor> Witam.
[15:35:06] <Derpi> hejka
[16:08:19] *** Joins: Zorysia (WebChat@Pony-vjhd39.olsztyn.vectranet.pl)
[16:08:25] <Zorysia> Witam
[16:08:25] <Derpi> siema Zorysia!
[16:17:09] <misiek200m> hej ;p
[16:17:09] <Derpi> Siema, Co tam?
[16:17:15] * misiek200m hugs Derpi 
[16:17:15] * Derpi Zrzuca kowadło na misiek200m
[16:17:18] <misiek200m> pff
[16:52:51] *** Joins: ElesisBH (WebChat@Pony-r85.lun.175.46.IP)
[17:10:55] *** Quits: ElesisBH (WebChat@Pony-r85.lun.175.46.IP) (Quit: Page closed)
[17:34:01] * BlackBird przytula Derpi
[17:34:02] * Derpi mruczy
[17:34:04] <BlackBird> mrr
[17:34:07] <Derpi> meow :3
[17:35:58] *** Quits: WeAreBorgPony (WeAreBorg@Resistance.Is.Futile) (Quit: Leaving)
[17:36:19] *** Joins: WeAreBorg (WeAreBorg@Resistance.Is.Futile)
[18:07:22] * misiek200m hugs Derpi 
[18:07:22] * Derpi ucieka
[18:07:25] <misiek200m> ...
[18:17:37] *** Joins: Proenix (Proenix@proenix.pl)
[18:18:24] <Proenix> Ave
[18:18:24] <Derpi> a kogo my tu mamy. witaj Proenix!
[18:20:16] *** Joins: ElesisBH (WebChat@Pony-r85.lun.175.46.IP)
[18:20:22] <ElesisBH> Siema
[18:20:23] <Derpi> Herzlich Willkommen (DE)
[18:29:13] <misiek200m> Hej
[18:29:14] <Derpi> Już jesteś?
[18:29:16] <misiek200m> tak
[18:29:16] <Derpi> nie
[18:29:19] <misiek200m> tak
[18:29:19] <Derpi> Raczej nie
[18:29:22] <misiek200m> Tak!
[18:29:22] <Derpi> Raczej nie
[18:29:28] <misiek200m> Derpi?
[18:29:28] <Derpi> Muffins!
[18:29:30] <misiek200m> Nie
[18:29:30] <Derpi> aha
[18:29:33] <misiek200m> Nom
[18:29:33] <Derpi> 3x nie. Odpadasz!
[18:29:43] <misiek200m> Raczej nie...
[18:29:45] <ElesisBH> xd
[18:40:17] <BlackBird> derp
[18:40:18] <Derpi> 6_9
[19:00:05] *** Quits: ElesisBH (WebChat@Pony-r85.lun.175.46.IP) (Ping timeout: 121 seconds)
[19:00:23] <Derpi> Na facebooku pojawił się nowy wpis: ""Tak to leciało" rusza dziś o 19 30! Zapraszamy wszystkich chętnych, albowiem miejsca są nieograniczone! ..." - https://www.facebook.com/radioyay/photos/a.438540246255334.1073741828.395931033849589/741761659266523/?type=1
[19:06:53] *** Joins: Piotrasss (Piotrasss@Pony-jaf94h.play-internet.pl)
[19:07:04] * Piotrasss wita wszystkich
[19:09:33] <BlackBird> witaj
[19:09:34] <Derpi> Dzień dobry bardzo! w RadioYaY
[19:12:36] *** Joins: FireSky (WebChat@Pony-sq58b7.dynamic.chello.pl)
[19:12:37] *** Eivel sets mode: +v FireSky
[19:13:02] <FireSky> Ale powitanie od radia xDD
[19:13:11] <FireSky> witaj
[19:13:11] <Derpi> hejka
[19:16:19] *** Joins: ElesisBH (WebChat@Pony-r85.lun.175.46.IP)
[19:16:23] <ElesisBH> Siema
[19:16:24] <Derpi> hejka ;)
[19:17:26] *** Joins: Truss (WebChat@Pony-v25.0cm.130.31.IP)
[19:17:39] <Truss> Witajcie
[19:17:39] <Derpi> Witaj randomie!
[19:17:48] <Truss> No ej ;-;
[19:18:03] <ElesisBH> Derpi 1-0 truss
[19:18:11] <Truss> FireSky: wiesz, czy jest dużo uczestników?
[19:18:14] <FireSky> hej ;p
[19:18:14] <Derpi> Siemanko :D
[19:18:23] <FireSky> nie zapowiada się :c
[19:18:58] <Truss> meh
[19:18:58] <Derpi> meh meh meh meh
[19:19:04] <Truss> a ja nie wiem czy dzisiaj gram -_-
[19:19:09] <Truss> A właśnie!
[19:19:13] <Truss> Egzamin dzis miałam
[19:19:20] <FireSky> ?
[19:19:31] <Truss> Egzamin z fortepianu
[19:19:40] <FireSky> i jak ? :D 
[19:19:46] <Truss> 6 mam! ^^
[19:19:55] <ElesisBH> GG
[19:20:00] <Truss> 6 na koniec roku z fortepianu :D
[19:20:07] <Truss> drugi raz :D
[19:20:08] <Truss> ^^
[19:20:15] <FireSky> brawo :)
[19:20:17] <ElesisBH> gg wp
[19:20:24] <Truss> Dzięki ^^
[19:20:34] <Truss> Fly remixuje Nishiego xD
[19:21:00] <Truss> Uczę się ;-; więc nie wiem czy pogram
[19:21:22] *** Joins: Delta3120 (WebChat@Pony-7unsia.static.kolnet.eu)
[19:21:27] <Delta3120> hejka
[19:21:27] <Derpi> ahoj kamracie
[19:21:28] <ElesisBH> Ave
[19:21:28] <Derpi> Hello
[19:22:10] <Truss> Delta!
[19:22:28] <Delta3120> no hej hej xD
[19:22:51] <FireSky> Heja 
[19:22:51] <Derpi> hej
[19:23:42] <Truss> Delta Fly remixuje Nishiego xD
[19:24:15] <Truss> tego co śpiewał na audycji xd
[19:24:32] <Truss> naah
[19:26:05] *** Joins: SzeregowyPoniacz (WebChat@Pony-8976hj.dynamic.t-mobile.pl)
[19:26:23] <ElesisBH> Jakiś wojskowy kucyk przyszedł
[19:26:37] <FireSky> :v
[19:26:40] <Truss> Witaj
[19:26:40] <Derpi> Dzień dobry bardzo! w RadioYaY
[19:26:52] <ElesisBH> Chyba dobry wieczór 
[19:26:53] <SzeregowyPoniacz> Dobry
[19:26:53] <Derpi> Dzieńdoberek!
[19:27:10] <Delta3120> zabije tego kto to dał
[19:27:21] <ElesisBH> ta piosenkę?
[19:27:21] <Delta3120> ta piosenka mi życie zrujnowała xD
[19:27:32] <ElesisBH> Ja ją dałem xd
[19:27:37] <Delta3120> aha xD
[19:27:52] <Delta3120> słuchałem jej po 20 razy dziennie xD
[19:28:29] <ElesisBH> Ja to mam na komórce
[19:28:29] <Truss> Delta!
[19:28:32] <Truss> Mnie ją zaraziłeś
[19:29:04] <ElesisBH> Jak pierwszys raz słychałem What a World miałem takie what the hell
[19:29:39] <ElesisBH> dopiero za drugim razem się przyzwyczaiłem
[19:29:57] <Delta3120> moja pierwsza reakcja jak to kiedyś ktoś w radiu póścił (pierwszy raz to słyszałem) to "kto zapodał ten shit" XD
[19:30:08] <Delta3120> no ja też za drugim razem
[19:30:17] <Delta3120> bo Alex niestety takie piosenki robi
[19:30:21] <ElesisBH> Ja tąpiosenkę licząćdzissłucham 30 raz
[19:30:26] <Delta3120> podobają się dopieo za którymś tam razem
[19:30:42] <Delta3120> oho
[19:30:45] <ElesisBH> boo hoo puścił na początek
[19:30:47] <Delta3120> Uknown leci
[19:31:02] <ElesisBH> audycja się zaczełą
[19:31:04] <Delta3120> *Uknown
[19:31:08] <Delta3120> *Unknow
[19:31:38] *** Joins: Pony_Rejzo (WebChat@Pony-o8fp5f.adsl.inetia.pl)
[19:31:46] <ElesisBH> Alex S party with pinkie vip
[19:31:47] <Delta3120> Party with the pinkie VIP alex S
[19:31:55] <Delta3120> wiedziałem że to póści na początku
[19:31:57] <Delta3120> xD
[19:32:12] <ElesisBH> skad takie przypuszczenie?
[19:32:13] <FireSky> ==============
[19:32:16] <FireSky> Numerek ? 
[19:32:19] <ElesisBH> 170
[19:32:21] <SzeregowyPoniacz> zaraz wracam, radio muszę zresetować
[19:32:34] <Delta3120> a bo zawsze na początku jest jakaś taka xD
[19:32:46] <FireSky> znana
[19:32:48] <FireSky> ;p
[19:32:51] <Delta3120> no włąśnie
[19:33:26] <ElesisBH> Omni
[19:33:27] <Delta3120> Omnipony After party (desert walker)
[19:33:40] <FireSky> ===============
[19:33:50] <Delta3120> właściwie to tytuł to "Desert Walker:
[19:33:58] <FireSky> numerek ? 
[19:34:01] <Delta3120> 7
[19:34:05] <ElesisBH> Ale zem trafił ze to omni xd
[19:34:16] <FireSky> wow nie rozumiem was xD mamy 300 a wy wybieracie 1-100 xD
[19:34:17] <Delta3120> uznajesz odpowiedź Desert Walker?
[19:34:22] <FireSky> ta
[19:34:25] <Delta3120> ok
[19:34:31] <Delta3120> no bo to 7 to dla Eivela xD
[19:34:47] <ElesisBH> Dlatego dałem 170 bo chiałem zlekwidować numerki od 170-179
[19:35:20] <Delta3120> Aftermath Prismatic
[19:35:25] <ElesisBH> Aftermatch rismatic
[19:35:38] <FireSky> =============
[19:35:43] <Delta3120> 77
[19:36:20] <ElesisBH> Jak delta zgadnie następnąpiosenkęto da 177 na 100%
[19:36:30] <Delta3120> miałem dać 1 xD
[19:36:43] <Delta3120> Youplayone Fluttershy lament
[19:36:48] <Delta3120> *once
[19:36:49] <ElesisBH> fluttershy lament
[19:36:51] <Delta3120> czy jakoś tak
[19:37:00] <FireSky> ===========
[19:37:08] <Delta3120> zawsze wykonawcy zapominam
[19:37:12] <ElesisBH> all on one to chyba
[19:37:23] <Delta3120> coś z once na pewno
[19:37:31] <FireSky> Uznam wam tylko tutuł ale wykonawca to "All levels at once"
[19:38:07] <Delta3120> All Levels at Once 
[19:38:08] <Delta3120> a
[19:38:12] <Delta3120> własnie sprawdziłem
[19:38:24] <Delta3120> Archie
[19:38:26] <ElesisBH> Sim gretina i'll fly
[19:38:31] <FireSky> ==============
[19:38:35] <Delta3120> no to leże
[19:38:37] <ElesisBH> 180
[19:38:39] <Delta3120> nie słucham Sim gretiny
[19:38:59] <Delta3120> ja na początku myślałem że to Apple bloom śpiewa :p
[19:39:57] <Delta3120> jezuuu co to było
[19:40:15] <Delta3120> Superpony beat
[19:40:20] <Delta3120> Oddysey
[19:40:26] <ElesisBH> superpony beat 
[19:40:28] <ElesisBH> pikie pie
[19:40:38] <Delta3120> Singing telegram
[19:40:52] <FireSky> ========Pinkie Pie s Singing Telegram (Postal Mix w  Vocals)
[19:41:05] <ElesisBH> nie superpony beat rly
[19:41:18] <Delta3120> przecież to takie w jego stylu..
[19:42:21] <Delta3120> to też było..
[19:42:33] <Delta3120> 174UDSI
[19:42:47] <ElesisBH> chwila jest ta piosenka super beat ale bez  vocals jest tytuł
[19:43:06] <FireSky>  In Our Town (Sim Gretina Remix)
[19:43:09] <FireSky> ===============
[19:43:15] <Delta3120> o jesus
[19:43:20] <Delta3120> no to znowu leże
[19:43:57] <ElesisBH> radia mi się zlagowało bo leciała mi jescze poprzednia piosenka ten singin telegram
[19:44:04] <ElesisBH> radio*
[19:44:37] <Delta3120> Rainbow Factory Glaze
[19:44:40] <ElesisBH> Woone tostaer rainbwo factory
[19:44:45] <FireSky> ====================
[19:44:58] <FireSky> numerek ?
[19:45:34] <ElesisBH> 171
[19:45:39] <Delta3120> 123
[19:45:42] <FireSky> Delta
[19:46:27] <Delta3120> At the winter gala Stalakrits
[19:46:35] <Delta3120> Mando
[19:46:39] <Delta3120> Jingle Bels
[19:46:40] <ElesisBH> jingle bells mando
[19:46:47] <FireSky> ==========Jingle Bells - Punk version by MandoPony 
[19:46:57] <FireSky> Numerek Delta ? 
[19:47:21] <ElesisBH> radio mi laguje
[19:47:27] <Delta3120> 1
[19:48:29] *** Quits: SzeregowyPoniacz (WebChat@Pony-8976hj.dynamic.t-mobile.pl) (Ping timeout: 121 seconds)
[19:48:30] <Delta3120> znowu tytułu nie pamietam
[19:48:40] <Delta3120> Slyphstorm
[19:48:44] <Delta3120> Octavia
[19:49:02] <FireSky> ===========A touch of varation ( Octavia ) - CommandSpry
[19:49:20] <ElesisBH> to radio mnie zadziwnia skacze mi do tyłu 
[19:49:33] <Delta3120> aha
[19:50:27] <ElesisBH> firefox używam
[19:50:33] <Delta3120> ja google chrome
[19:50:48] <Delta3120> Oodorato2 Generosity
[19:50:52] *** Joins: SzeregowyPoniacz (WebChat@Pony-8976hj.dynamic.t-mobile.pl)
[19:50:55] <ElesisBH> Generosity oddorato
[19:51:02] <FireSky> ===========
[19:51:32] <Delta3120> 222
[19:52:15] <Delta3120> MLP ragtime theme
[19:52:18] <Delta3120> pfff
[19:52:22] <ElesisBH> omnipony
[19:52:22] <Delta3120> So many wonders
[19:52:23] <ElesisBH> return
[19:52:58] <FireSky> ====So Many Fluttershys (So Many Wonders Remix)
[19:53:02] <McKey> .songs
[19:53:46] <Delta3120> TLT stop bats
[19:53:48] <ElesisBH> tlt stop the bats
[19:54:07] <ElesisBH> kurde enter nie chiałem mi sie wcisnać i bym pierwszy dał
[19:54:08] <SzeregowyPoniacz> tlt stop the bats
[19:54:08] <FireSky> =-=-=-=-=-=-=-=-=-=-=-=-=-=-=-=-=-=-=-=
[19:54:23] <FireSky> =-=-
[19:54:34] <FireSky> Numerek Delta ?
[19:54:50] <Delta3120> 234
[19:56:02] <Delta3120> Oddysey
[19:56:07] <Delta3120> Car run
[19:56:14] <ElesisBH> Eurobeat
[19:56:19] <FireSky> =-=-=-Super Ponybeat Ultimate Cross - Rainbow Speed Car
[19:56:57] *** Joins: DankeyH (WebChat@Pony-ivs.19a.213.178.IP)
[19:57:06] <McKey> .punktacja
[19:57:17] <Delta3120> ale Oddysey i Eurobeat to to samo chyba
[19:57:17] <McKey> oj Eivel nie postarałeś się :P
[19:57:21] <DankeyH> cze
[19:57:28] <Delta3120> Swing Tavi Swing Joafthe loaf
[19:57:46] <FireSky> witam
[19:57:53] <ElesisBH> witam
[19:57:55] <Eivel> ?
[19:58:16] <FireSky> =-=-=-=-========-=-=-=-=
[19:58:27] <FireSky> num ?
[19:59:01] <Delta3120> 98
[19:59:09] <Delta3120> hej Eivel :p
[19:59:47] *** Joins: Eragon333 (WebChat@Pony-amsru5.adsl.inetia.pl)
[19:59:47] <ElesisBH> rc88
[19:59:54] <Eivel> hej Delta3120 ;)
[20:00:03] <Delta3120> General Mumble
[20:00:09] <Delta3120> 20% coller
[20:00:11] *** Quits: SzeregowyPoniacz (WebChat@Pony-8976hj.dynamic.t-mobile.pl) (Ping timeout: 121 seconds)
[20:00:12] <Delta3120> *cooler
[20:00:12] *** Quits: Piotrasss (Piotrasss@Pony-jaf94h.play-internet.pl) (Quit: Leaving)
[20:00:12] <ElesisBH> wooden tostart
[20:00:18] <FireSky> ===========Glaze - Tough Luck Wooden T
[20:00:25] <Delta3120> rly...
[20:00:51] <DankeyH> znowu nic nie znam .-.
[20:00:55] <ElesisBH> napisałem wooden toaster ale nie wiem czy pkt dostanę
[20:01:13] <McKey> Eivel, miałeś punktacje zrobić w derpi :P
[20:01:14] *** Joins: SzeregowyPoniacz (WebChat@Pony-f3bgc6.dynamic.t-mobile.pl)
[20:01:18] <Delta3120> Mando Spitfire
[20:01:22] <ElesisBH> Mandpony spitfire
[20:01:29] <SzeregowyPoniacz> spitfire
[20:01:47] <Eivel> McKey: wiem, ale nie mam na to czasu. Nie mam na nic czasu ;-;
[20:01:47] <FireSky> ========
[20:01:54] <McKey> Eivel, eh....
[20:02:09] <McKey> Czyli musze jednak w Exelu zrobić tabelke :P
[20:02:45] <ElesisBH> 182
[20:02:45] <McKey> i to już w ten weekend bo bede miał uprawnienia (odbieram ECDL-a i po egzaminach)
[20:03:34] <Delta3120> Ec 88
[20:03:35] <ElesisBH> rc88 twilight theme
[20:03:39] <Delta3120> *rc
[20:03:51] <FireSky> ============rc88 Pinkie pie theme
[20:04:43] <McKey> Ekko w rotacji. I tak nie zagrasz bo każdy bierze pierwszy ...
[20:05:31] <ElesisBH> Jeff
[20:05:40] <ElesisBH> Nowacking
[20:05:50] <SzeregowyPoniacz> nowacking
[20:06:06] <FireSky> ==========Sim Gretina feat. Nowacking - When The Bass Drops
[20:07:36] <Delta3120> Aftermath giggle at the gostly
[20:07:39] <ElesisBH> archie giggle at the ghostly
[20:07:42] <ElesisBH> aftermatach*
[20:08:25] <Delta3120> 101
[20:08:29] <FireSky> ================
[20:08:55] *** Quits: DankeyH (WebChat@Pony-ivs.19a.213.178.IP) (Ping timeout: 121 seconds)
[20:09:23] <FireSky> Delta sam chciałeś 
[20:09:43] <Delta3120> no shiiiiiiiiiiiiiiiiiiiiiiiiiiit
[20:10:00] <ElesisBH> gypsy bard
[20:10:09] <ElesisBH> delta
[20:10:11] <FireSky> ==========Gypsy Bard Extended Version - Piano Retranscription by Delta3120
[20:10:17] <FireSky> numerek ?
[20:10:25] <ElesisBH> 194
[20:10:37] <Delta3120> fajnie że ja tego nie mogę zgadywać xD
[20:11:13] <ElesisBH> Prince whatever good time
[20:11:16] <Delta3120> Always a good time princess whatever
[20:11:26] <ElesisBH> jki princess ;-;
[20:11:29] <ElesisBH> jaki*
[20:11:34] <Delta3120> no tak
[20:11:39] <Delta3120> princesswhatever
[20:11:40] <FireSky> =====================
[20:11:53] <ElesisBH> 212
[20:11:54] <Delta3120> chyba
[20:13:39] <Delta3120> rc88
[20:14:03] <FireSky> =-=-=-=-=-Runaway geat. Kathy-Chan Sin Gretina
[20:14:24] <Delta3120> dzisiaj jakaś faza na Gretine
[20:14:55] <FireSky> była na Atera i Madno i nawet TLT ;p
[20:15:06] <FireSky> co tydzień wybieracie innych ;p
[20:15:29] <ElesisBH> Delta sprawdziłem i jest Prince a nie Princess
[20:15:41] <McKey> Princess??? WTF
[20:16:10] <ElesisBH> napisał princess whatever i ja się też zdziwiłęm
[20:16:43] <McKey> Princess nie istnieje :P
[20:16:43] *** Joins: Lazy (WebChat@Pony-ibp4ri.adsl.tpnet.pl)
[20:16:50] <Lazy> heloł
[20:16:58] <ElesisBH> No to dlatego poprawnie jest Prince
[20:17:11] <ElesisBH> Ave cezar
[20:17:14] <McKey> Liberum Veto. Wy* go xD
[20:18:44] <BlackBird> hau
[20:18:47] <BlackBird> ahi*
[20:18:49] <BlackBird> xd
[20:18:51] <BlackBird> HAI*
[20:18:55] <ElesisBH> 23 piosenki poleciały przed przerwą
[20:19:32] <SzeregowyPoniacz> BlackBird! Привет!
[20:19:36] <BlackBird> доброе утро!
[20:19:50] <ElesisBH> Moze po japonsku zaczniecie pisać xd
[20:20:49] <SzeregowyPoniacz> Што не утро, што ноч
[20:21:00] <Delta3120> jakie jutro?
[20:21:01] <BlackBird> あなたの好きなように
[20:21:09] *** Quits: Delta3120 (WebChat@Pony-7unsia.static.kolnet.eu) (Quit: Page closed)
[20:21:20] *** Joins: Delta3120 (WebChat@Pony-7unsia.static.kolnet.eu)
[20:21:21] <BlackBird> prismatic
[20:21:25] <BlackBird> czy to przerwa
[20:21:27] <ElesisBH> nadal przerwa jest
[20:21:29] <Delta3120> to jest dancing with the sun
[20:21:32] <Delta3120> opanic
[20:21:38] <BlackBird> ee a no xd
[20:21:46] <ElesisBH> o 20:25 skonczy się przerwa
[20:21:54] <BlackBird> danke za info
[20:22:59] <SzeregowyPoniacz> zaraz wracam, zresetuję radio, puki przerwa
[20:23:09] <BlackBird> k
[20:23:27] *** Quits: SzeregowyPoniacz (WebChat@Pony-f3bgc6.dynamic.t-mobile.pl) (Quit: Page closed)
[20:23:43] <ElesisBH> Dziwnie na początku audycji działało mi radio potem przez 15 minut mi siecrashowało, a potem znów zaczeło działąć dobrze
[20:23:59] <BlackBird> to wszystko derpi xd
[20:24:38] <BlackBird> minute za szybko!
[20:24:42] <BlackBird> ale moze byc
[20:24:45] *** Joins: SzeregowyPoniacz (WebChat@Pony-f3bgc6.dynamic.t-mobile.pl)
[20:24:57] <Delta3120> Don't mine at night
[20:24:59] <ElesisBH> shady vos don't mine at night
[20:25:03] <BlackBird> dont mine at night
[20:25:04] <Delta3120> Jan Animation
[20:25:13] <BlackBird> lagi mam z/w przewine do przodu xd
[20:25:13] <SzeregowyPoniacz> don't mine at night
[20:25:24] <Delta3120> czy tam shady vox
[20:25:31] <FireSky> =======
[20:25:39] <ElesisBH> 100
[20:26:22] <BlackBird> hawtw\
[20:26:25] <Delta3120> Hawtw
[20:26:28] <Delta3120> sherclop pones
[20:26:29] <BlackBird> how applejack won the war
[20:26:31] <ElesisBH> Scerlop ones how applejack won the war
[20:26:47] <FireSky> --------------------------
[20:27:04] <BlackBird> ile dzisiaj jest piosenek?
[20:27:09] *** Joins: SzeregowyPoniacz_ (WebChat@Pony-f3bgc6.dynamic.t-mobile.pl)
[20:27:13] <ElesisBH> 300
[20:27:18] <ElesisBH> Ale ten numerek jużbył
[20:27:23] <BlackBird> fuk
[20:27:26] <BlackBird> to 269
[20:27:30] <FireSky> Delta numerek ?
[20:27:32] <ElesisBH> 106
[20:27:39] <BlackBird> ee lel ok
[20:27:50] <FireSky> Black autor gdzie ? 
[20:27:51] <Delta3120> 175
[20:28:03] <BlackBird> a musi byc? nowe zasady?
[20:28:17] <BlackBird> a chociaz punkta zgarne?
[20:28:22] <FireSky> a nie ? zawsze trze3ba chyba że nie powiem
[20:28:26] <FireSky> tak
[20:28:52] <BlackBird> ale wybieral numerek ten kto pierwszy zgadywal niewazne czy z wykonawca..
[20:29:04] <Delta3120> Omni she is an alaram clock
[20:29:04] <ElesisBH> Omnipony
[20:29:10] <ElesisBH> she is an clock alarm
[20:29:15] *** Quits: SzeregowyPoniacz (WebChat@Pony-f3bgc6.dynamic.t-mobile.pl) (Ping timeout: 121 seconds)
[20:29:15] <SzeregowyPoniacz_> omnipony
[20:29:18] <FireSky> ============
[20:29:19] <Delta3120> copy and paste?
[20:29:28] <SzeregowyPoniacz_> nope
[20:29:34] *** Joins: Pony_6 (WebChat@Pony-p93lin.play-internet.pl)
[20:29:37] <Delta3120> mówię do elesisa
[20:29:39] <BlackBird> Witaj!
[20:29:51] <SzeregowyPoniacz_> aha. przepraszam
[20:29:56] <Delta3120> spk spk
[20:30:02] <Delta3120> nic się nie stało
[20:30:09] <ElesisBH> Ja wiedziałem że omni
[20:30:16] <FireSky> Numerek Delta ? 
[20:30:17] <Delta3120> ale chodzi o tytuł :p
[20:30:21] <Delta3120> 76
[20:30:27] <BlackBird> dobra delta itak wygrasz ;p
[20:30:34] <Delta3120> no nie wiem xD
[20:30:56] <BlackBird> gypsy bard
[20:31:00] <Delta3120> Pinkies brew
[20:31:05] <BlackBird> albo pinkis brew
[20:31:06] <Delta3120> korw
[20:31:08] <Delta3120> cover
[20:31:11] <Delta3120> rejmania
[20:31:14] <ElesisBH> pinkies brew nieełnosprytna
[20:31:16] <BlackBird> coverr
[20:31:16] <FireSky> =-=-=-=-=-=-=-=-=-=
[20:31:21] <BlackBird> myla mi sie te dwa...
[20:31:36] <FireSky> Delta numerek ? 
[20:31:46] <Delta3120> 159
[20:32:30] <Delta3120> Oodorato2 haloween rocks
[20:32:42] <ElesisBH> hallowen rocks
[20:32:44] <ElesisBH> fire of
[20:32:47] <ElesisBH> firendship
[20:32:48] <FireSky> ===========
[20:33:10] <FireSky> numerek Elsis ?
[20:33:18] <ElesisBH> 210
[20:33:34] <Delta3120> ale oodorato2 to zrobił przecierz :p
[20:34:04] <Delta3120> aha
[20:34:12] <BlackBird> .listeners
[20:34:12] <Derpi> Liczba słuchaczy: 13
[20:34:18] <BlackBird> malo cos luda
[20:34:30] <Delta3120> to midi ;/
[20:34:44] <Delta3120> Luna
[20:34:45] <ElesisBH> aviators
[20:34:50] <Delta3120> oddysey
[20:34:57] <Delta3120> *aviators
[20:35:01] <Delta3120> racja
[20:35:04] <FireSky> ======RobotPony befriends Eurobeat Brony - Luna (Insomnia Mode)
[20:35:05] <SzeregowyPoniacz_> luna
[20:35:10] <Delta3120> przypomniał mi się remix Alex S
[20:35:20] <Delta3120> no to nie Aviators
[20:35:23] <Delta3120> kurde
[20:35:26] <Delta3120> pogubiłem sie
[20:36:11] <BlackBird> discord
[20:36:13] <ElesisBH> ttl discord
[20:36:13] <BlackBird> tlt
[20:36:14] <Delta3120> Discord rejmania
[20:36:20] <Delta3120> TLT
[20:36:21] <BlackBird> hue hue nie
[20:36:23] <Delta3120> ty fajo
[20:36:24] <SzeregowyPoniacz_> discord
[20:36:24] <ElesisBH> fail delta
[20:36:29] <SzeregowyPoniacz_> tlt
[20:36:34] <SzeregowyPoniacz_> tlt
[20:36:35] <FireSky> ===========
[20:36:43] <Delta3120> zawsze puszcza rejmanie a jak się rozpędze to oczywiście oryginał
[20:36:44] <BlackBird> !roll 3d100
[20:36:45] <GameServ> BlackBird rolled 3d100: 2 87 73  <Total: 162>
[20:36:47] *** Joins: ElectricPsoras (Thunderbird@Pony-lh68kn.adsl.tpnet.pl)
[20:36:47] <BlackBird> Witaj ElectricPsoras!
[20:36:49] <BlackBird> 162 poprosze
[20:36:55] <ElesisBH> 237
[20:37:27] <ElectricPsoras> hejka
[20:37:35] <SzeregowyPoniacz_> hejka
[20:37:40] <Delta3120> hej
[20:37:54] <BlackBird> a ja przywitalem zanim jeszcze wszedl xd
[20:38:26] <Delta3120> i cisza
[20:38:36] <ElesisBH> Slyphstorm
[20:38:44] <Delta3120> Slyphstorm
[20:38:54] <Delta3120> Electro coś tam
[20:38:57] <Delta3120> xD
[20:39:05] <BlackBird> slyphstorm
[20:39:13] <SzeregowyPoniacz_> slyphstorm
[20:39:13] <FireSky> ========Nicolas Dominique - The Guardian of Dreams
[20:39:19] <BlackBird> derp
[20:39:21] <ElesisBH> lol nicolas
[20:39:44] <Delta3120> ja znam tylko how to destroy canterlot in 5 minutes xD
[20:40:24] <Delta3120> Aftermath
[20:40:29] <BlackBird> Rermix
[20:40:29] <ElesisBH> Assertive
[20:40:33] <Delta3120> great escepe
[20:40:36] *** Joins: Pony_4 (WebChat@Pony-ksh00c.play-internet.pl)
[20:40:36] <BlackBird> Witaj Pony_4!
[20:40:43] <ElesisBH> im' fluttershy
[20:40:45] <Pony_4> Wiatm (\
[20:40:51] <BlackBird>  /)
[20:41:02] <ElesisBH> hooves up high assertive
[20:41:31] <Delta3120> ale dzisiaj nie moje piosenki lecą
[20:41:56] <BlackBird> to wybieraj dobre numerki a nie..
[20:42:07] <Delta3120> ja tego nie dawałem :p
[20:42:13] <BlackBird> no ja tez nie
[20:42:22] <McKey> Zilan Support kieruje ...
[20:42:39] <BlackBird> wut
[20:42:46] <FireSky> -----------
[20:42:59] <BlackBird> o, kto zgadl?
[20:43:08] <FireSky> Elesis
[20:43:21] <ElesisBH> 91
[20:44:22] <ElesisBH> Slyphsotrm
[20:44:23] <Delta3120> Suicide notes
[20:44:35] <Delta3120> Slyphstorm
[20:44:39] <Delta3120> soliders of the night
[20:44:41] <SzeregowyPoniacz_> slyphstorm
[20:44:48] <BlackBird> slyphstorm
[20:44:52] <ElesisBH> castle fo shadow
[20:44:55] <Delta3120> aviators
[20:45:01] <Delta3120> heroes
[20:45:07] <Delta3120> Friendhip
[20:45:08] <FireSky> ==========Friendship
[20:45:11] <Pony_4> aviators friendship
[20:45:14] <Delta3120> pierfszy :p
[20:45:31] <BlackBird> brawo trafiles xd
[20:45:37] <FireSky> Numerek ? 
[20:45:43] <Delta3120> no bo to wszystko podobne jest xD
[20:45:50] <Delta3120> 238
[20:46:03] <ElesisBH> zagadka jaka ostatnia piosenka bedzie na audycji
[20:46:12] <Delta3120> Archie Pinkie pie style
[20:46:42] <ElesisBH> sonic
[20:46:56] <ElesisBH> archie
[20:47:03] <FireSky> ===Synthis - Hearts as Strong as Horses (Remix)
[20:47:19] <BlackBird> fuk niezdazylem napisac xd
[20:47:26] <Delta3120> XD
[20:47:36] <SzeregowyPoniacz_> xd
[20:47:42] <SzeregowyPoniacz_> niefart
[20:47:49] <BlackBird> tak to jest jak sie na tablecie gra..
[20:48:03] <Delta3120> I'm octavia
[20:48:03] <SzeregowyPoniacz_> znam ból, ja na fonie
[20:48:06] <ElesisBH> i'm octavia
[20:48:10] <BlackBird> im octavia
[20:48:14] <SzeregowyPoniacz_> i'm ictavia
[20:48:21] <SzeregowyPoniacz_> octavia
[20:48:24] <BlackBird> niechce mi sie apostrofu szukac xd
[20:48:33] <Delta3120> a ja już More than chicken maiłem napisane :p
[20:48:38] <ElesisBH> ja tak samo
[20:48:39] <Eragon333> EileMonty - I am Octavia
[20:49:06] *** Quits: Lazy (WebChat@Pony-ibp4ri.adsl.tpnet.pl) (Quit: Page closed)
[20:49:12] <Delta3120> ej a ty już byłeś kiedyś na audycji?
[20:49:15] <ElesisBH> znaczy chiałem to samo napisać to more than chicken
[20:49:16] <Delta3120> bo cię nie kojarze :/
[20:49:41] <ElesisBH> poczekaj ażzudycja sie skończy to coś ci powiem
[20:49:48] <Delta3120> Nero pewnie XD
[20:49:53] <ElesisBH> tak
[20:49:53] <McKey> Brother Punk
[20:49:59] <Delta3120> wiedziałem :p
[20:50:03] <McKey> cie znajdzie i zap* :P
[20:50:45] <FireSky> ------------Official Ponytronic - MLP - Let The Rainbow Remind You (Ponytronic Remix)
[20:50:46] <ElesisBH> bo spradzma nowy laptop na tej audycji z systemem Windows 8
[20:50:53] <ElesisBH> dlatego mam inny nick
[20:51:01] <Delta3120> spk
[20:51:09] <BlackBird> a wiez ze na ruznych komputerach wolno uzywaac jednego nicku?
[20:51:21] <Delta3120> nie
[20:51:25] <McKey> ...
[20:51:29] <McKey> Delta3120, mam 30 pc
[20:51:32] <McKey> i 1 nick
[20:51:36] <McKey> Zabronisz mi?
[20:51:38] <ElesisBH> Na statrym używałem ChungIP potem w połowie listopada zmieniłem na NeroDMC
[20:52:02] <BlackBird> lel
[20:52:05] <Delta3120> a to już wiem
[20:52:10] *** Joins: Ajponka (WebChat@Pony-8onkpe.rzeszow.mm.pl)
[20:52:10] <BlackBird> Witaj Ajponka!
[20:52:17] <ElesisBH> ttl smile
[20:52:19] <McKey> Kur*a no nie
[20:52:19] <Delta3120> TLT smile remix
[20:52:20] <BlackBird> smile
[20:52:22] <BlackBird> tlt
[20:52:22] <McKey> Eivel, mamy znowu bota
[20:52:24] <McKey> witającego
[20:52:27] <SzeregowyPoniacz_> tlt smile song
[20:52:29] <BlackBird> cichaj!
[20:52:33] <BlackBird> tylko na audycji ;p
[20:52:47] <Delta3120> Witaj Blackbird!
[20:52:48] <McKey> Eivel, 
[20:52:48] <McKey> Eivel, 
[20:52:49] <BlackBird> niechce mi sie recznie
[20:52:50] <Delta3120> XD
[20:52:51] <Ajponka> Tam tam tam xD
[20:53:07] <FireSky> Numerek Elesis ? 
[20:53:09] <FireSky> --------------
[20:53:16] <ElesisBH> 10
[20:54:26] <Delta3120> takich sie nie daje na koniec!
[20:54:29] <ElesisBH> Kick back archie
[20:54:38] <SzeregowyPoniacz_> kick back archie
[20:54:47] <Delta3120> to copy and paste ;/
[20:54:58] <BlackBird> ctrl+c ctrl+v!
[20:54:59] *** Quits: Pony_4 (WebChat@Pony-ksh00c.play-internet.pl) (Quit: Page closed)
[20:55:02] <SzeregowyPoniacz_> ja?
[20:55:04] <BlackBird> bot wykryl bot potwierdza
[20:55:06] <BlackBird> tak
[20:55:11] <FireSky> --------------
[20:55:22] <ElesisBH> 99
[20:55:33] <SzeregowyPoniacz_> 2 raz niewinnego oskarżają...
[20:55:42] <FireSky> ost ja wybieram
[20:55:57] <ElesisBH> ostatnie będzie mandopony better than you
[20:56:03] <Delta3120> nie xD
[20:56:12] <BlackBird> rainbow factory, loyalty
[20:56:13] <Delta3120> pinkie pies tyle
[20:56:17] *** Quits: Pony_Rejzo (WebChat@Pony-o8fp5f.adsl.inetia.pl) (Quit: Page closed)
[20:56:18] <Delta3120> o lol XD
[20:56:27] <ElesisBH> mandopony better thay ou
[20:56:30] <Delta3120> Mando better than you
[20:56:31] <ElesisBH> hehe
[20:56:34] <BlackBird> batter than you
[20:56:35] <FireSky> Jak zgadłeś ? 
[20:56:35] <ElesisBH> I co delta miałem racje
[20:56:40] <FireSky> CO?!
[20:56:40] <BlackBird> mando 
[20:56:44] <Delta3120> jaka faja xD
[20:56:53] <ElesisBH> tyle wygrać
[20:56:55] <BlackBird> o wuut
[20:56:59] <BlackBird> najs
[20:57:37] <Delta3120> no shit xDD
[20:57:55] *** Quits: Delta3120 (WebChat@Pony-7unsia.static.kolnet.eu) (Quit: Page closed)
[20:57:57] <BlackBird> SzereowyPoniacz_: /)
[20:58:03] <McKey> http://i.imgur.com/OkKOjgL.png Internet taki wolny :v
[20:58:04] <BlackBird> Dobranoc wszystkim
[20:58:05] <SzeregowyPoniacz_> (\
[20:58:08] <BlackBird> niech luna bedzie z wami
[20:58:09] <ElesisBH> narka
[20:58:14] *** Quits: ElesisBH (WebChat@Pony-r85.lun.175.46.IP) (Quit: Page closed)
[20:58:14] *** Parts: FireSky (WebChat@Pony-sq58b7.dynamic.chello.pl) ("")
[20:58:14] <SzeregowyPoniacz_> dobranoc
[20:58:26] <BlackBird> McKey: slaby net
[20:58:39] <McKey> ty nawet nie możesz takiego mieć :P
[20:58:40] <BlackBird> na tosterze mam szybszy
[20:58:44] <SzeregowyPoniacz_> Спакойной ночи
[20:58:48] <BlackBird> спокойной ночи
[20:58:57] <McKey> .on
[20:58:58] <Derpi> Wróciłam!
[20:59:00] <BlackBird> derp
[20:59:00] <Derpi> 9_6
[20:59:12] *** Quits: SzeregowyPoniacz_ (WebChat@Pony-f3bgc6.dynamic.t-mobile.pl) (Quit: Page closed)
[20:59:16] * BlackBird przytula Derpi
[20:59:17] * Derpi przytula się do BlackBird
[20:59:24] <McKey> .tell Eivel znowu nam się jakiś bot zalęgł na kanale. Moge iśc po szczoteczke?
[20:59:25] <Derpi> McKey: Przekażę wiadomość, gdy Eivel będzie w pobliżu.
[20:59:38] <BlackBird> o derpi ci chodzi?
[20:59:45] <BlackBird> wes ja zostaw
[20:59:47] <McKey> nie
[20:59:48] <Derpi> tak, tak było
[20:59:49] <McKey> o ciebie
[20:59:50] <McKey> :v
[20:59:54] <BlackBird> ja niejestem botem
[21:00:00] *** Parts: McKey (Kordus@bronies.info) ()
[21:00:00] *** Joins: McKey (Kordus@bronies.info)
[21:00:00] -daring.canternet.org- Replaying up to 10 lines of pre-join history spanning up to 300 seconds
[21:00:00] * Derpi przytula się do BlackBird
[21:00:00] <McKey> .tell Eivel znowu nam się jakiś bot zalęgł na kanale. Moge iśc po szczoteczke?
[21:00:00] <Derpi> McKey: Przekażę wiadomość, gdy Eivel będzie w pobliżu.
[21:00:00] <BlackBird> o derpi ci chodzi?
[21:00:00] <BlackBird> wes ja zostaw
[21:00:00] <McKey> nie
[21:00:00] <Derpi> tak, tak było
[21:00:00] <McKey> o ciebie
[21:00:00] <McKey> :v
[21:00:00] <BlackBird> ja niejestem botem
[21:00:01] *** Pinkamena sets mode: +v McKey
[21:00:01] *** Server sets mode: +ABFHJPScfnt 3:360 10:300 60 5:3
[21:00:01] *** Server sets mode: +ABFHJPScfnt 3:360 10:300 60 5:3
[21:00:05] <BlackBird> derp
[21:00:05] <Derpi> 6_9
[21:00:23] <McKey> mam logi :v
[21:00:25] <McKey> wystarczą
[21:00:30] *** Quits: Ajponka (WebChat@Pony-8onkpe.rzeszow.mm.pl) (Quit: Page closed)
[21:00:35] <BlackBird> und?
[21:00:43] <BlackBird> mialem +B niezabronisz :P
[21:00:55] <misiek200m> Co kolejną dramę McKey zaczynasz? xD
[21:01:08] <BlackBird> najwyrazniej ;p ale duzo mi niezrobi
[21:01:15] <McKey> misiek200m, nope
[21:01:21] <McKey> ale misiek200m 
[21:01:24] <McKey> Witaj misiek200m 
[21:01:25] <McKey> Witaj misiek200m 
[21:01:25] <McKey> Witaj misiek200m 
[21:01:25] <McKey> Witaj misiek200m 
[21:01:26] <McKey> Witaj misiek200m 
[21:01:27] <McKey> fajnie?
[21:01:33] <BlackBird> ale ja tak niespamie 
[21:02:05] <misiek200m> McKey u mnie sprowadza się to do migania ikonki w zasobniku, więc tak, fajnie xD
[21:02:21] <McKey> misiek200m, u niektórych zawiesza przeglądarke
[21:02:34] <BlackBird> chyba tobie
[21:02:41] <McKey> BlackBird, Flash
[21:02:49] <BlackBird> jak mi na androidze dziala -.-
[21:03:09] <McKey> nie zrozumiesz bo jesteś nubem
[21:03:24] <BlackBird> wooden computer
[21:03:29] <McKey> Flash
[21:03:31] <McKey> .g Flash
[21:03:33] <Derpi> McKey: https://get.adobe.com/flashplayer/
[21:03:42] <BlackBird> wooden computer
[21:04:04] <BlackBird> dobra niekluc sie nic ci to niedaje
[21:20:59] *** Quits: Pony_6 (WebChat@Pony-p93lin.play-internet.pl) (Quit: Page closed)
[21:48:02] *** Joins: FlyingButter (WebChat@Pony-af5ltr.interkar.pl)
[21:48:15] <FlyingButter> ...I znowu zapomniałem o audycji, meh.
[21:50:58] <McKey> FlyingButter, nie martw się
[21:51:01] <McKey> nagrana :P
[21:52:17] *** Quits: FlyingButter (WebChat@Pony-af5ltr.interkar.pl) (Ping timeout: 121 seconds)
[22:19:57] *** Quits: Eragon333 (WebChat@Pony-amsru5.adsl.inetia.pl) (Quit: Page closed)
[22:47:39] <ElectricPsoras> https://i.chzbgr.com/maxW500/8506925824/h8EB575BE/
[22:48:58] *** Quits: Proenix (Proenix@proenix.pl) (Quit: Leaving)
[22:56:01] *** Quits: BlackBird (BlackBird@Luna.is.Your.Princess) (Ping timeout: 121 seconds)
[23:37:25] *** Joins: Wavechill (Wavechill@Pony-htdh4g.adsl.tpnet.pl)
[23:42:03] *** Quits: ElectricPsoras (Thunderbird@Pony-lh68kn.adsl.tpnet.pl) (Ping timeout: 121 seconds)
[23:44:57] *** Quits: Wavechill (Wavechill@Pony-htdh4g.adsl.tpnet.pl) (Quit: )
