[00:44:18] *** Quits: Lunia (ellen@ChumPony.Enterprises) (Connection closed)
[00:44:20] *** Joins: Lunia2 (ellen@Pony-di5.pu7.73.87.IP)
[00:47:57] *** Joins: Lunia (ellen@ChumPony.Enterprises)
[00:47:57] *** Pinkamena sets mode: +h Lunia
[00:48:03] *** Quits: Lunia2 (ellen@Pony-di5.pu7.73.87.IP) (Connection closed)
[01:22:50] *** Quits: Beton (Beton@Pony-2pe776.adsl.tpnet.pl) (Ping timeout: 121 seconds)
[02:02:20] *** Quits: Shutter (tips@why.did.you.even.rope.me.into.this) (cadance.canternet.org daring.canternet.org)
[02:03:20] *** Quits: Pinkamena (DianePie@Sugarcube.Corner) (cadance.canternet.org cloudchaser.canternet.org)
[02:03:37] *** Joins: Pinkamena (DianePie@Sugarcube.Corner)
[02:03:37] *** services.canternet.org sets mode: +o Pinkamena
[02:04:06] *** Joins: Shutter (tips@why.did.you.even.rope.me.into.this)
[10:54:14] *** Quits: Lunia (ellen@ChumPony.Enterprises) (Ping timeout: 121 seconds)
[11:38:52] *** Joins: Lunia (ellen@ChumPony.Enterprises)
[11:38:53] *** Pinkamena sets mode: +h Lunia
[12:12:58] *** Joins: Xenmen (xenmen@Pony-64rlqg.bchsia.telus.net)
[12:19:34] *** Quits: Xenmen (xenmen@Pony-64rlqg.bchsia.telus.net) (Quit: Leaving)
[14:41:58] *** Quits: Lunia (ellen@ChumPony.Enterprises) (Ping timeout: 121 seconds)
[14:51:23] *** Joins: Lunia (ellen@ChumPony.Enterprises)
[14:51:23] *** Pinkamena sets mode: +h Lunia
[15:59:02] *** Joins: Beton (Beton@Pony-0d1lug.adsl.tpnet.pl)
