[03:06:53] *** Creeps|AFK is now known as RedHelper
[08:02:15] *** RedHelper is now known as Creeps|AFK
[12:19:42] *** Joins: WeAreBorg (WeAreBorg@Resistance.Is.Futile)
[12:19:44] *** Quits: WeAreBorgPony (WeAreBorg@Resistance.Is.Futile) (Ping timeout: 121 seconds)
[18:01:25] *** Joins: KocproZ (KocproZ@Pony-htd2dc.pl)
[20:21:26] *** Quits: BlackBird (BlackBird@Luna.is.Your.Princess) (cadance.canternet.org chrysalis.canternet.org)
[20:21:26] *** Quits: KocproZ (KocproZ@Pony-htd2dc.pl) (cadance.canternet.org chrysalis.canternet.org)
[20:21:27] *** Quits: WeAreBorg (WeAreBorg@Resistance.Is.Futile) (cadance.canternet.org chrysalis.canternet.org)
[20:21:27] *** Quits: Proenix (Proenix@proenix.pl) (cadance.canternet.org chrysalis.canternet.org)
[20:21:27] *** Quits: Colgate (rabbit@brushie.horse) (cadance.canternet.org chrysalis.canternet.org)
[20:21:27] *** Quits: Creeps|AFK (RedHelper@The.Pony.That.Makes.You.Smile) (cadance.canternet.org chrysalis.canternet.org)
[20:21:28] *** Quits: Pinkamena (DianePie@Sugarcube.Corner) (cadance.canternet.org cloudchaser.canternet.org)
[20:21:28] *** Quits: Shutter (tips@sudoku.prevention.hotline) (cadance.canternet.org cloudchaser.canternet.org)
[20:22:05] *** Quits: Lunia (ellen@ChumPony.Enterprises) (Connection closed)
[20:22:05] *** Joins: Shutter (tips@sudoku.prevention.hotline)
[20:22:05] *** Joins: Pinkamena (DianePie@Sugarcube.Corner)
[20:22:05] *** cloudchaser.canternet.org sets mode: +o Pinkamena
[20:22:19] *** Joins: Lunia2 (ellen@Pony-di5.pu7.73.87.IP)
[20:22:35] *** Joins: WeAreBorg (WeAreBorg@Resistance.Is.Futile)
[20:24:12] *** Joins: Colgate (rabbit@brushie.horse)
[20:25:28] *** Lunia2 is now known as Lunia
[20:25:33] *** Pinkamena sets mode: +qo Lunia Lunia
[20:33:57] *** Joins: KocproZ (KocproZ@Pony-6on.gjk.254.51.IP)
[20:34:28] *** KocproZ is now known as Pony_78704
[20:42:29] *** Quits: Colgate (rabbit@brushie.horse) (Connection closed)
[20:46:58] *** Quits: misiek200m (miskof@mysterious.chocolate.muffin) (Ping timeout: 121 seconds)
[20:48:10] *** Quits: Pinkamena (DianePie@Sugarcube.Corner) (cadance.canternet.org cloudchaser.canternet.org)
[20:48:11] *** Quits: Lunia (ellen@ChumPony.Enterprises) (cadance.canternet.org cloudchaser.canternet.org)
[20:48:11] *** Quits: Shutter (tips@sudoku.prevention.hotline) (cadance.canternet.org cloudchaser.canternet.org)
[20:50:23] *** Joins: Shutter (tips@sudoku.prevention.hotline)
[20:50:23] *** Joins: misiek200m (miskof@mysterious.chocolate.muffin)
[20:50:23] *** Joins: Pinkamena (DianePie@Sugarcube.Corner)
[20:50:23] *** Joins: Lunia (ellen@ChumPony.Enterprises)
[20:50:23] *** cloudchaser.canternet.org sets mode: +oqo Pinkamena Lunia Lunia
[20:52:57] *** Joins: Colgate (rabbit@brushie.horse)
[21:02:39] *** Joins: Proenix (Proenix@Pony-krsqnf.8gvg.b61e.d880.2a00.IP)
[21:02:39] *** Joins: BlackBird (BlackBird@Luna.is.Your.Princess)
[21:04:40] *** Quits: BlackBird (BlackBird@Luna.is.Your.Princess) (cadance.canternet.org derpy.canternet.org)
[21:04:51] *** Quits: Proenix (Proenix@Pony-krsqnf.8gvg.b61e.d880.2a00.IP) (cadance.canternet.org derpy.canternet.org)
[21:05:35] *** Quits: Colgate (rabbit@brushie.horse) (Connection closed)
[21:09:03] *** Joins: Colgate (rabbit@brushie.horse)
[21:18:29] *** Quits: Colgate (rabbit@brushie.horse) (Ping timeout: 121 seconds)
[21:19:14] *** Joins: Colgate (rabbit@brushie.horse)
[21:19:37] *** Joins: BlackBird (BlackBird@Luna.is.Your.Princess)
[21:19:37] *** Joins: Proenix (Proenix@Pony-krsqnf.8gvg.b61e.d880.2a00.IP)
[21:21:35] *** Quits: Pinkamena (DianePie@Sugarcube.Corner) (cloudchaser.canternet.org services.canternet.org)
[21:21:47] *** Joins: Pinkamena (DianePie@Sugarcube.Corner)
[21:21:47] *** services.canternet.org sets mode: +o Pinkamena
[21:22:46] *** Joins: RedHelper (RedHelper@Pony-i2iccc.publicBNC.canternet.org)
