[01:05:55] <BlackBird> mam taki ciąg.. 1-2-3-4-? co będzie następne? :v daje wam rok na odgadnięcie xd
[02:50:34] <BlackBird> ide spac dobranoc
[02:50:36] <BlackBird> Niech Luna będzie z wami.
[02:50:36] <Derpi> Dobranoc
[03:08:13] *** Quits: Exile (exile@Pony-8kuceq.play-internet.pl) (Ping timeout: 121 seconds)
[03:10:16] *** Joins: Exile (exile@Pony-14vltm.play-internet.pl)
[03:44:45] *** Quits: Flyghtning (Flyghtning@Pony-vqerlh.man.tk-internet.pl) (Quit: is flying away to his Twi <3)
[11:16:26] *** Joins: Flyghtning (Flyghtning@Pony-vqerlh.man.tk-internet.pl)
[11:16:26] *** Eivel sets mode: +v Flyghtning
[11:56:35] *** Joins: Pony_5 (WebChat@Pony-thb35j.adsl.tpnet.pl)
[11:57:04] *** Quits: Pony_5 (WebChat@Pony-thb35j.adsl.tpnet.pl) (Quit: Page closed)
[12:35:55] <Derpi> Na stronie pojawił się nowy artykuł: https://radioyay.net/2015/07/plan-i-rocznicowego-ponymeetu-w-lublinie/
[12:46:00] *** Joins: Andragor (Andrabot@Pony-eqqkbi.adsl.inetia.pl)
[13:18:05] *** Joins: Dragon_ (Flyghtning@Pony-vqerlh.man.tk-internet.pl)
[13:20:07] *** Joins: Dragon__ (Flyghtning@Pony-vqerlh.man.tk-internet.pl)
[13:20:10] *** Quits: Flyghtning (Flyghtning@Pony-vqerlh.man.tk-internet.pl) (Ping timeout: 121 seconds)
[13:20:13] *** Dragon__ is now known as Flyghtning
[13:20:26] <BlackBird> hai
[13:20:27] <Derpi> Siemanko
[13:20:43] *** Flyghtning is now known as Pony_6233
[13:21:03] <BlackBird> Pony_6233: zapomniałeś sie zalogować
[13:21:13] <BlackBird> albo udajesz kogoś kim niejesteś
[13:22:26] *** Quits: Dragon_ (Flyghtning@Pony-vqerlh.man.tk-internet.pl) (Ping timeout: 121 seconds)
[14:28:40] <Eivel> BlackBird: 5
[14:28:46] <Eivel> co wygrałem?
[14:42:21] <BlackBird> źle :v
[14:58:04] <Eivel> ;_;
[15:13:09] <McKey> co smutasz Eivel ?
[16:28:06] *** Joins: ChungIP (WebChat@Pony-r85.lun.175.46.IP)
[16:33:19] <Eivel> McKey: Nierozwiązałem zagadki BB. Teraz sfinks mnie zje
[16:33:33] <McKey> BB? Who
[16:34:03] <Eivel> jest jeden BB tu :P
[16:34:13] <ChungIP> BlackBIRD
[16:35:31] <McKey> Daj bana i po sprawie :v
[16:39:34] <Eivel> ... x.x
[16:46:14] <ChungIP> Czy jak będzie specialna audycja w ostatnim dniu radia to dacie link żeby wszystkie piosenki co macie w radiu ściagnąć? Tak jak FireSky zrobi dziśna audycji?
[16:49:14] <McKey> Eivel, pisz do makera bo mnie nie lubi ;P
[16:50:11] <Eivel> ja tu tylko sprzątam irc
[16:50:21] <Eivel> już zmęczony jestem tą polityką w radiu
[16:50:21] <McKey> A ja jestem archwizatorem...
[16:55:35] <McKey> To ja napisałem
[16:55:46] <McKey> A ty zamiataj tam bo znowu kurz jest na tym ircu :P
[17:05:16] <Eivel> Derpi, I choose you!
[17:05:17] * Derpi zamiata
[17:11:23] <McKey> E nie
[17:13:46] <McKey> ChungIP, "maker ****" http://i.imgur.com/QLKgN85.png
[17:14:34] <ChungIP> thx
[17:15:55] <McKey> ChungIP, ale on nie da
[17:16:01] <McKey> bo to ****
[17:16:52] *** McKey was kicked by Eivel (trochę szacunku wzajemnego ekipy radia. Maker dodawał tą muzykę, więc to jego decyzja)
[17:21:52] *** Joins: McKey (Kordus@bronies.info)
[17:21:52] -derpy.canternet.org- Replaying up to 10 lines of pre-join history spanning up to 300 seconds
[17:21:52] *** Server sets mode: +ABFHJPScfnt 3:360 10:300 60 5:3
[17:21:53] *** Pinkamena sets mode: +v McKey
[17:23:10] <ChungIP> jeszcze prawie 1,5h do ostatnie audycji
[17:56:33] <ChungIP> Kiedy kolejne Echo Ponyville?
[18:02:07] <Eivel> trzeba pytać Mordecza
[18:06:03] *** Joins: Poniak_Janusz (WebChat@Pony-na4oqd.adsl.tpnet.pl)
[18:10:56] <Derpi> Na facebooku pojawił się nowy wpis: "Wraz z nadejściem wtorku zapraszamy was wszystkich na ostatnią już audycję "Tak to leciało" na antenie Radia Yay! W grze będzie mógł wziąć udział każdy, łącznie z ekipą radia. Zobaczcie kto wygra spec..." - https://www.facebook.com/radioyay/photos/a.438540246255334.1073741828.395931033849589/763746367068052/?type=1
[18:26:44] <ChungIP> Ciekawe kto zamawia tego uThunder
[18:31:16] <ChungIP> Abrakadabra pojaw się FireSky
[18:35:02] <Eivel> thrice the brided cat has meowd
[18:35:11] <Eivel> thrice and once the hedge pig whined
[18:35:17] <Eivel> harpy cries, tis time, tis time
[18:35:23] <Eivel> <kurtyna>
[18:36:08] <ChungIP> ile słuchaczy na Radiu jest a itak tylko 3-5 będzie grać
[18:36:46] <ChungIP> Logika audycja jest użo słuchaczy a małogra, jest malo słuchaczy a dużo gra
[18:36:57] *** Joins: FireSky (WebChat@Pony-sq58b7.dynamic.chello.pl)
[18:36:57] *** Eivel sets mode: +v FireSky
[18:37:01] <ChungIP> Siema Fire
[18:37:16] <FireSky> Siemanko 
[18:37:16] <Derpi> No czeeeść :D
[18:37:56] <ChungIP> Fire mam takie pytanko czy ty masz a bazie piosenkę Sunset nad Celetry Stalker?
[18:38:07] <ChungIP> and*
[18:38:16] <ChungIP> Od PinkiePieSwear
[18:38:21] <Eivel> .off
[18:38:21] * Derpi siada w kącie...
[18:38:35] <FireSky> ostatnio zrobiłem tzw czystki i wywaliłem jakieś piosenki i dodałem bardziej znane więc nwm 
[18:38:47] <Eivel> hej FireSky
[18:38:54] <FireSky> Hejka :)
[18:39:12] <ChungIP> Bo słycham tą piosenkę to myśle "O kurcze nie słyszałem na audycji" to akurat chaiłem sie zapytać
[18:40:28] <ChungIP> FireSky a jak będzie z przerwami o 20.00 tylko będzie czy w połowie audycji o 21.30?
[18:41:27] <FireSky> będą dwie przerwy o 20 i 21,po15 min 
[18:41:35] <ChungIP> ok
[18:43:15] <ChungIP> Najlepiej na tej audycji skoro ostatnia przekroczyć prób 100 pkt
[18:43:21] <ChungIP> próg*
[18:44:36] <ChungIP> nie ma to jak zamówić 2x ppp z ellie monet i z samym mando
[18:44:40] <FireSky> liczę na to ;p zwłaszcza że grać może każdy ;p nawet z radia 
[18:45:32] <ChungIP> Najlepszy troll puszczć piosenkie picture perfect pony i psza "Mando ft Ellie" a tu sięokazuje ze sam "Mando" xd
[18:45:53] <BlackBird> witam
[18:45:56] <ChungIP> Witam
[18:46:39] <FireSky> witam black dotarło ? 
[18:46:46] <BlackBird> jeszcze nie
[18:46:57] <BlackBird> właśnie ChungIP dziękuje za oddanie nagrody ^^
[18:47:06] <FireSky> wszystkim dotarło po dniu :o 
[18:47:13] <BlackBird> ale jak wysłane polską pocztą to nic nowego umnie xd
[18:48:23] <ChungIP> Nie ma za co
[18:48:30] *** Joins: TrussZori (WebChat@Pony-881b2h.olsztyn.vectranet.pl)
[18:48:35] <BlackBird> witaj(cie)
[18:48:41] <ChungIP> Hej Truss
[18:48:53] *** Joins: Twilly (~WebChat@Pony-uh7qq8.play-internet.pl)
[18:49:00] <FireSky> Witam Black podaj mi jeszcze raz adres twój na pw bo mam zwrot :/
[18:49:12] <BlackBird> ee k
[18:53:56] <TrussZori> gramy :v
[18:54:08] <BlackBird> za 6 min
[18:54:21] <TrussZori> wiem tylko mówie że gramy .-.
[18:54:27] <TrussZori> w razie czego
[18:54:50] *** Joins: Delta3120 (WebChat@Pony-7unsia.static.kolnet.eu)
[18:54:58] <TrussZori> wiedziałam
[18:55:17] <FireSky> O delta zdążyłeś xD jak obóz ? 
[18:55:28] <ChungIP> Siema delta
[18:55:42] <TrussZori> witaj ;p
[18:56:06] <McKey> Ja moge zamówić EileMonty w całej okazałości ale na mlk2016 :v
[18:56:14] <Delta3120> o hej
[18:56:32] <McKey> Loyality? Serio
[18:56:34] <ChungIP> Kidness na początek audycji 
[18:56:35] <McKey> .now
[18:56:36] <Derpi> Na antenie: 51Unknown - Aby posłuchać radia, wejdź na http://radioyay.net/player
[18:56:39] <Delta3120> Firesky , tak, zerwałem się wcześniej specjalnie ^^ i jest zarąbiście
[18:56:45] <FireSky> mówiłem ;)
[18:58:50] *** Joins: Roman (~WebChat@Pony-j56shd.adsl.tpnet.pl)
[18:58:54] <BlackBird> już widze jak mi sie 300 piosenek zmieści na dysku xd
[18:58:59] *** Quits: Twilly (~WebChat@Pony-uh7qq8.play-internet.pl) (Ping timeout: 121 seconds)
[18:59:02] <Delta3120> XDD
[18:59:04] <McKey> Ja to wale. Nie będe kradł noobom punktów
[18:59:06] <Delta3120> ten na tabletach xD
[18:59:07] <McKey> niech się cieszą
[18:59:32] <TrussZori> Fire masz pozdrowienia od Twilly ;p
[18:59:41] <Delta3120> Pinkie's lie dlaze
[18:59:43] <ChungIP> Wooden taoster - pinkie lie
[18:59:43] <TrussZori> Piknkie's Lie
[18:59:45] <TrussZori> Glaze
[18:59:53] <FireSky> ------------------
[19:00:03] <TrussZori> emm liczy sie? ;-;
[19:00:14] <FireSky> tak
[19:00:26] <TrussZori> YESH :D dzięki ^^
[19:00:28] <FireSky> Numerek Delta ? 
[19:00:48] <Delta3120> 7
[19:01:04] <ChungIP> koszmar z ulicy powarace Delta z "7"
[19:01:24] <Delta3120> xD
[19:01:26] <Delta3120> oo
[19:01:28] <Delta3120> Truss jest
[19:01:29] <Delta3120> hej
[19:01:32] <McKey> FireSky, pokażesz cycki? xD
[19:01:36] <TrussZori> no witałam Cię ;-;
[19:01:36] <Delta3120> xDDD
[19:01:39] <ChungIP> Delta się nie skapnął xd
[19:01:43] <TrussZori> xD
[19:01:45] *** Joins: Pony_7 (WebChat@Pony-fhsid3.play-internet.pl)
[19:01:46] <McKey> (Fun Fact to pytanie do eile się nie pojawiło...)
[19:02:12] <Delta3120> Sim gretina
[19:02:15] <Delta3120> A true true friend
[19:02:20] <ChungIP> Sim gretina tree true friend
[19:02:24] <BlackBird> true true friend remix xd
[19:02:25] <TrussZori> true true friend remix xd
[19:02:26] <FireSky> --------------A True True Friend (Sim Gretina Remix)
[19:02:29] <BlackBird> truss! xd
[19:02:34] <FireSky> niezaliczone 
[19:02:38] <TrussZori> Ale ja to sama pisałam XDDD
[19:02:41] <Delta3120> strzelałem z tym sim gretina :p
[19:02:43] <BlackBird> wierze
[19:02:47] <FireSky> eeeem
[19:02:49] <FireSky> chwila
[19:02:58] <FireSky> Przedział czasowy niby szybki
[19:03:14] <McKey> FireSky, 
[19:03:15] <Eivel> wydaje się, że naprawdę to przypadek :P
[19:03:31] <FireSky> ?
[19:03:34] <Delta3120> o hej Eivel
[19:03:36] <McKey> http://i.imgur.com/oV5cldN.png
[19:03:37] <Eivel> hej hej Delta3120
[19:03:45] <Eivel> may the 7 be with you
[19:03:46] <McKey> FireSky, http://i.imgur.com/oV5cldN.png <-- tak miało być :P
[19:04:11] <FireSky> Numerek chung
[19:04:16] <ChungIP> 109
[19:04:17] <Delta3120> ja nie mam sekund na czacie
[19:04:24] <ChungIP> ja też
[19:04:24] <McKey> Delta3120, bo jesteś nub
[19:04:32] <BlackBird> Bieda :V
[19:04:36] <McKey> ja kminie jak milisekundy dać tam jeszce xD
[19:04:44] <Delta3120> wtf
[19:04:46] <McKey> FireSky, jak to się nie pojawiają?
[19:04:47] <ChungIP> Jeff
[19:04:49] <TrussZori> Itll be ok
[19:04:53] <TrussZori> sherclop pones
[19:04:56] <BlackBird> it will be ok
[19:05:04] *** Joins: Uncommon_Nick (~WebChat@Pony-st5l57.adsl.tpnet.pl)
[19:05:05] <BlackBird> fiw
[19:05:06] <FireSky> ========
[19:05:38] <FireSky> TrussZori num ? 
[19:05:56] <TrussZori> 42
[19:05:59] <TrussZori> c:
[19:06:39] <Delta3120> Mando Spitfire
[19:06:40] <ChungIP> Mando spitfire
[19:06:44] <BlackBird> mando spitfire
[19:06:48] <BlackBird> lagi mam :<
[19:06:51] <McKey> i'm better than you podobne :P
[19:06:57] <FireSky> ==============Better than you
[19:07:01] <BlackBird> dun dun dun
[19:07:08] <ChungIP> fail ;-;
[19:07:09] <TrussZori> wtf Zori to miała w speedpaincie i nie poznała xd
[19:07:26] <TrussZori> o lol jednak nie
[19:07:33] <TrussZori> XD
[19:07:37] <Delta3120> no kurde..
[19:07:43] <Delta3120> mi się to zawsze myli
[19:08:01] <ChungIP> Ja pierwszy raz pomyliłem better thay you z siptfire
[19:08:54] <TrussZori> też byłąm w eqd lol
[19:09:00] <Delta3120> kiedy?
[19:09:08] <TrussZori> hmm chyba w tamtym miesiącu
[19:09:11] <TrussZori> ale to był feat
[19:09:19] <ChungIP> Stop thebats
[19:09:38] <TrussZori> FireSky - utwór (sorry xd)
[19:09:59] <FireSky> https://www.youtube.com/watch?v=sMCmS4kyoVA
[19:09:59] <Derpi> [ MLP Fighting is Magic FireSky theme - YouTube ] - www.youtube.com
[19:10:06] <BlackBird> MLP Fighting is Magic FireSky theme
[19:10:09] <BlackBird> wygrałem :D
[19:10:17] <TrussZori> nie xd
[19:10:23] <McKey> nie
[19:10:25] <TrussZori> fajnie wyszedł :>
[19:10:27] <ChungIP> fajny nawet utwór
[19:10:49] <Delta3120> napisałem komentarz
[19:10:58] <ChungIP> Archie
[19:10:59] <BlackBird> remix
[19:11:07] <Delta3120> Wooden Tosater Prototype VIP
[19:11:09] <FireSky> -----------WoodenToaster - Prototype VIP
[19:11:12] <TrussZori> kurde
[19:11:13] <Delta3120> xD
[19:11:24] <TrussZori> wiedziałam że to znam :<<
[19:11:36] <FireSky> numerek ? 
[19:11:39] <Delta3120> 77
[19:11:49] <TrussZori> już się boimy
[19:12:06] <ChungIP> Ja nigdy tej piosenki  nie słuchałem całej, jedynie na audycji ale zapominam o niej
[19:12:07] *** Joins: Proenix (Proenix@proenix.pl)
[19:12:12] <BlackBird> witaj
[19:12:20] <Proenix> Ave
[19:12:30] <TrussZori> hai
[19:12:34] <Delta3120> Don't mine at night
[19:12:43] <ChungIP> ten już zgaduje
[19:12:44] <McKey> szybko się zmienia...
[19:12:45] <TrussZori> Fire a nie 310?
[19:12:50] <McKey> najpierw było 310 :P
[19:13:02] <McKey> Dobry Proenix 
[19:13:13] <Delta3120> Do you woaana see the moonrise eile monty
[19:13:14] <ChungIP> Moonrise
[19:13:15] <BlackBird> do you wonna see the moon rise
[19:13:16] <TrussZori> do you want to see the moon rise
[19:13:16] <ChungIP> eliie
[19:13:18] <TrussZori> eile monty
[19:13:18] <Proenix> Dobry Proenix owszem. Nikt go dzisiaj nie denerowował :)
[19:13:20] <BlackBird> elite
[19:13:22] <FireSky> ==============
[19:13:23] <McKey> Dou you wann se the moonrise EileMonty and MMOJANE
[19:13:26] <Uncommon_Nick> Fire A ta playlista będzie Online czy będzie możliwość pobrania ?
[19:13:40] <Delta3120> a ja już Always A good Time miałem napisane :v
[19:13:52] <McKey> MEMJ012*
[19:13:55] <BlackBird> 1 piosenka a tyle ruźnych tytułów...
[19:13:56] <ChungIP> Delta mistrz czekania xd
[19:13:58] <FireSky> Będzie do pobrania 
[19:14:00] <TrussZori> Fire kto daje numerek?
[19:14:02] <McKey> BlackBird, ja podałem pełny :P
[19:14:08] <McKey> To tam słychać że to 2 osoby
[19:14:09] <FireSky> A dajcie
[19:14:16] <FireSky> Truss
[19:14:18] <FireSky> Zori
[19:14:19] <TrussZori> oke
[19:14:28] <TrussZori> 68
[19:15:05] <Eivel> double rainboom
[19:15:06] <Delta3120> Double rainbow David larsen
[19:15:06] <Eivel> larsen
[19:15:09] <McKey> JanAnimation :v
[19:15:10] <BlackBird> duble rainboom larsen
[19:15:11] <ChungIP> Double rainboow david larsos ft mandopony
[19:15:14] <FireSky> ============
[19:15:41] <Delta3120> będą 2 przerwy czy jedna w połowie?
[19:15:46] <ChungIP> 2 przerwy
[19:15:50] <ChungIP> o 20.00  i 21.00
[19:15:56] <BlackBird> "duble" xd tak to jest jak sie za szybko pisze :v
[19:15:56] <Delta3120> spk
[19:16:33] <BlackBird> 30 min to tosamo co 2x15 min :v
[19:16:38] *** Joins: Bizonek^^ (~WebChat@Pony-k4c2hd.as13285.net)
[19:16:40] <BlackBird> Witaj!
[19:16:45] <ChungIP> ave bizon
[19:16:49] <TrussZori> Bizonek~!
[19:16:50] <Delta3120> xD
[19:16:50] <Bizonek^^> helo :)
[19:16:58] <Delta3120> 111
[19:17:21] <Bizonek^^> była piosenka nr 69? XD
[19:17:21] *** Joins: spazz4 (WebChat@Pony-thb35j.adsl.tpnet.pl)
[19:17:25] <BlackBird> Witaj!
[19:17:25] <TrussZori> nie
[19:17:26] <TrussZori> xd
[19:17:28] <FireSky> Hejka :3 nie 
[19:17:35] <McKey> FireSky, ty chcesz powiedzieć że to zapakowałeś do archiwum?
[19:17:36] <Bizonek^^> hej x3
[19:17:42] <BlackBird> evening star 
[19:17:44] <TrussZori> emm nie znamy ;-;
[19:17:48] <FireSky> ta
[19:17:58] <Bizonek^^> To musze coś zgadnąć żeby wybrać numerek 69 x3
[19:18:02] <Uncommon_Nick> Ile giga xD ?
[19:18:05] <Delta3120> db pony
[19:18:12] <Delta3120> Forest rain
[19:18:18] <TrussZori> Bizonek my możemy xD
[19:18:22] <FireSky> ==============FritzyBeat - Aerial Promenade
[19:18:31] <Bizonek^^> prosiabym hyhy xd
[19:18:33] <Eivel> a coś czułem, że to Fritzy xd
[19:18:35] <BlackBird> właśnie FireSky ile to waży? ;v
[19:18:40] <BlackBird> musze sobie miejsce zrobić
[19:18:54] <BlackBird> bo wątpie że 200mb starczy
[19:19:09] <ChungIP> U mnie szukanie będzie piosenek na zasadzie nie podoba mi sięusuwam xd
[19:19:27] <McKey> FireSky, jesteś p**** z pakowaniem....
[19:19:34] <Delta3120> says who
[19:19:39] <McKey> szczególnie że to małe nie jest
[19:19:51] <Delta3120> no to skompresuj se to sam
[19:19:55] <ChungIP> ok
[19:19:56] <McKey> Delta3120, nie o to chodzi
[19:20:04] <Delta3120> pobieranie
[19:20:05] <McKey> Delta3120, pobierasz paczke 50 GB zapakowanem.
[19:20:14] <Delta3120> oj tam
[19:20:17] <McKey> a masz na dysku wolne 60GB
[19:20:25] <Delta3120> to nie jest 50 GB napewno
[19:20:26] <McKey> rozpakuj to teraz
[19:20:30] <McKey> Delta3120, przykład
[19:20:31] <BlackBird> to po rozpakowaniu będzie zajomwać 2x więcej
[19:20:34] <ChungIP> rc88
[19:20:36] <Delta3120> Eurobeat
[19:20:41] <ChungIP> Eurobeat brony
[19:20:52] <Delta3120> Let the rainbow remind you
[19:20:57] <ChungIP> let th erainbow remind ypu
[19:21:06] <BlackBird> miał byćtylko wykonawca :v
[19:21:07] <TrussZori> pff xd
[19:21:25] <FireSky> ========Let The Rainbow Remind You (Rainbow Road Mix) kto chce to pobierze 
[19:22:51] *** Quits: Poniak_Janusz (WebChat@Pony-na4oqd.adsl.tpnet.pl) (Quit: Page closed)
[19:22:51] <Delta3120> Alex S MLP intro glithc remix
[19:22:53] <TrussZori> simgretina
[19:22:54] <BlackBird> mlp theme alexs
[19:22:58] <Delta3120> *glitch
[19:22:59] <ChungIP> Alex S glitch remix intro
[19:23:02] <TrussZori> oj xd
[19:23:08] <Delta3120> Truss, jak możesz...
[19:23:08] <McKey> Alex.S not found
[19:23:11] <FireSky> ===========
[19:23:17] <McKey> Error 403
[19:23:21] <BlackBird> 404
[19:23:22] <TrussZori> ej to nie tylko ja tym razem .-.
[19:23:43] <McKey> BlackBird, 403
[19:23:43] <FireSky> Delta numerek ? 
[19:23:50] <Delta3120> 310
[19:23:52] <McKey> bo Acces Denid
[19:23:58] <BlackBird> 403 to forbidden
[19:24:14] <Delta3120> Flying Butter wbije później
[19:24:19] <FireSky> Delta
[19:24:23] <Delta3120> no
[19:24:24] <BlackBird> 9:23:08 +McKey | Alex.S not found 
[19:24:25] <ChungIP> jak on wbije to masakra będzie
[19:24:33] <BlackBird> myślałem że ci o to chodziło czyli 404 xd ale mniejsza
[19:24:34] <Delta3120> czemu? ja go lubie
[19:24:38] <McKey> BlackBird, a dlaczego go nie ma?
[19:24:46] <BlackBird> nwm :v
[19:24:47] <FireSky> Numerek Delta3010
[19:24:48] <ChungIP> Będzie miał 3x pkt za nim tu wejdzie
[19:24:51] <McKey> i zaley od serwera tak naprawde :P
[19:24:54] <Delta3120> mówię 310 
[19:25:15] <Delta3120> aa teraz łapie
[19:25:23] <BlackBird> lel jestem 1
[19:25:26] <TrussZori> ;-;
[19:25:36] <Delta3120> Octavia
[19:25:37] <ChungIP> Slyphstorm
[19:25:39] <McKey> Eivel, 
[19:25:39] <McKey> Eivel, 
[19:25:40] <McKey> Eivel, 
[19:25:40] <ChungIP> Ovtavia theme
[19:25:45] <Eivel> wiem, nie spamuj
[19:25:58] <McKey> no nie wiesz bo nie napiałeś :v
[19:26:00] <FireSky> ===========YourEnigma feat. Rhyme Flow - On Hold
[19:26:04] <Eivel> nie pamiętałem, że to to :p Mógłbym przepisać od Delty, ale chcę grać uczciwie
[19:26:04] <McKey> ģ
[19:26:17] <McKey> 𒍅
[19:26:22] <Eivel> o widzisz
[19:26:24] <Eivel> to nie to nawet
[19:26:26] <Delta3120> xDD
[19:26:26] <Eivel> ^^
[19:26:27] <McKey> Hm... Gdzie moje Bindy xD
[19:26:40] <McKey> A no tak. Na 2 pc
[19:27:42] <Delta3120> przypomina mi to melodie z Griffin Village - Autumn
[19:28:07] <Bizonek^^> Wonderbolts panic
[19:28:12] <BlackBird> 'łatwe'
[19:28:14] <FireSky> ===============
[19:28:14] <ChungIP> Wonderbolts panic
[19:28:16] <Delta3120> UnDreamedpanic
[19:28:36] <Delta3120> ładnie spisujemy nero xDD
[19:28:39] <FireSky> Bizonek numerek ?
[19:28:40] <McKey> BlackBird, Swidish Horde Mafia też jest "łatwe" xD
[19:28:42] <Bizonek^^> 169 xd
[19:28:51] <Eivel> Ale stałem się już fandomowo-muzycznym noobem xd
[19:28:54] <ChungIP> ciekawe od kiedy
[19:29:23] <McKey> Eivel, Gratuluje :P
[19:29:29] <ChungIP> Ja nie moge na YT znaleźć Swedish Horse Mafia - Big Mac
[19:29:34] <McKey> ChungIP, bo nie ma :P
[19:29:50] <spazz4> potwierdzam, nie ma
[19:30:03] <Delta3120> a ty kto? XD
[19:30:05] <Bizonek^^> jakie pytania? :v
[19:30:08] <Eivel> rc88
[19:30:10] <McKey> spazz4, kojarze :v
[19:30:13] <ChungIP> rc88
[19:30:23] <BlackBird> ja myślałem że pytania jakoś puźniej :v
[19:30:23] <ChungIP> Wooden taoster
[19:30:26] <Delta3120> wątpie
[19:30:29] <FireSky> ===========Mittsies - Stratum (Filthy House Remix)
[19:30:38] <ChungIP> Pierwszy raz to słysze
[19:30:44] <Delta3120> ja też
[19:30:44] <TrussZori> ja też ;p
[19:30:44] <McKey> Mittsies - Stratum <-- Piosęka z pornola. Masz odpowiedź :P
[19:30:55] <McKey> (tak jestem zły xDDD)
[19:31:17] <McKey> FireSky, Loyality
[19:31:17] <spazz4> do szpiku kości !
[19:31:17] <ChungIP> Loyalty xd
[19:31:17] <McKey> xD
[19:31:20] <Eivel> mando loyalty
[19:31:22] <BlackBird> loyalty xd
[19:31:43] <Delta3120> Rc88
[19:31:43] <ChungIP> rc88 twilgiht theme
[19:31:45] <Eivel> twilight theme
[19:31:46] <Eivel> rc88
[19:31:46] <McKey> noo...
[19:31:46] <Bizonek^^> twilight theme :v
[19:31:51] <Delta3120> Twilight stage theme
[19:31:52] <TrussZori> fightning is magic
[19:31:55] <BlackBird> rc88 fightning is magic twilight theme
[19:31:57] <FireSky> ====================
[19:31:57] <TrussZori> dtheme
[19:31:59] <BlackBird> Niech Luna będzie z wami.
[19:32:03] <ChungIP> 126
[19:32:05] <BlackBird> dammn nie ten ping
[19:32:07] <Eivel> BlackBird: wut?
[19:32:08] <Eivel> xD
[19:32:09] <BlackBird> bind* 
[19:32:10] <McKey> Ale i tak mnie nikt nie wyprzedzi z odgadnięciem loyality :P
[19:32:16] <TrussZori> meh
[19:32:27] <McKey> TrussZori, ciebie wtedy nawet w Radiu nie było :v
[19:32:31] <spazz4> #cziter
[19:32:41] <McKey> a Zori niech idzie na własnego PC
[19:32:51] <BlackBird> McKey: co zgadłeś zanim piosenka się zaczeła?
[19:32:54] <TrussZori> McKey ale że co? McKey ja jestem na jej PC .-.
[19:32:58] <Eivel> .player
[19:32:58] <Derpi> http://radioyay.net/player/
[19:33:06] <McKey> BlackBird, zanim on zdążył ją włączyć :P
[19:33:06] <BlackBird> przebili cie :P może nie w loyalty ale w innej też tak było
[19:34:19] <Eivel> hardware store
[19:34:21] <Delta3120> How to destroy canterlot in 5 minutes NIcolas D
[19:34:21] <ChungIP> how destroy canterlo in 5 minut nicolasd 
[19:34:23] <FireSky> ==========How to Destroy Canterlot in 5 Minutes Nicolas D
[19:34:35] <FireSky> Delta ? 
[19:34:39] <Delta3120> 99
[19:34:46] <ChungIP> Pierwszy raz zgadłem tą piosenkęxd
[19:35:24] *** Joins: PonyKaf (WebChat@Pony-ok682e.adsl.tpnet.pl)
[19:35:32] <BlackBird> Witaj!
[19:35:46] <Eivel> archie
[19:35:48] <ChungIP> Archie
[19:35:56] <Eivel> wub wub wub
[19:35:58] <FireSky> ===========Flyghtning and Sonia - Chrysalis Hardcore Syndrome
[19:36:03] <TrussZori> Flyghtning - Chrysalis hardcore syndrome
[19:36:05] <Eivel> so close yet so far
[19:36:07] <TrussZori> no eej
[19:36:08] <TrussZori>  :_:
[19:36:12] <FireSky> dobra zalicze
[19:36:17] <TrussZori> Yay ^^
[19:36:22] <ChungIP> Dla mnie piosenki flyghtinf ft sonia i flythning to czarna miagia
[19:36:30] <TrussZori> truciznaa!
[19:36:32] <FireSky> numerek ? 
[19:36:37] <TrussZori> 69 xd
[19:36:39] <TrussZori> był?
[19:37:06] <ChungIP> wogóle żadnych piosenek Flyghingga nie słuchałem
[19:37:12] <TrussZori> A ja przeciwnie :p
[19:37:17] <TrussZori> i Zori też
[19:37:20] <Delta3120> co to
[19:37:21] <Eivel> db pony
[19:37:26] <BlackBird> wt
[19:37:26] <Eivel> magic duel?
[19:37:28] <Delta3120> Dbpony
[19:37:29] <ChungIP> dbpony ft eliie
[19:37:32] <FireSky> dBPony Ft. MicTheMic - No Chance---------------------
[19:37:36] <ChungIP> daddy discord
[19:37:38] <McKey> ...
[19:37:41] <Eivel> damn
[19:37:47] <McKey> Ja bede z was miał zawsze beke :P
[19:37:59] <ChungIP> dbpony ja tylko u niego słuchałem Miles
[19:38:29] <Bizonek^^> mój ulubiony numerek x3
[19:38:41] <Bizonek^^> piosenka też fajna ^^
[19:39:10] <TrussZori> mój 42 ;p
[19:39:19] <TrussZori> sens zyciaa
[19:39:20] <Bizonek^^> 42?
[19:39:21] <Eivel> archie
[19:39:23] <Delta3120> Sim gretina I'll fly
[19:39:28] <ChungIP> sim gretina i''ll fly
[19:39:31] <Delta3120> remix xD
[19:39:35] <FireSky> ===============
[19:39:36] <Bizonek^^> daniel ingram
[19:39:36] <BlackBird> i;; fly remix
[19:39:40] *** Joins: Brat_B_2094 (gczkwcvqggp@Pony-kll97b.adsl.inetia.pl)
[19:39:40] <BlackBird> ill*
[19:39:42] <BlackBird> Witaj!
[19:39:42] <Bizonek^^> :v
[19:39:43] <FireSky> ==
[19:39:58] <Eivel> BlackBird: uroki pisania w js, potem wszędzie wstawiasz średniki
[19:39:59] <Brat_B_2094> Bry!
[19:40:03] <Bizonek^^> dobrek
[19:40:17] <Eivel> dobry
[19:40:36] <Bizonek^^> FireSky to nie jest Sim Gretina :v
[19:40:43] <ChungIP> to jest Sim gretina
[19:40:45] <Delta3120> to jest
[19:40:53] <McKey> FireSky, daj swój tytuł
[19:41:01] <Delta3120> https://www.youtube.com/watch?v=pjtnYHp1p7M
[19:41:02] <McKey> ino prędko :P Zaraz sprawdzimy to
[19:41:02] <Derpi> [ Daniel Ingram - I'll Fly (Sim Gretina Remix) - YouTube ] - www.youtube.com
[19:41:09] <FireSky> Faktycznie
[19:41:11] <FireSky> ------------------
[19:41:18] <Bizonek^^> mowilam :v
[19:41:33] <Delta3120> o co chodzi
[19:41:37] <FireSky> +2 pkt za uwagę 
[19:41:44] <Delta3120> ale o co chodzi
[19:41:47] <Bizonek^^> nvermind
[19:41:55] <Bizonek^^> nie cem pkt
[19:42:01] <FireSky> Chwila----wszystko gra
[19:42:10] <Bizonek^^> jak cos to ja nie gram
[19:42:35] <ChungIP> Mandopony
[19:42:37] <Delta3120> forest rain
[19:42:39] <TrussZori> .-.
[19:43:05] <TrussZori> 19:42!
[19:43:05] <BlackBird> Eivel: właśnie jak ci z nodejs idzie? xd podoba sie? :p
[19:43:09] <TrussZori> o kurde
[19:43:10] <TrussZori> ;_;
[19:43:15] <Delta3120> *43
[19:43:18] <FireSky> ======================When You're Offline Turquoise Splash
[19:43:23] <Eivel> BlackBird: musiałem przerwać naukę, bo miałem teraz warsztaty z Railsa
[19:43:24] <Delta3120> .time
[19:43:25] <Derpi> 2015-07-28 - 19:43:25
[19:43:31] <TrussZori> Delta za późno wysłało
[19:43:32] <TrussZori> lel
[19:43:40] <TrussZori> o 43 już bym nie wysłała
[19:43:49] <TrussZori> tylko 42! 42 42 42!
[19:43:54] <BlackBird> a k
[19:44:21] <Bizonek^^> Można pytanie zadać XD ?
[19:44:22] <Eivel> BlackBird: ale już się powoli załamuję przy niskopoziomowości zabawy z buforami binarnymi
[19:44:41] <FireSky> tak ? 
[19:44:42] <McKey> Bizonek^^, zały czas
[19:44:44] <Bizonek^^> :D 
[19:44:50] <Delta3120> Dancing with the sund Panic
[19:44:52] <ChungIP> dance with the sun archie
[19:44:55] <BlackBird> dancing with the sun
[19:45:02] <FireSky> ======================
[19:45:05] <Delta3120> *sun
[19:45:09] <McKey> Dwudzeste :v
[19:45:11] <Bizonek^^> Fire, lubisz pizze ? XD
[19:45:11] <TrussZori> wub wub wub!
[19:45:15] <McKey> Jak mi tego brakuje...
[19:45:21] <McKey> ale Eivel nie umi :v
[19:45:26] <BlackBird> Eivel: wat? :v "buforami binarnymi" a po polsku xd
[19:45:27] <ChungIP> Hehe znowu twór trafiłem ale nie wiem czy wykonawce pomyliłem
[19:45:36] <McKey> BlackBird, to jest po polsku
[19:45:37] <Eivel> McKey: czego brakuje?
[19:45:43] <Delta3120> to panic a nie archie
[19:45:47] <McKey> Eivel, Ponylisty miesiąza z odliczaniem
[19:45:57] <Eivel> BlackBird: sposób w jaki Node przetwarza ciągi binarne w strumieniach
[19:46:04] <BlackBird> aha
[19:46:13] <BlackBird> dalej nierozumie xd 
[19:46:16] <McKey> xd
[19:46:27] <ChungIP> A kto pizzy  nie lubi
[19:46:33] <TrussZori> moja kuzynka :v
[19:46:36] <McKey> BlackBird, jak przerobić Node.js aby gadało w Asemblerze
[19:46:38] <Bizonek^^> ktoś tam nie lubi xd
[19:46:42] <McKey> ty
[19:46:48] <ChungIP> Ja potrafięcałą średniąpizze zjeść
[19:46:54] <BlackBird> aha 
[19:46:56] <Delta3120> 1
[19:47:07] <TrussZori> moja kuz nie lubi :v
[19:47:13] <Delta3120> numerek 1
[19:47:16] <Bizonek^^> ja lubie pizze x3
[19:47:23] <ChungIP> U mnie tak samo tak sięuśmiecham 
[19:47:25] <TrussZori> woli pizze bez niczego albo samo ciasto ale to nie pizza xd
[19:47:42] <TrussZori> fireflies
[19:47:50] <FireSky> -----Fluttershys 20% cooler version FireFlies
[19:47:51] <Derpi> fireflies remix
[19:47:54] <TrussZori> wat 
[19:47:58] <BlackBird> wut
[19:47:59] <Delta3120> tak Derpi
[19:48:00] <BlackBird> derpi
[19:48:13] <Delta3120> Eivel, nie psuj jej
[19:48:19] <McKey> Delta3120, odwal się od Eivela
[19:48:20] <Delta3120> xD
[19:48:25] <McKey> nie było go na MLK
[19:48:30] <McKey> przerzywa to chłopak
[19:48:30] <ChungIP> Słucham to i  ska mi sieto kojarzy była taka oryginlna piosenka tylko nie znam nazwy
[19:48:36] <Eivel> ;-:
[19:48:44] <TrussZori> Fire nie zaliczysz? ;-;
[19:49:01] <McKey> TrussZori, tak, jeszcze nie zaliczył :P (suchar dnia)
[19:49:09] <TrussZori> nah
[19:49:24] <TrussZori> Yesh c:
[19:49:24] <Bizonek^^> FireSky : ile masz wzrostu?
[19:49:42] <Eivel> loyalty
[19:49:42] <Eivel> mando
[19:49:43] <BlackBird> loyalty
[19:49:45] <ChungIP> Loyalty accoustic mando brony
[19:49:45] <TrussZori> loyalty
[19:49:45] <BlackBird> mando
[19:49:46] <Delta3120> Loyalty acousticmandobrony
[19:49:47] <TrussZori> mando pony
[19:49:48] <BlackBird> Huzzah
[19:49:51] <TrussZori> acoustic brony
[19:49:54] <Bizonek^^> to jest zawsze :p
[19:49:55] <Eivel> hue
[19:49:57] <Eivel> udało się
[19:50:16] <Delta3120> #8A0A8A == #8A0A8A
[19:50:18] <TrussZori> nah czyli nie zaliczy? ;-;
[19:50:20] <FireSky> bez kreski :)
[19:50:22] <Eivel> numerek podaję, czy FireSky wybiera?
[19:50:22] <Delta3120> meh
[19:50:23] <Delta3120> nie działa
[19:50:30] <FireSky> Numerek Eivel ? 
[19:50:33] <Eivel> 177
[19:50:37] <FireSky> był 
[19:50:45] <Eivel> Delta! mogłęś mi coś zostawić
[19:50:45] <FireSky> a nie
[19:50:49] <Eivel> xd
[19:50:50] <FireSky> nie było ;p 
[19:51:20] <Delta3120> xD
[19:51:33] <Eivel> teraz by tradycji stało się zadość, powinno pod nim być I'm Octavia
[19:51:49] <Delta3120> #EE82EE ++ #EE82EE
[19:51:56] <Delta3120> nie działają skrypty
[19:52:10] <ChungIP> Archie
[19:52:12] <Delta3120> More than chicken Generla mumble
[19:52:12] <TrussZori> more than  achiken
[19:52:15] <TrussZori> general mumble
[19:52:17] <FireSky> =====================
[19:52:17] <BlackBird> more than a chicken
[19:52:18] <ChungIP> mor that chicken general mublr
[19:52:23] <Delta3120> Ablkon
[19:52:25] <TrussZori> yes?
[19:52:36] <FireSky> Do blackBird'a zaliczone
[19:52:37] <McKey> FireSky, czemu cię nie było na MLK2015? Jelonek hugała wszystkich
[19:52:39] <TrussZori> o lol mój ablkin
[19:52:44] <TrussZori> xd
[19:52:46] <BlackBird> yay
[19:52:47] <TrussZori> ablkon *
[19:52:54] <ChungIP> Gdyby nie pisanie wykonawcy to bym utwór sam tylko wyszłał
[19:53:32] <FireSky> delta numerek ? 
[19:53:36] <McKey> FireSky, nie wyłaczasz mikrofonu chyba wiesz?
[19:53:48] <McKey> bo dziwne odgłosy słysze z radia
[19:54:29] <Eivel> te dziwne odgłosy McKey nazywamy zazwyczaj piosenkami
[19:54:41] <BlackBird> xd
[19:54:52] <McKey> Eivel, nie. akie stukanie dziwne
[19:54:53] <TrussZori> xDD Eivel miszcz
[19:55:11] <Eivel> join the herd
[19:55:12] <Eivel> forest
[19:55:12] <Delta3120> Join the herd forest rain
[19:55:14] <TrussZori> join the herd
[19:55:14] <ChungIP> Forest rain join the herd
[19:55:14] <McKey> FireSky, 2 :v
[19:55:15] <BlackBird> join the herd
[19:55:16] <TrussZori> forest rain
[19:55:18] <BlackBird> forest
[19:55:25] <Eivel> 17
[19:55:27] *** Joins: VinylStrike (WebChat@Pony-nje.mnh.252.188.IP)
[19:55:28] <BlackBird> las deszczowy xd
[19:55:29] <FireSky> ============
[19:55:30] <BlackBird> Witaj!
[19:55:31] <McKey> .stream
[19:55:39] <McKey> .time
[19:55:39] <Derpi> 2015-07-28 - 19:55:39
[19:55:41] <ChungIP> po nastepnej piosence przerwa będzie
[19:55:42] <McKey> Eivel, wtf?
[19:55:50] <Eivel> McKey: ?
[19:55:52] <McKey> .stream
[19:55:59] <McKey> .BlackBird 
[19:56:00] <Bizonek^^> FireSky: Czemu tak właściwie poszedłeś do radia? co cie skłoniło do tego?
[19:56:01] <VinylStrike> Forest Rain:Join the herd (pop vocals)
[19:56:03] <McKey> Nie działa
[19:56:09] <Eivel> yup, coś się zepsuło
[19:56:14] <McKey> To widze
[19:56:14] <McKey> xD
[19:57:20] <Eivel> bym przeładował moduł, ale mam ich ze dwadzieścia i nie pamiętam nazwy
[19:58:18] <Eivel> FireSky: napisałem, ale zaginął w spamie
[19:58:18] <Eivel> 17
[19:58:22] <McKey> To jest coś w radiu napewno
[19:58:22] <Delta3120> 17 dał
[19:58:46] <Delta3120> Aftermath Most wonderful of nighgt
[19:58:54] <ChungIP> most wonderful the night ftermathc
[19:58:54] <FireSky> =======Aftermath - Most Wonderful of Nights
[19:58:55] <BlackBird> most wonderfoul of nights
[19:58:57] <FireSky> -------------
[19:59:05] <Delta3120> puść na przerwie jAyMaC Night mare Remix <3
[19:59:15] <ChungIP> Omni puść xd
[19:59:17] <FireSky> może na drugą 
[19:59:20] <Delta3120> ok
[19:59:25] <FireSky> spoko puszcze omni :)
[19:59:29] <Delta3120> NIE
[19:59:32] <ChungIP> tak
[19:59:40] <TrussZori> clouds omni!
[19:59:43] <ChungIP> ok
[19:59:45] <TrussZori> prosze puść
[19:59:46] <Delta3120> nie nie clouds
[19:59:52] <TrussZori> why?
[19:59:54] <ChungIP> clouds dawaj
[19:59:56] <Delta3120> bo nie xD
[20:00:07] <TrussZori> no ej większość chce ;-;
[20:00:31] *** Quits: VinylStrike (WebChat@Pony-nje.mnh.252.188.IP) (Quit: Page closed)
[20:00:42] *** Joins: VinylStrike (WebChat@Pony-nje.mnh.252.188.IP)
[20:01:02] *** Quits: VinylStrike (WebChat@Pony-nje.mnh.252.188.IP) (Quit: Page closed)
[20:02:27] <McKey> Ej no serio coś jest...
[20:03:05] *** Joins: ElectricPsoras (Thunderbird@Pony-qnm10i.adsl.tpnet.pl)
[20:03:06] <ChungIP> Ale co
[20:03:21] <BlackBird> magia
[20:04:41] <Eivel> hej, ElectricPsoras
[20:04:48] <ElectricPsoras> hej
[20:05:52] <TrussZori> witaj
[20:06:05] *** Quits: Bizonek^^ (~WebChat@Pony-k4c2hd.as13285.net) (Ping timeout: 121 seconds)
[20:07:04] *** Quits: Roman (~WebChat@Pony-j56shd.adsl.tpnet.pl) (Quit: Page closed)
[20:09:06] <ChungIP> Witajcie
[20:09:28] <BlackBird> Witaj!
[20:10:41] <ChungIP> W tym Medeley najlepsze czesci zaczynajasie od zacnięcia piosenki EQG do okńca
[20:12:55] <ChungIP> Troche dziwne że na początku tak wolno idzie Medley , a w połowie sie rozkręca
[20:13:05] <Delta3120> wiadomość od Flying Buttera: "nie będzie mnie na audycji bo nie mam neta"
[20:13:24] <McKey> Delta3120, odciołeś mu neta :v
[20:13:59] <ChungIP> Delta czy Flying ci sms napisał ? 
[20:14:12] <TrussZori> Delta a ty masz do niego Skype? czy skąd to wiesz? xd
[20:14:29] <ChungIP> Do Skype trzeba meć Net
[20:14:40] <Delta3120> mam do niego skype
[20:14:47] <Delta3120> ale jego kolega mi kazał przekazać
[20:16:10] <Delta3120> Aftermath prismatic
[20:16:15] <ChungIP> Aftermatach prismatic
[20:16:15] <TrussZori> aftermath
[20:16:17] <TrussZori> prismatic
[20:16:18] <FireSky> =============
[20:16:37] <TrussZori> Rainbow Dash always dresses in style xD
[20:16:50] <Delta3120> teraz
[20:17:00] <FireSky> ja tam słysze big blue muffin
[20:17:05] <Delta3120> ale tam jest "in A style"
[20:17:23] <FireSky> numerek Delta ?
[20:17:27] <Delta3120> 234
[20:17:51] <TrussZori> Fire jak ci ludzie śpiewają to jest to "Rainbo Dash always dresses in style" czy jakoś tak, a tam gdzie RD śpiewa to ja słyszę "Rainbow Muffin" XD
[20:18:34] <ChungIP> Slyphostrm
[20:18:35] <Delta3120> nie
[20:18:43] <Eivel> makkon
[20:18:49] <TrussZori> makaron xD
[20:18:52] <ChungIP> xd
[20:18:55] <FireSky> ===============Resist! (NLR Metal Cover Remake)
[20:19:08] <Eivel> akurat dałeś kreskę, jak było już wiadomo :D
[20:19:12] <BlackBird> jestę
[20:19:21] <BlackBird> ze śmieciami musiałem leciec xd
[20:19:28] <ChungIP> Jak jest ta gitara tak głośno to mi Painkiller przypomina
[20:19:39] <TrussZori> k
[20:19:41] <Eivel> ChungIP: o tak! dokładnie to samo skojarzenie :D
[20:20:09] <ChungIP> Odczajcie takie soundtracki Painkiller w MLP xd
[20:20:27] <Eivel> dziwne, że jeszcze moda nie ma
[20:20:38] <Eivel> zamiast shurikena w painkillerze rzucanie Cadance
[20:21:05] <BlackBird> rainbow factory
[20:21:08] <TrussZori> rainbow factory
[20:21:08] <Eivel> rainbow fancoty
[20:21:09] <BlackBird> wooden toiaster
[20:21:09] <Delta3120> RAinbow Factory glaze
[20:21:10] <TrussZori> glaze
[20:21:10] <ChungIP> woodent toaster rainbow factory
[20:21:13] <Eivel> wooden toatsre
[20:21:13] <BlackBird> Huzzah
[20:21:15] <FireSky> ===================
[20:21:20] <FireSky> Black numerek ? 
[20:21:28] <BlackBird> 237
[20:21:36] <McKey> kopiowane od blacka :v http://i.imgur.com/LAY7eIs.png
[20:21:58] <FireSky> bez przesady to zna każdy 
[20:22:02] <TrussZori> nie?
[20:22:13] <TrussZori> no właśnie
[20:22:19] <TrussZori> McKey ja to z pamięci pisałam .-.
[20:22:32] <McKey> FireSky, udowodnie ci że nie :P
[20:22:56] <McKey> siedziałem na panelu z Eile i Shady obok typa który nie wiedział kto to i czemu mówią po angielsku
[20:23:02] <BlackBird> McKey: wystarczy że zapytasz o tą piosenke randomową osobne przed twoim blokiem/domem
[20:23:13] <Delta3120> Luna Eurobeat
[20:23:46] <ChungIP> Avitatoes
[20:23:52] <FireSky> ====RobotPony befriends Eurobeat Brony - Luna (Insomnia Mode
[20:24:01] <FireSky> Delta dam 1 pkt
[20:24:03] <Eivel> McKey: może totalny nowy w fandomie
[20:24:08] <McKey> Eivel, był xD
[20:24:14] <Delta3120> xD
[20:24:17] <McKey> i zadał im pytanie które zaczeło panel
[20:24:23] <McKey> "Who you are?"
[20:24:29] <Eivel> ....
[20:24:29] <Eivel> xD
[20:24:32] <ChungIP> Fail
[20:24:33] <ChungIP> xd
[20:24:52] <BlackBird> lel
[20:25:05] <TrussZori> o Boshe
[20:25:05] <ChungIP> PrzecieżEurobeat ma taki fajne bity ale czemu przy piosence Luna ma takie łągodne?
[20:25:15] <Delta3120> mikrofon se podlącz
[20:25:46] <Delta3120> TLT stop bats
[20:25:47] <BlackBird> stop the bats
[20:25:48] <ChungIP> stop the bats tlt
[20:25:48] <TrussZori> bats
[20:25:49] <TrussZori> tlt
[20:25:49] <BlackBird> tlt
[20:26:34] <FireSky> Delta numerek 
[20:26:48] <Delta3120> 192
[20:28:13] <Eivel> dreamchan
[20:28:14] <Delta3120> Olivier Lacota
[20:28:24] <Delta3120> Follow in your footsteps
[20:28:26] <FireSky> -------------------------Oliver Lacota & Feather - Follow in your Footsteps 
[20:28:36] <ChungIP> Delta ska ty to znasz? Ja to pierwszy raz słysze
[20:28:44] <Delta3120> nie pytaj
[20:28:47] <Delta3120> xD
[20:28:55] <Delta3120> było to już raz na audycji
[20:28:56] <FireSky> numerek ? 
[20:28:58] <Delta3120> to se zapisałem
[20:29:03] <Delta3120> i mi zostało w głowie
[20:29:09] <ChungIP> J jakoś nie przypomina tej pioseki na audycji
[20:29:09] <Delta3120> 178
[20:29:45] <ChungIP> ok
[20:29:45] <Delta3120> spk
[20:29:52] <Eivel> slyphstorm
[20:29:56] <Delta3120> Slyphstorm
[20:29:57] <TrussZori> czo to ;-;
[20:29:59] <ChungIP> Slyphostrm
[20:30:05] <FireSky> =============More Than Meets the Eye Aviators
[20:30:08] <Eivel> lol
[20:30:13] <Delta3120> aha xD
[20:31:06] <Delta3120> fajnie że ogłoszenie o audycji która zaczęła się 1,5 godziny temu, zostało napisane 55 minut temu
[20:31:18] <ChungIP> xd
[20:31:24] <FireSky> xD też to zauważyłem xD 
[20:31:26] <Eivel> what
[20:31:28] <Delta3120> xD
[20:31:30] <BlackBird> gj xd
[20:31:48] <TrussZori> loll
[20:31:56] <ChungIP> Ale u mnie na czacie 30 minut przed audycją był komunikat  ze pojawił siękomentarz na facebook
[20:32:05] <BlackBird> love me cherrlie
[20:32:07] <BlackBird> tlt
[20:32:08] <Delta3120> Love me cherilie glaze
[20:32:09] <BlackBird> Huzzah
[20:32:10] <ChungIP> tlt love me cherllir
[20:32:10] <TrussZori> love me chileree
[20:32:14] <TrussZori> tlt
[20:32:16] <TrussZori> wooden toater
[20:32:17] <Eivel> gj BlackBird
[20:32:21] <FireSky> ==============
[20:32:23] <BlackBird> edit: wooden toaster xd
[20:32:25] <Delta3120> e
[20:32:27] <BlackBird> fail
[20:32:28] <Delta3120> to jest bugnięte
[20:32:35] <Delta3120> ten komunikat
[20:32:48] <Delta3120> bo 2 minuty minęły i dalej jest 55 minut temu
[20:33:02] <FireSky> to zależy kiedy wbiłeś na czat ;p 
[20:33:12] <FireSky> Nuumerek black
[20:33:19] <BlackBird> 301
[20:33:21] <ChungIP> Wbułem na czat o 18.00 ale komunikat o 18.30 mi się pojawił
[20:33:23] <TrussZori> lol byłam przed Deltą i mam 50 min
[20:34:07] <TrussZori> a, k rozumuje xd
[20:34:23] <Eivel> archie
[20:34:29] <BlackBird> remix
[20:34:35] <Delta3120> How far we've come Silva Hound 
[20:34:37] <ChungIP> Archie
[20:34:45] <FireSky> =====Whiskey Party at Blackjack's Nicolas D
[20:34:47] <Delta3120> a nie
[20:34:53] <Delta3120> początek mnie zmylił
[20:35:00] <Eivel> Whiskey Party at BlackBird's
[20:35:12] <ChungIP> Dziwne  pisze mi obok że 3 godz temu był wysłany komunikat na fajsiejak ja 2 godziny temu dostałem xd
[20:35:12] <Delta3120> xD
[20:35:39] <McKey> Moonrise
[20:35:40] <ChungIP> Omnipony clouds
[20:35:41] <Delta3120> Omni clouds
[20:35:45] <BlackBird> clouds! ;d
[20:35:45] <TrussZori> clouds
[20:35:46] <TrussZori> omni
[20:35:49] <BlackBird> omnipony
[20:35:55] <Delta3120> mam opóźnienia
[20:35:55] <FireSky> ===========
[20:35:57] <ChungIP> 250
[20:35:58] <Eivel> McKey: też to chciałem napisać, już palce w gotowości xd
[20:36:00] <TrussZori> zaliczy się? 
[20:36:07] <FireSky> ta
[20:36:15] <TrussZori> yeshh
[20:36:25] <ChungIP> Delta ja wiedzialem o jaką piosenke chodzi bo kłociłeś sieżeby jej nie puszczacna przrwie
[20:37:02] <Delta3120> aa
[20:37:35] <TrussZori> Yay
[20:37:37] <BlackBird> idk
[20:37:39] <Eivel> evening star
[20:37:41] <Delta3120> Olivier Lacota
[20:37:41] <Eivel> nie
[20:37:44] <ChungIP> Aviators
[20:37:46] <FireSky> =====SlyphStorm - Morning Mist
[20:37:50] <Eivel> właśnie
[20:37:51] <Eivel> xD
[20:37:56] <Delta3120> no następny ninja się znalazł
[20:38:10] <ChungIP> Jak jest slyphostorm to pisze aviators, jak jest aviators to spyphstorm pisze d
[20:38:14] <Eivel> za długo nie grałem, nazwy moich ulubionych kawałków wypadają mi z głowy
[20:38:57] <Delta3120> Don't mine at night
[20:38:57] <BlackBird> hawtw
[20:39:00] <Delta3120> Hawtw
[20:39:02] <ChungIP> How applejack wo the war
[20:39:02] <McKey> ...
[20:39:05] <BlackBird> how applejack won the war
[20:39:05] <McKey> Delta3120, serio
[20:39:07] <TrussZori> how applejack won the war
[20:39:08] <ChungIP> ci skrótami piszą xd
[20:39:21] <Delta3120> no niech ci będzie xD
[20:39:25] <Delta3120> how applejack won the war
[20:39:28] <FireSky> ===============
[20:39:36] <ChungIP> 86
[20:39:37] <FireSky> Black numerek ?
[20:39:41] <BlackBird> 103
[20:39:58] <ChungIP> Napisał pierwszy ale co z tego że skrótami
[20:40:29] <BlackBird> potem rozwinąłem :V pozatym kiedyś dawno teamu powiedział że to można skrótem
[20:40:51] <ChungIP> ja tylko tlt piszę skrótem
[20:41:12] <Delta3120> Fozoogz winter spirit
[20:41:18] <Delta3120> ale tego dawno nie było..
[20:41:19] <ChungIP> Fzoozgozo winter slapt
[20:41:21] <FireSky> =================Foozogz - Winter Spirit
[20:41:39] <FireSky> Chung napisał zimowy klaps xDD
[20:41:44] <FireSky> bez t
[20:41:46] <Delta3120> xD
[20:41:48] <ChungIP> Ja nawet helping twilight nie piszę skrótami
[20:42:07] <Delta3120> htswtc
[20:42:10] <TrussZori> 20:42!
[20:42:25] <BlackBird> htwtc nawet jeśli
[20:42:31] <Delta3120> nie
[20:42:34] <FireSky> Chung numerek ? 
[20:42:39] <Delta3120> Twilight Sparkle
[20:42:46] <BlackBird> a no chyba że
[20:42:57] <ChungIP> 234
[20:43:00] <FireSky> był
[20:43:00] <Delta3120> był
[20:43:04] <ChungIP> 207
[20:43:47] <Delta3120> Aftermath singing telegram
[20:43:50] <ChungIP> afteramtch singin telegram
[20:43:50] <McKey> FireSky, ProTip. Trzymasz pricisk VOlume+ :P
[20:44:11] <Eivel> przypominają mi się pierwsze audycje, kiedy aftermath stanowił większośc remixów :d
[20:44:15] <FireSky> ===========Pinkie Pies Singing Telegram (Aftermath Remix)
[20:44:26] <McKey> .now
[20:44:26] <Derpi> Na antenie: 51207. - Aby posłuchać radia, wejdź na http://radioyay.net/player
[20:44:42] <McKey> .sluchacze
[20:44:50] <BlackBird> .listeners
[20:44:50] <Derpi> Liczba słuchaczy: 19
[20:44:53] <Eivel> McKey: utf-8 full support
[20:44:56] <Eivel> .słuchacze
[20:44:57] <Derpi> Liczba słuchaczy: 19
[20:45:14] <BlackBird> woo ale fajne ł xd
[20:45:18] <ChungIP> 20 minut przed audycja było 32 słuchaczy
[20:45:20] <Delta3120> 172
[20:45:42] <McKey> FireSky, masz ten sam mikrofon :v
[20:45:46] <Delta3120> xD
[20:45:53] <ChungIP> mlp theme
[20:45:56] <Eivel> mlp opening theme
[20:45:59] <FireSky> ----------MLP-FiM Remix- 16-Bit Season 1 Medley
[20:46:07] <TrussZori> mlp 16 bit theme
[20:46:16] <TrussZori> k xd
[20:46:20] <BlackBird> too late
[20:46:21] <Eivel> FireSky: ChungIP ma nick ChungIP
[20:46:30] <Delta3120> no
[20:46:35] <FireSky> z audycją a nie słuchaczami
[20:46:53] <BlackBird> dalej są numerki zamiast tytułów
[20:46:57] <Eivel> FireSky: puszczasz długo piosenki
[20:46:59] <Delta3120> też leciał Aftermath
[20:47:10] <ChungIP> Specialne audycje?
[20:47:30] <BlackBird> good time
[20:47:32] <FireSky> nie ;p 
[20:47:34] <Delta3120> Always A good tiem
[20:47:36] <TrussZori> good time 
[20:47:36] <ChungIP> goo time prince whatever
[20:47:38] <Delta3120> Prince whatever
[20:47:41] <TrussZori> prince whatever
[20:47:42] <BlackBird> prince whatever
[20:47:42] <FireSky> =============
[20:47:48] <Delta3120> Black
[20:47:50] <Delta3120> masz binda
[20:47:53] <BlackBird> nie :V
[20:47:59] <BlackBird> mam ich 23
[20:48:15] <Delta3120> to jest nie możliwe żebyś tak szybko to napisał
[20:48:22] <BlackBird> ale żaden niema autora albo nazwy utworu
[20:48:31] <Delta3120> aha
[20:48:42] <BlackBird> mam czity na palcach xd poprostu szybko pisze ;p
[20:48:59] <ChungIP> Ja myśłałem że to Delta ma takie czity
[20:49:17] <Delta3120> mikrofon się odłączył
[20:49:37] <BlackBird> remix
[20:49:37] <ChungIP> tlt beyond her garden
[20:49:39] <Delta3120> Tlt beyond her garden remix
[20:49:40] <TrussZori> beyond her garden
[20:49:41] <TrussZori> glaze
[20:49:42] <BlackBird> tlt
[20:49:42] <TrussZori> tlt remix
[20:49:43] <FireSky> ============
[20:49:51] <ChungIP> 296
[20:50:04] <Eivel> FireSky: po przerwie masz o wiele ciszej mikrofon niż przed. Jak wchodzisz na antenę, to muszę podgłośnić, żeby cię słyszeć, a na tej głośności muzyka ryczy w uszy
[20:50:47] <BlackBird> a ja mam normalizacje głośności i wszystko pięknie działa :P
[20:51:04] <ChungIP> juz lepiej
[20:51:05] <Eivel> FireSky: wydaje mi się, że już tak
[20:51:11] <BlackBird> znam...
[20:51:15] <Delta3120> You've got the music
[20:51:19] <ChungIP> Love is in bloom
[20:51:19] <Eivel> remix
[20:51:25] <Eivel> got the music in you
[20:51:26] <Eivel> foozogz
[20:51:34] <ChungIP> archie
[20:51:34] <FireSky> --------------Vylet - Find the Music in You (Remix)
[20:51:42] <Delta3120> ja wiem
[20:51:46] <Delta3120> jest taki sam obrazek
[20:51:51] <FireSky> ===============================
[20:51:54] <FireSky> Winner
[20:52:07] <ChungIP> chodziło o logo radia rly
[20:52:12] <Delta3120> xD
[20:52:13] <FireSky> nie 
[20:52:24] <FireSky> Obrazek zapowiedzi audycji :p Delta + 5 
[20:52:25] <BlackBird> w ogłoszeniu pewnie
[20:52:26] <Delta3120> ogłoszenie na Fb
[20:52:35] <Delta3120> sprawdziłem ostatnie i pierwsze
[20:52:37] <BlackBird> not fair ja niemam fb ;_;
[20:52:39] <Eivel> Delta3120: jaka jest twoja stawka jako prywatnego detektywa?
[20:52:39] <Delta3120> i się zgadzało
[20:52:50] <Delta3120> za free xD
[20:52:55] <ChungIP> Ja nawet bym nie pomyśłał o obrazkach 
[20:53:02] <Eivel> ja też :P
[20:53:26] <Delta3120> Evening stara znalazłem na Skype eivel
[20:53:30] <TrussZori> FireSky: a tylko za 1 miejsce są nagrody czy ogółem na podium?
[20:53:36] <Delta3120> wysyłałem ci chyba już xD
[20:53:37] <ChungIP> I teraz będzie pogon za Delta bo mam dodatkowe punkty
[20:53:39] <Eivel> Delta3120: chyba mi kiedyś o tym pisałeś
[20:53:56] <ChungIP> Omni loylaty
[20:54:01] <Delta3120> jAyMaC Night mare remix
[20:54:11] <FireSky> ====================
[20:54:28] <Eivel> Andragor: może dołączysz? Ostatnia audycja :P
[20:54:54] <FireSky> TrussZori jakie nagrody ?
[20:55:13] <ChungIP> truss to było tydz temu
[20:55:13] *** Pony_56327 is now known as Hck
[20:55:15] <FireSky> Delta numerek ? 
[20:55:16] <TrussZori> a k 
[20:55:22] <BlackBird> witaj hck!
[20:55:29] <ChungIP> Ave
[20:55:36] <TrussZori> czo was lol nie wiedziałam jak xd nie miałam jak ;-;
[20:55:43] <Hck> hi
[20:56:26] <BlackBird> make a wish
[20:56:28] <Delta3120> Make a wish aftermath
[20:56:30] <ChungIP> Make a wsh aftermatach
[20:56:31] <BlackBird> aftermath
[20:56:36] <BlackBird> remix :v
[20:56:38] <Eivel> piąty albo szósty aftermath dzisiaj
[20:56:45] <Delta3120> 4
[20:56:46] <FireSky> ==============
[20:56:58] <Eivel> wierzę na słowo, sensei xD
[20:57:14] <ChungIP> za chwile ostatnia przerwa, potem 45 minut audycji, miejsca i punkty, potem ściaganie piosenek 
[20:57:31] <BlackBird> mam 2gb miejsca xd 
[20:57:44] <Hck> ale sie kurde za wami stęsknilem
[20:57:52] <BlackBird> my też hck
[20:57:55] <ChungIP> 186GB mam na dysku C wolne
[20:57:59] <Delta3120> eeee
[20:58:04] <Delta3120> Mando
[20:58:04] <Eivel> db pony
[20:58:06] <ChungIP> mandopony student of celestia
[20:58:07] <BlackBird> mando pony
[20:58:10] <FireSky> ===============
[20:58:12] <Delta3120> Student of celestia
[20:58:16] <Delta3120> ee
[20:58:21] <Delta3120> za szybko
[20:58:23] <McKey> FireSky, to póść na przerwe
[20:58:33] <McKey> bo to chyba trwa gdzieś 8 minut
[20:58:39] <ChungIP> to pusć bo chce całą piosenke posłuchać
[20:58:48] <ChungIP> bo nie słyszałem całej
[20:58:59] <FireSky> leci i jest przerwa ;) słysztmy się o 21 15
[20:59:04] <ChungIP> ok
[20:59:47] <Delta3120> ok
[20:59:50] <Delta3120> ide coś zjeść
[21:00:02] <Delta3120> chcesz żebym przebił 100 ptk?
[21:00:09] <Delta3120> to zostaw omniego xD
[21:00:22] <ChungIP> Jak na razie tylko raz był Omni
[21:01:07] *** Joins: Pony_9 (WebChat@Pony-gju3u7.adsl.tpnet.pl)
[21:01:14] <Eivel> ile teraz masz pkt Delta3120?
[21:01:24] <Pony_9> hej
[21:01:42] <Eivel> hej Pony_9
[21:01:58] <Pony_9> co tam
[21:02:17] <Pony_9> sorry za odstęp 
[21:02:25] <ChungIP> Ja chyba mam 56 pkt i 2 miejsce a delta pewnie 62 pkt i 1m iejsce
[21:02:31] <BlackBird> witaj
[21:02:36] <Eivel> to jak działa system podwajania? On gdzieś jest ograniczony?
[21:02:46] <Eivel> bo inaczej teraz osoby poniżej 10 pkt powinny dostać... 64 xd
[21:03:03] *** Quits: Pony_9 (WebChat@Pony-gju3u7.adsl.tpnet.pl) (Quit: Page closed)
[21:03:08] <ChungIP> Jest tak Delta ma 60 pkt więc poniżej 10 maja 7x pkt
[21:03:18] <Eivel> aaaa, ok
[21:03:28] <Eivel> zw
[21:03:44] <ChungIP> Ja dostajęteraz 2x pkt bo delta  ma powyżej 60 pkt
[21:04:32] <FireSky> Delta 64 Chung 62 Black 52
[21:06:16] <ChungIP> Juz powoli powinien sie konczyćta piosenka bo 9 minut trwa bo na YT sprawdzałem
[21:07:06] <BlackBird> she's a pony
[21:07:08] <ChungIP> She a pony
[21:07:15] <ChungIP> puścił na przerwe
[21:07:23] <ChungIP> A gdzie obiecany Omni?
[21:07:30] <BlackBird> był wcześniej
[21:07:46] <ChungIP> Tylko Omni - Clouds leciało 
[21:07:51] <BlackBird> no
[21:07:51] *** Joins: Raven (WebChat@Pony-kv1ui3.mt.pl)
[21:07:53] <BlackBird> Witaj!
[21:07:58] <ChungIP> Ale Omni na przewie obiecał
[21:08:14] <BlackBird> może jeszcze zdąży
[21:08:29] <FireSky> nie no puszcze na audycji omniego
[21:08:46] <Raven> Ta piosenka zmusiła mnie,abym tu wbił
[21:08:49] <ChungIP> A masz wogóle Omni - Dragon Greed?
[21:08:51] <Raven> Dobry wieczór wszystkim
[21:09:57] <ChungIP> Ave
[21:10:05] <BlackBird> witaj
[21:10:07] <Delta3120> jj
[21:10:19] *** Joins: stonoga (~WebChat@Pony-hb10tt.centertel.pl)
[21:10:22] <BlackBird> Witaj!
[21:10:41] <ChungIP> Black Bird zbindował powitanie
[21:10:46] <BlackBird> tak
[21:10:53] <ChungIP> Nie wierze w ciebie
[21:10:53] <BlackBird> 300 dni temu
[21:11:02] <ChungIP> 300 spartan temu xd
[21:11:10] <BlackBird> xd
[21:11:28] <Eivel> jakbyś musiał witać 300 spartan, to sam byś zbindował :p
[21:11:58] <BlackBird> przez chwile miałem nawet skrypt do witania xd
[21:12:03] <BlackBird> ale ban wyapałem :P
[21:12:07] <BlackBird> bana*
[21:12:16] <BlackBird> ale bana wyłapałem*
[21:12:20] * Eivel gwiżdże i patrzy w innym kierunku
[21:12:53] <BlackBird> i to był chyba jedyny ban na którego naprawde zasłużyłem...
[21:13:12] * McKey nic nie wie o tym NetSplicie
[21:13:23] *** Joins: stonoga_ (WebChat@Pony-hb10tt.centertel.pl)
[21:13:25] <ChungIP> Czy to jaki Medley 1-3 season leci?
[21:13:32] <BlackBird> .stats
[21:13:48] <BlackBird> hm a wydawało mi sie że coś takiego było :V
[21:14:03] <Eivel> Derpi w ogóle ostatnio ma focha i część komend nie działa
[21:14:09] <Eivel> wie, że powoli zbliża się jej upgrade
[21:14:12] <BlackBird> McKey: możesz podać link do statystyk #radioyay? chce zobaczyć ile kicków miałem xd
[21:14:19] <Eivel> .statystyki
[21:14:19] <Derpi> http://twilightsparkle.ovh/canternet_radioyay.html
[21:14:22] <McKey> właśnie
[21:14:23] <BlackBird> aha :v
[21:14:27] <BlackBird> my bad
[21:14:27] <ChungIP> Zrób uprage 2 miescace do konca radia
[21:14:41] <McKey> A to Eivel by musiał :P
[21:15:04] <ChungIP> powoli koniec przerwy
[21:15:18] <Eivel> ChungIP: właśnie z powodu końca radia będzie upgrade
[21:15:23] <Eivel> albo też downgrade
[21:15:28] <Delta3120> ta prowokacja xD
[21:15:37] <BlackBird> nom, mam rekord 39 kicków :V
[21:15:48] <BlackBird> discord 
[21:15:50] <ChungIP> ttl discord
[21:15:51] <Delta3120> Discord Tlt
[21:15:51] <Eivel> discord
[21:15:53] <TrussZori> discord
[21:15:54] <TrussZori> tlt
[21:15:55] <FireSky> =============
[21:15:55] <BlackBird> rejmania
[21:15:57] <TrussZori> rejmania
[21:15:57] <BlackBird> Huzzah
[21:15:57] <Eivel> rejmania czy cos
[21:15:59] <ChungIP> xd
[21:16:06] <stonoga_> haha troll xD
[21:16:07] <ChungIP> Delta sie załamał
[21:16:10] <FireSky> nic nie akceptuje pod kreską >:D 
[21:16:12] <McKey> No musiał * jeden...
[21:16:14] <BlackBird> ty zły
[21:16:14] <TrussZori> ;-;
[21:16:15] <Delta3120> pisze tlt to daje rejmanie -.-
[21:16:22] *** Quits: stonoga (~WebChat@Pony-hb10tt.centertel.pl) (Ping timeout: 121 seconds)
[21:16:26] <Eivel> straciłem cenne 2 sekundy by zastanowić się, czy to nie od raymana był nick
[21:16:26] <BlackBird> ale za tytuł jest 1 punkt ;p
[21:17:10] <BlackBird> dont mine at nisght
[21:17:10] <Delta3120> Don;t mine at night
[21:17:12] <Eivel> dont nimen at night
[21:17:13] <TrussZori> dont mine at night
[21:17:13] <Delta3120> Shady vox
[21:17:14] <ChungIP> don't mine at nigth shady vox
[21:17:15] <BlackBird> shadov vox
[21:17:15] <TrussZori> shady vox
[21:17:17] <Eivel> shady\
[21:17:17] <FireSky> ===========
[21:17:17] <Delta3120> Jan Animarion
[21:17:26] <TrussZori> XDD Hahahah xDD
[21:17:27] <McKey> Mój znajomy - Don't mine at night :v
[21:17:31] <ChungIP> Jest poza top 25 mam 583 słow tylko xd
[21:17:35] <ChungIP> Jestem*
[21:18:00] <ChungIP> Sorry pomyłiem sie z moim 2 nick
[21:18:16] <BlackBird> ja mam więcej lini ale mniej słów niż mckey xd
[21:18:18] <ChungIP> 22856 słow jako Chung IP xd
[21:18:30] <McKey> ja
[21:18:31] <McKey> też 
[21:18:33] <McKey> moge 
[21:18:34] <McKey> tak 
[21:18:35] <McKey> spamić...
[21:18:45] <BlackBird> ja tak niespamie..
[21:18:56] <BlackBird> nightmare night
[21:18:58] <BlackBird> wooden toaster
[21:19:00] <Delta3120> Nightmare night mic
[21:19:00] <Eivel> nightmare night
[21:19:01] <TrussZori> nightmare night
[21:19:03] <TrussZori> glaze
[21:19:03] <Eivel> wooden 
[21:19:04] <TrussZori> mic the mic
[21:19:04] <ChungIP> mic the mic ft wooden toaste nightmare nigth
[21:19:12] <BlackBird> huzzah :D
[21:19:35] <McKey> Eivel, WTFF???? http://i.imgur.com/lPnN51x.png
[21:19:51] <BlackBird> derp xd
[21:20:06] <Eivel> ?
[21:20:11] <McKey> Niby nic... Ale to serwer w MintHost xD
[21:20:14] <Delta3120> xD
[21:20:18] <Eivel> what
[21:20:31] <ChungIP> Jaki cytat mam przy moim nicku fajny 
[21:20:34] <McKey> aż loguje się do panelu xd
[21:20:49] <Eivel> rainbow theme
[21:20:50] <ChungIP> rc88 rainbwo dash theme
[21:20:50] <Delta3120> Rc88 rainbow dahs
[21:20:51] <Eivel> rc98
[21:20:53] <stonoga_> fighting is magic
[21:20:55] <BlackBird> fightning is magic rainbow dash theme
[21:20:56] <McKey> http://i.imgur.com/lPnN51x.png
[21:20:59] <BlackBird> rc88
[21:21:02] <McKey> wait...
[21:21:07] <FireSky> ------------
[21:21:15] <McKey> http://i.imgur.com/apRP4tI.png
[21:21:18] <Raven> jak wy tak szybko piszecie?
[21:21:20] <McKey> Co im tam się odpierdziela
[21:21:30] <ChungIP> Bo my jestesmy profesjonalisci
[21:21:31] <TrussZori> Ma ktoś linka do statystyk czatu radia?
[21:21:35] <McKey> .statystyki
[21:21:36] <Derpi> http://twilightsparkle.ovh/canternet_radioyay.html
[21:21:38] <McKey> TrussZori, kurwa
[21:21:44] <McKey> przewijasz w góre i masz
[21:21:50] <McKey> ha GIMBUS!
[21:21:50] <TrussZori> ...k
[21:21:53] <Raven> xD
[21:21:56] <TrussZori> wat?
[21:22:04] <TrussZori> o luju nie jestem gimbusem ;-;
[21:22:21] <Delta3120> So many wonders
[21:22:21] <ChungIP> Akwademarina
[21:22:25] <ChungIP> so many wonders
[21:22:28] <FireSky> ================So Many Fluttershys (So Many Wonders Remix)
[21:22:30] <BlackBird> so many wonders
[21:22:32] <ChungIP> assetvie fluttersjy
[21:22:38] <BlackBird> remix
[21:22:40] <BlackBird> :v
[21:23:07] <Eivel> McKey: pewnie znowu aktualizują coś
[21:23:19] <McKey> Ja to zgłaszam jako awarie
[21:23:20] <BlackBird> generosity
[21:23:22] <stonoga_> gersonity
[21:23:22] <Eivel> generosity remix
[21:23:23] <Delta3120> Oodorato2 generosity
[21:23:23] <ChungIP> Geneosity 
[21:23:25] <BlackBird> remix
[21:23:25] <ChungIP> oddorato
[21:23:28] <FireSky> ===================
[21:23:41] <Eivel> McKey: zgłaszaj, zgłaszaj
[21:23:54] <Eivel> mój cenny serwer mc stoi na mincie teraz
[21:24:42] <BlackBird> idk
[21:24:47] <ChungIP> I'm fluttershy
[21:24:47] <Delta3120> I'm fluttershy fire of friendship
[21:24:51] <TrussZori> im fluttershy
[21:24:54] <TrussZori> fire of friendship
[21:24:54] <ChungIP> fire of drireshship
[21:24:56] <Eivel> no, i'm fluttershy
[21:24:56] <FireSky> ==============
[21:24:58] <FireSky> --------
[21:25:28] <Raven> McKey, masz jeszcze ten serwer mc?
[21:25:39] <McKey> Raven, mam a co?
[21:25:42] <McKey> #FC
[21:26:03] <Brat_B_2094> Fluttershy rap!
[21:26:19] <Eivel> omni
[21:26:20] <Delta3120> o lol
[21:26:23] <Delta3120> Omni poni robots
[21:26:24] <Eivel> omni o lol
[21:26:24] <ChungIP> Omni in revense
[21:26:34] <Delta3120> nie było tego
[21:26:34] <FireSky> ------------
[21:26:42] <FireSky> wat ? 
[21:26:45] <Delta3120> i jeszcze mi tytuł wyleciał xD
[21:27:41] <Delta3120> cytaty "Eivel źle córkę wychował xD"
[21:27:43] <Delta3120> lol
[21:27:44] <Delta3120> xD
[21:27:51] <Delta3120> misiek200m :p
[21:27:54] <Eivel> wszyscy mi to wypominają ;<
[21:27:58] <BlackBird> deeyay just like me
[21:28:06] <ChungIP> Deejay just like me akwadermarna
[21:28:08] <FireSky> ------------------
[21:28:10] <Delta3120> Steven A D dee jay just like me Awk
[21:28:14] <FireSky> --------
[21:28:25] <Delta3120> uff..
[21:28:46] <Eivel> akurat ładnie w ramkę się wpasowałeś
[21:28:50] <Delta3120> xDD
[21:29:04] <ChungIP> Zrboic zdjecie i na ściane
[21:29:13] <ChungIP> ttl smile
[21:29:14] <Delta3120> TLT smile remix
[21:29:17] <BlackBird> smile tlt
[21:29:17] <stonoga_> smile tlt
[21:29:20] <TrussZori> tlt smile remix
[21:29:27] <ChungIP> Delta ma zbindowe tą piosenke rly
[21:29:27] <FireSky> 000000000000
[21:29:35] <McKey> Eivel, bardzo się obrażą jak będe na serwie renderować filmy? xD
[21:30:10] <Eivel> McKey: troszkę :P
[21:30:17] <Delta3120> a kreska
[21:30:19] <Delta3120> -==========
[21:30:24] <Eivel> ogólnie oni strasznie oversellują openvz
[21:30:27] <McKey> To tylko to dla Eile zrobie :P
[21:30:36] <Eivel> więc inni użytkownicy się wkurzą
[21:30:58] <Delta3120> Mando
[21:31:04] <ChungIP> Mandopony
[21:31:10] <Delta3120> home
[21:31:15] <FireSky> -----------
[21:31:16] <Delta3120> we make perfect tema
[21:31:22] <Delta3120> nosz
[21:31:24] <FireSky> -----
[21:31:27] <Eivel> xD
[21:31:31] <ChungIP> naprwde
[21:31:52] <Delta3120> XDDD
[21:32:04] <Delta3120> dzisiaj Sromotna porażka Chunga xD
[21:32:14] <ChungIP> Ale 2 miejsce to też coś
[21:32:15] <McKey> Eivel, "j**** na to" :PJak nie będzie coś mi działać to dawać hajsy
[21:32:44] <ChungIP> dbpony miles
[21:32:45] <Delta3120> Dbpony miles
[21:32:47] <BlackBird> FireSky: polecam nową kartke
[21:32:47] <stonoga_> db pony
[21:32:54] <ChungIP> jak zem to szybko napisał
[21:33:00] <FireSky> ------------
[21:33:05] <BlackBird> czity w palcah
[21:33:18] <ChungIP> Stukałem normalnie w klawe
[21:33:49] <Raven> mi zanim się piosenka zaczyna to już wiem co będzie
[21:34:41] <Delta3120> Mando spitfire
[21:34:44] <ChungIP> mandopony spitfire
[21:34:45] <BlackBird> to sie opuźnienie nazywa
[21:34:46] <TrussZori> spitfire manod
[21:34:47] <Eivel> to już nie było?
[21:34:47] <Delta3120> teraz na 100%
[21:34:48] <BlackBird> mandopony spitfire
[21:34:51] <FireSky> ----------------
[21:34:52] <TrussZori> mando*
[21:34:57] <Delta3120> było better than you
[21:35:05] <BlackBird> Eivel: nope, było podobne i wszysty sie wtedy pomylili xd
[21:35:10] <ChungIP> tak
[21:36:22] <Delta3120> Archie praise the sun
[21:36:22] <BlackBird> eveninsg star
[21:36:24] <Eivel> evening star
[21:36:28] <ChungIP> Praise the sun archie
[21:36:30] <FireSky> ==============
[21:36:36] <Delta3120> evening używa inny plugin
[21:36:57] <Eivel> hm, czy ten kawałek jest kucykowy?
[21:37:01] <Eivel> Czy do dark souls?
[21:37:19] <stonoga_> wystarczy że jako okładka na yt jest kucyk xD
[21:37:19] <ChungIP> Dark souls = Warchammer 40k
[21:37:27] <Delta3120> to jest kucykowy
[21:37:38] <Eivel> stonoga_: tak, ale akurat tytuł Praise the sun odnosi się także to DS :P
[21:37:44] <ChungIP> sorry to było dark crusade
[21:37:50] <Delta3120> https://www.youtube.com/watch?v=n94ccfXcf5w
[21:37:51] <Derpi> [ Archie - Praise The Sun(Original Mix) - YouTube ] - www.youtube.com
[21:38:09] <Delta3120> Arfchie pjnkeie pie stlye
[21:38:10] <ChungIP> archie pinkie pie style
[21:38:10] <BlackBird> pinkie pie style
[21:38:12] <Eivel> silvahound
[21:38:14] <BlackBird> archie
[21:38:15] <TrussZori> archie pinkie pie style
[21:38:16] <FireSky> ===============
[21:38:18] <Eivel> nie znacie się
[21:38:22] <Delta3120> xD
[21:38:25] <TrussZori> xdd
[21:38:25] <Delta3120> silve lubię
[21:38:38] <Delta3120> właśnie
[21:38:41] <Delta3120> puść Silve hound
[21:40:09] <Eivel> everypony's banging
[21:40:09] <Eivel> silva
[21:40:12] <Delta3120> everypony bangin
[21:40:14] <FireSky> ==============Silva Hound - Everypony_s Bangin_
[21:40:14] <BlackBird> silia hound :V
[21:40:15] <Delta3120> silva hound
[21:40:16] <ChungIP> everypony
[21:40:17] <ChungIP> Silva hound
[21:40:24] <FireSky> -------
[21:40:26] <Delta3120> akurat poszedłem zamknąć okno
[21:40:54] <Eivel> Taki był mój plan
[21:40:56] <ChungIP> jeszcze 20 minut eksytujace audycji
[21:41:02] <Eivel> to ja montowałem ci okna
[21:41:07] <Eivel> od samego początku chciałem wygrać audycję
[21:41:11] <Delta3120> xDD
[21:41:17] <Delta3120> czkeja bo zaraz drop
[21:41:24] <ChungIP> yay
[21:41:36] <BlackBird> 5 osób na podium
[21:41:47] <Eivel> princewhateverer
[21:41:47] <Delta3120> no nie przerywa się przed dropen
[21:41:50] <McKey> FireSky, https://www.youtube.com/watch?v=NpRRAACSdac To im puść xDD
[21:41:51] <Derpi> [ ShadyVox playing some song - YouTube ] - www.youtube.com
[21:42:09] <McKey> Jest kucykowe a nie wiele pewnie zna XD
[21:42:20] <ChungIP> nie znam tego co tu dałes
[21:42:23] <Delta3120> to on jest polakiem
[21:42:28] <FireSky> ============Sim Gretina - Lazy Applejack
[21:42:42] <ChungIP> Sim gretina to było no nie wierze xd
[21:42:48] <Delta3120> stsly
[21:42:52] <Delta3120> daj następną
[21:43:09] <McKey> O KURWA JEBLEM MOCNO11!!!!!!
[21:43:15] <BlackBird> proud to be a brony
[21:43:18] <Delta3120> Great to be differnet
[21:43:19] <McKey> Delta3120, Gratuluje. Dostajeś order debila
[21:43:20] <ChungIP> Forest rain gretat to be different
[21:43:20] <Delta3120> forest rain
[21:43:21] <BlackBird> fail 
[21:43:28] <FireSky> =========
[21:43:33] <TrussZori> forest rain
[21:43:38] <McKey> .g ShadyVox
[21:43:39] <TrussZori> great to be different
[21:43:39] <Derpi> McKey: http://shadyvox.com/
[21:43:40] <ChungIP> xd
[21:43:41] <Delta3120> McKey , naprawdę, nie musisz mi go oddawać
[21:43:44] <TrussZori> noo ;_;
[21:43:49] <Eivel> McKey: nie wyzywamy się
[21:44:07] <ChungIP> Delta dostaje order orderów
[21:44:30] <Delta3120> xD
[21:45:08] <BlackBird> tylko 15 min :/
[21:45:17] <Delta3120> Alex S party with the pinkei VIP
[21:45:19] <stonoga_> sweete bell
[21:45:19] <ChungIP> Alex S party with pinkie vip
[21:45:24] <BlackBird> party with pinkie pie vip
[21:45:30] <stonoga_> machłem się :p
[21:45:32] <TrussZori> patry with pinkie vip
[21:45:33] <FireSky> --------------
[21:45:35] <TrussZori> alex s
[21:46:11] <ChungIP> Delta vs Chung normalnie jak Blow vs Mandzio
[21:46:15] <Delta3120> tsa
[21:46:39] <Eivel> niestety muszę lecieć, kończę dyżur. Powodzenia w przekroczeniu 100 pkt
[21:46:44] <BlackBird> Niech Luna będzie z wami.
[21:46:46] <BlackBird> Dobranoc /)
[21:46:46] <ChungIP> narka eivel
[21:46:47] <Delta3120> narka
[21:46:48] <BlackBird> Niech Luna będzie z tobą
[21:46:50] <TrussZori> byrr
[21:46:52] <Eivel> będę za godzinkę
[21:46:52] <BlackBird> nie ten bind :v
[21:46:52] <FireSky> pa 
[21:46:56] <TrussZori> byee xd
[21:47:00] <ChungIP> Niech moc Luny będzie z tobąmój padawanie,
[21:47:00] <Eivel> bye bye
[21:47:27] <TrussZori> Niech Lunar będzie z Tobą : )
[21:47:35] <BlackBird> 99,88 xd
[21:47:54] <ChungIP> Mandobrony
[21:48:10] <TrussZori> mando
[21:48:11] <Delta3120> jeff
[21:48:16] <FireSky> --------------Saying Goodbye - By Joaftheloaf
[21:48:27] <TrussZori> a przypominało mi mando :<<
[21:48:43] <BlackBird> remix
[21:49:02] <ChungIP> Cos czuje że Go to sleep będzie na koniec
[21:49:05] <Delta3120> Uwaga uwaga
[21:49:12] <Delta3120> kolejne wieści od Flying buttera
[21:49:13] <BlackBird> ahtung ahtung
[21:49:16] <Delta3120> " Dziękuję za stworzenie tej audycji, dziękuję wszystkim, którzy kiedykolwiek brali w niej udział, to był naprawdę wspaniały rozdział mojej historii bycia bronym. Po prostu dziękuję i przepraszam, że nie mogło mnie tu dziś być"
[21:49:47] <TrussZori> o matko.. aż mi się przypomniały moje plany :_:
[21:50:08] <TrussZori> :_;
[21:50:09] <TrussZori> ;_;
[21:50:11] <Delta3120> okay :)
[21:50:32] <Delta3120> psuje nastruj xD
[21:50:41] <BlackBird> prismatic 
[21:50:43] <TrussZori> ó* chyba xd
[21:50:44] <ChungIP> giggle a t the ghostly afetermatach
[21:50:45] <Delta3120> Aftermarh giggle at the gostly
[21:50:50] <BlackBird> fail again xd 
[21:50:52] <TrussZori> ej co
[21:50:53] <FireSky> ============================
[21:50:57] <TrussZori> wait wat
[21:51:03] <TrussZori> dopiero teraz mi grać zaczeło
[21:51:05] <TrussZori> O_O
[21:51:13] <BlackBird> ping
[21:51:18] <ChungIP> Pewnie radio ci cofło
[21:51:22] <FireSky> Oficjalnie Chung pierwszy zdobył 100 pkt ;)
[21:51:27] <ChungIP> :yay:
[21:51:30] <TrussZori> nieźle
[21:51:35] * BlackBird *klask* *klask*
[21:51:50] <Delta3120> serio?
[21:51:54] <Delta3120> jak on nadgonił
[21:52:00] <ChungIP> Jeszcze 11 miesiecy temu zdobywałem po 3-12 pkt , ateraz to hardkor
[21:52:06] <BlackBird> mieliście tyle samo punktów :V
[21:52:40] <BlackBird>  /) TrussZori 
[21:52:49] <TrussZori> (\
[21:53:18] <FireSky> https://www.dropbox.com/s/i04k8ttz6mqs131/Tak%20to%20lecia%C5%82o.zip?dl=0
[21:53:22] <Derpi> [ Dropbox - Tak to leciało.zip ] - www.dropbox.com
[21:53:34] <BlackBird> tak działa
[21:53:39] <BlackBird> i ma 2,2GB :/
[21:53:58] <BlackBird> żegnaj audycjo ;_;
[21:54:06] <Delta3120> Make it special
[21:54:08] <TrussZori> żegnaj...
[21:54:14] <Delta3120> zacząłeś od make it special
[21:54:18] <Delta3120> i na nim skończysz
[21:54:39] *** Joins: Pony_2 (~WebChat@Pony-fhpl5v.dynamic.chello.pl)
[21:54:43] <BlackBird> dada
[21:54:45] <BlackBird> Witaj!
[21:54:46] <TrussZori> FireSky: albo i Skype c:
[21:54:47] <BlackBird> wtf
[21:54:54] <BlackBird> czo ten weechat
[21:55:15] <McKey> FireSky, Ty CHu*u
[21:55:28] <BlackBird> bana mu
[21:55:30] <TrussZori> paa ;_;
[21:55:33] <TrussZori> lol xD
[21:55:41] <Uncommon_Nick> (hug)
[21:55:44] <Uncommon_Nick> ;(
[21:55:51] <McKey> Spierdalaj...
[21:55:54] <TrussZori> ;-;
[21:55:57] <ChungIP> to ja znikam z czatu
[21:56:00] *** Quits: ChungIP (WebChat@Pony-r85.lun.175.46.IP) (Quit: Page closed)
[21:56:08] <BlackBird> Dobranoc /)
[21:56:13] <Delta3120> Mckey
[21:56:17] <Delta3120> sam spierdalaj
[21:56:25] <McKey> 1. Chuj mnie to obchodzi
[21:56:31] *** Quits: stonoga_ (WebChat@Pony-hb10tt.centertel.pl) (Quit: Page closed)
[21:56:31] <TrussZori> Delta co to za pios? ;-;
[21:56:33] <Delta3120> teraz już mam gdzieś czy mnie zbanują za skliny
[21:56:38] <BlackBird> McKey: oco znowu chodzi? ;v
[21:56:44] <Delta3120> Make it Special Fozoogz
[21:56:45] <McKey> 2. Dawałem mu pioseki a nawet nie powiedział dziękuje
[21:56:48] <McKey> Chuj wam w dupe
[21:56:53] *** Parts: McKey (Kordus@bronies.info) ("wyszedł z powodu głupoty uczestników rozmowy na kanale")
