[00:21:02] *** Joins: LightningCrash (lightning@Pony-2ev2c5.ph.cox.net)
[00:23:27] *** GigaTown is now known as Gigabit
[00:54:45] *** Quits: Eventide (uid61788@Tips.Fedora) (Quit: )
[01:24:22] *** Joins: Eventide (uid61788@Tips.Fedora)
[01:44:55] *** Joins: QuantumPocket (uid71401@Pony-un9cbp.charlton.irccloud.com)
[02:03:52] *** Joins: Pink (Pink@FearThePink)
[02:06:27] <Pink> Anyone know irc commands and can offer me assistance?
[02:12:20] <Colgate> with what?
[02:14:12] *** Parts: Pink (Pink@FearThePink) ("AndroIRC - Android IRC Client ( http://www.androirc.com )")
[02:15:54] <Fluttershi> ...?
[02:17:12] <Colgate> it is handled
[02:22:55] *** Quits: Alcoholicorn|2 (Alcoholicor@Pony-55oq0s.pool.hargray.net) (Ping timeout: 121 seconds)
[02:39:28] *** Joins: Alcoholicorn|2 (Alcoholicor@Pony-55oq0s.pool.hargray.net)
[03:00:50] *** NexSleep is now known as Nexus
[03:56:50] *** Nexus is now known as NexSleep
[04:13:29] *** Quits: QuantumPocket (uid71401@Pony-un9cbp.charlton.irccloud.com) (Quit: Connection closed for inactivity)
[05:34:16] *** ama|work is now known as ama
[05:37:51] *** Joins: Pony_3 (WebChat@Pony-gng.95c.195.98.IP)
[05:39:25] *** Quits: Pony_3 (WebChat@Pony-gng.95c.195.98.IP) (Quit: Page closed)
[05:45:43] *** Eventide is now known as Eventide|Sleepies
[06:43:51] *** Quits: Lapsus (Lapsus@i-forget.ca) (Connection closed)
[06:43:55] *** Joins: Lapsus (Lapsus@Pony-5m46mf.cable.rogers.com)
[06:44:24] *** Lapsus is now known as Pony_95924
[06:47:16] *** Quits: Alcoholicorn|2 (Alcoholicor@Pony-55oq0s.pool.hargray.net) (Ping timeout: 121 seconds)
[07:13:18] *** Joins: Alcoholicorn|2 (Alcoholicor@Pony-55oq0s.pool.hargray.net)
[07:26:04] *** ama is now known as ama|sleep
[07:29:58] *** Gigabit is now known as gigazzz
[07:37:23] *** Joins: Alcoholicorn (Alcoholicor@Pony-55oq0s.pool.hargray.net)
[07:38:51] *** Quits: Alcoholicorn|2 (Alcoholicor@Pony-55oq0s.pool.hargray.net) (Ping timeout: 121 seconds)
[07:45:47] *** Quits: LightningCrash (lightning@property.of.moonlightning) (Quit: The Nightmares will collide. And become a dream. <3)
[08:58:16] *** Quits: Mike_Coltfield (Larscis@colt.in.the.rain) (Quit: "Bug." -- My goldfish on sleep)
[09:49:20] *** Joins: Mike_Coltfield (Larscis@colt.in.the.rain)
[09:49:20] *** Celestia sets mode: +o Mike_Coltfield
[10:20:09] *** RedHelper is now known as Creeps|AFK
[10:35:22] *** Awaykitty is now known as Unixkitty
[11:18:01] *** Quits: Mike_Coltfield (Larscis@colt.in.the.rain) (Ping timeout: 121 seconds)
[12:01:48] *** Unixkitty is now known as Awaykitty
[13:54:16] *** Eventide|Sleepies is now known as Eventide
[15:20:23] *** Dusk is now known as Navi
[15:20:39] *** Navi is now known as Night
[15:20:46] *** Night is now known as Nadine
[15:21:02] *** Nadine is now known as Acacia
[15:58:57] *** Joins: Serene_Flow (WebChat@Pony-6nd29j.tx.charter.com)
[15:59:00] *** Parts: Serene_Flow (WebChat@Pony-6nd29j.tx.charter.com) ("")
[16:08:42] *** Joins: LightningCrash (lightning@Pony-2ev2c5.ph.cox.net)
[16:08:43] *** Quits: Alcoholicorn (Alcoholicor@Pony-55oq0s.pool.hargray.net) (Ping timeout: 121 seconds)
[16:31:59] *** Quits: RubyPinch (x@Gem.Stealer) (Ping timeout: 121 seconds)
[16:57:32] *** ama|sleep is now known as amaway
[17:01:55] *** Quits: LightningCrash (lightning@property.of.moonlightning) (Quit: The Nightmares will collide. And become a dream. <3)
[17:14:38] *** Joins: RubyPinch (x@Gem.Stealer)
[18:14:47] *** gigazzz is now known as Gigabit
[18:29:11] *** Acacia is now known as Dusk
[20:47:17] *** Joins: Optic_Trick (WebChat@Pony-u2vtrk.res.rr.com)
[20:47:56] *** Parts: Optic_Trick (WebChat@Pony-u2vtrk.res.rr.com) ("")
[22:31:01] *** Joins: LightningCrash (lightning@Pony-2ev2c5.ph.cox.net)
[22:45:57] *** Joins: Alcoholicorn (Alcoholicor@Pony-55oq0s.pool.hargray.net)
[23:02:08] *** Quits: Alcoholicorn (Alcoholicor@Pony-55oq0s.pool.hargray.net) (Ping timeout: 121 seconds)
[23:02:21] *** Joins: Alcoholicorn (Alcoholicor@Pony-55oq0s.pool.hargray.net)
[23:23:28] *** Creeps|AFK is now known as RedHelper[NLR]
[23:34:57] *** Joins: Optic_Trick (~WebChat@Pony-u2vtrk.res.rr.com)
[23:50:55] *** Joins: Mike_Coltfield (Larscis@colt.in.the.rain)
[23:50:55] *** Celestia sets mode: +o Mike_Coltfield
[23:56:27] *** Parts: Optic_Trick (~WebChat@Pony-u2vtrk.res.rr.com) ("")
