[00:01:51] *** Gigabit is now known as gigaway
[00:08:55] *** Quits: gigaway (Gigabit@the.girly.colt) (Quit: Canternet Public Bouncer!)
[03:04:24] *** Joins: GigabitPony (Gigabit@the.girly.colt)
[03:14:39] *** Quits: Silverlight|laptop (silverlight@voiceofequestria.com) (Connection closed)
[03:38:46] *** GigabitPony is now known as RainbowBlitz
[04:00:58] *** Joins: Silverlight|laptop (silverlight@Pony-6k6mjp.public.wayport.net)
[04:09:37] *** ama is now known as ama|streaming
[04:16:42] *** Quits: Alcoholicorn (Alcoholicor@Pony-55oq0s.pool.hargray.net) (Ping timeout: 121 seconds)
[04:28:19] *** Creeps|AFK is now known as RedHelper
[05:46:16] *** RainbowBlitz is now known as Gigabit
[06:16:57] *** ama|streaming is now known as ama
[06:18:14] *** Joins: WulfricChaser (WebChat@Pony-3bjic9.sntcca.sbcglobal.net)
[06:21:46] *** iamalion is now known as iam[a]lion
[06:28:48] *** ama is now known as HomeStar
[06:29:03] *** HomeStar is now known as ama
[06:45:10] *** LightningCrash is now known as ThunderStorm
[06:45:20] *** Joins: LightningCrash (lightning@Pony-t1l.5qg.129.65.IP)
[06:54:42] *** Gigabit is now known as Vega
[07:08:14] *** RedHelper is now known as Creeps|AFK
[07:41:04] *** Fluttershi is now known as afkshi
[07:48:18] *** Quits: LightningCrash (lightning@property.of.moonlightning) (Quit: The Nightmares will collide. And become a dream. <3)
[08:03:18] *** Quits: Persona (Tilde@Pony-g8ahnu.res.rr.com) (Ping timeout: 121 seconds)
[08:46:35] *** Joins: Mike_Coltfield (Larscis@colt.in.the.rain)
[08:46:35] *** Celestia sets mode: +o Mike_Coltfield
[08:56:24] *** iam[a]lion is now known as iamalion
[09:42:50] *** iamalion is now known as iam[a]lion
[09:50:38] *** Vega is now known as GigaZzz
[10:22:24] *** Quits: WulfricChaser (WebChat@Pony-3bjic9.sntcca.sbcglobal.net) (Ping timeout: 121 seconds)
[11:03:24] *** Joins: Pony_6 (~WebChat@Pony-p7i7in.dynamic.ziggo.nl)
[11:03:42] *** Quits: Pony_6 (~WebChat@Pony-p7i7in.dynamic.ziggo.nl) (Quit: Page closed)
[11:30:03] *** Quits: Finwe (vhalkola@Pony-bs4ovt.org.aalto.fi) (Ping timeout: 121 seconds)
[11:31:17] *** Joins: Finwe (vhalkola@Pony-bs4ovt.org.aalto.fi)
[14:21:19] *** Quits: Mike_Coltfield (Larscis@colt.in.the.rain) (Quit: "Bug." -- My goldfish on sleep)
[14:43:15] *** Quits: RainbowHacks (rainbow@Pony-m1cetk.ponix.space) (A TLS packet with unexpected length was received.)
[14:46:27] *** Joins: RainbowHacks (rainbow@Pony-m1cetk.ponix.space)
[14:55:49] *** Joins: Alcoholicorn (Alcoholicor@Pony-55oq0s.pool.hargray.net)
[15:21:33] *** Joins: Zecora^ (fuilfjmoist@Pony-ra1.bd0.64.72.IP)
[15:21:49] <Zecora^> What does /ghost do?
[15:22:24] <Zecora^> nvm
[15:23:14] *** Zecora^ is now known as Starflare
[15:23:40] *** Parts: Starflare (fuilfjmoist@Pony-ra1.bd0.64.72.IP) ()
[15:40:56] *** Quits: Rainbow14 (chat@Pony-eo4r8l.cable.virginm.net) (Ping timeout: 121 seconds)
[15:44:38] *** Joins: Rainbow14 (chat@Pony-eo4r8l.cable.virginm.net)
[15:56:49] *** Quits: Alcoholicorn (Alcoholicor@Pony-55oq0s.pool.hargray.net) (Ping timeout: 121 seconds)
[17:16:43] *** Joins: Persona (Tilde@Pony-g8ahnu.res.rr.com)
[17:17:35] *** ama is now known as ama|work
[17:19:48] *** Joins: Alcoholicorn (Alcoholicor@Pony-55oq0s.pool.hargray.net)
[17:57:37] *** GigaZzz is now known as Vega
[18:10:28] *** Quits: Zuzu (zuzu@is.robo.licious) (Quit: My Mac has gone to sleep. ZZZzzz…)
[18:13:34] *** Quits: Vega (Gigabit@the.girly.colt) (Quit: Canternet Public Bouncer!)
[19:20:17] *** Joins: Mike_Coltfield (Larscis@colt.in.the.rain)
[19:20:17] *** Celestia sets mode: +o Mike_Coltfield
[19:28:50] *** iam[a]lion is now known as iamalion
[19:52:49] *** Quits: Mike_Coltfield (Larscis@colt.in.the.rain) (Connection closed)
[19:53:17] *** Joins: GigabitPony (Gigabit@the.girly.colt)
[19:53:22] *** Joins: Mike_Coltfield (Larscis@colt.in.the.rain)
[19:53:22] *** Celestia sets mode: +o Mike_Coltfield
[19:53:39] *** GigabitPony is now known as Vega
[20:04:39] *** Quits: Mike_Coltfield (Larscis@colt.in.the.rain) (Quit: Well, that was unexpected...)
[20:25:34] *** Quits: Alcoholicorn (Alcoholicor@Pony-55oq0s.pool.hargray.net) (Ping timeout: 121 seconds)
[20:32:02] *** Joins: Alcoholicorn (Alcoholicor@Pony-55oq0s.pool.hargray.net)
[20:46:13] *** Carrot_Top is now known as Nell
[20:51:39] *** Nell is now known as Princess_Starlight
[21:02:03] *** Joins: Cae (caepone@always.broken.sometimes.patched.never.fixed)
[21:03:55] *** Quits: Alcoholicorn (Alcoholicor@Pony-55oq0s.pool.hargray.net) (Ping timeout: 121 seconds)
[21:04:06] *** Quits: Caerdwyn (caepone@always.broken.sometimes.patched.never.fixed) (Ping timeout: 121 seconds)
[21:04:06] *** Cae is now known as Caerdwyn
[21:10:27] *** afkshi is now known as Fluttershi
[21:15:53] *** Joins: Alcoholicorn (Alcoholicor@Pony-55oq0s.pool.hargray.net)
[21:34:44] *** Eventide is now known as Eventide|Sleepies
[22:11:02] *** Joins: Mike_Coltfield (Larscis@colt.in.the.rain)
[22:11:02] *** Celestia sets mode: +o Mike_Coltfield
[22:45:07] *** Quits: Alcoholicorn (Alcoholicor@Pony-55oq0s.pool.hargray.net) (Ping timeout: 121 seconds)
[23:03:03] *** Joins: Alcoholicorn (Alcoholicor@Pony-55oq0s.pool.hargray.net)
[23:04:05] *** Quits: Mike_Coltfield (Larscis@colt.in.the.rain) (Quit: Well, that was unexpected...)
[23:38:58] *** Joins: Pony_2 (WebChat@Pony-ahtkdt.stlsmo.sbcglobal.net)
[23:42:41] *** Quits: Eventide|Sleepies (uid61788@Tips.Fedora) (Quit: Connection closed for inactivity)
[23:44:41] *** Quits: Pony_2 (WebChat@Pony-ahtkdt.stlsmo.sbcglobal.net) (Ping timeout: 121 seconds)
