[00:07:36] *** Joins: Alcoholicorn (Alcoholicor@Pony-55oq0s.pool.hargray.net)
[01:03:21] *** Quits: Alcoholicorn (Alcoholicor@Pony-55oq0s.pool.hargray.net) (Ping timeout: 121 seconds)
[01:18:48] *** Joins: Personifire (Tilde@Pony-v72r8a.res.rr.com)
[01:19:45] *** Quits: Persona (Tilde@Pony-09ihv7.78km.c1tq.6000.2605.IP) (Ping timeout: 121 seconds)
[01:20:07] *** Personifire is now known as Persona
[02:58:35] *** Quits: NexSleep (Nexusdragon@DJNexus.Fillydelphia.Radio) (Ping timeout: 121 seconds)
[03:01:19] *** Joins: Nexus (Nexusdragon@DJNexus.Fillydelphia.Radio)
[04:01:53] *** iamalion is now known as iam[a]lion
[04:57:57] *** Quits: Caerdwyn (caepone@always.broken.sometimes.patched.never.fixed) (Quit: Terminated.)
[05:28:54] *** iam[a]lion is now known as iamalion
[05:38:20] *** iamalion is now known as iam[a]lion
[05:49:20] *** Quits: Lapsus (Lapsus@i-forget.ca) (Ping timeout: 121 seconds)
[05:49:30] *** Eventide is now known as Eventide|Sleepies
[05:49:35] *** Joins: Lapsus (Lapsus@i-forget.ca)
[06:01:36] *** Quits: ama|nd (ama@ama.bronytv.net) (Ping timeout: 121 seconds)
[06:02:31] *** Quits: Monochrome (Sentoki@the.little.cloud.colt) (Ping timeout: 121 seconds)
[06:03:34] *** Joins: ama|bnc (ama@ama.bronytv.net)
[06:05:04] *** Joins: Monochrome (Sentoki@the.little.cloud.colt)
[06:52:23] *** Nexus is now known as NexSleep
[07:19:43] *** Joins: Pony_5 (~WebChat@Pony-dmntds.res.rr.com)
[07:56:22] *** iam[a]lion is now known as iamalion
[08:06:07] *** Quits: Pony_5 (~WebChat@Pony-dmntds.res.rr.com) (Quit: Page closed)
[08:28:53] *** Fluttershi is now known as afkshi
[09:02:35] *** iamalion is now known as iam[a]lion
[09:49:13] *** gigaway is now known as Gigabit
[13:40:18] *** Joins: Alcoholicorn (Alcoholicor@Pony-55oq0s.pool.hargray.net)
[13:52:41] *** Eventide|Sleepies is now known as Eventide
[14:45:38] *** Joins: Zuzu (zuzu@is.robo.licious)
[15:42:19] *** Quits: Alcoholicorn (Alcoholicor@Pony-55oq0s.pool.hargray.net) (Ping timeout: 121 seconds)
[16:47:29] *** Joins: Alcoholicorn (Alcoholicor@Pony-55oq0s.pool.hargray.net)
[18:20:16] *** iam[a]lion is now known as iamalion
[18:50:27] *** Quits: Zuzu (zuzu@is.robo.licious) (Quit: My Mac has gone to sleep. ZZZzzz…)
[19:44:18] *** Joins: Pony_2 (~WebChat@Pony-38j8of.res.rr.com)
[19:44:45] *** Quits: Pony_2 (~WebChat@Pony-38j8of.res.rr.com) (Quit: Page closed)
[21:21:44] *** Quits: Alcoholicorn (Alcoholicor@Pony-55oq0s.pool.hargray.net) (Ping timeout: 121 seconds)
[21:42:42] *** Joins: Alcoholicorn (Alcoholicor@Pony-55oq0s.pool.hargray.net)
[22:06:17] *** afkshi is now known as Fluttershi
[23:10:03] *** Joins: Zuzu (zuzu@is.robo.licious)
[23:23:56] *** Gigabit is now known as gigaway
[23:46:17] *** Joins: Citrio (~WebChat@Pony-shis78.ca.comcast.net)
[23:46:46] *** Citrio is now known as Pony_1558
[23:47:59] *** Pony_1558 is now known as Citrio
[23:48:29] *** Citrio is now known as Pony_20090
[23:49:03] *** Pony_20090 is now known as ace
[23:49:33] *** ace is now known as Pony_98759
[23:50:54] *** Quits: Pony_98759 (~WebChat@Pony-shis78.ca.comcast.net) (Quit: Page closed)
[23:52:27] *** Joins: Pony_4 (~WebChat@Pony-shis78.ca.comcast.net)
[23:56:29] *** Pony_4 is now known as Citrio
