[00:40:52] *** Joins: WulfricChaser (~WebChat@Pony-3bjic9.sntcca.sbcglobal.net)
[00:57:58] *** Joins: ColtonDRG-Core (coltondrg@Pony-4rrvuq.hlrn.qwest.net)
[00:59:28] *** Quits: ColtonDRG (coltondrg@ColtonDRG.is.best.pony) (Ping timeout: 121 seconds)
[01:08:27] *** Gigabit is now known as Gigaway
[01:31:13] *** Quits: Alcoholicorn (Alcoholicor@Pony-55oq0s.pool.hargray.net) (Ping timeout: 121 seconds)
[01:52:33] *** Halcyon is now known as N|BUSY
[02:13:40] *** Joins: Persona (Tilde@Pony-g8ahnu.res.rr.com)
[02:42:22] *** ama|sleep is now known as ama|busy
[02:42:59] *** Joins: Osama (Mibbit@Pony-350.n5l.54.39.IP)
[02:43:45] <Osama> hiiiiiiiiiii
[02:43:49] <Osama> helppp
[02:43:51] <Osama> helppp
[02:49:40] *** Parts: Osama (Mibbit@Pony-350.n5l.54.39.IP) ()
[02:54:01] <Eventide> wat
[03:08:41] *** Joins: Alcoholicorn (Alcoholicor@Pony-55oq0s.pool.hargray.net)
[03:13:14] *** Joins: Wicked_Wings (the-dark-pe@Pony-hfhhbm.sub-75-246-3.myvzw.com)
[03:44:03] *** Quits: Wicked_Wings (the-dark-pe@Pony-hfhhbm.sub-75-246-3.myvzw.com) (Ping timeout: 121 seconds)
[03:44:09] *** Quits: Alcoholicorn (Alcoholicor@Pony-55oq0s.pool.hargray.net) (Ping timeout: 121 seconds)
[03:45:54] *** Joins: Wicked_Wings (the-dark-pe@Pony-rccrdb.sub-75-199-206.myvzw.com)
[03:53:49] *** N|BUSY is now known as N|afkish
[04:05:40] *** Joins: Alcoholicorn (Alcoholicor@Pony-55oq0s.pool.hargray.net)
[04:10:32] *** Quits: Alcoholicorn (Alcoholicor@Pony-55oq0s.pool.hargray.net) (Ping timeout: 121 seconds)
[04:14:08] *** Quits: Persona (Tilde@Pony-g8ahnu.res.rr.com) (Connection closed)
[04:41:38] *** iamalion is now known as iam[a]lion
[04:42:15] *** Joins: Persona (Tilde@Pony-g8ahnu.res.rr.com)
[04:48:15] *** Quits: WulfricChaser (~WebChat@Pony-3bjic9.sntcca.sbcglobal.net) (Quit: Page closed)
[04:48:29] *** Joins: wulfricchaser (~WebChat@Pony-3bjic9.sntcca.sbcglobal.net)
[05:24:20] *** Eventide is now known as Eventide|Sleepies
[06:22:33] *** ama|busy is now known as ama|sleep
[06:27:30] *** Joins: Alcoholicorn (Alcoholicor@Pony-55oq0s.pool.hargray.net)
[06:34:28] *** iam[a]lion is now known as iamalion
[06:36:36] *** Quits: Alcoholicorn (Alcoholicor@Pony-55oq0s.pool.hargray.net) (Ping timeout: 121 seconds)
[06:37:49] *** Joins: Pony_8 (WebChat@Pony-dmmc67.ph.cox.net)
[06:38:09] *** Parts: Pony_8 (WebChat@Pony-dmmc67.ph.cox.net) ("")
[06:41:58] *** Fluttershi is now known as afkshi
[06:59:37] *** Joins: User_9770 (etjhmqznpky@Pony-uv0q4j.dh9f.9eco.0446.2601.IP)
[07:00:11] <User_9770> I need help. My system got a clean whipe and I lost my password....
[07:04:01] *** iamalion is now known as iam[a]lion
[07:05:41] <Googie> /msg nickserv help sendpass
[07:06:21] * N|afkish nudges Googie ling.
[07:06:31] *** Joins: Silverlight (silverlight@Pony-1d7k34.res.rr.com)
[07:06:31] *** N|afkish is now known as N|Afk
[07:07:03] <User_9770> Oh cool.
[07:08:49] <User_9770> ... right... So it would be '/msg Nickserv SENDPASS Jetblack'? What's this foo at the end?
[07:10:25] <Colgate> foo is your account name
[07:10:30] <User_9770> Ah.
[07:10:51] <User_9770> fffffet.
[07:11:15] <User_9770> ...
[07:11:19] * User_9770 face hooves.
[07:11:35] <User_9770> What if I forgot both my password and username?
[07:11:39] <User_9770> Wait.
[07:11:50] <Colgate> then uh, can't help you
[07:12:08] <User_9770> Fffffffet.
[07:12:10] <Colgate> your username is your nick
[07:12:39] <User_9770> Yeah, I know... But it's saying that Jetblack is not registered.
[07:13:45] <Colgate> doesn't appear to have ever been registered
[07:13:53] <Colgate> or at least not recently
[07:14:05] <User_9770> What about Heartbreak?
[07:15:37] <Colgate> I think the account you are looking for is jet_black
[07:15:54] <Colgate> which also expired
[07:16:13] <Colgate> ~9 days ago
[07:16:19] <Colgate> so you will have to reregister
[07:16:49] <User_9770> Yay!
[07:17:30] <User_9770> At least that explains all that. So. *gives big eyes to Colgate* can you run me through how that works again?
[07:18:32] <Colgate> /nick to the nick you want, then use /nickserv register passwordhere emailhere
[07:19:07] *** User_9770 is now known as Heartbreak
[07:21:03] <Heartbreak> May I give you a hug, Colgate?
[07:21:04] <Colgate> check the email account you registered with for the verification code, it is just a thing you can copy+paste into irc
[07:21:21] <Heartbreak> I mean, yeah, you're doing your job, but still that was relatively painless.
[07:21:46] <Colgate> maybe at bronycon, can't believe that's less than a week away now :O
[07:22:26] <Heartbreak> I wish I could go...
[07:22:32] <Heartbreak> Where the fet is Bronycon?
[07:24:08] <Colgate> baltimore
[07:25:14] <Heartbreak> Nope... However you can maybe find me and JetBlack at the convention in Minnesota.
[07:48:29] *** RedHelper is now known as Creeps|AFK
[07:55:50] *** Quits: Persona (Tilde@Pony-g8ahnu.res.rr.com) (Ping timeout: 121 seconds)
[08:03:55] *** Joins: Alcoholicorn (Alcoholicor@Pony-55oq0s.pool.hargray.net)
[08:16:53] *** Joins: Wicked_Wings2 (the-dark-pe@Pony-rccrdb.sub-75-199-206.myvzw.com)
[08:17:01] *** N|Afk is now known as N|Afkish
[08:18:26] *** Quits: Wicked_Wings (the-dark-pe@Pony-rccrdb.sub-75-199-206.myvzw.com) (Killed (NickServ (GHOST command used by Wicked_Wings2)))
[08:18:30] *** Wicked_Wings2 is now known as Wicked_Wings
[08:32:00] *** Joins: Wicked_Wings2 (the-dark-pe@Pony-rccrdb.sub-75-199-206.myvzw.com)
[08:32:19] *** Quits: Wicked_Wings (the-dark-pe@Pony-rccrdb.sub-75-199-206.myvzw.com) (Killed (NickServ (GHOST command used by Wicked_Wings2)))
[08:32:23] *** Wicked_Wings2 is now known as Wicked_Wings
[08:34:52] *** N|Afkish is now known as Nell
[08:40:53] *** Nell is now known as Nell|Noservice
[08:51:18] *** Nell|Noservice is now known as N|Afk
[09:43:13] *** Quits: Wicked_Wings (the-dark-pe@Pony-rccrdb.sub-75-199-206.myvzw.com) (Ping timeout: 121 seconds)
[09:59:59] <wulfricchaser>  /msg NickServ VERIFY REGISTER wulfricchaser zoqnymcakeom
[10:01:01] <wulfricchaser> huh
[10:03:03] *** Joins: PotatoRicer (~WebChat@Pony-tdk74b.wa.comcast.net)
[10:03:34] *** PotatoRicer is now known as Pony_26963
[10:04:38] *** Pony_26963 is now known as PotatoRicer
[10:19:50] *** Quits: Heartbreak (etjhmqznpky@Pony-uv0q4j.dh9f.9eco.0446.2601.IP) (Connection closed)
[10:35:21] *** Quits: wulfricchaser (~WebChat@Pony-3bjic9.sntcca.sbcglobal.net) (Quit: Page closed)
[11:18:11] *** N|Afk is now known as Halcyon
[11:36:26] *** Quits: PotatoRicer (~WebChat@Pony-tdk74b.wa.comcast.net) (Quit: Page closed)
[12:02:07] *** Silverlight is now known as Silverlight|away
[12:15:17] *** Halcyon is now known as Null
[12:18:04] *** Quits: Alcoholicorn (Alcoholicor@Pony-55oq0s.pool.hargray.net) (Ping timeout: 121 seconds)
[12:30:25] *** Joins: Alcoholicorn (Alcoholicor@Pony-55oq0s.pool.hargray.net)
[13:29:16] *** Eventide|Sleepies is now known as Eventide
[13:31:09] *** Null is now known as Halcyon
[13:41:39] *** Quits: Mike_Coltfield (Larscis@colt.in.the.rain) (Quit: Well, that was unexpected...)
[13:47:41] *** Joins: Mike_Coltfield (Larscis@colt.in.the.rain)
[13:47:41] *** Celestia sets mode: +o Mike_Coltfield
[16:26:55] *** Awaykitty is now known as Unixkitty
[16:56:28] *** Unixkitty is now known as Awaykitty
[18:06:29] *** Gigaway is now known as Gigabit
[18:22:55] *** Quits: Alcoholicorn (Alcoholicor@Pony-55oq0s.pool.hargray.net) (Connection closed)
[18:28:44] *** ama|sleep is now known as amaway
[18:33:26] *** Joins: Wicked_Wings (the-dark-pe@Pony-f3u4qm.sub-75-246-75.myvzw.com)
[18:44:18] *** Joins: Persona (Tilde@Pony-g8ahnu.res.rr.com)
[18:49:20] *** Halcyon is now known as N|AFK
[18:54:35] *** Joins: Belmor (WebChat@Pony-kuel2q.ok.shawcable.net)
[19:10:43] *** Quits: Belmor (WebChat@Pony-kuel2q.ok.shawcable.net) (Quit: Page closed)
[19:46:53] *** iam[a]lion is now known as iamalion
[20:13:51] *** N|AFK is now known as Halcyon
[20:32:43] *** afkshi is now known as Fluttershi
[21:44:47] *** Joins: Sevenfour (~WebChat@Pony-l3ic6h.moblal.sbcglobal.net)
[22:00:57] *** Halcyon is now known as Nell|sotired
[22:20:27] *** Nell|sotired is now known as Halcyon
[23:00:45] *** Quits: Lapsus (Lapsus@i-forget.ca) (Connection closed)
[23:03:12] *** Joins: Wicked_Wings2 (the-dark-pe@Pony-f3u4qm.sub-75-246-75.myvzw.com)
[23:03:36] *** Quits: Wicked_Wings (the-dark-pe@Pony-f3u4qm.sub-75-246-75.myvzw.com) (Killed (NickServ (GHOST command used by Wicked_Wings2)))
[23:03:37] *** Wicked_Wings2 is now known as Wicked_Wings
[23:13:38] *** Halcyon is now known as Null
[23:33:13] *** Creeps|AFK is now known as RedHelper
[23:34:17] *** amaway is now known as ama|busy
[23:35:38] *** Joins: Lapsus (Lapsus@i-forget.ca)
