[00:00:01] *** Quits: ColtonDRG-Core_ (coltondrg@Pony-l1q71s.mpls.qwest.net) (Ping timeout: 121 seconds)
[00:01:07] *** Joins: ColtonDRG-Core_ (coltondrg@Pony-l1q71s.mpls.qwest.net)
[00:01:32] *** Quits: ColtonDRG-Core__ (coltondrg@Pony-l1q71s.mpls.qwest.net) (Ping timeout: 121 seconds)
[00:02:40] *** Joins: ColtonDRG-Core__ (coltondrg@Pony-l1q71s.mpls.qwest.net)
[00:02:42] *** Null is now known as Nelll
[00:02:55] *** Quits: ColtonDRG (coltondrg@ColtonDRG.is.best.pony) (Ping timeout: 121 seconds)
[00:04:03] *** Joins: ColtonDRG (coltondrg@ColtonDRG.is.best.pony)
[00:04:27] *** Quits: ColtonDRG-Core (coltondrg@ColtonDRG.is.best.pony) (Ping timeout: 121 seconds)
[00:05:27] *** Joins: ColtonDRG-Core (coltondrg@ColtonDRG.is.best.pony)
[00:05:39] *** Quits: ColtonDRG-Core_ (coltondrg@Pony-l1q71s.mpls.qwest.net) (Ping timeout: 121 seconds)
[00:05:41] *** Nelll is now known as Nelllllllllllllll
[00:06:58] *** Joins: ColtonDRG-Core_ (coltondrg@Pony-l1q71s.mpls.qwest.net)
[00:07:11] *** Quits: ColtonDRG-Core__ (coltondrg@Pony-l1q71s.mpls.qwest.net) (Ping timeout: 121 seconds)
[00:08:31] *** Joins: ColtonDRG-Core__ (coltondrg@Pony-l1q71s.mpls.qwest.net)
[00:08:34] *** Quits: ColtonDRG (coltondrg@ColtonDRG.is.best.pony) (Ping timeout: 121 seconds)
[00:09:51] *** Nelllllllllllllll is now known as Nelliel
[00:09:54] *** Joins: ColtonDRG (coltondrg@ColtonDRG.is.best.pony)
[00:10:01] *** Quits: ColtonDRG-Core (coltondrg@ColtonDRG.is.best.pony) (Ping timeout: 121 seconds)
[00:11:12] *** Joins: ColtonDRG-Core (coltondrg@ColtonDRG.is.best.pony)
[00:11:30] *** Quits: ColtonDRG-Core_ (coltondrg@Pony-l1q71s.mpls.qwest.net) (Ping timeout: 121 seconds)
[00:12:33] *** Joins: ColtonDRG-Core_ (coltondrg@Pony-l1q71s.mpls.qwest.net)
[00:13:02] *** Quits: ColtonDRG-Core__ (coltondrg@Pony-l1q71s.mpls.qwest.net) (Ping timeout: 121 seconds)
[00:14:04] *** Joins: ColtonDRG-Core__ (coltondrg@Pony-l1q71s.mpls.qwest.net)
[00:14:25] *** Quits: ColtonDRG (coltondrg@ColtonDRG.is.best.pony) (Ping timeout: 121 seconds)
[00:15:28] *** Joins: ColtonDRG (coltondrg@ColtonDRG.is.best.pony)
[00:15:46] *** Quits: ColtonDRG-Core (coltondrg@ColtonDRG.is.best.pony) (Ping timeout: 121 seconds)
[00:16:57] *** Joins: ColtonDRG-Core (coltondrg@ColtonDRG.is.best.pony)
[00:17:05] *** Quits: ColtonDRG-Core_ (coltondrg@Pony-l1q71s.mpls.qwest.net) (Ping timeout: 121 seconds)
[00:18:30] *** Joins: ColtonDRG-Core_ (coltondrg@Pony-l1q71s.mpls.qwest.net)
[00:18:36] *** Quits: ColtonDRG-Core__ (coltondrg@Pony-l1q71s.mpls.qwest.net) (Ping timeout: 121 seconds)
[00:19:05] *** Quits: ColtonDRG-Core_ (coltondrg@Pony-l1q71s.mpls.qwest.net) (G-Lined: Fix your connection.)
[00:19:05] *** Quits: ColtonDRG (coltondrg@ColtonDRG.is.best.pony) (G-Lined: Fix your connection.)
[00:19:05] *** Quits: ColtonDRG-Core (coltondrg@ColtonDRG.is.best.pony) (G-Lined: Fix your connection.)
[00:40:18] *** Nelliel is now known as BlackCat
[00:41:50] *** Joins: Pony_4 (WebChat@Pony-005.gro.248.50.IP)
[00:41:54] *** Pony_4 is now known as MissChief
[01:10:19] *** Gigabit is now known as GigaWalk
[01:34:11] *** Quits: wolfyshy (woof@fluttering.shyly.through.the.forest) (Ping timeout: 121 seconds)
[01:35:19] *** Quits: Ashley (Ashfire@Ashfire.bronytv.net) (Ping timeout: 121 seconds)
[01:35:36] *** Joins: Ashley (Ashfire@Pony-qppoca.dusky.horse)
[01:37:25] *** BlackCat is now known as Null
[01:58:01] *** GigaWalk is now known as Gigabit
[02:34:36] *** Joins: LightningCrash (lightning@Pony-3k02m8.tcso.qwest.net)
[02:44:40] *** Null is now known as Nell
[02:44:49] *** Nell is now known as Nelliel
[02:48:04] *** Quits: Q0 (Q0@literallyshit.net) (Ping timeout: 121 seconds)
[02:49:32] *** Joins: Q0 (Q0@Pony-0m7faa.vtfe.qoe9.0601.2601.IP)
[03:29:18] <Moonlightning> Is the new cert issued by the same CA?
[03:31:41] <Colgate> yes
[03:32:57] *** Joins: Alcoholicorn (Alcoholicor@Pony-55oq0s.pool.hargray.net)
[04:17:50] *** Joins: User_4667 (tqbrjfcbknq@Pony-85jv53.phnx.qwest.net)
[04:18:07] <User_4667> how do i get back in a channel?
[04:18:28] <Seoson> /join #channel
[04:18:36] *** Quits: LightningCrash (lightning@property.of.moonlightning) (Ping timeout: 121 seconds)
[04:18:47] <Seoson> Unless you're banned
[04:19:34] <User_4667> i was banned from a channel how do i get back in
[04:19:51] <Colgate> you can't until they unban you
[04:19:52] <Gigabit> Talk to the channel owner would be the only way then
[04:20:13] <User_4667> how long do i have to wait till they unban me
[04:20:17] <RedHelper> I see User_4667 was banned in EQD
[04:20:42] <Colgate> /shrug, up to the channel, could be in 5 minutes, could be never
[04:20:43] <RedHelper> Banned: Random accusations of scamming
[04:21:25] <User_4667> yes that was me it was a joke i was playing with anther user and another user banned me
[04:22:47] <User_4667> so am i back in?
[04:23:05] <RedHelper> Well they didn't remove the ban.
[04:23:11] <Seoson> Write a statement that you're truely sorry and won't repeat it - maybe somebody here is so kind to forward it.
[04:23:39] <User_4667> yes tell them iam sorry i didnt mean for he joke to go that far
[04:24:14] <Seoson> Maybe they will unban you -  maybe not ... Wait a few moments
[04:24:50] <User_4667> thanks for your service. 
[04:25:21] *** Quits: User_4667 (tqbrjfcbknq@Pony-85jv53.phnx.qwest.net) (Quit: lightIRC.com Flash IRC Client)
[04:27:32] *** Quits: Alcoholicorn (Alcoholicor@Pony-55oq0s.pool.hargray.net) (Ping timeout: 121 seconds)
[04:29:16] *** Joins: Alcoholicorn (Alcoholicor@Pony-55oq0s.pool.hargray.net)
[04:31:38] *** Joins: LightningCrash (lightning@Pony-3k02m8.tcso.qwest.net)
[04:39:22] *** Joins: ADragonDreaming (BigPapa@Pony-o6d2k2.mi.comcast.net)
[04:41:07] *** Parts: ADragonDreaming (BigPapa@Pony-o6d2k2.mi.comcast.net) ()
[05:10:44] *** Joins: AuroNight (AuroNight@Pony-uaf.6q7.62.186.IP)
[05:11:00] *** Parts: AuroNight (AuroNight@Pony-uaf.6q7.62.186.IP) ()
[05:24:46] *** Quits: Alcoholicorn (Alcoholicor@Pony-55oq0s.pool.hargray.net) (Ping timeout: 121 seconds)
[05:26:00] *** ama|work is now known as ama
[05:43:34] *** Joins: Alcoholicorn (Alcoholicor@Pony-55oq0s.pool.hargray.net)
[06:02:04] *** Quits: TSparkle3395 (TSparkle339@Owner.ARBronyRadio.com) (Quit: Leaving)
[06:05:51] *** Joins: TSparkle3395 (TSparkle339@Owner.ARBronyRadio.com)
[06:21:00] *** Fluttershi is now known as afkshi
[06:55:33] *** Nelliel is now known as Null
[06:57:23] *** Quits: Persona (Tilde@Pony-fup8bu.78km.c1tq.6000.2605.IP) (Ping timeout: 121 seconds)
[07:07:50] *** RedHelper is now known as Creeps|AFK
[07:14:36] *** Quits: LightningCrash (lightning@property.of.moonlightning) (Quit: The Nightmares will collide. And become a dream. <3)
[08:12:06] *** Quits: Apple_Bloom (sid52418@the.canon.pony) (Ping timeout: 121 seconds)
[08:13:11] *** Quits: Q0 (Q0@literallyshit.net) (Ping timeout: 121 seconds)
[08:16:41] *** Joins: Apple_Bloom (sid52418@the.canon.pony)
[08:18:46] *** Joins: Q0 (Q0@Pony-0m7faa.vtfe.qoe9.0601.2601.IP)
[08:35:03] *** Quits: Q0 (Q0@literallyshit.net) (Ping timeout: 121 seconds)
[08:40:27] *** Null is now known as Nell
[08:56:43] *** Quits: Silverlight (silverlight@voiceofequestria.com) (Connection closed)
[08:58:10] *** Joins: Q0 (Q0@Pony-0m7faa.vtfe.qoe9.0601.2601.IP)
[08:59:13] *** Joins: Silverlight (silverlight@Pony-1d7k34.res.rr.com)
[09:06:34] *** iamalion is now known as iam[a]lion
[09:07:20] *** Quits: Mike_Coltfield (Larscis@colt.in.the.rain) (Connection closed)
[09:07:50] *** Joins: Mike_Coltfield (Larscis@colt.in.the.rain)
[09:07:50] *** Celestia sets mode: +o Mike_Coltfield
[09:53:35] *** ama is now known as ama|sleep
[10:31:20] *** Joins: Scrunchface (none@the.derptown.express)
[12:22:20] *** Quits: MorningSong (Dusk@dusky.horse) (A TLS packet with unexpected length was received.)
[12:22:20] *** Quits: Ashley (Ashfire@Ashfire.bronytv.net) (A TLS packet with unexpected length was received.)
[12:49:39] *** Joins: Ashley (Ashfire@Pony-qppoca.dusky.horse)
[13:01:50] *** Joins: Dusk (Dusk@dusky.horse)
[13:09:29] *** Dusk is now known as MorningSng
[13:09:31] *** MorningSng is now known as MorningSong
[13:20:57] *** Quits: Alcoholicorn (Alcoholicor@Pony-55oq0s.pool.hargray.net) (Ping timeout: 121 seconds)
[13:24:01] *** Quits: Finwe (vhalkola@Pony-bs4ovt.org.aalto.fi) (Ping timeout: 121 seconds)
[13:24:18] *** Joins: Finwe (vhalkola@Pony-bs4ovt.org.aalto.fi)
[13:54:39] *** Joins: McKey (Kordus@Pony-1k27j6.antyklay.pl)
[13:55:08] *** Server sets mode: +ACJPSTfnt 30 4:5
[14:10:21] *** MorningSong is now known as Dusk
