[00:00:03] *** Joins: Zuzu (zuzu@is.robo.licious)
[00:04:58] *** Joins: Mike_Coltfield (Larscis@colt.in.the.rain)
[00:04:58] *** Celestia sets mode: +o Mike_Coltfield
[00:05:15] *** Quits: Zuzu (zuzu@is.robo.licious) (Ping timeout: 121 seconds)
[00:06:03] *** Joins: Zuzu (zuzu@is.robo.licious)
[00:12:41] *** Joins: P007 (WebChat@Pony-vghtdo.vc.shawcable.net)
[00:21:22] *** Quits: Zuzu (zuzu@is.robo.licious) (Ping timeout: 121 seconds)
[00:22:33] *** Joins: Zuzu (zuzu@is.robo.licious)
[00:26:23] *** Toothie|AFK is now known as Toothie
[00:45:23] *** Quits: T_K (~WebChat@Pony-8ujf9q.sntcca.sbcglobal.net) (Ping timeout: 121 seconds)
[00:50:00] *** Quits: Zuzu (zuzu@is.robo.licious) (Ping timeout: 121 seconds)
[00:51:01] *** Joins: Zuzu (zuzu@is.robo.licious)
[01:14:16] *** Joins: T_K (WebChat@Pony-jj8.u0i.170.166.IP)
[01:14:26] *** Quits: Zuzu (zuzu@is.robo.licious) (Ping timeout: 121 seconds)
[01:14:35] *** T_K is now known as Citrio
[01:15:28] *** Joins: Zuzu (zuzu@is.robo.licious)
[01:38:51] *** Quits: Zuzu (zuzu@is.robo.licious) (Ping timeout: 121 seconds)
[01:39:59] *** Joins: Zuzu (zuzu@is.robo.licious)
[01:42:01] *** Toothie is now known as Opaque
[01:57:11] *** Joins: GigabitPony (Gigabit@Bazinga)
[02:01:15] *** Joins: Pony_0 (WebChat@Pony-shis78.ca.comcast.net)
[02:02:03] *** Joins: Pony_3 (WebChat@Pony-shis78.ca.comcast.net)
[02:02:48] *** Quits: Citrio (WebChat@Pony-jj8.u0i.170.166.IP) (Ping timeout: 121 seconds)
[02:03:03] *** Pony_3 is now known as Citrio
[02:05:22] *** Quits: Pony_0 (WebChat@Pony-shis78.ca.comcast.net) (Ping timeout: 121 seconds)
[02:07:35] *** Quits: Zuzu (zuzu@is.robo.licious) (Ping timeout: 121 seconds)
[02:08:39] *** Citrio is now known as T_K
[02:08:58] *** Joins: Zuzu (zuzu@is.robo.licious)
[02:09:00] *** Joins: Pony_8 (WebChat@Pony-shis78.ca.comcast.net)
[02:09:11] *** Pony_8 is now known as Citrio
[02:16:05] *** Quits: Mike_Coltfield (Larscis@colt.in.the.rain) (Quit: Well, that was unexpected...)
[02:16:31] *** Joins: Mike_Coltfield (Larscis@colt.in.the.rain)
[02:16:31] *** Celestia sets mode: +o Mike_Coltfield
[02:16:35] *** Quits: Mike_Coltfield (Larscis@colt.in.the.rain) (Connection closed)
[02:16:40] *** Joins: Mike_Coltfield (Larscis@colt.in.the.rain)
[02:16:40] *** Celestia sets mode: +o Mike_Coltfield
[02:28:40] *** Quits: Silverlight (silverlight@voiceofequestria.com) (Connection closed)
[02:29:47] *** GigabitPony is now known as Gigabit
[02:34:21] *** Joins: Silverlight (silverlight@Pony-1d7k34.res.rr.com)
[02:34:44] *** Quits: Zuzu (zuzu@is.robo.licious) (Ping timeout: 121 seconds)
[02:35:55] *** Joins: Zuzu (zuzu@is.robo.licious)
[02:49:45] *** Pony_1559 is now known as Princess_Pwny
[03:01:50] *** Seoson is now known as Seoson|BNC
[03:11:41] *** Quits: Citrio (WebChat@Pony-shis78.ca.comcast.net) (Quit: Page closed)
[03:15:40] *** Quits: T_K (WebChat@Pony-shis78.ca.comcast.net) (Ping timeout: 121 seconds)
[03:27:41] *** Quits: Zuzu (zuzu@is.robo.licious) (Ping timeout: 121 seconds)
[03:28:55] *** Joins: Zuzu (zuzu@is.robo.licious)
[03:53:01] *** Quits: Zuzu (zuzu@is.robo.licious) (Ping timeout: 121 seconds)
[03:54:00] *** Joins: Zuzu (zuzu@is.robo.licious)
[04:31:50] *** Opaque is now known as Toothpaste
[05:30:28] *** Quits: Toothpaste (uid63062@Pony-7k7osr.irccloud.com) (Quit: 116 - Temptation. Best. Song.)
[05:42:34] *** ama|bnc is now known as ama
[05:59:13] *** Gigabit is now known as worthless
[06:32:00] *** Quits: Silverlight (silverlight@voiceofequestria.com) (Connection closed)
[06:32:36] *** RedHelper is now known as Creeps|AFK
[06:34:19] *** Joins: Silverlight (silverlight@Pony-1d7k34.res.rr.com)
[07:59:39] *** Joins: Personifire (Tilde@Pony-v72r8a.res.rr.com)
[08:02:30] *** Quits: Persona (Tilde@Pony-rgrlnu.78km.c1tq.6000.2605.IP) (Ping timeout: 121 seconds)
[08:24:25] *** Eventide is now known as Eventide|Sleepies
[08:52:41] *** iamalion is now known as iam[a]lion
[09:43:08] *** Quits: ColtonDRG (coltondrg@ColtonDRG.is.best.pony) (Ping timeout: 121 seconds)
[09:43:29] *** Joins: ColtonDRG (coltondrg@Pony-6fvngb.0k2n.a1t0.00b8.2602.IP)
[09:43:46] *** Quits: ColtonDRG (coltondrg@Pony-6fvngb.0k2n.a1t0.00b8.2602.IP) (Quit: Rebooting things.)
[10:01:53] *** Joins: ColtonDRG (coltondrg@ColtonDRG.is.best.pony)
[10:34:17] *** Quits: Zuzu (zuzu@is.robo.licious) (Ping timeout: 121 seconds)
[12:46:09] *** Joins: Zuzu (zuzu@is.robo.licious)
[13:09:35] *** Quits: Zuzu (zuzu@is.robo.licious) (Ping timeout: 121 seconds)
[13:10:59] *** Joins: Zuzu (zuzu@is.robo.licious)
[13:17:03] *** Quits: Zuzu (zuzu@is.robo.licious) (Ping timeout: 121 seconds)
[13:18:16] *** Joins: Zuzu (zuzu@is.robo.licious)
[13:44:20] *** Joins: Midnight_Lilly (uid68367@Pony-iqpu60.ealing.irccloud.com)
[14:00:37] *** Quits: Zuzu (zuzu@is.robo.licious) (Ping timeout: 121 seconds)
[14:02:23] *** Joins: Zuzu (zuzu@is.robo.licious)
[14:41:00] *** Seoson|BNC is now known as Seoson
[15:07:33] *** Quits: Alcoholicorn (Alcoholicor@Pony-55oq0s.pool.hargray.net) (Ping timeout: 121 seconds)
[15:58:57] *** Joins: Fluttershoof (WebChat@Pony-rnd.355.13.185.IP)
[16:03:48] *** Quits: Midnight_Lilly (uid68367@Pony-iqpu60.ealing.irccloud.com) (Quit: Connection closed for inactivity)
[16:04:41] *** Quits: Fluttershoof (WebChat@Pony-rnd.355.13.185.IP) (Ping timeout: 121 seconds)
[16:13:13] *** Joins: V|RuS (mibbit@Innocent.Admin.Of.GupShupCorner.com)
[16:13:16] <V|RuS> hi
[16:13:18] <V|RuS> how are you all
[16:13:29] <V|RuS> Shutter Colgate
[16:13:54] <V|RuS> Duck
[16:13:56] <V|RuS> Dusk
[16:14:23] <V|RuS> any one here for help ?
[16:14:31] <Duck> Greetings, how can I be of assistance
[16:14:52] <V|RuS> Duck appleid for v host need approval
[16:15:28] <Duck> V|RuS: The only thing I'm going to tell you to do is wait for the vhost to be approved, that's basically how it works
[16:15:55] <V|RuS> Duck .. ppl here know me and understands me
[16:16:08] <V|RuS> shutter Colgate Dusk they know me
[16:16:18] <V|RuS> and they are very respectable for me
[16:16:25] <V|RuS> AppleDash
[16:16:31] <Duck> That's cool, but that doesn't change the fact that waiting needs to happen
[16:16:32] * V|RuS slaps Fair_Friend around a bit with a large trout
[16:17:02] <V|RuS> if any one is available
[16:17:08] <V|RuS> i will be helped i think
[16:18:24] <V|RuS> i think no one is available at the momment
[16:18:28] <V|RuS> :(
[16:18:38] <Duck> Cool. Guess what that means you have to do.
[16:18:39] <Duck> ;)
[16:18:44] *** V|RuS is now known as DiL
[16:25:42] *** Joins: Midnight_Lilly (uid68367@Pony-iqpu60.ealing.irccloud.com)
[16:39:37] *** Eventide|Sleepies is now known as Eventide
[16:54:02] *** worthless is now known as GigaWork
[16:58:45] *** Parts: DiL (mibbit@Innocent.Admin.Of.GupShupCorner.com) ()
[17:12:46] *** ama is now known as ama|work
[17:48:45] *** Quits: Personifire (Tilde@Pony-v72r8a.res.rr.com) (Quit: Goodbye!)
[18:19:02] *** Midnight_Lilly is now known as DinkyDoo
[18:26:28] *** Quits: Zuzu (zuzu@is.robo.licious) (Ping timeout: 121 seconds)
[18:27:58] *** Joins: Zuzu (zuzu@is.robo.licious)
[18:44:41] *** DinkyDoo is now known as Midnight_Lilly
[19:30:57] *** iam[a]lion is now known as iamalion
[20:17:25] *** Joins: Alcoholicorn (Alcoholicor@Pony-55oq0s.pool.hargray.net)
[21:50:48] *** Quits: Eventide (uid61788@Tips.Fedora) (Quit: )
[22:10:27] *** Joins: Persona (Tilde@Pony-u72voo.78km.c1tq.6000.2605.IP)
[22:21:07] *** Joins: Pony_0 (~WebChat@Pony-5r3.l85.178.12.IP)
[22:21:20] *** Parts: Pony_0 (~WebChat@Pony-5r3.l85.178.12.IP) ("")
[22:24:28] *** Creeps|AFK is now known as RedHelper
[22:38:20] *** Joins: Eventide (uid61788@Tips.Fedora)
[23:40:10] *** Joins: Pony_3 (WebChat@Pony-j57.u0i.170.166.IP)
[23:44:12] *** Quits: Pony_3 (WebChat@Pony-j57.u0i.170.166.IP) (Ping timeout: 121 seconds)
