[00:04:15] *** Quits: Alcoholicorn (Alcoholicor@Pony-55oq0s.pool.hargray.net) (Ping timeout: 121 seconds)
[02:05:48] *** Joins: Alcoholicorn (Alcoholicor@Pony-55oq0s.pool.hargray.net)
[03:10:01] *** Joins: Pony_2 (WebChat@Pony-7lm.ch9.139.175.IP)
[03:10:17] *** Pony_2 is now known as Cyan_Spark
[03:12:32] *** Parts: Cyan_Spark (WebChat@incidental.unicorn.Cyan_Spark) ("")
[03:28:40] *** Quits: Alcoholicorn (Alcoholicor@Pony-55oq0s.pool.hargray.net) (Ping timeout: 121 seconds)
[04:34:29] *** Quits: Princess_Pwnyy (Canternet@Canterlot.Castle) (Quit: !oooW)
[05:10:32] *** Eventide is now known as Eventide|Sleepies
[05:21:21] *** Joins: Princess_Pwny (Pwny@Canterlot.Castle)
[05:32:08] *** Joins: Alcoholicorn (Alcoholicor@Pony-55oq0s.pool.hargray.net)
[06:32:54] *** Mike_Coltfield is now known as Larscis
[06:37:42] *** Joins: Warrior9853 (WebChat@Pony-904vdv.res.rr.com)
[06:42:06] <Warrior9853> How old is Caternet?
[06:42:14] <Warrior9853> Canternet?
[06:45:32] <Fluttershi> hm... somewhere between 4 or 5 years i assume, bit closer to 4 then 5
[06:46:13] <Warrior9853> Ok, who had the idea?
[06:46:33] * Fluttershi shrugs
[06:46:40] <Warrior9853> And what are the major chat sites?
[06:46:49] <Fluttershi> sites?
[06:47:01] <Warrior9853> The damn.....
[06:47:21] <Warrior9853> channels
[06:47:40] *** Silverlight|away is now known as Silverlight
[06:48:16] <Fluttershi> /list
[06:48:24] <Warrior9853> So I'm guessing the top channels are on the new episodes?
[06:49:20] <Colgate> 4 years
[06:50:43] <Warrior9853> How is the fandom coming along with new things?
[06:53:27] <Warrior9853> who can I chat with on some things?
[07:53:26] *** Quits: Warrior9853 (WebChat@Pony-904vdv.res.rr.com) (Quit: Page closed)
[07:56:01] *** Quits: Alcoholicorn (Alcoholicor@Pony-55oq0s.pool.hargray.net) (Ping timeout: 121 seconds)
[08:16:53] *** Joins: Alcoholicorn (Alcoholicor@Pony-55oq0s.pool.hargray.net)
[08:27:44] *** Quits: Alcoholicorn (Alcoholicor@Pony-55oq0s.pool.hargray.net) (Ping timeout: 121 seconds)
[08:41:13] *** Eventide|Sleepies is now known as Eventide
[09:34:48] *** Quits: Ashley (Ashfire@Ashfire.bronytv.net) (Ping timeout: 121 seconds)
[09:35:31] *** Quits: Dusk (Dusk@dusky.horse) (Quit: Sorry, but sometimes people need a break. I'm gonna focus on life for a day or so, cya on the other side!)
[09:35:44] *** Quits: Sakura (Sakura@is.a.very.derpy.pony) (Ping timeout: 121 seconds)
[09:35:48] *** Quits: AppleDash (appled@dusks.adorable.pet.pegasus) (Ping timeout: 121 seconds)
[09:36:42] *** Quits: Dustrunner (eventide@Tips.Fedora) (Ping timeout: 121 seconds)
[09:37:03] *** Quits: wolfyshy (woof@fluttering.shyly.through.the.forest) (Ping timeout: 121 seconds)
[09:38:20] *** Joins: Sakura (Sakura@Pony-fkc.i75.99.192.IP)
[09:39:04] *** Joins: Dusk (Dusk@dusky.horse)
[09:39:05] *** Joins: Pony_9306 (eventide@Pony-9nm.fgd.50.198.IP)
[09:39:17] *** Sakura is now known as Pony_85930
[09:46:41] *** Joins: Ashley (Ashfire@Pony-fkc.i75.99.192.IP)
[09:47:37] *** Joins: AppleDash (appled@dusks.adorable.pet.pegasus)
[13:08:23] *** Quits: nnnn20430 (nnnn20430@mindcraft.si.eu.org) (Ping timeout: 121 seconds)
[13:26:24] *** Joins: nnnn20430 (nnnn20430@mindcraft.si.eu.org)
[16:04:47] *** Joins: Alcoholicorn (Alcoholicor@Pony-55oq0s.pool.hargray.net)
[16:56:42] *** Quits: Alcoholicorn (Alcoholicor@Pony-55oq0s.pool.hargray.net) (Ping timeout: 121 seconds)
[17:39:28] *** Pony_85930 is now known as Sakura
[17:50:46] *** Larscis is now known as Mike_Coltfield
[18:04:47] *** Joins: Alcoholicorn (Alcoholicor@Pony-55oq0s.pool.hargray.net)
[18:15:25] *** Quits: Alcoholicorn (Alcoholicor@Pony-55oq0s.pool.hargray.net) (Ping timeout: 121 seconds)
[18:40:34] *** Joins: Alcoholicorn (Alcoholicor@Pony-55oq0s.pool.hargray.net)
[19:02:21] *** Quits: Alcoholicorn (Alcoholicor@Pony-55oq0s.pool.hargray.net) (Ping timeout: 121 seconds)
[19:08:41] *** Joins: Alcoholicorn (Alcoholicor@Pony-55oq0s.pool.hargray.net)
[19:25:11] *** GigaWork is now known as Gigabit
[19:46:00] *** Quits: Alcoholicorn (Alcoholicor@Pony-55oq0s.pool.hargray.net) (Ping timeout: 121 seconds)
[19:48:13] *** Gigabit is now known as gigaway
[21:14:33] *** Joins: _D45h_ (~WebChat@Pony-6rebbf.dyn.suddenlink.net)
[21:15:05] *** Quits: _D45h_ (~WebChat@Pony-6rebbf.dyn.suddenlink.net) (Quit: Page closed)
[21:20:37] *** Joins: EM-C (WebChat@Pony-29eemt.mem.bellsouth.net)
[21:22:53] *** Parts: EM-C (WebChat@Pony-29eemt.mem.bellsouth.net) ("")
[21:27:49] *** Pony_9306 is now known as Dustrunner
[22:03:13] *** Joins: Alcoholicorn (Alcoholicor@Pony-55oq0s.pool.hargray.net)
