[00:05:03] *** Joins: TSparkle3395 (TSparkle339@Pony-oas72s.ks.cox.net)
[00:09:08] *** Quits: TSparkle3395 (TSparkle339@Pony-oas72s.ks.cox.net) (Ping timeout: 121 seconds)
[01:46:11] *** Joins: QuantumPocket (uid71401@Pony-un9cbp.charlton.irccloud.com)
[02:19:32] *** Quits: Alcoholicorn (Alcoholicor@Pony-55oq0s.pool.hargray.net) (Ping timeout: 121 seconds)
[02:20:28] *** Joins: Alcoholicorn (Alcoholicor@Pony-55oq0s.pool.hargray.net)
[02:51:59] *** Quits: Persona (Tilde@Pony-g8ahnu.res.rr.com) (Connection closed)
[02:54:27] *** Joins: Persona (Tilde@Pony-g8ahnu.res.rr.com)
[03:10:33] *** Quits: Alcoholicorn (Alcoholicor@Pony-55oq0s.pool.hargray.net) (Ping timeout: 121 seconds)
[04:23:53] *** ama|sleep is now known as ama
[04:41:59] *** Joins: Alcoholicorn (Alcoholicor@Pony-55oq0s.pool.hargray.net)
[04:52:50] *** Quits: Alcoholicorn (Alcoholicor@Pony-55oq0s.pool.hargray.net) (Ping timeout: 121 seconds)
[05:03:29] *** Nexus is now known as NexSleep
[05:14:22] *** Joins: TSparkle3395 (TSparkle339@Pony-oas72s.ks.cox.net)
[06:00:27] *** Eventide is now known as Eventide|Sleepies
[06:17:13] *** GigaWork is now known as Gigabit
[06:37:57] *** RedHelper[NLR] is now known as Creeps|AFK
[06:48:19] *** Joins: Alcoholicorn (Alcoholicor@Pony-55oq0s.pool.hargray.net)
[06:54:20] *** Fluttershi is now known as afkshi
[07:02:45] *** Quits: Starthunder (blackl@property.of.lightningcrash) (Connection closed)
[07:05:09] *** Joins: Starthunder (blackl@property.of.lightningcrash)
[07:07:26] *** Quits: Alcoholicorn (Alcoholicor@Pony-55oq0s.pool.hargray.net) (Ping timeout: 121 seconds)
[07:13:59] *** One-Trick is now known as Octavia
[07:35:01] *** Quits: Dusk (Dusk@dusky.horse) (Quit: I'll try again tomorrow. Maybe it'll hurt less then.)
[07:53:18] *** Quits: QuantumPocket (uid71401@Pony-un9cbp.charlton.irccloud.com) (Quit: Connection closed for inactivity)
[07:58:49] *** ama is now known as ama|sleep
[08:58:52] *** Joins: DatPoneEnthusiast90 (lvrnmybfcgf@Pony-ohg.m1m.143.50.IP)
[08:59:03] <DatPoneEnthusiast90> anyone alive out there
[08:59:39] *** Quits: DatPoneEnthusiast90 (lvrnmybfcgf@Pony-ohg.m1m.143.50.IP) (Quit: lightIRC.com Flash IRC Client)
[09:53:29] *** Quits: Persona (Tilde@Pony-g8ahnu.res.rr.com) (Ping timeout: 121 seconds)
[10:03:47] *** Quits: Ashley (me@Pony-b7jkls.sv08.vg3e.41d0.2001.IP) (Ping timeout: 121 seconds)
[10:09:14] *** Joins: Ashley (me@Pony-b7jkls.sv08.vg3e.41d0.2001.IP)
[10:54:28] *** Awaykitty is now known as Unixkitty
[11:31:00] *** Eventide|Sleepies is now known as Eventide
[11:36:28] *** Quits: Fusl (Fusl@1.0.0.127.in-addr.arpa.li) (Ping timeout: 121 seconds)
[11:40:28] *** Joins: Fusl (Fusl@1.0.0.127.in-addr.arpa.li)
[12:04:15] *** Joins: Dusk (Dusk@Pony-vl0a9o.horse)
[12:11:27] *** Gigabit is now known as GigaZzz
[12:50:41] *** Joins: QuantumPocket (uid71401@Pony-un9cbp.charlton.irccloud.com)
[13:27:28] *** Unixkitty is now known as Awaykitty
[13:30:18] *** Joins: Alcoholicorn (Alcoholicor@Pony-55oq0s.pool.hargray.net)
[13:45:32] *** Joins: CompuDesktop (quassel@snuggly.filly)
[13:45:57] <CompuDesktop> hey irc.canternet.org wont let my laptop reconnect, it says the remote host closed the connection
[13:50:20] *** Quits: Alcoholicorn (Alcoholicor@Pony-55oq0s.pool.hargray.net) (Ping timeout: 121 seconds)
[13:56:32] *** Awaykitty is now known as Unixkitty
[13:59:08] *** Parts: CompuDesktop (quassel@snuggly.filly) ("http://quassel-irc.org - Chat comfortably. Anywhere.")
[14:03:50] *** Joins: Alcoholicorn (Alcoholicor@Pony-55oq0s.pool.hargray.net)
[15:43:14] *** Quits: QuantumPocket (uid71401@Pony-un9cbp.charlton.irccloud.com) (Quit: Connection closed for inactivity)
[15:54:56] *** Quits: Alcoholicorn (Alcoholicor@Pony-55oq0s.pool.hargray.net) (Ping timeout: 121 seconds)
[15:55:49] *** Ashley is now known as test_nick_ash
[15:56:15] *** test_nick_ash is now known as Ashley`
[15:56:43] *** Ashley` is now known as test_nick_ash
[15:58:11] *** test_nick_ash is now known as Ashley`
[15:58:40] *** Ashley` is now known as Pony_63356
[15:58:58] *** Pony_63356 is now known as PrincessAshley
[16:30:12] *** Joins: Alcoholicorn (Alcoholicor@Pony-55oq0s.pool.hargray.net)
[17:13:49] *** ama|sleep is now known as ama|work
[17:21:12] *** Quits: Alcoholicorn (Alcoholicor@Pony-55oq0s.pool.hargray.net) (Ping timeout: 121 seconds)
[17:32:36] *** afkshi is now known as Fluttershi
[18:16:04] *** Joins: Alcoholicorn (Alcoholicor@Pony-55oq0s.pool.hargray.net)
[18:50:58] *** Unixkitty is now known as Awaykitty
[20:24:31] *** Quits: Alcoholicorn (Alcoholicor@Pony-55oq0s.pool.hargray.net) (Ping timeout: 121 seconds)
[20:44:32] *** GigaZzz is now known as GigaWork
[21:16:41] *** Quits: Zuzu (zuzu@is.robo.licious) (Connection closed)
[21:17:28] *** Joins: Zuzu (zuzu@is.robo.licious)
[21:29:12] *** Joins: Persona (Tilde@Pony-g8ahnu.res.rr.com)
[21:30:39] *** Joins: Alcoholicorn (Alcoholicor@Pony-55oq0s.pool.hargray.net)
[22:02:46] *** Joins: Wicked_Wings (the-dark-pe@Pony-kvh9nq.sub-75-216-128.myvzw.com)
[22:03:36] *** Awaykitty is now known as Unixkitty
[22:08:28] *** Quits: Zuzu (zuzu@is.robo.licious) (Connection closed)
[22:25:45] *** Unixkitty is now known as Awaykitty
[23:04:22] *** Quits: Wicked_Wings (the-dark-pe@Pony-kvh9nq.sub-75-216-128.myvzw.com) (Ping timeout: 121 seconds)
[23:18:05] *** Creeps|AFK is now known as RedHelper[NLR]
