[00:38:55] *** DuskNapTime is now known as Dusk
[01:09:17] *** Quits: Melany (WebChat@Pony-09i.7p5.254.74.IP) (Ping timeout: 121 seconds)
[01:10:54] *** Joins: MissCheerilee (MissCheeril@Pony-re68vm.ri.cox.net)
[01:11:28] <MissCheerilee> I lost my channel because I had no internet for a month. Could someone help it get transferred back to me?
[01:21:41] *** Quits: MissCheerilee (MissCheeril@Pony-re68vm.ri.cox.net) (Quit: Leaving)
[01:22:51] *** Joins: MissCheerilee (MissCheeril@Pony-re68vm.ri.cox.net)
[01:28:57] *** Quits: MissCheerilee (MissCheeril@Pony-re68vm.ri.cox.net) (Quit: Leaving)
[01:29:12] *** Joins: MissCheerilee (MissCheeril@Pony-re68vm.ri.cox.net)
[01:57:50] *** amaway is now known as ama
[02:55:54] *** Dusk is now known as Dusk|Workz
[03:31:19] *** Joins: Melany (WebChat@Pony-09i.7p5.254.74.IP)
[03:52:08] *** Quits: Melany (WebChat@Pony-09i.7p5.254.74.IP) (Quit: Page closed)
[04:26:21] *** Quits: Moonlightning (blackl@property.of.lightningcrash) (Connection closed)
[04:28:09] *** Joins: Moonlightning (blackl@property.of.lightningcrash)
[04:42:27] *** iamalion is now known as iam[a]lion
[05:02:02] *** Eventide is now known as Evnetide|Sleepies
[05:04:20] *** Evnetide|Sleepies is now known as Eventide|Sleepies
[05:23:41] *** Quits: Alcoholicorn (Alcoholicor@Pony-55oq0s.pool.hargray.net) (Ping timeout: 121 seconds)
[05:38:22] *** Joins: Nelly (Halcyon@Anonlight.Starsarebeautiful)
[05:38:28] *** Quits: RubyPinch (x@Gem.Stealer) (Quit: eep)
[05:38:45] *** Null is now known as Nell
[05:39:30] *** Nell is now known as Halcyon_Starlight
[05:49:17] *** ama is now known as ama|sleep
[05:55:04] *** Joins: RubyPinch (x@Gem.Stealer)
[05:56:33] *** Joins: Alcoholicorn (Alcoholicor@Pony-55oq0s.pool.hargray.net)
[06:12:32] *** Quits: RubyPinch (x@Gem.Stealer) (Quit: eep)
[06:18:05] *** LightningCrash is now known as Cloud_Kicker
[06:18:06] *** Quits: Cloud_Kicker (lightning@property.of.moonlightning) (Quit: The Nightmares will collide. And become a dream. <3)
[06:18:14] *** ThunderStorm is now known as LightningCrash
[06:21:38] *** Joins: RubyPinch (x@Gem.Stealer)
[06:25:39] *** Joins: JiGgAr (Mibbit@Pony-1sm.op1.32.39.IP)
[06:25:58] *** Quits: RubyPinch (x@Gem.Stealer) (Ping timeout: 121 seconds)
[06:26:05] <JiGgAr> hy please tell the seen command
[06:26:15] <JiGgAr> It is not working
[06:26:21] <JiGgAr> what to do
[06:26:23] <Colgate> the seen command? you mean /whowas?
[06:26:47] <JiGgAr> i mean when he was last online
[06:26:53] <Colgate> /nickserv info?
[06:27:07] <JiGgAr>  !seen nick
[06:27:14] <JiGgAr> this one
[06:27:16] <Colgate> canternet has no such thing
[06:27:24] <Colgate> that is a bot that someone is running, you will have to ask them
[06:27:36] <JiGgAr> bot is not online
[06:27:47] <Colgate> we cannot do anything about that, it isn't our bot
[06:27:55] <JiGgAr> ok sir
[06:27:59] <JiGgAr> thanks
[06:28:15] *** Parts: JiGgAr (Mibbit@Pony-1sm.op1.32.39.IP) ()
[06:32:46] *** iam[a]lion is now known as iamalion
[06:54:40] *** Joins: RubyPinch (x@Pony-a3j.5g7.131.104.IP)
[07:09:23] *** iamalion is now known as iam[a]lion
[07:49:00] *** Fluttershi is now known as afkshi
[08:13:57] *** Quits: Persona (Tilde@Pony-g8ahnu.res.rr.com) (Ping timeout: 121 seconds)
[08:42:34] *** Quits: Alcoholicorn (Alcoholicor@Pony-55oq0s.pool.hargray.net) (Ping timeout: 121 seconds)
[08:54:14] *** Joins: Alcoholicorn (Alcoholicor@Pony-55oq0s.pool.hargray.net)
[09:01:30] *** Quits: Alcoholicorn (Alcoholicor@Pony-55oq0s.pool.hargray.net) (Ping timeout: 121 seconds)
[09:02:18] *** Silverlight is now known as Silverlight|away
[09:07:18] *** Joins: Pony_8 (WebChat@Pony-os8.pmv.252.187.IP)
[09:12:50] *** Parts: Pony_8 (WebChat@Pony-os8.pmv.252.187.IP) ("")
[09:33:09] *** Gigabit is now known as GigaZzz
[09:36:10] *** Nelly is now known as DarkMeow
[09:46:09] *** DarkMeow is now known as Aieamca
[09:46:30] *** Aieamca is now known as Aieamca_Voli
[09:55:23] *** Aieamca_Voli is now known as Nelly|Tires
[11:00:52] *** Quits: Nelly|Tires (Halcyon@Anonlight.Starsarebeautiful) (Ping timeout: 121 seconds)
[11:01:49] *** Joins: Nelly|Tires (Halcyon@Anonlight.Starsarebeautiful)
[11:10:00] *** Dusk|Workz is now known as Dusk
[12:17:09] *** Joins: Alcoholicorn (Alcoholicor@Pony-55oq0s.pool.hargray.net)
[12:19:13] *** Joins: flutterbrony (antoine@Pony-b14ec8.fbx.proxad.net)
[12:27:05] *** Quits: Alcoholicorn (Alcoholicor@Pony-55oq0s.pool.hargray.net) (Ping timeout: 121 seconds)
[12:55:34] *** Halcyon_Starlight is now known as Null
[12:55:44] *** Nelly|Tires is now known as Nully
[13:20:50] *** Dusk is now known as DuskNapTime
[15:18:04] *** Eventide|Sleepies is now known as Eventide
[15:19:24] *** Joins: Alcoholicorn (Alcoholicor@Pony-55oq0s.pool.hargray.net)
[15:24:36] *** Quits: Alcoholicorn (Alcoholicor@Pony-55oq0s.pool.hargray.net) (Ping timeout: 121 seconds)
[15:34:16] *** Joins: Alcoholicorn (Alcoholicor@Pony-55oq0s.pool.hargray.net)
[15:43:22] *** Quits: Alcoholicorn (Alcoholicor@Pony-55oq0s.pool.hargray.net) (Ping timeout: 121 seconds)
[16:38:54] *** Joins: Twiligh42 (JGG_Main@Pony-p42u5f.cable.virginm.net)
[16:41:08] *** Quits: Twiligh42 (JGG_Main@Pony-p42u5f.cable.virginm.net) (Quit: Changing server)
[16:41:09] *** Joins: JGG_Main (JGG_Main@Pony-p42u5f.cable.virginm.net)
[16:42:20] *** JGG_Main is now known as Twilight42
[16:45:24] *** Quits: Twilight42 (JGG_Main@Pony-p42u5f.cable.virginm.net) (Quit: leaving)
[16:53:40] *** LightningCrash is now known as Cloud_Kicker
[16:53:56] *** Joins: LightningCrash (lightning@Pony-bal.gi8.129.65.IP)
[17:11:04] *** Joins: Persona (Tilde@Pony-g8ahnu.res.rr.com)
[17:45:15] *** Silverlight|away is now known as Silverlight
[17:54:46] *** Joins: Pony_1 (WebChat@Pony-p7i7in.dynamic.ziggo.nl)
[17:54:59] *** Quits: Pony_1 (WebChat@Pony-p7i7in.dynamic.ziggo.nl) (Quit: Page closed)
[18:10:05] *** Joins: Alcoholicorn (Alcoholicor@Pony-55oq0s.pool.hargray.net)
[18:13:52] *** Quits: Persona (Tilde@Pony-g8ahnu.res.rr.com) (Connection closed)
[18:24:33] *** Joins: Persona (Tilde@Pony-g8ahnu.res.rr.com)
[18:31:23] *** iam[a]lion is now known as iamalion
[18:46:54] *** ama|sleep is now known as amaway
[18:59:52] *** Joins: Eclypsed (WebChat@Pony-vd5nei.co.comcast.net)
[18:59:55] *** Quits: Eclypsed (WebChat@Pony-vd5nei.co.comcast.net) (Quit: Page closed)
[19:05:38] *** Null is now known as Halcyon_Starlight
[19:06:03] *** Joins: Laps_ (Lapsus@Pony-5m46mf.cable.rogers.com)
[19:07:21] *** Quits: Lapsus (Lapsus@i-forget.ca) (Ping timeout: 121 seconds)
[19:10:29] *** afkshi is now known as Fluttershi
[19:11:33] *** Nully is now known as Aemo
[19:32:25] *** Joins: Pony_0 (~WebChat@Pony-tb926m.wateen.net)
[19:32:56] *** Quits: Pony_0 (~WebChat@Pony-tb926m.wateen.net) (Quit: Page closed)
[19:41:49] *** Quits: Colgate (rabbit@brushie.horse) (Quit: Luna IRC 1.2. Praise the goddess of the night.)
[19:53:06] *** Joins: Colgate (rabbit@brushie.horse)
[19:53:06] *** Celestia sets mode: +ao Colgate Colgate
[20:16:31] *** Aemo is now known as Nully
[20:17:16] *** Halcyon_Starlight is now known as Null
[20:17:23] *** Quits: Nully (Halcyon@Anonlight.Starsarebeautiful) (Quit: Flavour text)
[20:21:11] *** Joins: Zuzu_ (zuzu@is.robo.licious)
[20:24:08] *** Quits: Zuzu (zuzu@is.robo.licious) (Ping timeout: 121 seconds)
[20:30:11] *** Null is now known as Halcyon_Waters
[20:30:51] *** Quits: Colgate (rabbit@brushie.horse) (A TLS packet with unexpected length was received.)
[20:31:54] *** Joins: Colgate (rabbit@brushie.horse)
[20:31:55] *** Celestia sets mode: +ao Colgate Colgate
[20:50:44] *** Quits: Colgate (rabbit@brushie.horse) (Connection closed)
[20:51:23] *** Joins: Colgate (rabbit@brushie.horse)
[20:51:23] *** Celestia sets mode: +ao Colgate Colgate
[20:52:38] *** Quits: Colgate (rabbit@brushie.horse) (Connection closed)
[20:53:16] *** Joins: Colgate (rabbit@brushie.horse)
[20:53:16] *** Celestia sets mode: +ao Colgate Colgate
[20:56:04] *** Joins: Nelly (Halcyon@Anonlight.Starsarebeautiful)
[20:56:14] *** Halcyon_Waters is now known as Halcyon_Starlight
[21:27:08] *** DuskNapTime is now known as Dusk
[21:41:56] *** Quits: Mike_Coltfield (Larscis@colt.in.the.rain) (Quit: Well, that was unexpected...)
[21:43:57] *** Joins: Mike_Coltfield (Larscis@colt.in.the.rain)
[21:43:57] *** Celestia sets mode: +o Mike_Coltfield
[21:59:41] *** Quits: flutterbrony (antoine@Pony-b14ec8.fbx.proxad.net) (Client exited)
[21:59:55] *** Joins: flutterbrony (antoine@Pony-b14ec8.fbx.proxad.net)
[22:06:57] *** Quits: Zuzu_ (zuzu@is.robo.licious) (Quit: My Mac has gone to sleep. ZZZzzz…)
[22:09:34] *** Joins: Zuzu (zuzu@is.robo.licious)
[22:10:43] *** Laps_ is now known as Lapsus
[22:12:23] *** Quits: Alcoholicorn (Alcoholicor@Pony-55oq0s.pool.hargray.net) (Ping timeout: 121 seconds)
[22:19:06] *** Quits: LightningCrash (lightning@property.of.moonlightning) (Ping timeout: 121 seconds)
[22:21:28] *** Joins: Alcoholicorn (Alcoholicor@Pony-55oq0s.pool.hargray.net)
[22:41:08] *** Quits: Zuzu (zuzu@is.robo.licious) (Ping timeout: 121 seconds)
[22:42:43] *** Joins: Zuzu (zuzu@is.robo.licious)
[22:45:17] *** Quits: flutterbrony (antoine@Pony-b14ec8.fbx.proxad.net) (Client exited)
[23:04:58] *** GigaZzz is now known as Gigaway
[23:54:26] *** Quits: Alcoholicorn (Alcoholicor@Pony-55oq0s.pool.hargray.net) (Ping timeout: 121 seconds)
