[00:54:07] *** GigaWork is now known as Gigabit
[01:02:49] *** Quits: Zuzu (zuzu@is.robo.licious) (Ping timeout: 121 seconds)
[01:19:15] *** Quits: Persona (Tilde@Pony-g8ahnu.res.rr.com) (Connection closed)
[01:29:11] *** wolfyshy[mobile] is now known as wolfyshy
[01:40:08] *** Joins: Zuzu (zuzu@is.robo.licious)
[01:41:11] *** Quits: Seoson (Seoson@pony.kab-s.de) (Connection closed)
[01:43:57] *** Joins: Seoson (Seoson@pony.kab-s.de)
[01:53:40] *** ama|sleep is now known as ama
[02:05:32] *** Quits: Alcoholicorn (Alcoholicor@Pony-55oq0s.pool.hargray.net) (Ping timeout: 121 seconds)
[02:11:56] *** Quits: Seoson (Seoson@pony.kab-s.de) (Ping timeout: 121 seconds)
[02:16:56] *** Joins: Seoson (Seoson@pony.kab-s.de)
[02:19:54] *** Joins: Pony_6 (~WebChat@Pony-shis78.ca.comcast.net)
[02:23:27] *** Pony_6 is now known as Hanky_Panky
[02:24:22] *** Joins: Alcoholicorn (Alcoholicor@Pony-55oq0s.pool.hargray.net)
[02:33:26] *** Joins: Persona (Tilde@Pony-bpafi6.78km.c1tq.6000.2605.IP)
[02:34:26] *** Quits: Persona (Tilde@Pony-bpafi6.78km.c1tq.6000.2605.IP) (Connection closed)
[02:35:06] *** Joins: Persona (Tilde@Pony-bpafi6.78km.c1tq.6000.2605.IP)
[03:16:21] *** Joins: Seoson_ (Seoson@pony.kab-s.de)
[03:16:25] *** Quits: Seoson (Seoson@pony.kab-s.de) (Connection closed)
[03:21:52] *** Quits: Hanky_Panky (~WebChat@Pony-shis78.ca.comcast.net) (Quit: Page closed)
[03:34:20] *** Quits: Seoson_ (Seoson@pony.kab-s.de) (Ping timeout: 121 seconds)
[03:41:54] *** Joins: Seoson (Seoson@pony.kab-s.de)
[03:48:15] *** Seoson is now known as Seoson|BNC
[04:01:29] *** Quits: Seoson|BNC (Seoson@pony.kab-s.de) (Connection closed)
[04:05:13] *** Joins: Seoson (Seoson@pony.kab-s.de)
[04:14:39] *** Seoson is now known as Seoson|BNC
[04:46:21] *** Eventide is now known as Eventide|Sleepies
[05:07:22] *** Quits: Alcoholicorn (Alcoholicor@Pony-55oq0s.pool.hargray.net) (Ping timeout: 121 seconds)
[05:26:41] *** iamalion is now known as iam[a]lion
[05:44:27] *** Joins: Alcoholicorn (Alcoholicor@Pony-55oq0s.pool.hargray.net)
[06:40:59] *** Nexus is now known as NexSleep
[07:31:03] *** Quits: Persona (Tilde@Pony-bpafi6.78km.c1tq.6000.2605.IP) (Ping timeout: 121 seconds)
[07:56:12] *** ama is now known as ama|sleep
[07:58:07] *** Gigabit is now known as Snoarin
[08:55:55] *** Fluttershi is now known as afkshi
[09:55:17] *** Silverlight|away is now known as Silverlight
[10:11:18] *** Quits: Alcoholicorn (Alcoholicor@Pony-55oq0s.pool.hargray.net) (Ping timeout: 121 seconds)
[12:04:43] *** Joins: Pages (WebChat@Pony-vghtdo.vc.shawcable.net)
[13:19:52] *** Seoson|BNC is now known as Seoson
[14:24:37] <Duck> Can someone ban amys_escorts
[14:24:40] <Duck> From the network
[14:24:44] <Duck> It's a spambot.
[14:25:10] <Princess_Pwny> 11/10 spambot
[14:25:14] *** Eventide|Sleepies is now known as Eventide
[14:37:11] <Googie> Done (albeit they'd already left)
[14:37:45] <Princess_Pwny> Not much you can do I guess
[14:40:41] <Caerdwyn> 08:40 -- [Amys_Escorts] (Amys_Escort@Pony-r7tmrv.dynamicIP.rima-tde.net) was IRC Chat Web1.5.0
[14:40:49] <Caerdwyn> yeah, didnt want to wake up to this nonsense this morning -_-
[14:52:02] <RainbowHacks> oh wow o.o
[14:53:46] <Snoarin> So uh.. Someone named Amy's_escorts is trying go sell services xD
[15:05:15] *** Snoarin is now known as Gigabit
[15:22:14] *** Quits: Rainbow14 (chat@Pony-eo4r8l.cable.virginm.net) (Ping timeout: 121 seconds)
[15:25:55] *** Joins: Rainbow14 (chat@Pony-eo4r8l.cable.virginm.net)
[16:05:18] *** Joins: khan777 (khan777@Pony-pkm.dsi.43.39.IP)
[16:09:53] *** Quits: khan777 (khan777@Pony-pkm.dsi.43.39.IP) (Quit: http://www.kiwiirc.com/ - A hand crafted IRC client)
[16:39:08] *** ama|sleep is now known as ama|work
[17:14:01] *** Joins: Alcoholicorn (Alcoholicor@Pony-55oq0s.pool.hargray.net)
[17:46:45] *** iam[a]lion is now known as iamalion
[17:58:20] *** Quits: Celestia (Celestia@The.Sun.Princess) (cadance.canternet.org cloudchaser.canternet.org)
[18:00:20] *** Quits: Shutter (tips@sudoku.prevention.hotline) (cadance.canternet.org daring.canternet.org)
[18:00:26] *** Joins: Celestia (Celestia@The.Sun.Princess)
[18:00:26] *** services.canternet.org sets mode: +o Celestia
[18:01:11] *** Quits: wolfyshy (woof@fluttering.shyly.through.the.forest) (Ping timeout: 121 seconds)
[18:02:02] *** Quits: Dusk (Dusk@dusky.horse) (Ping timeout: 121 seconds)
[18:02:07] *** Quits: Ashfire (Ashfire@Ashfire.bronytv.net) (Ping timeout: 121 seconds)
[18:03:36] *** Joins: Ashley (Ashfire@Pony-fkc.i75.99.192.IP)
[18:05:01] *** Joins: Shutter (tips@sudoku.prevention.hotline)
[18:05:01] *** daring.canternet.org sets mode: +ao Shutter Shutter
[18:06:35] *** Quits: Shutter (tips@sudoku.prevention.hotline) (cadance.canternet.org daring.canternet.org)
[18:07:44] *** Joins: Shutter (tips@sudoku.prevention.hotline)
[18:07:44] *** daring.canternet.org sets mode: +ao Shutter Shutter
[18:09:35] *** Quits: Shutter (tips@sudoku.prevention.hotline) (cadance.canternet.org daring.canternet.org)
[18:11:28] *** Joins: Shutter (tips@sudoku.prevention.hotline)
[18:11:28] *** daring.canternet.org sets mode: +ao Shutter Shutter
[18:12:30] *** Quits: Shutter (tips@sudoku.prevention.hotline) (cadance.canternet.org daring.canternet.org)
[18:13:36] *** Joins: Shutter (tips@sudoku.prevention.hotline)
[18:13:36] *** daring.canternet.org sets mode: +ao Shutter Shutter
[18:24:17] *** Joins: Dusk (Dusk@dusky.horse)
[18:46:08] *** Quits: Sakura (Sakura@is.a.very.derpy.pony) (Ping timeout: 121 seconds)
[18:49:36] *** Joins: Sakura (Sakura@Pony-fkc.i75.99.192.IP)
[18:50:08] *** Sakura is now known as Pony_16991
[19:36:25] *** Quits: Shutter (tips@sudoku.prevention.hotline) (cadance.canternet.org daring.canternet.org)
[19:39:14] *** Joins: Shutter (tips@why.did.you.even.rope.me.into.this)
[19:39:15] *** Celestia sets mode: +ao Shutter Shutter
[20:21:33] *** Quits: Dusk (Dusk@dusky.horse) (Ping timeout: 121 seconds)
[20:30:40] *** Joins: Pony_1 (~WebChat@Pony-dguft0.dynamic.chello.pl)
[20:30:58] *** Pony_1 is now known as Ravin
[20:37:43] *** Joins: Dusk (Dusk@Pony-fkc.i75.99.192.IP)
[20:52:03] *** Joins: Commodus (WebChat@Pony-v9e.lll.56.64.IP)
[21:08:38] *** Quits: Commodus (WebChat@Pony-v9e.lll.56.64.IP) (Quit: )
[21:19:59] *** Quits: Alcoholicorn (Alcoholicor@Pony-55oq0s.pool.hargray.net) (Ping timeout: 121 seconds)
[21:47:08] <iamalion> so how about that OVH outage eh
[21:47:36] <Dusk> It's a thing x.x
[21:48:11] <iamalion> a net im staff on uses ovh for all our servers. completely dead right meow rofl
[21:51:39] <Lapsus> D:
[22:08:44] *** Joins: Alcoholicorn (Alcoholicor@Pony-55oq0s.pool.hargray.net)
[22:26:02] *** Quits: Silverlight (silverlight@voiceofequestria.com) (Ping timeout: 121 seconds)
[22:29:32] *** Joins: Silverlight (silverlight@Pony-1d7k34.res.rr.com)
[22:31:56] *** Joins: Pony_1 (~WebChat@Pony-62j5an.access.telenet.be)
[22:32:22] *** Parts: Pony_1 (~WebChat@Pony-62j5an.access.telenet.be) ("")
[22:43:08] *** afkshi is now known as Fluttershi
[22:52:19] *** Quits: AppleDash (appled@dusks.adorable.pet.pegasus) (Ping timeout: 121 seconds)
[22:56:42] *** Joins: Tierney_Kelly (WebChat@Pony-dukbn0.cc.ca.us)
[23:00:43] *** Pony_16991 is now known as Sakura
[23:05:37] *** Quits: Ravin (~WebChat@Pony-dguft0.dynamic.chello.pl) (Quit: Page closed)
[23:27:13] *** Joins: wolfyshy (woof@fluttering.shyly.through.the.forest)
