[00:14:09] *** Joins: Alcoholicorn (Alcoholicor@Pony-55oq0s.pool.hargray.net)
[00:31:38] *** Seoson is now known as Sour_Sweet
[00:47:59] *** Quits: T_K (WebChat@Pony-8ujf9q.sntcca.sbcglobal.net) (Ping timeout: 121 seconds)
[00:54:45] *** Joins: Pony_3 (WebChat@Pony-8ujf9q.sntcca.sbcglobal.net)
[00:54:51] *** Pony_3 is now known as T_K
[01:25:12] *** T_K is now known as Citrio
[02:00:48] *** Quits: Zuzu (zuzu@is.robo.licious) (Ping timeout: 121 seconds)
[02:08:00] *** Joins: Zuzu (zuzu@is.robo.licious)
[02:31:53] *** Citrio is now known as T_K
[02:46:00] *** Joins: bibbit (~WebChat@Pony-dhe9eu.72.liberty.edu)
[02:46:55] *** Quits: T_K (WebChat@Pony-8ujf9q.sntcca.sbcglobal.net) (Ping timeout: 121 seconds)
[02:49:14] *** Joins: Pony_5 (WebChat@Pony-hpbop9.mycingular.net)
[02:49:21] *** Pony_5 is now known as T_K
[02:58:17] *** Quits: bibbit (~WebChat@Pony-dhe9eu.72.liberty.edu) (Ping timeout: 121 seconds)
[03:00:31] *** Joins: HyperDash (HyperDash@Pony-pveddk.wa.comcast.net)
[03:10:48] *** Quits: T_K (WebChat@Pony-hpbop9.mycingular.net) (Ping timeout: 121 seconds)
[03:42:04] *** Quits: Dusk (Dusk@dusky.horse) (Ping timeout: 121 seconds)
[03:42:44] *** Quits: Ashley (Ashfire@Ashfire.bronytv.net) (Ping timeout: 121 seconds)
[03:42:44] *** Quits: Sakura (Sakura@is.a.very.derpy.pony) (Ping timeout: 121 seconds)
[03:42:49] *** Joins: Pony_5 (WebChat@Pony-ak6bvi.nh.comcast.net)
[03:44:02] *** Quits: Pony_5 (WebChat@Pony-ak6bvi.nh.comcast.net) (Quit: Page closed)
[03:48:07] *** Joins: Dusk (Dusk@dusky.horse)
[03:48:32] *** Joins: Ashley (Ashfire@Pony-fkc.i75.99.192.IP)
[03:48:41] *** Joins: Sakura (Sakura@Pony-fkc.i75.99.192.IP)
[03:49:38] *** Sakura is now known as Pony_31822
[03:55:47] *** Dusk is now known as Pixel
[03:55:50] *** Pixel is now known as DUsk
[03:55:52] *** DUsk is now known as Dusk
[04:00:42] *** Joins: Pony_2 (~WebChat@Pony-ak6bvi.nh.comcast.net)
[04:08:46] *** Quits: Pony_2 (~WebChat@Pony-ak6bvi.nh.comcast.net) (Ping timeout: 121 seconds)
[04:35:14] *** Joins: Belmor (WebChat@Pony-kuel2q.ok.shawcable.net)
[04:59:10] *** Joins: McKey (Kordus@Pony-3agfts.antyklay.pl)
[04:59:14] *** Server sets mode: +ACJPSTfnt 30 4:5
[04:59:50] *** Eventide is now known as Eventide|Sleppies
[05:01:06] *** Eventide|Sleppies is now known as Eventide|Sleepies
[05:22:19] *** Joins: Mike_Coltfield (Larscis@colt.in.the.rain)
[05:22:19] *** Celestia sets mode: +o Mike_Coltfield
[05:24:43] *** Quits: HyperDash (HyperDash@Pony-pveddk.wa.comcast.net) (Quit: Something amusing. Oh, and probably not enough caffiene.)
[05:48:35] *** Soarin is now known as Gigabit
[05:52:58] *** ama|work is now known as ama
[06:01:52] *** Gigabit is now known as Snoarin
[07:04:49] *** Pony_31822 is now known as Sakura
[07:34:15] *** Joins: iandalton (WebChat@Pony-otnsk6.dynamic.tds.net)
[07:34:45] *** iandalton is now known as Pony_65196
[07:35:45] *** Quits: Pony_65196 (WebChat@Pony-otnsk6.dynamic.tds.net) (Quit: Page closed)
[07:38:57] *** Quits: Mike_Coltfield (Larscis@colt.in.the.rain) (Ping timeout: 121 seconds)
[07:46:21] *** Joins: corkfuse (corkfuse@corkfuse)
[07:58:18] *** Joins: Mike_Coltfield (Larscis@colt.in.the.rain)
[07:58:18] *** Celestia sets mode: +o Mike_Coltfield
[08:00:15] *** Quits: Silverlight|laptop (silverlight@voiceofequestria.com) (Connection closed)
[08:15:03] *** Quits: Belmor (WebChat@Pony-kuel2q.ok.shawcable.net) (Ping timeout: 121 seconds)
[08:16:23] *** ama is now known as ama|sleep
[09:42:18] *** Quits: corkfuse (corkfuse@corkfuse) (Ping timeout: 121 seconds)
[10:09:59] *** Quits: Alcoholicorn (Alcoholicor@Pony-55oq0s.pool.hargray.net) (Ping timeout: 121 seconds)
[11:15:58] *** Quits: Moonlightning (blackl@property.of.lightningcrash) (Ping timeout: 121 seconds)
[11:48:36] *** Joins: Moonlightning (blackl@Pony-1ugb4k.dynamic.fusionbroadband.com)
[12:31:11] *** Eventide|Sleepies is now known as Eventide
[13:03:25] *** Quits: Moonlightning (blackl@property.of.lightningcrash) (Quit: The Nightmares will Collide. And become a Dream. <3)
[14:31:18] *** Joins: Mort-laptop (Morteri@Pony-ohr6ov.customer.lyse.net)
[14:35:53] *** Quits: Mort-laptop (Morteri@Pony-ohr6ov.customer.lyse.net) (Quit: Sigh)
[14:50:38] *** Joins: Moonlightning (blackl@property.of.lightningcrash)
[15:10:51] *** Joins: corkfuse (corkfuse@corkfuse)
[15:47:37] *** Snoarin is now known as GigaWork
[15:59:51] *** ama|sleep is now known as ama|work
[16:25:15] *** Quits: corkfuse (corkfuse@corkfuse) (Quit: Sleeping)
[16:31:35] *** Joins: HyperDash (HyperDash@Pony-s8u.62n.212.168.IP)
[17:25:34] *** Quits: HyperDash (HyperDash@Pony-s8u.62n.212.168.IP) (Quit: Something amusing. Oh, and probably not enough caffiene.)
[17:43:55] *** Joins: Alcoholicorn (Alcoholicor@Pony-55oq0s.pool.hargray.net)
[17:49:17] *** Quits: Alcoholicorn (Alcoholicor@Pony-55oq0s.pool.hargray.net) (Ping timeout: 121 seconds)
[18:27:27] *** Joins: Alcoholicorn (Alcoholicor@Pony-55oq0s.pool.hargray.net)
[18:34:42] *** Quits: Alcoholicorn (Alcoholicor@Pony-55oq0s.pool.hargray.net) (Ping timeout: 121 seconds)
[18:36:29] *** Sour_Sweet|BNC is now known as Sour_Sweet
[20:46:20] *** Joins: HyperDash (HyperDash@Pony-s8u.62n.212.168.IP)
[20:59:48] *** Quits: HyperDash (HyperDash@Pony-s8u.62n.212.168.IP) (Quit: Something amusing. Oh, and probably not enough caffiene.)
[21:44:08] *** Joins: Alcoholicorn (Alcoholicor@Pony-55oq0s.pool.hargray.net)
[22:06:37] *** Joins: HyperDash (HyperDash@Pony-s8u.62n.212.168.IP)
[22:19:36] *** Quits: Alcoholicorn (Alcoholicor@Pony-55oq0s.pool.hargray.net) (Ping timeout: 121 seconds)
[22:43:16] *** Joins: Alcoholicorn (Alcoholicor@Pony-55oq0s.pool.hargray.net)
[22:52:38] *** Joins: Pony_4 (WebChat@Pony-qtor9n.pool.invitel.hu)
[22:53:17] *** Quits: Pony_4 (WebChat@Pony-qtor9n.pool.invitel.hu) (Quit: Page closed)
[22:56:55] *** Quits: HyperDash (HyperDash@Pony-s8u.62n.212.168.IP) (Quit: Something amusing. Oh, and probably not enough caffiene.)
