[00:18:23] *** Creeps|AFK is now known as RedHelper
[00:20:09] *** NyanCat is now known as Duck
[00:20:19] *** Duck is now known as NyanCat
[00:33:04] *** Quits: Zuzu (zuzu@is.robo.licious) (Ping timeout: 121 seconds)
[00:36:28] *** Joins: Zuzu (zuzu@is.robo.licious)
[01:38:57] *** Sour_Sweet|BNC is now known as Sour_Sweet
[02:20:05] *** Snoarin is now known as Gigabit
[02:27:06] *** Quits: NyanCat (NyanCat@Pony-u7ltkj.nb.bellaliant.net) (Quit: (316): I AM BEING ACCOSTED BY A HUMMING BIRD. I AM IN MILD DISTRESS)
[02:28:58] *** Joins: corkfuse (corkfuse@corkfuse)
[02:45:57] *** Quits: Q0 (Q0@literallyshit.net) (Ping timeout: 121 seconds)
[02:48:37] *** Joins: Q0 (Q0@Pony-0m7faa.vtfe.qoe9.0601.2601.IP)
[02:50:18] *** Quits: corkfuse (corkfuse@corkfuse) (Ping timeout: 121 seconds)
[02:56:24] *** Joins: Toothpaste (uid63062@Pony-3ms8rb.92as.m095.067c.2001.IP)
[03:24:11] *** Eventide is now known as Eventide|Sleepies
[03:44:28] *** Sour_Sweet is now known as Sour_Sweet|BNC
[03:49:57] *** Toothpaste is now known as Toothie|NFS
[04:11:06] *** Joins: Mike_Coltfield (Larscis@colt.in.the.rain)
[04:11:06] *** Celestia sets mode: +o Mike_Coltfield
[05:01:04] *** Toothie|NFS is now known as Toothie|AFK
[05:55:21] *** Joins: Alcoholicorn (Alcoholicor@Pony-bfp.0d7.20.67.IP)
[06:00:40] *** Toothie|AFK is now known as Toothie
[06:03:46] *** Quits: Alcoholicorn (Alcoholicor@Pony-bfp.0d7.20.67.IP) (Quit: )
[06:04:05] *** Joins: Alcoholicorn (Alcoholicor@Pony-bfp.0d7.20.67.IP)
[06:18:54] *** Joins: corkfuse (corkfuse@corkfuse)
[06:36:29] *** Quits: djazz (djazz@djazz.se) (Ping timeout: 121 seconds)
[06:36:36] *** Joins: djazz (djazz@Pony-s73dok.tbcn.telia.com)
[06:42:19] *** Quits: djazz (djazz@djazz.se) (Ping timeout: 121 seconds)
[06:43:50] *** Gigabit is now known as Snoarin
[06:45:57] *** Joins: djazz (djazz@Pony-s73dok.tbcn.telia.com)
[06:48:38] *** Joins: djazz` (djazz@Pony-s73dok.tbcn.telia.com)
[06:50:53] *** Quits: djazz (djazz@djazz.se) (Ping timeout: 121 seconds)
[06:53:02] *** djazz` is now known as djazz
[07:05:04] *** Quits: Alcoholicorn (Alcoholicor@Pony-bfp.0d7.20.67.IP) (Connection closed)
[07:05:16] *** Joins: Alcoholicorn (Alcoholicor@Pony-bfp.0d7.20.67.IP)
[07:05:18] *** Quits: corkfuse (corkfuse@corkfuse) (Ping timeout: 121 seconds)
[07:57:20] *** Joins: Armaan (Trigger@Pony-k43.4ms.11.103.IP)
[07:57:44] <Armaan> i need help
[07:57:59] <Armaan> my channel is on invite only
[07:58:11] <Armaan> i cant access my room even i am a founder of that channel :/
[07:58:19] <Colgate> /chanserv invite #channel
[07:58:19] <Armaan> how can i get inside ?
[07:58:32] <Armaan> how can i get inside ?
[07:59:09] <Armaan> ok thanks
[07:59:13] <Armaan> one thing more
[07:59:29] <Armaan> i dont want bot to kick ops on flooding
[07:59:39] <Colgate> which bot?
[07:59:45] <Armaan> server bot
[07:59:55] <Armaan> pinkamena
[08:00:05] <Colgate> pinkamena does not kick on flood
[08:00:07] <Armaan> it kicks me out even i do spam in my channel
[08:00:26] <Armaan> no i set that mode +f 
[08:00:33] <Colgate> ah
[08:00:34] <Armaan> so it ban me :/
[08:00:45] <Armaan> even i am a founder of that channel
[08:00:56] <Colgate> /mode #channel +X flood:o
[08:01:05] <Colgate> will disable that for ops and higher
[08:01:06] <Armaan> how can i stop banning pinkamena to ops ?
[08:01:26] <Armaan> give that command again please
[08:01:30] <Colgate> /mode #channel +X flood:o
[08:02:08] <Armaan> ok can i stop lots of bots entering in my channel
[08:02:20] <Armaan> like so many people flood on my channel by sending lots of bots :/
[08:02:31] <Armaan> soo many bots joins and quit :/
[08:02:42] <Armaan> irritate the people to chat
[08:03:04] <Colgate> what channel? we can quite a few botnets that connect here
[08:03:08] <Colgate> we ban*
[08:03:17] <Colgate> some bots will always get through however
[08:03:23] <Armaan> :/
[08:03:27] <Armaan> #asiafm1o1
[08:20:14] *** Quits: Toothie (uid63062@Pony-3ms8rb.92as.m095.067c.2001.IP) (Quit: Connection closed for inactivity)
[08:25:59] *** RedHelper is now known as Creeps|AFK
[08:43:31] *** Quits: Armaan (Trigger@Pony-k43.4ms.11.103.IP) (Ping timeout: 121 seconds)
[08:43:39] *** Joins: Armaan (Trigger@Pony-k43.4ms.11.103.IP)
[08:44:07] *** Armaan is now known as Pony_32474
[08:49:53] *** Joins: corkfuse (corkfuse@corkfuse)
[08:56:38] *** ama|work is now known as ama|sleep
[09:12:45] *** Pony_32474 is now known as Armaan
[11:59:40] *** Quits: Persona (Tilde@Pony-g8ahnu.res.rr.com) (Connection closed)
[12:23:07] *** Quits: corkfuse (corkfuse@corkfuse) (Quit: Sleeping)
[13:26:01] *** Quits: Armaan (Trigger@Pony-k43.4ms.11.103.IP) (Quit: )
[13:38:40] *** Quits: NexSleep (Nexusdragon@DJNexus.Fillydelphia.Radio) (Ping timeout: 121 seconds)
[13:38:51] *** Quits: Monochrome (Sentoki@the.little.cloud.colt) (Ping timeout: 121 seconds)
[13:39:18] *** Quits: Fluttershi (Fluttershi@Hipsterluna.is.my.waifu) (Ping timeout: 121 seconds)
[13:39:57] *** Joins: Nexus (Nexusdragon@DJNexus.Fillydelphia.Radio)
[13:42:27] *** Joins: Monochrome (Sentoki@the.little.cloud.colt)
[13:42:27] *** Joins: Fluttershi (Fluttershi@Pony-43vgov.publicBNC.canternet.org)
[13:42:37] *** Fluttershi is now known as Pony_43626
[13:45:28] *** Sour_Sweet|BNC is now known as Sour_Sweet
[13:50:08] *** Joins: corkfuse (corkfuse@corkfuse)
[14:23:25] *** Quits: Alcoholicorn (Alcoholicor@Pony-bfp.0d7.20.67.IP) (Ping timeout: 121 seconds)
[14:23:55] *** Joins: Alcoholicorn (Alcoholicor@Pony-bfp.0d7.20.67.IP)
[15:29:02] *** Quits: Nexus (Nexusdragon@DJNexus.Fillydelphia.Radio) (Ping timeout: 121 seconds)
[15:29:23] *** Quits: Monochrome (Sentoki@the.little.cloud.colt) (Ping timeout: 121 seconds)
[15:30:49] *** Quits: Pony_43626 (Fluttershi@Pony-43vgov.publicBNC.canternet.org) (Ping timeout: 121 seconds)
[15:32:07] *** Joins: Nexus (Nexusdragon@DJNexus.Fillydelphia.Radio)
[15:33:07] *** Joins: Fluttershi (Fluttershi@Pony-43vgov.publicBNC.canternet.org)
[15:33:37] *** Joins: Monochrome (Sentoki@the.little.cloud.colt)
[15:33:47] *** Fluttershi is now known as Pony_24607
[15:47:44] *** Quits: Alcoholicorn (Alcoholicor@Pony-bfp.0d7.20.67.IP) (Ping timeout: 121 seconds)
[16:00:20] *** Eventide|Sleepies is now known as Eventide
[16:27:08] *** Joins: HyperDash (HyperDash@Pony-s8u.62n.212.168.IP)
[16:38:55] *** Joins: djazz` (djazz@Pony-s73dok.tbcn.telia.com)
[16:39:02] *** Quits: djazz (djazz@djazz.se) (Ping timeout: 121 seconds)
[16:41:37] *** djazz` is now known as djazz
[16:48:49] *** Joins: PhantomDash (WebChat@Pony-s8u.62n.212.168.IP)
[16:50:06] *** Quits: PhantomDash (WebChat@Pony-s8u.62n.212.168.IP) (Quit: Page closed)
[17:13:42] *** Quits: HyperDash (HyperDash@Pony-s8u.62n.212.168.IP) (Quit: Something amusing. Oh, and probably not enough caffiene.)
[17:17:49] *** Pony_24607 is now known as Fluttershi
[17:18:21] *** ama|sleep is now known as ama|work
[18:28:57] *** Joins: sYrAM (Mibbit@syram)
[19:11:05] *** Nexus is now known as Nexus|afk
[19:17:49] *** Quits: corkfuse (corkfuse@corkfuse) (Quit: Sleeping)
[19:32:13] *** sYrAM is now known as sYrAM_AWAY
[19:33:52] *** Parts: sYrAM_AWAY (Mibbit@syram) ("help")
[20:13:27] *** Snoarin is now known as GigaWork
[20:51:40] *** Joins: Shaka (X@Pony-qtu.0dr.5.202.IP)
[20:52:50] *** Joins: blondell1t (m11339uj44u@Pony-tjr.894.128.104.IP)
[20:52:50] *** Joins: gordan1t (d30732gs4@Pony-tjr.894.128.104.IP)
[20:52:50] *** Joins: other54t (y115y759z51@Pony-tjr.894.128.104.IP)
[20:52:50] *** Joins: gabe1t (j677868r0@Pony-tjr.894.128.104.IP)
[20:53:35] *** Parts: blondell1t (m11339uj44u@Pony-tjr.894.128.104.IP) ()
[20:53:35] *** Parts: gordan1t (d30732gs4@Pony-tjr.894.128.104.IP) ()
[20:53:35] *** Parts: other54t (y115y759z51@Pony-tjr.894.128.104.IP) ()
[20:53:35] *** Parts: gabe1t (j677868r0@Pony-tjr.894.128.104.IP) ()
[20:57:51] *** Joins: Armaan (Mibbit@Pony-k43.4ms.11.103.IP)
[20:57:59] <Armaan> i need help !!!
[20:58:08] <Armaan> hello plz wake upppp
[20:58:15] <Armaan> my channel got flooded badly
[20:58:21] <Armaan> bots are joining and quiting
[20:58:27] <Armaan> making your server slow
[20:58:36] <Armaan> plz stop them
[20:58:43] <Armaan> #asiafm1o1
[20:58:52] <Armaan> come guys !! stop vots flooding
[20:58:55] <Armaan> bots*
[20:59:11] <Shaka> ÷Armaan÷
[20:59:13] <Shaka> xD
[20:59:49] <Armaan> shaka stop flooding in my channel
[21:00:00] <Shaka> em not flooder
[21:00:03] <Shaka> :)
[21:00:11] <Shaka> ª Armaan ª ro beta ab
[21:00:17] <Shaka> gando
[21:00:23] <Shaka> maafi mang apne baap se
[21:00:25] <Armaan> stop sending bots in my channel
[21:00:41] <Armaan> baap toh tera main hun chutyai
[21:01:08] <Shaka> lora
[21:01:14] <Shaka> baap is here
[21:01:16] <Shaka> xD
[21:01:27] <Armaan> chal lun k mun walai
[21:01:31] *** Quits: Shaka (X@Pony-qtu.0dr.5.202.IP) (Z-Lined: Spammer)
[21:01:43] <Armaan> plz stop. him :'(
[21:01:53] <Armaan> helloo any admin??
[21:02:39] <Armaan> :(
[21:02:48] <Armaan> he will join again i knoe
[21:02:52] <Armaan> with different ip
[21:02:58] <Colgate> it is already taken care of
[21:03:24] <Armaan> shaka , p3rl and RsM trio of them are bloody flooder 
[21:03:29] <Armaan> they send lots of bots
[21:03:31] <Armaan> to spam
[21:03:39] <Armaan> thank you soo kuch colgate
[21:05:02] <Armaan> i will back be back to you :/
[21:05:07] <Armaan> if i got him back
[21:05:13] *** Joins: Pony_7 (WebChat@Pony-abp.9j5.177.91.IP)
[21:05:17] <Armaan> thanks canternet love you all
[21:06:08] *** Quits: Pony_7 (WebChat@Pony-abp.9j5.177.91.IP) (Quit: Page closed)
[21:13:31] *** Joins: Alcoholicorn (Alcoholicor@Pony-bfp.0d7.20.67.IP)
[21:15:11] *** Parts: Armaan (Mibbit@Pony-k43.4ms.11.103.IP) ()
[21:15:32] *** Joins: Toothie (uid63062@Pony-3ms8rb.92as.m095.067c.2001.IP)
[21:26:19] *** Joins: Skydreams (WebChat@Pony-0v0.bdu.22.72.IP)
[21:31:42] *** Quits: Alcoholicorn (Alcoholicor@Pony-bfp.0d7.20.67.IP) (Ping timeout: 121 seconds)
[21:43:20] *** Creeps|AFK is now known as RedHelper
[21:52:55] *** Toothie is now known as Yes-Renny
[21:53:31] *** Yes-Renny is now known as Toothpaste
[22:02:07] *** Joins: Alcoholicorn (Alcoholicor@Pony-bfp.0d7.20.67.IP)
[22:18:53] *** Joins: Persona (Tilde@Pony-g8ahnu.res.rr.com)
[22:21:47] *** Joins: HyperDash (HyperDash@Pony-s8u.62n.212.168.IP)
[23:05:35] *** Quits: HyperDash (HyperDash@Pony-s8u.62n.212.168.IP) (Quit: Something amusing. Oh, and probably not enough caffiene.)
[23:14:59] *** Quits: Alcoholicorn (Alcoholicor@Pony-bfp.0d7.20.67.IP) (Ping timeout: 121 seconds)
[23:17:24] *** Joins: Alcoholicorn (Alcoholicor@Pony-bfp.0d7.20.67.IP)
[23:21:15] *** Quits: Toothpaste (uid63062@Pony-3ms8rb.92as.m095.067c.2001.IP) (Quit: "Friendship ain't magic; it's a miracle." -ClaviSound http://tinyurl.com/p9wkvyo <--- CLICKYCLICKY)
