[00:10:27] *** Creeps|AFK is now known as RedHelper
[00:16:49] *** Joins: Pony_4 (WebChat@Pony-8ujf9q.sntcca.sbcglobal.net)
[00:17:18] *** Pony_4 is now known as Ambrosia
[01:15:48] *** Joins: Person (Tilde@Pony-ndng98.78km.c1tq.6000.2605.IP)
[01:18:44] *** Joins: Persona (Tilde@Pony-obald2.78km.c1tq.6000.2605.IP)
[01:19:02] *** Quits: Personifire (Tilde@Pony-udom18.78km.c1tq.6000.2605.IP) (Ping timeout: 121 seconds)
[01:21:38] *** Quits: Person (Tilde@Pony-ndng98.78km.c1tq.6000.2605.IP) (Ping timeout: 121 seconds)
[01:22:07] *** Joins: Personifire (Tilde@Pony-fd9tfe.78km.c1tq.6000.2605.IP)
[01:23:42] *** Joins: corkfuse (corkfuse@corkfuse)
[01:25:34] *** Quits: Persona (Tilde@Pony-obald2.78km.c1tq.6000.2605.IP) (Ping timeout: 121 seconds)
[01:26:50] *** Joins: Person (Tilde@Pony-hs1l3o.78km.c1tq.6000.2605.IP)
[01:30:04] *** Quits: Personifire (Tilde@Pony-fd9tfe.78km.c1tq.6000.2605.IP) (Ping timeout: 121 seconds)
[01:32:33] *** Joins: Personifire (Tilde@Pony-j64f77.78km.c1tq.6000.2605.IP)
[01:35:35] *** Quits: Person (Tilde@Pony-hs1l3o.78km.c1tq.6000.2605.IP) (Ping timeout: 121 seconds)
[01:38:49] *** Joins: Person (Tilde@Pony-2l43ek.78km.c1tq.6000.2605.IP)
[01:41:33] *** Toothie|MK7 is now known as Toothie|Noms
[01:42:06] *** Quits: Personifire (Tilde@Pony-j64f77.78km.c1tq.6000.2605.IP) (Ping timeout: 121 seconds)
[01:43:07] *** Joins: Personifire (Tilde@Pony-hmh7p0.78km.c1tq.6000.2605.IP)
[01:46:36] *** Quits: Person (Tilde@Pony-2l43ek.78km.c1tq.6000.2605.IP) (Ping timeout: 121 seconds)
[01:53:49] *** Toothie|Noms is now known as Toothie
[02:12:57] *** GigaTravel is now known as Gigabit
[02:16:00] *** Joins: Nom_De_Plume (WebChat@Pony-qb8.g7u.146.64.IP)
[02:44:38] *** Toothie is now known as SilverSky
[02:55:32] *** Quits: Nom_De_Plume (WebChat@Pony-qb8.g7u.146.64.IP) (Quit: Page closed)
[02:59:13] *** Quits: Ambrosia (WebChat@Pony-8ujf9q.sntcca.sbcglobal.net) (Quit: Page closed)
[04:32:53] *** Eventide is now known as Eventide|Sleepies
[04:44:27] *** Quits: corkfuse (corkfuse@corkfuse) (Quit: Bye)
[04:46:34] *** SilverSky is now known as Rhenn
[04:46:48] *** Rhenn is now known as Arrow
[06:24:23] *** Joins: corkfuse (corkfuse@corkfuse)
[06:34:56] *** Quits: Arrow (uid63062@Pony-3ms8rb.92as.m095.067c.2001.IP) (Quit: "Friendship ain't magic; it's a miracle." -ClaviSound http://tinyurl.com/p9wkvyo | If you haven't already subscribed to this dude......why?)
[07:29:18] *** Joins: Alcoholicorn (Alcoholicor@Pony-55oq0s.pool.hargray.net)
[08:01:06] *** Quits: Alcoholicorn (Alcoholicor@Pony-55oq0s.pool.hargray.net) (Ping timeout: 121 seconds)
[08:01:35] *** Quits: nnnn20430 (nnnn20430@mindcraft.si.eu.org) (Ping timeout: 121 seconds)
[08:18:44] *** RedHelper is now known as Creeps|AFK
[08:18:54] *** Joins: nnnn20430 (nnnn20430@mindcraft.si.eu.org)
[08:27:38] *** ama|work is now known as ama|sleep
[08:28:52] *** Joins: Alcoholicorn (Alcoholicor@Pony-55oq0s.pool.hargray.net)
[08:53:25] *** Quits: Alcoholicorn (Alcoholicor@Pony-55oq0s.pool.hargray.net) (Ping timeout: 121 seconds)
[08:55:19] *** Joins: Alcoholicorn (Alcoholicor@Pony-55oq0s.pool.hargray.net)
[09:29:30] *** Joins: Gladiolus (SRQ@the.truth.is.out.there)
[09:29:59] *** corkfuse is now known as corkfuse-away
[09:47:35] *** corkfuse-away is now known as corkfuse
[11:34:18] *** Eventide|Sleepies is now known as Eventide
[11:40:50] *** Quits: Gladiolus (SRQ@the.truth.is.out.there) (Quit: Leaving)
[12:29:45] *** Quits: corkfuse (corkfuse@corkfuse) (Quit: Bye)
[12:54:27] *** Joins: corkfuse (corkfuse@corkfuse)
[13:15:48] *** Quits: Alcoholicorn (Alcoholicor@Pony-55oq0s.pool.hargray.net) (Ping timeout: 121 seconds)
[13:22:04] *** Joins: Alcoholicorn (Alcoholicor@Pony-55oq0s.pool.hargray.net)
[13:53:20] *** Joins: Person (Tilde@Pony-8jnv80.78km.c1tq.6000.2605.IP)
[13:56:27] *** Quits: Personifire (Tilde@Pony-hmh7p0.78km.c1tq.6000.2605.IP) (Ping timeout: 121 seconds)
[14:18:42] *** NexSleep is now known as Nexus
[14:24:04] *** Joins: Jedidiah (~WebChat@Pony-u6qejs.tvc-ip.com)
[14:28:54] *** Quits: Jedidiah (~WebChat@Pony-u6qejs.tvc-ip.com) (Quit: Page closed)
[14:29:08] *** Joins: Jedidiah (~WebChat@Pony-u6qejs.tvc-ip.com)
[14:29:29] *** Quits: Jedidiah (~WebChat@Pony-u6qejs.tvc-ip.com) (Quit: Page closed)
[15:47:48] *** Quits: Alcoholicorn (Alcoholicor@Pony-55oq0s.pool.hargray.net) (Ping timeout: 121 seconds)
[16:04:20] *** Joins: Alcoholicorn (Alcoholicor@Pony-55oq0s.pool.hargray.net)
[16:22:50] *** ama|sleep is now known as ama|work
[16:37:03] *** Quits: Alcoholicorn (Alcoholicor@Pony-55oq0s.pool.hargray.net) (Ping timeout: 121 seconds)
[17:04:51] *** Joins: Alcoholicorn (Alcoholicor@Pony-55oq0s.pool.hargray.net)
[17:10:23] *** Quits: corkfuse (corkfuse@corkfuse) (Quit: Sleeping)
[17:23:36] *** Joins: jed (WebChat@Pony-u6qejs.tvc-ip.com)
[17:28:52] *** Quits: jed (WebChat@Pony-u6qejs.tvc-ip.com) (Quit: Page closed)
[18:53:43] *** Joins: Moonlightning (blackl@property.of.lightningcrash)
[20:11:56] *** Joins: Toothie (uid63062@Pony-3ms8rb.92as.m095.067c.2001.IP)
[20:12:25] *** Nexus is now known as NexSleep
[20:14:23] *** Toothie is now known as Invert_Shade
[21:15:49] *** Invert_Shade is now known as Toothie
[21:24:30] *** Quits: Alcoholicorn (Alcoholicor@Pony-55oq0s.pool.hargray.net) (Ping timeout: 121 seconds)
[21:44:58] *** Joins: Alcoholicorn (Alcoholicor@Pony-55oq0s.pool.hargray.net)
[22:16:11] *** Joins: Silverlight|laptop (silverlight@Pony-khlt3i.res.rr.com)
[22:21:40] *** Quits: Alcoholicorn (Alcoholicor@Pony-55oq0s.pool.hargray.net) (Connection closed)
[23:49:05] *** Joins: Pony_0 (WebChat@Pony-ng85j0.pa.comcast.net)
[23:50:02] *** Quits: Pony_0 (WebChat@Pony-ng85j0.pa.comcast.net) (Quit: Page closed)
[23:56:21] *** Joins: Pony_9 (WebChat@Pony-ng85j0.pa.comcast.net)
[23:56:48] *** Quits: Pony_9 (WebChat@Pony-ng85j0.pa.comcast.net) (Quit: Page closed)
