[00:13:17] *** Creeps|AFK is now known as RedHelper
[00:24:38] *** Gigabit is now known as GigaWork
[00:27:15] *** Joins: T_K (WebChat@Pony-579.1lr.129.209.IP)
[00:46:09] *** Joins: Pony_2 (WebChat@Pony-579.1lr.129.209.IP)
[00:48:27] *** Quits: T_K (WebChat@Pony-579.1lr.129.209.IP) (Ping timeout: 121 seconds)
[00:48:59] *** Joins: Tk (WebChat@Pony-19opjm.mycingular.net)
[00:49:21] *** Tk is now known as Ambrosia
[00:50:11] *** Quits: Pony_2 (WebChat@Pony-579.1lr.129.209.IP) (Ping timeout: 121 seconds)
[01:01:07] *** Joins: Gladiolus (uid110916@Pony-qjfks9.brockwell.irccloud.com)
[01:12:33] *** Joins: T_K (WebChat@Pony-8ujf9q.sntcca.sbcglobal.net)
[01:13:18] *** Quits: Ambrosia (WebChat@Pony-19opjm.mycingular.net) (Ping timeout: 121 seconds)
[01:14:02] *** T_K is now known as Ambrosia
[01:19:33] *** GigaWork is now known as Gigabit
[01:57:19] *** Quits: Alcoholicorn (Alcoholicor@Pony-55oq0s.pool.hargray.net) (Ping timeout: 121 seconds)
[01:57:49] *** Joins: Personifire (Tilde@Pony-rj78m0.78km.c1tq.6000.2605.IP)
[02:01:02] *** Quits: Persona (Tilde@Pony-bhhpc0.78km.c1tq.6000.2605.IP) (Ping timeout: 121 seconds)
[02:06:07] *** Joins: Alcoholicorn (Alcoholicor@Pony-55oq0s.pool.hargray.net)
[02:24:54] *** Joins: Persona (Tilde@Pony-rj78m0.78km.c1tq.6000.2605.IP)
[02:25:32] *** Quits: Personifire (Tilde@Pony-rj78m0.78km.c1tq.6000.2605.IP) (Ping timeout: 121 seconds)
[02:27:14] *** Quits: Gladiolus (uid110916@the.truth.is.out.there) (Quit: )
[04:09:56] *** Joins: HyperDash (HyperDash@Pony-pveddk.wa.comcast.net)
[04:12:56] *** Joins: username (WebChat@Pony-35oeb5.fl.comcast.net)
[04:13:24] *** username is now known as LavenderDays
[04:16:23] *** Quits: LavenderDays (WebChat@Pony-35oeb5.fl.comcast.net) (Quit: Page closed)
[04:17:13] *** Toothie is now known as Toothpaste
[04:22:01] *** Quits: Toothpaste (uid63062@Pony-3ms8rb.92as.m095.067c.2001.IP) (Quit: "Friendship ain't magic; it's a miracle." -ClaviSound http://tinyurl.com/p9wkvyo | Did you subscribe to the dude yet?)
[05:14:25] *** HyperDash is now known as Miss_Spell
[05:16:52] *** Miss_Spell is now known as HyperDash
[05:26:35] *** Quits: Alcoholicorn (Alcoholicor@Pony-55oq0s.pool.hargray.net) (Ping timeout: 121 seconds)
[05:49:04] *** ama|work is now known as ama
[06:04:29] *** Joins: Personifire (Tilde@Pony-v72r8a.res.rr.com)
[06:06:32] *** RedHelper is now known as Creeps|AFK
[06:07:15] *** Quits: Persona (Tilde@Pony-rj78m0.78km.c1tq.6000.2605.IP) (Ping timeout: 121 seconds)
[07:08:06] *** Quits: Ambrosia (WebChat@Pony-8ujf9q.sntcca.sbcglobal.net) (Quit: Page closed)
[07:26:42] *** ama is now known as ama|sleep
[07:26:46] *** Gigabit is now known as Snoarin
[07:31:44] *** Joins: Soaring_Angel (WebChat@Pony-hpolr7.austtx.sbcglobal.net)
[07:36:37] <Soaring_Angel> help
[07:45:47] <Fluttershi> ?
[07:49:21] *** Joins: Gladiolus (uid110916@Pony-qjfks9.brockwell.irccloud.com)
[07:51:02] *** HyperDash is now known as HyperSleep
[07:59:21] *** Joins: Alcoholicorn (Alcoholicor@Pony-55oq0s.pool.hargray.net)
[08:03:31] *** Quits: Alcoholicorn (Alcoholicor@Pony-55oq0s.pool.hargray.net) (Ping timeout: 121 seconds)
[08:04:12] *** HyperSleep is now known as HyperSleeping
[08:04:21] *** HyperSleeping is now known as HyperSleep
[08:06:33] *** Quits: Soaring_Angel (WebChat@Pony-hpolr7.austtx.sbcglobal.net) (Quit: Page closed)
[08:08:05] *** Quits: HyperSleep (HyperDash@Pony-pveddk.wa.comcast.net) (Quit: Ping timeout: 1234567654321234567543212345676543234567654323456765432345677865432345661234567654321234567543212345676543234567654323456765432345677865432345661234567654321234567543212345676543234567654323456765432345677865432345661234567654321234567)
[08:17:24] *** Quits: Personifire (Tilde@Pony-v72r8a.res.rr.com) (Connection closed)
[08:21:22] *** Joins: Persona (Tilde@Pony-v72r8a.res.rr.com)
[08:27:27] *** Joins: Alcoholicorn (Alcoholicor@Pony-55oq0s.pool.hargray.net)
[10:47:02] *** Quits: Gladiolus (uid110916@the.truth.is.out.there) (Quit: )
[11:06:48] *** Quits: Alcoholicorn (Alcoholicor@Pony-55oq0s.pool.hargray.net) (Ping timeout: 121 seconds)
[11:08:52] *** Joins: Alcoholicorn (Alcoholicor@Pony-55oq0s.pool.hargray.net)
[11:18:02] *** Quits: Alcoholicorn (Alcoholicor@Pony-55oq0s.pool.hargray.net) (Quit: )
[11:55:30] *** Quits: Unixkitty (uni@the.unicorn.cat) (Quit: The rains weep over his hall, with no one there to hear.)
[11:56:22] *** Joins: Unixkitty (uni@Pony-bbkp1e.com)
[15:13:00] *** Joins: Soaring_Angel_ (uid142695@Pony-uek30g.tooting.irccloud.com)
[15:36:43] *** Joins: Zuzu_ (zuzu@is.robo.licious)
[15:38:26] *** Quits: Zuzu (zuzu@is.robo.licious) (Ping timeout: 121 seconds)
[16:35:43] *** Snoarin is now known as Gigabit
[17:22:37] *** Quits: Apple_Bloom (sid52418@the.canon.pony) (Ping timeout: 121 seconds)
[17:22:39] *** Quits: Q0 (Q0@literallyshit.net) (Ping timeout: 121 seconds)
[17:23:59] *** Quits: Soaring_Angel_ (uid142695@Pony-uek30g.tooting.irccloud.com) (Ping timeout: 121 seconds)
[17:24:46] *** Joins: Soaring_Angel_ (uid142695@Pony-uek30g.tooting.irccloud.com)
[17:24:48] *** Joins: Apple_Bloom (sid52418@the.canon.pony)
[17:25:55] *** Joins: Q0 (Q0@Pony-0m7faa.vtfe.qoe9.0601.2601.IP)
[17:36:31] *** Joins: Bluishia (Bluishia@Pony-ivc6nr.fbx.proxad.net)
[17:36:50] *** Parts: Bluishia (Bluishia@Pony-ivc6nr.fbx.proxad.net) ()
[17:51:12] *** Joins: HyperDash (HyperDash@Pony-pveddk.wa.comcast.net)
[19:31:24] *** Quits: Rainbow14 (chat@Pony-eo4r8l.cable.virginm.net) (Ping timeout: 121 seconds)
[19:32:29] *** Quits: HyperDash (HyperDash@Pony-pveddk.wa.comcast.net) (Quit: Ping timeout: infinite seconds)
[19:46:10] *** Joins: Rainbow14 (chat@Pony-eo4r8l.cable.virginm.net)
[19:48:49] *** Joins: HyperDash (HyperDash@Pony-pveddk.wa.comcast.net)
[19:54:27] *** Joins: bloodred (WebChat@Pony-g6mufh.dyn.estpak.ee)
[19:58:29] *** Joins: Gladiolus (uid110916@Pony-qjfks9.brockwell.irccloud.com)
[20:00:46] *** Quits: bloodred (WebChat@Pony-g6mufh.dyn.estpak.ee) (Quit: Page closed)
[20:01:21] *** Joins: Pony_8 (~WebChat@Pony-g6mufh.dyn.estpak.ee)
[20:02:14] *** Quits: Pony_8 (~WebChat@Pony-g6mufh.dyn.estpak.ee) (Quit: Page closed)
[20:02:29] *** Joins: blodred (WebChat@Pony-g6mufh.dyn.estpak.ee)
[20:24:30] *** Quits: blodred (WebChat@Pony-g6mufh.dyn.estpak.ee) (Quit: Page closed)
[20:24:33] *** Joins: Sabre_Altear (WebChat@Pony-4l3s7d.basinbroadband.ca)
[20:27:34] *** Quits: Sabre_Altear (WebChat@Pony-4l3s7d.basinbroadband.ca) (Quit: Page closed)
[20:48:04] *** Quits: HyperDash (HyperDash@Pony-pveddk.wa.comcast.net) (Quit: Ping timeout: infinite seconds)
[20:48:55] *** Quits: Gladiolus (uid110916@the.truth.is.out.there) (Quit: )
[20:59:41] *** Joins: Gladiolus (uid110916@Pony-qjfks9.brockwell.irccloud.com)
[21:00:11] *** Joins: HyperDash (HyperDash@Pony-pveddk.wa.comcast.net)
[21:52:30] *** Quits: Gladiolus (uid110916@the.truth.is.out.there) (Quit: )
[22:26:02] *** Quits: HyperDash (HyperDash@Pony-pveddk.wa.comcast.net) (Quit: Ping timeout: infinite seconds)
[22:40:32] *** Joins: Toothpaste (uid63062@Pony-3ms8rb.92as.m095.067c.2001.IP)
[23:16:58] *** Toothpaste is now known as Arrow
[23:29:56] *** Gigabit is now known as gigaway
[23:32:48] *** Joins: Alcoholicorn (Alcoholicor@Pony-55oq0s.pool.hargray.net)
