[00:42:28] *** HyperDash is now known as HyperBole
[01:15:41] *** Gigabit is now known as gigaway
[01:32:38] *** HyperBole is now known as HyperDash
[01:35:14] *** Quits: Alcoholicorn (Alcoholicor@Pony-55oq0s.pool.hargray.net) (Ping timeout: 121 seconds)
[01:49:52] *** ama|shoveling is now known as ama
[03:14:09] *** gigaway is now known as Kalith
[03:17:18] *** Kalith is now known as gigaway
[03:17:21] *** Joins: Gladiolus (uid110916@the.truth.is.out.there)
[03:17:26] <Gladiolus> yo Colgate 
[03:17:38] <Gladiolus> I need a bouncer for hexchat since those disconnects are getting too much
[03:17:38] <Gladiolus> how do
[03:18:02] <Colgate> uh, look up ZNC
[03:19:24] <Gladiolus> okay that’s neat but my connection is the problem so
[03:19:30] <Gladiolus> i thought we had a public one or something
[03:19:40] <Colgate> not open for new registrations
[03:19:54] <Gladiolus> cry
[03:21:57] <Moonlightning> Get yourself a server, Gladiolus
[03:22:01] <Moonlightning> s/$/!/
[03:22:10] <Gladiolus> nah
[03:22:36] <Princess_Pwny> Rip
[03:26:35] <Hazel> Colgate: it's fine if they use mine right?
[03:30:55] *** Quits: Gladiolus (uid110916@the.truth.is.out.there) (Quit: )
[04:01:06] *** Joins: Persona (Tilde@Pony-rru0nm.78km.c1tq.6000.2605.IP)
[04:15:39] *** Joins: Personifire (Tilde@Pony-plsqe4.78km.c1tq.6000.2605.IP)
[04:18:27] *** Quits: Persona (Tilde@Pony-rru0nm.78km.c1tq.6000.2605.IP) (Ping timeout: 121 seconds)
[04:20:53] *** Eventide is now known as Eventide|Sleepies
[04:31:04] *** Joins: Person (Tilde@Pony-2od0sa.78km.c1tq.6000.2605.IP)
[04:31:35] *** ama is now known as Oliver
[04:34:28] *** Quits: Personifire (Tilde@Pony-plsqe4.78km.c1tq.6000.2605.IP) (Ping timeout: 121 seconds)
[04:36:16] *** Joins: Personifire (Tilde@Pony-r792aa.78km.c1tq.6000.2605.IP)
[04:38:32] *** Joins: gunthler (Gunthler@T.money)
[04:38:37] <gunthler> How to fart loudly
[04:39:11] *** Joins: Pony_72828 (Tilde@Pony-v72r8a.res.rr.com)
[04:39:29] *** Quits: Person (Tilde@Pony-2od0sa.78km.c1tq.6000.2605.IP) (Ping timeout: 121 seconds)
[04:40:00] *** Parts: gunthler (Gunthler@T.money) ("https://youtu.be/5FjWe31S_0g ")
[04:40:29] *** Quits: Personifire (Tilde@Pony-r792aa.78km.c1tq.6000.2605.IP) (Ping timeout: 121 seconds)
[04:58:53] *** gigaway is now known as Vega
[05:13:34] *** Joins: Duck (Duck@non.stop.nyan.cat)
[05:42:02] *** Joins: Pony_5 (WebChat@Pony-8ujf9q.sntcca.sbcglobal.net)
[05:46:04] *** Quits: Pony_5 (WebChat@Pony-8ujf9q.sntcca.sbcglobal.net) (Ping timeout: 121 seconds)
[05:49:01] *** Quits: HyperDash (HyperDash@Pony-pveddk.wa.comcast.net) (Quit: Ping timeout: 1234567654321234567543212345676543234567654323456765432345677865432345661234567654321234567543212345676543234567654323456765432345677865432345661234567654321234567543212345676543234567654323456765432345677865432345661234567654321234567)
[05:50:15] *** Quits: Toothie|AFK (uid63062@Pony-3ms8rb.92as.m095.067c.2001.IP) (Quit: Connection closed for inactivity)
[06:04:57] *** Oliver is now known as ama
[06:09:43] *** RedHelper is now known as Creeps|AFK
[07:17:07] *** Quits: Pony_72828 (Tilde@Pony-v72r8a.res.rr.com) (Connection closed)
[08:47:46] *** Quits: Duck (Duck@non.stop.nyan.cat) (Quit: Leaving)
[09:09:08] *** Joins: afkshi (Fluttershi@Hipsterluna.is.my.waifu)
[09:10:07] *** afkshi is now known as ShianMoon
[09:10:24] *** ShianMoon is now known as TeaJay
[09:11:46] *** Quits: TeaJay (Fluttershi@Hipsterluna.is.my.waifu) (Connection closed)
[09:52:05] *** Joins: Gladiolus (uid110916@Pony-qjfks9.brockwell.irccloud.com)
[12:13:16] *** Quits: Rainbow14 (chat@Pony-eo4r8l.cable.virginm.net) (Ping timeout: 121 seconds)
[12:16:55] *** Joins: Rainbow14 (chat@Pony-eo4r8l.cable.virginm.net)
[12:48:57] *** Quits: Gladiolus (uid110916@the.truth.is.out.there) (Quit: )
[13:58:56] *** Joins: Caerdwyn (caepone@always.broken.sometimes.patched.finally.fixed)
[14:13:05] *** Joins: Alcoholicorn (Alcoholicor@Pony-55oq0s.pool.hargray.net)
[15:07:40] *** Quits: Alcoholicorn (Alcoholicor@Pony-55oq0s.pool.hargray.net) (Ping timeout: 121 seconds)
[15:29:41] *** Joins: Persona (Tilde@Pony-drfr5l.78km.c1tq.6000.2605.IP)
[15:42:45] *** Quits: Vega (Gigabit@Bazinga) (Quit: Canternet Public Bouncer!)
[15:43:49] *** Joins: Alcoholicorn (Alcoholicor@Pony-55oq0s.pool.hargray.net)
[15:59:59] *** Joins: Personifire (Tilde@Pony-ruuml2.78km.c1tq.6000.2605.IP)
[16:03:22] *** Quits: Persona (Tilde@Pony-drfr5l.78km.c1tq.6000.2605.IP) (Ping timeout: 121 seconds)
[16:27:32] *** Eventide|Sleepies is now known as Eventide
[16:41:14] *** Joins: Person (Tilde@Pony-kaj0it.78km.c1tq.6000.2605.IP)
[16:44:23] *** Quits: Personifire (Tilde@Pony-ruuml2.78km.c1tq.6000.2605.IP) (Ping timeout: 121 seconds)
[16:45:13] *** Joins: Personifire (Tilde@Pony-29rm5u.78km.c1tq.6000.2605.IP)
[16:48:23] *** Quits: Person (Tilde@Pony-kaj0it.78km.c1tq.6000.2605.IP) (Ping timeout: 121 seconds)
[16:48:24] *** Joins: Persona (Tilde@Pony-lvdrlu.78km.c1tq.6000.2605.IP)
[16:50:54] *** Quits: Personifire (Tilde@Pony-29rm5u.78km.c1tq.6000.2605.IP) (Ping timeout: 121 seconds)
[16:51:02] *** Joins: Person (Tilde@Pony-k6nmiq.78km.c1tq.6000.2605.IP)
[16:54:24] *** Quits: Persona (Tilde@Pony-lvdrlu.78km.c1tq.6000.2605.IP) (Ping timeout: 121 seconds)
[17:01:00] *** Joins: GigabitPony (Gigabit@Bazinga)
[17:01:08] *** Quits: Mike_Coltfield (Larscis@colt.in.the.rain) (Quit: "Bug." -- My goldfish on sleep)
[17:01:14] *** Joins: Mike_Coltfield (Larscis@colt.in.the.rain)
[17:01:14] *** Celestia sets mode: +o Mike_Coltfield
[17:05:59] *** GigabitPony is now known as Gigabit
[17:27:02] *** Joins: Zuzu_ (zuzu@Pony-a345ev.eastlink.ca)
[17:28:03] *** Quits: Zuzu (zuzu@is.robo.licious) (Ping timeout: 121 seconds)
[17:28:13] *** Fluttershi is now known as ShianMoon
[17:32:46] *** ShianMoon is now known as Fluttershi
[19:22:23] *** Gigabit is now known as GigaCollege
[20:06:49] *** Joins: Personifire (Tilde@Pony-nd12e0.78km.c1tq.6000.2605.IP)
[20:09:58] *** Quits: Person (Tilde@Pony-k6nmiq.78km.c1tq.6000.2605.IP) (Ping timeout: 121 seconds)
[20:11:10] *** Joins: Duck (Duck@non.stop.nyan.cat)
[21:06:09] *** Joins: Person (Tilde@Pony-dkeht8.78km.c1tq.6000.2605.IP)
[21:09:30] *** Quits: Personifire (Tilde@Pony-nd12e0.78km.c1tq.6000.2605.IP) (Ping timeout: 121 seconds)
[21:31:30] *** Joins: Toothpaste (uid63062@Pony-3ms8rb.92as.m095.067c.2001.IP)
[22:03:20] *** Joins: Koja (Mibbit@Owner.OF.www.GupShupCoRneR.com)
[22:03:24] <Koja> hello
[22:03:31] *** Koja is now known as Shan
[22:03:55] <Shan> is there anyway that i can find out which users are not using ssl in the channel ?
[22:04:08] <Shan> or do i have to go throw by doing /whois for everyone
[22:05:04] <Colgate> the latter is the only way
[22:05:31] <Moonlightning> Unless you wanna set +z and masskick
[22:05:38] <Shan> because i wanted to put +z mode for the channel so if there is anyone who is not using ssl in the channel i can't set this mode
[22:06:20] <Shan> one more thing how can we find out the ssl signature
[22:06:32] <Moonlightning> Ohh, right
[22:07:03] <Shan> <discord.canternet.org>: *** You are connected using SSL cipher "RSA-AES-256-CBC-SHA1"
[22:07:15] <Shan> that's the ssl signature ?
[22:07:41] <Moonlightning> well, in cryptography, /signature/ means something completely different...
[22:07:48] <Shan>  z:	[fingerprint] Matches against SSL client certificate fingerprint.
[22:07:57] <Colgate> /sslinfo <nick>
[22:08:33] <Colgate> it is also in /whois
[22:08:49] <Shan> thanks colgate
[22:08:51] <Shan> it worked
[22:13:37] *** Parts: Shan (Mibbit@Owner.OF.www.GupShupCoRneR.com) ()
[22:38:36] *** Joins: d (~WebChat@Pony-5jd.p9o.99.177.IP)
[22:39:05] *** d is now known as Pony_34791
[22:39:50] *** Quits: Pony_34791 (~WebChat@Pony-5jd.p9o.99.177.IP) (Quit: Page closed)
[22:54:22] *** ama is now known as amaway
[23:16:44] *** Joins: Gladiolus (uid110916@Pony-qjfks9.brockwell.irccloud.com)
[23:32:20] *** Quits: Duck (Duck@non.stop.nyan.cat) (Quit: Leaving)
[23:34:48] *** Quits: Alcoholicorn (Alcoholicor@Pony-55oq0s.pool.hargray.net) (Ping timeout: 121 seconds)
[23:51:35] *** Toothpaste is now known as Toothie|Cooking
