[00:04:47] *** Joins: psoras (~Thunderbi@agtc137.neoplus.adsl.tpnet.pl)
[00:05:58] <VanDreadPL> dobra na mnie też czas dobrej nocy
[00:09:47] *** Quits: VanDreadPL (~Thunderbi@89-73-73-49.dynamic.chello.pl) (Quit: VanDreadPL)
[01:04:23] *** Quits: psoras (~Thunderbi@agtc137.neoplus.adsl.tpnet.pl) (Quit: Narazicho!)
[01:20:32] *** Quits: CowiekPiwo (0551a2b3@gateway/web/freenode/ip.5.81.162.179) (Quit: Page closed)
[01:59:01] *** Quits: MisiekShy (~Misiek@ekk157.neoplus.adsl.tpnet.pl) (Quit: Leaving)
[11:21:19] <misiek200m> VoThall Soxis super deal! http://file.200m.pl/1512/23Le0T3rSf.png Oddzielnie tańsze niż w pakiecie xD
[12:32:44] <VoThall> dobry
[12:33:07] <VoThall> misiek200m wtf xD to prawdziwe? xD
[12:33:19] <misiek200m> VoThall no prawdziwe, prawdziwe ;p
[12:33:25] <VoThall> xd
[12:33:41] <misiek200m> Mam też screena ze wczoraj z quake III, za -9,30 ojro (-135%) xD
[12:34:17] <misiek200m> VoThall http://file.200m.pl/1512/22OEjsYRPt.png
[12:34:21] <misiek200m> No, prawie zapamiętałem xD
[12:39:03] <VoThall> ciekawe czy by sie dodalo do konta xD
[13:04:56] <Soxis> https://www.facebook.com/orangememes3/photos/a.760339864022319.1073741827.759302430792729/997606166962353/?type=3&comment_id=997606433628993&notif_t=comment_mention
[13:04:57] <Soxis> xDDD
[13:37:26] *** Joins: Misiek (~Misiek@ekk157.neoplus.adsl.tpnet.pl)
[13:38:12] <Misiek> bry
[13:52:01] *** Joins: MisiekShy (~Misiek@ekk157.neoplus.adsl.tpnet.pl)
[13:54:56] *** Quits: Misiek (~Misiek@ekk157.neoplus.adsl.tpnet.pl) (Ping timeout: 272 seconds)
[13:56:02] <Night_Spark> http://www.xda-developers.com/is-privacy-a-privilege-blackberry-thinks-so/
[13:56:28] <Night_Spark> Ciekaw jestem kiedy ta bańka głupoty w końcu jebnie.
[13:57:29] <Night_Spark> Użytkownik adblocka=pirat i złodziej
[13:58:32] <Night_Spark> Człowiek, któremu bez sądu przeszukuje się telefon czy kompa=przestępca
[14:11:06] <MisiekShy> i dobrze
[14:11:17] <MisiekShy> powinni was bandyci zamknąć wszystkich
[14:22:00] <Night_Spark> MisiekShy: to kto będzie śmieszkował? bagiety?
[14:22:07] <Night_Spark> niechcesztego
[14:24:34] *** Joins: Dalir (~tableto@88-199-132-54.tktelekom.pl)
[14:36:18] *** Joins: haryozborn (531c883c@gateway/web/freenode/ip.83.28.136.60)
[14:54:32] <Dalir> O haryozborn
[14:54:34] <Dalir> Aloha
[14:55:04] <haryozborn> hejka dalir? :3
[14:55:12] <haryozborn> jak się trzymasz?
[14:59:23] <Dalir> Bardzo dobrze ':D
[15:00:34] <Night_Spark> Hay haryozborn
[15:00:53] <Night_Spark> Akurat dzisiaj bywalców Fosika wyliczałem
[15:03:33] *** Joins: NocnyPortier (~Misiek@aglp7.neoplus.adsl.tpnet.pl)
[15:06:24] *** Quits: MisiekShy (~Misiek@ekk157.neoplus.adsl.tpnet.pl) (Ping timeout: 245 seconds)
[15:24:33] <haryozborn> :)
[15:25:14] <haryozborn> a jak u vana? odzywa się czasem?
[15:25:36] <Night_Spark> Codziennie jest
[15:25:46] <haryozborn> aha o dobrze :)
[15:25:51] <haryozborn> *o
[15:25:56] <haryozborn> *to
[15:28:05] <haryozborn> ja ide na miasto z psiakiem wiec nie bedzie mnie przy komurze jak by co to wesołóych swiat zajebsta kompamnio ciekawych ludzi :D
[15:28:25] <haryozborn> dziś jade na swieta poza radom
[15:29:00] <Night_Spark> ^^
[15:53:35] *** NocnyPortier is now known as Misiek
[16:08:00] <VoThall> Night_Spark jaka powinna byc predkosc zapisu na hdd?
[16:08:12] <VoThall> tak srednio
[16:11:07] <Night_Spark> Dunno
[16:17:25] <Misiek> http://puu.sh/m62Y2/52133a965d.mp4 słodziak <3
[16:19:27] <McKey> VoThall: tak średnio to 30-40 hdd
[16:19:40] <VoThall> dziekowac
[16:19:53] <VoThall> kurde nie wiedzialem ze hdd takie wolne so xD
[16:20:02] <McKey> no mój tak ma
[16:20:08] <McKey> więc może są szybsze
[16:20:16] <VoThall> no sa ale mimo wszystko
[16:20:28] <VoThall> moglyby miec z 200
[16:20:30] <McKey> w porównaniu do ssd to w chuj :P
[16:20:38] <McKey> ssd ma 200-300 :P
[16:20:42] <VoThall> no wlasnie xD
[16:21:00] <McKey> a w pewnym połączeniu pewnej ilości dysków (starczego typu) wyciąga 2 gb/s
[16:21:59] <VoThall> ja mam wd black 1tb i nie wiem jaka powinien miec predkosc wlasnie
[16:22:42] <Misiek> mam ten sam dx
[16:23:01] <VoThall> mam czasem wrazenie ze jest za wolny
[16:31:40] <Misiek> 157MB zapis
[16:32:20] <Misiek> 143 odczyt
[16:37:23] <Misiek> VoThall, dodko?
[16:37:27] <Misiek> albo coś xd
[16:37:30] <Misiek> nudzi mnie sie
[16:37:40] <VoThall> instaluje sobie gre
[16:37:42] <VoThall> xD
[16:38:08] <VoThall> Misiek a czym sprawdzales?
[16:38:21] <Misiek> wierszem poleceń dx
[16:38:34] <Misiek> komenda gib speed
[16:38:44] *** Quits: haryozborn (531c883c@gateway/web/freenode/ip.83.28.136.60) (Quit: Page closed)
[16:38:45] <VoThall> nie no czym xD
[16:38:50] <Misiek> no mowie xd
[16:39:26] <VoThall> eh
[16:39:29] <Misiek> nie chcialo mi sie sciagac programu
[16:39:56] <Misiek> to z komendy
[16:40:09] <VoThall> jakiej
[16:40:11] <VoThall> xD
[16:40:22] <Misiek> winsat disk -seq -write -drive c
[16:40:29] <Misiek> winsat disk -seq -read -drive c
[16:40:44] <Misiek> tylko ze test trwa jakies 5 sek xd
[16:41:25] <VoThall> to dziala? xD
[16:41:32] <Misiek> nie
[16:41:38] <Misiek> od 2 godzin robie sobie z ciebie jaja
[16:41:46] <Misiek> prawidlowa komenda to
[16:41:48] <Misiek> gib speed
[16:41:50] <Misiek> xd
[16:41:54] *** Quits: Dalir (~tableto@88-199-132-54.tktelekom.pl) (Quit: Bye)
[16:41:59] <Misiek> odpal jako admin xd
[16:42:02] <Misiek> i wejdz na tesa
[16:42:17] <VoThall> a gdzie to pokazuje ;-;
[16:42:34] <Misiek> odpal jako admin xd
[16:42:55] <Misiek> bo gunwo pokaże
[16:44:39] <VoThall> http://puu.sh/m64lN/d331b4e710.png
[16:44:41] <VoThall> hm
[16:45:04] <Misiek> chyba odpaliles na ssdeku dx
[16:45:13] <Misiek> czas 1 sekunda xd
[16:45:34] <Misiek> wytarly mi sie przyciski x i d na klawiaturze xd
[16:47:30] <VoThall> xD
[16:47:32] <VoThall> no na ssd
[16:47:36] <VoThall> read pokazuje normalnie
[16:47:38] <VoThall> 450
[16:55:20] <Misiek> mam lepszy pomysl
[16:55:20] <Misiek> xd
[16:55:37] <Misiek> sparawdz po prostu predkosci dysku na stronie producenta
[16:55:41] <Misiek> xd
[16:58:34] <Misiek> https://youtu.be/-2g3Ht30gbM
[16:59:11] <Night_Spark> Misiek: VoThall ma bana na google za skalowanie papieża Picasą
[16:59:27] <VoThall> yup
[17:03:13] <Misiek> troche to dziwne ze za kazdym razem innym czasem sprawdza dysk
[17:04:30] <Night_Spark> "Ja się nie nadaję do tej roli - prychnął z irytacją pan Bogumił, ciskając teczkę papierów na biurko i wychodząc z budynku KRUSu."
[17:21:11] <Misiek> xd
[17:25:19] <Misiek> ppd here comes the iceblast ready for the dunk
[17:25:58] <Misiek> VoThall, noooo
[17:58:19] <VoThall> nie mam jak xD
[17:58:27] <VoThall> sfienta
[18:02:10] <Misiek> egg
[18:02:37] <Misiek> sfienta sfienta a ja dalej choinki nie ubralem xd
[18:04:32] <Night_Spark> Misiek: u nas tam po prawosławnemu, parę dni przed Nowym Rokiem stawiamy XD
[18:04:52] <Misiek> xD
[18:05:03] <Misiek> chyba skończe tak samo
[18:05:51] <Night_Spark> Jeszcze Nowy Rok dwa razy pewnie poświętujem
[18:06:11] <Night_Spark> Ten drugi wg juliańskiego kalendarza
[18:06:40] <Misiek> http://img-9gag-fun.9cache.com/photo/aOVqP9N_460sv.mp4
[18:29:22] *** Quits: Misiek (~Misiek@aglp7.neoplus.adsl.tpnet.pl) (Quit: Leaving)
[19:20:23] <misiek200m> No bez jaj, że to na steamie jest xDDD http://file.200m.pl/1512/23xeZlAaDU.png
[19:27:20] <Night_Spark> misiek200m: a jest Microsoft Fury 3?
[19:27:46] <misiek200m> dunno ;p
[20:17:52] *** Joins: psoras (~Thunderbi@aglh125.neoplus.adsl.tpnet.pl)
[20:18:02] <psoras> chej
[20:18:07] <psoras> hoł hoł hoł
[20:18:13] <psoras> wesołych świąt
[20:29:13] <misiek200m> hohoho!
[20:29:45] <misiek200m> Wesołych! Byłeś w tym roku grzeczny, psorasie? xD
[20:32:35] <psoras> a bo ja wiem? :P
[20:34:49] *** Joins: izeer (0551a2b3@gateway/web/freenode/ip.5.81.162.179)
[20:35:17] <izeer> elo
[20:35:25] <izeer> ja jebe, jakas grypa mnie dopadla z rana
[20:35:29] <izeer> wstałem o 8
[20:35:34] <izeer> zaraz poszedlem spac
[20:35:37] <izeer> wstalem teraz
[20:36:09] *** Joins: Misiek (~Misiek@aglp7.neoplus.adsl.tpnet.pl)
[20:37:11] <misiek200m> izeer żyj xS
[20:37:12] <misiek200m> xD
[20:37:35] <izeer> 11 godzin spania w dzien, chyba to mnie uratowalo
[20:37:43] <izeer> bo nie mialem, zadnych lekow
[20:37:46] <izeer> nawet jesc nie moglem
[20:39:55] <Misiek> nauczylem sie obierac mandarynki jedna reka
[20:40:03] <Misiek> teraz obieram 2 naraz
[20:40:06] <Misiek> wieksza wydajnosc
[20:40:48] *** Joins: izeer_ (0551a2b3@gateway/web/freenode/ip.5.81.162.179)
[20:41:24] <Misiek> myslalem zeby zaczac stopami
[20:41:29] <Misiek> ale to troche nie wypada
[20:42:12] *** Quits: izeer (0551a2b3@gateway/web/freenode/ip.5.81.162.179) (Ping timeout: 252 seconds)
[20:48:41] <Misiek> VoThall, https://www.youtube.com/watch?v=gZiP5kjUii8 nowy gemplej z Tarkova
[20:50:00] <Misiek> nie wygląda źle
[20:58:39] <VoThall> moze byc najsu
[20:58:43] <VoThall> jesli skradanie zrobio
[21:04:35] <Soxis> kto już SW VII oglądał xD
[21:07:32] <izeer_> nie ja
[21:09:13] <Soxis> wszyscy umierajo na końcu kekekek
[21:31:43] *** Quits: izeer_ (0551a2b3@gateway/web/freenode/ip.5.81.162.179) (Ping timeout: 252 seconds)
[21:51:30] *** Joins: izeer (0551a2b3@gateway/web/freenode/ip.5.81.162.179)
[21:55:27] <misiek200m> Soxis a w FF VII Aeris umiera xD
[21:55:33] <Soxis> XDDDD
[21:55:44] <misiek200m> Przypadeg? xD
[22:03:51] <Misiek> egg
[22:04:01] <Misiek> trzeba by cos ze starym kompem zrobić
[22:30:46] <izeer> http://gfycat.com/GrandioseInsignificantHairstreak
[22:33:44] <VoThall> Misiek
[22:33:53] <VoThall> gdzie sie wylacza lock 30fps w ac black flag
[22:33:55] <VoThall> ;-;
[22:34:06] <Misiek> o huj gramy multi dx
[22:34:10] <Misiek> nie wiem
[22:34:44] <Misiek> chciał bym multi z tako walko morsko jak w black flagu dx
[22:36:02] <Misiek> zforsuj fullscreena
[22:37:07] <Misiek> moze v synca masz ? dx
[22:37:43] <izeer> ja w wiesku mam wiecej fps z v sync xD
[22:40:40] <Misiek> pewnie na stockowej wersji jak jakis konsolowiec dx
[22:48:50] <Misiek> chuj
[22:48:55] <Misiek> ide po choinke
[22:49:00] <Misiek> zarty sie skonczyly
[22:49:19] <Misiek> siekiera juz wczoraj naostrzylem
[22:49:23] <Misiek> szybka akcja
[22:49:43] <Misiek> mam nadzieje ze sasiad sie nie zorientuje z brakujacego krzaka
[22:49:44] <Misiek> xd
[22:50:03] <Misiek> wesolych swiat bo nie wiem kiedy wroce dx
[22:53:26] <VoThall> Misiek czo
[22:53:32] <VoThall> bez vsynca jest troche 2/10
[22:53:36] <VoThall> bo sie rozjezdza
[23:19:45] *** Quits: psoras (~Thunderbi@aglh125.neoplus.adsl.tpnet.pl) (Quit: Narazicho!)
[23:24:37] <Misiek> jak za bardzo zluzowałeś to sie rozjeżdza xd
[23:25:08] <Misiek> no paczcie a nawet nawzajem nie odpowie
[23:34:11] <Misiek> zmieszałem pepsi z sokiem z czarnej porzeczki xd
[23:34:12] <Misiek> dobre to
[23:46:50] <VoThall> Misiek na maxymalnych to nawet 60fpsow nie mam xD
[23:49:28] <Misiek> dx
[23:49:42] <Misiek> trzeba byou kupic 4 tytany xd
[23:49:48] <Misiek> albo nei grac w gry od ubi xd
[23:56:02] <VoThall> Misiek a na jakich ustawieniach masz?
[23:56:10] <VoThall> bo nie wiem czemu ale mi sie to zacina xD
[23:56:19] <VoThall> 60fpsow jest ale sa takie dropy do 0 randomowe
[23:56:21] <VoThall> xD
[23:56:22] <Misiek> gralem w to jakies pol roku temu dx
[23:56:30] <Misiek> tez tak mialem xd
[23:57:03] <Misiek> VoThall, https://i.4cdn.org/vg/1450892219746.jpg dx
[23:57:17] <VoThall> nie dzialajo mi te linki
[23:57:44] <Misiek> http://puu.sh/m6uz9/f667d4a62b.jpg
[23:58:17] <Misiek> average furion game xd
