[00:09:57] <VanDreadPL> misiek200m: to całkiem krokostycznie XD
[00:09:57] <VanDreadPL> ja natomiast postanowiłem walnąć jeszcze lufę bimbru przed snem bo łeb mnie boli XD
[00:09:57] <VanDreadPL> i mam nadzieje że mi przejdzie
[00:09:57] <misiek200m> xDD
[00:09:57] <VanDreadPL> poza tym bimber zawsze spoko na dobry sen
[00:09:57] <VanDreadPL> a teraz w lepszym już humorze żegnam się jeszcze raz XD
[00:09:57] <VanDreadPL> papapa
[00:09:57] <misiek200m> Bajo xD
[00:09:57] *** Quits: McKey (~McK@ipv6.antyklay.pl) (Ping timeout: 264 seconds)
[00:09:57] *** Quits: VanDreadPL (~Thunderbi@89-73-73-49.dynamic.chello.pl) (Quit: VanDreadPL)
[00:11:15] *** Joins: Soxis (~Soxis@ipv6.antyklay.pl)
[00:11:20] *** Server sets mode: +cns 
[01:32:21] <MisiekShy> http://x3.cdn03.imgwykop.pl/c3201142/comment_7KzkUbLIgY7Bdb3UTddI4MWm6A3PqDMR.jpg xD
[01:32:26] <MisiekShy> pora spać elo elo
[01:32:30] *** Quits: MisiekShy (~Misiek@abje190.neoplus.adsl.tpnet.pl) (Quit: Leaving)
[03:25:27] *** Quits: McKey (~McK@irc.antyklay.pl) (Ping timeout: 265 seconds)
[03:26:25] *** Joins: Soxis (~Soxis@irc.antyklay.pl)
[03:26:25] *** Server sets mode: +cns 
[06:56:34] *** Joins: Koh_fon (~Kingofhil@user-94-254-209-44.play-internet.pl)
[07:24:34] *** Quits: Koh_fon (~Kingofhil@user-94-254-209-44.play-internet.pl) (Quit: Hue.)
[09:47:26] <misiek200m> https://twitter.com/hashtag/bttf2015?src=hash
[09:57:04] *** Joins: Koh_fon (~Kingofhil@user-94-254-209-44.play-internet.pl)
[11:09:16] <VoThall> dobry
[11:58:22] *** Joins: Misiek (~Misiek@abje190.neoplus.adsl.tpnet.pl)
[11:58:32] <Misiek> hi
[12:03:54] *** Joins: Soxis (~Soxis@ipv6.antyklay.pl)
[12:03:54] *** Server sets mode: +cns 
[12:14:52] <VoThall> Misiek: https://www.youtube.com/watch?v=CKx5oBfGBWk
[12:15:04] <Misiek> widziau
[12:15:40] <Misiek> chyba marczelosowy serw unmarjusz na staue
[12:16:04] <Misiek> kcesz coś pyknoć
[12:20:56] <VoThall> hm
[12:21:01] <VoThall> moge mecza doto jebnac
[12:21:10] <VoThall> bo potem jeszcze musze sie pouczyc xD
[12:24:49] <Misiek> VoThall, https://gfycat.com/HiddenRealEyelashpitviper
[12:32:14] <VoThall> Misiek:
[13:51:26] *** Joins: izeer (6d996926@gateway/web/freenode/ip.109.153.105.38)
[14:49:05] <izeer> elo
[15:16:45] *** Quits: izeer (6d996926@gateway/web/freenode/ip.109.153.105.38) (Ping timeout: 246 seconds)
[15:28:12] *** Joins: izeer (6d996926@gateway/web/freenode/ip.109.153.105.38)
[16:09:39] <Misiek> elo elo
[16:14:08] <Misiek> https://funnyjunk.com/Monsters/funny-pictures/5719576/ dx
[16:58:13] *** Quits: izeer (6d996926@gateway/web/freenode/ip.109.153.105.38) (Quit: Page closed)
[17:30:00] *** Joins: psoras (~Thunderbi@agnq160.neoplus.adsl.tpnet.pl)
[17:31:54] <psoras> siema
[17:41:22] <McKey> hej
[17:47:55] <Misiek> hi
[17:54:52] *** Quits: Misiek (~Misiek@abje190.neoplus.adsl.tpnet.pl) (Quit: Leaving)
[18:11:10] *** Quits: psoras (~Thunderbi@agnq160.neoplus.adsl.tpnet.pl) (Ping timeout: 265 seconds)
[18:11:13] *** Joins: psoras_ (~Thunderbi@agoh210.neoplus.adsl.tpnet.pl)
[18:13:33] *** psoras_ is now known as psoras
[18:16:17] <psoras> https://derpiboo.ru/images/1006970 to już dzisiaj :>
[18:32:54] <Night_Spark> https://pbs.twimg.com/media/CR2OBAMXIAEGXdB.jpg:large
[18:35:52] <Night_Spark> Psoras: https://twitter.com/StuLuxLisbon/status/656807985872769024
[18:56:34] *** Joins: Olszak (594673d3@gateway/web/freenode/ip.89.70.115.211)
[19:02:52] *** Quits: Olszak (594673d3@gateway/web/freenode/ip.89.70.115.211) (Quit: Page closed)
[19:09:39] <VoThall> wut
[19:09:49] <VoThall> misiek200m wut xD
[19:25:23] <misiek200m> VoThall ?
[19:25:23] <misiek200m> że Olszak? xD
[19:25:28] <VoThall> tak
[19:29:49] <misiek200m> xD
[19:30:03] <VoThall> to byl on w ogole? xD
[19:32:59] <misiek200m> VoThall raczej niezalogowany, bo zalogowany ma autoopa, ale może mu już konto z freenode usunęli xD
[19:33:11] <VoThall> lel
[19:33:12] <misiek200m> Olszak is not registered. - yup
[19:34:14] <misiek200m> VoThall no i Phosiqowi też usunęli już konto, bo nie ma ich na access liście nawet już xD
[19:34:30] <VoThall> no cusz
[19:34:52] <VoThall> dzisiaj dostalem 5 z laborek z fizyki lel
[19:34:54] <VoThall> xD
[19:34:55] <misiek200m> na freenode to chyba 3 miesiące, a jak masz wakacje oznaczone to 6 chyba ;p
[19:34:56] <McKey> Czyli nie ma adminów :V
[19:34:58] <misiek200m> VoThall xD
[19:35:10] <misiek200m> McKey no tych duchowych adminów nie ma xD
[19:35:46] <VoThall> niestety opy are not asleep
[19:35:53] <VoThall> :c
[19:36:21] <McKey> A kto ogląda coś teraz?
[19:39:48] <misiek200m> McKey no ja oglądam... Roczniki statystyczne, statystyki dofinansowania przemysłu w PL i UE... PROW, EFRROW... wesoło jest, w cholerę, pewnie nockę zarwę xD
[19:40:02] <McKey> misiek200m, jest sens pytać na chuj ci to?
[19:40:27] <misiek200m> Raczej nie xD Prowadzący zjebany...
[19:42:06] <McKey> Jak mi fajnie w technikum :P
[19:43:15] *** Joins: Misiek (~Misiek@abje190.neoplus.adsl.tpnet.pl)
[19:43:39] <McKey> Tylko jeden nauczyciel troche dupny bo pisać trzeba no ale da rade
[19:54:41] <Misiek> VoThall, dotko?
[19:57:01] <psoras> ogłoszenie parafialne - jest propozycja międzynarodowego meeta kolejowego http://puu.sh/kSubJ/8f1d955437.png http://puu.sh/kSue8/8527c276db.png
[19:58:24] <VoThall> Misiek ja wohl
[19:58:49] <VoThall> psoras ciekawostka
[19:58:57] <VoThall> pociagiem jechalem w zyciu tylko jedna trase
[19:59:02] <Misiek> VoThall, dostałem bana na kofim dx
[19:59:06] <VoThall> ??
[19:59:21] <Misiek> bo nie chcialem podac adminowi swojego mmr dx
[19:59:44] <McKey> psoras, 28 jestem zajęty...
[19:59:48] <Misiek> tym modkom to juz sie w dupach przewraca dx
[20:00:08] <McKey> Misiek, xd a nie dx. dx to oznaczenie modelów :V
[20:00:25] <Misiek> k
[20:00:40] <psoras> McKey: masz już plany na miesiąc naprzód?
[20:00:43] <psoras> spoko
[20:00:58] <McKey> akurat 28 listopada tak xD
[20:01:06] <McKey> nazywa się 70 lecie szkoły
[20:02:33] <VoThall> "<20:00:50> "KenT": no coz jak jest niedojebem to nie potrzebuje takiego w grupie"
[20:02:33] <VoThall> xDDDDDDDDDDDDDDDDDDDDD
[20:02:33] *** Joins: MisiekShy (~Misiek@axb183.neoplus.adsl.tpnet.pl)
[20:02:33] <McKey> i od 17 paź do 28 lis coś się dzieje
[20:02:33] <McKey> a 28 to właśnie główna gala i zakończenie
[20:02:33] <McKey> a za fotorgrafa robie :P
[20:02:39] <McKey> http://bash.org.pl/497011/
[20:04:59] *** Quits: Misiek (~Misiek@abje190.neoplus.adsl.tpnet.pl) (Ping timeout: 264 seconds)
[20:09:10] <McKey> http://bash.org.pl/90562/
[20:15:01] *** Joins: Misiek (~Misiek@abjb97.neoplus.adsl.tpnet.pl)
[20:16:09] *** Quits: MisiekShy (~Misiek@axb183.neoplus.adsl.tpnet.pl) (Ping timeout: 268 seconds)
[21:04:39] <psoras> http://tinyurl.com/qag25sz ten facet to kawał trolla
[21:25:05] *** Parts: Koh_fon (~Kingofhil@user-94-254-209-44.play-internet.pl) ("Alicornchita wurst mnie wygoniła!")
[21:27:11] <psoras> http://tinyurl.com/pv3vkn4
[21:27:11] <psoras> "- Na K-Reporcie pisali, że jak się w Regionovie naciśnie wszystkie trzy przyciski w WC jednocześnie, to stanie się coś ciekawego!
[21:27:11] <psoras> ...
[21:27:11] <psoras> ROZPOCZĘTO PROCEDURĘ SAMOZNISZCZENIA. OPUŚCIĆ POJAZD. 10-9-8-7-6-..."
[21:27:13] *** Joins: VanDreadPL (~Thunderbi@89-73-73-49.dynamic.chello.pl)
[21:27:24] <psoras> siemasz VanDreadPL
[21:27:39] <psoras> masz czas w sobotę 28.11? :3
[21:29:10] <psoras> bo jest propozycja międzynarodowego meeta kolejowego http://puu.sh/kSubJ/8f1d955437.png http://puu.sh/kSue8/8527c276db.png
[21:31:04] <VanDreadPL> psoras:  no ciekawe ciekawe :D
[21:31:04] <VanDreadPL> może sie skuszę :)
[21:31:33] <psoras> godziny dobrałem tak, żeby dało się dojechać nocnym z Warszawy i Gdyni
[21:31:34] <psoras> i nocnym wrócić
[21:33:15] <VanDreadPL> ekstra okradną mnie XD
[21:34:21] <VanDreadPL> misiek200m:  tak dobrze mi się dziś spało że mam zamiar powtórzyć wczorajszy zabieg XD
[22:53:52] <Soxis> http://jbzd.pl/obr/424629/kiedy-nie-mozesz-spac-w-nocy
[22:53:56] <Soxis> ale watahe zgromadził xD
[23:34:24] <misiek200m> Soxis http://file.200m.pl/tbk/1445127539322.webm
[23:35:08] <Soxis> widzialem to już gdzieś xd
