[00:58:00] *** Joins: VanDreadPL (~Thunderbi@89-73-73-49.dynamic.chello.pl)
[00:58:41] <VanDreadPL> siema
[02:08:44] *** Quits: Misiek (~Misiek@aanv14.neoplus.adsl.tpnet.pl) (Quit: Leaving)
[02:44:40] *** Quits: VanDreadPL (~Thunderbi@89-73-73-49.dynamic.chello.pl) (Quit: VanDreadPL)
[10:00:18] *** Joins: Misiek (~Misiek@aanv14.neoplus.adsl.tpnet.pl)
[10:09:57] <Misiek> bry
[10:30:36] <Misiek> VoThall, finauy
[10:30:40] <Misiek> szypko get in here
[10:35:05] <Misiek> https://youtu.be/bn1YCClRF-g hue
[11:25:03] *** Joins: VanDreadPL (~Thunderbi@89-73-73-49.dynamic.chello.pl)
[11:25:13] <VanDreadPL> siema
[11:46:29] *** Joins: Koh_fon (~Kingofhil@cbp169.neoplus.adsl.tpnet.pl)
[12:11:39] <Misiek> https://youtu.be/cPt4DMjjyvs
[12:59:24] *** Joins: Lunia (~ellen@87.73.51.181)
[13:13:18] *** Quits: Koh_fon (~Kingofhil@cbp169.neoplus.adsl.tpnet.pl) (Ping timeout: 250 seconds)
[13:14:35] <VoThall> dobry
[13:14:54] <VoThall> Misiek nie chcialo mi sie wstawac xD
[13:15:40] <VoThall> dobre mecze byly?
[13:16:26] <Misiek> 11/10
[13:16:30] <Misiek> dx
[13:16:36] <Misiek> zartuje takie 8/10
[13:16:46] <Misiek> ogladaj bo ostatni mecz po9lfinalow
[13:16:50] <Misiek> 2 do 2
[13:16:52] <Misiek> tz
[13:16:55] <Misiek> 1 do 1
[13:16:57] <VoThall> mysle
[13:17:03] <VoThall> ale chyba wole sniadanie xD
[13:17:41] *** Joins: izeer (1f303fcf@gateway/web/freenode/ip.31.48.63.207)
[13:18:05] <izeer> https://www.youtube.com/watch?v=cPt4DMjjyvs  xDDDDDD
[13:18:22] <izeer> te subtelne 'allahu akbar ;_;" w 14 sekundzie
[13:18:26] <izeer> no jebłem xD
[13:19:07] <VoThall> ale zajebiste xD
[13:27:32] <Misiek> VoThall, https://www.instagram.com/p/-UO16lRWJ7/ dx
[13:28:13] <VoThall> dxx
[13:39:56] <Soxis> http://jbzd.pl/obr/429802/lvl
[13:45:31] <VoThall> 8kmmr dxx Misiek
[13:45:53] <Misiek> xd
[13:55:00] <VoThall> 2 easy to kill arteezy
[13:55:25] <Misiek> 8k is doing it
[14:01:32] <VoThall> nois
[14:12:22] <Misiek> mirakul sie zemscil za rejpienie go jako shadow fienda xd
[14:12:31] <Misiek> pierwsza gra przegrali 29:2 dx
[14:12:40] <VoThall> ou xD
[14:14:16] <Soxis> misiek200m, https://www.youtube.com/watch?v=9XMfKYVu_fg
[14:15:37] <VoThall> https://www.facebook.com/DieHardF1Fan/videos/959191950814516/?permPage=1 Misiek
[14:15:52] <VoThall> ta przewaga xD
[14:32:44] <Misiek> k
[14:32:45] <Misiek> dx
[14:43:44] <Misiek> wowowowow
[14:43:46] <VoThall> presented by perfrect world czo dxxxx
[14:43:56] <Misiek> dx
[14:44:46] <VoThall> znowu o ujowych godzinach zawody
[14:44:47] <VoThall> xD
[14:59:17] <VoThall> Misiek spam Final boss
[14:59:18] <VoThall> xDD
[15:11:25] <VoThall> Misiek czemu nikt rubickiem nie gra ;-;
[15:11:44] <Misiek> bo jest do duby dx
[15:11:54] <Misiek> grali  rubikiem og vs eg
[15:11:59] <Misiek> wedz na teso
[15:12:07] <Misiek> polski komentarz na zywo dx
[15:13:11] <VoThall> nie chce mi sie, glowa mnie boli
[15:13:17] <VoThall> Misiek huskar incoming
[15:13:19] <VoThall> xD
[15:14:04] <Misiek> xd
[15:14:12] <Misiek> secret powinin wybrac zeby im dojebac
[15:14:14] <Misiek> xd
[15:15:06] <Misiek> raid boss go
[15:17:36] <Misiek> caly secret ma skile obszarowe dx
[15:17:41] <Misiek> pick phantom lancer dx
[15:18:13] <VoThall> techies incomin
[15:18:33] <Misiek> i slardar od zaznaczania xd
[15:18:36] <Misiek> invorker
[15:18:38] <Misiek> 11/10
[15:18:42] <Misiek> ciekawa gra
[15:18:48] <Misiek> antyfun
[15:18:54] <Misiek> dobra gra bedzie
[15:18:58] <VoThall> ano
[15:19:19] <Misiek> ee sama anti fun
[15:19:22] <Misiek> no mercy
[15:20:38] <VoThall> XDDD
[15:20:55] <VoThall> wtf xDDDD
[15:21:33] <Misiek> imba na starcie
[15:21:38] <Misiek> mowilem ze bedzie dobry mecz xd
[15:22:29] <VoThall> co tu sie odpierdala
[15:22:30] <Misiek> envu na midzie am xd
[15:22:31] <VoThall> xD
[15:22:33] <Misiek> wtf
[15:22:45] <Misiek> tiny pull na mida jest legitny
[15:22:51] <Misiek> ale 2 raz sie nikt nie nabierze na to
[15:23:09] <VoThall> 2 minuta
[15:23:10] <VoThall> 4:3
[15:24:02] <Misiek> ee mid
[15:24:07] <Misiek> 100gpm xd
[15:33:46] <VoThall> woah
[15:35:30] <VoThall> Misiek wyobraz sobie jakie to musi byc meczace jesli beda 5 gre grali
[15:35:40] <Misiek> da
[15:41:15] <VoThall> to jest na 90% przegrane
[15:41:22] <VoThall> esama daje 10% na wygrana
[15:41:23] <VoThall> xD
[15:43:06] <VoThall> chinese dota dXXX
[15:43:11] <Misiek> dx
[15:43:41] <Misiek> gramy w 4 bo am farmi napierdalajmy teamfight za teamfightem ~secret
[15:46:03] <VoThall> no ale to jest dobra taktyka
[15:46:09] <VoThall> xD
[15:46:19] <VoThall> z tym teamem
[15:46:25] <VoThall> tylko invoker ich kontruje
[15:46:27] <VoThall> wiec rip
[15:46:37] <VoThall> przecie to jest team do gankow
[15:47:13] <Misiek> no ale wlasnie invo
[15:47:22] <Misiek> powinni sie bronic przed nimi i grac defensywnie
[15:47:31] <Misiek> bo tylko kurwa fidujo
[15:47:42] <Misiek> invo wypala cala mane w teamfighcie
[15:47:43] <Misiek> rip
[15:47:51] <Misiek> tyle z ich gank teamu
[15:49:11] <Misiek> co tu sie odpierdala
[15:49:18] <Misiek> czy ja ogladam puba xd
[15:49:57] <Misiek> gg
[15:50:00] <Misiek> call
[15:50:03] <Misiek> fuken gg
[15:51:39] <VoThall> xD
[15:51:49] <VoThall> nie do konca
[15:51:51] <VoThall> maja ostatnia szanse
[15:51:58] <VoThall> tzn nastepny teamfight decyduje
[15:52:04] <VoThall> majak jakies 5% szans na cumback
[15:52:28] <Misiek> wtf
[15:52:34] <Misiek> maja -5%
[15:52:36] <Misiek> xD
[15:52:41] <Misiek> poddali sie bez gg xd
[15:52:49] <VoThall> zapomnieli o gg
[15:52:51] <VoThall> xD
[16:44:02] <VanDreadPL> mój siostrzeniec wygrał wszystko XD
[16:44:13] <VanDreadPL> wpadam do pokoju bo gra muzyka jakaś
[16:44:17] <VanDreadPL> pytam go co ty oglądasz
[16:44:22] <VanDreadPL> a on że strażaka sama
[16:44:23] <VanDreadPL> https://www.youtube.com/watch?v=TUK_Q7IvUqA
[16:44:24] <VanDreadPL> XD
[16:48:05] <izeer> co ta dzisiejsza młodzież
[17:06:53] *** Joins: MisiekShy (~Misiek@agnn19.neoplus.adsl.tpnet.pl)
[17:07:39] *** Quits: Misiek (~Misiek@aanv14.neoplus.adsl.tpnet.pl) (Ping timeout: 252 seconds)
[17:09:20] <VoThall> jak mozna sluchac takiej muzyki ;-;
[17:09:58] <MisiekShy> jak mozna sluchac muzyki xd
[17:16:44] <MisiekShy> VoThall, wut
[17:16:51] <MisiekShy> co tu sie zrobilo
[17:16:53] <VoThall> xD
[17:19:32] <MisiekShy> kiedy sie zaczna rapiery sypac
[17:19:59] <VoThall> slark ma rapiera w lapie po 10 hitach xD
[17:20:20] <MisiekShy> ma jush moonsharda?
[17:21:15] <VoThall> nie wiem
[17:21:20] <VoThall> ta
[17:21:36] <MisiekShy> ggwp
[17:23:28] <VanDreadPL> VoThall: tak samo jak każdej innej można słuchać
[17:23:31] <VanDreadPL> mi się tam podoba :)
[17:23:55] <VoThall> mozna jest kupe dx
[17:24:01] <VoThall> i grac na konsoli
[17:24:02] <VoThall> dx
[17:24:06] <MisiekShy> c*
[17:24:56] <VoThall> w ogole to siema VanDreadPL xD
[17:32:38] *** Joins: Koh_fon (~Kingofhil@cbp169.neoplus.adsl.tpnet.pl)
[17:34:03] <izeer> oz kuźwa jak zimno
[17:34:09] <izeer> 2 stopnie na plusie
[17:34:13] <izeer> i wiatr napieprza
[17:34:23] <izeer> a ja musze rowerem do roboty jechac
[17:35:26] <izeer> jakby snieg spadł to by bylo fajnie
[17:35:35] <izeer> ten słynny paraliż miasta
[17:36:13] <VanDreadPL> izeer:  i czym się tu zachwycać XD
[17:41:10] *** Joins: psoras (~androirc@5.172.252.209)
[17:41:52] <psoras> cz
[17:42:12] <izeer> ?
[17:42:56] <psoras> to w największym skrócie "cześć"
[17:43:02] <VoThall> e
[17:43:22] <psoras> ß
[17:46:10] <VanDreadPL> siema psoras
[17:47:14] <psoras> McKey, Night_Spark: Canternet się wypierniczył?
[17:47:42] <psoras> o hej Van
[17:49:53] <Night_Spark> Psoras: nie, wygląda że działa
[17:50:49] <psoras> to pewnie mój ultraślimaczy internet nie może się z nim połączyć
[17:57:03] <izeer> psoras:  to '?' to do vana było
[17:57:24] <psoras> no to okej
[17:58:45] <VanDreadPL> izeer:  no czym się zachwycać że miasto jest z paraliżowane
[17:58:48] <VanDreadPL> to normalne jest
[17:58:53] <VanDreadPL> nic nadzwyczajnego
[17:59:02] <VanDreadPL> ty wiesz jak warszawa wygląda w piątki XD
[17:59:30] <VanDreadPL> aby przjechać z onz do arkadi na oko ok 4km możesz przeznaczyć dobre dwie godziny
[17:59:44] <VanDreadPL> jeżeli dodasz deszcz może nawet 3
[17:59:52] <VanDreadPL> jeżeli zacznie napierdalać śnieg
[18:00:40] <VanDreadPL> to zaczną zamarzać wycieraczki XD  a temperatura w samochodzie spada bo silnik traci temperaturę
[18:00:42] <izeer> bo w londynie snieg sie zdarza rzadziej niż raz narok
[18:01:00] <VanDreadPL> przerabiałem to już w Berlingosie
[18:05:56] <psoras> VanDreadPL, oni mają w Londynie rury z wodą czasem poprowadzone nad ziemią :>
[18:06:20] <izeer> nawet nie czasem xD
[18:06:24] <VanDreadPL> psoras:  bo to głupie miasto jest XD tam nawet jeżdżą po złej stronie :P
[18:06:27] <izeer> dobra, uciekam
[18:06:29] <izeer> bajo
[18:06:29] <VanDreadPL> zero przemyślenia
[18:06:32] <VanDreadPL> 3maj sie
[18:06:32] <psoras> pa
[18:06:38] *** Quits: izeer (1f303fcf@gateway/web/freenode/ip.31.48.63.207) (Quit: Page closed)
[18:07:04] <VanDreadPL> psoras:  ciekawostka co do marki Porsche
[18:07:20] <VanDreadPL> Brytyjska wersja będzie się gorzej prowadzić od wersji europejskiej
[18:07:48] <VanDreadPL> Okazuje się że samochody z kierownicą po prawej stronie mają źle rozłożoną masę
[18:07:56] <VanDreadPL> od taka ciekawostka :)
[18:08:18] <psoras> Van, ty chamie, zamiast pocieszyć kolegę zagrożonego zamachem terrorystycznym, to się z jego miasta i kraju zamieszkania nabijasz  :P
[18:08:40] *** Quits: psoras (~androirc@5.172.252.209) (Quit: AndroIRC - Android IRC Client ( http://www.androirc.com ))
[18:09:11] *** Joins: psoras (~androirc@5.172.252.209)
[18:09:12] *** Quits: psoras (~androirc@5.172.252.209) (Remote host closed the connection)
[18:09:35] *** Joins: psoras (~androirc@5.172.252.209)
[18:10:23] <VanDreadPL> psoras:  bo tak samo nabijam z tak pięknego miasta jakim jest warszawa :P
[18:10:38] <psoras> :]
[18:11:55] <psoras> VanDreadPL: http://demotywatory.pl/4578949
[18:13:03] <VanDreadPL> psoras:  teraz jest tyle lampek że chuj wie o co tam chodzi XD
[18:13:23] <VanDreadPL> mi się paliła lampka w samochodzie to musiałem sprawdzić co ona oznacza :P
[18:13:33] <VanDreadPL> okazało się że mam uszkodzony hamulec zjazdowy
[18:14:01] <psoras> ty masz w landzie hamulec zjazdowy?
[18:14:36] <psoras> myślałem że to tylko w pojazdach z automatem się montuje
[18:18:19] <VanDreadPL> psoras:  oczywiście że mam naprawiłem i działa jak złoto :D
[18:18:40] <psoras> CHCĘ
[18:18:48] <VanDreadPL> ale to dziwne uczucie jak zjeżdżasz a samochód sam operuje hamulcem i sprzęgłem
[18:18:52] <VanDreadPL> dla mnie to nie jest normalne
[18:19:32] <psoras> to sobie wypożycz furę z automatem i tempomatem :P
[18:19:48] <psoras> to jest dopiero nienormalne
[18:20:14] <psoras> jedziesz, a tu ci auto samo bieg redukuje
[18:20:16] <VanDreadPL> psoras:  jeździłem
[18:20:23] <VanDreadPL> na autostradzie nuda
[18:20:35] <VanDreadPL> do tego idzie zasnąć
[18:21:04] <VanDreadPL> Automat ma swoje plusy i minusy
[18:21:10] <VanDreadPL> plusy do miasta jest wygodny
[18:21:17] <VanDreadPL> wady gdzie tu frajda
[18:21:59] <psoras> jakby miał lane assist i kontrolę dystansu, to można byłoby książkę czytać
[18:24:15] <psoras> VanDreadPL: zobacz sobie na mapach google trasę Virginoa Beach - 900 Capitol Landing Road, Williamsburg
[18:25:18] <psoras> to jest trasa, na której jechałem z automatem i tempomatem i prawie zasnąłem za kółkiem :P
[18:25:48] <VanDreadPL> psoras:  się domyślam
[18:25:56] <VanDreadPL> dobra a teraz uciekam bo trzeba iść w miasto :D
[18:26:03] <VanDreadPL> nie można cały dzień siedzieć w domu
[18:26:07] <VanDreadPL> do później jak coś
[18:26:31] <psoras> pa
[18:26:46] *** Quits: VanDreadPL (~Thunderbi@89-73-73-49.dynamic.chello.pl) (Quit: VanDreadPL)
[18:34:17] <misiek200m> Witam państwa :p
[18:37:26] <psoras> hej
[18:53:02] *** Quits: psoras (~androirc@5.172.252.209) (Read error: Connection reset by peer)
[18:54:02] *** Joins: psoras (~androirc@5.172.252.209)
[20:09:39] *** Quits: psoras (~androirc@5.172.252.209) (Quit: AndroIRC - Android IRC Client ( http://www.androirc.com ))
[23:17:10] *** Joins: Koh_f (~Kingofhil@user-94-254-211-138.play-internet.pl)
[23:18:39] *** Joins: Kingofhills (~Kingofhil@user-94-254-211-63.play-internet.pl)
[23:20:35] *** Quits: Koh_fon (~Kingofhil@cbp169.neoplus.adsl.tpnet.pl) (Ping timeout: 264 seconds)
[23:22:04] *** Quits: Koh_f (~Kingofhil@user-94-254-211-138.play-internet.pl) (Ping timeout: 265 seconds)
