[00:08:37] *** Quits: izeer (1f303f63@gateway/web/freenode/ip.31.48.63.99) (Quit: Page closed)
[00:36:07] <VanDreadPL> dobra sukrwiam
[00:36:11] <VanDreadPL> dobrej nocy
[00:36:59] *** Quits: VanDreadPL (~Thunderbi@89-73-73-49.dynamic.chello.pl) (Quit: VanDreadPL)
[09:40:49] *** Joins: Lunia2 (~ellen@87.73.51.181)
[14:10:00] <McKey> VoThall: jak to jest być człowiekiem?
[15:09:59] <Soxis> elo
[15:12:38] <McKey> hi
[15:16:56] <VoThall> dobry
[15:17:04] <VoThall> McKey calkiem dobrze
[15:19:10] <Soxis> ja pierdole
[15:19:13] <Soxis> w klasie mamy kolesia
[15:19:15] <Soxis> Filip Boruta
[15:19:18] <Soxis> i co chwile jest na lekcji
[15:19:26] <Soxis> "Boorutaaa nie ma fiuuutaaaa"
[15:19:35] <Soxis> na samym początku mnie to nie śmieszyło aż tak
[15:19:42] <Soxis> teraz ryczałem ze śmiechu im częśćiej to było xD
[15:20:12] <VoThall> #klasasoxisacontent
[15:20:19] <VoThall> #pasjonaciubogiegozartu
[15:21:12] <Soxis> XDDDD
[15:24:18] <Soxis> albo
[15:24:20] <Soxis> Sikora nie ma wora
[15:24:20] <Soxis> xD
[15:30:07] <Soxis> VoThall, co jak co, ale #pasjonaciubogiegozartu to mój ulubiony tag na wykopie xD
[15:30:33] <VoThall> ja uczniowi ktory by takie rzeczy krzyczal w klasie
[15:30:35] <VoThall> po raz 50
[15:30:42] <VoThall> dalbym uwage za to ze nie ma poczucia humoru
[15:30:44] <VoThall> jest zjebany
[15:30:47] <VoThall> i wywalil do dyrektora
[15:31:04] <VoThall> i przylepil mu kartke - zart powtarzany wielokrotnie przestaje bys smieszny
[15:31:06] <VoThall> na plecy
[15:32:57] <Soxis> VoThall, my nie krzyczeliśmy
[15:32:59] <Soxis> lol XD
[15:33:00] <Soxis> jebło
[15:33:05] <Soxis> jakbyśmy krzyczeli to by cicho nie było
[15:33:08] <Soxis> siedzieliśmy obok niego
[15:33:14] <Soxis> i mu to do ucha szeptaliśmy xD
[15:33:25] <VoThall> przeciez to po 5 razie by bylo nudne ;-;
[15:33:33] <Soxis> za często też nie dobrze
[15:33:36] <VoThall> no ale w sumie techbaza
[15:33:38] <VoThall> co ja tam wiem
[15:33:39] <VoThall> xD
[15:33:45] <Soxis> VoThall, u mnie tak będzie przez całe życie XD
[15:35:39] <VoThall> Soxis https://soundcloud.com/feintdnb/vagrant-feat-veela
[15:37:55] <Soxis> zaraz obczaję
[15:37:59] <Soxis> tylko pierożki zagotuję
[15:38:01] <Soxis> bo wodę gotuje
[15:38:03] <Soxis> i zapomniałem
[15:38:07] <Soxis> i mi 3/4 wody wyparowało xD
[15:47:41] <Soxis> ja pierdole
[15:47:47] <Soxis> dawno temu jak pierogi jadłem
[15:47:51] <Soxis> VoThall, dobreeee :D
[15:47:53] <Soxis> fajny wokal
[15:47:57] <Soxis> to nie mogłem w siebie 6 zmieścić
[15:48:01] <Soxis> teraz 18 to dla mnie mało xD
[17:05:19] *** Quits: Lunia2 (~ellen@87.73.51.181) (Quit: Konversation terminated!)
[17:52:43] <VoThall> 72JNHLYZAPJZ macie klucz do rainbow six siege
[17:52:45] <VoThall> jakby ktos chcial
[17:56:06] *** Joins: Nighti (4fb9d6bd@gateway/web/freenode/ip.79.185.214.189)
[17:56:14] <Nighti> Hayy
[17:56:55] <misiek200m> ahoj
[20:01:10] *** Nighti is now known as NIGHTI_PIFO
[20:01:18] <NIGHTI_PIFO> ktoś cos?
[20:05:10] <McKey> NIGHTI_PIFO: nope
[20:05:18] <NIGHTI_PIFO> Demt
[20:05:26] <NIGHTI_PIFO> Vana ni ma
[20:05:37] <NIGHTI_PIFO> izerra tyż
[20:06:43] *** Joins: psoras (~Thunderbi@ekg87.neoplus.adsl.tpnet.pl)
[20:07:15] <NIGHTI_PIFO> psoras a moze Ty?
[20:07:44] <psoras> HEJA
[20:07:52] <psoras> nie wiem co ja
[20:08:05] *** psoras is now known as psoras_pifo
[20:09:00] <NIGHTI_PIFO> btw siema
[20:09:06] <NIGHTI_PIFO> no właśnie to :P
[20:10:57] <psoras_pifo> nie wiem, możemy pogadać o PDK
[20:11:07] <psoras_pifo> czyli o Prawdziwym Duchu Kucyków
[20:11:45] <NIGHTI_PIFO> Oke dobry tematos do pifa ;p
[20:12:21] <McKey> psoras_pifo: serio?
[20:12:36] <psoras_pifo> a czemu nie?
[20:12:45] <McKey> już wole pociągi
[20:13:05] <McKey> A własnie tramwajażu. Jedziesz na TwiMeeta?
[20:13:42] <misiek200m> Hej psoras_pifo ;p
[20:13:54] <psoras_pifo> siema 200m
[20:14:00] <psoras_pifo> prawdopodobnie jadę
[20:14:12] <psoras_pifo> tylko wycyganię kasę z paru osób :P
[20:14:41] <McKey> yay
[20:14:53] <McKey> a którymi autobusami? I czy przez poznań
[20:15:08] <psoras_pifo> pociągiem
[20:15:21] <McKey> wiem że pociągiem xD
[20:15:33] <psoras_pifo> prawdopodobnie w piątek rano i z powrotem w niedzielę
[20:23:11] <McKey> to ja akurat jade wieczorem w piątek
[20:23:16] <McKey> więc raczej nie spotkamy się
[20:23:36] <NIGHTI_PIFO> Ja nie mogę jechać :(
[20:23:44] <NIGHTI_PIFO> pifo się skończyło :C
[20:36:20] * psoras_pifo daje pifo Nightiemu
[20:36:25] <psoras_pifo> teraz możesz jechać
[20:36:43] <psoras_pifo> http://tinyurl.com/p3k9qxu C:
[21:05:36] *** Joins: izeer (1f303f63@gateway/web/freenode/ip.31.48.63.99)
[21:05:39] <izeer> no elo xD
[21:06:08] <izeer> kurwa nie umiem zmienic na tym lapku ustawien klawiszy
[21:06:14] <psoras_pifo> siemasz izeer
[21:06:23] <psoras_pifo> co, masz jakiegoś linuksa?
[21:06:25] <izeer> bo mam brytyjska
[21:06:43] <izeer> gdzie tam linuks
[21:06:51] <izeer> 8.1 co sie updatuje do 10#
[21:07:02] <psoras_pifo> aha
[21:07:02] <psoras_pifo> brytyjska ma jakąś różnicę w stosunku do amerykańskiej?
[21:10:51] <izeer> ta, wszystkie znaki ktore mozna wstukac za pomoca shifta + cosatam, sa pozmieniane
[21:11:03] <izeer> i nie mam polskich znakow
[21:11:08] <izeer> i nie wiem skad mam wziac xD
[21:12:17] <psoras_pifo> kurde, ten sam język mają, a inną klawiaturę
[21:12:33] <psoras_pifo> może Van wpadnie i on będzie wiedział
[21:22:22] <izeer> kurde, co z ta aktualizacja do win 10
[21:22:32] <izeer> sciagnelo sie, i teraz stoi#
[21:27:46] <izeer> ej gdzie jest panel sterowania na win 8.1?
[21:29:19] <izeer> jee działa
[21:29:38] <izeer> zmieniłem język
[21:29:58] <izeer> chociaż ciezko sie przyzwyczaić do tego ułożenia klawiatury
[21:31:53] <izeer> resne kompa, to moze ruszy
[21:36:18] *** Quits: izeer (1f303f63@gateway/web/freenode/ip.31.48.63.99) (Ping timeout: 246 seconds)
[21:52:42] *** Joins: izeer (1f303f63@gateway/web/freenode/ip.31.48.63.99)
[21:53:03] <izeer> no kurna, od nowa ściąga win 10
[21:53:05] <izeer> czo ten microsoft
[21:54:49] <McKey> izeer: zrób penka i tyle lol
[21:55:00] <izeer> co?
[21:55:36] * psoras_pifo zrobił penka. Penek uciekł
[21:57:38] <McKey> Pendrive z Media tool
[21:59:49] *** Joins: psoras_pifo1 (~Thunderbi@agoa232.neoplus.adsl.tpnet.pl)
[22:02:06] *** Quits: psoras_pifo (~Thunderbi@ekg87.neoplus.adsl.tpnet.pl) (Ping timeout: 272 seconds)
[22:02:06] *** psoras_pifo1 is now known as psoras_pifo
[22:05:51] <izeer> McKey:  a nie wiesz czy da sie ominac pobieranie od nowa?
[22:06:02] <McKey> nope :P
[22:06:03] <izeer> bo sciągneło sie juz w sumie
[22:06:05] <izeer> kurwaaa
[22:06:06] <McKey> dlatego lepiej pendrive
[22:07:19] <izeer> chce dzisiaj gry poinstalować jeszcze
[22:07:26] <izeer> McKey:  i mam dziwnego buga
[22:07:42] <McKey> ?
[22:07:43] <izeer> jak mnie ktoś pika na ircu, to zamiast pikniecia mam bardziej pierdniecie xD
[22:07:53] <McKey> windows 8.1 :P
[22:07:55] <izeer> i to samo miałem na jednym filmiku na yt
[22:08:03] <izeer> to wina windowsa?
[22:08:36] <McKey> chyba
[22:09:31] <izeer> oby
[22:43:15] <psoras_pifo> okej, ja idę w cholerę
[22:43:16] <psoras_pifo> na razie
[22:43:21] <McKey> bye
[22:43:35] *** Quits: psoras_pifo (~Thunderbi@agoa232.neoplus.adsl.tpnet.pl) (Quit: Narazicho!)
[22:52:44] <misiek200m> izeer weź zapodaj fotkę stacji xD
[22:52:51] <misiek200m> roboczej, nie kolejowej... xDD
[22:53:01] <izeer> ciemno jest xD
[23:05:22] <izeer> kurde, sciagnal sie windows, ale znouw na 1/3 stanelo
[23:07:46] <izeer> okej, podobno to bug jak ktos robi update, i ma wiecej niz jeden dysk
[23:07:49] <izeer> a ja mam 3
[23:07:50] <izeer> kurwa
[23:08:10] <izeer> i z dvd instalacja pomaga, tylko ja takowego nie mam
[23:09:26] <izeer> albo przez to żee sciagam przez wifi, a nie kabel
[23:16:06] <izeer> dobra walic tego windowsa narazie\
[23:16:19] <izeer> sporo osob ma z tym problemy\
[23:16:25] *** Quits: izeer (1f303f63@gateway/web/freenode/ip.31.48.63.99) (Quit: Page closed)
[23:26:55] *** Joins: izeer (1f303f63@gateway/web/freenode/ip.31.48.63.99)
[23:31:06] *** Quits: izeer (1f303f63@gateway/web/freenode/ip.31.48.63.99) (Ping timeout: 246 seconds)
[23:46:05] <NIGHTI_PIFO> ja uciekam
[23:46:08] <NIGHTI_PIFO> 3 majcie się
[23:46:19] *** Quits: NIGHTI_PIFO (4fb9d6bd@gateway/web/freenode/ip.79.185.214.189) (Quit: Dobranoc)
