[00:09:15] <VanDreadPL> Night_Spark:  Ciekawe
[00:10:25] <Night_Spark> https://derpibooru.org/1024246
[00:11:47] <VanDreadPL> No dobra ja uciekam bo to czas najwyższy dla mnie
[00:11:49] <VanDreadPL> :)
[00:11:52] <VanDreadPL> dobrej nocy
[00:12:16] <psoras> ja też
[00:12:17] <psoras> pa
[00:12:24] *** Quits: psoras (~Thunderbi@bbl86.neoplus.adsl.tpnet.pl) (Quit: Narazicho!)
[00:12:38] *** Joins: MisiekShy (~Misiek@aglq200.neoplus.adsl.tpnet.pl)
[00:13:04] *** Quits: VanDreadPL (~Thunderbi@89-73-73-49.dynamic.chello.pl) (Quit: VanDreadPL)
[00:15:35] *** Quits: Misiek (~Misiek@agmg135.neoplus.adsl.tpnet.pl) (Ping timeout: 260 seconds)
[00:47:33] *** Quits: MisiekShy (~Misiek@aglq200.neoplus.adsl.tpnet.pl) (Quit: Leaving)
[01:38:10] *** Quits: izeer (6d997152@gateway/web/freenode/ip.109.153.113.82) (Quit: Page closed)
[09:47:59] *** Joins: VanDreadPL (~Thunderbi@user-164-127-4-155.play-internet.pl)
[09:48:05] <VanDreadPL> siema
[09:48:11] *** VanDreadPL is now known as VanDreadWORK
[09:48:16] <VanDreadWORK> dawno tego nicku nie miałem XD
[11:01:38] *** Quits: VanDreadWORK (~Thunderbi@user-164-127-4-155.play-internet.pl) (Ping timeout: 250 seconds)
[11:09:30] *** Joins: Misiek (~Misiek@aglq200.neoplus.adsl.tpnet.pl)
[11:38:01] *** Joins: VanDreadPL (~Thunderbi@user-164-127-4-155.play-internet.pl)
[12:13:34] *** Quits: VanDreadPL (~Thunderbi@user-164-127-4-155.play-internet.pl) (Ping timeout: 250 seconds)
[12:42:31] *** Joins: VanDreadPL (~Thunderbi@user-164-127-4-155.play-internet.pl)
[13:15:01] *** Quits: VanDreadPL (~Thunderbi@user-164-127-4-155.play-internet.pl) (Quit: Hush now, Quiet Now)
[14:13:41] *** Joins: Dalir (~tableto@88-199-132-54.tktelekom.pl)
[15:03:38] <McKey> MAM ZNALAZŁEM KONIEC INTERNETU
[15:03:44] <McKey> info na pw :P
[15:07:59] <Soxis> McKey, dawaj
[15:08:16] <McKey> Ostrzegam ci ę już teraz
[15:08:36] <Soxis> McKey, dawaj nie pierdol xD
[15:13:14] <Misiek> karły_kozy_i_martwy_wieloryb.avi ?
[15:13:16] <Misiek> klasyk
[15:22:21] *** Quits: VoThall (vothall@starepro.info) (Quit: WeeChat 1.2)
[15:28:55] <McKey> Misiek: nie
[15:29:05] <McKey> gangbang na twikight
[15:29:18] <McKey> twilight*
[15:31:29] *** Joins: vothall (vothall@178.62.151.171)
[15:33:45] *** vothall is now known as VoThall
[16:32:15] *** Quits: Dalir (~tableto@88-199-132-54.tktelekom.pl) (Quit: Bye)
[16:53:35] <VoThall> wait what daliro to byl?
[16:53:52] <VoThall> Soxis zdaj raport xD
[17:27:58] <Misiek> papieża szkalował bez umiaru
[20:19:25] *** Joins: psoras (~Thunderbi@bbj38.neoplus.adsl.tpnet.pl)
[20:59:05] *** Joins: Nighti_kom (~AndChat43@2a01:110f:f4d:f00:31d9:a6b8:8312:1cde)
[20:59:07] *** Quits: Nighti_kom (~AndChat43@2a01:110f:f4d:f00:31d9:a6b8:8312:1cde) (Client Quit)
[21:06:20] <psoras> http://puu.sh/lIbIg/6ac0791ec4.png :P
[21:06:26] <psoras> kocham ten fanpejcz
[21:09:59] <Night_Spark> :D
[21:34:59] *** Joins: VanDreadPL (~Thunderbi@89-73-73-49.dynamic.chello.pl)
[21:35:05] <VanDreadPL> siema
[21:52:53] <Soxis> siema VanDreadPL 
[21:53:24] *** Joins: izeer (6d99759b@gateway/web/freenode/ip.109.153.117.155)
[21:53:32] <izeer> elo
[21:53:36] <izeer> konsolka juz doszła :D
[21:53:40] <izeer> wlasnie ustawiam
[21:54:23] <VanDreadPL> siema izeer
[21:54:25] <VanDreadPL> siema Soxis
[21:54:29] <VanDreadPL> siema wam
[21:54:47] <VanDreadPL> siema moje piwerko kochane mocy dające by wytrzymać z debilami z którymi muszę pracować :P
[21:54:52] <Night_Spark> https://youtu.be/60bCAqCmBqk izeer: oglądałeś?
[21:55:29] <izeer> tak
[21:55:43] *** Quits: VoThall (vothall@178.62.151.171) (Quit: WeeChat 1.3)
[21:55:46] <izeer> szanuje małe chinskie dzieci, które poskłdały moje 3DS
[21:56:06] <Night_Spark> Ja teraz już wiem że nigdy nie kupię konsoli :p
[21:56:18] <izeer> xD
[21:56:42] <izeer> to ubran tez nie kupuj
[21:56:44] <izeer> bo uwaga
[21:56:49] <izeer> tez chinskie dzieci je szyją
[21:57:14] <izeer> nie kupuj tez miesa, bo świnki umierajo :(
[21:57:25] <Night_Spark> izeer: ja to wszystko wiem, ale bez grania jednak łatwiej się obejść
[21:58:34] <izeer> łoo, ta konsola ma 3 kamery xD
[21:58:38] <izeer> 2mpx ale jednak xDD
[22:01:33] <VanDreadPL> Night_Spark:  to wywal kompa
[22:01:38] <VanDreadPL> klawiaturę też
[22:02:16] <VanDreadPL> zostaw tylko to co nie ma napisane made in china
[22:02:52] <izeer> teraz apdejty, a ja nie mam zasilacza by podladowac, bo to sie oddzielnie kupuje
[22:02:59] <izeer> i dopiero jutro przyjedzie
[22:03:16] <VanDreadPL> izeer:  co to za upośledzona konsola że nie dali zasilacza XD
[22:03:26] <izeer> VanDreadPL:  w podstawce jest
[22:03:30] <izeer> w wersji XL nie
[22:03:38] <izeer> zgaduje ze sie do pudelka nie miescila xD
[22:03:48] <izeer> ale 6 f wiec zaden problem
[22:05:53] *** Joins: vothall (~VoT@starepro.info)
[22:06:00] *** vothall is now known as VoThall
[22:06:09] <psoras> czy ktoś tu próbuje odbierać biednym chińskim dzieciom możliwości zarobku?
[22:09:02] <izeer> znieczulica panie :(
[22:09:15] <Night_Spark> XD
[22:09:55] <Night_Spark> Psoras: wybór mają szczerze mówiąc jak między dżumą a cholerą
[22:11:51] *** Joins: MisiekShy (~Misiek@enc130.neoplus.adsl.tpnet.pl)
[22:15:19] *** Quits: Misiek (~Misiek@aglq200.neoplus.adsl.tpnet.pl) (Ping timeout: 260 seconds)
[22:16:44] *** Joins: Nighti_kom (~AndChat43@2a01:110f:f4d:f00:31d9:a6b8:8312:1cde)
[22:16:48] <Nighti_kom> bry
[22:17:32] <VanDreadPL> psoras:  opowiedzieć Ci dowcip?
[22:17:45] <psoras> dawaj
[22:18:00] <VanDreadPL> Jaki wielbłąd ma aż trzy garby?
[22:18:08] <izeer> panczaq
[22:18:23] <psoras> no więc jaki?
[22:18:30] <VanDreadPL> ciężarny :D
[22:18:52] <psoras> -_-
[22:18:55] <psoras> :|
[22:19:00] <psoras> :)
[22:19:05] <psoras> :D
[22:19:08] <psoras> 8D
[22:19:11] <psoras> XD
[22:19:22] <psoras> CHA     CHA     CHA
[22:20:24] <MisiekShy> https://youtu.be/KIoglhtaPDk dx dzienna doza chińszczyzny
[22:21:46] <psoras> :P
[22:23:32] *** Joins: pfcode (~pfcode@starepro.info)
[22:23:36] <pfcode> o/
[22:23:41] <VoThall> no elo
[22:24:18] <VanDreadPL> Nighti_kom:  co do chińskich dzieci to raczej mają inny wybór np zjeść lub nie mieć za co zjeść
[22:25:30] <psoras> http://tinyurl.com/qc5bgkb :D
[22:26:36] <VanDreadPL> https://www.youtube.com/watch?v=vJJJMYOWVP4
[22:26:41] <VanDreadPL> polecam tylko cicha wersja
[22:26:48] <VanDreadPL> polecam wziąć głośniej
[22:26:57] <VanDreadPL> jak ktoś ma to polecam też podkręcić subufer XD
[22:27:30] <izeer> MisiekShy:  dzieki pan misiek
[22:28:23] *** Quits: Nighti_kom (~AndChat43@2a01:110f:f4d:f00:31d9:a6b8:8312:1cde) (Ping timeout: 264 seconds)
[22:28:39] <psoras> http://tinyurl.com/qztv3j7 i always feel like somebody's watching me
[22:28:54] *** Quits: Skutalu (~Scootaloo@81.4.127.71) (Ping timeout: 245 seconds)
[22:29:02] *** Joins: Skutalu (~Scootaloo@200m.pl)
[22:29:53] <VanDreadPL> uwaga nakurwiam klasyka
[22:29:58] <VanDreadPL> https://youtu.be/n6UBsNNuS48
[22:30:24] <VoThall> Soxis wrzuc tutaj ten link
[22:30:26] <VoThall> co mi wyslales dx
[22:31:04] <Soxis> nie bo mode nie śpio keke
[22:31:15] <psoras> VanDreadPL: ja to zawsze śpiewam "pam-ta-ta-tam, a beautiful ride, electric tram" :D
[22:31:31] <psoras> two cars becoming one, a coupler cannot be undone
[22:32:23] <MisiekShy> VoThall, secret vs liquid
[22:32:32] <VoThall> uu
[22:32:33] <VanDreadPL> Soxis:  jestem przekupny XD
[22:32:45] <VoThall> VanDreadPL ale to ma zwiazek z kucykami
[22:32:45] <VanDreadPL> fuck to miało iść na priv XD
[22:32:58] <VanDreadPL> a nie to clopów nie przyjmuje
[22:33:02] <VanDreadPL> jako jedyny wytrwałem
[22:33:10] <izeer> VanDreadPL:  eh, nie pogram sobie dzisiaj, bo bateria padla po wszystkich updatach xD
[22:33:10] <VanDreadPL> nawet izeer został cloperem
[22:33:22] <VoThall> to clopy
[22:33:24] <psoras> Van jako łapówki przyjmuje tylko alkohol
[22:33:25] <VanDreadPL> tylko ja jako ostatni filar
[22:33:25] <VoThall> prawda Soxis? dx
[22:33:29] <psoras> we wszystkich formach
[22:33:46] <izeer> VanDreadPL:  a wlasnie, mialem uzupelnic folder
[22:33:49] <VanDreadPL> psoras:  nie prawda
[22:33:57] <VanDreadPL> tylko forma płynna mnie interesuje :P
[22:34:07] <psoras> ano tak
[22:34:11] <psoras> par nie wdychasz
[22:34:25] <VanDreadPL> kurwa przypomniałem sobie że Chum miał kiedyś fap folder ludzie z irca
[22:34:33] <VanDreadPL> już mnie to nie śmieszy jak kiedyś -_-
[22:34:38] <Soxis> VoThall, teraz podkręca
[22:34:40] <Soxis> że to clopy
[22:34:48] <Soxis> bo nie chce żebyście się zgodzili
[22:34:55] <Soxis> a zboczuch jeden mi swoje nagie fotki wysłał ;c
[22:34:58] <Soxis> co nie MisiekShy ?
[22:35:02] <VoThall> wait wut
[22:35:06] <VoThall> to Tobie ktos to wyslal?
[22:35:09] <VoThall> dx
[22:35:12] <Soxis> nie pij tyle\
[22:35:23] <VanDreadPL> VoThall:  pij z głową
[22:35:27] <VanDreadPL> bo pić to trzeba umieć
[22:35:35] <VoThall> czo
[22:35:36] <VanDreadPL> izeer:  tak myślę
[22:35:52] <VanDreadPL> jakby oni mieli pić tak jak ja panczaq ty i shenti
[22:36:00] <VanDreadPL> ja pierdole co to by było XD
[22:36:03] <MisiekShy> polowe zdiec ze stalkfolderu mam z wymiany
[22:36:04] <izeer> kto?
[22:36:23] <VanDreadPL> co gorsze uważam że Shenti by przepiła tu niemal wszystkich poza mną i izeerem
[22:36:32] <VanDreadPL> izeer jest po Bielańskim treningu
[22:36:45] <psoras> ^^
[22:36:52] <VanDreadPL> psoras:  ten trening obserwował
[22:37:02] <psoras> obserwowałem
[22:37:02] <izeer> VanDreadPL:  pewnie tak
[22:37:09] <VanDreadPL> nawet w nim czynnie uczestniczył
[22:37:09] <VanDreadPL> XD
[22:37:09] *** MisiekShy is now known as Misiek
[22:37:12] <psoras> :3
[22:37:22] <izeer> ale tak sie schlać to tylko raz na rok xD
[22:37:44] <izeer> ja mysle ze jeszcze bym dal rade pic wtedy u ciebie
[22:37:48] <izeer> ale juz po 6 było xD
[22:38:05] <VanDreadPL> mi i panczaqowi nie przeszkadzało to by iść na stacje po piwo XD
[22:38:15] <VanDreadPL> ja pierdole to był pogrom XD
[22:38:20] <izeer> ja nawet nie wiedzialem co wy odwalaliscie
[22:38:26] <psoras> wódka>piwo>wino>>>>>>>>chaty z gówna>piwo z biedronki
[22:38:34] <izeer> jakos sie zawiesilem
[22:38:43] <izeer> i nagle wszyscy na zewnatrz
[22:38:51] <izeer> stoje na balkonie chwiejąc sie xD
[22:38:56] <izeer> i se paczylem
[22:39:00] <izeer> a potem mi sie urwalo
[22:39:04] <psoras> ^^
[22:39:08] <psoras> nie no, fajnie było
[22:39:20] <psoras> wytrzymałem do rana, choć nie byłem pewien
[22:39:21] <izeer> ej VanDreadPL  wpadaj za tydzien xD
[22:39:23] <izeer> urlop mam
[22:39:38] <VanDreadPL> izeer:  bogaty jesteś to opłać mi transport XD
[22:39:38] <izeer> psoras:  ty sie dobrze trzymales
[22:39:38] <psoras> najtaniej z Modlina :P
[22:39:57] <izeer> VanDreadPL:  masz landka to cisnij xD
[22:40:13] <izeer> wpadlbys na 3 dni, popilibysmy, pozwiedzali
[22:40:27] <izeer> psoras:  jak ma hajsy to niech tez wpada
[22:40:48] <psoras> chwilowo nie mam, bo święta
[22:41:01] <psoras> i bo mam trzy zjazdy z rzędu :>
[22:41:32] <psoras> VanDreadPL: odkryłem, że świetnie mi się cokolwiek robi przy stacjach radiowych z GTA5
[22:41:35] <psoras> https://www.youtube.com/watch?v=HsPyYmeFJOw np
[22:41:59] <VanDreadPL> psoras:  bo fajnie tam muzykę dobrali
[22:42:06] <psoras> i domyślam się że podtrzymujesz zdanie o genialności GTA5
[22:42:38] <psoras> w swojej kategorii nie ma praktycznie konkurencji, a nawet jeśli, to zostawia ją trzy długości za sobą
[22:42:52] <VanDreadPL> Tak uważam że fabularnie gra jest najlepsza
[22:43:01] <VanDreadPL> do tego ma w chuj ciekawostek
[22:43:42] <VanDreadPL> izeer:  ehh to jest land XD
[22:43:43] <psoras> nie no, bohaterowie są świetnie napisani
[22:44:06] <VanDreadPL> trzeba by mieć jaja ze stali żeby wyruszyć nim w taką podróż bez drugiego landa na części na lawecie XD
[22:44:13] <psoras> VanDreadPL: to byłby dla niego powrót do ojczyzny :D
[22:44:16] <VanDreadPL> z drugiej strony XD
[22:44:23] <VanDreadPL> psoras:  o to mi chodziło
[22:44:28] <VanDreadPL> bo to oryginał z UK
[22:45:49] *** Joins: izeer_ (6d99759b@gateway/web/freenode/ip.109.153.117.155)
[22:47:24] *** Quits: izeer (6d99759b@gateway/web/freenode/ip.109.153.117.155) (Ping timeout: 252 seconds)
[22:49:24] <VanDreadPL> uwaga jebne linkiem
[22:49:26] <VanDreadPL> https://www.youtube.com/watch?v=KM-FyXQoUBk
[22:49:28] <VanDreadPL> jebłem :D
[22:49:56] <izeer_> u oo
[22:50:42] <izeer_> VanDreadPL:  a ja ostatnio jazzu słucham xD
[22:52:00] <VanDreadPL> VoThall:  https://youtu.be/aDMsGl_XxTk
[22:52:06] <izeer_> VanDreadPL:  https://www.youtube.com/watch?v=RaLhPCvcezY no co nie fajne?
[22:57:07] <VanDreadPL> izeer_:
[22:57:37] <VanDreadPL> w życiu byłem tylko na 8 koncertach jezzowych
[22:57:42] <VanDreadPL> żadnego nie żałuje
[22:58:06] <VanDreadPL> jak już mówiłem słucham każdego typu muzyki bo nie jestem ograniczony
[22:58:14] <VanDreadPL> słucham tego co mi się podoba
[22:59:31] <VanDreadPL> Co prawda częściej słucham elektronicznej muzyki
[22:59:34] <VanDreadPL> bo lubię taka
[22:59:45] <izeer_> a jutro na czesława mozila ide xD
[22:59:54] <VanDreadPL> to lubię jak ona ma w sobie coś z klasyki :)
[23:00:03] <VanDreadPL> izeer_:  wiemy chwaliłeś się już
[23:00:07] <izeer_> xDD
[23:00:11] <izeer_> pewnie tak
[23:00:18] <VanDreadPL> izeer_:  a ja od snapchata bana dostałem XD
[23:00:26] <izeer_> co
[23:00:26] <izeer_> da sie tak?
[23:00:26] <VanDreadPL> bo ja wiem XD
[23:00:37] <VanDreadPL> dostałem komunikat że twoje konto zostało zablokowane XD
[23:00:49] <VanDreadPL> i widze że coś wysyłasz
[23:01:04] <VanDreadPL> ale jak chce sprawdzić co to odrazu mam że już to odtworzyłem
[23:02:11] <VanDreadPL> izeer_:  ogólnie kiedyś chciałem tak tańczyć Xd
[23:02:12] <VanDreadPL> https://www.youtube.com/watch?v=myJj0mNNe1Y
[23:02:17] <VanDreadPL> nie wiem czemu fajne to jest
[23:03:00] <VanDreadPL> A takie imprezy udowadniają mi tylko że lubie tańczyć :D
[23:08:08] *** Joins: Dalir (~tableto@88-199-132-54.tktelekom.pl)
[23:09:25] <Soxis> VanDreadPL, https://www.youtube.com/watch?v=ZkNMZlkrzaU
[23:09:28] <Soxis> lubisz tańczyć? xD
[23:13:27] <VanDreadPL> Soxis:  znam tańczę lepiej
[23:18:22] <psoras> VanDreadPL: https://www.youtube.com/watch?v=T3lA_BNN4QI
[23:26:42] <VanDreadPL> psoras:  słuchało się :
[23:26:42] <VanDreadPL> :D
[23:26:50] <VanDreadPL> izeer_:  yey odblokowałem sobie snapa :P
[23:26:56] <VanDreadPL> dziwne
[23:26:58] <VanDreadPL> w sobotę piłem
[23:27:06] <VanDreadPL> w sobotę mnie zablokowali XD
[23:27:14] <VanDreadPL> przypadek?
[23:30:19] <izeer_> dla twego dobra xD
[23:32:09] <VanDreadPL> https://www.youtube.com/watch?v=AvgDYT83mqs dzieczyna wymiata XD
[23:32:42] <VanDreadPL> https://youtu.be/7kx67NnuSd0
[23:32:45] <VanDreadPL> kurwa zły link XD
[23:41:55] *** Quits: Dalir (~tableto@88-199-132-54.tktelekom.pl) (Quit: Bye)
