[00:03:52] <Soxis> VoThall, https://www.youtube.com/watch?v=GD7AnzZfv5g
[00:04:58] <VoThall> nawet fajno ale brakuje mi wyrazu w jego utworach
[00:05:03] <VoThall> sa takie jakby niedoprawione xD
[00:05:40] <VoThall> https://www.youtube.com/watch?v=n2E_RDtrqIE ten utwor jego jest dla mnie najlepszy no ale dlatego ze veela xD
[00:06:15] <VoThall> no i alan watts
[00:06:26] <VoThall> https://www.youtube.com/watch?v=kGZJasrDbVw :3
[00:08:12] <Soxis> VoThall, no mountains jest dobry w chuj
[00:08:12] <Soxis> xD
[00:08:16] <Soxis> a who we are
[00:08:21] <Soxis> słuchałeś tekstu?
[00:08:24] <Soxis> paranoii od niego można dostać XD
[00:09:24] <VoThall> ?
[00:10:02] <VoThall> ktorego tekstu
[00:10:28] <Soxis> VoThall, z who we are
[00:10:29] <Soxis> tego lektora
[00:10:30] <Soxis> xD
[00:10:39] <VoThall> to jest alan watts bulwo
[00:11:00] <VoThall> sluchalem wiele jego "wykladow" ;-;
[00:11:03] <Soxis> sklej wary bo Cie połamie
[00:11:50] <VoThall> ej wez bo dostaniesz uwage xD
[00:11:58] <Soxis> :C
[00:12:41] <VoThall> https://soundcloud.com/monstercat/sets/yours-truly-feat-danyka-nadeau
[00:12:44] <VoThall> wybierz sobie jakis
[00:12:47] <VoThall> jak Ci sie zaden nie spodoba
[00:12:53] <VoThall> to nie mam slow ;-;
[00:13:04] <Soxis> Ty mi się nie podobasz kurwo
[00:13:05] <Soxis> XDDDDDDDDDDDDDDD
[00:13:19] <VoThall> ;-;
[00:13:23] <Soxis> hahahah xD
[00:13:25] <VoThall> ja oosbiscie polecam Vacant'a
[00:13:30] <Soxis> aż mi avast za 16 dni wygaśnie xD
[00:19:22] <CowiekPiwo> kurwa mać
[00:19:29] <CowiekPiwo> chciałem wymodelować walizke'
[00:19:34] <CowiekPiwo> wyszła mi cipa
[00:19:40] <CowiekPiwo> co to ma być
[00:21:27] *** Joins: Nighti_kom (~AndChat43@user-94-254-133-99.play-internet.pl)
[00:23:36] <Soxis> CowiekPiwo, głodnemu chleb na myśli
[00:24:28] <CowiekPiwo> kurwa piąty raz zaczynam juz xD
[00:24:42] <CowiekPiwo> oglądałem sobie kurs
[00:24:50] *** Quits: AndChat|433929 (~AndChat43@user-94-254-193-151.play-internet.pl) (Ping timeout: 244 seconds)
[00:24:59] <CowiekPiwo> i chcialem zrobic swoją wersje
[00:25:11] <CowiekPiwo> to kurwa mam xD
[00:25:11] <CowiekPiwo> to stwierdzilem ze zrobie trudniejsze
[00:39:00] *** Joins: AndChat|433929 (~AndChat43@user-94-254-129-142.play-internet.pl)
[00:40:46] *** Quits: Nighti_kom (~AndChat43@user-94-254-133-99.play-internet.pl) (Ping timeout: 240 seconds)
[00:42:56] <CowiekPiwo> btw. wyszedlem jakis czas z temu z pokoju
[00:43:13] <CowiekPiwo> a na korytarzu właściciel i gość z pokoju obok malują sciane
[00:43:18] <CowiekPiwo> 22:40
[00:43:33] <CowiekPiwo> a ja 'no elo, domalować wam kwiatki? xD'
[00:44:08] <CowiekPiwo> i jeszcze oparlem sie o tą sciane
[00:44:17] <CowiekPiwo> a tam mokra farba
[00:44:21] <CowiekPiwo> chuj tam
[00:44:27] <CowiekPiwo> żyje sie dalej
[00:53:57] <Night_Spark> XD
[00:56:07] <CowiekPiwo> http://x3.cdn03.imgwykop.pl/c3201142/comment_di46IwROpVaxUZqErgAUbC1QgMCwGj6Q.jpg co ten marian
[00:57:57] <MisiekShy> http://needsmorejpeg.com/i/c9vj.jpeg dx
[01:11:26] *** Joins: Nighti_kom (~AndChat43@user-94-254-133-176.play-internet.pl)
[01:13:57] *** Quits: AndChat|433929 (~AndChat43@user-94-254-129-142.play-internet.pl) (Ping timeout: 256 seconds)
[01:18:47] *** Joins: AndChat|433929 (~AndChat43@user-94-254-145-128.play-internet.pl)
[01:21:02] *** Quits: VanDreadPL (~Thunderbi@89-73-73-49.dynamic.chello.pl) (Quit: VanDreadPL)
[01:21:34] *** Quits: Nighti_kom (~AndChat43@user-94-254-133-176.play-internet.pl) (Ping timeout: 272 seconds)
[01:27:59] <MisiekShy> baj
[01:28:01] *** Quits: MisiekShy (~Misiek@agno210.neoplus.adsl.tpnet.pl) (Quit: Leaving)
[01:31:45] *** Quits: CowiekPiwo (6d996974@gateway/web/freenode/ip.109.153.105.116) (Ping timeout: 246 seconds)
[01:52:23] *** AndChat|433929 is now known as Nighti
[01:52:32] <Nighti> Jest ktoś
[02:21:14] *** Joins: Nighti_kom (~AndChat43@user-94-254-133-84.play-internet.pl)
[02:24:13] *** Quits: Nighti (~AndChat43@user-94-254-145-128.play-internet.pl) (Ping timeout: 246 seconds)
[03:46:03] *** Joins: AndChat|433929 (~AndChat43@user-94-254-193-207.play-internet.pl)
[03:47:33] *** Quits: Nighti_kom (~AndChat43@user-94-254-133-84.play-internet.pl) (Ping timeout: 250 seconds)
[04:16:50] *** Joins: Nighti_kom (~AndChat43@user-94-254-133-87.play-internet.pl)
[04:19:49] *** Quits: AndChat|433929 (~AndChat43@user-94-254-193-207.play-internet.pl) (Ping timeout: 256 seconds)
[07:26:45] *** Quits: Nighti_kom (~AndChat43@user-94-254-133-87.play-internet.pl) (Ping timeout: 252 seconds)
[08:41:17] *** Joins: Nighti_kom (~AndChat43@user-94-254-133-87.play-internet.pl)
[08:52:30] *** Quits: Nighti_kom (~AndChat43@user-94-254-133-87.play-internet.pl) (Ping timeout: 240 seconds)
[12:09:03] *** Joins: Misiek (~Misiek@agno210.neoplus.adsl.tpnet.pl)
[12:26:04] <VoThall> dobry
[12:26:18] <Misiek> bry
[12:46:39] <Misiek> https://i.imgur.com/cvO5hkc.gifv
[12:46:40] <Misiek> dx
[12:48:51] *** Joins: izeer (6d996974@gateway/web/freenode/ip.109.153.105.116)
[12:50:37] <izeer> hej
[12:55:13] <Misiek> hi
[13:10:53] <izeer> http://puu.sh/ky268/948dde596e.JPG #brytyjski humor
[13:32:12] *** Quits: izeer (6d996974@gateway/web/freenode/ip.109.153.105.116) (Quit: Page closed)
[14:14:32] *** Joins: izeer (6d996974@gateway/web/freenode/ip.109.153.105.116)
[14:18:47] <VoThall> https://www.youtube.com/watch?v=XvAfwvichUc
[15:35:52] <izeer> VoThall:  ja pierdole xD
[15:47:06] <VoThall> dobrzy sa xD
[16:06:16] *** Joins: VanDreadPL (~Thunderbi@89-73-73-49.dynamic.chello.pl)
[16:17:54] *** Joins: MisiekShy (~Misiek@agsn17.neoplus.adsl.tpnet.pl)
[16:20:59] *** Quits: Misiek (~Misiek@agno210.neoplus.adsl.tpnet.pl) (Ping timeout: 268 seconds)
[16:29:36] *** Joins: psoras (~androirc@5.172.252.129)
[16:29:56] *** psoras is now known as psoras_TLK
[16:30:07] <psoras_TLK> hej
[16:31:00] <psoras_TLK> jadym z Wawy do Wroca, yay most średnicowy <3
[16:34:39] *** Quits: psoras_TLK (~androirc@5.172.252.129) (Read error: Connection reset by peer)
[16:34:58] *** Joins: psoras (~androirc@5.172.252.129)
[16:35:18] *** psoras is now known as psoras_TLL
[16:35:37] *** psoras_TLL is now known as psoras_TLK
[16:41:52] <psoras_TLK> VanDreadPL: sorki że nie powiedziałem że jestem, ale byłem cały czas zajęty
[16:47:57] <izeer> dobra lece do roboty
[16:47:58] <izeer> elo
[16:48:18] *** Quits: izeer (6d996974@gateway/web/freenode/ip.109.153.105.116) (Quit: Page closed)
[18:47:38] *** Joins: psoras (~androirc@5.172.252.211)
[18:47:47] *** Quits: psoras_TLK (~androirc@5.172.252.129) (Read error: Connection reset by peer)
[18:49:06] <misiek200m> Bry wieczór :D
[18:51:13] <psoras> siemasz
[18:51:48] <misiek200m> Co tam ciekawego u was słychać?
[18:52:07] <psoras> wracam do domu po weekendzie w Warszawie
[18:52:18] <psoras> starym dobrym TLK
[18:52:31] <psoras> "Baczyński"
[18:54:41] <psoras> misiek200m: http://www.glosywmojejglowie.pl/2014/05/16/baczynski/
[18:55:05] <misiek200m> psoras hahaha :D
[18:55:29] <psoras> w ogóle fajny ten komiks
[18:56:30] <psoras> w przedziale poza mną jest jeszcze tylko jeden facet
[18:56:42] <psoras> czyli spoko i relaks
[18:56:50] <misiek200m> Ee to fajnie, spokojnie :D
[18:56:56] <Lunia> najs :3
[18:56:59] <Lunia> hejka !
[18:57:08] <psoras> hejks
[18:57:15] <psoras> *hejka
[18:57:31] <VanDreadPL> psoras:  no stres
[18:57:36] <VanDreadPL> ja sam byłem zabiegany :P
[19:00:48] <misiek200m> VanDreadPL dysk twardy mi padł, jestem już szczuplejszy na początku miesiąca o 200pln za nowy dysk xD
[19:01:08] <VanDreadPL> misiek200m:  a co to był za dysk XD
[19:01:21] <VanDreadPL> bo ostatnio to nie wiem w pracy w zeszłym tygodniu 5padło
[19:01:21] <misiek200m> segate jakiś 1tb xD
[19:01:33] <VanDreadPL> dokładnie to samo u nas
[19:01:37] <VanDreadPL> tyle że laptopowe :P
[19:01:45] <misiek200m> No to z lapka dysk właśnie ;p
[19:01:50] <VanDreadPL> XD
[19:02:02] <VanDreadPL> no to widać poszła jakaś wadliwa seria
[19:02:09] <misiek200m> Kupiłem na jego miejsce WD blue 500gb, mam nadzieję, że podziała trochę :D
[19:02:10] <VanDreadPL> to samo co kiedyś WD black
[19:02:20] <Lunia> u nas tez padl. ale 3tb
[19:02:28] <VanDreadPL> Blue są spoko
[19:03:16] <misiek200m> Odpaliłem mhdd z hirensa, jak wróciłem z zajęć, to się przeraziłem xDD
[19:04:17] <misiek200m> dyski 7mm to już całkiem malutkie są w porównaniu do 9,5 xD
[19:05:08] <psoras> ja sobie teraz jadę najgorszym odcinkiem trasy Wrocław-Warszawa, czyli Łódź-Zduńska Wola
[19:05:25] <VanDreadPL> psoras:  to uważaj by cie tam nie okradli XD
[19:05:38] <psoras> ale i jego mają zacząć robić w 2016
[19:06:17] <psoras> VanDreadPL: spoko, jakby co zawołam Rainbow Dash z Łodzi
[19:07:08] <misiek200m> :D
[19:07:17] <psoras> kurde, coraz mniej w kraju takich naprawdę zapuszczonych odcinków torów
[19:08:10] <psoras> jeszcze parę lat i nie będzie na czym uprawiać hardkorowego mikolstwa
[19:10:31] <MisiekShy> https://www.youtube.com/watch?v=--MeKE_OUNU
[19:12:48] <misiek200m> VanDreadPL Play zdeka nie ogarnia... mają ten cały na umowę bez limitu (100gb) za 79,99, ale jest też pakiet na nielimitowany internet na kartę za 45, nawet gościu w salonie był zdziwiony takim rozrzutem xD
[19:20:42] <VanDreadPL> XD
[19:20:47] <VanDreadPL> no co zrobisz nic nie zrobisz
[19:20:47] <VanDreadPL> :P
[19:20:57] <VanDreadPL> dobra idę na osiedle zobaczyć czy mnie tam niema
[19:23:10] <MisiekShy> https://youtu.be/R-EPoAdCwhM
[20:05:36] <Night_Spark> Psoras: http://img-9gag-fun.9cache.com/photo/a5Kj30r_460s_v1.jpg
[20:06:49] <psoras> :D
[20:18:48] <MisiekShy> https://gfycat.com/DazzlingZanyChupacabra
[20:33:36] <psoras> *happy tram noises*
[20:37:12] <psoras> *PKP Energetyka SM42 noises na sąsiednim torze podczas postoju w Kaliszu*
[20:52:57] *** Joins: Nighti (5306fd68@gateway/web/freenode/ip.83.6.253.104)
[20:55:43] <Nighti> Dobry
[21:07:33] <misiek200m> psoras a gdzie już jesteś psoras? :D
[21:07:35] <misiek200m> Heja Nighti
[21:07:43] <misiek200m> zdublowało mi nick xD
[21:08:12] <psoras> Odolanów
[21:08:42] <misiek200m> A no to jeszcze kawałek jest :p
[21:08:49] <psoras> jeszcze z półtorej godziny do domu
[21:19:26] <VanDreadPL> wróciłem
[21:19:35] <VanDreadPL> nie było mnie na osiedlu do póki tam nie poszedłem
[21:19:35] <VanDreadPL> XD
[21:19:49] <misiek200m> Logika niby żelazna xD
[21:25:16] *** Joins: VanDreadPL1 (~Thunderbi@89-73-73-49.dynamic.chello.pl)
[21:30:41] *** Quits: VanDreadPL (~Thunderbi@89-73-73-49.dynamic.chello.pl) (Ping timeout: 260 seconds)
[21:30:43] *** VanDreadPL1 is now known as VanDreadPL
[21:30:56] <MisiekShy> https://youtu.be/BtWh8Rk6VY4
[21:31:35] *** Joins: psoras_ (~androirc@5.172.252.211)
[21:32:22] *** Quits: psoras (~androirc@5.172.252.211) (Ping timeout: 240 seconds)
[21:34:02] <Soxis> https://www.youtube.com/watch?v=8bPFoVpAuMQ
[21:37:36] *** Quits: psoras_ (~androirc@5.172.252.211) (Ping timeout: 264 seconds)
[21:46:03] <Nighti> Ja uciekam
[21:46:22] *** Quits: Nighti (5306fd68@gateway/web/freenode/ip.83.6.253.104) (Quit: Dobranoc)
[21:46:51] *** Joins: psoras (~androirc@5.172.252.211)
[21:55:01] <psoras> misiek200m: Oleśnica Rataje, zaraz ostatnia prosta
[21:55:32] <misiek200m> ^^
[22:13:25] <psoras> LUDZISKA, ROBIO LINIE OLEŚNICKO /(O.O)\
[22:13:48] <psoras> i to tak na porządnie
[22:13:53] <psoras> WRESZCIE
[22:25:11] <psoras> NADODRZE
[22:25:23] <psoras> vystupujem
[22:25:33] <MisiekShy> http://x3.cdn03.imgwykop.pl/c3201142/comment_B0ZC0tU2IODkvS7fOtOTC1fNIoLeYImR.jpg
[22:43:26] <psoras> i w domu
[23:14:18] <psoras> okej, trzeba spać
[23:14:39] <psoras> na razie
[23:14:43] *** Quits: psoras (~androirc@5.172.252.211) (Quit: AndroIRC - Android IRC Client ( http://www.androirc.com ))
[23:33:15] <VanDreadPL> dobra ja uciekam
[23:33:16] <VanDreadPL> dobrej nocy
[23:33:24] *** Quits: VanDreadPL (~Thunderbi@89-73-73-49.dynamic.chello.pl) (Quit: VanDreadPL)
