[01:02:36] *** Joins: MisiekShy (~Misiek@agng128.neoplus.adsl.tpnet.pl)
[01:05:35] *** Quits: Misiek (~Misiek@edb241.neoplus.adsl.tpnet.pl) (Ping timeout: 240 seconds)
[01:39:04] *** Quits: MisiekShy (~Misiek@agng128.neoplus.adsl.tpnet.pl) (Quit: Leaving)
[12:32:44] *** Joins: VanDreadPL (~Thunderbi@89-73-73-49.dynamic.chello.pl)
[12:32:51] <VanDreadPL> siema
[12:44:18] *** Joins: Misiek (~Misiek@agng128.neoplus.adsl.tpnet.pl)
[13:04:24] <Misiek> bry
[13:41:56] <VoThall> dobry
[13:42:00] <VoThall> Misiek https://www.youtube.com/watch?v=BLmsrSM0qic&feature=youtu.be xd
[13:42:43] <Misiek> xd
[13:43:26] <Misiek> juz sie przestali okłamywać xd
[13:45:30] <Misiek> https://gfycat.com/WhisperedCompassionateAtlasmoth VoThall
[13:46:15] <VoThall> xD
[13:48:32] <VoThall> Misiek 1 czolg w czechoslowackim drzewku to kolohousenka
[13:48:34] <Misiek> jesli zrobisz kunke z refreshem to to sie moze udac xd
[13:48:35] <VoThall> no jak tym nie zagrac xD
[13:49:29] <Misiek> https://www.gfycat.com/SpottedWarpedHarvestmen
[13:49:29] <Misiek> xd
[13:49:47] <VoThall> Misiek zaraz to naprawio xD
[13:50:14] <Misiek> redit wlasnie odkryl strategie navi na finaly ti6 xd
[13:50:16] <Misiek> xd
[13:51:12] <Misiek> rip in pieces
[13:51:18] <Misiek> jak kiedys pudge i chen xd
[13:51:35] <Misiek> https://gfycat.com/AmazingSinfulFly xd
[13:51:59] <Misiek> https://www.gfycat.com/NewAmbitiousHectorsdolphin xd
[13:52:04] <Misiek> nowy patch nowa gra xd
[13:54:46] <Misiek> https://www.gfycat.com/MeatySomeLadybird VoThall dawaj dodki jakies zobacz co mozna robic xd
[13:54:50] <Misiek> az mnie nosi xd
[13:55:07] <VoThall> dat huskar XDDD
[13:55:27] <Misiek> 8% magicznego dmg sie stackuje
[13:55:36] <Misiek> huskar 105% robi skokiem
[13:55:40] <Misiek> instagib kazdego xd
[13:55:56] <VoThall> xD
[13:56:39] <Misiek> jeszcze ktos z teamu powinien miec shadowamulet i zostawiac huskara invis na linii
[13:56:48] <Misiek> taka wielka niewidzialna mina techiesa
[13:56:53] <Misiek> xd
[13:57:01] <Misiek> trafiasz na niego = ded
[13:57:17] *** Joins: Nighti_kom (~AndChat43@94.254.133.33)
[13:58:01] <Nighti_kom> Bry
[13:58:04] <Misiek> hi
[14:58:22] <Misiek> http://x3.cdn03.imgwykop.pl/c3201142/comment_fMNESMSF13gmMJyUYUFz4ozrbJAH3Q9h.jpg xd
[15:01:15] *** Joins: Dalir (~tableto@88-199-132-54.tktelekom.pl)
[16:03:59] <Misiek> VoThall, czo
[16:05:10] <Misiek> http://puu.sh/m1j0T/367d5a9bdf.png based vot xd
[16:10:38] <Dalir> Wtf
[16:12:33] <VoThall> Misiek mialem sprawe chwilowom i Cie nie byo xD
[16:13:03] <Misiek> elo jestes nie to nie nara dxdxdx
[16:13:10] <VoThall> no dokladnie xD
[16:13:18] <VoThall> a teraz  w sumie mozna zagrac
[16:13:52] <Misiek> teraz to mi mecz znalazlo dx
[16:14:04] <VoThall> oh well
[16:14:11] <VoThall> letz kontunju animu
[16:23:31] *** Quits: Dalir (~tableto@88-199-132-54.tktelekom.pl) (Quit: Bye)
[16:46:19] <Misiek> VoThall, k
[16:46:27] <Misiek> jush
[16:48:03] <VoThall> teraz
[16:48:06] <VoThall> to ja gram z kolegom
[16:48:08] <VoThall> w tanki
[16:48:10] <VoThall> xD
[16:48:17] <Misiek> egg
[16:53:50] <Misiek> czekadź czy grać?
[16:54:00] <Misiek> gradź*
[16:54:57] <VoThall> grac
[16:57:55] <Misiek> jak czo to wołej
[16:58:38] <VoThall> k
[18:33:28] *** Quits: Nighti_kom (~AndChat43@94.254.133.33) (Ping timeout: 272 seconds)
[18:33:40] *** Joins: Nighti_kom (~AndChat43@user-94-254-133-33.play-internet.pl)
[18:58:01] *** Quits: Triluch (tril@legowisko.org) (Disconnected by services)
[18:58:33] *** Joins: Triluch (tril@legowisko.org)
[19:20:19] *** Joins: AndChat|433929 (~AndChat43@user-94-254-133-156.play-internet.pl)
[19:22:26] *** Quits: Nighti_kom (~AndChat43@user-94-254-133-33.play-internet.pl) (Ping timeout: 240 seconds)
[19:36:35] <Misiek> VoThall, solo off dk działa dx
[19:50:06] *** Joins: Nighti_kom (~AndChat43@user-94-254-133-156.play-internet.pl)
[19:51:23] <VoThall> Misiek a czemu mialby nie dzialac :P
[19:53:14] *** Quits: AndChat|433929 (~AndChat43@user-94-254-133-156.play-internet.pl) (Ping timeout: 272 seconds)
[19:55:22] <Misiek> ostatnio to na midzie nim bylo ciezko ugrac a teraz na offie dalem rade i jeszcze fraga wytargalem xd
[19:57:47] <VoThall> no co Ty ;-;
[19:57:54] <VoThall> jak dk dostal buffa do jego ognia
[19:57:58] <VoThall> to na midzie jest dosc latwo xD
[19:58:27] <Misiek> jak nie trafisz ogniem pucka invo czy innego gunwa z zasiegiem milion to 2/10
[19:58:32] <Misiek> harras 24/7
[19:58:38] <Misiek> teraz pancerz imba
[19:59:02] <Misiek> kupilem ring of health i dodalem jeden punkt w e xd
[19:59:16] <Misiek> free tango caly czas
[19:59:17] <Misiek> xd
[19:59:23] <VoThall> yup xD
[19:59:27] <VoThall> zagramy niedlugo
[19:59:30] <VoThall> chces?
[20:09:43] <Misiek> kkk
[20:09:49] <Misiek> teso
[20:11:01] <Misiek> VoThall,
[20:11:09] <VoThall> zara
[20:12:37] <VoThall> gib 5-10 min
[20:13:05] <Misiek> k
[20:13:07] <Misiek> k
[20:13:07] <Misiek> k
[20:20:36] *** Joins: psoras (~androirc@46.77.124.4)
[20:20:55] <psoras> hej
[20:21:19] <Misiek> bry bry
[20:21:29] <psoras> VanDreadPL: kojarzysz bar Level Up w Warszawie?
[20:22:40] <psoras> właśnie tam jestem :3
[20:27:57] <misiek200m> hej psoras :)
[20:29:05] *** Quits: VanDreadPL (~Thunderbi@89-73-73-49.dynamic.chello.pl) (Quit: VanDreadPL)
[20:50:19] <psoras> poszedł dziad
[21:16:07] *** Joins: psoras_ (~androirc@46.77.124.50)
[21:19:22] *** Quits: psoras_ (~androirc@46.77.124.50) (Read error: Connection reset by peer)
[21:19:50] *** Quits: psoras (~androirc@46.77.124.4) (Ping timeout: 260 seconds)
[21:20:07] *** Joins: psoras (~androirc@46.77.124.50)
[21:28:26] *** Quits: psoras (~androirc@46.77.124.50) (Quit: AndroIRC - Android IRC Client ( http://www.androirc.com ))
[23:03:20] *** Joins: MisiekShy (~Misiek@agsn49.neoplus.adsl.tpnet.pl)
[23:05:47] *** Quits: Misiek (~Misiek@agng128.neoplus.adsl.tpnet.pl) (Ping timeout: 265 seconds)
[23:20:27] <MisiekShy> https://youtu.be/d_8J1WTreY0
[23:24:45] *** Joins: NS_heXchat (~test@host-89-230-36-16.przeworsk.mm.pl)
[23:59:52] *** Joins: VanDreadPL (~Thunderbi@89-73-73-49.dynamic.chello.pl)
