[00:05:07] <Night_Spark> http://www.androidpolice.com/2016/01/18/retroarch-emulator-updated-with-new-interface-support-for-dreamcast-soon-and-more/
[01:10:15] *** Joins: MisiekShy (~Misiek@anh137.neoplus.adsl.tpnet.pl)
[01:13:38] *** Quits: Misiek (~Misiek@agls19.neoplus.adsl.tpnet.pl) (Ping timeout: 255 seconds)
[01:27:15] <MisiekShy> bajo
[01:27:18] *** Quits: MisiekShy (~Misiek@anh137.neoplus.adsl.tpnet.pl) (Quit: Leaving)
[01:58:54] *** Quits: CowiekPiwo_ (56b9e43b@gateway/web/freenode/ip.86.185.228.59) (Quit: Page closed)
[11:19:53] <Soxis> http://x3.cdn03.imgwykop.pl/c3201142/comment_L6CY3esyqmW6pz5yGcz379HGlTRGNjbK,w400.jpg
[11:19:56] <Soxis> XDDDDD
[11:43:44] *** Joins: Misiek (~Misiek@anh137.neoplus.adsl.tpnet.pl)
[11:43:49] <Misiek> hay
[13:13:01] *** Joins: izeer (56b9e43b@gateway/web/freenode/ip.86.185.228.59)
[13:13:32] <izeer> elo
[13:13:44] <Misiek> bry
[13:13:49] <Night_Spark> https://scontent.fmaa1-2.fna.fbcdn.net/hphotos-xtp1/t31.0-8/10644205_1219376754742367_3969414390012750141_o.png
[13:15:42] <Misiek> https://www.youtube.com/watch?v=9IwoqUnVkr8 fajny sezon sie zapowiada
[13:30:46] <Misiek> jechac z talibami po pustyni xd
[13:30:48] <Misiek> tyle wygrac
[13:30:51] <Misiek> https://www.youtube.com/watch?v=T67AewxhBaQ
[13:40:38] *** Quits: Misiek (~Misiek@anh137.neoplus.adsl.tpnet.pl) (Quit: Leaving)
[14:46:02] *** Joins: Misiek (~Misiek@anh137.neoplus.adsl.tpnet.pl)
[15:29:21] <Misiek> VoThall,
[15:29:22] <Misiek> VoThall,
[15:29:22] <Misiek> VoThall,
[15:29:23] <Misiek> VoThall,
[15:29:24] <Misiek> VoThall,
[16:04:59] *** Joins: haryozborn (d9630d38@gateway/web/freenode/ip.217.99.13.56)
[17:07:44] *** Quits: haryozborn (d9630d38@gateway/web/freenode/ip.217.99.13.56) (Quit: Page closed)
[17:45:40] *** Joins: VanDreadPL (~Thunderbi@89-73-73-49.dynamic.chello.pl)
[17:46:33] <VanDreadPL> dobry
[17:53:18] <Misiek> bry
[17:53:27] <Misiek> https://imgur.com/gallery/JSd1N
[18:06:35] *** Quits: izeer (56b9e43b@gateway/web/freenode/ip.86.185.228.59) (Quit: Page closed)
[20:01:12] *** Joins: Dalir (~tableto@88-199-132-54.tktelekom.pl)
[20:34:15] <Soxis> https://www.youtube.com/watch?v=5R6BL7I3SGA
[21:19:57] <VoThall> dobry
[22:08:23] <Night_Spark> http://store.steampowered.com/app/360940/
[23:11:10] *** Joins: MisiekShy (~Misiek@aglx84.neoplus.adsl.tpnet.pl)
[23:14:30] *** Quits: Misiek (~Misiek@anh137.neoplus.adsl.tpnet.pl) (Ping timeout: 272 seconds)
[23:27:39] *** Quits: VanDreadPL (~Thunderbi@89-73-73-49.dynamic.chello.pl) (Quit: VanDreadPL)
[23:32:08] *** Quits: Dalir (~tableto@88-199-132-54.tktelekom.pl) (Quit: Bye)
