[00:05:47] *** Joins: BaebossA (BaebossA@Pony-g2q2t2.static.chello.nl)
[00:06:22] *** Quits: BaebossA (BaebossA@Pony-g2q2t2.static.chello.nl) (Quit: Page closed)
[00:13:40] <BlackBird> dobranoc
[00:13:48] <BlackBird> Niech Luna bedzie z wami.
[08:29:59] *** Joins: ArchPegasus_zZz (ArchPegasus@Keep.In.A.Friendly.And.Pony.Place)
[09:12:29] *** ArchPegasus_zZz is now known as ArchPegasusMichael
[09:32:10] *** Quits: mkr (mkr@Pony-iinahj.radioyay.net) (Ping timeout: 121 seconds)
[09:33:22] *** Joins: mkr (mkr@Pony-iinahj.radioyay.net)
[09:33:22] *** Pinkamena sets mode: +qo mkr mkr
[10:26:36] *** Quits: ArchPegasusMichael (ArchPegasus@Keep.In.A.Friendly.And.Pony.Place) (Quit: Developed for IRC by Lauren Faust)
[10:29:19] *** Joins: ArchPegasusMichael (ArchPegasus@Keep.In.A.Friendly.And.Pony.Place)
[10:50:50] *** Quits: ArchPegasusMichael (ArchPegasus@Keep.In.A.Friendly.And.Pony.Place) (A TLS packet with unexpected length was received.)
[13:21:35] *** Joins: ArchPegasusMichael (ArchPegasus@Keep.In.A.Friendly.And.Pony.Place)
[16:24:32] *** Ciapacz is now known as Ciapaty
[16:29:41] *** Joins: Andragor (Andrabot@Pony-16fg6i.adsl.inetia.pl)
[16:37:05] *** Joins: NeroDMC (NeroDMC@Pony-r85.lun.175.46.IP)
[16:37:09] <NeroDMC> Siema
[16:37:19] <ArchPegasusMichael> Hejo
[16:37:35] <ArchPegasusMichael> https://derpibooru.org/766950
[16:38:33] <NeroDMC> sniezna Rainbow
[16:40:39] <ArchPegasusMichael> tulałbym
[16:41:14] <NeroDMC> jeszcze ponad 2 godziny do audycji
[16:46:38] <NeroDMC> bede grał w oSu hakby co nick mam Rarity12
[17:02:43] <McKey> osu!*
[17:05:22] <NeroDMC> Witam z powrotem
[17:06:56] <McKey> Znalazlem sobie chyba zajecie na w chugo czasu. Tłmaczenie koneentow zagranivznych (nap)
[17:08:34] <NeroDMC> ok ;I
[17:08:59] <McKey> Albo przynajmniej opening ceremony :p
[17:10:07] <NeroDMC> Nie ma to jak łaczyć w zdanie język polski i angielski
[17:10:25] <McKey> Makaronizm forewer
[17:10:58] <NeroDMC> Makaronizk? What? Whot?
[17:11:36] <McKey> Mam 2 z polskiego i wiem...
[17:12:20] <McKey> Celowe wplatanie wyrazow z innych jezykow do ojczystego
[17:13:03] <NeroDMC> Ja z polaka miałem 3 lub 4, a z angielskiego 3
[17:14:00] <NeroDMC> Niemiecki był najlepszy udało mi się ledwo na 3 zrobić
[17:14:05] <McKey> Ja trymam sie na 2-4 
[17:14:21] <McKey> Tylko z zawodowych mam 5+
[17:16:16] <NeroDMC> 6.12.2014 najlepsza data jest sobota a ja musze iść do szkoły bo chodzę co 2 tyg w soboty i niedziele.
[17:16:46] <McKey> Polecam 13.12.2014
[17:16:56] <McKey> Wrovlaw
[17:17:05] <McKey> Wroclaw*
[17:17:15] <NeroDMC> Ja chodzę do szkoły w żywcu
[17:17:36] <McKey> Pozdrawiam z Zielonej Dziury
[17:18:41] <NeroDMC> Wczoraj zablokowali moje konto na FB bo nie podałem swojego Imienia i Nazwiska. I nie mam znajomych, gry na FB musze od nowa grać.
[17:21:02] <NeroDMC> przyjde tu jak bedzie 30 minut do audycji
[17:21:49] <Eivel> o rany, dziś firesky
[17:21:59] <Eivel> znowu bym zapomniał
[17:22:24] <McKey> xD
[17:22:47] *** Joins: Pony_8 (Pony_8@Pony-kbvkru.dynamic.mm.pl)
[17:23:10] *** Quits: Pony_8 (Pony_8@Pony-kbvkru.dynamic.mm.pl) (Quit: Page closed)
[17:25:04] *** Quits: NeroDMC (NeroDMC@Pony-r85.lun.175.46.IP) (Ping timeout: 121 seconds)
[17:30:18] <Andragor> Eivel, przepraszam za tę grę w zeszłym tygodniu. To było do wygrania. Następnym razem będzie lepiej ;)
[17:32:03] <Eivel> Andragor: nie ma sprawy :P I tak była świetna zabawa. Poza tym i tak każdy co chwilę gdzieś znikał, więc to normalne, że nie można być przez 2h przywiązanym do kompa
[17:32:21] <Eivel> a tymczase mznikam na 30 min się zdrzemnąć
[17:32:22] <Eivel> zw
[17:47:03] *** Joins: LazyPony (LazyPony@Pony-itkfl0.adsl.tpnet.pl)
[17:47:10] <LazyPony> dzien dobry
[17:50:46] <Ciapaty> Dzień najarany
[17:51:06] <LazyPony> ehh... dla cb
[17:52:49] <LazyPony> jest dzis audycja?
[17:58:27] <LazyPony> halo McKey  Eivel 
[17:59:03] *** Joins: Fullsound (~Fullsound@Pony-as25mp.gdynia.mm.pl)
[18:00:17] <LazyPony> hejka
[18:00:24] <Fullsound> nie będzie mnie o 19 lol musicie sobie poradzić ;P
[18:00:37] *** Joins: Andragor_ (Andrabot@Pony-16fg6i.adsl.inetia.pl)
[18:00:46] <Fullsound> Siemka Lazy
[18:01:27] <LazyPony> ja tam co tam?
[18:01:45] <Fullsound> leci powoli i nudy
[18:02:39] *** Joins: ElectricPsoras (Thunderbird@Pony-mm2ine.adsl.tpnet.pl)
[18:02:42] <Ciapaty> nudy to są zawsze
[18:02:43] <Ciapaty> ....
[18:02:49] <Ciapaty> tylko nie on :D
[18:03:00] <Ciapaty> Znowu pociągi przyprowadził :>
[18:03:15] <Ciapaty> A co do tego ED ElectricPsoras .... bardzo śmieszne :)
[18:03:15] <Fullsound> tylko ja XD
[18:03:27] *** Quits: Andragor (Andrabot@Pony-16fg6i.adsl.inetia.pl) (Ping timeout: 121 seconds)
[18:03:30] <ElectricPsoras> :F
[18:03:32] *** Andragor_ is now known as Andragor
[18:03:38] <Ciapaty> heh ;p
[18:03:46] <LazyPony> a ja chora ehh...
[18:03:51] <Ciapaty> to masz farta
[18:03:53] <Ciapaty> ciesz się
[18:04:23] <Fullsound> a ja niewyspany
[18:04:30] <Ciapaty> a kto jest wyspany :>
[18:05:00] <Fullsound> ci co śpią właśnie teraz :D
[18:05:29] <Ciapaty> to racja ;p
[18:05:43] <LazyPony> co farta? ;p omijaja mnie najwazniejsze rzeczy 
[18:05:46] <Ciapaty> ale ciekawa nowa ksywa w szkole mam :> Za to że jestem wkurzajacy
[18:05:52] <Ciapaty> Ciapaty Sku**** xD
[18:06:03] <LazyPony> i do tego ehh oceny trzeba ogarnac
[18:06:04] <Fullsound> jaką\
[18:06:04] <ElectricPsoras> http://tinyurl.com/oqgqn6y :v
[18:06:04] <Fullsound> XD
[18:06:07] <Ciapaty> Przynajmniej mozna miec spokoj :)
[18:06:32] <Ciapaty> ElectricPsoras: eta?
[18:06:53] <Fullsound> Fandom się kończy... idę do pracy, JA! Do pracy! no chyba mnie powaliło :D
[18:07:12] <ElectricPsoras> Ciapaty: komentarz do tego co poprzednio wysłałem https://www.youtube.com/watch?v=WjrqpJQBKCQ
[18:07:25] <Ciapaty> te ED...
[18:07:28] <Ciapaty> w pociagach?
[18:07:37] <Ciapaty> naprawde
[18:07:43] <Ciapaty> ED to ending :<
[18:08:04] <ElectricPsoras> ED to hamowanie elektrodynamiczne :]
[18:08:53] <Ciapaty> Nie :<
[18:09:04] <Fullsound> To ja spadam. Na razie i widzimy się po 20 może ale nic nie obiecuję
[18:09:48] <ElectricPsoras> http://pl.wikipedia.org/wiki/Hamulec_elektrodynamiczny ^^
[18:09:49] <Ciapaty> Nq
[18:09:53] <Ciapaty> :<
[18:09:56] <Ciapaty> Niet
[18:10:03] <Ciapaty> A wgl jaką bekę miałem :)
[18:10:11] <Ciapaty> Angola polskiego próbowałem uczyć :)
[18:10:27] <Ciapaty> Najlepsza rzecz ever xD
[18:10:40] <Ciapaty> Tylko się śmiać jak próbuje coś napisać albo powiedzieć
[18:13:06] *** Quits: Fullsound (~Fullsound@Pony-as25mp.gdynia.mm.pl) (Ping timeout: 121 seconds)
[18:15:39] <McKey> LazyPony>> Melduje się
[18:15:42] <McKey> Eiv śpi
[18:16:06] <Ciapaty> pff melduj się ta
[18:16:14] <Ciapaty> na usługi :>
[18:16:28] * McKey reload Sniper Riffle
[18:16:33] <Ciapaty> Miło mi
[18:16:51] <Ciapaty> Rozkręciłem ci regulacje poziomu lunety
[18:16:53] <McKey> przed audyzją trza przyszykować
[18:16:58] <Ciapaty> dobrze nie postrzelasz :)
[18:17:03] <McKey> masz mały problem
[18:17:07] <McKey> nie mam lunety :P
[18:17:12] <Ciapaty> Regulacja poziomu lunety trwa pare godzin
[18:17:12] <ElectricPsoras> https://pbs.twimg.com/media/BpZxID7CAAActge.jpg Twalot: jestę routerę
[18:17:17] <Ciapaty> i wymaga 20 strzalow
[18:17:26] <McKey> ↑
[18:17:30] <Ciapaty> co
[18:17:43] <Ciapaty> nope
[18:17:52] <McKey> Stare
[18:18:38] <ArchPegasusMichael> McKey jest jak Korwin
[18:18:47] <LazyPony> McKey:  jak to spi? xD
[18:18:53] <McKey> ty mnie do korwina nie porównuj
[18:18:55] <ArchPegasusMichael> nie potrzebyje lunety, bo wystarczy mu muszka
[18:19:02] <McKey> LazyPony>> położył się poprostu :P
[18:19:10] <McKey> ArchPegasusMichael>> i szczerbinka :P
[18:19:57] *** Joins: Delta3120 (Delta3120@Pony-7unsia.static.kolnet.eu)
[18:20:01] *** Joins: Husarz44 (Husarz44@Pony-t4867e.adsl.inetia.pl)
[18:20:09] <Delta3120> siemka
[18:20:17] <Husarz44> siemka all
[18:20:44] <McKey> dobry
[18:21:09] <Delta3120> nie wiedziałem wogule że takie radio istnieje :D
[18:21:28] <LazyPony> niespodzanka xD
[18:21:30] <McKey> jak wiele osób :P
[18:21:34] <Delta3120> xD
[18:21:37] <Ciapaty> radio jak kazde inne
[18:21:47] <Ciapaty> a w dodatku malo piosenek ma chyba z 400
[18:21:52] <Ciapaty> niestety
[18:21:52] <McKey> 1001
[18:21:59] <Ciapaty> juz 1000?
[18:22:02] <McKey> ...
[18:22:03] <Delta3120> ja wole OMNIpony
[18:22:07] <Ciapaty> kiedy niby dodawane byly
[18:22:15] <Ciapaty> bo nie wierze :>
[18:22:31] <McKey> zobacz sobie na system zamawiania
[18:22:38] <Ciapaty> gdzie co jak
[18:22:41] <Ciapaty> daj linka
[18:22:41] <McKey> bo przed mlk maker np dodawał
[18:22:43] <Ciapaty> bo gram
[18:22:43] <Delta3120> Omnipony i tombstona
[18:22:44] <Eivel> w zasadzie to 1031
[18:22:44] <McKey> se weś
[18:22:53] <Ciapaty> se daj
[18:23:00] <McKey> se ****
[18:23:01] <Ciapaty> grom
[18:23:04] <Ciapaty> se ***
[18:23:08] <Ciapaty> :>
[18:23:28] <LazyPony> dobra, a McKey  mam pytania
[18:23:32] <LazyPony> odnosnie meeta
[18:23:36] <McKey> wal
[18:23:37] <LazyPony> znowu :3
[18:23:41] * Ciapaty reload AK-47 with magazine kebab's bullet and shoot to McKey
[18:23:43] <McKey> zostałem przeszkolony :3
[18:23:52] <LazyPony> kurtki i jedzenie
[18:23:57] <LazyPony> jak to eyglada
[18:23:58] * McKey eat bullet
[18:24:02] <LazyPony> :p
[18:24:09] <LazyPony> bo to bedzue grudzien
[18:24:16] <Ciapaty> nieeeeeeeeeeeeeeeeeeeeeeee
[18:24:17] <McKey> kurtki najczęściej w plecakach bo chyba nie będzie ofc szatni
[18:24:21] <Ciapaty> McKey: nain !!!
[18:24:24] <Ciapaty> Nain
[18:24:33] <LazyPony> oks, to rozumiem
[18:24:37] <McKey> trza było nie dawać czosnkowego
[18:24:39] <LazyPony> no to: jedzenie xD
[18:24:53] <McKey> a jedzenie no to ja osobiście wyznaje zasadze "2 good meals"
[18:25:02] <Ciapaty> Mc Kebab
[18:25:04] <Ciapaty> czyli
[18:25:06] <McKey> spore śniadanie i kolację :P
[18:25:08] <Ciapaty> :>
[18:25:26] <McKey> ewentualnie jakiś wafelek czy coś ale tak to na Con nie
[18:25:58] <LazyPony> eh zauwaz ze ja bede po 5 gidzinnej jezdzie pociagiem z pobudka o 2.00 jesli mialabym zdazyc na rozpoczecie....fk my life
[18:26:32] <Eivel> LazyPony: W praktyce wygląda to tak, że jak głodniejesz, to zabierasz się z innymi co zgłodnieli do jakiejś budki z jedzeniem w pobliżu
[18:26:48] <Eivel> LazyPony: + kanapki lepiej mieć w twoim wypadku, żeby zjesć przed meetem
[18:26:57] <Eivel> + hej, #Eivelwita
[18:27:10] <LazyPony> hejka :)
[18:27:17] <McKey> LazyPony>> Głównie chodzi o to że na Conach nie ma czasu na jedzenie xD
[18:27:30] <LazyPony> ale moj brzuch xD
[18:28:26] <Delta3120> dobra.... zaraz poleci omnipony
[18:28:31] <ElectricPsoras> LazyPony: do Wrocławia jedziesz?
[18:28:36] <ElectricPsoras> czy do Krakowa?
[18:28:39] <LazyPony> ehhh jeszcze i tak musze wykombinowac jak z dojazdem; czy dzien wczesniej jechac zaraz poszkole z siostra i wziac nocleg, czy w nocy
[18:28:43] <LazyPony> do wrocka
[18:28:47] <ElectricPsoras> czy może gdzieś indziej
[18:28:49] <ElectricPsoras> aaa
[18:28:59] <LazyPony> prawdopodobnie ... zobacze czy to wogole wyjdzie
[18:29:21] <Eivel> ElectricPsoras: Nie wymieniliśmy w zestawie przetrwania maski gazowej, więc Wrocek, nie Kraków :>
[18:29:23] * Ciapaty reload a Minigun with PP Kebab's bullet
[18:29:33] <LazyPony> a i uprzedzam wszystkich ktorza chca mnie zobaczyc: moj wyglad zapewne bedzie rozczarowujacy xD
[18:29:35] * Ciapaty shoot for everyone
[18:29:37] <Delta3120> no i jest omni :D
[18:29:39] * McKey create Mega shild
[18:29:44] <McKey> nope
[18:29:48] <Ciapaty> Yeap
[18:29:58] <Ciapaty> PP
[18:30:02] <Ciapaty> to przeciw pancerne
[18:30:05] <Ciapaty> brawo zginełeś
[18:30:09] <Ciapaty> jakbyś umiał czytać
[18:30:10] <ElectricPsoras> LazyPony: to ja bym jechał w nocy kuszetką - zdaje się, że masz zniżkę szkolną; połączyć to z ofertą "Wcześniej" (-30%) i może nie zbankrutujesz :3
[18:30:22] <McKey> Tarcze energetyczną? powodzenia
[18:30:32] <ElectricPsoras> ta, zniżka szkolna i "Wcześniej" się łączą
[18:30:46] <Ciapaty> [18:29:40]	McKey	create Mega shild
[18:30:49] <LazyPony>  hmmm... i tak zalezy od siostry duzo
[18:30:54] <Ciapaty> zadnej tarczy energetycznej nie bylo
[18:30:57] <LazyPony> a i wie ktos jaka pogoda na grudzien?
[18:30:58] <Eivel> ElectricPsoras: Pluskwy PKP ftw
[18:31:05] <McKey> z dupy se wyciągam wielką tarcze...
[18:31:06] <Ciapaty> ch****
[18:31:07] <McKey> napewno :P
[18:31:09] <Ciapaty> taka pogoda
[18:31:13] <Ciapaty> eeeeeeeeeeeeeeee
[18:31:19] <ElectricPsoras> Eivel: jeżdżę na okrągło, a jeszcze żadnej nie spotkałem
[18:31:21] <Ciapaty> McKey: duzo sie tam miesci pewnie
[18:31:26] <McKey> nieważne
[18:31:30] <McKey> ale tarczy nie ma
[18:31:30] <Ciapaty> powodzenia w przyszlym zyciu :)
[18:31:31] <Eivel> ElectricPsoras: To jeździsz dobrą trasą :P 
[18:31:44] <ElectricPsoras> jeżdżę prawie po całej Polsce :]
[18:32:03] <ElectricPsoras> LazyPony: najprawdopodobniej będzie do +10*C i deszcz; jak będziesz miała szczęście, to mróz
[18:32:15] <Delta3120> potem poleci Omnipony i Aviators Monster
[18:32:15] <ElectricPsoras> ale na ogół we Wrocławiu grudzień jest deszczowy
[18:32:37] <LazyPony> to lepiej zebym go nie miala :p bo rodzice puszcza tylko jak cieplej bedzie...
[18:32:49] <Eivel> Delta3120: Ubiegasz się o stanowisko bota radiowego? :P
[18:32:50] <LazyPony>  tylko teraz pociagiem pksem hmm....
[18:33:05] <LazyPony> Eivel:  ja chce ja chce hahaha
[18:33:06] <McKey> Delta3120>> odgryli nas odwród odwrót xD
[18:33:15] <ElectricPsoras> z Bydgoszczy jest fajny nocny, tyle że późno wyjeżdża
[18:33:16] <Delta3120> nie ubiegam sie
[18:33:34] <LazyPony> ta? o ktorej ElectricPsoras ?
[18:33:41] <Delta3120> poprostu zamuwiłem kilka piosenek
[18:34:01] <Delta3120> i teraz polecą same OMNI xd tak w zasadzie to 5
[18:34:11] <McKey> raczej nie
[18:34:17] <ElectricPsoras> LazyPony: 00:48
[18:34:21] <McKey> jest lockdown na artyste :P
[18:34:28] <ElectricPsoras> w każdym razie w tym rozkładzie
[18:34:58] <LazyPony> e tam.... tylko czas, przyjade o 5 co ja bede robic przez ten czs? xD
[18:35:19] <McKey> LazyPony>> jak dam rade to o 7 moge być na mieście
[18:35:36] <McKey> tyle że ja o 23 przybywam i nie wiem czy wstane
[18:35:37] *** Quits: Delta3120 (Delta3120@Pony-7unsia.static.kolnet.eu) (Quit: Page closed)
[18:35:49] *** Joins: FireSky (FireSky@Pony-itev1j.adsl.tpnet.pl)
[18:35:50] *** Joins: Delta3120 (~Delta3120@Pony-7unsia.static.kolnet.eu)
[18:35:54] *** McKey sets mode: +v FireSky
[18:36:04] <Delta3120> co sie dzieje z czatem
[18:36:04] <Eivel> hej FireSky ;)
[18:36:08] <FireSky> Siemanko :3 
[18:36:16] <ElectricPsoras> LazyPony: pozwiedzasz miasto :3
[18:36:31] <Ciapaty> Wrocław to wiocha mała
[18:36:38] <Ciapaty> w porównaniu z Wawą
[18:36:53] <LazyPony> ale warszawa brzydka
[18:36:56] <ElectricPsoras> w porównaniu z Wawą to wszystko jest małe
[18:37:06] <ElectricPsoras> no dobra, nie wszystko
[18:37:09] <LazyPony> a hejka FireSky 
[18:37:16] <ElectricPsoras> Nowy Jork nie jest
[18:37:21] <LazyPony> :p
[18:37:40] <LazyPony> ElectricPsoras:  zwiedzac miasto? serio? DDD:
[18:37:52] <ElectricPsoras> ale Warszawa nie ma tyle metra i wieżowców co Nowy Jork, więc jeszcze cokolwiek jej do zarąbistości brakuje :>
[18:38:21] <McKey> ElectricPsoras>> przypadkiem nie będzie już targowisk na Boże Narodzenie?
[18:38:23] <Delta3120> da sie tego słuchać z normalnego radia?
[18:38:35] <ElectricPsoras> McKey: już rozkładają
[18:38:37] <McKey> Delta3120>> tak
[18:38:54] <Eivel> McKey: nie
[18:39:04] <Delta3120> jakie częstotliwości?
[18:39:06] <McKey> Eivel>> które "nie" ? xD
[18:39:16] <McKey> Delta3120>> aaa w takim sęsie to nie
[18:39:17] <ElectricPsoras> LazyPony: ja bym się cieszył, jakbym mógł pozwiedzać miasto na luzie przed meetem :>
[18:39:20] <Eivel> no właśnie :P Delta3120 nie da się. To radio internetowe
[18:39:22] <McKey> Delta3120>> tylko internetowe :P
[18:39:31] <Delta3120> spk
[18:39:40] <Delta3120> ale i tak fajne
[18:39:48] <LazyPony> ale po 5 godzinach jazdy? DD:
[18:40:00] <LazyPony> McKey:  o ktorej zaczyna sie wroclaw?
[18:40:12] <ElectricPsoras> pewnie koło 9 start akredytacji
[18:40:44] <LazyPony> hmm... 
[18:40:47] <McKey> btw dzisiaj dostałem takie zadanie z Fizyki: Z miasta A i B wyruszają 2 Psorasy. Miasta te oddalone są od siebie 80 km. Psoras jedzie z prędkością 67 km/h a ElectricPsoras z prędkością 80 km/h. Po jakim czasie się spotkają?
[18:40:56] <Delta3120> mam nadzieje że lubicie Dubstepy :D
[18:41:01] <LazyPony> od ktorej jest czynny mac? xD
[18:41:10] <McKey> LazyPony>> od 8 albo McDrive
[18:41:20] <ElectricPsoras> nie wiem jak mac, ale knyszę na dworcu dostaniesz 24/7 :>
[18:41:36] <ElectricPsoras> właśnie, gdzie najbliższy McD... na dworcu jest tylko KFC
[18:41:45] <McKey> Magnolia
[18:41:53] <ElectricPsoras> trochę daleko
[18:42:01] <McKey> ja bliżej Bakary nie znam
[18:42:10] <ElectricPsoras> i knysza i CoffeeHeaven, ale to chyba Lazy nie interesuje :>
[18:42:36] <Delta3120> jutro jest ponymeet?
[18:42:45] <LazyPony> McKey:  mcdrive super, podjade rowerem xD
[18:42:52] <McKey> LazyPony>> piechotą
[18:43:05] <LazyPony> starbucks <3
[18:43:19] <McKey> Delta3120>> 6 grudnia Cracov, 13 grudnia Wroclaw
[18:43:23] <Delta3120> pony meet we wrocku?.... troche daleko :p
[18:43:30] <Delta3120> spk
[18:43:37] <LazyPony> mnie to mowisz? xD
[18:43:44] <ElectricPsoras> McKey: Hallera 52 jest :P
[18:43:45] <Delta3120> do krakowa mam bliżej :D
[18:43:47] *** Joins: NeroDMC (~NeroDMC@Pony-r85.lun.175.46.IP)
[18:44:04] <ElectricPsoras> Galeria Borek
[18:44:05] <McKey> LazyPony>> nie raz kupowałem już w McD 
[18:44:09] <Delta3120> ja jestem z Bielska Białej :D
[18:44:14] <Husarz44> a ja takie zadupie że wszędzie daleko
[18:44:19] <LazyPony> hmm...  czy siostra ma znajomych we wroclawiu.....
[18:44:19] * McKey slaps Beton around with a book reading Merlin
[18:44:20] <NeroDMC> Siema
[18:44:23] <McKey> a go tu nie ma xD
[18:44:26] <ElectricPsoras> choć galerie też otwierają o 9, więc odpada
[18:44:31] <LazyPony> ...ma w kedzierzynie za daleko, kurde
[18:44:42] <LazyPony> hm...
[18:44:53] <NeroDMC> Ja z Milówki, a chodzę do szkoły w zywcu
[18:45:20] <NeroDMC> https://www.youtube.com/watch?v=mc2L6LXELuw Fire dodaj to do swojej listy
[18:45:25] <Delta3120> to niedaleko mnie :D
[18:45:54] <ElectricPsoras> NeroDMC: https://www.youtube.com/watch?v=8cGpyX35XHc jedyne skojarzenie :D
[18:45:59] <LazyPony> bydgoszcz a wroclaw.... nie no ile to moze czasu zajac?
[18:46:05] <NeroDMC> Znam yą piosenkę
[18:46:08] <NeroDMC> ta*
[18:46:35] <Delta3120> Dragon Greed
[18:46:51] <Delta3120> Uwielbiam omniponego
[18:47:13] <ElectricPsoras> LazyPony: w zasadzie jedyny mcdonald jaki otwierają wcześniej niż o 9 jest przy Rynku, otwierają go o 7 :>
[18:47:24] *** Joins: LinkBotMCK (McBotDE@Pony-fs3.bbe.87.62.IP)
[18:47:40] <LazyPony> trzeba bedzie ogarnac wszystko....
[18:47:53] <NeroDMC> https://www.youtube.com/watch?v=6Y3RNMoYTBI  ta piosenka wymiata xd
[18:47:54] <ElectricPsoras> są McDrive'y, ale w penis daleko od dworca i od Bakary
[18:48:17] <ElectricPsoras> niedaleko Rynku przejeżdża tramwaj 4, który jedzie do Bakary
[18:48:19] <LazyPony> jeny czemu najlepsze meety sa tak daleko DDD:
[18:48:42] <NeroDMC> Ja nie byłem wogóle na meetach
[18:48:48] <ElectricPsoras> od dworca do Rynku najlepiej chyba z buta, bo ładnie i nie tak daleko
[18:48:50] <FireSky> Ja tylko na MLK 
[18:49:03] <NeroDMC> ani też na konwentach
[18:49:43] *** Joins: Sakitta (Sakitta@Pony-pe27v5.gprs.plus.pl)
[18:50:00] *** Quits: Sakitta (Sakitta@Pony-pe27v5.gprs.plus.pl) (Quit: Page closed)
[18:50:28] <LazyPony> ja tez w ogole, ale sie wybieram bo mam motywacje poznac ludzi z czatu w realu :3
[18:50:37] <NeroDMC> Sezon 5 ma byc wiosną ,a japonczycy nawet Sezon 3 nie maja xd
[18:50:48] <ElectricPsoras> ja panela będę prowadził :P
[18:50:54] <ElectricPsoras> a wcześniej będę helperował
[18:51:12] <McKey> Mudżyn
[18:51:20] <ElectricPsoras> tj. albo nosił ławki, albo kierował naród właściwymi korytarzami, albo siedział na akredytacji
[18:51:22] <NeroDMC> Electric ja zamiast "helperował" przeczytał to jako "hajperować"
[18:51:24] <McKey> ja moge helpować tylko na konach :P
[18:51:34] <ElectricPsoras> albo na koniach
[18:51:44] <NeroDMC> Będziemy hajperować xd
[18:51:53] <Eivel> hajperować na koniach
[18:52:00] <FireSky> O czym mowa ? 
[18:52:03] <ElectricPsoras> nie wiem co to znaczy "hajperować", za stary jestem :P
[18:52:15] <Eivel> ElectricPsoras: pewnie spolszczenie hype
[18:52:17] <NeroDMC> Jak nie grasz w elsworda to nie wiesz
[18:52:23] <ElectricPsoras> raczej hyper
[18:52:23] <Eivel> FireSky: nie wiem :P
[18:52:30] <Eivel> FireSky: ogólnie o meecie Wrocławskim
[18:52:38] <FireSky> Ja tam na krakowski jadę xD
[18:52:41] <ElectricPsoras> a "hyper" to przedrostek oznaczający powiększenie
[18:52:46] *** Quits: Delta3120 (~Delta3120@Pony-7unsia.static.kolnet.eu) (Quit: Page closed)
[18:52:54] <ElectricPsoras> czyli chyba chodzi o powiększanie
[18:53:22] <LazyPony> jaas wogole tematyka wroclawskiego jest? xD
[18:53:29] <FireSky> święta xD
[18:53:32] <ElectricPsoras> różna różnista
[18:53:37] <ElectricPsoras> mój panel będzie fanfikowy
[18:53:39] <NeroDMC> https://www.youtube.com/watch?v=S2lt3MYCdXA coś takiego używam u postaci xd Hyper Active
[18:53:50] <ElectricPsoras> będzie jeszcze drugi fanfikowy, prowadzony przez Dolara
[18:54:11] <ElectricPsoras> a poza tym to cholera wie i szczerze mówiąc, nieszczególnie mnie to obchodzi :P
[18:54:26] *** Joins: Sakitta (Sakitta@Pony-hpehu7.gprs.plus.pl)
[18:54:37] <ElectricPsoras> ja tam idę i tak spotkać się ze starymi znajomymi i poznać nowych :D
[18:54:54] <LazyPony> :D
[18:55:06] <NeroDMC> https://www.youtube.com/watch?v=t38DPnkDjTM Piosenka Wolficzki 
[18:55:23] <LazyPony> kto mi wysle swiateczne skarpetki na swieta? :3
[18:55:32] <NeroDMC> Ba du mtss
[18:55:39] <FireSky> JAki kolor xD
[18:55:43] <Sakitta> Witam. Pilna akcja, na steamie można za referencje zyskać 20 $, jak chcecie zarobić i pomóc innym: http://myreff.com/c?r=DkNkNVfQc (moje) http://steamcode.org/?ref=imM3wqU2b (kolegi), sory, że spamie linkami, ale cóż... jestem zły.
[18:55:48] *** Quits: Sakitta (Sakitta@Pony-hpehu7.gprs.plus.pl) (Quit: Page closed)
[18:56:02] <NeroDMC> Fire nawet mi ta piosenka She's a pony podoba mi się
[18:56:14] <FireSky> mam ją w bazie
[18:56:21] <McKey> niech tylko wejdzie
[18:56:42] <Eivel> LazyPony: ale z kucykiem w nich, czy bez? :P
[18:56:51] <ElectricPsoras> *niemanie steama intensifies*
[18:56:52] <FireSky> oczywiście że z :p 
[18:57:02] <LazyPony> a to juz zalezy od nadawcy 
[18:57:17] <NeroDMC> Po 6 miecha przerwy znowy gram w OSU xd
[18:57:30] <NeroDMC> Straciłem rachuwe w trybie osu!mania
[18:58:15] <LazyPony> nice
[18:58:27] <LazyPony> aaa czemu musze byc chora D:
[18:58:28] <NeroDMC> Jedynie w CTB idzie mi dobrze ;-;
[18:59:03] <ElectricPsoras> znam takich, co są dobrzy tylko w TCB
[18:59:07] <ElectricPsoras> nie jesteś sam
[18:59:27] * Eivel zakłada słuchawki
[18:59:49] * Eivel chowa ciało ChungIP w piwnicy
[18:59:54] <Eivel> teraz wygram audycję...
[19:00:14] <Eivel> friendship is magic, of course ;)
[19:00:28] <NeroDMC> rly
[19:00:31] <LazyPony> Eivel  xD jeszcze ja
[19:00:48] <McKey> NeroDMC>> http://osu.ppy.sh/McKeyPL
[19:00:59] <LazyPony> pozdrawiam FireSky !!!
[19:01:06] <Husarz44> zaczęła sięmasakra
[19:01:10] <LazyPony> loyalty na pewno xD
[19:01:11] *** Joins: Delta3120 (~Delta3120@Pony-7unsia.static.kolnet.eu)
[19:01:12] <NeroDMC> ja mam w osu nick Rarity12
[19:01:32] <LazyPony> discord
[19:01:33] <Delta3120> Pozdrów Pozdrów ! :D
[19:01:37] <LazyPony> superponybeat
[19:01:39] <NeroDMC> Discord eurobeatbrony
[19:01:44] <FireSky> ---------
[19:01:48] <LazyPony> 3
[19:01:54] <NeroDMC> 5
[19:01:57] <Delta3120> Discord Eurobeat brony i odysseu
[19:02:02] <Delta3120> *odyssey
[19:02:06] <McKey> http://osu.ppy.sh/McKeyPL
[19:02:19] <Eivel> McKey: nie ma takiego konta
[19:02:21] <McKey> http://google.com
[19:02:25] <LazyPony> mam koncepcje apropos ksiazek,,,,
[19:02:25] <McKey> vim
[19:02:28] <McKey> http://osu.ppy.sh/McKey
[19:02:31] <NeroDMC> https://osu.ppy.sh/u/2374002
[19:02:35] <McKey> miało być :P
[19:02:43] <FireSky> 53
[19:02:44] <McKey> http://osu.ppy.sh/u/McKey
[19:03:06] <Eivel> będzie trzeba kiedyś na multi pograć
[19:03:15] *** Quits: LinkBotMCK (McBotDE@Pony-fs3.bbe.87.62.IP) (Connection closed)
[19:03:37] <NeroDMC> tak
[19:03:44] *** McKey sets mode: +b *!Sakitta@Pony-hpehu7.gprs.plus.pl
[19:03:54] <McKey> a ja z/w :P
[19:04:07] <NeroDMC> Don't mine at night
[19:04:07] <Eivel> dont mine at night
[19:04:07] <Husarz44> dont mine at night
[19:04:09] <NeroDMC> shadyvox
[19:04:10] <Husarz44> shadyfox
[19:04:11] <FireSky> ------
[19:04:12] <Delta3120> Don't mine at night
[19:04:14] <Delta3120> FUck
[19:04:16] <FireSky> ----
[19:04:17] <NeroDMC> 12
[19:04:20] <Delta3120> xD
[19:04:22] <FireSky> 12
[19:04:47] <ElectricPsoras> okej, wy się bawcie, jak ktoś będzie miał interes do mnie, niech pika
[19:05:01] <McKey> *pika pika*
[19:05:06] <Eivel> :D
[19:05:36] <LazyPony> pekomooony
[19:05:39] <LazyPony> poke
[19:05:42] <LazyPony> jo
[19:05:52] <LazyPony> dziecinstwo ;'(
[19:06:30] <LazyPony> znow w polowie wyjde pewnie xD
[19:06:58] <Husarz44> was ist das?
[19:07:04] <Eivel> aftermath <strzał w ciemno>
[19:07:06] <Delta3120> też nie znam
[19:07:06] <Husarz44> coś kojarze
[19:07:28] <NeroDMC> Princess of the night
[19:07:33] <FireSky> ----------Aftermath - Most Wonderful of Nights
[19:07:36] <FireSky> nikt
[19:07:40] <FireSky> chwila
[19:07:45] <FireSky> Eivel 1 pkt
[19:07:46] <Husarz44> wiedziałęm że skądś to kojarze
[19:07:47] <Eivel> :D
[19:07:54] <Eivel> 17
[19:08:01] <Delta3120> xD
[19:08:45] <Husarz44> dobrze jest
[19:08:59] <Delta3120> zostawiać
[19:09:21] <Husarz44> no cóż
[19:09:51] <NeroDMC> Archie
[19:09:55] <FireSky> 1 pkt
[19:10:07] <Delta3120> SimGretina
[19:10:16] <NeroDMC> Babs seed
[19:10:18] <FireSky> -----------Archie - Famous
[19:10:27] <Delta3120> nie znam
[19:10:29] <NeroDMC> 31
[19:10:50] <FireSky> wybierz inny 
[19:10:57] <NeroDMC> 35
[19:11:54] <BlackBird> witam, dzisiaj znowu grupowa czy nie?
[19:11:55] <LazyPony> kasł* *kasł*
[19:11:59] <LazyPony> nie
[19:11:59] *** Joins: DenawizoVinylRein (DenawizoVin@Pony-akstpr.adsl.tpnet.pl)
[19:11:59] <NeroDMC> nie
[19:12:27] <Delta3120> dobrze wymówione
[19:12:27] <Husarz44> kojarze
[19:12:41] <Eivel> slyphstorm?
[19:12:48] <Husarz44> slyphstorm
[19:12:49] <FireSky> 1 pkt
[19:12:55] <BlackBird> fajnie to niedlugo dolacze ;d
[19:13:10] <Husarz44> shot in the dark?
[19:13:16] <Eivel> castle of shadowes
[19:13:19] <NeroDMC> slyphostorm fall the empire
[19:13:26] <McKey> A żem se wybrał... McKeyPL Dawid shared "Screenshot_2014-11-18-19-10-39.png": https://onedrive.live.com/redir?resid=6C7CEC35BA71DD34!5346&authkey=!AGw_5qmbKAbnauc&v=3&ithint=photo%2cpng
[19:13:26] <Eivel> ws*
[19:13:27] <FireSky> Nero 2 pkt
[19:13:33] <NeroDMC> 100
[19:13:49] <NeroDMC> What? jaki fart ta bardzo zgadnac
[19:14:17] <Husarz44> wait
[19:14:20] <Eivel> yhm
[19:14:23] <Eivel> fireeeskyyy
[19:14:27] <Eivel> załóż okulary :>
[19:14:29] <Husarz44> 1 pkt
[19:14:35] <BlackBird> ile tym razem piosenek?
[19:14:59] <DenawizoVinylRein> d-.-b
[19:15:01] <Husarz44> wonderbolts dorever :P
[19:15:13] <Husarz44> forever* :P
[19:15:26] <Eivel> FireSky: szefie, spójrz kto napisał castle of shadows :P
[19:15:30] <LazyPony> loyalty XD
[19:15:36] <Husarz44> loyalty
[19:15:36] <LazyPony> mandopony
[19:15:37] <Eivel> mando loyalty
[19:15:40] <Husarz44> mandopony
[19:15:42] <FireSky> ------
[19:15:42] <NeroDMC> Loyaltu acousticcmanbdo
[19:15:46] <Delta3120> Loaylty
[19:15:46] <LazyPony> geniuuus! xD
[19:15:47] <Husarz44> last moment :P
[19:15:53] <NeroDMC> fart stulecia xd
[19:15:53] <Delta3120> ...
[19:15:54] <FireSky> Eivel wybacz też 2 pkt 
[19:15:59] <NeroDMC> przed kreską napisać
[19:16:12] <LazyPony> hasło w krzyzowce: łatwa piosenka: L O Y A L T Y
[19:16:17] <Delta3120> wiem
[19:16:24] <Delta3120> xD
[19:16:59] <FireSky> Eivel numerek ? 
[19:17:02] <Husarz44> łątwiejsze mogłoby być już tylko chyba rainbow factory
[19:17:02] <Eivel> 57
[19:17:05] *** Joins: Pony_rejzo (Pony_rejzo@Pony-2f1ubu.adsl.inetia.pl)
[19:17:24] <NeroDMC> Awoken easy song
[19:17:33] *** Joins: awifka (~awifka@Pony-kbvkru.dynamic.mm.pl)
[19:17:55] <awifka> Witam wszystkich
[19:18:00] <Pony_rejzo> heja
[19:18:07] <Husarz44> bam
[19:18:07] <Eivel> twitch
[19:18:15] <Husarz44> twitch
[19:18:17] <Delta3120> Twitch
[19:18:18] <NeroDMC> Twitch
[19:18:25] <FireSky> nie
[19:18:29] <Eivel> trololo
[19:18:32] <Delta3120> She is A pony
[19:18:36] <FireSky> nie
[19:18:37] <Husarz44> :P
[19:18:50] <Husarz44> aftermath
[19:18:58] <Eivel> thorinair
[19:19:02] <FireSky> ------Effugium Archie
[19:19:05] <Delta3120> SimGretina
[19:19:07] <Husarz44> aha :P
[19:19:13] <Husarz44> bblisko było :P
[19:19:15] <Delta3120> heh
[19:19:22] <Delta3120> Archiego akurat nie słucham
[19:19:28] <Eivel> też
[19:19:29] <NeroDMC> nevermind co z tego ze chcialem napsać Archie xd
[19:20:46] <Husarz44> rainbow factory
[19:20:48] <Husarz44> awoken
[19:20:54] <Husarz44> clouds
[19:21:01] <Eivel> dubstep dishwasher
[19:21:04] <Husarz44> jedziem dalej
[19:21:09] <Delta3120> Monster Aviators
[19:21:29] <Eivel> im octavia
[19:21:30] <LazyPony> i am octavia
[19:21:31] <Husarz44> im octavia
[19:21:32] <Eivel> eiliemonty
[19:21:32] <NeroDMC> I'm a octacia
[19:21:33] <LazyPony> eilemonty
[19:21:35] <NeroDMC> elliemone
[19:21:36] <FireSky> ---------
[19:21:36] <Husarz44> elliemonty
[19:21:39] <FireSky> -----
[19:21:42] <LazyPony> ahahah, Eivel !!! Xd
[19:21:43] <Husarz44> znowu last moment :P
[19:21:44] <Delta3120> Smile
[19:21:53] <Eivel> 99
[19:21:54] <Delta3120> :D
[19:21:57] <NeroDMC> znowu robię last stand przed kreska xd
[19:21:58] <Eivel> LazyPony: best pony :P
[19:22:20] <LazyPony> o yAAs 
[19:22:24] <LazyPony> twilight xD
[19:22:26] <FireSky> 99
[19:22:27] <Husarz44> jaki wynik?
[19:22:31] <Delta3120> heh.. ja tu zadanie domowe robie :D 
[19:22:38] <LazyPony> czemu wszyscy nienawidza celestii?
[19:22:48] <NeroDMC> a kto mowi ze nienawidzi
[19:22:48] <Delta3120> bo jest dziwna
[19:22:50] <Husarz44> bo sunbutt
[19:22:53] <FireSky> bo tak xD
[19:22:59] <Delta3120> ja ją niezbyt lubie
[19:23:22] <NeroDMC> ja nie znam ta pisoenke tak bardzo
[19:23:44] <Husarz44> soldiers of the night
[19:23:48] <NeroDMC> wiedzialem
[19:23:51] <Husarz44> pegasus device
[19:23:55] <Husarz44> slyphstorm
[19:24:04] <Delta3120> cicho
[19:24:09] <LazyPony> love me cherelii
[19:24:12] <LazyPony> o tak xD
[19:24:14] <NeroDMC> Love my cherrle ltl\
[19:24:14] <Husarz44> leve me cherliee
[19:24:16] <LazyPony> tombstone
[19:24:18] <NeroDMC> tlt*
[19:24:19] <Delta3120> Tombstone
[19:24:22] <Husarz44> tombstone
[19:24:24] <Delta3120> Love me chirlie
[19:24:24] <LazyPony> woodentoaster
[19:24:24] <FireSky> ----------
[19:24:24] <Eivel> bojkotuję tlt
[19:24:26] <Husarz44> albo glaze
[19:25:02] <Delta3120> oni to w dwujke robili
[19:25:02] <Husarz44> ktoś wogóle umie napisać cherliee?
[19:25:05] <Delta3120> nie
[19:25:07] <Delta3120> :D
[19:25:08] <Eivel> cherilee
[19:25:10] <NeroDMC> wiem że jest ta piosenka ale nighy nie udało mi się obejrzeć tej piosenki
[19:25:18] <Eivel> a nie, to od cheer
[19:25:18] <NeroDMC> 77
[19:25:21] <Eivel> derp
[19:25:22] <FireSky> 77
[19:25:42] <LazyPony> koles opanuj sie nikt nie kupi od cb 1 wydania komiksu za 180 zl .... opanuj se
[19:25:42] <Husarz44> fire jaki wynik?
[19:25:54] <LazyPony> gdzie mozna tanio komiksy kupic :)
[19:25:56] <LazyPony> ?
[19:26:06] <Eivel> LazyPony: jakie?
[19:26:12] <McKey> i'm back
[19:26:17] <Eivel> wb
[19:26:41] <Husarz44> ja se ustawiam stuck in time- gorsze
[19:27:10] <Husarz44> Eivel :P
[19:27:15] <LazyPony> Eivel:  fable, the walking dead albo batman
[19:27:18] *** Joins: Pony_2 (Pony_2@Pony-96trij.olsztyn.mm.pl)
[19:27:20] <LazyPony> mando
[19:27:21] <LazyPony> xD
[19:27:25] *** Quits: Pony_2 (Pony_2@Pony-96trij.olsztyn.mm.pl) (Quit: Page closed)
[19:27:34] <Husarz44> slyphstorm
[19:27:38] <Eivel> slyphstorm
[19:27:40] <McKey> SlyphStorm
[19:27:44] <NeroDMC> slyphstorm
[19:27:48] <FireSky> nie
[19:27:52] <Husarz44> trololo
[19:27:52] <Delta3120> Tombstone Overture Octavia
[19:27:53] <McKey> taki trol xD
[19:27:59] <FireSky> nie 
[19:28:03] <NeroDMC> archie
[19:28:04] <Eivel> aviators
[19:28:07] <Husarz44> aviators
[19:28:10] <FireSky> -------
[19:28:13] <Husarz44> shadows
[19:28:21] <Delta3120> ten wokal.. no tak
[19:28:26] <Husarz44> nie...
[19:28:29] <FireSky> -------From All Sides (feat. Bronyfied) Aviators
[19:28:40] <Husarz44> no tak
[19:28:42] <Husarz44> ta gitara
[19:28:46] <FireSky> wybieram ja
[19:28:53] <Eivel> naprawdę ciężko pomylić aviatorsa, ale te smyczki mi też do slypha pasowały :d
[19:28:55] <McKey> !roll 1 2d100
[19:28:55] <GameServ> McKey rolled 2d100: 91 44  <Total: 135>
[19:29:07] <LazyPony> nosz ej! nie ma baśni... D : ja chce wiedziec co dalej z bigbym bylo ej...
[19:29:25] <Husarz44> eivel gonimy :P
[19:29:30] <Eivel> gonim gonim
[19:29:34] <Eivel> damy radę
[19:29:40] <NeroDMC> Zodyn nie dogoni
[19:29:45] <Eivel> połaczmy siły Husarii i wieży Eiffla
[19:29:53] <NeroDMC> xd
[19:30:01] <Husarz44> hmm
[19:30:12] <Husarz44> slyphstorm
[19:30:14] <Husarz44> :P
[19:30:14] <Delta3120> Five nights at freddie
[19:30:15] <Eivel> slyphstorm
[19:30:23] <Delta3120> Tombstone
[19:30:28] <LazyPony> nie... czemu niedostepny? D: POMOZ KTOS
[19:30:37] <McKey> LazyPony>> tytuł :P
[19:30:41] <Husarz44> D:
[19:30:45] <Husarz44> nie było
[19:30:50] <McKey> New Luna Republic
[19:30:51] <Eivel> for the new lunar republic
[19:30:53] <McKey> FireSky>> :P
[19:31:03] <Eivel> applejack theme
[19:31:03] <NeroDMC> applejack theme rc88
[19:31:06] <Eivel> rc8
[19:31:08] <Husarz44> applejack theme
[19:31:08] <Eivel> 8
[19:31:11] <FireSky> -------
[19:31:11] <Husarz44> rc88
[19:31:14] <NeroDMC> 120
[19:31:15] <FireSky> -----
[19:31:16] <Husarz44> kur*a
[19:31:19] <Delta3120> za wolno pisze
[19:31:20] <LazyPony> McKey:  Baśnie: Na wygnaniu albo Żywe trupy: dni utracone 
[19:31:22] * McKey slaps Husarz44 around with a rolling plasma gun
[19:31:22] <FireSky> uznam
[19:31:22] <Delta3120> xD
[19:31:26] <NeroDMC> ta bardzo dawno nie grałem w ta grę a znam theme
[19:31:32] <LazyPony> nie moge nigdzie znalezc tanio....
[19:31:39] <FireSky> 120
[19:31:39] <McKey> musi być papier?
[19:32:30] <LazyPony> dobrze by bylo... ale jesli nie bedzie innej drogi to elektronicznie tez ujdzie
[19:33:25] <Husarz44> uff thx
[19:33:34] <McKey> FireSky>> masz "i'll make a brony out of you - ilysabetch" i "Good Gitl - Dasha &TLT"? (Sprawdzam czy już ci wysłałem paczkę :P
[19:33:41] <Husarz44> nightmare night
[19:33:51] <NeroDMC> Nightmare night wooden toaster ft mic the microphone
[19:33:52] <LazyPony> wooden toaster
[19:33:54] <BlackBird> nightmare night
[19:33:55] <LazyPony> nightmare night
[19:33:56] <Husarz44> glaze and mic
[19:33:57] <FireSky> ---------------
[19:33:58] <Eivel> wooden toaster nightmare night
[19:34:00] <Delta3120> Nightmare nifght
[19:34:03] <FireSky> ---------
[19:34:05] <NeroDMC> 110
[19:34:08] <Husarz44> lol przed :P
[19:34:11] <Husarz44> 12
[19:34:28] <McKey> i tak ja wygrałem
[19:34:46] <McKey> zanim Fire puścił ja już podałem tytuł
[19:35:01] <NeroDMC> nigdzie nie pisze
[19:35:02] * Husarz44 slaps McKey around a bit with a large fishbot
[19:35:12] <McKey> Husarz44>> bije cię za przewkleństwa
[19:35:13] <FireSky> 122
[19:35:20] <Husarz44> jedna z niewielu piosenek które umiem zagrać na hitarze :P
[19:35:25] <Delta3120> 24
[19:35:27] <Husarz44> gitarze*
[19:35:48] <NeroDMC> ja napisałem cały tytuł i wszystkich co spiewają jak Fire jeszcze gadał, a przesłałem jak właczył piosenkę
[19:36:23] <McKey> FireSky>> wyciszaj wcześniej
[19:36:36] <Eivel> Husarz44: /)
[19:36:59] <McKey> Ponawiam pytanie  FireSky>> masz "i'll make a brony out of you - ilysabetch" i "Good Gitl - Dasha &TLT"? (Sprawdzam czy już ci wysłałem paczkę :P
[19:37:02] <FireSky> jak wyciszać wcześniej ?
[19:37:05] <NeroDMC> 1 raz słyszę tą piosenkę
[19:37:07] <FireSky> Nie mam chyba
[19:37:08] <Eivel> też
[19:37:12] <Delta3120> ja też
[19:37:16] <Husarz44> elliemonty?
[19:37:18] <McKey> czyli musze przesłac
[19:37:20] <Eivel> nie
[19:37:25] <FireSky> nie
[19:37:25] <Husarz44> to nie wiem
[19:37:27] <Husarz44> dasha?
[19:37:34] <FireSky> nie
[19:37:34] <Eivel> rina-chan?
[19:37:40] <FireSky> nie 
[19:37:43] <Husarz44> surrender
[19:37:44] <McKey> Twoja mama?
[19:37:47] <NeroDMC> xd
[19:37:57] <LazyPony> gdzie moje skarpety.....
[19:37:58] <FireSky> ------Oliver Lacota & Feather - Follow in your Footsteps (Cover)
[19:37:59] <Husarz44> twilight sparkle? :P
[19:38:08] <LazyPony> wiedzialam ze feather!
[19:38:13] <Eivel> what
[19:38:15] <McKey> LazyPony>> na uszach
[19:38:15] <Husarz44> w życiu bym nie wpadł
[19:38:18] <Eivel> zupełnie jak Feather nie brzmi
[19:38:33] <LazyPony> modulacja glosu? :/
[19:39:01] <Husarz44> rainbow factory
[19:39:10] <Eivel> aftermath
[19:39:20] <LazyPony> chyba mam opoznienie....
[19:39:24] <Husarz44> to przegrałęm
[19:39:34] <LazyPony> aftermath ...
[19:39:37] <Husarz44> aftermath
[19:39:37] <NeroDMC> Aftermatch fid the music
[19:39:41] <FireSky> nie 
[19:39:42] <Husarz44> find the music
[19:39:42] <Eivel> find the music in yuo
[19:39:50] <LazyPony> remix!! xD
[19:39:53] <Eivel> :D
[19:39:56] <NeroDMC> Find the Music in You (µThunder Remix)
[19:39:56] <FireSky> :D 
[19:39:59] <FireSky> nie
[19:40:07] <Eivel> Firestone?
[19:40:10] <NeroDMC> Chaossprite
[19:40:17] <FireSky> -----Dipi11 - Find the Music in You (Remix)
[19:40:24] <Husarz44> blisko "{
[19:40:24] <LazyPony> umc umc umc
[19:40:44] <Eivel> widzę, że już aftermath nie stanowi 60% remixów :P
[19:41:02] <NeroDMC> Jeśli chodzi o remixy to zawsze musi byc min. 5 twórców 
[19:41:04] <FireSky> własnie nie mam więcej innego wykonawcy ;P
[19:41:11] <NeroDMC> i to róznych
[19:41:11] <Husarz44> ja tam nawet serialowych remixów nie słucham
[19:41:26] <Husarz44> thx za podpowiedź
[19:41:32] <NeroDMC> Ja mam tylko Sim gretiny remix tylko chyba 4 lub 5 piosenek
[19:41:39] <McKey> AccusticMandoBrony-Loyality
[19:41:41] <Eivel> xD
[19:41:42] <LazyPony> jakies sprawdzone sposoby na przeziebienie macie?
[19:41:43] <Eivel> było
[19:41:57] <LazyPony> musze sie wykurowac do ot
[19:42:05] <McKey> hawtw
[19:42:09] <LazyPony> how aj won the war
[19:42:10] <Husarz44> how apples win wars
[19:42:11] <NeroDMC> HAWTW scerlop pones
[19:42:13] <BlackBird> hawtw
[19:42:15] <LazyPony> fores rain? xD
[19:42:18] <LazyPony> hahahah
[19:42:18] <Husarz44> hawtw
[19:42:19] <FireSky> --------
[19:42:21] <Delta3120> Simgretina
[19:42:24] <Delta3120> :D
[19:42:25] <BlackBird> how applejack won the war
[19:42:26] <Eivel> pierwszy raz to słyszę O.o
[19:42:35] <NeroDMC> yeah tylko ja podałem autora xd
[19:42:35] <BlackBird> ale napisalem wczesniej hawtw ;d
[19:42:52] <LazyPony> Eivel:  a friendship is witchcraft?
[19:43:02] <Eivel> Z którego to odcinka?
[19:43:03] <Delta3120> nie znam tego
[19:43:18] <Delta3120> Sezon 6 odc 32
[19:43:23] <FireSky> numerek ? 
[19:43:27] <NeroDMC> 98]
[19:43:29] <Delta3120> 24
[19:43:52] <Eivel> LazyPony: FiW jeszcze w ogóle trwa?
[19:44:01] <Delta3120> Póście Omnipony :D
[19:44:03] <NeroDMC> a nie oglądalem wogówe FiW
[19:44:09] <NeroDMC> wogóle*
[19:44:18] <LazyPony> nie mam pojecia xD skonczyli ostatnio bodajze na horse women? Eivel 
[19:44:32] <Eivel> muszę zobaczyć
[19:45:22] <McKey> Arachie
[19:45:25] <NeroDMC> Archie
[19:45:25] <Husarz44> archie
[19:45:26] <Eivel> archie pewnie
[19:45:35] <Delta3120> Omnipony fritz
[19:45:38] <McKey> właśnie ją przerzucam :3
[19:45:41] <FireSky> -------
[19:45:41] <Delta3120> archie
[19:45:42] <McKey> ni powiem co to
[19:45:44] <FireSky> Delta 2 pkt
[19:45:52] <Husarz44> lol xD
[19:45:56] <Delta3120> yay
[19:46:02] <Eivel> strollowani po raz trzeci
[19:46:08] <LazyPony> kasł kasł
[19:46:10] <FireSky> numerek ? 
[19:46:11] <LazyPony> xD
[19:46:19] <NeroDMC> Ja nie znam za bardzo piosenek Omnipony
[19:46:26] <Delta3120> bo to jest archi także
[19:46:30] <NeroDMC> Archie to znam tylko The pinkie pie style
[19:46:30] <Eivel> LazyPony: lepiej że odchorujesz teraz niż na meecie :p
[19:46:35] <Delta3120> ja znam :D
[19:46:39] <FireSky> Delta numerek ?
[19:46:40] <Delta3120> i Drop
[19:46:44] <Delta3120> 24
[19:47:18] <LazyPony> Eivel:  ale w pt premiera kosoglosa, zarezerwowane najlepsze miejsca i w ogole, musze wyzdrowiec!
[19:47:24] <Husarz44> slyphstorm
[19:47:33] <NeroDMC> archie
[19:47:36] <Husarz44> archie
[19:47:37] <LazyPony> planowalam to od pol roku
[19:47:40] <Delta3120> Alex S trixie is a pony troll
[19:47:58] <Eivel> aviators
[19:47:59] <Husarz44> aviators
[19:48:02] <NeroDMC> aviators
[19:48:02] <FireSky> --------After Party - 07 One Last Letter (VIP Remix)
[19:48:18] <Eivel> 3x aviators, sprzedane
[19:48:24] <FireSky> nie ;P
[19:48:34] <Eivel> jak to nie? :P
[19:48:36] <NeroDMC> XFactor 3x na Aviators, przechodzisz dalej
[19:49:19] <FireSky> nie uznaje strzelania xD przy jego piosenkach pełna nazwa xD
[19:49:19] <Delta3120> xD
[19:49:22] <NeroDMC> Fire masz piosenkę Shooting Star?
[19:49:45] <Eivel> FireSky: widzę szybko łatasz luki wykorzystywane w audycji xD
[19:49:52] <Husarz44> yay
[19:49:58] <Husarz44> eivel słabo
[19:50:03] <Eivel> ?
[19:50:43] * Eivel partzy jak jego punkty odchodzą w dal
[19:50:44] <Husarz44> dzięki...
[19:50:53] <LazyPony> xD
[19:50:54] <Husarz44> od razu 
[19:50:56] <Husarz44> archie
[19:51:05] <Husarz44> trololo
[19:51:06] <LazyPony> ała moje gardło krwawi....
[19:51:06] <FireSky> nie 
[19:51:10] <FireSky> :c
[19:51:22] <Husarz44> alex s.?
[19:51:22] <McKey> "Its a fire to con" :P
[19:51:24] <Eivel> LazyPony: nie znam tej piosenki. Brzmi krwawo
[19:51:33] <Delta3120> napewno nie alex
[19:51:33] <Husarz44> bbbff remix
[19:51:38] <Delta3120> bbbff
[19:51:41] <Eivel> bbbff firestone remix
[19:51:44] <FireSky> -------
[19:51:44] <NeroDMC> BBBFF - StormWolf Remix 
[19:51:46] <Husarz44> firestone
[19:51:54] <Eivel> Husarz44: trolled :P
[19:51:57] <FireSky> Eivel 2 pkt pozostali 1 
[19:51:57] <Husarz44> xD
[19:52:04] <LazyPony> Eivel:  sam gore, sam gore 
[19:52:10] <Husarz44> lol
[19:52:14] <LazyPony> jak smile HD
[19:52:20] <Delta3120> tak :D
[19:52:22] <Eivel> nie przyznam się że strzeliłem
[19:52:25] <Eivel> numerek 78
[19:52:26] <NeroDMC> czemu każda piosenka z serialu musi mieć tak dużo autorów zrobionych w wersji remix
[19:52:26] <FireSky> Eivel numerek ? 
[19:52:29] <FireSky> aha
[19:52:30] <FireSky> ok
[19:52:42] <McKey> !roll 1 2d100
[19:52:42] <GameServ> McKey rolled 2d100: 57 37  <Total: 94>
[19:53:29] <Husarz44> lel
[19:54:06] <Delta3120> Omnipony In Reverse
[19:54:16] <LazyPony> juz jej nie bylo?
[19:54:21] <FireSky> moe 
[19:54:22] <NeroDMC> google is at gostly
[19:54:28] <Delta3120> xd
[19:54:28] <Eivel> aftermath gigle at the ghostly
[19:54:31] <FireSky> nie było xD
[19:54:32] <BlackBird> googe xd
[19:54:34] <Husarz44> gigle at the ghostly
[19:54:36] <Husarz44> remix
[19:54:38] <Delta3120> gigle at the ghotsie
[19:54:38] <FireSky> ----------
[19:54:41] <FireSky> ------
[19:54:58] <FireSky> Eivel tylko 2 pkt
[19:55:03] <Husarz44> :/
[19:55:05] <NeroDMC> przepraszam ale cieżko mi napisać ten tytuł
[19:55:07] <Eivel> LazyPony: Nie było, ale aftermath był, a on charakterystyczny jest
[19:55:10] <Eivel> 117
[19:55:16] * Husarz44 patrzy jak punkty odlatują z wiatrem
[19:55:24] <LazyPony> swietnie w jednym tygodniu praca klasowa z chemii sprawdzian z geografii i praca pisemna z fizyki .... KTO ZAZDROSCI?? 
[19:55:30] <LazyPony> kill me
[19:55:35] <Delta3120> ok
[19:55:35] <Husarz44> ja mam tak samo
[19:55:44] <Husarz44> jeszcze konkurs z historii
[19:56:02] <NeroDMC> za 5 minut Ukraina gra z Łotwą
[19:56:03] <LazyPony> łącze sie w bólu
[19:56:14] <McKey> LazyPony>> wczoraj spr z anglika dziś z fizyki jutro z SO czwartek z polskiego piątek z witryn
[19:56:18] <Eivel> głupio się teraz przyznać, że zacząłem weekend
[19:56:21] * Husarz44 płącze z LazyPony
[19:56:43] <ElectricPsoras> NeroDMC: państwo, w którym trwa wojma domowa, gra z państwem, które ni ma zimnioka
[19:56:51] <ElectricPsoras> ciekawe kto wygra
[19:57:04] * Eivel pożycza LazyPony i Husarz44 trochę swojego weekendu
[19:57:34] <Husarz44> ja słąbo stoję z piosenkami z serialu :/
[19:57:48] <LazyPony> Eivel:  oddaj husarzowi, ja chora, tylko oby w pt przyjsc do szkoly bo kosoglos
[19:58:19] <Eivel> brony medley
[19:58:22] <Husarz44> było
[19:58:22] <LazyPony> Eivel:  masz weekend? fajnie bedzie z kim gadac ::3
[19:58:27] <McKey> Kcirtap28 - MLP:FiM Season 1-3 Medley 
[19:58:27] <Husarz44> mlp mendlay
[19:58:30] <LazyPony> jeść!!
[19:58:37] <Husarz44> kcirtap
[19:58:39] <Eivel> LazyPony: ale i tak na ircu aktywny jestem głównie wieczorem :p
[19:58:49] <Husarz44> i season 1-4 :P
[19:59:04] <LazyPony> D: co ja mam niby robic przez cale popoludnie?
[19:59:04] <Delta3120> I've got to find away 
[19:59:22] <Eivel> LazyPony: Jest taki fajny serial, My Little Pony, warto obejrzeć
[19:59:30] <Delta3120> mlp mushup
[19:59:40] <Eivel> dobra, czas wykorzystać przerwę, zw
[19:59:53] <Delta3120> dobra zw
[19:59:57] <LazyPony> Eivel:  ale ale, juz ogladalam xD
[19:59:57] <Delta3120> ide sie uczyć
[20:00:43] <NeroDMC> Oddałem glosy na ponyliste
[20:00:58] <LazyPony> a jakies ciekawe filmy? albo ksiazki ? macie cos?
[20:01:15] <McKey> LazyPony>> borny the msical
[20:01:17] <McKey> musical*
[20:01:19] <FireSky> ja zamierzam zacząć oglądać TWD :3 
[20:01:57] <NeroDMC> https://www.youtube.com/watch?v=5s7IX8AOGBw
[20:02:07] <LazyPony> o FireSky  towarzyszu!!!
[20:02:21] <LazyPony> a dotad tylko na grach wychowywany? xD
[20:02:34] <FireSky> x3 podobno światny a ja nie oglądałem :/ tak LAzy  xD
[20:04:13] <LazyPony> ŚWIATNY światny xD  ja mysle sie zabiore za breaking bad ... bo plotkara gardze, nie tak jak dziewczyny z klasy ;/
[20:05:02] <FireSky> Puszę jeszcze jedną piosenkę w ramach przerwy !!!! 
[20:05:12] <FireSky> Puszczę* 
[20:05:37] <Eivel> syndrom ostatniej piosenki. "ostatnia i idę spać"
[20:05:39] <Eivel> ;)
[20:05:56] <FireSky> ma być do 10 po a jest 5 :p
[20:06:00] <Husarz44> Eivel: ja zasypiam w słuchawkach
[20:06:06] <Eivel> Husarz44: to niezdrowo
[20:06:16] <LazyPony> ŚWIATNY światny xD  ja mysle sie zabiore za breaking bad ... bo plotkara gardze, nie tak jak dziewczyny z klasy ;/
[20:06:17] <Husarz44> zazwyczaj prz lullaby for a princess :P
[20:06:31] <LazyPony> no nie...nie ogarniam klawiatury na laptopach
[20:06:37] <Husarz44> albo open your eyes :P
[20:06:42] <Eivel> Husarz44: i co, działa? czujesz się jak księżniczka?:P
[20:06:50] <Husarz44> pierdo* się
[20:06:54] <Delta3120> mlp intro remix
[20:06:55] <LazyPony> Husarz44:  czyli jestes ksiazniczka? :D koleja n a kanaleXd
[20:07:03] <Husarz44> z tym do betona
[20:07:07] <NeroDMC> https://www.youtube.com/watch?v=IPMxMR1vAVE
[20:07:17] <Husarz44> LazyPony: nie widziałeś naszego rpga
[20:07:20] <Eivel> Husarz44: I am a princess. Are you a princess too?
[20:07:27] <Eivel> <głos Eiliemonty>
[20:07:33] <Husarz44> Eivel: no, fuc* you
[20:07:43] <Eivel> Husarz44: nie klnij :p
[20:07:46] * McKey slaps Husarz44 with a morbid monitor
[20:07:52] <Delta3120> już koniec konkursu?
[20:07:53] * Husarz44 slaps McKey around a bit with a large fishbot
[20:07:53] <Eivel> exactly
[20:07:55] <Eivel> nie
[20:07:57] <Eivel> Delta3120: przerwa
[20:07:59] *** Eivel was kicked by chrysalis.canternet.org (Channel flood triggered (limit is 4 lines in 6 secs))
[20:08:07] <Husarz44> z/w
[20:08:10] <McKey> następny :facepalm:
[20:08:16] *** Joins: Eivel (Eivel@Keep.Calm.and.Pony.On)
[20:08:32] <Eivel> ;_;
[20:08:34] <Delta3120> spk
[20:08:36] *** Joins: PrincessLazy (PrincessLaz@Pony-itkfl0.adsl.tpnet.pl)
[20:08:44] <PrincessLazy> ktos pikal? internet pada
[20:08:55] *** Eivel is now known as PrincessEivel
[20:09:03] <PrincessLazy> o nie xD
[20:09:06] <PrincessLazy> gender!
[20:09:08] <FireSky> D: 
[20:09:13] <Husarz44> jj
[20:09:21] <FireSky> rozumiem że punkty przy zmainie nicku się kasują ? xD
[20:09:23] <PrincessEivel> i am fabuloud
[20:09:23] <PrincessEivel> s
[20:09:32] <PrincessEivel> ups
[20:09:42] <PrincessEivel> to nie, weźcie sobie to całę księżniczkowanie
[20:09:42] <McKey> FireSky>> z jakiej racji?
[20:09:45] <Husarz44> Obalić monarchie!!!
[20:09:48] <PrincessLazy> predzej blueblood
[20:10:09] <PrincessLazy> xD bo internet
[20:10:38] <PrincessLazy> kto pikal? :p
[20:10:52] <Husarz44> coś z dj
[20:11:08] <BlackBird> dj just like me
[20:11:11] <Delta3120> Darude Sandstorm
[20:11:13] <NeroDMC> xd
[20:11:13] <Husarz44> dj just like me
[20:11:14] <PrincessLazy> xD
[20:11:19] <NeroDMC> dj just like me
[20:11:23] <PrincessLazy> umc umc umc umc umc
[20:11:28] <FireSky> --------
[20:11:35] <Husarz44> awkardmalina
[20:11:36] <PrincessLazy> zgadlam? xD
[20:11:50] <PrincessLazy> Husarz44:  malina, jo?
[20:11:53] <PrincessEivel> Na Everfree mnie już pikają za to księżniczkowanie
[20:12:06] <PrincessEivel> rola princessy taka ciężka, poddani dobijają się drzwiami i oknami
[20:12:08] <FireSky> po 1 pkt za tytół 
[20:12:10] <McKey> xDD
[20:12:13] <Husarz44> i tak nie zdążyłęm :?
[20:12:14] <NeroDMC> 1
[20:12:18] <FireSky> 1 
[20:12:18] <Husarz44> :/
[20:12:32] * PrincessEivel Eivel
[20:12:36] <PrincessLazy> jakto? PrincessEivel  d:
[20:12:36] <PrincessEivel> hm
[20:12:38] <PrincessEivel> nie to
[20:12:42] *** PrincessEivel is now known as Eivel
[20:12:45] <NeroDMC> poddani niszcza drzwi i okna
[20:13:01] * Husarz44 rzuca pochodnią w PrincessLazy
[20:13:11] <PrincessLazy> dlaczego? DDDDD:
[20:13:22] <Husarz44> obalić monarchie
[20:13:25] <NeroDMC> xd
[20:13:36] <PrincessLazy> Husarz44 mnie nie kocha D:
[20:13:53] <Delta3120> Applejack theme
[20:13:53] <Husarz44> znam...
[20:14:05] <NeroDMC> giggle of the gostly
[20:14:11] <Delta3120> pinkie pie swear
[20:14:13] <PrincessLazy> pytanie topic na dzis, co wy na to: CZEMU WSZYSCY NIENAWIDZA CELESTIE?
[20:14:25] <Husarz44> pinke swear
[20:14:27] <FireSky> Delta 1 pkt
[20:14:28] <Delta3120> Flutterwonder?
[20:14:31] <Eivel> PrincessLazy: kto nienawidzi? :P
[20:14:34] <NeroDMC> pinkie pie swear fultterwonder
[20:14:41] <FireSky> nie 
[20:14:41] <Husarz44> flutterwonder
[20:14:49] <PrincessLazy> Eivel: lunary
[20:14:55] <FireSky> PinkiePieSwear - Giggle at the Ghostly (Simple Joy Mix)-------
[20:15:15] <Husarz44> dostane punkta? :P
[20:15:17] <FireSky> Delta numerek ? 
[20:15:26] <FireSky> tak
[20:15:28] * Husarz44 żebrze
[20:15:30] <Husarz44> yay :P
[20:15:38] <Delta3120> 31
[20:15:38] <Eivel> PrincessLazy: bo Luna ma ładniejszy kolor i nie była prana w Perwolu
[20:15:39] <NeroDMC> [20:14] <NeroDMC> giggle of the gostly czytaj fire
[20:15:52] <PrincessLazy> a charakter?
[20:16:04] <PrincessLazy> Eivel: 
[20:16:09] <Eivel> PrincessLazy: ciężko po serialu stwierdzić. W ficach wolę jak jest kreowana Luna
[20:16:12] <FireSky> sory 31 już była
[20:16:22] <PrincessLazy> dlaczego?
[20:16:38] <Delta3120> 37
[20:16:53] <FireSky> było może być 29 ?
[20:17:00] <FireSky> 28
[20:17:00] <Eivel> PrincessLazy: Bardziej naturalna. Dzięki temu, że obowiązki lecą na Celestię, to Luna wydaje się bliższa kucykom, mniej władcza
[20:17:07] <Delta3120> może byc
[20:17:50] <PrincessLazy> ale wiekszosc ff jakie czytalam kreuje lune wlasnie na wladczynie, ktora chce odbic tron bo celestia jest zzuuuuaaa
[20:17:54] <McKey> Titanium Parody
[20:18:04] <McKey> I am octavia :P
[20:18:05] <Delta3120> Smile Remix TLT
[20:18:22] <Husarz44> :/
[20:18:28] <Eivel> PrincessLazy: to czytasz złe fici xD
[20:18:30] <Delta3120> spk
[20:18:37] <PrincessLazy> w ogole jakos tak kreuja celestie na wyrachowana....
[20:18:48] <McKey> FireSky>> moze mysql> drop *;
[20:18:49] <McKey> :P
[20:18:56] <PrincessLazy> Eivel: nie kwestionuj mojego gustu muzycznego xD
[20:18:58] <Husarz44> ech
[20:19:02] <PrincessLazy> literackiego
[20:19:03] <FireSky> znów nie ta -.-
[20:19:05] <PrincessLazy> nie wazne xD
[20:19:13] <Husarz44> reemix thriller :/
[20:19:16] <ElectricPsoras> PrincessLazy: nikt ci nie zabrania mieć własnego headcanonu, a jeśli *ty* zabierzesz się za popełnianie fanfików, to możesz go nawet rozpowszechnić :D
[20:19:17] <Delta3120> Omnipony the Changeling
[20:19:17] <McKey> FireSky>> gratki
[20:19:18] <Husarz44> strzelam
[20:19:27] <Husarz44> omnipony changeling :P
[20:19:33] <FireSky> nie
[20:19:38] <Husarz44> hmm
[20:19:39] <Delta3120> żartowałem :D
[20:19:46] <NeroDMC> archie
[20:19:48] <PrincessLazy> popełnianie ff? xD 
[20:19:52] <FireSky> nie
[20:19:59] <Delta3120> Skrillex :D
[20:19:59] <NeroDMC> aftermatch
[20:20:06] <Husarz44> aftermatch
[20:20:14] <FireSky> ------Die Smiling - Asylum (Remix)
[20:20:17] <Husarz44> a dobra jak nie wiem to aviators :P
[20:20:24] <PrincessLazy> DASZ rade internecie nie zacinaj sie!!
[20:20:43] <McKey> PrincessLazy>> nope
[20:20:55] <Husarz44> przydałby się drugi monitor :/
[20:21:04] <ElectricPsoras> PrincessLazy: na wrocławski spróbuję wymyślić na panel jakieś porady dla początkujących pisarzy (z grubsza: trzymać się z dala od humanów, shippingów i unikać wszystkiego co oklepane) :]
[20:21:20] <McKey> Kcirtap28 - MLP:FiM Season 1-3 Medley 
[20:21:43] <McKey> E....
[20:21:43] <Husarz44> Kcirtap28 - MLP:FiM Season 1-3 Medley
[20:21:49] <Husarz44> aha
[20:21:49] <NeroDMC> MLP:FIM Seson 1-3 medely
[20:21:53] <NeroDMC> kciripat28
[20:21:54] <Eivel> hę
[20:21:56] <McKey> Bronies the chronicals intro
[20:21:57] <PrincessLazy> ElectricPsoras:  to co to bedzie? panel z clopami? xD
[20:22:02] * McKey facepalm
[20:22:03] <FireSky> to nie 1-3
[20:22:09] <McKey> FireSky>> to nie mix
[20:22:12] <McKey> foogz
[20:22:14] <Eivel> bronymedley
[20:22:18] <Delta3120> Mlp medley
[20:22:21] <Husarz44> My Little Metal Medley
[20:22:24] <ElectricPsoras> PrincessLazy: jeszcze kurde czego :P
[20:22:24] <NeroDMC> MLP:FIM Seson 1-4 medley
[20:22:25] <PrincessLazy> ile lat miala najmniejsza osoba na konwencie?
[20:22:30] <McKey> PrincessLazy>> 5
[20:22:32] <Delta3120> Saberspark
[20:22:33] <McKey> albo 7 :P
[20:22:42] <FireSky> MakeItSpecial(Foozogz)
[20:22:45] <PrincessLazy> taaaak? xD jaka reakcja rodzicow?
[20:22:50] <Delta3120> mlp season 1-2 medley
[20:22:59] <NeroDMC> seson 1-2 medley
[20:23:04] <McKey> FireSky>> googluj "bronies the chronicals intro
[20:23:06] <McKey> "
[20:23:18] <McKey> PrincessLazy>> nie pytałem
[20:23:22] <PrincessLazy> mke it special
[20:23:30] <McKey> PrincessLazy>> musiałem wygonić z panelu +18 :P
[20:23:33] <PrincessLazy> xD a wasze reakcje?
[20:23:39] <McKey> PrincessLazy>> nie pytaj...
[20:23:45] <ElectricPsoras> ja nie zareagowałem :>
[20:23:46] <Delta3120> mlp friendship is magic medley
[20:23:52] <PrincessLazy> mow mow, opowiedz cala historie xD
[20:23:52] <McKey> bo "cisza na sali" to za mało jak na, wpadła ona
[20:23:58] <McKey> FireSky>> 
[20:23:59] <McKey> FireSky>> 
[20:23:59] <McKey> FireSky>> 
[20:24:00] <McKey> FireSky>> 
[20:24:01] <McKey> FireSky>> 
[20:24:01] <McKey> FireSky>> 
[20:24:01] <McKey> FireSky>> 
[20:24:03] <Delta3120> friendship happy?
[20:24:03] <McKey> FireSky>> 
[20:24:07] <McKey> FireSky>> 
[20:24:09] <Eivel> McKey: wtf?
[20:24:09] <McKey> FireSky>> 
[20:24:11] <McKey> FireSky>> 
[20:24:12] <Husarz44> yay
[20:24:14] <McKey> kur....
[20:24:15] <Husarz44> zaraz
[20:24:17] <Husarz44> 18?
[20:24:21] <PrincessLazy> FireSky: ścisz
[20:24:32] <Husarz44> rainbow factory
[20:24:38] <Husarz44> glaze
[20:24:51] <McKey> Forest Rain
[20:24:54] <Husarz44> forest rain
[20:24:58] <NeroDMC> nie znam tej piosenki
[20:24:58] <McKey> Great to be diffrente
[20:25:02] <PrincessLazy> forest rain
[20:25:02] <Delta3120> black gryph0n
[20:25:04] <Husarz44> great to be diffrent
[20:25:05] <Eivel> great to be fdifferent
[20:25:08] <NeroDMC> great to be diffirent
[20:25:12] <FireSky> ----------
[20:25:14] <Delta3120> baasik
[20:25:19] <PrincessLazy> great to be different
[20:25:26] <McKey> FireSky>> ogarniaj czat...
[20:25:27] <PrincessLazy> eh, po kresce
[20:25:43] <McKey> bo nie wiesz chyba co puszczasz i co mówisz
[20:25:52] <NeroDMC> 2
[20:25:54] <FireSky> co ? 
[20:26:11] <ElectricPsoras> PrincessLazy: ja będę miał panela o fanfikach przede wszystkim z ludźmi w Equestrii, bo takie głównie piszę :P
[20:26:12] <NeroDMC> 23 minuta Ukraina 0-0 Litwa
[20:26:14] <PrincessLazy> McKey:  no to opowiedz cala histrie xD po pierwsze to chlopiec czy dziewczynka? po drugie jakie przygody mial ?
[20:26:14] <ElectricPsoras> nazwa: "Ludzie w Equestrii, czyli jak nie pisać fanfików" :P
[20:26:33] <McKey> PrincessLazy>> dziewczyna i nie teraz
[20:26:38] <PrincessLazy> oj tam xd
[20:26:38] <McKey> opierdzielam FireSky :P 
[20:26:42] <McKey> FireSky>> http://i.imgur.com/PHq5dmx.png
[20:26:48] <PrincessLazy> Ciapaty:  potrzebuje kebaba
[20:26:52] <Ciapaty> nie ma
[20:26:55] <Ciapaty> i nie będzie
[20:26:56] <NeroDMC> kebaby to zło w złu
[20:27:03] <Ciapaty> to masz problem NeroDMC 
[20:27:06] *** McKey sets mode: +g *
[20:27:07] <FireSky> Wszystko jest dobrze :p
[20:27:25] <McKey> chyba nie
[20:27:28] <FireSky> numerek ? 
[20:27:41] <McKey> bo mówisz cytuję" jest to zlepek piosenek" i puszczasz coś innego
[20:27:44] *** McKey sets mode: -g *
[20:27:47] <Eivel> ElectricPsoras: w polskich ficach HiE też jest popularny?
[20:27:48] <NeroDMC> 2
[20:27:51] <Husarz44> a
[20:27:52] <FireSky> 2
[20:27:55] <Husarz44> hmm
[20:27:56] <Delta3120> sześćdziesiąt9
[20:28:04] <Husarz44> [20:27] <Husarz44> he? [20:27] == Cannot send to channel (your message contained a censored word): #radioyay
[20:28:04] <ElectricPsoras> Eivel: jak cholera
[20:28:13] <McKey> Husarz44>> +g
[20:28:26] <PrincessLazy> Eivel:  jak myslisz, wszystkie ksiazki fantasy skupiaja sie na rozwoju postaci?
[20:28:52] <ElectricPsoras> ale do tego bym nic nie miał, gdyby nie to, że często się powtarza jeden niesamowicie oklepany schemat :>
[20:28:53] <Eivel> PrincessLazy: zależy
[20:29:04] <Eivel> ElectricPsoras: Czyli? :P
[20:29:13] <PrincessLazy> Eivel:  czyli?
[20:29:14] <PrincessLazy> xD
[20:29:22] <McKey> Piosęka remix
[20:29:23] <ElectricPsoras> "brony, którego świat nienawidzi, trafia do raju, czyli Equestrii" :>
[20:29:24] <McKey> wygrałem
[20:29:37] <NeroDMC> Super duper party remi
[20:29:40] <BlackBird> super duper party pony
[20:29:43] <Eivel> ElectricPsoras: omg, spodziewałem się takiej odpowiedzi
[20:29:44] <Husarz44> superduperparty remix
[20:29:44] <FireSky> ----------
[20:29:47] <FireSky> ------
[20:29:48] <Delta3120> Super duper party remix
[20:29:55] <NeroDMC> 10
[20:30:01] <PrincessLazy> xD toszto oklepany pmotyw
[20:30:11] <ElectricPsoras> jak cholera
[20:30:21] <Husarz44> a jaki nie jest? :P
[20:30:34] <PrincessLazy> hm... clop rainbow x kran?
[20:30:44] <FireSky> numerki 1-9 husarz,Nero i BlackBird
[20:30:48] <NeroDMC> 8
[20:30:49] <Husarz44> w hie prawie nie da się nic oryginalnego napisać :P
[20:30:50] <PrincessLazy> dosyc em, unikatowe? xD
[20:30:51] <Husarz44> 4
[20:31:05] <ElectricPsoras> Husarz44: na przykład jednopoziomowe skrzyżowanie dwóch tuneli metra jako miejsce mocy, gdzie można podładować magię :>
[20:31:09] <FireSky> 8-4=4 
[20:31:21] <Husarz44> mindfuc*
[20:31:34] <McKey> Husarz44>> nie prowokuj Psorasa :P
[20:31:36] <PrincessLazy> Eivel: potrzebuje wciagajace ksiazki na czas choroby... polecasz cos?
[20:31:43] <ElectricPsoras> i nie zgodzę się, da się napisać coś niestandardowego, tylko trzeba się nakombinować
[20:31:45] <Husarz44> już wole toalete jako miejsce mocy
[20:31:48] <McKey> on ci wymyśli coś z d00py opisze i ci się spodoba
[20:32:02] <Eivel> PrincessLazy: Co do rozwoju postaci, to np. w Panie Lodowego Ogrodu uważam, że Grzędowicz niesamowicie słabo to zrobił. Ale kosztem opisu świata, który jest niezły
[20:32:32] <PrincessLazy> in our way
[20:32:37] <NeroDMC> in our way
[20:32:37] <Husarz44> in our way remix
[20:32:46] <Eivel> in our way firestone remix
[20:32:47] <Delta3120> in our way
[20:32:52] <Eivel> hm
[20:32:55] <Eivel> to nei remix, prawda?
[20:32:56] <NeroDMC> oliver
[20:32:59] <FireSky> ------- uznam ale to on our way :p
[20:33:01] <ElectricPsoras> Husarz44: tak z ciekawości, nick historyczny, czy też od lokomotywy EU44 "Husarz"? :]
[20:33:11] <Delta3120> Becoming popular
[20:33:14] <Husarz44> historyczny :P
[20:33:27] <PrincessLazy> Eivel:  chodzi mi bardziej o fabule: bohater wyrusza na przygode i dowartosciowuje sie, staje sie potezniejszy czy inne takie ulepszenia, powiedzialoby sie lvl up
[20:33:28] <Husarz44> acz lokomotywe znam, przeglądało się internety
[20:33:28] <NeroDMC> 109
[20:33:45] <FireSky> Lazy Numerek ? 
[20:34:07] <PrincessLazy> 25?
[20:34:09] <Eivel> PrincessLazy: Też nie zawsze. W jeźdźcach z Pern nie masz w ogóle levelowania.
[20:34:21] <FireSky> ok
[20:34:33] <PrincessLazy> Eivel:  a byl kiedys motyw lvl down?
[20:34:33] <NeroDMC> Lazy akurat ten numerek to za tyle minut koniec audycji xd
[20:34:48] <ElectricPsoras> we Wiedźminie główny bohater jeśli chodzi o levelowanie to w zasadzie ciągle jest na tym samym poziomie
[20:34:51] <PrincessLazy> xD genius NeroDMC  
[20:34:57] <McKey> TLT
[20:35:01] <McKey> Aviators
[20:35:04] <McKey> Avici
[20:35:09] <Eivel> PrincessLazy: dość często
[20:35:11] <Delta3120> Archie
[20:35:20] <Husarz44> aviators open your eyes
[20:35:23] <McKey> Archie open your yeys
[20:35:24] <FireSky> -------
[20:35:27] <NeroDMC> Aviators open your eyes
[20:35:32] <Delta3120> archie open your eyes
[20:35:33] <PrincessLazy> w sensie np; koles mial wszystko teraz nie m nic i ksiazka to opisuje? Eivel 
[20:35:39] <FireSky> Husarz numerek ? 
[20:35:42] <PrincessLazy> open your eyes aviators
[20:35:47] <Husarz44> a niech będzie 112
[20:35:50] <PrincessLazy> ehh xD
[20:36:34] <Delta3120> do kiedy to będzie trwać?
[20:36:40] <Eivel> PrincessLazy: Czytałem kilka takich motywów. Dość częsty zabieg w Dark Fantasy. Bohater startuje jako badass a potem odnosi poważną ranę i wszystko dla niego staje się trudniejsze.
[20:36:44] <NeroDMC> do 21.00 trwa audycja
[20:36:49] <Husarz44> hmm
[20:37:04] <Delta3120> thx
[20:37:15] <PrincessLazy> Eivel:  a myslalam ze mam oryginalny pomysl xD
[20:37:15] <McKey> Kucyk
[20:37:25] <ElectricPsoras> PrincessLazy: http://nonsensopedia.wikia.com/wiki/Poradnik:Jak_napisa%C4%87_fantastyczn%C4%85_ksi%C4%85%C5%BCk%C4%99_fantasy tu masz z grubsza to co najbardziej oklepane w fantasy :>
[20:37:37] <Delta3120> tombstone
[20:37:39] <Husarz44> hmm kojarze
[20:38:05] <NeroDMC> nie znam
[20:38:06] <ElectricPsoras> btw jeden z moich ulubionych artykułów na Nonsensopedii
[20:38:09] <Eivel> PrincessLazy: podsyłałem ci kiedyś TV Tropes. Nie będziesz miała oryginalnego pomysłu. Nie masz co na siłę próbować. Grunt to dobrze poprowadzić fabułę
[20:38:10] <Husarz44> glaze
[20:38:12] <FireSky> --------More Than a Chicken
[20:38:27] <Delta3120> póść też może jakieś Dubstepy :D
[20:38:34] <FireSky> ok 
[20:38:40] <Delta3120> thx
[20:38:40] <NeroDMC> brak cos polskich piosenek xd
[20:38:51] <Delta3120> a podaj choć jedną nero
[20:39:01] <NeroDMC> Najszybszy kuc w miescie
[20:39:05] <Eivel> NeroDMC: cieszy mnie to niezmiernie :P Chyba że Nicolas
[20:39:05] <PrincessLazy> Eivel:  moglbys dawac wyklady Paoliniemu xD
[20:39:08] <Delta3120> nie znam
[20:39:16] <McKey> Dzyogas - portal
[20:39:18] <NeroDMC> to posłuchaj
[20:39:31] <McKey> Dzyogas - Flutterbat
[20:39:48] <NeroDMC> z dzyogas znam tylko portal
[20:39:56] <Eivel> PrincessLazy: Każdy mógłby dawać wykłądy Paoliniemu :P
[20:40:03] *** Quits: awifka (~awifka@Pony-kbvkru.dynamic.mm.pl) (Quit: Page closed)
[20:40:06] <Delta3120> wooden toaster  to jest chyba
[20:40:11] <NeroDMC> ja znam tylko 4 piosenki polskie fandomowe
[20:40:17] <Husarz44> ja żadnej
[20:40:19] <Eivel> PrincessLazy: Lekcja 1: Jak nachapiesz się kasą ,to nie rób na odwal się ostatniej części tetralogii
[20:40:24] <PrincessLazy> a przynajmniej od 3 czesci xd
[20:40:48] <Husarz44> tombstone
[20:40:49] <McKey> Wooden
[20:40:50] <Eivel> tlt
[20:40:51] <Husarz44> goodoldays
[20:40:53] <NeroDMC> Good ol days
[20:40:54] <NeroDMC> tlt
[20:40:55] <PrincessLazy> good al days
[20:40:56] <NeroDMC> ft mic the mi
[20:40:58] <FireSky> --------
[20:40:58] <PrincessLazy> tombstone
[20:41:01] <BlackBird> good ol' days
[20:41:01] <FireSky> ----
[20:41:06] <NeroDMC> 180
[20:41:12] <Delta3120> nie znam tego
[20:41:27] <Husarz44> jedna z ulubionych piosenek :P
[20:41:33] <McKey> A TAKI WUJ MasterPI55 - Good all day
[20:41:51] <PrincessLazy> Eivel: Lekcja 2. Nie rób z głownego bohatera 4ever alone samotnego na wyspie tylko ze smoczymi jajami.
[20:41:52] <FireSky> 180 
[20:42:04] <PrincessLazy> aha i jak cos: SPOILERS
[20:42:05] <Eivel> PrincessLazy: to wcale nie brzmi dwuznacznie...
[20:42:17] <ElectricPsoras> Galbatorix ma dwa jaja :P
[20:42:17] <PrincessLazy> ściii
[20:42:32] <PrincessLazy> ktos tu nie doczytal :p
[20:42:44] <McKey> Eivel>> OneTrick <3
[20:42:51] <McKey> zobacz ctcp version
[20:43:10] <Delta3120> już wiem do czego zrobie następne Piano Transcription
[20:43:16] <Delta3120> xD
[20:43:19] <PrincessLazy> Eivel:  ty skojarzencu! :p
[20:43:25] <Husarz44> wow :P
[20:43:52] <Eivel> PrincessLazy: nie moja wina :P
[20:43:55] *** McKey sets mode: +g *rc88*
[20:43:56] <Husarz44> hmm
[20:43:59] <Delta3120> 8 bit
[20:44:04] <Eivel> rainbowcrash88
[20:44:08] <McKey> kurde xD
[20:44:11] <NeroDMC> 8bit rainbowcrash88
[20:44:11] <FireSky> Eivel 1 pkt
[20:44:14] <Husarz44> rainbowcrash88
[20:44:15] <PrincessLazy> twoja i twojego zgimbusiałego mózgu! xD
[20:44:19] <Husarz44> 8bit
[20:44:25] <Delta3120> ejjjj...
[20:44:28] *** Joins: Poniaczowy (Poniaczowy@Pony-43cmbg.adsl.tpnet.pl)
[20:44:31] <FireSky> --------Twilight Sparkle- - Original Chiptune MLP theme
[20:44:33] <Delta3120> xD
[20:44:38] <Husarz44> aha :P
[20:44:49] *** McKey sets mode: -g *rc88*
[20:44:55] * Eivel sniffs
[20:45:00] <NeroDMC> mckey czemu zablokowałes "rc88"?
[20:45:05] <FireSky> Eivel numerek ? 
[20:45:06] <Poniaczowy> Witom :)
[20:45:11] <Eivel> 44
[20:45:12] <Eivel> nie
[20:45:12] <Eivel> 42
[20:45:14] <McKey> bo trzeba MYŚLEĆ
[20:45:30] <NeroDMC> a jak ktos nie potrafi szybko pisać?
[20:45:39] <McKey> to ma problem
[20:45:53] <Eivel> McKey: nie bądź chamem
[20:45:58] <McKey> bede
[20:46:00] <PrincessLazy> o McKey badass
[20:46:11] <McKey> bede
[20:46:15] <Husarz44> hmm
[20:46:18] <Delta3120> tiwtch
[20:46:22] <Husarz44> twitch
[20:46:24] <NeroDMC> twitch
[20:46:25] <Eivel> McKey: głodny nie jesteś sobą
[20:46:29] * Eivel podaje snickersa McKeyowi
[20:46:30] <McKey> nie mam
[20:46:36] <FireSky> nie
[20:46:38] <McKey> PrincessLazy>> zabrała
[20:46:48] <McKey> FireSky>> PW
[20:46:53] <FireSky> Dancing With The Sun UndreamedPanic--------
[20:46:54] <PrincessLazy> ja? co ja?
[20:47:04] <McKey> snikersa wcinasz
[20:47:08] <Husarz44> numery w pobliżu 44 są trudne
[20:47:13] <Husarz44> wiem z doświadczenia :P
[20:47:13] <PrincessLazy> jak to? xD 
[20:47:15] <McKey> proponuje 200
[20:47:43] <PrincessLazy> SHIP na dzis: Husarz44 x Eivel 
[20:47:53] <Delta3120> xD
[20:47:54] <PrincessLazy> co wy na to?
[20:48:02] <Husarz44> jak tydzien temu :/
[20:48:08] <McKey> Aviators - yours mom ever win
[20:48:13] <McKey> ha GEJ
[20:48:20] <NeroDMC> tlt
[20:48:24] <FireSky> nie
[20:48:27] <Delta3120> Black Gryph0n
[20:48:29] <Husarz44> wiem
[20:48:29] <Eivel> Husarz44: tydzień temu był ship tyXLazy :p
[20:48:30] <FireSky> nie
[20:48:32] <McKey> Wooden Toster Derpy muffin
[20:48:33] <Delta3120> i baasik
[20:48:36] <NeroDMC> wooden toaster
[20:48:37] <Husarz44> mum tego no buttona
[20:48:40] <Husarz44> buttons mum
[20:48:47] <Husarz44> czy coś takiego :P
[20:48:49] <PrincessLazy> Husarz44 and Eivel  ballad of love
[20:48:54] <NeroDMC> xd
[20:48:54] <Delta3120> xD
[20:48:58] <Eivel> lol
[20:48:58] * McKey trololololololo (zaczyna lecieć w tle)
[20:49:00] <Husarz44> lol
[20:49:03] <FireSky> -------dBPony-Miles
[20:49:05] <Delta3120> nannananananann
[20:49:05] <Eivel> PrincessLazy: chyba to nie ta piosenka
[20:49:18] <PrincessLazy> Eivel:  o prawda ja nawet nie pamietam tego shipu xD
[20:49:30] <NeroDMC> 10 minut jeszcze
[20:49:38] <PrincessLazy> Eivel: na pewno? xD
[20:49:39] <McKey> Forest Rain - hay mss derpi
[20:49:43] <McKey> AccusticMandoBrony-Loyality
[20:49:44] <McKey> Twilight Sparkle - DonTheVore
[20:49:45] <McKey> YourEnigma feat. Rhyme Flow - On Hold
[20:49:46] <McKey> Kcirtap28 - MLP:FiM Season 1-3 Medley AccusticMandoBrony-Loyality
[20:49:48] <McKey> Not A Clever Pony - All-Powerful Trixie (FanMusic)
[20:49:50] <PrincessLazy> byllo xD
[20:50:09] * Eivel grzeje klawiaturę
[20:50:14] <PrincessLazy> Xd
[20:50:16] <McKey> Eivel>> topi się
[20:50:16] *** Quits: Pony_rejzo (Pony_rejzo@Pony-2f1ubu.adsl.inetia.pl) (Quit: Page closed)
[20:50:20] <McKey> AccusticMandoBrony-Loyality
[20:50:23] <McKey> TLT
[20:50:24] <NeroDMC> bylo
[20:50:25] <McKey> discord
[20:50:28] <Eivel> discort
[20:50:28] <Eivel> tlt
[20:50:29] <PrincessLazy> discord
[20:50:30] <NeroDMC> Discord tlt
[20:50:30] <Husarz44> discord tombstone remix
[20:50:31] <DenawizoVinylRein> XD
[20:50:32] <PrincessLazy> tombstone
[20:50:36] <Delta3120> discord tlt
[20:50:44] <FireSky> nie xD
[20:50:44] <McKey> polish fandub
[20:50:46] <Eivel> discord rarity coś tam
[20:50:48] <Eivel> jak ona ma
[20:50:50] <Husarz44> polish cover rejmia
[20:50:51] <McKey> nope
[20:50:54] <FireSky> -=------
[20:50:54] <Delta3120> discord msrarity6
[20:50:55] <PrincessLazy> niepelnosprytna?
[20:51:00] <FireSky> Husarz pierwszy ;)
[20:51:04] <PrincessLazy> D:
[20:51:09] <Husarz44> mam na swej playliście :P
[20:51:10] <Andragor> Omg ta chwila ciszy, gdy rejmania zaczęła śpiewać xDD
[20:51:28] <Poniaczowy> xD
[20:51:29] <FireSky> numerek ? :3 
[20:51:29] <PrincessLazy> o to sorry ship NeroDMC x Husarz44  bo w notowaniach najwyzej 
[20:51:33] <Husarz44> 27
[20:51:40] <NeroDMC> Nienawidze kto napisze 1 ten ma punkty bo wtedy nie mam praktycznie punktów
[20:51:40] <Husarz44> +19
[20:51:47] <FireSky> 27 już mam ;P
[20:51:52] <Husarz44> ech :P
[20:52:08] <Eivel> NeroDMC: i tak jesteś pierwszy?
[20:52:09] <Husarz44> i tak by wyszło 46 :P
[20:52:09] <Eivel> :p
[20:52:18] <BlackBird> udało mi sie obronić ostatnie miejsce, musze niestety wyjść zanim audycja sie skończy, dobranoc /)
[20:52:20] <DenawizoVinylRein> d{>.<}b
[20:52:23] <PrincessLazy> powtorze: w naszym fandomie nie ma zbyt dobrych artystow muzycznych.
[20:52:36] <Husarz44> :P
[20:52:45] <Andragor> Poniaczowy: Kiedyś ty tu wbił? Nie zauważyłem :o
[20:52:53] <Delta3120> Dubstep
[20:52:55] <McKey> Anthropo0logy
[20:53:00] <Eivel> anthropology
[20:53:01] <NeroDMC> Anthopology
[20:53:01] <PrincessLazy> awkardmarina
[20:53:03] <Husarz44> antropology remix 
[20:53:06] <Delta3120> anthropolgy
[20:53:06] <Husarz44> awkarmalina
[20:53:07] <PrincessLazy> antorpology
[20:53:08] <Delta3120> lyra
[20:53:11] <NeroDMC> lyta
[20:53:13] <Poniaczowy> Andragor ok 10 min temu ;)
[20:53:15] <McKey> i tak ja zbiueram :v
[20:53:16] <FireSky> ---------
[20:53:16] <Eivel> rainbow dash
[20:53:17] <DenawizoVinylRein> Antropology?
[20:53:21] <Husarz44> było w zeszłym tygodniu też zgadłęm :P
[20:53:26] <Husarz44> jedyny remix
[20:53:29] <Husarz44> chyba
[20:53:38] <Delta3120> i jak wy kur*a piszecie piosenke przed puszczeniem?
[20:53:44] *** Delta3120 was kicked by McKey (słowa)
[20:53:56] <Eivel> o, co to za remix?
[20:54:03] <Eivel> kto w końcu prawidłowo podał?
[20:54:04] <Husarz44> awkardmaliny :P
[20:54:10] <Eivel> fav + playlist
[20:54:14] *** Joins: Delta3120 (Delta3120@Pony-7unsia.static.kolnet.eu)
[20:54:20] <Husarz44> bo saksofon
[20:54:20] <PrincessLazy> masz opoznienie najwyrazniej Delta3120 
[20:54:32] *** Quits: DenawizoVinylRein (DenawizoVin@Pony-akstpr.adsl.tpnet.pl) (Quit: Page closed)
[20:54:58] <Delta3120> lol
[20:55:17] <Husarz44> rainbow factory woodentoaster
[20:55:26] <Husarz44> :P
[20:55:34] <Eivel> ciągle na podium
[20:55:36] <McKey> FireSky>> odejmij 5 pkt za słowa od Delta3120 
[20:55:36] <Eivel> taka sława
[20:55:46] <PrincessLazy> a gdzies w roznoleglym swiecie to KUCYKI ogladaja show o nazwie MY LITTLE HUMAN friendship is magic
[20:55:47] <Ciapaty> nudno jak cholera
[20:55:48] <Husarz44> that fame
[20:55:55] <Delta3120> była cenzura?
[20:56:00] <McKey> nie ma 22
[20:56:17] <Husarz44> join the herd
[20:56:17] <Eivel> join the herd
[20:56:20] <NeroDMC> Forest rain join the herd
[20:56:22] <PrincessLazy> join the herd ... yyyy..
[20:56:22] <Delta3120> You're goanna go far kid
[20:56:23] <Eivel> forest rain
[20:56:24] <FireSky> --------
[20:56:28] <Husarz44> forest rain rock ver
[20:56:28] <FireSky> NEro 2 pkt
[20:56:32] <NeroDMC> yeah
[20:56:43] <Husarz44> ;_; :P
[20:57:03] <Husarz44> pierwszy tytuł dałem xD
[20:57:10] <NeroDMC> ale autora nie miałes
[20:57:28] <Husarz44> spóźniłęm się :P
[20:58:01] <PrincessLazy> *Ma nauczyciela, który ma na imię Brom, Azot albo inny pierwiastek- to wam sie udalo xD
[20:58:04] * Eivel głaszcze w kącie swoje 25 punktów, nigdy tyle nie zdobył
[20:58:23] <PrincessLazy> xD nazwij go puszek Eivel 
[20:58:28] <Eivel> :D
[20:58:35] *** McKey sets mode: +v NeroDMC
[20:58:40] <Husarz44> ;_;
[20:58:45] <McKey> wygrał
[20:58:46] <Eivel> gratulacje Eivel!
[20:58:47] <NeroDMC> epic win
[20:58:49] <Eivel> no i NeroDMC i Husarz44
[20:59:07] <Delta3120> nara
[20:59:08] <Husarz44> to co afterparty?
[20:59:12] <McKey> aye
[20:59:16] <NeroDMC> To ja spadam z czatu pa
[20:59:16] <McKey> jak zawsze
[20:59:18] <Husarz44> drop the bass
[20:59:21] *** Quits: Delta3120 (Delta3120@Pony-7unsia.static.kolnet.eu) (Quit: Page closed)
[20:59:28] <McKey> wszyscy siedzą cicho i pijemy :P
[20:59:42] <McKey> FireSky>> dostał linka?
[20:59:44] <Ciapaty> OP z Shingeki no Bahamut polecam obejrzec jesli ktos lubi rocka
[20:59:47] <McKey> FireSky>> i TS
[20:59:48] *** Quits: NeroDMC (~NeroDMC@Pony-r85.lun.175.46.IP) (Quit: Page closed)
[20:59:58] <Husarz44> radioyay piwomeet
[21:00:06] <PrincessLazy> Husarz44:  bardzo chetnie xD
[21:00:17] <Husarz44> :P
[21:00:21] <PrincessLazy> McKey:  kakałko oczywiscie? xD
[21:00:31] <McKey> Cydr bezalkocholowy
[21:00:39] <FireSky> JA lecę dziękuję wam do usłyszenia :3 
[21:00:44] <Eivel> FireSky: dzięki za audycję ;) narazie
[21:00:54] <PrincessLazy> apap
[21:00:58] <Husarz44> narka
[21:00:59] <PrincessLazy> :)
[21:01:03] *** Quits: FireSky (FireSky@Pony-itev1j.adsl.tpnet.pl) (Quit: Page closed)
[21:01:06] <Husarz44> wszyscy mówią beye
[21:01:10] <Husarz44> bye*
[21:01:12] <McKey> NOOO
[21:01:16] <Eivel> McKey: ty jesteś magiem. Magowie mają mało hp. Dostaniesz karotkę, bo alkohol by cię zabił :D
[21:01:16] <PrincessLazy> to za tydzien druzynowa?
[21:01:17] * Husarz44 slaps McKey around a bit with a large fishbot
[21:01:18] <McKey> zaszlachtuje...
[21:01:29] * McKey slaps Husarz44 with a serialized wizard of the coast
[21:01:29] * McKey slaps Husarz44 around with a korean, chaotic, evil, murderous a Kernelpanic
[21:01:30] * McKey slaps Husarz44 around with a precious a rubber dildo
[21:01:30] * McKey slaps Husarz44 around with a silver yoghurt
[21:01:36] * McKey create mattery ball
[21:01:38] <Husarz44> ObalonyLazy: nie
[21:01:44] * McKey shot it on Husarz44 
[21:01:54] * Husarz44 drop the pieseł into McKey
[21:01:55] <Eivel> ObalonyLazy?
[21:01:55] <McKey> /Husarz44 die
[21:01:58] <PrincessLazy> żadnych bójek, jam książniczka!
[21:02:00] *** Joins: Delta3120 (Delta3120@Pony-7unsia.static.kolnet.eu)
[21:02:15] <McKey> waaaaaaAAAaaat
[21:02:15] <Husarz44> królestwo skończyło się w 509 pne
[21:02:16] <PrincessLazy> Husarz44: obaloNA jestem dziewczyna ile razy powtarzac? ;p
[21:02:21] <McKey> na zgora siedzi ktoś
[21:02:31] <Husarz44> gender :P
[21:02:47] <Husarz44> literówka sry
[21:02:50] *** Quits: Delta3120 (Delta3120@Pony-7unsia.static.kolnet.eu) (Quit: Page closed)
[21:02:52] <PrincessLazy> phi jasne jasne
[21:03:02] <Husarz44> tylko połowa klawiatury :P
[21:03:12] <PrincessLazy> tak tak tak, no, mhm..
[21:03:37] <Eivel> audycja się skończyła
[21:03:42] <Eivel> co mam teraz zrobić ze swoim życiem
[21:03:47] <McKey> Eivel>> iść spać
[21:03:54] <McKey> a ja idę zassać ini z TS
[21:04:03] <Eivel> ini?
[21:04:15] <McKey> bo wow ktoś siedzi na kucykowym na kanle sic! zielona góra
[21:04:19] <McKey> odemtify
[21:04:22] <McKey> identify*
[21:04:57] <PrincessLazy> Eivel porozmawiajmy xD
[21:05:01] <Andragor> Przecież tan kanał jest zwykłe pusty :D
[21:05:06] <PrincessLazy> nie
[21:05:10] <PrincessLazy> :p
[21:05:10] <McKey> właśnie xD
[21:05:23] <PrincessLazy> chusteczkki!!!
[21:05:30] <Eivel> atakują?
[21:05:34] * Eivel kryje się
[21:05:43] <PrincessLazy> kasł kasł
[21:05:48] <PrincessLazy> nienawidze byc chora
[21:06:05] <Eivel> ja też 
[21:06:13] <Eivel> dlatego zamiast gumy do żucia żuję czosnek
[21:06:25] <Eivel> +10 do męskości, -10 do bycia lubianym w komunikacji miejskiej
[21:06:27] <PrincessLazy> chusteczki- w tych czasach twoj jedyny przyjaciel
[21:07:01] <PrincessLazy> Eivel:  XD masz juz meskosc +50 za brode 
[21:07:34] <Husarz44> Lazy: ale nie musisz iść do szkoły
[21:07:57] <Husarz44> ja tam mogę mieć 40C i się cieszyć
[21:08:00] <Eivel> a potem to cudowne nadrabianie zaległości
[21:08:01] <McKey> Andragor>> wbijaj
[21:08:08] <McKey> pośmiejemy się
[21:08:11] <Eivel> McKey: co się dzieje się
[21:08:17] <McKey> Eivel>> kucykowyteamspeak
[21:08:20] <Husarz44> Eivel: zrobić kilka prac domowych z poprzedniego dnia :P
[21:08:21] <McKey> kanał Zielona Góra
[21:08:33] <Husarz44> a ja wbije dla zlewy :P
[21:08:37] <Eivel> nah, jak wbiję na ts to zamilknę na ircu, ejstem za bardzo jednowątkowy
[21:08:39] <Andragor> Już wchodzę :D
[21:08:45] <McKey> xD
[21:09:32] <PrincessLazy> o nie D: 
[21:09:38] <PrincessLazy> zowu odsunieta od tematu
[21:09:51] <Eivel> wejdź w takim razien a teamspeaka :P
[21:09:57] <PrincessLazy> na lapku nie mm zainsalowanego ts
[21:10:13] <PrincessLazy> a laptop siostry i nic
[21:10:36] <PrincessLazy> ehh no nic ide jakis film obejrzec
[21:10:47] <PrincessLazy> jak cos pikac
[21:10:49] <Eivel> ok, narazie :p
[21:10:57] <Husarz44> czeźć
[21:11:07] <PrincessLazy> Eivel:  bo nie mam z kim gadac i tak :c
[21:11:10] <Husarz44> mckey czemu mnie lolem torturujesz :/
[21:11:55] <Poniaczowy> Co trzeba było zrobić by dołączyć do ts? Bo już nie pamiętam
[21:12:06] <McKey> pobrać ts :P
[21:12:11] <Husarz44> connections connect
[21:12:42] <PrincessLazy> ehh... milej zabawy, mozecie smialo obgadywac
[21:12:50] <McKey> PrincessLazy>> ciebie nie ma jak :P
[21:13:32] <Poniaczowy> MxKey TS :P to mam ale nie mogę dołaczyc 
[21:13:42] <Poniaczowy> McKey*
[21:13:44] <PrincessLazy> McKey:  jak to? xD
[21:13:53] <McKey> to poszukaj typa z "M"
[21:13:56] <McKey> i proś o range
[21:14:14] <PrincessLazy> zawsze jest sposob hahah
[21:14:29] <Poniaczowy> O właśnie, już pamiętam, dzięki ;)
[21:17:24] <PrincessLazy> pa
[21:17:29] *** Quits: PrincessLazy (PrincessLaz@Pony-itkfl0.adsl.tpnet.pl) (Quit: Page closed)
[21:21:06] *** Quits: Poniaczowy (Poniaczowy@Pony-43cmbg.adsl.tpnet.pl) (Quit: Page closed)
[21:34:24] <Ciapaty> Nie ma to jak martwienie się o moje wyniki w nauce xD
[21:34:42] <Ciapaty> A to dlatego że wkur** rodzicow ze nie odrabiam lekcji inne syfy
[21:35:13] <Ciapaty> Więc przez to nawiązuje się raz na tydzień taka konwersacja - Do kartkówki się ku***a ucz
[21:35:14] <Ciapaty> xd
[22:00:33] *** Quits: Andragor (Andrabot@Pony-16fg6i.adsl.inetia.pl) (Connection closed)
[22:04:13] *** Quits: LazyPony (LazyPony@Pony-itkfl0.adsl.tpnet.pl) (Ping timeout: 121 seconds)
[22:06:12] *** Quits: ElectricPsoras (Thunderbird@Pony-mm2ine.adsl.tpnet.pl) (Quit: Bye horsies!)
[22:44:42] *** Quits: Husarz44 (Husarz44@Pony-t4867e.adsl.inetia.pl) (Quit: Page closed)
[23:52:05] *** Ciapaty is now known as Ciapacz
