[00:30:58] <Hck> .song
[00:31:00] <Derpi> Na antenie: Goggles - Moonlight (Risen Remix) - Aby posłuchać radia, wejdź na http://radioyay.net/player
[00:33:05] <Hck> .song
[00:33:05] <Derpi> Na antenie: Syntax Theory - Sunset's Redemption - Aby posłuchać radia, wejdź na http://radioyay.net/player
[00:57:45] *** Quits: Wavechill (Wavechill@Pony-0ocijd.wroclaw.mm.pl) (Quit: )
[01:06:24] *** Quits: Andragor (Andrabot@Pony-mbf2ue.adsl.inetia.pl) (Quit: ChatZilla 0.9.91.1 [Firefox 38.0.1/20150513174244])
[01:07:59] <BlackBird> zyje ktos?
[01:07:59] <Derpi> Ja
[01:08:02] * BlackBird przytula Derpi
[01:08:02] * Derpi łasi sie do BlackBird ^^
[01:08:08] <BlackBird> a ktos jeszcze?
[01:20:59] <BlackBird> ide spac
[01:20:59] <Derpi> Kolorowych snów
[01:21:05] <BlackBird> dobranoc niech luna bedzie z wami
[01:46:12] <Hck> branoc
[01:46:12] <Derpi> Bywaj
[02:18:53] *** Quits: Lunia (ellen@ChumPony.Enterprises) (Ping timeout: 121 seconds)
[07:14:45] * misiek200m hugs Derpi 
[07:14:46] * Derpi przytula się do misiek200m
[07:14:48] <misiek200m> :3
[07:17:00] <Derpi> Znasz ciekawe kucykowe creepypasty? Wyślij je na adres: "kejosnote@wp.pl", aby posłuchać ich podczas czwartkowej audycji "Z archiwum K"!
[07:55:38] *** Joins: Lunia (ellen@ChumPony.Enterprises)
[07:55:38] *** Pinkamena sets mode: +h Lunia
[10:25:30] <Hck> .song
[10:25:31] <Derpi> Na antenie: Goggles - Moonlight (Risen Remix) - Aby posłuchać radia, wejdź na http://radioyay.net/player
[10:28:51] <Hck> !Sam sobie zrobię "Classical Night"
[10:29:03] <Hck> zobaczycie
[10:45:40] <misiek200m> xD
[11:23:17] *** Joins: Proenix (Proenix@proenix.pl)
[11:23:22] <Proenix> Ave
[11:23:23] <Derpi> Siema, Co tam?
[11:50:29] <BlackBird> hai
[11:50:29] <Derpi> yay!
[11:58:10] <Hck> hai
[11:58:10] <Derpi> Siema Hck :D
[11:58:49] *** Joins: Pony_8 (Pony_8@Pony-go3.t9v.10.78.IP)
[11:59:00] *** Quits: Pony_8 (Pony_8@Pony-go3.t9v.10.78.IP) (Quit: Page closed)
[12:02:49] *** Quits: Proenix (Proenix@proenix.pl) (Connection closed)
[12:09:34] *** Joins: Andragor (Andrabot@Pony-mbf2ue.adsl.inetia.pl)
[12:09:47] <Andragor> Witam.
[12:09:47] <Derpi> hejka ;)
[12:15:21] *** Joins: Pony_9 (Pony_9@Pony-go3.t9v.10.78.IP)
[12:15:29] *** Quits: Pony_9 (Pony_9@Pony-go3.t9v.10.78.IP) (Quit: Page closed)
[12:16:33] *** Joins: Pony_8 (Pony_8@Pony-go3.t9v.10.78.IP)
[12:16:41] *** Quits: Pony_8 (Pony_8@Pony-go3.t9v.10.78.IP) (Quit: Page closed)
[12:35:13] *** Joins: Pony_9 (Pony_9@Pony-go3.t9v.10.78.IP)
[12:35:19] *** Quits: Pony_9 (Pony_9@Pony-go3.t9v.10.78.IP) (Quit: Page closed)
[12:41:20] *** Joins: Zorysia (Zorysia@Pony-vjhd39.olsztyn.vectranet.pl)
[12:42:48] *** Joins: Proenix (Proenix@proenix.pl)
[13:09:08] * misiek200m hugs Derpi 
[13:09:08] * Derpi huga misiek200m
[13:09:14] <misiek200m> :p
[13:36:09] *** Joins: JuliaSweetheart (JuliaSweeth@Pony-eevd7e.adsl.tpnet.pl)
[13:56:59] <BlackBird> witaj
[13:56:59] <Derpi> Hej BlackBird
[13:57:02] <BlackBird> nie ja
[13:57:03] <Derpi> Ja też nie
[13:57:13] <BlackBird> to kto..... dum dum dum
[13:59:47] <Proenix> pewnie ja
[13:59:52] <Proenix> albo nie
[13:59:53] <Proenix> moze
[13:59:55] <Hck> Hej JuliaSweetheart 
[14:06:02] <misiek200m> No hej BlackBird Proenix Hck JuliaSweetheart no i ty też Derpi xD
[14:06:33] <Hck> Cześć misiek200m 
[14:07:20] <BlackBird> witaj
[14:07:20] <Derpi> yay!
[14:07:33] <misiek200m> Kurde, pod oknem ołtarz na procesję stawiają... dajcie się uczyć ludzie. ;-;
[14:11:16] <misiek200m> Zaraz fartuch założę - prawie jak alba - i konklawę zorganizuję. :v
[14:18:16] <JuliaSweetheart> idem :P
[14:20:22] <Derpi> Na stronie pojawił się nowy artykuł: https://radioyay.net/2015/06/equestrian-tales/
[14:22:18] *** Quits: JuliaSweetheart (JuliaSweeth@Pony-eevd7e.adsl.tpnet.pl) (Ping timeout: 121 seconds)
[14:56:27] *** Quits: Zorysia (Zorysia@Pony-vjhd39.olsztyn.vectranet.pl) (Ping timeout: 121 seconds)
[16:32:54] *** Joins: JuliaSweetheart (JuliaSweeth@Pony-f3tjbr.adsl.tpnet.pl)
[16:37:08] <BlackBird> witaj
[16:37:08] <Derpi> przecież się witaliśmy...
[16:48:51] *** Joins: Truss (Truss@Pony-v25.0cm.130.31.IP)
[16:49:02] *** Joins: Zorysia (Zorysia@Pony-vjhd39.olsztyn.vectranet.pl)
[16:49:51] *** Joins: Tivolt (Tivolt@Pony-8e5afq.adsl.tpnet.pl)
[16:50:03] <Tivolt> siema
[16:50:03] <Derpi> Hej ;)
[16:50:22] * Tivolt przytula Derpi
[16:50:22] * Derpi ściska Tivolt
[16:50:26] <Tivolt> yay
[16:50:26] <Derpi> RadioYay!
[16:53:41] <JuliaSweetheart> czyli derpi nie ma ju focha?
[16:54:11] <Tivolt> tag
[16:54:11] <Derpi> nie
[16:58:40] <JuliaSweetheart> derpi
[16:58:41] <Derpi> Muffins!
[16:58:50] <JuliaSweetheart> derpi dawaj muffina!
[17:03:59] <BlackBird> witaj tivolt
[17:04:13] <Tivolt> hi
[17:08:25] *** Quits: Tivolt (Tivolt@Pony-8e5afq.adsl.tpnet.pl) (Quit: Page closed)
[18:32:41] *** Quits: Truss (Truss@Pony-v25.0cm.130.31.IP) (Ping timeout: 121 seconds)
[19:16:52] <Hck> .song
[19:16:53] <Derpi> Na antenie: Evening Star - A United Land - Aby posłuchać radia, wejdź na http://radioyay.net/player
[19:16:56] <Hck> najs
[19:20:14] <JuliaSweetheart> nie wiem co narysować :P
[19:21:54] <misiek200m> Derpy :p
[19:22:04] <misiek200m> Prawda Derpi?
[19:22:05] <Derpi> Oczywiście, że nie.
[19:22:09] <JuliaSweetheart> XD
[19:22:15] <misiek200m> No to nie, meh xDD
[19:22:30] <JuliaSweetheart> a kto potrzebuje jej zgody?
[19:24:47] <JuliaSweetheart> halo? ;/
[19:26:04] *** Joins: Kejos (Mibbit@Pony-av23ca.dynamic.chello.pl)
[19:26:11] *** Pinkamena sets mode: +v Kejos
[19:26:52] <JuliaSweetheart> skoro tfm na razie wyłonczone to derpy narysuje :3 derpi mi nie zabroni
[19:27:09] <JuliaSweetheart> Prawda Derpi?
[19:27:09] <Derpi> Oczywiście
[19:27:24] <JuliaSweetheart> No właśnie czyli rysuję Derpy
[19:28:06] <Kejos> Czo nam pracownika zgadujesz? XD
[19:28:18] <JuliaSweetheart> a btw misiek Derpi chyba cię nie lubi
[19:28:34] <misiek200m> Wiem, uwzięła się na mnie cholera jedna, ale nie wiem za co. xD
[19:29:55] <JuliaSweetheart> e a co derpy ma robić? bo nie mam pomysłu
[19:31:49] <JuliaSweetheart> 0 pomysłów everyone?
[19:32:28] <JuliaSweetheart> hmm... a co gdybym zrobiła derpy z plasteliny? akurat wczoraj kupiłam bardzo dobrą :)
[19:43:44] <Kejos> To byłaby plastelinkowa Derpi :V
[19:44:03] <Kejos> I znowu jestem sam :V
[19:49:15] <misiek200m> plastelinowy pastelowy taborecik - to może się udać xD
[19:52:11] <Kejos> Wat? :|
[19:52:54] <BlackBird> .next
[19:52:55] <Derpi> Następna audycja to "Z Archiwum K", która odbędzie się 4 czerwca 2015 w godzinach 20:00 - 21:00. Pozostały czas: 0 godzin, 07 minut, 04 sekund.
[19:53:22] <misiek200m> Kejos no normalnie, pastelowe taborety, kucyki, róznie je nazywają. :p
[19:53:40] <Kejos> Ok :| 
[19:56:10] <misiek200m> Aczkolwiek "poniacze" nie zdzierżę ;v
[19:56:25] <Kejos> Ja tak mówiłem jak jeszcze w fandomie nie byłem X
[19:56:26] <Kejos> *XD
[19:59:46] <misiek200m> xD
[19:59:56] <Kejos> To było brzydkie :c
[20:00:21] *** Joins: Pony_2 (Pony_2@Pony-qj85i4.dynamic.t-mobile.pl)
[20:00:39] <Kejos> Nie mogę wyłączyć Flutterbota :|
[20:01:30] *** Quits: Kejos (Mibbit@Pony-av23ca.dynamic.chello.pl) (Quit: http://www.mibbit.com ajax IRC Client)
[20:01:44] *** Joins: Kejos (Mibbit@Pony-av23ca.dynamic.chello.pl)
[20:01:52] *** Pinkamena sets mode: +v Kejos
[20:02:26] <Kejos> Done :V
[20:04:29] *** Joins: GreenWay (GreenWay@Pony-kdb683.kalisz.mm.pl)
[20:04:29] *** Eivel sets mode: +v GreenWay
[20:05:43] <JuliaSweetheart> a mnie nie ma bo rysuję derpy
[20:09:36] <Pony_2> Interesujące
[20:10:49] *** Quits: Pony_2 (Pony_2@Pony-qj85i4.dynamic.t-mobile.pl) (Quit: Page closed)
[20:12:43] *** Joins: Speedee (Speedee@Pony-cpan4b.dynamic.chello.pl)
[20:12:57] <BlackBird> .listeners
[20:12:58] <Derpi> Liczba słuchaczy: 17
[20:13:22] *** Joins: Pony_2 (Pony_2@Pony-dljnjf.dynamic.t-mobile.pl)
[20:14:00] <GreenWay> ziemnioki to ziemnioki
[20:14:01] <Speedee> Equestria niby wszystko ok a tu dyskryminacja!
[20:14:11] <Hck> .audycja
[20:14:12] <Derpi> Audycja "Z Archiwum K" właśnie trwa!
[20:14:30] <Pony_2> brak tych cech charakterystycznych można nazwać cechą charakterystyczną
[20:15:21] <GreenWay> ziemniaki nie mają cech i dobrze musi być jakiś obiekt do dyskryminacji
[20:15:43] <GreenWay> WYRZUTEK
[20:16:08] <Speedee> Tzn. Ziemskie kuce to beznadzieja i margines społeczny ? Smutno mi.. Mam Ziemskiego OC :/
[20:17:25] <GreenWay> Wyjdź z ziemniakami...
[20:17:48] <Speedee> Co daje im wytrzymałość kiedy można strzelić do niego laserem [np taki jednorożec] :P 
[20:17:53] <GreenWay> kucyk ziemski = ziemniak
[20:18:27] <GreenWay> Eeee tam....czołgiem rozjadę i się skończy xD
[20:19:03] <Speedee> Kuce ziemskie - Plebs Equestrii. Wszystko się zgadza uprawiają role itd... xD
[20:19:18] <GreenWay> DYSKRYMINACJA !!!
[20:19:40] <Pony_2> A Socjalizma nie ma 
[20:20:06] <GreenWay> III rzesza kucykowa xD
[20:20:13] <JuliaSweetheart> nic nie masz? ja jeste pegazem ale nazywanie ziemskich ziemniakami?
[20:20:22] <JuliaSweetheart> rasista
[20:20:42] <Speedee> Kurde przypał. Ziemniaki Biedaki :/
[20:20:52] <GreenWay> ja jestem pegazem i nie lubię ziemskich problem?
[20:21:11] <Pony_2> Związek Socjalistycznych Republik Equestriańskich cię dopadnie!
[20:21:54] <GreenWay> won z komuną
[20:22:34] <Speedee> A na drzewach zamiast liści będą wisieć komuniści.
[20:22:41] <GreenWay> Discord = dyktator
[20:23:12] <Pony_2> polecam wiersz Czesława Miłosza z gazety lwowskiej z 1939 roku
[20:26:14] <Speedee> Więc to nie jest z dziada pradziada ?
[20:26:28] <GreenWay> Alikrony nieśmiertelne pfff....czołg i po sprawie
[20:26:52] <Pony_2> Teorii jest wiele. A który czołg?
[20:27:00] <GreenWay> automat kałasznikowa się nada
[20:27:12] *** Joins: DankeyH (DankeyH@Pony-ivs.19a.213.178.IP)
[20:27:14] <GreenWay> nieśmiertelny ruski T-54
[20:27:42] <Pony_2> Ktoś o podobnych poglądach militarnych
[20:29:29] <GreenWay> Więc alikorny bójcie się dywizja T-54 jedzie po was
[20:30:02] <Pony_2> Jedyne dobre po komunie
[20:30:11] <GreenWay> ano
[20:30:28] <Speedee> Wyższy od Celestii, znudzony wiecznym życiem oddał całą moc Celestii i po prostu umarł. Też tak mogło być..
[20:30:36] <GreenWay> A jak nie poradzą sobie dywizjon MI-24 zadziało
[20:31:01] <Pony_2> Dokładnie
[20:31:01] <Derpi> E.... nie
[20:31:14] *** Quits: DankeyH (DankeyH@Pony-ivs.19a.213.178.IP) (Ping timeout: 121 seconds)
[20:31:19] <GreenWay> dzieci i boty głosu nie mają xD
[20:31:36] <Pony_2> dobree
[20:32:50] <Pony_2> ewentualnie ktoś ją rozbije
[20:33:14] <GreenWay> mówisz o armii rozpędzonych T-55 i T-54?
[20:33:38] <Pony_2> Nieeee. O doniczce
[20:34:07] <GreenWay> coś ty powiedział ?!
[20:34:25] <Pony_2> Słucham?
[20:34:59] <GreenWay> JAK NIE MOŻNA LUBIĆ CZOŁGÓW ?!
[20:35:37] <GreenWay> (uruchamia T-55)
[20:35:53] <GreenWay> obojętny zaraz ci zrobię "obojętny"
[20:36:27] <GreenWay> (Green namierza Kejosa)
[20:36:30] <Pony_2> Spokojnie GreenWay. Może wrócimy do dyskusji?
[20:36:31] *** Quits: Speedee (Speedee@Pony-cpan4b.dynamic.chello.pl) (Ping timeout: 121 seconds)
[20:37:02] <GreenWay> Randomie nikt nie będzie przy mnie mówił że czołgi są dla niego obojętne
[20:37:36] <GreenWay> (strzał)
[20:38:02] <GreenWay> z/w
[20:38:09] <GreenWay> po amunicję
[20:38:09] <Pony_2> dobra
[20:38:26] <JuliaSweetheart> skończyłam rysować derpy czyli jj
[20:38:36] <Kejos> Pokazuj
[20:39:16] <JuliaSweetheart> nje bo muszem wideo edytować
[20:40:58] <Pony_2> Najbardziej interesujący jest brak MĘSKIEGO alicorna
[20:41:17] <JuliaSweetheart> nom
[20:41:17] <Derpi> 3x nie. Odpadasz!
[20:41:27] <JuliaSweetheart> Zła Derpi!
[20:41:47] <JuliaSweetheart> to był neon lights
[20:42:30] <JuliaSweetheart> no ten jednorożec co z vinylem pracuje czensto (w fanowskich animacjach itp)
[20:43:26] <JuliaSweetheart> ale celestia raczej nie ma ,,klejnotów" XD
[20:44:05] <JuliaSweetheart> Julia :p
[20:45:02] <JuliaSweetheart> dobra dobra wracajmy do kucy 
[20:46:53] <JuliaSweetheart> to dlaczego np celestia nie bawi się chmurkami? 
[20:47:18] <Pony_2> Bo są zbyt zwykłe jak dla boga
[20:47:59] <Pony_2> Ta dwuznaczność interpretacyjna xp
[20:48:59] <GreenWay> Dobra mam pociski
[20:49:10] *** Joins: Speedee (Speedee@Pony-2t4.u63.109.193.IP)
[20:49:41] <Pony_2> 'Historia będzie dla mnie łaskawa. Bo mam zamiar ją napisać' Churcill nawiązując do teorii z 'dobrym Sombrą'
[20:49:48] <JuliaSweetheart> Twilight idź wysprzątaj kibel
[20:50:13] <Speedee> Najlepsza manipulacja jest wtedy gdy manipulowani myślą że nie są manipulowani.
[20:50:52] <JuliaSweetheart> wtedy kiedy z kibla korzystał discord :P
[20:50:57] <GreenWay> RZĄD
[20:51:15] <Speedee> Rok 1986
[20:51:32] <Speedee> 84* lol xD
[20:51:58] <JuliaSweetheart> Dawać jej ciasta
[20:52:25] <Pony_2> High hoof!
[20:52:38] <JuliaSweetheart> albo Derpy zrzuciła na nas pianino
[20:52:50] <JuliaSweetheart> 26 :p
[20:53:06] <Eivel> Na początku audycji było nieco poniżej 20, więc to realna liczba
[20:53:20] <GreenWay> Albo ja zrzucę na kogoś T-54
[20:53:56] <GreenWay> NAZI PONIES !!!!
[20:54:00] <Kejos> Pisać co chcecie zaz tydzień :V A ja zjem ciastko
[20:54:15] <JuliaSweetheart> dlaczego derpy ma takie SWEET oczy? :) dobry pomysł na 5 minut XD
[20:54:21] <GreenWay> jak były soviet ponies to tera NAZI PONIES
[20:54:36] <Speedee> Teorie spiskowe , Przeszłość Equestrii , Coś o sombrze
[20:54:46] <GreenWay> NAZI PONIES
[20:55:21] <misiek200m> Męski alicorn... Hmm, no dobra kwestia xD W fikcji się oczywiście pojawiają, ale to wiadome ;p
[20:55:46] <BlackBird> JuliaSweethart bo to derpy
[20:56:12] <Pony_2> Była w obozie xp
[20:56:39] <JuliaSweetheart> patelnią?! D:
[20:57:12] <GreenWay> nazi ponies grafiki jest pełno
[20:57:18] <Pony_2> Aryanne
[20:57:41] <Pony_2> To Komunizm
[20:57:47] <GreenWay> był ;p
[20:58:04] <GreenWay> dawaj nazioli
[20:58:41] <Pony_2> Sombre weź!
[20:58:51] <GreenWay> wygrałem yay
[20:58:54] <JuliaSweetheart> dawajta mi tera piosenki do speedpainta z derpy
[20:59:25] <GreenWay> jawhol !!!
[20:59:31] <GreenWay> herr general
[21:00:14] <JuliaSweetheart> ktu bendzie miły i da mi kilka nut do speedpainta z derpy?
[21:01:57] *** Quits: Kejos (Mibbit@Pony-av23ca.dynamic.chello.pl) (Quit: http://www.mibbit.com ajax IRC Client)
[21:02:05] <Pony_2> I nagle wszystkie tytuły wywiało z głowy...
[21:02:40] <JuliaSweetheart> bo ju nagrany :P   nie mam piosenek a i ile ten speedpaint ma trwać ? (orginał trwa jakieś 56 minut)
[21:04:07] *** Joins: ElectricPsoras (Thunderbird@Pony-oktfki.adsl.tpnet.pl)
[21:04:11] <Pony_2> Może 12 minut? na 3 piosenki po 4 minuty średnio
[21:05:35] <misiek200m> Derpy powiadasz... To ja to podrzucę JuliaSweetheart - https://youtu.be/3G3qoffKXao xD
[21:05:36] <Derpi> [ Surfin' Derp! (Parody of "Surfin' Bird" by The Trashmen) - YouTube ] - youtu.be
[21:05:37] <JuliaSweetheart> ale jakie oto jest pytanie
[21:10:44] <Pony_2> Żegnam wszystkich i do usłyszenia
[21:12:28] *** Joins: Foxjacz (Foxjacz@Pony-r58mpn.dynamic.chello.pl)
[21:12:34] <JuliaSweetheart> film bendzie 15 minutowy
[21:12:41] <Foxjacz> witam
[21:12:41] <Derpi> Już jesteś?
[21:12:56] <Foxjacz> witaj derpi
[21:12:56] <Derpi> Ave Luna!
[21:13:05] <Foxjacz> tak
[21:13:05] <Derpi> potwierdzam
[21:13:30] <Eivel> JuliaSweetheart: s/bendzie/będzie
[21:13:30] <Derpi> Eivel thinks JuliaSweetheart meant to say: film będzie 15 minutowy
[21:13:31] <JuliaSweetheart> derpi chyba tylko miska nie lubi
[21:14:35] * Derpi boops misiek200m
[21:15:20] <JuliaSweetheart> o czy ju nasza derpi nie ma focha na miśka?
[21:16:10] <misiek200m> Derpi: teraz to się nie przymilaj... :v
[21:16:28] * Derpi boops harder
[21:16:48] *** Quits: Pony_2 (Pony_2@Pony-dljnjf.dynamic.t-mobile.pl) (Ping timeout: 121 seconds)
[21:17:14] <misiek200m> xD
[21:17:53] <Eivel> .image boop, derpy
[21:17:54] <Derpi> https://derpiboo.ru/687342
[21:19:24] <JuliaSweetheart> dawajta mi wiencej nut bo beging of order walne do derpiowego speedpainta!
[21:19:28] <misiek200m> Eivel: Finalny wygląd HexChata - http://img.200m.pl/2015-06-04_21-19-08_6w6o1G2.png - IMO not bad xD
[21:20:44] <Eivel> misiek200m: zamieniałbym quassela :P
[21:21:48] <misiek200m> xD
[21:22:35] <JuliaSweetheart> ok dawajta mi więcej nut do speedpainta albo to co tera w radju leci się znajdzie w speedpaincie
[21:23:26] <misiek200m> .song
[21:23:27] <Derpi> Na antenie: Stormwolf - The Beginning of Order - Aby posłuchać radia, wejdź na http://radioyay.net/player
[21:23:58] <Eivel> JuliaSweetheart: https://www.youtube.com/watch?v=vuZ8VDyha6U
[21:23:58] <Derpi> [ Przewalski's Ponies - Derpy (Ditzy Horse) - YouTube ] - www.youtube.com
[21:25:36] <JuliaSweetheart> jeszcze dawać jeszcze!
[21:26:28] <Eivel> https://www.youtube.com/watch?v=vGdCwDDCKB8
[21:26:28] <Derpi> [ The Offspring - Dirty Magic (2012) (Lyrics) - YouTube ] - www.youtube.com
[21:27:25] <JuliaSweetheart> alem do derpiowego speedpainta
[21:27:45] <JuliaSweetheart> speedPAINta
[21:28:16] <Eivel> https://youtu.be/DgZ4U8P3XfU
[21:28:17] <Derpi> [ Ponky & Eccentrifuge - Bright Eyes (A Wonky Anthem) - YouTube ] - youtu.be
[21:28:25] <Eivel> więcej derpiastych nie znam
[21:30:54] <JuliaSweetheart> to muszem sb poszukać miałam kiedyś jakąś fajną piosenke o derpy na np4 i szła jakoś hi i am derpy and i am pony.... tylko jej tytulł :/ 
[21:32:26] <JuliaSweetheart> znalazłam!
[21:36:06] <misiek200m> Eivel https://youtu.be/M1ONXea0mXg pod koniec to już kosmiczne zapytania xD
[21:36:07] <Derpi> [ Hound Internal Demo - YouTube ] - youtu.be
[21:36:23] <JuliaSweetheart> kurde nadal za krótkie!
[21:37:36] <JuliaSweetheart> derpiaste piosenki derpiaste piosenki.... gdzie ja do cholery mam szukać?!
[21:37:51] <Eivel> misiek200m: widziałem :D Możemy przyjmować zakłady, który korpogigant pierwszy kupi ten projekt
[21:38:02] <misiek200m> xD
[21:38:16] *** BlackBird is now known as jesteRandomem
[21:39:29] <Eivel> Ale podobno jeszcze sporo roboty, bo słabo rozpoznaje inne akcenty
[21:39:59] <misiek200m> Zapewne, ale nie powiem, już teraz robi wrażenie :D
[21:43:17] <JuliaSweetheart> brakuje 3 minutowej piosenki
[21:45:27] <JuliaSweetheart> dam hay miss derpy na koniec :P
[21:46:18] <JuliaSweetheart> derpy zajeła mi najwiencej czasu (tnx misiek -,-)
[21:46:46] <misiek200m> JuliaSweetheart: xD
[21:46:51] <JuliaSweetheart> ju się boje ile to się bendzie uplołdowało
[21:53:02] <JuliaSweetheart> ile musiałam się bawić w to żeby było w limicie 15 minut ...
[21:53:18] <JuliaSweetheart> za godzine może 2 speedpaint ju bendzie na youtubie
[21:54:00] <JuliaSweetheart> tooo kto chce spoiler na deviantarcie?
[21:56:00] *** Quits: GreenWay (GreenWay@Pony-kdb683.kalisz.mm.pl) (Ping timeout: 121 seconds)
[21:57:12] <JuliaSweetheart> to checiem ju zobaczyć gotową derpy?
[21:59:29] <misiek200m> JuliaSweetheart no to zdejmij sobie limit 15 minut z YT :p
[21:59:40] *** Joins: JuliaSweetheart_ (JuliaSweeth@Pony-ojdavd.adsl.tpnet.pl)
[21:59:50] <misiek200m> JuliaSweetheart_ no to zdejmij sobie limit 15 minut z YT :p
[22:00:04] <JuliaSweetheart_> zdejmem sb zaraz
[22:01:14] *** Quits: JuliaSweetheart (JuliaSweeth@Pony-f3tjbr.adsl.tpnet.pl) (Ping timeout: 121 seconds)
[22:03:37] <JuliaSweetheart_> kurde gdzie to było? :/
[22:04:34] <JuliaSweetheart_> ju wiem
[22:04:48] <JuliaSweetheart_> dobra wiadomość jest jusz 20%
[22:04:57] <jesteRandomem> juz!
[22:05:22] <JuliaSweetheart_> mam problemy z ort okej? -,-
[22:05:31] <jesteRandomem> ja tez
[22:05:44] <jesteRandomem> prawie kazdy potwierdzi
[22:05:57] <jesteRandomem> od luni prawie bana za orto wylapalem
[22:06:09] <JuliaSweetheart_> łaj derpi zajeła mi aż tyle czasu?!?!?!?! T_T
[22:06:38] <misiek200m> UWAGA! Wykopaliska jutubowe! - https://www.youtube.com/watch?v=WsS-ZH38nTU xD
[22:06:38] <Derpi> [ Rhythm is Magic: Peckish Pony 2 - YouTube ] - www.youtube.com
[22:08:16] <JuliaSweetheart_> Rhythm is Magic <3  a po za tym czym to sie rużni od 1? :P
[22:10:07] <JuliaSweetheart_> kto chce derpiowe preview?
[22:12:23] *** Quits: Lunia (ellen@ChumPony.Enterprises) (Ping timeout: 121 seconds)
[22:12:35] <JuliaSweetheart_> walnąć te derpi ze speedpainta (który jeszcze się uplołduje) na deviantarta?
[22:18:49] <JuliaSweetheart_> SPOILER ALLERT http://juliaswetheart.deviantart.com/art/Derpy-Hooves-537489708?ga_submit_new=10%253A1433449070
[22:18:51] <Derpi> [ Derpy Hooves by JuliaSwetheart on DeviantArt ] - juliaswetheart.deviantart.com
[22:19:05] <JuliaSweetheart_> tag wiem że mam tam błąd w nazwie
[22:20:31] <JuliaSweetheart_> 43%
[22:22:27] <JuliaSweetheart_> kto lubi snołdropa?
[22:23:55] *** Joins: Lunia (ellen@ChumPony.Enterprises)
[22:23:55] *** Pinkamena sets mode: +h Lunia
[22:26:30] <JuliaSweetheart_> 50% YAY~
[22:27:33] <JuliaSweetheart_> derpy szybciej na yt pls T_T uplołduj siem
[22:29:57] *** jesteRandomem is now known as BlackBird
[22:31:19] <JuliaSweetheart_> no wreszciem wrócił
[22:32:57] *** Joins: SSprinkles (SSprinkles@Pony-0afr4b.dynamic.chello.pl)
[22:33:10] *** Quits: SSprinkles (SSprinkles@Pony-0afr4b.dynamic.chello.pl) (Quit: Page closed)
[22:35:26] *** Quits: Speedee (Speedee@Pony-2t4.u63.109.193.IP) (Ping timeout: 121 seconds)
[22:39:45] <JuliaSweetheart_> 96%XD
[22:43:40] <JuliaSweetheart_> https://www.youtube.com/watch?v=IYDAdZJkU5c   TA DA
[22:43:41] <Derpi> [ Derpy Hooves Speedpaint - YouTube ] - www.youtube.com
[22:51:35] <JuliaSweetheart_> obejżał ktoś? D:>
[22:51:59] <JuliaSweetheart_> dajcie mi jakiś koment pls :(
[22:53:02] <BlackBird> juz paczam
[22:53:48] <JuliaSweetheart_> :D   sorka za włosy derpy ;-;
[22:56:08] <BlackBird> derp
[22:56:09] <Derpi> 6_9
[22:56:11] <BlackBird> derp derp
[22:56:11] <Derpi> 6_9
[22:57:54] <BlackBird> derp
[22:57:55] <Derpi> 6_9
[22:59:48] <JuliaSweetheart_> derp
[22:59:48] <Derpi> 6_9
[22:59:55] <JuliaSweetheart_> 6_9
[22:59:55] <Derpi> 6_9
[23:17:19] *** Quits: Proenix (Proenix@proenix.pl) (Connection closed)
[23:32:52] *** Quits: ElectricPsoras (Thunderbird@Pony-oktfki.adsl.tpnet.pl) (Quit: Bye horsies!)
[23:44:27] *** Quits: JuliaSweetheart_ (JuliaSweeth@Pony-ojdavd.adsl.tpnet.pl) (Ping timeout: 121 seconds)
[23:59:49] *** Quits: Foxjacz (Foxjacz@Pony-r58mpn.dynamic.chello.pl) (Ping timeout: 121 seconds)
