[00:00:06] <Eivel> .addalias danke derpi <alias> dziękuję derpi
[00:00:07] <Derpi> Dodano nowy alias: danke derpi do grupy: 166
[00:00:20] <BlackBirt> xd
[00:00:21] <BlackBirt> danke derpi!
[00:00:22] <Derpi> Nie ma za co BlackBirt ^^
[00:04:41] <Eivel> https://www.dropbox.com/s/m29w8cqmtekwlh6/yt.jpg?dl=0  youtube, you're dunk
[00:04:44] <Derpi> [ Dropbox - yt.jpg ] - www.dropbox.com
[00:16:04] <BlackBirt> boshe czemu node.js dziala zawsze naodwrut!
[00:16:13] <BlackBirt> ja chce tak a jest calkiem inaczej
[00:20:11] <Eivel> BlackBirt: a co takiego teraz się dzieje?
[00:20:28] <BlackBirt> dziala naodwrut
[00:20:37] <Eivel> odwrót*
[00:20:40] <Eivel> czyli?
[00:20:49] <BlackBirt> ja chce zeby jedno dzialalo dopiero po drugim
[00:21:14] <BlackBirt> a nierobi tak meh nwm jak opisac
[00:22:09] <BlackBirt> mialo byc ze jak napisze 'a' to odpisuje 'b' i jak napisze 'c' to odpisze 'd' ale tylko jesli odpowiedzial wczesniej na 'a' a on mi wogule nieodpowiada na 'c' tylko jak napisze 'a c' to odpowie na oba..
[00:24:52] <Eivel> nie wiem jak kod wygląda, więc nie pomogę. Mam tylko nadzieję, że pamiętasz, że Node jest asynchroniczny i załatwiasz to przez stany
[00:25:54] *** Quits: Andragor (Andrabot@Pony-2tjb8v.adsl.inetia.pl) (Quit: Brohoof /)*)
[00:27:26] <BlackBirt> kod wyglada potfornie ale niemam jak ci pokazac bo niewrzuce na pastebin (strona laduje sie godzinami) a niechce tutaj robic spamu
[00:29:00] <Eivel> BlackBirt: http://nodeschool.io/#workshopper-list
[00:29:01] <Derpi> [ nodeschool.io ] - nodeschool.io
[00:29:28] <Eivel> sam bym od tego zaczął
[00:29:33] <BlackBirt> niemam do tego neta ale dzieki ;D
[00:29:35] <Eivel> i chyba nawet to zrobie, bo się nudzę
[00:29:45] <BlackBirt> jutro popaczem
[00:48:03] <Eivel> mkr: ale ta Fluttershy przy zamawianiu piosenek jest genialna :D
[00:48:08] <Eivel> 3D pełną parą
[00:48:34] <mkr> Cieszę się. ;)
[00:48:44] <McKey> wut?
[00:49:49] <Eivel> W ogóle trzecia wersja strony jest całkiem przejrzysta. Na początku dziwnie było się przyzwyczaić do poszczególnych działów i ich rozmieszczenia
[00:50:12] <Eivel> Ale ostatecznie najważniejsze informacje są na głównej i o to chodzi
[00:50:44] <McKey> mkr ;_; http://puu.sh/dPbXt/a6196b3d69.png
[00:51:11] <mkr> Tak, wiem, to nie jest na razie responsywne.
[00:51:14] <mkr> Zrobię potem.
[00:52:55] <McKey> em... mkr teraz skapłem http://puu.sh/dPcgD/e626ddb10f.jpg
[00:53:16] <mkr> >Tak, wiem, to nie jest na razie responsywne.
[00:53:31] <McKey> http://puu.sh/dPcot/375984a7b4.png nie
[00:53:48] <McKey> to mój laptop
[00:54:07] <Eivel> McKey: ponownie mkr mógłby tą samą odpowiedź skopiować :P
[00:54:40] <mkr> Tak, wiem, to nie jest na razie responsywne.
[00:54:43] <Eivel> jak na razie melduję, że strona wygląda ładnie w 1366x768
[00:54:44] <McKey> Eivel>> ty nawet bez sterów nie masz takiej rozdzielczości
[00:54:54] <McKey> więc wiesz
[00:55:04] <Eivel> bez sterów mam chyba właśnie taką
[00:55:15] <McKey> ale akurat tu powinienem mieć dotykowy ekran
[00:55:21] <mkr> Strona jest najszersza w rozdzielczościach +1200px
[00:55:29] <McKey> więc dlatego taka rozdzielcość
[00:57:08] <McKey> Ale widze że jeleń sie starał :P
[00:57:21] *** Joins: ArchPegasusMichael (ArchPegasus@Keep.In.A.Friendly.And.Pony.Place)
[00:57:30] <BlackBirt> Witamy
[00:58:42] <Eivel> w istocie, witamy serdecznie, ArchPegasus_mobile
[00:58:52] *** Quits: ArchPegasus_mobile (Michael89pl@Keep.In.A.Friendly.And.Pony.Place) (Quit: jmIrc destroyed by the OS)
[00:58:53] * Eivel patrzy groźnie na Tab
[01:08:54] *** McKey is now known as [A]McKey
[02:27:31] *** Quits: Derpi (Derpi@Keep.Calm.and.Pony.On) (Quit: Closing)
[02:46:30] *** Joins: Derpi (Derpi@Keep.Calm.and.Pony.On)
[02:50:32] <BlackBirt> witaj
[02:50:32] <Derpi> Hej ;)
[03:44:33] <BlackBirt> idem spac
[03:44:38] <BlackBirt> Niech Luna bedzie z wami
[03:44:41] <BlackBirt> Dobranoc
[03:44:41] <Derpi> Dobranoc BlackBirt
[03:45:02] *** Quits: BlackBirt (AveLuna@Pony-7r9m4l.play-internet.pl) (Quit: Ave Luna /))
[11:02:36] *** Joins: BlackBirt (AveLuna@Pony-7r9m4l.play-internet.pl)
[11:14:26] *** Quits: BlackBirt (AveLuna@Pony-7r9m4l.play-internet.pl) (Ping timeout: 121 seconds)
[11:24:08] *** [A]McKey is now known as McKey
[12:11:46] *** Joins: BlackBirt (AveLuna@Pony-7r9m4l.play-internet.pl)
[12:14:59] <BlackBirt> Hai!
[12:14:59] <Derpi> Hej ;)
[12:33:51] *** Quits: BlackBirt (AveLuna@Pony-7r9m4l.play-internet.pl) (Quit: Wywaliło mnie (chyba))
[12:57:53] *** McKey is now known as [A]McKey
[13:00:09] *** [A]McKey is now known as McKey
[14:01:42] <mkr> Hiya.
[14:02:04] <mkr> Howdy.
[14:02:23] <mkr> No cóż, Derpi nie zna niestandardowych powitań.
[14:05:28] <McKey> .addalias Howdy <alias> hai
[14:05:29] <Derpi> Dodano nowy alias: howdy do grupy: 2
[14:05:43] <McKey> .addalias Hiya <alias> hai
[14:05:44] <Derpi> Dodano nowy alias: hiya do grupy: 2
[14:05:51] <McKey> mkr już zna :P
[14:06:21] <mkr> Mogę jeszcze kilkanaście tutaj podać.
[14:06:41] <McKey> to dawaj
[14:09:51] <mkr> Hia, Wassup, 'Sup, Sup, Aloha, Ahoj, Hallo, Siemaneczko, Witka, Strzała, Pochwalony, Ave.
[14:10:01] <mkr> I tak można bez końca.
[14:14:38] <McKey> .addalias wassup <alias> hai
[14:14:39] <Derpi> Dodano nowy alias: wassup do grupy: 2
[14:14:49] <McKey> .addalias Aloha <alias> hai
[14:14:50] <Derpi> Dodano nowy alias: aloha do grupy: 2
[14:14:55] <McKey> .addalias Ahoj <alias> hai
[14:14:56] <Derpi> Dodano nowy alias: ahoj do grupy: 2
[14:15:00] <McKey> .addalias hallo <alias> hai
[14:15:01] <Derpi> Dodano nowy alias: hallo do grupy: 2
[14:15:06] <McKey> .addalias Siemaneczko <alias> hai
[14:15:07] <Derpi> Dodano nowy alias: siemaneczko do grupy: 2
[14:15:13] <McKey> .addalias Witka <alias> hai
[14:15:14] <Derpi> Dodano nowy alias: witka do grupy: 2
[14:15:20] <McKey> .addalias Strzałka <alias> hai
[14:15:21] <Derpi> Dodano nowy alias: strzałka do grupy: 2
[14:15:26] <McKey> .addalias Pochwalony <alias> hai
[14:15:27] <Derpi> Dodano nowy alias: pochwalony do grupy: 2
[14:15:30] <McKey> .addalias Ave <alias> hai
[14:15:31] <Derpi> Aby zmienić grupę, należy użyć komendy 'changealias'
[14:15:38] <McKey> .addalias 'sup <alias> hai
[14:15:39] <Derpi> Dodano nowy alias: 'sup do grupy: 2
[14:15:42] <McKey> .addalias sup <alias> hai
[14:15:43] <Derpi> Dodano nowy alias: sup do grupy: 2
[14:15:48] <McKey> .addalias hia <alias> hai
[14:15:49] <Derpi> Dodano nowy alias: hia do grupy: 2
[14:15:57] <McKey> gimmamore :3
[14:16:05] <McKey> sup
[14:16:05] <Derpi> witaj :)
[14:16:20] <Eivel> doobry
[14:16:52] <Eivel> McKey: jak masz ochotę dodawać, to pododawaj nowe odpowiedzi :P Bo na razie jest ich koło 10
[14:16:55] <Eivel> .checkreply hej
[14:16:55] -Derpi- Dla frazy: hej, grupy: 2 istnieją następujące odpowiedzi:
[14:16:55] -Derpi- #2 = 2 + <reply> + Dzień dobry!
[14:16:55] -Derpi- #85 = 2 + <reply> + Hej ;)
[14:16:55] -Derpi- #188 = 2 + <reply> + Siemanko
[14:16:55] -Derpi- #189 = 2 + <reply> + Hej $who
[14:16:55] -Derpi- #201 = 2 + <reply> + hejka $who
[14:16:55] -Derpi- #305 = 2 + <reply> + Hej ;)
[14:16:55] -Derpi- #468 = 2 + <reply> + Dzień dobry bardzo! w RadioYaY
[14:16:55] -Derpi- #499 = 2 + <reply> + hejka
[14:16:55] -Derpi- #500 = 2 + <reply> + witaj :)
[14:17:15] <Eivel> nawet nie 10
[14:17:19] <McKey> .addalias dobry <alias> hai
[14:17:20] <Derpi> Aby zmienić grupę, należy użyć komendy 'changealias'
[14:17:29] <McKey> hm?
[14:17:40] <Eivel> zrobiłem literówkę, dlatego nie odpowiedziała na dobry
[14:17:51] <McKey> .addalias doobry <alias> hai
[14:17:52] <Derpi> Dodano nowy alias: doobry do grupy: 2
[14:17:55] <McKey> :P
[14:18:06] <McKey> .addreply
[14:18:09] <Eivel> nowe odpowiedzi do grupy dodajesz standardowo addfactem
[14:18:17] <McKey> .addfact 
[14:18:18] <Derpi> Błąd
[14:18:19] <Eivel> wtedy wykrywa, że już alias jest i dodaje tylko odpoweidź
[14:18:35] <Eivel> .help addfact
[14:18:35] <Derpi> Eivel: Instrukcja dodawania faktów: http://www.derpcraft.pl/index.php/22-instrukcja-derpi
[14:18:35] *** Joins: Tivolt (Tivolt@Pony-k2b8i4.adsl.tpnet.pl)
[14:18:35] <Derpi> Eivel: e.g. .addfact fraza <reply> odpowiedź
[14:18:59] <McKey> .addfact hai <action> glomps $who
[14:19:00] <Derpi> Dodano nową odpowiedź do istniejącego faktu: hai
[14:19:30] <McKey> .addfact hai <reply> A kogo my tu mamy. Witaj $who! 
[14:19:31] <Derpi> Dodano nową odpowiedź do istniejącego faktu: hai
[14:19:48] <McKey> nie wiem czy zadziała tak w zasadzie :P "$who!" 
[14:19:54] <McKey> hai
[14:19:54] <Derpi> Siemanko
[14:19:55] <McKey> hai
[14:19:55] <Derpi> Dzień dobry bardzo! w RadioYaY
[14:19:56] <Tivolt> siema
[14:19:56] <Derpi> witaj :)
[14:19:57] <McKey> hai
[14:19:58] <Derpi> Dzień dobry bardzo! w RadioYaY
[14:19:58] <McKey> hai
[14:19:59] <Derpi> hejka
[14:19:59] <McKey> hai
[14:20:00] <Derpi> Hej McKey
[14:20:00] <McKey> hai
[14:20:01] <Derpi> Hej ;)
[14:20:01] <McKey> hai
[14:20:01] <Derpi> witaj :)
[14:20:02] <McKey> hai
[14:20:02] <Derpi> Hej ;)
[14:20:03] <McKey> hai
[14:20:03] * Derpi glomps McKey
[14:20:04] <McKey> hai
[14:20:05] <Derpi> witaj :)
[14:20:06] <McKey> hai
[14:20:06] <Derpi> Dzień dobry!
[14:20:07] <McKey> hai
[14:20:08] <Derpi> hejka
[14:20:09] <Eivel> działa
[14:20:09] <McKey> hai
[14:20:09] <Derpi> Hej ;)
[14:20:19] <McKey> Eivel>> dajesz gwarancje? xD
[14:20:50] <Eivel> jeśli nie zadziała, to się naprawi :P Ale powinno normalnie zachować odpowiedź z wykrzyknikiem
[14:21:20] <Eivel> zresztą, poczekaj moment, McKey
[14:21:39] <McKey> .addfact hai <reply> Dobry
[14:21:40] <Derpi> Dodano nową odpowiedź do istniejącego faktu: hai
[14:21:46] <McKey> .addfact hai <reply> Ahoj
[14:21:47] <Derpi> Dodano nową odpowiedź do istniejącego faktu: hai
[14:21:50] <McKey> .addfact hai <reply> Yay!
[14:21:51] <Derpi> Dodano nową odpowiedź do istniejącego faktu: hai
[14:21:54] <Eivel> McKey: poczekaj moment, żebyś przypadkiem undo mi nie nadpisał
[14:22:00] <Eivel> kej?
[14:22:00] <McKey> ok
[14:22:03] <Eivel> .addfact test321 <reply> hej $who!
[14:22:04] <Derpi> Dodano nowy fakt i odpowiedź
[14:22:07] <Eivel> test321
[14:22:07] <Derpi> hej Eivel!
[14:22:10] <Eivel> .undo
[14:22:10] <Derpi> Poprawnie usunięto
[14:22:13] <Eivel> ok, śmiga
[14:22:16] <McKey> yay
[14:22:17] <Eivel> możesz kontynuować :p
[14:22:24] <mkr> Umówiłem się z Mordeczem na 9:30, a wstałem o 13. I teraz go nie ma. :V
[14:22:42] <Eivel> mkr: lepiej o 13, niż o 14, co dzisiaj mnie spotkało
[14:22:44] <McKey> .addfact Mordecz <reply> Gdzie jest kotek?
[14:22:45] <Derpi> Dodano nowy fakt i odpowiedź
[14:23:00] <Eivel> co to będzie, jak trzeba będzie znowu na 8 wstawać
[14:23:06] <mkr> O 14 też mi się zdarzało.
[14:23:09] <McKey> Eivel>> weś wyjć z tym :P
[14:23:10] <mkr> A raz nawet o 16.
[14:24:01] <Eivel> mkr: a gdzie się umówiłeś? Skype? Czy telefon odbiera tylko o określonych porach? :P
[14:24:11] <mkr> Skype ofc. Musimy nagrać Ponylistę Roku.
[14:24:21] <Eivel> a no tak, chcecie ją puścić 31
[14:25:36] <Eivel> McKey: ja ci muszę jakieś achievementy napisać za to dodawanie faktów :P Chyba połowa tej tysięcznej bazy jest twoja
[14:25:50] <McKey> Eivel>> ta....
[14:26:02] <McKey> nudziło mi się na księżycu
[14:26:19] <Eivel> NMM też griefowałą
[14:26:34] <Eivel> i adminlestia musiała podjąć pewne kroki
[14:27:13] <McKey> I założył nam betonowe buty xD ;)
[14:28:58] <Eivel> betonowe buty są atestowane w białymstoku, to renoma
[14:30:24] <Eivel> mkr: A właśnie, ty miałes kiedyś problem z godziną wykrywaną przez bota? (willie lub w zasadzie dowolny pythonowy, bo one się wywodzą z jednego). W systemie mam poprawny timezone, ale wszystkie mody które go pobierają odejmują -1h
[14:30:28] <Eivel> .time
[14:30:28] <Derpi> 2014-12-30 - 13:30:28
[14:30:39] <Eivel> .tell McKey test
[14:30:39] <Derpi> Eivel: Przekażę wiadomość, gdy McKey będzie w pobliżu.
[14:30:43] <McKey> whot?
[14:30:43] <Derpi> McKey: 2014-12-30 - 13:30:39 <Eivel> test
[14:30:55] <McKey> Eivel>> wymyśl coś lepszego a nie "test"
[14:31:22] <Eivel> chciałem tylko się upewnić, że tell dalej ma ten problem
[14:31:51] <mkr> Eivel, masz ntp server?
[14:31:55] <Eivel> mam
[14:36:09] <Eivel> myślę, że problem jest na poziomie samego bota, dlatego pytałem o doświadczenie z nim
[14:36:25] <Eivel> bo sam system czas lokalny ma dobry
[14:41:40] <Eivel> zw
[15:11:43] *** Joins: BlackBirt (AveLuna@Pony-7r9m4l.play-internet.pl)
[15:12:06] <BlackBirt> Hai!
[15:12:06] * Derpi glomps BlackBirt
[15:12:22] <BlackBirt> Omineło mnie cos?
[15:17:27] <McKey> BlackBirt>> nope
[15:19:57] *** Quits: Derpi (Derpi@Keep.Calm.and.Pony.On) (Quit: Closing)
[15:20:16] *** Joins: Derpi (Derpi@Keep.Calm.and.Pony.On)
[15:21:50] <Eivel> mkr: Jakbyś kiedyś potrzebował, to rozwiązałem problem
[15:22:02] <Eivel> python potrzebuje paczki "pytz"
[15:22:20] <Eivel> nie wiem czy tylko do tego bota, czy ogólnie do bilbiotek związanych z timezonem
[15:22:26] <Eivel> .time
[15:22:26] <Derpi> 2014-12-30 - 15:22:26CET
[15:44:52] *** Joins: NeroDMC (NeroDMC@Pony-r85.lun.175.46.IP)
[15:45:08] <BlackBirt> Witamy
[15:45:13] <NeroDMC> Siema
[15:45:13] <Derpi> dobry
[15:45:26] <BlackBirt> Witaj
[15:45:27] <Derpi> hejka
[15:45:34] <NeroDMC> Nie działa zmiana koloru tła na czacie
[15:45:44] <BlackBirt> Heh Eivel: derpy na 'Witamy' niedziala
[15:46:02] <Eivel> to dobrze
[15:46:12] <Eivel> bo Derpi nie wita się z ludźmi królewskiej krwi
[15:46:21] <NeroDMC> Nie moge zmienic kolor tała czatu na jasno zielony ;-;
[15:46:25] <NeroDMC> tła*
[15:46:37] <BlackBirt> Moze to dla ciebie lepiej ;d
[15:47:14] <NeroDMC> przy kolorach jasno zielonych lepiej mi się ssłucha piosenek
[15:48:04] <NeroDMC> Bo białe za bardzo razi
[15:48:07] <McKey> NeroDMC>> ja jakoś na biały nie nażekam
[15:48:23] <McKey> ściemniam monitor i po kłopocie
[15:48:58] <BlackBirt> Ja mam czarny ;p
[15:49:07] <McKey> android :v
[15:49:31] <BlackBirt> Tez na androidzie
[15:50:06] <McKey> no mówie że ty na andoridzie
[15:50:21] <NeroDMC> Ciekawe jaka będzie jakość na audycji "Tak to leciało"
[15:50:31] <BlackBirt> Android najlepszy xd
[15:50:46] <McKey> NeroDMC>> jak będzie
[15:50:59] <McKey> bo Fire ma gości :P
[16:02:52] <Eivel> .tell FireSky zaproś gości na audycję
[16:02:52] <Derpi> Eivel: Przekażę wiadomość, gdy FireSky będzie w pobliżu.
[16:03:12] <McKey> .seen maslo
[16:03:12] <Derpi> Sorry, I haven't seen maslo around.
[16:03:54] <McKey> .seen FireSky
[16:03:54] <Derpi> Sorry, I haven't seen FireSky around.
[16:03:59] <Eivel> .seen Hck
[16:03:59] <Derpi> Sorry, I haven't seen Hck around.
[16:04:02] <Eivel> hm
[16:04:05] <Eivel> muszę przerobić tego moda 
[16:04:12] <Eivel> bo wyłączenie bota resetuje pamięć
[16:04:13] <McKey> ale hck jest na kanale :P
[16:04:21] <Eivel> yyy
[16:04:22] <Eivel> czo
[16:04:23] <Eivel> xD
[16:04:51] <Eivel> może to działa jak tell
[16:04:54] <Eivel> dopiero, gdy napisze
[16:04:57] <Eivel> .seen McKey
[16:04:57] <Derpi> Eivel: I last saw McKey at 2014-12-30 - 16:04:13CET on #radioyay, saying ale hck jest na kanale :P
[16:04:59] <Eivel> yup
[16:05:12] <Eivel> słaba opcja
[16:05:20] <Eivel> zrobię własny seen bazujący na info od nickserva
[16:05:26] <McKey> można
[16:05:34] <McKey> NS akurat już ogarnia
[16:08:40] *** Joins: Proenix (Proenix@proenix.pl)
[16:08:43] <Eivel> chociaż teraz widzę z tym problem
[16:08:45] <Proenix> Ave
[16:08:46] <Derpi> Hej ;)
[16:08:49] <Eivel> działa tylko na zarejestrowane nici
[16:08:52] <Eivel> hej Proenix
[16:09:04] <McKey> Eivel>> ta?
[16:09:12] <Eivel> tak
[16:09:13] <Derpi> nie
[16:09:15] <Eivel> tak
[16:09:15] <Derpi> tak, tak było
[16:09:19] <McKey> a no fakt :P
[16:09:37] <McKey> albo łączyć oba
[16:09:55] <NeroDMC> jeszcze 3 godz do audycji
[16:10:19] <Eivel> NeroDMC jest lepszym botem  informującym o audycji, niż Derpi kiedykolwiek będzie
[16:10:27] <NeroDMC> xd
[16:10:39] <McKey> Eivel>> on cie wyzywa na pojedynek botów
[16:11:13] <Eivel> odłamkowym ładuj!
[16:11:13] * Derpi ładuje party cannon
[16:11:51] <NeroDMC> * puszcza piosenke https://www.youtube.com/watch?v=9XolBQsGGBM
[16:11:51] <Derpi> [YouTube] Title: Long & Junior - Tańcz Tańcz Tańcz - Official Video Clip | Uploader: Long & Junior | Uploaded: 21/04/2013, 16:00 | Duration: 0.06833333333333333hours 6secs | Views: 17,496,660 | Comments: 2,572 | Likes: 28,190 | Dislikes: 1,623
[16:12:08] <BlackBirt> Ale spam :v
[16:12:38] <NeroDMC> ?>
[16:12:45] <NeroDMC> Co to jest xd
[16:12:52] <McKey> Info
[16:12:55] <BlackBirt> Opisuje link
[16:13:02] <McKey> już wiem że nie musze wchodzić
[16:14:21] <NeroDMC> aha
[16:14:57] <Eivel> .song
[16:14:57] <Derpi> Na antenie: SlyphStorm - Castle of Shadows
[16:15:06] <BlackBirt> Wgl czemu jest 0.06833... godz nielepiej w min xd
[16:15:07] <NeroDMC> Naprawdę?
[16:15:46] <BlackBirt> Juz 180min brzmi lepiej niz 1.5 godz :v
[16:16:11] <NeroDMC> 180 min to 3 godz ;-;
[16:17:24] <NeroDMC> Mam pytanie zrobili już teledysk do piosenki Party Rock Anthem
[16:17:31] <NeroDMC> Pony rock anthem
[16:33:48] <Eivel> NeroDMC: to ten, co Jan miał go robić?
[16:44:51] <NeroDMC> tak
[16:44:51] <Derpi> tak, tak było
[16:45:27] <McKey> z/w
[16:47:39] <NeroDMC> Prawie 2 godz do audycji
[16:50:50] <NeroDMC> z/w ide grac w osu
[16:58:45] <McKey> Ale mam mało pamięci :P http://puu.sh/dQRlt/dd37bec812.png
[16:59:42] <Eivel> NeroDMC: ciągle rozwiązuje problemy z prawami autorskimi z Hasbro. Jak na razie dział prawny stwierdził, że znajdą jakiś kompromis, który będzie korzystny dla obu stron. Ale jak widac nie tylko w Polsce takie sprawy ciągną się miesiącami
[16:59:57] <Eivel> Więc dopóki to trwa, to wszystkie kucykowe prace Jan są wstrzymane
[16:59:59] <Eivel> już od kwietnia
[17:00:09] <Eivel> Jana*
[17:00:46] <Eivel> McKey: przypiąłeś wszystko co miałeś w domu? :P
[17:01:16] <McKey> Eivel>> nie xD
[17:01:34] <Eivel> .g jan animations studios C&D youtube
[17:01:36] <Derpi> Eivel: http://www.youtube.com/user/jananimationstudios
[17:01:36] <McKey> Eivel>> jednego huba z 4 penkami xD
[17:02:01] <Eivel> .g jan animations studios youtube c&d situation and more
[17:02:03] <Derpi> Eivel: http://www.youtube.com/user/jananimationstudios
[17:02:06] <Eivel> ...
[17:02:31] <Eivel> McKey: prawie jak macierz dyskowa
[17:03:29] <McKey> tak xD
[17:03:33] <McKey> ej...
[17:04:13] <McKey> taki hub z 4 pendrive po 32 GB i raida tam postawić na 64GB mirror 
[17:04:16] <McKey> SSD normalnie
[17:04:50] <BlackBirt> Nieoplaca sie :p
[17:05:13] <McKey> penek 32 GB kosztuje koło 40 zł
[17:05:25] <McKey> .calc 40*4
[17:05:25] <Derpi> McKey: 160
[17:05:37] <McKey> 160 zł za 128 gb ssd? 
[17:05:48] <BlackBirt> No dobra...
[17:05:56] <McKey> .g dysk ssd 128 gb cena
[17:05:57] <Derpi> McKey: http://www.ceneo.pl/Dyski_SSD
[17:06:06] <McKey> no masz :P
[17:07:33] <Eivel> McKey: gdyby USB miało taką prędkość przesyłu jak SATA, to może :P
[17:08:19] <McKey> usb 3,0 ?
[17:08:21] <Eivel> pomijając już fakt, że nie ma żadnych zabezpieczeń przed uszkodzonymi obszarami pamięci
[17:08:46] <BlackBirt> Usb 3.0 niejest tak szybkie jak sata ;p
[17:08:54] <Eivel> nawet po części
[17:09:29] <Eivel> McKey: w sata masz prędkości rzędu gigabajtów na sekundę
[17:09:33] <Eivel> w usb to ileś tam mega
[17:09:38] <BlackBirt> 6.1GB/s
[17:09:58] <BlackBirt> Przynjmniej ja tak mam ;p
[17:10:02] <Eivel> BlackBirt: Gb
[17:10:06] <Eivel> gigabit
[17:10:11] <Eivel> to około 600 MB
[17:10:21] <Eivel> podziel zawwsze przeez 8
[17:10:32] <Eivel> .g usb 3.0 speed
[17:10:33] <Derpi> Eivel: https://en.wikipedia.org/wiki/USB_3.0
[17:10:41] <BlackBirt> A 1B to nie 4b?
[17:10:48] <McKey> 8
[17:11:27] <BlackBirt> Meh.. nigdy niezapamietam..
[17:11:48] <McKey> musisz
[17:11:53] <BlackBirt> Wiem ;p
[17:12:06] <Eivel> przecież 8 to taka okrągła liczba
[17:12:13] <Eivel> Powienieneś czuć irytację widząc 1000
[17:12:14] <BlackBirt> 4 tez
[17:12:20] <Eivel> i próbować zaokrąglić do 1024
[17:12:22] <NeroDMC> 149 piosenek am w OSU
[17:12:25] <BlackBirt> 1024¡
[17:12:51] <BlackBirt> !¡!¡!¡!¡!¡!¡!¡! Heh
[17:14:14] *** Joins: Andragor (Andrabot@Pony-2tjb8v.adsl.inetia.pl)
[17:14:57] <Eivel> hej Ashley`
[17:14:59] <Eivel> yy
[17:15:04] <Eivel> hej Andragor
[17:15:07] <NeroDMC> Siema
[17:15:08] <Derpi> Hej ;)
[17:15:13] <Andragor> Witam :)
[17:15:18] <BlackBirt> Wiaj
[17:15:35] <Ashley`> hej Eivel :P
[17:29:01] <McKey> .g totake song
[17:29:03] <Derpi> McKey: https://en.wikipedia.org/wiki/List_of_songs_recorded_by_Take_That
[17:29:12] <McKey> znam :P
[17:29:16] <McKey> uznam*
[17:48:41] <McKey> .countdown 60 min
[17:48:41] <Derpi> Please use correct format: .countdown 2012 12 21
[17:49:02] <McKey> .countdown 2014 12 30 19:00
[17:49:02] <Derpi> Please use correct format: .countdown 2012 12 21
[17:49:08] <McKey> .countdown 2014 12 30 
[17:49:08] <Derpi> -1 days, 6.180833333333334 hours and 0.0 minutes until 2014 12 30
[17:49:14] <McKey> hm...
[17:49:24] <McKey> Eivel help? Do godziny sie nie da?
[17:50:02] <BlackBirt> bugniety ten czas :v
[17:59:47] <McKey> .countdown 2015 01 01
[17:59:47] <Derpi> 1 days, 6.003333333333333 hours and 0.0 minutes until 2015 01 01
[18:02:45] <BlackBirt> nielepiej jagby powiedziala 6godz i iles tam min?
[18:03:16] <McKey> niby lepiej
[18:03:18] <McKey> ale Eivel !!
[18:03:27] <BlackBirt> zepsul
[18:03:52] <McKey> beton
[18:03:52] <Derpi> Nie, nie można zrobić Ani Betonu ani Cementu Ani asphaltu
[18:03:55] <McKey> :3
[18:03:55] <Derpi> Meow c:
[18:04:20] <BlackBirt> xD
[18:05:41] <BlackBirt> meow
[18:05:41] <Derpi> $mrr
[18:07:17] <NeroDMC> Siema
[18:07:17] <Derpi> Hej ;)
[18:08:04] <BlackBirt> witaj Nero
[18:08:48] <McKey> Beton?
[18:08:48] <Derpi> Nie, nie można zrobić Ani Betonu ani Cementu Ani asphaltu
[18:08:52] <McKey> Beton!
[18:08:52] <Derpi> Nie, nie można zrobić Ani Betonu ani Cementu Ani asphaltu
[18:08:57] <McKey> hm...
[18:09:29] <Hck> hej
[18:09:29] <Derpi> Siemanko
[18:09:37] <BlackBirt> o hck witaj
[18:09:45] <McKey> .seen Hck 
[18:09:45] <Derpi> McKey: I last saw Hck at 2014-12-30 - 17:09:29 on #radioyay, saying hej
[18:09:51] <McKey> Tak :P
[18:10:03] <BlackBirt> godzine temu?!
[18:10:12] <McKey> BlackBirt>> strefy czasowe
[18:10:13] <BlackBirt> Eivel zepsul :v
[18:10:20] <BlackBirt> wiem
[18:10:46] <BlackBirt> ale jak derpi z polski to powinna miec +1 :v
[18:12:15] <McKey> BlackBirt>> derpi w Irlandi pewnie siedzi
[18:12:27] <BlackBirt> aha
[18:12:54] <BlackBirt> a tam przypadkiem niejest tez +1?
[18:13:03] <BlackBirt> az sprawdze
[18:13:38] <BlackBirt> a dobra do 0 sie zaliczaja..
[18:18:35] <NeroDMC> za 40 min audycja
[18:22:33] *** Quits: BlackBirt (AveLuna@Pony-7r9m4l.play-internet.pl) (Ping timeout: 121 seconds)
[18:24:09] *** Joins: FireSky (~FireSky@Pony-sq58b7.dynamic.chello.pl)
[18:24:09] *** McKey sets mode: +v FireSky
[18:24:29] <FireSky> Witam wszystkich :D 
[18:24:29] <Derpi> FireSky: 2014-12-30 - 15:02:52 <Eivel> zaproś gości na audycję
[18:25:01] <FireSky> ?
[18:25:02] <NeroDMC> Siema fire
[18:25:06] <FireSky> Siemanko 
[18:25:06] <Derpi> hejka FireSky
[18:25:09] <FireSky> Hej
[18:25:09] <Derpi> Dzień dobry!
[18:25:10] <BlackBird> witaj fire
[18:25:17] <FireSky> Witam :3 
[18:26:47] <NeroDMC> Co tam
[18:27:09] <NeroDMC> za 30 min audycja
[18:27:22] <FireSky> Wreszcie sobie goście pojechali xD już mi żyć nie dawali -,- 
[18:28:09] <NeroDMC> Ja jutro okolicach 16:00 - 19.00 będę mial gości bo sylwester
[18:28:52] <NeroDMC> I jeszcze mój tata będzie miał 1 stycznia imieniny
[18:29:10] <FireSky> Ja raczej zostanę w domu a punktualnie o godzinie 0 będę na dworze z fajerwerkami xD 
[18:29:19] <NeroDMC> ja tak samo
[18:29:20] <McKey> tak
[18:30:33] *** Joins: misiek200m (Hue@Pony-3ak6pf.adsl.tpnet.pl)
[18:30:37] <NeroDMC> Przydałoby sie podsumowanie tego roku audycji "Tak to Leiciało"
[18:30:50] <misiek200m> Hej
[18:30:53] <NeroDMC> Ave
[18:31:03] <FireSky> Witam :3 jakie podsumowanie ? ;p 
[18:31:24] <NeroDMC> No tej audycji
[18:31:45] <FireSky> A jak ty to widzisz ? 
[18:32:14] <NeroDMC> Co się pozmieniało ciągu w tego roku
[18:32:30] <FireSky> Aha jasne ^^ Riku ? Audycja jest od 22 lipca ;p 
[18:32:59] <NeroDMC> Ac Milan prowadzi z Realem 3-1 xd
[18:33:00] <McKey> Baza piosenek
[18:33:34] <NeroDMC> Dziś Milan zniszczy Realowi 22 wygrane pod rząd
[18:35:34] <NeroDMC> 4-1 dla Milanu gg
[18:41:16] *** Joins: Delta3120 (~Delta3120@Pony-7unsia.static.kolnet.eu)
[18:43:18] <Delta3120> Cześć wszystkim
[18:43:43] <FireSky> Witam :) 
[18:43:53] <NeroDMC> Siema
[18:43:55] <Delta3120> YAY
[18:44:03] <NeroDMC> jeszcze 15 minut :yay:
[18:44:24] <FireSky> :3 
[18:44:38] <Delta3120> https://www.youtube.com/watch?v=rfFvShMhllA&list=UUby2GNlc5YXEH7ScOlTIWOQ   Nowa transkrypcja ^_^
[18:44:39] <Derpi> [YouTube] Title: Five Nights at Freddy's 2 Song - It's Been So Long -- Piano Transcription by Delta3120 | Uploader: Delta3120 | Uploaded: 27/12/2014, 20:06 | Duration: 0.050833333333333335hours -4.440892098500626e-16mins 3secs | Views: 94 | Comments: 13 | Likes: 8 | Dislikes: 0
[18:46:03] <Delta3120> Misiek200m jest?
[18:46:08] <Delta3120> yay
[18:47:09] <Delta3120> są nowe piosenki?
[18:47:44] <FireSky> Urwanie głowy było na święta :/ niestety nie 
[18:47:59] <Delta3120> spk ;) xD
[18:48:45] <misiek200m> hm?
[18:50:24] <Delta3120> jesteś prawdziwy misiek? xD
[18:50:33] <McKey> Delta3120>> nie fałszywy]
[18:50:38] <NeroDMC> Ba dum tss
[18:50:39] <misiek200m> nie
[18:50:58] <NeroDMC> jeszcze 8 minut
[18:51:09] <Delta3120> to był sarkazm? xD
[18:51:15] <FireSky> Ktoś tu nie może się doczekać ? xD 
[18:51:27] <Delta3120> ja!
[18:51:34] <NeroDMC> ja tym bardziej
[18:51:43] <Delta3120> cały tydzień czekam na to xD
[18:51:55] <FireSky> miło to słyszeć ;) 
[18:52:14] <NeroDMC> Zaraz skończy się mecz towarzyski Milan - Real
[18:52:49] <Delta3120> nie oglądam xD
[18:53:12] <NeroDMC> Ja też patrzę na necie'
[18:54:27] <NeroDMC> Fire ciekawe jaka będzie jakość tej audycji na nowej wersji radia
[18:54:30] <Delta3120> husarza nie ma ;(
[18:54:40] <NeroDMC> Nie ma Hura na Wikinga
[18:54:47] <McKey> NeroDMC>> od tej strony nic się nie zmienił
[18:55:11] <McKey> .song
[18:55:11] <Derpi> Na antenie: Eurobeat Brony feat. Odyssey - Batty (Extended)
[18:55:27] <McKey> .last
[18:55:27] <Derpi> The Living Tombstone, Mic The Microphone & JackleApp - Good ol' Days
[18:55:37] <Delta3120> no nie... a ja chciałem być radiowym botem mówiącym piosenki...
[18:55:43] <McKey> nie ma
[18:55:46] <McKey> .song
[18:55:47] <Derpi> Na antenie: Eurobeat Brony feat. Odyssey - Batty (Extended)
[18:55:50] <FireSky> A teraz co leci ? ;p 
[18:55:56] <McKey> ^
[18:56:01] <NeroDMC> .song
[18:56:01] <Derpi> Na antenie: Eurobeat Brony feat. Odyssey - Batty (Extended)
[18:56:05] <NeroDMC> chyba bład
[18:56:07] <FireSky> Aha spoko xD 
[18:56:11] <Delta3120> coś się popsuło xD
[18:56:14] <FireSky> Hakuję yay ;p
[18:56:15] <McKey> nope
[18:56:20] <McKey> to FireSky xD
[18:56:24] <McKey> .on
[18:56:24] <Derpi> Wróciłam!
[18:56:29] <Eivel> jestem
[18:56:33] <Eivel> hej FireSky
[18:56:35] <Delta3120> niech ktoś powie tytuł tej piosenki to dostanie 4 ptk extra xd
[18:56:36] <NeroDMC> leci inna piosenka a pokazuje inny tytuł
[18:56:37] <FireSky> Hejka 
[18:56:37] <Derpi> dobry
[18:56:45] <FireSky> Niszczę yay xD 
[18:56:45] <NeroDMC> Siema
[18:56:45] <Derpi> hejka NeroDMC
[18:57:06] <NeroDMC> Bot mnie przywitał ;-; Nie wiem co powiedzieć ;-;
[18:57:13] <McKey> Hm...
[18:57:16] <McKey> Wiem co to leci
[18:57:18] <McKey> znacyz kojaże
[18:57:25] <McKey> ale tytułu nie pamiętam xD
[18:57:28] <NeroDMC> xd
[18:57:29] <NeroDMC> gg
[18:57:31] <McKey> FireSky>> zdradzisz go?
[18:57:38] <McKey> AAa
[18:57:42] <McKey> Thoranir xD
[18:57:47] <FireSky> Hypersonic (Instrumental Resurrected Mix) Thorinair
[18:57:52] <McKey> właśnie xd
[18:58:13] <NeroDMC> zaraz audycja tyle emocji
[18:58:20] <Delta3120> co nie? xD
[18:58:30] * Eivel szuka słuchawek
[18:58:51] <Delta3120> ostatnio mi kolega kupił 2 albumy archiego XD tylko nie kojarze jeszcze wszystkich piosenek
[18:59:07] * McKey give słuchawki to Derpi 
[18:59:14] <NeroDMC> A jakie tam piosenki są
[18:59:18] <McKey> Eivel>> a tego chyba nie przeniosłeś
[18:59:21] * Delta3120 lubi placki
[18:59:22] <McKey> .inventory
[18:59:32] <Eivel> McKey: yup, jeszcze nie ma inventory, bo nie mam na to pomysłu
[18:59:34] <NeroDMC> Zaczynaj
[18:59:37] <Eivel> to od początku było głupie :p
[18:59:47] <McKey> śmiechowe
[18:59:48] <NeroDMC> Inventory ze jakieś eq będziemy miec ;-;
[18:59:52] <McKey> nope
[18:59:56] <McKey> tylko Derpi ma EQ
[19:00:02] <McKey> prawda Derpi ?
[19:00:03] <Derpi> oczywiście.
[19:00:06] * Delta3120 czeka na audycje...
[19:00:15] * Delta3120 cieszy się 
[19:00:19] <Delta3120> xD
[19:00:47] <Eivel> FireSky: 3 nocki w pracy w święta, przebij to :P
[19:00:55] <Eivel> + dyżur w sylwestra na 8 rano
[19:00:59] <McKey> Eivel>> 4 nocki prac nad serwerem :v
[19:01:03] <McKey> wygrałem
[19:01:14] <Eivel> McKey: z własnej woli
[19:01:23] <McKey> czy ja wiem :P
[19:01:26] * Delta3120 pamięta zasady
[19:01:34] <NeroDMC> * też
[19:01:46] <Eivel> NeroDMC: w celu akcji piszesz "/me"
[19:01:55] * Delta3120 napisał hejka do Mc Key na FB
[19:01:59] <Delta3120> :D
[19:02:01] <NeroDMC> xd
[19:02:20] <Delta3120> dziwnie
[19:02:30] <NeroDMC> Archie
[19:02:31] <Delta3120> Omni she is an alarm clock
[19:02:33] <Eivel> omnipony
[19:02:42] <FireSky> --------------
[19:03:04] <Delta3120> ^_^ już na dzień dobry xD
[19:03:08] <FireSky> Delta numerek ? 
[19:03:18] <Delta3120> 34
[19:03:22] <NeroDMC> Nie dawajcie mu piosenek OmniPony bo je wszystkie zna
[19:03:27] <Delta3120> cicho xD
[19:03:29] *** Joins: Pony_7 (Pony_7@Pony-b8nhv2.dynamic.chello.pl)
[19:03:39] <Eivel> NeroDMC: to tak jakby nie dawać żadnej piosenki, bo jest tu Andragor
[19:03:42] <Delta3120> nie wszystkie... ale większość
[19:03:53] <Andragor> ba dum tss...
[19:03:58] <NeroDMC> Ja tylko z Omnipony znam Dragon Greed
[19:04:07] <Eivel> Andragor: nie badum tss :P Czemu nie bierzesz udziału? :P
[19:04:11] <Delta3120> problem xD
[19:04:52] <NeroDMC> 100
[19:04:55] <BlackBird> 110
[19:04:56] <Delta3120> 130
[19:05:02] <McKey> derp
[19:05:02] <Derpi> 80
[19:05:05] *** Joins: Shun (Shun@Pony-jlik9d.adsl.tpnet.pl)
[19:05:08] <NeroDMC> Archie
[19:05:09] <FireSky> Nero 1 pkt
[19:05:10] <Eivel> archie
[19:05:15] <Delta3120> Twitch she is a pony remix
[19:05:17] <McKey> 20 !!!!
[19:05:22] <Andragor> Eivel: Nie mam usprawiedliwienia :p
[19:05:22] <Derpi> Andragor: 2014-12-30 - 18:04:16 <McKey> Przegrałeś życie :v
[19:05:27] <McKey> to jest 20 miejsce w jednej z ponylist :v
[19:06:04] <Delta3120> a chciałem napisać archie na początku xD
[19:06:13] <FireSky> ------------------------------------Dancing With The Sun UndreamedPanic
[19:07:13] <Delta3120> lubie ją 
[19:07:27] *** Quits: Pony_7 (Pony_7@Pony-b8nhv2.dynamic.chello.pl) (Quit: Page closed)
[19:07:49] <McKey> FireSky>> "więcej" sałem ci 200 ...
[19:07:53] <McKey> wysłałem*
[19:08:20] <Delta3120> 2
[19:08:23] <McKey> 2
[19:08:28] <NeroDMC> 3
[19:08:28] <Derpi> Meow c:
[19:08:34] <FireSky> Delta 1 pkt
[19:08:39] <Delta3120> Winter spirit Fozgooz
[19:08:47] <NeroDMC> Foozgooz
[19:08:47] <FireSky> ---------------
[19:08:51] <FireSky> -------------
[19:08:59] <FireSky> Delta 3 pkt Nero 1 
[19:09:08] <Delta3120> yay
[19:09:13] <Delta3120> 28
[19:09:15] <NeroDMC> 3 pkt bo piosenka + odp
[19:09:18] <Eivel> FireSky: o co chodzi z tym 1 pkt na początku? :P
[19:09:28] <FireSky> Za pytanie ;) 
[19:09:31] <NeroDMC> Ja dostalem za porpwna odpwiedz na pytanie
[19:09:51] <FireSky> Tylko 1 osoba ;)
[19:10:06] <Eivel> jakie pytanie?
[19:10:18] <NeroDMC> już za póżno
[19:10:23] <Delta3120> ile razy zmieniał mikrofon
[19:10:28] <Eivel> aaa
[19:10:31] <FireSky> weź inny numerek 
[19:10:33] <Eivel> okej, nie ogarnąłem xd
[19:10:40] <FireSky> Delta
[19:10:41] <Delta3120> pewni omni xD
[19:10:43] <Delta3120> 23
[19:12:02] <Delta3120> Aviators
[19:12:12] <Delta3120> Brony fied
[19:12:16] <Eivel> nightmare night
[19:12:19] <FireSky> ! pkt
[19:12:19] <McKey> metal
[19:12:19] <Derpi> bronyfiled - brony metal melody
[19:12:19] <NeroDMC> Archie
[19:12:20] <Derpi> to pewnie archie :v
[19:12:23] <FireSky> --------------------
[19:12:43] <FireSky> Delta 1 pkt Derpi 2 pkt
[19:13:23] <FireSky> Derpi numerek ? 
[19:13:51] <FireSky> nie to nie
[19:13:58] <Delta3120> 56
[19:14:02] <Delta3120> xD
[19:14:05] <FireSky> już mam ;) 
[19:14:10] <Delta3120> okie ^_^
[19:14:29] <Shun> Discord?
[19:14:31] *** Joins: Pony_7 (Pony_7@Pony-8k6me3.adsl.tpnet.pl)
[19:14:35] <Pony_7> Discord
[19:15:04] <McKey> BYŁ TO WTOREK XD
[19:15:08] <NeroDMC> 9 grudzine
[19:15:09] <NeroDMC> 2014
[19:15:16] <Delta3120> nie no
[19:15:19] <BlackBird>  w grudniu
[19:15:21] <NeroDMC> Archie
[19:15:21] <Derpi> to pewnie archie :v
[19:15:25] <Delta3120> Love is in bloom archie
[19:15:29] <FireSky> ----------------------
[19:15:29] <NeroDMC> love is in bloom
[19:15:33] <FireSky> --------------
[19:15:34] <McKey> Arachie - Love is in bloom (first remx)
[19:15:46] <McKey> FireSky>> foh bo tylko moje prawidłowe :v
[19:15:55] <NeroDMC> 111
[19:16:07] <McKey> prawda Derpi  ?
[19:16:08] <Derpi> oczywiście.
[19:16:11] <Delta3120> pierfszy byłem
[19:16:16] <Delta3120> 112
[19:16:17] <McKey> Widzisz przegłosowaliśmy cię :v
[19:16:18] <FireSky> Delta numerek ? 
[19:16:27] <Delta3120> 112
[19:16:51] <Delta3120> i odpowiedz na pytanie to 9 grudnia
[19:17:09] <Delta3120> albo 16...
[19:17:20] <Delta3120> niech bedzie 9
[19:17:22] <FireSky> Nero zgadł 9 
[19:18:06] <Delta3120> mi mc key mówił że straciłeś głos...
[19:18:38] <Eivel> yay, już jeden "punkt" a nie "punkcik" xd
[19:18:39] <NeroDMC> Archie
[19:18:39] <Derpi> to pewnie archie :v
[19:18:44] <McKey> Accustic MandoBrony
[19:18:44] <Eivel> aviators
[19:18:47] <Delta3120> TLT
[19:18:51] <Delta3120> aviators
[19:18:57] <McKey> aaa wait
[19:19:01] <Delta3120> Friendship
[19:19:06] <McKey> może to być Jeff Buffer
[19:19:09] <FireSky> Nero 1 pkt
[19:19:10] <McKey> 3x pod żąd jedna
[19:19:16] <NeroDMC> Aftermatch
[19:19:36] <Delta3120> albo shadow coś tam
[19:19:37] <FireSky> Delta 1 pkt
[19:19:49] <NeroDMC> aviators shadow castle
[19:19:55] <FireSky> nie
[19:20:20] <FireSky> ----------------More Than Meets the Eye Aviators
[19:20:25] <FireSky> Numerek Delta ? 
[19:20:29] <Delta3120> 130
[19:20:44] <NeroDMC> Delta coś zbyt op jest niz tydz temu
[19:21:12] <Delta3120> bo ucze się
[19:21:22] <Delta3120> xD
[19:21:25] <McKey> Delta3120>> widać xD
[19:21:27] <Delta3120> słucham dużo
[19:21:55] *** Joins: Pomaranczova (Pomaranczov@Pony-l1mnoe.asta-net.com.pl)
[19:21:59] <Delta3120> pytania!
[19:22:03] <Pomaranczova> hej
[19:22:03] <Delta3120> Alex s
[19:22:03] <Derpi> Siemanko
[19:22:04] <Eivel> omnipony pewnie
[19:22:07] <NeroDMC> Alex s party with pinkie
[19:22:08] <Delta3120> PArty with the pinkie
[19:22:11] <FireSky> ----------------
[19:22:17] <Pomaranczova> Party with pinkie
[19:22:18] <FireSky> Delta i nero 2 pkt
[19:22:24] <NeroDMC> 98
[19:22:28] <Delta3120> 45
[19:22:38] <NeroDMC> Mam tą piosenką w OSU xd
[19:22:39] <FireSky> Numerki 1-9
[19:22:43] <McKey> 10
[19:22:43] <NeroDMC> 3
[19:22:44] <Derpi> Meow c:
[19:22:46] <Pomaranczova> 4
[19:22:47] <Delta3120> a ja dodam że to jes t jeszcze (VIP) remix xD
[19:22:51] <NeroDMC> Party with pinkie VIP mam nawet
[19:23:10] <FireSky> 3
[19:23:10] <Derpi> Meow c:
[19:24:13] <Eivel> "Przecież nikt nie będzie pisać cyfry 3 co chwila na kanale... można spokojnie zostawić ten błąd z miauczeniem po jej zobaczeniu!" taaaak x.x
[19:25:18] <Delta3120> milion piecset sto dziewiecset
[19:25:22] <Delta3120> xD
[19:25:44] <Delta3120> Aviators Friendship
[19:25:45] <NeroDMC> oodorato
[19:25:57] <Delta3120> albo nie
[19:26:01] <Delta3120> ale aviators
[19:26:11] <McKey> Seven Element :v
[19:26:22] <NeroDMC> Aviators fight to the empire
[19:26:27] <Delta3120> Evening star
[19:26:28] <McKey> o ja xDD.... właśnie sie skapłem 
[19:26:41] *** Quits: Pony_7 (Pony_7@Pony-8k6me3.adsl.tpnet.pl) (Ping timeout: 121 seconds)
[19:26:45] <FireSky> ----------------
[19:26:56] <McKey> jak fire dostanie paczke to bedzie źle
[19:27:06] <NeroDMC> czemu
[19:27:09] <McKey> wszystkie 8-bit będą różnych artystów
[19:27:11] <FireSky> Nikt ---------------After Megaspells' Blast Nicolas D
[19:27:14] <McKey> i nie będzie rc88 :P
[19:27:15] <NeroDMC> rly
[19:27:18] <NeroDMC> Nieeeee
[19:27:26] <McKey> bedzie np InceriblePie
[19:27:27] <NeroDMC> 8-bit bez rc88 to nie to sampo
[19:27:30] <Delta3120> Polka is magic loop xD
[19:27:35] <McKey> NeroDMC>> kiedyś go nie było :v
[19:27:41] <McKey> on ledwo jest 2 lata
[19:27:49] <Delta3120> Always a good time
[19:27:56] <Delta3120> to
[19:28:12] <NeroDMC> Assertive fluttershy like train
[19:28:18] <Delta3120> Always a good time
[19:28:20] <McKey> NeroDMC>> to jest Psorasa xDD
[19:28:28] <Delta3120> Archie
[19:28:28] <Derpi> to pewnie archie :v
[19:28:29] <Pomaranczova> oo
[19:28:34] <Pomaranczova> Bats!
[19:28:35] <NeroDMC> Sto the bats tlt
[19:28:39] <Delta3120> TLT
[19:28:41] <Pomaranczova> stop the bats
[19:28:43] <FireSky> ----------------------------
[19:28:44] <BlackBird> stop the bats
[19:28:49] <FireSky> ------------
[19:28:57] <BlackBird> dobra ja sie nielicze bo za puzno ;p
[19:28:58] <NeroDMC> 97
[19:29:31] <FireSky> Nero masz 3 pkt
[19:31:06] <Delta3120> miałem racje! xD
[19:31:19] <BlackBird>  19 lat
[19:31:19] <Delta3120> 19
[19:31:30] <McKey> Laugher
[19:31:30] <Delta3120> Laughter acoustimando
[19:31:35] <FireSky> nie 19 
[19:31:39] <FireSky> --------------
[19:31:42] <Delta3120> 18
[19:31:53] <FireSky> Delta 2 pkt
[19:31:55] <Delta3120> głos ewentualnie na 21 xD
[19:31:55] <FireSky> nie
[19:32:00] <McKey> 17 :v
[19:32:01] <BlackBird> 20 :v
[19:32:09] <FireSky> McKey 1 pkt xd
[19:32:21] <Delta3120> mckey sie nie liczy xD on cie zbhyt dobrze zna xD
[19:32:29] <McKey> Delta3120>> nope, mam tyle samo :P
[19:32:30] <FireSky> Tyle co wy :p 
[19:32:43] <Delta3120> ja mam 13 xD
[19:32:43] <McKey> EQG na teletoon
[19:32:49] <FireSky> Delta numerek ? 
[19:32:54] <Delta3120> 39
[19:32:56] *** Quits: Pomaranczova (Pomaranczov@Pony-l1mnoe.asta-net.com.pl) (Quit: Page closed)
[19:33:30] <Delta3120> a tak btw to podoba mi sie twoje oc na FB fire
[19:34:05] <Delta3120> Loyalty
[19:34:07] <NeroDMC> Soldiers of the night
[19:34:16] <BlackBird> Loyalty xd
[19:34:21] <McKey> Loyality
[19:34:22] <Derpi> accusticmandobrony - loyality :v
[19:34:30] <FireSky> nie
[19:34:32] <NeroDMC> Ellie monet
[19:34:37] <Delta3120> Joaf the loaf
[19:34:49] <FireSky> nie
[19:34:50] <NeroDMC> Double rainboom 
[19:34:51] <McKey> Eh... Moc Archiwum Aktywacja :v
[19:34:54] <Delta3120> jeff
[19:35:00] <FireSky> McKey cicho :p 
[19:35:08] <Delta3120> xD
[19:35:11] <McKey> FireSky>> tylko ja ją mam :v
[19:35:37] <FireSky> ---------------------dBPony-Miles
[19:36:00] <Delta3120> masz w bazie Vinylicious?
[19:36:12] <Delta3120> od Pon3
[19:36:49] <Delta3120> goni mnie xD
[19:36:58] <McKey> FireSky>> nicki prosze
[19:37:09] <Delta3120> ej xD
[19:37:29] <FireSky> nie rób im nic xD
[19:37:33] <McKey>  Brony Chronicles Intro
[19:37:33] <Derpi> prawda inaczej jest też "foozogz﻿ - make it special"
[19:37:35] <Delta3120> MAke it special fozgooz
[19:37:44] <NeroDMC> Faacepal
[19:37:49] <Shun> Make it Special Fozgooz
[19:37:53] <NeroDMC> nie słuchali że ta piosenka nie ma punktó
[19:38:01] <Shun> spóźniłem się :P
[19:38:28] <Shun> akurat wyszedłem z pokoju i słyszę, że coś wiem :D
[19:38:53] <FireSky> Ta nie jest punktowana i poleci cała xD
[19:38:59] <Delta3120> słuuchałem ale i tak mówie co to
[19:39:00] <McKey> Foh
[19:39:03] <NeroDMC> a ile trwa
[19:39:19] <McKey> 10 h
[19:39:25] <NeroDMC> ;-;
[19:39:27] <Delta3120> 3 min
[19:40:23] <Delta3120> xD
[19:40:55] <McKey> 30s
[19:41:03] <NeroDMC> 20 s
[19:41:04] <Delta3120> do refrenu
[19:41:06] <BlackBird> 20s
[19:41:10] <FireSky> nie
[19:41:10] <Delta3120> Always a good time
[19:41:10] <NeroDMC> Good time prince
[19:41:15] <Delta3120> Princess whatever
[19:41:20] <FireSky> -------------------
[19:41:24] <NeroDMC> 91
[19:41:32] <Delta3120> na telefonie mam ^_^
[19:41:35] <NeroDMC> ja tez
[19:41:37] <Delta3120> 23
[19:41:43] <FireSky> numerek 1-9
[19:41:47] <NeroDMC> 8
[19:41:48] <Proenix> 2
[19:41:58] <Delta3120> 4
[19:42:15] <FireSky> 12
[19:42:18] <NeroDMC> Proenix po co numerek piszesz ;-;
[19:42:32] <Proenix> Bo pytajo :V
[19:43:38] <McKey>  Brony Chronicles Intro
[19:43:38] <Derpi> prawda inaczej jest też "foozogz﻿ - make it special"
[19:43:38] <Delta3120> wiedziałem xD
[19:43:42] <Eivel> nostalgia
[19:43:49] <Delta3120> ja to lubie xD
[19:44:00] <NeroDMC> Archie
[19:44:00] <Derpi> to pewnie archie :v
[19:44:01] <Delta3120> Archie
[19:44:01] <Derpi> to pewnie archie :v
[19:44:06] <FireSky> nie
[19:44:11] <NeroDMC> Aftermatch
[19:44:15] <Delta3120> Evening star
[19:44:15] <FireSky> 1 pkt
[19:44:18] <FireSky> Nero
[19:44:21] <Delta3120> nieeeeeeeeeeeeeee
[19:44:27] <NeroDMC> Giggle at the gostly
[19:44:31] <NeroDMC> apples to the core
[19:44:36] <Delta3120> apples to the core
[19:44:37] <FireSky> -----------------
[19:44:38] <Shun> apples to the core
[19:44:42] <FireSky> -----------
[19:44:50] <NeroDMC> 94
[19:45:01] <FireSky> 94
[19:45:19] <Eivel> McKey: wyłączyłem ją na kanale, bo już zaczyna spamować
[19:46:04] <McKey> why ;_;
[19:46:25] <Delta3120> xD
[19:46:59] <Delta3120> 3
[19:46:59] <McKey> 2x Grupowe
[19:47:04] <McKey> 2x Tematyczne
[19:47:05] <Delta3120> Halloween , świąteczne
[19:47:06] <McKey> 4 :v
[19:47:17] <NeroDMC> był 2 hallowee i switeczne
[19:47:19] <Delta3120> Aviators
[19:47:31] <NeroDMC> Archie
[19:47:41] <FireSky> Delta 1 pkt
[19:47:57] <Delta3120> za piosenke czy pyranie?
[19:48:03] <FireSky> pytanie xD
[19:48:06] <Delta3120> *pytanie
[19:48:10] <Delta3120> xD
[19:48:13] <NeroDMC> aftermatch
[19:48:17] <FireSky> 1 pkt
[19:48:39] <FireSky> --------Joaftheloaf - Come Home Soon (Aftermath Remix)
[19:48:44] <FireSky> Nero numerek ? 
[19:48:47] <NeroDMC> 98
[19:48:53] <Delta3120> a będzie pianinowy special? xD
[19:48:55] <NeroDMC> ynie
[19:48:57] <McKey> Jeff Buffer :v
[19:49:50] <Eivel> McKey: kim jest Jeff Buffer? :>
[19:49:59] *** Joins: BlackBirt (AveLuna@Pony-7r9m4l.play-internet.pl)
[19:50:38] <NeroDMC> 210
[19:50:38] <Delta3120> 210
[19:50:39] *** Joins: Derpyi (root@Pony-3agfts.antyklay.pl)
[19:50:43] <Shun> 210
[19:50:48] <Eivel> tlt
[19:50:49] <Delta3120> Lovde me cherrileie
[19:50:52] <Delta3120> wt i tlt
[19:50:52] <Eivel> cherelee
[19:50:52] <NeroDMC> Love me cherrlie tlt
[19:50:55] <FireSky> ------
[19:50:57] <Derpyi> TLT - Cherlie
[19:51:12] <Delta3120> nie ma to jak szybko walnąć w klawiature xD
[19:51:27] <Eivel> nei ma to jak prawą ręką trzymać kubek i pić kawę
[19:51:28] <Delta3120> to jest akurat moja ulubiona piosenka
[19:51:36] <FireSky> Eivel numerek ? 
[19:51:39] <Eivel> 77
[19:51:46] <NeroDMC> Ja nie mam mojej ulubionej piosenki kucykowej
[19:51:54] <Derpyi> Nie ma to jak mieć kopyta :v
[19:52:14] <NeroDMC> Ale mi się podoba
[19:52:18] <Derpyi> Eivel: daj kawy :v
[19:52:22] <Eivel> mcDerpyi, nie podszywaj się pod jedyną i prawdziwą Lady Bot
[19:52:22] <Delta3120> ostatnio odkryłem twarz wooden toastera xD
[19:52:42] <Shun> Dobrze przeczytałeś :D
[19:52:43] <Delta3120> to sobie pozmieniajmy jak ostatnio xD
[19:52:53] <Derpyi> ooo Delta3120 tak to xD
[19:52:57] *** Derpyi is now known as rhdsgfjsrdsftdgrt
[19:53:02] <NeroDMC> matematyka
[19:53:04] <Shun> matma
[19:53:15] <Eivel> aviators heroes
[19:53:18] <Delta3120> aviators
[19:53:21] <Shun> aviators
[19:53:22] <NeroDMC> Aviators fight the empire
[19:53:24] <Eivel> 71
[19:53:24] <McKey> Aviators FRIENDSHIP!!
[19:53:26] * Delta3120 change nick qwiefdhsuihgfu
[19:53:33] <FireSky> --------------
[19:53:49] *** McKey is now known as qwertyuiop[
[19:53:54] *** BlackBirt is now known as jbhsubajqzhahb
[19:53:58] <NeroDMC> ;-;
[19:53:59] <Delta3120> ^_^
[19:54:05] <Eivel> pierwszy raz kawałek był puszczany na premierze płyty, gdy HeatWave na EFN oddała Lunar Republic Takeover Aviatorsowi 
[19:54:08] <Eivel> fun fact by Eivel
[19:54:16] <qwertyuiop[> reklama BAN!
[19:54:29] <Eivel> nie, bo EFN już nie istnieje
[19:54:30] <Delta3120> coś mi nie działa ta zmiana nicku
[19:54:30] <Eivel> :P
[19:54:34] <FireSky> Eivel numerek ? 
[19:54:36] <qwertyuiop[> Eivel>> jeszcze 2 dni :P
[19:54:39] <Eivel> 71, pisałem wyżej
[19:54:42] <qwertyuiop[> Delta3120>> wejć i wyjć :P
[19:54:48] <FireSky> Przez ten spam zmianami nie widziałem 
[19:54:49] <Eivel> FireSky: 71
[19:54:55] <qwertyuiop[> Kucysie na mini mini=
[19:54:55] *** Quits: Delta3120 (~Delta3120@Pony-7unsia.static.kolnet.eu) (Quit: Page closed)
[19:55:07] *** Joins: Delta3120 (Delta3120@Pony-7unsia.static.kolnet.eu)
[19:55:12] <Delta3120> dobra, walić to xD
[19:55:20] <NeroDMC> chyba ci zepsuło się xd
[19:55:29] *** qwertyuiop[ is now known as McKey
[19:56:01] <McKey> s4e4
[19:56:08] <Delta3120> moonrise
[19:56:11] <McKey> Delta3120>> +1
[19:56:18] <Delta3120> xD
[19:56:26] *** jbhsubajqzhahb is now known as BlackBirt
[19:56:27] <NeroDMC> 21 pkt suprise
[19:56:29] <Delta3120> o ty...
[19:56:37] <Shun> yay 4 ptk
[19:56:48] <NeroDMC> Archie
[19:56:48] *** McKey sets mode: +b m:r:nero*
[19:56:51] <Delta3120> Evening star
[19:56:58] <Delta3120> archie
[19:57:00] <NeroDMC> ;-;
[19:57:02] <Delta3120> aviators
[19:57:12] <Delta3120> Forest rain
[19:57:12] <NeroDMC> Aftermatch
[19:57:19] *** McKey sets mode: +b r:m:nero*
[19:57:21] <Delta3120> Ellie monty
[19:57:28] <BlackBirt> Nero: ci niewolno pisac masz muta :v
[19:57:35] <McKey> rm -rf NeroDMC :v
[19:57:38] <Delta3120> Art Attack
[19:57:41] <FireSky> ---------------------FritzyBeat & EnV - The Paladin
[19:57:45] <NeroDMC> aha
[19:57:48] <BlackBirt> To tak niedziala key ;p
[19:57:51] <Delta3120> nie znam xD
[19:57:53] <McKey> BlackBirt>> szkoda :P
[19:57:58] *** McKey sets mode: -bb r:m:nero* m:r:nero*
[19:58:03] <Shun> trudne
[19:58:04] <NeroDMC> Gdzie policja
[19:58:12] <BlackBirt> Je pączki
[19:58:13] <NeroDMC> Probuja mnie mi mute dać
[19:58:14] <McKey> o tutaj
[19:58:32] <NeroDMC> Fire oni chca mi dać mute ;-;
[19:59:16] <McKey> masz racje BANANEM GO @!@!#@!$! xD
[19:59:19] <Delta3120> policja... prosze przyjachać na facebooka xD
[19:59:19] <NeroDMC> nieeee
[19:59:31] <McKey> FireSky>> Moonrise - Stage 6
[19:59:32] <NeroDMC> Ban to też mute 
[19:59:36] <Eivel> .g dear sister moon forestrain youtube
[19:59:40] <Derpi> Eivel: http://www.youtube.com/watch?v=80aJt-DKIMA
[19:59:40] <McKey> NeroDMC>> z mute możesz wejść
[19:59:40] <BlackBirt> Ale w obie strony
[19:59:41] <Eivel> to jest dobre ma przerwę
[19:59:47] <Delta3120> pość omniponego żeby nie było że tylko draagon greed znają
[19:59:49] <Eivel> yy
[19:59:50] <Eivel> nie to 
[19:59:50] <McKey> NeroDMC>> a z banem już nie :P
[19:59:51] <Eivel> xd
[19:59:54] <FireSky> zw
[20:00:01] <McKey> anyway away
[20:00:03] <Delta3120> jt
[20:00:05] <Eivel> FireSky: dziękuję, tej piosenki mi brakowało dziś :P
[20:00:16] <NeroDMC> Jestem miły a oni chcą dać bana
[20:00:31] <BlackBirt> Nie, jestes zadobry ;p
[20:01:01] <BlackBirt> Wiedzą że Cie niepokonją wieć banują :P
[20:01:08] <Delta3120> j
[20:01:20] <BlackBirt> 'wieć' xd więc*
[20:01:24] <NeroDMC> A Eivel który wiezi ChungIP to nikt z tym nie zrobi
[20:01:43] <Eivel> regularnie dostarczam mu posiłki
[20:01:55] <NeroDMC> Toś dojechał xd
[20:02:12] <Eivel> NeroDMC: wiesz, Andragor już nie grywa
[20:02:13] <Eivel> więc...
[20:02:17] <Eivel> ty jesteś następny
[20:02:19] <Eivel> :>
[20:02:41] <NeroDMC> Ja się nie dam moc demona jest ze mną
[20:03:33] <Delta3120> mc key
[20:03:52] <Delta3120> jak za tydzień nie póści moonrise to pogrozimy mu atakiem terrorystycznym xD
[20:04:00] <NeroDMC> xd
[20:05:20] <FireSky> To ma 25 min !
[20:05:22] <FireSky> xD
[20:05:27] <McKey> lol
[20:05:33] <BlackBirt> Malo
[20:05:37] <Delta3120> trudno xd
[20:05:47] <McKey> w 5 min, Zrobiłem i zjadłem kolacje, byłem  w toalecie i zjadłem kawałek sernika...
[20:05:59] <BlackBirt> Da sie? Da sie
[20:06:04] <Delta3120> ten speed
[20:06:07] <FireSky> Sernik ? :o 
[20:06:17] <McKey> FireSky>> nie ma
[20:06:19] <Delta3120> sernik go prześladuje xD
[20:06:24] <McKey> nie puszczasz MoonRise :v
[20:06:25] <NeroDMC> xd
[20:06:32] <NeroDMC> Nie znam moonrise
[20:06:35] <McKey> a ci wysłałem w 3 wersjach
[20:06:45] <McKey> .g l-train moonrise
[20:06:45] <Delta3120> xd
[20:06:47] <Derpi> McKey: http://www.youtube.com/watch?v=IBvl-AdnHGY
[20:06:50] <McKey> http://www.youtube.com/watch?v=IBvl-AdnHGY
[20:06:51] <Derpi> [YouTube] Title: Moonrise: A Symphonic Metal Opera | Uploader: The L-Train | Uploaded: 20/02/2014, 10:44 | Duration: 0.43hours 48secs | Views: 198,159 | Comments: 970 | Likes: 4,765 | Dislikes: 60
[20:06:52] <FireSky> mam je :p i postaram się to puścić xD 
[20:06:53] <McKey> tak to
[20:07:02] <Eivel> IV part <3
[20:07:12] <Eivel> te wstawki NMM
[20:07:13] <McKey> FireSky>> trzymam za hm... Słowo to nie ma co ale za dolną częśc pleców xD
[20:07:15] <Delta3120> widzisz? działa xD
[20:07:56] <FireSky> To mi przypominaj na skype :p 
[20:07:58] <McKey> ...
[20:08:06] <Delta3120> ja ci moge przypominać tylko podaj xD
[20:08:10] <McKey> Jak ci przypomne na skype to obudze trupa
[20:08:21] <McKey> Delta3120>> masz mojego Fb :P
[20:08:22] <Eivel> McKey: napisać moda do przypomnień na skype ? xD
[20:08:23] <FireSky> wat ? xD
[20:08:36] <Delta3120> napisz xD
[20:08:49] <McKey> Eivel>> tak do Xchata albo Quasila :P
[20:09:05] <Delta3120> i napisz program który wysyłał z mojego konta zapowiedzi następnych piosenek xD
[20:09:08] <NeroDMC> zaraz koniec przerwy
[20:09:33] <Shun> I walka rozpocznie się na nowo
[20:09:38] <Eivel> Delta3120: dobrze! Zaraz wystawię rachunek za ile to wyjdzie :P
[20:09:46] <NeroDMC> xd
[20:09:50] <Delta3120> oops xD
[20:09:54] <McKey> Eivel>> 30-40 zł
[20:10:01] <McKey> choć zalezy jaki klient
[20:10:05] <Delta3120> ja mam tylko 13 lat xD
[20:10:09] <NeroDMC> 10 piosenek = 1 zl
[20:10:10] <McKey> bo jak Xchat na windows to tak koło 60 :P
[20:10:19] <NeroDMC> xd
[20:10:34] <Delta3120> pość omniego!
[20:10:51] <NeroDMC> halloween
[20:10:56] <Shun> hallowen?
[20:10:56] <Delta3120> ja i husarz
[20:11:02] *** Joins: Husarz44 (Husarz44@Pony-95loug.devs.futuro.pl)
[20:11:07] <Husarz44> rainbow factory
[20:11:07] <Delta3120> mikołajki
[20:11:08] <Eivel> andragor + eivel, husarz + delta, lazy + chungip
[20:11:09] <Husarz44> glaze
[20:11:10] <McKey> Delta3120>> gratuluje ....
[20:11:10] <NeroDMC> Rainbow factowy wooden toaster
[20:11:12] <Delta3120> rainbow factory wt
[20:11:13] <Husarz44> joł
[20:11:15] <Shun> rainbow factory
[20:11:19] <Eivel> rainbow facotyr
[20:11:19] <Eivel> wodden
[20:11:20] <FireSky> --------------
[20:11:30] <Delta3120> za co gratulujesz?
[20:11:36] <BlackBirt> Husarz ledwo wbil i juz zgadl :v
[20:11:37] <McKey> <Delta3120> ja i husarz
[20:11:37] <McKey> * Husarz44 (Husarz44@Pony-95loug.devs.futuro.pl) has joined #radioyay
[20:11:37] <McKey> <Husarz44> rainbow factory
[20:11:38] <Delta3120> xD
[20:11:48] <Husarz44> joł
[20:12:05] <Delta3120> husarz!
[20:12:08] <Delta3120> jesteś xD
[20:12:11] <Husarz44> tag, to ja
[20:12:12] <Delta3120> siemka xD
[20:12:15] <NeroDMC> Siema
[20:12:15] <Husarz44> cze
[20:12:17] <FireSky> Husarz numerek ? 
[20:12:17] <BlackBirt> Hai
[20:12:20] <Husarz44> 15
[20:12:22] <Delta3120> bałęm sie że nie żyjesz xD
[20:12:34] <Husarz44> well, miałem ciekawą rozgrywkę na sweaw
[20:12:44] <Husarz44> i zapomniałem
[20:12:49] <Delta3120> xD
[20:13:01] <Husarz44> ale imperium zostało pociśnięte
[20:13:14] <Husarz44> hej
[20:13:25] <McKey> !vote
[20:13:27] <Husarz44> Firesky: ja byłem pierwszy :P
[20:13:29] <McKey> .vote start
[20:13:32] <Delta3120> dla zainterosawnych do wersji na pianino raiinbow factory https://www.youtube.com/watch?v=O2rI6D3Sl6Q
[20:13:32] <Derpi> [YouTube] Title: Rainbow Factory [Synthesia] [DUET AND SOLO!] - Piano Transcription by DJDelta0 | Uploader: DJDelta0 | Uploaded: 09/07/2014, 17:55 | Duration: 0.12472222222222222hours 29secs | Views: 16,118 | Comments: 157 | Likes: 318 | Dislikes: 3
[20:13:33] <NeroDMC> ok
[20:13:40] <McKey> !vote start
[20:13:43] <Delta3120> daj pianinowy special
[20:14:01] <NeroDMC> co masz z tym pianinem
[20:14:15] <Delta3120> gram na nim zxdD
[20:14:20] <Delta3120> Archie
[20:14:21] <NeroDMC> Archie the pinkie pie stlye
[20:14:23] <Delta3120> Pinkie pie style
[20:14:27] <Shun> archie pinkie pie stylew
[20:14:28] <Husarz44> archie pinkie pie style
[20:14:30] <FireSky> -------------
[20:14:34] <NeroDMC> 75
[20:14:39] <Shun> style* za szybko pisałem
[20:15:20] <BlackBirt> Delta3120: ja tą wersje na pianino juz umim ;p solo oczywiscie
[20:15:27] <Husarz44> ciekawi mnie czemu do teraz ani razu slyphstorm nie był na audycji zapodany chyba
[20:15:29] <McKey> Nowość na stronie (bo pewnie nie wszysyc widzą) http://radioyay.net/request
[20:15:30] <Delta3120> ;)
[20:15:30] <Derpi> [ Radio Yay - System Zamawiania Piosenek ] - radioyay.net
[20:15:48] <Husarz44> o mój boże
[20:15:49] <Husarz44> derpi
[20:15:50] <NeroDMC> Widziałem tą flutteshy
[20:15:53] * Husarz44 głaszcze derpi
[20:15:57] <BlackBirt> W sesnie to 3D?
[20:16:04] <BlackBirt> Derpi is off
[20:16:07] <McKey> .on
[20:16:07] <Derpi> Wróciłam!
[20:16:09] * Husarz44 głaszcze derpi
[20:16:09] * Derpi Zrzuca kowadło na Husarz44
[20:16:12] <McKey> .off
[20:16:12] * Derpi siada w kącie...
[20:16:14] <McKey> nie
[20:16:14] <BlackBirt> Juz nie...
[20:16:15] <Husarz44> tak :D
[20:16:34] <Delta3120> tob edzie ten special pianinowy?
[20:17:02] <FireSky> Tylko tytuł !!! 
[20:17:04] <Delta3120> Gypsy bard
[20:17:06] <Husarz44> sherclop ponies?
[20:17:10] <NeroDMC> Gpsy bard scerlop
[20:17:14] <Husarz44> gypsy bard
[20:17:14] <FireSky> ------------------
[20:17:15] <Shun> gpst bard?
[20:17:18] <FireSky> -----------
[20:17:23] <NeroDMC> Pisałem szybko
[20:17:25] <McKey> GIPS BARD
[20:17:27] <Delta3120> robiłem to na pianino xD
[20:17:34] <NeroDMC> Delta nei chwal sie juz
[20:17:44] <Delta3120> nie chwale sie  xD
[20:17:46] <Delta3120> tylko mówie
[20:17:48] <NeroDMC> y
[20:18:01] <FireSky> Numerek delta ? 
[20:18:05] <Husarz44> lol zgadłem autora? :D
[20:18:06] <Delta3120> 47
[20:18:08] <NeroDMC> Delta jakby było by audycja pianinowato ja bym miał 0 pkt
[20:18:20] <Delta3120> a ja wszystkie (chyba) xD
[20:18:29] <BlackBirt> Ja wszyskie ;p
[20:18:37] <Delta3120> DjDelta0 xD
[20:18:48] <BlackBirt> & weiltime
[20:18:57] <McKey> tak raz
[20:18:58] <NeroDMC> Tak
[20:18:59] <Shun> tak
[20:19:00] <Delta3120> tak
[20:19:04] <McKey> nie miałeś gardła w listopadie
[20:19:05] <BlackBirt> Eyup
[20:19:05] <NeroDMC> grudzien
[20:19:06] <Delta3120> grudzien
[20:19:09] <Husarz44> w grudniu
[20:19:09] <Shun> grudzień
[20:19:20] <Shun> tak w grudniu
[20:19:22] <NeroDMC> Archie
[20:19:25] <Delta3120> Alex S
[20:19:36] <Delta3120> tu tu ru du tu 
[20:19:44] <McKey> Seven Element 
[20:19:44] <Husarz44> wub wub wub wub
[20:19:46] <FireSky> nie
[20:19:50] <NeroDMC> Aftermatch
[20:19:58] <Delta3120> twitch
[20:20:06] <McKey> InceriblePie
[20:20:09] <FireSky> ------------------Drakon - Descent
[20:20:14] <Delta3120> a no tak
[20:20:15] <McKey> m4n3 6
[20:20:45] <Delta3120> glitch i ja tego nie znam?
[20:20:47] <Delta3120>  lol
[20:21:16] <Husarz44> tego roku
[20:21:26] <Husarz44> jak nie
[20:21:42] <Husarz44> kuamiesz
[20:21:55] <Husarz44> :P
[20:22:15] <Delta3120> Loyalty
[20:22:19] <Husarz44> loyalty mandopony
[20:22:25] <McKey> PPP
[20:22:26] <Delta3120> Picture of the perfect pony
[20:22:27] <NeroDMC> Picture perfect pony
[20:22:28] <Delta3120> ellie monty
[20:22:31] <Husarz44> Picture PP
[20:22:31] <McKey> Mando and Ellie
[20:22:33] <Husarz44> Ellie
[20:23:00] <Shun> picture of perfect pony
[20:23:20] <FireSky> McKey numerek ? 
[20:23:25] <NeroDMC> jakim prawem on
[20:23:32] <NeroDMC> Skrócił nazwę piosenki ;-;
[20:23:33] <Delta3120> daj omni
[20:23:34] <FireSky> Bo nie był :p 
[20:23:40] <FireSky> Ale za to punktów nie ma xD
[20:23:50] <McKey> FireSky>> Ty mi powiec XD
[20:23:50] <Derpi> McKey: 2014-12-30 - 19:23:40 <Eivel> test2
[20:23:51] <Derpi> McKey: 2014-12-30 - 19:22:40 <Eivel> test2
[20:23:54] <McKey> Eivel>> psuj
[20:23:59] <NeroDMC> Delta ty juz mnie irytujesz z tym omni
[20:24:05] <Delta3120> trudno xD
[20:24:09] <McKey> 209
[20:24:14] <Delta3120> jesteś na to podatny widze
[20:24:16] *** McKey sets mode: +g *omni*
[20:24:19] <McKey> omni :3
[20:24:26] <McKey> FireSky>> kiedyś :v
[20:24:28] <Delta3120> moonrise
[20:24:49] <NeroDMC> Loyalty
[20:24:49] <McKey> BEZ LOYALITY !!!!!
[20:24:49] <Delta3120> Loyalty
[20:24:53] <Eivel> bez FireSky
[20:24:54] <McKey> A WAIT xD
[20:24:56] <Delta3120> xD
[20:24:57] <Shun> bez mikrofonu
[20:24:58] <Husarz44> Loyalty
[20:25:00] <McKey> Bez Internetu :v
[20:25:01] <FireSky> Eivel 1 pkt :3
[20:25:01] <Eivel> octavia
[20:25:01] *** Joins: Pony_6 (Pony_6@Pony-8k6me3.adsl.tpnet.pl)
[20:25:03] <Eivel> evening star
[20:25:03] <NeroDMC> Archie
[20:25:04] <Pony_6> bez ciebie 
[20:25:05] <Pony_6> xD
[20:25:09] <Husarz44> evening star 
[20:25:12] <Delta3120> evening star
[20:25:14] <Shun> evening star
[20:25:14] <NeroDMC> Aftermatach
[20:25:15] <Pony_6> evening star
[20:25:16] <McKey> a nawet nie
[20:25:19] <Eivel> ale ładny copypaste 
[20:25:21] <Eivel> :P
[20:25:21] <FireSky>  McKey muzi napisac bo nie wiem xD
[20:25:30] <McKey> FireSky>> tak Eivel pierwszy
[20:25:31] <Delta3120> to nie copy xD
[20:25:35] <Husarz44> Octavia
[20:25:41] <Husarz44> evening star 
[20:25:43] <NeroDMC> Octavia theme
[20:25:44] <FireSky> Eivel numerek ? 
[20:25:49] <Eivel> 197
[20:27:26] <Delta3120> nie
[20:27:26] <NeroDMC> Nie
[20:27:27] <Husarz44> nie
[20:27:29] <Eivel> nope
[20:27:29] <Shun> nope
[20:27:30] <McKey> tak
[20:27:40] <Delta3120> outsider xD
[20:27:41] <Eivel> archie
[20:27:41] <FireSky> kiedy ? xD 
[20:27:43] <Delta3120> archie fritz
[20:27:50] <McKey> FireSky>> tera :v Ze mną :v
[20:27:50] <NeroDMC> Archie
[20:27:56] <Shun> fritz? 
[20:28:00] <Husarz44> archie
[20:28:01] <Delta3120> tak
[20:28:05] <FireSky> -------------
[20:28:05] <NeroDMC> fritz
[20:28:08] <Delta3120> chyba xD
[20:28:14] <FireSky> Eivel 1 pkt 
[20:28:33] <Delta3120> tylko on?
[20:28:35] <FireSky> Numerek ? 
[20:28:41] <Eivel> ja mam podać?
[20:28:44] <Eivel> 171
[20:28:45] <FireSky> Tak 
[20:28:53] <FireSky> -------------Violet Eyes Archie
[20:29:05] <Shun> serio?
[20:29:07] <McKey> .tell Eivel work?
[20:29:08] <Derpi> McKey: Przekażę wiadomość, gdy Eivel będzie w pobliżu.
[20:29:13] <Eivel> nie działa, McKey
[20:29:14] <Derpi> Eivel: 2014-12-30 - 19:29:07 <McKey> work?
[20:29:19] <Eivel> bo na raz programuję i gram tu :p
[20:29:32] <McKey> Eivel>> to pij jeszcze kawe xD
[20:29:34] <Delta3120> ale ja nie mam kasy xD
[20:29:42] <Eivel> to też robię
[20:29:56] <Eivel> Delta3120: ChungIP też nie miał
[20:30:12] <Delta3120> xD
[20:30:13] <Husarz44> lol?
[20:30:29] <Shun> xD
[20:30:34] <McKey> win :v
[20:30:40] <Delta3120> ja od października też jestem co tydzień xZD
[20:30:51] <McKey> Delta3120>> a ja od września :v
[20:30:54] <NeroDMC> Ja od listopada
[20:31:06] <Shun> ja też czasem wbijam, ale dziś o ptk walczę po raz pierwszy
[20:31:06] <McKey> Tak
[20:31:07] <Husarz44> loyalty mandopony
[20:31:08] <Delta3120> tak
[20:31:10] <NeroDMC> ok
[20:31:18] *** Quits: Pony_6 (Pony_6@Pony-8k6me3.adsl.tpnet.pl) (Ping timeout: 121 seconds)
[20:31:20] <Eivel> slyphstorm
[20:31:20] <Husarz44> slyphstorm
[20:31:21] <Delta3120> Aviators friendship
[20:31:24] <Shun> slyphstorm
[20:31:25] <NeroDMC> Fight the crystal empire
[20:31:26] <Husarz44> shoot in the dark?
[20:31:29] <Delta3120> slyphstorm
[20:31:32] <FireSky> -----------
[20:31:35] <Delta3120> xD
[20:31:38] <Eivel> spirits
[20:31:44] <Eivel> ft decibelle
[20:31:47] <Delta3120> jak husarz mówi slyphstorm to trza słuchać xD
[20:32:11] <FireSky> Eivel numerek ? 
[20:32:14] <NeroDMC> ja nigdy jego nie słuchałem z wyjatkiem na audycji
[20:32:18] <Eivel> FireSky: 161
[20:32:43] <Shun> ostatnio słuchałem :P
[20:32:54] <Eivel> FireSky: a co do audycji z kimś, to ciekawie byłoby, gdyby był to ktoś o odmiennym guście muzycznym i przed audycją jeszcze wybralibyście swoje piosenki do trafiania
[20:33:03] <Delta3120> no włąśnie
[20:33:05] <Husarz44> hehehe
[20:33:09] <Husarz44> śmiechłęm
[20:33:29] <Husarz44> hmm gdzie znikła moja woda?
[20:33:32] <Delta3120> z misiekm200m zrób xD
[20:33:34] <NeroDMC> wyparowała
[20:33:41] <Husarz44> wyschła
[20:33:45] <NeroDMC> Archie
[20:33:45] <Delta3120> Archie
[20:33:47] <Husarz44> archie
[20:33:48] <Shun> archie
[20:33:51] <Eivel> twitch eclipse
[20:33:55] <FireSky> nie
[20:33:58] *** Quits: BlackBirt (AveLuna@Pony-7r9m4l.play-internet.pl) (Connection closed)
[20:33:58] <Delta3120> no to twitch xD
[20:34:01] <NeroDMC> Aftermatch
[20:34:07] <Delta3120> art attack
[20:34:14] <Eivel> damn, OneTrick to często dawała na mixology
[20:34:17] <McKey> Z mordeczem i niech on śpiewa piosęki :P
[20:34:21] <McKey> Eivel>> tak xD
[20:34:25] <McKey> Podpowiadaj im
[20:34:29] <McKey> a fakt
[20:34:32] <McKey> >OneTwick xd
[20:34:37] <McKey> >OneTrick*
[20:34:45] <NeroDMC> Aviators
[20:34:46] <FireSky> ----------------Silva Hound - Everypony_s Bangin
[20:34:47] <Eivel> aaa
[20:34:49] <Eivel> omg
[20:34:51] <Eivel> wiedziałem
[20:34:51] <Husarz44> hmm
[20:34:51] <Eivel> xD
[20:34:51] <Delta3120> xD
[20:34:56] <NeroDMC> taa jasne
[20:35:16] <Delta3120> gówn gówn gówn kick kick kick kick xD
[20:35:22] <Shun> xD
[20:35:30] <NeroDMC> to ześ poleciał
[20:35:37] <Husarz44> już wiem skąd to kojarze
[20:35:55] <Delta3120> po tym jak obejrzałem ukryty mix polski to tak jest xD
[20:36:00] <Husarz44> https://www.youtube.com/watch?v=_9AN7WpRy2Y
[20:36:01] <Derpi> [YouTube] Title: spaghetti.avi | Uploader: kanashiipanda | Uploaded: 19/11/2013, 05:18 | Duration: 0.008611111111111111hours 1.1102230246251565e-16mins 31secs | Views: 185,398 | Comments: 671 | Likes: 4,546 | Dislikes: 87
[20:36:06] <McKey> .on
[20:36:07] <Derpi> Wróciłam!
[20:36:10] <Husarz44> loyalty mandopony
[20:36:13] <McKey> Loyality
[20:36:13] <Derpi> accusticmandobrony - loyality :v
[20:36:16] <McKey> .off
[20:36:17] * Derpi siada w kącie...
[20:36:21] <FireSky> ---------
[20:36:21] <Husarz44> loyalty mandopony
[20:36:21] <Delta3120> Acoustimandobrony loyalty
[20:36:23] <NeroDMC> Loyalty mando
[20:36:24] <McKey> Sorry :v
[20:36:25] <Husarz44> lol
[20:36:25] <Delta3120> NIEeeeeee
[20:36:29] <FireSky> ------------
[20:36:29] <Husarz44> szybko poszło
[20:36:30] <Delta3120> taki trol
[20:36:37] <NeroDMC> Ej no nawet mi sie piosenka nie włączyła
[20:36:55] <NeroDMC> A juz troluja
[20:36:57] <NeroDMC>  ;-;
[20:37:04] <Husarz44> Nero: bo to już było wiadomo z kontekstu wypowiedzi
[20:37:18] <FireSky> Znają mnie xD
[20:37:24] *** Joins: BlackBirt (AveLuna@Pony-7r9m4l.play-internet.pl)
[20:37:25] <NeroDMC> Ja nie jestem takim profesjonalista
[20:37:25] <Husarz44> "3 pierwsze odpowiedzi" proszę cię
[20:37:37] <NeroDMC> To moglo być discord lub how appleajck
[20:37:38] <McKey> Ja Derpi i Husarz44 xD
[20:37:39] <Husarz44> tylko jedna piosenka tak może
[20:37:42] <FireSky> Husarz numerek ? 
[20:37:49] <Husarz44> 87
[20:38:05] <Husarz44> hmm
[20:38:06] <Husarz44> .on
[20:38:06] <Derpi> Wróciłam!
[20:38:09] <Husarz44> :D
[20:38:09] <NeroDMC> Fire masz Awoken ?
[20:38:11] <McKey> .off
[20:38:11] * Derpi siada w kącie...
[20:38:14] * Husarz44 głaszcze derpi
[20:38:15] <Husarz44> :D
[20:38:17] <Husarz44> .on
[20:38:18] <Derpi> Wróciłam!
[20:38:19] * Husarz44 głaszcze derpi
[20:38:19] <Derpi> Eivel bierz siekierę i na Husarz44
[20:38:21] <McKey> .off
[20:38:21] * Derpi siada w kącie...
[20:38:23] <Husarz44> .of
[20:38:23] *** Husarz44 was kicked by McKey (McKey)
[20:38:42] <McKey> FireSky>> Lubisz Placki?
[20:38:43] <NeroDMC> Fire masz piosenkę Awoken?
[20:38:44] *** Joins: Husarz44 (Husarz44@Pony-95loug.devs.futuro.pl)
[20:38:47] <Delta3120> bedzie pianinowy special?
[20:38:51] <Shun> Fire jaki masz mikrofon?
[20:39:00] <BlackBirt> .on
[20:39:01] <Derpi> Wróciłam!
[20:39:03] <NeroDMC> Archie
[20:39:03] <Derpi> to pewnie archie :v
[20:39:05] <BlackBirt> :v
[20:39:06] <Delta3120> zart
[20:39:07] <Husarz44> archie
[20:39:07] <Derpi> to pewnie archie :v
[20:39:08] <Delta3120> archie
[20:39:08] <Derpi> to pewnie archie :v
[20:39:09] <McKey> .off
[20:39:09] * Derpi siada w kącie...
[20:39:14] <BlackBirt> Luj
[20:39:18] <Shun> archie
[20:39:36] <FireSky> -----------Jastrian - Sonic High
[20:39:40] <Delta3120> haha
[20:39:46] <Shun> nie znam
[20:39:51] <NeroDMC> ja też
[20:41:04] <Delta3120> YAY
[20:41:07] <NeroDMC> Nie
[20:41:15] <McKey> FireSky>> jesdno słowo xD
[20:41:18] <Delta3120> tak xD
[20:41:20] <NeroDMC> Strajk na Audycje pianinowa
[20:41:33] <Shun> ale marka albo cuś bliżej?
[20:41:36] <NeroDMC> Archie
[20:41:38] <Husarz44> aviators
[20:41:39] <McKey> .on
[20:41:40] <Derpi> Wróciłam!
[20:41:41] <Husarz44> archie
[20:41:41] <Derpi> to pewnie archie :v
[20:41:46] <Delta3120> Gigle at the gostly
[20:41:47] <NeroDMC> Twilight - dont the vore
[20:41:49] <McKey> Derpi>> proprosze Twilight
[20:41:53] <Delta3120> Rainbowlicious
[20:41:58] <Husarz44> dont the vore twilight
[20:42:01] <McKey> derpi: Poprosze Twilight
[20:42:01] <Derpi> donthevore -twilight sparkle
[20:42:02] <FireSky> --------------
[20:42:04] <McKey> .off
[20:42:05] * Derpi siada w kącie...
[20:42:15] * Delta3120 też
[20:42:29] <NeroDMC> 98
[20:42:34] * Husarz44 kłazdie się w kącie
[20:42:38] <FireSky> 98
[20:42:39] <Husarz44> kładzie*
[20:42:48] <FireSky> było 
[20:42:51] <NeroDMC> 71
[20:42:52] <McKey> 200
[20:42:56] <FireSky> 71
[20:42:58] * Delta3120 leży na podłodze xD
[20:43:06] <FireSky> było
[20:43:10] <NeroDMC> 119
[20:43:11] <McKey> 200
[20:43:18] <Husarz44> milionpięćsetstodziewięćset
[20:43:29] <Shun> Fire jaka marka mikrofonu? może masz gdzieś na nim napisane xD
[20:43:43] <NeroDMC> Ciekawe kto zapisuje jakie numrki piosenek były dziś
[20:43:44] <FireSky> Wiem że mam ze słuchawkami i są z tracer'a 
[20:44:02] <Husarz44> Shun: Firma sp. z.ł.o
[20:44:08] <Delta3120> Fire - będą jakieś inne audycje ze zgadywaniem piosenek?
[20:44:08] <Shun> :P
[20:44:40] <Husarz44> lol?
[20:44:49] <Delta3120> lepsze
[20:44:52] <NeroDMC> Podoba się
[20:44:54] <Shun> bardzo fajna
[20:44:56] <Husarz44> głupio że numerki pozmieniane
[20:44:59] <Husarz44> :D
[20:45:09] <McKey>  Jest Fajna
[20:45:13] <McKey> NNM
[20:45:15] <Delta3120> NIghtmare night wt 
[20:45:15] <McKey> WT
[20:45:16] <Husarz44> nightmare night glazemic
[20:45:20] <NeroDMC> Nightmre night mic the mic ft wooden toaster
[20:45:22] <Shun> nightmare night
[20:45:23] <FireSky> -------------
[20:45:34] <Husarz44> akurat myślałem o tej piosence :D
[20:45:48] *** Quits: Tivolt (Tivolt@Pony-k2b8i4.adsl.tpnet.pl) (Ping timeout: 121 seconds)
[20:45:50] <FireSky> McKey numerek ? :3 
[20:46:01] <McKey> FireSky>> Nie pamietam
[20:46:02] <Husarz44> wot?
[20:46:12] <McKey> 207 chyba
[20:46:18] <McKey> albo 208
[20:46:34] <FireSky> to zdecyduj xD
[20:46:39] <McKey> 207 
[20:46:43] <NeroDMC> Nie agłosuje wola ludu
[20:46:43] <Delta3120> co za faja dała O***pony jako cenzurowane słowo? xD
[20:47:01] <McKey> Delta3120>> ta faja ma większą faje od ciebie xD
[20:47:02] <BlackBirt> Key
[20:47:06] <Delta3120> xD
[20:47:16] <NeroDMC> xd'
[20:47:21] <Husarz44> xD
[20:47:24] *** McKey sets mode: -g *omni*
[20:47:30] <Delta3120> dzięki xD
[20:47:43] <Delta3120> no nie
[20:48:00] <Husarz44> lol?
[20:48:02] <Delta3120> bedzie tak jak tydzień temu xD
[20:48:05] <Shun> lol
[20:48:15] <McKey> WWUP
[20:48:17] <Delta3120> Bronyfield
[20:48:20] <Delta3120> Mando
[20:48:21] <Husarz44> metalized winter wrap up
[20:48:24] <NeroDMC> winter wap up bronyfiels
[20:48:24] <Delta3120> Winter wrap up
[20:48:24] <McKey> Bronyfiled
[20:48:25] <Shun> WWUP
[20:48:27] <FireSky> -----------------
[20:48:28] <Husarz44> bronyfield
[20:48:28] <NeroDMC> metal 
[20:48:38] *** Joins: Tivolt (~Tivolt@Pony-k2b8i4.adsl.tpnet.pl)
[20:49:11] <FireSky> Delta numerek ? 
[20:49:19] <Delta3120> 32
[20:49:21] <McKey> trójke panie xD
[20:49:27] <Delta3120> albo nie , 88
[20:49:35] <NeroDMC> zdecyduj sie
[20:49:38] <Delta3120> 88
[20:49:45] <NeroDMC> A w 88 bedzie rc88 xd
[20:49:53] <Husarz44> zawczasu
[20:49:54] <McKey> nie bo InceriblePie :v
[20:49:56] <Husarz44> rc88
[20:49:59] <Delta3120> sprawdź jaki numer ma moonrise xD
[20:50:23] <McKey> FireSky>> nubie
[20:50:28] <Husarz44> well
[20:50:28] <NeroDMC> Archie
[20:50:30] <Husarz44> archie
[20:50:35] <Delta3120> Hearts as strong as horses sim gretina
[20:50:40] <Delta3120> archie
[20:50:42] <Shun> archie
[20:50:43] <Husarz44> hasah sim gretina
[20:50:49] *** Quits: rhdsgfjsrdsftdgrt (root@Pony-3agfts.antyklay.pl) (Quit: leaving)
[20:50:53] <Husarz44> :P
[20:50:59] <FireSky> ------------Crystal_Slave_-_SuperDash_(Dj_Gestap_remix)
[20:51:09] <Delta3120> miałeś racje fire xD
[20:51:26] <FireSky> Wiem xd +2 pkt dla mne xD
[20:51:30] <NeroDMC> gg
[20:51:35] <Delta3120> xD
[20:51:39] <Husarz44> wub wub wub
[20:51:53] <Delta3120> jeszcze skosisz mnie i nera xD
[20:52:12] <Husarz44> 3
[20:52:12] <Delta3120> 2
[20:52:14] <NeroDMC> 3
[20:52:15] <Shun> 3
[20:52:17] <BlackBirt> 2
[20:52:22] <Delta3120> Archie
[20:52:24] <Husarz44> 4
[20:52:25] <NeroDMC> Archie
[20:52:25] <Husarz44> :P
[20:52:27] <Shun> archie
[20:52:30] <BlackBirt> 1 :v
[20:52:32] <FireSky> Husarz 1 pkt
[20:52:32] <Husarz44> archie
[20:52:35] <McKey> 4
[20:52:46] <NeroDMC> eurobeat brony truw true firend
[20:52:46] <FireSky> nie
[20:52:48] <Delta3120> Oddysey
[20:52:50] <FireSky> Tak xD
[20:52:53] <Husarz44> eurobeat true true
[20:52:54] <FireSky> Nero 2 pkt
[20:52:56] <Husarz44> friend
[20:52:56] <NeroDMC> yay
[20:52:57] <FireSky> ------------
[20:53:01] <NeroDMC> 162
[20:53:21] *** Joins: Detonato300 (Detonato300@Pony-1gd.gqe.174.89.IP)
[20:53:24] <Detonato300> Siemanko
[20:53:29] <BlackBirt> Witaj
[20:54:04] <Husarz44> welcome
[20:54:10] <Husarz44> archie
[20:54:11] <NeroDMC> Archie
[20:54:13] <Delta3120> Thitch
[20:54:14] <Delta3120> archie
[20:54:16] <Shun> archie
[20:54:38] <FireSky> --------------Silva Hound ft. Rina-Chan - Hooves Up High (Knife Pony Remix)
[20:54:38] <Delta3120> hearts as strong as horses
[20:54:51] <Husarz44> ech, blisko
[20:55:02] <McKey> chyba musze zrobić paczke z nutami od Mistress
[20:55:24] <Detonato300> :)
[20:56:06] <Delta3120> no nie
[20:56:35] <NeroDMC> Let the rainbow oodorato
[20:56:36] <Delta3120> let the remind you
[20:56:37] <Husarz44> let the rainbow remind you remix
[20:56:40] <McKey> RANBOW SZMATY xD
[20:56:41] <Delta3120> Rainbow
[20:56:45] <FireSky> nie
[20:56:50] <Shun> let the rainbow remind 
[20:57:05] <NeroDMC> oodorato sezon 3-4 
[20:57:05] <FireSky> ------------------Foozogz - Together
[20:57:33] <Husarz44> jakieś to takie okultystyczne
[20:57:46] <NeroDMC> okulistyczne
[20:58:27] <Delta3120> znowu
[20:58:31] <Delta3120> xD
[20:58:42] <NeroDMC> Delta jak tydz temu z 2 miejsca n1 iejsce
[20:58:49] <NeroDMC> xd
[20:58:49] <Shun> gratuluję wszystkim top 4 jest :D
[20:58:52] <Husarz44> Teoretycznie magia jest w mlp więc według kościoła małe dziewczynki nie powinny tego oglądać
[20:58:54] <Delta3120> no wiem xD
[20:59:02] <Husarz44> :P
[20:59:05] <NeroDMC> spadam z czata narka
[20:59:09] <Husarz44> nq
[20:59:22] <McKey> FireSky>> TS
[20:59:38] <Husarz44> Mckey: firesky może byś tylko jeden :P
[20:59:44] <McKey> no xD
[20:59:51] <Shun> Hejka wszystkim 
[20:59:54] <Husarz44> pozdro dla kymatych
[20:59:59] <Husarz44> hej
[21:00:08] <Husarz44> kumatych*
[21:00:20] *** Quits: Shun (Shun@Pony-jlik9d.adsl.tpnet.pl) (Quit: Page closed)
[21:00:27] *** Quits: FireSky (~FireSky@Pony-sq58b7.dynamic.chello.pl) (Quit: Page closed)
[21:02:56] <Husarz44> ja spadam branoc wszystkim
[21:02:56] *** Quits: Delta3120 (Delta3120@Pony-7unsia.static.kolnet.eu) (Ping timeout: 121 seconds)
[21:03:00] *** Parts: Husarz44 (Husarz44@Pony-95loug.devs.futuro.pl) ("")
[21:03:07] *** Quits: NeroDMC (NeroDMC@Pony-r85.lun.175.46.IP) (Ping timeout: 121 seconds)
[21:03:08] <BlackBirt> Zaczelo sie..
[21:03:20] <BlackBirt> 90% kanalu wyjdzie..
[21:03:28] <McKey> tag
[21:08:44] *** Quits: Derpi (Derpi@Keep.Calm.and.Pony.On) (Quit: Closing)
[21:09:02] <BlackBirt> Nawet derpi poszla ;<
[21:11:38] *** Quits: Detonato300 (Detonato300@Pony-1gd.gqe.174.89.IP) (Ping timeout: 121 seconds)
[21:38:23] <McKey> .history
[21:38:41] <BlackBirt> Niema derpi
[21:47:33] *** Joins: AveLuna (AveLuna@Pony-7r9m4l.play-internet.pl)
[21:49:04] *** Quits: BlackBirt (AveLuna@Pony-7r9m4l.play-internet.pl) (Ping timeout: 121 seconds)
[21:50:28] *** AveLuna is now known as BlackBirt
[21:54:26] *** Joins: Derpi (Derpi@Keep.Calm.and.Pony.On)
[21:54:39] <Eivel> .on
[21:54:39] <Derpi> KeyError: Identifier('#radioyay') (file "/home/eivel/.willie/modules/iron_bucket.py", line 576, in on)
[21:54:40] <BlackBirt> Yay
[21:55:14] <BlackBirt> ha error ;p
[21:55:35] <BlackBirt> tyyy chce takie errory w node.js
[21:55:49] <BlackBirt> gdzie pisze ktora linijka :D
[21:56:16] <Eivel> no, to jest fajne
[21:56:23] <Eivel> ale nie za bardzo ogarniam skąd ten błąd
[21:56:34] <BlackBirt> 576 linijka :v
[21:57:07] <Eivel> to mi nic nie mówi, bo tamta linijka sprawdza boola i nie powinno być żadnego Keyerror
[21:57:09] <BlackBirt> w node jest tylko 'unspecyfied error' czy jakus tak :v
[21:57:12] <Eivel> .on
[21:57:15] <Eivel> .off
[21:57:15] <BlackBirt> bo nwm jak pisac
[21:57:15] * Derpi siada w kącie...
[21:57:18] <Eivel> .on
[21:57:18] <Derpi> Wróciłam!
[21:57:23] <BlackBirt> o yay
[21:57:30] <Eivel> hm... okej, mam teorię
[21:57:45] <BlackBirt> ze?
[22:01:26] <Eivel> .on
[22:01:29] <Eivel> .off
[22:01:29] * Derpi siada w kącie...
[22:01:30] <Eivel> .on
[22:01:31] <Derpi> Wróciłam!
[22:01:32] <Eivel> ok
[22:01:43] <Eivel> nie było klucza w słowniku i nie obsługiwałem wyjątku
[22:06:14] <McKey> ;_;
[22:06:15] <McKey> http://puu.sh/dRvPH/9a943a45d9.png
[22:10:30] *** Quits: Proenix (Proenix@proenix.pl) (Quit: Leaving)
[22:30:01] *** Joins: misiek200m_ (Hue@Pony-3ak6pf.adsl.tpnet.pl)
[22:32:01] <BlackBirt> witaj misiek200m_
[22:32:04] *** Quits: misiek200m (Hue@mysterious.chocolate.muffin) (Ping timeout: 121 seconds)
[22:32:54] <McKey> .on
[22:32:58] <McKey> .on
[22:33:00] <McKey> tak
[22:33:00] <Derpi> tak, tak było
[22:33:32] <BlackBirt> niepsuj
[22:56:10] <BlackBirt> mrr
[22:56:14] <BlackBirt> neumi ;p
[23:05:29] <Derpi> Na stronie pojawił się nowy artykuł: http://radioyay.net/2014/12/buldozerem-przez-fanfiki-8-project-alikon/
[23:06:47] <BlackBirt> Danke derpi
[23:06:47] <Derpi> Nie ma za co BlackBirt ^^
[23:07:29] *** Quits: Tivolt (~Tivolt@Pony-k2b8i4.adsl.tpnet.pl) (Ping timeout: 121 seconds)
[23:11:53] *** Joins: Tivolt (Tivolt@Pony-k2b8i4.adsl.tpnet.pl)
[23:18:36] *** Joins: Pony_5 (Pony_5@Pony-lfph0c.adsl.tpnet.pl)
[23:19:25] *** Joins: misiek200m (Hue@Pony-3ak6pf.adsl.tpnet.pl)
[23:21:16] *** Quits: misiek200m_ (Hue@Pony-3ak6pf.adsl.tpnet.pl) (Ping timeout: 121 seconds)
[23:22:38] *** Quits: Pony_5 (Pony_5@Pony-lfph0c.adsl.tpnet.pl) (Ping timeout: 121 seconds)
[23:25:09] <BlackBirt> wiekszosc tego kanalu jak niema audycji to: Wszedl --; wyszedl ---; ping timeout; wszedl; wszedl; wyszedl itd
[23:26:52] <Eivel> no niestety
[23:32:40] *** Joins: Pony_3 (Pony_3@Pony-lfph0c.adsl.tpnet.pl)
[23:39:04] *** Quits: Pony_3 (Pony_3@Pony-lfph0c.adsl.tpnet.pl) (Ping timeout: 121 seconds)
[23:39:25] *** Joins: Pony_6 (Pony_6@Pony-lfph0c.adsl.tpnet.pl)
[23:40:56] <BlackBirt> witaj randomie
[23:41:17] <Pony_6> Tsa 
[23:41:34] <BlackBirt> niemam ts'a ;p
[23:43:08] <McKey> Pony_6>> wut?
[23:43:22] <Pony_6> Poniaczowy :P 
[23:44:11] <McKey> yaay
[23:44:16] <McKey> to nick zmień
[23:44:25] <BlackBirt> ./nick
[23:44:27] <BlackBirt> ;p
[23:46:13] *** Pony_6 is now known as Poniaczowy
[23:46:34] <BlackBirt> witaj
[23:46:34] <Derpi> Dzień dobry!
[23:47:35] <Poniaczowy> Dobry wieczór! 
[23:48:05] <BlackBirt> Ave luna
[23:59:41] *** McKey changes topic to 'Radio Yay (Polish Brony Radio Station) | Regulamin: http://derpy.me/4xfjd | Website: http://radioyay.net/ | Schedule (ramówka): http://radioyay.net/ramowka/ | Socials: https://facebook.com/radioyay | Enjoy v3! | Wszystkiego Najlebszego mkr! '
[23:59:54] *** McKey changes topic to 'Radio Yay (Polish Brony Radio Station) | Regulamin: http://derpy.me/4xfjd | Website: http://radioyay.net/ | Schedule (ramówka): http://radioyay.net/ramowka/ | Socials: https://facebook.com/radioyay | Enjoy v3! | Wszystkiego Najlepszego mkr! '
