[00:16:08] *** Quits: ElectricPsoras (Thunderbird@Pony-c378rd.adsl.tpnet.pl) (Ping timeout: 121 seconds)
[00:41:26] *** Joins: PonDrop (fxsahiihiht@Pony-dn5.fo5.133.5.IP)
[00:42:14] <PonDrop> siemka :D
[00:44:20] *** Quits: PonDrop (fxsahiihiht@Pony-dn5.fo5.133.5.IP) (Quit: lightIRC.com Flash IRC Client)
[03:54:20] *** Googie|Sleepling is now known as Googie
[08:02:51] *** Joins: Scarlet (ScarletShad@scarlet.antyklay.pl)
[10:15:12] *** Quits: Scarlet (ScarletShad@scarlet.antyklay.pl) (Quit: Leaving)
[11:14:00] *** BlackBirdAFK is now known as BlackBird
[11:51:11] *** Joins: Andragor (Andrabot@Pony-qp3j80.adsl.inetia.pl)
[13:29:40] *** Joins: TheCoReS (TheCoReS@Pony-nae.hgo.248.37.IP)
[13:30:05] *** Quits: TheCoReS (TheCoReS@Pony-nae.hgo.248.37.IP) (Quit: Leaving)
[14:48:24] *** Quits: Andragor (Andrabot@Pony-qp3j80.adsl.inetia.pl) (Quit: Brohoof /)*)
[15:32:57] *** Joins: sunset (tzrurqbwtto@Pony-98mjb8.play-internet.pl)
[15:33:41] *** Quits: sunset (tzrurqbwtto@Pony-98mjb8.play-internet.pl) (Quit: lightIRC.com Flash IRC Client)
[15:34:05] *** Joins: sunsetsummer (tzrurqbwtto@Pony-98mjb8.play-internet.pl)
[15:35:06] *** Quits: sunsetsummer (tzrurqbwtto@Pony-98mjb8.play-internet.pl) (Quit: lightIRC.com Flash IRC Client)
[18:15:16] *** Joins: Andragor (Andrabot@Pony-qp3j80.adsl.inetia.pl)
[19:10:22] *** Quits: Andragor (Andrabot@Pony-qp3j80.adsl.inetia.pl) (Quit: Brohoof /)*)
[20:00:23] *** Joins: AdiPL99 (ogjtbblqifi@Pony-tbb2b2.dynamic.simnet.is)
[20:01:42] *** Quits: AdiPL99 (ogjtbblqifi@Pony-tbb2b2.dynamic.simnet.is) (Quit: lightIRC.com Flash IRC Client)
[20:33:22] *** Joins: ElectricPsoras (Thunderbird@Pony-nqkcp7.adsl.tpnet.pl)
[20:53:39] *** Joins: Rejzo (ulpovbtxjow@Pony-kcgtan.adsl.inetia.pl)
[21:01:24] <Rejzo> Heja
[21:14:59] *** Quits: Rejzo (ulpovbtxjow@Pony-kcgtan.adsl.inetia.pl) (Quit: lightIRC.com Flash IRC Client)
[21:29:29] *** Joins: Lazy (omripswmcuy@Pony-luisfk.adsl.tpnet.pl)
[21:29:34] <Lazy> witam
[21:29:47] *** Quits: Lazy (omripswmcuy@Pony-luisfk.adsl.tpnet.pl) (Quit: lightIRC.com Flash IRC Client)
[21:51:30] *** Quits: OscarHughson (Fluttershy@Pony-gfq.dk1.85.95.IP) (Ping timeout: 121 seconds)
[21:54:28] *** Joins: Rafafarin (ykerkxgmdcf@Pony-7h12ri.dynamic.t-mobile.pl)
[21:54:34] *** Quits: Rafafarin (ykerkxgmdcf@Pony-7h12ri.dynamic.t-mobile.pl) (Quit: lightIRC.com Flash IRC Client)
[22:08:00] *** Joins: OscarHughson (Fluttershy@Pony-nrfq3p.pl)
[22:09:39] *** Joins: RY-Pony_1158 (pxiamvcwddf@Pony-kicbqe.play-internet.pl)
[22:10:26] *** Quits: RY-Pony_1158 (pxiamvcwddf@Pony-kicbqe.play-internet.pl) (Quit: lightIRC.com Flash IRC Client)
[22:42:13] *** Joins: Fixap (iocfboelwny@Pony-bf15en.aircity.pl)
[22:42:54] *** Quits: Fixap (iocfboelwny@Pony-bf15en.aircity.pl) (Quit: lightIRC.com Flash IRC Client)
[23:35:48] *** Quits: Pony_43758 (RedHelper@Pony-f1a.lrs.7.50.IP) (Ping timeout: 121 seconds)
