[00:00:21] *** Quits: Electric_Psoras (Thunderbird@Pony-cb6rpa.adsl.tpnet.pl) (Quit: Bye horsies!)
[00:00:51] <BlackBird> Dobranoc
[00:00:59] <BlackBird> Niech Luna bedzie z wami /)
[00:03:19] *** Ciapaty is now known as Ciapacz
[15:34:16] *** Joins: Andragor (Andrabot@Pony-16fg6i.adsl.inetia.pl)
[15:36:18] <Hck> bibibibibibibibibibibibi
[15:37:57] *** Joins: ElectricPsoras (Thunderbird@Pony-cb6rpa.adsl.tpnet.pl)
[15:48:17] *** Joins: NeroDMC (NeroDMC@Pony-r85.lun.175.46.IP)
[15:48:37] <NeroDMC> Siemano z tej strony NeroDMC
[17:15:15] *** Quits: ArchPegasusMichael (ArchPegasus@Keep.In.A.Friendly.And.Pony.Place) (Ping timeout: 121 seconds)
[17:21:57] *** Joins: Electric_Psoras (Thunderbird@Pony-h89kt1.adsl.tpnet.pl)
[17:22:49] *** Quits: ElectricPsoras (Thunderbird@Pony-cb6rpa.adsl.tpnet.pl) (Ping timeout: 121 seconds)
[18:13:54] *** Joins: ArchPegasusMichael (ArchPegasus@Keep.In.A.Friendly.And.Pony.Place)
[18:17:39] <NeroDMC> Siema
[18:20:34] <ArchPegasusMichael> Hay
[18:21:27] <NeroDMC> Co tam u was?
[18:26:17] <NeroDMC> jeszcze 35 minut do audycji
[18:29:29] *** Joins: Delta3120 (Delta3120@Pony-7unsia.static.kolnet.eu)
[18:29:57] <Delta3120> za pół godziny audycja ze zgadywaniem piosenek :D YAY!!!
[18:31:07] <NeroDMC> :yay:
[18:32:05] <NeroDMC> https://www.youtube.com/watch?v=W4ldf7beu58
[18:32:33] <Delta3120> acha
[18:33:15] <Delta3120> kurcze... te audycje powinny być częściej niż co tydzień
[18:33:49] <NeroDMC> No co ty nie powiesz
[18:34:08] <NeroDMC> Niech zrobią audycje 1 z 10 albo familiada i bedziemy szczesliwi
[18:34:37] <Delta3120> ty.. dobre by to było :D
[18:35:31] <Delta3120> dobra , to ja se w mc ide grać
[18:35:48] <NeroDMC> w MC tylko grają youtuberzy xd
[18:36:05] <Delta3120> a ja mam kanał na YT :D
[18:36:25] <Delta3120> opracowania piosenek z MLP na pianino wrzucam
[18:36:29] <Delta3120> (swoje)
[18:36:55] <NeroDMC> Sezon 4 mamy Dragon ball na koniec, to niech w Sezonie 5 dadzą odcinek "ala" SAO
[18:37:06] <Delta3120> np zrobiłem już Assertive Fluttershy - Boooring! albo TLT Sister Hate ;)
[18:37:24] <Delta3120> nie oglądam Dragon Ball
[18:37:27] <NeroDMC> booring słyszałem
[18:37:36] <Delta3120> dać ci linka?
[18:37:43] <NeroDMC> ale tlt sister hate to tej piosenki nie słyszałem
[18:37:52] <NeroDMC> ok
[18:37:57] <Delta3120> https://www.youtube.com/user/Rainbowdash174
[18:38:04] <Delta3120> to masz mój kanał
[18:38:17] <NeroDMC> She's a pony masz nawet :wow:
[18:38:26] <Delta3120> remix i oryginał
[18:38:52] <NeroDMC> ja tylko remix słyszałem
[18:38:57] <Delta3120> spk
[18:39:19] *** [A]McKey is now known as McKey
[18:39:24] <NeroDMC> Fineasz i ferb zawsze spoko
[18:39:55] <Delta3120> xD
[18:40:10] <NeroDMC> https://www.youtube.com/watch?v=W4ldf7beu58 ciekawe czy znalazł by się jakis genius co ten opening zamieni w wersje PMV
[18:40:16] <Delta3120> wrzucałem go na początku żeby sie jakoś wybić a teraz 
[18:40:22] *** Ciapacz is now known as Ciapaty
[18:40:22] <McKey> Prepere you ass, Admin back
[18:40:30] <Ciapaty> preparu anus
[18:40:38] <Ciapaty> eto lacinus
[18:40:47] <Ciapaty> :>
[18:40:48] <Delta3120> a pisze że mówimy tylko po polsku...
[18:40:56] <Ciapaty> polska to cebulandia
[18:41:05] <Ciapaty> anglia to kraj klozet
[18:41:06] <McKey> Delta3120>> sorry i'm from Irland
[18:41:13] <Ciapaty> francja to żabolandia
[18:41:20] *** Joins: FireSky (~FireSky@Pony-sq58b7.dynamic.chello.pl)
[18:41:24] <Ciapaty> a rosja to putkraina
[18:41:29] <Ciapaty> ;p
[18:41:34] <Ciapaty> Tyle co do panstw
[18:41:35] *** Quits: Delta3120 (Delta3120@Pony-7unsia.static.kolnet.eu) (Quit: Page closed)
[18:41:35] *** McKey sets mode: +v FireSky
[18:41:38] <NeroDMC> xd
[18:41:39] <FireSky> Hejka 
[18:41:41] <Ciapaty> a i tak najgorsza jest polska
[18:41:47] <Ciapaty> Bo same zasrane cebulaki
[18:41:47] <NeroDMC> Tydz. temu fartem zająłem 1 miejsce xd
[18:41:50] *** Joins: Delta3120 (Delta3120@Pony-7unsia.static.kolnet.eu)
[18:42:10] <NeroDMC> Siema fire
[18:42:37] <NeroDMC> she;s a pony :yay:
[18:42:42] <McKey> przestroiłem odbiornik i już jest Radio YaY a nie konkuręcja
[18:42:44] <McKey> jest dobrze
[18:42:55] <NeroDMC> koniec ;-;
[18:43:04] <Ciapaty> McKey: a jaka konkurencja?
[18:43:07] <Delta3120> firesky... może tak byś zrobił więcej audycji na zgadywanie piosenek bo troche nudy są bez tego ;)
[18:43:11] <Ciapaty> przeciez chyba jest tylko jedno wasze radio
[18:43:19] <McKey> Ciapaty>> moje własne domowe radio xD
[18:43:20] <NeroDMC> love my chwerrlie 1 raz bede słuchałem cała piosenke xd
[18:43:22] <Ciapaty> nie to co wedlug fanboya czapek
[18:43:28] <Ciapaty> nie udolne stacje mangowe
[18:43:35] <Delta3120> ja tą piosenke uwielbiam :D
[18:43:38] <Ciapaty> McKey: ta twoje radio
[18:43:45] <Ciapaty> 100gb piosenek na dysku
[18:43:47] <Ciapaty> albo w chmurze
[18:43:50] <Ciapaty> i sobie sluchasz
[18:43:53] <NeroDMC> Ja tą piosenkę 1 raz będę słuchał cała
[18:43:55] <Ciapaty> to jest cale twoje radio
[18:43:56] <McKey> oba naraz xD
[18:44:02] <Ciapaty> Czyli mialem racje
[18:44:27] <Ciapaty> Jakoś chyba dziś shitstormu na HG nie będzie
[18:44:30] <Ciapaty> nie ma o czym robić
[18:44:41] <Ciapaty> Bo jakos Raina nie chce mi sie wkurzac
[18:44:44] <McKey> zawsze się da LO
[18:44:47] <McKey> :P
[18:44:48] <Ciapaty> zjebalem dzis dzien :>
[18:44:48] <FireSky> Delta3120 w jakim sensie ? 
[18:44:54] <Ciapaty> 20 minut szukalem klasy
[18:45:02] <Delta3120> uwielbiam tą audycje
[18:45:05] <Ciapaty> do tego niby spoznilem sie przez to ze zajaralem
[18:45:19] <Ciapaty> i nieobecnosc ;p
[18:45:22] <McKey> jak ty nie palisz lel
[18:45:22] <Ciapaty> a mam to w dupie
[18:45:26] <Delta3120> i chciałbym tak jak kolega nero żeby była częściej
[18:45:27] <Ciapaty> no wlasnie
[18:45:30] <Delta3120> :D
[18:45:31] <Ciapaty> i to jest wkur*****
[18:45:36] <FireSky> Cieszę się ale myślę że jak by była częściej to by się przejadła ;P
[18:45:42] <Ciapaty> nie jaram a tu jeb wniosek ze bylem w Narni
[18:45:45] <NeroDMC> Fire ten fart tydz. temu kiedy zająłem 1 miejsce 
[18:45:47] <Delta3120> to spk :D
[18:45:50] <Ciapaty> (nazwa palarni i nas w szkole)
[18:46:11] <Ciapaty> wiec posralo ich
[18:46:17] <Ciapaty> ciekawe co bedzie na zebraniu
[18:46:22] <Ciapaty> znowu dupe beda truli
[18:46:27] <Ciapaty> zanim na telefon uzbieram
[18:46:35] <NeroDMC> lost on the moon nie znam tej piosenki
[18:47:54] * McKey slaps FireSky around with the blinking bash script
[18:48:00] <McKey> powiec co masz odemnie
[18:48:05] <McKey> bo się zdenerwuje
[18:48:42] <NeroDMC> Powiem wam coś ja we wtorki budzę się między 9:00 a 9:30 
[18:49:01] <McKey> NeroDMC>> a ja 5-7
[18:49:05] <McKey> od 10 lat
[18:49:15] <Ciapaty> McKey: o co wam chodzi?
[18:49:28] <Ciapaty> aaa
[18:49:33] <McKey> to że ja wstaje wcześniej od niego :P
[18:49:34] <Ciapaty> pfff 10 lat od 5-7
[18:49:36] <Ciapaty> brawo
[18:49:38] <Delta3120> może dzisiaj będą piosenki ze wskazaniem na Omnipony? :D bo tak naprawde to jego znam najlepiej xD
[18:49:40] <Ciapaty> normalnie brawo
[18:49:46] <Ciapaty> ić się zabij
[18:49:48] <McKey> Ciapaty>> co zrobić
[18:49:50] <Ciapaty> jak mozna malo spac
[18:49:56] <Ciapaty> ja spie w weekendy do 16
[18:49:57] <McKey> normalnie xD
[18:50:00] <Ciapaty> wiec mam wyjebane
[18:50:01] <NeroDMC> Ja chodzę spać o 22.00 ale w kazdym w dniu budzę się o innej godzinie
[18:50:02] <Ciapaty> normalnie?
[18:50:07] <Ciapaty> normalnie to wstaje o 6
[18:50:10] <McKey> 7h to mało
[18:50:10] *** Joins: LazyPony (LazyPony@Pony-vuq2pj.adsl.tpnet.pl)
[18:50:12] <Ciapaty> po 5 godzinach snu
[18:50:15] * McKey hug LazyPony 
[18:50:16] <Ciapaty> wiec to jest normalnie
[18:50:19] <Ciapaty> random
[18:50:20] <LazyPony> hhejka^^
[18:50:22] <FireSky> Delta jeżeli chcesz by były to podeślij mi linki z yt na pw to więcej piosenek będzie za tydz a z resztą wyjaśnię na audycji ;)
[18:50:23] <Ciapaty> nara
[18:50:29] <Delta3120> ja mam 13  i chodze o 23 i uważam że troche za późno
[18:50:31] <FireSky> Hejka ^^
[18:50:36] <NeroDMC> hej
[18:50:36] <Ciapaty> a co do 5 rano..... McKey ile ty kurna spisz
[18:50:41] <LazyPony> FireSky:  dzisiaj łączona?
[18:50:51] <Ciapaty> bo chyba okolo 5 godzin
[18:50:56] <Ciapaty> skoro nawet o polnocy na HG jestes
[18:50:57] <McKey> Delta3120>> albo jak zrobisz playlisty po 20 piosenek na YT to moge mu spakować i wysłać
[18:51:01] <McKey> LazyPony>> nope
[18:51:06] <FireSky> nie bo nie miałem neta bo zmieniałem operatora więc dziś w sumie miało nie być ale jest dla was xD
[18:51:06] <LazyPony> ok
[18:51:06] <Delta3120> spoko
[18:51:09] <McKey> Ciapaty>> 7-4
[18:51:14] <Ciapaty> aha
[18:51:16] <Delta3120> tylko jak wysłać na priv
[18:51:18] <McKey> zależy
[18:51:19] <LazyPony> Eivel:  audycja za 10 min
[18:51:26] <NeroDMC> :yay:
[18:51:26] <McKey> Delta3120>> /msg McKey wiadomość
[18:51:29] <Ciapaty> jak ja tesknie za moja codziennoscia...
[18:51:32] <Delta3120> thx
[18:51:34] <Ciapaty> moja codziennosc hikikomori...
[18:51:38] <Ciapaty> grac do 4
[18:51:40] <McKey> Ciapaty>> a ja za weekandami xD
[18:51:41] <Ciapaty> spac do 16
[18:51:47] <Ciapaty> nie wychodzic z domu...
[18:51:57] <Ciapaty> nie robic nic pozytecznego
[18:52:03] <Ciapaty> a do tego jesc byle co
[18:52:08] <Ciapaty> to jest prawdziwe zycie
[18:52:20] <LazyPony> bardzo ... ambitne i kreatywne :p
[18:52:25] <NeroDMC> Mój rekord to wstalem o 11.00 i ty było w połowie lipca 2013 roku xd 
[18:52:27] <Ciapaty> przynajmniej lepsze niz twoje
[18:52:28] <McKey> Studenta xD
[18:52:29] <Ciapaty> :>
[18:53:00] <FireSky> ja w te wakacje wstałem o 15 i to przez mamę która myślała że nie żyję xD
[18:53:07] <McKey> xD
[18:53:10] <Ciapaty> brawo
[18:53:11] <Ciapaty> naprawde
[18:53:13] <NeroDMC> gg easy
[18:53:19] <Ciapaty> 15 to normalna godzina do spania...
[18:53:19] <NeroDMC> u mnie tez tak myslieli xd
[18:53:24] <Ciapaty> bosze...
[18:53:33] <Ciapaty> co za dzieciaki nie wiedza ze tak sie spi :)
[18:53:44] <Ciapaty> to ulubiona pora
[18:53:49] <Ciapaty> tuz przed zachodzem
[18:53:51] <Delta3120> mi rodzice pozwalają tylko do 10
[18:53:54] <Delta3120> :D
[18:53:56] <Ciapaty> czyli dzieciaki
[18:53:59] <Ciapaty> ;p
[18:54:14] <McKey> m
[18:54:18] <Ciapaty> dlatego widze tylko na chatango ludzi 18-30lat
[18:54:19] <McKey> kurde fastem
[18:54:25] <Ciapaty> to juz wiem czemu
[18:54:27] <Ciapaty> od 3 rano
[18:54:37] <Ciapaty> wtedy najbardziej ogarnieci ludzie sa i wracaja do piero po 19
[18:54:39] <McKey> bo mi komputer się tnie xD
[18:54:45] <Ciapaty> to kup nowy
[18:54:47] <Ciapaty> a nie syf z linuxem
[18:54:51] <McKey> !countdown
[18:54:55] <McKey> Ciapaty>> kupiłem już
[18:55:00] <Ciapaty> really?!
[18:55:06] <Ciapaty> pewnie syf
[18:55:27] <McKey> Lenowo ThinkPad x61
[18:55:36] <Ciapaty> to przeciez tablet?
[18:55:45] <McKey> 4gb ram 2x2,0 i 120gb
[18:55:47] <Ciapaty> czy tam laptop
[18:55:49] <NeroDMC> Najlepsze bylł jak oglądałem resident evil od 22.00 do 00.00, to obudziłem się o 7.00 czaicie to xd
[18:56:04] <McKey> Ciapaty>> tyle że ja chciałem właśnie tego :P
[18:56:05] <LazyPony> a.
[18:56:06] <Ciapaty> Resident Evil słabe jest
[18:56:15] <Ciapaty> lepiej zobacz Piłe
[18:56:17] <McKey> !countdown
[18:56:17] <NeroDMC> oglądałem kazdy resident evil
[18:56:23] <Ciapaty> przynajmniej ma fabułe 
[18:56:27] <Ciapaty> i jest na myślenie
[18:56:30] <Ciapaty> jak przeżyc
[18:56:39] <Ciapaty> Tez ogladalem kazdego
[18:56:42] <Ciapaty> i stwierdzam ze nudy
[18:56:47] <Ciapaty> zmarnowalem tylko czas
[18:56:50] <NeroDMC> Jedyny resident evil który jest u mnie na 1 miejscu jest z Loen s. Kennedy z tą akcją na lotnisku
[18:56:57] <Ciapaty> wiem widzialem
[18:57:00] <Ciapaty> jeden z lepszych
[18:57:10] <Delta3120> 3 minuty ^_^
[18:57:28] <Ciapaty> 3 lata ^_^
[18:57:34] <McKey> nope
[18:57:37] <McKey> już startuje
[18:57:38] <McKey> :3
[18:57:40] <Ciapaty> Ja vol
[18:57:44] <Ciapaty> a wlasnie pytanie mam
[18:57:47] <Ciapaty> ty uczysz sie niemca
[18:57:49] <McKey> Open yout eyes - Aviators
[18:57:55] <Ciapaty> co to znaczy ich weisse nicht
[18:57:56] <McKey> Ciapaty>> Ja vol
[18:57:58] <Ciapaty> czy jakos tak
[18:58:00] <FireSky> McKey 2 pkty xD 
[18:58:04] <Ciapaty> te weisse czy waisse
[18:58:14] <LazyPony> ,,nie wiem"
[18:58:19] <Ciapaty> hmmmm
[18:58:21] <McKey> ich weisse nicht 
[18:58:23] <Ciapaty> logiczneeeeeee
[18:58:23] <LazyPony> a co?
[18:58:29] *** Joins: Vanderos (Vanderos@Pony-ulj.vrl.222.91.IP)
[18:58:33] <Ciapaty> bo caly czas powtarzam to zdanie
[18:58:34] <NeroDMC> jeszcze 2 miny do audycji
[18:58:36] <Ciapaty> nie wiem na jaka cholere
[18:58:38] <Delta3120> włoski lepszy
[18:58:40] <McKey> NeroDMC>> już ruszyła
[18:58:46] <Ciapaty> ale wyuczylem sie jej na pamiec
[18:58:48] <FireSky> ja się uczę włoskiego ;)
[18:58:50] <Ciapaty> i nie wiem co to znaczylo
[18:58:56] <NeroDMC> piszę unknow a nie numerek 
[18:59:03] *** McKey changes topic to 'Radio Yay (Polish Brony Radio Station) | INFO FireSky Przyjmuje piosęki| Regulamin: http://derpy.me/4xfjd | Website: http://radioyay.net/ | Schedule (ramówka): http://radioyay.net/ramowka/ | Socials: https://facebook.com/radioyay |'
[18:59:06] <Delta3120> bene :D
[18:59:27] <Eivel> dobry
[18:59:29] <NeroDMC> Jak będzie numerek to wtedy audycja jest albo jak Fire zacznie mówić
[18:59:29] <LazyPony> piosęki, ta? xD
[18:59:30] <FireSky> Si ;P
[18:59:31] <LazyPony> hejka
[18:59:35] <NeroDMC> Siema
[18:59:41] <McKey> A tu unknow
[18:59:45] <McKey> i on nadaje
[18:59:46] <Ciapaty> chyba dzis sprawdze jakies nowe hentai
[18:59:51] <McKey> widze w konsoletach
[18:59:53] <Ciapaty> bo nie sprawdzalem dawno
[18:59:55] <Delta3120> :D
[19:00:13] <McKey> z ukrytego próbuje
[19:00:21] <LazyPony> Eivel:  znow masz szanse na zwyciestwo, nie ma chunga xD
[19:00:29] <Ciapaty> moze nowy rozdzail Otaku in 10000 p.n.e
[19:00:30] <Eivel> ale jest NeroDMC ;)
[19:00:33] <Ciapaty> hmmm
[19:00:37] <NeroDMC> gg easy
[19:00:38] <LazyPony> aj tam xD
[19:00:45] <NeroDMC> ja tydz. temu fartem wygrałem xd
[19:00:52] <Ciapaty> a wgl pytanie
[19:00:55] <Ciapaty> co daje wygrana?
[19:01:03] <LazyPony> McKey:  wiesz kiedy mordecz powraca?
[19:01:18] <Andragor> McKey: Zmień ten opis, bo kłuje w oczy :)
[19:01:20] *** McKey changes topic to 'Radio Yay (Polish Brony Radio Station) | INFO Audycja - Tak to leciało | 210 |Regulamin: http://derpy.me/4xfjd | Website: http://radioyay.net/ | Schedule (ramówka): http://radioyay.net/ramowka/ | Socials: https://facebook.com/radioyay |'
[19:01:25] <NeroDMC> nic nie daje wygrana
[19:01:34] <McKey> Ciapaty>> daje Voica na 24h
[19:01:35] <Ciapaty> no wlasnie
[19:01:43] <Ciapaty> to wielka mi wygrana :)
[19:01:52] <McKey> możesz przeklinać xD
[19:01:53] <Ciapaty> ja sam mam co chce
[19:01:58] <Ciapaty> McKey: raczej nie
[19:01:59] <Delta3120> xd
[19:02:02] <Ciapaty> u mnie sam moge przeklinac
[19:02:05] <McKey> +g nie opowiązuje wtedy
[19:02:07] <Ciapaty> i robic co chce
[19:02:09] <NeroDMC> Good time cover
[19:02:14] <Ciapaty> a co z faboyem czapek z tf2?
[19:02:14] <NeroDMC> princewhatever
[19:02:17] <Delta3120> good time
[19:02:22] <FireSky> ----------
[19:02:27] <McKey> OwulCity it-s good seed
[19:02:36] <FireSky> Nero 2 pkt Delta 1 
[19:02:38] <McKey> Ciapaty>> dunno
[19:02:39] <NeroDMC> 1
[19:02:43] <Ciapaty> no wlasnie
[19:02:50] <LazyPony> ehh jutro niemiecki... i polski...
[19:02:50] <Ciapaty> jak dostane tu bana to cie nie powkurzam
[19:02:52] <McKey> anyway IDE do sklepu bo SLAVE
[19:02:57] <McKey> będe na telefonie
[19:02:57] <Ciapaty> slvae?
[19:03:04] <Ciapaty> czemu mi sie kojarzy to z hentaiem?
[19:03:08] <FireSky> 1
[19:03:09] <Ciapaty> czekaj co to bylo?
[19:03:14] <McKey> Ciapaty>> mi z interfejsm IDE xD
[19:03:20] <McKey> Master i Slave
[19:03:25] <Ciapaty> co to slave?!
[19:03:25] <NeroDMC> Jakby co to ja przesłałem tą piosenkę tydz. temu
[19:03:28] <Ciapaty> nie pamietam!
[19:03:29] <McKey> Secendary
[19:03:35] <Ciapaty> ale wiem ze cos z hentaia to ejst
[19:03:39] <Ciapaty> bo czeto uzywane
[19:03:44] <McKey> Slave - Niewolnik
[19:03:48] <Ciapaty> aaaaaa
[19:03:49] <Ciapaty> To tak
[19:03:53] <McKey> widać co robisz po nocach xDD
[19:03:59] <Ciapaty> Każdy wie
[19:04:02] <Ciapaty> żadna nowośc
[19:04:06] <Ciapaty> jestem zboczony 
[19:04:10] *** Quits: Vanderos (Vanderos@Pony-ulj.vrl.222.91.IP) (Quit: Page closed)
[19:04:11] <Ciapaty> i lubie cycki
[19:04:18] <Ciapaty> śimpl
[19:04:43] <Ciapaty> albo nie hmmm cos jest lepszego
[19:04:49] <LazyPony> ..
[19:04:50] <Ciapaty> taaaak jędrne uda
[19:04:59] <Ciapaty> LazyPony: tylko McKey mnie rozumie
[19:05:02] <McKey> Cii
[19:05:02] <Ciapaty> wiec cichaj
[19:05:03] <LazyPony> :p
[19:05:05] <Ciapaty> :>
[19:05:07] <LazyPony> nein
[19:05:09] <Ciapaty> Ja
[19:05:15] <LazyPony> nope
[19:05:19] <Ciapaty> Yes
[19:05:26] <LazyPony> nie
[19:05:32] <Ciapaty> !I want to be you slave
[19:05:33] <Delta3120> apple jack theme
[19:05:35] <Ciapaty> z stad
[19:05:39] <NeroDMC> Giggle the gostly
[19:05:40] <Ciapaty> znam to slowo
[19:05:41] <McKey> og /away
[19:05:46] <Delta3120> pinkie pie swar
[19:05:48] <Ciapaty> to takie proste
[19:05:51] <Delta3120> *swear
[19:05:53] <NeroDMC> pinkie pie swear
[19:05:58] <FireSky> ----------
[19:06:24] <FireSky> Nero 1 pkt Delta 1 pkt 
[19:06:32] <Delta3120> hehe :D
[19:06:39] <NeroDMC> 2
[19:06:46] <FireSky> numerki 
[19:06:47] <McKey> !lottery
[19:06:47] <GameServ> McKey
[19:06:50] <McKey> ...
[19:06:52] <McKey> !lottery
[19:06:52] <GameServ> ArchPegasusMichael
[19:06:56] <Delta3120> 64
[19:07:30] <FireSky> 2x64= 128
[19:07:44] <Delta3120> oo to widze teraz mnożenie :D
[19:07:52] <Ciapaty> McKey: ić
[19:07:55] <Ciapaty> miales isc
[19:08:00] <Ciapaty> uzależnieńcu
[19:08:12] <Ciapaty> życ nie moge bez komputera
[19:08:22] <LazyPony> chyba sie przeniose na stacjonarny ... 
[19:08:29] <Ciapaty> who cares
[19:08:34] <LazyPony> you
[19:08:37] <Ciapaty> nope
[19:08:41] <Ciapaty> Only you
[19:08:45] <LazyPony> nie popisuj sie angielskim
[19:08:47] <LazyPony> :p
[19:08:49] <Ciapaty> Why
[19:08:55] <Ciapaty> wole angielski
[19:08:55] <LazyPony> bikoz
[19:08:58] <Ciapaty> od cebulańskiego
[19:09:30] <LazyPony> picture perfect pony
[19:09:32] <Eivel> mando picture perfet
[19:09:32] <NeroDMC> Picteure perfect pony
[19:09:33] <Delta3120> picture of the perfect pony
[19:09:33] <LazyPony> eile monty
[19:09:35] <FireSky> -------
[19:09:35] <Ciapaty> aha
[19:09:36] <NeroDMC> ellieonet
[19:09:40] <FireSky> ----
[19:10:05] <LazyPony> ej
[19:10:08] <NeroDMC> 10
[19:10:17] <LazyPony> EJ jakies 2 tygodnie do wrocławia ....
[19:10:21] <LazyPony> czy 3
[19:10:23] <FireSky> LazyPony numerek ?
[19:10:25] <LazyPony> 0.0
[19:10:26] <LazyPony> 10
[19:10:31] <FireSky> xD
[19:10:41] <Ciapaty> -2
[19:10:45] <LazyPony> xD nie jestem dzis kreatywna
[19:10:49] <Eivel> LazyPony: 3 tygodnie niecałe
[19:11:06] <LazyPony> 0.0 a ja nadal nie wiem czy jade 
[19:11:14] <Ciapaty> na lsd?
[19:11:18] <Eivel> ja też, grafik dyżurów dopiero mi się tworzy
[19:11:19] <Ciapaty> czy hera?
[19:11:37] <Ciapaty> bo ja tylko w żyłe
[19:11:38] <Ciapaty> hahahahhahaa
[19:11:43] <LazyPony> gimbus Ciapaty :p
[19:11:54] <Ciapaty> raczej technikum jak kazdy przywoity czlowiek
[19:12:04] <Ciapaty> 4 lata mi starcza szkoly aby 1 rok dluzej miec spokoj
[19:12:06] <Ciapaty> od pracy
[19:12:14] <Ciapaty> albo od rachunkow
[19:12:21] <Ciapaty> przedluzenie dziecinstwa
[19:12:25] <LazyPony> phi przyzwoity czlowiek ktory czcicycki i nie wychodzi z domu :p
[19:12:34] <NeroDMC> Avitaors
[19:12:35] <LazyPony> afermath?
[19:12:35] <Eivel> twilight win the crown firestone
[19:12:36] <McKey> Pictures perfect MandoPony xd
[19:12:36] <Ciapaty> Aye
[19:12:39] <NeroDMC> Heplining twilgith
[19:12:41] <Delta3120> hey hey everybody remix
[19:12:45] <Delta3120> :D
[19:12:46] <Ciapaty> LazyPony: zgadlas
[19:12:47] <FireSky> -------
[19:12:52] <Ciapaty> A mam niby jaki byc?
[19:12:54] <LazyPony> XD Delta3120  tak ze sluchu xD
[19:12:58] <McKey> (nie mam radia na wynos :/) 
[19:13:02] <FireSky> Lazy 1 pkt
[19:13:08] <Delta3120> wiem ^_^
[19:13:12] <LazyPony> łu! :D
[19:13:14] <NeroDMC> zlego wykonawwce dalem ;-;
[19:13:14] <LazyPony> 19
[19:13:19] <FireSky> 19
[19:13:29] <LazyPony> ogarniety barziej ciapacz
[19:13:41] <McKey> FireSky: czyli wysłać Ci te paczki za zeszły tydzień teraz jak wrócę tak? 
[19:13:46] <Ciapaty> co ja ogarniety?
[19:13:48] <Ciapaty> LazyPony: 
[19:13:54] <FireSky> Tak ale skype ;P
[19:13:58] <LazyPony> nom
[19:14:03] <Ciapaty> o co ci chodzi
[19:14:04] <NeroDMC> Fire dalem dobry tytul,a le autora złego xd
[19:14:09] <McKey> Ok teraz mam tylko telefon i tak :p
[19:14:22] <LazyPony> chce 5 sezon!
[19:14:25] <Delta3120> ja też
[19:14:34] <Ciapaty> McKey: jaki znasz gites internet i w maire tani do telefonu?
[19:14:37] <Ciapaty> na dual sim?
[19:14:42] <Ciapaty> bo nie aero 2
[19:15:09] <McKey> Aero 2 won z tym
[19:15:10] <LazyPony> łu! FireSky  moj czlowiek!
[19:15:21] <Ciapaty> McKey: to sie pytam
[19:15:22] <McKey> Mobilevikings.pl 
[19:15:22] <FireSky> JEstem swój :c
[19:15:23] <Ciapaty> kurna
[19:15:24] <Delta3120> aviators
[19:15:26] <Ciapaty> jaki net na sim
[19:15:31] <NeroDMC> Archie
[19:15:34] <Ciapaty> w miare tani i dobrt
[19:15:38] <FireSky> Nero 1 pkt
[19:15:45] <Delta3120> nie no :D
[19:15:57] <McKey> Mobile jest tylko na sim :p
[19:16:03] <Delta3120> już wiem co jest nie tak
[19:16:08] <Ciapaty> kurna*******************
[19:16:08] <Delta3120> Huszrza nie ma
[19:16:12] <Ciapaty> McKey: pytam sie dlatego
[19:16:16] <Ciapaty> o firme/marke
[19:16:18] <Ciapaty> a nie dorade
[19:16:22] <NeroDMC> nie znam tytulu
[19:16:29] <FireSky> ---------Paradise the sun 
[19:16:35] <Ciapaty> przenajświętszy bożku otaku
[19:16:36] <NeroDMC> 20
[19:16:38] <Ciapaty> co za ludzie
[19:16:41] <McKey> No to plus ma też 
[19:16:47] <FireSky> 20
[19:16:53] <Ciapaty> no plus ale dobry i tani>
[19:16:55] <Ciapaty> ?
[19:16:58] <Ciapaty> bo mi sie nie wydaje
[19:17:16] <McKey> Jak masz LTE to tak 
[19:17:28] <Ciapaty> czyli lte od plusa
[19:17:34] <Ciapaty> ogarne pozniej cene
[19:17:36] <McKey> A jak nie to niestety tylko viking
[19:17:42] <Ciapaty> srac na vikinga
[19:17:45] <Ciapaty> nie mam konta w baku
[19:17:50] <Ciapaty> jakbym mial to bym kupil....
[19:17:53] <Ciapaty> na duala
[19:17:58] <Ciapaty> jeden orange drugi viking
[19:18:09] *** Joins: awifka (awifka@Pony-mr6vd5.tarnow.mm.pl)
[19:18:20] <NeroDMC> The pinkie pie style
[19:18:24] <FireSky> -----
[19:18:26] <NeroDMC> 30
[19:18:31] <Delta3120> znawca archiego :p
[19:18:34] <Delta3120> :D
[19:18:43] <McKey> To zrób lel
[19:18:43] <FireSky> weź coś wyżej ;P
[19:18:47] <NeroDMC> 40
[19:18:57] <FireSky> ok
[19:19:31] <Ciapaty> hahahahahahahha
[19:19:57] <Ciapaty> wyznanie uczuc dla hikikomori - Jesteś pierwsza osoba ktora spotkalam... ktora jest nawet gorsza od smiecia!
[19:20:03] <Ciapaty> normalnie true live
[19:20:04] <Ciapaty> xD
[19:20:13] *** Joins: Lazy (Lazy@Pony-vuq2pj.adsl.tpnet.pl)
[19:20:21] <Ciapaty> jak ja kocham za to anime
[19:20:22] <Lazy> EHH internet szwankuje
[19:20:29] <Ciapaty> za takie teksty ozenilbym sie z daimakurą
[19:20:48] <Ciapaty> jakbyscie chceli wiedziec
[19:20:51] <Lazy> tak!
[19:20:55] <Ciapaty> to poduszak do przytulania na dobranoc
[19:20:55] <Lazy> xD
[19:20:57] <Delta3120> tak!Q
[19:21:00] <Ciapaty> aha
[19:21:12] <NeroDMC> ok
[19:21:12] <Delta3120> Tak!
[19:21:30] <NeroDMC> Archie
[19:21:34] <FireSky> nie 
[19:21:38] <NeroDMC> aftermatch
[19:21:41] <Delta3120> jest :D
[19:21:42] <FireSky> nie 
[19:21:42] <Eivel> maxwell fall of the empire?
[19:21:44] <Lazy> a czy bedzie sylwestrowa edycja FireSky ? :P
[19:21:51] <Delta3120> aviators
[19:21:52] <Lazy> umc umc umc
[19:21:58] <FireSky> Eivel nie
[19:22:02] <FireSky> A co lazy ?
[19:22:17] <Lazy> tak tylko xD
[19:22:24] <Eivel> hm
[19:22:24] <Eivel> gestap
[19:22:30] <FireSky> Sylwester jest w środę więc pytaj mordecza xD
[19:22:35] <FireSky> Eivel 1 pkt
[19:22:48] <FireSky> ---------Crystal_Slave_-_SuperDash_(Dj_Gestap_remix)
[19:22:50] <Delta3120> no to remis
[19:22:53] <awifka> witam
[19:22:53] <Ciapaty> Dj Gestapo
[19:23:02] <Ciapaty> :>
[19:23:03] <FireSky> Numerek ? 
[19:23:09] <Eivel> 122
[19:23:20] <FireSky> ok
[19:23:43] <McKey> Przesunięty na wtorek bo FireSky xD
[19:23:56] <McKey> Wat... 
[19:25:33] <Eivel> zdarza się :p
[19:25:35] <Delta3120> ja mam 4 ptk 
[19:25:41] <Lazy> MAM chipsy! omniomniom
[19:25:44] <Delta3120> a nie 5
[19:26:13] <Lazy> feather?
[19:26:15] <McKey> Ale ZNC? Dziwne... 
[19:26:15] <Delta3120> ellieonet
[19:26:15] <Ciapaty> od hentaia szyja mnie boli
[19:26:20] <Ciapaty> na cholere tak szyje wykrzywialem
[19:26:22] <Ciapaty> omg
[19:26:28] <FireSky> ---------
[19:26:33] <FireSky> Lazy
[19:26:37] <Lazy> 3
[19:26:40] <Delta3120> meh
[19:26:44] <McKey> Ciapaty: dobrze ze nie lapka fapka 
[19:26:53] <Ciapaty> ta łapka
[19:26:56] <FireSky> -------Oliver Lacota & Feather - Follow in your Footsteps (Cover)
[19:26:56] <Ciapaty> łapka sprawna
[19:26:59] <FireSky> nr 3
[19:27:07] <Ciapaty> łapki nigdy nie nadweręże
[19:27:14] <Ciapaty> moja prawica kochana
[19:27:20] <Ciapaty> bez niej nie daje rady w zyciu
[19:27:23] <Ciapaty> jak bede w CS grac?
[19:27:24] <Delta3120> 3 to Don't mine at night - zgaduje
[19:27:29] <McKey> !lottery
[19:27:29] <GameServ> Lazy
[19:27:43] <Ciapaty> aha
[19:27:48] <Delta3120> ^_^
[19:27:57] <Lazy> em? lottery?
[19:28:01] <McKey> !role 2 5d55
[19:28:24] <Delta3120> swing tavi swing?
[19:28:27] <Delta3120> nie sry
[19:28:27] <FireSky> nie
[19:28:33] <McKey> Ale mnie tnie... 
[19:28:34] <Eivel> db pony i mic, no chance
[19:28:36] <NeroDMC> brony metal
[19:28:38] <Delta3120> głupek ze mnie :D
[19:28:40] <FireSky> -------
[19:28:42] <McKey> Ctrl +y
[19:28:43] <FireSky> Eivel
[19:28:54] <Eivel> 123
[19:29:00] <McKey> ... 
[19:29:12] <FireSky> 123
[19:29:38] <NeroDMC> Ciekawe ile musiała by trwać audycja żeby poleciały wszystkie piosenki
[19:29:53] <FireSky> powiem zaraz
[19:30:00] <Ciapaty> metale to najgorsze na swiecie co moze byc
[19:30:13] <Ciapaty> gowna sluchaja jakiegos brzeszczotu
[19:30:15] <Ciapaty> :>
[19:30:47] <Ciapaty> McKey: zaloze sie ze to był rudy 
[19:30:49] <Ciapaty> http://jbzd.pl/obr/225057/w-starozytnej-grecji-bylo-dziwnie
[19:30:55] <Delta3120> ja też mam 4 ptk , bo ty powiedziałeś że 5
[19:31:12] <McKey> !calc 4*3*60
[19:31:12] <GameServ> 4*3*60 = 720
[19:31:19] <McKey> 72h
[19:31:26] <McKey> a z bazy hm
[19:31:38] <Delta3120> omnipony baloon party
[19:31:41] <McKey> długo xD
[19:31:43] <FireSky> Delta masz 5 widzę przecież 
[19:31:43] <NeroDMC> Omnipony
[19:31:57] <FireSky> -----------
[19:32:07] <Delta3120> no to teraz 7 :D
[19:32:11] <FireSky> Delta i Nero 1 pkt
[19:32:17] <NeroDMC> 11
[19:32:22] <Delta3120> *6
[19:32:35] <FireSky> ------Omnipony - After Party - 01 Desert Walker
[19:32:49] <Delta3120> to co ja źle powiedziałem ?
[19:32:57] <Delta3120> aha
[19:32:59] <NeroDMC> baloon było anie after
[19:33:16] <FireSky> co ? 
[19:33:21] <NeroDMC> do delta pisałem
[19:33:24] <FireSky> 116
[19:33:27] <Delta3120> no też mi sie tak wydaje
[19:33:33] <NeroDMC> ze napisał Ballon a nie after
[19:34:10] <Delta3120> https://www.youtube.com/watch?v=4WnRwsWkgXg&list=UU3ZMV23ScJfyKL8Tacgfm2g
[19:34:12] <Ciapaty> Dlaczego murzyni trymaja broń poziomo?
[19:34:14] <Delta3120> masz baloon party
[19:34:25] <Ciapaty> Bo tak leżała w pudełku :>
[19:34:47] <Lazy> miiiłooości blask!!
[19:34:50] <NeroDMC> niepełnosprytna
[19:34:55] <NeroDMC> miłosci blask
[19:35:02] <FireSky> nie 
[19:35:05] <NeroDMC> rejmania
[19:35:08] <FireSky> nie
[19:35:27] <McKey> Dixrarity xD
[19:35:28] <Delta3120> ślub w canterlocie?
[19:35:29] *** Joins: Timbericorne (Timbericorn@Pony-t4oeic.elblag.vectranet.pl)
[19:35:32] <FireSky> ------------Miłości cud    Krzysiek Bukowski
[19:35:35] <NeroDMC> what
[19:35:36] <Timbericorne> Love is Bloom ^^
[19:35:41] <Timbericorne> Miłości Cud
[19:35:49] <McKey> Krzysiek bardzo męski głos xD
[19:35:57] <NeroDMC> tak bardzo 2/10
[19:36:07] <Lazy> i tak jestem zdania ze nie ma dobrych artystow na polskim youtubie: inni maja feather i eile monty ktore same tworza muzyke, a my co mamy? nieudane covery ....
[19:36:07] <Delta3120> https://www.youtube.com/watch?v=4WnRwsWkgXg&list=UU3ZMV23ScJfyKL8Tacgfm2g   tu pisze jak byk Baloon Party
[19:36:17] <McKey> Balon Party to album
[19:36:21] *** McKey sets mode: +g *http*
[19:36:26] <Delta3120> acha
[19:36:43] <Timbericorne> Duh, duh.
[19:36:52] <Delta3120> TLT smile
[19:36:53] <Lazy> doog old days
[19:36:58] <Timbericorne> Już myślałam xD
[19:36:58] <Lazy> o nie xD
[19:37:00] <NeroDMC> Tlt smile remix
[19:37:01] <McKey> jego siostra/dziewczyna/córa
[19:37:02] <Lazy>  nie ten bit
[19:37:05] <FireSky> --------
[19:37:12] <Timbericorne> Smile Remix Tombstone'a
[19:37:37] <FireSky> Nero i Delta po 2 pkt numerki ? 
[19:37:41] <NeroDMC> 89
[19:37:53] <Ciapaty> That feel kiedy ogladam romansidło anime
[19:37:56] <Delta3120> 124
[19:38:01] <Ciapaty> Kiedy do cholery sie to skonczy?!
[19:38:14] <Delta3120> to jest fajne
[19:38:14] <Ciapaty> W hentai od razu do rzeczy przechodzą
[19:38:28] <Ciapaty> a nie walić sie przez 12 odcinkow z tym samym
[19:38:31] <Delta3120> ja se ostatnio słuchałem 10 Hours wersje :D
[19:38:32] <FireSky> 35
[19:38:37] <Ciapaty> i nawet nie dostac zasranego buziaka
[19:38:52] <Delta3120> a co to hentai
[19:38:53] <Ciapaty> ~Gekkan Shoujo Nozaki kun 
[19:38:59] <Ciapaty> Delta3120: lepiej nie sprawdzaj
[19:39:03] <Ciapaty> dziecko
[19:39:03] <Delta3120> ok
[19:39:07] <Ciapaty> :>
[19:39:11] <Ciapaty> Lazy widzisz?
[19:39:17] <Ciapaty> dobry uczynek
[19:39:22] <Lazy> hm?
[19:39:23] <Delta3120> tylko nie dziecko plz
[19:39:28] <Ciapaty> :>
[19:39:30] <Ciapaty> up
[19:39:36] <Ciapaty> Delta3120: a co nie dziecko?
[19:39:38] <Ciapaty> jak dziecko
[19:39:47] <McKey> Delta3120>> Wszyscy są dziećmi borzymi
[19:39:48] <Ciapaty> moge pisac co chce
[19:39:52] <Ciapaty> poki to nie przeklenstw
[19:39:52] <Lazy> najpierw sie pyta o wiek xD 
[19:39:52] <Delta3120> 14 lat to już nie jest raczej dziecko
[19:39:57] <McKey> Delta3120>> jest
[19:39:58] <Ciapaty> McKey: rudy sie nie liczy
[19:40:00] <Ciapaty> zapomniales>
[19:40:03] <Ciapaty> ech...
[19:40:07] <Lazy> zalezy od zachowania :p
[19:40:08] <NeroDMC> Aviators
[19:40:11] <Timbericorne> Aviators
[19:40:13] <McKey> Ciapaty>> tylko ja i maker jesteśmy rudzi xD
[19:40:13] <Ciapaty> zalezy od wlosow
[19:40:14] <FireSky> nie
[19:40:16] <NeroDMC> archie
[19:40:17] <Delta3120> aviators friendhip
[19:40:20] <FireSky> nienienie
[19:40:21] <Ciapaty> McKey: i wlasnie o to mi chodzi
[19:40:29] <NeroDMC> aftermatarch
[19:40:30] <McKey> no widzisz
[19:40:31] <Lazy> Ciapaty: IĆ ce :p
[19:40:33] <McKey> więc on jest
[19:40:34] <FireSky> nie 
[19:40:44] <McKey> FireSky>> Piosenka o tytule
[19:40:47] <Delta3120> TLT
[19:40:48] <Ciapaty> wiec przestan pieprzyc o bogu
[19:40:51] <Ciapaty> sam wiesz ze nie ma go
[19:40:53] <McKey> autor nieznany :P
[19:40:54] <NeroDMC> wooden toaster
[19:40:55] <Ciapaty> wiec nie gadaj :>
[19:41:01] <McKey> Ciapaty>> jest Celestia xD
[19:41:03] <FireSky> -----------Caden L Welborn - Freedom of Pony
[19:41:06] <Ciapaty> srać na nia
[19:41:07] <Lazy> prosz e o bana dla tego pana
[19:41:08] <FireSky> nikt nie zgadł 
[19:41:14] <Ciapaty> jedyne co dla mnie jest bożkiem to
[19:41:23] <Ciapaty> Chichigami
[19:41:30] <Lazy> narzuca swoje poglady i prowokuje do klotni
[19:41:34] <Ciapaty> miło mi
[19:41:39] <Ciapaty> ni jestem katolem
[19:41:44] *** McKey sets mode: +b r:m:Ciapaty
[19:41:47] <Ciapaty> tak samo jak 40% kanalu
[19:41:55] *** McKey sets mode: +b m:r:Ciapaty
[19:41:58] <Delta3120> ciapaty... nie mówi się przecierz o tym czy bóg istnieje czy nie bo zaraz tu będą hejty  ( a bronies mają być przykładem tolerancji)
[19:42:01] *** McKey sets mode: -b r:m:Ciapaty
[19:42:10] <Lazy> ale te 40% jest choc troche kulturalne :p
[19:42:22] <McKey> Extanded Basn <3
[19:42:27] <Lazy> Delta3120:  ktos nowy w fandomie? :p
[19:42:27] <McKey> bans*
[19:42:29] *** Ciapaty is now known as Ciapacz_Nie_Brony_
[19:42:48] <Delta3120> co ktoś nowy? nie wiem co masz na myśli
[19:42:52] <Delta3120> wooden toster
[19:42:53] <NeroDMC> Tlt
[19:42:53] <McKey> StickBan xD
[19:43:02] <Lazy> nowy/wa w fandomie?
[19:43:02] <NeroDMC> tlt ft wooden toaster
[19:43:08] <FireSky> nie
[19:43:16] <NeroDMC> mic the microphone
[19:43:19] <FireSky> nie
[19:43:20] <Delta3120> archie
[19:43:21] <NeroDMC> archie
[19:43:21] *** McKey sets mode: -b m:r:Ciapaty
[19:43:29] <Ciapacz_Nie_Brony_> Ja vol
[19:43:29] <FireSky> nie
[19:43:32] <Ciapacz_Nie_Brony_> xd
[19:43:34] <NeroDMC> aftermatch
[19:43:37] <Delta3120> aftermatch
[19:43:40] <FireSky> nie
[19:43:47] <Ciapacz_Nie_Brony_> Delta3120: co do brony
[19:43:49] <NeroDMC> zhaduje wykonawce kiepsko idzie
[19:43:51] <Ciapacz_Nie_Brony_> nie mam nic do nich
[19:43:55] <Ciapacz_Nie_Brony_> ale nie jestem nawet nim
[19:43:56] <NeroDMC> zgaduje*
[19:44:06] <Delta3120> to co tu robisz?
[19:44:08] <Ciapacz_Nie_Brony_> mam po prostu to gdzies i jestme otaku
[19:44:18] <Ciapacz_Nie_Brony_> Delta3120: McKey to moj znajomy :> wiec go wkurzam
[19:44:18] <NeroDMC> otaku do ataku :lol:
[19:44:20] <FireSky> ---------Dancing With The Sun UndreamedPanic
[19:44:21] <Delta3120> chociaż dobra, już o nic nie pytam
[19:44:23] <Ciapacz_Nie_Brony_> tak jak MrRain tez go wkurza
[19:44:31] <Ciapacz_Nie_Brony_> NeroDMC: znasz te haslo?
[19:44:38] *** Ciapacz_Nie_Brony_ is now known as Ciapaty
[19:44:41] <NeroDMC> To że oglądam kuce, anime i japońskie kuce to cos znaczy?
[19:44:50] <Ciapaty> japonskie kuce?!
[19:44:52] <Ciapaty> wut?
[19:44:52] <NeroDMC> Tak ciapacz widziałem to
[19:44:56] <NeroDMC> tak
[19:45:00] <Ciapaty> ze co
[19:45:04] <Lazy> xDD
[19:45:06] <McKey> Anime MLP 
[19:45:08] <McKey> serio...
[19:45:10] <NeroDMC> jest MLP: tomodachi wa mahou
[19:45:13] <Ciapaty> eeeeee
[19:45:16] <Ciapaty> czek lookne
[19:45:21] <McKey> widze że ktoś tu nie ogarnia
[19:45:22] <Lazy> o nie.
[19:45:28] <Ciapaty> aaaa
[19:45:30] <Ciapaty> ten syf
[19:45:31] <NeroDMC> Czekam na Sezon 3
[19:45:31] <Ciapaty> to wiem
[19:45:31] <McKey> FireSky>> nie będzie xD
[19:45:39] <Ciapaty> dla mnie to po prostu MLP japan
[19:45:44] <Ciapaty> a nie jakies tytul z dupy ;p
[19:45:59] <Ciapaty> czuje respekt tylko do paru anime
[19:46:07] <NeroDMC> dragon ball musi być
[19:46:10] <Lazy> a reszte hejtujesz :p
[19:46:13] *** Joins: Pony_5 (Pony_5@Pony-fd73c9.dynamic.t-mobile.pl)
[19:46:15] <Lazy> ...
[19:46:19] <Ciapaty> Durarara, Highschool DxD, SnK
[19:46:29] <Ciapaty> reszta gdzies tez jest ale mnie wazna
[19:46:30] <Lazy> OTOTOtototo  daje okejke
[19:46:43] <Delta3120> The pony of shadow
[19:46:43] <Ciapaty> ja tylko to lubie za brak cenzury
[19:46:46] <NeroDMC> eurobeta brony batty
[19:46:48] <Ciapaty> az takiej
[19:46:53] <FireSky> -------Nero
[19:46:53] <Electric_Psoras> cholera, mam u siebie w google grafice wyłączony filtr rodzinny, wskutek czego jak wpiszę "mlp anime", wyświetla się mlp hentai :P
[19:46:56] <NeroDMC> 98
[19:46:58] <Delta3120> toccata and fuga d mool
[19:47:09] <Delta3120> eurobeat brony
[19:47:21] <Delta3120> odyssey
[19:47:28] <FireSky> 97 lub 99 ? ;P
[19:47:29] <NeroDMC> za późno delta
[19:47:34] <NeroDMC> 97
[19:47:39] <Ciapaty> heheheheh
[19:47:40] <Delta3120> spk
[19:47:43] <Ciapaty> mlp hentai
[19:47:44] <Delta3120> nie zauważyłem
[19:48:02] <Ciapaty> jak ja kocham ciemna strone internetu
[19:48:10] <Delta3120> ...
[19:48:15] *** Quits: Timbericorne (Timbericorn@Pony-t4oeic.elblag.vectranet.pl) (Quit: Page closed)
[19:48:23] <NeroDMC> Ciapaty jak jesteś fanem anime to dragon ball musi być
[19:48:24] <Ciapaty> zawsze znajdzie sie jakis nie normalny czlowiek ktory lubi jak sie konie parzą
[19:48:27] <Ciapaty> i to z mlp
[19:48:35] *** McKey sets mode: +b m:r:Ciapaty
[19:48:40] <McKey> do końca audycji
[19:48:54] <Delta3120> dziękuję
[19:48:54] *** McKey sets mode: +g *hent*
[19:49:07] *** Ciapaty is now known as Ciapacz_Nope_Hejt
[19:49:35] <Lazy> laughter
[19:49:37] <Lazy> mando
[19:49:39] <NeroDMC> brony metal
[19:49:40] <FireSky> --------
[19:49:43] <Delta3120> laughter mando pony
[19:49:46] <FireSky> ------
[19:49:46] <Lazy> 99
[19:49:48] <NeroDMC> Lazy fast 7 farious xd
[19:49:52] <NeroDMC> &*
[19:49:57] <McKey> lelz
[19:50:00] <Lazy> xD
[19:50:01] <Delta3120> uff
[19:50:06] <FireSky> 99
[19:50:15] *** Quits: Pony_5 (Pony_5@Pony-fd73c9.dynamic.t-mobile.pl) (Ping timeout: 121 seconds)
[19:50:18] *** Joins: Pony_1 (Pony_1@Pony-fd73c9.dynamic.t-mobile.pl)
[19:50:21] <Delta3120> bo nie zaznaczyłem sobie i nic nie napisałem :D ale zdążyłem :D
[19:51:21] <NeroDMC> aha wiem czemu Fire nie chiał 98 bo loyalty chyba tam jest xd
[19:51:35] <Delta3120> pewnie tak :D
[19:51:39] <McKey> lel
[19:52:07] <FireSky> Nero nie ;P
[19:52:08] <McKey> FireSky>> +5dB na piosenke w tle 
[19:52:12] <Lazy> tombstenoe
[19:52:12] <Eivel> tlt cheerilee
[19:52:13] <NeroDMC> TLT love me chrellie
[19:52:13] <FireSky> k
[19:52:16] <Delta3120> Love me chirilie wooden toaster
[19:52:21] <Lazy> love me cherelee
[19:52:27] <FireSky> ---------
[19:52:36] <McKey> Komu powoiedzieć coś miłego?
[19:52:36] <NeroDMC> 54
[19:53:07] <Delta3120> mi
[19:53:25] <Pony_1> mi
[19:53:34] <McKey> Delta3120 Pony_1 Sejsmograf
[19:53:48] <NeroDMC> what?
[19:54:32] <Lazy> (y)
[19:54:37] <NeroDMC> Archie
[19:54:42] <FireSky> nie
[19:54:43] <Lazy> to jak Delta3120 nowy w fandomach? xd
[19:54:47] <NeroDMC> aftermatch
[19:54:55] <Delta3120> ja już od 3 lat należe
[19:55:01] <FireSky> nie
[19:55:20] <Delta3120> Gaspo?
[19:55:32] <FireSky> -------Drakon - Descent
[19:55:47] <Delta3120> nie znam
[19:56:09] <NeroDMC> ja tez
[19:56:27] <Delta3120> ale podoba mi sie to :D
[19:56:55] <Lazy> loyalty ! mandopony xD 
[19:57:04] <NeroDMC> rly
[19:57:23] <Lazy> discord eurobeat pony
[19:57:24] <NeroDMC> Discord tlt
[19:57:30] <Lazy> :p
[19:57:30] <Eivel> discord rarity coś tam
[19:57:35] <Lazy> xD Eivel 
[19:57:36] <awifka> the living tombstone - discord pl
[19:57:37] <NeroDMC> rejmania discord
[19:57:39] <Delta3120> TLT Discord msrarity6
[19:57:42] *** McKey sets mode: +m 
[19:57:43] <FireSky> ----------Nero
[19:57:47] *** McKey sets mode: -m 
[19:57:53] <NeroDMC> yeah
[19:57:56] <Lazy> FireSky: chyba bardzo lubisz ta piosenke :p
[19:58:02] <FireSky> troluje nią xD
[19:58:11] <FireSky> a i owszem :#
[19:58:13] <FireSky> :3 
[19:58:41] *** McKey sets mode: +m 
[19:58:43] *** McKey sets mode: -m 
[19:58:45] <McKey> og
[19:58:46] <Lazy> ehh...
[19:58:49] <NeroDMC> Mckey co robisz?
[19:58:49] <Delta3120> widze włąśnie
[19:59:12] <McKey> NeroDMC>> konfiguruje skróty
[19:59:20] <NeroDMC> aha spoko
[19:59:42] <FireSky> zw
[19:59:47] <McKey> FireSky>> proponuje Moonrise Symphonic Metalized Opera
[19:59:50] <Lazy> zapiekanka! zw
[19:59:56] <Delta3120> ja też
[20:00:10] <NeroDMC> ja sobie posłucham piosenek z Sao
[20:02:15] <NeroDMC> posłuchajcie "Eor air - Ignite"
[20:02:56] <McKey> daj linka xD
[20:03:30] *** Quits: Pony_1 (Pony_1@Pony-fd73c9.dynamic.t-mobile.pl) (Ping timeout: 121 seconds)
[20:03:53] <NeroDMC> A okaże się że nie da bo zablokowałeś komende xd
[20:04:05] <McKey> "http"
[20:04:17] <McKey> http://derpy.me
[20:04:31] <McKey> jakbyście znali to bym nie robił problemów
[20:04:46] <NeroDMC> what?
[20:04:53] <NeroDMC> Cannot send to channel
[20:04:58] <NeroDMC> i co teraz mckey
[20:05:03] <McKey> "jakbyście"
[20:05:06] <McKey> czas przeszły
[20:05:08] <McKey> PAST
[20:06:19] <NeroDMC> jeszcze 4 minut przerwy zostało
[20:06:40] <NeroDMC> Chwila jak zablokowałeś to jak prześlą Fire piosenki do audycji?
[20:07:15] <FireSky> Już mam paka linków omnipony ;)
[20:07:16] <McKey> /msg McKey Link
[20:07:29] <Lazy> NIE-NA-WI-DZE miec czkawke...
[20:07:35] <FireSky> Lazy 
[20:07:37] * McKey slaps Lazy around with a romantic, spiky mouse pad
[20:07:40] <McKey> !ban Lazy 
[20:07:55] *** McKey sets mode: +b r:m:Lazy*
[20:07:59] <McKey> masz bana
[20:08:03] <FireSky> Lazy bu :v wystraszyłem ? 
[20:08:05] <FireSky> Wat ? 
[20:08:14] <McKey> (strasze ją kurde xd)
[20:08:21] <Lazy> e? xD
[20:08:22] <McKey> banned from #radioyay
[20:08:25] <FireSky> xD
[20:08:25] <McKey> ....
[20:08:28] <McKey> fail xD
[20:08:32] <NeroDMC> jeszcze 2 miny
[20:08:42] <FireSky> ktoś tu nie może się doczekać ;P
[20:08:46] *** McKey sets mode: +b m:r:Lazy*
[20:08:47] <Lazy> FireSky:  o tak zawal xD
[20:08:56] <FireSky> D:
[20:09:10] *** McKey sets mode: -b r:m:Lazy*
[20:09:16] <Lazy> a, mozna wywalic LazyPony 
[20:09:18] <Delta3120> w tym momencie one w trójke robią illuminati
[20:09:20] *** McKey sets mode: -b m:r:Lazy*
[20:09:27] <McKey> Lazy>> przeszło?
[20:09:30] <NeroDMC> illuminati jest wszedzie
[20:10:07] <Delta3120> wiem o tym :D
[20:10:22] <Delta3120> ehhh
[20:10:25] <Delta3120> a ja musze zw :D
[20:10:44] <Lazy> McKey:  ogarnij sie
[20:10:54] <McKey> czyli przeszło xD
[20:11:02] <Delta3120> dobra jeszcze chwila :D
[20:11:32] <Delta3120> Archie
[20:11:34] <NeroDMC> Archie
[20:11:40] <McKey> "Duża połowa"... WIN
[20:11:40] <FireSky> nie 
[20:11:42] <Delta3120> pa jak ściąga
[20:11:45] <NeroDMC> Aftermatch
[20:11:50] <Delta3120> szczelałem :D
[20:11:53] <FireSky> nie
[20:11:54] <NeroDMC> Heart strong as horses sim gretina
[20:11:57] <FireSky> -------
[20:12:00] <Delta3120> Hearts as strong as horses remix
[20:12:03] <NeroDMC> 111
[20:12:19] <FireSky> ok
[20:12:27] <NeroDMC> opłaco sie tą piosenkę grać w OSU dzis xd
[20:12:32] <Delta3120> nero zaraz wszystkich tak odsadzi że ... :D
[20:12:42] <Delta3120> też gram w OSU
[20:13:44] *** Quits: awifka (awifka@Pony-mr6vd5.tarnow.mm.pl) (Ping timeout: 121 seconds)
[20:14:04] <Lazy> xD
[20:14:15] <Lazy> ile jest utworow? xD
[20:14:26] <FireSky> 210
[20:14:32] <McKey> pisze....
[20:14:34] <Lazy> o anm....
[20:14:35] <Delta3120> Archie
[20:14:36] <NeroDMC> Archie
[20:14:40] <Delta3120> i zaś
[20:14:43] <Delta3120> :D
[20:14:53] <NeroDMC> delta za kazdym razem chce to napisać i ty musisz 1 to znapisać
[20:14:56] <NeroDMC> napisać*
[20:14:59] <FireSky> nie ale można tylko tytuł 
[20:15:12] <Delta3120> Archie - Archie? :D
[20:15:15] <NeroDMC> xd
[20:15:20] <NeroDMC> wooden toaster
[20:15:27] <FireSky> Tylko tytuł 
[20:15:32] <NeroDMC> to nie znam tytulu
[20:15:34] <Delta3120> mam wrażenie że troche ci się głos trzęsie firesky 
[20:15:44] <FireSky> serio ? 
[20:15:49] <FireSky> dziwne 
[20:15:57] <Delta3120> chyba tylko ja tak mam :D
[20:16:08] <NeroDMC> albo zgaduje ze Trixie
[20:16:13] <McKey> http://osu.ppy.sh/u/McKey majne
[20:16:23] <FireSky> -----More Than a Chicken
[20:16:31] <Lazy> XD
[20:16:39] <Eivel> McKey: i tak nie grasz :p
[20:16:40] <NeroDMC> wpiście Rarity12 i przebadajcie moje staty
[20:16:42] <Lazy> najlepszy tytul
[20:16:48] <McKey> Eivel>> komputer już w drodze
[20:16:55] <McKey> Tpad x61 ;)
[20:17:07] <McKey> tylko będe musiał się nauczyć od nowa grać
[20:17:33] <NeroDMC> No co ja też muszę ogarniać powoli bo 6 miechy przerwy od OSu  forma znikłą
[20:17:35] <Eivel> McKey: T to jest seria Pantzerbooków?
[20:17:40] <McKey> Eivel>> też xd
[20:17:51] <McKey> Lenovo ThinkPad x61
[20:17:53] <Delta3120> mi się np trzęsie :D
[20:17:54] <McKey> poszukaj sobie
[20:18:01] <Lazy> *czyk*
[20:18:09] <Eivel> McKey: ja ciągle nie daję rady grać większości map na najwyższym
[20:18:18] <McKey> Insane są fajne
[20:18:20] <Eivel> dont mine at night shady
[20:18:20] <Lazy> dont mine at night
[20:18:23] <Delta3120> don't mine at night
[20:18:27] <Lazy> shadyfox
[20:18:27] <NeroDMC> Don;tt mine at night shadyvox
[20:18:30] <FireSky> --------
[20:18:37] <Delta3120> JanAnimations
[20:18:54] <Lazy> czyzby WOT?
[20:19:09] <NeroDMC> 76
[20:19:10] <Eivel> 145, jeśli do mnie numerek należy
[20:19:11] <FireSky> Eivel numerek ? 
[20:19:15] <FireSky> aha xD
[20:19:24] <Delta3120> zw :D
[20:19:40] <NeroDMC> Delta sorry to nie Jan tylko ShadyVox
[20:19:58] *** Joins: Pony_7 (Pony_7@Pony-bnq9a4.adsl.tpnet.pl)
[20:20:17] <McKey> JanAnimation to co innego
[20:20:19] <McKey> :P
[20:20:53] <Eivel> rc88
[20:20:59] <McKey> RC88
[20:21:00] <Eivel> at the gala remix
[20:21:01] <McKey> st the gala
[20:21:04] <Lazy> rc88 at the gaala
[20:21:04] <NeroDMC> RC88 at the gala
[20:21:07] <FireSky> --------
[20:21:12] <McKey> Eivel>> xD
[20:21:20] <Eivel> 92
[20:21:30] <FireSky> 92
[20:21:34] <McKey> !roll 1 5d40
[20:21:34] <GameServ> McKey rolled 5d40: 33 17 12 31 23  <Total: 116>
[20:22:12] <Eivel> McKey: doświadczenie z poprzednich audycji :P 8bit-> instans rc88
[20:22:16] <Eivel> instant*
[20:22:19] *** Ciapacz_Nope_Hejt is now known as Ciapaty_And_Travel_For_Kebab
[20:22:22] <NeroDMC> 8 bit  = rc88
[20:22:24] <McKey> Eivel>> zgubne ale w zasadzie poprawne
[20:22:32] *** McKey sets mode: +F 2:9999
[20:22:59] <NeroDMC> Archie
[20:23:08] <FireSky> NIe !!!! 
[20:23:17] <McKey> FireSky>> DjMidli
[20:23:23] <FireSky> nie
[20:23:26] <McKey> vim
[20:23:29] <McKey> :q1
[20:23:30] <NeroDMC> afterfatch
[20:23:30] <FireSky> nie
[20:23:49] <NeroDMC> aviators
[20:24:01] <FireSky> -------Im Fluttershy (Fire of Friendship Remix)
[20:24:30] <NeroDMC> tyle robi remix'ów i weź i zapamiętaj xd
[20:24:36] <Eivel> FireSky: wielki +, coś oryginalnego :P
[20:24:36] <NeroDMC> ich*
[20:24:47] <FireSky> było tydz temu ;P
[20:24:54] <Eivel> a nie pamiętam
[20:24:59] <McKey> Eivel>> to grepuj
[20:25:21] <Eivel> ke?
[20:25:24] <NeroDMC> dawaj next
[20:25:40] <McKey>  cat #radioyay.log | grep FireSky
[20:26:02] <FireSky> ?
[20:26:19] <Eivel> McKey: wolę staroświecką metodą - zapamiętać
[20:26:22] <NeroDMC> princes of the night archie
[20:26:28] <FireSky> nie
[20:26:34] <NeroDMC> Wonderful the night
[20:26:37] <Eivel> a to niemal co audycję jest
[20:26:56] <FireSky> Nero 1 pkt a i tak nie zapamiętane xD
[20:27:10] <NeroDMC> aftermatch
[20:27:17] <FireSky> -------strzał w 10 
[20:27:20] <FireSky> xD
[20:27:29] <NeroDMC> 105
[20:27:42] <Eivel> aftermath spam begins
[20:28:06] <Delta3120> jestem już
[20:28:14] <Delta3120> możesz powiedzieć wyniki?
[20:28:31] <Lazy> mniam
[20:28:36] <Lazy> zapiekanka
[20:28:40] <Delta3120> uff
[20:28:48] <Delta3120> thx :D
[20:29:03] <Delta3120> Archie
[20:29:07] <NeroDMC> Aviators
[20:29:12] <Delta3120> twitch
[20:29:15] <FireSky> nie
[20:29:21] <Delta3120> aftermath
[20:29:24] <FireSky> nie
[20:29:24] <Eivel> xD
[20:29:29] <Delta3120> party with the pinkie
[20:29:49] <Delta3120> party cannon?
[20:29:53] <FireSky> -------Melodosis - After Party - 21 Pony Party!
[20:29:53] <NeroDMC> fire of friendship
[20:30:03] *** Quits: Pony_7 (Pony_7@Pony-bnq9a4.adsl.tpnet.pl) (Ping timeout: 121 seconds)
[20:30:05] <Delta3120> aha
[20:30:14] <NeroDMC> wait the second znowu after party tylko od kogos innego
[20:30:27] <Delta3120> ja znam Baloon Party
[20:30:27] <FireSky> tak ;P
[20:30:35] <McKey> Balloon Party jest telko...
[20:30:37] <McKey> tylko*
[20:30:46] <McKey> i jest to składanka muzyki
[20:30:59] <Delta3120> Loaylty
[20:31:02] <McKey> Kcirtap28 - MLP:FiM Season 1-3 Medley 
[20:31:03] <McKey> AccusticMandoBrony-Loyality
[20:31:20] <Delta3120> Mandopony
[20:31:22] <McKey> a ten co mi...
[20:31:29] <Delta3120> David Laersen
[20:31:32] <FireSky> nie
[20:31:37] <NeroDMC> Eurobeat brony a true true freind
[20:31:43] <FireSky> tak 
[20:31:43] <Delta3120> oddysey
[20:31:49] <NeroDMC> 101
[20:31:52] <FireSky> ----------
[20:32:04] <Eivel> zw
[20:32:14] <Delta3120> znam ten ból Eivel :D
[20:32:21] <NeroDMC> 101
[20:33:36] <Delta3120> loaylty
[20:33:42] <FireSky> ta
[20:33:47] <Delta3120> aviators
[20:33:51] <Delta3120> friendship
[20:33:57] <FireSky> nie
[20:33:58] <McKey> Pinkie pie
[20:34:05] <McKey> Party pony
[20:34:07] <Delta3120> make a wish remix
[20:34:08] <FireSky> niewątpliwie mckey
[20:34:12] <McKey> xD
[20:34:29] <NeroDMC> Make a Wish (Remix) - µThunder and EpicLPer
[20:34:37] <FireSky> ---------Make a Wish (Aftermath Remix) xD
[20:34:49] <NeroDMC> kurcze :so close:
[20:35:55] <Delta3120> loaylty
[20:35:57] <McKey> AccusticMandoBrony-Loyality
[20:36:14] <Lazy> loyalty :p 
[20:36:15] <Delta3120> AccusticMandoBrony-Loyalty
[20:36:15] <FireSky> McKey xD
[20:36:16] <NeroDMC> mandopoby loyalty
[20:36:17] <Lazy> mandopony
[20:36:19] <McKey> :3
[20:36:27] <FireSky> numerek McKey ? ;P
[20:36:28] <NeroDMC> kurcze mam opóznienia ;-;
[20:36:30] <McKey> !lottery
[20:36:30] <GameServ> Electric_Psoras
[20:36:34] <McKey> go nie ma..
[20:36:41] <McKey> !roll 1 5d40
[20:36:42] <GameServ> McKey rolled 5d40: 13 29 37 28 36  <Total: 143>
[20:36:43] <Delta3120> też mam opóźnienia
[20:36:53] <McKey> ale on gadał a ja napisałem :P
[20:36:54] <Delta3120> a na początku strzelałem :D
[20:36:57] <NeroDMC> tydz. temu nie miałem opóżnien
[20:37:01] <McKey> 143 FireSky 
[20:37:08] <FireSky> widziałem :p
[20:37:23] <Delta3120> ^_^
[20:37:26] <NeroDMC> Mckey przez ciebie myslałem że mam opóznienia
[20:37:30] <McKey> :3
[20:37:42] <Delta3120> ja miałem ostatnio
[20:37:45] <McKey> po to jestem
[20:37:59] <NeroDMC> Mckey ty masz pilnować czatu a nei trolować innych
[20:38:02] <Delta3120> wyście pisali Don't mine at night a nic nie było słychać :D
[20:38:47] <Delta3120> Smile
[20:38:49] <Lazy> rainbowlicious
[20:38:55] <NeroDMC> Don' to twilight
[20:38:58] <FireSky> Lazy 1 pkt
[20:38:59] <Delta3120> beep beep
[20:39:07] <Lazy> 200
[20:39:10] <Delta3120> no nie 
[20:39:12] <Delta3120> remis
[20:39:12] <FireSky> a autor ? 
[20:39:20] <Lazy> nie xD
[20:39:23] <NeroDMC> archie
[20:39:29] <Delta3120> twitch
[20:39:31] <FireSky> Rainbowlicious (PhonyBrony Remix)
[20:39:36] <FireSky> 200
[20:40:39] <Delta3120> hehehhe
[20:40:47] <McKey> to kto ma już nie grać?
[20:40:51] <McKey> Delta3120>> ?
[20:40:51] <NeroDMC> aviators
[20:40:52] <McKey> xD
[20:40:57] <Delta3120> no nie
[20:40:59] <Delta3120> archie
[20:41:01] <Delta3120> ?
[20:41:01] <NeroDMC> forest rain
[20:41:05] <Delta3120> ja tego nie znam
[20:41:14] <NeroDMC> ja zgaduje wykonawce 
[20:41:15] <McKey> Black Griphon
[20:41:16] <Delta3120> napewno nie aviators
[20:41:19] <Delta3120> też nie
[20:41:23] <Delta3120> inny głos
[20:41:28] <NeroDMC> forest rain
[20:41:28] <FireSky> nie
[20:41:31] <FireSky> nie
[20:41:37] <McKey> Forest ma bardziej basowy
[20:41:46] <Delta3120> gypsy bard
[20:41:54] <Delta3120> nie
[20:42:00] <NeroDMC> brony 
[20:42:08] <Delta3120> I've got friends?
[20:42:10] <FireSky> ---------When You're Offline Turquoise Splash
[20:42:59] <NeroDMC> Archie
[20:43:06] <Delta3120> twitch
[20:43:16] <NeroDMC> aftermatch
[20:43:17] <Delta3120> artattack
[20:43:27] <FireSky> nie
[20:43:28] <Delta3120> H8_Seed
[20:43:50] <Delta3120> Hearts as strong as horses remix
[20:43:57] <NeroDMC> heart stron as horses TIF
[20:44:09] <Delta3120> sim gretina
[20:44:10] <FireSky> -----Synthis - Hearts as Strong as Horses (Remix) 
[20:44:25] <Delta3120> to mam 1 ptk?
[20:44:40] <FireSky> już mówiłem że nie ma takich odp jak z dopiskiem remix ;P
[20:44:45] <Delta3120> spk
[20:45:00] <Delta3120> nie słuchałem :D
[20:45:17] <Delta3120> Omnipony fritz
[20:45:19] <Delta3120> nie
[20:45:21] <Lazy> twilight xD
[20:45:22] <Delta3120> aviators
[20:45:26] <NeroDMC> Twilight - don't to vore
[20:45:31] <FireSky> Tak 
[20:45:34] <Delta3120> final journey
[20:45:37] <NeroDMC> 87
[20:45:37] <Delta3120> nie
[20:45:39] <Delta3120> noe
[20:45:48] <Lazy> jeny Delta3120 spokojnie...
[20:45:50] <FireSky> 87
[20:45:54] <Delta3120> spoko
[20:46:19] <McKey> Twilight Sparkle - DonTheVo
[20:46:35] <FireSky> McKey zawiodłeś mnie xD
[20:46:36] <McKey> ścieło mi xD
[20:46:40] <McKey> sorry 
[20:46:47] <McKey> mój pc kosztował 80zł
[20:46:53] <Delta3120> rly?
[20:46:55] <McKey> przynajmniej ten aktualny
[20:46:58] <Delta3120> aha
[20:47:27] <Delta3120> archie
[20:47:32] <Delta3120> :D
[20:47:36] <Delta3120> fritz
[20:47:42] <Lazy> aftermath ....
[20:47:46] <McKey> Aviators from Destylation album
[20:47:55] <FireSky> Archie ale bez tytułu to bez pkt ;P
[20:47:56] <McKey> Twenty Twelf
[20:48:05] <Delta3120> archie fritz
[20:48:05] <NeroDMC> archie fritz
[20:48:11] <Delta3120> żart :D
[20:48:11] <FireSky> -------
[20:48:17] <Delta3120> rly?
[20:48:18] <FireSky> żart ;P
[20:48:21] <Delta3120> zha
[20:48:25] <Delta3120> *aha
[20:48:35] <FireSky> -----Hydra Archie
[20:48:55] <McKey> FireSky>> From desylation of Arachie prawda? xD
[20:49:14] <Delta3120> tak
[20:49:15] <FireSky> nie wiem xD
[20:49:19] <NeroDMC> Forest rain
[20:49:20] <Lazy> forest rain
[20:49:21] <Delta3120> black gryhon
[20:49:25] <Eivel> mando great to be different
[20:49:26] <McKey> Forest Rain 
[20:49:28] <Lazy> graet to be diferent
[20:49:31] <Delta3120> proud to be a brony
[20:49:32] <FireSky> ---------
[20:49:33] <McKey> Great to be diffrente
[20:49:34] <Eivel> forest
[20:49:34] <Eivel> xd
[20:49:40] <Lazy> Eivel:  jaki mando, jak mando! xD
[20:49:48] <Eivel> odruch...
[20:49:48] <NeroDMC> przynajmnie 1 pkt za autora bede miał
[20:49:51] <McKey> Lazy>> też się zastanawiam xD
[20:50:06] <Eivel> "coś spokojnego, miłego, przyjaźń, miłość" -> mando
[20:50:14] <Lazy> o to racja xD
[20:50:16] <Delta3120> albo Black Gryp0n
[20:50:26] <McKey> Albo Forest Rain 
[20:50:33] <FireSky> NeroDmc numerek?
[20:50:35] <Lazy> czy tylko ja nie lubie tu Michelle creber? c:
[20:50:38] <NeroDMC> 91
[20:50:45] <Eivel> LazyPony: ja też
[20:50:55] <Eivel> LazyPony: przynajmniej tej nowej
[20:51:57] <McKey> Michell x BlackGriphon
[20:51:59] <Lazy> o Eivel :)
[20:52:00] <Eivel> im octavia
[20:52:01] <Eivel> eilie
[20:52:02] <Delta3120> Nightmare night
[20:52:03] <Lazy> i am octavia
[20:52:05] <NeroDMC> Im; otavia ellie
[20:52:07] <Lazy> eile monty
[20:52:07] <Delta3120> I'm octaia
[20:52:10] <FireSky> ----
[20:52:16] <Eivel> 77
[20:52:19] <McKey> Titanium Parody :v
[20:52:22] <Eivel> Octavia is best pony
[20:52:23] <Eivel> dziękuję
[20:52:27] <NeroDMC> 88
[20:52:42] <FireSky> 77
[20:52:46] <Lazy> ale ja nie rozumiem skad ona sie wziala? znaczy podklada glos AB ok, ale dlaczego gryphon?
[20:52:56] <FireSky> NIe FireSky is the best :v
[20:53:17] <NeroDMC> Twilight is the nest
[20:53:20] <NeroDMC> best*
[20:53:22] <McKey> Lazy>> bo to już praktycznie oficjalna para?
[20:53:23] <Eivel> LazyPony: Kiedyś się zaprzyjaźnili, zaczęli razem na konwentach śpiewać, razem robić kawałki i się optoczyło
[20:53:25] <FireSky> sorka to ostatnia więc ja wybiorę ;)
[20:53:40] <Eivel> czemu ostatnia?
[20:53:41] <Delta3120> wiecie że Omnipony i alex S to bracia
[20:53:42] <Eivel> jeszcze 7 minut :p
[20:53:43] <Delta3120> ?
[20:53:57] <McKey> Delta3120>> MandoPony i AccustocBrony xD
[20:54:02] <Delta3120> :D
[20:54:06] <McKey> "Brother in love"
[20:54:14] <McKey> jeden z amerki 2 z UK
[20:54:14] <NeroDMC> How applejack won the war
[20:54:17] <Lazy> hawtw
[20:54:23] <FireSky> Eivel zawsze zaczynam 5 min przed czasem ;P
[20:54:24] <Lazy> sherlop pones
[20:54:25] <Delta3120> hawtw
[20:54:37] <FireSky> -----
[20:54:37] <Delta3120> apple jack
[20:54:43] <Lazy> ale chwila no: ile lat ma Gryphon?
[20:54:48] <Delta3120> do 18
[20:54:48] <Eivel> FireSky: ale też co audycję udaje ci się wcisnąć 3 piosenki w ciągu ostatnich 10 minut
[20:54:56] <NeroDMC> wygrałem good game
[20:55:02] <Eivel> No nic, nie dogonię cie LazyPony :P
[20:55:08] <Delta3120> ja też
[20:55:13] <Delta3120> 1 ptk...
[20:55:13] <Lazy> dajez Eivel ! xD
[20:55:24] <FireSky> Tylko mam więcej do powiedzenia ;)
[20:55:37] <Eivel> Jak To Leciało Eivel's Takeover
[20:55:39] <FireSky> chyba że nie chcecie drużyn ? :p
[20:55:44] <Eivel> Octavia'll last forever
[20:55:46] <Delta3120> chcemy!
[20:55:53] <FireSky> no właśnie xD
[20:56:05] <Lazy> ale przeciez jej przedstawienie w bronies react .... straszne popisy i nienaturalnosc .... ja uwielbialam geba solo a teraz wszystko sie zaprzepascilo .... szkoda
[20:56:13] <Eivel> chcemy. Swoją drogą dobry pomysł z dwoma silnymi drużynami, FireSky
[20:56:16] <Delta3120> tylko nie Nero i Husarz44 razem bo rozwalą innych
[20:56:21] <Lazy> ło xD
[20:56:25] <NeroDMC> co takiego
[20:56:37] <Lazy> nie nie/ druzyna ktora ma andragora wygrywa xD
[20:57:04] *** McKey sets mode: +v NeroDMC
[20:57:07] <Lazy> ŁU!
[20:57:10] <Eivel> Lazy: nie wiem jak się zachowywała w Broneis React, ale zobacz sobie jej obecność na konwentach w 2012. Zupełnie inna osoba
[20:57:13] <Eivel> gratulacje NeroDMC
[20:57:15] <Eivel> ;)
[20:57:16] <Andragor> 32 punkty. Prawie rekord :)
[20:57:18] <NeroDMC> Dzięki
[20:57:22] <McKey> 36 MAJN <3
[20:58:02] <NeroDMC> To juz mam nazwe drużyny "Devil may cry"
[20:58:17] <McKey> Vinyl May Cry <3
[20:58:21] <Lazy> Eivel:  raz ja widzialam na .. canterlot garden party? bodajze, i tam wszyscy tara strong icaly ten dub  i byla taka dosyc. spokojna, nieszkodnliwa tyle.
[20:58:44] <Eivel> yup, a potem w Dodę się zmieniła
[20:58:53] <Eivel> FireSky: przypominam o PW
[20:59:00] <McKey> Dode? lel doda jest spoko teraz
[20:59:08] <NeroDMC> Spadam papatki ;)
[20:59:12] *** Quits: NeroDMC (NeroDMC@Pony-r85.lun.175.46.IP) (Quit: Page closed)
[20:59:12] <Delta3120> nieeee
[20:59:12] <McKey> przynajmniej w pooruwnaniu do AB
[20:59:18] <Eivel> McKey: nie wiem, bardziej jako mem to potraktowałem
[20:59:21] <Delta3120> teraz to musiał puścic
[20:59:46] *** Quits: Delta3120 (Delta3120@Pony-7unsia.static.kolnet.eu) (Quit: Page closed)
[20:59:47] <McKey> Mem to mandaryna :P
[21:00:39] <Lazy> Eivel:  czekaj ejwel ejwel wroc: jak dode? znaczy znam ja tylko ze wspolpracy z gabem, jak sie zachowuje na ogol?
[21:00:51] <McKey> źle
[21:00:58] <McKey> zmieniła się gorzej niż Dix
[21:01:05] <Eivel> Lazy: Jak żeńska wersja PewdiePie-wannabe
[21:01:25] <Eivel> głupiutkie suchary, wieczny głupi uśmiech i 5kg makijażu
[21:02:04] <Lazy> ale piewdie byl swietny parre lat temu
[21:02:18] <McKey> już nie ejst
[21:02:22] <McKey> nie jest*
[21:02:43] <Lazy> i przynajmniej jakies fundacje cos, nawet jesli nie jest smieszny, jest porzadnym gosciem wg mnie
[21:02:55] <FireSky> Ja spadam do usłyszenia ;)
[21:02:55] <McKey> to akurat fakt
[21:03:00] <McKey> FireSky>> skype
[21:03:01] <Lazy> pa FireSky 
[21:03:16] <Lazy> a taka MISZELKA co zrobi? usmiechnie sie glupio
[21:03:30] <Lazy> w niej w sumie nie ma nicaz tak do lubienia
[21:03:39] *** Parts: FireSky (~FireSky@Pony-sq58b7.dynamic.chello.pl) ("")
[21:04:03] <Lazy> i wg mnie wcale jakos super nie spiewa
[21:04:21] <Eivel> yup, Głos ma dość typowy
[21:04:26] <Lazy> dobra lazy po posladki cie zaczynaja bolec.
[21:04:39] <Lazy> dobra, luz
[21:05:17] <Eivel> wstałaś i usiadłaś? :P
[21:05:39] <Lazy> chociaz wait: jak sie z gabem poznali, konwent? bo to nie jest dosc typowe zeby 14 latka  i ...ile on ma lat? 
[21:05:50] <McKey> 17 i 25
[21:05:51] <Lazy> Eivel:  :p
[21:05:58] <Lazy> ona ma 17? 0,0
[21:06:01] <Lazy> jak
[21:06:02] <Lazy> xD
[21:06:04] <McKey> teraz
[21:06:21] <Lazy> e...? ona wyglada na ....14 xD
[21:06:30] <McKey> ty  też :P
[21:06:38] <Eivel> Nie wiem jak się poznali. Wcześniej były afery z nią i Mando. 4chan ich atakował o byle co
[21:06:56] <Eivel> A po prostu rodzina Crieber pomogła Mando w ciężkich chwilach
[21:07:24] *** McKey sets mode: -g *http*
[21:07:50] *** McKey changes topic to 'Radio Yay (Polish Brony Radio Station) | INFO Aktualnie na antenie: Sweeteboot |Regulamin: http://derpy.me/4xfjd | Website: http://radioyay.net/ | Schedule (ramówka): http://radioyay.net/ramowka/ | Socials: https://facebook.com/radioyay |'
[21:07:56] *** McKey changes topic to 'Radio Yay (Polish Brony Radio Station) | INFO Aktualnie na antenie: Sweeteboot | Regulamin: http://derpy.me/4xfjd | Website: http://radioyay.net/ | Schedule (ramówka): http://radioyay.net/ramowka/ | Socials: https://facebook.com/radioyay |'
[21:07:59] <Lazy> McKey:  BO JA MAM 14 lat :p
[21:08:04] <McKey> ciii
[21:08:04] <McKey> xD
[21:08:21] <Eivel> Cześć Aniu, tu Wojtek, też mam 12 lat 
[21:08:22] <Lazy> jestem ciekawa jak bede wygladac za te4 xD
[21:08:41] <Lazy> Eivel:  bezpieczenstwo w internecie xD
[21:09:43] <Lazy> takze moral na dzis: lazy nie lubi creber .... nie wazne co by sie stalo jest dla mnie po prostu irytujaca
[21:09:47] <Andragor> McKey: Zmień ten opis, bo kłuje w oczy :)
[21:09:56] <Lazy> ...a to dziwne bo jestem .. mlodsza od niej xD
[21:09:59] <McKey> whoot?
[21:10:06] <Eivel> lol
[21:10:10] <Eivel> SweetieBoot xD
[21:10:11] <Andragor> Sweetie
[21:10:13] *** McKey changes topic to 'Radio Yay (Polish Brony Radio Station) | INFO Aktualnie na antenie: Flutterbot| Regulamin: http://derpy.me/4xfjd | Website: http://radioyay.net/ | Schedule (ramówka): http://radioyay.net/ramowka/ | Socials: https://facebook.com/radioyay |'
[21:10:23] <McKey> Fakt nie ten bot :P
[21:10:27] *** McKey changes topic to 'Radio Yay (Polish Brony Radio Station) | INFO Aktualnie na antenie: Flutterbot | Regulamin: http://derpy.me/4xfjd | Website: http://radioyay.net/ | Schedule (ramówka): http://radioyay.net/ramowka/ | Socials: https://facebook.com/radioyay |'
[21:10:56] <Eivel> Lazy: tak apropo właśnie leci Gryphon xd
[21:11:07] <Eivel> i to bez Crieber
[21:11:09] <Eivel> jak na życzenie
[21:11:29] <Lazy> xD najlpeszy 
[21:11:54] <Eivel> od niego Gryphona poznałem
[21:12:07] <McKey> noo
[21:12:09] <McKey> znalazłem
[21:12:12] <Eivel> w sumie szkoda, że w tym kierunku nie szedł. Te najnowsze kawałki już nie brzmią Jacksonowo
[21:12:19] <Lazy> czekajcie
[21:12:24] <Lazy> mam konkluzje
[21:12:29] <Eivel> by the way: Michael Jackson - Michał syn Jacka
[21:12:32] <Lazy> slash 
[21:12:33] <Lazy> xD
[21:12:44] <McKey> Eivel >> McKey > Syn Klucza...
[21:12:57] <Lazy> a teraz cicho bo lazy musi sie naspiewac xD
[21:13:07] <McKey> dobrze że nie mam takiego nazwiska
[21:13:09] <Eivel> McKey: twojego im. i nazw. nie da się dorbze przetłumaczyć na ang :P
[21:13:13] <Lazy> TAK MOWIE o sobie w 3 osobie,
[21:13:29] <Lazy> Eivel:  Eragonie Bromminsonie!
[21:13:43] <Eivel> Lazy: Wazne osoby mówią o sobie w 3ciej osobie, your Majesty
[21:13:47] <McKey> !namegen
[21:13:47] <GameServ> Some names to ponder: Walluthime, Elraser, Bayiranelyn, Artyn, Roelmel, Shotse, Paretilcath, Harlirtanance, Hyarikun, Flarcarnarty, Kreneasyd, Obrame, Yasomisar, Haldy, Wearnimesenevarn, Nunariklirreth, Laslyn, Erquinerathber, Aldwareliel, Halasty.
[21:13:53] <Lazy> PrincessLazy
[21:14:03] <McKey> Lazy >> ty teraz jesteś Artyna
[21:14:05] <Lazy> KSIEZNICZKA of wszystkie gimby na tym kanale
[21:14:15] <McKey> a Eivel ty jesteś Shotse
[21:14:22] <Lazy> em?
[21:14:32] *** Eivel is now known as Shotse
[21:14:45] <McKey> Ale ja se jaja robiłem :P
[21:14:47] *** McKey sets mode: -F 
[21:14:48] <Shotse> ohayo, Artyna-chaaan
[21:15:00] <Lazy> xD
[21:15:20] <Lazy> shotse-san
[21:15:26] *** Shotse is now known as Eivel
[21:15:27] <mkr> Kluczyk.
[21:15:35] <McKey> Eivel >> 
[21:15:41] <Eivel> ja?
[21:15:42] <mkr> Co robimy jeżeli idiotyzm się za bardzo szerzy na IRCu?
[21:15:54] <McKey> E... przesyłamy dalej?
[21:15:58] <Lazy> ścii Eivel  
[21:15:59] <McKey> mam hopa tylko 
[21:16:32] <mkr> A do czego Cię uprawnia HOP?
[21:16:35] <McKey> d
[21:16:40] <McKey> Do banowania na max 24h?
[21:17:00] <McKey> potem potrzebuje podpisu
[21:17:08] <McKey> Takie procedury no
[21:17:10] <mkr> Skoro tak twierdzisz.
[21:17:44] <McKey> nie lubie Historii a ona lubi się powtarzać dlatego permów nie daje
[21:18:10] <mkr> Permy się daje kiedy szerzy się idiotyzm.
[21:19:06] <mkr> Kiedy ludzie, którzy nie są zbytnio inteligentni i gadają głupoty zaczynają sobie robić z tego kanału swój własny folwark.
[21:19:18] *** Joins: maslo (maslo@Pony-jqa.tqd.121.188.IP)
[21:19:37] <McKey> Lazy >> 
[21:19:43] <maslo> Siemak :)
[21:19:46] <McKey> mkr to podpisuj
[21:19:47] <maslo> *Siemka
[21:19:52] <Lazy> maslo!
[21:19:55] <mkr> Masz moją aprobatę.
[21:20:01] <McKey> ni wuja
[21:20:08] <maslo> Jak ja kocham kończyć szkołę o 20 ^^
[21:20:09] <Lazy> łomg hejka, gdzies ty byl?
[21:20:14] <maslo> Lazy!
[21:20:14] <McKey> bo potem będzie że ja jestem ten zły :P
[21:20:20] <ArchPegasusMichael> A ja idę spac
[21:20:25] <McKey> branoc ArchPegasusMichael 
[21:20:37] <mkr> Trzaskaj mu tego bana i już nie trzęś portami.
[21:20:44] <McKey> eh...
[21:20:51] *** McKey sets mode: +b *!*Ciapaty@*.antyklay.pl
[21:20:51] *** Ciapaty_And_Travel_For_Kebab was kicked by McKey (McKey)
[21:20:58] <Lazy> maslo co sie dzialo odpowiadaj! xD
[21:20:58] <mkr> I voila.
[21:21:09] <mkr> Wszyscy są zadowoleni, bo poziom głupoty właśnie spadł o 75%.
[21:21:31] <Lazy> c:
[21:21:31] <McKey> A teraz sprawć Whois Ciapacza
[21:21:33] <maslo> Nie kucuję już w sumie... :P
[21:21:43] <Lazy> jak to? :c
[21:23:01] *** Joins: Fullsound (Fullsound@Pony-as25mp.gdynia.mm.pl)
[21:23:31] <Lazy> aa Eivel  moje przemyslenia takie: moze dziewczyny nie powinny sie zabierac za muyke z tym fandomie jezeli zamierzaja tylko robic kowery?
[21:23:36] <maslo> Nie wiem w sumie XD
[21:23:48] <Fullsound> w sumie dobra myśl
[21:24:32] <maslo> Serialu jakoś mi się nie chciało oglądać, na śledzenie fandomu nie było czasu...
[21:24:33] <Eivel> Lazy: Nie zgodzę się akurat. Eiliemonty i Feather też od coverów zaczynały.
[21:24:49] <maslo> Priv... żeby nie zaśmiecać :P
[21:24:49] <Eivel> Lady Aria? Zaczęła od Picture Perfect Pony
[21:25:35] <McKey> maslo >> nope
[21:25:38] <McKey> nie zgadzam się
[21:25:43] <McKey> po to ten kanał jest
[21:26:00] <maslo> Tylko napisz do mnie, bo nie ogarniam jak otworzyć, w chrome XD
[21:26:15] <maslo> Aaaa.... ok :)
[21:27:10] <Lazy> oj tam maslo xD
[21:27:11] <maslo> Jakoś tak się rozkręciłem trochę towarzysko, znalazłem sobie w końcu dziewczynę XD
[21:27:22] <Lazy> o, gratulajszys!
[21:27:25] <Lazy> xd
[21:27:35] <mkr> No fakt, mając dziewczyne nie można już być w fandomie.
[21:27:38] <maslo> xd
[21:27:39] <Lazy> krok ktory kazdy musi przejsc xD
[21:27:43] <McKey> mkr ani być informatykiem
[21:28:26] <maslo> Nie mkr, nie o to mi chodziło XD
[21:29:14] <McKey> maslo >> to prawda
[21:29:22] <Lazy> ale i tak, gratulacje! xD ale jakbys wpadl byloby milo :p
[21:30:33] <Fullsound> życzliwość jak rewolucja październikowa :D Subtelna że hej.
[21:31:09] <maslo> Tutaj będę wpadać :) może na meeta przyjdę :P
[21:31:17] <McKey> maslo >> wrocław?
[21:31:27] <Fullsound> 13 grudzień a jakże!
[21:31:29] <McKey> Wszyscy na wrocław
[21:31:31] <McKey> yay
[21:31:35] <maslo> Ale oczywiście, masło nie może mieć wszystkiego pięknie... i dziewczyna jest za granicą XD
[21:31:48] <maslo> Tak, wrocław
[21:31:53] <Lazy> tak?!
[21:32:05] <Lazy> Aaa cala ekipe spotkam :3
[21:32:10] <Eivel> zw ~30min
[21:32:30] <Lazy> wszystkich za wyjatkiem fajerskaja
[21:32:42] <McKey> a on nie jedzie? Smutam 
[21:32:48] <maslo> Aaa... Key, Tobie chodziło o tego VII ponyMeeta?
[21:32:59] <Fullsound> mnie się nie da nie zauważyć bo mam zbroję z przypinek i Pinkie na ramieniu XD
[21:33:09] <McKey> btw odpowiadam na pytanie xD Lazy Mordecz wraca już w następną Środe
[21:33:17] <Lazy> maslo za granica? jakis internaszynal romans? xD
[21:33:24] <Lazy> McKey: o super! 
[21:33:55] <McKey> To powiem że szukajcie ludzi z RadioYay xD
[21:34:01] <mkr> Dużo Was z tego pomorza coś do nas jedzie, Fullsound.
[21:34:04] <McKey> będe ja mkr i w zasadzie chyba wszyscy xD
[21:34:11] <maslo> Lazy, polką jest ale mieszka w Norwegii...
[21:34:12] <Lazy> nawet ja! :3
[21:34:41] <Lazy> ale spotykaliscie sie? czy jakos przez interenet tylko?
[21:35:06] <Fullsound> bo się delegacja narobiła z mroźnej pólnocyXD
[21:35:23] <Lazy> McKey:  powiedzcie tylko gdzie bedziecie mieli panel xD
[21:35:34] <McKey> maker będzie panel YaY? 
[21:35:39] <McKey> o czymś nie wiem? xD
[21:35:55] <mkr> Nie będzie.
[21:35:59] <mkr> Przecież to oczywiste.
[21:36:05] <Lazy> jak to?
[21:36:11] <McKey> czyli sala mała 13? 
[21:36:23] <mkr> Normalnie. Był panel o radiu na MLK.
[21:36:30] <Fullsound> mkr: jak już tam przybędziemy całą delegacją to nie da się nas przeoczyć. :D
[21:36:49] <mkr> Nie wątpię. Rozlokować Was wszystkich na noclegi to dla mnie na razie największe wyzwanie.
[21:37:13] <maslo> Tak spotykaliśmy się, to koleżanka z dzieciństwa takich sióstr z mojej drużyny harcerskiej i była w Polsce jak robiliśmy ognisko ekipą... potem drugie i trzecie :)
[21:37:14] <McKey> mkr >> przed Bakarą jest plac zabaw. Namiociki i już mają spanie xD
[21:37:35] <Electric_Psoras> w grudniu? :P
[21:37:42] <Fullsound> SPOILER: niektórzy nie zostają na nocleg
[21:38:00] <McKey> Electric_Psoras >> nie, w styczniu ale to w Deszcznie w Lubuskim :P
[21:38:09] <Lazy> a dokladniej ile ludu z pomorza przyjezdza? xD
[21:38:27] <mkr> To ja już zauważyłem Fullsound, ale mało Was i tak nie jest.
[21:38:38] <Fullsound> :D
[21:38:48] <mkr> Moja lista rejestracyjna nie kłamie.
[21:39:13] <Fullsound> spodziewamy się pielgrzymki ok. 35 osób ale może być mniej tak ze 12 :P
[21:40:03] <maslo> Lazy, Ty jedziesz na VII Wrocławski?
[21:40:04] <McKey> Fullsound >> pogoń ScarletShade/bioware55/Patryk S. bo jak ja tam wpadne to będzie trup
[21:40:11] <Lazy> hm... ciekawe ile z kujawsko pomorskiego ... 
[21:40:23] <mkr> Adal jedzie z Torunia.
[21:40:26] <Fullsound> zrobię co w mojej mocy XD
[21:40:48] <Lazy> maslo: nom, jesli tylko sily n iebieskie sie zgodza
[21:41:45] <McKey> Lazy >> rodzice? xD
[21:42:06] <Lazy> śći mialo brzmiec bardziej literacko :o
[21:42:18] <McKey> No to Jezus i Maryja xD
[21:42:43] <maslo> Chyba Józef :P 
[21:42:51] <Lazy> ale i tak sie obawiam ... spotkam was wszystkich .... zlapi mnie trema i jak zwykle nie bede sie zachowywac tak jak zazwyczaj
[21:43:06] <Electric_Psoras> a zatem radzę się nie przejmować
[21:43:11] <Lazy> *Lazy zaczyna dramatyzowac powstrzymajcie ja*
[21:43:20] <Electric_Psoras> i zapraszam na mój panel o fanfikach z ludziami :P
[21:43:23] <Fullsound> Da się bardziej niż Rarity?
[21:43:34] <Lazy> oj no ale xD 
[21:43:35] <maslo> hahahah, gorzej niż ja się zachowywać nie będziesz XD
[21:43:43] <Lazy> xD czyyyli?
[21:43:59] <maslo> PSORAS! Ty masz panel?!
[21:44:05] <McKey> maslo >> lel
[21:44:17] * Electric_Psoras otwiera na całą szerokość zawór Ackermana, pozwalając na ucieczkę powietrza z przewodu głównego i tym samym wdrażając nagłe hamowanie na dramatyzowaniu Lazy
[21:44:20] <Electric_Psoras> ta, mam
[21:44:25] <McKey> Temu wariatowi dali panel xD
[21:44:34] <Electric_Psoras> i już zbieram materiały :P
[21:44:53] <Lazy> po protu spotkam was wszystkich w realu, super! ale jednak ... przynajmniej ja moge sie nie okazac taka wygadana i ogolnie taaka jaka jestem na ircu
[21:44:54] <Lazy> ...
[21:45:04] <maslo> Ej, coraz bardziej się nastawiam, żę chyba jednak pójdę XD
[21:45:04] <McKey> rozpędza się :P
[21:45:23] <Lazy> maslo a dlaczego nie? xD
[21:45:55] <mkr> Ogólnie to plan bym już opublikował, ale zostały mi jeszcze 2-3 luki.
[21:46:21] <McKey> mkr ja mam panel gotowy ale nie ma terminu ;)
[21:46:23] <Lazy> gulp ale tylko sie modle zeby sil nibieskie mi pozwolily.
[21:46:39] <mkr> Ty masz panel? O czym?
[21:46:45] <McKey> +18
[21:46:50] <McKey> więcej nie moge tutaj
[21:46:53] <mkr> Fuj.
[21:46:56] <mkr> O clopach.
[21:46:57] <mkr> Bleh.
[21:46:58] <Electric_Psoras> o klopach
[21:47:11] <Electric_Psoras> [tak przypuszczam :P]
[21:47:22] <mkr> Jak można robić panel o clopach? Przecież tu nie ma nad czym dywagować.
[21:47:27] <McKey> Wypraszam sobie, na MLK mieliśmy sporą widownie
[21:47:30] <Lazy> znow 7latek podejdzie xD
[21:47:33] <McKey> 40-50 osób xD
[21:47:35] <maslo> A sam już 18 masz? :P
[21:47:38] <Fullsound> Lazy: A tutaj niespodzianka! Bo jak się zatniesz to na pewno nikt nie stanie za tobą i nie krzyknie "NARESZCIE MOGĘ CIĘ POZNAĆ!" Także ten...
[21:47:56] <McKey> Fullsound >> Spróbuj mnie wyprzedzić xD
[21:48:03] <Fullsound> XD
[21:48:03] <Lazy> Fullsound:  mowilam ze dramatyzuje :p
[21:48:23] <Fullsound> BTW słyszałem i widziałem co się działo na MLK...
[21:48:51] <Electric_Psoras> ogólnie to poza panelem będę nosistołem/przewodnikiem/informatorem, więc chyba nie będzie trudno się na mnie nadziać :]
[21:48:59] <Lazy> tak to mozna posumowac: 7latek  przy panelu o clopach :)
[21:49:10] <McKey> Electric_Psoras >> Mudżyn aka wolontariusz?
[21:49:11] <Lazy> ile wplacac trzeba?
[21:49:15] <maslo> A jeszcze trudniej, Cię nie zauważyć XD
[21:49:24] <McKey> Lazy >> 12
[21:49:27] <Electric_Psoras> McKey: pomocnik aka helper :]
[21:49:32] <McKey> aka mudżyn
[21:49:40] <Electric_Psoras> owszem
[21:49:56] <Electric_Psoras> ale na czarno się z tej okazji farbował nie będę
[21:50:00] <mkr> Na pewno nie będzie trudno skoro masz 2.06m
[21:50:01] <McKey> Helpowałbym ale mi się nie chce xD
[21:50:03] <Lazy> i tak bede sie bac, nienawidze niesmialosci :/ hug ktoś?
[21:50:06] <Electric_Psoras> wystarczy że pójdę do fryzjera :P
[21:50:09] * McKey hug Lazy 
[21:50:11] <maslo> aka koń pociągowy :P 
[21:50:28] <Lazy> dzieki
[21:50:31] <Lazy> :3
[21:50:42] <Electric_Psoras> http://tinyurl.com/mfxdye5 ...nie, to nie ja
[21:50:49] <Electric_Psoras> ale mogę tak wyglądać na starość :P
[21:50:50] <Lazy> ale powiedmy tak: na meetach hugi sa na porzadku dziennym? xD
[21:50:57] <Fullsound> da
[21:50:58] <Electric_Psoras> Lazy: to już zależy
[21:51:07] <Electric_Psoras> na MLK ludzie zachowywali się normalnie :P
[21:51:13] <Fullsound> taa
[21:51:13] <maslo> Hmmm... typowy Wrocławski tramwaj? :D
[21:51:23] <Lazy> co ? Xd
[21:51:27] <Electric_Psoras> ale jeśli będziesz chętna to czemu nie, jakkolwiek by to nie zabrzmiało :P
[21:51:36] <Electric_Psoras> maslo: :>
[21:51:55] <Lazy> xD a i jak kazda dziewczyna musze upradzic : jestem brzydka 
[21:52:10] <Lazy> i nie zwyklam nosic makijażu
[21:52:10] <maslo> Wgl. jechałem dzisiaj stopiątką chyba :P
[21:52:34] <Electric_Psoras> Lazy: nie wierzę ci, każda tak mówi z wyjątkiem tych co naprawdę są brzydkie :>
[21:52:40] <maslo> No proszę Cię... na makijaż to Ty masz jeszcze czas :P
[21:53:08] <Lazy> no tak, ale ale, na pewno nie wygladam tak jak sobie mnie wyobrazacie...
[21:53:50] <Fullsound> Jedziesz na ponymeeta tam nikt nie zwraca uwagi na wygląd no chyba że robisz cosplay
[21:54:05] <Lazy> xD wiem, ale przy rozpoznawaniu mi chodzi xD
[21:54:25] <Lazy> nie bede do kazdego podchodzila i maslo to ty? a moze Fullsound ? xD
[21:54:52] <Electric_Psoras> jasne, że nie będziesz wyglądała tak, jak sobie wyobrażamy, bo tak jest z każdym
[21:54:59] <Electric_Psoras> ja np nie mam wyobrażenia
[21:55:12] <Fullsound> Lazy: jak już wspomniałem... zbroja z przypinek i Pinkie na ramieniu
[21:55:20] <McKey> Lazy >> mam twoje zdjęcia, ładnie wyglądasz na nich
[21:55:25] <Fullsound> trudniej się nie da
[21:55:31] <maslo> Psoras - bezpostaciowa Lazy? :P
[21:55:43] <Lazy> McKey:  to mi pokaz :p
[21:56:04] <Lazy> xD 
[21:56:05] <McKey> Lazy >> pierwsza litera twojego imienia to "J" a druga to "U"
[21:56:09] <McKey> Coś jeszcze?
[21:56:15] <Lazy> co to ma do zdjec? xD
[21:56:19] <McKey> Facebook
[21:56:31] <Fullsound> hehe
[21:56:43] <Lazy> wyniki wyszukiwania, jest 50000 justyn ktore maja fb
[21:56:56] <McKey> Lazy >> nie chce podawać twojego Nazwiska
[21:57:02] <Lazy> tak nazywam sie Justyna, miło.
[21:57:03] <McKey> a wiesz że je znam
[21:57:10] <McKey> Dawid, miło mji
[21:57:10] <Lazy> to napisz n ppriv :p
[21:57:12] <Electric_Psoras> ale nie tak dużo tych, które wezmą udział w wydarzeniu "n-ty wrocławski słonimeet"
[21:57:18] <Fullsound> boo hoo hoo
[21:57:37] <Lazy> nom McKey ? :p
[21:57:40] <McKey> !song
[21:57:43] <McKey> ..
[21:57:47] <McKey> Lazy >> ogarniam chwila
[21:57:53] <Electric_Psoras> nie trzeba być służbą specjalną, zeby ludzi śledzić/dorszyć/makrelić na mordoksiążce
[21:57:54] <Lazy> priv, pamietaj
[21:58:06] <Lazy> ale no, ale ... xD
[21:58:36] <Lazy> ja tez widzialam zdj keya to nie sztuka, ale ja mialam tylko fb i nie podawalam zbyt wielu danych wiec...
[21:59:08] <BlackBird> witam
[21:59:18] <maslo> Czesć
[21:59:23] <Fullsound> ahoj
[22:00:26] <McKey> Lazy >> "B"
[22:01:24] <Eivel> jj
[22:03:38] <Lazy> hejka
[22:03:54] <Lazy> to rozumiem ze rozmowa sie urwala? xD
[22:04:03] <Fullsound> nie
[22:04:04] <maslo> :(
[22:04:12] <Fullsound> jakiś taki zastój się zrobił 
[22:04:25] <Eivel> Znowu przychodzę i wszyscy uciekają xd
[22:04:27] <Eivel> jak na ts
[22:04:27] <maslo> Wygląda na to... że będę się musiał zacząć matmę w końcu XD
[22:04:48] <McKey> bo ktoś na pw mi spami :P
[22:05:04] <Eivel> ciekawe kto
[22:07:12] <Lazy> maslo:  matematyka to najwiekszy wrog, pamietaj
[22:07:50] <Fullsound> zakuć, zdać, zapomnieć i tyle kontaktu z wrogiem wystarczy
[22:08:20] <Eivel> true
[22:08:32] <McKey> Fullsound >> 4z
[22:08:38] <McKey> Zakuć Zdać Zapomnieć Zapić
[22:08:43] <Eivel> przynajmniej jak nie studiuje się medycyny
[22:09:16] <maslo> Jak sobie pomyślę, że na mechatronice wracają do mnie kochane liczby zespolone, to na tą matmę cieplej patrzę XD
[22:09:19] <Fullsound> no dobra McKey ma rację :D zapić trzeba później
[22:09:26] <Fullsound> egzamin oblany czy oblewamy?
[22:09:32] <McKey> oblewany zawsze
[22:09:36] <Electric_Psoras> nie tak
[22:09:36] <McKey> a oblany nigdy :P
[22:09:57] <Fullsound> tak czy inaczej pijemy :D
[22:10:02] <Electric_Psoras> Fullsound: oblewamy pozytywny wynik czy zalewamy robaka
[22:10:07] <Electric_Psoras> takie powinno być pytanie
[22:10:28] <Eivel> maslo: na informatyce znalazły mnie Historia Sztuki i Filozofia.
[22:10:36] <Fullsound> zalewamy bo pozytywny wynik?
[22:11:33] <Electric_Psoras> oblany zalewamy, pozytywny oblewamy :P
[22:11:54] <Lazy> Eivel:  filozofia raczej przyjemna?
[22:12:37] <Fullsound> filozofia zawsze jest przyjemna tylko zależy w co rozkminiasz pod filozoficznym kontem
[22:12:43] <Eivel> Lazy: nope, tragiczna. Podchodziłem 4 razy. Bo należało wykuć Jedyną Prawdę Oświeconego Wykładowcy, a nie wolno było za dużo myśleć
[22:13:07] <Lazy> a ja mysalam ze filozofia rozwija horyzonty ....
[22:13:12] <Lazy> powieksza
[22:13:15] <maslo> Filozofii też się podziewam na studiach... ale historią sztuki to Ty mnie nie strasz... Może tylko informatycy mają? Może mi się upiecze XD
[22:13:16] <Lazy> czy jak to sie tam mowi
[22:13:19] <McKey> "Daniel Ingram - Tricks up My Sleeve"
[22:13:24] <Electric_Psoras> Lazy: dobrze wykładana poszerza
[22:13:24] <McKey> gdzie to to?
[22:13:32] <Eivel> McKey: ?
[22:13:34] <Electric_Psoras> źle wykładana zawęża
[22:13:36] <Lazy> maslo  a jaka droge planujesz? xD
[22:13:46] <Fullsound> no dobra myślałem o innej filozofii :D 
[22:13:53] <maslo> Automatyka i robotyka
[22:13:56] <McKey> Eivel >> nie pamiętam tego w serialu
[22:14:04] <Electric_Psoras> to było w EqG2
[22:14:07] <Lazy> nie rozumiem facetow!
[22:14:08] <Eivel> maslo: Każdy kierunek na naszej polibudzie ma dwa "odchamiacze", czyli losowe przedmioty humanistyczne
[22:14:20] <McKey> Widziałem i PL i eng hm...
[22:14:22] <Lazy> jak mozna studiowac matme albo informatyke! xD
[22:14:23] <McKey> nie ogarniam :P
[22:14:24] <Eivel> McKey: Rainbow Rocks
[22:14:28] <Eivel> McKey: Piosenka Trixie
[22:14:30] <McKey> już Vim
[22:14:37] <Electric_Psoras> Lazy: żeby mieć pracę
[22:14:38] <McKey> :q!
[22:14:50] <McKey> Lazy >> Technik Informatyk na 2 roku witam
[22:14:51] <Lazy> dalej xD
[22:14:56] <Electric_Psoras> i zarabiać 3kPLN na rękę juz przed ukończeniem studiów
[22:14:58] <Lazy> morgun
[22:15:06] <Electric_Psoras> a 5kPLN po zakończeniu
[22:15:07] <maslo> Technik mechatronik, też drugi rok :P
[22:15:10] <McKey> Electric_Psoras >> po Technikum 
[22:15:13] <Lazy> eh.... no to predzej bede bezdomna
[22:15:16] <Eivel> Lazy: Jak można nie studiować przedmiotów technicznych? To przecież cała radocha :D
[22:15:39] <Electric_Psoras> co kto lubi
[22:15:40] <Lazy> xD EH czemu musialam sie urodzic lingwista...
[22:16:41] <maslo> Fizyka <3 :D
[22:16:47] <Electric_Psoras> trzeba się uczyć pamięciówki z normami i oznaczeniami na podstawach budowy maszyn, ale za to jest fajnie na historii transportu, systemach transportowych i środkach transportu
[22:16:54] <Electric_Psoras> w każdym razie u mnie
[22:17:28] <Fullsound> ja lecę na razie wszystkim
[22:17:37] <Electric_Psoras> dowiedziałem się że turbina gazowa potrafi mieć do 75% sprawności, a dobry, nowoczesny silnik samochodowy ledwie 50% max
[22:17:38] *** Quits: Andragor (Andrabot@Pony-16fg6i.adsl.inetia.pl) (Quit: Brohoof /)*)
[22:17:43] <maslo> Psoras, na jakim kokretnie kierunku jesteś? Bo wiem, że wydział transportu :p
[22:18:06] <Electric_Psoras> a nie jeździmy wszyscy autami turbinowymi, bo te 75% to w wąskim zakresie prędkości obrotowej :P
[22:18:14] <maslo> A parowóz 12% :D
[22:18:24] <Electric_Psoras> kierunek transport, specjalność sterowanie ruchem kolejowym :3
[22:18:35] <Eivel> zcemu mnie to nie dziwi xD
[22:18:43] <maslo> XD
[22:18:47] *** Joins: Wavechill (Wavechill@Pony-4k2pna.adsl.tpnet.pl)
[22:18:52] <Eivel> hej Wavechill
[22:18:54] <BlackBird> witaj
[22:18:58] <Wavechill> Siemka
[22:19:31] <Lazy> hejka
[22:20:05] <Lazy> eh .... moja przyszlosc xD
[22:20:35] <Lazy> albo raczej jej brak ... nie mam zadnych pomyslow nie wiem czy technikum czy liceum ... nic nie wiem D:
[22:20:53] <Electric_Psoras> technikum
[22:21:06] <Electric_Psoras> będziesz miała papiery na lepszą robotę niż macdonald :P
[22:21:07] <maslo> technikum
[22:21:30] *** Quits: Fullsound (Fullsound@Pony-as25mp.gdynia.mm.pl) (Ping timeout: 121 seconds)
[22:21:32] <McKey> Electric_Psoras >> +1
[22:21:37] <Lazy> ale ale ale... ni mam uzdolnien matematycznych ito
[22:21:40] <Lazy> itp
[22:21:49] <Electric_Psoras> są różne technika
[22:22:06] <Electric_Psoras> a potem, jeśli będziesz miała szczerze dość rodziców, będziesz mogła pójść od razu po maturze do roboty i ewentualnie dostudiować sobie zaocznie
[22:22:44] <Lazy> nie, to nie dla mnie ... chce miec opcje pelnych studiow ...
[22:22:48] <maslo> Ehh... niedługo egzmin zawodowy, 75% na zaliczenie praktycznego XD
[22:22:56] <Lazy> zawsze, dlatego nigfy nie do zawodowki
[22:23:13] <Lazy> maslo czymam kciuki xD
[22:23:14] <maslo> A praktyczne będą 3 :D
[22:23:41] <Eivel> Ja byłem w liceum i gdybym miał drugi raz wybierać, to wybrałbym technikum. Liceum lepiej przygotowuje do matury, ale z technikum łatwiej jest na studiach. Mowa oczywiście o kierunkach technicznych
[22:23:50] <Eivel> tj, elektrotechnicznych
[22:23:57] <Eivel> bo tylko  z tymi miałem doczynienia
[22:24:00] <Lazy> czyli nie dla mnie :/
[22:24:21] <maslo> Dokładnie, ogarnąć wszystko na studiach, jest ciężko 
[22:24:22] <Lazy> hm... najbardziej oplacalne zawody, to...: ?
[22:24:36] <McKey> Mechanik Samochodowy xD
[22:25:05] <maslo> Nie no, nie namawiaj jej, żeby blacharą została :P
[22:25:06] <McKey> mam maila w domenie @mujmail.cz :v
[22:25:19] <McKey> Wygrałem życie
[22:25:54] <Lazy> xD
[22:25:56] <Eivel> Lazy: masz jeszcze czas podjąć decyzję co studiować. Jak techniczne odpadają, to idź do liceum i daj sobie czas. Ja dopiero na przełomie 17/18 lat byłem już pewien, że chcę infę dalej kontynuować
[22:26:14] <Lazy> :) dzieki za rade 
[22:26:30] <McKey> Eivel >> e... fajnie, ja od hm... 9 roku życia wiedziałem że rozwalanie PC to majne domene
[22:26:41] <McKey> i wyszło zemnie takie cuś...
[22:26:58] <Electric_Psoras> ja bym poszedł do technikum kolejowego, ale mi dziady skasowali :P
[22:27:21] <maslo> Mój kolega z klasy poszedł na mechatronikę, bo mu się nazwa podobała... 
[22:27:26] <Electric_Psoras> jestem rocznik 1987, ofiary reformy edukacji
[22:29:07] <Electric_Psoras> ranking zła: Koleje Śląskie < organizacja remontów PKP PLK < Holokaust < ... < reforma edukacji < Szatan
[22:29:28] <Eivel> McKey: Zazdroszczę :P Chciałbym mieć te ~5 lat dodatkowego czasu na ogarnianie infy, bo siedząc na takim #3lab ciągle widzę ile mnie ominęło. Jeszcze z rok temu nigdy nie stawiałem żadnego swojego serwera, wiedzę miałem w tym nikłą.
[22:29:48] <McKey> rok temu? hm...
[22:30:01] <McKey> a tak kompilowałem z sourca gry na Ubuntu xD
[22:30:18] <Eivel> yup, moje pierwsze doświadczenie z maszynami wirtualnymi to był Amazon do inżynierki
[22:30:21] <Eivel> I tak zostało
[22:30:30] <Eivel> DerpCrafta nie liczę, bo głównei Beton się nim zajmował
[22:30:40] <Eivel> #kryptoreklamaserweraktóregoniema
[22:30:55] <McKey> #derpcraft jeszcze przecież jest
[22:31:01] <McKey> i niemów że nie]
[22:31:16] <Eivel> no jest, ale serwera brak :p
[22:31:30] <McKey> jest www i TS xD
[22:31:34] <McKey> nawet 2 TS-y są
[22:31:58] <Lazy> dobra panowie, ja musze sie zbierac xD do jutra badzz pt jak sadze
[22:32:04] <Eivel> bye bye
[22:32:07] <McKey> pa Lazy 
[22:32:15] * McKey lasthug Lazy 
[22:32:18] <BlackBird> Dobranoc
[22:32:21] <Lazy> :'(
[22:32:23] <Lazy> sniff
[22:32:26] <Lazy> papatki
[22:32:30] <BlackBird> Niech Luna bedzie z toba
[22:32:45] <Electric_Psoras> dobranoc
[22:32:53] <Electric_Psoras> niech ET42 będzie z tobą
[22:32:57] <Lazy> i opacznosc celestyny
[22:33:19] <Electric_Psoras> *wyobraża sobie Lazy tulącą do snu dwuczłonową, kanciastą lokomotywę*
[22:33:29] <Electric_Psoras> cie pierona, ale słodki obrazek
[22:33:44] <Electric_Psoras> gdzie moja insulina
[22:33:45] <Lazy> why? xD
[22:34:02] <McKey> Electric_Psoras >> pan dziś nie kieruje
[22:34:11] <Lazy> dobra nie wnikam ide tworzyc! papa
[22:34:16] *** Quits: Lazy (Lazy@Pony-vuq2pj.adsl.tpnet.pl) (Quit: Page closed)
[22:34:40] <Eivel> Electric_Psoras: jedni mają pluszaki, inni pociągu. Musi być balans na świecie :D
[22:34:48] <Electric_Psoras> ^^
[22:34:51] <Eivel> also https://www.youtube.com/watch?v=bUo1PgKksgw  Już jutro
[22:35:05] <maslo> "bilans musi wyjść na zero" :D
[22:35:07] <McKey> Eivel >> bo co bo lubie pluszaki? xD
[22:35:22] <McKey> maslo >> udowodnij
[22:35:38] <Eivel> McKey: Też lubię pluszaki. A żadnego nie mam.
[22:35:48] <Eivel> Octavia ciągle czeka gdzieś tam, jeszcze nie uszyta
[22:36:04] <Electric_Psoras> Gaben jest kurde geniuszem marketingu, każdy chciałby żeby mu fani za darmo tworzyli reklamy :D
[22:36:15] <maslo> Psoras, musi myć grupa ludzi, która żyje swoim zboczeniem technicznym XD
[22:36:31] <McKey> Eivel >> jak masz wolne 500 zł to ci moge załatwić taką metrową
[22:37:01] <Eivel> nie :P Mi wystarczy 30-40cm
[22:37:01] <maslo> McKey psze bardzo :p https://www.youtube.com/watch?v=PspnSmKwfu4
[22:37:11] <McKey> !link lsat
[22:37:16] <McKey> !link last
[22:37:19] <McKey> ;_;
[22:37:24] * McKey slaps FlutterBot around with a murderous, korean w3
[22:37:24] * McKey slaps FlutterBot around with a twisted councelor
[22:37:25] * McKey slaps FlutterBot around with a haunted comic book
[22:37:31] <McKey> jesteś do d00py
[22:37:31] <Eivel> Electric_Psoras: Tak się zastanawiaam jak im się opłaca sprzedawanie gier z obniżką 75% +
[22:37:37] <McKey> nawet Derpi umi więcej
[22:37:55] <Eivel> ej, Derpi jest jedyna i niepowtarzalna ! Oczywiście że umie więcej. Żadne "nawet"
[22:37:57] <Electric_Psoras> Eivel: może mają takie marże, że i tak na tym zarabiają :D
[22:38:10] * Electric_Psoras idzie miziać Derpibota
[22:38:14] <Eivel> ja kiełbaski z grilla na koncertach...
[22:38:47] <Eivel> [22:38:38] -*- Eivel głaszcze Derpi
[22:38:47] <Eivel> [22:38:38] -*- Derpi gryzie Eivel
[22:38:50] <Eivel> Electric_Psoras: to mogłeś być ty
[22:39:01] *** Quits: LazyPony (LazyPony@Pony-vuq2pj.adsl.tpnet.pl) (Ping timeout: 121 seconds)
[22:39:02] <Electric_Psoras> ona nie chciała
[22:39:22] <Electric_Psoras> Eivel: skąd nick? wpisałem w google, wyświetliła mi się wieża Eiffla i to... http://rail.phototrans.eu/24,576,0,Eichholz_Eivel_GmbH.html
[22:39:58] <Eivel> Nie wiem skąd nick. Kiedyś miałem taki na forum miłośników smoków, wróciłem tam po 3 latach i tak jakoś zostało :P
[22:43:15] <maslo> zw
[22:47:31] <maslo> Coś jest z Wami nie tak dzisiaj...
[22:47:48] <maslo> Ja poszedłem, a tu się rozmowa nie rozwinęła tak, że nie ograrniam o co chodzi...
[22:47:50] <BlackBird> za malo rozolu!
[22:47:55] <BlackBird> rosolu*
[22:48:11] <McKey> Przepraszam bawie się telefonem bo szykuje propagande Lubuskiego Meeta :P
[23:04:01] <McKey> anyway branoc
[23:06:26] <maslo> me too
[23:07:29] <Eivel> me three
[23:10:28] *** Quits: maslo (maslo@Pony-jqa.tqd.121.188.IP) (Ping timeout: 121 seconds)
[23:11:48] <Electric_Psoras> szukałem ostatnio jakiegoś klarownego sposobu wyjaśnienia jak hamować pociągiem
[23:11:59] <Electric_Psoras> znalazłem na nonsensopedii :P
[23:12:23] <Electric_Psoras> "Wajchy hamulca masz dwie. Dużą dźwignię używasz ze składem, małą na samym loku.
[23:12:32] <Electric_Psoras> Jak się pomylisz, to przy hamowaniu małą wajchą ze składem zatrzymasz się trzy stacje dalej niż powinieneś, a hamując dużą dźwignią samym lokiem prawdopodobnie wylecisz przez przednią szybę.
[23:12:40] <Electric_Psoras> Zawsze oczywiście możesz zignorować oczojebne światełko i nieznośny brzęczyk czuwaka, tyle że pasażerowie ze zbiórki w pierwszym wagonie raczej nie będą zadowoleni".
[23:12:57] <Electric_Psoras> i wszystko jasne :P
[23:13:57] *** McKey is now known as [A]McKey
