[00:13:06] *** Ciapaty is now known as Ciapacz
[01:03:24] *** Quits: misiek200m (Derp@mysterious.chocolate.muffin) (Ping timeout: 121 seconds)
[05:25:25] *** Quits: BlackBird (PiesekLesze@Luna.is.Your.Princess) (Ping timeout: 121 seconds)
[05:26:57] *** Joins: BlackBird (PiesekLesze@Pony-5fq.256.185.91.IP)
[05:27:28] *** BlackBird is now known as Pony_49061
[07:33:47] *** ArchPegasus_zZz is now known as ArchPegasusMichael
[08:47:32] *** Joins: misiek200m (Derp@Pony-vvqvvs.dialog.net.pl)
[09:57:48] *** Quits: ArchPegasusMichael (ArchPegasus@Keep.In.A.Friendly.And.Pony.Place) (Ping timeout: 121 seconds)
[10:07:21] *** Joins: Proenix (Proenix@proenix.pl)
[10:45:29] *** Quits: misiek200m (Derp@mysterious.chocolate.muffin) (Quit: Lost terminal)
[12:43:43] *** Joins: ArchPegasusMichael (ArchPegasus@Keep.In.A.Friendly.And.Pony.Place)
[12:48:23] *** Quits: ArchPegasusMichael (ArchPegasus@Keep.In.A.Friendly.And.Pony.Place) (Ping timeout: 121 seconds)
[13:33:17] *** Pony_49061 is now known as BlackBird
[13:37:41] *** Joins: ArchPegasusMichael (ArchPegasus@Keep.In.A.Friendly.And.Pony.Place)
[13:49:04] *** ArchPegasusMichael is now known as WeepingArchpegasus
[14:46:15] *** Joins: Tiki (Tiki@Pony-p5c.lj2.231.109.IP)
[14:46:25] <Tiki> Bry
[14:46:59] <WeepingArchpegasus> Hay
[15:57:32] *** Joins: Fifok (Fifok@Pony-l3b.6b4.10.78.IP)
[15:57:48] <Fifok> Witam.
[15:57:49] *** Joins: Andragor (Andrabot@Pony-n1ic86.adsl.inetia.pl)
[15:58:08] <WeepingArchpegasus> Welcome, mortals
[15:58:25] <WeepingArchpegasus> do not blink ;]
[15:59:00] <Tiki> Dzisiaj będzie audycja prawda?
[15:59:30] <Eivel> tak
[15:59:32] <Eivel> dobry
[15:59:49] <Eivel> a tak swoją drogą: http://i.imgur.com/l2fSum8.jpg 
[15:59:54] <Eivel> shut up and take my bon bon
[15:59:54] <Tiki> To spoko, miałem wbic na audycje z miesiąc temu, zawsze coś wypadało : s
[16:00:20] <Tiki> lel
[16:00:28] <Tiki> to jest basen czy co?
[16:03:02] <Eivel> basen
[16:03:02] <Eivel> :D
[16:03:21] <Tiki> Ciekawy, zaaplikuje sobie kiedys taki u siebie w domu : D
[16:03:34] <Tiki> Jak już będę bogaty i wgl : s
[16:04:55] <Eivel> ja tyż
[16:05:06] <Eivel> i wypelę szampanem
[16:05:10] <Eivel> wypełnię*
[16:05:22] <Tiki> kk
[16:08:41] *** Quits: Andragor (Andrabot@Pony-n1ic86.adsl.inetia.pl) (Connection closed)
[16:09:38] *** Joins: Andragor (Andrabot@Pony-n1ic86.adsl.inetia.pl)
[16:09:46] *** Andragor is now known as Pony_24645
[16:11:15] <Tiki> Ramówka na stronie kłamie?
[16:11:59] <Fifok> To całkiem możliwe.
[16:13:18] <Tiki> Smutne, zawsze gdy znajde czas na audycje aby przyjsc i zobaczyc co tam Wolficzka prowadzi, to albo siądzie mi net albo nie ma audycji : D
[16:13:24] <Tiki> Troche smutne.
[16:18:02] *** Quits: Fifok (Fifok@Pony-l3b.6b4.10.78.IP) (Ping timeout: 121 seconds)
[16:23:30] *** Joins: ChungIP (ChungIP@Pony-r85.lun.175.46.IP)
[16:23:34] <ChungIP> Siema
[16:23:39] <Tiki> Bry.
[16:24:02] <ChungIP> Gdzie Wolficzka?
[16:25:18] <Tiki> Ni ma, ja jestem to jej ni ma : C
[16:25:19] <Tiki> smuteg
[16:25:51] *** Joins: Fifok (Fifok@Pony-l3b.6b4.10.78.IP)
[16:27:56] <ChungIP> Dziś o 22.00 jest specjalna audycja
[16:31:58] *** Quits: ChungIP (ChungIP@Pony-r85.lun.175.46.IP) (Ping timeout: 121 seconds)
[16:32:30] *** Ciapacz is now known as Ciapaty
[16:32:38] <Ciapaty> witam
[16:34:19] <mkr> No brak Wolficzki jest akurat zastanawiający. Nie informowała, że jej nie będzie.
[16:34:57] <Tiki> Tsaa...
[16:35:25] <mkr> A moc audycji jest prawde mówiąc już od 12.
[16:35:26] <Tiki> Akurat raz chciałem wbić i wgl a tu masz : <
[16:35:28] <mkr> 20*
[16:35:30] <Ciapaty> A co ona tez miala byc?>
[16:35:34] <Ciapaty> na te specjalna?
[16:35:43] <Ciapaty> czy dzis zwykla
[16:35:51] <Ciapaty> bo nie wiem co sie dzis dzieje
[16:35:53] <mkr> Dziś, zwykłą, normalną, swoją audycję.
[16:36:09] <Ciapaty> szkoda
[16:36:19] <Ciapaty> bo mozna dawac spoko tytuly aby puscila
[16:36:19] <mkr> Naprawdę polecam zaglądać do ramówki. Przymuszam prezenterów, aby dbali o nią.
[16:36:35] <Ciapaty> mkr: nie lepiej w topicu dac przekierowanie?
[16:36:40] <Ciapaty> aby ludzie nie pytali?
[16:36:51] <mkr> Masz rację, to dobry pomysł.
[16:37:02] <Ciapaty> Bo tak sobie myslalem o tym troche
[16:37:08] <Ciapaty> bo ja nie ogar calkowity
[16:38:04] <mkr> Hmm...
[16:39:03] *** mkr changes topic to 'Radio Yay (Polish Brony Radio Station) | Regulamin: http://derpy.me/4xfjd | Website: http://radioyay.net/ | Schedule (ramówka): http://radioyay.net/ramowka/ | Socials: https://facebook.com/radioyay'
[16:39:20] <Ciapaty> Schedule? co to niemiecki kanal?
[16:39:24] <Ciapaty> xd
[16:39:46] <mkr> Schedule to po angielsku.
[16:39:56] <Ciapaty> Nie ogarniam dzis :>
[16:39:58] <Eivel> ale wygląda na zapożyczone z niemca
[16:40:02] <Ciapaty> nom
[16:40:03] <Eivel> to takie sch
[16:40:13] <mkr> czyta się "skedżul"
[16:40:14] <Ciapaty> wlasnie dlatego tak myslalem ;p
[16:40:25] <mkr> http://pl.bab.la/slownik/angielski-polski/schedule
[16:40:29] <Eivel> mkr uczy, mkr bawi
[16:40:39] <Ciapaty> xd
[16:41:01] <Eivel> zw
[16:41:08] <mkr> To radio mnie nauczyło takich słówek. Musiałem poznać terminologię stacji internetowych w języku angielskim, aby w wielu sprawach sobie sprawnie poradzić.
[16:45:28] <Tiki> : D
[16:53:48] <Ciapaty> hahahhahahah
[16:53:50] <Ciapaty> https://www.youtube.com/watch?feature=player_embedded&v=hiSsrEg3tks
[16:53:52] <Ciapaty> padlem xD
[17:06:05] <Tiki> Ciekawe
[17:10:45] <Ciapaty> czasem fajnie zajrzeć na ciemną strone neta
[17:10:52] <Ciapaty> duzo fajnych rzeczy tam się dzieje
[17:11:43] <Ciapaty> wuuut misiek resetuje kanal?
[17:11:45] <Ciapaty> czy co
[17:14:04] * WeepingArchpegasus ogląda https://www.youtube.com/watch?v=nxeLrcOvkaw
[17:14:23] <Ciapaty> szto eta
[17:14:45] <Ciapaty> nie chce mi sie ogladac
[17:14:48] <Ciapaty> bo pobieram
[17:47:16] *** Joins: ElectricPsoras (ElectricPso@Pony-flp8bf.adsl.tpnet.pl)
[17:47:32] *** Quits: Tiki (Tiki@Pony-p5c.lj2.231.109.IP) (Quit: Page closed)
[17:49:13] *** ElectricPsoras is now known as BrokenHeritageUnit
[18:04:11] <Eivel> Jehowi zaczęli dzwonić do drzwi na Halloween
[18:04:14] <Eivel> Tylko o cukierki nie proszą
[18:05:47] <mkr> No zdarza się.
[18:06:35] <WeepingArchpegasus> Eivel: nie strasz
[18:06:41] <WeepingArchpegasus> D:
[18:07:49] <Eivel> WeepingArchpegasus: Może to były dzieci przebrane za Jehowych? Mogły sobie znaleźć trochę mniej przerażający kostium, jakiegoś zakrwawionego zombie czy coś...
[18:08:04] <WeepingArchpegasus> :I
[18:10:22] <Eivel> Dzisiaj będzie ciekawa ponylista
[18:10:31] <Eivel> kupę dobrych kawałków widzę
[18:13:30] *** Pony_24645 is now known as Andragor
[18:14:59] <mkr> Dzisiaj będzie Ponylista al'a Eivel.
[18:15:25] <Eivel> czemu? :P
[18:16:05] <mkr> Bo jeżeli mówisz, że kupa dobrych kawałków tzn. że większość w twoim typie.
[18:16:59] <Eivel> Już myślałem, że moją playliste podglądacie, bo kilka najnowszych z niej znalazło się w ponyliście :D
[18:32:37] *** Joins: CichyBrony (CichyBrony@Pony-pdi2uf.static.haker-net.pl)
[19:06:42] *** Joins: Tiki (Tiki@Pony-p5c.lj2.231.109.IP)
[19:19:47] *** Joins: Fullsound (~Fullsound@Pony-as25mp.gdynia.mm.pl)
[19:20:22] <Fullsound> Chciałem życzyć wszystkim:
[19:20:34] <Fullsound> pogodnych radosnych... ni to nie ta okazja
[19:20:48] <Fullsound> wesołego Nightmare Night.
[19:20:58] <Andragor> strasznego* :p
[19:21:20] <Fullsound> no dla mnie będzie radosne :P nie powiem czemu ale będzie
[19:21:52] <mkr> A dziękujemy. I rzeczywiście - strasznego. Jak sobie pomyślę o jutrzejszych tłokach na cmentarzach to już mnie ciarki przechodzą.
[19:22:59] <Fullsound> No to fakt... Strasznego Nightmare Night i nie zatłoczonego wszystkich wciętych oraz zapuszek :D
[19:23:21] <Tiki> Elo Fullsound 
[19:23:51] <Fullsound> Siema
[19:26:34] <WeepingArchpegasus> Hi Fullsound 
[19:26:42] <WeepingArchpegasus> do not blink ;]
[19:26:56] <Fullsound> 2 late :D
[19:27:19] <WeepingArchpegasus> :3
[19:27:40] <Eivel> hej Fullsound
[19:27:52] <Fullsound> siema
[19:28:47] <Eivel> co do wszystkich wciętych to w sumie prawda
[19:28:49] <Eivel> byłem w sklepie
[19:29:00] <Eivel> co drugi klient zaczynał zakupy od zołądkowej
[19:29:05] <Eivel> ż*
[19:29:24] <Fullsound> A ponieważ mamy Nightmare Night i Luna może się bawić podczas służby wiadomość do wszystkich:
[19:29:24] <Fullsound> whatever you gonna do, do not fall asleep!
[19:29:51] <Eivel> #nocnazmiana
[19:30:05] <Eivel> w sumie może niedługo będę pracował na nocki, to przestanę się z tego śmiać :|
[19:30:31] <Fullsound> a ja będę mógł zacząć XD
[19:30:39] <WeepingArchpegasus> jutro sobota, yeah... żebym chociaż lepszu humor miał
[19:30:50] <CichyBrony> witam
[19:30:51] <WeepingArchpegasus> *lepszy
[19:31:26] <Fullsound> lepszy czy nie. ważne żeby wrócić do domu :D
[19:32:07] <Eivel> gosh, już sobie wyobrażam pkp w niedzielę
[19:32:41] <Fullsound> nie istnieje pkp w niedzielę XD
[19:32:50] <Fullsound> wolę jechać do wietnamu
[19:33:29] <WeepingArchpegasus> Fullsound: w niedzielę pkp wyznacza standard kompresji?
[19:33:30] <Eivel> niestety mus to mus... trzeba jakoś wrócić do Poznania ;_;
[19:33:42] <BrokenHeritageUnit> ja bym sobie do Wietnamu pojechał
[19:34:06] <Tiki> Ta konwersacja idzie w dziwnym kierunku...
[19:34:08] <BrokenHeritageUnit> przez Rosję i Chiny
[19:34:21] <Fullsound> pkp wyznacza standard kompresji od zawsze i na każde święto :P
[19:34:28] <Tiki> Zaczeło sie od Nghtmare Night a kończy na wietnamie?
[19:34:48] <BrokenHeritageUnit> można dojechać z Polski do Wietnamu pociągien
[19:35:03] <BrokenHeritageUnit> a kraj fajny
[19:35:04] <Fullsound> skończy się na wszystkich wciętych XD
[19:35:06] <WeepingArchpegasus> Tiki: nie byłeś na #equ
[19:35:12] <WeepingArchpegasus> #EquestriaDaily 
[19:35:20] <Tiki> WeepingArchpegasus czasami bywałem
[19:35:20] <BrokenHeritageUnit> wszyscy jeżdżą na motorynkach
[19:35:36] <Fullsound> :D
[19:35:43] <WeepingArchpegasus> Tiki: tam dopiero są dziwne konwersacje
[19:35:53] <Tiki> Ale wiesz Arch nie było mnie na irc'ach od kilku miesięcy więc trudno mi mówić.
[19:36:13] <WeepingArchpegasus> spoko
[19:36:19] <Fullsound> to nie mów, pisz XD
[19:36:21] <Tiki> Tak wiem to, czasami dziwne rzeczy sie tam działy.
[19:36:32] <Tiki> Ahh tu mnie masz : s
[19:36:40] <BrokenHeritageUnit> EqD w pigułce: random stuff and ponies, but mostly random stuff
[19:37:12] <Fullsound> czyli jak typowa msza w kościele.
[19:37:21] <WeepingArchpegasus> http://www.iv.pl/images/61895132632655206910.png
[19:37:34] <Tiki> Eee, nie wiem jak znalazłeś co do tego powiązanie ale ok.
[19:38:00] <BrokenHeritageUnit> chyba miałeś na myśli kazanie
[19:38:02] <Fullsound> random stuff XD
[19:38:12] <WeepingArchpegasus> [2014-10-31 16:12:05] <johnsey> !derp
[19:38:13] <WeepingArchpegasus> [2014-10-31 16:12:06] * DerpyBot brands johnsey's flank with the word DERP, using a red hot branding iron
[19:38:40] <Fullsound> :D
[19:38:54] *** Quits: CichyBrony (CichyBrony@Pony-pdi2uf.static.haker-net.pl) (Ping timeout: 121 seconds)
[19:39:13] <BrokenHeritageUnit> typowe kazanie: o różnych rzeczach i Bogu, ale w większości o różnych rzeczach
[19:39:34] <BrokenHeritageUnit> im mniejsza parafia i kościół, tym bardziej
[19:39:46] <Tiki> Tsa
[19:40:05] <Fullsound> blah...blah...blah...blah... MIŁISIERDZIE PANA blah...blah...blah...blah...
[19:40:07] <Tiki> Wiem cos o tym, jak czasami u babci jestem w parafi jest jakosnormalnie...
[19:40:16] <Tiki> Ale jak jestem u siebie, to boże
[19:40:20] <Fullsound> jakoś normalnie Xd
[19:40:28] <Tiki> No, jak na msze : s
[19:41:01] <Eivel> Dobra, miejscówka w pkp kupiona
[19:41:06] <Eivel> teraz niech się dzieje
[19:41:24] <McKey> Eivel>> wat wat?
[19:41:28] <Fullsound> ksiądz dla odmiany nie zbiera na remont dachu, a babcie nie idą na cmentarz żeby się pokazać sąsiadom XD
[19:41:35] <Eivel> McKey: ?
[19:41:44] <McKey> gdzie jedziesz?
[19:41:50] <Eivel> W niedzielę do Poznania
[19:41:55] <McKey> a ok
[19:41:56] <Eivel> ale już bilet kupiłem
[19:41:59] <Eivel> A co? :P
[19:42:10] <Eivel> Myślałeś że meet halloweenowy jest? ;D
[19:42:24] <Fullsound> kup nadmuchiwany ponton, będziesz mieć więcej miejsca XD
[19:42:27] <Tiki> Fullsound dzisiaj w autobusie jakaś babcia sie na mnie darła xD
[19:42:53] <Fullsound> za co
[19:43:15] <Tiki> Upatrzyła sobie miejsce gdzie siedziałem choć obok miała 2 inne i sie do mnie pruje, że młody a starszej kobiecie nie ustąpi xD
[19:43:18] <McKey> no xd
[19:43:26] <Fullsound> damn...
[19:43:42] <Tiki> Ostatecznie usiadłem gdzie indziej a ona jakby z wielkim fochem nie usiadła i takie teraz to ja juzwysiadam i wgl
[19:43:43] <Tiki> : s
[19:43:55] <Eivel> W ostatnim tygodniu dwukrotnie słyszałem jak komentują na studentów, że ośmielają się w takiej ilości pchać się w trammwaju i o 8 gdzieś jechać
[19:44:15] <Fullsound> mam rozwiązanie tego problemu.
[19:44:29] <Fullsound> słuchawki na uszy i jazda, niech sobie gada.
[19:44:48] <Tiki> Czytałem książke, i teorytycznie ja ignorowałem.
[19:45:08] <Tiki> Tylko wiesz, po pewnym czasie to potrafi wkurzyć.
[19:45:20] <Fullsound> to ignoruj ją na serio a nie w teorii.
[19:45:33] <Tiki> z/w
[19:45:36] <Fullsound> jeśli chce się szacunku wymagać to najpierw samemu trzeba trochę okazać.
[19:46:02] <Fullsound> o nawet zrymowałem a w ogóle nie chciałem.
[19:46:08] <Fullsound> ... dobra...
[19:46:59] <WeepingArchpegasus> Zecora approves
[19:47:53] <Tiki> jj
[19:47:58] <Tiki> No tak kapke.
[19:48:21] <Fullsound> bo o to chodzi moje bratki żeby w rymach nie wyłapać wpadki XD
[19:48:44] <Fullsound> dang it 
[19:48:54] <Tiki> Spokojnie bo jeszcze zapas rymów wyczerpiesz
[19:49:24] <Fullsound> mi się nie kończy
[19:49:58] <Fullsound> wystarczy że mi się zajawka załączy
[19:50:12] <Fullsound> no i co zrobiliście ?
[19:50:22] <Fullsound> wszystkich nas zgubiliście
[19:50:26] <Tiki> ./Ban Fullsound 
[19:50:27] <Tiki> : s
[19:50:38] *** Joins: Mordecz (Mordecz@Pony-3pdh2f.adsl.inetia.pl)
[19:50:50] <Tiki> Ohajo Mordecz
[19:50:51] *** Pinkamena sets mode: +v Mordecz
[19:50:57] <Mordecz> pozdrawiam
[19:50:59] <Fullsound> Cześc mordecz
[19:51:14] <Ciapaty> Ahajo Mordecz-chan
[19:51:32] <Ciapaty> (Ahajo)- bo tak mowia po japosnku
[19:51:39] <Ciapaty> jak dla mnie
[19:51:46] <Ciapaty> nie rozumiem japoncow xd
[19:51:53] <Tiki> Ciapnięty jak twoim zdaniem przetłumaczysz zdrobnienie od Mordecz?
[19:51:55] <Mordecz> -chan to chyba za daleko. Turki chyba inaczej pozdrawiają
[19:52:00] <Ciapaty> xd
[19:52:09] <Tiki> -chan
[19:52:11] <Tiki> zdrobnienie
[19:52:12] <Ciapaty> Tiki: juz tlumaczyl ;p
[19:52:15] <Ciapaty> od kota
[19:52:17] <Ciapaty> xd
[19:52:20] <Tiki> Kotek : s
[19:52:23] <Tiki> no moze byc
[19:52:24] <WeepingArchpegasus> Hay Mordecz 
[19:52:34] <Mordecz> hello
[19:52:42] <Fullsound> zdrobnienie od mordecz? hmm morda? nie od tego nie ma zdrobnienia.
[19:52:55] <Ciapaty> xd
[19:52:56] <Tiki> Mordeczka :D
[19:53:07] <Tiki> Mordeczek
[19:53:11] <Tiki> hmm
[19:53:15] <Ciapaty> Mordeczunio
[19:54:01] <Tiki> Wgl znalazłem dzisiaj przepis na krówki, musze powiedzieć, że są dobre.
[19:54:14] <Fullsound> jest jeszcze mordeczusio i mordeczunieńko ale ten ostatni po praniu :D
[19:54:15] <Ciapaty> xd
[19:54:27] <Ciapaty> a tak wgl Mordecz nie jestem turkiem ;p wczoraj tlumaczylem od czego moj nick
[19:54:38] <Ciapaty> od tego ze jestem uzalezniony po prostu od kebaba
[19:54:43] <Ciapaty> a nie od tego ze je robie ;p
[19:54:54] <Mordecz> ah :P
[19:54:58] <Mordecz> to wiele wyjaśnia
[19:54:58] <Fullsound> wymówka pierwszo klaśna jak dla mnie XD
[19:55:19] <Ciapaty> nie wymówka ;p
[19:55:34] <Ciapaty> po prostu dla mnie dzien bez fastfooda to dzien do kitu
[19:55:48] <Tiki> To sobie zupki chińskie kupuj
[19:55:51] <Tiki> Fast food :L D
[19:55:53] <Fullsound> dzien się nie skończy póki nie zjesz kebaba XD
[19:55:56] <Ciapaty> zupki chinskie...
[19:55:58] <Ciapaty> neeeeeeeeeeeeeeee
[19:56:15] <Eivel> hej Mordecz
[19:56:15] <Ciapaty> Fullsound: kebaba glownie bo tym sie najem ;p
[19:56:17] <Tiki> Fullsound ciekawe, kebaby zaginaja czas.
[19:56:18] <Ciapaty> ale pizza moze byc
[19:56:33] <Fullsound> niech kupi fast fooda i je powoli. system złamany a Ciapaty szczęśliwy XD
[19:56:39] <Ciapaty> :>
[19:56:46] <Ciapaty> System of a Down
[19:56:52] <Tiki> Za długo też nie można, jeszcze zimny będzie.
[19:57:02] <Ciapaty> niestety
[19:57:10] <Fullsound> sad but true
[19:57:11] <Ciapaty> chcialbym miec nigdy nie konczacego się kebaba
[19:57:21] <Ciapaty> bylbym szczesliwy
[19:57:48] <Fullsound> dobra ja muszę lecieć.
[19:57:51] <Fullsound> na razie.
[19:58:05] <Ciapaty> nq
[19:58:05] <Tiki> Bye
[19:58:38] <Tiki> Ciapaty: gdybyś miał takiego kebaba to nikt by na świecie nie głodował.
[19:58:43] <Ciapaty> :>
[19:58:50] <Ciapaty> wtedy.. nikomu bym go nie dal
[19:58:58] <Ciapaty> bo mialbym go tylko dla siebie ;p
[19:59:00] <Tiki> Tak myślałem...
[19:59:20] <Ciapaty> :)
[20:00:48] <Mordecz> kucykowy system of a down...
[20:01:21] <Mordecz> zrobić takiego trolla i grać pod kapelą pt.: System of an Autism...
[20:01:25] <McKey> !countdown
[20:01:40] <Ciapaty> nieeeeeeeeeeeeeeeeeeeeee
[20:01:50] <Ciapaty> Mordecz: nie psuj ich piosenek!!!!!!!
[20:01:52] *** Quits: Fullsound (~Fullsound@Pony-as25mp.gdynia.mm.pl) (Ping timeout: 121 seconds)
[20:01:56] *** Joins: skajnet12344321 (skajnet1234@Pony-cqb.ue6.190.37.IP)
[20:02:01] <Ciapaty> bo zamorduje! nasle na ciebie twojego kota
[20:02:08] <Ciapaty> i nie zyjess
[20:02:17] * McKey slaps mkr around with a nick named, crying Y-Wing
[20:02:29] <Mordecz> :)
[20:02:40] <Ciapaty> :<
[20:02:56] <Mordecz> bez obaw, nie umiem śpiewać
[20:03:02] <Ciapaty> i dobrze
[20:03:06] <Ciapaty> :>
[20:03:06] * McKey slaps mkr around with an old, dark USB stick
[20:03:13] <mkr> Możesz przestać?
[20:03:14] <Eivel> Składam zażalenie, audycja spóźnia się 3 minuty
[20:03:19] <Tiki> Jak słodko McKey 
[20:03:22] <McKey> jak mi powiesz :P
[20:03:33] * Ciapaty slaps McKey around with big, never ending kebab
[20:03:36] <Ciapaty> ;p
[20:03:37] <mkr> Co mam Ci niby powiedzieć?
[20:03:48] <McKey> czy adminujesz czy masz w d00pie
[20:03:59] <mkr> Mam w McKluczniku.
[20:04:02] <Ciapaty> xd
[20:04:04] <mkr> Sam to rozszyfruj.
[20:04:08] <Ciapaty> hehehehhehehe
[20:04:12] <McKey> no to temp ban dla Ciapaty 
[20:04:12] <Mordecz> "I don't think you trust...
[20:04:18] <Ciapaty> McKey: milo mi
[20:04:22] <Ciapaty> Ciapaty jestem
[20:04:24] <McKey> i kicki dla wszystkich :P
[20:04:29] <Ciapaty> dziekujemy
[20:04:30] <Mordecz> ...In my self-righteous suicide...
[20:04:44] <Tiki> McKey na ciebie mozna liczyć.
[20:04:49] <Ciapaty> Mordecz: ATWA ta?
[20:04:55] <Ciapaty> bo nie pamietam za dobrze juz ;p
[20:04:57] <Mordecz> ...I cry when Celly deserves to die
[20:05:08] <Ciapaty> jakie celly
[20:05:10] <Ciapaty> angels
[20:05:15] <Ciapaty> xd
[20:05:48] <Mordecz> dobrze, że rozumiesz dowcip :)
[20:06:32] <Ciapaty> ;p
[20:07:27] *** Joins: Nishi (Nishi@Pony-7m6f38.7.ktmtelekom.pl)
[20:07:27] *** Pinkamena sets mode: +v Nishi
[20:07:39] <Ciapaty> hmmm Nishus
[20:07:40] <Eivel> Hej Nishi :P
[20:07:42] <Nishi> Witajcie
[20:07:48] <Tiki> Bry Nishi 
[20:07:54] <Ciapaty> Ohajo Nishi-sama
[20:08:06] <Nishi> Oj tam od razu sama ^^'
[20:08:10] <Ciapaty> xd
[20:08:13] <Tiki> bardziej sensei
[20:08:17] <Ciapaty> niet
[20:08:20] <Tiki> sama to mozna do swojego pana mówić xd
[20:08:23] <Ciapaty> bo nie jest o wiele starszy
[20:08:24] <Eivel> :D
[20:08:40] <Nishi> No to może senpai :P
[20:08:46] <Ciapaty> ;p
[20:08:49] <Tiki> senpai moze byc
[20:09:02] <Tiki> odnosi sie do starszych kolegów jak i dorosłych
[20:09:04] <Nishi> Kurcze, myslałem, że ta piosenka będzie wyżej ;-;
[20:09:04] <Tiki> wiec why not
[20:10:15] <WeepingArchpegasus> Hi Nishi 
[20:10:58] *** Joins: Celler (Celler@Pony-26hkq2.adsl.tpnet.pl)
[20:10:59] <Nishi> Witam WeepingArchpegasus
[20:11:04] <Celler> Siema.
[20:11:42] <WeepingArchpegasus> Zbiera się lud :>
[20:11:50] <Nishi> W rzeczy samej
[20:12:30] <Tiki> Skoshi.
[20:12:45] <WeepingArchpegasus> se sushi, se krushi
[20:12:56] <Eivel> Jadłem przed godziną
[20:14:09] <Tiki> Sushi hmm, dawno nie jadłem, ostatnio na konwencie.
[20:14:25] <Nishi> Ja tam sushi jakoś nie lubię
[20:14:39] <mkr> >Nishi >mango >animo >nie lubi sushi
[20:14:41] <Mordecz> Nishi, następnym razem dzwoń po kolegów, żeby oddali na te utwory głosy
[20:14:44] <mkr> Na pewno ściemnia!
[20:14:57] <Nishi> Mordecz, tak będę musiał zrobić. 
[20:15:15] <Mordecz> "- Cześć, tu Nishi. Sprawa jest... oddaj pan głos na kucyki"
[20:15:18] <Nishi> mkr, to że mango i animu to nie znaczy że sushi lubi :v
[20:15:26] <Tiki> lel
[20:15:28] <mkr> Kłamczysz.
[20:15:32] <Nishi> Nie
[20:15:39] <mkr> Musisz lubić, bo taka jest dola mangowca.
[20:15:43] <Tiki> Nishi: masz zakupione jakieś mangi?
[20:16:00] <Ciapaty> dla mnie to i japonce moga kebaby wpieprzac
[20:16:04] <Ciapaty> aby chociaz robili anime
[20:16:08] <Nishi> Tiki, aktualnie wszystkie odsprzedaję, została mi tylko jedna
[20:16:09] <Ciapaty> wtedy bedzie git
[20:16:19] <Tiki> A co takiego posiadałeś?
[20:16:22] <Nishi> mkr, to w takim razie jestem hipsterem
[20:16:34] <mkr> No nic dziwnego - lubisz kucyki i jesteś mangowcem.
[20:17:01] <Nishi> Miałem Całą serię Chobits, Welcome to N.H.K., Hellsing, Doubt i another. Został mi tylko 1 tom another
[20:17:30] <WeepingArchpegasus> https://derpibooru.org/754718
[20:17:30] <Tiki> Hmm miałęś tą serie chobits powiadasz, jest  warto kupywać?
[20:17:31] <Nishi> mkr, ale to dzięki mangowcom lubię styl G4. Jest taki animcowaty
[20:17:37] <Tiki> miałeś*
[20:17:54] <Eivel> WeepingArchpegasus: świetne :D
[20:18:19] <Nishi> Ja bardzo ją lubiłem. Chobits to jedna z pierwszych serii jakie oglądałem, więc było to kupione z sentymentu. Ale ogólnie polecam
[20:18:25] <Eivel> Nishi: Może coś w tym jest. W fandomie jest mnóstwo mangowców, w tym ja
[20:19:01] <Tiki> Hmm, ja całkiem niedawno zakupiłem serie 6000meters, horrorek jak horrorek, ale całkiem wporzo.
[20:19:03] <Nishi> Z mangowego fandomu to w sumie tylko czasem na konwenty jeżdżę
[20:20:26] <Eivel> Mhm, naprawdę lubię syl Sayonara Maxwella
[20:20:29] <Eivel> styl*
[20:20:52] <Nishi> Remixy ma dobre. Jednak bardziej wolę jego covery po rosyjsku
[20:21:06] <Eivel> A ich nie znam. Muszę przejrzeć po audycjach
[20:21:12] <Nishi> Polecam
[20:21:42] <Eivel> zw
[20:22:19] <Nishi> Muszę w końcu zacząć tworzyć muzykę :P
[20:22:53] <Eivel> jj
[20:23:03] <Eivel> Nishi: Mówię sobie to co tydzień
[20:23:04] <WeepingArchpegasus> http://www.equestriadaily.com/2014/10/night-mares-of-ponyville.html
[20:23:11] *** Joins: FireSky (FireSky@Pony-bsqpr5.adsl.tpnet.pl)
[20:23:22] <Eivel> Nishi: Zrobiłem jeden słaby kawałek i mam zastój xd
[20:23:27] <FireSky> Dobry Wieczór :3 
[20:23:37] <Nishi> Ja zrobiłem 2 słabe dawno temu xD
[20:23:37] <Eivel> hej FireSky ;)
[20:23:43] <Nishi> Witaj FireSky
[20:23:50] <Eivel> Nishi: Jaki gatunek?
[20:23:55] <Nishi> Techno
[20:24:28] <Nishi> Były słabe, a jednak jeden z nich dostał się na EQD xD
[20:24:37] <Eivel> Nieźle :D
[20:24:51] <Eivel> Ja swój ukryłem przed światem, youtube ciągle pusty
[20:24:57] <Nishi> Jak zobaczyłem że tam się dostałem to mało ze śmiechu nie padłem xD
[20:25:02] <Nishi> Nie ma co ukrywać :3
[20:25:54] <Eivel> Wiesz, dałem na mylittleremix, dostałem mnóstwo cennych uwag. Ale jakoś na youtube wrzucać, nope
[20:26:01] <Eivel> na soujndcloudzie tylko trzymam
[20:26:14] <Nishi> Podeślij linka, z chęcią przesłucham
[20:26:26] *** Joins: Lazy (~Lazy@Pony-n2a0v6.adsl.tpnet.pl)
[20:26:30] <Lazy> juz jestem!
[20:26:44] <FireSky> Witam :3 
[20:26:51] <Nishi> Witaj Lazy
[20:27:00] <Tiki> Bry Lazy 
[20:27:01] <Eivel> I wzajemnie. Co prawda za typowym techno nie przepadam, ale podgatunków ciągle jest mnóśtwo
[20:27:05] <Eivel> hej Lazy;)
[20:27:21] <Lazy> o czyli widze na NNS będzie tłoczno na antenie? :3
[20:27:23] <Nishi> Moje kawałki są na YT. Zaraz zarzucę linkami
[20:27:45] <Lazy> Tiki 0.0 jak ja cie dawno nie widzialam na kanale
[20:27:59] <Nishi> https://www.youtube.com/watch?v=-Pe5ThCEzdI
[20:28:16] <Nishi> https://www.youtube.com/watch?v=FXoh11m5RuA
[20:28:18] <Lazy> * gives Eivel a bunch of monster munch chips*
[20:28:20] <Andragor> Wow, ile ludzi. Wow, ile znajomych twarzy ;D
[20:28:27] <Lazy> prawda? :D
[20:28:34] * Eivel munch munchs
[20:28:47] <Eivel> Nishi: Dziękować :P To i ode mnie https://soundcloud.com/eivelmusic/aerial-bond
[20:29:04] <Eivel> electronic orchestral
[20:29:16] <FireSky> Też tu widzę same znajome nicki xD 
[20:29:16] <Tiki> Lazy: z 2-3 miechy mnie tu tak naprwde nie było, nie dziwie sie.
[20:29:17] <Nishi> Już słucham
[20:29:56] <Lazy> ahc jak fajnie :D i musimy ze soba wytrzymac do 24.00? xD
[20:29:56] <Tiki> Andragor: jakos mi sie schowałeś, nie zauwazyłem cie : s
[20:30:15] <Andragor> incognito, jak zazwyczaj :p
[20:30:16] <Tiki> A to jakis problem Lazy?
[20:30:31] <Tiki> Tjaa, wracaj do swojej łodzi podwodniej.
[20:30:50] <Andragor> xD *zanurza się*
[20:31:19] <WeepingArchpegasus> Dobry upiorny wieczór niewitanym
[20:31:59] <Tiki> Tyy, teraz sie szybowcami wozisz? Andragor to troche nowosc...
[20:32:30] <Andragor> Jak to szybowcami? 
[20:33:10] *** Joins: ChungIP (ChungIP@Pony-r85.lun.175.46.IP)
[20:33:19] <ChungIP> Siema
[20:33:24] <Andragor> Cześć.
[20:33:25] <Lazy> hejka
[20:33:26] <Tiki> Bry
[20:33:28] <Nishi> Witaj Chung
[20:33:44] <ChungIP> Mam pytanie co do Ponylisty jak wybieracie te utwory?
[20:33:55] <ChungIP> Które głosujemy
[20:35:09] <Eivel> ChungIP: Radioyay wzywa kapitana Mordecza, który oblatuje youtube w poszukiwaniu młodych talentów
[20:35:35] <Mordecz> przeglądam różne bazy danych (nie tylko youtube'a)
[20:35:41] <Nishi> Eivel, powiem ci tak. Moje pioseneczki to nic w porównaniu do twojego utworu
[20:36:18] <Mordecz> potem muszę je przesłuchać (a jest ich około 500 miesięcznie)
[20:36:28] <Mordecz> i z nich wybieram do 35
[20:36:41] <Mordecz> nie byłoby źle, gdyby było w czym wybierać... a rzadko kiedy jest
[20:36:53] <ChungIP> Bo te piosenki które były w tym głosowaniu to ja 2 zagłosowałem po nazwie,a resztę czyli 4 głosy do dałem randomowo.
[20:37:09] <Tiki> Oh ty
[20:37:57] <mkr> To trzeba Chung kliknąć na nazwę i odsłuchać.
[20:38:01] <mkr> A nuż coś się spodoba.
[20:38:06] <Eivel> Nishi: Nie możemy porównywać gatunków :P Mi strasznie ciężko się połapać w syntezatorach, więc ciężko byłoby mi dobrą elektronikę zrobić. A Twojego Honest Battle fajnie się słucha, szczególnie jak wchodzi linia basu palm muted.
[20:38:22] <ChungIP> Bo jak przeglaałem ostatnie 2 ponylisty to żadnej piosenki nie znałem bo patrzyłem po nazwie
[20:38:55] <Nishi> Eivel, za tym jak stworzyłem Honest Battle stoi pewien sekret xD
[20:39:30] <Eivel> Nishi: Zdradzisz ten sekret? :P
[20:40:04] <Lazy> a i wdzialam PFUDORA waszym kanale na yt xD czemu az 10h? ;___;
[20:40:17] <Eivel> Lazy: Bo wszystko co dobre na yt ma 10h
[20:40:27] <Eivel> Idealne na nockę z programowaniem
[20:40:35] <Eivel> chociaż fukkireta 10h lepiej ryje  łeb
[20:40:36] <Lazy> eehhh i laduje sie godzine na mojej komorce :p
[20:40:36] <ChungIP> Ja 2 dni temu dopiero 1 raz włączyłem piosenkę Shooting Star i musze przyznać 10/10 + kojarzy mi się to ze skillem
[20:41:47] <Lazy> so good
[20:41:58] <Lazy> ale wait
[20:42:09] <Lazy> ...czy jes jakas dziewczyna na kanale?
[20:42:29] <Lazy> oprocz mnie
[20:42:34] <ChungIP> fajna piosenka 7 minut trwa xd
[20:43:08] <Eivel> ta teraz od VotP?
[20:43:12] <ChungIP> 23 słuchaczy
[20:43:14] <Eivel> Lazy: mam złe wieści
[20:43:14] <Nishi> yup
[20:43:19] <Eivel> Lazy: nie :P
[20:43:22] <McKey> ja 2x (jak zwykle :P
[20:43:40] <Lazy> ahh...
[20:43:46] <Tiki> Sad Lazy 
[20:43:48] <Tiki> is sad
[20:43:53] <Lazy> no coz bywa D:
[20:44:09] <Lazy> ale przydalaby sie jakas staarsza ode mnie na kanale :/
[20:44:22] <ChungIP> Ponylista miesiąca ma 5-10 słuchaczy wiece niz Tak to Leciało
[20:44:41] <BrokenHeritageUnit> a ile ty właściwie masz lat, Lazy?
[20:44:43] <Lazy> wolficzka nie mogla dotrzec?
[20:45:06] <Tiki> Lazy specjalnie przyszedłem na jej audycje, i patrz
[20:45:08] <Tiki> nie było jej...
[20:45:09] <ChungIP> Nie było audycji Wolficzki zrobiło mi się tak przykro wtedy że zamówiłem utwór nightmare night
[20:45:10] <Lazy> mein? 14... e nienawidze zycia :/ ale sama nwm cxzy wygladam na 14 czy mniej czy wiecej 
[20:45:23] <FireSky> ChungIP na ostatniej audycji było 24 słuchaczy :p
[20:45:27] <BrokenHeritageUnit> wiem że kobiet się nie pyta, ale de facto sama podniosłaś tę kwestię ;)
[20:45:32] <Lazy> na kolaniach ludzie mowili ze i tak i tak
[20:45:33] <ChungIP> Siema fire
[20:45:38] <ChungIP> Ne zauważyłem cię
[20:45:42] <Lazy> mi to nie robi :)
[20:45:44] <FireSky> Siemka xD 
[20:45:55] <Tiki> 24 słuchaczy hmm, przypominaja mi sie audycje u BP'ka
[20:46:05] <Tiki> tylko, że tam bywało wiecej.
[20:46:11] <BrokenHeritageUnit> moja siostra ma 16, a wygląda na 21
[20:46:38] <ChungIP> Ciekawe jak będzie wyglądał ten special halloween'owy na radiu
[20:46:51] <Tiki> BrokenHeritageUnit: moze tak naprawde ma 21 tylko mówi, że 16 aby sie nie postarzać xD
[20:47:12] <BrokenHeritageUnit> to moja cholerna siostra
[20:47:27] <Tiki> : .
[20:47:30] <BrokenHeritageUnit> widziałem ją jako noworodka :P
[20:47:32] <Mordecz> ChungIP, ja też jestem ciekaw
[20:47:35] <FireSky> Chung niestety nie wiem jak xD
[20:47:51] <Tiki> A co do tego specjalu ma byc po 22 tak?
[20:48:07] <ChungIP> tak
[20:48:08] *** Joins: misiek200m (Derp@Pony-ipla9b.adsl.tpnet.pl)
[20:48:18] <Tiki> Ohajo misiek200m 
[20:48:23] <misiek200m> Hej wam :)
[20:48:29] <BrokenHeritageUnit> yay 200m
[20:48:31] <Andragor> Hej.
[20:48:32] <ChungIP> Zgromadzienie ludowe będzie takie
[20:48:33] <Lazy> oo niedlugo kurcze ekipa w komplecie
[20:48:36] <Nishi> Witaj Misiek
[20:48:43] <ChungIP> Gra ktoś z was w Diablo 2 LOD?
[20:49:14] <BrokenHeritageUnit> tu psoras, tylko na EqD mówili, że mamy zmienić nicki na straszne
[20:49:19] <Tiki> Jak tam sie kanał kręci? Lazy?
[20:49:27] <Lazy> ale tak to jest ze swiatem teraz 22 wylada na 14 a 14 wyglada na 22
[20:49:40] <Lazy> ha-ha Tiki  :p
[20:49:49] <ChungIP> Co jest mam cisze w radiu
[20:50:02] <BrokenHeritageUnit> a cóż może być straszniejszego niż zepsuta lokomotywa w historycznym malowaniu? D:
[20:50:02] <ChungIP> już leci piosenka
[20:50:04] <Lazy> a zwlaszcza z dziewczynami tak jest
[20:50:07] <Tiki> Czo sie śmiejesz Lazy ?
[20:50:16] <Lazy> ni ma kanalu
[20:50:25] <ChungIP> Gra ktos w Daiblo 2 LoD?
[20:50:34] <Tiki> Dobrze wiedzieć : s
[20:50:35] <BrokenHeritageUnit> najtrudniej to chyba określić wiek u Azjatek
[20:50:52] <Tiki> Ja tu przez 2 miechy w nieświadomosci żyje a ty mi mówisz, że nie ma :D?
[20:51:11] <BrokenHeritageUnit> wyglądają na 16 jak mają 16 i wciąż wyglądają na 16 jak mają 25
[20:51:12] <ChungIP> Gra ktoś w Diablo 2 LoD?
[20:51:35] <Tiki> BrokenHeritageUnit: hmm nad tym trzeba dłuzej posiedzieć...
[20:51:36] <Eivel> BrokenHeritageUnit: 23 na karku, jak zgolę brodę to nie kupię piwa bez dowodu :P
[20:51:49] <Lazy> NIE chce byc raistowska ale jak dla mnie uroda azjatycka jest bardzo myslaca
[20:51:50] <BrokenHeritageUnit> :]
[20:52:00] <ChungIP> Ja tu poważne pytanie zadaję
[20:52:06] <ChungIP> I nikt nie odpowidada
[20:52:08] <Tiki> dobra z/w
[20:52:10] <Eivel> ChungIP: pytasz kto gra
[20:52:10] <Lazy> Eivel: masz brode? 'oooo'
[20:52:12] <Eivel> nie kto nie gra
[20:52:33] <Eivel> Lazy: tzw "trawniczek" co chciałby być brodą
[20:52:53] <WeepingArchpegasus> Lazy: https://www.dropbox.com/s/2ht50gxi4fxle2w/20141021_222357.jpg?dl=0
[20:52:53] <BrokenHeritageUnit> a ja zapuściłem sobie wąsy :3
[20:52:57] <Eivel> Ale wierzę, że jak bedę to nazywał brodą, to wyrośnie kiedyś na silny loczek harleyowca
[20:53:03] <ChungIP> Bo ja mam 20 lvl sorcess i mam problem w tym że nie mogę pokonać Duriela
[20:53:09] <BrokenHeritageUnit> jestę januszę
[20:53:23] <Lazy> cute
[20:53:57] <Lazy> e tam jak dla mnie mezczyzni z boda to prawdziwi mezczyzni -- Lazy's Inspiration!
[20:54:06] <WeepingArchpegasus> :D
[20:54:25] <BrokenHeritageUnit> WeepingArchpegasus, wyglądasz... rosyjsko O.o
[20:54:26] <WeepingArchpegasus> Jestem co najwyżej szkieletem prawdziwego mężczyzny
[20:54:45] <Lazy> to na siłke
[20:54:57] <WeepingArchpegasus> Lazy: oczy, nie wolno mi
[20:55:11] <Eivel> WeepingArchpegasus: jaskra?
[20:55:12] <Lazy> oczy?
[20:55:20] <WeepingArchpegasus> Eivel: żeby tylko
[20:55:48] <WeepingArchpegasus> BrokenHeritageUnit: wiem :>
[20:55:57] <BlackBird> Happy Nightmare Night :>
[20:55:58] <ChungIP> Z tym Durielem mam problem że jak mnie trafi to już nie mam szans na pokonanie go, a jeszcze problem w tym że diabelsko szybko chodzi.
[20:56:05] <BlackBird> czyli witam
[20:56:58] <ChungIP> Nie mam tam gdzie wejść żebym mógł spamić Fire Bolt żeby go zabić.
[20:57:42] <Lazy> Mordecz:  FireSky  mkr Nishi jakie sa plany na NNS?
[20:57:59] <Mordecz> niespodzianka
[20:58:01] <Eivel> Lazy: tajemnica pewnie
[20:58:03] <Eivel> :>
[20:58:15] *** Quits: FireSky (FireSky@Pony-bsqpr5.adsl.tpnet.pl) (Quit: Page closed)
[20:58:24] <ChungIP> Pewnie na początku puszczą piosenkię Wooden Toater ft Mic the Microphone - nightmare Night
[20:58:48] <Nishi> Ja tam bym puscił remix SlyphStorma
[20:59:01] <ChungIP> nie słuchałem tego remixu
[20:59:06] <Lazy> ooo mystery
[20:59:13] <Eivel> wejdą do jednego z słuchaczy po cukierki
[20:59:19] <Eivel> tak Lazy, wiemy gdzie mieszkasz
[20:59:20] <Eivel> :P
[20:59:45] <Lazy> w bdgoszczy, hahah, duzo wiecie xD
[21:00:02] <BlackBird> podaj adres to bedziemy wiedzieli :>
[21:00:09] <Nishi> zw
[21:00:13] <Lazy> to przyslijcie mi czipsy bo sie skonczyly wlasnie :)
[21:00:38] <Eivel> A ja teraz jestem w Toruniu. Wystarczy, że przejdę się do oddalonego500m Radio Ma Ryja i przekażę bydgoskim moherkom, że trzeba natychmiast znaleźć kobietę, która lubi kucyki, na których szatan przyjechał
[21:01:15] <Eivel> nie no, serio za oknem mam RM xd
[21:01:17] <Lazy> kobiete? xD dziewczyne
[21:01:25] <ChungIP> https://www.youtube.com/watch?v=gEuG2NuDA0A
[21:01:27] <Lazy> z krmelowymi wlosami 
[21:01:32] <Lazy> pamietaj
[21:01:36] <Eivel> ognistymi lepiej brzmi
[21:02:27] <Lazy> ale to nie prawda :C
[21:02:31] <Lazy> karmelowe
[21:02:32] <Nishi> jj
[21:02:32] <Eivel> Nishi: Tak apropo aktualnego kawałka - Flyghtninga poprośmy o rady co do weny i motywacji :P
[21:02:37] <Lazy> jak polewa do twixa
[21:03:03] <Eivel> twixa?
[21:03:04] <Eivel> słodko
[21:03:08] <Eivel> :3
[21:03:09] <Nishi> Eivel, ja ci mam coś poradzić? :P
[21:03:46] <Eivel> Nishi: a masz radę? :D
[21:03:57] <Nishi> Niestety nie :P
[21:03:58] <Lazy> wiem :3 i szaro niebieskie oczka
[21:04:56] *** Joins: Gypsy (Gypsy@Pony-3vprar.adsl.tpnet.pl)
[21:05:02] <WeepingArchpegasus> http://i.imgur.com/ZVGIkQH.jpg
[21:05:04] <Gypsy> siemanko
[21:05:16] <Eivel> Mordecz: Haymaker to zrobił we wrześniu?
[21:05:25] <ChungIP> https://www.youtube.com/watch?v=5s7IX8AOGBw ta piosenka niszczy system już
[21:05:50] <Lazy> hejka
[21:06:10] <Mordecz> publikacja jest z 19.09
[21:06:47] <Eivel> Mordecz: Dobrze słyszeć. Miał długą przerwę, bałem się, że kolejny odchodzi. Ma genialny głos
[21:06:49] <Lazy> a i jak zwykle Stalker-Lazy; podacie prawdziwe imiona? :> nie wazne ze niektore znam, chce wszystkie xD
[21:07:02] <Eivel> WeepingArchpegasus: level mastah http://fc00.deviantart.net/fs71/f/2012/305/e/6/discord_pumpkin_by_ceemdee-d5jn4dh.png
[21:07:03] <Mordecz> spprawdź kanał OvermareStudios
[21:07:12] <Eivel> ok
[21:08:38] *** Quits: skajnet12344321 (skajnet1234@Pony-cqb.ue6.190.37.IP) (Quit: Page closed)
[21:08:45] <Eivel> Lazy: a na kogo po imieniu ci pasuję? :P
[21:09:26] <ChungIP> https://www.youtube.com/watch?v=SP-O0Sk8FMk rock 'n' roll
[21:09:40] <Eivel> mkr Mordecz: Przypomnijcie formę dzisiejszej audycji. Będzie jakaś przerwa przed specjalem?
[21:09:42] <Lazy> Patryk? / Mateusz?/ Michał?/  Nie mama pojęcia? xD/
[21:09:51] <mkr> Krótka.
[21:10:29] <Eivel> Lazy: prawie... nie :P
[21:10:59] <Lazy> to powiedz :p
[21:11:07] <Eivel> wojak przynoszący pociechę
[21:11:12] <Eivel> wojciech
[21:11:34] <BrokenHeritageUnit> Piotrek
[21:11:34] <Lazy> mialam kolege wojciechowskiego xD Justyna, miło mi
[21:11:58] <WeepingArchpegasus> http://www.equestriadaily.com/2014/10/nightmare-nights-music-part-2-silent.html
[21:12:10] <ChungIP> Ale ta audcja tak to leciało ostatnia piosenka i oni napisali utwór zanim mi się włączyła piosenka.
[21:12:26] <Eivel> Lazy: Miło poznać :P Widzę, że też słuchasz radioyay! Co za zbieg okoliczności
[21:13:00] <Eivel> zw
[21:13:29] <Lazy> o tak! a ja slyszalam ze nie doczytales eragona do konca i chcesz zakupic wiedzmina wojciechu alias Eivel 
[21:13:58] <Lazy> oj ChungIP  czsami nie tylko refleks jest wazny
[21:14:19] <Lazy> ale tez moliwosc powiazania faktow
[21:15:15] <Lazy> prawda ?
[21:15:33] *** Joins: Ashley` (me@Pony-g8ie5p.pl)
[21:15:45] <ChungIP> z/w refresh zrobię bo mi wtyczka chciał się wyłączyć i teraz mam dziwną czcioke na czacie
[21:15:53] <Lazy> guten abenddddd
[21:16:12] *** Quits: ChungIP (ChungIP@Pony-r85.lun.175.46.IP) (Quit: Page closed)
[21:16:13] <mkr> No w końcu wróciła Ashley.
[21:16:46] *** Joins: ChungIP (ChungIP@Pony-r85.lun.175.46.IP)
[21:16:47] <Ciapaty> morgen
[21:16:52] <BlackBird> hai
[21:16:59] <ChungIP> Teraz normalnie mam
[21:17:53] <Lazy> nie jestem juz jedyna dziewczyna! yay
[21:18:40] <BlackBird> "wiecej cyckow" ~ ktos o zablokowanym prze 
[21:18:42] <BlackBird> =g nicku
[21:18:46] <BlackBird> LUL
[21:18:46] *** Quits: misiek200m (Derp@mysterious.chocolate.muffin) (Ping timeout: 121 seconds)
[21:19:01] <Lazy> a pytanko techniczne aproppo tematyki ff
[21:20:26] <Mordecz> pytanie jaki ff
[21:20:43] <Lazy> ... Czy ff miejacy miejsce w uniwersum EQG jest nadal traktowany jako ff fandomu mlp;fim?
[21:20:48] <Lazy> chodzi raczej o zasade
[21:21:05] <Mordecz> a czy tcb jest ficiem o mlp?
[21:21:32] <Lazy> np; jesli dodam do mojego ff np Sunset to czy jest on pod nasz fandom?
[21:21:33] <Nishi> EQG jest kanoniczne. Więc ff w jego uniwersum będzie się zaliczało jako ff fandomu MLP
[21:21:34] <Mordecz> myślę, że można na podobnej zasadzie uznać spin z eqg
[21:21:39] <WeepingArchpegasus> Mordecz: chodzi o to że w EQG kuców nima
[21:21:48] *** Quits: Ashley` (me@Pony-g8ie5p.pl) (Quit: WeeChat 1.0.1)
[21:21:56] *** Joins: Ashley` (me@Pony-g8ie5p.pl)
[21:22:08] <WeepingArchpegasus> Nishi: tak
[21:22:09] <Mordecz> można stworzyć crossover, w którym kuców nie ma, a mimo to wciąż będzie oparte o mlp
[21:22:54] <Lazy> i o to ze jednak kanon i fandom skupia sie na serialu, w koncu mowi sie fandom MLP: FRIENDSHIP I S MAGIC a EG jakby nie patrzec nie pisze sie calkowicie pod serie
[21:23:44] <Nishi> A przypomnij mi proszę pełny tytuł filmu. My Little Pony: Equestria Girls, czyż nie
[21:23:45] <Nishi> ?
[21:24:06] <Lazy> Equestria Girls a nie Friedszip is magic
[21:24:36] <mkr> Freudship is Magic
[21:24:47] <Lazy> w takim razie utrzymujemy ze nasz fandomoejmuje wszystko co kucykowe stworzone pzez hasbro?
[21:25:01] <Lazy> mkr :)
[21:25:37] <Eivel> Lazy: Mylisz się Justyno@Lazy! Nie zamierzam kupić wiedźmina, a go wypożyczyć.
[21:25:44] <Eivel> i jj, jak widać i słychac
[21:26:13] <Lazy> ni chcesz miec na stale? 
[21:26:16] <Eivel> i zdążyłem na piąty kawałek ponylisty :3
[21:26:40] <Eivel> Lazy: Nie stać mnie, więc jak an razie nie
[21:26:53] <Nishi> Ten kawałek jest świetny :3
[21:27:03] <Tiki> jj
[21:27:10] <Lazy> to w koncu dostane odp na pytanie? :)
[21:27:11] <Tiki> Coś ciekawego mnie omineło?
[21:27:23] <Eivel> Lazy: jakie?
[21:27:39] <Lazy> pacz w gore, gdzies tam jest xD
[21:27:47] <mkr> Tak Lazy, utrzymujemy taki stan.
[21:27:54] <Nishi> Lazy, ja osobiście uważam, że wszystko co jest wydane pod marką MLP od Hasbro jest w fandomie
[21:28:07] <mkr> EG też podchodzi pod uniwersum G4 MLP, więc jest związane z fandomem.
[21:28:20] <Eivel> yup, też tak uważam
[21:28:48] <Eivel> kanoniczne z fandomem, nie kanoniczne z serialem
[21:28:55] <Lazy> ok rozumiem, dzieki z wyjasnienie :) teraz moge rozpoczac przygotowania nad moja historia o syrenach
[21:29:19] <Lazy> i spekulacjami o przeszlosci sunset shimmer
[21:29:38] <Nishi> Żeby coś było kanoniczne z serialem, musi zostać to potwierdzone przez Hasbro.
[21:29:53] <Eivel> Lazy: Nie ograniczaj się kanonem. Wielu autorów uznało start swojego fica na kanoniczny z 2 sezonem i olało drzewo harmoniii etc.
[21:30:07] <Eivel> Little Sister <3
[21:30:14] <Lazy> oo tak, to byl bolesny cios dla nas wszystkich
[21:30:53] <Lazy> i wszystko cale past sins w cholere poszlo ze tk sie wyraze eehh... glupie hasbro
[21:31:10] <Eivel> Mordecz: Uwielbiam cię za dodanie tego do listy xD
[21:31:17] <Lazy> myslicie ze teraz robia bardziej pod dziewczynki czy pod bronies?
[21:31:24] <Lazy> chodzi o serial
[21:31:28] <Nishi> Tak samo można by było powiedzieć że Fallout: Equestria poszło w cholerę, bo też nie jest kanonicze z 4 sezonem
[21:31:34] <Tiki> [21:30] <Eivel> Little Sister <3 o co sie rozchodzi (jako, że od wieków nie interesował mnie fandom to nie ogarniam)
[21:31:52] <Eivel> Tiki: O piosenkę co leci
[21:31:53] <Eivel> uwielbiam ją
[21:32:00] <Tiki> Ah no spoko : s
[21:32:20] <Tiki> Co sie ostatni tak wszyscy tej kanonicznosci uczepili?
[21:32:24] <Tiki> ostatnio*
[21:32:30] <Nishi> Cóż, jeśli chodzi o nawiązania i ogólne odczucia, można powiedzieć, że doskonale zdają sobie  sprawę że istniejemy i puszczają nam czasem oczko.
[21:33:09] <Eivel> Lazy: Twórcy serialu chcą uniknąć jednego i drugiego. Wiadomo, jakieś smaczki z popkultury będą, ale też nie będzie z tego (zbyt prędko) kolejnych simpsonów czy futuramy. Poza tym każdy scenariusz musi być neutralny, niezbyt brutalny czy dojrzały, bo jednak to ciągle kreskówka dla dzieic
[21:33:53] <Lazy> ale zadajmy pytanie, na kim da sie lepiej zarobic? bo zapewne tak wiekszosc marki mysli
[21:34:05] <Eivel> Lazy: Ja osobiście trzymam kciuki za M.A.Larsona w 5tym sezonie. On nam dał Lunę i Discorda. Może możemy liczyć na jakąś kolejną ciekawą postać
[21:34:34] <Nishi> Lazy, tutaj zarobią i tu i tu. Marka MLP istnieje od wielu lat, i istniała by dalej, nawet bez ingerencji Bronies
[21:34:56] <Eivel> Lazy: Hasbro to ciągle producent zabawek. Wszystko co wypuszczą się sprzedaje. Byle dużo wypuszczać. A i dzieciaki i bronies wszystko kupują
[21:35:24] <Nishi> Nie zapominajmy też, że MLP to nie ich jedyna seria. Mają też prawa do Transformersów
[21:35:52] *** Joins: misiek200m (Derp@Pony-ipla9b.adsl.tpnet.pl)
[21:36:24] <Tiki> Ja lece, wbije moze po 22, bye.
[21:36:24] <Lazy> j chce powrot sombry albo nawiazania do czarnej magii w sez 5
[21:36:32] <Lazy> oks
[21:36:35] <Eivel> Tiki: Nie wiem czemu się ludzie kanoniczności czepiają. Sam lubię najdziwniejsze wariacje ze światem, więc nie jestem jakimś miłośnikiem absolutnej kanoniczności
[21:36:35] *** Quits: Tiki (Tiki@Pony-p5c.lj2.231.109.IP) (Quit: Page closed)
[21:36:40] <Eivel> tia
[21:36:40] <Eivel> xd
[21:37:22] *** Joins: pupa (pupa@Pony-gfv4s2.internetdsl.tpnet.pl)
[21:37:38] <Lazy> czy wszyscy w tym gronie ogladali EG2? nie chce spojlerowac
[21:37:42] <Eivel> nie
[21:37:47] <Eivel> dopiero na mnie czeka
[21:37:47] <Lazy> eh :/
[21:37:58] <Lazy>  czemu wszystko psujesz? DD:
[21:38:05] <Eivel> Bo lubię psuć :D
[21:38:40] <Fifok> Ja też na razie nie miałem okazji oglądać tej produkcji. :)
[21:38:54] <Nishi> JA oglądałem ją niedawno. Polecam
[21:39:09] <pupa> Pupa
[21:39:22] <pupa> Fełdydułke
[21:39:23] <Lazy> duzo muzyki nieprawdaz? xD
[21:39:50] <pupa> Dobry wieczór Panie Nishi :) 
[21:40:00] <Nishi> Witaj pupa
[21:40:02] *** Quits: misiek200m (Derp@mysterious.chocolate.muffin) (Ping timeout: 121 seconds)
[21:40:33] <pupa> :D
[21:42:11] <WeepingArchpegasus> Lazy: na pw pisz oEQG2, jak chcesz się wygadać xD
[21:42:50] <Lazy> nie chce tylko myslalam ze moglab powstac ciekawa rozmowa
[21:43:17] <WeepingArchpegasus> http://www.youtube.com/watch?v=vgRwZLOFm1M
[21:44:52] <Lazy> a wasnie czy ktos do was dzisiaj zapukal? :D
[21:45:00] <BlackBird> Lazy: ogarneo sie.
[21:45:01] <ChungIP> jeszcze 15 minut
[21:45:43] <Eivel> Lazy: Jehowi
[21:45:48] <Lazy> rozdawaliscie  cukierki? hah
[21:45:57] <Lazy> Eivel: jak to? o.o
[21:46:12] <Lazy> czyzby sarcaassssm?
[21:46:23] <Eivel> Lazy: Nie, naprawdę przyszli jehowi xD
[21:46:28] <Eivel> a dzieciaków z cukierkami brak
[21:46:34] <Ciapaty> Lazy: caly czas o tobie spamia
[21:46:40] <Ciapaty> wiec dolacz sie do nich
[21:46:49] <Ciapaty> albo ogarnij aby nie spamili
[21:47:30] <Lazy> Eivel: wpusciles? xD
[21:47:44] <Eivel> Lazy: Nie :P 
[21:48:02] <Eivel> ale zdążyły życzyć miłego dnia
[21:49:27] <Lazy> milo
[21:49:39] *** Quits: pupa (pupa@Pony-gfv4s2.internetdsl.tpnet.pl) (Quit: Page closed)
[21:49:50] <Lazy> where's my cola?
[21:51:10] <McKey> Lazy>> w moim kubku :P
[21:51:24] <oscareczek> Ciekawe, czemu do mnie nikt nie zapukał...
[21:51:35] <oscareczek> A no tak, mieszkam ze świadkami >.<
[21:51:46] <McKey> :P
[21:51:57] <Lazy> ugh. do mnie tez nikt nie pukal...dziwne
[21:52:00] <oscareczek> Dobry wieczór tak w ogóle.
[21:52:06] <BlackBird> luls domnie tez xd
[21:52:10] <BlackBird> witaj
[21:52:32] <Lazy> morning
[21:52:43] <McKey> Tag O
[21:52:47] <McKey> Tag oscareczek 
[21:52:57] <Lazy> o juz 2?
[21:53:01] <McKey> ta
[21:53:56] <ChungIP> Siema
[21:54:38] <Fifok> Guten Abend, herr oskareczek.
[21:54:56] <oscareczek> Nie mów do mnie po niemiecku D:
[21:55:01] <McKey> Ich
[21:55:04] <Ciapaty> butem w morden
[21:55:11] <McKey> Kobne w Banen?
[21:55:29] <Ciapaty> kobne cie w rzyć
[21:55:30] <Ciapaty> xd
[21:55:57] <Fifok> No to... Em...  Добрый вечер, oskareczek...
[21:55:58] <ChungIP> 2 miejsce już
[21:55:58] <McKey> a ja w głowe
[21:56:00] <Fifok> Lepiej?
[21:56:41] <oscareczek> Tylko po polsku, ew. angielsku ;-;
[21:56:51] <BlackBird> ruski? ja znam tylko сука xd
[21:57:01] <Fifok> No to przepraszaam... ;_;
[21:57:07] * oscareczek tuli
[21:57:13] <Nishi> Kadenza na pierwszym miejscu! Yay :D
[21:57:27] <McKey> Kredens? Was Was?
[21:57:39] <BlackBird> buuu
[21:57:46] <mkr> Kadenza w propozycjach Nishi.
[21:57:54] <Nishi> DAmn it :v
[21:57:56] <Lazy> :)
[21:58:14] <Mordecz> ja z ruskiego znam tylko приветствую
[21:58:32] <Nishi> Tak to jest jak się wycisza radio na tylko krótką chwilę :v
[21:58:53] <Lazy> waitwaitwait Mordecz  mkr świętujemy halloween, czy wigilię wszystkich świętch?
[21:59:01] <oscareczek> Ja nie pamiętam w ogóle cyrylicy
[21:59:03] <mkr> Świętujemy Nightmare Night.
[21:59:11] <mkr> Wszak Mordecz jest w piwnicy Pinkie Pie.
[21:59:12] <oscareczek> No może oprócz a, l/ł, sz i szcz
[22:00:13] <Lazy> uuu mkr zapachniało mi tu babeczkami
[22:00:59] <ChungIP> Nie ma to jak radio właczonei oglaać zagrajmy w resident evil 4
[22:01:32] *** Quits: Gypsy (Gypsy@Pony-3vprar.adsl.tpnet.pl) (Ping timeout: 121 seconds)
[22:01:58] <McKey> Pierwszi są ostatnimi a ostatni pierwszymi
[22:02:13] <Andragor> ostatni będą pieszymi
[22:02:26] <oscareczek> To by miało nawet sens
[22:02:26] <Mordecz> przyjął to dosłownie
[22:02:42] *** Joins: Uczu (Uczu@Pony-mt8.e3h.102.176.IP)
[22:02:51] <Uczu> Witajcie ^^
[22:02:51] <BlackBird> witaj
[22:02:55] <BlackBird> Hai
[22:03:00] <Andragor> Cześć,
[22:03:06] <Lazy> hai
[22:03:14] <Fifok> Witaj.
[22:03:33] <Uczu> boziu czemu tu ktoś ma nick ChungIP :"D
[22:03:38] <Uczu> elsword więdzie
[22:03:58] <BlackBird> Lazy: co mi powitanie zgapiasz?
[22:04:09] <McKey> Uczu>> masz problem z czyimś nieckiem? pisz do #help
[22:04:12] <ChungIP> nom
[22:04:14] <Lazy> ale ja z małej xD
[22:04:40] <Uczu> nie mam problemu~
[22:04:51] <Uczu> po prostu nie spodziewałam się że ktoś tu gra w tą grę ;3;
[22:04:59] <BlackBird> Itak, kradniesz :<
[22:05:00] <McKey> HAMSKA REKLAMA !!!!!!!111@!#@#$!@#$!@
[22:05:02] <ChungIP> Grał
[22:05:14] <Lazy> uu Lokowanie produktu widze
[22:05:19] <ChungIP> Prawie jak radioZet xd
[22:05:29] <Hck> ale fajnie
[22:05:30] <oscareczek> No prawda XD
[22:05:35] <Eivel> o taki radioyay nic nie robiłem!
[22:05:37] <Eivel> takie*
[22:05:40] <Lazy> wow nareszcie brzmiecie jak prawdziwe radio 
[22:05:49] <Lazy> good jobeveryone!
[22:05:50] <ChungIP> Ja tu Zagrajmy w Resident Evil 4 oglądam xd
[22:06:03] <McKey> !countdown
[22:06:16] <Lazy> no ko by sie spodziewal zepuscicie nightmare night? xD
[22:06:17] <ChungIP> tlt remix 1 raz słysze
[22:06:18] <Uczu> a ja umieram bo oglądałam horror ;3;
[22:06:28] <Lazy> jaki?
[22:06:33] <Uczu> Annabele
[22:06:35] <ChungIP> Fajny
[22:07:01] <ChungIP> Resident Evil to najelpszy horror ever 
[22:07:08] <Uczu> meeeh~
[22:07:15] <BlackBird> meh
[22:07:29] <Eivel> ChungIP: Ale tylko pierwsza część. Reszta jest takim horrorem jak Rambo
[22:07:36] * BlackBird hugs everyone
[22:07:37] <ChungIP> Obejrzałęm każdy fim Resident Evil
[22:07:37] <Eivel> Mila po prostu lata i strzela
[22:07:45] <BlackBird> :> bo czemu nie
[22:07:51] <ChungIP> A z tym z Leon. S. Kenedy jest najlepszy
[22:07:58] <Lazy> eh, anabelle? szczerze ogladalam trialer i wyglada jak kolejny tani przereklamoway horror z lalka w tle
[22:08:14] <Uczu> yaaay dostałam huga ;3;
[22:08:27] <Uczu> mi się podobał
[22:08:36] <Lazy> kazdy m swoje gusta
[22:09:27] <ChungIP> rly
[22:09:45] <BlackBird> jezhu chcem zeby byla juz pulnoc
[22:09:53] <Ciapaty> nie
[22:09:58] <BlackBird> tak
[22:10:01] <Ciapaty> Spadaj sobie do wulkanu
[22:10:05] <BlackBird> to mi transfer resetna
[22:10:16] <Ciapaty> Z Dupy!
[22:10:22] <Ciapaty> nie
[22:10:26] <Ciapaty> niech nie resetuja
[22:10:31] <Ciapaty> bede wdzieczny
[22:10:38] <Lazy> neinnein, nie ruski D:
[22:10:49] <Lazy> taaak? :d
[22:10:49] *** Quits: BrokenHeritageUnit (ElectricPso@Pony-flp8bf.adsl.tpnet.pl) (Quit: Narazicho!)
[22:11:08] <BlackBird> кпаи уамфр при мйфщдм цмвр фцдр мидр м
[22:11:13] <Ciapaty> BlackBird: won
[22:11:17] <Ciapaty> tylko neimiec
[22:11:21] <BlackBird> nwm coto znaczy ale wiem ze cos napewno
[22:11:31] <BlackBird> ich chabe dushfal
[22:11:40] <Ciapaty> ...
[22:12:11] <Eivel> http://www.fronda.pl/a/ks-slawomir-kostrzewa-zabawy-halloweenowe-moga-prowadzic-do-okultyzmu,43435.html
[22:12:12] <Eivel> :>
[22:12:18] *** Joins: Uczu_ (Uczu@Pony-mt8.e3h.102.176.IP)
[22:12:22] <Lazy> oo Sky true story
[22:12:29] *** Quits: Uczu (Uczu@Pony-mt8.e3h.102.176.IP) (Ping timeout: 121 seconds)
[22:12:41] <BlackBird> ha ha ma lagi :P
[22:12:52] <Lazy> Eivel: Jeśli twoje dziecko czyta harrego pottera to WIEDZ ZE COS SIE DZIEJE
[22:12:52] <Uczu_> :C
[22:12:54] <BlackBird> znaczy uczu
[22:13:01] <Uczu_> bardzo śmieszne :CCCC
[22:13:05] <BlackBird> tak
[22:13:08] <BlackBird> bo  tez mam
[22:13:21] <BlackBird> ale ze mam shella to mnie niewywala :>
[22:13:44] <Uczu_> moje serduszko płacze :c
[22:13:52] <Eivel> Lazy: W ameryce jest kobieta, której dzieci poprosiły ją o przeczytanie Pottera. Uznała, że to szatanizm i zaczęła pisać katolicką wersję harrego pottera, który idzie do seminarium walczyć z ewolucjonistami
[22:13:56] <Eivel> to już ma ponad 9 rozdziałów
[22:13:58] * BlackBird hug Uczu
[22:14:01] <BlackBird> lepiej
[22:14:08] <Uczu_> tag :c
[22:14:37] <Lazy> oo fejk no.. Eivel dlaczegom i to robisz ;_;
[22:15:08] <Lazy> BlackBird:  czo ty robisz? nie obrazaj 
[22:15:13] <Andragor> Skoro mowa o katolickiej wersji Harrego Potera, to tu macie prawdopodobne tytuły nowych książek --> http://puu.sh/bTV5x.jpg :D
[22:15:22] <BlackBird> co?
[22:15:26] <BlackBird> jak cie obrazilem?
[22:16:10] <Lazy> xD
[22:16:18] <Lazy> nie nic
[22:16:32] <Lazy> hahah xD
[22:17:25] <BlackBird> wescie.. katolicyzm.. nieogarniam katolikow
[22:18:00] <Lazy> juz leci kazanie!
[22:18:30] <BlackBird> chociazby z hallowen, dzisiaj na religi mialem wyklad o tym jak bardzo szatanskie jest hallowen, a ci co lubia hallowen i obchodza je to niemaja nic przeciwko swiet zmarlych...
[22:18:56] <BlackBird> wszystko co niekatolickie to szatanskie
[22:19:05] <BlackBird> nawet kucyki uczace przyjazni .
[22:19:07] <WeepingArchpegasus> Nie na darmo na ircu #EquestriaDaily tematy religijne są zabronione
[22:19:19] *** Joins: Husarz44_ (~Husarz44@Pony-f1q7la.adsl.inetia.pl)
[22:19:31] <Husarz44_> siemka wszystkim
[22:19:31] <ChungIP> Spadam
[22:19:36] *** Joins: Pony_5 (Pony_5@Pony-i22csv.dynamic.chello.pl)
[22:19:49] <Eivel> Husarz44_: Hej :P 
[22:20:02] <Fifok> No bo kuce to zuo wcielone...
[22:20:34] *** Quits: Husarz44_ (~Husarz44@Pony-f1q7la.adsl.inetia.pl) (Quit: Page closed)
[22:20:43] *** Joins: Husarz44_ (~Husarz44@Pony-f1q7la.adsl.inetia.pl)
[22:20:58] <BlackBird> ChungIP Niech luna bedzie z toba i happy nightmare night :>
[22:21:27] <Eivel> ChungIP: bywaj ;)
[22:21:46] <Lazy> A wiec moj dzisiejszy dzien wygladal mniej wiecej tak; nie bylo mnie w szkole wec moglam sie wyspac, ale przez to ominal mnie apel zaduszkowy i akcja ,,przebierz sie a nie beda cie pytac" w sumie troche zaluje ze nie moglam zobaczyc tych wszystkich przebranych ludzi na apelu w ktorym szkolny katecheta potepia Halloween, to musial byc ciekawy widok xD nastepnie uczcilam nightmare night kupujac bluzke z czaszkami (tak bardzo dark) a nastepnie uczestnicz
[22:22:02] <Lazy> a pozniej do rana czytam halloweenowy klasyk zwany Koralina
[22:22:24] <Lazy> a przebierancow jak nie bylo tak nie ma
[22:22:33] <Lazy> nawet jechowy
[22:22:48] <BlackBird> przebieranco ksieza pozamykali w kosciolach ;d
[22:22:52] <Lazy> papatki ChungIP 
[22:23:33] *** Quits: ChungIP (ChungIP@Pony-r85.lun.175.46.IP) (Ping timeout: 121 seconds)
[22:23:38] *** Quits: Pony_5 (Pony_5@Pony-i22csv.dynamic.chello.pl) (Ping timeout: 121 seconds)
[22:23:40] <BlackBird> aha 
[22:23:48] <BlackBird> niebylo go od 2 min ;ld
[22:24:10] <BlackBird> Lazy: niechce cie martwic ale niezobaczyl twojego porzegnania ;d
[22:24:20] *** Joins: Pony_6 (Pony_6@Pony-kv1ui3.mt.pl)
[22:24:28] <BlackBird> hai
[22:24:31] <Lazy> D: sad
[22:24:40] * BlackBird hog Lazy\
[22:24:42] <BlackBird> ...
[22:24:47] * BlackBird hug Lazy
[22:24:47] <Husarz44_> ja nightmare night uczciłem w sposób: wyciąłę discorda i nightmare moon w dyniach i zagrałem nightmare night na gitarze, na pełnym wzmacniaczu, po 22
[22:25:08] <Eivel> Husarz44_: rzuć tu foty :P
[22:25:14] <Lazy> nice
[22:25:16] <BlackBird> wyciac nightmare moon w dyni? a sie
[22:25:17] <Pony_6> poprostu
[22:25:25] <Lazy> nie wszyscy mkr nie wszyscy
[22:26:14] <Eivel> to święto batponiaków na derpibooru. Dawno tylu dobrych artów nie było ;)
[22:26:14] <Husarz44_> http://www.mediafire.com/view/bagggd51fqp5cv8/IMGP8315.JPG
[22:27:12] <McKey> Eivel>> Zgadzam się :3 Cycuszki <3
[22:27:32] <Ciapaty> Boobs
[22:27:35] <Ciapaty> dac mu bana
[22:27:36] *** Quits: Pony_6 (Pony_6@Pony-kv1ui3.mt.pl) (Quit: Page closed)
[22:27:38] <Ciapaty> za zle slowo
[22:27:41] <Ciapaty> xd
[22:27:42] <WeepingArchpegasus> mkr: dzisiaj mam słaby humor, ale Nighmare Night na ircach troszkę mi go porawiło - mimo że dotychczas deklarowałem że za halloween nie przepadam #kucykidobrenawszystko
[22:27:49] * McKey slaps Ciapaty around with a mindless space ship
[22:27:54] <WeepingArchpegasus> *poprawiło
[22:27:56] <Ciapaty> dziekuje
[22:29:01] <Lazy> WeepingArchpegasus:  a to prawda prawda
[22:29:15] <Uczu_> spalmy się wszyscy na stosie :D
[22:29:15] *** Joins: Pony_3 (Pony_3@Pony-kv1ui3.mt.pl)
[22:29:31] <McKey> zaczynaj Uczu_ 
[22:29:42] <Uczu_> >.>
[22:29:51] <Ciapaty> McKey: spalmy ciebie!
[22:29:55] <Ciapaty> potem Uczu_ !
[22:29:59] <McKey> .ban Ciapaty 
[22:30:03] <Ciapaty> danke
[22:30:04] <McKey> pomyliłem się
[22:30:06] <Ciapaty> lubisz mnie
[22:30:08] <Ciapaty> :)
[22:30:08] <Uczu_> ;3;
[22:30:08] *** Joins: misiek200m (Derp@Pony-ipla9b.adsl.tpnet.pl)
[22:30:13] <Pony_3> Ciapaki atakują
[22:30:15] * McKey hug misiek200m 
[22:30:17] <Uczu_> ok dajcie mi materiał
[22:30:22] <McKey> trzymaj
[22:30:27] * McKey daje mu Hck
[22:30:37] <misiek200m> Haj ;p
[22:30:38] * Husarz44_ gives McKey slap
[22:30:41] <Ciapaty> xd
[22:30:45] * McKey slaps Husarz44_ around with the ascended, unworthy an orange
[22:30:47] <Ciapaty> Pony_3: to ty z srody?
[22:30:52] <Ciapaty> co cpales koke?
[22:30:53] <Ciapaty> xd
[22:30:53] *** Quits: Pony_3 (Pony_3@Pony-kv1ui3.mt.pl) (Quit: Page closed)
[22:30:56] * Husarz44_ slaps McKey around a bit with a large fishbot
[22:30:59] * McKey slaps Husarz44_ around with a precious a rugby ball
[22:31:09] * BlackBird slaps McKey around with a fresh copy of linux
[22:31:11] <BlackBird> :>
[22:31:16] * McKey slaps BlackBird with a surreal, mindless zealot
[22:31:17] *** Joins: Raven (Raven@Pony-kv1ui3.mt.pl)
[22:31:18] <Ciapaty> poszedl
[22:31:19] <BlackBird> :>
[22:31:21] * BlackBird slaps McKey's bottom and grins cheekily
[22:31:24] <Ciapaty> zacpal se
[22:31:25] <Ciapaty> na smierc
[22:31:28] * Husarz44_ slaps McKey around with WoodenToaster
[22:31:31] <McKey> Ciapaty>> Pony-3 to Raven 
[22:31:32] <McKey> teraz
[22:31:33] <McKey> :P
[22:31:35] * McKey slaps BlackBird around with a romantic a book by Stephen King
[22:31:40] * BlackBird slaps Husarz44_ around with a powerful finger
[22:31:41] <Raven> tak
[22:31:42] * BlackBird slaps McKey around with a terra blade +2
[22:31:43] <McKey> K.O
[22:31:45] * McKey slaps BlackBird around with a chaotic, evil Steve Jobs
[22:31:46] *** Raven is now known as Pony_32231
[22:31:49] * BlackBird finds the closest large object and gives McKey a slap with it
[22:31:51] * McKey slaps BlackBird around with the chinese penguin
[22:31:53] * BlackBird slaps McKey around with a szajsung phone
[22:31:54] * McKey slaps BlackBird around with a bug-free, old a big dictionary
[22:31:56] * BlackBird スラップ McKey 日本人のための魔女マニュアル
[22:31:59] <McKey> ????
[22:31:59] <BlackBird> xd
[22:31:59] <Husarz44_> walka się zaczęła
[22:32:03] <Andragor> dat spam
[22:32:06] * Husarz44_ slaps McKey around a bit with a large fishbot
[22:32:06] <Uczu_> eeem
[22:32:09] * BlackBird slaps Husarz44_ around with a terra blade +2
[22:32:14] * McKey slaps Husarz44_ around with a big video game
[22:32:17] * Husarz44_ slaps BlackBird around a bit with a large fishbot
[22:32:17] <BlackBird> xd
[22:32:21] * BlackBird finds the closest large object and gives McKey a slap with it
[22:32:24] * BlackBird slaps Husarz44_ around with a terra blade +2
[22:32:28] <Lazy> xD
[22:32:28] <McKey> ić w cholere
[22:32:32] <BlackBird> :P
[22:32:42] <Pony_32231> ?
[22:32:49] <McKey> wsadze ci dyskietke w płyte główną
[22:32:59] * Husarz44_ slaps McKey and BlackBird with żelazna +5
[22:33:02] <BlackBird> szpk
[22:33:03] <Ciapaty> co
[22:33:09] <Lazy> a wlasnie ciekawe czy we wczesniejszych latach jakos to organizowaly kuce...
[22:33:09] * BlackBird slaps Husarz44_ a few times
[22:33:12] * BlackBird slaps Husarz44_ a few times
[22:33:12] <Lazy> ...
[22:33:13] <Ciapaty> McKey: nie wiem kto to
[22:33:16] <Ciapaty> nie znam
[22:33:17] <Lazy> ..ej!! DDD:
[22:33:24] <Ciapaty> Lazy: cicho ;p
[22:33:32] <McKey> Pony_32231>> nick "Raven" jest zajęty przez " Cloudrunner" Zają on go 2 tygodnie temu a sam ma konto od 14 tygodni
[22:33:45] <Ciapaty> aham
[22:33:50] <BlackBird> lul?
[22:33:59] <Pony_32231> Nie wiedziałem, że tyle się dzieje w królestwie McKey'a
[22:34:05] <McKey> ????
[22:34:11] <McKey> to nie do mnie
[22:34:14] <McKey> #help
[22:34:21] <McKey> ja tu tylko zamiatam
[22:34:35] <Husarz44_> ale trzeba przyznać hasbro że część wymysłów fandomu wprowadziło w życie
[22:34:37] <Lazy> czy kuce moglyby poswiecac cos wiecej niz cukierki, np ; w mrocznych czasach equestrii moze skladano ofiary z dziewic, moze to nie jest wcale taki glupi pomysl
[22:34:48] <McKey> Husarz44_>> które?
[22:34:49] <Pony_32231> pierwszy raz na IRC jestem
[22:35:02] <Husarz44_> mckey: derpy
[22:35:03] <BlackBird> to uwierz ze nieostatni ;d
[22:35:05] <Ciapaty> Lazy: z dziewic?
[22:35:09] <Ciapaty> marnotrastwo...
[22:35:10] <McKey> o derpy walczyliśmy :P
[22:35:13] <BlackBird> xd
[22:35:17] <Husarz44_> mckey: w equestria girls 2 lyra i bonbon
[22:35:17] <Ciapaty> co?!
[22:35:20] *** Quits: misiek200m (Derp@mysterious.chocolate.muffin) (Quit: Lost terminal)
[22:35:21] <Lazy> bo szczrze hasbro dalo nam cos wiecej niz tylko przebieranie dalo nam ,,kult" na tle luny
[22:35:58] <Ciapaty> luna...
[22:36:04] <Ciapaty> kult kebaba lepszy
[22:36:15] <Ciapaty> Sławmy poteżnego Kebaba!
[22:36:17] <McKey> mkr moge? plox??
[22:36:25] <mkr> Nie.
[22:36:27] <Ciapaty> On wyrzywi cala planete!
[22:36:29] <Ciapaty> xd
[22:36:30] <McKey> ;_;
[22:36:34] <Lazy> xD
[22:36:36] <Ciapaty> tak widze chrzescijanstwo
[22:36:39] <Ciapaty> niestety...
[22:37:02] <Ciapaty> McKey: a niestety nie mozesz dawac mi bana bo nie zawinilem niczym
[22:37:15] <Ciapaty> tylko pisze od siebie normalnie co mysle
[22:37:30] <BlackBird> #krulstwokebaba
[22:37:33] <McKey> ja chciałém za kebap :P
[22:37:38] <BlackBird> zapraszam tam sobie pisz do siebie
[22:38:01] <Lazy> no to śmiechłam panowie
[22:38:23] <BlackBird> ?
[22:38:51] *** Quits: Pony_32231 (Raven@Pony-kv1ui3.mt.pl) (Ping timeout: 121 seconds)
[22:38:55] <BlackBird> nieee
[22:38:56] <Lazy> a jakaś suprise dla słuchaczy będzie? :) mkr  Mordecz  Nishi ?
[22:39:07] <McKey> Lazy>> tak, 
[22:39:07] <Andragor> babeczki
[22:39:07] <BlackBird> oby nie
[22:39:10] <mkr> Mordecz zaśpiewa.
[22:39:14] <BlackBird> bo mnie nima :<
[22:39:20] <Lazy> znooowu? :D
[22:39:25] <Fifok> Tak! Niech Mordecz zaśpiewa!!!
[22:39:29] *** Joins: Raven (Raven@Pony-kv1ui3.mt.pl)
[22:39:30] <McKey> Lazy>> ale tym razem 10h version xD
[22:39:37] <BlackBird> do 0:00 nimam transferu..
[22:39:39] <Raven> Możecie mi nicku nie zmieniać?
[22:39:46] <McKey> Raven>> już
[22:39:49] <McKey> zmieniasz się
[22:39:53] <McKey> każe ci
[22:39:56] <BlackBird> nie jeszcze
[22:39:59] *** Raven is now known as Pony_33780
[22:40:01] <Ciapaty> McKey: to dawaj solówe no
[22:40:02] <McKey> a ja mówie że tak
[22:40:04] <BlackBird> pfpfpfpfpffppf bum
[22:40:07] <Ciapaty> nie pokonasz mnie
[22:40:10] <Eivel> Three Wytches? :o
[22:40:23] <Ciapaty> wezme ze soba kebab jako bron i plyte glowna Asusa jako tarcze
[22:40:25] <Eivel> początek był z makbeta
[22:40:26] <Ciapaty> podejmiesz sie?
[22:40:32] <BlackBird> Pony_33780 to sie samo zmienia bo sie nielogujesz na konto;d
[22:40:50] <BlackBird> czemu akurat mobo asusa?
[22:41:07] <BlackBird> gigabytowa bardziej pancerna 
[22:41:26] <Ciapaty> Asusa ma wiekszy boost do szybkosci
[22:41:30] *** Pony_33780 is now known as RavenK2
[22:41:34] <Ciapaty> szybszy bede
[22:41:40] <Lazy> a jutro lecimy 3 odcinki TWD :3
[22:41:41] <BlackBird> pff
[22:41:46] <Ciapaty> Lazy: nie
[22:41:50] *** McKey sets mode: +vv Hck RavenK2
[22:41:52] <Ciapaty> Tylko Game of Thrones
[22:41:55] <BlackBird> zamontuj sobie jakiegos intale bo to boost +20 do speeda
[22:42:05] <Lazy> Ciapaty:  dziecko seksu jestes :p
[22:42:05] <Ciapaty> BlackBird: zamontuje SDRM
[22:42:07] <Ciapaty> xd
[22:42:10] <BlackBird> xd
[22:42:13] <BlackBird> wyjdz
[22:42:13] <Ciapaty> Lazy: co?!
[22:42:14] <McKey> Ciapaty>> mam jeden na stanie
[22:42:25] <Ciapaty> McKey: a ja mam 20 :)
[22:42:26] <BlackBird> ja ma 6 :P
[22:42:34] <Ciapaty> SD ramu xd
[22:42:44] <BlackBird> ile masz kbA?
[22:42:47] <McKey> a ja całą pracownie w szkole :P
[22:42:55] <Ciapaty> 128
[22:42:58] <Ciapaty> to byo cos
[22:42:59] <Ciapaty> xd
[22:43:05] <Ciapaty> McKey: to dawaj
[22:43:05] <BlackBird> a to bardzo zaawansowan atechnicznie macie szkole ;d
[22:43:17] <Ciapaty> jesli wygram poklonisz mi sie
[22:43:21] <Ciapaty> i kupisz kebsa
[22:43:34] <BlackBird> kubi kebaba dla ciebie od ciebie... PZDR
[22:43:35] <Ciapaty> a jesli przegram, nie bede obrazac rudych
[22:43:38] <Ciapaty> nope xd
[22:43:39] <McKey> ke? Bo ge ci kopa sprzedać
[22:43:45] <Ciapaty> McKey: to dawaj :)
[22:43:45] <Lazy> dobre!
[22:43:52] <McKey> i nie radze po rudych gadać bo mkr
[22:43:57] <Ciapaty> xd
[22:44:05] <Husarz44_> o nagrywam
[22:44:08] <McKey> Husarz44_>> lel
[22:44:10] <Ciapaty> ;p
[22:44:14] <BlackBird> a co?
[22:44:19] <McKey> Husarz44_>> http://i.imgur.com/fEVlalE.png
[22:44:37] <Husarz44_> :/
[22:45:35] <Lazy> coo xD
[22:45:42] <Husarz44_> aha...
[22:45:46] * Eivel claps
[22:46:02] <Ciapaty> McKey: to czyli boisz sie?
[22:46:04] <Ciapaty> spx
[22:46:08] <Lazy> łuuu !! Mordecz  do mam talent!
[22:46:10] <Ciapaty> :)
[22:46:19] <WeepingArchpegasus> Mordecz: brzmiałeś jak 10-letni kocur-weteran
[22:46:34] <BlackBird> niech ktos powie ze to nagrywa...
[22:46:36] <McKey> nie mam czasu na jakieś gimbuski
[22:46:52] <BlackBird> jak tak proszem o linka jak powstanie
[22:46:53] <McKey> BlackBird>> głupie pytanie....
[22:46:56] <Ciapaty> BlackBird: nie
[22:47:02] <Ciapaty> nikt nie nagrywa wiesz?
[22:47:04] <Fifok> To przesłanie w tym utworze... Brawo!
[22:49:10] <BlackBird> wgl przyznac sie, kto przeczytal cala licnencje podczas instalacji windowsa?
[22:49:10] *** Quits: Husarz44_ (~Husarz44@Pony-f1q7la.adsl.inetia.pl) (Quit: Page closed)
[22:49:51] <BlackBird> ja musialem przeczytac a potem o niej opowiedziec.....
[22:49:52] <WeepingArchpegasus> BlackBird: nie wystarczy ctrl+F "anal"?
[22:50:05] <McKey> BlackBird>> ja
[22:50:41] <Lazy> wlasnie, a szkoda :/ znaczy, ktos doswiadczony
[22:50:58] <BlackBird> wut
[22:51:02] <RavenK2> Czytałem na egzaminie zawodowym, ale mnie wygonili.
[22:51:09] <BlackBird> Lazy: jeszcze raz i po polsku poprosze
[22:51:18] <Lazy> bo w smie, dlaczego rainbow factory i cupcakes sa takie popularne?
[22:51:18] <RavenK2> <<BlackBird
[22:51:21] <BlackBird> ?
[22:51:27] <Lazy> o tak, tak! <3
[22:51:31] <McKey> Lazy>> bo były pierwsze lebsze
[22:52:23] <Eivel> Może nawet nie "lepsze", ale jedne z pierwszych szokujących i dobrze wypromowanych
[22:52:32] <Nishi> Cupcakes i RF były pierwszymi dobrymi grimdarkami. Na tyle, że przebiły się przez fandom i są znane jako Creepypasty
[22:53:15] <Lazy> dobrymi? nie uwazam, ze cupcakes jest dobre co nawyzej obrzydliwe, ale na pewn nie dobre ...
[22:53:44] <WeepingArchpegasus> Lazy: były pierwsze z takim efektem kontrastu
[22:53:46] <McKey> No akurat jest dobrze napisany
[22:53:50] <BlackBird> dla niekturych jest obrzydliwe dla niekturych dobre...
[22:54:23] <Lazy> ale to je uczynilo ,,legendami'? tylko dlatego ze byly pierwsze?
[22:55:05] <McKey> Nishi>> czytaj czytaj xD
[22:55:05] <Lazy> o nie.... D:
[22:55:06] <Mordecz> tak
[22:55:29] <BlackBird> wgl do ktorej bedzie audycja?
[22:55:34] <Lazy> ehh... czyli cos nie musi jst dobre wazne zeby bylo pierwsze i nowe? ehh
[22:55:35] <McKey> 0:00-1:00
[22:55:44] <BlackBird> yay to bede :>
[22:55:45] <Mordecz> są legendarne, bo są pierwsze, które poruszają prosty, niespotykany dotychczas temat
[22:55:54] <BlackBird> chyba
[22:56:09] <Lazy> kuce i seks.... wychodze.
[22:56:10] <BlackBird> jak o rowno 0:00 mi resetna transfer to bede :>
[22:56:18] <Eivel> Lazy: Na początku fandomu tak było. Teraz, jak zosatło powiedziane, trzeba już zrobić coś dobrego, a i tak nie wybijesz się tak jak lduzie przed trzema laty
[22:56:42] <Lazy> ehh...
[22:56:44] <BlackBird> to sie cl opy nazywa lazy
[22:56:56] <Lazy> j wychodze. ;p
[22:57:02] <BlackBird> czesc
[22:57:26] <Lazy> a Nishi wlasnie czy SNK ogladales?
[22:57:42] <Nishi> Widziałem kilka odcinków
[22:58:09] <Ciapaty> snk slabe
[22:58:24] <Lazy> i jak
[22:58:26] <Lazy> ?
[22:58:46] *** Joins: Pony_1 (Pony_1@Pony-n1ic86.adsl.inetia.pl)
[22:59:01] *** Quits: Pony_1 (Pony_1@Pony-n1ic86.adsl.inetia.pl) (Quit: http://www.kiwiirc.com/ - A hand crafted IRC client)
[22:59:06] *** Joins: Husarz44 (Husarz44@Pony-0iv09t.adsl.inetia.pl)
[22:59:17] <Fifok> Dobra, ja już będę patatajał, życzę wszystkim mile spędzonej nocy oraz żegnam.
[22:59:20] *** Quits: Fifok (Fifok@Pony-l3b.6b4.10.78.IP) (Quit: Page closed)
[23:00:28] <Lazy> ciekawe ilu bedzie o 0.00
[23:00:39] <McKey> Lazy>> z 8-10 os :P
[23:00:40] <BlackBird> ja!
[23:01:19] <Eivel> jakby nie patrzeć to weekend
[23:01:23] <Eivel> nie będzie jakoś mało
[23:01:30] <RavenK2> http://i.4cdn.org/mlp/1414785087471.png komu cukierka?
[23:01:31] <Husarz44> no z 12
[23:01:36] <Eivel> nawet jak jutro zacznie się bitwa o znicze
[23:01:57] <Lazy> juz mam :3
[23:03:58] <Uczu_> Ciekawe przez kogo 
[23:04:00] <Ciapaty> Lazy: ja
[23:04:05] <Uczu_> Nishi gupku ;3;
[23:04:06] <Ciapaty> ja bede
[23:04:08] <Ciapaty> a ty nie
[23:04:26] <Lazy> dlaczego ja nie?
[23:04:36] <Ciapaty> bo nie xd
[23:04:42] *** Joins: Tiki (Tiki@Pony-p5c.lj2.231.109.IP)
[23:04:44] <Ciapaty> dziewczyny po polnocy powinny wyjsc
[23:04:53] <Ciapaty> Tiki? a ty co o tej godzinie
[23:04:58] <Tiki> Elo
[23:05:03] <BlackBird> hai
[23:05:07] <Tiki> Ja normalka, mówiłem, że po 22 wbije
[23:05:10] <Ciapaty> aaa
[23:05:17] <BlackBird> jest 23
[23:05:22] <Ciapaty> nie czytam czesto radoyay
[23:05:24] <BlackBird> lul 2 mam na odwrut
[23:05:28] <Ciapaty> wole inne servery
[23:05:34] <Andragor> Po 22 xD
[23:05:37] <McKey> Ciapaty>> jakie?
[23:05:38] <Ciapaty> tam wiekszy spam
[23:05:40] <BlackBird> #krulestwokebaba
[23:05:46] <Tiki> Andragor: nie czepiaj sie
[23:05:49] <Ciapaty> McKey: np na Freenode po angielsku mogem pogadac
[23:05:56] <Andragor> Nie no, jest po 22
[23:05:57] <Ciapaty> i do tego spoko ludzie
[23:06:00] <BlackBird> a tu umisz angielski?
[23:06:03] <Ciapaty> Tak
[23:06:08] <BlackBird> ta jasne
[23:06:13] <McKey> Free node hm.. jakieś jeszcze? bo l. m.
[23:06:24] <Ciapaty> glownie Freenode
[23:06:28] <Lazy> coooo.... czemu mnie to ominelo? :ooo
[23:06:34] <BlackBird> co?
[23:06:35] <Ciapaty> bo nie chce m isie logow zbierac
[23:06:48] <BlackBird> co?*
[23:06:49] <Ciapaty> a 5 kanalow to dla mnie za duzo
[23:06:50] <Lazy> Ciapaty:  seksisto :p 
[23:06:56] <Ciapaty> Lazy: CO????
[23:06:57] <Lazy> dlczego mialabym pojsc?
[23:07:03] <Ciapaty> jaki seksisto
[23:07:05] <Ciapaty> po prostu
[23:07:09] <McKey> Ciapaty>> to podaj nick
[23:07:10] <Ciapaty> dziewczynki ida spac
[23:07:14] <McKey> pokaże ci pare fajnych
[23:07:28] <Ciapaty> McKey: tobie xD hahahahahahahahahaahahahahahhahahahaha
[23:07:33] <Ciapaty> jeszcze mi bana dasz
[23:07:37] <Ciapaty> nope thanks
[23:07:47] *** Joins: Pony_8 (Pony_8@Pony-a8gnkq.adsl.tpnet.pl)
[23:07:49] <McKey> to po ip dam hłe hłe
[23:07:56] <Ciapaty> pff ;p
[23:07:57] <BlackBird> hai randomie
[23:07:59] <Ciapaty> powodzenia
[23:08:05] *** Quits: Pony_8 (Pony_8@Pony-a8gnkq.adsl.tpnet.pl) (Quit: Page closed)
[23:08:13] <BlackBird> :<
[23:08:15] <Tiki> :<
[23:08:17] <BlackBird> cemu
[23:08:18] <Lazy> Ciapaty:  dziwczyny, jak juz i nie nie ida
[23:08:19] <Tiki> smuteg
[23:08:20] <BlackBird> czemu*
[23:08:32] <Ciapaty> Lazy: nie bo dziewczynki bo nie masz 18lat
[23:08:34] <Ciapaty> xd
[23:08:44] <Ciapaty> a do tego ida bo są w gimbazie
[23:08:50] <Ciapaty> a tu powazni ludzie gadaja
[23:08:51] <BlackBird> aaa
[23:08:53] <BlackBird> gimbaza!
[23:08:53] <Tiki> Oh Ciapaty, nie czepiaj sie ludzi.
[23:08:55] <Lazy> no to tym bardziej, NIE ida
[23:09:01] <Ciapaty> Nie czepiam sie :)
[23:09:07] <Ciapaty> po prostu chce sie powyglupiac
[23:09:11] <Ciapaty> Lazy: a czemu?
[23:09:13] <Tiki> Widze : D
[23:09:15] <Eivel> Nishi: Na Pyrkonie Discors robił za Pinkamenę i rozdawał odcięte skrzydła :3
[23:09:18] <Ciapaty> :)
[23:09:20] <Lazy> no, niech on sobie idzie D:
[23:09:31] <Ciapaty> Lazy: nie idem ;p ty idź
[23:09:36] <Lazy> nie.
[23:09:37] <McKey> Eivel>> chyba widziałem go nawet na fotkach :P
[23:09:47] <Ciapaty> czemu Lazy 
[23:09:55] <Lazy> co czemu?
[23:10:03] <Ciapaty> czemu nie idziesz
[23:10:05] <BlackBird> cemunieidzesz
[23:10:05] <Ciapaty> spac
[23:10:10] <BlackBird> xd
[23:10:12] <Ciapaty> jak grzeczna dziewczynka
[23:10:15] <BlackBird> spacjasiemizaciela
[23:10:15] <Ciapaty> :>
[23:10:17] <BlackBird> :>
[23:10:24] <McKey> mkr a teraz moge?
[23:10:25] <Eivel> McKey: Na panelu kucykowym porozdawał. Świetny gest. A same skrzydła naprawdę dobrze wykonane
[23:10:27] <Lazy> bo nie jestem grzeczna dziewczynka?
[23:10:38] <mkr> Możesz kicknąć.
[23:10:42] <BlackBird> szatan!
[23:10:46] *** McKey sets mode: +J 1800
[23:10:50] *** Ciapaty was kicked by McKey (McKey)
[23:10:50] <BlackBird> nieee ja
[23:10:53] <BlackBird> uf
[23:10:57] *** McKey sets mode: +J 15
[23:11:03] <Eivel> mkr: udzielaj częściej takiego pozwolenia
[23:11:34] *** Joins: Ciapaty (Ciapaty@ipv6.antyklay.pl)
[23:11:35] <Ciapaty> aha kick danke ci ;p
[23:11:43] <WeepingArchpegasus> Eivel: nie, bo Key całąpopulację wytłucze
[23:11:45] <Ciapaty> dziekuje za kick
[23:11:48] <Ciapaty> juz nie bedem
[23:11:54] <Ciapaty> :<
[23:11:54] <Lazy> a to taka sama sytuacja u mnie Nishi 
[23:12:01] *** McKey sets mode: +b *!*Ciapaty@*.antyklay.pl
[23:12:02] *** Ciapaty was kicked by McKey (omijanie +J)
[23:12:15] <WeepingArchpegasus> http://puu.sh/cxZ4n/6615583746.jpg
[23:12:17] <WeepingArchpegasus> http://puu.sh/cy1CK/ea88e52fe3.jpg
[23:12:35] <Eivel> WeepingArchpegasus: Wiem, czasem (często) się rozpędza, ale Ciapaty niemal codziennie przegina
[23:12:38] <BlackBird> ban na 30 min prawda?
[23:12:49] <McKey> ta
[23:13:04] <WeepingArchpegasus> Eivel: ja nie osądzam, tylko się nabijam :>
[23:13:18] <RavenK2> >>WeepingArchpegasus  To się nazywa symulator :D
[23:13:36] <WeepingArchpegasus> Nie grałem w to
[23:13:55] <WeepingArchpegasus> ale nazwałbym wirusa "Bureaucracy"
[23:14:06] <RavenK2> symulator wybijania całej ludzkości
[23:14:16] <Lazy> xD
[23:16:38] <Lazy> teamaty sie nie koncza jak widze :)
[23:16:57] <RavenK2> juz myślałem że mnie wywaliło, taka cisza
[23:17:04] *** Joins: Pony_0 (Pony_0@Pony-p5c.lj2.231.109.IP)
[23:17:06] <WeepingArchpegasus> Po tym utworze idę spac :>
[23:17:07] *** Quits: Pony_0 (Pony_0@Pony-p5c.lj2.231.109.IP) (Quit: http://www.kiwiirc.com/ - A hand crafted IRC client)
[23:17:26] <Tiki> RavenK2 ja też tak pomyślałem xD
[23:17:43] <Mordecz> Lazy, mamy już trochę doświadczenia w prowadzeniu tematycznych rozmów
[23:18:08] <Lazy> :) to dobrze ta jest ciekawiej 
[23:18:14] <RavenK2> Dlaczego masz czerwone nick? Ile zapłaciłeś?
[23:18:21] <Tiki> Mordecz jakis przewidywany czas końca audycji?
[23:18:23] <Lazy> a czy Q&A bedzie?
[23:18:38] <McKey> RavenK2>> tylko ty widzisz że on ma czerwony
[23:18:47] <Mordecz> nie wyobrażasz sobie, ile czasu trwały nagrania z Flądrą
[23:18:52] <McKey> http://i.imgur.com/gX2abYM.png
[23:18:56] <Eivel> Mordecz: Kolejne podejście do odsłuchania do końca piosenki od VocalScora
[23:19:01] <Mordecz> Q&A nie przewidujemy
[23:19:27] <Eivel> aha, to nawet nie to
[23:19:45] <mkr> To sam wokal.
[23:19:47] <mkr> Taki suprajs.
[23:19:57] <Tiki> No taki troche.
[23:20:11] <Eivel> Zabrakło na instrumenty
[23:20:14] <WeepingArchpegasus> Dobranoc wam, wracam do swej szuflady w kostnicy
[23:20:19] <Eivel> Rozumiem, budżet radia i te sprawy
[23:20:19] <Tiki> Branoc.
[23:20:23] <Mordecz> papatki
[23:20:28] <Eivel> Tiki: branoc
[23:20:33] <Eivel> yy
[23:20:33] <BlackBird> hmm moge tu wjsc moim botem rozdajacym hugi? :> mkr
[23:20:35] <McKey> ahoj Tiki 
[23:20:35] <mkr> No musimy ciąć koszta Eivel, cholerny kapitalizm.
[23:20:37] <Eivel> WeepingArchpegasus: branoc
[23:20:38] <Tiki> yy
[23:20:45] <Tiki> Nagle mufia do mnie xD
[23:20:55] <Lazy> xD
[23:21:00] <McKey> "Ostatnie porzegnanie" xD
[23:21:12] <Tiki> [*]
[23:21:58] <RavenK2> McKey>> w czym to odpalić, aby nie scrollować cały czas?
[23:22:07] <Husarz44> zbroja seva z sw republic commando
[23:22:09] <Husarz44> :P
[23:22:16] <McKey> RavenK2>> IE
[23:22:27] <RavenK2> chrome to lipa
[23:22:38] <Lazy> fluuffle puff ale taki wymiarowy, taki na pol pokoju
[23:22:42] <McKey> Internet Explorer <3
[23:22:58] <Tiki> Lazy to zależy od pokoju.
[23:23:05] <RavenK2> McKey>> zrozumiałem xD
[23:23:24] <Lazy> i tak ic nie przebije ponadczasowej mumii z papieru toaletowego 
[23:23:33] <Lazy> ach dziecinstwo
[23:23:43] <Lazy> Tiki:  i tak ;d
[23:23:49] <Eivel> Prześcieradło z dziurami na oczy
[23:24:06] *** Joins: RavenK2_ (~RavenK2@Pony-kv1ui3.mt.pl)
[23:24:11] <Tiki> TAK, the best of best.
[23:24:20] *** McKey sets mode: +v RavenK2_
[23:24:41] <McKey> Mordecz>> czyżby Pan Tadeusz?
[23:24:58] <Mordecz> niet
[23:25:11] <RavenK2_> incepcja, jestem na liście podwójnie
[23:25:32] *** WeepingArchpegasus is now known as ArchPegasus_zZz
[23:25:41] <Tiki> Nielegalne korporacje zaczynają badania nad klonowaniem ludzi.
[23:25:54] <Hck> Molestia!
[23:26:07] <RavenK2_> Tiki>> Baza tu obiekt jeden nakryli mnie over
[23:26:10] *** Joins: Pony_5 (~Pony_5@Pony-if3.5n3.210.81.IP)
[23:26:14] <Husarz44> tak różowej pierzyny...
[23:26:19] <Uczu_> Nishi
[23:26:27] <Uczu_> w sukienke się ubierz
[23:26:30] <Nishi> Nie :v
[23:26:35] <McKey> Co molesita ? co ej ? xD
[23:26:36] <Lazy> a moze Trollestia?
[23:26:42] <Uczu_> tag :c
[23:26:52] <Tiki> Kto by pierzyne brudził...
[23:26:54] <Lazy> ale jaki odcien?
[23:27:07] *** Quits: RavenK2 (Raven@Pony-kv1ui3.mt.pl) (Ping timeout: 121 seconds)
[23:27:14] <Husarz44> pink fluffe unicorns dancing on rainbows
[23:27:16] *** Quits: Proenix (Proenix@proenix.pl) (Connection closed)
[23:27:34] <Eivel> Po ostatnim odcinku FlufflePuff trzebaby uciekać od egzorcystów
[23:28:14] <Lazy> dynie!
[23:28:25] <RavenK2_> Najlepsze arty
[23:28:29] <Andragor> Piniondz
[23:28:41] <BlackBird> aaaaaaa
[23:28:45] <BlackBird> aaaaaaaa
[23:28:52] <BlackBird> o jezu, chrystus!!!
[23:29:00] <RavenK2_> mordujo
[23:29:01] <McKey> BlackBird>> poprostu Key
[23:29:05] <BlackBird> krzysz mi sie z platkow uformoal xd
[23:29:13] <Tiki> Wat?
[23:29:21] <Andragor> Aha.
[23:29:22] <Lazy> ja mysle ze kultura wlasnie, znaczy, na pwno filmy, wiele z nich dzieje sie w obrebie swieta, gry komputerowe, ksiazki
[23:29:24] <BlackBird> wysypaly mi sie na podloge i krzysz powstal
[23:29:50] <BlackBird> dobrze ze nie twarz jezusa...
[23:29:51] <Tiki> To nie jest przypadek, ja bym na to uważał...
[23:30:02] <RavenK2_> buzie widze w tch artach
[23:30:05] <Tiki> Buzie widze w tym teńczu,
[23:30:06] <BlackBird> taa..
[23:30:13] <RavenK2_> pierwszy
[23:30:15] <RavenK2_> xD
[23:30:17] <BlackBird> niezdam z religii :D
[23:30:18] <Tiki> :<
[23:30:31] <Eivel> Koncert na cmentarzu? Behemoth?
[23:30:47] <Tiki> Byłeś kiedys na takim?
[23:30:47] <Husarz44> shoot to thrill...
[23:31:03] <Lazy> znaczy wnosi okazje dla dzieciakow; okazje do bania sie o o przede wzystkim chodzi, zeby dzieciaki mogly pozartowac z tego z czego przez wekszosc czasu mialy koszmary
[23:31:24] <Eivel> Tiki: Nie i się cieszę :P
[23:31:52] <Mordecz> byłem na cmentarzu, na którym był koncert
[23:32:01] <Eivel> Lazy: To jest trafna dobra strona Halloween
[23:32:08] <Mordecz> nazywano to pogrzebem :I
[23:32:10] <Lazy> :)
[23:32:26] <Lazy> :)))) czastka mnie umarla...
[23:32:29] <Tiki> Mordecz ciekawe...
[23:32:42] <Tiki> Lel, to istnieja takie miejsca gdzie nie ma jechowych?
[23:32:53] <Tiki> To musi byc raj.
[23:32:54] <BlackBird> nie
[23:33:03] <BlackBird> wszedzie sa
[23:33:25] <BlackBird> i to wszedzie te same
[23:33:28] <Tiki> U mnie jak raz na tydzień nie zajdą to święto jakieś.
[23:33:38] <BlackBird> czy to na wsi czy w miescie 100 km dalej
[23:33:51] <RavenK2_> oni mają misje,  a ty co?
[23:33:59] <BlackBird> gry
[23:34:01] <Tiki> też mam misje
[23:34:04] <RavenK2_> :D
[23:34:16] <RavenK2_> nie śpie bo gonie pociąg
[23:34:17] <Tiki> Żyje, to wystarczająco trudna misja...
[23:34:36] <Lazy> o Tiki  to juz bylo soo Lazy :p
[23:34:45] <Tiki> : >
[23:37:20] <RavenK2_> Zakopianka mi samochód ugotaowała rok temu w lecie
[23:37:21] <Husarz44> odłamkowym ładuj
[23:37:34] <McKey> Husarz44>> tu nie ma Derpi
[23:37:45] <Husarz44> niestety :D
[23:37:54] <McKey> Eivel>> ładuj :P
[23:37:58] <Tiki> Ja mam gdzieś stare granaty w stodole...
[23:38:06] <Eivel> Niee, za bardzo smakuje, mkr by się wkurzył :P
[23:38:23] <Eivel> spamuje*
[23:38:28] <Eivel> omg, literówka
[23:38:42] <Husarz44> głodnemu chleb na myśli
[23:38:45] <Tiki> haha fajna literówka :D
[23:38:51] <BlackBird> luls
[23:38:54] <McKey> Eivel>> chcesz nam o czymś powiedzieć?
[23:39:03] <BlackBird> wes bo glodny jestem...
[23:39:08] <Tiki> Może mamy cie jakoś dokarmic.
[23:39:14] <BlackBird> z/w
[23:39:14] <Eivel> McKey: lepiej nie :P
[23:39:21] * Husarz44 gives BlackBird ciastko
[23:39:41] <BlackBird> przez Eivel'a musze teraz budzic pul mieszkania...
[23:39:49] <BlackBird> danke husarz44
[23:40:11] <Eivel> :D
[23:40:13] <Eivel> smacznego
[23:41:08] <Husarz44> była rozmowa o żydach to może teraz o rudych?
[23:41:10] <BlackBird> jeste
[23:41:32] <Lazy> Husarz44:  eh...
[23:41:53] <Eivel> hmm
[23:41:55] <Husarz44> dobra na ślubie gram marsz imperialny
[23:41:55] <Eivel> dobre
[23:41:57] <Tiki> Dobre
[23:42:00] <BlackBird> "czemu wszyscy mowia ze rudzi sa tacy niedojebai? - bo sa rudzi" ~ moja klasa
[23:42:05] <Uczu_> o ile będziesz go miał
[23:42:23] <Tiki> BlackBird bo wielu ludzi to idioci...
[23:42:34] <Lazy> a na rozwodzie? ;d
[23:42:57] <Tiki> Rozwodu kościelnego nie ma, nic nie potrzeba :D
[23:43:38] <Husarz44> na rozwodzie: https://www.youtube.com/watch?v=GJvmyJRmsCk
[23:44:05] <Lazy> o talk xD
[23:44:18] <Tiki> haha
[23:44:29] <BlackBird> meh od poczatku roku ucze sie BHP a teraz na klawiaturze stoi zupa a nad ekranem (tabletem) miliard kanapekktore zaraz spadna na ekran..
[23:44:35] *** Quits: RavenK2_ (~RavenK2@Pony-kv1ui3.mt.pl) (Quit: Page closed)
[23:44:47] <Eivel> hnnng
[23:44:48] *** Joins: RavenK2 (~RavenK2@Pony-kv1ui3.mt.pl)
[23:44:53] <Lazy> D:
[23:44:56] <Tiki> BlackBird straszne.
[23:44:58] <Husarz44> ;_;
[23:45:01] <Andragor> http://nooooooooooooooo.com/
[23:45:02] <BlackBird> bardzo
[23:45:09] <BlackBird> niezdam z UTK
[23:45:22] *** Joins: Sakitta (Sakitta@Pony-ad8ams.gprs.plus.pl)
[23:45:22] <Tiki> Fajnie UTK to zło.
[23:45:32] <Sakitta> witam
[23:45:37] <Andragor> Hej.
[23:45:40] <BlackBird> hai
[23:45:41] <Tiki> No bry.
[23:45:55] <Husarz44> dobry
[23:46:18] <RavenK2> yo
[23:46:18] <Sakitta> widzę, że wpadłem na najważniejsze :)
[23:46:31] <BlackBird> tak mniejwiecej
[23:46:39] <Lazy> co planujecie na grudzien? mkr 
[23:46:43] <Lazy> :D
[23:46:53] <McKey> Lazy>> Wigilie
[23:47:00] <Lazy> i co dalej
[23:47:03] <McKey> we wrocławiu wszyscy się spotkamy
[23:47:11] <Sakitta> ja tak samo to zobaczyłem, też białą
[23:47:11] <McKey> i połamiemy opłatkiem :P
[23:47:19] <Tiki> Jego białą tablica polega na Notatniku lub WordPadzie : D
[23:47:20] <Lazy> DD: znow mnie nie bedzie
[23:47:25] <Eivel> McKey: co jest we Wrocławiu i kiedy?
[23:47:32] <McKey> 6 grudnia
[23:47:50] <Eivel> meet?
[23:47:51] <McKey> mkr pamiętasz?
[23:47:51] <Lazy> Wow
[23:47:55] <McKey> tak
[23:47:59] <Tiki> 6 grudnia jade na olimpiade z Przedsiębiorczości xd
[23:48:43] <McKey> to chyba jednak kupie sobie lebsze mikro xD
[23:48:53] <Lazy> moze tak jak w zeszlym roku? polaczenia na skype i pozdrowienia? :D
[23:49:03] <McKey> wyjć ze skype
[23:49:07] <McKey> TS forewer
[23:49:13] <Husarz44> mordecz forever alone
[23:49:15] <BlackBird> nieee!
[23:49:17] <McKey> nie stać mnie :P
[23:49:20] <BlackBird> wyjc z TS'em
[23:49:35] <McKey> BlackBird>> wyjć wychodząc i zapamiętaj o drzwiach
[23:49:35] <Tiki> McKey TS bardziej pasuje do grania.
[23:49:43] <BlackBird> szpk
[23:49:44] <McKey> nie tylkop
[23:49:51] <Uczu_> Nishi nigdy nie ma hajsu
[23:49:55] <Nishi> :c
[23:49:56] <Uczu_> prosicie go o niemożliwe
[23:50:06] <Nishi> Do ciebie jakoś przyjechałem
[23:50:08] *** McKey sets mode: -b *!*Ciapaty@*.antyklay.pl
[23:50:19] <Uczu_> ♥
[23:50:22] <McKey> Nishi>> autostopem się nie liczy :P
[23:50:24] <Eivel> Ach, mój znienawidzony kawałek
[23:50:25] <Tiki> Zbieramy po złotówce dla Nishi'ego
[23:50:38] *** Joins: Ciapaty (Ciapaty@ipv6.antyklay.pl)
[23:50:44] <McKey> Tiki>> 30 zł... Starczy ci Nishi ?
[23:50:45] <Ciapaty> aham
[23:50:59] <Lazy> no dziekuje chlopcy za ten wieczor
[23:51:15] <BlackBird> dobranoc
[23:51:21] <Husarz44> branoc
[23:51:22] <Ciapaty> nie wiem czemu ale mam zboczone mysli hmmmm to przez anime
[23:51:32] <RavenK2> september 3. raz to dzisiaj szłysze
[23:51:33] <Tiki> Branoc wam, niech Luna będzie z wami...
[23:51:38] <RavenK2> dobranoc
[23:51:40] <BlackBird> ave
[23:51:44] *** Quits: Tiki (Tiki@Pony-p5c.lj2.231.109.IP) (Quit: http://www.kiwiirc.com/ - A hand crafted IRC client)
[23:51:52] <Lazy> rozumeim ze teraz wszyscy wychodza? D:
[23:52:00] <RavenK2> a co after party?
[23:52:00] <McKey> Lazy>> chyba ty
[23:52:06] <McKey> nowłaśnie xD
[23:52:10] <Lazy> why? not? xD
[23:52:13] *** Quits: Sakitta (Sakitta@Pony-ad8ams.gprs.plus.pl) (Quit: Page closed)
[23:52:16] <Husarz44> teraz dopiero zaczyna się rozmowa :D
[23:52:35] <McKey> !coutdown
[23:52:35] <Eivel> a ja to w sumie pójdę. Idealna godzina, by pobudzić rodzinkę prysznicem
[23:52:36] <Eivel> zw
[23:52:48] <Ciapaty> Lazy: czemu nie idziesz spac?
[23:52:48] <Lazy> o nie po 24.00 gadam glupstwa, jeszcze dam wam mojego fejsbuka i to dopiero bedzie
[23:53:12] <McKey> Lazy>> możesz dać. Postalkuje cię troszku z nudów
[23:53:12] <Lazy> och Eivel ależ wredny jestes xD
[23:53:25] <Lazy> niee... jestem brzydkaa ;_;
[23:53:38] <Ciapaty> aha
[23:53:42] <Ciapaty> skoro tak uwazasz
[23:53:43] <McKey> no patrze na twoje fotki z niego i jakoś nie bardzo
[23:53:44] <Ciapaty> :)
[23:53:49] <Ciapaty> xD
[23:53:50] <RavenK2> ciapaty? kozy wolisz?
[23:53:53] <Lazy> Ciapaty:  czemu sie tak dopyujesz? ;p
[23:53:56] <Ciapaty> RavenK2: powalilo cie
[23:54:05] <Ciapaty> Lazy: nie dopytuje sie eee
[23:54:06] <McKey> RavenK2>> owce
[23:54:07] <Ciapaty> to McKey 
[23:54:08] <Lazy> McKey: skad?
[23:54:11] <Ciapaty> McKey: wal sie ;p
[23:54:19] <McKey> Ciapaty>> :P
[23:54:24] <Ciapaty> zadne kozy
[23:54:25] *** Quits: Andragor (Andrabot@Pony-n1ic86.adsl.inetia.pl) (Quit: Brohoof /)*)
[23:54:30] <Ciapaty> ani owce
[23:54:30] <McKey> Lazy>> jak bym ci powiedział to ju ż pisałem co
[23:54:34] <Ciapaty> Tylko dziewczyny
[23:54:34] <McKey> Barany?
[23:54:38] <McKey> Jaki *** xD
[23:54:45] <Ciapaty> McKey: wychędoż się w rzyć wać panie
[23:54:48] <McKey> a w zasadzie "???"
[23:54:56] <Lazy> dziwnie sie czuje w tej rozmowie jako jedyna dziewczyna xD
[23:55:00] <Ciapaty> Lazy: on cie stalkuje
[23:55:05] <McKey> jest jeszcze Ashley` 
[23:55:05] <Ciapaty> lepiej uwazaj xD
[23:55:06] <RavenK2> To fikcyjni nick, a juz bekon szykowałem
[23:55:11] <Lazy> no shit sherlock :d
[23:55:14] <Ciapaty> RavenK2: no shit
[23:55:16] <McKey> !countdown
[23:55:16] <Ciapaty> xd
[23:55:26] <Ciapaty> McKey: nie dziala
[23:55:27] <Ciapaty> :)
[23:55:33] <McKey> działa działa
[23:55:40] <Ciapaty> uuuu?
[23:55:44] <Ciapaty> !countdown
[23:55:47] <McKey> ....
[23:55:49] <Ciapaty> lel
[23:55:57] <Ciapaty> aaaa to zamawianie piosenki?
[23:56:00] <McKey> nope
[23:56:03] <Ciapaty> a co
[23:56:04] <RavenK2> You have no power here :D
[23:56:10] <McKey> to nażędzie DJ
[23:56:12] <Ciapaty> eeeeeee
[23:56:13] <Lazy> xD
[23:56:16] <McKey> Dj Tool Box :P
[23:56:23] <Ciapaty> nei dla mnie cos takiego
[23:56:26] <Ciapaty> wole hentaie
[23:56:49] <McKey> a ja ban hammera
[23:56:55] <McKey> PS tego nie da się wyłączyć
[23:56:58] <Lazy> za 4 minuty godzina duchow; uuuuuuuuuUUUuUUuUu
[23:57:39] <Mordecz> No, moi drodzy
[23:57:45] <Mordecz> dzięki za te cztery godziny
[23:57:49] <mkr> Ktoś był naprawdę zabawny. Puściłem September na koniec, a ten zamówił za chwilę po włączeniu systemu September.
[23:57:54] <Mordecz> ale już mnie słyszeliście pod koniec audycji
[23:57:57] <Lazy> xD
[23:58:00] <RavenK2> to bedzie 4. raz dzisiaj
[23:58:09] <Mordecz> idę na spoczynek (tylko nie wieczny)
[23:58:18] <Lazy> oby nie Mordecz  :)
[23:58:24] <BlackBird> niech una bedzie z toba
[23:58:27] <BlackBird> Luna*
[23:58:45] <Lazy> I celestia
[23:58:46] <Mordecz> papatki
[23:58:51] <Lazy> i mazzer
[23:58:52] <Ciapaty> nope celestia
[23:58:54] <RavenK2> bb
[23:58:55] <Lazy> żegnaj
[23:58:56] <Ciapaty> only kebab
[23:58:57] <Husarz44> a o chrysalis zapomnieli :P
[23:59:05] <Lazy> i sombrze
[23:59:08] <Lazy> tireku
[23:59:15] <McKey> Husarz44>> bo krysia ładnie siedzi u mnie
[23:59:16] <RavenK2> królowa podmieńców, kładziesz się z ładną wstajesz wiadomo...
[23:59:16] <BlackBird> Kredens!
[23:59:16] <Ciapaty> i o kebabie
[23:59:20] <Lazy> pisiont villanów
[23:59:23] <McKey> Lazy>> Princess Tirek? No way
[23:59:29] <Husarz44> princess discord
[23:59:32] <Husarz44> :P
[23:59:36] <McKey> już prędzej
[23:59:39] <Lazy> why not? xXD
[23:59:58] <BlackBird> 0:00!!
