[00:03:44] *** Joins: MrRain345 (MrRain345@Pony-ovgdhu.adsl.tpnet.pl)
[00:10:43] *** Parts: MrRain345 (MrRain345@Pony-ovgdhu.adsl.tpnet.pl) ()
[01:02:39] *** Quits: VanDreadPL (Thunderbird@Pony-o83bqe.play-internet.pl) (Client exited)
[02:07:38] *** Quits: misiek200m (Derp@mysterious.chocolate.muffin) (Quit: Lost terminal)
[11:47:00] *** mkr changes topic to 'Radio Yay (Polish Brony Radio Station) | Regulamin: http://derpy.me/4xfjd | Website: http://radioyay.net/ | Socials: https://facebook.com/radioyay'
[11:52:50] *** Joins: Kurenai (Patryczek@scarlet.antyklay.pl)
[12:53:49] *** Quits: Kurenai (Patryczek@scarlet.antyklay.pl) (Ping timeout: 121 seconds)
[13:44:43] *** Joins: Kurenai (Patryczek@Pony-jgbdjh.gprs.plus.pl)
[14:34:30] *** Joins: Animowiec (~Animowiec@Pony-73shlg.adsl.tpnet.pl)
[14:34:42] <Animowiec> Hail
[14:35:05] <Animowiec> widac ze rudy nadal sprawuje wlade ;p
[14:35:32] <Animowiec> niech rudosc bedzie z wami
[14:35:35] *** Quits: Animowiec (~Animowiec@Pony-73shlg.adsl.tpnet.pl) (Quit: Page closed)
[14:51:50] *** Joins: Litwinus (Litwinus@Pony-0ppv13.adsl.tpnet.pl)
[14:51:56] <Litwinus> jendak sobie tu pobede
[14:52:06] <Litwinus> skoro moje krolestwo jest puste
[14:52:21] <Litwinus> a i co do Win 8.1 jest zawaliste :p
[14:53:42] <Litwinus> ciekawe kiedy rudy sie spostrzeze ze tu jestem xd
[14:53:53] <Litwinus> banik bedzie 
[14:54:00] <Litwinus> ale i tak wiecej tu nie wejde ;p
[14:54:08] <Litwinus> wiec bayo
[14:54:12] <Litwinus> ave boobs
[14:54:15] *** Quits: Litwinus (Litwinus@Pony-0ppv13.adsl.tpnet.pl) (Quit: Page closed)
[15:24:36] *** Joins: Annonik (Annonik@Pony-hel.mij.131.78.IP)
[15:24:43] <Annonik> Hey
[15:25:03] *** Quits: Annonik (Annonik@Pony-hel.mij.131.78.IP) (Quit: Page closed)
[15:35:52] *** Joins: Paperlike (~Paperlike@Pony-fadi4u.warszawa.mm.pl)
[15:36:55] <Paperlike> Hello
[15:38:22] *** Quits: Paperlike (~Paperlike@Pony-fadi4u.warszawa.mm.pl) (Quit: Page closed)
[15:46:10] *** Quits: Kurenai (Patryczek@scarlet.antyklay.pl) (Connection closed)
[15:59:00] *** Joins: Annonik (Annonik@Pony-hel.mij.131.78.IP)
[15:59:13] <Annonik> Hey znowu
[16:05:59] *** McKey sets mode: +b *!*@Luna.is.Your.Princess
[16:06:04] *** BlackBird was kicked by McKey (McKey)
[16:06:21] <Annonik> Czemu go wykopałeś?
[16:06:23] *** McKey sets mode: +b *!*lit*@*
[16:06:32] *** McKey sets mode: +b *lit*!*@*
[16:08:00] <McKey> Annonik>> http://screencloud.net/v/fEk9
[16:09:10] <Annonik> aha
[16:11:05] <Annonik> Małe pytanko. Czy jest możliwość dodania tego radia do http://ponyvillelive.com/ ? Czy tam trzeba jakieś opłaty?
[16:12:29] <McKey> hm... szczerze powiem że nie wiem
[16:13:02] <Annonik> też nie wiem, ale warto przemyśleć taką opcję
[16:13:22] <Annonik> może słuchaczy przybędzie bo tam jest około 150 słuchaczy na wszystkich radiach
[16:18:54] *** Parts: Annonik (Annonik@Pony-hel.mij.131.78.IP) ("Obiad/)*")
[16:23:46] *** McKey sets mode: -b *!TenCoDostau@*.19a.213.178.IP
[16:29:43] *** Joins: Pony_10876 (androirc@Pony-h9e.2vc.238.83.IP)
[16:32:11] *** Joins: McKey (Kordus@mckey.antyklay.pl)
[16:32:11] -daring.canternet.org- Replaying up to 10 lines of pre-join history spanning up to 300 seconds
[16:32:11] *** Pinkamena sets mode: +h McKey
[16:33:03] *** Joins: Kurenai (bio@Pony-bri7gs.sv08.vg3e.41d0.2001.IP)
[16:37:50] *** Joins: Andragor (Andrabot@Pony-esjgfv.adsl.inetia.pl)
[16:42:51] *** Joins: AndroUser2 (androirc@Pony-h9e.2vc.238.83.IP)
[16:42:52] *** Quits: Pony_10876 (androirc@Pony-h9e.2vc.238.83.IP) (Connection closed)
[16:47:03] <McKey> AndroUser2>> Gibon ogar xD
[16:47:22] *** Quits: AndroUser2 (androirc@Pony-h9e.2vc.238.83.IP) (Ping timeout: 121 seconds)
[16:54:27] *** Joins: Proenix (Proenix@proenix.pl)
[16:56:47] <McKey> Proenix>> http://screencloud.net/v/pihM ekhem
[17:01:38] <Proenix> stfu
[17:01:51] <Proenix> +/- 2 dni
[17:01:55] <Proenix> błąd pomiarowy
[17:02:00] <Proenix> plan już jest
[17:02:06] <Proenix> tylko go muszę opublikować
[17:02:23] <Proenix> a akurat wypadła mi jedna prelekcja i muszę rozgryść co zrobić z dziurą
[17:02:40] <McKey> panel o clopach
[17:02:59] <McKey> (wkońcu dziura)
[17:20:34] *** Joins: Zabojca (Zabojca@Pony-486gku.tktelekom.pl)
[17:20:58] * Zabojca slaps Zabojca around a bit with a large fishbot
[17:23:17] * McKey slaps Zabojca with big fish
[17:24:17] * Zabojca slaps McKey around a bit with a large fishbot
[17:26:40] *** Quits: Zabojca (Zabojca@Pony-486gku.tktelekom.pl) (Quit: Page closed)
[17:32:05] <McKey> !FireSky
[17:33:03] <McKey> *autovoice
[17:33:07] <McKey> *autovoice help
[17:37:15] <McKey> Eivel>> jesteś ?
[17:52:58] *** Joins: Pony_4 (~Pony_4@Pony-b8n.b39.9.78.IP)
[17:54:12] *** Pony_4 is now known as Pony-4
[17:54:16] *** Parts: Pony-4 (~Pony_4@Pony-b8n.b39.9.78.IP) ("")
[17:54:22] *** Joins: Pony-4 (~Pony_4@Pony-b8n.b39.9.78.IP)
[17:54:24] *** Quits: Proenix (Proenix@proenix.pl) (Ping timeout: 121 seconds)
[17:55:02] *** Quits: Pony-4 (~Pony_4@Pony-b8n.b39.9.78.IP) (Quit: Page closed)
[17:55:29] *** Joins: Pony-4 (Pony-4@Pony-b8n.b39.9.78.IP)
[17:56:58] *** Parts: Pony-4 (Pony-4@Pony-b8n.b39.9.78.IP) ("derp")
[17:57:02] *** Joins: Pony-4 (Pony-4@Pony-b8n.b39.9.78.IP)
[17:57:21] *** Joins: Kurenai_2 (Patryczek@scarlet.antyklay.pl)
[17:57:59] *** Quits: Pony-4 (Pony-4@Pony-b8n.b39.9.78.IP) (Quit: Page closed)
[17:58:21] <McKey> Kurenai_2>> lool
[17:58:46] <Kurenai_2> ?
[17:58:51] <McKey> Kurenai
[17:59:19] <McKey> zresetowałem znc i jak widać działa
[18:41:19] *** Quits: Kurenai_2 (Patryczek@scarlet.antyklay.pl) (Ping timeout: 121 seconds)
[18:44:47] *** Joins: Kurenai_2 (Patryczek@scarlet.antyklay.pl)
[19:26:52] *** Quits: Kurenai_2 (Patryczek@scarlet.antyklay.pl) (Quit: Nie)
[19:32:34] *** Joins: Kurenai_2 (Patryczek@scarlet.antyklay.pl)
[20:04:01] *** Quits: Kurenai_2 (Patryczek@scarlet.antyklay.pl) (Ping timeout: 121 seconds)
[21:13:35] *** Joins: Proenix (Proenix@proenix.pl)
[21:14:12] <Hck> cześć
[21:14:54] <Proenix> sześć
[21:23:46] <McKey> Proenix>> masz coś dla mnie?
[22:01:00] *** Quits: Andragor (Andrabot@Pony-esjgfv.adsl.inetia.pl) (Quit: Brohoof /)*)
[23:01:18] *** Quits: Proenix (Proenix@proenix.pl) (Connection closed)
