[00:36:04] <IdleRPG> Idle_RPG [15/894] has challenged Ruthalas [180/484] in combat and lost! 0 days, 05:25:53 is added to Idle_RPG's clock.
[00:36:04] <IdleRPG> Idle_RPG reaches next level in 3 days, 11:01:27.
[00:43:53] <IdleRPG> McKey, the sorcerer, has attained level 13! Next level in 0 days, 01:08:51.
[00:43:53] <IdleRPG> McKey found a level 16 helm! McKey's current helm is only level 0, so it seems Luck is with them!
[01:23:15] <IdleRPG> AppleDash, the Awesome Pony, has attained level 79! Next level in 70 days, 04:22:00.
[01:23:15] <IdleRPG> AppleDash found a level 44 pair of gloves! AppleDash's current pair of gloves is only level 30, so it seems Luck is with them!
[01:23:15] <IdleRPG> AppleDash [265/1075] has challenged Minigash [359/585] in combat and lost! 4 days, 21:54:20 is added to AppleDash's clock.
[01:23:15] <IdleRPG> AppleDash reaches next level in 75 days, 02:16:20.
[01:36:10] <IdleRPG> Moonlightning [768/858] has challenged TheFaithBreaker [351/630] in combat and won! 1 day, 00:21:40 is removed from Moonlightning's clock.
[01:36:10] <IdleRPG> Moonlightning reaches next level in 6 days, 19:02:00.
[01:52:43] <IdleRPG> McKey, the sorcerer, has attained level 14! Next level in 0 days, 01:19:52.
[01:52:43] <IdleRPG> McKey found a level 18 amulet! McKey's current amulet is only level 13, so it seems Luck is with them!
[02:36:18] <IdleRPG> Idle_RPG [624/894] has challenged TheFaithBreaker [128/630] in combat and won! 0 days, 10:31:57 is removed from Idle_RPG's clock.
[02:36:18] <IdleRPG> Idle_RPG reaches next level in 2 days, 22:29:16.
[03:12:35] <IdleRPG> McKey, the sorcerer, has attained level 15! Next level in 0 days, 01:32:39.
[03:12:35] <IdleRPG> McKey found a level 16 helm. McKey's current helm is level 16, so it seems Luck is against them. They toss the helm.
[03:12:35] <IdleRPG> McKey [20/90] has challenged Ruthalas [465/484] in combat and lost! 0 days, 00:06:29 is added to McKey's clock.
[03:12:35] <IdleRPG> McKey reaches next level in 0 days, 01:39:08.
[03:36:26] <IdleRPG> Ruthalas [322/484] has challenged Furyform [551/714] in combat and lost! 0 days, 09:57:39 is added to Ruthalas's clock.
[03:36:26] <IdleRPG> Ruthalas reaches next level in 3 days, 20:58:07.
[03:37:08] <IdleRPG> Idle_RPG, Ruthalas, TheFaithBreaker, and Sin have been chosen by Celestia to explore and chart the barren lands of Dirtville. Participants must first reach [400,475], then [480,380].
[03:41:13] *** Q0 is now known as Q0|Away
[03:45:28] *** Q0|Away is now known as Q0
[03:51:48] *** Quits: Shnuggles (Brolf_pog@Pony-o5jlfj.client.bresnan.net) (Ping timeout: 121 seconds)
[04:36:27] *** Joins: HomerMobile (HomerB@is.best.sea.poni)
[04:36:33] <IdleRPG> TheFaithBreaker [130/630] has challenged AppleDash [497/1075] in combat and lost! 0 days, 04:42:41 is added to TheFaithBreaker's clock.
[04:36:33] <IdleRPG> TheFaithBreaker reaches next level in 1 day, 23:32:32.
[04:51:44] <IdleRPG> McKey, the sorcerer, has attained level 16! Next level in 0 days, 01:47:28.
[04:51:44] <IdleRPG> McKey found a level 17 pair of gloves! McKey's current pair of gloves is only level 8, so it seems Luck is with them!
[04:51:44] <IdleRPG> McKey [77/99] has challenged Minigash [542/585] in combat and lost! 0 days, 00:07:31 is added to McKey's clock.
[04:51:44] <IdleRPG> McKey reaches next level in 0 days, 01:54:59.
[04:54:20] <IdleRPG> Ripp_ [124/509] has come upon Moonlightning [655/858] and been defeated in combat! 18 days, 15:44:03 is added to Ripp_'s clock.
[04:54:20] <IdleRPG> Ripp_ reaches next level in 188 days, 06:02:43.
[05:09:04] *** Joins: HomerBouvier (HomerB@is.best.sea.poni)
[05:36:41] <IdleRPG> Idle RPG Top Players:
[05:36:41] <IdleRPG> Toksyuryel, the level 86 Plushie, is #1! Next level in 13 days, 18:36:00.
[05:36:41] <IdleRPG> Furyform, the level 84 neko, is #2! Next level in 5 days, 11:49:06.
[05:36:41] <IdleRPG> Idle_RPG, the level 83 IRC Bot, is #3! Next level in 2 days, 19:28:54.
[05:36:41] <IdleRPG> Furyform [461/714] has challenged Sin [201/847] in combat and won! 1 day, 02:21:49 is removed from Furyform's clock.
[05:36:44] <IdleRPG> Furyform reaches next level in 4 days, 09:27:17.
[06:04:01] *** Creeps|AFK is now known as RedHelper
[06:27:17] *** IdleRPG sets mode: +v tiwake
[06:27:17] <IdleRPG> Rainbow_Dash, the level 66 Element of Boasting, is now online from nickname tiwake. Next level in 4 days, 17:14:10.
[06:36:48] <IdleRPG> Idle_RPG [577/894] has challenged IdleRPG [845/1076] in combat and lost! 0 days, 06:38:52 is added to Idle_RPG's clock.
[06:36:48] <IdleRPG> Idle_RPG reaches next level in 3 days, 01:07:38.
[06:46:43] <IdleRPG> McKey, the sorcerer, has attained level 17! Next level in 0 days, 02:04:40.
[06:46:43] <IdleRPG> McKey found a level 22 set of leggings! McKey's current set of leggings is only level 0, so it seems Luck is with them!
[07:08:57] *** Q0 is now known as Q0|Away
[07:14:38] *** Q0|Away is now known as Q0
[07:21:36] *** Quits: HomerBouvier (HomerB@is.best.sea.poni) (Connection closed)
[07:30:41] <IdleRPG> McKey [25/121] has come upon Ripp_ [250/509] and been defeated in combat! 0 days, 00:06:27 is added to McKey's clock.
[07:30:41] <IdleRPG> McKey reaches next level in 0 days, 01:27:12.
[07:37:04] <IdleRPG> Moonlightning [63/858] has challenged Toksyuryel [686/770] in combat and lost! 0 days, 18:50:31 is added to Moonlightning's clock.
[07:37:04] <IdleRPG> Moonlightning reaches next level in 7 days, 07:51:37.
[07:41:32] *** Joins: GreenHelper (RedHelper@Pony-h3g.h5p.41.73.IP)
[07:42:23] *** Quits: RedHelper (RedHelper@The.Pony.That.Makes.You.Smile) (Connection closed)
[08:06:12] *** GreenHelper is now known as Creeps|AFK
[08:14:20] <IdleRPG> Moonlightning was a bit busy trying to stop Nightmare Moon to do any progression. This terrible calamity has slowed them 0 days, 12:16:00 from level 83.
[08:14:20] <IdleRPG> Moonlightning reaches next level in 7 days, 19:30:21.
[08:37:11] <IdleRPG> Toksyuryel [163/770] has challenged Ruthalas [280/484] in combat and lost! 0 days, 22:55:53 is added to Toksyuryel's clock.
[08:37:11] <IdleRPG> Toksyuryel reaches next level in 14 days, 14:31:22.
[08:57:52] <IdleRPG> McKey, the sorcerer, has attained level 18! Next level in 0 days, 02:24:37.
[08:57:52] <IdleRPG> McKey found a level 20 set of leggings. McKey's current set of leggings is level 22, so it seems Luck is against them. They toss the set of leggings.
[09:37:18] <IdleRPG> Rainbow_Dash [663/736] has challenged IdleRPG [921/1076] in combat and lost! 0 days, 11:00:25 is added to Rainbow_Dash's clock.
[09:37:18] <IdleRPG> Rainbow_Dash reaches next level in 5 days, 01:04:37.
[10:37:26] <IdleRPG> Moonlightning [268/858] has challenged Ripp_ [243/509] in combat and won! 1 day, 01:55:01 is removed from Moonlightning's clock.
[10:37:26] <IdleRPG> Moonlightning reaches next level in 6 days, 15:12:15.
[10:45:57] <IdleRPG> Sin made to steal Minigash's pair of boots, but realized it was lower level than their own. Sin creeps back into the shadows.
[11:22:31] <IdleRPG> McKey, the sorcerer, has attained level 19! Next level in 0 days, 02:47:45.
[11:22:31] <IdleRPG> McKey found a level 20 tunic! McKey's current tunic is only level 0, so it seems Luck is with them!
[11:37:32] <IdleRPG> Idle_RPG [335/894] has challenged ISky [143/330] in combat and won! 0 days, 07:29:33 is removed from Idle_RPG's clock.
[11:37:32] <IdleRPG> Idle_RPG reaches next level in 2 days, 12:37:21.
[12:37:39] <IdleRPG> Ripp_ [431/509] has challenged AppleDash [912/1075] in combat and lost! 20 days, 16:08:08 is added to Ripp_'s clock.
[12:37:39] <IdleRPG> Ripp_ reaches next level in 208 days, 14:27:32.
[12:44:03] *** Joins: Brolf_pog (Brolf_pog@Pony-o5jlfj.client.bresnan.net)
[12:46:56] *** Q0 is now known as Q0|Away
[13:15:14] <IdleRPG> Thereupon Nightmare Moon stretched out Her hoof among them and consumed Minigash with darkness, slowing the heathen 0 days, 01:51:33 from level 43.
[13:15:14] <IdleRPG> Minigash reaches next level in 0 days, 08:16:15.
[13:37:47] <IdleRPG> Furyform [204/714] has challenged ISky [94/330] in combat and won! 0 days, 10:43:04 is removed from Furyform's clock.
[13:37:47] <IdleRPG> Furyform reaches next level in 3 days, 14:43:06.
[13:53:06] *** Quits: Spazturtle (Spazturtle@Derping.at.Home) (Killed (NickServ (GHOST command used by Spazturtle_)))
[13:53:26] *** Joins: Spazturtle (Spazturtle@Derping.at.Home)
[14:10:18] <IdleRPG> McKey, the sorcerer, has attained level 20! Next level in 0 days, 03:14:36.
[14:10:18] <IdleRPG> McKey found a level 16 ring! McKey's current ring is only level 15, so it seems Luck is with them!
[14:24:29] *** Quits: Spazturtle (Spazturtle@Derping.at.Home) (Ping timeout: 121 seconds)
[14:25:41] *** Joins: Spazturtle (Spazturtle@Derping.at.Home)
[14:37:55] <IdleRPG> AppleDash [942/1075] has challenged Moonlightning [842/858] in combat and won! 14 days, 21:48:20 is removed from AppleDash's clock.
[14:37:55] <IdleRPG> AppleDash reaches next level in 59 days, 15:13:23.
[14:42:22] <IdleRPG> Idle_RPG's charm ate a bolt of lightning! Idle_RPG's charm gains 10% effectiveness.
[15:38:02] <IdleRPG> Idle RPG Top Players:
[15:38:02] <IdleRPG> Toksyuryel, the level 86 Plushie, is #1! Next level in 14 days, 07:30:31.
[15:38:02] <IdleRPG> Furyform, the level 84 neko, is #2! Next level in 3 days, 12:42:51.
[15:38:02] <IdleRPG> Idle_RPG, the level 83 IRC Bot, is #3! Next level in 2 days, 08:36:51.
[15:38:02] <IdleRPG> Ruthalas [159/484] has challenged Furyform [468/714] in combat and lost! 0 days, 09:42:46 is added to Ruthalas's clock.
[15:38:05] <IdleRPG> Ruthalas reaches next level in 3 days, 18:39:16.
[16:20:23] <IdleRPG> Minigash sharpened the edge of their weapon! Minigash's weapon gains 10% effectiveness.
[16:30:56] *** Quits: Brolf_pog (Brolf_pog@Pony-o5jlfj.client.bresnan.net) (Ping timeout: 121 seconds)
[16:38:10] <IdleRPG> Rainbow_Dash [602/736] has challenged Idle_RPG [861/898] in combat and lost! 0 days, 12:32:48 is added to Rainbow_Dash's clock.
[16:38:10] <IdleRPG> Rainbow_Dash reaches next level in 5 days, 06:36:33.
[16:50:06] <IdleRPG> McKey had Pinkie Pie throw a party for them! This wondrous event has accelerated them 0 days, 00:03:08 towards level 21.
[16:50:06] <IdleRPG> McKey reaches next level in 0 days, 00:31:43.
[17:21:48] <IdleRPG> McKey, the sorcerer, has attained level 21! Next level in 0 days, 03:45:44.
[17:21:48] <IdleRPG> McKey found a level 25 pair of gloves! McKey's current pair of gloves is only level 17, so it seems Luck is with them!
[17:38:17] <IdleRPG> Ripp_ [201/509] has challenged Rainbow_Dash [94/736] in combat and won! 33 days, 08:13:54 is removed from Ripp_'s clock.
[17:38:17] <IdleRPG> Ripp_ reaches next level in 175 days, 01:13:00.
[18:13:05] *** Creeps|AFK is now known as RedHelper
[18:38:24] <IdleRPG> Sin [453/847] has challenged Ruthalas [283/484] in combat and won! 0 days, 23:03:53 is removed from Sin's clock.
[18:38:24] <IdleRPG> Sin reaches next level in 7 days, 18:36:59.
[19:22:08] *** Quits: HomerMobile (HomerB@is.best.sea.poni) (Connection closed)
[19:25:48] *** Joins: HomerMobile (HomerB@is.best.sea.poni)
[19:30:06] <IdleRPG> Idle_RPG, Ruthalas, TheFaithBreaker, and Sin have completed their journey! 25% of their burden is eliminated.
[19:38:25] *** Quits: Spazturtle (Spazturtle@Derping.at.Home) (Ping timeout: 121 seconds)
[19:38:31] <IdleRPG> Ruthalas [374/484] has challenged McKey [17/150] in combat and won! 0 days, 04:32:47 is removed from Ruthalas's clock.
[19:38:31] <IdleRPG> Ruthalas reaches next level in 2 days, 12:24:12.
[19:40:53] *** Q0|Away is now known as Q0
[19:41:40] *** Joins: Spazturtle (Spazturtle@Derping.at.Home)
[19:45:16] *** Joins: GreenHelper (RedHelper@Pony-h3g.h5p.41.73.IP)
[19:48:16] *** Quits: RedHelper (RedHelper@The.Pony.That.Makes.You.Smile) (Ping timeout: 121 seconds)
[20:15:04] *** Joins: BlueHelper (RedHelper@Pony-h3g.h5p.41.73.IP)
[20:18:46] *** Quits: GreenHelper (RedHelper@The.Pony.That.Makes.You.Smile) (Ping timeout: 121 seconds)
[20:20:56] *** BlueHelper is now known as Creeps|AFK
[20:21:00] *** Creeps|AFK is now known as RedHelper
[20:38:40] <IdleRPG> Ripp_ [197/509] has challenged Sin [466/847] in combat and lost! 19 days, 05:48:11 is added to Ripp_'s clock.
[20:38:40] <IdleRPG> Ripp_ reaches next level in 194 days, 04:00:48.
[20:46:58] *** Quits: HomerMobile (HomerB@is.best.sea.poni) (Ping timeout: 121 seconds)
[21:07:34] <IdleRPG> McKey, the sorcerer, has attained level 22! Next level in 0 days, 04:21:51.
[21:07:34] <IdleRPG> McKey found a level 24 set of leggings! McKey's current set of leggings is only level 22, so it seems Luck is with them!
[21:31:28] <IdleRPG> Minigash, the Hugger, has attained level 43! Next level in 4 days, 02:31:26.
[21:31:28] <IdleRPG> Minigash found a level 31 charm. Minigash's current charm is level 37, so it seems Luck is against them. They toss the charm.
[21:31:28] <IdleRPG> Minigash [435/603] has challenged Toksyuryel [548/770] in combat and lost! 0 days, 11:49:22 is added to Minigash's clock.
[21:31:28] <IdleRPG> Minigash reaches next level in 4 days, 14:20:48.
[21:38:46] <IdleRPG> TheFaithBreaker [567/630] has challenged McKey [69/152] in combat and won! 0 days, 01:33:50 is removed from TheFaithBreaker's clock.
[21:38:46] <IdleRPG> TheFaithBreaker reaches next level in 0 days, 20:46:44.
[22:08:38] <IdleRPG> Ruthalas, Sin, and McKey [1339/1483] have team battled Toksyuryel, jouva, and TheFaithBreaker [546/1935] and won! 0 days, 00:40:10 is removed from their clocks.
[22:38:54] <IdleRPG> TheFaithBreaker [503/630] has challenged Sin [200/847] in combat and won! 0 days, 03:57:19 is removed from TheFaithBreaker's clock.
[22:38:54] <IdleRPG> TheFaithBreaker reaches next level in 0 days, 15:49:18.
[22:52:00] *** Joins: Brolf_pog (Brolf_pog@Pony-o5jlfj.client.bresnan.net)
[22:55:03] *** Joins: HomerMobile (HomerB@is.best.sea.poni)
[22:56:42] *** [A]McKey is now known as McKey
[23:35:07] *** Quits: RedHelper (RedHelper@The.Pony.That.Makes.You.Smile) (Ping timeout: 121 seconds)
[23:39:02] <IdleRPG> jouva [136/535] has challenged McKey [45/152] in combat and won! 3 days, 09:12:46 is removed from jouva's clock.
[23:39:02] <IdleRPG> jouva reaches next level in 44 days, 22:58:21.
[23:47:48] *** Joins: HomerBouvier (HomerB@is.best.sea.poni)
