[00:07:05] <IdleRPG> Minigash, Idle_RPG, Ruthalas, and AppleDash have completed their journey! 25% of their burden is eliminated.
[00:17:27] <IdleRPG> Rainbow_Dash [695/759] has challenged ISky [70/340] in combat and won! 0 days, 01:12:24 is removed from Rainbow_Dash's clock.
[00:17:27] <IdleRPG> Rainbow_Dash reaches next level in 0 days, 08:50:59.
[00:17:27] <IdleRPG> Rainbow_Dash has dealt ISky a Critical Strike! 2 days, 11:10:11 is added to ISky's clock.
[00:17:27] <IdleRPG> ISky reaches next level in 14 days, 19:01:10.
[01:03:03] *** Joins: ShadyLightz (uid71401@Pony-un9cbp.charlton.irccloud.com)
[01:17:34] <IdleRPG> Idle_RPG [671/910] has challenged Rainbow_Dash [589/759] in combat and won! 0 days, 13:12:17 is removed from Idle_RPG's clock.
[01:17:34] <IdleRPG> Idle_RPG reaches next level in 2 days, 21:19:31.
[02:05:16] <IdleRPG> Idle_RPG has fallen ill with the Pony Pox. This terrible calamity has slowed them 0 days, 06:10:03 from level 85.
[02:05:16] <IdleRPG> Idle_RPG reaches next level in 3 days, 02:41:52.
[02:17:41] <IdleRPG> Idle_RPG [431/910] has challenged Ripp_ [232/446] in combat and won! 0 days, 10:25:43 is removed from Idle_RPG's clock.
[02:17:41] <IdleRPG> Idle_RPG reaches next level in 2 days, 16:03:44.
[02:51:13] <IdleRPG> QuantumPocket, the computerscience, has attained level 34! Next level in 1 day, 01:54:25.
[02:51:13] <IdleRPG> QuantumPocket found a level 41 pair of boots! QuantumPocket's current pair of boots is only level 31, so it seems Luck is with them!
[02:51:13] <IdleRPG> QuantumPocket [171/302] has challenged jouva [353/534] in combat and lost! 0 days, 02:50:59 is added to QuantumPocket's clock.
[02:51:13] <IdleRPG> QuantumPocket reaches next level in 1 day, 04:45:24.
[03:16:12] *** Quits: Shnuggles (Brolf_pog@Pony-ve4vfj.blng.qwest.net) (Ping timeout: 121 seconds)
[03:17:49] <IdleRPG> Moonlightning [529/891] has challenged Idle_RPG [468/910] in combat and won! 2 days, 14:28:25 is removed from Moonlightning's clock.
[03:17:49] <IdleRPG> Moonlightning reaches next level in 9 days, 19:01:12.
[03:36:00] *** Quits: ShadyLightz (uid71401@Pony-un9cbp.charlton.irccloud.com) (Quit: Connection closed for inactivity)
[04:03:27] *** Quits: Bedmonster (Bedmonster@Pony-14bdfc.cable.rogers.com) (Connection closed)
[04:10:11] *** Joins: Spazturtle (Spazturtle@Derping.at.Home)
[04:10:16] *** IdleRPG sets mode: +v Spazturtle
[04:10:16] <IdleRPG> Spazturtle, the level 66 pegasus, is now online from nickname Spazturtle. Next level in 4 days, 02:45:46.
[04:12:02] *** Joins: Shnuggles (Brolf_pog@Pony-sdl.nig.59.108.IP)
[04:14:04] *** Joins: Brolf_pog (Brolf_pog@Pony-sdl.nig.59.108.IP)
[04:16:55] *** Quits: Shnuggles (Brolf_pog@Pony-sdl.nig.59.108.IP) (Ping timeout: 121 seconds)
[04:17:06] *** Quits: Spazturtle (Spazturtle@Derping.at.Home) (Ping timeout: 121 seconds)
[04:17:57] <IdleRPG> Sin [483/847] has challenged Rainbow_Dash [543/759] in combat and lost! 0 days, 00:52:23 is added to Sin's clock.
[04:17:57] <IdleRPG> Sin reaches next level in 0 days, 10:34:32.
[04:21:04] *** Joins: Spazturtle (Spazturtle@Derping.at.Home)
[04:29:31] *** Q0|Away is now known as Q0
[05:18:06] <IdleRPG> ISky [71/340] has challenged jouva [233/534] in combat and lost! 1 day, 14:30:03 is added to ISky's clock.
[05:18:06] <IdleRPG> ISky reaches next level in 16 days, 04:30:34.
[05:25:14] *** Quits: Spazturtle (Spazturtle@Derping.at.Home) (Ping timeout: 121 seconds)
[06:07:06] <IdleRPG> Idle_RPG, Ruthalas, Moonlightning, and ISky have been chosen by Celestia to return the stolen elements of harmony to the city of Canterlot, quieting the discontent that has sprung up from their loss. Participants must first reach [480,415], then [325,270].
[06:18:13] <IdleRPG> Ruthalas [178/568] has challenged Rainbow_Dash [222/759] in combat and lost! 0 days, 19:31:36 is added to Ruthalas's clock.
[06:18:13] <IdleRPG> Ruthalas reaches next level in 9 days, 20:29:24.
[06:45:48] *** Joins: ShadyLightz (uid71401@Pony-un9cbp.charlton.irccloud.com)
[06:47:34] <IdleRPG> jouva shared a nice meal with Fluttershy! This wondrous event has accelerated them 3 days, 17:21:04 towards level 84.
[06:47:34] <IdleRPG> jouva reaches next level in 33 days, 12:09:41.
[07:18:20] <IdleRPG> Toksyuryel [530/769] has challenged McKey [285/385] in combat and won! 2 days, 20:39:28 is removed from Toksyuryel's clock.
[07:18:20] <IdleRPG> Toksyuryel reaches next level in 23 days, 03:30:21.
[07:27:23] *** Quits: Brolf_pog (Brolf_pog@Pony-sdl.nig.59.108.IP) (Ping timeout: 121 seconds)
[07:57:20] *** Joins: Spazturtle (Spazturtle@Derping.at.Home)
[07:57:24] *** IdleRPG sets mode: +v Spazturtle
[07:57:24] <IdleRPG> Spazturtle, the level 66 pegasus, is now online from nickname Spazturtle. Next level in 4 days, 14:38:53.
[08:18:35] <IdleRPG> Sin [315/847] has challenged Moonlightning [305/891] in combat and won! 0 days, 01:18:46 is removed from Sin's clock.
[08:18:35] <IdleRPG> Sin reaches next level in 0 days, 05:15:08.
[08:50:49] *** Quits: Spazturtle (Spazturtle@Derping.at.Home) (Ping timeout: 121 seconds)
[09:08:24] <IdleRPG> Rainbow_Dash, the Element of Boasting, has attained level 68! Next level in 59 days, 04:22:00.
[09:08:24] <IdleRPG> Rainbow_Dash found a level 65 amulet! Rainbow_Dash's current amulet is only level 49, so it seems Luck is with them!
[09:08:24] <IdleRPG> Rainbow_Dash [594/774] has challenged McKey [281/385] in combat and won! 6 days, 12:14:25 is removed from Rainbow_Dash's clock.
[09:08:24] <IdleRPG> Rainbow_Dash reaches next level in 52 days, 16:07:35.
[09:08:51] *** Joins: Brolf_pog (Brolf_pog@Pony-sdl.nig.59.108.IP)
[09:19:01] <IdleRPG> Idle RPG Top Players:
[09:19:01] <IdleRPG> Toksyuryel, the level 86 Plushie, is #1! Next level in 23 days, 01:29:40.
[09:19:01] <IdleRPG> Furyform, the level 85 neko, is #2! Next level in 4 days, 15:42:55.
[09:19:01] <IdleRPG> Idle_RPG, the level 84 IRC Bot, is #3! Next level in 2 days, 09:02:24.
[09:19:01] <IdleRPG> Minigash [191/616] has challenged Dustrunner [263/362] in combat and lost! 0 days, 08:46:07 is added to Minigash's clock.
[09:19:04] <IdleRPG> Minigash reaches next level in 5 days, 14:02:18.
[09:45:57] *** Quits: ShadyLightz (uid71401@Pony-un9cbp.charlton.irccloud.com) (Quit: Connection closed for inactivity)
[09:51:05] *** Joins: Furyform (Furyform@is.a.pretty.pony)
[09:51:08] *** IdleRPG sets mode: +v Furyform
[09:51:08] <IdleRPG> Furyform, the level 85 neko, is now online from nickname Furyform. Next level in 4 days, 15:42:55.
[10:19:09] <IdleRPG> Furyform [9/745] has challenged McKey [48/385] in combat and lost! 0 days, 07:47:14 is added to Furyform's clock.
[10:19:09] <IdleRPG> Furyform reaches next level in 4 days, 23:02:11.
[10:37:36] *** Joins: Spazturtle (Spazturtle@Derping.at.Home)
[10:37:41] *** IdleRPG sets mode: +v Spazturtle
[10:37:41] <IdleRPG> Spazturtle, the level 66 pegasus, is now online from nickname Spazturtle. Next level in 5 days, 01:45:25.
[10:54:51] *** Quits: Spazturtle (Spazturtle@Derping.at.Home) (Ping timeout: 121 seconds)
[11:19:17] <IdleRPG> Idle_RPG [332/910] has challenged McKey [154/385] in combat and won! 0 days, 06:03:14 is removed from Idle_RPG's clock.
[11:19:17] <IdleRPG> Idle_RPG reaches next level in 2 days, 00:58:54.
[11:52:11] *** Q0 is now known as Q0|Away
[12:02:34] <IdleRPG> Minigash was hit a lightning bolt. Bad Derpy. This terrible calamity has slowed them 0 days, 10:30:18 from level 50.
[12:02:34] <IdleRPG> Minigash reaches next level in 5 days, 21:49:03.
[12:19:24] <IdleRPG> Rainbow_Dash [490/774] has challenged Ruthalas [169/568] in combat and won! 6 days, 07:18:47 is removed from Rainbow_Dash's clock.
[12:19:24] <IdleRPG> Rainbow_Dash reaches next level in 46 days, 05:37:52.
[12:30:09] *** Joins: ShadyLightz (uid71401@Pony-un9cbp.charlton.irccloud.com)
[13:08:09] <IdleRPG> Idle_RPG ate a few too many cupcakes at Sugarcube Corner. This terrible calamity has slowed them 0 days, 03:18:06 from level 85.
[13:08:09] <IdleRPG> Idle_RPG reaches next level in 2 days, 02:28:08.
[13:19:31] <IdleRPG> Moonlightning [796/891] has challenged Toksyuryel [139/769] in combat and won! 1 day, 23:14:53 is removed from Moonlightning's clock.
[13:19:31] <IdleRPG> Moonlightning reaches next level in 7 days, 09:44:37.
[13:33:42] <IdleRPG> Sin, the Black Mage, has attained level 82! Next level in 73 days, 04:22:00.
[13:33:42] <IdleRPG> Sin found a level 35 pair of boots. Sin's current pair of boots is level 49, so it seems Luck is against them. They toss the pair of boots.
[13:33:42] <IdleRPG> Sin [417/847] has challenged Ripp_ [386/446] in combat and won! 10 days, 05:53:28 is removed from Sin's clock.
[13:33:42] <IdleRPG> Sin reaches next level in 62 days, 22:28:32.
[14:01:45] <IdleRPG> Thereupon Nightmare Moon stretched out Her hoof among them and consumed Rainbow_Dash with darkness, slowing the heathen 27 days, 16:45:18 from level 69.
[14:01:45] <IdleRPG> Rainbow_Dash reaches next level in 73 days, 20:40:48.
[14:19:40] <IdleRPG> Sin [85/847] has challenged Rainbow_Dash [115/774] in combat and lost! 5 days, 15:52:26 is added to Sin's clock.
[14:19:40] <IdleRPG> Sin reaches next level in 68 days, 13:35:04.
[15:13:25] <IdleRPG> Ripp_ [105/446] has come upon Dustrunner [358/362] and been defeated in combat! 0 days, 04:24:13 is added to Ripp_'s clock.
[15:13:25] <IdleRPG> Ripp_ reaches next level in 2 days, 19:18:58.
[15:19:46] <IdleRPG> Furyform [619/745] has challenged Sin [796/847] in combat and lost! 0 days, 12:32:34 is added to Furyform's clock.
[15:19:46] <IdleRPG> Furyform reaches next level in 5 days, 06:34:08.
[16:19:54] <IdleRPG> Sin [697/847] has challenged Ripp_ [107/446] in combat and won! 9 days, 14:06:04 is removed from Sin's clock.
[16:19:54] <IdleRPG> Sin reaches next level in 58 days, 21:28:45.
[17:00:03] *** Q0|Away is now known as Q0
[17:15:59] *** Quits: ShadyLightz (uid71401@Pony-un9cbp.charlton.irccloud.com) (Quit: Connection closed for inactivity)
[17:20:01] <IdleRPG> Ripp_ [226/446] has challenged ISky [309/340] in combat and lost! 0 days, 04:33:51 is added to Ripp_'s clock.
[17:20:01] <IdleRPG> Ripp_ reaches next level in 2 days, 21:46:13.
[17:56:45] *** Joins: Spazturtle (Spazturtle@Derping.at.Home)
[17:56:50] *** IdleRPG sets mode: +v Spazturtle
[17:56:50] <IdleRPG> Spazturtle, the level 66 pegasus, is now online from nickname Spazturtle. Next level in 5 days, 13:28:14.
[18:20:07] <IdleRPG> Toksyuryel [148/769] has challenged Dustrunner [160/362] in combat and lost! 1 day, 14:06:47 is added to Toksyuryel's clock.
[18:20:08] <IdleRPG> Toksyuryel reaches next level in 24 days, 06:35:21.
[18:27:06] *** [A]McKey is now known as McKey
[19:20:15] <IdleRPG> Idle RPG Top Players:
[19:20:15] <IdleRPG> Toksyuryel, the level 86 Plushie, is #1! Next level in 24 days, 05:35:13.
[19:20:15] <IdleRPG> Furyform, the level 85 neko, is #2! Next level in 5 days, 02:33:39.
[19:20:15] <IdleRPG> Idle_RPG, the level 84 IRC Bot, is #3! Next level in 1 day, 20:16:02.
[19:20:15] <IdleRPG> Rainbow_Dash [371/774] has challenged ISky [225/340] in combat and won! 8 days, 20:05:04 is removed from Rainbow_Dash's clock.
[19:20:18] <IdleRPG> Rainbow_Dash reaches next level in 64 days, 19:17:14.
[19:44:44] *** Eventide is now known as Eventide|away
[20:10:42] <IdleRPG> jouva made to steal Minigash's set of leggings, but realized it was lower level than their own. jouva creeps back into the shadows.
[20:20:22] <IdleRPG> Spazturtle [474/666] has challenged Dustrunner [347/362] in combat and won! 0 days, 11:47:49 is removed from Spazturtle's clock.
[20:20:22] <IdleRPG> Spazturtle reaches next level in 4 days, 23:16:56.
[21:20:29] <IdleRPG> ISky [18/340] has challenged Rainbow_Dash [263/774] in combat and lost! 1 day, 09:31:20 is added to ISky's clock.
[21:20:29] <IdleRPG> ISky reaches next level in 16 days, 21:59:31.
[21:33:20] *** Joins: HomerBouvier (HomerB@is.best.sea.poni)
[21:40:19] <IdleRPG> Minigash shared a nice meal with Fluttershy! This wondrous event has accelerated them 0 days, 11:53:49 towards level 50.
[21:40:19] <IdleRPG> Minigash reaches next level in 5 days, 00:17:29.
[21:48:41] <IdleRPG> Idle_RPG, Ruthalas, Moonlightning, and ISky have completed their journey! 25% of their burden is eliminated.
[22:20:36] <IdleRPG> jouva [499/534] has challenged Idle_RPG [259/910] in combat and won! 6 days, 21:36:30 is removed from jouva's clock.
[22:20:36] <IdleRPG> jouva reaches next level in 25 days, 23:00:10.
[22:32:02] *** McKey is now known as [A]McKey
[22:35:00] *** Quits: Spazturtle (Spazturtle@Derping.at.Home) (The TLS connection was non-properly terminated.)
[22:37:12] *** Joins: Spazturtle (Spazturtle@Derping.at.Home)
[23:19:41] *** Eventide|away is now known as Eventide
[23:20:43] <IdleRPG> jouva [472/534] has challenged IdleRPG [764/1110] in combat and lost! 2 days, 14:12:00 is added to jouva's clock.
[23:20:43] <IdleRPG> jouva reaches next level in 28 days, 12:12:02.
[23:49:43] <IdleRPG> Rainbow_Dash [666/774] has come upon Minigash [198/616] and taken them in combat! 7 days, 18:05:43 is removed from Rainbow_Dash's clock.
[23:49:43] <IdleRPG> Rainbow_Dash reaches next level in 56 days, 20:42:03.
[23:53:02] <IdleRPG> Rainbow_Dash [670/774] has come upon Minigash [229/616] and taken them in combat! 6 days, 19:45:26 is removed from Rainbow_Dash's clock.
[23:53:02] <IdleRPG> Rainbow_Dash reaches next level in 50 days, 00:53:18.
