[00:07:46] *** Joins: Toothpaste (uid63062@Pony-tbaiid.charlton.irccloud.com)
[00:38:36] *** Quits: Zuzu (zuzu@is.robo.licious) (Ping timeout: 121 seconds)
[00:55:10] *** Black is now known as Nelly
[00:56:19] *** Quits: Toothpaste (uid63062@Pony-tbaiid.charlton.irccloud.com) (Quit: <3)
[01:04:05] *** Joins: HomerMobile (HomerB@is.best.sea.poni)
[01:04:34] *** Quits: HomerBouvier (HomerB@is.best.sea.poni) (Connection closed)
[01:04:48] *** HomerMobile is now known as HomerBouvier
[01:05:30] *** Gigabit is now known as Gigaway
[01:07:19] *** Joins: Zuzu (zuzu@Pony-m4l35r.eastlink.ca)
[01:08:05] *** Hoofy is now known as Red_yoshi
[01:19:55] *** Nelly is now known as Black
[01:26:58] *** Red_yoshi is now known as hoofy
[01:33:22] *** Quits: Zuzu (zuzu@is.robo.licious) (Ping timeout: 121 seconds)
[01:34:49] *** Joins: Zuzu (zuzu@is.robo.licious)
[01:56:41] *** Quits: Zuzu (zuzu@is.robo.licious) (Ping timeout: 121 seconds)
[01:57:47] *** Joins: Zuzu (zuzu@is.robo.licious)
[02:03:30] *** Quits: Zuzu (zuzu@is.robo.licious) (Ping timeout: 121 seconds)
[02:08:25] *** Joins: HomerMobile (HomerB@is.best.sea.poni)
[02:14:21] *** hoofy is now known as Queen_Vampa
[02:20:05] *** Queen_Vampa is now known as Hoofy
[02:21:47] *** Quits: TecknoJock (TecknoJock@TecknoJock) (A TLS packet with unexpected length was received.)
[02:21:59] *** Joins: TecknoJock (TecknoJock@TecknoJock)
[02:24:22] *** Joins: Zuzu (zuzu@Pony-m4l35r.eastlink.ca)
[02:26:43] *** Quits: TecknoJock (TecknoJock@TecknoJock) (A TLS packet with unexpected length was received.)
[02:26:52] *** Joins: TecknoJock (TecknoJock@TecknoJock)
[03:15:28] *** Quits: Zuzu (zuzu@is.robo.licious) (Ping timeout: 121 seconds)
[03:16:45] *** Joins: Zuzu (zuzu@Pony-m4l35r.eastlink.ca)
[03:22:07] *** Hoofy is now known as Vampa
[03:22:27] *** Quits: Zuzu (zuzu@is.robo.licious) (Ping timeout: 121 seconds)
[03:23:38] *** Joins: Zuzu (zuzu@Pony-m4l35r.eastlink.ca)
[03:35:45] *** Quits: Black (Nelly@Anonlight.Starsarebeautiful) (Ping timeout: 121 seconds)
[03:36:55] *** Joins: Nelly (Nelly@Anonlight.Starsarebeautiful)
[03:41:07] *** Nelly is now known as Black
[03:41:50] *** Black is now known as Nelly
[03:42:52] *** Quits: Zuzu (zuzu@is.robo.licious) (Ping timeout: 121 seconds)
[03:44:02] *** Joins: Zuzu (zuzu@is.robo.licious)
[04:06:42] *** Gigaway is now known as Gigabit
[04:07:53] *** Quits: Zuzu (zuzu@is.robo.licious) (Ping timeout: 121 seconds)
[04:09:00] *** Joins: Zuzu (zuzu@Pony-m4l35r.eastlink.ca)
[04:09:02] *** Nelly is now known as Black
[04:14:52] *** Quits: Zuzu (zuzu@is.robo.licious) (Ping timeout: 121 seconds)
[04:16:12] *** Joins: Zuzu (zuzu@is.robo.licious)
[04:40:07] *** Quits: Zuzu (zuzu@is.robo.licious) (Ping timeout: 121 seconds)
[04:44:12] *** Quits: Alcoholicorn (Alcoholicor@Pony-55oq0s.pool.hargray.net) (Ping timeout: 121 seconds)
[05:00:43] *** Joins: Zuzu (zuzu@is.robo.licious)
[05:09:37] *** Quits: Vampa (~Hoofy@Pony-fc3h53.bcvloh.sbcglobal.net) (Ping timeout: 121 seconds)
[05:12:58] *** Joins: Vampa (Vampa@Pony-fc3h53.bcvloh.sbcglobal.net)
[05:16:04] *** Gigabit is now known as GigaZzz
[05:26:37] *** Quits: Zuzu (zuzu@is.robo.licious) (Ping timeout: 121 seconds)
[05:27:37] *** Joins: Zuzu (zuzu@Pony-m4l35r.eastlink.ca)
[05:33:24] *** Quits: Zuzu (zuzu@is.robo.licious) (Ping timeout: 121 seconds)
[05:34:20] *** Joins: Zuzu (zuzu@Pony-m4l35r.eastlink.ca)
[05:56:25] *** Quits: Zuzu (zuzu@is.robo.licious) (Ping timeout: 121 seconds)
[05:59:50] *** Q0|Away is now known as Q0
[06:07:52] *** Quits: HomerBouvier (HomerB@is.best.sea.poni) (Connection closed)
[06:22:28] *** Joins: Zuzu (zuzu@is.robo.licious)
[06:28:30] *** Quits: Zuzu (zuzu@is.robo.licious) (Ping timeout: 121 seconds)
[06:29:03] *** Joins: Coco_Pommel (coco_pommel@Pony-l3n1m0.ma.comcast.net)
[06:29:24] *** Black is now known as White
[06:29:34] *** Joins: Zuzu (zuzu@Pony-m4l35r.eastlink.ca)
[06:30:40] *** White is now known as Black
[06:34:38] *** Quits: LightningCrash (lightning@property.of.moonlightning) (Quit: *poof*)
[06:49:27] *** Quits: Zuzu (zuzu@is.robo.licious) (Ping timeout: 121 seconds)
[06:50:29] *** Joins: Zuzu (zuzu@Pony-m4l35r.eastlink.ca)
[06:50:33] *** Vampa is now known as hoofy
[07:05:53] *** Black is now known as Nelly
[07:13:08] *** Quits: Nelly (Nelly@Anonlight.Starsarebeautiful) (Ping timeout: 121 seconds)
[07:18:27] *** Quits: Zuzu (zuzu@is.robo.licious) (Ping timeout: 121 seconds)
[07:19:35] *** Joins: Zuzu (zuzu@Pony-m4l35r.eastlink.ca)
[07:29:09] *** Quits: Phase4 (Phase4@Pony-lu48ce.lnk.telstra.net) (Ping timeout: 121 seconds)
[07:39:26] *** Quits: Zuzu (zuzu@is.robo.licious) (Ping timeout: 121 seconds)
[07:40:29] *** Joins: Zuzu (zuzu@is.robo.licious)
[07:56:47] *** Quits: Zuzu (zuzu@is.robo.licious) (Ping timeout: 121 seconds)
[07:57:16] *** Joins: PeakVolu1e (k9ldt@Pony-tqvh62.fios.verizon.net)
[07:58:23] *** Joins: Zuzu (zuzu@is.robo.licious)
[07:58:39] *** Quits: PeakVolume (k9ldt@Pony-tqvh62.fios.verizon.net) (Ping timeout: 121 seconds)
[08:03:57] *** Joins: Nelly (Nelly@Anonlight.Starsarebeautiful)
[08:07:20] *** Joins: Phase4 (Phase4@Pony-a2l9ej.internode.on.net)
[08:08:21] *** Quits: Zuzu (zuzu@is.robo.licious) (Ping timeout: 121 seconds)
[08:09:18] *** Joins: Zuzu (zuzu@Pony-m4l35r.eastlink.ca)
[08:15:43] *** Joins: Pi (pi@Pony-ahd.b3q.94.119.IP)
[08:23:11] *** Quits: Phase4 (Phase4@Pony-a2l9ej.internode.on.net) (Ping timeout: 121 seconds)
[08:39:56] *** Joins: Phase4 (Phase4@Pony-dtu0kf.internode.on.net)
[08:51:48] *** Quits: MidniteDew (user@Pony-53i2n1.dyn.nltelcom.net) (Quit: Konversation terminated!)
[09:12:22] *** Quits: Nelly (Nelly@Anonlight.Starsarebeautiful) (Killed (Celestia (Lost at Russian Roulette.)))
[09:13:55] *** Joins: Nelly (Nelly@Anonlight.Starsarebeautiful)
[09:24:52] *** Joins: Pony_3 (Pony_3@Pony-0mg.i53.169.189.IP)
[09:26:47] *** Quits: Pony_3 (Pony_3@Pony-0mg.i53.169.189.IP) (Quit: Page closed)
[09:29:11] *** [A]McKey is now known as McKey
[09:40:23] *** Nelly is now known as Nully
[09:41:47] *** Quits: Zuzu (zuzu@is.robo.licious) (Ping timeout: 121 seconds)
[09:42:55] *** Joins: Zuzu (zuzu@is.robo.licious)
[09:45:53] *** Quits: Coco_Pommel (coco_pommel@Pony-l3n1m0.ma.comcast.net) (Quit: Nettalk6 - www.ntalk.de)
[10:14:08] *** Quits: ColtonDRG (coltondrg@Pony-k48ht8.hlrn.qwest.net) (A TLS packet with unexpected length was received.)
[10:14:31] *** Joins: ColtonDRG (coltondrg@Pony-k48ht8.hlrn.qwest.net)
[10:46:38] *** Quits: hoofy (Vampa@Pony-fc3h53.bcvloh.sbcglobal.net) (Quit: Page closed)
[11:06:48] *** Q0 is now known as Q0|Away
[11:15:34] *** Quits: Zuzu (zuzu@is.robo.licious) (Ping timeout: 121 seconds)
[11:18:07] *** Joins: Alcoholicorn (Alcoholicor@Pony-55oq0s.pool.hargray.net)
[11:33:00] *** Joins: Phase5 (Phase4@Pony-6tdgas.internode.on.net)
[11:33:30] *** Quits: Phase4 (Phase4@Pony-dtu0kf.internode.on.net) (Ping timeout: 121 seconds)
[11:49:40] *** Joins: Lunia (ellen@ChumPony.Enterprises)
[11:55:44] *** McKey is now known as [A]McKey
[12:01:30] *** [A]McKey is now known as McKey
[12:36:24] *** Joins: Zuzu (zuzu@is.robo.licious)
[12:45:57] *** Joins: Phase4 (Phase4@Pony-7ddcd7.internode.on.net)
[12:48:53] *** Quits: Phase5 (Phase4@Pony-6tdgas.internode.on.net) (Ping timeout: 121 seconds)
[13:19:05] *** Quits: Phase4 (Phase4@Pony-7ddcd7.internode.on.net) (Quit: Leaving)
[13:40:45] *** Quits: Zuzu (zuzu@is.robo.licious) (Ping timeout: 121 seconds)
[14:19:27] *** Joins: Zuzu (zuzu@Pony-m4l35r.eastlink.ca)
[14:27:56] *** Quits: Nully (Nelly@Anonlight.Starsarebeautiful) (Ping timeout: 121 seconds)
[14:31:40] *** Quits: Lunia (ellen@ChumPony.Enterprises) (Ping timeout: 121 seconds)
[14:49:30] *** Quits: Zuzu (zuzu@is.robo.licious) (Ping timeout: 121 seconds)
[14:50:37] *** Joins: Zuzu (zuzu@Pony-m4l35r.eastlink.ca)
[14:52:50] *** Joins: Nelly (Nelly@Anonlight.Starsarebeautiful)
[14:53:38] *** Joins: Hoofy (Hoofy@Pony-fc3h53.bcvloh.sbcglobal.net)
[14:55:58] *** Joins: Null (Nelly@Anonlight.Starsarebeautiful)
[14:57:07] *** Quits: Nelly (Nelly@Anonlight.Starsarebeautiful) (Killed (NickServ (GHOST command used by Null)))
[14:57:11] *** Null is now known as Nelly
[14:58:02] *** Hoofy is now known as Vampa
[14:59:27] *** Quits: Alcoholicorn (Alcoholicor@Pony-55oq0s.pool.hargray.net) (Ping timeout: 121 seconds)
[15:20:54] *** McKey is now known as [A]McKey
[15:26:16] *** Quits: HomerMobile (HomerB@is.best.sea.poni) (Ping timeout: 121 seconds)
[15:27:17] *** Quits: Pi (pi@Pony-ahd.b3q.94.119.IP) (Quit: Leaving)
[16:04:49] *** Vampa is now known as Hoofy
[16:06:20] *** GigaZzz is now known as Gigabit
[16:12:50] *** [A]McKey is now known as McKey
[16:22:15] *** Nelly is now known as Halcyon_Starlight
[16:22:36] *** Hoofy is now known as Vampa
[17:04:58] *** Joins: MidniteDew (user@Pony-lva.21p.166.46.IP)
[17:29:29] *** miggyb is now known as miggyb_
[17:38:40] *** miggyb_ is now known as miggyb
[17:58:40] *** Gigabit is now known as GigaCity
[17:59:44] *** Q0|Away is now known as Q0
[18:04:14] *** McKey is now known as [A]McKey
[18:08:01] *** [A]McKey is now known as McKey
[18:23:32] *** PeakVolu1e is now known as PeakVolume
[18:24:16] *** Joins: HomerMobile (HomerB@Pony-a9tper.tn.charter.com)
[18:30:09] *** Joins: Alcoholicorn (Alcoholicor@Pony-55oq0s.pool.hargray.net)
[18:35:24] *** Joins: Lunia (ellen@ChumPony.Enterprises)
[18:42:25] *** Quits: Lunia (ellen@ChumPony.Enterprises) (Ping timeout: 121 seconds)
[18:50:32] *** Quits: Zuzu (zuzu@is.robo.licious) (Ping timeout: 121 seconds)
[18:51:33] *** Joins: Zuzu (zuzu@Pony-m4l35r.eastlink.ca)
[18:58:19] *** Joins: Lunia (ellen@ChumPony.Enterprises)
[19:16:39] *** Quits: Alcoholicorn (Alcoholicor@Pony-55oq0s.pool.hargray.net) (Ping timeout: 121 seconds)
[19:20:40] *** Joins: Alcoholicorn (Alcoholicor@Pony-55oq0s.pool.hargray.net)
[19:26:55] *** Quits: Lunia (ellen@ChumPony.Enterprises) (Ping timeout: 121 seconds)
[19:33:59] *** Halcyon_Starlight is now known as Halcyon
[19:35:47] *** Joins: HomerBouvier (HomerB@is.best.sea.poni)
[19:37:53] *** Quits: Electron (quassel@Pony-agnu6g.com) (Ping timeout: 121 seconds)
[19:39:11] *** HomerBouvier is now known as DarudeSandstorm
[20:20:59] *** Joins: Electron (quassel@Pony-agnu6g.com)
[20:24:01] *** Joins: Toothpaste (uid63062@Pony-tbaiid.charlton.irccloud.com)
[20:33:33] *** Quits: Alcoholicorn (Alcoholicor@Pony-55oq0s.pool.hargray.net) (Ping timeout: 121 seconds)
[20:45:49] *** Quits: Toothpaste (uid63062@Pony-tbaiid.charlton.irccloud.com) (Quit: Stupid school... Only having 6 wi-fi connections available...")
[21:11:58] *** Joins: Alcoholicorn (Alcoholicor@Pony-55oq0s.pool.hargray.net)
[21:14:21] <Starthunder> > irc.horse is an alias for irc.canternet.org.
[21:14:26] <Starthunder> That's not how you transition domains!
[21:14:41] <Starthunder> You make the /old/ one an alias to the /new/ one.
[21:14:52] <Colgate> this was faster :O
[21:15:09] <Starthunder> …what?
[21:24:51] *** Joins: Lores_ (Lores@Pony-p51.bn5.34.185.IP)
[21:26:54] <DarudeSandstorm> irc.horse = Best domain name for Pony IRC
[21:27:07] *** Quits: Lores_ (Lores@Pony-p51.bn5.34.185.IP) (Quit: Page closed)
[21:27:19] <DarudeSandstorm> Beat that, PonyChat! We got the cool server name! :D
[21:27:28] *** Joins: Lores_ (Lores@Pony-p51.bn5.34.185.IP)
[21:29:06] *** Quits: Lores_ (Lores@Pony-p51.bn5.34.185.IP) (Quit: Page closed)
[21:29:46] *** Joins: Lores (~Lores@Pony-p51.bn5.34.185.IP)
[21:45:50] *** Starthunder is now known as Moonlightning
[21:52:34] *** Joins: Coco_Pommel (coco_pommel@Pony-l3n1m0.ma.comcast.net)
[22:12:11] *** Joins: Phase4 (Phase4@Pony-lu48ce.lnk.telstra.net)
[22:19:27] *** Quits: Moonlightning (blackl@property.of.lightningcrash) (Ping timeout: 121 seconds)
[22:39:48] *** Quits: Lapsus (Lapsus@i-forget.ca) (Quit: )
[22:40:46] *** Joins: Moonlightning (blackl@property.of.lightningcrash)
[22:59:02] *** Joins: Lapsus (Lapsus@i-forget.ca)
[23:13:31] *** McKey is now known as [A]McKey
[23:44:58] *** Joins: LightningCrash (lightning@property.of.moonlightning)
