[00:25:18] *** Quits: SpikeDragon (Spike@sorting.those.books) (Connection closed)
[00:25:42] *** Joins: SpikeDragon (Spike@sorting.those.books)
[00:48:38] *** Quits: Tivolt (~Tivolt@Pony-fn9s1q.adsl.tpnet.pl) (Ping timeout: 121 seconds)
[01:27:05] *** Quits: ArchPegasus_zZz (ArchPegasus@Keep.In.A.Friendly.And.Pony.Place) (Connection closed)
[01:33:57] *** Joins: ArchPegasus_zZz (ArchPegasus@Keep.In.A.Friendly.And.Pony.Place)
[01:40:30] *** Quits: ArchPegasus_zZz (ArchPegasus@Keep.In.A.Friendly.And.Pony.Place) (Ping timeout: 121 seconds)
[04:27:17] *** Quits: SpikeDragon (Spike@sorting.those.books) (Connection closed)
[04:28:02] *** Joins: SpikeDragon (Spike@sorting.those.books)
[04:34:27] *** Joins: ArchPegasus_zZz (ArchPegasus@Keep.In.A.Friendly.And.Pony.Place)
[05:21:39] *** Quits: SpikeDragon (Spike@sorting.those.books) (Connection closed)
[05:29:10] *** Joins: SpikeDragon (Spike@sorting.those.books)
[05:34:10] *** Quits: SpikeDragon (Spike@sorting.those.books) (Killed (NickServ (GHOST command used by SpikeyDragon!Spike@Pony-81j4n5.9i7a.1gp9.0005.2601.IP)))
[05:34:29] *** Joins: SpikeDragon (Spike@sorting.those.books)
[05:36:33] *** Quits: SpikeDragon (Spike@sorting.those.books) (Connection closed)
[05:40:01] *** Joins: SpikeDragon (Spike@sorting.those.books)
[11:52:07] *** Joins: Iceberg (~Iceberg@Pony-nohdtq.dynamic.chello.pl)
[11:53:10] *** Quits: Iceberg (~Iceberg@Pony-nohdtq.dynamic.chello.pl) (Quit: Page closed)
[11:53:19] *** Joins: Iceberg (Iceberg@Pony-nohdtq.dynamic.chello.pl)
[11:57:21] *** Quits: Iceberg (Iceberg@Pony-nohdtq.dynamic.chello.pl) (Ping timeout: 121 seconds)
[13:12:17] *** [A]McKey is now known as McKey
[13:56:14] <NightBird> dafuq
[13:56:21] <NightBird> nice spam xd
[15:15:15] *** Joins: Andragor (Andrabot@Pony-7813sm.adsl.inetia.pl)
[15:16:14] *** McKey is now known as [A]McKey
[15:16:17] *** ArchPegasus_zZz is now known as ArchPegasusMichael
[15:50:41] *** [A]McKey is now known as McKey
[16:11:18] *** Joins: DPegasis (DPegasis@Pony-n83sgd.adsl.tpnet.pl)
[16:25:20] *** Joins: Wolferain (Wolferain@Pony-05qqdn.internetia.net.pl)
[16:25:29] <Wolferain> siema.
[16:27:59] <McKey> nie
[16:28:24] <Wolferain> ok.
[16:41:35] *** Quits: DPegasis (DPegasis@Pony-n83sgd.adsl.tpnet.pl) (Quit: Page closed)
[16:45:22] <Eivel> hej Wolferain
[16:54:47] <Wolferain> zgaduje, ze audycji nie bedzie
[17:09:03] <Eivel> chyba dobrze zgadujesz
[17:09:35] *** Joins: DPegasis (DPegasis@Pony-n83sgd.adsl.tpnet.pl)
[17:11:11] *** Joins: Pony (Pony@Pony-n83sgd.adsl.tpnet.pl)
[17:11:41] *** Quits: Pony (Pony@Pony-n83sgd.adsl.tpnet.pl) (Quit: Page closed)
[17:20:27] *** Quits: DPegasis (DPegasis@Pony-n83sgd.adsl.tpnet.pl) (Quit: Page closed)
[17:35:30] <McKey> Będzie o 18
[17:41:22] <McKey> Wolferain>> Eivel będzie o 18
[17:42:42] <Eivel> k
[17:43:22] <Eivel> .checkalias siemanko
[17:43:27] <Eivel> .checkalias siemanko
[17:45:29] *** Joins: Tiki (Tiki@Pony-a9m.6e5.13.185.IP)
[17:45:29] <McKey> Eivel>> nie to okno
[17:45:49] <Tiki> Bry
[17:45:52] * ArchPegasusMichael wyrzuca McKey przez właściwe okno
[17:45:59] <McKey> :P
[17:46:08] <Eivel> yyy
[17:46:11] <Eivel> derp
[17:46:12] <Eivel> faktycznie
[17:46:17] <Eivel> McKey: dzięki xD
[17:46:28] <McKey> xd
[17:46:46] <ArchPegasusMichael> Bry Tiki
[17:47:24] *** Joins: Wolficzka (Wolficzka@Pony-3r6vdp.olsztyn.mm.pl)
[17:47:45] *** McKey sets mode: +v Wolficzka
[17:47:45] <Wolferain> siemaa Wolficzka
[17:47:49] <Wolficzka> siemka
[17:48:07] <Wolficzka> dziś ,,małe'' opuźnienie audycji ze względu na format kompa
[17:48:25] <McKey> małe....
[17:48:28] <McKey> 2h :P
[17:48:42] <Wolferain> ojtam
[17:48:44] <Wolferain> przynajmniej zdarzylem.
[17:48:45] <Wolficzka> dlatego w ""..."
[17:48:49] <Tiki> co to bylo...
[17:53:44] *** Joins: Tiki_ (Tiki@Pony-a9m.6e5.13.185.IP)
[17:54:52] *** Quits: Tiki (Tiki@Pony-a9m.6e5.13.185.IP) (Ping timeout: 121 seconds)
[18:01:48] *** Quits: Tiki_ (Tiki@Pony-a9m.6e5.13.185.IP) (Ping timeout: 121 seconds)
[18:02:39] *** Joins: Tiki (~Tiki@Pony-a9m.6e5.13.185.IP)
[18:03:42] <McKey> Wolficzka>> NIC nie słychać
[18:03:51] <McKey> 50 dB mikrofon
[18:07:21] <Wolferain> teraz trzeszczy
[18:07:28] <McKey> -10 dB
[18:07:50] <McKey> ale chociaż zrozumiałem że od Wolferain :P
[18:08:26] <McKey> http://img.joemonster.org/images/vad/img_30971/037f465398ceaec46a450beef083688f.jpg
[18:09:35] <Wolferain> niesmieszne
[18:14:44] <McKey> Wolficzka>> złe wieści mam. Albo ci się mikrofon zepsuł albo komputer
[18:15:30] <Wolficzka> prędzej komputer bo jeszcze nie mam wszystkiego poinstalowanego po formacie :/
[18:17:18] <McKey> to pszeszukaj opcje mikrofonu bo coś się psuje. Jakiś efekt masz uruchomiony
[18:47:07] <McKey> MAM
[18:47:20] <McKey> Wolficzka>> masz autosterowanie głośnoscią mikrofonu
[19:01:46] *** Quits: Andragor (Andrabot@Pony-7813sm.adsl.inetia.pl) (Quit: Brohoof /)*)
[19:05:24] *** Quits: Tiki (~Tiki@Pony-a9m.6e5.13.185.IP) (Ping timeout: 121 seconds)
[19:16:44] *** Quits: Wolficzka (Wolficzka@Pony-3r6vdp.olsztyn.mm.pl) (Ping timeout: 121 seconds)
[19:34:26] *** Quits: Wolferain (Wolferain@Pony-05qqdn.internetia.net.pl) (Quit: Leaving)
[19:57:17] *** Joins: Husarz44 (Husarz44@Pony-mf83dj.adsl.inetia.pl)
[19:57:20] <Husarz44> siemka all
[19:58:06] <mkr> bry wieczór.
[19:58:17] <Husarz44> McKey: widzę że to określone osoby słuchają określonych audycji :P
[19:58:35] <McKey> aye
[19:59:24] <Eivel> dobry
[20:00:10] <McKey> <3
[20:01:34] <Eivel> mkr: Masz zamiar w przyszłości dodać do radia też przerywniki od artystów czy polskich aktoróW dubowych?
[20:01:48] <mkr> Zobaczymy.
[20:02:10] <McKey> Eivel>> popieści się dix to może też coś nagra :P
[20:02:19] <McKey> Niepełnosprytna, rejmanka
[20:02:27] <Eivel> mkr: Myślę, że Grzegorz Pawlak by się zgodził na jakiś fajny przerywnik z Discordem
[20:02:32] <McKey> Nicolas Dominik... Dobra ten nie ma mikrofonu xD
[20:03:34] <Eivel> mikrofon trzeszczy, nic nie słychać
[20:03:38] <Husarz44> i poszło w ch**
[20:03:39] <McKey> o lolololo
[20:03:43] <McKey> mkr
[20:03:43] <McKey> mkr
[20:03:44] <McKey> mkr
[20:03:45] <Eivel> mkr
[20:03:48] <McKey> mkr
[20:03:48] <McKey> mkr
[20:03:48] <McKey> mkr
[20:03:54] <Husarz44> mkr
[20:04:30] <Eivel> mkr: nie wiem jak odebrałeś ten spam, ale nie da się ciebie zrozumieć
[20:04:33] <Eivel> mikrofon dead
[20:04:54] <Husarz44> mkr
[20:05:18] <mkr> Nie możecie mi tak spamować cały czas, bo sam siebie nie słyszę. Spokojnie, zaraz to poprawię.
[20:05:45] <McKey> zasadniczo Spam>coś nie tak
[20:05:51] <Husarz44> ważne żebyśmy my ciebie słyszeli, a tego na ten moment powiedzieć można nie było 
[20:05:55] <McKey> *nie działa u Nishiego
[20:05:55] <Husarz44> :P
[20:06:13] <Eivel> mkr: Chodzi o to, że niepotrzebnie dokańczałeś mówić, bo i tak nie słychać było ni słowa
[20:06:37] <mkr> Eivel, nie rozumiesz, jak zaczynam słowotok to nie ładnie przerywać, nawet jak nie słychać. ^^
[20:07:00] <mkr> Jest kilka(naście) wejść, więc spokojnie jeszcze wszystko mogę powtórzyć.
[20:07:26] <Eivel> No ok, po prostu założyłem, że nikt nie lubi jak to co mówi idzie w eter :P
[20:07:56] *** Quits: Husarz44 (Husarz44@Pony-mf83dj.adsl.inetia.pl) (Ping timeout: 121 seconds)
[20:07:56] <Eivel> Niektórzy wolą by im przerwać, niż mają produkować się na darmo
[20:08:25] <mkr> Spokojnie, ja produkuje się na darmo codziennie. Stąd potrafię bardzo szybko i ładnie składać zdania. Efekt gadania sam do siebie.
[20:10:02] *** Joins: Husarz44 (Husarz44@Pony-f3hh0k.adsl.inetia.pl)
[20:11:37] <McKey> mkr Ta? To podeślij wcześniej na pewne kanały puszcze i po już będzie xD
[20:12:22] <Husarz44> oho remember
[20:13:02] *** Joins: Pony_Rejzo (Pony_Rejzo@Pony-u3r761.adsl.inetia.pl)
[20:19:25] <McKey> z/w
[20:23:53] <Eivel> Jak dobrze, że Cyril dalej robi muzykę :D
[20:28:59] <Ashley`> ._.
[20:29:50] <Eivel> Ashley`: ?
[20:29:55] <Ashley`> nicz
[20:31:42] <mkr> Ashley żyje? D:
[20:31:45] <Ashley`> nie
[20:31:53] <mkr> Ok.
[20:33:28] <Ashley`> :/
[20:43:27] *** Joins: Vanderos (Vanderos@Pony-ulj.vrl.222.91.IP)
[20:55:37] <McKey> w zasadzie to flyghtinga można pogonić aby nagrał comerciala :P
[20:57:18] <mkr> Fly to Fly.
[20:57:36] <McKey> Albo... ale ona się nie zgodzi :P
[20:57:46] <McKey> mkr Fly z pewną osobą razem Comerciala
[21:02:32] *** Joins: DenavizoRein (~DenavizoRei@Pony-d4e8a1.adsl.tpnet.pl)
[21:02:52] *** Quits: DenavizoRein (~DenavizoRei@Pony-d4e8a1.adsl.tpnet.pl) (Quit: Page closed)
[21:05:22] *** Joins: Tivolt (Tivolt@Pony-pj2qiq.adsl.tpnet.pl)
[21:17:31] *** Joins: Pony_9 (Pony_9@Pony-tjr.d5p.231.91.IP)
[21:17:41] *** Quits: Pony_9 (Pony_9@Pony-tjr.d5p.231.91.IP) (Quit: Page closed)
[21:42:10] <McKey> https://derpiboo.ru/788237
[21:46:46] <McKey> mkr where is mordecz?
[21:46:59] <mkr> No niestety, nie ma go w ogóle.
[21:47:00] <mkr> Szkoda.
[21:55:00] *** Quits: ArchPegasusMichael (ArchPegasus@Keep.In.A.Friendly.And.Pony.Place) (Ping timeout: 121 seconds)
[21:56:55] <McKey> jej*
[21:58:24] <Vanderos> marek. jak mówisz to lepiej wycisz troche muzyke
[21:58:45] <McKey> Vanderos>> ale muzyka jest wyciszona do 0
[21:58:45] *** Quits: Vanderos (Vanderos@Pony-ulj.vrl.222.91.IP) (Quit: Page closed)
[21:58:50] <McKey> ...............
[21:59:08] <mkr> Lel.
[21:59:17] <McKey> e.... mkr
[21:59:26] <McKey> ten remix o ile pamiętam jest z 2013 :P
[21:59:47] <mkr> Opublikowany 12 lis 2014
[21:59:51] <mkr> Raczej nie.
[22:00:50] <McKey> yt mi świruje na telefonie
[22:00:57] <McKey> twierdzi że 1 year ago...
[22:01:08] <mkr> No cóż.
[22:17:21] *** Quits: Pony_Rejzo (Pony_Rejzo@Pony-u3r761.adsl.inetia.pl) (Quit: Page closed)
[22:18:01] *** Joins: ElectricPsoras (ElectricPso@Pony-b2o.lrs.172.5.IP)
[22:21:23] <McKey> o psoras
[22:21:28] <McKey> po audycji się przychodzi?
[22:24:42] *** Joins: Andragor (Andrabot@Pony-7813sm.adsl.inetia.pl)
[22:24:42] <ElectricPsoras> i tak nie słuchałem, na mobilnym jestem
[22:31:30] *** McKey is now known as [A]McKey
[22:37:59] <Eivel> jj
[22:42:48] <NightBird> hai
[22:44:21] <Tivolt> hai
[22:49:47] *** Quits: FlutterBot (ircbot@Pony-47p0es.nsic.vg3e.41d0.2001.IP) (Connection closed)
[22:50:18] *** Joins: FlutterBot (ircbot@Pony-47p0es.nsic.vg3e.41d0.2001.IP)
[22:50:18] *** Pinkamena sets mode: +v FlutterBot
[22:53:46] <Eivel> mkr: jesteś?
[22:53:54] <mkr> Tak Eivel?
[22:56:04] <Eivel> mkr: Czy stream zwraca gdzieś dane o aktualnie lecącej piosence w ciut lepszym formacie niż stąd: http://stream.radioyay.net:9000/status.xsl ?
[22:56:50] <Eivel> parsowanie tych td'ków nie będzie zbyt wygodne
[22:57:19] <mkr> Niestety, ale nie.
[22:57:39] <Eivel> mhm, ok. Wolałem się upewnić.
[23:00:19] <mkr> No niestety Eivel.
[23:00:26] <mkr> Ale co ty chcesz zrobić właściwie? :P
[23:02:04] <Eivel> Dodaję do swojego bota na Derpcrafcie moduł sprawdzający kilka rzeczy z radia
[23:02:57] <mkr> Dam Ci taki tajny hak do wyciągania info z naszego radia.
[23:03:09] <mkr> http://radioyay.net/icebreath/icecast/stats
[23:03:19] <mkr> To jest w formacie JSON.
[23:03:40] <Eivel> :o
[23:03:49] <Eivel> cudownie
[23:04:14] <Eivel> Dzięki, właśnie oszczędziłeś mi bawienia się w regexy :D
[23:04:29] <Eivel> przynajmniej jeśli chodzi o piosenkę. Bo pewnie info o audycjach będe ze strony ściągać
[23:04:33] <mkr> Tylko jedna uwaga: liczba słuchaczy jest przekłamana, bo dwóch słuchaczy to repeatery, więc trzeba dwóch odjąć.
[23:04:42] <Eivel> ok
[23:05:04] <mkr> Ja pobieram liczbę słuchaczy w małym skrypcie w jQuery, zmieniam na int i odejmuje 2.
[23:06:01] <mkr> A co do audycji to wkrótce jak ruszy nowa strona to będą one działać za pośrednictwem Google Calendar.
[23:07:32] *** Quits: ElectricPsoras (ElectricPso@Pony-b2o.lrs.172.5.IP) (Quit: Narazicho!)
[23:07:45] <Eivel> Wygodnie. API jest do niego jakieś? 
[23:08:09] <Eivel> tzn. napewno jest. Ale czy zamierzasz je odpalić? To jednak bawienie się z google cloudem
[23:08:35] <Eivel> O ile oczywiście jest możliwość udostępniania trybu readonly publicznie
[23:08:58] <mkr> Nie za bardzo się zagłębiałem w API, ale jakieś tam na pewno jest.
[23:09:08] <mkr> Bo sam muszę pobierać dane do Wordpressa.
[23:09:44] <mkr> Ale na teraz jestem szczęśliwy, bo naprawiłem problem ze złą godziną serwera.
[23:09:56] <mkr> Instalacja serwera NTP rozwiązała problem.
[23:10:32] <Eivel> hm, to może u siebie też przypadkiem rozwiązałem
[23:10:56] <Eivel> Miałem zakłamaną godzinę o 2 pełne w tył, mimo ustawienia poprawnej strefy. Teraz po przenosinasz serwera instalowałem przy okazji NTP
[23:11:05] <Eivel> przenosinach*
[23:13:20] <Eivel> mkr: pewnie strona kanału rss dla newsów nie ma?
[23:13:35] <mkr> http://radioyay.net/feed/ :)
[23:13:59] <Eivel> Będę miał co robić :D
[23:14:42] <mkr> Proszę bardzo.
[23:39:05] <Eivel> [23:38:54] [Derpi] Radia słucha w tej chwili 9 osób
[23:39:07] <Eivel> śmiga aż miło
[23:39:56] *** Quits: Tivolt (Tivolt@Pony-pj2qiq.adsl.tpnet.pl) (Ping timeout: 121 seconds)
[23:53:39] *** Quits: SpikeDragon (Spike@sorting.those.books) (Killed (NickServ (GHOST command used by SpikeyDragon!Spike@Pony-6l0bls.pools.spcsdns.net)))
[23:53:58] *** Joins: SpikeDragon (Spike@sorting.those.books)
[23:57:45] *** Joins: Tivolt (~Tivolt@Pony-pj2qiq.adsl.tpnet.pl)
