[00:50:20] *** Quits: izeer_BeerPony (1f305034@gateway/web/freenode/ip.31.48.80.52) (Quit: Page closed)
[02:46:18] <MisiekShy> Elo
[02:46:19] *** Quits: MisiekShy (~Misiek@user-94-254-133-31.play-internet.pl) (Quit: Misiek.exe has stopped working.)
[11:45:52] *** [A]McKey is now known as McKey
[12:05:25] <VoThall> dobry
[12:07:00] <Night_Spark>  Hay
[12:07:15] <Night_Spark> Lvl 26 wbity
[12:34:23] <VoThall> najlepszego :D
[12:34:44] <VoThall> hmm
[12:34:47] <VoThall> to chyba jak moja siostra
[12:34:51] <VoThall> xD
[14:56:13] *** Joins: Soxis (~chatzilla@86-63-85-25.sta.asta-net.com.pl)
[14:56:32] <Soxis> elo
[15:00:01] *** Joins: psoras (~Thunderbi@ali118.neoplus.adsl.tpnet.pl)
[15:00:03] <psoras> hej
[15:00:14] <psoras> http://tinyurl.com/qxvp4bd kobieta znalazła swoje przeznaczenie :v
[15:14:09] *** Joins: Dalir (~Pony@88-199-132-54.tktelekom.pl)
[15:15:11] <Dalir> siema
[15:53:34] *** Joins: Misiek (~Misiek@109.234.157.98)
[16:04:31] *** Joins: MisiekShy (~Misiek@bdl121.neoplus.adsl.tpnet.pl)
[16:07:01] *** Quits: Misiek (~Misiek@109.234.157.98) (Ping timeout: 264 seconds)
[16:09:07] *** Joins: Nighti (53062e2e@gateway/web/freenode/ip.83.6.46.46)
[16:09:18] <Nighti> siema
[16:41:37] <Dalir> http://img.joemonster.org/images/vad/img_32767/4fd032b719ac95c24742787c040b8eda.gif no ja pierdole jak kisne XD
[16:41:50] *** Dalir is now known as DalirSkisl
[16:49:14] <psoras> http://tinyurl.com/ms6b542
[16:53:48] <Nighti> Dalir to było dobre
[16:53:57] *** Nighti is now known as Nighti-afk
[16:55:57] <psoras> http://wroclaw.gazeta.pl/wroclaw/1,35771,17865763,Powstanie_tramwaj_na_Nowy_Dwor__Prezydent_zmienia.html#ixzz3ZH76hg00 HURRA
[16:57:03] <psoras> magistrat forsował strasznie buspas na tej trasie, ale jak się okazało mieszkańcy mieli dość RiGCZu, żeby nie dać sobie wmówić pierdół o tym, jaki to buspas będzie bardziej zarąbisty od tramwaju
[16:57:11] <psoras> no i się w końcu Dudek ugiął
[17:03:37] <psoras> a nie jest to łatwe w mieście, gdzie prezydent ma dutki w nazwisku
[17:13:03] <McKey> to jest smutne... http://img.joemonster.org/images/vad/img_32767/4fd032b719ac95c24742787c040b8eda.gif
[17:13:04] <McKey> ...
[17:13:07] <McKey> to też xD
[17:13:38] <McKey> ale to co mi pokazało. "nie możesz urzyć pędzla bo masz za mało ramu..."
[17:14:11] <McKey> http://screencloud.net/v/uRU0
[17:18:58] *** Joins: VanDreadPL (~Thunderbi@89-73-60-176.dynamic.chello.pl)
[17:19:22] <VanDreadPL> siema
[17:21:13] <VanDreadPL> też macie nowego yt?
[17:25:25] <DalirSkisl> nowego yt?
[17:25:54] <DalirSkisl> VanDreadPL jakis screen?
[17:25:56] *** DalirSkisl is now known as Dalir
[17:28:50] <Dalir> VanDreadPL
[17:28:51] <Dalir> :D
[17:29:37] <Dalir> kurdeue XD
[17:31:04] <Dalir> no nic
[17:31:05] <Dalir> ja znikam
[17:31:10] *** Quits: Dalir (~Pony@88-199-132-54.tktelekom.pl) (Quit: Nettalk6 - www.ntalk.de)
[17:31:38] <VanDreadPL> dem
[17:31:38] <VanDreadPL> http://puu.sh/hCnlU/a668b53ab7.jpg
[17:31:44] <VanDreadPL> chciałem mu dać XD
[17:34:53] <psoras> VanDreadPL: wczoraj ci izeer mówił, żebyś sprzedał ścianę
[17:35:02] <psoras> musiałem to narysować: http://puu.sh/hBwsm/f7515de6d0.png
[17:35:16] <VanDreadPL> XD
[17:35:24] <VanDreadPL> jeszcze tylko muszę kupić nową pomalowaną :)
[17:36:09] <psoras> na Wolumenie jest wszystko, na pewno znajdziesz
[17:40:57] <VanDreadPL> to że tam kupię wszystko to ja wiem :)
[17:49:51] *** Quits: psoras (~Thunderbi@ali118.neoplus.adsl.tpnet.pl) (Quit: Narazicho!)
[17:52:14] <McKey> VanDreadPL, mam tak od hm.... 3 miechów xD
[18:02:01] *** Joins: Dalir (~DalFon@88-199-132-54.tktelekom.pl)
[18:10:35] *** Joins: NocnyPortier (~Misiek@kiev-s01-i01.cg-dialup.net)
[18:14:14] *** Quits: MisiekShy (~Misiek@bdl121.neoplus.adsl.tpnet.pl) (Ping timeout: 265 seconds)
[18:14:44] *** Joins: Misiek (~Misiek@bdl121.neoplus.adsl.tpnet.pl)
[18:16:40] *** Quits: NocnyPortier (~Misiek@kiev-s01-i01.cg-dialup.net) (Ping timeout: 252 seconds)
[18:32:52] <VoThall> Misiek jestes?
[18:36:04] *** Joins: Koh_fon (~Kingofhil@user-94-254-209-135.play-internet.pl)
[18:51:52] *** Joins: MisiekShy (~Misiek@aanx63.neoplus.adsl.tpnet.pl)
[18:52:14] <Dalir> MisiekShy: jestes?
[18:52:36] <MisiekShy> da
[18:54:39] <Dalir> VoThall:
[18:54:42] <Dalir> Jest
[18:54:52] *** Quits: Misiek (~Misiek@bdl121.neoplus.adsl.tpnet.pl) (Ping timeout: 255 seconds)
[18:54:54] <VoThall> MisiekShy doto?
[18:57:30] <McKey> VoThall, dota jest ujowa :v Lol lepszy
[18:57:37] <McKey> lol lepszy bo mi chodzi a dota nie :v
[18:58:00] <VoThall> ostatnio gram wiecej w lola niz w dote xD
[18:58:06] <VoThall> brakuje mi jednej wygranej
[18:58:09] <McKey> xD
[18:58:09] <VoThall> do streaku 10 win
[18:58:11] <VoThall> :3
[18:58:14] <VoThall> zeby bylo pelne wygranych
[18:58:36] <McKey> i tak Bronz 5 będzie
[18:59:21] <VoThall> nie gram rankedow
[18:59:24] <VoThall> ale z tego co widzialem
[18:59:28] <VoThall> to ze zlota lamia
[18:59:30] <VoThall> i to tak mocno..
[18:59:57] <VoThall> zloto to jest jakies 1,5kmmr w doto xD
[19:00:31] <VoThall> jakbym dostal bronz w lolo
[19:00:35] <VoThall> to bym przestal w to grac xDD
[19:00:42] <VoThall> nawet zloto to troche wstyd
[19:01:10] <Soxis> VoThall: McKey mój kumpel z klasy po 10 wygranych w diamencie 2 był odrazu xD
[19:01:39] <VoThall> no lol to 80% dzieciory
[19:01:48] <VoThall> 0,5% to zawodnicy
[19:02:07] <VoThall> 15% to casuale grajace raz na tydzien
[19:02:18] <VoThall> zostaje nam 4,5% normalnych graczy
[19:04:31] <VoThall> na moje 90~gier w lolu spotkalem z 5 normalnych graczy
[19:04:40] <VoThall> ze mozna bylo zagadac, cos razem akcje zrobic xD
[19:04:51] <VoThall> a tak to 90%
[19:04:54] <VoThall> "report ks"
[19:04:56] <VoThall> xDD
[19:06:30] <Soxis> na NA są fajni ludzie xD
[19:06:34] <Soxis> większość śmieszki
[19:06:36] <Soxis> polecam
[19:07:48] <VoThall> mi to tam wisi jaki team :P bo gram z jedna osoba ciagle
[19:18:12] *** Nighti-afk is now known as Nighti
[19:18:17] <Nighti> jj
[20:07:17] *** Joins: Kingofhills (9fcd603b@gateway/web/freenode/ip.159.205.96.59)
[20:12:43] <misiek200m> Ahoj #PhosiQ!
[20:13:08] <Night_Spark> Hai misiek200m
[20:13:09] <Kingofhills> Joha!
[20:14:58] *** Quits: MisiekShy (~Misiek@aanx63.neoplus.adsl.tpnet.pl) (Quit: Leaving)
[20:19:37] *** Quits: Nighti (53062e2e@gateway/web/freenode/ip.83.6.46.46) (Ping timeout: 246 seconds)
[20:21:32] *** Parts: Kingofhills (9fcd603b@gateway/web/freenode/ip.159.205.96.59) ()
[21:00:26] *** Joins: psoras (~Thunderbi@ali118.neoplus.adsl.tpnet.pl)
[21:03:28] *** Joins: Misiek (~Misiek@user-94-254-133-208.play-internet.pl)
[21:06:57] *** Parts: asie (~asie@asie.pl) ("WeeChat 0.4.2")
[21:12:13] *** Joins: MisiekShy (~Misiek@user-94-254-133-249.play-internet.pl)
[21:14:57] *** Quits: Misiek (~Misiek@user-94-254-133-208.play-internet.pl) (Ping timeout: 240 seconds)
[21:15:27] *** McKey is now known as [A]McKey
[21:20:26] <psoras> witam znowu
[21:20:47] <psoras> https://youtu.be/HXAP4xbPFj0?t=8m56s kurde, stare jak świat, a to jedno dalej mnie śmieszy :P
[21:21:09] <psoras> domowa parodia reklamy śmiejżelków
[21:33:42] *** Joins: izeer (1f305034@gateway/web/freenode/ip.31.48.80.52)
[21:33:46] <izeer> no elo
[21:37:46] <izeer> ale wiater napierdziela tutaj dzisiaj
[21:38:01] <izeer> miesiąc temu też wiało mocno, i jedno skrzydło drzwi szklanych rozpieprzyło
[21:38:06] <izeer> dzisiaj ujebało drugie xDD
[21:38:16] <izeer> tj. w mojej restauracji
[21:38:23] <izeer> jedno skrzydło 4k funtów
[21:38:24] <VoThall> "mojej"
[21:38:26] <VoThall> xDDD
[21:38:27] <izeer> tak bardzo nie mamy na to kasy xD
[21:38:48] <izeer> mojej czyli w tej której pracuje vociu
[21:43:48] <VoThall> no ja nie fiem
[21:43:50] <VoThall> Ty taki bogacz
[21:43:54] <VoThall> to moze juz masz swoja xDD
[21:44:35] <izeer> może w przyszłym roku
[21:44:56] <izeer> VanDreadPL:  psoras  w londynie bedzie festiwal piwa w sierpniu
[21:44:57] <izeer> wpadajcie xD
[21:48:03] <VanDreadPL> izeer:  ja byłem na festiwalu piwa we wrocku i Cię nie było a mam do Ciebie jechać?
[21:48:12] <izeer> tak
[21:53:20] <VanDreadPL> izeer:  jak ci się podoba nowy odtwarzacz na YT?
[21:53:40] <izeer> toż taki sam jest
[21:54:02] <VanDreadPL> izeer:  http://puu.sh/hCnlU/a668b53ab7.jpg
[21:54:05] <VanDreadPL> takli masz?
[21:54:17] <izeer> a to nie mam
[21:54:30] <izeer> do londynu jeszcze nie doleciał internet z updatem
[21:57:10] <VanDreadPL> izeer:  jutro usg
[21:57:19] <VanDreadPL> będzie jasne czy znów będę miał operacje
[21:59:27] <Night_Spark> Tego roku wyjątek, że nie ma w topicu info o wbiciu przeze mnie levela xD ale zasłużyłem sobie, bo prawie z nikim nie rozmawiałem tu :p
[22:00:03] <izeer> a wbiłeś dzisiaj?
[22:00:40] <VanDreadPL> Night_Spark:  no co ty odpierdalasz i się nie chwalisz
[22:00:45] <VanDreadPL> Najlpeszego \
[22:00:53] <VanDreadPL> Dalir:  topic zmień
[22:00:58] <VanDreadPL> jezu ale wstyd mi za was
[22:01:27] <izeer> Night_Spark:  w jakie statystyki rozdajesz statpointy?
[22:01:31] <Night_Spark> Dzięki xD
[22:01:37] <Soxis> Night_Spark: NAJLEPSZEGOOO
[22:02:16] <Night_Spark> izeer: w znoszenie z pokorą dolegliwości starczycg
[22:02:27] <Night_Spark> *starczych
[22:02:58] *** Dalir changes topic to '100latek Night_Spark || http://dai.ly/x2nz8g2 [S05E05 - PL|Mystheria] || Kółko wzajemnej adoracji pod patronatem: Torrerystów, Szczytowych marchewek, Mjudu na literach, Skrzydlatych uszu, Ujemnych włosów, Człowieka Pręta, Barwnych Inaczej, Człowieka z Nogami, Lęku przed Matematyką oraz Szukających Szczęścia Wzrokiem || http://ujeb.se/MHyKB | http://stats.200m.pl || CAH http:'
[22:03:06] <Dalir> No ichuj xD
[22:03:18] <VanDreadPL> i chuj masz racje
[22:03:20] <VanDreadPL> damy radę
[22:03:23] <VanDreadPL> wywal link do odc
[22:03:39] *** Dalir changes topic to '100latek Night_Spark || http://dai.ly/x2nz8g2 [S05E05 - PL|Mystheria] || Kółko wzajemnej adoracji pod patronatem: Torrerystów, Szczytowych marchewek, Mjudu na literach, Skrzydlatych uszu, Ujemnych włosów, Człowieka Pręta, Barwnych Inaczej, Człowieka z Nogami, Lęku przed Matematyką oraz Szukających Szczęścia Wzrokiem || http://ujeb.se/MHyKB | http://stats.200m.pl ||'
[22:03:45] <VanDreadPL> i tak nikt nie ogląda tych pedalskich krówek
[22:03:48] <Night_Spark> A moja kompresja? xD
[22:05:54] <psoras> http://img3.demotywatoryfb.pl//uploads/201505/1430824141_rbpfup.jpg :>
[22:06:18] <VanDreadPL> Night_Spark:  żadnych kompresji
[22:06:56] <Night_Spark> tylko hardkor...!
[22:07:28] <Dalir> Dobranoc wam
[22:07:31] *** Quits: Dalir (~DalFon@88-199-132-54.tktelekom.pl) (Quit: Bye)
[22:07:46] <VanDreadPL> tak
[22:08:17] <VanDreadPL> Night_Spark:  http://img.sadistic.pl/pics/0068efc1416d.jpg
[22:08:39] <Night_Spark> XD
[22:09:51] <VanDreadPL> yeya https://derpicdn.net/img/view/2015/5/4/889314__safe_rainbow+dash_pinkie+pie_animated_screencap_scootaloo_looking+at+you_cheerilee_jumping_g3-dot-5.gif
[22:11:39] <psoras> VanDreadPL: za G3,5 masz plusa
[22:12:14] <VanDreadPL> mam jeszcze filmik o pewnym grafiku :D
[22:12:19] <VanDreadPL> też jest g3.5
[22:12:23] <VanDreadPL> izeer:  masz gdzieś link?
[22:12:53] <psoras> VanDreadPL: znam :P
[22:14:04] *** Quits: izeer (1f305034@gateway/web/freenode/ip.31.48.80.52) (Ping timeout: 246 seconds)
[22:16:08] * Night_Spark wtula Soxis owi
[22:16:15] <Soxis> xD
[22:26:01] *** Joins: izeer (1f305034@gateway/web/freenode/ip.31.48.80.52)
[22:36:09] <izeer> .
[22:37:00] <Soxis> '
[22:37:02] <Soxis> siema izeer
[22:40:54] <Soxis> https://fbcdn-sphotos-f-a.akamaihd.net/hphotos-ak-xaf1/v/t1.0-9/p526x296/11164699_630345970449937_7582193586100437206_n.jpg?oh=7a17d1a58c428804b3d841ddf5b5c15b&oe=55E34C50&__gda__=1438721719_e7439c5a9191ad963d772ab3ef5dad39
[22:41:04] <Soxis> ide
[22:41:05] <Soxis> nQ
[22:41:20] *** Quits: Soxis (~chatzilla@86-63-85-25.sta.asta-net.com.pl) (Remote host closed the connection)
[22:44:24] *** Joins: Nighti (53062e2e@gateway/web/freenode/ip.83.6.46.46)
[22:44:36] <Nighti> cos mi się irc zawiesza :C
[22:46:48] <VanDreadPL> napraw
[22:47:09] <VoThall> VanDreadPL lel
[22:47:13] <VoThall> wlasnie zrobilem The Big One
[22:47:25] <VanDreadPL> No i?
[22:47:27] <VoThall> i w sumie nie uzylem zadnego czlonka ekipy starego xD
[22:47:33] <VoThall> ktorego wczesniej uzywalem
[22:47:36] <VoThall> xDD
[22:47:55] <VanDreadPL> i ile % oddałeś innym
[22:48:01] *** Joins: izeer_ (1f305034@gateway/web/freenode/ip.31.48.80.52)
[22:48:07] <izeer_> a mi własnie jeden piksel umar
[22:48:20] <VoThall> kierowca 5 i 6, strzelcy tez cos kolo tego, kazda postac dostanie po 40mln okolo :P
[22:48:43] *** Quits: izeer (1f305034@gateway/web/freenode/ip.31.48.80.52) (Ping timeout: 246 seconds)
[22:55:32] <VanDreadPL> :P
[22:56:04] <VanDreadPL> VoThall:  ile masz kawałków listu?
[22:56:14] <VoThall> co? ;-;
[22:56:24] <VanDreadPL> no w gta
[22:56:30] <VanDreadPL> ile zebrałeś kawałków listu?
[22:56:43] <VanDreadPL> i ile kawałków statku :)
[22:57:17] <VoThall> listu? XD
[22:57:30] <VoThall> nie robilem pobocznych bo jeszcze nie przeszedlem calej fabuly
[22:57:34] <VoThall> a w zbieranie nigdy sie nie bawilem
[22:57:37] <VoThall> w zadnej grze
[22:57:43] <VoThall> i tutaj raczej tez to oleje :P
[22:57:51] <VoThall> moze jak raz na jakis czas zagram singla to cos zrobie
[22:58:47] <VanDreadPL> są dodatkowe misje po zebarniu
[22:58:54] <VanDreadPL> ehhh ci pcetowcy
[22:58:58] <VanDreadPL> zero ambicji XD
[22:59:10] <VoThall> po prostu
[22:59:11] <VanDreadPL> gra daje w chuj opcji
[22:59:14] <VoThall> mamyz a duzo gier
[22:59:18] <VoThall> zeby sie bawic w dodatkowe rzeczy
[22:59:21] <VoThall> wy macie po 5 gier na konsole
[22:59:24] <VoThall> to je wyciskacie xD
[22:59:29] <VanDreadPL> powiedz chociaż że trevor ma dziewczyne XD
[22:59:38] <VoThall> nie
[22:59:40] <VoThall> przeszedlem
[22:59:41] <VoThall> fabuly
[22:59:43] <VanDreadPL> ja pierdole XD
[22:59:44] <VoThall> calej
[22:59:47] <VoThall> jeszcze
[22:59:52] <VoThall> sluchasz mnie?
[23:00:00] <VanDreadPL> do tego nie trzeba przechodzić fabuły XD
[23:00:04] <izeer_> nie posikajcie sie xDDDD
[23:00:10] <VoThall> nooo ii?....
[23:00:10] *** izeer_ is now known as izeer
[23:00:12] <izeer> beka z was
[23:00:21] <VoThall> jezu gram sobie jak chce ;-;
[23:00:24] <VanDreadPL> izeer:  wal się XD\
[23:00:26] <VoThall> to ze masz 5 gier
[23:00:28] <VoThall> i nie masz w co grac xD
[23:00:31] <VoThall> to nie moja wina
[23:00:38] <VoThall> ja wole sobie walnac mecz w jakas gre
[23:00:47] <VoThall> niz zbierac 2 godziny fragmenty statku
[23:00:49] <VoThall> ;-;
[23:01:16] <VanDreadPL> a ja lubie ciekawostki :)
[23:01:30] <VoThall> no ja nigdy nie bawilem sie w zbieractwo w grach
[23:01:33] <VoThall> ciekawostki jak najbardziej
[23:01:45] <VoThall> ale nie w stylu zbierz 100 piorek jak w assasins creed
[23:01:50] <VoThall> dla mnie to jest chore
[23:01:56] <VoThall> albo zbieranie figurek w far cry
[23:01:59] <VoThall> albo cokolwiek
[23:02:05] <VoThall> jakiekolwiek zbieranie xD
[23:02:11] <izeer> mnie tez zbieranie nie kreciło nigdy
[23:02:13] <VoThall> nienawidze tego :D
[23:02:27] <izeer> no ale jak ktoś nie ma co robić, to droga wolna
[23:04:02] <VoThall> rozjebalo mnie jak wlaczylem AC Unity
[23:04:02] <VanDreadPL> Ja tam lubię zbierać
[23:04:07] <VoThall> 90% mapy nakurwione znajdzkami
[23:04:11] <VoThall> ja pierdole
[23:04:21] <VanDreadPL> co prawda aktualnie nie mam za dużo bo po po co :P
[23:04:25] <VoThall> wyjebalem to po parunastu misjach xD
[23:05:24] <Nighti> ja unity w zeszłym roku odpalałem ostatnio xDD
[23:05:35] <VoThall> bardziej mnie ciekawia teorie z UFO w gta
[23:05:35] <VanDreadPL> VoThall:  ale taki przykład :) przez robienie pobocznych możesz poszukać sobie ludzi do akcji :)
[23:05:37] <VoThall> xD
[23:05:48] <VoThall> VanDreadPL poboczne jak najbardziej
[23:05:59] <VanDreadPL> VoThall:  no to odszukaj sobie 50 fragmentów statku :)
[23:06:10] <VoThall> ale co ty porownujesz
[23:06:13] <VoThall> pls
[23:06:15] <VoThall> misja poboczna
[23:06:22] <VoThall> a misja znajdz 5000 elementow
[23:06:25] <VoThall> to jest co innego
[23:06:45] <VoThall> misja poboczna to np zabojstwa lestera
[23:06:56] <VanDreadPL> VoThall:  tylko mi połowa takich misji odpaliła jak czegoś szukałem
[23:07:06] <VanDreadPL> VoThall:  no to nie w gta
[23:07:11] <VanDreadPL> znaczy też XD
[23:07:29] <VanDreadPL> ale często jest tak że w danym o konkretnej godzinie uruchamia się jakaś akcja
[23:07:39] <VanDreadPL> to napad na bank na jakiejś wsi
[23:07:59] <VanDreadPL> to autostradą zobaczysz rozbity samochód
[23:08:45] <VoThall> no tak
[23:08:50] <VoThall> to sa takie mikro misje poboczne
[23:08:56] <VoThall> i to tez jest fajne
[23:08:59] <VoThall> i takich troche wykonalem
[23:09:04] <VoThall> np zdobylem najlepszego kierowce :P
[23:09:32] <VoThall> misje poboczne lubie
[23:09:44] <VoThall> dopoki nie oznaczaja ze monotonnie musze robic cos wiecej niz 30min
[23:09:46] <VoThall> 20
[23:10:20] <VanDreadPL> VoThall:  ale samo zbieranie listów czy czegoś to no większość spotkałem przypadkiem
[23:10:32] <VanDreadPL> dopiero ostatnich 10 szukałem za pomocą intenretu :P
[23:10:40] <VoThall> no fragmentu statku nie da sie znalezc przypadkiem
[23:10:51] <VoThall> a listy to nawet nie wiem o co chodzi
[23:10:54] <VoThall> nie mam tej misji
[23:10:56] <VoThall> lel
[23:11:03] <VoThall> a wszystko robie poki co
[23:11:18] <VanDreadPL> listy to ciekawa opcja która jest oparta o prawdziwej historii z ussa
[23:11:20] <VanDreadPL> usa
[23:11:33] <VanDreadPL> mianowicie jest wzgórze gdzie pojawia się duch
[23:11:39] <VoThall> ano jest
[23:12:02] <VanDreadPL> i te fragmenty list zabójcy
[23:12:17] <VoThall> z/w ide sobie jebnac herbatke
[23:12:56] <VanDreadPL> ogólnie okazuje się że typ jest pojebany dodatkowo kogoś spoktał wypompował krew z ofiary pociął a potem przyszył wszystko na odwrót.
[23:13:21] <VanDreadPL> Po zebraniu odpala się misja dla franklina
[23:13:31] <VanDreadPL> by go zajebał za swe grzechy
[23:13:59] <VanDreadPL> franklin do niego idzie a typ do niego że on jest artystą i może mu laskę obciągnąć ale żeby szybko bo zaraz ma spotkanie
[23:14:24] *** Joins: izeer_ (1f305034@gateway/web/freenode/ip.31.48.80.52)
[23:15:19] *** Quits: izeer (1f305034@gateway/web/freenode/ip.31.48.80.52) (Ping timeout: 246 seconds)
[23:21:55] <VoThall> jestem
[23:22:29] <VoThall> VanDreadPL XD
[23:25:25] <VanDreadPL> VoThall:  nie wiem czy to true ale podobno project cars ma być w 60fps na konsole
[23:25:54] <VanDreadPL> ale już wiem że nie można malować samochodu jak się chce XD
[23:26:00] <VanDreadPL> pierdolę tą gre nie kupię
[23:26:05] <VanDreadPL> czekam na Forze 6
[23:26:25] <izeer_> VoThall:  wiesiek 19 maja wychodzi
[23:26:38] <izeer_> pinionzki nasmarowane?
[23:26:43] *** izeer_ is now known as izeer
[23:27:03] <izeer> kolekcjonerka tylko 350 zł hehe
[23:27:09] <VanDreadPL> izeer:
[23:27:16] <VanDreadPL> Mindless Self Indulgence album IF
[23:27:17] <izeer> ja komp dopiero w przyszłym miechu ;_;
[23:27:24] <VanDreadPL> sprawdziłbyś czy w UK jest wersja CD?
[23:28:01] <VanDreadPL> izeer:  o ło takie coś :) https://www.youtube.com/watch?v=4UFqIucFW0Q
[23:28:14] <izeer> VanDreadPL:  http://www.ebay.co.uk/itm/Mindless-Self-Indulgence-If-CD-2008-/291324289285?pt=LH_DefaultDomain_3&hash=item43d447e105
[23:28:54] <izeer> http://www.ebay.co.uk/itm/Mindless-Self-Indulgence-IF-CD-ALBUM-NEW-MINT-23RD-FEB-/301521599237?pt=LH_DefaultDomain_3&hash=item4634167b05 te dokładniej
[23:28:56] <izeer> tamto uzywane
[23:29:00] <izeer> ja nie kupuje uzywanych
[23:30:06] <VanDreadPL> muszę sobie nabyć
[23:30:11] <VanDreadPL> podoba mi się :)
[23:32:52] <VanDreadPL> Dobre na trasy :D
[23:34:40] <VanDreadPL> https://scontent-fra.xx.fbcdn.net/hphotos-xpf1/v/t1.0-9/11011936_359024514308596_5945793493597280085_n.jpg?oh=95e107d6a72aa3fb9d06203390dfdaaa&oe=55C13E18
[23:34:43] <VanDreadPL> raczej na dole
[23:34:54] <VanDreadPL> bo debil
[23:35:01] <izeer> VanDreadPL:  kup sobie My chemical romance Danger Days
[23:35:06] <VanDreadPL> policjant tylko pomógł w selekcji naturalnej
[23:36:30] <izeer> o, znalazłem jakiś sklep z dobrym piwem
[23:36:36] <izeer> jakies 15 minut metrem
[23:37:18] <VanDreadPL> Planetary zajebiste jest :D
[23:41:37] <VanDreadPL> dobra uciekam
[23:41:41] <VanDreadPL> dobrej nocy :)
[23:42:04] <izeer> bajo
[23:43:29] *** Quits: VanDreadPL (~Thunderbi@89-73-60-176.dynamic.chello.pl) (Quit: Najważniejsze w życiu to mieć się z kim napić :))
[23:52:36] *** Quits: Koh_fon (~Kingofhil@user-94-254-209-135.play-internet.pl) (Ping timeout: 240 seconds)
[23:54:44] <psoras> też dobranoc
[23:54:51] *** Quits: psoras (~Thunderbi@ali118.neoplus.adsl.tpnet.pl) (Quit: Narazicho!)
