[00:01:10] *** Joins: Zuzu (zuzu@is.robo.licious)
[00:11:37] *** afkshi is now known as Fluttershi
[00:17:49] *** Joins: Pony_46800 (PinkieP@Pony-barhk1.ca.comcast.net)
[00:23:03] *** Pony_46800 is now known as RedHelper
[00:27:10] *** Quits: Zuzu (zuzu@is.robo.licious) (Ping timeout: 121 seconds)
[00:28:10] *** Joins: Zuzu (zuzu@is.robo.licious)
[00:34:30] *** Quits: Alcoholicorn (Alcoholicor@Pony-55oq0s.pool.hargray.net) (Ping timeout: 121 seconds)
[00:50:20] *** Joins: Toothpaste (uid63062@Pony-f8galh.hqe2.tdoh.8300.2604.IP)
[00:50:25] *** Quits: Zuzu (zuzu@is.robo.licious) (Ping timeout: 121 seconds)
[00:57:22] *** Joins: Zuzu (zuzu@is.robo.licious)
[01:09:28] *** Joins: Alcoholicorn (Alcoholicor@Pony-55oq0s.pool.hargray.net)
[01:15:10] *** Quits: Zuzu (zuzu@is.robo.licious) (Ping timeout: 121 seconds)
[01:16:26] *** Joins: Zuzu (zuzu@Pony-m4l35r.eastlink.ca)
[01:40:22] *** Quits: Zuzu (zuzu@is.robo.licious) (Ping timeout: 121 seconds)
[01:46:57] *** Joins: Zuzu (zuzu@Pony-m4l35r.eastlink.ca)
[01:47:05] *** Joins: FEDsquared (FEDsquared@Pony-m0b820.res.rr.com)
[01:58:35] *** FEDsquared is now known as Optic_Trick
[02:10:48] *** Quits: Zuzu (zuzu@is.robo.licious) (Ping timeout: 121 seconds)
[02:12:17] *** Joins: Zuzu (zuzu@is.robo.licious)
[02:41:05] *** Quits: Zuzu (zuzu@is.robo.licious) (Ping timeout: 121 seconds)
[02:42:12] *** Joins: Zuzu (zuzu@is.robo.licious)
[03:02:00] *** Quits: Zuzu (zuzu@is.robo.licious) (Ping timeout: 121 seconds)
[03:03:31] *** Joins: Zuzu (zuzu@is.robo.licious)
[03:14:46] *** Toothpaste is now known as Toothie
[03:25:59] *** Joins: Mike_Coltfield (textual@colt.in.the.rain)
[03:25:59] *** Celestia sets mode: +o Mike_Coltfield
[03:35:26] *** Quits: Toothie (uid63062@Pony-f8galh.hqe2.tdoh.8300.2604.IP) (Quit: I luv u 2)
[03:38:35] *** Parts: Optic_Trick (FEDsquared@Pony-m0b820.res.rr.com) ("")
[03:39:34] *** Joins: Pony_8 (~Pony_8@Pony-h04an2.res.bhn.net)
[03:40:09] *** Quits: Pony_8 (~Pony_8@Pony-h04an2.res.bhn.net) (Quit: Page closed)
[03:48:38] *** LightningCrash is now known as Cloud_Kicker
[03:48:44] *** Joins: LightningCrash (lightning@property.of.moonlightning)
[03:48:53] *** Cloud_Kicker is now known as ThunderStorm
[03:53:09] *** Quits: Zuzu (zuzu@is.robo.licious) (Ping timeout: 121 seconds)
[03:55:04] *** Joins: Zuzu (zuzu@is.robo.licious)
[04:27:09] *** Quits: Zuzu (zuzu@is.robo.licious) (Ping timeout: 121 seconds)
[04:28:13] *** Joins: Zuzu (zuzu@is.robo.licious)
[04:30:35] *** ama|work is now known as ama
[04:31:35] *** ama is now known as Smooze
[04:31:42] *** Smooze is now known as ama
[04:32:05] *** ama is now known as Thrakerzod
[04:32:12] *** Thrakerzod is now known as MineTurtle
[04:32:21] *** MineTurtle is now known as ama
[04:35:45] *** Quits: Alcoholicorn (Alcoholicor@Pony-55oq0s.pool.hargray.net) (Connection closed)
[04:46:07] *** Quits: Zuzu (zuzu@is.robo.licious) (Ping timeout: 121 seconds)
[05:13:49] *** Joins: Zuzu (zuzu@is.robo.licious)
[05:37:59] *** Quits: Zuzu (zuzu@is.robo.licious) (Ping timeout: 121 seconds)
[05:38:53] *** Joins: Zuzu (zuzu@Pony-m4l35r.eastlink.ca)
[05:44:23] *** Ashley is now known as Hinata
[05:48:46] *** Quits: Zuzu (zuzu@is.robo.licious) (Ping timeout: 121 seconds)
[05:50:03] *** Joins: Zuzu (zuzu@is.robo.licious)
[06:08:24] *** Joins: Compu_ (quassel@snuggly.filly)
[06:11:04] *** Quits: CompuDesktop (quassel@snuggly.filly) (Ping timeout: 121 seconds)
[06:11:38] *** Compu_ is now known as CompuDesktop
[06:11:41] *** Quits: CompuDesktop (quassel@snuggly.filly) (Quit: http://quassel-irc.org - Chat comfortably. Anywhere.)
[06:12:14] *** Joins: CompuDesktop (quassel@snuggly.filly)
[06:13:34] *** Hinata is now known as Ashley
[06:31:23] *** Fluttershi is now known as afkshi
[06:45:30] *** vampa is now known as hoofy
[06:57:31] *** RedHelper is now known as Creeps|AFK
[07:02:39] *** Quits: Zuzu (zuzu@is.robo.licious) (Ping timeout: 121 seconds)
[07:04:05] *** Joins: Zuzu (zuzu@Pony-m4l35r.eastlink.ca)
[07:28:07] *** Quits: Zuzu (zuzu@is.robo.licious) (Ping timeout: 121 seconds)
[07:29:17] *** Joins: Zuzu (zuzu@is.robo.licious)
[08:35:46] *** Quits: Ashley (Ashfire@Ashfire.bronytv.net) (Ping timeout: 121 seconds)
[08:42:38] *** Joins: Ashfire (Ashfire@Ashfire.bronytv.net)
[08:43:15] *** Ashfire is now known as Ashley
[08:47:47] *** Quits: Ashley (Ashfire@Ashfire.bronytv.net) (Ping timeout: 121 seconds)
[08:52:51] *** hoofy is now known as Yegg
[09:00:36] *** Joins: Ashfire (Ashfire@Ashfire.bronytv.net)
[09:00:42] *** ama is now known as ama|sleep
[09:34:03] *** Joins: Personifire (Tilde@Pony-dhoke2.dorm.utexas.edu)
[09:36:51] *** Quits: Persona (Tilde@Pony-dhoke2.dorm.utexas.edu) (Ping timeout: 121 seconds)
[10:33:07] *** Yegg is now known as pikachu
[10:33:29] *** pikachu is now known as hoofy
[10:35:23] *** Quits: hoofy (Hoofy@Pony-fc3h53.bcvloh.sbcglobal.net) (Quit: Page closed)
[10:58:57] *** Quits: Zuzu (zuzu@is.robo.licious) (Ping timeout: 121 seconds)
[11:00:00] *** Joins: Zuzu (zuzu@is.robo.licious)
[12:11:44] *** Q0 is now known as Q0|Away
[12:18:35] *** Quits: Zuzu (zuzu@is.robo.licious) (Ping timeout: 121 seconds)
[12:19:42] *** Joins: Zuzu (zuzu@is.robo.licious)
[12:43:57] *** Quits: Zuzu (zuzu@is.robo.licious) (Ping timeout: 121 seconds)
[12:50:00] *** Joins: Zuzu (zuzu@is.robo.licious)
[13:10:02] *** Quits: Zuzu (zuzu@is.robo.licious) (Ping timeout: 121 seconds)
[13:11:24] *** Joins: Zuzu (zuzu@is.robo.licious)
[13:35:34] *** Quits: Zuzu (zuzu@is.robo.licious) (Ping timeout: 121 seconds)
[13:36:53] *** Joins: Zuzu (zuzu@Pony-m4l35r.eastlink.ca)
[13:43:02] *** Quits: Zuzu (zuzu@is.robo.licious) (Ping timeout: 121 seconds)
[13:44:20] *** Joins: Zuzu (zuzu@is.robo.licious)
[14:04:32] *** Quits: Zuzu (zuzu@is.robo.licious) (Ping timeout: 121 seconds)
[14:05:39] *** Joins: Zuzu (zuzu@Pony-m4l35r.eastlink.ca)
[14:33:40] *** Quits: Zuzu (zuzu@is.robo.licious) (Ping timeout: 121 seconds)
[14:34:44] *** Joins: Zuzu (zuzu@is.robo.licious)
[15:02:01] *** [A]McKey is now known as McKey
[15:25:01] *** Quits: Zuzu (zuzu@is.robo.licious) (Ping timeout: 121 seconds)
[15:26:26] *** Joins: Zuzu (zuzu@Pony-m4l35r.eastlink.ca)
[15:54:38] *** Quits: Zuzu (zuzu@is.robo.licious) (Ping timeout: 121 seconds)
[15:55:36] *** Joins: Zuzu (zuzu@is.robo.licious)
[16:04:13] *** Joins: Hoofy (~Hoofy@Pony-fc3h53.bcvloh.sbcglobal.net)
[16:10:16] *** Quits: LightningCrash (lightning@property.of.moonlightning) (Quit: *poof*)
[16:19:35] *** Quits: Zuzu (zuzu@is.robo.licious) (Ping timeout: 121 seconds)
[16:20:43] *** Joins: Zuzu (zuzu@Pony-m4l35r.eastlink.ca)
[16:40:47] *** Quits: Zuzu (zuzu@is.robo.licious) (Ping timeout: 121 seconds)
[16:41:51] *** Joins: Zuzu (zuzu@is.robo.licious)
[17:11:59] *** Quits: Zuzu (zuzu@is.robo.licious) (Ping timeout: 121 seconds)
[17:13:00] *** Joins: Zuzu (zuzu@is.robo.licious)
[17:30:00] *** Joins: MidniteDew (user@Pony-53i2n1.dyn.nltelcom.net)
[17:34:13] *** ama|sleep is now known as ama|work
[18:01:12] *** Quits: Zuzu (zuzu@is.robo.licious) (Ping timeout: 121 seconds)
[18:16:25] *** Gigabit is now known as Giganoms
[18:37:22] *** afkshi is now known as Fluttershi
[19:48:36] *** Giganoms is now known as Gigabit
[19:51:05] *** Joins: Zuzu (zuzu@is.robo.licious)
[20:20:54] *** Joins: Toothie (uid63062@Pony-tbaiid.charlton.irccloud.com)
[20:43:06] *** Toothie is now known as Toothie|Skoolz
[20:46:38] *** Sleepykitty is now known as Unixkitty
[22:28:16] *** Quits: Zuzu (zuzu@is.robo.licious) (Ping timeout: 121 seconds)
[22:28:40] *** McKey is now known as [A]McKey
[22:29:44] *** Joins: Zuzu (zuzu@Pony-m4l35r.eastlink.ca)
[23:01:57] *** Quits: wolfyshy (woof@fluttering.shyly.through.the.forest) (A TLS packet with unexpected length was received.)
[23:02:14] *** Joins: wolfyshy (woof@fluttering.shyly.through.the.forest)
[23:13:36] *** Quits: Toothie|Skoolz (uid63062@Pony-tbaiid.charlton.irccloud.com) (Quit: Connection closed for inactivity)
[23:20:44] *** Quits: Zuzu (zuzu@is.robo.licious) (Ping timeout: 121 seconds)
[23:21:40] *** Unixkitty is now known as Unikitty|Away
[23:22:10] *** Joins: Zuzu (zuzu@Pony-m4l35r.eastlink.ca)
[23:46:08] *** Joins: LightningCrash (lightning@property.of.moonlightning)
[23:56:21] *** Joins: Alcoholicorn (Alcoholicor@Pony-55oq0s.pool.hargray.net)
