[00:06:44] *** worthless is now known as Gigabit
[00:30:41] *** Invert_Shade is now known as Toothpaste|Distracted
[00:38:59] *** Hoofy is now known as vampa
[00:50:35] *** vampa is now known as Hoofy
[01:26:39] *** Joins: Pony_9 (Pony_9@Pony-56tu3b.res.bhn.net)
[01:37:39] *** Quits: Zuzu (zuzu@is.robo.licious) (Ping timeout: 121 seconds)
[01:38:44] *** Joins: Zuzu (zuzu@Pony-m4l35r.eastlink.ca)
[01:39:35] *** Joins: Persona (Tilde@Pony-m3ct4o.public.utexas.edu)
[01:52:01] *** Quits: Persona (Tilde@Pony-m3ct4o.public.utexas.edu) (Ping timeout: 121 seconds)
[01:59:51] *** Toothpaste|Distracted is now known as Toothie
[02:00:01] *** Toothie is now known as Toothpaste
[02:07:16] *** Joins: lablayers (uid55894@Pony-s37kec.charlton.irccloud.com)
[02:08:55] *** Joins: Persona (Tilde@Pony-3h04co.public.utexas.edu)
[02:10:59] *** Joins: Personifire (Tilde@Pony-dhoke2.dorm.utexas.edu)
[02:13:47] *** Quits: Persona (Tilde@Pony-3h04co.public.utexas.edu) (Ping timeout: 121 seconds)
[02:18:12] *** Quits: Pony_9 (Pony_9@Pony-56tu3b.res.bhn.net) (Quit: Page closed)
[02:43:12] *** Hoofy is now known as vampa
[02:46:01] *** Quits: lablayers (uid55894@Pony-s37kec.charlton.irccloud.com) (Quit: )
[02:47:09] *** Quits: Toothpaste (uid63062@Pony-tbaiid.charlton.irccloud.com) (Quit: "Friendship ain't magic; it's a miracle." -ClaviSound)
[02:47:46] *** Joins: Pony_1 (Pony_1@Pony-56tu3b.res.bhn.net)
[03:00:11] *** GeekBrony is now known as GeekBrony|Away
[03:00:26] *** GeekBrony|Away is now known as GeekBrony
[03:00:27] *** Quits: Pony_1 (Pony_1@Pony-56tu3b.res.bhn.net) (Quit: Page closed)
[03:00:33] *** Quits: Zuzu (zuzu@is.robo.licious) (Ping timeout: 121 seconds)
[03:01:41] *** Joins: Zuzu (zuzu@Pony-m4l35r.eastlink.ca)
[03:36:54] *** vampa is now known as hoofy
[03:47:19] *** Quits: LightningCrash (lightning@property.of.moonlightning) (Quit: *poof*)
[04:02:15] *** Quits: Zuzu (zuzu@is.robo.licious) (Ping timeout: 121 seconds)
[04:15:28] *** Joins: Zuzu (zuzu@is.robo.licious)
[05:11:49] *** Quits: Zuzu (zuzu@is.robo.licious) (Ping timeout: 121 seconds)
[05:13:13] *** Joins: Zuzu (zuzu@is.robo.licious)
[05:37:37] *** Quits: Zuzu (zuzu@is.robo.licious) (Ping timeout: 121 seconds)
[05:39:19] *** Joins: Zuzu (zuzu@Pony-m4l35r.eastlink.ca)
[05:42:37] *** Quits: HomerBouvier (HomerB@is.best.sea.poni) (Connection closed)
[05:48:31] *** Quits: Alcoholicorn|2 (Alcoholicor@Pony-55oq0s.pool.hargray.net) (Ping timeout: 121 seconds)
[05:53:19] *** Quits: Zuzu (zuzu@is.robo.licious) (Ping timeout: 121 seconds)
[05:58:59] *** Joins: Zuzu (zuzu@is.robo.licious)
[07:29:17] *** Quits: Phase4 (Phase4@Pony-lu48ce.lnk.telstra.net) (Ping timeout: 121 seconds)
[07:50:07] *** Quits: HomerMobile (HomerB@is.best.sea.poni) (Connection closed)
[07:50:19] *** Joins: HomerMobile (HomerB@is.best.sea.poni)
[08:39:16] *** Joins: Phase4 (Phase4@Pony-arvig7.internode.on.net)
[08:57:44] *** Quits: HomerMobile (HomerB@is.best.sea.poni) (Connection closed)
[08:58:35] *** Joins: HomerMobile (HomerB@is.best.sea.poni)
[09:16:16] *** Quits: Zuzu (zuzu@is.robo.licious) (Ping timeout: 121 seconds)
[09:17:36] *** Joins: Zuzu (zuzu@Pony-m4l35r.eastlink.ca)
[09:23:38] *** Joins: Lunia (ellen@ChumPony.Enterprises)
[09:38:44] *** Quits: Xena (liska@yolo-swag.com) (Ping timeout: 121 seconds)
[09:53:12] *** Joins: Xena (liska@yolo-swag.com)
[10:10:00] *** Quits: Zuzu (zuzu@is.robo.licious) (Ping timeout: 121 seconds)
[10:11:13] *** Joins: Zuzu (zuzu@is.robo.licious)
[10:19:22] *** Joins: Alcoholicorn (Alcoholicor@Pony-55oq0s.pool.hargray.net)
[10:37:26] *** Quits: Zuzu (zuzu@is.robo.licious) (Ping timeout: 121 seconds)
[10:38:42] *** Joins: Zuzu (zuzu@Pony-m4l35r.eastlink.ca)
[10:45:48] *** Lunia is now known as Lunia_the_Horrible
[10:48:44] *** Quits: miggyb (miggyb@horsetornado.co.uk) (Ping timeout: 121 seconds)
[10:54:39] *** Joins: Pi (Pi@Pony-ahd.b3q.94.119.IP)
[10:54:55] *** Joins: miggyb (miggyb@Pony-ko7510.compute.amazonaws.com)
[11:04:50] *** Quits: Zuzu (zuzu@is.robo.licious) (Ping timeout: 121 seconds)
[11:05:47] *** Joins: Zuzu (zuzu@Pony-m4l35r.eastlink.ca)
[11:20:56] *** Q0 is now known as Q0|Away
[11:44:06] *** Quits: Pi (Pi@Pony-ahd.b3q.94.119.IP) (Quit: Lend us 10p for a cuppa tea?)
[11:50:26] *** Joins: Pi (pi@Pony-ahd.b3q.94.119.IP)
[13:59:17] *** Quits: Zuzu (zuzu@is.robo.licious) (Ping timeout: 121 seconds)
[14:02:34] *** Joins: Zuzu (zuzu@Pony-m4l35r.eastlink.ca)
[14:28:00] *** Quits: johnsey (johnsey@netadmin.canternet.org) (daring.canternet.org cloudchaser.canternet.org)
[14:28:00] *** Quits: Alcoholicorn (Alcoholicor@Pony-55oq0s.pool.hargray.net) (daring.canternet.org cloudchaser.canternet.org)
[14:28:00] *** Quits: Finwe (vhalkola@Pony-bs4ovt.org.aalto.fi) (daring.canternet.org cloudchaser.canternet.org)
[14:28:00] *** Quits: hoofy (~Hoofy@Pony-fc3h53.bcvloh.sbcglobal.net) (daring.canternet.org cloudchaser.canternet.org)
[14:28:00] *** Quits: Phase4 (Phase4@Pony-arvig7.internode.on.net) (daring.canternet.org cloudchaser.canternet.org)
[14:28:00] *** Quits: Starthunder (blackl@property.of.lightningcrash) (daring.canternet.org cloudchaser.canternet.org)
[14:28:00] *** Quits: Endien (endien@Endien) (daring.canternet.org cloudchaser.canternet.org)
[14:28:00] *** Quits: PeakVolume (k9ldt@Pony-tqvh62.fios.verizon.net) (daring.canternet.org cloudchaser.canternet.org)
[14:28:00] *** Quits: PonyToast (Toast@The.Original.Pyro.Pony) (daring.canternet.org cloudchaser.canternet.org)
[14:28:00] *** Quits: Twili (Twili@Twilights.Study) (daring.canternet.org cloudchaser.canternet.org)
[14:28:00] *** Quits: Pi (pi@Pony-ahd.b3q.94.119.IP) (daring.canternet.org cloudchaser.canternet.org)
[14:28:00] *** Quits: Fusl (Fusl@1.0.0.127.in-addr.arpa.li) (daring.canternet.org cloudchaser.canternet.org)
[14:28:00] *** Quits: ColtonDRG (coltondrg@Pony-ov347r.hlrn.qwest.net) (daring.canternet.org cloudchaser.canternet.org)
[14:28:00] *** Quits: Rylee (rylai@within.a.hail.of.gemstones) (daring.canternet.org cloudchaser.canternet.org)
[14:28:00] *** Quits: Labrat_ (jared@tacoshy.is.best.pony) (daring.canternet.org cloudchaser.canternet.org)
[14:28:00] *** Quits: Googie (Googol@gnaws.on.keratin.and.ears) (daring.canternet.org cloudchaser.canternet.org)
[14:28:00] *** Quits: bikey (repair@s.no.bike) (daring.canternet.org cloudchaser.canternet.org)
[14:28:00] *** Quits: miggyb (miggyb@horsetornado.co.uk) (daring.canternet.org cloudchaser.canternet.org)
[14:28:00] *** Quits: Electron (quassel@Pony-agnu6g.com) (daring.canternet.org cloudchaser.canternet.org)
[14:28:00] *** Quits: Colgate (rabbit@brushie.horse) (daring.canternet.org cloudchaser.canternet.org)
[14:28:00] *** Quits: enginemaniac (flail@flail.flail.flail) (daring.canternet.org cloudchaser.canternet.org)
[14:28:00] *** Quits: Personifire (Tilde@Pony-dhoke2.dorm.utexas.edu) (daring.canternet.org cloudchaser.canternet.org)
[14:28:00] *** Quits: Red_M (potato@Pony-4pa04c.red-m.net) (daring.canternet.org cloudchaser.canternet.org)
[14:28:00] *** Quits: GeekBrony (GB@bronydom.net) (daring.canternet.org cloudchaser.canternet.org)
[14:28:00] *** Quits: GumballCrash (GumballCras@0.to.pony.10secondsflat) (daring.canternet.org cloudchaser.canternet.org)
[14:28:00] *** Quits: TecknoJock (TecknoJock@TecknoJock) (daring.canternet.org cloudchaser.canternet.org)
[14:28:00] *** Quits: HomerMobile (HomerB@is.best.sea.poni) (daring.canternet.org cloudchaser.canternet.org)
[14:28:00] *** Quits: Ashfire (Ashfire@Ashfire.bronytv.net) (daring.canternet.org cloudchaser.canternet.org)
[14:28:00] *** Quits: Cameron_D (cameron@cam.mylittle.horse) (daring.canternet.org cloudchaser.canternet.org)
[14:28:00] *** Quits: Gigabit (Gigabit@AppleDash.is.my.pet) (daring.canternet.org cloudchaser.canternet.org)
[14:28:00] *** Quits: AppleDash (appled@Gyro.Pony.Is.Best.Pony) (daring.canternet.org cloudchaser.canternet.org)
[14:28:00] *** Quits: Zuzu (zuzu@is.robo.licious) (daring.canternet.org cloudchaser.canternet.org)
[14:28:00] *** Quits: klaxa (klaxa@Pony-1kuq6f.eu) (daring.canternet.org cloudchaser.canternet.org)
[14:28:00] *** Quits: Luna (Luna@The.Moon.Princess) (daring.canternet.org cloudchaser.canternet.org)
[14:28:25] *** Joins: HomerMobile (HomerB@is.best.sea.poni)
[14:28:25] *** Joins: Finwe (vhalkola@Pony-bs4ovt.org.aalto.fi)
[14:28:25] *** Joins: Labrat_ (jared@tacoshy.is.best.pony)
[14:28:25] *** Joins: Colgate (rabbit@brushie.horse)
[14:28:25] *** Joins: enginemaniac (flail@flail.flail.flail)
[14:28:25] *** Joins: GeekBrony (GB@bronydom.net)
[14:28:25] *** Joins: Starthunder (blackl@property.of.lightningcrash)
[14:28:25] *** Joins: ColtonDRG (coltondrg@Pony-ov347r.hlrn.qwest.net)
[14:28:25] *** Joins: klaxa (klaxa@Pony-1kuq6f.eu)
[14:28:25] *** Joins: Rylee (rylai@within.a.hail.of.gemstones)
[14:28:25] *** Joins: Red_M (potato@Pony-4pa04c.red-m.net)
[14:28:25] *** Joins: Cameron_D (cameron@cam.mylittle.horse)
[14:28:25] *** Joins: Twili (Twili@Twilights.Study)
[14:28:25] *** Joins: johnsey (johnsey@netadmin.canternet.org)
[14:28:25] *** Joins: miggyb (miggyb@horsetornado.co.uk)
[14:28:25] *** Joins: TecknoJock (TecknoJock@TecknoJock)
[14:28:25] *** Joins: bikey (repair@s.no.bike)
[14:28:25] *** Joins: AppleDash (appled@Gyro.Pony.Is.Best.Pony)
[14:28:25] *** Joins: Endien (endien@Endien)
[14:28:25] *** Joins: Gigabit (Gigabit@AppleDash.is.my.pet)
[14:28:25] *** Joins: Ashfire (Ashfire@Ashfire.bronytv.net)
[14:28:25] *** Joins: Pi (pi@Pony-ahd.b3q.94.119.IP)
[14:28:25] *** Joins: Googie (Googol@gnaws.on.keratin.and.ears)
[14:28:25] *** Joins: Fusl (Fusl@1.0.0.127.in-addr.arpa.li)
[14:28:25] *** Joins: Electron (quassel@Pony-agnu6g.com)
[14:28:25] *** Joins: GumballCrash (GumballCras@0.to.pony.10secondsflat)
[14:28:25] *** Joins: PeakVolume (k9ldt@Pony-tqvh62.fios.verizon.net)
[14:28:25] *** Joins: PonyToast (Toast@The.Original.Pyro.Pony)
[14:28:25] *** Joins: hoofy (~Hoofy@Pony-fc3h53.bcvloh.sbcglobal.net)
[14:28:25] *** Joins: Alcoholicorn (Alcoholicor@Pony-55oq0s.pool.hargray.net)
[14:28:25] *** Joins: Luna (Luna@The.Moon.Princess)
[14:28:25] *** Joins: Zuzu (zuzu@is.robo.licious)
[14:28:25] *** Joins: Phase4 (Phase4@Pony-arvig7.internode.on.net)
[14:28:25] *** Joins: Personifire (Tilde@Pony-dhoke2.dorm.utexas.edu)
[14:28:25] *** cloudchaser.canternet.org sets mode: +aovaooo Colgate Colgate Twili johnsey johnsey Googie Luna
[14:28:35] *** Quits: johnsey (johnsey@netadmin.canternet.org) (cloudchaser.canternet.org cadance.canternet.org)
[14:28:35] *** Quits: Alcoholicorn (Alcoholicor@Pony-55oq0s.pool.hargray.net) (cloudchaser.canternet.org cadance.canternet.org)
[14:28:35] *** Quits: Finwe (vhalkola@Pony-bs4ovt.org.aalto.fi) (cloudchaser.canternet.org cadance.canternet.org)
[14:28:35] *** Quits: hoofy (~Hoofy@Pony-fc3h53.bcvloh.sbcglobal.net) (cloudchaser.canternet.org cadance.canternet.org)
[14:28:35] *** Quits: Phase4 (Phase4@Pony-arvig7.internode.on.net) (cloudchaser.canternet.org cadance.canternet.org)
[14:28:35] *** Quits: Starthunder (blackl@property.of.lightningcrash) (cloudchaser.canternet.org cadance.canternet.org)
[14:28:35] *** Quits: Endien (endien@Endien) (cloudchaser.canternet.org cadance.canternet.org)
[14:28:35] *** Quits: PeakVolume (k9ldt@Pony-tqvh62.fios.verizon.net) (cloudchaser.canternet.org cadance.canternet.org)
[14:28:35] *** Quits: PonyToast (Toast@The.Original.Pyro.Pony) (cloudchaser.canternet.org cadance.canternet.org)
[14:28:35] *** Quits: Twili (Twili@Twilights.Study) (cloudchaser.canternet.org cadance.canternet.org)
[14:28:35] *** Quits: Pi (pi@Pony-ahd.b3q.94.119.IP) (cloudchaser.canternet.org cadance.canternet.org)
[14:28:35] *** Quits: Fusl (Fusl@1.0.0.127.in-addr.arpa.li) (cloudchaser.canternet.org cadance.canternet.org)
[14:28:35] *** Quits: ColtonDRG (coltondrg@Pony-ov347r.hlrn.qwest.net) (cloudchaser.canternet.org cadance.canternet.org)
[14:28:35] *** Quits: Rylee (rylai@within.a.hail.of.gemstones) (cloudchaser.canternet.org cadance.canternet.org)
[14:28:35] *** Quits: Labrat_ (jared@tacoshy.is.best.pony) (cloudchaser.canternet.org cadance.canternet.org)
[14:28:35] *** Quits: Googie (Googol@gnaws.on.keratin.and.ears) (cloudchaser.canternet.org cadance.canternet.org)
[14:28:35] *** Quits: bikey (repair@s.no.bike) (cloudchaser.canternet.org cadance.canternet.org)
[14:28:35] *** Quits: miggyb (miggyb@horsetornado.co.uk) (cloudchaser.canternet.org cadance.canternet.org)
[14:28:35] *** Quits: Electron (quassel@Pony-agnu6g.com) (cloudchaser.canternet.org cadance.canternet.org)
[14:28:35] *** Quits: Colgate (rabbit@brushie.horse) (cloudchaser.canternet.org cadance.canternet.org)
[14:28:35] *** Quits: enginemaniac (flail@flail.flail.flail) (cloudchaser.canternet.org cadance.canternet.org)
[14:28:35] *** Quits: Personifire (Tilde@Pony-dhoke2.dorm.utexas.edu) (cloudchaser.canternet.org cadance.canternet.org)
[14:28:35] *** Quits: Red_M (potato@Pony-4pa04c.red-m.net) (cloudchaser.canternet.org cadance.canternet.org)
[14:28:35] *** Quits: GeekBrony (GB@bronydom.net) (cloudchaser.canternet.org cadance.canternet.org)
[14:28:35] *** Quits: GumballCrash (GumballCras@0.to.pony.10secondsflat) (cloudchaser.canternet.org cadance.canternet.org)
[14:28:35] *** Quits: TecknoJock (TecknoJock@TecknoJock) (cloudchaser.canternet.org cadance.canternet.org)
[14:28:35] *** Quits: HomerMobile (HomerB@is.best.sea.poni) (cloudchaser.canternet.org cadance.canternet.org)
[14:28:35] *** Quits: Ashfire (Ashfire@Ashfire.bronytv.net) (cloudchaser.canternet.org cadance.canternet.org)
[14:28:35] *** Quits: Cameron_D (cameron@cam.mylittle.horse) (cloudchaser.canternet.org cadance.canternet.org)
[14:28:35] *** Quits: Gigabit (Gigabit@AppleDash.is.my.pet) (cloudchaser.canternet.org cadance.canternet.org)
[14:28:35] *** Quits: AppleDash (appled@Gyro.Pony.Is.Best.Pony) (cloudchaser.canternet.org cadance.canternet.org)
[14:28:35] *** Quits: Zuzu (zuzu@is.robo.licious) (cloudchaser.canternet.org cadance.canternet.org)
[14:28:35] *** Quits: klaxa (klaxa@Pony-1kuq6f.eu) (cloudchaser.canternet.org cadance.canternet.org)
[14:28:55] *** Joins: ColtonDRG (coltondrg@Pony-ov347r.hlrn.qwest.net)
[14:28:55] *** Joins: Red_M (potato@Pony-4pa04c.red-m.net)
[14:28:55] *** Joins: TecknoJock (TecknoJock@TecknoJock)
[14:28:55] *** Joins: hoofy (~Hoofy@Pony-fc3h53.bcvloh.sbcglobal.net)
[14:28:55] *** Joins: Googie (Googol@gnaws.on.keratin.and.ears)
[14:28:55] *** Joins: HomerMobile (HomerB@is.best.sea.poni)
[14:28:55] *** Joins: Electron (quassel@Pony-agnu6g.com)
[14:28:55] *** Joins: Colgate (rabbit@brushie.horse)
[14:28:55] *** Joins: Ashfire (Ashfire@Ashfire.bronytv.net)
[14:28:55] *** Joins: bikey (repair@s.no.bike)
[14:28:55] *** Joins: enginemaniac (flail@flail.flail.flail)
[14:28:55] *** Joins: AppleDash (appled@Gyro.Pony.Is.Best.Pony)
[14:28:55] *** Joins: Endien (endien@Endien)
[14:28:55] *** Joins: PeakVolume (k9ldt@Pony-tqvh62.fios.verizon.net)
[14:28:55] *** Joins: Twili (Twili@Twilights.Study)
[14:28:55] *** Joins: Rylee (rylai@within.a.hail.of.gemstones)
[14:28:55] *** Joins: Zuzu (zuzu@is.robo.licious)
[14:28:55] *** Joins: Gigabit (Gigabit@AppleDash.is.my.pet)
[14:28:55] *** Joins: Pi (pi@Pony-ahd.b3q.94.119.IP)
[14:28:55] *** Joins: johnsey (johnsey@netadmin.canternet.org)
[14:28:55] *** Joins: Alcoholicorn (Alcoholicor@Pony-55oq0s.pool.hargray.net)
[14:28:55] *** Joins: miggyb (miggyb@horsetornado.co.uk)
[14:28:55] *** Joins: GeekBrony (GB@bronydom.net)
[14:28:55] *** Joins: GumballCrash (GumballCras@0.to.pony.10secondsflat)
[14:28:55] *** Joins: Phase4 (Phase4@Pony-arvig7.internode.on.net)
[14:28:55] *** Joins: Finwe (vhalkola@Pony-bs4ovt.org.aalto.fi)
[14:28:55] *** Joins: Personifire (Tilde@Pony-dhoke2.dorm.utexas.edu)
[14:28:55] *** Joins: Starthunder (blackl@property.of.lightningcrash)
[14:28:55] *** Joins: Labrat_ (jared@tacoshy.is.best.pony)
[14:28:55] *** Joins: klaxa (klaxa@Pony-1kuq6f.eu)
[14:28:55] *** Joins: Cameron_D (cameron@cam.mylittle.horse)
[14:28:55] *** Joins: PonyToast (Toast@The.Original.Pyro.Pony)
[14:28:55] *** Joins: Fusl (Fusl@1.0.0.127.in-addr.arpa.li)
[14:28:55] *** cadance.canternet.org sets mode: +oaovao Googie Colgate Colgate Twili johnsey johnsey
[14:46:23] *** Quits: Lunia_the_Horrible (ellen@ChumPony.Enterprises) (Quit: Konversation terminated!)
[14:47:21] *** Quits: Alcoholicorn (Alcoholicor@Pony-55oq0s.pool.hargray.net) (Ping timeout: 121 seconds)
[14:58:32] *** Quits: Pi (pi@Pony-ahd.b3q.94.119.IP) (Quit: Leaving)
[17:29:53] *** Joins: Toothpaste (uid63062@Pony-tbaiid.charlton.irccloud.com)
[17:38:32] *** Quits: Toothpaste (uid63062@Pony-tbaiid.charlton.irccloud.com) (Quit: Schooooooooooool~)
[17:39:11] *** Joins: HomerBouvier (HomerB@Pony-a9tper.tn.charter.com)
[17:39:28] *** hoofy is now known as vampa
[17:39:32] *** Quits: HomerMobile (HomerB@is.best.sea.poni) (Connection closed)
[17:41:09] *** Gigabit is now known as GigaWork
[18:10:11] *** Joins: Alcoholicorn (Alcoholicor@Pony-55oq0s.pool.hargray.net)
[18:45:06] *** Quits: HomerBouvier (HomerB@is.best.sea.poni) (Connection closed)
[18:45:20] *** Joins: HomerMobile (HomerB@is.best.sea.poni)
[19:14:25] *** Joins: Pony_8 (Pony_8@Pony-rb3r84.brainerd.net)
[19:15:32] *** Joins: Pony_3_ (Pony_3@Pony-rb3r84.brainerd.net)
[19:17:26] *** Quits: Pony_3_ (Pony_3@Pony-rb3r84.brainerd.net) (Quit: Page closed)
[19:22:33] *** Joins: LightningCrash (lightning@property.of.moonlightning)
[19:23:20] *** Quits: Colgate (rabbit@brushie.horse) (Ping timeout: 121 seconds)
[19:24:51] *** Joins: Colgate (rabbit@brushie.horse)
[19:24:51] *** Luna sets mode: +ao Colgate Colgate
[19:25:47] *** Quits: Pony_8 (Pony_8@Pony-rb3r84.brainerd.net) (Quit: Page closed)
[19:40:00] *** Quits: johnsey (johnsey@netadmin.canternet.org) (cloudchaser.canternet.org cadance.canternet.org)
[19:40:00] *** Quits: Alcoholicorn (Alcoholicor@Pony-55oq0s.pool.hargray.net) (cloudchaser.canternet.org cadance.canternet.org)
[19:40:00] *** Quits: Finwe (vhalkola@Pony-bs4ovt.org.aalto.fi) (cloudchaser.canternet.org cadance.canternet.org)
[19:40:00] *** Quits: LightningCrash (lightning@property.of.moonlightning) (cloudchaser.canternet.org cadance.canternet.org)
[19:40:00] *** Quits: vampa (~Hoofy@Pony-fc3h53.bcvloh.sbcglobal.net) (cloudchaser.canternet.org cadance.canternet.org)
[19:40:00] *** Quits: Phase4 (Phase4@Pony-arvig7.internode.on.net) (cloudchaser.canternet.org cadance.canternet.org)
[19:40:00] *** Quits: Starthunder (blackl@property.of.lightningcrash) (cloudchaser.canternet.org cadance.canternet.org)
[19:40:00] *** Quits: Endien (endien@Endien) (cloudchaser.canternet.org cadance.canternet.org)
[19:40:00] *** Quits: PeakVolume (k9ldt@Pony-tqvh62.fios.verizon.net) (cloudchaser.canternet.org cadance.canternet.org)
[19:40:00] *** Quits: PonyToast (Toast@The.Original.Pyro.Pony) (cloudchaser.canternet.org cadance.canternet.org)
[19:40:00] *** Quits: Twili (Twili@Twilights.Study) (cloudchaser.canternet.org cadance.canternet.org)
[19:40:00] *** Quits: Fusl (Fusl@1.0.0.127.in-addr.arpa.li) (cloudchaser.canternet.org cadance.canternet.org)
[19:40:00] *** Quits: ColtonDRG (coltondrg@Pony-ov347r.hlrn.qwest.net) (cloudchaser.canternet.org cadance.canternet.org)
[19:40:00] *** Quits: Rylee (rylai@within.a.hail.of.gemstones) (cloudchaser.canternet.org cadance.canternet.org)
[19:40:00] *** Quits: Labrat_ (jared@tacoshy.is.best.pony) (cloudchaser.canternet.org cadance.canternet.org)
[19:40:00] *** Quits: Googie (Googol@gnaws.on.keratin.and.ears) (cloudchaser.canternet.org cadance.canternet.org)
[19:40:00] *** Quits: bikey (repair@s.no.bike) (cloudchaser.canternet.org cadance.canternet.org)
[19:40:00] *** Quits: miggyb (miggyb@horsetornado.co.uk) (cloudchaser.canternet.org cadance.canternet.org)
[19:40:00] *** Quits: Electron (quassel@Pony-agnu6g.com) (cloudchaser.canternet.org cadance.canternet.org)
[19:40:00] *** Quits: Colgate (rabbit@brushie.horse) (cloudchaser.canternet.org cadance.canternet.org)
[19:40:00] *** Quits: enginemaniac (flail@flail.flail.flail) (cloudchaser.canternet.org cadance.canternet.org)
[19:40:00] *** Quits: Personifire (Tilde@Pony-dhoke2.dorm.utexas.edu) (cloudchaser.canternet.org cadance.canternet.org)
[19:40:00] *** Quits: Red_M (potato@Pony-4pa04c.red-m.net) (cloudchaser.canternet.org cadance.canternet.org)
[19:40:00] *** Quits: GeekBrony (GB@bronydom.net) (cloudchaser.canternet.org cadance.canternet.org)
[19:40:00] *** Quits: GumballCrash (GumballCras@0.to.pony.10secondsflat) (cloudchaser.canternet.org cadance.canternet.org)
[19:40:00] *** Quits: TecknoJock (TecknoJock@TecknoJock) (cloudchaser.canternet.org cadance.canternet.org)
[19:40:00] *** Quits: HomerMobile (HomerB@is.best.sea.poni) (cloudchaser.canternet.org cadance.canternet.org)
[19:40:00] *** Quits: Ashfire (Ashfire@Ashfire.bronytv.net) (cloudchaser.canternet.org cadance.canternet.org)
[19:40:00] *** Quits: Cameron_D (cameron@cam.mylittle.horse) (cloudchaser.canternet.org cadance.canternet.org)
[19:40:00] *** Quits: GigaWork (Gigabit@AppleDash.is.my.pet) (cloudchaser.canternet.org cadance.canternet.org)
[19:40:00] *** Quits: AppleDash (appled@Gyro.Pony.Is.Best.Pony) (cloudchaser.canternet.org cadance.canternet.org)
[19:40:00] *** Quits: Zuzu (zuzu@is.robo.licious) (cloudchaser.canternet.org cadance.canternet.org)
[19:40:00] *** Quits: klaxa (klaxa@Pony-1kuq6f.eu) (cloudchaser.canternet.org cadance.canternet.org)
[19:41:14] *** Joins: ColtonDRG (coltondrg@Pony-ov347r.hlrn.qwest.net)
[19:41:14] *** Joins: Colgate (rabbit@brushie.horse)
[19:41:14] *** Joins: Red_M (potato@Pony-4pa04c.red-m.net)
[19:41:14] *** Joins: TecknoJock (TecknoJock@TecknoJock)
[19:41:14] *** Joins: vampa (~Hoofy@Pony-fc3h53.bcvloh.sbcglobal.net)
[19:41:14] *** Joins: Googie (Googol@gnaws.on.keratin.and.ears)
[19:41:14] *** Joins: Electron (quassel@Pony-agnu6g.com)
[19:41:14] *** Joins: HomerMobile (HomerB@is.best.sea.poni)
[19:41:14] *** Joins: Ashfire (Ashfire@Ashfire.bronytv.net)
[19:41:14] *** Joins: bikey (repair@s.no.bike)
[19:41:14] *** Joins: enginemaniac (flail@flail.flail.flail)
[19:41:14] *** Joins: AppleDash (appled@Gyro.Pony.Is.Best.Pony)
[19:41:14] *** Joins: Endien (endien@Endien)
[19:41:14] *** Joins: PeakVolume (k9ldt@Pony-tqvh62.fios.verizon.net)
[19:41:14] *** Joins: Twili (Twili@Twilights.Study)
[19:41:14] *** Joins: Rylee (rylai@within.a.hail.of.gemstones)
[19:41:14] *** Joins: Zuzu (zuzu@is.robo.licious)
[19:41:14] *** Joins: GigaWork (Gigabit@AppleDash.is.my.pet)
[19:41:14] *** Joins: johnsey (johnsey@netadmin.canternet.org)
[19:41:14] *** Joins: Alcoholicorn (Alcoholicor@Pony-55oq0s.pool.hargray.net)
[19:41:14] *** Joins: miggyb (miggyb@horsetornado.co.uk)
[19:41:14] *** Joins: GeekBrony (GB@bronydom.net)
[19:41:14] *** Joins: GumballCrash (GumballCras@0.to.pony.10secondsflat)
[19:41:14] *** Joins: Phase4 (Phase4@Pony-arvig7.internode.on.net)
[19:41:14] *** Joins: Finwe (vhalkola@Pony-bs4ovt.org.aalto.fi)
[19:41:14] *** Joins: Personifire (Tilde@Pony-dhoke2.dorm.utexas.edu)
[19:41:14] *** Joins: Starthunder (blackl@property.of.lightningcrash)
[19:41:14] *** Joins: Labrat_ (jared@tacoshy.is.best.pony)
[19:41:14] *** Joins: klaxa (klaxa@Pony-1kuq6f.eu)
[19:41:14] *** Joins: Cameron_D (cameron@cam.mylittle.horse)
[19:41:14] *** Joins: PonyToast (Toast@The.Original.Pyro.Pony)
[19:41:14] *** Joins: LightningCrash (lightning@property.of.moonlightning)
[19:41:14] *** Joins: Fusl (Fusl@1.0.0.127.in-addr.arpa.li)
[19:41:14] *** cadance.canternet.org sets mode: +aoovao Colgate Colgate Googie Twili johnsey johnsey
[19:43:59] *** Quits: AppleDash (appled@Gyro.Pony.Is.Best.Pony) (Ping timeout: 121 seconds)
[19:45:15] *** Quits: johnsey (johnsey@netadmin.canternet.org) (cloudchaser.canternet.org cadance.canternet.org)
[19:45:15] *** Quits: Alcoholicorn (Alcoholicor@Pony-55oq0s.pool.hargray.net) (cloudchaser.canternet.org cadance.canternet.org)
[19:45:15] *** Quits: Finwe (vhalkola@Pony-bs4ovt.org.aalto.fi) (cloudchaser.canternet.org cadance.canternet.org)
[19:45:15] *** Quits: LightningCrash (lightning@property.of.moonlightning) (cloudchaser.canternet.org cadance.canternet.org)
[19:45:15] *** Quits: vampa (~Hoofy@Pony-fc3h53.bcvloh.sbcglobal.net) (cloudchaser.canternet.org cadance.canternet.org)
[19:45:15] *** Quits: Phase4 (Phase4@Pony-arvig7.internode.on.net) (cloudchaser.canternet.org cadance.canternet.org)
[19:45:15] *** Quits: Starthunder (blackl@property.of.lightningcrash) (cloudchaser.canternet.org cadance.canternet.org)
[19:45:15] *** Quits: Endien (endien@Endien) (cloudchaser.canternet.org cadance.canternet.org)
[19:45:15] *** Quits: PeakVolume (k9ldt@Pony-tqvh62.fios.verizon.net) (cloudchaser.canternet.org cadance.canternet.org)
[19:45:15] *** Quits: PonyToast (Toast@The.Original.Pyro.Pony) (cloudchaser.canternet.org cadance.canternet.org)
[19:45:15] *** Quits: Twili (Twili@Twilights.Study) (cloudchaser.canternet.org cadance.canternet.org)
[19:45:16] *** Quits: Fusl (Fusl@1.0.0.127.in-addr.arpa.li) (cloudchaser.canternet.org cadance.canternet.org)
[19:45:16] *** Quits: ColtonDRG (coltondrg@Pony-ov347r.hlrn.qwest.net) (cloudchaser.canternet.org cadance.canternet.org)
[19:45:16] *** Quits: Rylee (rylai@within.a.hail.of.gemstones) (cloudchaser.canternet.org cadance.canternet.org)
[19:45:16] *** Quits: Labrat_ (jared@tacoshy.is.best.pony) (cloudchaser.canternet.org cadance.canternet.org)
[19:45:16] *** Quits: Googie (Googol@gnaws.on.keratin.and.ears) (cloudchaser.canternet.org cadance.canternet.org)
[19:45:16] *** Quits: bikey (repair@s.no.bike) (cloudchaser.canternet.org cadance.canternet.org)
[19:45:16] *** Quits: miggyb (miggyb@horsetornado.co.uk) (cloudchaser.canternet.org cadance.canternet.org)
[19:45:16] *** Quits: Electron (quassel@Pony-agnu6g.com) (cloudchaser.canternet.org cadance.canternet.org)
[19:45:16] *** Quits: Colgate (rabbit@brushie.horse) (cloudchaser.canternet.org cadance.canternet.org)
[19:45:16] *** Quits: enginemaniac (flail@flail.flail.flail) (cloudchaser.canternet.org cadance.canternet.org)
[19:45:16] *** Quits: Personifire (Tilde@Pony-dhoke2.dorm.utexas.edu) (cloudchaser.canternet.org cadance.canternet.org)
[19:45:16] *** Quits: Red_M (potato@Pony-4pa04c.red-m.net) (cloudchaser.canternet.org cadance.canternet.org)
[19:45:16] *** Quits: GeekBrony (GB@bronydom.net) (cloudchaser.canternet.org cadance.canternet.org)
[19:45:16] *** Quits: GumballCrash (GumballCras@0.to.pony.10secondsflat) (cloudchaser.canternet.org cadance.canternet.org)
[19:45:16] *** Quits: TecknoJock (TecknoJock@TecknoJock) (cloudchaser.canternet.org cadance.canternet.org)
[19:45:16] *** Quits: HomerMobile (HomerB@is.best.sea.poni) (cloudchaser.canternet.org cadance.canternet.org)
[19:45:16] *** Quits: Ashfire (Ashfire@Ashfire.bronytv.net) (cloudchaser.canternet.org cadance.canternet.org)
[19:45:16] *** Quits: Cameron_D (cameron@cam.mylittle.horse) (cloudchaser.canternet.org cadance.canternet.org)
[19:45:16] *** Quits: GigaWork (Gigabit@AppleDash.is.my.pet) (cloudchaser.canternet.org cadance.canternet.org)
[19:45:16] *** Quits: Zuzu (zuzu@is.robo.licious) (cloudchaser.canternet.org cadance.canternet.org)
[19:45:16] *** Quits: klaxa (klaxa@Pony-1kuq6f.eu) (cloudchaser.canternet.org cadance.canternet.org)
[19:45:37] *** Joins: Red_M (potato@Pony-4pa04c.red-m.net)
[19:45:37] *** Joins: Twili (Twili@Twilights.Study)
[19:45:37] *** Joins: Alcoholicorn (Alcoholicor@Pony-55oq0s.pool.hargray.net)
[19:45:37] *** Joins: TecknoJock (TecknoJock@TecknoJock)
[19:45:37] *** Joins: Zuzu (zuzu@is.robo.licious)
[19:45:37] *** Joins: miggyb (miggyb@horsetornado.co.uk)
[19:45:37] *** Joins: Finwe (vhalkola@Pony-bs4ovt.org.aalto.fi)
[19:45:37] *** Joins: vampa (~Hoofy@Pony-fc3h53.bcvloh.sbcglobal.net)
[19:45:37] *** Joins: LightningCrash (lightning@property.of.moonlightning)
[19:45:37] *** Joins: enginemaniac (flail@flail.flail.flail)
[19:45:37] *** Joins: PonyToast (Toast@The.Original.Pyro.Pony)
[19:45:37] *** Joins: johnsey (johnsey@netadmin.canternet.org)
[19:45:37] *** Joins: Rylee (rylai@within.a.hail.of.gemstones)
[19:45:37] *** Joins: ColtonDRG (coltondrg@Pony-ov347r.hlrn.qwest.net)
[19:45:37] *** Joins: Fusl (Fusl@1.0.0.127.in-addr.arpa.li)
[19:45:37] *** Joins: Electron (quassel@Pony-agnu6g.com)
[19:45:37] *** Joins: Starthunder (blackl@property.of.lightningcrash)
[19:45:37] *** Joins: PeakVolume (k9ldt@Pony-tqvh62.fios.verizon.net)
[19:45:37] *** Joins: Colgate (rabbit@brushie.horse)
[19:45:37] *** Joins: GumballCrash (GumballCras@0.to.pony.10secondsflat)
[19:45:37] *** Joins: GigaWork (Gigabit@AppleDash.is.my.pet)
[19:45:37] *** Joins: Labrat_ (jared@tacoshy.is.best.pony)
[19:45:37] *** Joins: Personifire (Tilde@Pony-dhoke2.dorm.utexas.edu)
[19:45:37] *** Joins: GeekBrony (GB@bronydom.net)
[19:45:37] *** Joins: Endien (endien@Endien)
[19:45:37] *** Joins: Ashfire (Ashfire@Ashfire.bronytv.net)
[19:45:37] *** Joins: Cameron_D (cameron@cam.mylittle.horse)
[19:45:37] *** Joins: Phase4 (Phase4@Pony-arvig7.internode.on.net)
[19:45:37] *** Joins: klaxa (klaxa@Pony-1kuq6f.eu)
[19:45:37] *** Joins: HomerMobile (HomerB@is.best.sea.poni)
[19:45:37] *** Joins: Googie (Googol@gnaws.on.keratin.and.ears)
[19:45:37] *** Joins: bikey (repair@s.no.bike)
[19:45:37] *** chrysalis.canternet.org sets mode: +vaoaoo Twili johnsey johnsey Colgate Colgate Googie
[19:48:27] *** Joins: AppleDash (appled@Gyro.Pony.Is.Best.Pony)
[19:48:51] *** Quits: Phase4 (Phase4@Pony-arvig7.internode.on.net) (Ping timeout: 121 seconds)
[19:52:19] *** Quits: TecknoJock (TecknoJock@TecknoJock) (Quit: No Ping reply in 180 seconds.)
[19:54:19] *** Joins: Lunia (ellen@ChumPony.Enterprises)
[19:54:48] *** Joins: TecknoJock (TecknoJock@TecknoJock)
[20:19:45] *** Joins: HomerBouvier (HomerB@is.best.sea.poni)
[20:23:46] *** Joins: Phase4 (Phase4@Pony-lu48ce.lnk.telstra.net)
[20:45:01] *** Quits: TecknoJock (TecknoJock@TecknoJock) (Quit: No Ping reply in 180 seconds.)
[20:46:21] *** Quits: GigaWork (Gigabit@AppleDash.is.my.pet) (Ping timeout: 121 seconds)
[20:50:36] *** Joins: TecknoJock (TecknoJock@TecknoJock)
[20:52:03] *** Joins: GigabitPony (Gigabit@Pony-hka3g8.appledash.org)
[20:57:19] *** Quits: LightningCrash (lightning@property.of.moonlightning) (Quit: Fluttershy has fallen asleep.)
[21:12:23] *** Quits: TecknoJock (TecknoJock@TecknoJock) (Quit: No Ping reply in 180 seconds.)
[21:12:28] *** GigabitPony is now known as GigaWork
[21:17:54] *** Joins: TecknoJock (TecknoJock@TecknoJock)
[21:29:38] *** Quits: TecknoJock (TecknoJock@TecknoJock) (Quit: No Ping reply in 180 seconds.)
[21:32:15] *** Joins: TecknoJock (TecknoJock@TecknoJock)
[22:16:16] *** Joins: LightningCrash (lightning@property.of.moonlightning)
[22:16:28] *** Parts: GigaWork (Gigabit@AppleDash.is.my.pet) ("left for a reason")
[22:27:56] *** McKey is now known as [A]McKey
[22:36:27] *** Joins: Toothpaste (uid63062@Pony-tbaiid.charlton.irccloud.com)
[22:43:52] *** Toothpaste is now known as GiftRibbon
[22:45:19] *** Quits: GiftRibbon (uid63062@Pony-tbaiid.charlton.irccloud.com) (Quit: )
[22:46:17] *** Joins: GiftRibbon (uid63062@Pony-tbaiid.charlton.irccloud.com)
[22:48:31] *** GiftRibbon is now known as Invert_Shade
[22:51:42] *** Invert_Shade is now known as Toothpaste
[23:03:35] *** Quits: Lunia (ellen@ChumPony.Enterprises) (Connection closed)
[23:03:39] *** Joins: ellen (ellen@Pony-di5.pu7.73.87.IP)
[23:17:06] *** Quits: ellen (ellen@Pony-di5.pu7.73.87.IP) (Ping timeout: 121 seconds)
[23:25:03] *** Quits: Toothpaste (uid63062@Pony-tbaiid.charlton.irccloud.com) (Quit: Homework and beyond! *boom*)
[23:29:18] *** vampa is now known as hoofy
[23:48:50] *** Joins: woodpamp (woodpamp@Pony-6bfj46.chello.nl)
[23:52:31] *** Quits: woodpamp (woodpamp@Pony-6bfj46.chello.nl) (Connection closed)
