[01:00:31] *** Quits: izeer (56b97040@gateway/web/freenode/ip.86.185.112.64) (Quit: Page closed)
[01:02:43] <Misiek> http://x3.cdn03.imgwykop.pl/c3201142/comment_BfASp0TxytceLIaekVJktY0mK4Jfvi7x.jpg xDDD
[01:02:44] <Misiek> elo
[01:02:48] *** Quits: Misiek (~Misiek@aana8.neoplus.adsl.tpnet.pl) (Quit: Leaving)
[01:49:48] *** Quits: misiek200m (~miskof@2a00:d880:5:123::864c) (Quit: ~Yay!)
[01:58:35] *** Joins: misiek200m (~miskof@2a00:d880:5:123::864c)
[02:09:17] *** Quits: misiek200m (~miskof@2a00:d880:5:123::864c) (Quit: ~Yay!)
[02:10:32] *** Joins: misiek200m (~miskof@2a00:d880:5:123::864c)
[02:13:28] *** Quits: misiek200m (~miskof@2a00:d880:5:123::864c) (Client Quit)
[02:15:08] *** Joins: misiek200m (~miskof@2a00:d880:5:123::864c)
[02:21:22] *** Parts: misiek200m (~miskof@2a00:d880:5:123::864c) ("http://quassel-irc.org - Chat comfortably. Anywhere.")
[02:57:35] *** Joins: misiek200m (~miskof@2a00:d880:5:123::864c)
[05:05:53] *** Quits: Triluch (tril@legowisko.org) (Ping timeout: 240 seconds)
[05:37:31] *** Quits: Night_Spark (~Michael89@user-164-126-144-31.play-internet.pl) (Ping timeout: 252 seconds)
[09:01:26] *** Joins: Night_Spark (~Michael89@user-164-126-144-31.play-internet.pl)
[11:20:58] *** Joins: Triluch (tril@legowisko.org)
[13:11:27] *** Joins: Dalir (~AndChat11@158-75-45-112.stud.eduroam.umk.pl)
[13:12:24] <Dalir> Yo
[13:54:19] *** Quits: Dalir (~AndChat11@158-75-45-112.stud.eduroam.umk.pl) (Quit: Bye)
[14:20:43] <VoThall> dobry
[15:34:52] *** Joins: psoras (~Thunderbi@emx52.neoplus.adsl.tpnet.pl)
[15:47:21] *** Joins: Dalir (~AndChat11@158-75-45-112.stud.eduroam.umk.pl)
[15:49:27] *** psoras is now known as psoras_fanfik
[15:53:31] *** Quits: Night_Spark (~Michael89@user-164-126-144-31.play-internet.pl) (Ping timeout: 252 seconds)
[15:55:34] *** Joins: Night_Spark (~Michael89@user-164-126-144-31.play-internet.pl)
[15:58:07] *** Quits: Dalir (~AndChat11@158-75-45-112.stud.eduroam.umk.pl) (Quit: Bye)
[16:07:11] *** Joins: Misiek (~Misiek@bcg133.neoplus.adsl.tpnet.pl)
[16:09:42] <Misiek> elo
[16:29:18] <psoras_fanfik> http://3.bp.blogspot.com/-DvFzAPKbHFE/TwUbvjXcWdI/AAAAAAAAC1U/kkc4YYwAo4U/s1600/MordroTrain.jpg ^^
[16:29:36] <psoras_fanfik> nawet mapa jest: http://www.projectmapping.co.uk/Reviews/Resources/ThereAndBackAgain2010_b.jpg
[16:42:41] *** Joins: Soxis (~chatzilla@86-63-85-25.sta.asta-net.com.pl)
[16:42:47] <Soxis> elo
[16:42:54] <Misiek> hay
[16:42:55] <psoras_fanfik> siemnasz
[16:47:16] <misiek200m> Hej wam :)
[16:49:32] <misiek200m> W końcu postawiłem ZNC, quassel-core strasznie ubogi jest, tutaj z kolei multum rzeczy idzie skonfigurować :D
[16:51:20] <psoras_fanfik> http://wiadomosci.dziennik.pl/polityka/artykuly/484510,elbanowska-w-fotelu-prezydenta-rp-na-twitterze-wrze.html co za wieś, przecież na tym fotelu się nie siedzi, tylko stoi
[16:51:38] <Night_Spark> Hahaha
[16:53:46] <Soxis> w ogóle
[16:53:51] <Soxis> dziś przy szkole się paliło :D
[16:54:06] <Soxis> taki mechanik samochodowy
[16:54:08] <Soxis> garaż w sumie jego
[16:54:17] <Night_Spark> Co paliłeś
[16:54:20] <Soxis> także można było patrzeć
[16:54:32] <Night_Spark> XD
[16:55:40] <misiek200m> Soxis wat? xD
[16:55:55] <Soxis> pokaże na gugle mapsach
[16:56:13] <misiek200m> psoras_fanfik: xD
[16:57:53] <Soxis> http://puu.sh/gnx28/ad8497dabd.jpg
[16:57:55] <Soxis> to się paliło
[16:58:06] <misiek200m> Ale co się tam paliło?
[16:58:33] <Soxis> nie wiem w sumie
[16:58:39] <Soxis> a
[16:58:46] <Soxis> tam w sumie maluje samochody
[16:58:48] <Soxis> to lakier itp
[16:58:53] <Soxis> bo kurewsko czorny dym lecioł
[16:58:54] <misiek200m> :v
[16:59:48] <Soxis> najpierw myśleli, że to czarny papież
[16:59:53] <Soxis> a to po prostu coś się pali
[17:06:48] <Soxis> misiek200m: kumple zdjęcia robili XD
[17:07:00] <Soxis> https://www.facebook.com/marcin.ciesielski.3382/posts/410631545779893
[17:07:08] <Soxis> powinieneś móc zobaczyć z Misiek Brony
[17:07:22] <misiek200m> mhm
[17:20:11] *** Joins: Dalir (~Pony@88-199-132-54.tktelekom.pl)
[17:34:08] *** [A]McKey is now known as McKey
[17:42:28] *** Joins: VanDreadPL (~Thunderbi@user-164-127-38-133.play-internet.pl)
[17:43:09] <VanDreadPL> siema
[17:43:46] *** VanDreadPL is now known as VanDreadGTA
[17:45:19] <Misiek> Soxis, nicz nie widziem
[17:53:03] *** Quits: Night_Spark (~Michael89@user-164-126-144-31.play-internet.pl) (Ping timeout: 252 seconds)
[17:55:19] *** Joins: Night_Spark (~Michael89@user-164-126-144-31.play-internet.pl)
[17:56:09] <Misiek> nvidia bedzie dodawac wieśka 3 do kazdej topowej karty
[17:56:55] <McKey> lel
[17:57:30] *** Joins: psoras_fanfik1 (~Thunderbi@egb205.neoplus.adsl.tpnet.pl)
[17:58:38] *** Quits: psoras_fanfik (~Thunderbi@emx52.neoplus.adsl.tpnet.pl) (Ping timeout: 272 seconds)
[18:08:49] <misiek200m> Hej VanDreadGTA
[18:10:33] <VanDreadGTA> siema misiek200m
[18:34:16] *** Quits: Dalir (~Pony@88-199-132-54.tktelekom.pl) (Ping timeout: 264 seconds)
[18:42:20] <McKey> he he
[18:42:28] <McKey> 1 odcinek i już znajome twarze xD http://i.imgur.com/phv6GEh.png
[18:49:56] <Misiek> http://www.rp.pl/artykul/153227,1183911-Polska-bedzie-wieksza--Czesi-oddadza-dlug.html
[18:49:58] <Misiek> kekeke
[18:50:12] <Misiek> "granice absurdu powiększają się"
[18:53:14] *** Joins: Dalir (~Pony@88-199-132-54.tktelekom.pl)
[18:55:21] *** Quits: Dalir (~Pony@88-199-132-54.tktelekom.pl) (Client Quit)
[19:02:08] *** Joins: Nighti (5306b829@gateway/web/freenode/ip.83.6.184.41)
[19:02:28] <Nighti> Hi all
[19:19:13] <Misiek> yo
[19:26:55] *** Quits: Night_Spark (~Michael89@user-164-126-144-31.play-internet.pl) (Ping timeout: 252 seconds)
[19:27:36] *** Joins: Night_Spark (~Michael89@user-164-126-144-31.play-internet.pl)
[19:30:41] <Misiek> https://i.imgur.com/LtFPE2Z.gifv
[19:31:58] *** Joins: Dalir (~Pony@88-199-132-54.tktelekom.pl)
[19:36:51] <Nighti> :D
[19:37:21] *** Nighti is now known as Nighti_afk
[19:54:04] <Soxis> Brat pracuje w na wyspach w fabryce.bardzo podobała mi sie jego opowieść jak muslimski supervisor go wkruwił a ten go zaczął ganiać bo całym zakładzie z berlinkami w rece.
[19:55:42] *** Quits: Dalir (~Pony@88-199-132-54.tktelekom.pl) (Remote host closed the connection)
[19:58:13] *** Joins: Dalir (~Pony@88-199-132-54.tktelekom.pl)
[20:02:09] *** Quits: Dalir (~Pony@88-199-132-54.tktelekom.pl) (Remote host closed the connection)
[20:02:33] *** Joins: Dalir (~yaaic@88-199-132-54.tktelekom.pl)
[20:06:12] *** Nighti_afk is now known as Nighti
[20:10:36] *** Quits: Night_Spark (~Michael89@user-164-126-144-31.play-internet.pl) (Excess Flood)
[20:11:14] *** Joins: Night_Spark (~Michael89@user-164-126-144-31.play-internet.pl)
[20:26:46] *** Joins: Izeer (~izeer@188.29.164.205.threembb.co.uk)
[20:31:16] *** Quits: Izeer (~izeer@188.29.164.205.threembb.co.uk) (Read error: Connection reset by peer)
[20:36:56] <Nighti> Może ktoś pocieci jakiegoś fajnego fica?
[20:39:22] <McKey> Nighti>> Paste Sins
[20:41:51] *** Quits: psoras_fanfik1 (~Thunderbi@egb205.neoplus.adsl.tpnet.pl) (Ping timeout: 250 seconds)
[20:42:24] *** Joins: psoras_fanfik (~Thunderbi@aebt51.neoplus.adsl.tpnet.pl)
[20:42:57] <psoras_fanfik> swoich fanfików reklamował nie będę, one powinny bronić się same :P
[20:43:40] <misiek200m> No to ja polecam Atomówkę, Odkrycie, MLD: Reloaded i znany wszystkim EqueTrip! :D
[20:44:12] <Nighti> EqueTrip już dawno przeczytany :D
[20:44:40] <Nighti> Narazie jestem w połowie Pie Killer ale zaraz mi się pewnie skończy :/
[20:48:46] <Soxis> Nighti z angielskich polecam
[20:48:55] <Soxis> The Ballad of Echo The Diamond Dog
[20:49:01] <Soxis> http://www.fimfiction.net/story/10394/the-ballad-of-echo-the-diamond-dog
[20:57:48] <Nighti> oke dzięki :)
[21:00:24] <Nighti> Czytał ktoś FoE lub FoE:PH?
[21:11:39] <Soxis> misiek200m: https://www.youtube.com/watch?v=dl5h4qhDWg
[21:12:00] <Soxis> misiek200m: https://www.youtube.com/watch?v=dl5h4qhDWg8
[21:12:02] <Soxis> ten działą xD
[21:12:53] <VoThall> zna tu sie ktos chociaz troche na obs Soxis Night_Spark ? xD
[21:14:28] <Misiek> co
[21:14:31] <Misiek> ja
[21:14:34] <Misiek> a o co chodzi
[21:15:04] <VanDreadGTA> VoThall:  VoThall  VoThall
[21:15:09] <VanDreadGTA> zgadnij co sobie kupiłem :D
[21:15:13] <VanDreadGTA> teraz muszę pić więcej
[21:15:20] <VanDreadGTA> i muszę pić wiecej ze zajommymi XD
[21:15:22] <VoThall> XD
[21:15:24] <VoThall> co
[21:15:24] <VanDreadGTA> znajomymi XD
[21:15:26] <VoThall> xD
[21:15:31] <VanDreadGTA> https://www.youtube.com/watch?v=8KKdS0uKrxA a to :LD
[21:15:32] <VanDreadGTA> :D
[21:16:00] <VoThall> kupiles piosenke?
[21:16:27] <VanDreadGTA> VoThall:  http://puu.sh/gnLIA/6dcdaf9744.jpg tak XD
[21:17:00] <Soxis> VanDreadGTA:
[21:17:03] <Soxis> co to za maszynka na prawo
[21:17:06] <Soxis> ze światłowodami?
[21:17:24] <VanDreadGTA> Soxis:  to jest urządzenie od M$ które mnie będzie podglądać :P
[21:27:34] <Nighti> VanDreadGTA Soxis miał chyba na myśli tą zajefajną lampkę :P
[21:28:26] <Soxis> ^
[21:34:07] <psoras_fanfik> VanDreadGTA: czyli żeś se zanabył kinekta
[21:34:38] <Soxis> http://i1.kwejk.pl/k/obrazki/2015/03/1e8a783e54aaab1fd1ae7c990c8827d4.jpg
[21:34:39] <Soxis> hahahah xD
[21:34:41] *** psoras_fanfik is now known as psoras
[21:34:41] <Soxis> gdyby nie "
[21:34:49] <Soxis> "Ivan", nie byłoby to aż takie śmieszne xD
[21:49:05] *** McKey is now known as [A]McKey
[21:51:07] *** Quits: Dalir (~yaaic@88-199-132-54.tktelekom.pl) (Read error: Connection reset by peer)
[21:51:26] *** Joins: Dalir (~Pony@88-199-132-54.tktelekom.pl)
[22:03:44] *** Joins: JpHardy (4fba6efe@gateway/web/freenode/ip.79.186.110.254)
[22:04:06] <JpHardy> hej ;)
[22:04:18] <Night_Spark> Hej JpHardy
[22:04:55] <JpHardy> jest Dalir?  :D
[22:04:56] <VanDreadGTA> siema JpHardy
[22:05:04] <JpHardy> Jest *
[22:05:16] <JpHardy> no co jest z tym tel
[22:05:30] <Dalir> Co
[22:05:32] <JpHardy> Jest Dalir ?
[22:05:59] <JpHardy> chce napisać czy jesteś a zmienia mi cały czas w zart
[22:06:02] *** VanDreadGTA is now known as VanDreadPL
[22:06:10] <Dalir> No jestem powiedzmy
[22:06:54] <JpHardy> Dalirku wyślesz mi na fb stronę z odc mlp? :P
[22:07:26] <Dalir> Nie wiem
[22:07:28] <Dalir> Nie teraz
[22:07:30] <Dalir> Nie dzis
[22:07:37] <Night_Spark> http://www.dailymotion.com/MysteriousBrony
[22:08:04] <JpHardy> Musze mieć na Fb ponieważ chce jutro od rana sobie obejrzeć :P
[22:09:39] <JpHardy> Co tam u was słychać ? ;)
[22:10:12] <JpHardy> Kurwa ten tel jest zjebany
[22:10:15] <Night_Spark> Ja wkrótce się przeprowadzam do miasta
[22:10:52] <Nighti> hej JpHardy
[22:11:00] <JpHardy> Hej ;)
[22:11:34] <JpHardy> Van znasz się na tel ? 😊
[22:11:42] <Night_Spark> JpHardy: pisz, nie przejmuj się emotami
[22:11:52] <Night_Spark> O.o
[22:12:26] <JpHardy> Ja pisze jedno a telefon sam mi zmienia na inne słowo jak wysle
[22:12:46] <VanDreadPL> JpHardy:  to się nazywa autokorekta
[22:12:55] <Night_Spark> Może słownik łapie laga
[22:13:23] <JpHardy> Van ale autokrata jest jak pisze czyli jeszcze mógł poprawić a tu dopiero jak wysle zmienia mi słowa
[22:13:39] <Nighti> Radzę wyłączyć T9 czy jakoś tak ;p
[22:13:54] <Nighti> nic nie pisalem :P
[22:14:40] <JpHardy> Trochę technologii i się człowiek gubi :D
[22:17:32] <JpHardy> Ciekawe czy działa coś poustawial3m :D   Jest
[22:17:44] <JpHardy> o działa :D
[22:18:34] <JpHardy> no to teraz mogę pisać ;) Co tam jak tam ? Jak wam się żyje ? 😊
[22:18:55] <JpHardy> I UJ znowu to samo :(
[22:19:40] <VanDreadPL> ale z czym ty walczysz
[22:19:48] <VanDreadPL> niby co ci zmieniło?
[22:20:24] <JpHardy> Jak pisze np J e s t  to samo mi zmienia po wysłaniu treść zamienia to innym słowem
[22:22:27] <VanDreadPL> i na co ci zmienia?
[22:22:38] <JpHardy> na żart
[22:22:47] <Dalir> JpHardy: strona z odcinkami to Mystheria22
[22:22:52] <Dalir> Na dailymotion
[22:23:29] <JpHardy> Chyba ze wy widzicie normalnie i mi na tel tylko zmienia
[22:23:49] <Dalir> JpHardy: no napisz cos co ci zmienia
[22:23:57] <Dalir> I powiedz czy zmienilo a potem ci wysle co ja widze
[22:24:07] <JpHardy> jest
[22:24:14] <JpHardy> co widzisz ?
[22:24:19] <VanDreadPL> 22:24:07 - JpHardy: jest
[22:24:38] <Dalir> A ty widzisz '' zart '' ?
[22:24:45] <JpHardy> a ja widzę żart :D Czyli to mój głupi tel
[22:24:53] <Dalir> Wtf
[22:25:07] <Dalir> Ale kuhwa gdzie jest a gdzie zart
[22:25:09] *** Quits: JpHardy (4fba6efe@gateway/web/freenode/ip.79.186.110.254) (Quit: Page closed)
[22:25:22] <Dalir> Jkl na jednym klawiszu
[22:25:26] <Dalir> Xyz na innym
[22:25:34] <Dalir> Tak samo a i e
[22:25:40] <Dalir> No pojebany telefon ma xD
[22:25:40] *** Joins: JpHardy (4fba6efe@gateway/web/freenode/ip.79.186.110.254)
[22:25:54] <JpHardy> może teraz
[22:26:03] <JpHardy> jest
[22:26:14] <JpHardy> Dobra działa ;)
[22:26:42] <JpHardy> I nawet wiem przez co nie działało :P
[22:27:18] <JpHardy> Miałem włączone tłumaczenie strony :P
[22:27:48] <VanDreadPL> wlazłeś na irca przez strone za pomocą telefonu
[22:27:51] <VanDreadPL> hmm dzielnie XD
[22:28:28] <JpHardy> Level up :D
[22:28:52] <Dalir> O.O
[22:29:02] <Dalir> JpHardy: jestes empo?
[22:29:06] <Dalir> Kurwa
[22:29:07] <Dalir> Emo?
[22:29:17] <JpHardy>  Nie a czemu ? ;)
[22:30:02] <Dalir> Irc przez przegladarke w tel
[22:30:18] <JpHardy> Mam androida to mogę :P
[22:30:28] <Dalir> Ale i tak
[22:30:36] <Dalir> A jaki andek?
[22:30:40] <Dalir> I ile cali tel?
[22:30:48] <JpHardy> Najnowszy :)
[22:31:00] <Dalir> A to moze wybacze
[22:31:03] <JpHardy> Samsung galaxy s4
[22:31:09] <Dalir> Ale wez sciagnij klient irca
[22:31:30] <Misiek> https://www.youtube.com/watch?v=li0OCzVqjOU
[22:31:36] <JpHardy> To już jutro ściągnę ;)
[22:32:09] <misiek200m> JpHardy szaleniec xD
[22:32:15] <Dalir> Tlumaczenie strony rlz
[22:32:24] <Dalir> Jest = żart
[22:32:40] <Dalir> No tsk, jest przeciez - Jester
[22:32:47] <Dalir> Trefnis, zartownis
[22:33:02] <Dalir> Ale mondrq przeglondarka
[22:33:04] <Dalir> Mondra*
[22:33:17] <JpHardy> Zrobię ci jutro zdjęcia włączę ten tryb tłumaczenia strony :P
[22:34:40] <Misiek> https://lh4.googleusercontent.com/-O-drCRofRPg/VPd2bdChnBI/AAAAAAADKqo/FigSAFZdKEQ/w480-h270-no/IMG_7008.GIF
[22:35:39] <JpHardy> Tak wgl Dalir nie chcesz kupić konta do lola ? 😁
[22:37:21] <JpHardy> Jak dla ciebie za 800 zl
[22:38:57] <misiek200m> Janusze biznesu xDD
[22:39:16] <JpHardy> + dorzucę konto do Smita
[22:40:46] <JpHardy> misiek200m nie Janusze :D Potrzebuje kasy :P
[22:43:06] <Dalir> JpHardy oskarze cie o morderstwo
[22:43:16] <Dalir> Zabiles mnie ty idiotycznym zartem
[22:44:05] <JpHardy> Możesz mnie oskarżać ;)
[22:45:29] <JpHardy> a o to pytałem serio bo potrzebuje kasy w lola nie gram a Ty chciałeś kiedyś to mój konto ;)
[22:46:28] <Dalir> Ale cie chyba pojebalo xD 800zl.
[22:46:53] <JpHardy> + konto do Smita :D
[22:47:07] <Dalir> Tjaaa
[22:47:15] <Dalir> Idz szukac innego frajera
[22:48:03] <JpHardy> Nie to nie :P
[22:49:16] <Dalir> Spytaj sie Vana co by za ta kase zrobil xD
[22:49:45] <JpHardy> Van co byś zrobił za 800 zl ? :)
[22:49:48] <Dalir> Kurwa van by za to zrobil wesele na 100 osob a ty mnie jakies beznadziejne konto do gierki proponujesz
[22:50:09] <JpHardy> Ja zbieram na motor :P
[22:51:28] <Dalir> A to zbieraj
[22:51:35] <Misiek> baj
[22:51:37] *** Quits: Misiek (~Misiek@bcg133.neoplus.adsl.tpnet.pl) (Quit: Leaving)
[22:52:31] <JpHardy> Dalir to może Fiata 126p ? :)
[22:52:40] <Dalir> Ić się schowaj
[22:52:42] <Dalir> I umrzyj
[22:52:48] <misiek200m> JpHardy sprzedaj nerkę xD
[22:53:01] <JpHardy> Za kilka lat będzie dużo wart :D
[22:53:41] <JpHardy> misiek200m ona może mi się jeszcze przydać ;)
[22:54:10] <misiek200m> to wtedy odkupisz xD
[22:54:21] <JpHardy> :D
[22:55:34] <JpHardy> Dobra lecę trzymajcie się :D A ty Dalir się już nie denerwuj złość piękności szkodzi 😘
[22:56:10] <misiek200m> Na razie :p
[22:56:23] <Dalir> Tja
[22:56:32] <Dalir> Zebym ja to w ogole kiedys piekny by
[22:56:35] <Dalir> Byl*
[22:59:55] *** Quits: JpHardy (4fba6efe@gateway/web/freenode/ip.79.186.110.254) (Ping timeout: 246 seconds)
[23:00:10] <Dalir> Soxis: kurde
[23:00:25] <Dalir> JpHardy cie bije na glowe
[23:05:25] *** Joins: VanDreadPL1 (~Thunderbi@user-164-127-38-133.play-internet.pl)
[23:05:41] <VanDreadPL1> ej ej
[23:05:47] <VanDreadPL1> głupi internet
[23:05:59] *** Quits: VanDreadPL (~Thunderbi@user-164-127-38-133.play-internet.pl) (Ping timeout: 246 seconds)
[23:06:19] *** Joins: izeer (56948320@gateway/web/freenode/ip.86.148.131.32)
[23:06:28] <izeer> szalom
[23:06:40] <VanDreadPL1> żyd
[23:06:41] <Dalir> Aloha
[23:06:49] <VanDreadPL1> Siemano
[23:07:22] <Soxis> Dalir: co
[23:07:24] <Soxis> xD
[23:07:41] <Dalir> A nie wiem xD
[23:15:42] <Soxis> ide
[23:15:44] <Soxis> nQ
[23:21:16] *** Quits: Nighti (5306b829@gateway/web/freenode/ip.83.6.184.41) (Ping timeout: 246 seconds)
[23:21:59] *** Quits: Soxis (~chatzilla@86-63-85-25.sta.asta-net.com.pl) (Remote host closed the connection)
[23:29:03] *** Joins: izeer_ (6d9c8f07@gateway/web/freenode/ip.109.156.143.7)
[23:30:22] *** Quits: izeer (56948320@gateway/web/freenode/ip.86.148.131.32) (Ping timeout: 246 seconds)
[23:37:54] <VanDreadPL1> też uciekma
[23:37:57] <VanDreadPL1> 3majcie się
[23:38:22] <izeer_> VanDreadPL1:  własnie ze nie
[23:38:35] <Dalir> XD
[23:38:38] <Dalir> Niestety
[23:38:43] <VanDreadPL1> izeer_:  a no widzisz
[23:38:46] <VanDreadPL1> jednak jesteś
[23:38:49] <VanDreadPL1> dobra 3majcie się
[23:39:05] *** Quits: VanDreadPL1 (~Thunderbi@user-164-127-38-133.play-internet.pl) (Quit: VanDreadPL1)
[23:49:32] *** Quits: psoras (~Thunderbi@aebt51.neoplus.adsl.tpnet.pl) (Quit: Narazicho!)
[23:51:59] <Dalir> Dobranoc
[23:52:02] *** Quits: Dalir (~Pony@88-199-132-54.tktelekom.pl) (Quit: Nie mam jeszcze pomysla na quit message)
