[21:11:39] <Dalir> VanDreadPL: ze co?
[21:11:52] <Dalir> Twn od zdupy zalozyl to cos na tfasz? XD
[21:11:56] <Dalir> Ten*
[21:12:06] <VanDreadPL> Dalir:  no tak
[21:12:22] <Dalir> To sie robi straszne ._.
[21:12:56] <VanDreadPL> http://freakshowproject.blogspot.com/2015/02/dawaj-rzeczy-z-dupy.html?m=1
[21:12:57] <VanDreadPL> XD
[21:13:45] <VanDreadPL> http://www.partiakorwin.pl/januszkoranmekka
[21:15:33] <Misiek> xDDDDDDDDDDDDDDDDDDDDDDDDDDDDDDDDDDD
[21:15:37] <Misiek> kuc 100%
[21:15:50] <psoras> http://x3.cdn03.imgwykop.pl/c3201142/comment_5Ua9nErrlpM14CUlrzgnSgeP2tMPc7UB.jpg jakie to głupie ^^
[21:16:52] <SoxisCSGO_> XDDD
[21:17:06] <psoras> https://www.youtube.com/watch?v=gyfHkRtv57Y a z tego wynika, że Twalot wyląduje w komunie zafiksowanej na punkcie równości społecznej :P
[21:18:40] <VanDreadPL> ^Spoiler 5S
[21:18:47] <VanDreadPL> i nie mowa tu o iphoneXD\
[21:19:12] <VanDreadPL> nie palę już 11 dzień
[21:19:16] <VanDreadPL> czas to uczcić :D
[21:19:24] <VanDreadPL> jest środek tygodnia a wiec
[21:19:29] *** VanDreadPL is now known as VanDreadPIWO
[21:24:15] <VanDreadPIWO> ekstra i teraz będę pałował jedną piosenkę cały dzień
[21:25:17] *** Joins: izeer (05511e8e@gateway/web/freenode/ip.5.81.30.142)
[21:25:44] <izeer> no elo
[21:26:43] <psoras> hej
[21:26:46] <psoras> https://fbcdn-sphotos-d-a.akamaihd.net/hphotos-ak-xpf1/v/t1.0-9/541639_790712624342595_3816508727723898358_n.jpg?oh=734c420faa1ee196a676e35e4890a78c&oe=555516C0&__gda__=1431025964_db5ba2f39afda9c524744554b7886b7d :D
[21:27:04] <VanDreadPIWO> siema izeer
[21:27:30] <VanDreadPIWO> izeer:  opijam 11 dzień bez papierosa
[21:27:38] <izeer> to sie dołącze
[21:30:04] <VanDreadPIWO> SoxisCSGO_:  http://img.myepicwall.com/2015/02/e19b77b6f1455a044b4c3aad7c1f7ab2.jpg
[21:32:22] <SoxisCSGO_> bym jak pudzian wyglądał xD
[21:32:22] <izeer> https://www.youtube.com/watch?v=gyfHkRtv57Y
[21:36:23] <VanDreadPIWO> izeer:  dzięki za spoiler
[21:36:31] <VanDreadPIWO> jak nie psoras  to ten XD
[21:36:32] <VanDreadPIWO> ale spoko
[21:36:37] <izeer> hue
[21:36:40] <VanDreadPIWO> widziałem to już wcześniej hehe
[21:36:43] *** izeer is now known as izeer_BeerPony
[21:36:53] <psoras> ja wiem czy trailer liczy się jako spojler
[21:37:04] <VanDreadPIWO> izeer_BeerPony:  koleś z dupy http://1.bp.blogspot.com/-6vvQGCZ2ACc/VNnco2pdWaI/AAAAAAAAZog/vSyAK6spcnE/s1600/_WLP8348.jpg
[21:37:11] <VanDreadPIWO> psoras: każda scena
[21:37:13] <VanDreadPIWO> to spoiler
[21:37:34] <izeer_BeerPony> pedau xD
[21:39:49] <VanDreadPIWO> izeer_BeerPony:  najbardziej ambitna piosenka z najbardziej ambitnym tekstem ever
[21:39:50] <VanDreadPIWO> https://www.youtube.com/watch?v=GG_PMf6tdAo
[21:40:38] <VanDreadPIWO> izeer_BeerPony:  rozwinięcie tekstu od 1:10
[21:40:39] <VanDreadPIWO> XD
[21:40:44] <izeer_BeerPony> ja pierdole
[21:40:48] <izeer_BeerPony> 5 sekund i mam dość
[21:41:18] <VanDreadPIWO> a ja jednak pogratuluje fajnie to zmontowali
[21:41:27] <VanDreadPIWO> do tego podkład mi się podoba
[21:47:33] <VanDreadPIWO> byłem dziś u kumpla
[21:47:44] <VanDreadPIWO> Zmienia miejsca pracy
[21:48:04] <VanDreadPIWO> pytam to gdzie teraz bedzie robił odpowiada mi że będzie robić teraz na pomorskiej
[21:48:11] <VanDreadPIWO> Zgadnijcie jaka była pierwsza myśl :P
[21:49:46] <psoras> ...więzienie? O.o
[21:49:55] <psoras> [ale to na wrocławskiej Pomorskiej]
[21:50:01] <izeer_BeerPony> sztum
[21:50:21] <VanDreadPIWO> psoras:  no pierwsza myśl to W11
[21:50:57] <VanDreadPIWO> że pewnie dla w11 będzie robił :P
[21:51:09] <VanDreadPIWO> a on że kurwa każdy mu to mówi
[21:51:16] <VanDreadPIWO> tvn niszczy ludzi :P
[21:52:12] *** Quits: SoxisCSGO_ (563f5519@gateway/web/freenode/ip.86.63.85.25) (Quit: Page closed)
[21:53:15] *** Joins: [A]McKey (~McK@ipv6.antyklay.pl)
[21:53:15] *** [A]McKey is now known as McKey
[21:54:29] <izeer_BeerPony> kurde jakie smaczne piwo kupiłem
[21:54:55] <izeer_BeerPony> szkoda ze tylko jedno
[21:56:09] <VanDreadPIWO> izeer_BeerPony:  jakie piwo kupiłeś?
[21:57:08] <izeer_BeerPony> wysłałem ci
[21:57:53] <VanDreadPIWO> Kiedy?
[21:58:00] <izeer_BeerPony> na snapa
[21:58:01] <izeer_BeerPony> teraz
[21:58:10] <VanDreadPIWO> aaa
[21:58:14] <VanDreadPIWO> nie wiem gdzie mam telefon
[22:01:13] *** Quits: Misiek (~Misiek@ekc187.neoplus.adsl.tpnet.pl) (Ping timeout: 245 seconds)
[22:04:49] <VanDreadPIWO> uwielbiam takie nuty https://www.youtube.com/watch?v=jvipPYFebWc
[22:27:02] <izeer_BeerPony> VanDreadPIWO:  nuta jak nuta, ale filmik swietny
[22:27:15] <VanDreadPIWO> no zajebiście im to wyszło :D
[22:27:24] <VanDreadPIWO> izeer_BeerPony:  a co do uwielbiam
[22:27:34] <VanDreadPIWO> ja kocham jak gdzieś są skrzypce :D
[22:27:40] <VanDreadPIWO> od dzieciaka tak mam
[22:29:50] *** McKey is now known as [A]McKey
[22:30:39] <izeer_BeerPony> VanDreadPIWO:  https://www.youtube.com/watch?v=aE2GCa-_nyU to juz klasyk od niej
[22:31:09] <VanDreadPIWO> a no znam
[22:31:45] <VanDreadPIWO> izeer_BeerPony:  no ale kurde klip do Roundtable Rival
[22:31:51] <VanDreadPIWO> no zajebisty pomysł
[22:31:57] <VanDreadPIWO> podkład tez pasuje genialnie
[22:32:15] <izeer_BeerPony> gdzies widziałem w podobnym stylu teledysk, tylko o wiele wiecej efektów
[22:33:15] <VanDreadPIWO> izeer_BeerPony:  https://www.youtube.com/watch?v=akjUcRHSPdU?
[22:33:16] <VanDreadPIWO> to?
[22:33:25] <izeer_BeerPony> nie
[22:33:39] <VanDreadPIWO> pamiętam było jeszcze że byli 1 na 1 \
[22:34:02] <VanDreadPIWO> ale jeżeli masz na myśli ze dziki zachód i podobne to nie mam pomysłów
[22:34:34] <VanDreadPIWO> pierwsze dwie takie jakby bitwy jakie wpadły mi do bani to na gitary
[22:35:00] <VanDreadPIWO> to jest drugie http://youtu.be/TEU-iZ8ayUo?t=1m21s
[22:35:32] <izeer_BeerPony> nie wiem gdzie ten filmik jest
[22:36:41] <izeer_BeerPony> dobra, obejrze sobie filma
[22:36:52] <VanDreadPIWO> no ta u ciebie dopiero 21
[22:36:59] <VanDreadPIWO> u mnie już 22:36
[22:37:08] <VanDreadPIWO> ja już bardziej kminie w kierunku wyra
[22:37:49] <izeer_BeerPony> zazdro co
[22:42:08] <VanDreadPIWO> izeer_BeerPony:  czy ja wiem
[22:42:13] <VanDreadPIWO> może trochę
[23:12:38] <psoras> http://chatolandia.pl/2015/02/06/have-you-ever-been-high-as-fuck-fantasy/ ale to jest zryte :D
[23:39:22] <Soxis> ide
[23:39:24] <Soxis> nQ
[23:39:29] <psoras> pa
[23:39:35] *** Quits: Soxis (~chatzilla@86-63-85-25.sta.asta-net.com.pl) (Remote host closed the connection)
[23:40:07] <Dalir> Dobranov
[23:40:09] *** Quits: Dalir (~Pony@88-199-132-54.tktelekom.pl) (Quit: Nie mam jeszcze pomysla na quit message)
[23:43:54] <psoras> VanDreadPIWO: http://www.topgear.com/uk/car-news/dubai-police-cars-2015-02-11
[23:45:56] <VanDreadPIWO> psoras:  lubie to
[23:46:11] <psoras> tak na wszelki, masz z Warszawy bezpośrednie samoloty do Dubaju ^^
[23:47:40] <VanDreadPIWO> psoras:  ale co mam tam lecieć by mnie poganiali XD?
[23:47:48] <VanDreadPIWO> myślę że szans tam nie mam
[23:47:54] <VanDreadPIWO> baaa tam lepiej się z nimi nie bawić
[23:48:00] <VanDreadPIWO> bo to to jest dla nich pokazówka XD
[23:48:10] <VanDreadPIWO> w ramach pościgu wysyłają bombowce
[23:48:27] <VanDreadPIWO> a rozbić u nich taką fure jakie mają to jak unas rozbić passata
[23:48:31] <psoras> wiesz co, do Dubaju poleciałbym dla samego chłonięcia zarąbistości wszystkimi komórkami ciała :3
[23:48:34] <VanDreadPIWO> trochę smutek ale to tylko samochód :P
[23:48:44] <VanDreadPIWO> psoras:  true
[23:49:06] <VanDreadPIWO> ale musiałbym w chuj poczytać by sie w ich kulturę w butach nie wjebać
[23:49:07] <psoras> sprawdzałem wizy - Polacy dostają bezpłatne 30-dniowe na lotnisku
[23:49:15] <psoras> o, a to racja
