[00:02:30] *** Joins: ShadowWind (~ShadowWind@Pony-gi7hbj.frsnca.sbcglobal.net)
[00:03:48] *** Quits: ShadowWind (~ShadowWind@Pony-gi7hbj.frsnca.sbcglobal.net) (Quit: Page closed)
[00:18:46] *** Quits: Phase4 (Phase4@Pony-965.2q4.209.118.IP) (Ping timeout: 121 seconds)
[00:43:20] *** Rhenn is now known as Toothie
[00:48:55] *** GigaWork is now known as Gigabit
[00:52:03] *** Vampa is now known as Hoofy
[01:07:49] *** Quits: amar (Trex@Pony-tgv.d39.78.77.IP) (Quit: Leaving)
[01:14:48] *** Quits: Toothie (uid63062@Pony-f8galh.hqe2.tdoh.8300.2604.IP) (Quit: "Friendship ain't magic; it's a miracle." -ClaviSound http://tinyurl.com/p9wkvyo)
[01:23:30] *** Quits: Summer_ (Summer_@Pony-snj1tm.ga.comcast.net) (Ping timeout: 121 seconds)
[01:26:22] *** Quits: Proton (Dashie@Pony-of3.m8h.197.67.IP) (Ping timeout: 121 seconds)
[01:39:02] *** Joins: Rin_ (androirc@Pony-r1c.ogn.87.66.IP)
[01:39:34] *** Joins: Proton (Dashie@Pony-2hb.u30.104.208.IP)
[01:42:50] *** Quits: Corrine (androirc@Pony-jmo.fa0.134.75.IP) (Ping timeout: 121 seconds)
[01:43:28] *** Joins: Phase4 (Phase4@Pony-odh.t6c.45.203.IP)
[01:43:29] *** Quits: Phase4 (Phase4@Pony-odh.t6c.45.203.IP) (A TLS packet with unexpected length was received.)
[01:43:50] *** Joins: Phase4 (Phase4@Pony-odh.t6c.45.203.IP)
[02:37:10] *** Joins: Corrine (androirc@Pony-7dm.pfc.20.184.IP)
[02:37:11] *** Quits: Rin_ (androirc@Pony-r1c.ogn.87.66.IP) (Connection closed)
[02:37:13] <Corrine> Hey
[02:37:14] <Twili> Ponies say Hey is hay!
[02:48:50] <Proton> Hey
[04:14:31] *** Quits: Alcoholicorn (Alcoholicor@Pony-bfp.0d7.20.67.IP) (Ping timeout: 121 seconds)
[04:18:24] *** Joins: Gearheart (Gearheart@Pony-e1f.seh.45.50.IP)
[04:45:53] *** Black is now known as Dusk_Blaze
[04:50:18] *** Dusk_Blaze is now known as BlackCat
[05:26:16] *** Joins: StarBeatsPonyArtist_ (~StarBeatsPo@Pony-naj.p9p.111.50.IP)
[05:26:48] <StarBeatsPonyArtist_> wait.... you're here too geekbrony?
[05:26:53] <GeekBrony> yes
[05:26:54] <GeekBrony> :D
[05:27:01] <Corrine> I have just heard the greatest story ever
[05:27:11] <StarBeatsPonyArtist_> aww crap again with this nickname problem
[05:30:15] <StarBeatsPonyArtist_> how do i make my IRC chat connect to canternet
[05:30:31] <GeekBrony> You mean the #Canternet thing?
[05:31:03] <GeekBrony> type "/join #Channel"
[05:31:17] <StarBeatsPonyArtist_> oh
[05:48:04] *** Quits: Gearheart (Gearheart@Pony-e1f.seh.45.50.IP) (Quit: Leaving)
[05:51:27] *** Quits: StarBeatsPonyArtist_ (~StarBeatsPo@Pony-naj.p9p.111.50.IP) (Ping timeout: 121 seconds)
[06:03:11] *** BlackCat is now known as BackCatMagic
[06:03:48] *** Ashley is now known as SilverSpoon
[06:07:33] *** BackCatMagic is now known as BlackCat
[06:11:07] *** Joins: pony_123 (texasboykc0@the.texas.alicorn)
[06:11:41] *** Quits: texasboykc09 (texasboykc0@the.texas.alicorn) (Killed (NickServ (GHOST command used by pony_123)))
[06:11:46] *** pony_123 is now known as texasboykc09
[06:16:25] *** SilverSpoon is now known as Ashley
[07:11:35] *** Quits: Corrine (androirc@Pony-7dm.pfc.20.184.IP) (Quit: "Football, bloody hell!" - Sir Alex Ferguson)
[07:12:11] *** Quits: Phase4 (Phase4@Pony-odh.t6c.45.203.IP) (Ping timeout: 121 seconds)
[07:27:08] *** Quits: Rainb (rainb@Pony-cn5.akh.50.181.IP) (Ping timeout: 121 seconds)
[07:38:09] *** Joins: Alcoholicorn (Alcoholicor@Pony-bfp.0d7.20.67.IP)
[07:50:52] *** Quits: gunthler (Gunthler@T.money) (Quit: https://youtu.be/5FjWe31S_0g )
[08:09:53] *** Joins: Phase4 (Phase4@Pony-965.2q4.209.118.IP)
[08:16:21] *** Joins: Lunia (ellen@ChumPony.Enterprises)
[08:24:54] *** [A]McKey is now known as McKey
[08:33:20] *** BlackCat is now known as Nully
[08:43:35] *** Quits: Phase4 (Phase4@Pony-965.2q4.209.118.IP) (Quit: Leaving)
[08:43:51] *** Joins: Phase4 (Phase4@Pony-965.2q4.209.118.IP)
[09:28:15] *** Joins: Pi (saxopi@Pony-c9l.v1o.94.119.IP)
[09:45:56] *** Hoofy is now known as Hoofy_tired
[09:57:18] *** Quits: Lunia (ellen@ChumPony.Enterprises) (Ping timeout: 121 seconds)
[10:05:32] *** Quits: Nully (BlackCat@tor.sasl.Nelly) (Ping timeout: 121 seconds)
[11:28:24] *** Quits: Pi (saxopi@Pony-c9l.v1o.94.119.IP) (Quit: Leaving)
[11:29:30] *** Quits: Alcoholicorn (Alcoholicor@Pony-bfp.0d7.20.67.IP) (Ping timeout: 121 seconds)
[11:33:22] *** Joins: Pi (Pi@Pony-c9l.v1o.94.119.IP)
[12:13:11] *** Joins: Rainb (rainb@Pony-cn5.akh.50.181.IP)
[12:30:19] *** Hoofy_tired is now known as Hoofy
[12:42:42] *** Quits: Rainb (rainb@Pony-cn5.akh.50.181.IP) (Ping timeout: 121 seconds)
[13:04:48] *** Joins: Phase5 (Phase4@Pony-gar.o6h.209.118.IP)
[13:05:16] *** Quits: Phase4 (Phase4@Pony-965.2q4.209.118.IP) (Killed (NickServ (GHOST command used by Phase5!Phase4@Pony-gar.o6h.209.118.IP)))
[13:05:19] *** Phase5 is now known as Phase4
[13:18:43] *** Quits: Proton (Dashie@Pony-2hb.u30.104.208.IP) (Connection closed)
[13:31:51] *** Quits: Pi (Pi@Pony-c9l.v1o.94.119.IP) (Quit: Lend us 10p for a cuppa tea?)
[13:57:29] *** Joins: Alcoholicorn (Alcoholicor@Pony-bfp.0d7.20.67.IP)
[13:57:32] *** Joins: Pi (saxopi@Pony-c9l.v1o.94.119.IP)
[16:01:16] *** Quits: Finwe (vhalkola@Pony-bs4ovt.org.aalto.fi) (Connection closed)
[16:29:45] *** Gigabit is now known as GigabitPony
[16:42:09] *** Quits: Pi (saxopi@Pony-c9l.v1o.94.119.IP) (Connection closed)
[16:42:30] *** Joins: Pi (saxopi@Pony-c9l.v1o.94.119.IP)
[16:52:03] *** Quits: Pi (saxopi@Pony-c9l.v1o.94.119.IP) (Connection closed)
[16:52:29] *** Joins: Pi (saxopi@Pony-c9l.v1o.94.119.IP)
[17:02:04] *** Joins: Nelly (BlackCat@Anonlight.Starsarebeautiful)
[17:16:04] *** Joins: gunthler (Gunthler@T.money)
[17:36:31] *** Joins: Saxopi (Pi@Pony-c9l.v1o.94.119.IP)
[17:37:35] *** Quits: Pi (saxopi@Pony-c9l.v1o.94.119.IP) (Ping timeout: 121 seconds)
[17:37:39] *** Saxopi is now known as Pi
[17:59:35] *** Quits: Pi (Pi@Pony-c9l.v1o.94.119.IP) (Quit: Lend us 10p for a cuppa tea?)
[18:06:20] *** Quits: Nelly (BlackCat@Anonlight.Starsarebeautiful) (Ping timeout: 121 seconds)
[18:14:10] *** Joins: Nelly (BlackCat@Anonlight.Starsarebeautiful)
[18:17:32] *** Joins: Lunia (ellen@ChumPony.Enterprises)
[18:34:02] *** Quits: Nelly (BlackCat@Anonlight.Starsarebeautiful) (Ping timeout: 121 seconds)
[18:35:11] *** Quits: Alcoholicorn (Alcoholicor@Pony-bfp.0d7.20.67.IP) (Ping timeout: 121 seconds)
[18:36:05] *** Joins: Nelly (BlackCat@Anonlight.Starsarebeautiful)
[18:42:33] *** GigabitPony is now known as Gigabit
[18:44:41] *** Joins: McKey (Kordus@twilightsparkle.ovh)
[18:44:41] -daring.canternet.org- Replaying up to 10 lines of pre-join history spanning up to 300 seconds
[18:47:24] *** McKey is now known as [A]McKey
[18:47:38] *** [A]McKey is now known as McKey
[19:04:06] *** Gigabit is now known as Gigaway
[19:13:57] *** Joins: Alcoholicorn (Alcoholicor@Pony-bfp.0d7.20.67.IP)
[20:04:44] *** Joins: ellen (ellen@Pony-hp5.dkv.242.62.IP)
[20:04:50] *** Quits: Lunia (ellen@ChumPony.Enterprises) (Ping timeout: 121 seconds)
[20:12:11] *** Quits: ellen (ellen@Pony-hp5.dkv.242.62.IP) (Quit: Konversation terminated!)
[21:03:21] *** Quits: bikey (repair@s.no.bike) (Quit: WeeChat 1.1.1)
[21:03:29] *** Joins: bikey (repair@Pony-and.br1.52.198.IP)
[21:41:48] *** Nelly is now known as Halcyon_Daze
[21:47:02] *** Joins: Pony_2 (~Pony_2@Pony-005.gro.248.50.IP)
[21:47:13] *** Pony_2 is now known as MissChief
[22:12:05] *** Joins: Proton (Dashie@Pony-2hb.u30.104.208.IP)
[22:12:46] *** Joins: Lunia (ellen@ChumPony.Enterprises)
[22:29:45] *** Quits: Alcoholicorn (Alcoholicor@Pony-bfp.0d7.20.67.IP) (Ping timeout: 121 seconds)
[22:36:27] *** Quits: Lunia (ellen@ChumPony.Enterprises) (Quit: Konversation terminated!)
[22:48:26] *** Quits: Halcyon_Daze (BlackCat@Anonlight.Starsarebeautiful) (The TLS connection was non-properly terminated.)
[23:19:07] *** McKey is now known as [A]McKey
