[00:39:37] <BlackBird> Dobranoc
[00:39:37] <Derpi> Śpij dobrze
[00:39:45] <BlackBird> Niech Luna bedzie z wami
[00:39:45] <Derpi> Dobranoc
[04:29:36] <Derpi> Znasz ciekawe kucykowe creepypasty? Wyślij je na adres: "kejosnote@wp.pl", aby posłuchać ich podczas czwartkowej audycji "Z archiwum K"!
[05:40:06] *** Quits: Lunia (ellen@ChumPony.Enterprises) (Ping timeout: 121 seconds)
[09:14:22] *** Joins: Trussew (Trussew@Pony-em8fqn.adsl.tpnet.pl)
[09:15:31] <Trussew> Witojciee
[09:17:40] <Trussew> Derpi!
[09:17:41] <Derpi> Rawr!
[09:36:32] *** Quits: Trussew (Trussew@Pony-em8fqn.adsl.tpnet.pl) (Quit: Page closed)
[10:01:52] *** Joins: Zorysia (Zorysia@Pony-pers4r.adsl.tpnet.pl)
[10:32:04] *** Quits: Zorysia (Zorysia@Pony-pers4r.adsl.tpnet.pl) (Ping timeout: 121 seconds)
[14:20:01] *** Joins: Lunia (ellen@ChumPony.Enterprises)
[14:20:01] *** Pinkamena sets mode: +h Lunia
[15:05:00] <BlackBird> hai
[15:05:00] <Derpi> Już jesteś?
[15:05:28] *** Joins: Andragor (Andrabot@Pony-n0rko5.adsl.inetia.pl)
[15:05:32] <Andragor> Dobry.
[15:05:32] <Derpi> hejka
[15:08:52] <BlackBird> Witaj!
[15:08:52] <Derpi> ahoj
[15:52:16] * misiek200m hugs Derpi
[15:52:16] * Derpi ucieka przed misiek200m
[15:52:18] <misiek200m> :c
[15:52:22] <misiek200m> Derpi?
[15:52:22] <Derpi> tak?
[15:52:26] <misiek200m> Dlaczego?
[16:13:39] *** Joins: Zorysia (Zorysia@Pony-oaghmr.dynamic.t-mobile.pl)
[16:47:17] <BlackBird> witaj
[16:47:18] <Derpi> Siema, Co tam?
[16:50:09] <Eivel> dobry
[16:50:09] <Derpi> Hej Eivel :)
[16:50:13] <Eivel> hej derpi
[16:50:13] <Derpi> Ave Luna!
[18:40:32] *** [A]McKey is now known as McKey
[18:47:10] <McKey> dobry
[18:47:10] <Derpi> yay!
[18:58:31] *** Quits: Lunia (ellen@ChumPony.Enterprises) (Ping timeout: 121 seconds)
[19:08:17] *** Joins: GreenWay (GreenWay@Pony-8ur2sd.bielskpodlaski.mm.pl)
[19:08:18] *** Eivel sets mode: +v GreenWay
[19:12:09] *** Joins: Flyghtning (Flyghtning@Pony-vqerlh.man.tk-internet.pl)
[19:12:10] *** Pinkamena sets mode: +v Flyghtning
[19:12:18] *** McKey is now known as [A]McKey
[19:12:38] *** Joins: Truss (Truss@Pony-kfl.0cm.130.31.IP)
[19:24:51] *** Joins: Lunia (ellen@ChumPony.Enterprises)
[19:24:51] *** Pinkamena sets mode: +h Lunia
[19:29:50] <Truss> Witaj Lunia
[19:30:01] <Lunia> hhej
[19:41:55] *** Quits: Truss (Truss@Pony-kfl.0cm.130.31.IP) (Ping timeout: 121 seconds)
[19:53:52] *** [A]McKey is now known as McKey
[19:59:36] *** Joins: Truss (Truss@Pony-kfl.0cm.130.31.IP)
[20:06:38] <Flyghtning> lekkie opoznienie
[20:06:47] <Flyghtning> ale zaraz ruszy
[20:07:59] <Truss> Uuu
[20:08:02] <Truss> Remix ^^
[20:08:18] <GreenWay> będzie zabawa będzie się działo
[20:08:33] <Truss> Mój utwór GreenWay
[20:08:39] <Truss> Tylko remix jego
[20:08:49] <GreenWay> najs
[20:08:52] <Flyghtning> no od siebie tez cos tam dodalem ale maly fragment
[20:08:52] <Truss> Ale masz rację :D
[20:09:08] <Flyghtning> 2,5h robilem
[20:09:16] <Flyghtning> wczoraj xd
[20:09:22] <Truss> Flyghtning: przyjmij zaraz screena do zatwierdzenia
[20:09:30] <Truss> No tak, wczoraj :v
[20:09:33] <Flyghtning> ok biore na klate
[20:09:38] <GreenWay> skwituję to jednym słowem : "Zaje***te
[20:10:18] <Truss> Hehe
[20:10:18] <Derpi> haha
[20:10:38] <Truss> Co to za utwór?
[20:10:50] <Flyghtning> twilight song (version 2)
[20:11:00] <Truss> Aa
[20:11:04] <Truss> Ok dzięki
[20:11:21] <GreenWay> twili brzmi jak by była po podcięciu gardła
[20:11:38] <GreenWay> albo jak by się dławiła czymś
[20:11:39] <Flyghtning> co innego z nią robiłem... może dlatego
[20:11:47] <GreenWay> ....o_0
[20:12:00] <Flyghtning> mi pozwala <3
[20:12:15] <GreenWay> ja tam wolę Celkę :)
[20:12:44] <Truss> HAHAHA xddddd
[20:12:57] <GreenWay> wiem...syndrom flya mam
[20:13:13] <Flyghtning> ;p
[20:13:14] <GreenWay> :)
[20:13:16] <Truss> Lol
[20:13:16] <Derpi> hahaha dobre
[20:13:17] <Truss> xD
[20:13:19] <McKey> ....
[20:13:22] <Truss> O Ruined Library
[20:13:22] <GreenWay> xD
[20:13:25] <McKey> BDSM Flyghtning powiadasz
[20:13:30] <McKey> 50 twarzy Flyghtning 
[20:13:39] <Truss> Flyghtning'a *
[20:13:45] <GreenWay> keju zrób książkę
[20:13:48] <McKey> xD
[20:14:24] <McKey> Ja pisarzem nie jestem, Tłumaczenia mi lepiej idą :P
[20:14:32] <GreenWay> trudno się mówi
[20:14:43] <Flyghtning> możesz tłumaczyć i jednocześnie przerabiać
[20:14:59] <Truss> Fly: rozwalileś mnie tym kiedy wbiłeś na losowanie i w jednej liście była Twi, i siebie dodałeś, razem Was wylosowało xdd
[20:15:02] <McKey> Ale co mam tłumaczyć?
[20:15:07] <Flyghtning> xd
[20:15:24] <Truss> HAHA mam to nawet skopiowane, Fly xd
[20:16:36] <Flyghtning> mix zlozylem dzis w pracy w ogole
[20:16:47] <Truss> Ten remix?
[20:16:50] <GreenWay> tzw. na kolanie
[20:17:01] <Flyghtning> no caly mix na dzis
[20:17:02] <Truss> Oo jak fajnie że Trixie's Mind puściłeś :D
[20:17:07] <Truss> Aa k
[20:17:23] <GreenWay> czemu zaczynam kiwać w rytm głową ??!
[20:17:32] <Truss> bo jak tu nie kiwać
[20:17:36] <Truss> : )
[20:17:46] <Flyghtning> nie wiem, może masz problem neurologiczny
[20:17:51] <Truss> Muzyka Fly'a jest świetna, to trza kiwać
[20:18:05] <GreenWay> to jest silniejsze srsly
[20:18:10] <McKey> Albo GreenWay jesteś p***** xD
[20:18:15] <McKey> w głowe ofc
[20:18:30] <GreenWay> keju....powiem tak hamuj się....
[20:18:54] <McKey> A kto normalny macha głową?
[20:19:01] <Flyghtning> każdy
[20:19:06] <GreenWay> zgadza się
[20:19:10] <McKey> aha....
[20:19:11] <Derpi> aha...
[20:19:14] <Flyghtning> tak
[20:19:15] <Derpi> Raczej nie
[20:19:15] <McKey> czyli nie jestem normalny...
[20:19:16] <Flyghtning> :D
[20:19:27] <GreenWay> prawdopodobnie
[20:20:42] <Truss> McKey: a co to znaczy być normalnym? Co to znaczy być dziwnym?
[20:20:58] <Truss> The adventrous pony YAY ^_^
[20:20:59] <McKey> .g co to znaczy być normalny?
[20:21:00] <Derpi> McKey: https://www.facebook.com/pages/Co-to-znaczy-by%C4%87-normalnym-/1386432004914877
[20:21:35] <Truss> Magic Memories!
[20:21:47] <Truss> Ja taka znawczyni wszystkich utworów xd
[20:21:48] <Truss> Prawie
[20:21:53] <Flyghtning> no widze lol
[20:22:00] <Flyghtning> to ja sam swoje ledwo pamietam
[20:22:18] <McKey> .stream
[20:22:18] <Derpi> http://stream.radioyay.net:9000/listenlq.aac
[20:22:22] <GreenWay> truss flywiki
[20:22:27] <Truss> Tak
[20:22:28] <Derpi> Raczej nie
[20:22:35] <Flyghtning> xd
[20:22:36] <Truss> LEL Derpi nie znasz się xd
[20:22:48] <GreenWay> zna flya lepiej niż on sam siebie xD
[20:22:49] <McKey> odpalam XTCS. Zobaczymy jak się sprawdza twój mix
[20:22:54] <Truss> Fly: ja koncercie każdą nazwę wykrzyczę xd
[20:23:05] <Flyghtning> ok
[20:23:12] <Truss> Do kogo to ok?
[20:23:12] <GreenWay> A JA TO NAGRAM
[20:23:17] <Flyghtning> do ciebie xd
[20:23:20] <Truss> A xd
[20:23:25] <Truss> A co nagrasz GreenWay?
[20:23:32] <McKey> NAGRASZ???
[20:23:36] <GreenWay> koncert i całeego Vistuliana
[20:23:36] <McKey> CHYBA CZAJNIKIEM
[20:23:41] <Truss> XD
[20:23:43] <GreenWay> nie TABLETEM
[20:23:47] <Truss> LEL
[20:23:47] <Flyghtning> widelcem od gaźnika
[20:23:47] <Derpi> haha
[20:23:52] <McKey> o ja pi***************************************8
[20:23:52] <GreenWay> :D
[20:23:54] <Truss> XDD
[20:24:05] <McKey> Gorzej niż Accu
[20:24:13] <Truss> Fly: jak to było.... Kredens x Szklanka
[20:24:17] <GreenWay> bede kręcił kołem od T-44
[20:24:18] <Flyghtning> tak
[20:24:18] <Derpi> nie
[20:24:20] <McKey> bo jeko zrypałem tyle razy że już poprawił...
[20:24:58] <Truss> "I love you (for Twillight Sparkle)"
[20:25:02] <Flyghtning> nom
[20:25:02] <Derpi> E.... nie
[20:25:08] <Truss> Tak
[20:25:09] <Derpi> aha
[20:25:13] <Flyghtning> derpi stfu xd
[20:25:44] <Truss> XDD
[20:25:49] <GreenWay> fly z botem prowadzi zaiście ważną rozmowę :)
[20:26:07] <Truss> Hue :v
[20:26:21] <Flyghtning> to taki kod do pentagonu
[20:26:30] <Truss> lel xd
[20:26:54] <Truss> Ciekawe, jaki następny utwór :)
[20:27:04] <GreenWay> fly nie włamuj sie tam bo cię zamkną w więzieniu a Truss się zapłacze
[20:27:13] <Flyghtning> skoro mnie tak znasz powinnas wiedziec
[20:27:15] <Flyghtning> :D
[20:27:22] <Truss> O lol nie xd
[20:28:01] <Truss> GreenWay: jakby Nishi z nim poszedł, to bym dwa razy tyle wypłakała
[20:28:17] <GreenWay> no widzisz fly nie rób tego
[20:28:36] <Truss> Oj tego nie znam :O jeszcze muszę dużo odsłuchać xDD
[20:28:51] <Flyghtning> sparkle in my life
[20:28:56] <Truss> Ok
[20:28:58] <Flyghtning> w video duzo sie dzieje
[20:29:05] <Flyghtning> i duzo wzorow
[20:29:22] <Truss> W tym to obliczenie cutie marka Twi
[20:29:25] <Flyghtning> tak
[20:29:26] <Derpi> E.... nie
[20:29:34] <Flyghtning> SIARAP
[20:29:52] <GreenWay> derpi na prezydenta
[20:29:57] <Truss> nie!
[20:29:57] <Derpi> E.... nie
[20:30:01] <Truss> Albo
[20:30:03] <Flyghtning> 0
[20:30:04] <Truss> TAK!
[20:30:04] <Derpi> chyba
[20:30:07] <Flyghtning> 1
[20:30:15] <Flyghtning> false
[20:30:16] <Flyghtning> true
[20:30:21] <Flyghtning> na to nie reaguje
[20:30:22] <Truss> 1
[20:30:30] <Truss> :/
[20:31:02] <Truss> Flyghtning: ale Ty się pewnie zdziwisz moim wyglądem
[20:31:08] <Truss> Na Vistulianie
[20:31:18] <GreenWay> a wy moim xD
[20:31:20] <Flyghtning> czemu
[20:31:33] <Truss> A nie wiem
[20:31:37] <Flyghtning> <|:D] ?
[20:32:11] <Truss> Wiesz, u mnie trochę dorastanie ryje psychike... w sensie że np mówię że jestem pryszczata itd, a czasem myslę inaczej, tak na zaś
[20:32:22] <Truss> Flyghtning: TAK! krasnal
[20:32:32] <Flyghtning> kazdy wyglada jak wyglada nic na to sie nie poradzi
[20:32:40] <Flyghtning> nie mam zamiaru sie smiac z niczego
[20:32:52] <Flyghtning> a moze sie pozytywnie zaskocze
[20:33:02] <GreenWay> jedna z osób które są normalne taaak :D
[20:33:04] <Truss> Zori: Truss jest krasnalem Ja: no ;-; Fly: <|:D] to jest krasnal
[20:33:07] <Truss> xDD
[20:33:21] <Truss> Flyghtning: Dzięki c':
[20:33:42] <GreenWay> ale założę się że jakby fly mnie zobaczył to by przez okno wyskoczył
[20:33:44] <Truss> Ej Fly powiedz co to za utwó bo na koncercie z MLK słyszałam, ale nie znam nazwy
[20:33:55] <Flyghtning> power of magic
[20:34:03] <Truss> GreenWay: no co ty, ja nie wyskoczyłam :)
[20:34:07] <Truss> Ok
[20:34:51] <Truss> Lubie ten fragment ^_^
[20:35:02] <Truss> *kiwanie głową*
[20:35:04] <GreenWay> no to istnieje ileś tam % szans na to że jak przyjdę na Vistuliana to nikt mnie nie zjedzie za wygląd
[20:35:07] <Flyghtning> co ciekawsze
[20:35:14] <Flyghtning> ten utwor powstal na komorce!
[20:35:32] <GreenWay> fly ty geniuszu niedługo zjesz tostera :D
[20:35:36] <Flyghtning> xd
[20:35:55] <GreenWay> a nawet dobrze bo przestaje go lubić
[20:35:55] <Truss> ON JUŻ GO ZJADŁ cccccccccccccccc;
[20:36:08] <Truss> i to dawno
[20:36:25] <Truss> Ja przestaję lubić Tostera bo tak.
[20:36:25] <GreenWay> dobra dołanczam do grupy psycho fanów Fly'a jak Truss
[20:36:30] <Truss> Mam go dość i tyle :/
[20:36:33] <Flyghtning> heh
[20:36:33] <Derpi> heh
[20:36:56] <Truss> GreenWay: e tam, ja nie jestem w grupie psychofanów (bo jestem w wyższej, lel)
[20:37:17] <GreenWay> pochwal sie w jakiej....
[20:37:17] <Flyghtning> nie dosc, ze psychofanka to jeszcze pracuje dla mnie :D
[20:37:18] <Truss> Fly: dobra poprawione
[20:37:32] <Truss> No tak :D 
[20:37:43] <Truss> Wiesz Fly, ja najpierw się zgłosiłam
[20:37:51] <Truss> Potem zobaczyłam jakie świetne utwory masz
[20:37:56] <Truss> i po prostu super
[20:38:15] <Truss> A i PS Fly: TY WIEDZIAŁEŚ że jestem psychofanką???
[20:38:22] <Truss> Bo ja CI tego nie mówiłam xd
[20:38:27] <Truss> Ooo Tree of Harmony
[20:38:28] <Flyghtning> z czasem iddzie to poznać
[20:38:29] <GreenWay> dlaczego nie umiem żadnego kawałka zrobić aby brzmiał porządnie tylko wychodzi 5 sekundowa fala basu
[20:38:47] <Truss> Fly: heh ;p
[20:38:53] <Flyghtning> trzeba duzo teorii poznac
[20:38:55] <Truss> Mam dwóch psychoidoli
[20:39:05] <GreenWay> pochwal się
[20:39:11] <Truss> Jeden: muzyka - Fly; drugi: aktorstwo - Nishi
[20:39:32] <GreenWay> według moich obliczeń jesteś.....
[20:39:35] <GreenWay> normalna xD
[20:39:53] <Truss> Dzięki, ale nie lubię być normalna ;/
[20:40:00] <Truss> Wolę być wyjątkowa
[20:40:02] <Flyghtning> normalnosc stinks
[20:40:14] <Truss> yup
[20:40:28] <Flyghtning> s..m na zdanie innych jaki jestem
[20:40:35] <Truss> Fly ;-; jeszcze 20 min ;-; niee-he-he ;-;
[20:40:47] <GreenWay> zadam inne pytanie czy oczach  tzw."normalnego " społeczeństwa jesteśmy normalni???
[20:40:54] <Truss> nie
[20:40:54] <Derpi> tak, tak było
[20:40:57] <Flyghtning> jestem soba, pokreconym twifagiem siedzacym przy kompie i obliczeniach
[20:40:59] <GreenWay> no właśnie
[20:41:05] <Truss> ALe nie jesteśmy "dziwni" jak to oni mówią
[20:41:08] <Flyghtning> twifag... za malo powiedziane
[20:41:24] <GreenWay> ja jestem kałachfagiem i co z tego ????
[20:41:28] <Flyghtning> juz mnie coraz wiecej zna z tego xd
[20:41:36] <Truss> Jesteśmy wyjątkowi, bo różnimy się od "normalnego" społeczeństwa
[20:41:40] <Flyghtning> kałach
[20:41:43] <Flyghtning> piękna broń
[20:41:47] <GreenWay> nom
[20:41:47] <Derpi> chyba
[20:42:05] <GreenWay> wrzucisz ddo piachu na 2 dni wyjmiesz dalej działa cud techniki
[20:42:11] <Flyghtning> joo
[20:42:28] <GreenWay> cała ruska broń jest spoczi
[20:42:45] <GreenWay> ale burgerjańska tez jest całkiem
[20:42:46] <Truss> I wish I were a pony again
[20:42:52] <Flyghtning> yupz
[20:42:55] <Truss> ;3
[20:43:10] <GreenWay> czekaj jak to szło wracając do wyjątkowości
[20:43:16] <GreenWay> Great to be diffrent
[20:43:19] <Truss> Tak
[20:43:19] <Derpi> Kłamczysz
[20:43:23] <Truss> NIE!
[20:43:23] <Derpi> E.... nie
[20:43:27] <GreenWay> ForrestRain
[20:43:47] <Truss> Ja tą piosenką na audycji Fire'a zabłysnęłam
[20:43:52] <Truss> Forest*
[20:44:39] <Truss> Fly: a wracając do tematu z kiedyś.... zjadłeś mi prąd bo lubisz? pikantny? a czemu nie łagodny? xd 
[20:44:56] <Flyghtning> im więcej amperó tym ciekawsze doznania
[20:45:00] <Truss> PS przyjmij screena czy dobrze
[20:45:18] <Truss> Heh
[20:45:18] <Derpi> heh
[20:45:36] <Truss> Ej kuce
[20:45:39] <GreenWay> ?
[20:45:40] <Truss> Zauważyliście
[20:45:43] <Flyghtning> co
[20:45:52] <Truss> że na audycji na której wgle nie ma słow
[20:45:59] <Truss> jest najwięcej do przewijania na ircu?
[20:46:06] <Truss> Lol
[20:46:07] <Derpi> hehehe
[20:46:12] <GreenWay> niezłe
[20:46:13] <GreenWay> xD
[20:46:20] <Truss> i to w trójkę
[20:46:26] <Truss> Flyghtning: o tutaj płakałam ;_;
[20:46:49] <Flyghtning> wiem
[20:46:59] <GreenWay> no fakt dołująca piosenka jak I'M Octavia
[20:47:00] <Truss> Chaos is a magical place
[20:47:01] <Truss> tak?
[20:47:02] <Derpi> Prawdopodobnie
[20:47:06] <Flyghtning> ta
[20:47:18] <Truss> Haha ;DD
[20:47:21] <Flyghtning> ja mam ogolnie specyficzny klimat
[20:47:48] <GreenWay> jak za pierwszym razem słuchałem i'm octavia to się ;_;
[20:47:56] <Truss> A ja nie 
[20:48:08] <GreenWay> na mnie zadziałała
[20:48:14] <Truss> Fly: chaos Fluttershy: What a magical place!
[20:48:16] <GreenWay> i to mocno
[20:48:23] <McKey> Przyznawać się. Kto z yaya siedzi na moim TS co?
[20:48:23] <Truss> to dobrze
[20:48:34] <Truss> nie mam TS'a
[20:48:37] <Flyghtning> mnie z takich video to rozoniosło save derpy i snowdrop na drobne części
[20:48:48] <McKey> http://i.imgur.com/GlQoqOU.png
[20:48:48] <Flyghtning> nie moglem...
[20:49:44] <Truss> Flyghtning: wiesz co? Jak oglądałam Save Derpy to zrozumiałam że jestem tak samo traktowana w mojej klasie... wtedy płakałam...
[20:50:13] <Truss> Flyghtning: a i jeszcze, to ta animacja skusiła Cię do zrobienia tej piosenki o niej?
[20:50:41] <Truss> A i co to na pios? 
[20:51:15] <Flyghtning> discord lamp
[20:51:59] <Truss> k
[20:53:13] <Truss> Ej w takiej jednej książce coś takiego: "zostaw KOMP, idź się wyKOMP ...ale tę książkę możesz poczytać w wannie!"
[20:53:18] <Truss> lol
[20:53:18] <Derpi> haha
[20:54:20] <Truss> Flyghtning
[20:54:20] <Derpi> https://eqbeats.org/user/1500
[20:54:25] <Flyghtning> heh
[20:54:25] <Derpi> heh
[20:54:33] <Truss> HAHA
[20:54:33] <Derpi> haha
[20:54:34] <Flyghtning> gadam tam po grecku
[20:54:42] <Truss> Wiem, świetna pios
[20:55:50] * Truss kiwa się cała do rytmu, zaczynając nucić (jak zwykle)
[20:57:50] <Flyghtning> no i już
[20:57:51] <Truss> NIE-HE-HE ;cccccc
[20:58:05] <Flyghtning> jak się chcesz pokiwać to nadrabij zaległości na moim kanale :D
[20:58:12] <Truss> To teraz wbijaj na konfę xd
[20:58:13] <Flyghtning> bo widzę, że masz xd
[20:58:25] <Truss> no tak xDDD
[20:58:48] <Truss> Ile mam już Twoich utworów na phonie O_O
[20:59:28] <McKey> lel ja mam 2 xD
[20:59:31] <Flyghtning> nie wiem ale fakt, że tego trochę narobiłem
[20:59:37] <Flyghtning> jakie?
[20:59:59] <McKey> nie wiem, mam 2 z artysty xD
[21:00:10] <Flyghtning> lal
[21:00:31] <McKey> Open yout wings i Fluttershy quiet voice
[21:00:37] <McKey> your*
[21:00:44] <Flyghtning> hehe
[21:00:45] <Derpi> hahaha dobre
[21:00:51] <Flyghtning> ide jak cos to skype
[21:00:54] *** Parts: Flyghtning (Flyghtning@Pony-vqerlh.man.tk-internet.pl) ("Closing Window")
[21:00:56] <McKey> nub :v
[21:01:06] <McKey> ma odpalonego skype zamias siedzieć na IRC
[21:01:10] <McKey> Skype to GUNWO
[21:01:13] <McKey> IRC <3
[21:01:16] <McKey> Prawda Derpi ?
[21:01:16] <Derpi> Nie do końca
[21:01:20] <McKey> A jak jest
[21:01:22] <Truss> Skype, i IRC <3
[21:03:41] <McKey> skype zjada 250 mb ramu
[21:03:53] <McKey> a irc 250 mb ramu to chyba nie wiem gdzie
[21:22:12] *** Quits: Andragor (Andrabot@Pony-n0rko5.adsl.inetia.pl) (Quit: ChatZilla 0.9.91.1 [Firefox 38.0.1/20150513174244])
[21:29:39] *** Quits: Lunia (ellen@ChumPony.Enterprises) (Ping timeout: 121 seconds)
[21:36:27] *** Joins: Lunia (ellen@ChumPony.Enterprises)
[21:36:27] *** Pinkamena sets mode: +h Lunia
[21:38:51] <McKey> No windows, No gates, Apache inside xD
[21:52:05] <BlackBird> McKey: irc zabiera 250 mb ramu jak jest wlaczone 10 moich skryptow 9_6
[21:52:27] <McKey> lelelel
[21:52:54] <McKey> mi ZNC zjada na serwie przy pełnym składie (30 typa) zjada 60mb ...
[21:57:21] <BlackBird> a moje skrypty sa robione przezemnie
[21:57:45] <BlackBird> i 9 odpalonych naraz zjada okolo 200mb
[22:00:25] *** Quits: Lunia (ellen@ChumPony.Enterprises) (Ping timeout: 121 seconds)
[22:36:13] *** Quits: Zorysia (Zorysia@Pony-oaghmr.dynamic.t-mobile.pl) (Ping timeout: 121 seconds)
[22:41:12] *** Quits: GreenWay (GreenWay@Pony-8ur2sd.bielskpodlaski.mm.pl) (Ping timeout: 121 seconds)
[22:52:00] *** Joins: Lunia (ellen@ChumPony.Enterprises)
[22:52:00] *** Pinkamena sets mode: +h Lunia
[22:57:01] <McKey> Truss, chcesz nam o czymś powiedzieć?
[22:57:12] <McKey> BlackBird, to samo pytanie
[23:10:14] <BlackBird> ee nie?
[23:10:27] <BlackBird> 1011 tyle mam do powiedzenia? xd
[23:11:04] <BlackBird> McKey: oco ci znowu chodzi?
[23:11:31] <McKey> ty mi się tutaj 11 nie wykręcaj :P
[23:11:41] <BlackBird> 10
[23:11:45] <McKey> co to ma być ja się pytam http://radioyay.theblackkingdom.ovh
[23:11:45] <Derpi> [ Random | Press F5 ] - radioyay.theblackkingdom.ovh
[23:11:54] <BlackBird> /b/ :V
[23:12:32] <BlackBird> a to ze radioyay. to tylko dla tego ze niemialem pomyslu jesli oto chodzi
[23:13:36] <Truss> McKey?!
[23:13:37] <Derpi> To Starszy syn Gandalfa
[23:13:50] <Truss> lel
[23:13:50] <Derpi> xD
[23:13:54] <McKey> a Do pani mam pytanie. Czego tego nie widziałem? http://sheneedscookies.deviantart.com/art/Truss-x-Nishi-530695564
[23:13:56] <Derpi> [ Truss x Nishi by SheNeedsCookies on DeviantArt ] - sheneedscookies.deviantart.com
[23:14:12] <Truss> Bosh a może to nie ja?
[23:14:46] <Truss> To moja kol która to narysowała i wrzuciła do internetó
[23:14:53] <Truss> internetów*
[23:14:55] <McKey> to czemu nie zgłosiłas tego?
[23:15:02] <Truss> Bo nie chce mi się
[23:15:07] <McKey> bez problemów bym jej narobił burdelu
[23:15:09] <Truss> Jakoś nikomu ot nie przeszkadza
[23:15:16] <McKey> DA by jej anwet by mogło wyparować :P
[23:15:16] <Truss> to *
[23:15:33] <Truss> Czemu mam robić to mojej najlepszej przyjaciółce?
[23:16:24] <McKey> Ja nic nie mówie
[23:16:33] <McKey> ja się pytam czemu nikt z radia o tym nie wie...
[23:16:56] <BlackBird> jak nikt z radia niewie...
[23:17:00] <Truss> Jak to nikt?
[23:17:02] <BlackBird> chyba tylko ty
[23:17:09] <Truss> Tak
[23:17:09] <Derpi> aha
[23:17:19] <McKey> ....
[23:17:19] <Truss> Nishi przy tym był
[23:17:24] <McKey> A więc pisze do mordecza
[23:17:28] <McKey> jeżeli nie wie to sorry
[23:17:41] <Truss> O co Ci chodzi?
[23:17:53] <McKey> o nic
[23:17:53] <Truss> Nie tylko Nishi wie ;/
[23:18:02] <Truss> TO po co chcesz pisać?
[23:19:14] <Truss> ...
[23:20:21] <BlackBird> McKey: co ci przeszkadza ze ktos dla beki zrobil shipa? z reszta niejedynago...
[23:20:34] <McKey> nic mi nie przeszkadza
[23:20:44] <McKey> tylko tyle że nic nie wiem jak zwykle
[23:22:16] <BlackBird> nieda sie wiedziec wszystkiego
[23:24:42] <Truss> McKey: Mordecz zresztą też został dodany do jednej z konf (przez Lunara)
[23:24:56] <McKey> Czyli mnie poprostu nie lubicie
[23:24:59] <McKey> ZAPAMIĘTAM 
[23:25:08] <Truss> Nie, nie prawda
[23:25:15] <Truss> Jak chcesz to mogę dodać
[23:25:20] <Truss> MIałam właśnie pisać...
[23:25:20] <McKey> to też sobie zapamiętam http://i.imgur.com/LwZGM47.png
[23:25:25] <Truss> Wiesz, mnie też wiele ominęło
[23:25:29] <Truss> I się wkurzałam
[23:25:31] <Truss> Ale, po co?
[23:25:40] <BlackBird> juz pobral.. jprd
[23:25:52] <McKey> BlackBird, httquota boli prawda?
[23:25:58] <BlackBird> nieumiem
[23:25:58] <McKey> a no tak. Nie umiesz
[23:26:00] <McKey> xD
[23:26:14] <Truss> McKey: zaraz Cie dodam i kwita będziemy :v
[23:26:24] <Truss> może oszczędzisz trochę
[23:26:31] <McKey> nie
[23:26:31] <Derpi> 3x nie. Odpadasz!
[23:26:35] <McKey> bo już spaliłaś
[23:26:59] <BlackBird> ...
[23:27:10] <BlackBird> ^ a potem sie czepiasz ze nic niewiesz
[23:27:30] <McKey> no widzisz
[23:27:34] <McKey> ja już wiem wszystko
[23:27:37] <Truss> Lel McKey, po filmiku na Yt nie mogłeś się dowiedzieć, jak reszra?
[23:27:38] <McKey> i maker też juz wie
[23:27:48] <Truss> reszta*
[23:27:54] <Truss> Bosh
[23:27:54] <Derpi> No co?
[23:27:56] <BlackBird> no i co niby bana wylapie? nawet jesli to zaco?
[23:28:03] <Truss> Ja też?
[23:28:04] <McKey> w skrócie, Hokus Pokus, Kotlet z chrzanem Banan leci aeroplanem :P
[23:28:16] <Truss> ...
[23:28:19] <BlackBird> to niejest w skrocie..
[23:28:20] <McKey> Black może wyłapać pozew sondowy o używanie nazwy radia
[23:28:28] <Truss> i znowu fochasz się bo nie wiedziałeś bo się nie dowiedziałeś...
[23:28:37] <BlackBird> bosh juz zmieniam nieczepiaj sie...
[23:28:43] <McKey> BlackBird, too late
[23:28:46] <BlackBird> pff
[23:28:54] <BlackBird> uzywalem tylko dla siebie ;p
[23:28:55] <McKey> screny zrobione a maker już jedzie
[23:28:58] <McKey> Wii u Wii u
[23:29:05] <McKey> Wii u Wii u Wii u
[23:29:05] <Derpi> Wii u Wii u Wii u
[23:29:13] <Truss> Bosh McKey, pokaze CI od czego mozna sie dowiedziec CHOĆ TROCHE
[23:29:31] <McKey> Spaliliście się już
[23:29:37] <McKey> Wiem już zbyt wiele o was :v
[23:29:44] <McKey> Poprostu mnie nie lubiecie :v
[23:30:03] <Truss> nie prawda...
[23:30:04] <Derpi> Nie rozśmieszaj mnie
[23:30:13] <McKey> Nie lubicie mnie :v
[23:30:14] <McKey> Nie lubicie mnie :v
[23:30:14] <McKey> Nie lubicie mnie :v
[23:30:14] <McKey> Nie lubicie mnie :v
[23:30:19] <McKey> nawet derpi to wie
[23:30:24] <McKey> Derpi, prawda?
[23:30:24] <Derpi> oczywiście.
[23:30:28] <Truss> no matko mogę dodać ale ja nawet i tak paru osób w tej konfy bym nie dodawała gdyby nie to że Zoryś się upierała..
[23:30:30] <BlackBird> jezu mckey
[23:30:50] <Truss> Bo ja zaraz do Makera napiszę.
[23:30:51] <BlackBird> odpierdalasz takie cyrki a potem sie dziwisz ze nikt cie nielubi
[23:31:07] <McKey> Bo ja wiem już że wszyscy nowi mnie nie lubią
[23:31:15] <Truss> tak. nie lubi to za dużo powiedziane, jest wkurzony
[23:31:18] <McKey> Lunar, Green, Kejos, Truss,
[23:31:21] <BlackBird> to zrob cos zeby zaczeli cie lubiec a nie
[23:31:27] <McKey> A wiesz co zrobie?
[23:31:32] <Truss> NO MATKO ja Cie lubie, lel
[23:31:38] *** Parts: McKey (Kordus@bronies.info) ("W DUPE MNIE POCAŁUJ")
