[00:42:11] <IdleRPG> Sin [325/847] has challenged Furyform [53/714] in combat and won! 1 day, 02:36:35 is removed from Sin's clock.
[00:42:11] <IdleRPG> Sin reaches next level in 4 days, 04:06:12.
[01:42:18] <IdleRPG> Ripp_ [474/509] has challenged IdleRPG [1088/1095] in combat and lost! 17 days, 04:07:18 is added to Ripp_'s clock.
[01:42:18] <IdleRPG> Ripp_ reaches next level in 188 days, 21:20:21.
[02:04:21] *** IdleRPG sets mode: +v Jouva
[02:04:21] <IdleRPG> jouva, the level 83 skunk, is now online from nickname Jouva. Next level in 48 days, 21:46:00.
[02:26:11] <IdleRPG> Minigash, Ruthalas, Rainbow_Dash, and ISky have been chosen by Celestia to rescue the beautiful princess Luna from the grasp of Discord. Participants must first reach [167,458], then [325,270].
[02:42:26] <IdleRPG> Ruthalas [139/484] has challenged Ripp_ [417/509] in combat and lost! 0 days, 01:39:33 is added to Ruthalas's clock.
[02:42:26] <IdleRPG> Ruthalas reaches next level in 0 days, 22:24:05.
[03:19:10] <IdleRPG> Ruthalas read a few spoilers! This wondrous event has accelerated them 0 days, 01:05:22 towards level 47.
[03:19:10] <IdleRPG> Ruthalas reaches next level in 0 days, 20:41:59.
[03:42:33] <IdleRPG> Furyform [508/714] has challenged Minigash [591/603] in combat and lost! 0 days, 03:24:17 is added to Furyform's clock.
[03:42:33] <IdleRPG> Furyform reaches next level in 2 days, 04:02:37.
[04:07:12] <IdleRPG> McKey, the sorcerer, has attained level 27! Next level in 0 days, 09:10:00.
[04:07:12] <IdleRPG> McKey found a level 21 set of leggings. McKey's current set of leggings is level 24, so it seems Luck is against them. They toss the set of leggings.
[04:07:12] <IdleRPG> McKey [203/205] has challenged TheFaithBreaker [359/638] in combat and lost! 0 days, 00:38:30 is added to McKey's clock.
[04:07:12] <IdleRPG> McKey reaches next level in 0 days, 09:48:30.
[04:42:41] <IdleRPG> Ruthalas [459/484] has challenged Minigash [15/603] in combat and won! 0 days, 01:55:50 is removed from Ruthalas's clock.
[04:42:41] <IdleRPG> Ruthalas reaches next level in 0 days, 17:22:38.
[05:42:49] <IdleRPG> Sin [437/847] has challenged IdleRPG [312/1095] in combat and won! 0 days, 19:01:06 is removed from Sin's clock.
[05:42:49] <IdleRPG> Sin reaches next level in 3 days, 04:04:28.
[06:21:13] <IdleRPG> Idle_RPG, the IRC Bot, has attained level 84! Next level in 75 days, 04:22:00.
[06:21:13] <IdleRPG> Idle_RPG found a level 51 shield. Idle_RPG's current shield is level 55, so it seems Luck is against them. They toss the shield.
[06:21:13] <IdleRPG> Idle_RPG [54/898] has challenged TheFaithBreaker [555/638] in combat and lost! 5 days, 06:18:20 is added to Idle_RPG's clock.
[06:21:13] <IdleRPG> Idle_RPG reaches next level in 80 days, 10:40:20.
[06:42:57] <IdleRPG> Sin [629/847] has challenged jouva [384/535] in combat and won! 0 days, 15:00:52 is removed from Sin's clock.
[06:42:57] <IdleRPG> Sin reaches next level in 2 days, 12:03:28.
[06:42:57] <IdleRPG> In the fierce battle, jouva dropped their level 71 helm! Sin picks it up, tossing their old level 70 helm to jouva.
[06:49:22] *** Quits: HomerBouvier (HomerB@is.best.sea.poni) (Connection closed)
[07:29:45] *** Quits: HomerMobile (HomerB@is.best.sea.poni) (Connection closed)
[07:31:43] *** Joins: HomerMobile (HomerB@is.best.sea.poni)
[07:43:05] <IdleRPG> Idle RPG Top Players:
[07:43:05] <IdleRPG> Toksyuryel, the level 86 Plushie, is #1! Next level in 4 days, 18:09:29.
[07:43:05] <IdleRPG> Furyform, the level 84 neko, is #2! Next level in 2 days, 00:02:05.
[07:43:05] <IdleRPG> Idle_RPG, the level 84 IRC Bot, is #3! Next level in 80 days, 09:18:30.
[07:43:05] <IdleRPG> Moonlightning [485/858] has challenged Idle_RPG [93/898] in combat and won! 0 days, 22:30:34 is removed from Moonlightning's clock.
[07:43:08] <IdleRPG> Moonlightning reaches next level in 3 days, 12:40:43.
[07:52:36] *** Quits: HomerMobile (HomerB@is.best.sea.poni) (Connection closed)
[07:52:56] *** Joins: HomerMobile (HomerB@is.best.sea.poni)
[07:53:40] *** Quits: HomerMobile (HomerB@is.best.sea.poni) (Connection closed)
[07:53:57] *** Joins: HomerMobile (HomerB@is.best.sea.poni)
[08:04:16] *** Quits: HomerMobile (HomerB@is.best.sea.poni) (Connection closed)
[08:04:35] *** Joins: HomerMobile (HomerB@is.best.sea.poni)
[08:06:16] *** Quits: HomerMobile (HomerB@is.best.sea.poni) (Connection closed)
[08:06:31] *** Joins: HomerMobile (HomerB@is.best.sea.poni)
[08:19:47] <IdleRPG> Thereupon Nightmare Moon stretched out Her hoof among them and consumed Toksyuryel with darkness, slowing the heathen 0 days, 06:48:46 from level 87.
[08:19:47] <IdleRPG> Toksyuryel reaches next level in 5 days, 00:21:33.
[08:41:13] *** [A]McKey is now known as McKey
[08:43:17] <IdleRPG> Ruthalas [280/484] has challenged AppleDash [1011/1094] in combat and lost! 0 days, 01:28:13 is added to Ruthalas's clock.
[08:43:17] <IdleRPG> Ruthalas reaches next level in 0 days, 14:50:15.
[08:51:31] *** Quits: HomerMobile (HomerB@is.best.sea.poni) (Connection closed)
[08:52:01] *** Joins: HomerMobile (HomerB@is.best.sea.poni)
[09:43:24] <IdleRPG> AppleDash [85/1094] has challenged TheFaithBreaker [62/638] in combat and won! 5 days, 02:29:30 is removed from AppleDash's clock.
[09:43:24] <IdleRPG> AppleDash reaches next level in 34 days, 03:45:14.
[09:51:02] *** McKey is now known as [A]McKey
[10:43:33] <IdleRPG> Ruthalas [140/484] has challenged McKey [66/205] in combat and won! 0 days, 00:53:53 is removed from Ruthalas's clock.
[10:43:33] <IdleRPG> Ruthalas reaches next level in 0 days, 11:56:06.
[11:43:41] <IdleRPG> TheFaithBreaker [119/638] has challenged Toksyuryel [135/770] in combat and lost! 1 day, 03:14:39 is added to TheFaithBreaker's clock.
[11:43:41] <IdleRPG> TheFaithBreaker reaches next level in 10 days, 14:16:49.
[12:41:15] *** Q0 is now known as Q0|Away
[12:43:49] <IdleRPG> Idle_RPG [276/898] has challenged Ruthalas [140/484] in combat and won! 8 days, 19:40:21 is removed from Idle_RPG's clock.
[12:43:49] <IdleRPG> Idle_RPG reaches next level in 71 days, 08:37:25.
[13:05:18] <IdleRPG> Moonlightning sharpened the edge of their weapon! Moonlightning's weapon gains 10% effectiveness.
[13:21:23] <IdleRPG> TheFaithBreaker, Sin, and Minigash [1153/2089] have team battled ISky, Toksyuryel, and Ruthalas [1230/1584] and lost! 0 days, 10:41:00 is added to their clocks.
[13:43:55] <IdleRPG> Moonlightning [702/891] has challenged TheFaithBreaker [600/638] in combat and won! 0 days, 10:13:35 is removed from Moonlightning's clock.
[13:43:55] <IdleRPG> Moonlightning reaches next level in 2 days, 20:26:18.
[13:55:42] <IdleRPG> McKey, the sorcerer, has attained level 28! Next level in 0 days, 10:38:00.
[13:55:42] <IdleRPG> McKey found a level 28 pair of boots! McKey's current pair of boots is only level 9, so it seems Luck is with them!
[13:55:42] <IdleRPG> McKey [153/224] has challenged Sin [619/848] in combat and lost! 0 days, 01:10:10 is added to McKey's clock.
[13:55:42] <IdleRPG> McKey reaches next level in 0 days, 11:48:10.
[14:44:03] <IdleRPG> AppleDash [285/1094] has challenged IdleRPG [979/1095] in combat and lost! 3 days, 09:28:27 is added to AppleDash's clock.
[14:44:03] <IdleRPG> AppleDash reaches next level in 37 days, 08:13:02.
[15:09:51] <IdleRPG> TheFaithBreaker made it into The Wonderbolts! This wondrous event has accelerated them 0 days, 13:04:34 towards level 54.
[15:09:51] <IdleRPG> TheFaithBreaker reaches next level in 10 days, 08:27:05.
[15:09:57] *** [A]McKey is now known as McKey
[15:32:53] *** Quits: Spazturtle (Spazturtle@Derping.at.Home) (Ping timeout: 121 seconds)
[15:34:35] *** Joins: Spazturtle (Spazturtle@Derping.at.Home)
[15:44:10] <IdleRPG> Ripp_ [197/509] has challenged Idle_RPG [673/898] in combat and lost! 22 days, 14:19:01 is added to Ripp_'s clock.
[15:44:10] <IdleRPG> Ripp_ reaches next level in 210 days, 21:37:31.
[16:44:17] <IdleRPG> Furyform [72/714] has challenged TheFaithBreaker [362/638] in combat and lost! 0 days, 02:43:51 is added to Furyform's clock.
[16:44:17] <IdleRPG> Furyform reaches next level in 1 day, 17:44:45.
[17:24:24] <IdleRPG> Minigash, Ruthalas, Rainbow_Dash, and ISky have completed their journey! 25% of their burden is eliminated.
[17:43:49] *** Quits: Spazturtle (Spazturtle@Derping.at.Home) (Ping timeout: 121 seconds)
[17:44:24] <IdleRPG> Idle RPG Top Players:
[17:44:24] <IdleRPG> Toksyuryel, the level 86 Plushie, is #1! Next level in 4 days, 14:56:56.
[17:44:24] <IdleRPG> Furyform, the level 84 neko, is #2! Next level in 1 day, 16:44:37.
[17:44:24] <IdleRPG> Idle_RPG, the level 84 IRC Bot, is #3! Next level in 71 days, 03:36:50.
[17:44:24] <IdleRPG> Idle_RPG [290/898] has challenged jouva [363/534] in combat and lost! 7 days, 19:50:15 is added to Idle_RPG's clock.
[17:44:27] <IdleRPG> Idle_RPG reaches next level in 78 days, 23:27:05.
[17:47:33] *** Joins: Spazturtle (Spazturtle@Derping.at.Home)
[17:55:19] <IdleRPG> Rainbow_Dash [63/736] has come upon Ruthalas [396/484] and been defeated in combat! 0 days, 03:17:18 is added to Rainbow_Dash's clock.
[17:55:19] <IdleRPG> Rainbow_Dash reaches next level in 2 days, 02:15:53.
[18:40:04] *** Quits: Princess_bikey (repair@s.no.bike) (Quit: oh no)
[18:40:36] *** Joins: bikey (repair@Pony-and.br1.52.198.IP)
[18:41:25] *** bikey is now known as Princess_bikey
[18:44:31] <IdleRPG> TheFaithBreaker [294/638] has challenged Rainbow_Dash [109/736] in combat and won! 1 day, 15:10:47 is removed from TheFaithBreaker's clock.
[18:44:31] <IdleRPG> TheFaithBreaker reaches next level in 8 days, 13:41:38.
[18:56:14] <IdleRPG> Idle_RPG walked face-first into a tree, or was that a Fluttershy? Hard to tell at times. This terrible calamity has slowed them 7 days, 02:28:58 from level 85.
[18:56:14] <IdleRPG> Idle_RPG reaches next level in 86 days, 00:44:13.
[18:59:14] *** Quits: Spazturtle (Spazturtle@Derping.at.Home) (Ping timeout: 121 seconds)
[19:00:53] *** Joins: Spazturtle (Spazturtle@Derping.at.Home)
[19:28:17] *** Joins: Bedmonster (Bedmonster@Pony-14bdfc.cable.rogers.com)
[19:30:18] *** IdleRPG sets mode: +v Bedmonster
[19:30:18] <IdleRPG> Welcome Bedmonster's new player Bedmonster, the DreamWeaver! Next level in 0 days, 00:10:00.
[19:40:20] <IdleRPG> Bedmonster, the DreamWeaver, has attained level 1! Next level in 0 days, 00:11:36.
[19:40:20] <IdleRPG> Bedmonster found a level 1 tunic! Bedmonster's current tunic is only level 0, so it seems Luck is with them!
[19:40:20] <IdleRPG> Bedmonster [0/1] has challenged ISky [111/330] in combat and lost! 0 days, 00:00:48 is added to Bedmonster's clock.
[19:40:20] <IdleRPG> Bedmonster reaches next level in 0 days, 00:12:24.
[19:44:39] <IdleRPG> Moonlightning [482/891] has challenged jouva [528/534] in combat and lost! 0 days, 06:52:00 is added to Moonlightning's clock.
[19:44:39] <IdleRPG> Moonlightning reaches next level in 2 days, 21:17:34.
[19:45:14] *** Quits: HomerMobile (HomerB@is.best.sea.poni) (Connection closed)
[19:45:38] *** Joins: HomerMobile (HomerB@is.best.sea.poni)
[19:49:08] *** Quits: HomerMobile (HomerB@is.best.sea.poni) (Connection closed)
[19:52:46] <IdleRPG> Bedmonster, the DreamWeaver, has attained level 2! Next level in 0 days, 00:13:27.
[19:52:46] <IdleRPG> Bedmonster found a level 3 pair of boots! Bedmonster's current pair of boots is only level 0, so it seems Luck is with them!
[20:06:15] <IdleRPG> Bedmonster, the DreamWeaver, has attained level 3! Next level in 0 days, 00:15:36.
[20:06:15] <IdleRPG> Bedmonster found a level 3 ring! Bedmonster's current ring is only level 0, so it seems Luck is with them!
[20:06:57] <IdleRPG> Verily I say unto thee, the Heavens have burst forth, and the blessed hoof of Celestia carried Ripp_ 105 days, 08:37:21 toward level 58.
[20:06:57] <IdleRPG> Ripp_ reaches next level in 105 days, 08:37:22.
[20:20:31] <IdleRPG> AppleDash reinforced their shield with dragon scales! AppleDash's shield gains 10% effectiveness.
[20:20:53] *** Joins: HomerBouvier (HomerB@is.best.sea.poni)
[20:21:52] <IdleRPG> Bedmonster, the DreamWeaver, has attained level 4! Next level in 0 days, 00:18:06.
[20:21:52] <IdleRPG> Bedmonster found a level 5 shield! Bedmonster's current shield is only level 0, so it seems Luck is with them!
[20:37:22] *** Joins: Bedmonster1 (Bedmonster@Pony-6aak8h.cable.rogers.com)
[20:37:42] *** Quits: Bedmonster1 (Bedmonster@Pony-6aak8h.cable.rogers.com) (Connection closed)
[20:38:15] *** Joins: Bedmonster1 (Bedmonster@Pony-14bdfc.cable.rogers.com)
[20:39:29] *** Quits: Bedmonster (Bedmonster@Pony-14bdfc.cable.rogers.com) (Killed (NickServ (GHOST command used by Bedmonster1)))
[20:39:40] *** Bedmonster1 is now known as Bedmonster
[20:40:58] <IdleRPG> Rainbow_Dash shared a nice meal with Fluttershy! This wondrous event has accelerated them 0 days, 02:51:00 towards level 67.
[20:40:58] <IdleRPG> Rainbow_Dash reaches next level in 1 day, 20:39:15.
[20:42:05] *** Joins: Jouva_ (jouva@Pony-qnp.3nu.39.8.IP)
[20:42:19] *** IdleRPG sets mode: +v Jouva_
[20:42:19] <IdleRPG> jouva, the level 83 skunk, is now online from nickname Jouva_. Next level in 48 days, 03:08:02.
[20:44:46] <IdleRPG> TheFaithBreaker [402/638] has challenged Idle_RPG [390/898] in combat and won! 1 day, 18:46:29 is removed from TheFaithBreaker's clock.
[20:44:46] <IdleRPG> TheFaithBreaker reaches next level in 6 days, 16:54:54.
[20:45:51] *** Quits: Bedmonster (Bedmonster@Pony-14bdfc.cable.rogers.com) (Quit: Leaving.)
[20:46:14] *** Joins: Bedmonster (Bedmonster@Pony-14bdfc.cable.rogers.com)
[20:52:19] *** Quits: Jouva (jouva@Pony-bh0ke0.fios.verizon.net) (Ping timeout: 121 seconds)
[21:00:18] <IdleRPG> Ripp_ found a one-time-use spell of being able to go back in time! This wondrous event has accelerated them 10 days, 12:46:24 towards level 58.
[21:00:18] <IdleRPG> Ripp_ reaches next level in 94 days, 18:57:37.
[21:03:22] <IdleRPG> Ruthalas was brushied! This wondrous event has accelerated them 0 days, 00:01:02 towards level 47.
[21:03:22] <IdleRPG> Ruthalas reaches next level in 0 days, 00:16:26.
[21:12:04] *** Quits: Jouva_ (jouva@Pony-qnp.3nu.39.8.IP) (Ping timeout: 121 seconds)
[21:15:53] *** Joins: Jouva (jouva@Pony-bh0ke0.fios.verizon.net)
[21:19:45] <IdleRPG> Ruthalas, the Palidunedain, has attained level 47! Next level in 7 days, 10:23:29.
[21:19:45] <IdleRPG> Ruthalas found a level 42 tunic. Ruthalas's current tunic is level 44, so it seems Luck is against them. They toss the tunic.
[21:19:45] <IdleRPG> Ruthalas [416/484] has challenged AppleDash [243/1101] in combat and won! 1 day, 09:53:39 is removed from Ruthalas's clock.
[21:19:45] <IdleRPG> Ruthalas reaches next level in 6 days, 00:29:50.
[21:44:53] <IdleRPG> Idle_RPG [445/898] has challenged IdleRPG [1095/1102] in combat and lost! 8 days, 14:11:33 is added to Idle_RPG's clock.
[21:44:53] <IdleRPG> Idle_RPG reaches next level in 94 days, 12:07:07.
[22:36:30] <IdleRPG> ISky was brushied! This wondrous event has accelerated them 0 days, 01:47:25 towards level 45.
[22:36:30] <IdleRPG> ISky reaches next level in 1 day, 04:02:56.
[22:45:01] <IdleRPG> Ruthalas [85/484] has challenged ISky [156/330] in combat and lost! 0 days, 10:00:55 is added to Ruthalas's clock.
[22:45:01] <IdleRPG> Ruthalas reaches next level in 6 days, 09:05:32.
[22:45:19] <IdleRPG> Rainbow_Dash [604/736] has come upon Ruthalas [432/484] and taken them in combat! 0 days, 04:41:02 is removed from Rainbow_Dash's clock.
[22:45:19] <IdleRPG> Rainbow_Dash reaches next level in 1 day, 13:53:51.
[22:47:00] *** Quits: Colgate (rabbit@brushie.horse) (Ping timeout: 121 seconds)
[23:05:09] *** Joins: Colgate (rabbit@brushie.horse)
[23:24:25] <IdleRPG> Minigash, Ruthalas, Rainbow_Dash, and Toksyuryel have been chosen by the Celestia to locate the centuries-lost tomes of the great wizard Starswirl the Bearded. Quest to end in 0 days, 15:48:02.
[23:43:47] *** McKey is now known as [A]McKey
[23:45:09] <IdleRPG> Idle_RPG [600/898] has challenged Toksyuryel [477/770] in combat and won! 19 days, 19:53:02 is removed from Idle_RPG's clock.
[23:45:09] <IdleRPG> Idle_RPG reaches next level in 74 days, 14:13:49.
