[00:07:18] *** Joins: Alcoholicorn (Alcoholicor@Pony-bfp.0d7.20.67.IP)
[00:09:40] *** Quits: Q0 (Q0@literallyshit.net) (cloudchaser.canternet.org chrysalis.canternet.org)
[00:09:40] *** Quits: johnsey (johnsey@netadmin.canternet.org) (cloudchaser.canternet.org chrysalis.canternet.org)
[00:09:40] *** Quits: One-Trick (Octavia@canterlot.symphony.orchestra) (cloudchaser.canternet.org chrysalis.canternet.org)
[00:09:40] *** Quits: Finwe (vhalkola@Pony-25l.vcn.233.130.IP) (cloudchaser.canternet.org chrysalis.canternet.org)
[00:09:40] *** Quits: AlteranAncient (AlteranAnci@Pony-erua9u.ukofequestria.co.uk) (cloudchaser.canternet.org chrysalis.canternet.org)
[00:09:40] *** Quits: RubyPinch (x@Gem.Stealer) (cloudchaser.canternet.org chrysalis.canternet.org)
[00:09:40] *** Quits: Persona (Tilde@Pony-t4r.5t3.116.129.IP) (cloudchaser.canternet.org chrysalis.canternet.org)
[00:09:40] *** Quits: LightningCrash (lightning@property.of.moonlightning) (cloudchaser.canternet.org chrysalis.canternet.org)
[00:09:40] *** Quits: Dusk (Dusk@ctos.link) (cloudchaser.canternet.org chrysalis.canternet.org)
[00:09:40] *** Quits: bikey (repair@s.no.bike) (cloudchaser.canternet.org chrysalis.canternet.org)
[00:09:40] *** Quits: Mike_Coltfield (Larscis@colt.in.the.rain) (cloudchaser.canternet.org chrysalis.canternet.org)
[00:09:40] *** Quits: Colgate (rabbit@brushie.horse) (cloudchaser.canternet.org chrysalis.canternet.org)
[00:09:40] *** Quits: Ashley (Ashfire@Ashfire.bronytv.net) (cloudchaser.canternet.org chrysalis.canternet.org)
[00:09:40] *** Quits: Lapsus (Lapsus@i-forget.ca) (cloudchaser.canternet.org chrysalis.canternet.org)
[00:09:40] *** Quits: Eivel (Eivel@Keep.Calm.and.Pony.On) (cloudchaser.canternet.org chrysalis.canternet.org)
[00:09:40] *** Quits: Silverlight|away (silverlight@voiceofequestria.com) (cloudchaser.canternet.org chrysalis.canternet.org)
[00:09:40] *** Quits: klaxa (klaxa@Pony-1kuq6f.eu) (cloudchaser.canternet.org chrysalis.canternet.org)
[00:09:40] *** Quits: Twili (Twili@Twilights.Study) (cloudchaser.canternet.org chrysalis.canternet.org)
[00:09:40] *** Quits: Sleepykitty (Selina@the.unicorn.cat) (cloudchaser.canternet.org chrysalis.canternet.org)
[00:09:40] *** Quits: Fusl (Fusl@1.0.0.127.in-addr.arpa.li) (cloudchaser.canternet.org chrysalis.canternet.org)
[00:09:40] *** Quits: Fluttershi (Fluttershi@Hipsterluna.is.my.waifu) (cloudchaser.canternet.org chrysalis.canternet.org)
[00:09:40] *** Quits: Rainbow14 (chat@Pony-gjb.k51.44.82.IP) (cloudchaser.canternet.org chrysalis.canternet.org)
[00:09:40] *** Quits: Googie (Googol@gnaws.on.keratin.and.ears) (cloudchaser.canternet.org chrysalis.canternet.org)
[00:09:40] *** Quits: miggyb (miggyb@horsetornado.co.uk) (cloudchaser.canternet.org chrysalis.canternet.org)
[00:09:40] *** Quits: Zuzu (zuzu@is.robo.licious) (cloudchaser.canternet.org chrysalis.canternet.org)
[00:09:57] *** Joins: Twili (Twili@Twilights.Study)
[00:09:57] *** Joins: RubyPinch (x@Gem.Stealer)
[00:09:57] *** Joins: miggyb (miggyb@horsetornado.co.uk)
[00:09:57] *** Joins: LightningCrash (lightning@property.of.moonlightning)
[00:09:57] *** Joins: AlteranAncient (AlteranAnci@Pony-erua9u.ukofequestria.co.uk)
[00:09:57] *** Joins: Silverlight|away (silverlight@voiceofequestria.com)
[00:09:57] *** Joins: johnsey (johnsey@netadmin.canternet.org)
[00:09:57] *** Joins: Fusl (Fusl@1.0.0.127.in-addr.arpa.li)
[00:09:57] *** Joins: Lapsus (Lapsus@i-forget.ca)
[00:09:57] *** Joins: Zuzu (zuzu@is.robo.licious)
[00:09:57] *** Joins: Q0 (Q0@literallyshit.net)
[00:09:57] *** Joins: Ashley (Ashfire@Ashfire.bronytv.net)
[00:09:57] *** Joins: bikey (repair@s.no.bike)
[00:09:57] *** Joins: Colgate (rabbit@brushie.horse)
[00:09:57] *** Joins: Persona (Tilde@Pony-t4r.5t3.116.129.IP)
[00:09:57] *** Joins: Eivel (Eivel@Keep.Calm.and.Pony.On)
[00:09:57] *** Joins: Mike_Coltfield (Larscis@colt.in.the.rain)
[00:09:57] *** Joins: Fluttershi (Fluttershi@Hipsterluna.is.my.waifu)
[00:09:57] *** Joins: Rainbow14 (chat@Pony-gjb.k51.44.82.IP)
[00:09:57] *** Joins: Googie (Googol@gnaws.on.keratin.and.ears)
[00:09:57] *** Joins: One-Trick (Octavia@canterlot.symphony.orchestra)
[00:09:57] *** Joins: klaxa (klaxa@Pony-1kuq6f.eu)
[00:09:57] *** Joins: Finwe (vhalkola@Pony-25l.vcn.233.130.IP)
[00:09:57] *** Joins: Sleepykitty (Selina@the.unicorn.cat)
[00:09:57] *** Joins: Dusk (Dusk@ctos.link)
[00:09:57] *** chrysalis.canternet.org sets mode: +vaoaoooo Twili johnsey johnsey Colgate Colgate Mike_Coltfield Googie One-Trick
[01:35:29] *** Quits: LightningCrash (lightning@property.of.moonlightning) (Quit: My Mac has gone to sleep. ZZZzzz…)
[01:39:45] *** Joins: LightningCrash (lightning@Pony-lvs.lv2.99.68.IP)
[02:49:14] *** Quits: LightningCrash (lightning@property.of.moonlightning) (Quit: My Mac has gone to sleep. ZZZzzz…)
[02:55:52] *** Joins: Toothpaste (uid63062@Pony-f8galh.hqe2.tdoh.8300.2604.IP)
[03:03:19] *** Joins: LightningCrash (lightning@Pony-lvs.lv2.99.68.IP)
[03:04:59] *** Toothpaste is now known as Toothie|AFK
[03:20:30] *** Quits: Alcoholicorn (Alcoholicor@Pony-bfp.0d7.20.67.IP) (Ping timeout: 121 seconds)
[03:48:11] *** Joins: Alcoholicorn (Alcoholicor@Pony-bfp.0d7.20.67.IP)
[03:48:35] *** ama|work is now known as ama
[03:51:51] *** Quits: Toothie|AFK (uid63062@Pony-f8galh.hqe2.tdoh.8300.2604.IP) (Quit: )
[04:39:11] *** Quits: Alcoholicorn (Alcoholicor@Pony-bfp.0d7.20.67.IP) (Ping timeout: 121 seconds)
[05:16:01] *** Quits: LightningCrash (lightning@property.of.moonlightning) (Quit: My Mac has gone to sleep. ZZZzzz…)
[05:25:14] *** Joins: Relentless (Relentless@Pony-oif08h.ok.shawcable.net)
[05:25:36] *** Quits: Relentless (Relentless@Pony-oif08h.ok.shawcable.net) (Quit: Page closed)
[05:26:11] *** Joins: Pony_3 (Pony_3@Pony-oif08h.ok.shawcable.net)
[05:26:19] *** Quits: Pony_3 (Pony_3@Pony-oif08h.ok.shawcable.net) (Quit: Page closed)
[05:26:24] *** Nexus is now known as NexSleep
[05:26:58] *** Joins: Relentless (Relentless@Pony-oif08h.ok.shawcable.net)
[05:35:44] *** Joins: LightningCrash (lightning@Pony-lvs.lv2.99.68.IP)
[06:03:28] *** Joins: Alcoholicorn (Alcoholicor@Pony-bfp.0d7.20.67.IP)
[06:04:03] *** Joins: Silverlight (silverlight@Pony-a1f.uaq.74.24.IP)
[06:05:23] *** Quits: Silverlight|away (silverlight@voiceofequestria.com) (Ping timeout: 121 seconds)
[06:05:41] *** Joins: Compu_ (quassel@snuggly.filly)
[06:13:41] *** Quits: LightningCrash (lightning@property.of.moonlightning) (Quit: The Nightmares will collide. And become a dream. <3)
[06:17:03] *** Joins: LightningCrash (lightning@Pony-lvs.lv2.99.68.IP)
[06:35:09] *** Parts: Compu_ (quassel@snuggly.filly) ("http://quassel-irc.org - Chat comfortably. Anywhere.")
[07:02:39] *** Quits: Alcoholicorn (Alcoholicor@Pony-bfp.0d7.20.67.IP) (Ping timeout: 121 seconds)
[07:27:53] *** Q0 is now known as Q0|Away
[07:40:05] *** ama is now known as ama|sleep
[07:41:27] *** Joins: Alcoholicorn (Alcoholicor@Pony-bfp.0d7.20.67.IP)
[07:49:20] *** Quits: Relentless (Relentless@Pony-oif08h.ok.shawcable.net) (Quit: Page closed)
[08:07:31] *** Hoofy is now known as Vampa
[08:47:29] *** Quits: LightningCrash (lightning@property.of.moonlightning) (Quit: The Nightmares will collide. And become a dream. <3)
[09:19:32] *** Vampa is now known as Hoofy
[10:11:54] *** Sleepykitty is now known as Unixkitty
[10:17:17] *** Quits: NexSleep (Nexusdragon@DJNexus.Fillydelphia.Radio) (Ping timeout: 121 seconds)
[10:19:42] *** Joins: Nexus (Nexusdragon@DJNexus.Fillydelphia.Radio)
[10:28:33] *** Joins: CompuDesktop (quassel@snuggly.filly)
[10:31:18] *** Quits: Hoofy (HoofSounds_@Pony-dsovdr.res.rr.com) (Ping timeout: 121 seconds)
[11:17:42] *** Fluttershi is now known as afkshi
[12:07:02] *** Unixkitty is now known as Awaykitty
[12:46:26] *** Parts: CompuDesktop (quassel@snuggly.filly) ("http://quassel-irc.org - Chat comfortably. Anywhere.")
[12:53:22] *** Awaykitty is now known as Unixkitty
[13:19:08] *** Joins: Compu_ (quassel@snuggly.filly)
[13:24:38] *** Compu_ is now known as CompuDesktop
[13:36:46] *** Joins: Hoofy (HoofSounds_@Pony-dsovdr.res.rr.com)
[14:10:32] *** Quits: bottleguy (bottleguy@bottleguy) (Ping timeout: 121 seconds)
[14:26:36] *** Joins: bottleguy (bottleguy@Pony-nkm.1jj.89.91.IP)
[14:53:50] *** bottleguy is now known as bottlelog
[15:03:15] *** Quits: afkshi (Fluttershi@Hipsterluna.is.my.waifu) (Quit: ZNC - http://znc.in)
[15:07:45] *** [A]McKey is now known as McKey
[16:09:49] *** Quits: Alcoholicorn (Alcoholicor@Pony-bfp.0d7.20.67.IP) (Ping timeout: 121 seconds)
[16:57:14] *** ama|sleep is now known as ama|work
[17:19:35] *** Joins: Toothpaste (uid63062@Pony-f8galh.hqe2.tdoh.8300.2604.IP)
[17:21:24] *** Toothpaste is now known as Toothie|Skoolz
[17:25:31] *** McKey is now known as [A]McKey
[17:42:20] *** Q0|Away is now known as Q0
[18:02:41] *** [A]McKey is now known as McKey
[18:41:06] *** Joins: Pony_4 (Pony_4@Pony-hqvmui.range86-152.btcentralplus.com)
[18:41:18] *** Quits: Pony_4 (Pony_4@Pony-hqvmui.range86-152.btcentralplus.com) (Quit: Page closed)
[18:56:37] *** Quits: Toothie|Skoolz (uid63062@Pony-f8galh.hqe2.tdoh.8300.2604.IP) (Quit: "Friendship ain't magic; it's a miracle." -ClaviSound http://tinyurl.com/p9wkvyo)
[19:03:10] *** Quits: Nexus (Nexusdragon@DJNexus.Fillydelphia.Radio) (Ping timeout: 121 seconds)
[19:03:45] *** Q0 is now known as Q0|Away
[19:05:01] *** Quits: ama|work (ama@ama.bronytv.net) (Connection closed)
[19:08:55] *** Quits: Pony_37066 (Sentoki@Sentoki.publicBNC.canternet.org) (Ping timeout: 121 seconds)
[19:10:26] *** Joins: Nexus (Nexusdragon@DJNexus.Fillydelphia.Radio)
[19:10:26] *** Joins: ama (ama@ama.bronytv.net)
[19:12:26] *** Joins: Cloudrunner (Sentoki@Sentoki.publicBNC.canternet.org)
[19:29:30] *** Joins: Pony_9 (Pony_9@Pony-hqvmui.range86-152.btcentralplus.com)
[19:38:00] *** Quits: Pony_9 (Pony_9@Pony-hqvmui.range86-152.btcentralplus.com) (Quit: Page closed)
[19:38:20] *** Joins: Bi-Italian (~Bi-Italian@Pony-vu8.j81.141.50.IP)
[19:41:03] *** Joins: Squig (~Squig@Pony-hqvmui.range86-152.btcentralplus.com)
[19:48:25] *** Quits: Bi-Italian (~Bi-Italian@Pony-vu8.j81.141.50.IP) (Ping timeout: 121 seconds)
[19:50:34] *** Quits: Squig (~Squig@Pony-hqvmui.range86-152.btcentralplus.com) (Quit: Page closed)
[20:03:32] *** Joins: Pony_3 (~Pony_3@Pony-50lfiu.adsl.tpnet.pl)
[20:03:39] *** Parts: Pony_3 (~Pony_3@Pony-50lfiu.adsl.tpnet.pl) ("")
[20:27:24] *** Joins: Alcoholicorn (Alcoholicor@Pony-bfp.0d7.20.67.IP)
[20:35:35] *** Quits: Alcoholicorn (Alcoholicor@Pony-bfp.0d7.20.67.IP) (Ping timeout: 121 seconds)
[20:54:15] *** Joins: Pony_6 (Pony_6@Pony-hqvmui.range86-152.btcentralplus.com)
[21:06:08] *** Q0|Away is now known as Q0
[21:18:40] *** Joins: Bi-Italian (Bi-Italian@Pony-mlm.j81.141.50.IP)
[21:34:49] *** Quits: Bi-Italian (Bi-Italian@Pony-mlm.j81.141.50.IP) (Ping timeout: 121 seconds)
[21:42:47] *** Hoofy is now known as Vampa
[21:42:48] *** Joins: Alcoholicorn (Alcoholicor@Pony-bfp.0d7.20.67.IP)
[22:27:37] *** Vampa is now known as Hoofy
[22:47:24] *** Quits: Alcoholicorn (Alcoholicor@Pony-bfp.0d7.20.67.IP) (Ping timeout: 121 seconds)
[22:47:30] *** Joins: Fluttershi (Fluttershi@Hipsterluna.is.my.waifu)
[22:47:37] *** Joins: LightningCrash (lightning@Pony-lvs.lv2.99.68.IP)
[22:48:10] *** Quits: LightningCrash (lightning@property.of.moonlightning) (Connection closed)
[22:48:19] *** Joins: LightningCrash (lightning@Pony-lvs.lv2.99.68.IP)
[22:56:37] *** Unixkitty is now known as Sleepykitty
[23:11:53] *** Quits: Pony_6 (Pony_6@Pony-hqvmui.range86-152.btcentralplus.com) (Quit: Page closed)
[23:18:53] *** Joins: Alcoholicorn (Alcoholicor@Pony-bfp.0d7.20.67.IP)
[23:28:21] *** Quits: LightningCrash (lightning@property.of.moonlightning) (Quit: My Mac has gone to sleep. ZZZzzz…)
[23:39:50] *** Joins: LightningCrash (lightning@Pony-lvs.lv2.99.68.IP)
[23:48:40] *** Quits: Nexus (Nexusdragon@DJNexus.Fillydelphia.Radio) (Ping timeout: 121 seconds)
[23:49:11] *** Quits: ama (ama@ama.bronytv.net) (Ping timeout: 121 seconds)
[23:49:13] *** Quits: Cloudrunner (Sentoki@Sentoki.publicBNC.canternet.org) (Ping timeout: 121 seconds)
[23:50:22] *** Joins: Nexus (Nexusdragon@DJNexus.Fillydelphia.Radio)
[23:50:22] *** Joins: ama|bnc (ama@ama.bronytv.net)
[23:50:52] *** Joins: Cloudrunner (Sentoki@Sentoki.publicBNC.canternet.org)
