[00:46:25] *** Quits: Zuzu (zuzu@is.robo.licious) (A TLS packet with unexpected length was received.)
[00:52:28] *** Joins: Zuzu (zuzu@is.robo.licious)
[01:14:32] *** Joins: LightningCrash (lightning@Pony-usg.e84.188.199.IP)
[01:31:34] *** Cloudrunner is now known as MelodyNote
[02:50:52] *** Quits: Alcoholicorn (Alcoholicor@Pony-55oq0s.pool.hargray.net) (Ping timeout: 121 seconds)
[03:40:40] *** Quits: Zuzu (zuzu@is.robo.licious) (Quit: My Mac has gone to sleep. ZZZzzz…)
[03:42:21] *** Joins: Zuzu (zuzu@is.robo.licious)
[04:03:19] *** MelodyNote is now known as Cloud|Ugh
[04:15:26] *** Quits: LightningCrash (lightning@property.of.moonlightning) (Quit: The Nightmares will collide. And become a dream. <3)
[04:17:55] *** Cloud|Ugh is now known as Cloud|Upset
[04:20:29] *** Cloud|Upset is now known as Cloudrunner
[04:34:56] *** Joins: LightningCrash (lightning@Pony-35aoef.ph.cox.net)
[04:53:26] *** Joins: Alcoholicorn (Alcoholicor@Pony-55oq0s.pool.hargray.net)
[04:57:35] *** ama|work is now known as ama
[05:08:36] *** Cloudrunner is now known as Shao_Kahn
[05:18:05] *** Oatzmeal is now known as Birdcat
[05:39:23] *** RedHelper is now known as Creeps|AFK
[05:51:45] *** Quits: Toothpaste (uid63062@Pony-tbaiid.charlton.irccloud.com) (Quit: Whoops! Gotta go! Seeya! ^.^/))
[06:04:55] *** Joins: Lov3r (iJalaal@Pony-1samfc.gamma.elitebnc.org)
[06:04:58] <Lov3r> hey there?
[06:04:58] <Twili> I read in a book once that said hey there Is anyone here well versed in mIRC?
[06:05:14] <Colgate> hello
[06:05:46] <Lov3r> How r u Colgate
[06:05:59] <Lov3r> i requested a vhost
[06:06:02] <Lov3r> i didnt got ?
[06:06:04] <Lov3r> wat to do
[06:06:28] <Colgate> you wait
[06:08:14] <Lov3r> Still hav to w8?
[06:08:28] <Colgate> yes
[06:08:34] <Lov3r> y 
[06:08:39] <Lov3r> your the admin
[06:08:41] <Colgate> because ircops have lives
[06:08:44] <Lov3r> u can giv right?
[06:08:53] <Lov3r> SO your not ?
[06:08:53] <Colgate> and do other things besides sit around and approve vhosts the moment they come in
[06:09:03] <Colgate> I am an admin, yes
[06:09:05] <Colgate> but I'm busy
[06:09:19] <Lov3r> wat kinda business your facing
[06:09:19] <Lov3r> dude
[06:09:24] <Lov3r> u just have to aprove
[06:09:33] *** Colgate sets mode: +b *!*@Pony-1samfc.gamma.elitebnc.org
[06:09:34] *** Lov3r was kicked by Colgate (Colgate)
[06:10:26] <Fluttershi> 9_6
[06:11:15] <AppleDash> lol
[06:13:58] *** Colgate sets mode: -b *!*@Pony-1samfc.gamma.elitebnc.org
[06:14:16] *** Birdcat is now known as Birdnap
[06:18:22] *** Silverlight is now known as Silverlight|away
[06:35:24] *** Shao_Kahn is now known as Cloudrunnee
[06:35:27] *** Cloudrunnee is now known as Cloudrunner
[06:51:48] *** Quits: LightningCrash (lightning@property.of.moonlightning) (Quit: The Nightmares will collide. And become a dream. <3)
[07:24:28] *** Fluttershi is now known as afkshi
[07:25:08] *** GigaWork is now known as Gigabit
[08:06:53] *** Quits: Zuzu (zuzu@is.robo.licious) (Connection closed)
[08:07:42] *** Joins: Zuzu (zuzu@is.robo.licious)
[08:08:12] *** ama is now known as ama|sleep
[08:13:49] *** Quits: Alcoholicorn (Alcoholicor@Pony-55oq0s.pool.hargray.net) (Ping timeout: 121 seconds)
[08:50:23] *** Joins: Alcoholicorn (Alcoholicor@Pony-55oq0s.pool.hargray.net)
[09:23:36] *** Joins: DrelvanianGuard (DrelvanianG@Pony-ovsl5k.tx.cebridge.net)
[09:24:49] *** Quits: DrelvanianGuard (DrelvanianG@Pony-ovsl5k.tx.cebridge.net) (Quit: Page closed)
[10:05:04] *** Quits: Hoofy (~HoofSounds_@Pony-dsovdr.res.rr.com) (Ping timeout: 121 seconds)
[10:20:21] *** Awaykitty is now known as Unixkitty
[10:36:21] *** Joins: Hoofy2 (HoofSounds_@Pony-dsovdr.res.rr.com)
[10:39:49] *** Hoofy2 is now known as hoofy
[10:40:13] *** hoofy is now known as Hoofy
[10:40:19] *** Hoofy is now known as Pony_34300
[10:41:11] *** Pony_34300 is now known as Hoofy
[10:41:42] *** Hoofy is now known as Pony_64657
[10:42:07] *** Pony_64657 is now known as hoofy2
[10:51:45] *** hoofy2 is now known as star
[10:52:05] *** star is now known as Hoofy2
[11:01:42] *** Quits: Hoofy2 (HoofSounds_@Pony-dsovdr.res.rr.com) (Quit: Page closed)
[11:02:14] *** Joins: HoofSounds_885 (HoofSounds_@Pony-dsovdr.res.rr.com)
[11:02:26] *** Quits: Alcoholicorn (Alcoholicor@Pony-55oq0s.pool.hargray.net) (Ping timeout: 121 seconds)
[11:04:29] *** HoofSounds_885 is now known as hofy
[11:04:38] *** hofy is now known as hoofy2
[11:17:28] *** Joins: Alcoholicorn (Alcoholicor@Pony-55oq0s.pool.hargray.net)
[11:51:00] *** Unixkitty is now known as Awaykitty
[12:01:07] *** Quits: Alcoholicorn (Alcoholicor@Pony-55oq0s.pool.hargray.net) (Ping timeout: 121 seconds)
[12:08:09] *** Awaykitty is now known as Unixkitty
[12:47:55] *** Joins: BronyDee-AFK (BronyDee@Pony-m2u.0od.241.58.IP)
[12:49:41] *** Parts: BronyDee-AFK (BronyDee@Pony-m2u.0od.241.58.IP) ("BronyDee has gone watching pony stuff")
[13:16:17] *** Joins: Alcoholicorn (Alcoholicor@Pony-55oq0s.pool.hargray.net)
[13:22:39] *** Quits: Alcoholicorn (Alcoholicor@Pony-55oq0s.pool.hargray.net) (Ping timeout: 121 seconds)
[13:26:33] *** Q0 is now known as Q0|Away
[14:11:25] *** Joins: Alcoholicorn (Alcoholicor@Pony-55oq0s.pool.hargray.net)
[14:25:40] *** afkshi is now known as Fluttershi
[14:33:04] *** [A]McKey is now known as McKey
[14:35:35] *** hoofy2 is now known as Hoofy
[14:56:00] *** Quits: Alcoholicorn (Alcoholicor@Pony-55oq0s.pool.hargray.net) (Ping timeout: 121 seconds)
[15:01:45] *** Joins: Alcoholicorn (Alcoholicor@Pony-55oq0s.pool.hargray.net)
[15:17:38] *** Quits: Alcoholicorn (Alcoholicor@Pony-55oq0s.pool.hargray.net) (Connection closed)
[16:44:48] *** Joins: Toothpaste (uid63062@Pony-tbaiid.charlton.irccloud.com)
[16:44:52] *** ama|sleep is now known as ama|work
[16:49:36] *** Joins: Pony_7 (Pony_7@Pony-22v940.liwest.at)
[16:52:11] *** Toothpaste is now known as Toothie|Skoolz
[16:52:43] *** Quits: Pony_7 (Pony_7@Pony-22v940.liwest.at) (Quit: Page closed)
[17:15:35] *** Joins: HelpServeR (FIR@OFFICIAL.BOTs.OF.FIR)
[17:15:46] <HelpServeR> hi all
[17:15:56] *** HelpServeR is now known as Help
[17:16:09] <Help> can any one tell me
[17:16:12] <Help> !protect
[17:16:25] <Help> is mirc command ?
[17:18:13] <Fluttershi> that doesn't look familiar, i know not what you're trying for with that command, i use mirc, though, so i think i'll go with no, that command doesn't automatically do anything
[17:19:15] <Toothie|Skoolz> Isn't that some kind of command for setting someone as an op of some kind?
[17:19:51] <Fluttershi> not that i know of, but iuno
[17:21:33] *** Joins: Pony_0 (Pony_0@Pony-27r.g1v.65.69.IP)
[17:22:00] *** Pony_0 is now known as chakolatechip
[17:22:24] *** Quits: chakolatechip (Pony_0@Pony-27r.g1v.65.69.IP) (Quit: Page closed)
[17:23:18] <Help> when i do this i get mst
[17:23:26] <Help> -Celestia- You are not authorized to perform this operation.
[17:23:55] <Fluttershi> !protect
[17:24:02] <Fluttershi> huh, i see...
[17:24:11] <Toothie|Skoolz> Where are you trying to do it? In another established channel that you do not own?
[17:24:17] * Fluttershi shrugs "no idea
[17:24:53] <Help> yes pereviously when i do that 
[17:25:00] <Help> i get oped at my level
[17:25:14] <Help> but now i m geting a differnent kind of notice
[17:25:27] <Toothie|Skoolz> I think that only the channel owner can preform that command...
[17:25:30] <Help> can i show you that in your pvt
[17:25:49] <Help> no previously i was useing it at sop lavel
[17:26:30] <Fluttershi> i just tried it somewhere i'm owner and got [11:24:29] -Celestia- SweetieBot is not online.  |  [11:24:29] -Celestia- dumbo is not online.  |  [11:24:29] -Celestia- cute_bhoot is not online.  |  [11:24:29] -Celestia- POWER is not online.  |  [11:24:29] -Celestia- frog is not on #<channel>
[17:26:38] <Fluttershi> no idea who any of those are
[17:26:57] <Fluttershi> what's !protect supposed to be doing, or...?
[17:27:30] <Help> yes
[17:27:33] <Help> smae thing i get
[17:27:37] <Help> same thing i get
[17:27:38] <Help> why
[17:27:38] <Twili> Ponies say why can't I set channel mode +a by itself without services?
[17:27:54] <Help> these all nicks are users
[17:28:18] <Help> they why i and you are geting there nicks from chanserv
[17:28:33] <Unixkitty> Are you people trying to figure out a problem or simply chatting about?
[17:28:54] <Help> trying to find why its happning
[17:29:10] <Unixkitty> Why is happening what?
[17:29:29] <Fluttershi> trying to figure out what this !protect command is i guess
[17:29:30] <Help> see msg of Fluttershi
[17:30:02] <Help> when i was using it it gives me my lavel Oped status in room when i sits as user ..
[17:30:35] <Help> & when i protect no one can kick me unless he pot command for my nick !deprotect Nick
[17:31:06] <Unixkitty> So... what exactly are you trying to do again? Get your channel status back?
[17:31:34] <Help> i have same status but this command is not working . its giving me nick of other pplz that thay are not online
[17:32:15] <Help> even when i m at other room where i m owner .. its not working there . and chanserv is giving me nikcs of same those pplz who have no link with that room .
[17:32:40] <Help> why chanserv is giving such msg and why that command is not working .
[17:32:43] <Fluttershi> i guess he's trying to give himself op and make himself unkickable or something, iuno
[17:32:48] <Unixkitty> Try doing /msg ChanServ PROTECT #channel [nickname]
[17:33:20] * Fluttershi wasn't even aware of this command to begin with
[17:33:23] <Help> same msg
[17:33:34] <Help> -ChanServ- SweetieBot is not online.
[17:33:34] <Help> -ChanServ- dumbo is not online.
[17:33:34] <Help> -ChanServ- cute_bhoot is not online.
[17:33:34] *** Help was kicked by daring.canternet.org (Channel flood triggered (limit is 4 lines in 5 secs))
[17:34:02] <Toothie|Skoolz> xD
[17:34:06] *** Joins: Help (FIR@OFFICIAL.BOTs.OF.FIR)
[17:34:13] <Help> thanks
[17:34:19] <Help> sorry for inconvaniance 
[17:34:28] <Fluttershi> maybe the command needs one of these unknowns to do whatever it's supposed be doing
[17:34:28] <Help> even you can try it where you are owner
[17:34:47] <Help> but they are users not irc-cops
[17:35:02] <Help> what link they are having with this command >?
[17:35:09] * Fluttershi shrugs
[17:35:19] <Help> why chanserv is sendng msg for those nicks ?
[17:35:29] * Fluttershi shrugs
[17:35:57] <Help> they sits in a chatroom . how can they be required to be online for a command of chanserv
[17:39:56] <Help> can i get any help
[17:40:07] <Shutter> Help: Protect isn't persistent, so it requires the person you're trying to do it to to be online.
[17:40:24] <Shutter> Well that's ironic.
[17:45:15] <Fluttershi> invite frog into whatever chan and it might work?
[17:45:42] <Fluttershi> it said they weren't in the chan for me, rather then them not being online
[17:46:00] <Shutter> ^ Obviously they have to be on the channel you're trying to protect them on, too ...
[17:52:15] <Fluttershi> so the list that pops up at us are the only ones that are getting protected, themselves?
[17:54:12] *** Unixkitty is now known as Awaykitty
[18:24:08] <Help> why frog is he related to chanserv commands
[18:24:27] *** Joins: Freak (Freak@Freak.Freak.Freak.Freak)
[18:29:07] <Colgate> frog? what?
[18:29:21] <Help> i use command
[18:29:23] <Help> !protect
[18:29:35] <Colgate> yes, that is a command
[18:29:38] <Freak> sometimes its wont work
[18:29:42] <Freak> is it posiable
[18:29:43] <Freak> ?
[18:30:04] <Colgate> you probably don't have chanserv flag +a
[18:30:07] <Colgate> if it doesn't work
[18:30:29] <Freak> no he means he have +a and sometimes it wont work
[18:30:57] <Colgate> channel name?
[18:31:00] <Freak> #gupshupcorner
[18:33:17] *** Quits: Freak (Freak@Freak.Freak.Freak.Freak) (Connection closed)
[18:33:35] <Colgate> show me
[18:33:40] <Help> show what Colgate
[18:33:52] <Colgate> "!protect not working"
[18:34:03] <Help> ok i give you what msg it gives
[18:34:10] <Colgate> show me in channel
[18:34:12] <Colgate> I'm in there
[18:34:19] <Help> my nick Vampire
[18:35:06] <Colgate> that's a different username than you gave before
[18:35:44] <Help> <Pinkamena>: SweetieBot is not online. <Pinkamena>: dumbo is not online. <Pinkamena>: cute_bhoot is not online. <Pinkamena>: POWER is not online. <Pinkamena>: frog is not on #Channel.
[18:35:48] <Help> this msg comes
[18:35:52] <Help> when i command 
[18:36:06] <Help> any where even in room i m owner . it gives same msg
[18:36:16] *** Joins: Freek (Freak@Freak.Freak.Freak.Freak)
[18:36:26] *** Freek is now known as Freak
[18:36:35] <Freak> Have u checked Colgate?
[18:36:49] <Colgate> I'm looking into things
[18:36:54] <Colgate> also a bit busy irl
[18:36:59] <Freak> ok sure tyt
[18:37:06] <Freak> yea
[18:37:16] <Colgate> does /chanserv protect #channel work?
[18:39:22] *** Freak is now known as x
[18:41:29] <Help> nop
[18:41:35] <Help> it gives the same msg
[18:41:53] <x> same bug?
[18:42:35] *** x is now known as Freak
[18:43:01] <Shutter> Just wait a bit and it will probably be OK after a services update.
[18:43:16] <Freak> thanks Shutter
[18:43:24] <Shutter> Thank Colgate :3
[18:49:10] <Help> is it over now ? 
[18:49:14] <Help> we just have to wait ?
[18:49:58] <Shutter> Still wait.
[18:50:18] <Help> we may sit here and wait Sir!
[19:03:03] *** Toothie|Skoolz is now known as Toothie|Chem
[19:14:59] <Help> Colgate still waiting sir!
[19:15:18] <Colgate> pinging me will not make it go any faster
[19:15:21] <Fluttershi> expect hours or days of wait, maybe even weeks? and then happy little surprise if the wait isn't that long
[19:15:55] <Help> lol :)
[19:30:14] *** Joins: Lov3r (iJalaal@Pony-1samfc.gamma.elitebnc.org)
[19:30:16] <Lov3r> hy
[19:30:21] <Lov3r> i need vhost
[19:30:27] <Lov3r> y didnt it apporveD?
[19:30:31] *** Colgate sets mode: +b *!*@i-forget.ca
[19:30:32] *** Lapsus was kicked by Colgate (Colgate)
[19:30:34] <Colgate> no
[19:30:36] *** Colgate sets mode: +b *!*@Pony-1samfc.gamma.elitebnc.org
[19:30:37] *** Lov3r was kicked by Colgate (Colgate)
[19:30:41] <Colgate> stupid tab
[19:30:52] *** Colgate sets mode: -b *!*@i-forget.ca
[19:31:08] *** Joins: Lapsus (Lapsus@i-forget.ca)
[19:31:23] <Lapsus> ?
[19:31:44] <Colgate> wrong tab complete
[19:31:55] <Lapsus> <3
[19:32:28] <Lapsus> Maybe try more than one letter before hitting tab :3
[19:33:48] *** Quits: Freak (Freak@Freak.Freak.Freak.Freak) (Ping timeout: 121 seconds)
[19:33:59] <Colgate> tab complete is *supposed* to be based off of activity
[19:34:45] <Lapsus> Maybe it's just mirc, but mine is always alphabetical
[19:35:06] <Lapsus> either way, apparently that's a good way to get my attention
[19:35:17] <Lapsus> maybe I should turn hilighting back on at some point
[19:37:31] *** Fluttershi is now known as afkshi
[19:37:38] <Colgate> Lapsus: it is a setting in weechat
[19:37:54] <Colgate> but apparently it just... didn't work
[19:51:57] *** Parts: Help (FIR@OFFICIAL.BOTs.OF.FIR) ()
[20:01:44] *** Joins: Pony_4 (Pony_4@Pony-0625ti.adsl.tpnet.pl)
[20:05:57] *** Quits: Creeps|AFK (RedHelper@The.Pony.That.Makes.You.Smile) (Ping timeout: 121 seconds)
[20:06:58] *** Quits: ama|work (ama@ama.bronytv.net) (Quit: Canternet Public Bouncer!)
[20:07:36] *** Quits: Cloudrunner (Sentoki@Sentoki.publicBNC.canternet.org) (Ping timeout: 121 seconds)
[20:08:23] *** Quits: Pony_4 (Pony_4@Pony-0625ti.adsl.tpnet.pl) (Quit: Page closed)
[20:09:05] *** Toothie|Chem is now known as Toothie
[20:10:16] *** Awaykitty is now known as Unixkitty
[20:10:18] *** Quits: NexSleep (Nexusdragon@DJNexus.Fillydelphia.Radio) (Ping timeout: 121 seconds)
[20:20:50] *** Joins: Pony_6 (Pony_6@Pony-22v940.liwest.at)
[20:21:22] *** Quits: afkshi (Fluttershi@Hipsterluna.is.my.waifu) (Ping timeout: 121 seconds)
[20:22:10] *** Parts: Pony_6 (Pony_6@Pony-22v940.liwest.at) ("")
[20:34:44] *** Joins: Cloudrunner (Sentoki@Sentoki.publicBNC.canternet.org)
[20:34:44] *** Joins: ama|bnc (ama@ama.bronytv.net)
[20:35:14] *** Joins: Nexus (Nexusdragon@DJNexus.Fillydelphia.Radio)
[20:35:15] *** Joins: RedHelper (RedHelper@The.Pony.That.Makes.You.Smile)
[20:39:44] *** Joins: Pony_95793 (Fluttershi@Fluttershi.publicBNC.canternet.org)
[20:40:02] *** Toothie is now known as Toothie|Engrishes
[20:44:14] *** Quits: Celestia (Celestia@The.Sun.Princess) (shutting down)
[20:45:15] *** Joins: Celestia (Celestia@The.Sun.Princess)
[20:45:15] *** services.canternet.org sets mode: +o Celestia
[20:47:57] *** Quits: Datguy (Datguy@Pony-saoqak.7c6k.qn14.a880.2604.IP) (Ping timeout: 121 seconds)
[20:48:52] *** Joins: McKey (Kordus@bronies.info)
[20:53:52] *** Joins: McKeyPL (Kordus@bronies.info)
[20:54:08] *** McKeyPL is now known as McKey
[21:06:28] *** Birdnap is now known as Oatz[UpgradingComp]
[21:06:56] *** Joins: Datguy (Datguy@Pony-saoqak.7c6k.qn14.a880.2604.IP)
[21:10:50] *** Quits: Datguy (Datguy@Pony-saoqak.7c6k.qn14.a880.2604.IP) (Quit: Cya.)
[21:19:22] *** Joins: Datguy (Datguy@Pony-103.0b1.131.104.IP)
[21:24:02] *** Pony_95793 is now known as Fluttershi
[21:34:30] *** Toothie|Engrishes is now known as Invert_Shade
[22:17:56] *** Oatz[UpgradingComp] is now known as Oatzmeal
[22:19:29] *** Invert_Shade is now known as Toothie|PhysEd
[23:02:31] *** Unixkitty is now known as Awaykitty
[23:20:31] *** Toothie|PhysEd is now known as Invert_Shade
[23:51:21] *** Joins: LightningCrash (lightning@Pony-35aoef.ph.cox.net)
