[18:27:06] *** [A]McKey is now known as McKey
[18:31:17] *** Joins: Pony_6 (Pony_6@Pony-h5aqie.adsl.tpnet.pl)
[18:31:17] <Litho> Witaj Pony_6!
[18:31:33] <Pony_6> hejka - lazy
[18:31:41] <Pony_6> McKey: 
[18:31:43] <Pony_6> McKey: 
[18:31:45] <Pony_6> McKey: 
[18:32:03] *** Founder|AFK sets mode: +h McKey
[18:32:07] <McKey> Pony_6 co?
[18:32:16] <Pony_6> po cholere dostlam bana
[18:32:19] <Pony_6> ?
[18:32:26] <McKey> kto?
[18:32:28] <Pony_6> iwczoraj
[18:32:34] <McKey> Nicki albo wpierdol jeszcze tutaj
[18:32:49] <Pony_6> eh fk
[18:33:02] *** McKey sets mode: +b *!*@Pony-h5aqie.adsl.tpnet.pl
[18:33:07] *** Pony_6 was kicked by McKey ()
[18:34:21] <McKey> !down
[18:34:21] *** Luna sets mode: -h McKey
[19:36:35] <BlackBird> aha?
[19:36:40] <BlackBird> kto to był?
[19:36:44] <BlackBird> McKey:
[19:36:50] <BlackBird> litwin?
[19:37:00] <McKey> 50/50
[19:39:46] *** Joins: Delta3120 (Delta3120@Pony-7unsia.static.kolnet.eu)
[19:39:46] <Litho> Hai Delta3120!
[19:40:53] <BlackBird> witaj
[19:40:57] <Delta3120> hej xD
[19:41:00] *** Joins: Sieczkosia (~Sieczkosia@Pony-fkg237.adsl.tpnet.pl)
[19:41:00] <Litho> It's wonderful to see you Sieczkosia!
[19:41:09] <Delta3120> a tutaj działa :p
[19:41:14] <Sieczkosia> heh
[19:41:19] <Delta3120> Black Bird
[19:41:25] <BlackBird> sieczkosia?
[19:41:27] <BlackBird> wut
[19:41:44] <Delta3120> czemu ona może wejść na norulez a nie może na radioyay?
[19:41:49] <Sieczkosia> wiem malo zachwycajacy nick
[19:42:36] <BlackBird> moze ma bana?
[19:42:40] <BlackBird> mckey:
[19:42:44] <Delta3120> pierwszy raz weszła
[19:42:57] <McKey> dla ciebie :P
[19:42:58] <Delta3120> nigdy nie była na czacie
[19:43:02] <Delta3120> McKey
[19:43:05] <Delta3120> odbanuj ją :p
[19:43:23] <McKey> Nick albo nie ma nic
[19:43:38] <Delta3120> ma nick
[19:43:57] <McKey> jakoś nie widxze
[19:44:57] <BlackBird> ma nick....
[19:45:09] <McKey> *!*@*.adsl.tpnet.pl
[19:45:14] <McKey> Wiecie co to robi
[19:45:18] <McKey> banuje całe TP
[19:45:27] <BlackBird> gj
[19:45:40] <BlackBird> czemu ban na to jest?
[19:45:54] <McKey> bo Dzieci Neo xD
[19:46:22] <Delta3120> Sieczkosia, to zmień se nick na Aniasiecz
[19:46:29] <Delta3120> ./nick Aniasiecz
[19:46:34] *** Sieczkosia is now known as Aniasiecz
[19:46:39] <Delta3120> i git
[19:47:10] <Aniasiecz> wow xD
[19:47:11] <Delta3120> to czemu jej nie odbanujesz?
[19:47:18] <Delta3120> McKey
[19:47:22] <McKey> ...
[19:47:23] <BlackBird> juz ma unbana..
[19:47:27] <McKey> MOGE CIE ZAJEBAC?
[19:47:30] <Delta3120> aaa
[19:47:34] <Delta3120> nie xD
[19:47:40] <McKey> to ogarniaj
[19:47:46] <Delta3120> sry xD
[19:47:58] <Delta3120> ale tu kurna jest mały zamęt xD
[19:49:20] <Delta3120> !kot
[19:49:28] <BlackBird> wrr
[19:49:29] <Litho> wrr
[19:49:31] <BlackBird> mru
[19:49:31] <Litho> rawr
[19:49:53] <Delta3120> aa xD
[19:50:26] <BlackBird> !bot.say test
[19:50:27] <Litho> test
[19:50:31] <BlackBird> :v
[19:50:38] <BlackBird> taki zaawansowany bot
[19:50:50] <BlackBird> pisalem go od 0 przez pare miesiecy
[19:50:53] <McKey> !bot.say BlackBird Lubi mnie w dupe
[19:50:54] <Litho> BlackBird Lubi mnie w dupe
[19:50:56] <McKey> xdD
[19:51:00] <BlackBird> -.-
[19:51:07] <BlackBird> mckey ty trollu
[19:51:11] <McKey> tag
[19:51:18] <BlackBird> !bot.say !roulrtte
[19:51:18] <Litho> !roulrtte
[19:51:23] <McKey> !bot.action Derp
[19:51:31] <BlackBird> !bot.say !roulette
[19:51:32] <Litho> Nooooope!!
[19:51:35] <BlackBird> :p
[19:51:39] <BlackBird> a no tak
[20:05:11] *** Quits: Delta3120 (Delta3120@Pony-7unsia.static.kolnet.eu) (Ping timeout: 121 seconds)
[20:10:31] <BlackBird> gj
[20:41:08] *** Quits: Aniasiecz (~Sieczkosia@Pony-fkg237.adsl.tpnet.pl) (Quit: Page closed)
[22:32:02] *** McKey is now known as [A]McKey
