[00:03:30] *** Joins: LightningCrash (lightning@property.of.moonlightning)
[01:01:22] *** Cloud_Zephyr is now known as Cloud_Zephyr|Away
[01:30:50] *** Quits: RedHelper (RedHelper@The.Pony.That.Makes.You.Smile) (Connection closed)
[01:33:10] *** Joins: RedHelper (RedHelper@The.Pony.That.Makes.You.Smile)
[01:42:59] *** Quits: LightningCrash (lightning@property.of.moonlightning) (Quit: *poof*)
[01:52:17] *** Quits: Cloud_Zephyr|Away (Cloud_Zephy@in.your.kitchen.eating.all.your.cake) (Ping timeout: 121 seconds)
[02:01:39] *** Joins: Cloud_Zephyr (Cloud_Zephy@Pony-pqm6p3.range86-141.btcentralplus.com)
[02:01:43] *** Cloud_Zephyr is now known as Pony_64642
[02:08:02] *** Joins: Pi (Pi@Pony-3iq.ak5.208.112.IP)
[02:16:09] *** Quits: Zuzu (zuzu@is.robo.licious) (Ping timeout: 121 seconds)
[02:17:09] *** Joins: Zuzu (zuzu@is.robo.licious)
[02:23:25] *** Joins: LightningCrash (lightning@property.of.moonlightning)
[02:41:06] *** Quits: Zuzu (zuzu@is.robo.licious) (Ping timeout: 121 seconds)
[02:44:56] *** Joins: Zuzu (zuzu@is.robo.licious)
[02:47:37] *** Joins: Zuzu_ (zuzu@is.robo.licious)
[02:50:39] *** Quits: Zuzu (zuzu@is.robo.licious) (Ping timeout: 121 seconds)
[03:25:09] *** Joins: Zuzu (zuzu@is.robo.licious)
[03:26:36] *** Quits: Zuzu_ (zuzu@is.robo.licious) (Ping timeout: 121 seconds)
[04:03:27] *** Quits: Zuzu (zuzu@is.robo.licious) (Ping timeout: 121 seconds)
[04:04:32] *** Joins: Zuzu (zuzu@is.robo.licious)
[04:50:28] *** Quits: Pi (Pi@Pony-3iq.ak5.208.112.IP) (Ping timeout: 121 seconds)
[04:56:53] *** Quits: Zuzu (zuzu@is.robo.licious) (Ping timeout: 121 seconds)
[04:57:56] *** Joins: Zuzu (zuzu@Pony-6oumfq.eastlink.ca)
[05:12:23] *** Quits: LightningCrash (lightning@property.of.moonlightning) (Quit: *poof*)
[05:25:04] *** Joins: Pi (Pi@Pony-3iq.ak5.208.112.IP)
[05:51:29] *** Quits: Zuzu (zuzu@is.robo.licious) (Ping timeout: 121 seconds)
[05:52:50] *** Joins: Zuzu (zuzu@is.robo.licious)
[06:00:31] *** RedHelper is now known as Creeps|AFK
[06:13:29] *** Quits: Pi (Pi@Pony-3iq.ak5.208.112.IP) (Ping timeout: 121 seconds)
[06:40:55] *** Quits: Zuzu (zuzu@is.robo.licious) (Ping timeout: 121 seconds)
[06:42:13] *** Joins: Zuzu (zuzu@is.robo.licious)
[06:49:32] *** Joins: Pi (Pi@Pony-3iq.ak5.208.112.IP)
[06:51:29] *** Pi is now known as Phoenix
[07:08:05] *** Quits: Zuzu (zuzu@is.robo.licious) (Ping timeout: 121 seconds)
[07:09:07] *** Joins: Zuzu (zuzu@is.robo.licious)
[07:12:31] *** Ashfire is now known as Ashleep
[07:26:37] *** Phoenix is now known as Pi
[07:34:59] *** Quits: Zuzu (zuzu@is.robo.licious) (Ping timeout: 121 seconds)
[07:36:01] *** Joins: Zuzu (zuzu@Pony-6oumfq.eastlink.ca)
[08:07:15] *** Joins: GigabitPony (Gigabit@AppleDash.is.my.pet)
[08:28:06] *** Quits: Zuzu (zuzu@is.robo.licious) (Ping timeout: 121 seconds)
[08:29:23] *** Joins: Zuzu (zuzu@is.robo.licious)
[09:08:00] *** Quits: Pi (Pi@Pony-3iq.ak5.208.112.IP) (Quit: Lend me 10p for a cuppa tea, mate)
[09:13:22] *** Joins: Pi (pi@Pony-3iq.ak5.208.112.IP)
[09:15:36] *** [A]McKey is now known as McKey
[09:20:19] *** Joins: SabSparrow (SabSparrow@Pony-aqr.lge.190.193.IP)
[09:21:28] *** Quits: Zuzu (zuzu@is.robo.licious) (Ping timeout: 121 seconds)
[09:22:47] *** Joins: Zuzu (zuzu@is.robo.licious)
[09:48:39] *** Quits: Zuzu (zuzu@is.robo.licious) (Ping timeout: 121 seconds)
[09:49:40] *** Joins: Zuzu (zuzu@is.robo.licious)
[10:03:39] *** Pi is now known as Pi_Cook
[10:13:31] *** Quits: Zuzu (zuzu@is.robo.licious) (Ping timeout: 121 seconds)
[10:14:33] *** Joins: Zuzu (zuzu@is.robo.licious)
[10:14:41] *** Quits: Moonlightning (blackl@property.of.lightningcrash) (Connection closed)
[10:15:04] *** Joins: Starthunder (blackl@property.of.lightningcrash)
[10:23:03] *** McKey is now known as [A]McKey
[10:25:06] *** Quits: SabSparrow (SabSparrow@Pony-aqr.lge.190.193.IP) (Quit: If you can't laugh at yourself, make fun of other people.)
[10:42:26] *** Quits: Zuzu (zuzu@is.robo.licious) (Ping timeout: 121 seconds)
[10:43:26] *** Joins: Zuzu (zuzu@Pony-6oumfq.eastlink.ca)
[11:02:59] *** Pi_Cook is now known as Pi
[11:07:17] *** Quits: Zuzu (zuzu@is.robo.licious) (Ping timeout: 121 seconds)
[11:08:49] *** Joins: Zuzu (zuzu@Pony-6oumfq.eastlink.ca)
[11:28:59] *** [A]McKey is now known as McKey
[11:34:42] *** Quits: Zuzu (zuzu@is.robo.licious) (Ping timeout: 121 seconds)
[11:35:42] *** Joins: Zuzu (zuzu@Pony-6oumfq.eastlink.ca)
[12:01:34] *** Quits: Zuzu (zuzu@is.robo.licious) (Ping timeout: 121 seconds)
[12:02:35] *** Joins: Zuzu (zuzu@Pony-6oumfq.eastlink.ca)
[12:09:13] *** McKey is now known as [A]McKey
[12:09:41] *** Q0 is now known as Q0|Away
[12:20:12] *** GigabitPony is now known as Gigabit
[12:49:27] *** Quits: Cameron_D (cameron@cam.mylittle.horse) (Ping timeout: 121 seconds)
[12:54:48] *** Quits: Zuzu (zuzu@is.robo.licious) (Ping timeout: 121 seconds)
[13:05:47] *** Joins: Lunia (ellen@ChumPony.Enterprises)
[13:20:01] *** Joins: Cameron_D (cameron@Pony-be0im7.mylittle.horse)
[13:21:21] *** Joins: Zuzu (zuzu@is.robo.licious)
[13:45:12] *** Quits: Zuzu (zuzu@is.robo.licious) (Ping timeout: 121 seconds)
[13:46:17] *** Joins: Zuzu (zuzu@is.robo.licious)
[13:54:24] *** Quits: Pi (pi@Pony-3iq.ak5.208.112.IP) (Quit: Leaving)
[13:56:57] *** Joins: Pi (Pi@Pony-3iq.ak5.208.112.IP)
[14:14:10] *** Quits: Zuzu (zuzu@is.robo.licious) (Ping timeout: 121 seconds)
[14:15:10] *** Joins: Zuzu (zuzu@Pony-6oumfq.eastlink.ca)
[14:33:51] *** [A]McKey is now known as McKey
[14:41:02] *** Quits: Zuzu (zuzu@is.robo.licious) (Ping timeout: 121 seconds)
[14:42:03] *** Joins: Zuzu (zuzu@is.robo.licious)
[15:05:54] *** Quits: Zuzu (zuzu@is.robo.licious) (Ping timeout: 121 seconds)
[15:06:56] *** Joins: Zuzu (zuzu@is.robo.licious)
[15:38:51] *** Quits: Zuzu (zuzu@is.robo.licious) (Ping timeout: 121 seconds)
[15:39:50] *** Joins: Zuzu (zuzu@is.robo.licious)
[16:03:25] *** Joins: Arrow (uid63062@Pony-tbaiid.charlton.irccloud.com)
[16:03:41] *** Quits: Zuzu (zuzu@is.robo.licious) (Ping timeout: 121 seconds)
[16:04:08] *** Arrow is now known as Toothie
[16:04:21] *** Joins: SabSparrow (SabSparrow@Pony-aqr.lge.190.193.IP)
[16:04:49] *** Joins: Zuzu (zuzu@Pony-6oumfq.eastlink.ca)
[16:57:20] *** Quits: Toothie (uid63062@Pony-tbaiid.charlton.irccloud.com) (Quit: Seeya'll Sunday afternoon. You're all the best <3)
[17:04:14] *** Quits: SabSparrow (SabSparrow@Pony-aqr.lge.190.193.IP) (Quit: Say What?)
[17:14:44] *** McKey is now known as [A]McKey
[17:30:14] *** [A]McKey is now known as McKey
[17:39:53] *** Pony_64642 is now known as Cloud_Zephye
[17:39:54] *** Cloud_Zephye is now known as Cloud_Zephyr
[17:45:19] *** Quits: Zuzu (zuzu@is.robo.licious) (Ping timeout: 121 seconds)
[18:13:35] *** Joins: Zuzu (zuzu@Pony-6oumfq.eastlink.ca)
[18:19:30] *** Quits: Pi (Pi@Pony-3iq.ak5.208.112.IP) (Quit: Lend me 10p for a cuppa tea, mate)
[18:32:17] *** Joins: SabSparrow (SabSparrow@Pony-78o4rl.dsl.scarlet.be)
[18:47:15] *** McKey is now known as [A]McKey
[19:13:50] *** [A]McKey is now known as McKey
[19:32:15] *** Cloud_Zephyr is now known as Cloud_Zephyr|Away
[19:44:28] *** Cloud_Zephyr|Away is now known as Cloud_Zephyr
[21:19:57] *** Quits: Creeps|AFK (RedHelper@The.Pony.That.Makes.You.Smile) (Connection closed)
[21:21:14] *** Joins: Creeps|AFK (RedHelper@The.Pony.That.Makes.You.Smile)
[21:47:36] *** Joins: HomerMobile (HomerB@is.best.sea.poni)
[22:00:59] *** Gigabit is now known as GigaWork
[22:21:12] *** Quits: HomerMobile (HomerB@is.best.sea.poni) (Ping timeout: 121 seconds)
[22:30:05] *** Joins: HomerMobile (HomerB@is.best.sea.poni)
[22:30:48] *** Quits: HomerMobile (HomerB@is.best.sea.poni) (Connection closed)
[22:31:01] *** Joins: HomerMobile (HomerB@is.best.sea.poni)
[23:21:12] *** Creeps|AFK is now known as RedHelper
[23:32:59] *** Cloud_Zephyr is now known as Cloud_Zephyr|Away
[23:41:56] *** McKey is now known as [A]McKey
