[00:15:34] *** Quits: gunthler (Gunthler@T.money) (Connection closed)
[00:23:31] *** Quits: Rainb (rainb@Pony-cn5.akh.50.181.IP) (Ping timeout: 121 seconds)
[00:23:49] *** Quits: Raiinb (rainb@Pony-cn5.akh.50.181.IP) (Ping timeout: 121 seconds)
[00:26:35] *** Joins: Pony_7 (Pony_7@Pony-hqvmui.range86-152.btcentralplus.com)
[00:27:01] *** Quits: Pony_7 (Pony_7@Pony-hqvmui.range86-152.btcentralplus.com) (Quit: Page closed)
[00:27:11] *** Joins: Pony_4 (Pony_4@Pony-hqvmui.range86-152.btcentralplus.com)
[00:28:13] *** Quits: Pony_4 (Pony_4@Pony-hqvmui.range86-152.btcentralplus.com) (Quit: Page closed)
[00:32:15] *** Joins: Rainb (rainb@Pony-cn5.akh.50.181.IP)
[00:32:23] *** Joins: Raiinb (rainb@Pony-cn5.akh.50.181.IP)
[01:33:44] *** Quits: Alcoholicorn (Alcoholicor@Pony-bfp.0d7.20.67.IP) (Ping timeout: 121 seconds)
[01:35:16] *** Quits: Hoofy (HoofSounds_@Pony-dsovdr.res.rr.com) (Ping timeout: 121 seconds)
[01:36:31] *** Joins: Alcoholicorn (Alcoholicor@Pony-bfp.0d7.20.67.IP)
[01:37:56] *** Quits: Lunia (ellen@ChumPony.Enterprises) (Ping timeout: 121 seconds)
[01:58:36] *** Joins: LightningCrash (lightning@Pony-lvs.lv2.99.68.IP)
[02:22:37] *** Quits: BasisBit (BasisBit@Pony-8cnqto.1vfn.plol.0bf7.2001.IP) (Quit: Leaving)
[02:22:47] *** Joins: BasisBit (BasisBit@Pony-o27i0p.1vfn.plol.0bf7.2001.IP)
[03:03:57] *** Joins: BasisBit_ (BasisBit@Pony-gc0.1se.87.77.IP)
[03:05:28] *** Seoson is now known as Kim
[03:06:08] *** Joins: BasisBit__ (BasisBit@Pony-gc0.1se.87.77.IP)
[03:06:15] *** Quits: BasisBit__ (BasisBit@Pony-gc0.1se.87.77.IP) (Quit: Leaving)
[03:06:31] *** Joins: BasisBit__ (BasisBit@Pony-o27i0p.1vfn.plol.0bf7.2001.IP)
[03:07:21] *** Quits: BasisBit (BasisBit@Pony-o27i0p.1vfn.plol.0bf7.2001.IP) (Ping timeout: 121 seconds)
[03:08:51] *** Quits: BasisBit_ (BasisBit@Pony-gc0.1se.87.77.IP) (Ping timeout: 121 seconds)
[03:09:04] *** Kim is now known as Seoson
[03:17:48] *** Joins: Hoofy (~HoofSounds_@Pony-dsovdr.res.rr.com)
[03:27:04] *** Quits: BasisBit__ (BasisBit@Pony-o27i0p.1vfn.plol.0bf7.2001.IP) (Ping timeout: 121 seconds)
[03:29:03] *** Hoofy is now known as Zana
[03:34:37] *** Quits: BlackCat (BlackCat@Anonlight.Starsarebeautiful) (Ping timeout: 121 seconds)
[04:06:03] *** Joins: Halcyon_Starlight (BlackCat@Anonlight.Starsarebeautiful)
[04:10:23] *** Halcyon_Starlight is now known as BlackCat
[04:12:16] *** Quits: Alcoholicorn (Alcoholicor@Pony-bfp.0d7.20.67.IP) (Ping timeout: 121 seconds)
[04:19:27] *** Quits: MissTake (~Pony_8@Pony-005.gro.248.50.IP) (Quit: Page closed)
[05:27:34] *** Zana is now known as Hoofy
[05:27:50] *** BlackCat is now known as WhiteEye
[05:43:58] *** Quits: WhiteEye (BlackCat@Anonlight.Starsarebeautiful) (Quit: PEEEWWWWF THAT WAS ODD)
[06:03:39] *** Joins: jay (jay@Pony-6de.fuj.81.75.IP)
[06:12:46] *** Joins: Halcyon_Starlight (BlackCat@Anonlight.Starsarebeautiful)
[06:52:22] *** Quits: jay (jay@Pony-6de.fuj.81.75.IP) (Quit: Leaving)
[06:59:24] *** Quits: LightningCrash (lightning@property.of.moonlightning) (Quit: The Nightmares will collide. And become a dream. <3)
[07:07:50] *** Joins: Lunia (ellen@ChumPony.Enterprises)
[07:11:06] *** Ashfire is now known as Ashfire|offline
[07:17:28] *** Halcyon_Starlight is now known as RedSwagger
[07:20:48] *** Quits: Proton (Dashie@Pony-2hb.u30.104.208.IP) (Connection closed)
[07:23:47] *** Joins: Proton (Dashie@Pony-2hb.u30.104.208.IP)
[07:27:03] *** Quits: Lunia (ellen@ChumPony.Enterprises) (Connection closed)
[07:29:24] *** RedSwagger is now known as Nully
[07:29:30] *** Quits: Nully (BlackCat@Anonlight.Starsarebeautiful) (Quit: *Pewf*)
[07:29:50] *** Joins: Lunia (ellen@ChumPony.Enterprises)
[07:30:34] *** Quits: Proton (Dashie@Pony-2hb.u30.104.208.IP) (Connection closed)
[07:35:22] *** Quits: Lunia (ellen@ChumPony.Enterprises) (Connection closed)
[07:36:14] *** Joins: Proton (Dashie@Pony-2hb.u30.104.208.IP)
[07:38:20] *** Joins: Lunia (ellen@ChumPony.Enterprises)
[07:40:26] *** Quits: Lapsus (Lapsus@i-forget.ca) (Quit: )
[07:44:27] *** Joins: Lapsus (Lapsus@i-forget.ca)
[07:45:42] *** Hoofy is now known as Hearts
[07:46:13] *** Hearts is now known as Hoofy
[08:00:45] *** Lunia is now known as Lunia_BRB
[08:13:14] *** Quits: Zuzu_ (zuzu@is.robo.licious) (Connection closed)
[08:13:56] *** Joins: Zuzu (zuzu@Pony-lhb.lq5.215.24.IP)
[08:18:15] *** Quits: Proton (Dashie@Pony-2hb.u30.104.208.IP) (Ping timeout: 121 seconds)
[08:34:10] *** Joins: [A]McKey (Kordus@twilightsparkle.ovh)
[08:34:10] -daring.canternet.org- Replaying up to 10 lines of pre-join history spanning up to 300 seconds
[08:34:10] <texasboykc09> Colgate, what happen?
[08:34:24] *** Joins: frackster (sid20128@Pony-m26s7q.hqe2.tdoh.8300.2604.IP)
[08:34:29] <Colgate> massive packet loss to the physical box daring is on
[08:34:30] *** [A]McKey is now known as McKey
[08:34:49] *** Joins: Xena (liska@yolo-swag.com)
[08:35:55] <texasboykc09> ahh
[08:36:27] *** Lunia_BRB is now known as Lunia
[08:37:58] *** Joins: AppleDash (appled@Gyro.Pony.Is.Best.Pony)
[08:41:07] <Electron> who's pest pony?
[08:41:20] * texasboykc09 takes Electron 
[08:41:38] <Electron> oh my god
[08:42:38] <texasboykc09> Electron, how have you been doing?
[08:43:19] <Electron> I keep struggling while I can
[08:43:40] <Electron> and how are the things for ya, texasboykc09?
[08:43:57] <texasboykc09> good, leaving high school in 5 weeks
[08:44:18] <Electron> got final papers?
[08:44:23] <texasboykc09> nope
[08:44:36] <Electron> oh
[08:44:48] <Electron> final exams would be fun
[08:45:00] * texasboykc09 can exempt them all
[08:45:41] <Electron> studying like a baws, texasboykc09
[08:45:51] <Electron> Twilight would be proud
[08:46:02] <texasboykc09> yep
[08:46:37] <Electron> have you watched season 5?
[08:47:01] <texasboykc09> only 5 eps
[08:47:34] <Electron> mhm
[08:47:46] <Electron> there are 5 eps aired only
[08:48:36] * Electron throws packets at Сolgate
[08:49:25] *** Quits: Zuzu (zuzu@is.robo.licious) (Connection closed)
[08:50:49] <Electron> pardon me, texasboykc09, are you a nerd?
[08:50:57] <texasboykc09> no clue
[08:51:02] <Colgate> what the
[08:52:00] * Colgate wonders why that didn't ping them
[08:52:46] <texasboykc09> Ping reply from Colgate : 0.093 second(s) it did :P
[08:53:02] <Colgate> texasboykc09: no, Electron's line about throwing packets
[08:53:25] <Colgate> probably some utf-8 magic with similar characters or something
[08:53:29] <texasboykc09> strange
[08:55:27] <texasboykc09> Electron, for the whole school year, i have gotten all A's and 1 B
[08:55:38] <Electron> um...
[08:56:12] <texasboykc09> Electron, so yeah, i think i might be a nerd
[08:56:21] <Electron> I have been studying in 1 to 5 mark system
[08:56:31] <Electron> A = 5? the highest?
[08:57:08] <Electron> and B = 4, right?
[08:57:35] <texasboykc09> Electron, what country are you in>
[08:58:16] <texasboykc09> see i can find on what you are talking about
[08:58:35] <Electron> um... well... the most hated one and the biggest one in the world too :|
[08:59:02] <texasboykc09> north korea?
[08:59:59] <Electron> huh? why?
[09:00:04] <Electron> nope
[09:00:58] <texasboykc09> russia
[09:01:10] <Electron> correct
[09:02:50] * texasboykc09 need to fix something becuase he is being a lazy bum
[09:03:23] <texasboykc09> Electron, by your system, 5 and 4
[09:03:40] <Electron> I heard some countries have reversed mark system, where 1 is the highest and 5 is the lowest :P
[09:04:30] <texasboykc09> in the mean time, i need to get my shit done and get rid of that 52 i have
[09:12:17] <Electron> 52 of what?
[09:17:23] <Electron> do not forget to inform me when you are done with the school, texasboykc09
[09:18:29] <texasboykc09> Electron, oue school has 6 six week gradeing peroids, and english i have a 52 for the current one, but a 77 for the semaster
[09:18:34] <texasboykc09> my*
[09:19:16] *** Quits: Rainb (rainb@Pony-cn5.akh.50.181.IP) (Ping timeout: 121 seconds)
[09:21:12] <Electron> okay
[09:21:44] <texasboykc09> Electron, now, i am doing something that will make it alot worse
[09:21:44] <Electron> do your best
[09:21:55] <Electron> I mean, if you want to
[09:22:28] <texasboykc09> Electron, i want to leave on the  highest note i can, so i am going yo
[09:22:30] <texasboykc09> to*
[09:22:46] *** Joins: Rainb (rainb@Pony-cn5.akh.50.181.IP)
[09:23:37] <Electron> what's your favourite subject?
[09:23:59] <texasboykc09> math (pre-cal) this year
[09:24:46] <Electron> oh, exact science
[09:25:16] <texasboykc09> ?
[09:26:25] <Electron> just trying to figure out your mindset
[09:27:17] <texasboykc09> yeah, i am not a fan of reading out of books other then manga
[09:29:19] <Electron> but you do like to watch a movie, right?
[09:29:33] <Electron> like ponies for instance
[09:29:59] <texasboykc09> i like some movies, but i dont watch much.
[10:01:22] *** Quits: Rainb (rainb@Pony-cn5.akh.50.181.IP) (Ping timeout: 121 seconds)
[10:03:44] *** Hoofy is now known as Hoofy_sleeping
[10:15:19] *** Joins: Proton (Dashie@Pony-2hb.u30.104.208.IP)
[10:19:28] *** Quits: Proton (Dashie@Pony-2hb.u30.104.208.IP) (Ping timeout: 121 seconds)
[10:29:34] *** Joins: ThunderStorm (lightning@property.of.moonlightning)
[10:40:38] *** Quits: Hoofy_sleeping (~HoofSounds_@Pony-dsovdr.res.rr.com) (Ping timeout: 121 seconds)
[12:03:12] *** Q0 is now known as Q0|Away
[12:15:44] *** Joins: Proton (Dashie@Pony-2hb.u30.104.208.IP)
[12:33:22] *** Quits: Proton (Dashie@Pony-2hb.u30.104.208.IP) (Ping timeout: 121 seconds)
[12:44:45] *** Joins: Pi (saxopi@Pony-5od.n1s.95.119.IP)
[12:47:51] *** Joins: Proton (Dashie@Pony-2hb.u30.104.208.IP)
[12:47:56] *** Quits: Proton (Dashie@Pony-2hb.u30.104.208.IP) (Connection closed)
[12:54:06] *** Joins: Bigcheese (bigcheese@Pony-m258b3.pr32.u9r5.f0d0.2607.IP)
[13:09:20] *** Joins: Rainb (rainb@Pony-cn5.akh.50.181.IP)
[13:45:35] *** Joins: Alcoholicorn (Alcoholicor@Pony-bfp.0d7.20.67.IP)
[14:00:08] *** Quits: Lunia (ellen@ChumPony.Enterprises) (Ping timeout: 121 seconds)
[14:27:32] *** Quits: Rainb (rainb@Pony-cn5.akh.50.181.IP) (Ping timeout: 121 seconds)
[16:07:05] *** Quits: Pi (saxopi@Pony-5od.n1s.95.119.IP) (Quit: Leaving)
[16:10:19] *** Joins: Toothpaste (uid63062@Pony-f8galh.hqe2.tdoh.8300.2604.IP)
[16:26:07] *** Joins: BasisBit (BasisBit@Pony-ed8.ol3.187.80.IP)
[16:46:31] *** Quits: BasisBit (BasisBit@Pony-ed8.ol3.187.80.IP) (Quit: Leaving)
[16:51:22] *** Quits: Alcoholicorn (Alcoholicor@Pony-bfp.0d7.20.67.IP) (Ping timeout: 121 seconds)
[16:54:19] *** Toothpaste is now known as Toothie|Skoolz
[16:54:53] *** Joins: Alcoholicorn (Alcoholicor@Pony-bfp.0d7.20.67.IP)
[17:31:01] *** Seoson is now known as Kim
[17:31:13] *** Kim is now known as Seoson
[17:37:24] *** Xena is now known as Cadance
[18:13:44] *** Joins: FlutterTree (FlutterTree@Pony-bc0.pca.75.74.IP)
[18:42:05] *** Quits: FlutterTree (FlutterTree@Pony-bc0.pca.75.74.IP) (Connection closed)
[18:53:10] *** Joins: FlutterTree (FlutterTree@Pony-bc0.pca.75.74.IP)
[18:54:07] *** Ashfire|offline is now known as Ashfire
[19:15:41] *** Quits: FlutterTree (FlutterTree@Pony-bc0.pca.75.74.IP) (Ping timeout: 121 seconds)
[19:17:20] *** Joins: FlutterTree (FlutterTree@Pony-bc0.pca.75.74.IP)
[19:59:32] *** Joins: gunthler (Gunthler@T.money)
[19:59:52] *** Joins: Lunia (ellen@ChumPony.Enterprises)
[20:00:55] *** gunthler is now known as RainbowGurl44
[20:08:01] *** Quits: Alcoholicorn (Alcoholicor@Pony-bfp.0d7.20.67.IP) (Ping timeout: 121 seconds)
[20:16:53] *** Joins: Alcoholicorn (Alcoholicor@Pony-bfp.0d7.20.67.IP)
[20:25:04] *** Quits: Alcoholicorn (Alcoholicor@Pony-bfp.0d7.20.67.IP) (Ping timeout: 121 seconds)
[20:37:37] *** Quits: Toothie|Skoolz (uid63062@Pony-f8galh.hqe2.tdoh.8300.2604.IP) (Quit: Going to writing camp now! Bye! <3)
[20:55:18] *** Joins: Alcoholicorn (Alcoholicor@Pony-bfp.0d7.20.67.IP)
[21:30:47] *** Quits: Alcoholicorn (Alcoholicor@Pony-bfp.0d7.20.67.IP) (Ping timeout: 121 seconds)
[22:07:35] *** Quits: Phase4 (Phase4@Pony-b57.r3i.209.118.IP) (Ping timeout: 121 seconds)
[22:10:51] *** Quits: FlutterTree (FlutterTree@Pony-bc0.pca.75.74.IP) (Ping timeout: 121 seconds)
[22:31:11] *** Ashfire is now known as Ash[Away]
[22:34:33] *** GeekBrony is now known as AFK_GeekBrony
[22:34:34] *** AFK_GeekBrony is now known as GeekBrony
[22:37:25] *** Joins: FlutterTree (FlutterTree@Pony-bc0.pca.75.74.IP)
[22:53:56] *** Quits: Lunia (ellen@ChumPony.Enterprises) (Ping timeout: 121 seconds)
[22:55:03] *** McKey is now known as [A]McKey
[23:03:47] *** Joins: Phase4 (Phase4@Pony-odh.t6c.45.203.IP)
[23:07:23] *** Joins: Pony_3 (Pony_3@Pony-0pabap.aero2.net.pl)
[23:07:31] *** Parts: Pony_3 (Pony_3@Pony-0pabap.aero2.net.pl) ("")
[23:28:31] *** Joins: Zuzu (zuzu@is.robo.licious)
[23:46:41] *** Joins: Lunia (ellen@ChumPony.Enterprises)
[23:52:00] *** Quits: Lunia (ellen@ChumPony.Enterprises) (Quit: Konversation terminated!)
