[00:47:42] *** Quits: Nelly (N3sTlyPhaNt@Anonlight.Starsarebeautiful) (Quit: Cookies coookies cooooookies)
[00:57:43] *** Joins: Pi (pi@Pony-bir.blg.208.112.IP)
[01:08:08] *** Quits: Alcoholicorn (Alcoholicor@Pony-55oq0s.pool.hargray.net) (Ping timeout: 121 seconds)
[01:57:09] *** Joins: woodpamp (woodpamp@Pony-6bfj46.chello.nl)
[01:59:44] *** Joins: Nelly (N3sTlyPhaNt@Anonlight.Starsarebeautiful)
[02:13:53] *** Joins: gunthler (Gunthler@Pony-ghrbsr.a186.dp13.0306.2602.IP)
[02:56:32] *** Quits: SabSparrow (SabSparrow@Pony-u0r7jp.dsl.scarlet.be) (Quit: Pull the pin and count to what?)
[03:02:49] *** Quits: woodpamp (woodpamp@Pony-6bfj46.chello.nl) (Client exited)
[03:25:08] *** Q0 is now known as Q0|Away
[03:59:56] *** Quits: gunthler (Gunthler@Pony-ghrbsr.a186.dp13.0306.2602.IP) (Ping timeout: 121 seconds)
[04:15:30] *** GigaWork is now known as Gigabit
[04:31:14] *** Joins: Pony_6 (~Pony_6@Pony-ui3.717.80.190.IP)
[04:31:19] <Pony_6> hi
[04:31:39] <GreenHelper> Hello Pony
[04:32:11] <Pony_6> what is this channel about?
[04:36:42] <Nelly> It's the OFFICIAL channel of the entire network. This is the main room.
[04:37:00] <Nelly> Tis #Canternet the channel on Canternet.org the network.
[04:49:57] *** Quits: Pony_6 (~Pony_6@Pony-ui3.717.80.190.IP) (Quit: Page closed)
[04:54:11] *** Quits: Nelly (N3sTlyPhaNt@Anonlight.Starsarebeautiful) (Ping timeout: 121 seconds)
[05:15:34] *** Joins: Nelly (N3sTlyPhaNt@Anonlight.Starsarebeautiful)
[05:43:27] *** Q0|Away is now known as Q0
[05:59:05] *** Quits: Pi (pi@Pony-bir.blg.208.112.IP) (Quit: Lend us 10p for a cuppa tea?)
[05:59:52] *** Joins: Pi (pi@Pony-bir.blg.208.112.IP)
[09:29:24] *** Nelly is now known as Nelliel
[09:47:35] *** Quits: Nelliel (N3sTlyPhaNt@Anonlight.Starsarebeautiful) (Killed (ChanServ (Lost at Russian Roulette.)))
[09:48:15] *** Joins: Nelly (N3sTlyPhaNt@Anonlight.Starsarebeautiful)
[10:21:52] *** El is now known as Electron
[10:45:31] *** Joins: SabSparrow (SabSparrow@Pony-aqr.lge.190.193.IP)
[11:11:16] *** Q0 is now known as Q0|Away
[11:51:50] *** Quits: WildSoft (WildSoft@Pony-hfh.2pc.101.213.IP) (Quit: Everywhere I look I see Dust Mites! :o)
[12:11:05] *** Joins: WildSoft (WildSoft@Pony-hfh.2pc.101.213.IP)
[12:26:28] *** Quits: WildSoft (WildSoft@Pony-hfh.2pc.101.213.IP) (Quit: Everywhere I look I see Dust Mites! :o)
[12:31:31] *** Joins: Pony_3 (Pony_3@Pony-1tgec8.bigpond.net.au)
[12:33:08] *** Quits: Pony_3 (Pony_3@Pony-1tgec8.bigpond.net.au) (Quit: Page closed)
[13:03:49] *** Joins: WildSoft (WildSoft@Pony-hfh.2pc.101.213.IP)
[13:49:41] *** Gigabit is now known as Gigaway
[13:51:38] *** Joins: GeekBrony (GB@Pony-nfm.igr.157.192.IP)
[14:19:44] *** Quits: Zuzu (zuzu@is.robo.licious) (Ping timeout: 121 seconds)
[14:21:13] *** Joins: Zuzu (zuzu@Pony-m4l35r.eastlink.ca)
[14:40:36] *** Joins: Alcoholicorn (Alcoholicor@Pony-55oq0s.pool.hargray.net)
[15:30:03] *** Joins: Toothpaste (uid63062@Pony-tbaiid.charlton.irccloud.com)
[15:59:56] *** Quits: Phase4 (Phase4@Pony-gmevtj.internode.on.net) (Ping timeout: 121 seconds)
[16:03:29] *** Toothpaste is now known as Toothie|Skoolz
[16:07:23] *** Joins: Phase4 (Phase4@Pony-mdi7v2.internode.on.net)
[16:34:24] *** Quits: Zuzu (zuzu@is.robo.licious) (Ping timeout: 121 seconds)
[16:35:24] *** Joins: Zuzu (zuzu@is.robo.licious)
[16:48:51] *** Quits: Nelly (N3sTlyPhaNt@Anonlight.Starsarebeautiful) (Killed (ChanServ (Lost at Russian Roulette.)))
[16:49:31] *** Joins: Nelly (N3sTlyPhaNt@Anonlight.Starsarebeautiful)
[17:15:57] *** Quits: Pi (pi@Pony-bir.blg.208.112.IP) (Connection closed)
[17:18:53] *** Joins: gunthler (Gunthler@Pony-ghrbsr.a186.dp13.0306.2602.IP)
[17:47:08] *** Quits: SabSparrow (SabSparrow@Pony-aqr.lge.190.193.IP) (Ping timeout: 121 seconds)
[17:49:04] *** Quits: Alcoholicorn (Alcoholicor@Pony-55oq0s.pool.hargray.net) (Ping timeout: 121 seconds)
[18:22:58] *** [A]McKey is now known as McKey
[18:27:19] *** Quits: Toothie|Skoolz (uid63062@Pony-tbaiid.charlton.irccloud.com) (Quit: Connection closed for inactivity)
[18:32:53] *** Joins: Alcoholicorn (Alcoholicor@Pony-55oq0s.pool.hargray.net)
[18:42:08] *** Quits: Nelly (N3sTlyPhaNt@tor.sasl.Nelly) (Ping timeout: 121 seconds)
[19:07:24] *** GeekBrony is now known as [FaZe]GeekBrony
[19:08:03] *** [FaZe]GeekBrony is now known as [FaZe]xXGeekBronyXx
[19:08:16] *** [FaZe]xXGeekBronyXx is now known as [FaZe]xXGeekBronyXx_420L3G1T
[19:09:11] *** [FaZe]xXGeekBronyXx_420L3G1T is now known as DJ
[19:09:16] *** DJ is now known as DJGeekBrony
[19:10:44] *** DJGeekBrony is now known as GeekBrony
[19:16:36] *** Quits: Zuzu (zuzu@is.robo.licious) (Ping timeout: 121 seconds)
[19:22:58] *** Quits: Alcoholicorn (Alcoholicor@Pony-55oq0s.pool.hargray.net) (Ping timeout: 121 seconds)
[19:55:07] *** Joins: Alcoholicorn (Alcoholicor@Pony-55oq0s.pool.hargray.net)
[21:21:14] *** GeekBrony is now known as AFK_GeekBrony
[21:28:39] *** McKey is now known as [A]McKey
[21:57:23] *** Gigaway is now known as Gigabit
[22:21:17] *** Joins: Toothie (uid63062@Pony-tbaiid.charlton.irccloud.com)
[22:33:57] *** Quits: Toothie (uid63062@Pony-tbaiid.charlton.irccloud.com) (Quit: )
[22:44:18] *** AFK_GeekBrony is now known as GeekBrony
[23:11:39] *** Joins: Zuzu (zuzu@Pony-m4l35r.eastlink.ca)
[23:16:36] *** Gigabit is now known as GigaWork
[23:47:49] *** Quits: gunthler (Gunthler@Pony-ghrbsr.a186.dp13.0306.2602.IP) (Connection closed)
