[00:36:17] *** Joins: LightningCrash (lightning@Pony-35aoef.ph.cox.net)
[01:10:49] <Colgate> yay, over mirrors finally updated
[01:10:55] <Colgate> ohey, wrong channel
[01:10:58] <Colgate> XD
[01:10:59] <Dusk> lol
[01:11:09] <Fluttershi> over mirrors?
[01:11:13] <Colgate> ovh*
[01:31:11] *** Quits: Zuzu (zuzu@is.robo.licious) (Connection closed)
[01:31:41] *** Joins: Zuzu (zuzu@is.robo.licious)
[02:54:33] *** Quits: Mike_Coltfield (Larscis@colt.in.the.rain) (Quit: Well, that was unexpected...)
[02:56:05] *** Joins: Alcoholicorn (Alcoholicor@Pony-55oq0s.pool.hargray.net)
[02:59:25] *** Joins: Mike_Coltfield (Larscis@colt.in.the.rain)
[02:59:25] *** Celestia sets mode: +o Mike_Coltfield
[03:29:14] *** Joins: Pony_4 (Pony_4@Pony-005.gro.248.50.IP)
[03:35:31] *** Pony_4 is now known as MissTake
[03:42:33] *** Quits: LightningCrash (lightning@property.of.moonlightning) (Quit: My Mac has gone to sleep. ZZZzzz…)
[03:56:07] *** Quits: MissTake (Pony_4@Pony-005.gro.248.50.IP) (Quit: Page closed)
[04:05:45] *** Joins: LightningCrash (lightning@Pony-35aoef.ph.cox.net)
[04:12:30] *** ama|work is now known as ama
[04:32:00] *** Quits: Moonlightning (blackl@property.of.lightningcrash) (Connection closed)
[04:34:33] *** Joins: Moonlightning (blackl@property.of.lightningcrash)
[05:04:02] *** Cloudrunner is now known as Hunny
[05:33:26] *** Nexus is now known as NexSleep
[05:52:07] *** Oatzmeal is now known as Oatz[Sleep]
[06:02:14] *** Ashfire is now known as Ash[Away]
[06:03:55] *** Silverlight is now known as Silverlight|away
[06:20:48] <RedHelper> Colgate, How do I set someone as owner?
[06:21:16] <Colgate> Dusk | either way /cs flags #channel user +F or +q depending on what you wanna give em
[06:21:34] <Colgate> +q is the ~, +F is real owner
[06:21:47] <RedHelper> Thank you
[06:21:52] <Colgate> be warned that +F will make it so they can remove all your privs
[06:22:14] <Colgate> they have complete control over the channel, including the power to take it over
[06:22:50] <Dusk> :/
[06:24:14] *** Quits: LightningCrash (lightning@property.of.moonlightning) (Quit: The Nightmares will collide. And become a dream. <3)
[06:53:41] *** ama is now known as the_amativeness
[06:54:16] *** the_amativeness is now known as Richard_Johnson
[06:54:25] *** Dusk is now known as Dusky
[06:54:50] *** GigaWork is now known as Gigabit
[06:56:15] *** Richard_Johnson is now known as ObviousJokeIsObvious
[06:59:32] *** ObviousJokeIsObvious is now known as Shad0wblazer
[06:59:47] *** Dusky is now known as Chordite_Flare
[07:00:43] *** Shad0wblazer is now known as ama
[07:14:49] *** Quits: Alcoholicorn (Alcoholicor@Pony-55oq0s.pool.hargray.net) (Ping timeout: 121 seconds)
[07:21:08] *** RedHelper is now known as Creeps|AFK
[07:42:50] *** Joins: Alcoholicorn (Alcoholicor@Pony-55oq0s.pool.hargray.net)
[07:54:31] *** Chordite_Flare is now known as Dusk
[08:19:05] *** ama is now known as ama|sleep
[09:08:36] *** Quits: Hunny (Sentoki@Sentoki.publicBNC.canternet.org) (Ping timeout: 121 seconds)
[09:08:39] *** Quits: NexSleep (Nexusdragon@DJNexus.Fillydelphia.Radio) (Ping timeout: 121 seconds)
[09:09:20] *** Quits: Fluttershi (Fluttershi@Hipsterluna.is.my.waifu) (Ping timeout: 121 seconds)
[09:10:41] *** Joins: Nexus (Nexusdragon@DJNexus.Fillydelphia.Radio)
[09:11:12] *** Joins: Cloudrunner (Sentoki@Sentoki.publicBNC.canternet.org)
[09:11:42] *** Joins: Fluttershi (Fluttershi@Fluttershi.publicBNC.canternet.org)
[09:11:50] *** Fluttershi is now known as Pony_94593
[10:01:58] *** Quits: Pony_94593 (Fluttershi@Fluttershi.publicBNC.canternet.org) (Ping timeout: 121 seconds)
[10:02:07] *** Quits: Cloudrunner (Sentoki@Sentoki.publicBNC.canternet.org) (Ping timeout: 121 seconds)
[10:02:35] *** Quits: Creeps|AFK (RedHelper@The.Pony.That.Makes.You.Smile) (Ping timeout: 121 seconds)
[10:03:49] *** Joins: RedHelper (RedHelper@The.Pony.That.Makes.You.Smile)
[10:03:54] *** Quits: Nexus (Nexusdragon@DJNexus.Fillydelphia.Radio) (Ping timeout: 121 seconds)
[10:03:57] *** Quits: ama|sleep (ama@ama.bronytv.net) (Ping timeout: 121 seconds)
[10:04:17] *** Joins: Cloudrunner (Sentoki@Sentoki.publicBNC.canternet.org)
[10:04:49] *** Joins: ama|bnc (ama@ama.bronytv.net)
[10:05:17] *** Joins: Fluttershi (Fluttershi@Fluttershi.publicBNC.canternet.org)
[10:05:17] *** Joins: Nexus (Nexusdragon@DJNexus.Fillydelphia.Radio)
[10:06:07] *** Fluttershi is now known as Pony_96904
[10:24:41] *** Awaykitty is now known as Unixkitty
[10:25:10] *** Hoofy is now known as Hoofy_sleeping
[10:32:16] *** Quits: Alcoholicorn (Alcoholicor@Pony-55oq0s.pool.hargray.net) (Ping timeout: 121 seconds)
[10:58:19] *** Gigabit is now known as GigaZzz
[11:26:30] *** [A]McKey is now known as McKey
[12:12:19] *** Pony_96904 is now known as Fluttershi
[12:20:54] *** Joins: CompuDesktop (quassel@snuggly.filly)
[12:21:08] *** Parts: CompuDesktop (quassel@snuggly.filly) ("http://quassel-irc.org - Chat comfortably. Anywhere.")
[12:33:44] *** Q0 is now known as Q0|Away
[13:32:05] *** Joins: Alcoholicorn (Alcoholicor@Pony-55oq0s.pool.hargray.net)
[13:34:32] *** Unixkitty is now known as Awaykitty
[13:58:28] *** Awaykitty is now known as Unixkitty
[14:14:08] *** Hoofy_sleeping is now known as Hoofy
[14:36:12] *** Nexus is now known as NexSleep
[15:49:20] *** Joins: Mazzy (Mibbit@Pony-b1s.h4b.52.121.IP)
[15:49:43] <Mazzy> guys
[15:49:51] <Mazzy> registry weghara poochni hai
[15:50:01] <Mazzy> i want to knw about the commands
[15:50:18] <Fluttershi> what commands?
[15:50:18] <Twili> there in #EverfreeNetwork...I think *Trots off to find a book*
[15:50:38] <Mazzy> Fluttershi: nick server and password reset
[15:50:55] * Fluttershi flails at Twili
[15:51:54] <Fluttershi> ? you want to know how to nick change, how to choose the server you connect to, and how to change your password?
[15:52:26] <Mazzy> how to change password
[15:53:13] <Fluttershi> how to change your password, uh... i'm not sure, hold on, let me tinker about a bit
[15:54:03] <Mazzy> plz tell me fast
[15:54:59] <McKey> /msg nickserv set password newpass
[16:01:07] *** Joins: Pony_6 (Pony_6@Pony-kjn7bv.159.getinternet.no)
[16:01:14] *** Quits: Pony_6 (Pony_6@Pony-kjn7bv.159.getinternet.no) (Quit: Page closed)
[16:27:04] *** Silverlight|away is now known as Silverlight
[16:37:03] *** ama|bnc is now known as ama|work
[17:31:00] *** Mazzy is now known as Mazzy_Away
[17:37:18] *** Joins: Compu_ (quassel@snuggly.filly)
[17:38:45] *** Quits: Q0|Away (Q0@literallyshit.net) (Ping timeout: 121 seconds)
[17:39:49] *** Joins: Q0|Away (Q0@Pony-fr7drh.omsg.vl5g.0008.2601.IP)
[17:40:12] *** Q0|Away is now known as Q0
[17:50:49] *** Quits: Alcoholicorn (Alcoholicor@Pony-55oq0s.pool.hargray.net) (Ping timeout: 121 seconds)
[18:24:57] *** Mazzy_Away is now known as Mazzy
[18:28:53] *** Parts: Mazzy (Mibbit@Pony-b1s.h4b.52.121.IP) ()
[18:39:33] *** GigaZzz is now known as Gigabit
[19:00:51] *** Unixkitty is now known as Awaykitty
[19:20:04] *** Joins: Pony_9 (Pony_9@Pony-0db.eon.70.178.IP)
[19:20:29] *** Quits: Pony_9 (Pony_9@Pony-0db.eon.70.178.IP) (Quit: Page closed)
[19:25:02] *** Joins: Pony_7 (Pony_7@Pony-0db.eon.70.178.IP)
[19:26:12] *** Quits: Pony_7 (Pony_7@Pony-0db.eon.70.178.IP) (Quit: Page closed)
[19:29:52] *** Gigabit is now known as GigaWork
[19:40:46] *** Joins: Pony_9 (Pony_9@Pony-rdfu2j.dynamic.chello.pl)
[19:41:16] *** Quits: Pony_9 (Pony_9@Pony-rdfu2j.dynamic.chello.pl) (Quit: Page closed)
[19:55:30] *** Quits: Silverlight (silverlight@voiceofequestria.com) (Ping timeout: 121 seconds)
[20:03:55] *** Joins: Silverlight (silverlight@Pony-1d7k34.res.rr.com)
[20:22:00] *** Joins: Toothpaste (uid63062@Pony-tbaiid.charlton.irccloud.com)
[20:39:37] *** Toothpaste is now known as Toothie|Engrishes
[20:51:24] *** Awaykitty is now known as Unixkitty
[21:05:34] *** Oatz[Sleep] is now known as Oatzmeal
[21:57:45] *** Joins: Alcoholicorn (Alcoholicor@Pony-55oq0s.pool.hargray.net)
[22:08:37] *** Quits: Alcoholicorn (Alcoholicor@Pony-55oq0s.pool.hargray.net) (Ping timeout: 121 seconds)
[22:11:04] *** Toothie|Engrishes is now known as Toothpaste
[22:23:58] *** Parts: Compu_ (quassel@snuggly.filly) ("http://quassel-irc.org - Chat comfortably. Anywhere.")
[22:31:13] *** Joins: Alcoholicorn (Alcoholicor@Pony-55oq0s.pool.hargray.net)
[22:40:31] *** Quits: Eivel (Eivel@Keep.Calm.and.Pony.On) (G-Lined: [#1870] ten minute ban - flooding services)
[22:51:06] *** Joins: Eivel (Eivel@Keep.Calm.and.Pony.On)
[23:08:31] *** McKey is now known as [A]McKey
[23:17:27] *** Unixkitty is now known as Awaykitty
