[14:28:00] *** Quits: banbot (nodebot@Pony-q6qs6s.ovh) (daring.canternet.org cloudchaser.canternet.org)
[14:28:00] *** Quits: Founder|AFK (nodebot@Pony-q6qs6s.ovh) (daring.canternet.org cloudchaser.canternet.org)
[14:28:00] *** Quits: Hck (Hexie@Twilight.Is.Best.Pony) (daring.canternet.org cloudchaser.canternet.org)
[14:28:00] *** Quits: Litho (nodebot@theblackkingdom.ovh) (daring.canternet.org cloudchaser.canternet.org)
[14:28:00] *** Quits: Eivel (Eivel@Keep.Calm.and.Pony.On) (daring.canternet.org cloudchaser.canternet.org)
[14:28:00] *** Quits: Luna (Luna@The.Moon.Princess) (daring.canternet.org cloudchaser.canternet.org)
[14:28:25] *** Joins: Eivel (Eivel@Keep.Calm.and.Pony.On)
[14:28:25] *** Joins: banbot (nodebot@Pony-q6qs6s.ovh)
[14:28:25] *** Joins: Hck (Hexie@Twilight.Is.Best.Pony)
[14:28:25] *** Joins: Founder|AFK (nodebot@Pony-q6qs6s.ovh)
[14:28:25] *** Joins: Litho (nodebot@theblackkingdom.ovh)
[14:28:25] *** Joins: Luna (Luna@The.Moon.Princess)
[14:28:25] *** cloudchaser.canternet.org sets mode: +qoo Founder|AFK Founder|AFK Luna
[14:28:35] *** Quits: banbot (nodebot@Pony-q6qs6s.ovh) (cloudchaser.canternet.org cadance.canternet.org)
[14:28:35] *** Quits: Founder|AFK (nodebot@Pony-q6qs6s.ovh) (cloudchaser.canternet.org cadance.canternet.org)
[14:28:35] *** Quits: Hck (Hexie@Twilight.Is.Best.Pony) (cloudchaser.canternet.org cadance.canternet.org)
[14:28:35] *** Quits: Litho (nodebot@theblackkingdom.ovh) (cloudchaser.canternet.org cadance.canternet.org)
[14:28:35] *** Quits: Eivel (Eivel@Keep.Calm.and.Pony.On) (cloudchaser.canternet.org cadance.canternet.org)
[14:28:56] *** Joins: Litho (nodebot@theblackkingdom.ovh)
[14:28:56] *** Joins: banbot (nodebot@Pony-q6qs6s.ovh)
[14:28:56] *** Joins: Eivel (Eivel@Keep.Calm.and.Pony.On)
[14:28:56] *** Joins: Hck (Hexie@Twilight.Is.Best.Pony)
[14:28:56] *** Joins: Founder|AFK (nodebot@Pony-q6qs6s.ovh)
[14:28:56] *** cadance.canternet.org sets mode: +qo Founder|AFK Founder|AFK
[14:28:56] <Litho> Hai BlackBird!
[14:28:56] <Litho> Hai McKey!
[14:28:56] <Litho> Witaj Luna!
[15:42:19] <BlackBird> undefined
[15:42:19] <Litho> wrr
[15:42:19] <Litho> Dobranoc BlackBird!
[15:42:22] <BlackBird> xd
[19:40:00] *** Quits: banbot (nodebot@Pony-q6qs6s.ovh) (cloudchaser.canternet.org cadance.canternet.org)
[19:40:00] *** Quits: Founder|AFK (nodebot@Pony-q6qs6s.ovh) (cloudchaser.canternet.org cadance.canternet.org)
[19:40:00] *** Quits: Hck (Hexie@Twilight.Is.Best.Pony) (cloudchaser.canternet.org cadance.canternet.org)
[19:40:00] *** Quits: Litho (nodebot@theblackkingdom.ovh) (cloudchaser.canternet.org cadance.canternet.org)
[19:40:00] *** Quits: Eivel (Eivel@Keep.Calm.and.Pony.On) (cloudchaser.canternet.org cadance.canternet.org)
[19:41:14] *** Joins: Litho (nodebot@theblackkingdom.ovh)
[19:41:14] *** Joins: banbot (nodebot@Pony-q6qs6s.ovh)
[19:41:14] *** Joins: Eivel (Eivel@Keep.Calm.and.Pony.On)
[19:41:14] *** Joins: Hck (Hexie@Twilight.Is.Best.Pony)
[19:41:14] *** Joins: Founder|AFK (nodebot@Pony-q6qs6s.ovh)
[19:41:14] *** cadance.canternet.org sets mode: +qo Founder|AFK Founder|AFK
[19:41:15] <Litho> Hai BlackBird!
[19:41:15] <Litho> Witaj McKey!
[19:41:15] <Litho> Dzieńdobry Luna!
[19:45:15] *** Quits: banbot (nodebot@Pony-q6qs6s.ovh) (cloudchaser.canternet.org cadance.canternet.org)
[19:45:15] *** Quits: Founder|AFK (nodebot@Pony-q6qs6s.ovh) (cloudchaser.canternet.org cadance.canternet.org)
[19:45:15] *** Quits: Hck (Hexie@Twilight.Is.Best.Pony) (cloudchaser.canternet.org cadance.canternet.org)
[19:45:16] *** Quits: Litho (nodebot@theblackkingdom.ovh) (cloudchaser.canternet.org cadance.canternet.org)
[19:45:16] *** Quits: Eivel (Eivel@Keep.Calm.and.Pony.On) (cloudchaser.canternet.org cadance.canternet.org)
[19:45:37] *** Joins: banbot (nodebot@Pony-q6qs6s.ovh)
[19:45:37] *** Joins: Litho (nodebot@theblackkingdom.ovh)
[19:45:37] *** Joins: Hck (Hexie@Twilight.Is.Best.Pony)
[19:45:37] *** Joins: Eivel (Eivel@Keep.Calm.and.Pony.On)
[19:45:37] *** Joins: Founder|AFK (nodebot@Pony-q6qs6s.ovh)
[19:45:37] *** chrysalis.canternet.org sets mode: +qo Founder|AFK Founder|AFK
[19:45:39] <Litho> Hai BlackBird!
[19:45:39] <Litho> Dzieńdobry McKey!
[19:45:39] <Litho> It's wonderful to see you Luna!
[22:27:56] *** McKey is now known as [A]McKey
