[00:16:12] *** Joins: BasisBit (BasisBit@Pony-e3frf4.1vfn.plol.0bf7.2001.IP)
[00:16:59] *** Quits: BasisBit (BasisBit@Pony-e3frf4.1vfn.plol.0bf7.2001.IP) (Quit: Leaving)
[00:17:10] *** Joins: BasisBit (BasisBit@Pony-e3frf4.1vfn.plol.0bf7.2001.IP)
[00:19:28] *** Quits: BasisBit (BasisBit@Pony-e3frf4.1vfn.plol.0bf7.2001.IP) (Connection closed)
[00:19:52] *** Joins: BasisBit (BasisBit@Pony-e3frf4.1vfn.plol.0bf7.2001.IP)
[00:21:18] *** Joins: Electron (quassel@Pony-ma9.9dh.9.5.IP)
[00:40:07] *** Quits: BasisBit (BasisBit@Pony-e3frf4.1vfn.plol.0bf7.2001.IP) (Connection closed)
[00:40:23] *** Joins: BasisBit (BasisBit@Pony-e3frf4.1vfn.plol.0bf7.2001.IP)
[00:47:03] *** Joins: Toothie|GoneFoolinAround (uid63062@Pony-f8galh.hqe2.tdoh.8300.2604.IP)
[00:48:26] *** Toothie|GoneFoolinAround is now known as Toothpaste
[00:50:37] *** Joins: LightningCrash (lightning@Pony-lvs.lv2.99.68.IP)
[00:57:24] *** Quits: gunthler (Gunthler@T.money) (Connection closed)
[00:58:30] *** Toothpaste is now known as Toothie|AFK
[01:12:24] *** Joins: Eastwind (Eastwind@Pony-ouuj61.mssnks.sbcglobal.net)
[01:12:35] *** Parts: Eastwind (Eastwind@Pony-ouuj61.mssnks.sbcglobal.net) ("")
[01:19:54] *** Quits: Alcoholicorn (Alcoholicor@Pony-bfp.0d7.20.67.IP) (Ping timeout: 121 seconds)
[01:21:07] *** Toothie|AFK is now known as Toothie
[01:25:24] *** Quits: Hoofy (HoofSounds_@Pony-dsovdr.res.rr.com) (Ping timeout: 121 seconds)
[01:26:03] *** Quits: Shutter (tips@sudoku.prevention.hotline) (Ping timeout: 121 seconds)
[01:26:07] *** Joins: ShutterQuick (tips@sudoku.prevention.hotline)
[01:26:07] *** Luna sets mode: +ao ShutterQuick ShutterQuick
[01:28:47] *** Quits: LightningCrash (lightning@property.of.moonlightning) (Quit: My Mac has gone to sleep. ZZZzzz…)
[01:32:35] *** Joins: LightningCrash (lightning@Pony-lvs.lv2.99.68.IP)
[01:32:54] *** Joins: Hoofy (HoofSounds_@Pony-dsovdr.res.rr.com)
[01:42:34] *** BlackCat is now known as Nelly
[01:52:17] *** Quits: BasisBit (BasisBit@Pony-e3frf4.1vfn.plol.0bf7.2001.IP) (Ping timeout: 121 seconds)
[02:03:12] *** Nelly is now known as BlackCat
[02:10:24] *** Toothie is now known as Toothie|Gaming
[02:11:39] *** Joins: Rainb (rainb@Pony-cn5.akh.50.181.IP)
[02:17:17] *** Quits: Phase4 (Phase4@Pony-qur.r85.209.118.IP) (Quit: Leaving)
[02:22:24] *** Joins: Phase4 (Phase4@Pony-qur.r85.209.118.IP)
[02:50:11] *** Quits: LightningCrash (lightning@property.of.moonlightning) (Quit: My Mac has gone to sleep. ZZZzzz…)
[02:50:28] *** Quits: Toothie|Gaming (uid63062@Pony-f8galh.hqe2.tdoh.8300.2604.IP) (Quit: "Friendship ain't magic; it's a miracle." -ClaviSound http://tinyurl.com/p9wkvyo)
[02:55:36] *** Joins: Pi (Pi@Pony-c9l.v1o.94.119.IP)
[02:57:22] *** Joins: LightningCrash (lightning@Pony-lvs.lv2.99.68.IP)
[03:22:52] *** Quits: LightningCrash (lightning@property.of.moonlightning) (Quit: The Nightmares will collide. And become a dream. <3)
[03:57:37] *** Joins: BasisBit (BasisBit@Pony-ikhj82.1vfn.plol.0bf7.2001.IP)
[04:10:35] *** Quits: BasisBit (BasisBit@Pony-ikhj82.1vfn.plol.0bf7.2001.IP) (Ping timeout: 121 seconds)
[04:20:36] *** SakuraBouvier is now known as FusRoDah
[05:10:10] *** Cadance is now known as Xena
[05:10:18] *** Xena is now known as Cadance
[05:10:44] *** BlackCat is now known as Nelliel
[05:14:33] *** Quits: Rainb (rainb@Pony-cn5.akh.50.181.IP) (Ping timeout: 121 seconds)
[05:39:01] *** Quits: Phase4 (Phase4@Pony-qur.r85.209.118.IP) (Ping timeout: 121 seconds)
[05:40:05] *** Joins: Phase4 (Phase4@Pony-qur.r85.209.118.IP)
[05:54:08] *** Nelliel is now known as Halcyon_Starlight
[05:55:17] *** Quits: Proton (Dashie@Pony-2hb.u30.104.208.IP) (Ping timeout: 121 seconds)
[06:02:53] *** Quits: Pi (Pi@Pony-c9l.v1o.94.119.IP) (Connection closed)
[06:03:21] *** Joins: Pi (Pi@Pony-c9l.v1o.94.119.IP)
[06:14:23] *** Joins: Lunia_Sleepy (ellen@Pony-hp5.dkv.242.62.IP)
[06:15:22] *** Quits: Pi (Pi@Pony-c9l.v1o.94.119.IP) (Quit: Lend us 10p for a cuppa tea?)
[06:25:57] *** Joins: LightningCrash (lightning@Pony-lvs.lv2.99.68.IP)
[06:27:23] *** Joins: _desu_ (sid73031@Pony-n8rcqi.hqe2.tdoh.8300.2604.IP)
[06:38:36] *** Quits: Lunia_Sleepy (ellen@Pony-hp5.dkv.242.62.IP) (Quit: Konversation terminated!)
[06:39:07] *** Joins: Lunia_Sleepy (ellen@Pony-hp5.dkv.242.62.IP)
[06:39:12] *** Lunia_Sleepy is now known as Lunia
[07:12:22] *** Joins: Pi (saxopi@Pony-c9l.v1o.94.119.IP)
[07:12:22] *** Quits: LightningCrash (lightning@property.of.moonlightning) (Quit: The Nightmares will collide. And become a dream. <3)
[07:36:50] *** Quits: Luna (Luna@The.Moon.Princess) (daring.canternet.org cloudchaser.canternet.org)
[07:36:50] *** Quits: Q0 (Q0@literallyshit.net) (daring.canternet.org cloudchaser.canternet.org)
[07:36:50] *** Quits: johnsey (johnsey@netadmin.canternet.org) (daring.canternet.org cloudchaser.canternet.org)
[07:36:50] *** Quits: Finwe (vhalkola@Pony-25l.vcn.233.130.IP) (daring.canternet.org cloudchaser.canternet.org)
[07:36:50] *** Quits: WildSoft (WildSoft@Pony-hfh.2pc.101.213.IP) (daring.canternet.org cloudchaser.canternet.org)
[07:36:50] *** Quits: Phase4 (Phase4@Pony-qur.r85.209.118.IP) (daring.canternet.org cloudchaser.canternet.org)
[07:36:50] *** Quits: endoriazel (coprah@endoriazel) (daring.canternet.org cloudchaser.canternet.org)
[07:36:50] *** Quits: Aww (aww@Pony-s66.2lf.34.64.IP) (daring.canternet.org cloudchaser.canternet.org)
[07:36:50] *** Quits: GeekBrony (GB@bronydom.net) (daring.canternet.org cloudchaser.canternet.org)
[07:36:50] *** Quits: FusRoDah (HomerB@is.best.sea.poni) (daring.canternet.org cloudchaser.canternet.org)
[07:36:50] *** Quits: Hoofy (HoofSounds_@Pony-dsovdr.res.rr.com) (daring.canternet.org cloudchaser.canternet.org)
[07:36:50] *** Quits: GumballCrash (GumballCras@0.to.pony.10secondsflat) (daring.canternet.org cloudchaser.canternet.org)
[07:36:50] *** Quits: TecknoJock (TecknoJock@TecknoJock) (daring.canternet.org cloudchaser.canternet.org)
[07:36:50] *** Quits: Pi (saxopi@Pony-c9l.v1o.94.119.IP) (daring.canternet.org cloudchaser.canternet.org)
[07:36:50] *** Quits: Cameron_D (cameron@cam.mylittle.horse) (daring.canternet.org cloudchaser.canternet.org)
[07:36:50] *** Quits: RubyPinch (x@Gem.Stealer) (daring.canternet.org cloudchaser.canternet.org)
[07:36:50] *** Quits: bikey (repair@s.no.bike) (daring.canternet.org cloudchaser.canternet.org)
[07:36:50] *** Quits: Electron (quassel@Pony-ma9.9dh.9.5.IP) (daring.canternet.org cloudchaser.canternet.org)
[07:36:50] *** Quits: Colgate (rabbit@brushie.horse) (daring.canternet.org cloudchaser.canternet.org)
[07:36:50] *** Quits: Ashley (Ashfire@Ashfire.bronytv.net) (daring.canternet.org cloudchaser.canternet.org)
[07:36:50] *** Quits: texasboykc09 (texasboykc0@the.texas.alicorn) (daring.canternet.org cloudchaser.canternet.org)
[07:36:50] *** Quits: klaxa (klaxa@Pony-1kuq6f.eu) (daring.canternet.org cloudchaser.canternet.org)
[07:36:50] *** Quits: Twili (Twili@Twilights.Study) (daring.canternet.org cloudchaser.canternet.org)
[07:36:50] *** Quits: Fusl (Fusl@1.0.0.127.in-addr.arpa.li) (daring.canternet.org cloudchaser.canternet.org)
[07:36:50] *** Quits: Person (Tilde@Pony-t4r.5t3.116.129.IP) (daring.canternet.org cloudchaser.canternet.org)
[07:36:50] *** Quits: Rylee (rylai@within.a.hail.of.gemstones) (daring.canternet.org cloudchaser.canternet.org)
[07:36:50] *** Quits: Labrat_ (jared@tacoshy.is.best.pony) (daring.canternet.org cloudchaser.canternet.org)
[07:36:50] *** Quits: Googie (Googol@gnaws.on.keratin.and.ears) (daring.canternet.org cloudchaser.canternet.org)
[07:36:50] *** Quits: miggyb (miggyb@horsetornado.co.uk) (daring.canternet.org cloudchaser.canternet.org)
[07:36:50] *** Quits: Lapsus (Lapsus@i-forget.ca) (daring.canternet.org cloudchaser.canternet.org)
[07:36:50] *** Quits: enginemaniac (flail@flail.flail.flail) (daring.canternet.org cloudchaser.canternet.org)
[07:36:50] *** Quits: Endien (endien@Endien) (daring.canternet.org cloudchaser.canternet.org)
[07:36:50] *** Quits: Zuzu (zuzu@is.robo.licious) (daring.canternet.org cloudchaser.canternet.org)
[07:36:50] *** Quits: PeakVolume (k9ldt@Pony-mtb.f13.6.100.IP) (daring.canternet.org cloudchaser.canternet.org)
[07:36:50] *** Quits: Halcyon_Starlight (BlackCat@Anonlight.Starsarebeautiful) (daring.canternet.org cloudchaser.canternet.org)
[07:37:01] *** Joins: Luna (Luna@The.Moon.Princess)
[07:37:01] *** Joins: Halcyon_Starlight (BlackCat@Anonlight.Starsarebeautiful)
[07:37:01] *** cloudchaser.canternet.org sets mode: +o Luna
[07:37:21] *** Joins: GeekBrony (GB@bronydom.net)
[07:37:21] *** Joins: Ashley (Ashfire@Ashfire.bronytv.net)
[07:37:21] *** Joins: endoriazel (coprah@endoriazel)
[07:37:21] *** Joins: johnsey (johnsey@netadmin.canternet.org)
[07:37:21] *** Joins: Electron (quassel@Pony-ma9.9dh.9.5.IP)
[07:37:21] *** Joins: GumballCrash (GumballCras@0.to.pony.10secondsflat)
[07:37:21] *** Joins: Person (Tilde@Pony-t4r.5t3.116.129.IP)
[07:37:21] *** Joins: enginemaniac (flail@flail.flail.flail)
[07:37:21] *** Joins: PeakVolume (k9ldt@Pony-mtb.f13.6.100.IP)
[07:37:21] *** Joins: Twili (Twili@Twilights.Study)
[07:37:21] *** Joins: Rylee (rylai@within.a.hail.of.gemstones)
[07:37:21] *** Joins: RubyPinch (x@Gem.Stealer)
[07:37:21] *** Joins: FusRoDah (HomerB@is.best.sea.poni)
[07:37:21] *** Joins: Phase4 (Phase4@Pony-qur.r85.209.118.IP)
[07:37:21] *** Joins: texasboykc09 (texasboykc0@the.texas.alicorn)
[07:37:21] *** Joins: Googie (Googol@gnaws.on.keratin.and.ears)
[07:37:21] *** Joins: Q0 (Q0@literallyshit.net)
[07:37:21] *** Joins: Pi (saxopi@Pony-c9l.v1o.94.119.IP)
[07:37:21] *** Joins: miggyb (miggyb@horsetornado.co.uk)
[07:37:21] *** Joins: Lapsus (Lapsus@i-forget.ca)
[07:37:21] *** Joins: Finwe (vhalkola@Pony-25l.vcn.233.130.IP)
[07:37:21] *** Joins: bikey (repair@s.no.bike)
[07:37:21] *** Joins: Aww (aww@Pony-s66.2lf.34.64.IP)
[07:37:21] *** Joins: Endien (endien@Endien)
[07:37:21] *** Joins: WildSoft (WildSoft@Pony-hfh.2pc.101.213.IP)
[07:37:21] *** Joins: Colgate (rabbit@brushie.horse)
[07:37:21] *** Joins: Labrat_ (jared@tacoshy.is.best.pony)
[07:37:21] *** Joins: klaxa (klaxa@Pony-1kuq6f.eu)
[07:37:21] *** Joins: Cameron_D (cameron@cam.mylittle.horse)
[07:37:21] *** Joins: Hoofy (HoofSounds_@Pony-dsovdr.res.rr.com)
[07:37:21] *** Joins: Fusl (Fusl@1.0.0.127.in-addr.arpa.li)
[07:37:21] *** Joins: Zuzu (zuzu@is.robo.licious)
[07:37:21] *** Joins: TecknoJock (TecknoJock@TecknoJock)
[07:37:21] *** cadance.canternet.org sets mode: +aovoao johnsey johnsey Twili Googie Colgate Colgate
[08:38:11] *** FusRoDah is now known as SakuraBouvier
[08:58:38] *** Quits: Halcyon_Starlight (BlackCat@Anonlight.Starsarebeautiful) (Quit: Zzz)
[09:16:55] *** Joins: Alcoholicorn (Alcoholicor@Pony-bfp.0d7.20.67.IP)
[09:35:02] *** Q0 is now known as Q0|Away
[09:53:10] *** Joins: GigabitPony (Gigabit@AppleDash.is.my.pet)
[09:54:14] *** Quits: Alcoholicorn (Alcoholicor@Pony-bfp.0d7.20.67.IP) (Ping timeout: 121 seconds)
[09:56:34] *** GigabitPony is now known as Gigabit
[10:08:34] *** Quits: Moonlightning (blackl@property.of.lightningcrash) (Connection closed)
[10:09:16] *** Joins: Starthunder (blackl@property.of.lightningcrash)
[10:10:57] *** Quits: Lunia (ellen@ChumPony.Enterprises) (Ping timeout: 121 seconds)
[10:24:15] *** Joins: Alcoholicorn (Alcoholicor@Pony-bfp.0d7.20.67.IP)
[10:31:30] *** Joins: Lunia (ellen@ChumPony.Enterprises)
[11:45:26] *** Joins: BasisBit (BasisBit@Pony-ar6.av7.187.80.IP)
[11:45:39] *** Hoofy is now known as Hoofy_sleep
[11:48:59] *** Quits: Alcoholicorn (Alcoholicor@Pony-bfp.0d7.20.67.IP) (Ping timeout: 121 seconds)
[12:16:26] *** Joins: Alcoholicorn (Alcoholicor@Pony-bfp.0d7.20.67.IP)
[12:20:28] *** Quits: BasisBit (BasisBit@Pony-ar6.av7.187.80.IP) (Ping timeout: 121 seconds)
[12:23:55] *** Pi is now known as Pi_Dinner
[12:39:12] *** Quits: Lunia (ellen@ChumPony.Enterprises) (Quit: Konversation terminated!)
[12:41:29] *** ShutterQuick is now known as Shutter
[12:53:46] *** Joins: Rainb (rainb@Pony-cn5.akh.50.181.IP)
[13:35:11] *** [A]McKey is now known as McKey
[13:41:07] *** Hoofy_sleep is now known as Hoofy
[13:53:58] *** Joins: BasisBit (BasisBit@Pony-l8i.av7.187.80.IP)
[14:02:56] *** Pi_Dinner is now known as Pi
[14:26:43] *** Joins: Lunia (ellen@ChumPony.Enterprises)
[15:38:44] *** Joins: LightningCrash (lightning@Pony-lvs.lv2.99.68.IP)
[16:02:05] *** Quits: BasisBit (BasisBit@Pony-l8i.av7.187.80.IP) (Ping timeout: 121 seconds)
[16:10:26] *** Quits: LightningCrash (lightning@property.of.moonlightning) (Quit: The Nightmares will collide. And become a dream. <3)
[16:48:07] *** Joins: BasisBit (BasisBit@Pony-oqtp5s.1vfn.plol.0bf7.2001.IP)
[16:48:20] *** Quits: BasisBit (BasisBit@Pony-oqtp5s.1vfn.plol.0bf7.2001.IP) (Quit: Leaving)
[17:10:44] *** Quits: Lunia (ellen@ChumPony.Enterprises) (Quit: Konversation terminated!)
[17:21:23] *** Joins: Lunia (ellen@ChumPony.Enterprises)
[17:37:52] *** Q0|Away is now known as Q0
[17:43:25] *** Quits: Pi (saxopi@Pony-c9l.v1o.94.119.IP) (Quit: Leaving)
[17:48:32] *** Joins: BasisBit (BasisBit@Pony-8cnqto.1vfn.plol.0bf7.2001.IP)
[17:52:04] *** Joins: Pi (Pi@Pony-c9l.v1o.94.119.IP)
[17:56:12] *** Quits: Alcoholicorn (Alcoholicor@Pony-bfp.0d7.20.67.IP) (Ping timeout: 121 seconds)
[17:58:21] *** Joins: Alcoholicorn (Alcoholicor@Pony-bfp.0d7.20.67.IP)
[18:00:10] *** Quits: Lunia (ellen@ChumPony.Enterprises) (Ping timeout: 121 seconds)
[18:04:07] *** Joins: BasisBit_ (BasisBit@Pony-8cnqto.1vfn.plol.0bf7.2001.IP)
[18:07:03] *** Quits: BasisBit (BasisBit@Pony-8cnqto.1vfn.plol.0bf7.2001.IP) (Ping timeout: 121 seconds)
[18:14:30] *** Quits: BasisBit_ (BasisBit@Pony-8cnqto.1vfn.plol.0bf7.2001.IP) (Quit: Leaving)
[18:14:40] *** Joins: BasisBit (BasisBit@Pony-oqtp5s.1vfn.plol.0bf7.2001.IP)
[18:24:29] *** Joins: Kalastrear (Kalastrear@Pony-7j2.eb1.234.204.IP)
[18:27:47] *** Joins: Halcyon_Starlight (BlackCat@Anonlight.Starsarebeautiful)
[18:34:14] *** Quits: Kalastrear (Kalastrear@Pony-7j2.eb1.234.204.IP) (Ping timeout: 121 seconds)
[18:45:57] *** Joins: Lunia (ellen@ChumPony.Enterprises)
[18:53:10] *** Quits: Pi (Pi@Pony-c9l.v1o.94.119.IP) (Quit: Lend us 10p for a cuppa tea?)
[18:55:05] *** Quits: loadhigh (loadhigh@Pony-8j2k61.fjdq.l7c3.0180.2604.IP) (Quit: ZNC - http://znc.in)
[19:40:14] *** Joins: pony_123 (texasboykc0@the.texas.alicorn)
[19:40:24] *** Quits: texasboykc09 (texasboykc0@the.texas.alicorn) (Ping timeout: 121 seconds)
[19:45:00] *** Quits: Q0 (Q0@literallyshit.net) (Ping timeout: 121 seconds)
[19:47:10] *** Joins: Q0 (Q0@literallyshit.net)
[20:13:16] *** Quits: BasisBit (BasisBit@Pony-oqtp5s.1vfn.plol.0bf7.2001.IP) (Connection closed)
[20:13:31] *** Joins: BasisBit (BasisBit@Pony-oqtp5s.1vfn.plol.0bf7.2001.IP)
[20:43:30] *** Joins: Pony_0 (Pony_0@Pony-gv1.470.58.164.IP)
[20:44:01] *** Quits: Pony_0 (Pony_0@Pony-gv1.470.58.164.IP) (Quit: Page closed)
[21:11:53] *** Quits: BasisBit (BasisBit@Pony-oqtp5s.1vfn.plol.0bf7.2001.IP) (Ping timeout: 121 seconds)
[21:14:43] *** Quits: Lunia (ellen@ChumPony.Enterprises) (Quit: Konversation terminated!)
[21:36:52] *** Quits: Halcyon_Starlight (BlackCat@Anonlight.Starsarebeautiful) (Quit: Restarting)
[21:39:02] *** Joins: Halcyon_Starlight (BlackCat@Anonlight.Starsarebeautiful)
[21:46:32] *** Joins: gunthler (Gunthler@T.money)
[21:55:38] *** Quits: gunthler (Gunthler@T.money) (Connection closed)
[21:56:13] *** Joins: gunthler (Gunthler@T.money)
[22:11:11] *** Quits: Alcoholicorn (Alcoholicor@Pony-bfp.0d7.20.67.IP) (Quit: )
[22:37:07] *** Halcyon_Starlight is now known as BlackCat
[23:00:19] *** Quits: Rainb (rainb@Pony-cn5.akh.50.181.IP) (Ping timeout: 121 seconds)
[23:20:36] *** Joins: BasisBit (BasisBit@Pony-8cnqto.1vfn.plol.0bf7.2001.IP)
[23:27:35] *** McKey is now known as [A]McKey
[23:27:58] *** Gigabit is now known as GigaTown
[23:56:29] *** Joins: Rainb (rainb@Pony-cn5.akh.50.181.IP)
[23:57:09] *** [A]McKey is now known as McKey
[23:59:47] *** Quits: Caerdwyn (midnight@always.broken.sometimes.patched.never.fixed) (Ping timeout: 121 seconds)
