[00:07:08] *** sylveon_butt is now known as Hearts_the_Yoshi
[00:13:32] *** Quits: Nelly (Nelly@Anonlight.Starsarebeautiful) (The TLS connection was non-properly terminated.)
[00:14:35] *** Joins: Nelly (Nelly@Anonlight.Starsarebeautiful)
[00:28:11] *** Joins: Rainb (rainb@Pony-cn5.akh.50.181.IP)
[00:34:45] *** Nelly is now known as Nully
[00:38:53] *** Quits: Nully (Nelly@Anonlight.Starsarebeautiful) (Ping timeout: 121 seconds)
[00:44:20] *** Joins: LightningCrash (lightning@property.of.moonlightning)
[01:15:05] *** Joins: Nelly (Nelly@Anonlight.Starsarebeautiful)
[01:19:34] *** Joins: TrotskyFavor (HomerB@Pony-a9tper.tn.charter.com)
[01:23:45] *** GigaWork is now known as Gigabit
[01:24:08] *** Joins: Pi (saxopi@Pony-eac.9qc.208.112.IP)
[01:25:41] *** Quits: TrotskyFavor (HomerB@Pony-a9tper.tn.charter.com) (Quit: AndroIRC - Android IRC Client ( http://www.androirc.com ))
[01:25:51] *** Joins: HomerMobile (HomerB@is.best.sea.poni)
[01:47:11] *** Quits: Rainb (rainb@Pony-cn5.akh.50.181.IP) (Connection closed)
[01:48:15] *** Joins: Rainb (rainb@Pony-cn5.akh.50.181.IP)
[01:56:41] *** Quits: Alcoholicorn (Alcoholicor@Pony-55oq0s.pool.hargray.net) (Ping timeout: 121 seconds)
[01:59:21] *** Quits: HomerMobile (HomerB@is.best.sea.poni) (Connection closed)
[01:59:21] *** Joins: HomerBouvier (HomerB@Pony-a9tper.tn.charter.com)
[01:59:35] *** Joins: Alcoholicorn (Alcoholicor@Pony-55oq0s.pool.hargray.net)
[02:06:49] *** Quits: Phase5 (Phase4@Pony-0nc5nh.internode.on.net) (Quit: Leaving)
[02:47:48] *** Joins: Phase4 (Phase4@Pony-lu48ce.lnk.telstra.net)
[02:58:32] *** Hearts_the_Yoshi is now known as Hoofy
[03:15:58] *** Quits: Nelly (Nelly@Anonlight.Starsarebeautiful) (Ping timeout: 121 seconds)
[03:17:02] *** Joins: Nelly (Nelly@Anonlight.Starsarebeautiful)
[03:30:53] *** Joins: HomerMobile (HomerB@is.best.sea.poni)
[03:32:42] *** Quits: HomerBouvier (HomerB@is.best.sea.poni) (Killed (NickServ (GHOST command used by HomerMobile)))
[03:32:46] *** HomerMobile is now known as HomerBouvier
[03:41:15] *** Joins: HomerMobile (HomerB@is.best.sea.poni)
[03:49:21] *** Quits: LightningCrash (lightning@property.of.moonlightning) (Quit: *poof*)
[04:36:32] *** Quits: HomerMobile (HomerB@is.best.sea.poni) (Connection closed)
[04:39:46] *** Quits: Nelly (Nelly@Anonlight.Starsarebeautiful) (The TLS connection was non-properly terminated.)
[04:40:31] *** Joins: Nelly (Nelly@Anonlight.Starsarebeautiful)
[04:52:50] *** Joins: HomerMobile (HomerB@is.best.sea.poni)
[04:58:04] *** Joins: Toothie (uid63062@Pony-tbaiid.charlton.irccloud.com)
[05:49:14] *** Quits: Pi (saxopi@Pony-eac.9qc.208.112.IP) (Ping timeout: 121 seconds)
[05:49:21] *** Q0|Away is now known as Q0
[06:07:51] *** Quits: HomerMobile (HomerB@is.best.sea.poni) (Connection closed)
[06:12:28] *** Quits: HomerBouvier (HomerB@is.best.sea.poni) (Connection closed)
[06:26:31] *** Joins: Pi (saxopi@Pony-eac.9qc.208.112.IP)
[06:26:40] *** Joins: HomerMobile (HomerB@is.best.sea.poni)
[07:11:47] *** Quits: Pi (saxopi@Pony-eac.9qc.208.112.IP) (Quit: Leaving)
[07:50:27] *** Quits: Toothie (uid63062@Pony-tbaiid.charlton.irccloud.com) (Quit: <3)
[07:51:54] *** Nelly is now known as Nully
[07:54:07] *** Hoofy is now known as Hearts_the_Yoshi
[08:26:56] *** Gigabit is now known as GigaZzz
[08:32:00] *** Quits: Phase4 (Phase4@Pony-lu48ce.lnk.telstra.net) (Ping timeout: 121 seconds)
[08:52:23] *** Quits: Alcoholicorn (Alcoholicor@Pony-55oq0s.pool.hargray.net) (Ping timeout: 121 seconds)
[09:32:20] *** Joins: Phase4 (Phase4@Pony-0nc5nh.internode.on.net)
[09:33:13] *** Joins: Pi (saxopi@Pony-eac.9qc.208.112.IP)
[09:53:53] *** Joins: Phase5 (Phase4@Pony-es7n5m.internode.on.net)
[09:56:42] *** Quits: Phase4 (Phase4@Pony-0nc5nh.internode.on.net) (Ping timeout: 121 seconds)
[10:05:05] <Electron> could you tell me the name of good WOW vanilla server?
[10:18:29] *** Phase5 is now known as Phase4
[10:25:16] <Electron> I really do not know what is this and want to check it out
[10:41:20] *** Joins: Lunia (ellen@ChumPony.Enterprises)
[11:26:56] *** Joins: HomerBouvier (HomerB@Pony-a9tper.tn.charter.com)
[11:26:56] *** Quits: HomerMobile (HomerB@is.best.sea.poni) (Connection closed)
[11:30:50] *** Joins: ^^JaLeBi^^_ (^^JaLeBi^^@Pony-6a3.pab.88.111.IP)
[11:31:21] *** Quits: ^^JaLeBi^^_ (^^JaLeBi^^@Pony-6a3.pab.88.111.IP) (Quit: Page closed)
[11:36:39] *** Joins: Pony_6 (~Pony_6@Pony-6a3.pab.88.111.IP)
[11:37:40] *** Quits: Pony_6 (~Pony_6@Pony-6a3.pab.88.111.IP) (Quit: Page closed)
[11:57:24] *** Joins: Alcoholicorn (Alcoholicor@Pony-55oq0s.pool.hargray.net)
[12:00:10] *** Quits: Nully (Nelly@Anonlight.Starsarebeautiful) (The TLS connection was non-properly terminated.)
[12:01:52] *** Joins: Nelly (Nelly@Anonlight.Starsarebeautiful)
[12:27:27] *** Quits: Alcoholicorn (Alcoholicor@Pony-55oq0s.pool.hargray.net) (Ping timeout: 121 seconds)
[12:40:47] *** Quits: Rainb (rainb@Pony-cn5.akh.50.181.IP) (Ping timeout: 121 seconds)
[12:44:34] *** Joins: Rainb (rainb@Pony-cn5.akh.50.181.IP)
[12:53:07] *** Q0 is now known as Q0|Away
[13:03:48] *** [A]McKey is now known as McKey
[13:15:32] *** Joins: Phase5 (Phase4@Pony-k8psb1.internode.on.net)
[13:16:43] *** Quits: Pi (saxopi@Pony-eac.9qc.208.112.IP) (Ping timeout: 121 seconds)
[13:18:30] *** Quits: Phase4 (Phase4@Pony-es7n5m.internode.on.net) (Ping timeout: 121 seconds)
[13:23:57] *** Joins: Pi (saxopi@Pony-eac.9qc.208.112.IP)
[14:08:12] *** McKey is now known as [A]McKey
[14:29:51] *** Joins: El (quassel@Pony-agnu6g.com)
[14:31:29] *** [A]McKey is now known as McKey
[14:32:56] *** Quits: Electron (quassel@Pony-agnu6g.com) (Ping timeout: 121 seconds)
[14:33:39] *** Quits: HomerBouvier (HomerB@is.best.sea.poni) (Connection closed)
[14:33:41] *** Joins: HomerBouvier (HomerB@Pony-a9tper.tn.charter.com)
[14:35:08] *** Quits: ColtonDRG (coltondrg@Pony-md13r9.hlrn.qwest.net) (A TLS packet with unexpected length was received.)
[14:36:12] *** Quits: Rainb (rainb@Pony-cn5.akh.50.181.IP) (Ping timeout: 121 seconds)
[14:42:56] *** Joins: ColtonDRG (coltondrg@Pony-md13r9.hlrn.qwest.net)
[15:08:54] *** Joins: ariscop__ (Phase4@Pony-ni078p.internode.on.net)
[15:11:30] *** Quits: Phase5 (Phase4@Pony-k8psb1.internode.on.net) (Ping timeout: 121 seconds)
[15:36:30] *** Joins: gunthler (Gunthler@T.money)
[15:41:29] *** Quits: Lunia (ellen@ChumPony.Enterprises) (Ping timeout: 121 seconds)
[16:12:15] *** Joins: Twilly (~Twilly@Pony-qkcnci.play-internet.pl)
[16:12:47] *** Quits: Twilly (~Twilly@Pony-qkcnci.play-internet.pl) (Quit: Page closed)
[16:17:16] *** GigaZzz is now known as Gigabit
[16:47:01] *** Hearts_the_Yoshi is now known as hoofy|akf
[17:07:50] *** Quits: HomerBouvier (HomerB@is.best.sea.poni) (Connection closed)
[17:08:06] *** Joins: HomerBouvier (HomerB@Pony-a9tper.tn.charter.com)
[17:12:43] *** Joins: MidniteDew (user@Pony-73gqss.dyn.nltelcom.net)
[17:15:34] *** Quits: Pi (saxopi@Pony-eac.9qc.208.112.IP) (Quit: Leaving)
[17:21:04] *** Joins: Wungiel (Wungiel@Pony-rl5pu4.dynamic.mm.pl)
[17:21:19] <Wungiel>  /join #pony-chan
[17:21:40] *** Parts: Wungiel (Wungiel@Pony-rl5pu4.dynamic.mm.pl) ("")
[17:22:23] *** Joins: Pi (Pi@Pony-eac.9qc.208.112.IP)
[17:25:38] *** Quits: HomerBouvier (HomerB@is.best.sea.poni) (Connection closed)
[17:25:56] *** Joins: HomerMobile (HomerB@is.best.sea.poni)
[17:33:15] *** Gigabit is now known as GigaNoms
[18:08:15] *** GigaNoms is now known as Gigabit
[18:12:11] *** hoofy|akf is now known as hoofy
[18:13:02] *** hoofy is now known as Hearts_the_Yoshi
[18:36:40] *** Joins: Twilly_ (Twilly@Pony-lp086m.play-internet.pl)
[18:39:14] *** Quits: Twilly_ (Twilly@Pony-lp086m.play-internet.pl) (Quit: Page closed)
[18:41:19] *** Joins: Alcoholicorn (Alcoholicor@Pony-55oq0s.pool.hargray.net)
[18:41:38] *** Joins: Twilly_ (Twilly@Pony-lp086m.play-internet.pl)
[18:44:26] *** Quits: HomerMobile (HomerB@is.best.sea.poni) (Connection closed)
[18:44:29] *** Joins: HomerMobile (HomerB@Pony-a9tper.tn.charter.com)
[18:44:31] <Twilly_> ?
[18:45:13] <Twilly_> #pony-chan
[18:48:48] *** Quits: Twilly_ (Twilly@Pony-lp086m.play-internet.pl) (Quit: Page closed)
[18:49:15] <Hearts_the_Yoshi> ?
[18:53:10] *** Quits: Alcoholicorn (Alcoholicor@Pony-55oq0s.pool.hargray.net) (Ping timeout: 121 seconds)
[19:35:36] *** Joins: Alcoholicorn (Alcoholicor@Pony-55oq0s.pool.hargray.net)
[19:57:17] *** Joins: Phase5 (Phase4@Pony-1r5tso.internode.on.net)
[19:59:55] *** Quits: ariscop__ (Phase4@Pony-ni078p.internode.on.net) (Ping timeout: 121 seconds)
[20:00:12] *** Joins: Phase4 (Phase4@Pony-s1qef7.internode.on.net)
[20:02:26] *** Quits: Phase5 (Phase4@Pony-1r5tso.internode.on.net) (Ping timeout: 121 seconds)
[20:04:51] *** Quits: HomerMobile (HomerB@is.best.sea.poni) (Connection closed)
[20:05:17] *** Joins: HomerMobile (HomerB@is.best.sea.poni)
[20:11:05] *** Nelly is now known as Nully
[20:26:10] *** Quits: Pi (Pi@Pony-eac.9qc.208.112.IP) (Quit: Lend us 10p for a cuppa tea?)
[20:57:34] *** Joins: Lunia (ellen@ChumPony.Enterprises)
[21:03:20] *** Nully is now known as Nellyy
[21:03:22] *** Nellyy is now known as Nelly
[21:17:00] *** Joins: HomerBouvier (HomerB@is.best.sea.poni)
[21:26:38] *** Quits: Lunia (ellen@ChumPony.Enterprises) (Ping timeout: 121 seconds)
[21:28:12] *** Quits: MidniteDew (user@Pony-73gqss.dyn.nltelcom.net) (Quit: Konversation terminated!)
[21:46:57] *** Quits: Shutter (tips@sudoku.prevention.hotline) (Ping timeout: 121 seconds)
[21:47:09] *** Joins: Shutter (tips@sudoku.prevention.hotline)
[21:47:10] *** Luna sets mode: +ao Shutter Shutter
[22:12:40] *** Quits: Phase4 (Phase4@Pony-s1qef7.internode.on.net) (Ping timeout: 121 seconds)
[22:25:05] *** McKey is now known as [A]McKey
[22:25:50] *** Quits: gunthler (Gunthler@T.money) (Quit: https://youtu.be/5FjWe31S_0g )
[22:31:22] *** Quits: Alcoholicorn (Alcoholicor@Pony-55oq0s.pool.hargray.net) (Ping timeout: 121 seconds)
[22:32:45] *** Joins: Alcoholicorn (Alcoholicor@Pony-bfp.0d7.20.67.IP)
[22:42:39] *** Quits: HomerMobile (HomerB@is.best.sea.poni) (Connection closed)
[22:47:16] *** Joins: Phase4 (Phase4@Pony-lu48ce.lnk.telstra.net)
[22:50:06] *** Joins: HomerMobile (HomerB@is.best.sea.poni)
[23:19:16] *** Joins: LightningCrash (lightning@property.of.moonlightning)
[23:30:39] *** Joins: Null (Nelly@Anonlight.Starsarebeautiful)
[23:31:44] *** Quits: Nelly (Nelly@Anonlight.Starsarebeautiful) (Killed (NickServ (GHOST command used by Null)))
[23:31:46] *** Null is now known as Nelly
[23:39:01] *** Quits: HomerMobile (HomerB@is.best.sea.poni) (Connection closed)
[23:52:17] *** Quits: HomerBouvier (HomerB@is.best.sea.poni) (Z-Lined: Your IP range has been attempting to connect too many times in too short a duration. Wait a while, and you will be able to connect.)
[23:56:31] *** Joins: pony_123 (texasboykc0@the.texas.alicorn)
[23:58:56] *** Quits: texasboykc09 (texasboykc0@the.texas.alicorn) (Ping timeout: 121 seconds)
[23:58:59] *** pony_123 is now known as Texasboykc09
