[00:25:26] *** Joins: ArchPegasusMicha (~Archive@104.131.83.186)
[00:26:36] *** Joins: Misiek (~Misiek@efx36.neoplus.adsl.tpnet.pl)
[00:38:34] *** Quits: Koh_f (~Kingofhil@user-94-254-208-32.play-internet.pl) (Ping timeout: 245 seconds)
[00:39:02] *** Joins: Koh_fon (~Kingofhil@user-94-254-209-166.play-internet.pl)
[00:47:02] *** Joins: Beatzebub (~beatzebub@d75-155-236-222.bchsia.telus.net)
[00:57:09] *** Joins: NS_tel_ (~Michael89@user-109-243-150-122.play-internet.pl)
[00:59:30] *** Night_Spark is now known as Guest59958
[00:59:30] *** Quits: Guest59958 (~Michael89@host-89-230-34-1.dynamic.mm.pl) (Killed (card.freenode.net (Nickname regained by services)))
[00:59:30] *** ArchPegasusMicha is now known as Night_Spark
[02:22:50] *** Joins: NS_tab (~Michael89@host-89-230-34-1.dynamic.mm.pl)
[02:24:01] *** Quits: NS_tab (~Michael89@host-89-230-34-1.dynamic.mm.pl) (Client Quit)
[02:30:06] *** Quits: izeer (1f3052af@gateway/web/freenode/ip.31.48.82.175) (Quit: Page closed)
[02:31:29] *** Quits: Night_Spark (~Archive@104.131.83.186) (Quit: ZNC - 1.6.0 - http://znc.in)
[02:31:58] *** Joins: Night_Spark (~Michael89@104.131.83.186)
[02:50:42] <Misiek> elo
[02:50:44] *** Quits: Misiek (~Misiek@efx36.neoplus.adsl.tpnet.pl) (Quit: Leaving)
[02:53:46] *** Quits: NS_tel_ (~Michael89@user-109-243-150-122.play-internet.pl) (Quit: used jmIrc)
[03:15:52] *** Joins: NS_tab (~Michael89@host-89-230-34-1.dynamic.mm.pl)
[04:47:12] *** Quits: Koh_fon (~Kingofhil@user-94-254-209-166.play-internet.pl) (Quit: Hue.)
[07:09:24] *** Joins: Koh_fon (~Kingofhil@user-94-254-209-166.play-internet.pl)
[08:59:50] *** Joins: Koh_f (~Kingofhil@user-94-254-209-166.play-internet.pl)
[08:59:51] *** Quits: Koh_fon (~Kingofhil@user-94-254-209-166.play-internet.pl) (Read error: Connection reset by peer)
[09:01:15] *** Joins: Koh_fon (~Kingofhil@user-94-254-209-166.play-internet.pl)
[09:01:15] *** Quits: Koh_f (~Kingofhil@user-94-254-209-166.play-internet.pl) (Read error: Connection reset by peer)
[09:07:19] *** Quits: Koh_fon (~Kingofhil@user-94-254-209-166.play-internet.pl) (Read error: Connection reset by peer)
[09:07:27] *** Joins: Koh_fon (~Kingofhil@user-94-254-209-166.play-internet.pl)
[09:09:43] *** Quits: Koh_fon (~Kingofhil@user-94-254-209-166.play-internet.pl) (Read error: Connection reset by peer)
[09:09:47] *** Joins: Koh_f (~Kingofhil@user-94-254-209-166.play-internet.pl)
[11:58:00] *** Quits: NS_tab (~Michael89@host-89-230-34-1.dynamic.mm.pl) (Quit: Connection closed)
[13:38:21] *** Joins: Misiek (~Misiek@user-94-254-129-30.play-internet.pl)
[13:42:44] *** Joins: MisiekShy (~Misiek@user-94-254-133-189.play-internet.pl)
[13:45:57] *** Quits: Misiek (~Misiek@user-94-254-129-30.play-internet.pl) (Ping timeout: 276 seconds)
[14:04:09] *** Quits: Beatzebub (~beatzebub@d75-155-236-222.bchsia.telus.net) (Ping timeout: 244 seconds)
[14:13:40] *** Joins: Soxis (~chatzilla@86-63-85-25.sta.asta-net.com.pl)
[14:13:41] <Soxis> elo
[14:20:33] <MisiekShy> Hay
[14:32:47] *** Joins: Nighti (53098cf2@gateway/web/freenode/ip.83.9.140.242)
[14:32:51] <Nighti> Bry
[14:33:04] *** [A]McKey is now known as McKey
[14:46:17] *** Joins: izeer (1f3052af@gateway/web/freenode/ip.31.48.82.175)
[14:46:28] <izeer> hej
[14:48:03] <Nighti> Yo!
[15:08:29] *** Joins: Koh_fon (~Kingofhil@user-94-254-145-185.play-internet.pl)
[15:10:42] *** Quits: Koh_f (~Kingofhil@user-94-254-209-166.play-internet.pl) (Ping timeout: 256 seconds)
[15:21:49] *** Joins: Koh_f (~Kingofhil@user-94-254-145-185.play-internet.pl)
[15:21:49] *** Quits: Koh_fon (~Kingofhil@user-94-254-145-185.play-internet.pl) (Read error: Connection reset by peer)
[15:22:28] *** Joins: Dalir (~Pony@88-199-132-54.tktelekom.pl)
[15:22:51] <Dalir> czesc
[15:24:24] <izeer> czeźdź
[15:25:36] <Dalir> ave ci izeer
[15:25:43] <Dalir> slawa i chwala
[15:28:14] <izeer> to już mam
[15:28:39] <Dalir> teraz tak :)
[15:44:35] <Nighti> Częć Dalir
[15:44:49] <Nighti> Cześć *
[15:45:15] <Nighti> chyba formata trzeb będzie trzasnąć
[15:49:01] <MisiekShy> Elo
[15:49:48] <Nighti> Elo
[16:02:39] <izeer> eh, czemu musialem odpalić ponyclickera xD
[16:30:07] <McKey> wut
[16:31:21] <McKey> misiek200m, czego masz kolorowe nicki?
[16:32:44] <Soxis> ide
[16:32:45] <Soxis> nQ
[16:32:47] <Soxis> x
[16:32:49] <McKey> BY
[16:32:50] <McKey> E
[16:33:40] *** Quits: Soxis (~chatzilla@86-63-85-25.sta.asta-net.com.pl) (Remote host closed the connection)
[17:21:14] <izeer> http://puu.sh/hOfBz/4429f4f99d.jpg i co teras
[17:23:14] <izeer> https://www.youtube.com/watch?v=oLSdl-CdOBo lubie to
[17:23:22] <izeer> trzeba bedzie kolekcjonerke pewnie kupić
[17:23:35] <izeer> ale poczekam do 19 maja żeby zobaczyć jak wygląda na ultra 4k
[17:31:13] *** Joins: VanDreadPL (~Thunderbi@89-73-60-176.dynamic.chello.pl)
[17:31:34] <VanDreadPL> siema
[17:31:46] <VanDreadPL> izeer:  co ty tu robisz?
[17:31:51] <VanDreadPL> myślałem że dziś pracujesz
[17:31:57] <izeer> bo pracuje
[17:32:04] *** Quits: Koh_f (~Kingofhil@user-94-254-145-185.play-internet.pl) (Read error: Connection reset by peer)
[17:32:07] *** Joins: Koh_fon (~Kingofhil@user-94-254-145-185.play-internet.pl)
[17:32:22] <VanDreadPL> opierdalasz sie
[17:32:24] <VanDreadPL> to nie łądnie
[17:32:26] <VanDreadPL> nie to co ja
[17:32:37] <VanDreadPL> produtywny człowiek pół dnia bawił się dziś w pracy mesengerem XD
[17:32:42] <VanDreadPL> ale żeby nie było
[17:32:50] <VanDreadPL> naprawiłem dziś dwa laptopy bo jestem proo
[17:33:03] <izeer> a ja wstałem o 13:30
[17:33:06] <VanDreadPL> i kurwa zainstalowałem kompa pani która była bardzo zadowolona :D
[17:33:17] <VanDreadPL> ludzie się cieszą jak ja ich nawiedzam
[17:33:44] <VanDreadPL> nie pojmuje jak można spać do 13
[17:33:47] <VanDreadPL> to nie jest normalne
[17:33:51] <izeer> jest
[17:33:58] <VanDreadPL> no chyba że poszło sie spać ok 5 może 6
[17:34:04] <VanDreadPL> no w sumie jak po 6 to ok
[17:34:10] <izeer> jeśli w ciągu tygodnia raz masz na 9 rano, a raz wracasz po 3 w nocy
[17:34:16] <VanDreadPL> jak ok 5 to na oko 11 trzeba wstać
[17:34:21] <izeer> to dla ciebie
[17:34:23] <izeer> ja 10h spie
[17:34:30] <izeer> poszedłem spać 1:30 wczoraj
[17:34:57] <VanDreadPL> 10h to w chuj dużo
[17:35:03] <izeer> dla mnie w samraz
[17:35:09] <VanDreadPL> ja śpię max 8
[17:35:09] <izeer> poniżej jestem zjebany cały dzień
[17:35:20] <VanDreadPL> powyżej tej wartości jestem tylko bardziej zmęczony
[17:35:32] <VanDreadPL> optymalnie 6-7h
[17:40:51] <izeer> dobra, teraz to spierdzielam do roboty
[17:40:59] <VanDreadPL> 3maj się
[17:41:08] <VanDreadPL> miłego dnia
[17:41:13] <VanDreadPL> obiecuje że mój będzie :)
[17:41:31] <izeer> :|
[17:41:31] <izeer> a mój nie
[17:41:35] *** Quits: izeer (1f3052af@gateway/web/freenode/ip.31.48.82.175) (Quit: Page closed)
[17:43:04] <VanDreadPL> mam pomysł
[17:43:08] <VanDreadPL> czas przyjebać w forze :D
[17:45:26] *** Quits: Koh_fon (~Kingofhil@user-94-254-145-185.play-internet.pl) (Ping timeout: 272 seconds)
[17:49:48] <Nighti> https://www.youtube.com/watch?v=kvDMlk3kSYg
[17:51:49] <VoThall> dobry
[17:56:58] <VoThall> http://kwejk.pl/obrazek/2328665/dokladnie-tak-jest.html
[17:57:02] <VoThall> VanDreadPL
[17:59:12] <VanDreadPL> VoThall:  stare widziałem to
[17:59:19] <VoThall> wciaz prawdziwe xD
[18:00:27] <VanDreadPL> VoThall:  pierdolę to http://puu.sh/hOhSd/18dbb59723.gif
[18:00:46] <VoThall> ?
[18:00:47] <VoThall> ale ze co? xD
[18:01:13] <VanDreadPL> mam forze jest git :D
[18:02:28] <VoThall> ok xDD
[18:05:02] <VanDreadPL> ehh musze jechać do arkadii
[18:14:28] *** Quits: Dalir (~Pony@88-199-132-54.tktelekom.pl) (Quit: Nettalk6 - www.ntalk.de)
[18:32:42] <Nighti> a po co?
[18:33:43] <McKey> pewnie po browarka xD
[18:33:56] <McKey> sam zaraz do sklepu po pieczywo ide :P
[18:34:10] *** Joins: Dalir (~DalFon@88-199-132-54.tktelekom.pl)
[18:42:38] <Nighti> lecę będę później ;p
[18:42:41] *** Quits: Nighti (53098cf2@gateway/web/freenode/ip.83.9.140.242) (Quit: Page closed)
[19:42:11] *** Quits: MisiekShy (~Misiek@user-94-254-133-189.play-internet.pl) (Remote host closed the connection)
[19:43:26] *** Joins: Misiek (~Misiek@user-94-254-133-189.play-internet.pl)
[19:56:21] <Misiek> Czo tam
[20:11:24] *** Joins: Izeer_kom (~izeer_kom@188.29.164.131.threembb.co.uk)
[20:21:41] <McKey> misiek200m, xD http://i.imgur.com/NhhjPvR.png
[20:30:22] *** Joins: Koh_fon (~Kingofhil@user-94-254-145-33.play-internet.pl)
[20:31:02] *** Joins: Soxis (~chatzilla@86-63-85-25.sta.asta-net.com.pl)
[20:36:32] <Soxis> elo
[20:39:33] <misiek200m> McKey - taaaak, stary chemiczny humorek xD
[20:39:54] <misiek200m> McKey - a gdzie kolorowe nicki? W statach?
[20:40:29] <McKey> misiek200m, http://i.imgur.com/FSScErf.png
[20:41:29] <misiek200m> McKey: http://img.200m.pl/2015-05-14_14-21-05_096y5z2.png ustawienie płci :p Panowie na niebiesko, panie na róż xD
[20:45:52] *** Quits: Izeer_kom (~izeer_kom@188.29.164.131.threembb.co.uk) (Quit: To sie zmontuje xD)
[20:53:20] <Soxis> misiek200m: wnoszę sprzeciw co do VoThall
[20:53:21] <Soxis> xD
[20:53:44] <misiek200m> Hm?
[20:53:57] <Soxis> "m"
[20:54:28] <McKey> !roulette
[21:05:56] <Misiek> Proponuje znak zapytania
[21:05:58] <Misiek> xD
[21:06:11] <Misiek> A przynajmniej tak sobie wmawiam
[21:06:34] <McKey> ?roulette
[21:09:11] <Dalir> misiek200m: McKey kombinujecie cos nowego?
[21:10:12] <misiek200m> Dalir ja porządki w statach zrobiłem trochę :p
[21:10:30] <Dalir> A ta ruletka? :D
[21:10:38] <Dalir> Jakis plan?
[21:10:54] <McKey> ?roulette
[21:10:58] <McKey> @roulette
[21:11:01] <McKey> #roulette
[21:11:17] <Dalir> Hashhashhash
[21:12:48] <misiek200m> Dalir na canternecie to jest, gra w ruletkę, wylatujesz z IRCa xD
[21:13:22] <Dalir> Zrobta tu bota no xD
[21:17:23] *** Joins: Nighti (53098cf2@gateway/web/freenode/ip.83.9.140.242)
[21:17:32] <Nighti> wróciłem
[21:17:43] <Koh_fon> Yay
[21:22:06] <Nighti> coś mnie ominęło
[21:23:25] <Nighti> ?
[21:34:54] *** Joins: MisiekShy (~Misiek@user-94-254-133-189.play-internet.pl)
[21:36:07] *** Joins: NocnyPortier (~Misiek@user-94-254-145-111.play-internet.pl)
[21:37:53] *** Quits: Misiek (~Misiek@user-94-254-133-189.play-internet.pl) (Ping timeout: 256 seconds)
[21:39:46] *** Quits: MisiekShy (~Misiek@user-94-254-133-189.play-internet.pl) (Ping timeout: 272 seconds)
[21:44:05] *** Quits: Soxis (~chatzilla@86-63-85-25.sta.asta-net.com.pl) (Read error: Connection reset by peer)
[21:48:30] *** Joins: Soxis (~chatzilla@86-63-85-25.sta.asta-net.com.pl)
[21:58:25] *** Quits: NocnyPortier (~Misiek@user-94-254-145-111.play-internet.pl) (Quit: Misiek.exe has stopped working.)
[22:25:47] *** Quits: Koh_fon (~Kingofhil@user-94-254-145-33.play-internet.pl) (Quit: Hue.)
[22:30:36] <Dalir> Dobranuc
[22:30:38] *** Quits: Dalir (~DalFon@88-199-132-54.tktelekom.pl) (Quit: Bye)
[23:22:42] *** Joins: Shenti (1f3fc12e@gateway/web/freenode/ip.31.63.193.46)
[23:23:08] <Shenti> ohayo
[23:23:19] <Soxis> Shenti: czaj snapa
[23:23:23] <Soxis> ale przygotuj się na raka xD
[23:23:28] <Shenti> widziałam xD
[23:25:50] <Nighti> Soxis Tobie chyba się nudzi xd
[23:25:54] <Soxis> XDDDDDD
[23:26:06] <Nighti> O Shenti  Hay
[23:26:19] <Shenti> hej
[23:34:58] *** Quits: Shenti (1f3fc12e@gateway/web/freenode/ip.31.63.193.46) (Ping timeout: 246 seconds)
[23:42:32] <VanDreadPL> nie wiem co tu się dzieje
[23:42:44] <VanDreadPL> bo w sumie po co to wiedzieć XD
[23:43:48] <Nighti> czuje się jak na komisariacie xD
[23:43:50] <Nighti>  tez nic nie wiem
[23:43:51] <Nighti> XDD
[23:44:40] <VanDreadPL> coś w stylu
[23:44:45] <VanDreadPL> wiem ale nie powiem XD
[23:46:02] <VanDreadPL> Nighti: http://puu.sh/hOhSd/18dbb59723.gif
[23:46:05] <VanDreadPL> moja kochana forza
[23:46:14] <Nighti> Yaaaay
[23:46:31] <VanDreadPL> masz tam hello kity kicie rożek
[23:46:34] <VanDreadPL> p1
[23:46:46] <Nighti> Jak pushem zrobić pokaz slajdów/gif?
[23:47:04] <VanDreadPL> i czekającego na nowe barwy r34
[23:47:15] <VanDreadPL> nie da sie ja to zrobiłem apką na telefonie
[23:47:56] <Nighti> i wszystko jasne
[23:51:46] <Nighti> wszystko mnie boli, spać mi się chce
[23:52:03] <Nighti> jutro idę na gokarty
[23:52:28] <VanDreadPL> oo fajnie :D
[23:52:48] <VanDreadPL> Nighti:  dam ci radę :D
[23:52:58] <VanDreadPL> nadmierna prędkość jeszcze nikogo nie zabiła :D
[23:53:06] <Nighti> :D
[23:53:41] <Nighti> Van  jak do GM do 13 byś dotrał też byś pojeździł ;p
[23:54:09] <VanDreadPL> GM General Motors?
[23:54:15] <VanDreadPL> czy gordzisk XD
[23:54:39] <Nighti> do drugie
[23:54:43] <Nighti> xDD
