[20:22:41] -FlutterBot- Wyniki dla train ...
[20:22:41] -FlutterBot- !request 1: 0655.mp3
[20:22:41] -FlutterBot- !request 2: 0798.mp3
[20:22:41] -FlutterBot- !request 3: 1079.mp3
[20:22:41] -FlutterBot- !request 4: 1051.mp3
[20:22:41] -FlutterBot- !request 5: 0472.mp3
[20:22:41] -FlutterBot- !request 6: 0773.mp3
[20:22:41] -FlutterBot- !request 7: 0989.mp3
[20:22:42] -FlutterBot- !request 8: 1054.mp3
[20:22:42] -FlutterBot- !request 9: 0796.mp3
[20:22:42] -FlutterBot- !request 10: 0797.mp3
[20:22:43] -FlutterBot- Znaleziono over 10 pasujcych wynik贸w... - Napisz request [nr] lub request NAZWAPLIKU by zam贸wi piosenk.
[20:22:48] -FlutterBot- Dzikujemy za twoje zgoszenie, zostao ono zakolejkowane. Piosenk pucimy po nastpnych 0.
[20:26:45] -FlutterBot- Wyniki dla meteoric ...
[20:26:45] -FlutterBot- !request 1: 0996.mp3
[20:26:45] -FlutterBot- Znaleziono 1 pasujcych wynik贸w... - Napisz request [nr] lub request NAZWAPLIKU by zam贸wi piosenk.
[20:26:51] -FlutterBot- Dzikujemy za twoje zgoszenie, zostao ono zakolejkowane. Piosenk pucimy po nastpnych 0.
[20:32:10] -FlutterBot- Other Komendy:
[20:32:11] -FlutterBot- commands version request find playlist dj listeners peak song djowns uptime
[20:32:11] -FlutterBot- rate rating songstop10 requesterstop10 songby next countdown
[20:33:04] -FlutterBot- Now taking requests/dedications! Double click here to see the playlist-> http://www.demoradio.com/FlutterBotuser%_playlist.html then type !request [paste the ENTIRE playlist line here] then press Enter
[20:33:27] -FlutterBot- Listing top 2 biggest requester(s):
[20:33:27] -FlutterBot- 1. WebUser with 214 requests
[20:33:27] -FlutterBot- 2. McKey with 2 requests
[20:33:27] -FlutterBot- Koniec listy.
