[00:02:28] *** Quits: Nelly|Art (BlackCat@Anonlight.Starsarebeautiful) (Quit: Goodbye)
[00:27:06] *** Joins: Lunia (ellen@ChumPony.Enterprises)
[00:27:11] *** Joins: Disasterchangeling (Disastercha@Pony-ahtkdt.stlsmo.sbcglobal.net)
[00:44:04] *** Joins: Halcyon_Starlight (BlackCat@Anonlight.Starsarebeautiful)
[00:53:45] *** Quits: Toothpaste (uid63062@Pony-f8galh.hqe2.tdoh.8300.2604.IP) (Quit: Connection closed for inactivity)
[01:04:23] *** Joins: LightningCrash (lightning@Pony-lvs.lv2.99.68.IP)
[01:05:53] *** Quits: Disasterchangeling (Disastercha@Pony-ahtkdt.stlsmo.sbcglobal.net) (Quit: Page closed)
[01:11:35] *** Quits: Proton (Dashie@Pony-of3.m8h.197.67.IP) (Connection closed)
[01:21:21] *** Joins: Toothpaste (uid63062@Pony-f8galh.hqe2.tdoh.8300.2604.IP)
[01:25:19] *** Quits: Lunia (ellen@ChumPony.Enterprises) (Quit: Konversation terminated!)
[01:26:38] *** Quits: LightningCrash (lightning@property.of.moonlightning) (Quit: The Nightmares will collide. And become a dream. <3)
[01:31:00] *** Joins: Pony_3 (Pony_3@Pony-ahtkdt.stlsmo.sbcglobal.net)
[01:31:26] *** Quits: Pony_3 (Pony_3@Pony-ahtkdt.stlsmo.sbcglobal.net) (Quit: Page closed)
[01:31:39] *** Joins: Pony_5 (Pony_5@Pony-ahtkdt.stlsmo.sbcglobal.net)
[01:31:45] <Pony_5> I've just got free Amazon Gift Card  The only working Amazon code generator I found http://www.giftcardclub.org/AMAZON/
[01:33:30] <Lapsus> go away with your spam
[01:34:37] <Halcyon_Starlight> omg pony
[01:37:24] *** Quits: Pony_5 (Pony_5@Pony-ahtkdt.stlsmo.sbcglobal.net) (Quit: Page closed)
[01:55:06] *** Quits: Toothpaste (uid63062@Pony-f8galh.hqe2.tdoh.8300.2604.IP) (Quit: Adventure!!)
[02:01:52] *** Joins: Pi (saxopi@Pony-5od.n1s.95.119.IP)
[02:09:25] *** Joins: Proton (Dashie@Pony-of3.m8h.197.67.IP)
[02:10:06] *** Quits: Proton (Dashie@Pony-of3.m8h.197.67.IP) (Quit: -a- IRC for Android 2.1.20)
[02:10:12] *** Joins: Proton (Dashie@Pony-of3.m8h.197.67.IP)
[02:24:22] *** Quits: Proton (Dashie@Pony-of3.m8h.197.67.IP) (Connection closed)
[02:24:35] *** Joins: Proton (Dashie@Pony-of3.m8h.197.67.IP)
[02:29:32] *** Halcyon_Starlight is now known as Pony_3088
[02:29:38] *** Joins: Halcyon_Starlight (BlackCat@Anonlight.Starsarebeautiful)
[02:30:33] *** Quits: Pony_3088 (BlackCat@Anonlight.Starsarebeautiful) (Ping timeout: 121 seconds)
[02:39:41] *** Quits: Proton (Dashie@Pony-of3.m8h.197.67.IP) (Connection closed)
[02:39:51] *** Joins: Proton_ (Dashie@Pony-of3.m8h.197.67.IP)
[02:44:22] *** Halcyon_Starlight is now known as Halcyon_Lagout
[02:48:24] *** Quits: Halcyon_Lagout (BlackCat@Anonlight.Starsarebeautiful) (Ping timeout: 121 seconds)
[02:51:58] *** Joins: Halcyon_Starlight (BlackCat@Anonlight.Starsarebeautiful)
[02:59:06] *** Joins: Proton (Dashie@Pony-of3.m8h.197.67.IP)
[02:59:06] *** Quits: Proton_ (Dashie@Pony-of3.m8h.197.67.IP) (Connection closed)
[03:45:02] *** Quits: Proton (Dashie@Pony-of3.m8h.197.67.IP) (Connection closed)
[03:45:07] *** Joins: Proton (Dashie@Pony-of3.m8h.197.67.IP)
[03:51:19] *** Quits: Halcyon_Starlight (BlackCat@Anonlight.Starsarebeautiful) (Ping timeout: 121 seconds)
[04:11:37] *** Quits: Colgate (rabbit@brushie.horse) (Quit: Luna IRC 1.1.1. Praise the goddess of the night.)
[04:14:31] *** Joins: Colgate (rabbit@brushie.horse)
[04:14:32] *** Luna sets mode: +ao Colgate Colgate
[04:35:12] *** Quits: Proton (Dashie@Pony-of3.m8h.197.67.IP) (Connection closed)
[04:35:26] *** Joins: Proton (Dashie@Pony-of3.m8h.197.67.IP)
[04:36:23] *** Ashley is now known as CocoPommell
[04:42:21] *** Joins: Halcyon_Starlight (BlackCat@Anonlight.Starsarebeautiful)
[04:43:56] *** Joins: LightningCrash (lightning@Pony-lvs.lv2.99.68.IP)
[05:05:24] *** Joins: Rainb (rainb@Pony-cn5.akh.50.181.IP)
[05:17:44] *** Quits: Proton (Dashie@Pony-of3.m8h.197.67.IP) (Ping timeout: 121 seconds)
[05:22:10] *** Joins: Proton (Dashie@Pony-of3.m8h.197.67.IP)
[05:24:58] *** Gigabit is now known as Gigaway
[05:35:08] *** Quits: Phase4 (Phase4@Pony-b57.r3i.209.118.IP) (Ping timeout: 121 seconds)
[05:36:17] *** Quits: Proton (Dashie@Pony-of3.m8h.197.67.IP) (Quit: -a- IRC for Android 2.1.20)
[05:46:34] *** CocoPommell is now known as Ashley|Offline
[06:14:42] *** Quits: Halcyon_Starlight (BlackCat@Anonlight.Starsarebeautiful) (Ping timeout: 121 seconds)
[06:30:55] *** HoofyDerps is now known as Sakura
[07:14:35] *** Q0|Away is now known as Q0
[07:25:46] *** Quits: Pi (saxopi@Pony-5od.n1s.95.119.IP) (Quit: Leaving)
[07:29:34] *** Joins: Halcyon_Starlight (BlackCat@Anonlight.Starsarebeautiful)
[07:30:32] *** Joins: ShinyEevee (ShinyEevee@Pony-8aqdoq.bigpond.net.au)
[07:30:36] *** Parts: ShinyEevee (ShinyEevee@Pony-8aqdoq.bigpond.net.au) ("")
[07:33:24] *** Joins: Pi (Pi@Pony-5od.n1s.95.119.IP)
[07:33:44] *** Quits: gunthler (Gunthler@T.money) (Quit: https://youtu.be/5FjWe31S_0g )
[08:00:18] *** Joins: Lunia (ellen@ChumPony.Enterprises)
[08:00:29] *** Halcyon_Starlight is now known as Nelly
[08:14:02] *** Quits: Nelly (BlackCat@Anonlight.Starsarebeautiful) (The TLS connection was non-properly terminated.)
[08:14:42] *** Joins: Halcyon_Starlight (BlackCat@Anonlight.Starsarebeautiful)
[08:33:33] *** Quits: Rainb (rainb@Pony-cn5.akh.50.181.IP) (Ping timeout: 121 seconds)
[08:34:06] *** Joins: Phase4 (Phase4@Pony-b57.r3i.209.118.IP)
[08:37:58] *** Quits: Lunia (ellen@ChumPony.Enterprises) (Quit: Konversation terminated!)
[08:39:52] *** Halcyon_Starlight is now known as Nelly
[08:45:37] *** Joins: Lunia (ellen@ChumPony.Enterprises)
[09:11:47] *** Gigaway is now known as Gigabit
[09:34:51] *** Q0 is now known as Q0|Away
[10:12:33] *** [A]McKey is now known as McKey
[10:12:37] *** Quits: Lunia (ellen@ChumPony.Enterprises) (Quit: Konversation terminated!)
[10:12:39] *** Joins: ellen (ellen@Pony-hp5.dkv.242.62.IP)
[10:25:34] *** Quits: Red_M (potato@Pony-afr.ndf.29.23.IP) (A TLS packet with unexpected length was received.)
[10:25:50] *** Joins: Red_M (potato@Pony-afr.ndf.29.23.IP)
[10:30:39] *** Quits: LightningCrash (lightning@property.of.moonlightning) (Quit: The Nightmares will collide. And become a dream. <3)
[10:33:33] *** Quits: ellen (ellen@Pony-hp5.dkv.242.62.IP) (Ping timeout: 121 seconds)
[10:40:06] *** McKey is now known as [A]McKey
[10:46:17] *** Quits: Phase4 (Phase4@Pony-b57.r3i.209.118.IP) (Quit: Leaving)
[10:46:36] *** Joins: Phase4 (Phase4@Pony-b57.r3i.209.118.IP)
[10:49:51] *** Quits: Phase4 (Phase4@Pony-b57.r3i.209.118.IP) (Quit: Leaving)
[11:00:10] *** Joins: Tom_ (Tom@Pony-001.pc9.131.150.IP)
[11:00:22] *** Quits: Tom_ (Tom@Pony-001.pc9.131.150.IP) (Quit: Page closed)
[11:01:51] *** Joins: Phase4 (Phase4@Pony-b57.r3i.209.118.IP)
[11:02:46] *** Joins: Pony_4 (~Pony_4@Pony-001.pc9.131.150.IP)
[11:02:53] *** Quits: Pony_4 (~Pony_4@Pony-001.pc9.131.150.IP) (Quit: Page closed)
[11:03:14] *** Joins: Exogenous (Exogenous@Pony-001.pc9.131.150.IP)
[11:11:12] *** Parts: Exogenous (Exogenous@Pony-001.pc9.131.150.IP) ("")
[11:14:42] *** Gigabit is now known as worthless
[11:28:33] *** Joins: Alcoholicorn (Alcoholicor@Pony-bfp.0d7.20.67.IP)
[11:40:41] *** Joins: ellen (ellen@Pony-hp5.dkv.242.62.IP)
[11:40:43] *** ellen is now known as Lunia
[12:22:35] *** Nelly is now known as Nully
[12:56:00] *** Quits: Lunia (ellen@ChumPony.Enterprises) (Ping timeout: 121 seconds)
[13:00:53] *** Quits: Pi (Pi@Pony-5od.n1s.95.119.IP) (Quit: Lend us 10p for a cuppa tea?)
[13:01:45] *** Joins: Lunia (ellen@ChumPony.Enterprises)
[13:06:51] *** Joins: Pi (saxopi@Pony-5od.n1s.95.119.IP)
[13:41:08] *** [A]McKey is now known as McKey
[13:47:26] *** Hoofy is now known as Hoofy_sleeping
[13:49:46] *** Quits: Alcoholicorn (Alcoholicor@Pony-bfp.0d7.20.67.IP) (Ping timeout: 121 seconds)
[14:22:06] *** Joins: Alcoholicorn (Alcoholicor@Pony-bfp.0d7.20.67.IP)
[15:00:59] *** Quits: Lunia (ellen@ChumPony.Enterprises) (Ping timeout: 121 seconds)
[15:05:06] *** Joins: Lunia (ellen@ChumPony.Enterprises)
[15:23:13] *** Joins: Melvius (Melvius@Pony-dbr1u9.rev.sfr.net)
[15:23:43] *** Parts: Melvius (Melvius@Pony-dbr1u9.rev.sfr.net) ("")
[16:14:21] *** Quits: Alcoholicorn (Alcoholicor@Pony-bfp.0d7.20.67.IP) (Connection closed)
[16:14:32] *** Joins: Alcoholicorn (Alcoholicor@Pony-bfp.0d7.20.67.IP)
[16:17:35] *** Quits: texasboykc09 (texasboykc0@the.texas.alicorn) (Ping timeout: 121 seconds)
[16:43:44] *** Quits: Pi (saxopi@Pony-5od.n1s.95.119.IP) (Quit: Leaving)
[16:51:55] *** Quits: Alcoholicorn (Alcoholicor@Pony-bfp.0d7.20.67.IP) (Ping timeout: 121 seconds)
[16:55:21] *** Quits: Lunia (ellen@ChumPony.Enterprises) (Ping timeout: 121 seconds)
[16:57:17] *** Joins: BasisBit (BasisBit@Pony-89ur3d.1vfn.plol.0bf7.2001.IP)
[17:03:02] *** Hoofy_sleeping is now known as Hoofy
[17:04:00] *** Joins: Rainb (rainb@Pony-cn5.akh.50.181.IP)
[17:38:58] *** Joins: Alcoholicorn (Alcoholicor@Pony-bfp.0d7.20.67.IP)
[17:50:14] *** Joins: LightningCrash (lightning@Pony-lvs.lv2.99.68.IP)
[17:51:06] *** Joins: gunthler (Gunthler@T.money)
[18:20:26] *** Joins: Lunia (ellen@ChumPony.Enterprises)
[18:28:16] *** Quits: Lunia (ellen@ChumPony.Enterprises) (Quit: Konversation terminated!)
[18:32:57] *** Joins: texasboykc09 (texasboykc0@the.texas.alicorn)
[18:35:18] *** Nully is now known as Nelly
[18:48:13] *** Ashley|Offline is now known as Ashfire
[18:55:04] *** Joins: BasisBit_ (BasisBit@Pony-vm53gk.1vfn.plol.0bf7.2001.IP)
[18:57:22] *** Quits: BasisBit (BasisBit@Pony-89ur3d.1vfn.plol.0bf7.2001.IP) (Ping timeout: 121 seconds)
[19:11:41] *** Joins: BasisBit (BasisBit@Pony-8cnqto.1vfn.plol.0bf7.2001.IP)
[19:13:12] *** Joins: RoMS_ (RoMS@Pony-8gitg5.rev.sfr.net)
[19:14:31] *** Quits: BasisBit_ (BasisBit@Pony-vm53gk.1vfn.plol.0bf7.2001.IP) (Ping timeout: 121 seconds)
[19:15:00] *** Joins: BasisBit_ (BasisBit@Pony-ttd.6pu.12.91.IP)
[19:16:42] *** Joins: BasisBit__ (BasisBit@Pony-gls5tt.1vfn.plol.0bf7.2001.IP)
[19:17:12] *** Quits: BasisBit__ (BasisBit@Pony-gls5tt.1vfn.plol.0bf7.2001.IP) (Quit: Leaving)
[19:17:25] *** Joins: BasisBit__ (BasisBit@Pony-gls5tt.1vfn.plol.0bf7.2001.IP)
[19:18:09] *** Quits: BasisBit (BasisBit@Pony-8cnqto.1vfn.plol.0bf7.2001.IP) (Ping timeout: 121 seconds)
[19:20:05] *** Quits: BasisBit_ (BasisBit@Pony-ttd.6pu.12.91.IP) (Ping timeout: 121 seconds)
[19:22:11] *** Joins: BasisBit (BasisBit@Pony-ttd.6pu.12.91.IP)
[19:22:57] *** Q0|Away is now known as Q0
[19:23:30] *** Joins: BasisBit_ (BasisBit@Pony-u55nao.1vfn.plol.0bf7.2001.IP)
[19:23:38] *** Quits: BasisBit_ (BasisBit@Pony-u55nao.1vfn.plol.0bf7.2001.IP) (Quit: Leaving)
[19:23:49] *** Joins: BasisBit_ (BasisBit@Pony-u55nao.1vfn.plol.0bf7.2001.IP)
[19:24:21] *** Quits: BasisBit_ (BasisBit@Pony-u55nao.1vfn.plol.0bf7.2001.IP) (Connection closed)
[19:24:33] *** Joins: BasisBit_ (BasisBit@Pony-u55nao.1vfn.plol.0bf7.2001.IP)
[19:24:50] *** Quits: BasisBit__ (BasisBit@Pony-gls5tt.1vfn.plol.0bf7.2001.IP) (Ping timeout: 121 seconds)
[19:26:40] *** Joins: BasisBit__ (BasisBit@Pony-ttd.6pu.12.91.IP)
[19:26:47] *** Quits: BasisBit (BasisBit@Pony-ttd.6pu.12.91.IP) (Ping timeout: 121 seconds)
[19:29:30] *** Quits: BasisBit_ (BasisBit@Pony-u55nao.1vfn.plol.0bf7.2001.IP) (Ping timeout: 121 seconds)
[19:32:23] *** Joins: BasisBit (BasisBit@Pony-vict4u.1vfn.plol.0bf7.2001.IP)
[19:33:13] *** Quits: BasisBit__ (BasisBit@Pony-ttd.6pu.12.91.IP) (Ping timeout: 121 seconds)
[19:35:04] *** Joins: BasisBit_ (BasisBit@Pony-dsl.1se.87.77.IP)
[19:35:34] *** Quits: BasisBit_ (BasisBit@Pony-dsl.1se.87.77.IP) (Quit: Leaving)
[19:35:45] *** Joins: BasisBit_ (BasisBit@Pony-akfkit.1vfn.plol.0bf7.2001.IP)
[19:35:52] <Nelly> .......
[19:35:58] <Nelly> Such delicious spam :O
[19:37:14] *** Quits: BasisBit (BasisBit@Pony-vict4u.1vfn.plol.0bf7.2001.IP) (Ping timeout: 121 seconds)
[19:43:09] *** Joins: burningdragon22 (burningdrag@Pony-2jpau8.res.rr.com)
[19:43:19] *** Parts: burningdragon22 (burningdrag@Pony-2jpau8.res.rr.com) ("")
[19:45:21] *** Quits: LightningCrash (lightning@property.of.moonlightning) (Quit: My Mac has gone to sleep. ZZZzzz…)
[19:47:03] *** Joins: LightningCrash (lightning@Pony-lvs.lv2.99.68.IP)
[19:51:31] *** Quits: BasisBit_ (BasisBit@Pony-akfkit.1vfn.plol.0bf7.2001.IP) (Connection closed)
[19:51:46] *** Joins: BasisBit (BasisBit@Pony-8cnqto.1vfn.plol.0bf7.2001.IP)
[19:52:38] *** McKey is now known as [A]McKey
[19:54:33] *** [A]McKey is now known as McKey
[20:13:50] *** Quits: Alcoholicorn (Alcoholicor@Pony-bfp.0d7.20.67.IP) (Ping timeout: 121 seconds)
[20:21:26] *** Joins: Alcoholicorn (Alcoholicor@Pony-bfp.0d7.20.67.IP)
[20:35:48] *** Quits: LightningCrash (lightning@property.of.moonlightning) (Quit: The Nightmares will collide. And become a dream. <3)
[21:03:02] *** Nelly is now known as Halcyon_Starligjt
[21:03:05] *** Halcyon_Starligjt is now known as Halcyon_Starlight
[21:28:50] *** Quits: RoMS_ (RoMS@Pony-8gitg5.rev.sfr.net) (Quit: Page closed)
[21:30:43] *** Quits: Alcoholicorn (Alcoholicor@Pony-bfp.0d7.20.67.IP) (Ping timeout: 121 seconds)
[21:42:23] *** Joins: Alcoholicorn (Alcoholicor@Pony-bfp.0d7.20.67.IP)
[21:48:55] *** Quits: Alcoholicorn (Alcoholicor@Pony-bfp.0d7.20.67.IP) (Ping timeout: 121 seconds)
[21:58:12] *** Halcyon_Starlight is now known as Nelly|Art
[22:00:51] *** McKey is now known as [A]McKey
[22:09:45] *** Joins: Alcoholicorn (Alcoholicor@Pony-bfp.0d7.20.67.IP)
[22:30:55] *** Joins: Caerdwyn (midnight@always.broken.sometimes.patched.never.fixed)
[22:43:49] *** Joins: Halcyon_Starlight (BlackCat@Anonlight.Starsarebeautiful)
[22:44:18] *** Quits: Nelly|Art (BlackCat@Anonlight.Starsarebeautiful) (Ping timeout: 121 seconds)
[22:45:25] *** Quits: Alcoholicorn (Alcoholicor@Pony-bfp.0d7.20.67.IP) (Connection closed)
[22:47:42] *** Halcyon_Starlight is now known as Nelly|Art
[23:18:28] *** Joins: BasisBit_ (BasisBit@Pony-5ovh7i.1vfn.plol.0bf7.2001.IP)
[23:21:55] *** Quits: BasisBit (BasisBit@Pony-8cnqto.1vfn.plol.0bf7.2001.IP) (Ping timeout: 121 seconds)
[23:25:38] *** Quits: Rainb (rainb@Pony-cn5.akh.50.181.IP) (Ping timeout: 121 seconds)
[23:50:05] *** Joins: Toothpaste (uid63062@Pony-f8galh.hqe2.tdoh.8300.2604.IP)
[23:53:49] *** Q0 is now known as Q0|Away
