[18:51:16] <AnCookie> Co ty majstrujesz? :P
[18:51:26] <McKey> bawie się ctcp xD
[18:51:36] <AnCookie> Właśnie widzę :P
[18:58:29] <AnCookie> Czyli ZNC jest właśnie by zapobiec takim sytuacjom?
[19:03:10] <McKey> ZNC może cie nawet zablokować po 3 próbach xD
[19:05:39] <AnCookie> Ok, pomyślę o tym
[19:05:50] <McKey> jak masz serwer to warto
[20:02:36] <AnCookie> Już włączone na normalnym userze, a teraz próbuję ogarnać ten ZNC
[20:13:41] <AnCookie> Mam tylko jedno pytanie, to obojętnie na którym porcie z podanego zakresu ustawię ZNC>
[20:13:56] <McKey> ja polecam 6667
[20:14:02] <McKey> bo to standardowy IRC
[20:14:34] <McKey> a dodatkowy mam u siebi 6789
[20:14:41] <McKey> jako zapasowy
[20:32:33] <AnCookie> A brać SSL?
[20:33:03] <McKey> to jak kto chce
[20:33:07] <McKey> ja mam SASL
[20:39:17] <AnCookie> Nie jestem jeszcze jakimś geniuszem linuxowym, więc jeszcze mam pytanie :)
[20:39:25] <AnCookie> O co chodzi z tą linijką?
[20:39:29] <AnCookie>  Number of lines to buffer per channel [50]: 
[20:39:41] <McKey> ile lini ma wysyłać 
[20:39:49] <McKey> po połączeniu
[20:39:53] <McKey> ostatnich znaczy
[20:40:07] <AnCookie> To najlepiej ile ustawić?
[20:40:33] <McKey> ja mam domyślne 50
[20:41:12] <AnCookie> A to?
[20:41:16] <AnCookie> Would you like to keep buffers after replay?
[20:41:22] <AnCookie> Zostawić domyślnie na nie?
[20:41:31] <McKey> Czy zachować bufor po połączeniu
[20:42:02] <AnCookie> Co oznacza zdanie po polsku to wiem, tylko nwm co ustawić
[20:42:37] <McKey> ja mam ale często latam między klientami
[20:42:49] <McKey> więc jeśli nie latasz to można
[20:43:01] <AnCookie> Czyli jeśli używam tylko jednego klienta, to zostawić na nie?
[20:43:05] <McKey> tak
[20:43:06] <AnCookie> O
[20:43:08] <AnCookie> Ok*
[20:53:54] <AnCookie> Z/w, jak wrócę to skorzystam jeszcze raz z twojej uprzejmości :)
