[00:04:59] *** Quits: vi[NLR] (vi[NLR]@Pony-rdj90s.vie.surfer.at) (Quit: Leaving.)
[00:10:19] *** Joins: Asoka_White (Asoka@Pony-d51ovf.net-htp.de)
[00:14:01] *** Quits: Asoka (Asoka@Pony-uotded.net-htp.de) (Ping timeout: 121 seconds)
[00:39:28] *** Joins: Datalink (Datalink@Datalink)
[00:51:22] *** Joins: init3_1 (jason@Pony-9n5p9v.dyn.centurytel.net)
[00:52:17] *** McKey is now known as [A]McKey
[00:54:36] *** Quits: LightningCrash (lightning@property.of.moonlightning) (Quit: *poof*)
[00:54:45] *** Quits: init3 (jason@init3.Is.Not.A.Clever.Poni) (Ping timeout: 121 seconds)
[00:59:57] *** Quits: Nick (nobody@Pony-rgmjhl.res.rr.com) (Ping timeout: 121 seconds)
[01:00:27] *** Joins: Nick (nobody@Pony-rgmjhl.res.rr.com)
[01:01:30] *** Joins: Webster (Webster@Pony-mme.2eo.212.73.IP)
[01:07:45] *** Quits: init3_1 (jason@Pony-9n5p9v.dyn.centurytel.net) (Ping timeout: 121 seconds)
[01:17:09] *** Joins: init3_1 (jason@Pony-9n5p9v.dyn.centurytel.net)
[01:41:03] *** Quits: locodash11[server] (locodash11@Taco.eating.Anthro.Batpony) (Quit: )
[01:41:49] *** Quits: LegionRed (LegionRed@The.DragonHorse.DraconisEquus) (Quit: The most Metal thing never.)
[02:23:45] *** Joins: LegionRed (LegionRed@The.DragonHorse.DraconisEquus)
[02:36:05] *** Joins: ChaoticRift (ChaoticRift@Pony-17hf63.7h3b.037j.000a.2601.IP)
[03:12:28] *** Joins: LightningCrash (lightning@property.of.moonlightning)
[03:21:06] *** Quits: JockeTF (jocke@Pony-14s8b6.siw.siwnet.net) (Quit: Leaving.)
[03:36:12] *** Quits: Webster (Webster@Pony-mme.2eo.212.73.IP) (Quit: Leaving)
[03:47:23] *** Joins: MisterSkids (ejd@Pony-fej07d.res.rr.com)
[03:54:42] *** Quits: Alcoholicorn (Alcoholicor@Pony-55oq0s.pool.hargray.net) (Connection closed)
[03:55:30] *** GigaWork is now known as GigaMovie
[04:11:21] *** Quits: Pony_23129 (averagejoey@Pony-m81a8n.lv.cox.net) (Ping timeout: 121 seconds)
[04:22:53] *** init3_1 is now known as init3
[04:23:23] *** init3 is now known as Pony_50800
[04:23:37] *** Quits: Pony_50800 (jason@Pony-9n5p9v.dyn.centurytel.net) (Quit: Konversation terminated!)
[04:23:56] *** Joins: Pony_50800 (jason@Pony-9n5p9v.dyn.centurytel.net)
[04:27:02] *** Joins: Pony_23129 (averagejoey@Pony-m81a8n.lv.cox.net)
[04:34:31] *** Quits: Pony_50800 (jason@Pony-9n5p9v.dyn.centurytel.net) (Quit: Konversation terminated!)
[04:35:29] *** Joins: init3 (jason@init3.Is.Not.A.Clever.Poni)
[04:50:23] *** Neptune is now known as Neptune|sleep
[05:04:42] *** Quits: init3 (jason@init3.Is.Not.A.Clever.Poni) (Quit: Konversation terminated!)
[05:04:54] *** Joins: init3 (jason@Pony-9n5p9v.dyn.centurytel.net)
[05:05:21] *** init3 is now known as Pony_20470
[05:13:33] *** Quits: Pony_20470 (jason@init3.Is.Not.A.Clever.Poni) (Quit: Konversation terminated!)
[05:13:43] *** Joins: Pony_20470 (jason@init3.Is.Not.A.Clever.Poni)
[05:14:06] *** Pony_20470 is now known as init3
[05:47:52] *** Q0|Away is now known as Q0
[06:05:57] *** Quits: cyborg_ar (cyborgar@Pony-53c.eai.25.181.IP) (Ping timeout: 121 seconds)
[06:10:19] <Moonlightning> Is there a thing I can pass an image to and get back another image with the most common colors?
[07:20:30] *** Quits: ChaoticRift (ChaoticRift@Pony-17hf63.7h3b.037j.000a.2601.IP) (Quit: Signal 9 happened)
[07:22:59] *** Joins: ChaoticRift (ChaoticRift@Pony-17hf63.7h3b.037j.000a.2601.IP)
[07:23:00] <Hck> Moonlightning> Example ? I dunno what are you trying to do...
[07:28:09] *** Quits: ChaoticRift (ChaoticRift@Pony-17hf63.7h3b.037j.000a.2601.IP) (Quit: Signal 9 happened)
[07:36:24] *** Quits: Phase4 (Phase4@Pony-9iav48.internode.on.net) (Quit: Leaving)
[07:40:56] *** Joins: Phase4 (Phase4@Pony-9iav48.internode.on.net)
[08:01:29] *** Quits: Nick (nobody@Pony-rgmjhl.res.rr.com) (Ping timeout: 121 seconds)
[08:07:20] *** Quits: LightningCrash (lightning@property.of.moonlightning) (Quit: *poof*)
[08:19:51] *** Quits: MisterSkids (ejd@Pony-fej07d.res.rr.com) (Ping timeout: 121 seconds)
[08:49:18] <Compu> woo
[08:49:22] <Compu> i love my new theme for /r/compu
[08:50:25] * JustAberrant dampens Compu 's socks
[08:50:33] <Compu> nya
[08:52:30] *** Parts: SqueakyNote (Squeaky@Pony-thbjgi.tukw.qwest.net) ("")
[09:12:43] <ShivalPonyWolf> Anyone know using linux how i can search an entire drive block device /dev/sda for a hex value and find what sector matches.﻿
[09:15:51] <Hck> ShivalPonyWolf> Why you're trying to do something like that ?
[09:16:37] <ShivalPonyWolf> Hck: i need to locate a string i know exists and then jump a certain number of sectors forward and back
[09:18:05] <Hck> I can't help, but i'm curious what's the purpose ?
[09:23:18] *** Joins: Nick (nobody@Pony-rgmjhl.res.rr.com)
[09:25:11] *** Quits: locodashie11 (locodash11@Taco.eating.Anthro.Batpony) (Ping timeout: 121 seconds)
[09:28:00] <init3> I'm really interested too. 
[09:35:07] *** Joins: Fallfeathers (Fallfeather@Pony-v0u6nc.internode.on.net)
[09:35:29] *** Q0 is now known as Q0|Away
[09:37:18] *** Joins: Jamaic (Jamaic@Pony-8ut.pa2.49.86.IP)
[09:46:45] *** Quits: Ruthalas (Ruthalas@Pony-bi2qh3.wa.comcast.net) (Ping timeout: 121 seconds)
[09:47:53] *** Joins: Ruthalas_ (Ruthalas@Pony-bi2qh3.wa.comcast.net)
[09:52:34] <ShivalPonyWolf> basicly theres a block on a disk from a certain application that gest hard written to by the program
[09:52:39] <ShivalPonyWolf> im trying to extra the data from this location
[09:52:42] <ShivalPonyWolf> but its location is dynamic
[09:52:48] <ShivalPonyWolf> but thers a value i know is there
[09:52:51] <ShivalPonyWolf> so im search for that
[09:52:55] <ShivalPonyWolf> and then trying to work out the offsets
[09:57:32] <ShivalPonyWolf> think ive got things semi worked ou in python
[10:00:20] <Phase4> ShivalPonyWolf, generic hex editor?
[10:23:29] <ShivalPonyWolf> Phase4: not scriptable
[10:23:39] <ShivalPonyWolf> a generic hex editor for windows is how i proved cocnept
[10:23:44] <ShivalPonyWolf> but now im trying to automate it
[10:23:47] <Hck> try to reverse engineer program, you'll know where data is stored..
[10:24:18] <Phase4> ShivalPonyWolf, photorec
[10:24:18] <ShivalPonyWolf> Hck: that woudl be the case if it was standard
[10:28:05] *** Quits: Jamaic (Jamaic@Pony-8ut.pa2.49.86.IP) (Quit: Leaving)
[10:28:32] <ShivalPonyWolf> Phase4: i really want to do this in a bootable linux build
[10:28:40] <ShivalPonyWolf> becuase i needt oa utomate somethign with it
[10:28:55] <Phase4> photorec is open source
[10:29:14] <ShivalPonyWolf> Phase4: yes but the tool i was using requires a windows runnign system
[10:29:16] <ShivalPonyWolf> id rather avoid that
[10:29:17] <Phase4> i don't think it depends on too much, just not sure how you add signatures to it
[10:29:18] <ShivalPonyWolf> and make it tiny
[10:29:40] <Phase4> not quite sure what you're trying to do
[10:29:49] <ShivalPonyWolf> im not trying to recover a file or anything liek that
[10:29:57] <ShivalPonyWolf> im trying to find a raw string written to an exact point on the drive
[10:30:04] <Phase4> well the moment you meantion scanning an entire drive it kinda sounds like that :P
[10:30:41] <ShivalPonyWolf> i dont know the string
[10:30:44] <ShivalPonyWolf> but i know values around it
[10:31:07] <Phase4> what sort of application writes to random places on the disk
[10:31:32] <ShivalPonyWolf> i dont want to say that ebcause it reaveals too much
[10:32:24] <Phase4> http://www.bom.gov.au/fwo/IDV65621.gif oh dear
[10:32:42] <ShivalPonyWolf> Phase4: lol i just linked that in serveral other channels
[10:32:46] <ShivalPonyWolf> forgot you were lal
[10:32:47] <ShivalPonyWolf> local
[10:52:21] <Phase4> radar tells me it's pouring
[10:52:26] <Phase4> radar lies
[10:53:18] *** Quits: reiuiji (reiuiji@nuclear.raven) (Ping timeout: 121 seconds)
[10:54:02] <ShivalPonyWolf> its pouring here
[10:54:05] <ShivalPonyWolf> and fuckign windy
[10:54:05] *** Joins: Datalink_ (Datalink@Datalink)
[10:54:24] <Phase4> it got a little windy, tiny bit of rain, then nothing
[10:54:29] <Phase4> i feel cheated
[10:54:32] <ShivalPonyWolf> lol
[10:54:44] *** Joins: reiuiji (reiuiji@Pony-6vp0lq.ma.comcast.net)
[10:55:02] <ShivalPonyWolf> the tweets from the electrcity company are amusing
[10:55:06] <ShivalPonyWolf> all the peopel complaining about power faillures
[10:55:14] <Phase4> as of the most recent radar image i am right in the center of the storm front
[10:55:26] <Phase4> ShivalPonyWolf, link?
[10:55:50] <ShivalPonyWolf> Phase4: i dont know your area who who covers you
[10:55:54] <ShivalPonyWolf> im covered by unitedEnergy
[10:55:55] <ShivalPonyWolf> https://twitter.com/UnitedEnergyAU
[10:55:56] <PinkiePieBot> [ United Energy (@UnitedEnergyAU) | Twitter ]
[10:55:58] <ShivalPonyWolf> http://www.unitedenergy.com.au/customers/your-electricity/electricity-outages.aspx
[10:56:00] <PinkiePieBot> [ UE and MG - Customers - Your electricity - Electricity outages ]
[10:57:16] *** Quits: Datalink (Datalink@Datalink) (Ping timeout: 121 seconds)
[11:03:04] <Phase4> https://twitter.com/danwarne/status/570387078917132289
[11:03:05] <PinkiePieBot> [ Dan Warne on Twitter: ""We couldn't read your meter - Energy Australia" http://t.co/MUxlb8z0NU" ]
[11:04:38] <Phase4> ShivalPonyWolf, same company handles my area apparently
[11:06:31] <Phase4> yeah, storm just disappeared
[11:06:38] <Phase4> now there's just light rain
[11:31:47] <init3> Haha one of those scammers that call up random people and show them the windows event log and try to tell them they are infected as hell called Kevin Mitnick. 
[11:33:27] <ShivalPonyWolf>   init3 LOL
[12:04:48] *** Quits: Datalink_ (Datalink@Datalink) (Ping timeout: 121 seconds)
[14:23:17] *** Joins: cyborg_ar (cyborgar@Pony-53c.eai.25.181.IP)
[14:40:24] <johnsey> ShivalPonyWolf: STR="whatever"; strings -a -n ${#STR} -t x /dev/sdX | grep ${STR}
[14:42:44] *** Quits: Fallfeathers (Fallfeather@Pony-v0u6nc.internode.on.net) (Connection closed)
[14:47:53] <Moonlightning> Ooooh
[14:47:58] <Moonlightning> I like that
[14:48:22] <Moonlightning> Is it a printable ASCII string, ShivalPonyWolf?
[14:50:24] <johnsey> ah yes, that only works with printable strings of course. you can always use hexedit of course
[14:51:00] <johnsey>  / for searching
[14:54:44] <Moonlightning> Python should have a mechanism for searching a file for a string.
[16:01:17] *** Quits: cyborg_ar (cyborgar@Pony-53c.eai.25.181.IP) (Ping timeout: 121 seconds)
[16:09:40] *** Quits: LegionRed (LegionRed@The.DragonHorse.DraconisEquus) (Quit: The most Metal thing never.)
[16:20:27] *** Joins: MisterSkids (ejd@Pony-fej07d.res.rr.com)
[16:22:40] *** Neptune|sleep is now known as Neptune
[16:32:37] *** Joins: ChaoticRift (ChaoticRift@Pony-ljltvo.7h3b.037j.000a.2601.IP)
[16:57:35] *** Joins: Jamaic (Jamaic@Pony-8ut.pa2.49.86.IP)
[16:58:01] *** Quits: Jamaic (Jamaic@Pony-8ut.pa2.49.86.IP) (Connection closed)
[16:59:25] *** Joins: Jamaic (Jamaic@Pony-8ut.pa2.49.86.IP)
[17:12:11] *** Joins: cyborg_ar (cyborgar@Pony-53c.eai.25.181.IP)
[17:15:15] *** Joins: Datalink_ (Datalink@Datalink)
[17:46:57] *** Quits: Urioxis (Urioxis@the.onion.princess) (Quit: Curse you snacks! CURSE YOU!!)
[17:56:42] *** Quits: Jouva (jouva@Pony-6a6np1.fios.verizon.net) (Connection closed)
[17:56:50] *** Joins: Jouva (jouva@Pony-6a6np1.fios.verizon.net)
[18:03:19] *** Q0|Away is now known as Q0
[18:56:49] *** Quits: Datalink_ (Datalink@Datalink) (Connection closed)
[19:00:17] *** Joins: Datalink (Datalink@Datalink)
[19:16:32] *** Joins: Pony_95738 (Lapsus@Pony-n6olie.cable.rogers.com)
[19:18:35] *** Joins: locodashie11 (locodash11@Pony-osmcfg.co.comcast.net)
[19:19:48] *** Quits: Lapsus (Lapsus@i-forget.ca) (Ping timeout: 121 seconds)
[19:20:44] *** Joins: Lapsus (Lapsus@Pony-n6olie.cable.rogers.com)
[19:21:00] *** AutoLapsus sets mode: +qo Lapsus Lapsus
[19:21:17] *** Quits: Pony_95738 (Lapsus@Pony-n6olie.cable.rogers.com) (Ping timeout: 121 seconds)
[19:38:48] *** Joins: LightningCrash (lightning@property.of.moonlightning)
[19:39:07] *** Joins: Ashley (Ashfire@Ashfire.bronytv.net)
[19:40:52] *** Quits: Ashfire (Ashfire@Ashfire.bronytv.net) (Ping timeout: 121 seconds)
[19:46:46] *** Quits: Datalink (Datalink@Datalink) (Ping timeout: 121 seconds)
[19:47:50] *** Quits: LightningCrash (lightning@property.of.moonlightning) (Quit: *poof*)
[19:48:45] *** Joins: Datalink (Datalink@Datalink)
[19:51:25] *** Joins: locodash11[server] (locodash11@Taco.eating.Anthro.Batpony)
[20:07:34] *** Quits: cyborg_ar (cyborgar@Pony-53c.eai.25.181.IP) (Client exited)
[20:08:59] *** [A]McKey is now known as McKey
[20:10:52] *** Joins: Alcoholicorn (Alcoholicor@Pony-55oq0s.pool.hargray.net)
[20:21:19] *** Quits: reiuiji (reiuiji@nuclear.raven) (Ping timeout: 121 seconds)
[20:21:41] *** Joins: reiuiji (reiuiji@Pony-6vp0lq.ma.comcast.net)
[20:30:10] *** Joins: LightningCrash (lightning@property.of.moonlightning)
[21:12:22] *** Quits: ThunderBolt (ThunderBolt@Sliverpony) (Ping timeout: 121 seconds)
[21:14:15] *** Quits: Twilightlicious (Twilightlic@Pretty.Princess) (Ping timeout: 121 seconds)
[21:16:51] *** Quits: Kinsley (JKinsley@The.Princess.Is.In) (Quit: The Princess Is Out)
[21:21:21] *** Joins: ThunderBolt (ThunderBolt@Sliverpony)
[21:21:21] *** Joins: Twilightlicious (Twilightlic@Pretty.Princess)
[21:27:30] *** Quits: Twilightlicious (Twilightlic@Pretty.Princess) (Ping timeout: 121 seconds)
[21:29:53] *** Quits: ThunderBolt (ThunderBolt@Sliverpony) (Ping timeout: 121 seconds)
[21:34:49] *** Quits: Jamaic (Jamaic@Pony-8ut.pa2.49.86.IP) (Quit: Leaving)
[21:40:22] *** Joins: ThunderBolt (ThunderBolt@Sliverpony)
[21:40:23] *** Joins: Twilightlicious (Twilightlic@Pretty.Princess)
[21:48:58] *** Joins: Kinsley (JKinsley@The.Princess.Is.In)
[21:48:58] *** AutoLapsus sets mode: +o Kinsley
[22:10:24] <tiwake> how do you set up a network that would block any outside ability to view any internet activity? (mainly the NSA)
[22:21:59] *** Quits: Alcoholicorn (Alcoholicor@Pony-55oq0s.pool.hargray.net) (Ping timeout: 121 seconds)
[22:26:38] <Colgate> tiwake: use encryption on every outgoing connection?
[22:27:07] <Colgate> I mean, your ISP will always be able to see that you are sendxing data out, there is absolutely no way to prevent that
[22:27:18] <tiwake> right
[22:28:00] <Colgate> you can make it so they don't know the final destination of the data, and they won't know what the data is, but they can tell that you are sending something
[22:28:13] <tiwake> Colgate: would setting up an encrypted proxy in some other country like finland?
[22:28:25] <tiwake> erm, would that help
[22:28:38] <Colgate> sure, then they would see that you are sending data of some sort to a server in finland
[22:31:01] <Colgate> realistically, tor is your best bet
[22:31:13] <Colgate> since then your data is mangled in with other's data at the same time
[22:32:11] <tiwake> do you host a tor node?
[22:32:37] <Colgate> not atm, but I used to
[22:37:40] <Colgate> hosted it until the vps host suddenly deleted my instance without warning
[22:38:34] <Colgate> even though I had put in a ticket months ago about it and they said it was ok as long as I didn't allow certain ports(25 and a few others that I don't remember off te top of my head)
[22:39:00] <Colgate> it was an exit node :P
[22:51:30] *** Joins: cyborg_ar (cyborgar@Pony-ln9.1rp.12.186.IP)
[22:59:55] *** Quits: Phase4 (Phase4@Pony-9iav48.internode.on.net) (Quit: Leaving)
[23:01:22] *** Quits: ChaoticRift (ChaoticRift@Pony-ljltvo.7h3b.037j.000a.2601.IP) (Quit: Signal 9 happened)
[23:02:31] *** Joins: Phase4 (Phase4@Pony-9iav48.internode.on.net)
[23:03:58] *** Joins: ChaoticRift (ChaoticRift@Pony-4k5do3.7h3b.037j.000a.2601.IP)
[23:16:32] *** Quits: cyborg_ar (cyborgar@Pony-ln9.1rp.12.186.IP) (Ping timeout: 121 seconds)
[23:25:44] <wolfyshy> tor is not your best bet.
[23:26:51] <wolfyshy> http://arstechnica.com/security/2014/11/law-enforcement-seized-tor-nodes-and-may-have-run-some-of-its-own/
[23:26:52] <PinkiePieBot> [ Law enforcement seized Tor nodes and may have run some of its own | Ars Technica ]
[23:26:57] <wolfyshy> the FBI runs tor exit nodes.
[23:30:17] <ShivalPonyWolf> johnsey: Moonlightning : its not an ascii string. I have done it sort of with python and the IO module.
[23:30:43] *** GigaMovie is now known as GigaWork
[23:34:36] <Colgate> wolfyshy: well, duh?
[23:34:53] <Colgate> of course the NSA is running tor nodes
[23:35:07] <wolfyshy> but you said the 'best bet' for blocking outside ability to view internet activity is tor
[23:35:17] <Colgate> because it is
[23:35:18] <wolfyshy> there are other ways that are less inflitrated by the NSA
[23:35:32] <johnsey> how do you know?
[23:35:45] <Colgate> sure, you can use an i2p>tor bridge
[23:35:53] <Colgate> :P
[23:36:13] <johnsey> the i2p people themselves warn you against fully trusting their network
[23:41:06] *** Quits: locodashie11 (locodash11@Taco.eating.Anthro.Batpony) (Connection closed)
[23:41:11] *** Joins: locodashie11 (locodash11@Pony-osmcfg.co.comcast.net)
[23:43:05] <tiwake> hmm
[23:44:46] <johnsey> ShivalPonyWolf: for self-implementation, I'd suggest boyer-moore and C for optimal results
[23:45:20] <johnsey> if you ever feel like doing a faster implementation
