[00:48:35] *** Joins: Pony_1_ (Pony_1@Pony-s4hucj.adsl.inetia.pl)
[00:52:37] *** Quits: Pony_1_ (Pony_1@Pony-s4hucj.adsl.inetia.pl) (Ping timeout: 121 seconds)
[01:15:18] *** misiek200m is now known as misiek200m_afk
[08:40:00] *** Quits: Colgate (rabbit@brushie.horse) (Ping timeout: 121 seconds)
[08:41:52] *** Joins: Colgate (rabbit@brushie.horse)
[10:06:26] *** Joins: PVL_2773 (PVL_2773@Pony-muaf4a.res.rr.com)
[10:08:29] *** Quits: PVL_2773 (PVL_2773@Pony-muaf4a.res.rr.com) (Quit: Page closed)
[10:36:55] <Hck> .song
[10:36:55] <Derpi> Na antenie: 51Drakon - Descent - Aby posłuchać radia, wejdź na http://radioyay.net/player
[11:05:39] *** Joins: Andragor (Andrabot@Pony-jtubg9.adsl.inetia.pl)
[14:40:31] *** Joins: rogal (rogal@Pony-7t6.rt5.17.156.IP)
[14:40:34] <rogal> witam
[14:40:50] <rogal> derpi!
[14:40:50] <Derpi> rogal!
[14:48:13] <rogal> jest ktoã?
[14:49:16] *** Quits: rogal (rogal@Pony-7t6.rt5.17.156.IP) (Connection closed)
[14:50:25] *** Joins: rogal (rogal@Pony-7t6.rt5.17.156.IP)
[14:50:57] *** Quits: rogal (rogal@Pony-7t6.rt5.17.156.IP) (Connection closed)
[14:51:36] *** Joins: rogal (rogal@Pony-7t6.rt5.17.156.IP)
[14:52:00] *** Quits: rogal (rogal@Pony-7t6.rt5.17.156.IP) (Connection closed)
[14:52:47] *** Joins: rogal (rogal@Pony-7t6.rt5.17.156.IP)
[14:53:18] *** Quits: rogal (rogal@Pony-7t6.rt5.17.156.IP) (Connection closed)
[14:53:58] *** Joins: rogal (rogal@Pony-7t6.rt5.17.156.IP)
[15:00:11] <rogal> dobra ide 
[15:00:14] *** Quits: rogal (rogal@Pony-7t6.rt5.17.156.IP) (Quit: WeeChat 0.4.2)
[16:19:00] <BlackBird> wtf
[16:34:00] <Eivel> dobry
[17:12:12] *** Joins: ElectricPsoras (Thunderbird@Pony-7o2udj.adsl.tpnet.pl)
[18:45:25] *** Joins: Electric_Psoras (Thunderbird@Pony-lts9fe.adsl.tpnet.pl)
[18:46:58] *** Quits: ElectricPsoras (Thunderbird@Pony-7o2udj.adsl.tpnet.pl) (Ping timeout: 121 seconds)
[18:47:59] *** Joins: Proenix (Proenix@proenix.pl)
[18:55:25] *** misiek200m_afk is now known as misiek200m
[19:06:24] *** Quits: Electric_Psoras (Thunderbird@Pony-lts9fe.adsl.tpnet.pl) (Quit: Bye horsies!)
[19:40:26] *** Joins: Delta3120 (Delta3120@Pony-7unsia.static.kolnet.eu)
[19:44:28] *** Quits: Delta3120 (Delta3120@Pony-7unsia.static.kolnet.eu) (Ping timeout: 121 seconds)
[20:57:25] *** Joins: ElectricPsoras (Thunderbird@Pony-lts9fe.adsl.tpnet.pl)
[21:27:37] *** Joins: Crimson_Inkwell (Crimson_Ink@Pony-5ie.po8.253.162.IP)
[21:27:50] <Crimson_Inkwell> Hello radio yay!
[21:29:30] *** Quits: Crimson_Inkwell (Crimson_Ink@Pony-5ie.po8.253.162.IP) (Quit: Page closed)
[21:51:02] * misiek200m hugs Derpi
[21:51:13] <misiek200m> ;-;
[21:51:49] <Andragor> Derpi ma focha :D
[21:51:51] <Andragor> Derpi
[21:51:53] <Lunia> :<
[21:53:08] <misiek200m> Derpi?
[21:53:14] <misiek200m> T_T
[21:53:26] <Lunia> CMC zrzuciło jej na głowę kowadło
[21:59:30] *** Joins: Pony_9 (Pony_9@Pony-4air67.adsl.inetia.pl)
[21:59:52] *** Quits: Pony_9 (Pony_9@Pony-4air67.adsl.inetia.pl) (Quit: Page closed)
[22:18:27] *** Quits: Andragor (Andrabot@Pony-jtubg9.adsl.inetia.pl) (Ping timeout: 121 seconds)
[22:25:08] *** Joins: Pony_2 (Pony_2@Pony-ns0f6o.stg.pl)
[22:25:16] *** Quits: Pony_2 (Pony_2@Pony-ns0f6o.stg.pl) (Quit: Page closed)
[22:28:44] <BlackBird> Darpi!
[22:28:47] <BlackBird> Derpi!
[22:28:47] <Derpi> BlackBird!
[22:28:50] <BlackBird> ożyj
[22:28:54] * BlackBird przytula Derpi
[22:45:24] <Eivel> .on
[22:45:25] <Derpi> Wróciłam!
[22:47:23] *** Quits: Proenix (Proenix@proenix.pl) (Quit: Leaving)
[23:11:58] *** Joins: Andragor (Andrabot@Pony-jtubg9.adsl.inetia.pl)
[23:44:14] *** Quits: ElectricPsoras (Thunderbird@Pony-lts9fe.adsl.tpnet.pl) (Quit: Bye horsies!)
