[00:21:55] <Nighti> Ja uciekam
[00:22:17] <Nighti> Branoc
[00:22:23] *** Quits: Nighti (531831a3@gateway/web/freenode/ip.83.24.49.163) (Quit: Do jutra)
[04:13:45] <Misiek> Baj
[04:13:47] *** Quits: Misiek (~Misiek@user-94-254-132-23.play-internet.pl) (Quit: Misiek.exe has stopped working.)
[09:37:54] *** Joins: Beatzebub (~beatzebub@d75-155-236-222.bchsia.telus.net)
[10:17:26] *** [A]McKey is now known as McKey
[13:50:57] *** Joins: Soxis (~chatzilla@86-63-85-25.sta.asta-net.com.pl)
[13:51:00] <Soxis> elo
[13:51:46] *** Joins: Misiek (~Misiek@alp231.neoplus.adsl.tpnet.pl)
[13:52:21] <Soxis> mamy liter贸wk w popupie
[13:52:40] *** Joins: Dalir (~Pony@88-199-132-54.tktelekom.pl)
[13:52:50] *** McKey is now known as [A]McKey
[16:02:07] *** Quits: Soxis (~chatzilla@86-63-85-25.sta.asta-net.com.pl) (Read error: Connection reset by peer)
[16:02:19] *** Joins: Soxis (~chatzilla@86-63-85-25.sta.asta-net.com.pl)
[16:32:17] *** Joins: izeer (1f305034@gateway/web/freenode/ip.31.48.80.52)
[16:32:31] <izeer> hej
[16:33:03] <Soxis> https://fbcdn-sphotos-h-a.akamaihd.net/hphotos-ak-xpf1/v/t34.0-12/11225596_406871582818756_787414503_n.jpg?oh=9116b960a02828972b7c8fd1121e95bd&oe=554996DC&__gda__=1430905217_ca0f60034b534473538cfa48fabf0f21
[16:36:55] <izeer> moje pierwsze sowa gdy sie dzisiaj obudziem
[16:36:58] <izeer> 'o kurwa ju偶 15'
[16:37:01] <izeer> tyle przegra
[16:37:24] <Night_Spark> izeer: wsp贸czuj
[16:37:42] <izeer> w tym tygodniu nie mam wicej wolnego
[16:37:50] <izeer> tylko dzisiaj
[16:49:25] *** Quits: Beatzebub (~beatzebub@d75-155-236-222.bchsia.telus.net) (Quit: Beatzebub)
[17:00:44] *** Quits: Dalir (~Pony@88-199-132-54.tktelekom.pl) (Quit: Nettalk6 - www.ntalk.de)
[17:15:44] <izeer> https://www.youtube.com/watch?v=A648Tn0pvSk zajebista ta nutka
[17:28:47] *** Joins: psoras (~Thunderbi@efz66.neoplus.adsl.tpnet.pl)
[17:28:55] <psoras> hej
[17:30:02] <psoras> s zdjcia ze nie偶ki
[17:30:04] <psoras> http://puu.sh/hAT7f/bd6708a343.png
[17:36:08] *** Joins: Dalir (~DalFon@88-199-132-54.tktelekom.pl)
[17:36:13] <Night_Spark> Hej Psoras
[17:37:09] <Night_Spark> *paczy foto* hahahaha
[17:39:24] <izeer> psoras:  na tym wrocawskim festiwalu piwa, to tomka kopyry nie widzieliscie?
[17:39:32] <izeer> bo tam by tak patrze
[17:40:06] <psoras> nie widziaem, Van te偶 raczej ni
[17:40:26] <izeer> psoras:  https://www.youtube.com/watch?v=XCZXicWkb6U
[17:41:39] <Misiek> http://x3.cdn03.imgwykop.pl/c3201142/comment_NeRUD53NCo8VVZvOCu6sRJRkKPepS8SA.jpg
[17:41:51] <Misiek> GRANDE KNURW !!!!11
[17:47:36] <psoras> KNURW STRONK
[17:48:11] <psoras> a Kopyra na festiwalu fajny
[17:48:31] <VoThall> dobry
[17:48:43] <psoras> cz
[17:50:20] <psoras> piwo Big Cyc, yay
[17:52:12] <psoras> https://www.youtube.com/watch?v=4cq-AIXJtq8 ^^
[17:54:29] <psoras> http://tinyurl.com/obmhavr czyli ja i fandom z Wabrzycha pod nie偶k
[17:55:50] <psoras> http://tinyurl.com/o9pfzjw #patologia
[17:57:25] <Night_Spark> :D
[17:58:59] <psoras> http://tinyurl.com/q6wg5z7 a tu przykad tego, jak kobiety reaguj na broniak贸w :P
[17:59:31] <misiek200m> Ahoj wam! :D
[17:59:32] <Soxis> psoras: wygldasz jak przewodnik tej grupy xD
[17:59:35] <Soxis> siema misiek200m
[18:00:56] <VoThall> Misiek doto?
[18:01:44] <psoras> http://tinyurl.com/p6qabma schronisko na nie偶ce
[18:02:18] <psoras> http://tinyurl.com/ldoqr2t Silver Shield w caej swojej dashfagowej okazaoci
[18:02:55] <izeer> ja jebe xD
[18:05:20] <psoras> http://tinyurl.com/lzb7j7r " - Piiinkieee, ale mnie nooogi boool... - A co to znaczy, 偶e nogi kogo bol? Daj spok贸j, Vinyl, to niemo偶liwe, 偶eby nogi kogo bolay! Zbieraj si, musimy wej na t g贸r!"
[18:06:02] <VoThall> kurde wszedlbym na sniezke ;-;
[18:06:06] <VoThall> fajnie tam nawet bylo
[18:06:54] <psoras> izeer: sdzc po pogodzie, Kopyra by pierwszego (wtedy, jak waziem na nie偶k) - my z Vanem bylimy drugiego, wic nic dziwnego, 偶e si rozminlimy
[18:07:36] <VoThall> https://www.youtube.com/watch?v=bYRYHLUNEs4
[18:07:38] <VoThall> XD
[18:08:53] <izeer> psoras:  szkoda
[18:08:59] <izeer> ale bym sie przejecha na taki festiwal
[18:10:34] <psoras> izeer: jak bdzie nastpny, zapraszamy
[18:10:38] <psoras> bdzie co wypi
[18:10:55] <psoras> a mo偶e kiedy si do ciebie wpadnie i spr贸buje angielskiego piwa
[18:11:13] <psoras> oni takie mocno gorzkie lubi, takie jest dobre na upay
[18:12:16] <izeer> czy ja wiem czy one takie gorzkie
[18:12:33] <izeer> ale generalnie same Ale
[18:13:03] <psoras> mo偶e si zasugerowaem swoim dowiadczeniem
[18:13:42] <psoras> kt贸re byo takie, 偶e pojechaem do Milton Keynes obkupi si przed wylotem i zapaem kilka przypadkowych, nieznanych mi marek z p贸ki
[18:13:51] <psoras> i si wanie gorzkie okazay
[18:34:03] <psoras> http://tinyurl.com/megbhp5 :x
[18:40:11] <psoras> https://i.imgur.com/svDQJx2.jpg :D
[18:48:25] <izeer> psoras:  xDD
[18:48:31] <izeer> dobra, po jakie piwo trzeba sc
[18:48:32] <izeer> isc
[18:49:33] *** Joins: Nighti (5306a61c@gateway/web/freenode/ip.83.6.166.28)
[18:49:40] <Nighti> Siemanko
[18:52:00] <psoras> hej
[18:54:32] <psoras> VoThall: "Za Imperatora g贸ral m贸g sobie robi oscypki jakie chcia, a dzisiaj stoi nad nim urzdnik Republiki" - najlepszy komentarz pod tym filmikiem, co dae ^^
[18:55:12] <psoras> a tak w og贸le to https://www.youtube.com/watch?v=WK-8LbVJXAY
[18:56:51] <psoras> https://sc-cdn.scaleengine.net/i/bce2a811d0ae315809159f51f8efd275.png "Being quiet has it's advantage" :>
[18:57:34] <psoras> a.k.a. Vietnamshy
[18:58:38] *** Joins: VanDreadPL (~Thunderbi@89-73-60-176.dynamic.chello.pl)
[18:58:46] <psoras> hej VanDreadPL
[18:58:51] <VanDreadPL> siema
[19:03:57] <Nighti> Siema VanDreadPL
[19:05:14] <VanDreadPL> VoThall:  project cars
[19:05:23] <VanDreadPL> ale to bdzie kopalnia mikropatnoci
[19:06:42] <VanDreadPL> tam jest straszna bieda je偶eli chodzi o pojazdy
[19:07:18] <misiek200m> Ahoj Nighti VanDreadPL
[19:07:31] <VanDreadPL> siema misiek200m
[19:08:45] <VanDreadPL> psoras:  misiek200m  https://www.youtube.com/watch?v=ptxdBK6s0PY
[19:09:44] <misiek200m> A widziaem, 偶e wrzucili xD
[19:10:24] <psoras> :D
[19:11:51] <Soxis> POWIEDZIAEM CELNIKOWI, 呕E MOJE MAJTKI TO BOMBA XD
[19:12:43] <misiek200m> Tu s same zupy! xD
[19:19:11] <misiek200m> Dobry odcinek :D
[19:20:08] <izeer> VanDreadPL:  jakie bro?
[19:24:30] <Soxis> o kurwen izeer VanDreadPL
[19:24:33] <Soxis> psoras:
[19:24:36] <VoThall> VanDreadPL mozliwe xD
[19:25:24] <Soxis> izeer: VanDreadPL psoras zobaczcie co nam ssiad przyni贸s :D http://puu.sh/hBi1J/7441761b37.jpg
[19:25:56] <psoras> wyglda smacznie
[19:26:16] <Soxis> od lewej najmocniejsze
[19:28:42] *** Quits: VanDreadPL (~Thunderbi@89-73-60-176.dynamic.chello.pl) (Quit: Najwa偶niejsze w 偶yciu to mie si z kim napi :))
[19:29:07] *** Joins: VanDreadPL (~Thunderbi@89-73-60-176.dynamic.chello.pl)
[19:29:28] <Soxis> psoras: to Makowe miodowe (3 od lewej) cakiem dobre
[19:35:37] <Soxis> Ko藕lak te偶 fajny
[19:35:53] <VanDreadPL> izeer:  ja to sobie piwo odpuszcz
[19:36:45] <VanDreadPL> cay internet a  w sumie fb pierdoli 偶e policja jest za
[19:36:50] <VanDreadPL> i 偶e ludzi morduje XD
[19:36:59] <Soxis> hahah xD
[19:37:00] <izeer> VanDreadPL:  zawiodem si
[19:37:20] <VanDreadPL> Postrzelili jakiego kibola kt贸ry rzuci si w policje i teraz zdziwiony
[19:37:22] <VanDreadPL> znaczy nie on
[19:37:29] <VanDreadPL> on to ju偶 kwiatki bdzie wcha
[19:37:36] <VanDreadPL> chuj z nim kibolem pierdolonym
[19:37:43] <VanDreadPL> zostawi dzieci
[19:38:07] <VanDreadPL> no jak si ma kurwa dzieci to trzeba myle o nich a nie i si napierdala z policj bo kurwa mecz jest
[19:38:20] <izeer> a potem matka bedzie opowiadaa dzieciom, jak to ojciec zgin na 4 ligowym g贸wnomeczu
[19:38:30] <izeer> bo zapomnia wzi m贸zgu z domu
[19:38:31] <izeer> troche beka
[19:38:54] *** izeer is now known as izeer_BeerPony
[19:39:00] <psoras> http://en.wikipedia.org/wiki/Suicide_by_cop to si chyba kwalifikuje jako co takiego
[19:39:38] <psoras> samob贸jstwo poprzez prowokacj policjanta
[19:39:41] <Soxis> chyba ta
[19:40:41] <izeer_BeerPony> psoras:  pr贸bowae London Pride?
[19:40:46] <psoras> niet
[19:41:06] <izeer_BeerPony> taki prawie koncerniak, ale polskie koncerniaki nie dorastaj mu
[19:41:26] <izeer_BeerPony> maj angole lepszy gust, 偶e same Ale zamiast lager贸w pij
[19:41:51] <izeer_BeerPony> jedyne lagery to te importowane z francji, hiszpanii i woch
[19:43:25] <psoras> jak bd m贸g, to dorw
[19:43:44] <psoras> http://puu.sh/hBj9K/7e6b520093.jpg lol :D
[19:44:45] <izeer_BeerPony> Jezus chrystus, bombardowa za nasze grzechy
[19:50:40] <misiek200m> wat xD
[20:07:24] <VanDreadPL> w rod mam USG
[20:07:41] <VanDreadPL> zn贸w pewnie wylduje na stole
[20:07:49] <VanDreadPL> bdzie TRAMAL :D
[20:08:10] <Soxis> VanDreadPL: czemu mi filmiki na snapie nie dziaaj xD
[20:08:16] <Soxis> mam czarny ekran i si nie wcza
[20:08:17] <VanDreadPL> nie wiem
[20:08:24] <VanDreadPL> masz za stary telefon
[20:08:30] <VanDreadPL> mo偶e masz zego androjda
[20:09:48] <izeer_BeerPony> Soxis:  mo偶e usu konto
[20:10:53] <Misiek> https://www.youtube.com/watch?v=ANylW8tH_TA
[20:10:58] <Misiek> ide do roboty
[20:10:59] <Misiek> elo
[20:11:01] *** Quits: Misiek (~Misiek@alp231.neoplus.adsl.tpnet.pl) (Quit: Leaving)
[20:15:24] <psoras> "呕ycie czasami przypomina matriksa. Takiego, w kt贸rym zamiast zer i jedynek spotykamy si z informacj zapisan za pomoc cyrlicy. Po niemiecku" - Irwin
[20:15:34] <psoras> ninejszym wczam do skarbnicy cytat贸w
[20:29:10] <izeer_BeerPony> VanDreadPL:  https://www.youtube.com/watch?v=QE_sDsEqlJU techno
[20:29:48] <VanDreadPL> dziki
[20:30:32] <Nighti> cakiem fajne
[20:31:30] <izeer_BeerPony> jak muza od H8_Seed to brzmi
[20:31:58] <Nighti> nom
[20:33:37] <VanDreadPL> id z labem
[20:33:54] <izeer_BeerPony> https://www.youtube.com/watch?v=HoOanRcQG_w nawet electro swing robio
[20:33:56] <izeer_BeerPony> lubie ot
[20:33:57] <izeer_BeerPony> to*
[20:34:52] <Nighti> Velvet
[20:35:37] <izeer_BeerPony> o chuj butle z piwem przewr贸ciem
[20:35:42] <izeer_BeerPony> cae szczscie 偶e konc贸wka bya
[20:36:16] <Nighti> To masz farta xD
[20:36:45] <izeer_BeerPony> a no, szkoda byoby by piwa
[20:36:59] <izeer_BeerPony> to ide po nastepne
[20:41:29] <Nighti> tylko nie upu ;p
[20:42:44] <izeer_BeerPony> doniesem
[20:43:40] <izeer_BeerPony> https://youtu.be/ggqI-HH8yXc tu jeszcze inne techno
[20:58:10] <izeer_BeerPony> https://www.youtube.com/watch?v=VuSei2pDDlY jebem z tego dropu xD
[21:01:10] *** Joins: Misiek (~Misiek@user-94-254-129-74.play-internet.pl)
[21:01:43] <Misiek> Hi
[21:02:26] <psoras> izeer, to Glimmer nieze
[21:05:22] <VanDreadPL> Wr贸ciem
[21:05:37] <VanDreadPL> Kurde kolano mnie drczy
[21:07:27] <VanDreadPL> Chyba trzeba by co zje
[21:07:35] <VanDreadPL> herbat jak zrobi
[21:07:55] <VanDreadPL> potem jakie mycie i spanie
[21:08:18] <VanDreadPL> psoras:  pamitasz jak m贸wiem 偶e nie przewiduje deszczu?
[21:08:19] <VanDreadPL> XD
[21:08:27] <psoras> dra przylaz?
[21:08:31] <VanDreadPL> Patrze rano przez okno pada
[21:08:37] <psoras> Dash, masz wpierdziel
[21:08:37] <VanDreadPL> ja pierdol myl
[21:08:57] <VanDreadPL> wychodz sysz na klatce jak krople napierdalaj w wietlik
[21:09:08] <VanDreadPL> wychodz z klatki przestao pada XD
[21:09:15] <psoras> szczciarz ^^
[21:09:17] <psoras> VanDreadPL: w pitek do kt贸rej pracujesz?
[21:09:24] <VanDreadPL> pewno do 16
[21:09:32] <psoras> okej, to si dogadamy
[21:09:32] <VanDreadPL> no chyba 偶e co si spierdoli
[21:09:50] <izeer_BeerPony> psoras:  snapa masz?
[21:09:55] <psoras> nie mam
[21:09:59] <izeer_BeerPony> to miej
[21:10:12] <psoras> VanDreadPL: tak si skada 偶e o 16 bd w kinie w Warszawie, na Czasie Ultrona
[21:10:16] <psoras> w IMAX-ie
[21:10:36] <VanDreadPL> no to mog wyj wczeniej i si z tob zap gdzie
[21:10:41] <VanDreadPL> o kt贸rej bedziesz ju偶 w wawie
[21:10:56] <psoras> o 10 rano
[21:11:27] <psoras> w sumie pitek mam wolny, ale postanowiem skorzysta z promocji LOT-u
[21:12:15] <psoras> myl 偶e si zdzwonimy, pracujesz tam gdzie wtedy przy Grzybowskiej?
[21:12:25] <psoras> czy przy ONZ?
[21:20:12] <VoThall> ja moze bede przyjezdzal do Wawy od mniejwiecej pazdziernika xDD
[21:20:17] <VoThall> ale sie boje ze mnie ktos namierzy xDDD
[21:21:22] <izeer_BeerPony> VoThall:  boisz sie ze ci van nerke zapierdzieli?
[21:21:32] <VoThall> yup
[21:21:41] <izeer_BeerPony> tez sie baem, ale podobno od pijcych nie bierze
[21:21:54] <VoThall> nie pijam
[21:21:56] <VoThall> ;-;
[21:22:10] * psoras odkurza wykrywacz VoThall贸w ze wzmocnionym gimboalarmem i dodatkow funkcj karmienia trolla
[21:22:13] <izeer_BeerPony> to zacznij
[21:23:18] <VoThall> psoras wut?
[21:23:28] <VoThall> gdzie ja tu trolluje
[21:23:32] <VanDreadPL> psoras:  rondo onz
[21:23:41] <VanDreadPL> ale mog podej
[21:23:47] <psoras> VoThall: zdarzao ci si w przeszoci :>
[21:24:05] <VoThall> ale co to ma do rzeczy O.o
[21:24:13] <psoras> VanDreadPL: to ju偶 si um贸wimy, przez ten czas bd mia do du偶 swobod
[21:24:17] <VoThall> poza tym trolluje tylko b贸ldupiacych xD
[21:24:21] <VanDreadPL> spokko
[21:24:56] <psoras> VoThall: zasadniczo tyle, 偶e wykrywacz opr贸cz odnalezienia ciebie powie, czy warto podchodzi, a jeli tak, to jak zareagowa :>
[21:25:18] <VoThall> nie podchodz wtf xD
[21:25:24] <VoThall> co tu sie wlasnie odjebalo
[21:25:25] <psoras> chyba domontuj mu wykrywacz b贸lu dupy os贸b trzecich i zasobnik z popcornem
[21:25:45] <VoThall> nie ma nikogo do trollowania
[21:25:47] <VoThall> i dawno nie bylo
[21:25:57] <izeer_BeerPony> psoras:  jeli nie jeste dziewczynk do lat 15, to vocio nie zaatakuje
[21:26:05] <psoras> Warszawa jest pena ludzi jak stworzonych do trollowania
[21:26:28] <VoThall> za malo tu bronies zeby trollowac xD
[21:26:41] <psoras> Irwin zwyk mawia, 偶e przez kilka godzin w Warszawie spotka wicej dziwak贸w, ni偶 przez cae wczeniejsze 偶ycie w Gdasku ^^
[21:27:04] <VoThall> w Gdasku dziwawkow zbytnio nie ma
[21:27:12] <VoThall> tylko wieczorem duzo zjebow najebanych w tramwajach xD
[21:27:38] *** Joins: MisiekShy (~Misiek@user-94-254-133-31.play-internet.pl)
[21:27:45] <VoThall> ide cos zjesc
[21:27:47] <VoThall> bo tak
[21:30:36] *** Quits: Misiek (~Misiek@user-94-254-129-74.play-internet.pl) (Ping timeout: 272 seconds)
[21:38:06] <MisiekShy> Witame na nocnej
[21:39:29] <izeer_BeerPony> witame witame
[21:39:33] <psoras> hej
[21:41:32] <psoras> chyba mam pomys na inny fanfikowy wiat, w kt贸rym ludzie i kuce sobie spokojnie koegzystuj
[21:42:28] <psoras> i gdzie przedstawianie kuc贸w takimi, jakie s w kresk贸wce, uchodzi za krzywdzcy stereotyp :P
[21:42:55] <VoThall> MisiekShy jeszcze z dwie godzinki do nocnej xDD
[21:43:49] <MisiekShy> Widz ze nowokolega nie w temacid
[21:44:24] <psoras> (偶e niby maj kretyskie imiona zo偶one z losowych epitet贸w, w og贸le nie maj gustu jeli chodzi o architektur, s cholernymi ksenofobami, kt贸re zamykaj drzwi przed wszystkim, co wyglda nieco inaczej, a do tego maj obsesyjn wrcz potrzeb kontrolowania wszystkiego, cznie z pogod :P)
[21:46:04] <MisiekShy> Czysta rasowo equestria
[21:48:49] <Night_Spark> http://fc09.deviantart.net/fs71/f/2014/346/7/5/756ce50765c4f9386f42fa5391a9190d-d89jza0.png
[21:48:52] <VanDreadPL> Id藕 szerzy przyja藕 i pedalstwo
[21:48:52] <VanDreadPL> Pierdol si konusie XD
[21:48:59] <VanDreadPL> psoras:  takie dialogi przewidujesz?
[21:49:17] <psoras> mo偶e by :D
[21:50:51] *** [A]McKey is now known as McKey
[21:54:41] <MisiekShy> Jakie wiedzmak ma wymagania do ramu?
[22:00:05] <izeer_BeerPony> 4gb minimalne bodaj偶e
[22:00:09] <izeer_BeerPony> 8g zalecane
[22:07:39] <VoThall> nie wiem czemu ludzie boldupia jak gra wymaga wiecej ramu niz jest standard
[22:07:42] <VoThall> np jakby wymagala 12gb
[22:07:46] <VoThall> przeciez ram jest najtanszy kurfa XD
[22:10:20] <VanDreadPL> VoThall:  dobry ram nie jest tani
[22:10:29] <VanDreadPL> sprawdz sobie kostki 8g w jednej
[22:10:33] <VanDreadPL> gb*
[22:10:41] <VoThall> ale kto komu mowi zeby kupic 8gb jedna
[22:10:45] <VoThall> 4gb x3
[22:11:02] <VoThall> 4gb dokupic kosc (wiekszosc ma 2x4gb)
[22:11:05] <VoThall> to jest koszt max 200zl
[22:11:09] <VoThall> o to mi chodzi P
[22:11:11] <VoThall> :P
[22:11:16] <VoThall> ramu nie kupuje sie zazwyczaj calego
[22:11:54] <izeer_BeerPony> VoThall:  32 gb ramu 3000mhz z 2500-3000 cbln
[22:12:02] <VoThall> kurwa
[22:12:06] <VoThall> kto mowi o 32gb XD
[22:12:09] <izeer_BeerPony> ja
[22:12:11] <izeer_BeerPony> xD
[22:12:13] <VoThall> co wy porownojecie xDDD
[22:12:17] <izeer_BeerPony> poni偶ej dla biedak贸w
[22:12:21] <VoThall> ;-;
[22:12:52] <izeer_BeerPony> z reszt, na twojej bieda pycie g贸wnej nawet 3000 by nie poszo xD
[22:12:56] <izeer_BeerPony> nie m贸wic ze to dd4
[22:13:21] <VanDreadPL> izeer_BeerPony:  ty si ciesz 偶e nie musisz kredyt贸w spaca prdu opaca itp :)
[22:13:30] <VanDreadPL> bo ciekawe ile by wtedy na takiego kompa odkada XD
[22:14:03] <izeer_BeerPony> VanDreadPL:  jak to prdu spaca
[22:14:07] <izeer_BeerPony> to偶 mam wszystko wliczone
[22:14:36] <VanDreadPL> nie wiem jak jest w UK
[22:14:42] <izeer_BeerPony> a pace miesiecznie za 5m^2 pok贸j
[22:14:43] <izeer_BeerPony> uwaga
[22:14:43] <VanDreadPL> w  polsce dostajesz prognoz
[22:14:48] <izeer_BeerPony> 2000 z
[22:15:18] <izeer_BeerPony> i jako odkadam poowe wypaty
[22:15:28] <izeer_BeerPony> na najni偶szej krajowej
[22:15:31] <izeer_BeerPony> mo偶na?
[22:15:48] <VanDreadPL> izeer_BeerPony:  to ile kosztowao by tam tak jak ja mam 38m2]
[22:16:00] <izeer_BeerPony> co najmniej 2x tyle
[22:16:08] <izeer_BeerPony> w sumie to 3x
[22:16:19] <VanDreadPL> 6koa?
[22:16:21] <izeer_BeerPony> z 1500 funt贸w miesiecznie
[22:16:47] <izeer_BeerPony> siostra ze szwagrem wynajmuj gdzies za tyle
[22:16:49] <VanDreadPL> u nich to niby 1500
[22:16:54] <izeer_BeerPony> powierzchnia jak u ciebie mniej wiecej
[22:17:13] <VanDreadPL> czyli por贸wnywalnie
[22:17:21] <psoras> izeer_BeerPony: za brytyjsk wypat to nawet brak torrent贸w da si przebole
[22:17:31] <psoras> [na proxy si nie znam]
[22:17:40] <izeer_BeerPony> psoras:  jak sie nie umie into proxy, to moze i tak xD
[22:17:53] <psoras> bo w sumie na choler, jak starczy kasy, 偶eby sobie na legalu kupi
[22:18:01] <izeer_BeerPony> psoras:  po za tym, jak sie ma hajsy, to po co komu torrenty?
[22:18:12] <izeer_BeerPony> psoras:  czytasz mi w mylach xD
[22:18:13] <psoras> wanie to napisaem ^^
[22:18:37] <izeer_BeerPony> ja teraz wiekszo rzeczy kupuje zamiast piraci, bo to grosze s
[22:18:53] <psoras> a co do tej synnej cenzury na pornole, to syszaem, 偶e wystarczy zadzwoni do dostawcy, 偶e sobie nie 偶yczysz i ci odblokowuj
[22:18:58] <VanDreadPL> ehh kocham nasz kraj
[22:19:04] <izeer_BeerPony> adna kolekcja pyt CD mi sie robi
[22:19:04] <VanDreadPL> jako dziecko chciaem kra samochody
[22:19:12] <VanDreadPL> co kurwa poszo 藕le :(
[22:19:17] <izeer_BeerPony> psoras:  mi tam nie blokuj xD
[22:19:23] <psoras> :>
[22:19:26] <VanDreadPL> no kurwa nawet w okolicach woomina mieszkaem
[22:20:14] <psoras> http://tinyurl.com/l5a3t55 a tymczasem w Polsce
[22:20:14] <izeer_BeerPony> psoras:  tak w og贸le, jak chcesz do londka zajechac na piwo, to sie spiesz bo zpierdzielam std xD
[22:20:14] <VanDreadPL> jedyne czego si nauczyem to jak odpali poloneza do 98r
[22:20:21] <psoras> dokd?
[22:20:29] <izeer_BeerPony> prawdopodobnie na p贸noc
[22:20:31] <VanDreadPL> potem wizk zmienili
[22:20:37] <izeer_BeerPony> okolice manchesteru
[22:20:40] <psoras> VanDreadPL: najwyra藕niej w za mao GTA wtedy grae
[22:20:53] <VanDreadPL> psoras:  po co miaem gra XD
[22:21:01] <VanDreadPL> mojemu ojcu zajebali dwa smaochody
[22:21:07] <VanDreadPL> i p贸 ci偶ar贸wk
[22:21:12] <VanDreadPL> cznie ponad 2mln strat
[22:21:20] <VanDreadPL> nie liczc pojazdu XD
[22:21:30] <VanDreadPL> piece wiessman
[22:21:35] <VanDreadPL> czy jak one si tam zw
[22:21:46] <psoras> izeer_BeerPony: okej, ewentualnie wlicz w cen 12 na bilet kolejowy (bo tyle potrafi kosztowa, jak rezerwowane z du偶ym wyprzedzeniem)
[22:22:03] <izeer_BeerPony> poczenie z londynu jest tam dobre, 3h kolejo
[22:22:14] <VanDreadPL> psoras:  potem nawet rozbieraem samochody XD chuj wie czy wszystkie byy legalne ale za niekt贸re miaem pacone ekstra by byy szybciej rozebrane :D
[22:22:15] <psoras> VanDreadPL: Woomin kurna
[22:22:22] <VanDreadPL> bo klient by XD
[22:22:25] <izeer_BeerPony> dla rodziny nawet nie m贸wie, bo bed mi odradzali jechanie w ciemno, ale mi sie chce, nie wiem czemu
[22:22:54] <psoras> okej, powodzenia
[22:23:08] <psoras> izeer_BeerPony: angielskimi kolejami si naje藕dziem, to wiem, 偶e PKP im do pit nie dorasta
[22:23:31] <psoras> te偶 maj pierdyliard sp贸ek, ale JEDN TARYF BILETOW
[22:23:57] <psoras> ...dobra, jednolit plus promocje
[22:24:02] <izeer_BeerPony> psoras:  ja tu tylko metrem je藕dziem
[22:24:10] <izeer_BeerPony> zwyk kolej nigdy
[22:24:24] <izeer_BeerPony> nawet nie wiem jak to dziala xD
[22:25:20] <misiek200m> Panowie, kto mia nick na IRCu nick "japierdole" napisa 5 linijek i wrzuci link do 1 z 10 o Tibii, kobietach i r贸wnaniach r贸偶niczkowych? xD
[22:25:32] <psoras> izeer_BeerPony: http://nationalrail.co.uk i por贸wnaj ceny w szczycie jutro i poza szczytem za miesic
[22:25:36] <izeer_BeerPony> misiek200m:  ja
[22:25:44] <izeer_BeerPony> wybatrz
[22:25:52] <misiek200m> I jeszcze to... xXizeerXxPLx   xDDD
[22:26:15] <izeer_BeerPony> to to juz nie ja
[22:26:15] <izeer_BeerPony> hehe
[22:26:43] <izeer_BeerPony> psoras:  uuu za trudne, tabelki i w og贸le, nie po piwie xD
[22:26:51] <psoras> okej :>
[22:27:04] <psoras> co do brytyjskich kolei jeszcze https://www.youtube.com/watch?v=lNMbLxqksBw pocig spalinowy, rok prod. 1975, Vmax 200 km/h
[22:28:05] <VanDreadPL> psoras:   pfff nawet nikogo nie zabi
[22:28:14] * psoras odpala Fukkiret i zaczyna podpiewywa: "Tu bezszczotkowa jest prdnica z wirujcymi diodami oraz szybkoobrotowy silnik Paxman Valenta, hamulce tarczowe i elektropneumatyczne, a wagony samonone z pneumatycznym zawieszeniem!"
[22:29:19] <psoras> kurde, kiedy do caej Fukkirety tekst o tym pocigu napisaem XD
[22:29:58] <psoras> "Mniej wicej czterdzieci temu lat Angole zorientowali si, 偶e z angielskich kolejowych tras liczne s niezelektryfikowane!"
[22:30:56] <VanDreadPL> kurwa mam fioletow cian w pokoju
[22:31:06] <VanDreadPL> jest chujowa
[22:31:14] <VanDreadPL> mo偶e dlatego bo chujowa i brudna
[22:31:17] <VanDreadPL> wkurwia mnie
[22:31:39] <izeer_BeerPony> przecie偶 chciae fioletowe
[22:31:43] <Nighti> walnij biaego jednoro偶ca na cianie bdzie dobrze i pomaluj gdzie niegdzie na fioletowa :D
[22:31:45] <VanDreadPL> zrobibym z tym porzdek ale to by oznaczao tak na oko jakie kurwa dwa tygodnie zapierdolu
[22:31:55] <VanDreadPL> izeer_BeerPony:  taa ale nie ten odcie
[22:32:02] <VanDreadPL> poza tym to kurwa brzydkie jest
[22:32:21] <VanDreadPL> pok贸j do kapitalnego remontu
[22:33:14] <Nighti> Van to bdziesz tam nowe tynki kad 偶e dwa tygodnie?
[22:33:24] <psoras> malowanie cian =/= kapitalny remont
[22:33:40] <psoras> Nighti: mo偶e dlatego bo jest tam zasadniczo sam
[22:33:44] <VanDreadPL> Nighti:  zerwanie tapety zerwanie paneli potem to grunt potem gad藕
[22:33:55] <VanDreadPL> potem kurwa wyszlifowa to kurestwo
[22:34:03] <VanDreadPL> zn贸w grunt
[22:34:05] <Nighti> a tapeta i wszystko jasne
[22:34:06] <VanDreadPL> potem pomalowa
[22:34:44] <Nighti> nie wiem co jest gorsze tapeta czy boazeria?
[22:34:49] <VanDreadPL> jeszcze podoga to umiem doskonale ojebabym ten pok贸j w ok 3h na adnie z listewkami przypodogowymi
[22:34:53] <izeer_BeerPony> sprzedaj ciane i kup now ju偶 pomalowane
[22:34:54] <izeer_BeerPony> profit
[22:35:21] <VanDreadPL> ta
[22:36:08] <VanDreadPL> a Nighti  i przy szlifowaniu gwarantuje ci 偶e odkurzacz bdzie do wyjebania i trzeba bdzie kupi nowy XD
[22:36:42] <Nighti> https://youtu.be/ZhPwyHXd07Q?t=4s
[22:36:51] <Nighti> Van z tym si zgodz
[22:38:12] <VanDreadPL> ehh dobra
[22:38:14] <VanDreadPL> uciekam
[22:38:29] <VanDreadPL> do tych co jeszcze s modzi
[22:38:34] <VanDreadPL> zacznijcie kra
[22:38:40] <Nighti> ?
[22:38:54] <VanDreadPL> 偶yj szybko umieraj modo i prezentuj si w trumnie :)
[22:39:04] <VanDreadPL> motto ka偶dego zodzieja samochod贸w XD
[22:39:17] <Nighti> xD
[22:39:25] <Nighti> a Ty jakie masz?
[22:39:33] <izeer_BeerPony> VanDreadPL:  ale raka to ty nam nie dawaj
[22:40:02] <VanDreadPL> Nighti: ja?
[22:40:09] <Nighti> Eeyup
[22:40:20] <Nighti> VanDreadPL Ty
[22:40:26] <VanDreadPL> "偶ycie..."
[22:40:51] <VanDreadPL> dobra lece
[22:40:57] *** Quits: VanDreadPL (~Thunderbi@89-73-60-176.dynamic.chello.pl) (Quit: Najwa偶niejsze w 偶yciu to mie si z kim napi :))
[22:41:09] <izeer_BeerPony> 偶ycie jest nobelon
[22:41:38] <Nighti> raz przyjazne a raaz wrogie
[22:47:12] <izeer_BeerPony> piwo mi sie konczy
[22:47:17] <izeer_BeerPony> troche smutek
[22:48:46] <psoras> izeer_BeerPony: poczekaj jeszcze jakie 15min g贸ra
[22:50:09] <izeer_BeerPony> przyniesiesz mi wicej?
[22:52:19] <psoras> nie, ale za to
[22:52:22] <psoras> izeer_BeerPony: http://puu.sh/hBwsm/f7515de6d0.png
[22:52:43] <psoras> na szybko rysunek Vana idcego sprzeda cian
[22:53:11] <Night_Spark> XD
[22:53:36] <izeer_BeerPony> xD
[22:54:06] <psoras> szybciej poszo ni偶 mylaem
[22:54:23] <Dalir> http://i1.kwejk.pl/k/obrazki/2015/04/5c91903b0f46530215d97e1bdeab02df.png
[22:56:29] *** Quits: Triluch (tril@legowisko.org) (Read error: Connection reset by peer)
[22:56:46] *** Joins: Triluch (tril@legowisko.org)
[22:57:06] <Night_Spark> Trilu wylecia na chwilu~
[22:58:07] <Dalir> http://i1.kwejk.pl/k/obrazki/2015/04/6e27634b9381a750c113ea35dcfb83c9.jpg
[22:58:57] <izeer_BeerPony> kurde, isc do sklepu wiecej czy nie isc
[22:59:10] <izeer_BeerPony> jakie 25 min mi to zajmie
[22:59:14] <izeer_BeerPony> i deszcz pada
[22:59:18] <izeer_BeerPony> a jutro na 9 do roboty
[22:59:32] <izeer_BeerPony> oblicz mi kto sens tej operacji
[23:00:13] <Nighti> dla jednej butelki/puszki si nie opaca
[23:00:36] <Nighti> ale dla wikszej iloci min 3 to ju偶 tak
[23:00:41] <Nighti> :D
[23:00:49] <izeer_BeerPony> no 3 juz obaliem
[23:00:55] <izeer_BeerPony> to tak ze dwa chociaz by jeszcze wypadao
[23:01:07] <izeer_BeerPony> nale偶y mi sie jak psu buda, po takim zapierdzielu jaki miaem teraz
[23:01:14] <Dalir> Rany jak kisne xD hahaha http://i1.kwejk.pl/k/obrazki/2015/04/b576243c59f8be2a7187ffb316a6bb60.jpg
[23:02:04] <izeer_BeerPony> Dalir standardowo 100 lat za internetami xD
[23:02:15] <Dalir> Tak
[23:02:41] <Nighti> Dalir te偶 tak mam nie jeste sam ;p
[23:02:56] <Dalir> Oo :D
[23:03:19] <Nighti> kur... dwie kartki si sklejiy i nie chc sie rozdzielic :C
[23:04:08] <Nighti> albo to jedna kartka o.o
[23:04:27] <Night_Spark> Nighti: para z czajnika prawd ci powie
[23:04:56] <Dalir> http://allegro.pl/kucyk-gigant-pluszak-figurka-gratis-my-little-pony-i5030102069.html
[23:04:59] <Dalir> Jprl
[23:04:59] <Nighti> ta teraz lec do czajnika na parter i wacz go gdy cay dom pi xd
[23:05:02] <Dalir> Jprdl
[23:05:11] <Nighti> a z ogonkiem mi nie dziala co robic
[23:05:12] <Dalir> Wstydzilbym si to pokazywac
[23:05:23] <Dalir> Spalilbym na miejscu
[23:08:31] <Dalir> Dobranoc
[23:08:33] *** Quits: Dalir (~DalFon@88-199-132-54.tktelekom.pl) (Quit: Bye)
[23:22:53] <McKey> https://youtu.be/K2V-xbD1GB0?t=41s moja reakcja: https://www.youtube.com/watch?v=McaV4Ua-QMA
[23:30:07] <psoras> okej, idem spad藕
[23:30:11] *** Quits: psoras (~Thunderbi@efz66.neoplus.adsl.tpnet.pl) (Quit: Narazicho!)
[23:32:19] <Soxis> te偶 ide
[23:32:21] <Soxis> nQ
[23:32:27] *** Quits: Soxis (~chatzilla@86-63-85-25.sta.asta-net.com.pl) (Remote host closed the connection)
[23:33:51] <McKey> No to ja te偶 
[23:33:51] <McKey> bajo
[23:34:31] *** McKey is now known as [A]McKey
[23:36:08] <Nighti> To ja te偶
[23:36:15] <Nighti> Branoc
[23:36:23] *** Quits: Nighti (5306a61c@gateway/web/freenode/ip.83.6.166.28) (Quit: do jutra)
[23:58:53] <izeer_BeerPony> VoThall:  http://x3.cdn03.imgwykop.pl/c3201142/comment_seyI3MlVxLDFa3pffhvDCZ589eslvgMi.gif
