[00:01:44] <izeer_BeerPony> misiek200m:  https://www.youtube.com/watch?v=SYWU8Fw45Zg tak bardzo zaległości ze tego nie widziałem
[00:02:45] <misiek200m> izeer_BeerPony a nom, świetnie to zrobił, ale renderowania w chuj xD
[00:03:51] <izeer_BeerPony> https://www.youtube.com/watch?v=VGNLJcHLRyk a to mnie rozjebało
[00:04:08] <misiek200m> izeer_BeerPony to jest zrobione zbyt dobrze, żeby gościu był sobie po prostu w fandomie, musi się profesjonalnie zajmować 3d. xD
[00:04:30] <misiek200m> wat xD
[00:05:43] <izeer_BeerPony> no raczej
[00:06:01] <izeer_BeerPony> a przynajmniej, nawet jakby zaczynał w fandomie, to z tym skillem cos by zarobił
[00:07:51] <izeer_BeerPony> kiedy ja sie za te 3d w koncu zabiore
[00:08:11] <izeer_BeerPony> tyle rzeczy chce sie zrobic, a czasu nie ma
[00:15:51] *** Joins: Panczaq (531c7e1f@gateway/web/freenode/ip.83.28.126.31)
[00:15:56] <Panczaq> hejo
[00:16:02] <Panczaq> przyszedłem się pochwalić
[00:16:03] <Panczaq> http://www.wykop.pl/wpis/12140749/cowiekmaupa-zalegl-mi-sie-w-domu-pokazmalpe-i-troc/
[00:16:32] <izeer_BeerPony> podobni jesteście
[00:16:42] <Panczaq> to miałobyć pokazmorde
[00:17:25] <izeer_BeerPony> po cholere ci ten małpiszon xD
[00:18:27] <Panczaq> bo jest zajebisty
[00:18:28] <Panczaq> i drogi
[00:18:30] <Panczaq> jak chuj
[00:18:44] <izeer_BeerPony> a umie coś?
[00:18:58] <Panczaq> wpierdalać robaczki
[00:19:05] <Panczaq> i prawie wydłubała mi oko
[00:19:14] <Panczaq> ale jest tutaj dopiero 20~ godzin
[00:19:22] <izeer_BeerPony> no to juz wiecej niz ty
[00:19:33] <izeer_BeerPony> btw, zgłosze cie za nieprawidłowe tagi, bo mi sie nudzi xDDDDD
[00:19:47] <izeer_BeerPony> pozdrów shenti
[00:20:24] <Panczaq> co chcesz od tagów
[00:20:25] <Panczaq> chuju
[00:22:18] <Panczaq> co tam w anglii?
[00:24:28] <izeer_BeerPony> pinionżki
[00:24:29] <izeer_BeerPony> a tak to nic
[00:24:40] <izeer_BeerPony> zajechalibyście na wudke czy coś, anie
[00:24:43] <Panczaq> kiedy do polszy wracasz?
[00:24:45] <Panczaq> why not
[00:24:49] <Panczaq> w zeszłym roku byłem
[00:24:52] <Panczaq> a ciebie nie
[00:25:10] <izeer_BeerPony> nie wiem kiedy wracam
[00:25:34] <izeer_BeerPony> w sumie mam tak wyjebane na cokolwiek, ze nie mam planów nawet na jutrzejszy dzień
[00:26:00] *** Quits: Koh_fon (~Kingofhil@user-94-254-209-91.play-internet.pl) (Remote host closed the connection)
[00:26:41] <Panczaq> najeb się
[00:26:49] <Panczaq> ja mam plany
[00:26:52] <Panczaq> np idę grać w csa
[00:26:54] <Panczaq> wracam potem
[00:27:10] <izeer_BeerPony> nie umiem samemu sie najebać
[00:27:20] <izeer_BeerPony> tak sie da w ogóle?
[01:33:58] <izeer_BeerPony> dobra ide w kime, bajo
[01:34:51] *** Quits: izeer_BeerPony (1f3052ad@gateway/web/freenode/ip.31.48.82.173) (Quit: Page closed)
[02:26:05] *** Quits: Panczaq (531c7e1f@gateway/web/freenode/ip.83.28.126.31) (Quit: Page closed)
[06:36:27] *** Joins: Misiek (~Misiek@user-94-254-133-115.play-internet.pl)
[07:38:35] <Misiek> Hay
[10:50:10] *** Joins: Dalir (~DalFon@158.75.118.9)
[10:50:54] <Dalir> Heja
[10:51:33] <Misiek> Hi
[10:51:55] <Dalir> No co tam u was?
[10:52:03] <Dalir> Misiek: praca zapewne?
[10:52:45] <Misiek> Da
[10:52:52] <Dalir> Nie nudno?
[10:53:06] <Dalir> Ja sie nudze ogromnie na wykladz
[10:53:08] <Misiek> Kto normalnie tak wcześnie wstaje
[10:53:12] <Misiek> Meh
[10:53:17] <Dalir> wykładzie
[10:53:26] <Misiek> Na telefonie siedze
[10:53:30] <Dalir> Misiek: ja wstalem o 8
[10:53:33] <Misiek> Albo TV ogladam
[10:53:45] <Dalir> A tablet?
[10:53:58] <Dalir> I  a n i m e?
[10:54:07] <Dalir> Zdradziles je? XD
[10:54:27] <Misiek> Ogladam chińskie baje jak jestem sam w robocie
[10:55:01] <Dalir> Teraz nie jesteś?
[10:55:15] <Misiek> I jest po zwykłych godzinach pracy
[10:55:17] <Misiek> Nie
[10:55:23] <Dalir> Uh
[10:55:59] <Dalir> Kto ci towarzyszy?
[10:56:05] <Misiek> Jest jeszcze magazynier konserwator i elektryk
[10:56:18] <Dalir> O matko
[10:56:30] <Misiek> Plus kilku mechanikow ale to kawałek dalej
[10:56:35] <Dalir> A czemu was tam tak duzo dzis?
[10:56:47] <Misiek> Zazwyczaj jest tyle
[10:56:53] <Misiek> Czasem wiecej
[10:57:00] <Dalir> Hum hum
[10:57:27] <Misiek> Tylko oni w budynku obok glownie siedzo
[10:58:43] <Misiek> O 15.30 konczo
[10:58:50] <Misiek> Ja 13.30
[10:58:54] <Misiek> Hue
[10:59:25] <Dalir> Xd
[10:59:41] <Dalir> Ja o 14 autobus
[10:59:55] <Dalir> Ale trza wytrzymać
[11:00:03] <Misiek> Keke
[11:00:24] <Misiek> Ave pakiet neta
[11:02:59] <Dalir> Ave
[11:03:15] <Dalir> Slawa i chalwa
[11:03:15] <Dalir> Kurfa
[11:03:20] <Dalir> Na uczelni ogrzewanie
[11:03:47] <Dalir> Sie żepsulo
[11:03:47] <Dalir> Chuodno ciagle
[11:08:55] <Dalir> Fuck umk xD damn it
[11:09:16] <Dalir> Chlodnooooo
[11:35:11] <Dalir> Brrrr
[11:35:30] <Misiek> Czo
[11:35:48] <Misiek> Przecie jest 15 stopni
[11:35:52] <Misiek> Ciepuo
[11:36:18] <Dalir> Ale w uczelni chlodno
[11:36:20] <Dalir> Kurde
[11:36:27] <Dalir> Zimniej niz na zewnatrz
[11:39:39] <Dalir> Kuhwa nie wytrzymie zaraz
[11:40:38] <Dalir> XD
[11:48:49] <Misiek> Na zewnątrz się przenieście
[11:54:09] <VoThall> dobry
[11:54:17] <VoThall> co to za rozmowy poza kontrolo
[11:55:13] <Misiek> Elo
[11:55:33] <Misiek> A co
[11:55:45] <Misiek> Nie można?
[11:57:01] <Dalir> Ke ke ke
[11:57:07] <Dalir> Ide sobie
[11:57:07] <Dalir> Pa
[11:57:07] *** Quits: Dalir (~DalFon@158.75.118.9) (Quit: Bye)
[12:05:26] <VoThall> Misiek
[12:05:33] <VoThall> chcesz lekki wkurw?
[12:07:04] <Misiek> Da
[12:56:59] *** Joins: izeer (1f3052ad@gateway/web/freenode/ip.31.48.82.173)
[13:13:18] <izeer> hwj
[13:13:21] <izeer> hej
[13:24:10] <VoThall> elo
[13:37:13] *** Joins: MisiekShy (~Misiek@user-94-254-198-72.play-internet.pl)
[13:38:31] *** Quits: Misiek (~Misiek@user-94-254-133-115.play-internet.pl) (Ping timeout: 244 seconds)
[13:50:09] *** Quits: MisiekShy (~Misiek@user-94-254-198-72.play-internet.pl) (Ping timeout: 276 seconds)
[13:50:24] *** Joins: Misiek (~Misiek@user-94-254-198-72.play-internet.pl)
[14:13:07] *** Joins: Soxis (~chatzilla@86-63-85-25.sta.asta-net.com.pl)
[14:13:54] <Soxis> elo
[14:18:57] <Misiek> Byłem u fryca
[14:19:14] <Misiek> Rip szopa
[14:20:36] <izeer> tesz musze
[14:21:10] <Soxis> lel xD
[14:21:15] <Soxis> nigdy nie byłem ;D
[14:21:24] <Soxis> siora mnie zawsze w domu obsługiwała
[14:21:26] <Soxis> hehe
[14:21:28] <Soxis> xD
[14:23:00] <Misiek> pdk
[14:24:25] *** Quits: Night_Spark (~Michael89@host-89-230-34-1.dynamic.mm.pl) (Ping timeout: 255 seconds)
[14:32:30] *** Quits: Misiek (~Misiek@user-94-254-198-72.play-internet.pl) (Quit: Misiek.exe has stopped working.)
[14:33:29] *** Joins: Misiek (~Misiek@ape45.neoplus.adsl.tpnet.pl)
[14:48:39] *** Joins: Night_Spark (~Michael89@host-89-230-34-1.dynamic.mm.pl)
[14:51:39] <izeer> misiek200m:  jesteś?
[15:13:03] *** Joins: Dalir (~Pony@88-199-132-54.tktelekom.pl)
[15:14:13] <Dalir> no siemano
[15:15:24] <Dalir> izeer Misiek misiek200m Night_Spark Soxis VoThall - ktos chetny na jakies Cards vs humanity?
[15:15:41] <Misiek> czo
[15:15:49] <Dalir> to czo widzisz
[15:17:24] <Misiek> https://www.reddit.com/r/WritingPrompts/comments/31zr0m/wp_you_wake_up_in_hell_you_look_around_you_cant/cq6mqx3
[15:19:43] <Dalir> Misiek chodz grac
[15:19:57] <Dalir> http://pyx-2.pretendyoure.xyz/zy/game.jsp
[15:19:59] <Misiek> tak
[15:20:09] <Dalir> przeciez juz w domu jestes XD
[15:22:19] <VoThall> Dalir co to za gunwo
[15:22:29] <VoThall> jak 5/wow to moge zagrac
[15:22:33] <Dalir> VoThall
[15:22:40] <Dalir> masz talie kart
[15:22:51] <Dalir> i na nich rozne rzeczy napisane
[15:23:10] <Dalir> i musisz je dopasowywac do czarnej karty
[15:23:18] <Dalir> tak by wyszlo cos smiesznego XD
[15:23:32] <Dalir> i host wybiera najlepsza opcje wg niego
[15:23:39] <Dalir> i wtedy dostajesz awesome pkt
[15:24:01] <Dalir> kurde VoThall bys wejsc musial XD
[15:24:08] <Dalir> i musialoby byc wiecej osob
[15:24:18] <Dalir> bo w 2 bez sensu i nawet nei wiem czy sie da ;p
[15:25:39] <Soxis> Dalir:
[15:25:43] <Soxis> mogę zagrać partie
[15:25:44] <Soxis> xD
[15:26:00] <Dalir> Soxis to wbijaj
[15:26:05] <VoThall> Dalir host wybiera najlepsza opcje
[15:26:07] <VoThall> ok
[15:26:09] <Dalir> Dalir's game zapewne sie nazywac XD
[15:26:15] <Dalir> VoThall tzn nie jakby host
[15:26:16] <Soxis> Dalir: jak xD
[15:26:27] <Dalir> tylko co ture kazdy gracz jest.. tym co wybiera ;p
[15:26:37] <Dalir> Soxis no wbijaj na te strone
[15:26:39] <Dalir> wybierz nick
[15:26:46] <Dalir> 'zaloguj sie'
[15:26:50] <Soxis> Dalir: nie mogę nicku wpisać
[15:26:51] <Dalir> i poszukaj Dalir's room
[15:26:52] <Soxis> xD
[15:26:55] <Dalir> Soxis ...
[15:26:58] <Dalir> jak nie mozesz
[15:27:09] <Soxis> Dalir: http://puu.sh/h8yQz/cc4a11a08a.png
[15:27:12] <Soxis> szare jest
[15:27:18] <Dalir> no i set
[15:27:25] <Dalir> set szare?
[15:27:27] <Soxis> Dalir: ta
[15:27:32] <Dalir> dafuq
[15:27:43] <Dalir> klikaj
[15:27:46] <Dalir> XD
[15:28:24] <Dalir> Soxis a jaka przegladarka?
[15:28:28] <Soxis> Dalir: wlazłem
[15:28:30] <Dalir> ok
[15:28:48] <Soxis> Dalir: jaki pokój
[15:28:51] <Dalir> Soxis Dalirr's game
[15:28:54] <Dalir> i haslo " fosik "
[15:29:26] <Dalir> mam 2 graczy
[15:29:27] <Dalir> Misiek VoThall
[15:29:30] <Dalir> chodzta
[15:29:32] <Soxis> Dalir: jak własną talie zrobić xD
[15:29:38] <Dalir> nie wiem XD
[15:30:49] <Dalir> Misiek VoThall izeer
[15:30:56] <izeer> coooo
[15:31:16] <Dalir> http://pyx-2.pretendyoure.xyz/zy/game.jsp
[15:31:22] <izeer> nie
[15:31:28] <Dalir> czmeu
[15:31:30] <Dalir> czmeu
[15:31:32] <Dalir> czemu*
[15:33:41] <Dalir> no co za ludzie XD
[15:36:27] <Soxis> https://www.youtube.com/watch?v=hx6_YdR-xjA
[15:36:29] <Soxis> jeeebaaany
[15:36:32] <Soxis> połowę życia wygrał xD
[15:38:29] <Dalir> Misiek VoThall
[15:39:06] <Misiek> na pewno nie fake
[15:39:08] <Dalir> Soxis nie masz jeszcze jakis znajomych? :P
[15:40:19] <Dalir> no co za pipole no
[15:54:36] <izeer> https://www.youtube.com/watch?v=nYwe_WHARdc
[16:18:14] *** Joins: Nighti (5306bb61@gateway/web/freenode/ip.83.6.187.97)
[16:18:41] <Nighti> Buenos diaz
[16:20:10] <izeer> buenos aires
[16:32:04] <Dalir> Nighti
[16:32:06] <Dalir> http://pyx-2.pretendyoure.xyz/zy/game.jsp
[16:32:11] <Dalir> chcesz?
[16:33:30] <Nighti> Mogę
[16:33:35] <Dalir> Soxis
[16:33:38] <Dalir> chcesz/
[16:33:39] <Dalir> ?
[16:34:54] <Dalir> Soxis
[16:34:54] <Dalir> Soxis
[16:36:04] <Dalir> Soxis
[16:36:41] <Dalir> Soxis
[16:38:15] <Dalir> no kurde
[16:38:48] <Nighti> co trza zrobic
[16:39:27] <Dalir> Nighti masz jeszcze kogos do gry?
[16:39:35] <Dalir> Soxis chcial ale znikl nagle
[16:40:44] <Nighti> Ni mam :C Ja ni mam znajomych..
[16:42:58] <Dalir> Soxis
[16:43:00] <Dalir> no wróć
[16:43:07] <Dalir> VoThall choć tesh
[16:43:12] <Dalir> bo Misiek nie chce
[16:45:24] <Nighti> Dalir https://youtu.be/5YcXkGT5ocs?t=7m10s widziałes?
[16:45:40] <VoThall> Dalir pusniej xD
[16:46:04] <Dalir> pozniej to ja na lapie nei bede ._.
[16:46:20] <VoThall> ;c
[16:46:37] <VoThall> http://www.googlefeud.com/
[16:46:39] <VoThall> macie
[16:46:51] <VoThall> Soxis Dalir Nighti misiek200m izeer Misiek
[16:47:35] <Dalir> nie chce
[16:47:44] <Dalir> bo mi sie net zjebal
[16:49:26] <Nighti> zw
[16:54:53] <Dalir> kurwica mnei bierze
[16:55:14] <Dalir> KURWA MAC
[16:55:16] <Dalir> ...
[17:01:19] <Dalir> VoThall
[17:01:24] <VoThall> czo?
[17:01:24] <Dalir> kiedy bedzie to puśniej? :P
[17:01:29] <VoThall> moze byc teraz
[17:01:30] <VoThall> xD
[17:01:33] <Dalir> ok XD
[17:01:35] <Dalir> Nighti
[17:01:43] <Dalir> jestes?
[17:01:46] <Dalir> VoThall masz http://pyx-2.pretendyoure.xyz/zy/game.jsp
[17:02:10] <VoThall> design
[17:02:12] <Misiek> avast znalazl tylko 6 wiruf na stronce
[17:02:12] <VoThall> 10/10
[17:02:13] <Misiek> xD
[17:02:18] <Dalir> XD
[17:02:42] <VoThall> to cos mi zacina przegladarke
[17:02:44] <VoThall> gratulacje
[17:03:33] <Dalir> co ty masz na przegladarke
[17:03:51] <VoThall> Dalir haslo
[17:03:55] <VoThall> chrome
[17:03:56] <Misiek> hehe vot ja bym sprawdził stan konta i pasy do wota xD
[17:03:59] <Dalir> VoThall
[17:04:03] <VoThall> Misiek xD
[17:04:03] <Dalir> fosik
[17:04:14] <Dalir> Nighti
[17:04:14] <Dalir> Nighti
[17:04:51] <Dalir> Soxis
[17:04:59] <Dalir> Misiek wbijaj
[17:08:32] <Nighti> jj
[17:08:44] <Dalir> Nighti wbijej
[17:08:45] <Nighti> co mam robić
[17:09:07] <Dalir> wybierz nick
[17:09:08] <Dalir> set
[17:09:14] <Dalir> potem znajd Dalir's room
[17:09:16] <Dalir> i haslo to fosik
[17:09:16] <Nighti> co dalej
[17:10:26] <Dalir> VoThall 2 karty wybierz
[17:10:47] <Misiek> Dalir,
[17:10:53] <Misiek> kturym sie strzela ??????
[17:10:53] <VoThall> fiem
[17:10:55] <VoThall> xD
[17:11:20] <Nighti> gdzie ty?
[17:11:24] <VoThall> em
[17:11:26] <Dalir> i zes wylazl ._.
[17:11:27] <VoThall> jak sie poza kliknieciem
[17:11:29] <VoThall> wybiera karte?
[17:11:31] <VoThall> xD
[17:11:35] <Dalir> klikasz karte
[17:11:40] <Dalir> i confirm selection
[17:11:48] <VoThall> jak tam wszystko w jednym kolorze
[17:11:55] <VoThall> mogli gdzies pokazac TU KLIKNIJ
[17:11:58] <VoThall> xD
[17:12:10] <VoThall> ale czekaj
[17:12:13] <VoThall> ja chce dwie
[17:12:15] <VoThall> a moge tylko jednom :c
[17:12:23] <Nighti> Trza zanć angielski
[17:12:30] <Nighti> znać*
[17:12:36] <Dalir> VoThall bierzesz jedna
[17:12:36] <Dalir> confirm
[17:12:36] <Dalir> bierzesz fruga
[17:12:37] <Dalir> i confirm
[17:13:06] <VoThall> i co teraz...
[17:13:08] <VoThall> ._.
[17:13:14] <Dalir> Nighti wybiera XD
[17:13:21] <Nighti> wybrałem
[17:13:28] <VoThall> wez angielska wersje XD
[17:13:49] <VoThall> tu potrzeba wiecej osob
[17:13:51] <VoThall> tak z 5 conajmniej
[17:14:10] <Dalir> Misiek to wapno i nie chce
[17:14:18] <Dalir> Soxis polazl
[17:14:27] <Misiek> trzeba mieć swoją godność
[17:14:35] <Misiek> i grac w gry min 5/wow
[17:15:31] <VoThall> to glupie ale moze byc zabawne xD
[17:16:26] <VoThall> naprawde?
[17:16:28] <VoThall> xD
[17:17:26] <Nighti> Tja a jak się gra z mikro to juz je smiesznie
[17:18:15] <VoThall> proponuje oryginalna wersje jezykowa xD
[17:18:23] <VoThall> bo tu jest duzo... bezsensownosci jezykowych
[17:18:48] <Dalir> VoThall oj czepiasz sie Xd
[17:18:58] <VoThall> troche niszczy humor jak dla mnie ;P
[17:20:14] <Nighti> musisz wtedy mózgownice wysilic i w całość złożyć
[17:20:36] <VoThall> ale nie na tym rzecz polega xD
[17:20:41] <VoThall> po prostu to niszczy... smiesznosc jakby
[17:21:49] <Dalir> to po tej rundzie az ktos zdobedzie 8 pktow to dam angielska
[17:22:01] <VoThall> oh come'on
[17:22:04] <VoThall> jak ja moglem wygrac ostatnia runde
[17:22:06] <VoThall> XD
[17:22:15] <Nighti> ja zaraz lece
[17:22:16] <Nighti>  :C
[17:22:40] <Dalir> VoThall co za karta XD
[17:22:51] <VoThall> xD
[17:22:53] <Dalir> Homoerotyczna gra w siatkowke
[17:23:46] <Nighti> ja muszę leceić będe za 30-40min :C
[17:24:05] <VoThall> k
[17:24:06] <Dalir> dupa
[17:24:38] <Dalir> VoThall jest talia "anime" XD
[17:24:39] <VoThall> Dalir zorganizuj na calego irca to
[17:24:40] <VoThall> xD
[17:24:42] <VoThall> wiem :P
[17:25:06] <Dalir> blank karty sa
[17:25:10] <Dalir> nie ustawilem
[17:25:12] <Dalir> zapomnialem XD
[17:25:30] <VoThall> a czo to?
[17:25:34] <Misiek> mozna grac afk ?
[17:25:40] <Dalir> ze mozesz swoja odpowiedz dac
[17:25:45] <Dalir> wpisac
[17:25:56] <VoThall> zydzi sa odpowiedzia na wszystko
[17:35:07] <izeer> good goyim
[17:35:31] <Misiek> spierdalaj steke xD
[17:35:55] <VoThall> Dalir sharkiego zapros
[17:36:01] <Dalir> tja XD
[17:36:02] <VoThall> moge Ci podac tel
[17:36:05] <VoThall> xD
[17:36:44] <Dalir> moze bedzie dzialac na tabie
[17:36:53] <Dalir> tylko sciagne chrome albo ff
[17:42:48] <Misiek> wlasnie jeblem caly sezon chinskiej bajki
[17:42:57] <Misiek> czuje ze wracam do gry
[17:43:26] <Misiek> Dalir, daway linke
[17:43:33] <Dalir> http://pyx-2.pretendyoure.xyz/zy/game.jsp
[17:44:17] <Misiek> nazwa /
[17:44:18] <Misiek> ?
[17:44:58] <Dalir> co nazwa?
[17:45:04] <Dalir> Cards againts humanity
[17:45:09] <Misiek> jak cie tam mam znalezc
[17:45:25] <Dalir> nie gramy przecie
[17:45:28] <Dalir> bo sie porozchodzili
[17:45:42] <Misiek> no to po co ślesz xD
[17:46:44] <Misiek> mozemy zawwze zagrac we 2
[17:46:51] <Misiek> przynajmniej wygram
[17:46:51] <Misiek> heheh
[17:46:56] <Dalir> nie da sie XD
[17:46:59] <Dalir> nawet uruchomic
[17:49:22] <VoThall> angielska wersja lepsza
[17:49:24] <VoThall> xD
[17:51:10] <Dalir> VoThall oj ty oj ty
[17:51:12] <Dalir> VoThall grasz?
[17:51:16] <Dalir> z miskiem?
[17:51:17] <Dalir> z raz?
[17:51:24] <VoThall> mozna, Misiek ?
[17:52:23] <Misiek> zawsze i wszedzie
[17:52:29] <Dalir> zrobilem roona
[17:52:30] <Dalir> rooma*
[17:53:24] <Dalir> haslo fosik
[17:53:41] <VoThall> JAK TO KURFA MULI
[17:54:05] <Misiek> mi tam nic nie muli
[17:54:07] <Misiek> ramu dokup
[17:54:09] <VoThall> sry nie laduje sie
[17:54:14] <VoThall> o poszlo
[17:54:17] <VoThall> lau
[17:54:29] <Dalir> lau cie w paszcze XD
[17:54:33] <VoThall> wez
[17:54:36] <VoThall> zwykle
[17:54:37] <VoThall> eng
[17:54:48] <VoThall> kurwa
[17:54:49] <VoThall> nie anime xD
[17:54:52] <Soxis> http://x3.cdn03.imgwykop.pl/c3201142/comment_hsIT8tpM92H5PBHcQTBFFV34Yk1Jo0x4.jpg
[17:54:54] <Soxis> XDDD
[17:55:06] <Dalir> Soxis wbij do nas
[17:55:12] <Soxis> Dalir: dej linka
[17:55:13] <Soxis> ts jakiś czy coś?
[17:55:14] <Dalir> http://pyx-2.pretendyoure.xyz/zy/game.jsp
[17:55:20] <Soxis> do roomu debilu xD
[17:55:20] <VoThall> wez nie anime xD
[17:55:53] <Misiek> co
[17:55:55] <Misiek> jaki kik
[17:55:57] <Soxis> xDDD
[17:56:01] <Soxis> pervert protection xD
[17:56:05] <VoThall> xD
[17:56:08] <Misiek> o co w tym chodzi
[17:56:22] <Misiek> gdzie sie kupuje poty
[17:56:33] <VoThall> w lewym rogu
[17:56:35] <VoThall> po srodku
[17:58:59] <Dalir> Soxis pipo
[17:59:30] <VoThall> Soxis
[17:59:33] <VoThall> kurwo
[17:59:34] <VoThall> xD
[17:59:40] <Soxis> co ja xD
[17:59:53] <Dalir> Soxis graj pipo
[18:00:07] <Soxis> nie to nie xD
[18:00:08] <Dalir> no co za uj
[18:00:20] <Dalir> jestes nienormalny XD
[18:00:28] <Misiek> hehe
[18:05:55] <Soxis> misiek200m: kumpel se kupił razera blackwidowa, greenswitche feelz good xD
[18:17:16] <Dalir> ja pozniej bede
[18:17:37] <VoThall> ok ;-;
[18:19:53] <izeer> ja tez, film sie sciąga, to ide opierdzielic cos w restauracji
[18:20:35] <VoThall> burzuj
[18:21:16] <izeer> hue
[18:21:30] *** Quits: Dalir (~Pony@88-199-132-54.tktelekom.pl) (Ping timeout: 250 seconds)
[18:21:39] <Soxis> xD\
[18:22:28] <VoThall> http://jbzd.pl/obr/249540/chodzmy-grac-w-kregle
[18:22:30] <VoThall> xD
[18:22:42] <VoThall> Soxis
[18:22:42] <izeer> VoThall:  ale i tak cebula, takie żarcie to bym opierdzielił u siebie w białym, za 15 zeta
[18:22:49] <VoThall> lel
[18:22:50] <izeer> tutaj 20 funtów ;_;
[18:28:46] <VoThall> burzujus totalus
[18:29:56] <Nighti> jj
[18:31:05] <Nighti> https://www.youtube.com/watch?v=4fndeDfaWCg
[18:31:11] *** Joins: AndChat|16256 (~izeer_kom@188.29.165.82.threembb.co.uk)
[18:31:58] *** Quits: AndChat|16256 (~izeer_kom@188.29.165.82.threembb.co.uk) (Client Quit)
[18:32:13] *** Joins: Izeer_kom (~izeer_kom@188.29.165.82.threembb.co.uk)
[18:32:32] <Izeer_kom> Ja pierdziele jak cieplo
[18:32:42] <Izeer_kom> Ponad 20 stopni
[18:34:35] <Nighti> U nas było 30 w słońcu
[18:36:23] <Izeer_kom> To wymaga grilla
[18:39:23] <Soxis> Nighti: w słońcu ładnie było ;D
[18:39:29] <Soxis> się posmażyłem na wfie trochę
[18:39:35] <Soxis> bo zastępstwo mieliśmy
[18:39:45] <Nighti> Ja w PKP :P
[18:40:33] <Soxis> XD
[18:44:07] *** Quits: izeer (1f3052ad@gateway/web/freenode/ip.31.48.82.173) (Ping timeout: 246 seconds)
[18:44:26] <Izeer_kom> Z tego upalu to juz jakas babka lezala na ziemi
[18:45:03] <Izeer_kom> Jej maz mowil ze sobie poradza, to ich zostawilem
[18:45:23] <Izeer_kom> Nic dziwnego, jak ciapate w przescieradlach chodza
[18:45:30] <Soxis> XD
[18:45:40] <Nighti> kto zabroni
[18:45:56] <Nighti> zastanawiam się
[18:45:59] <Izeer_kom> Raczej kto kaze
[18:46:05] <Nighti> kupic sb ta podkładke czy nie http://www.morele.net/podkladka-a4-tech-xgame-x7-500mp-327608/
[18:46:43] *** Quits: Izeer_kom (~izeer_kom@188.29.165.82.threembb.co.uk) (Quit: To sie zmontuje xD)
[18:47:17] *** Joins: Izeer_kom (~izeer_kom@188.29.165.82.threembb.co.uk)
[18:52:24] *** Quits: Izeer_kom (~izeer_kom@188.29.165.82.threembb.co.uk) (Ping timeout: 276 seconds)
[18:54:46] *** Joins: Izeer_kom (~izeer_kom@188.29.165.82.threembb.co.uk)
[18:58:48] <Misiek> mam i polecam
[18:58:49] <Misiek> chujowa
[18:59:31] <VoThall> mi by sie przydala jakas w sumie xD
[18:59:41] <VoThall> bo w fpsach mi tak jezdzi ze ojapierdole xD
[18:59:54] *** Joins: psoras (~androirc@5.172.252.62)
[18:59:59] <Misiek> VoThall, grysz ceso ?
[19:00:07] <psoras> hej
[19:00:12] <VoThall> njee xd
[19:00:49] <psoras> mam 4% baterii, ciekawe ile wytrzyma :P
[19:00:55] <Nighti> Misiek moze i chujowa ale chyba lepsza niż kartka z drukarki ;v
[19:01:19] <Nighti> psoras android kilka godzin
[19:02:20] <psoras> sama praca systemu owszem
[19:02:30] <psoras> ale nie z ircem
[19:02:34] <Nighti> więc jesteśmy zgodni
[19:03:09] <psoras> ten telefon trzyma długo... w trybie samolotowym
[19:03:52] <psoras> ale jak mu się cokolwiek włączy, robi się straszny pies na baterię
[19:03:53] *** [A]McKey is now known as McKey
[19:04:53] <psoras> a ten drobny eksperyment robię dlatego, bo już jadę w stronę domu :]
[19:05:57] <Misiek> http://x3.cdn03.imgwykop.pl/c3201142/comment_yLkUyoDOmp4sb60hW5nJKRd0xDDwkKV3.jpg
[19:09:19] *** Joins: VanDreadPL (~Thunderbi@user-46-113-128-94.play-internet.pl)
[19:09:23] <VanDreadPL> siema
[19:10:15] <Nighti> Siema
[19:10:30] <Nighti> Jesteś jutro na Bemowie?
[19:11:28] <Izeer_kom> Hej van
[19:11:39] <psoras> ja mogę być...
[19:12:29] <psoras> jeśli jest jakiś koncert czy cóś, to nie będę
[19:12:44] <psoras> ale na piwo czemu nie
[19:13:07] <Nighti> psoras na piwo to prośba do Vana
[19:13:21] <psoras> szczegóły jak dojadę i podłączę do prądu
[19:14:03] <VanDreadPL> Nighti:  nie nie bezie mnie
[19:14:28] <VanDreadPL> w ten weekend mam zciut zapierdol związany z przeprowadzką
[19:14:55] <Nighti> a no tak
[19:15:44] *** Quits: psoras (~androirc@5.172.252.62) (Read error: Connection reset by peer)
[19:16:20] *** Quits: Izeer_kom (~izeer_kom@188.29.165.82.threembb.co.uk) (Ping timeout: 264 seconds)
[19:17:28] <Nighti> i psoras nam padł
[19:21:40] *** Joins: Izeer_kom (~izeer_kom@188.29.165.82.threembb.co.uk)
[19:26:01] *** Joins: Dalir (~DaTab@88-199-132-54.tktelekom.pl)
[19:26:31] *** Quits: Izeer_kom (~izeer_kom@188.29.165.82.threembb.co.uk) (Ping timeout: 256 seconds)
[19:28:33] *** Joins: Izeer_kom (~izeer_kom@188.29.165.82.threembb.co.uk)
[19:29:11] <Izeer_kom> Czo ten internet
[19:29:23] <Dalir> Wrocilem
[19:34:01] *** Quits: Izeer_kom (~izeer_kom@188.29.165.82.threembb.co.uk) (Ping timeout: 264 seconds)
[19:40:06] *** Joins: Izeer_kom (~izeer_kom@188.29.165.82.threembb.co.uk)
[19:40:12] <Izeer_kom> Co za chuj
[19:40:59] <Dalir> Xd
[19:43:07] *** Joins: AndChat|16256 (~izeer_kom@92.40.249.191.threembb.co.uk)
[19:44:24] *** Quits: Izeer_kom (~izeer_kom@188.29.165.82.threembb.co.uk) (Ping timeout: 245 seconds)
[19:47:25] *** Quits: AndChat|16256 (~izeer_kom@92.40.249.191.threembb.co.uk) (Ping timeout: 244 seconds)
[19:51:32] <Dalir> Misiek,  Nighti,  Soxis,  VoThall: mam lepsze karty
[19:51:34] <Dalir> Polskie
[19:51:35] *** Joins: Izeer_kom (~izeer_kom@92.40.249.191.threembb.co.uk)
[19:51:42] <Dalir> Nowy set
[19:51:46] <Dalir> Rozmaitosci rocka
[19:52:06] <Soxis> xDD
[19:53:32] <Dalir> Soxis: grasz?
[19:53:39] <Soxis> nie
[19:53:48] <Dalir> Wejszloby sie na skype abo co
[19:54:15] <Soxis> to idźcie xD
[19:54:24] <Dalir> Ehu mehu
[20:15:58] <Izeer_kom> .
[20:18:13] <VanDreadPL> Izeer_kom:  tak
[20:31:20] *** Quits: Izeer_kom (~izeer_kom@92.40.249.191.threembb.co.uk) (Ping timeout: 244 seconds)
[20:32:09] *** Joins: Izeer_kom (~izeer_kom@92.40.249.191.threembb.co.uk)
[20:36:38] <Izeer_kom> VanDreadPL: co tak?
[20:38:43] *** Joins: Koh_fon (~Kingofhil@user-94-254-209-225.play-internet.pl)
[20:41:54] *** Joins: psoras (~androirc@5.172.252.47)
[20:42:22] *** psoras is now known as Sprezarka
[20:42:50] <Sprezarka> [bddddrrrrrrrrrr...]
[20:46:13] *** Quits: Izeer_kom (~izeer_kom@92.40.249.191.threembb.co.uk) (Ping timeout: 248 seconds)
[20:47:43] <Sprezarka> [...rrrrrddddupdupdupdup dup]
[20:47:59] *** Sprezarka is now known as psoras
[20:48:03] *** Joins: Izeer_kom (~izeer_kom@92.40.249.191.threembb.co.uk)
[20:49:35] <Dalir> Co to mialo byc
[20:49:38] <Dalir> psoras:
[20:49:42] <Dalir> Co sie stalo xD
[20:50:02] <psoras> sorki
[20:50:25] <psoras> musiałem się sprężyć
[20:51:09] <Koh_fon> ...kay :'D
[20:55:57] <Dalir> psoras: gralbys w cards againts humanity?
[20:57:44] <psoras> grałem parę razy, fajna gra
[20:57:53] <psoras> ale nie teraz ;)
[20:57:58] <Dalir> psoras: z kim grales?
[20:58:02] <Dalir> Irl czy online?
[20:58:23] <psoras> irl
[20:58:28] <Dalir> Wow :D
[20:58:33] <Dalir> Najsu
[20:58:50] <psoras> w kucową wersję, ale jest podobnie zabawna
[20:59:17] <psoras> z wrocławskimi broniakami i Paulem Perrym
[21:00:33] <Nighti> ja mogę pograc
[21:02:26] <Nighti> Jak mozna pic czysta??
[21:02:35] <Nighti> Ni to smaku tylko pali rure..
[21:07:16] <psoras> no nie wiem, ja lubię :3
[21:07:44] <psoras> z ogórkami, bez popitki
[21:07:57] <psoras> i zmrożoną
[21:08:02] <psoras> suuuuuper
[21:10:40] <Izeer_kom> Wazne ze trzepie
[21:11:18] <psoras> ekonomiczna jest, nie szprycujesz się wodą
[21:14:19] <Dalir> Nighti: chetnys jakby co?
[21:15:39] <VanDreadPL> jakieś alko gry bez mej osoby?
[21:15:47] <VanDreadPL> chyba się pogniewamy
[21:15:49] <Dalir> Nie alko xd
[21:15:54] <Dalir> VanDreadPL: poniechaj
[21:18:17] *** Quits: Izeer_kom (~izeer_kom@92.40.249.191.threembb.co.uk) (Quit: To sie zmontuje xD)
[21:18:34] <Nighti> Dalir jak cos
[21:18:56] <Dalir> Masz szkype czy ts'a?
[21:22:13] <Dalir> N
[21:22:16] <Dalir> Nighti:
[21:24:54] <Dalir> Humm humm...
[21:25:03] <Nighti> ta?
[21:25:13] <Nighti> mam to i to
[21:25:14] *** Joins: izeer_BeerPony (1f303ece@gateway/web/freenode/ip.31.48.62.206)
[21:25:54] <Dalir> Nighti: ale na razie pogramy bez :p
[21:26:01] <Dalir> Gotowy na wbicie do mojego room'a?
[21:26:03] <Nighti> oke
[21:26:16] <Nighti> mozesz link?
[21:26:16] <Dalir> Haslo fosik
[21:27:00] <Dalir> Za momencik :p
[21:29:09] <Nighti> nie widzę twego ruma
[21:29:14] <Dalir> Mamcos problemy z create game
[21:30:15] <Dalir> Na szaro mam
[21:30:51] <Nighti> to jak naprawisz to daj zanc
[21:31:15] <Nighti> bo grom w wota
[21:32:35] <Dalir> Nighti: http://pyx-2.pretendyoure.xyz/zy/game.jsp#game=77
[21:32:57] <misiek200m> Kto wołał?
[21:33:09] <misiek200m> Soxis te switche od Razera są słabe...
[21:33:21] <misiek200m> izeer_BeerPony co chciałeś? xD
[21:35:35] <Nighti> thx
[21:36:32] <Dalir> misiek200m: chodz zagrac
[21:37:01] <VanDreadPL> https://www.facebook.com/video.php?v=855987164476079 wygląda groźnie
[21:37:22] <Dalir> psoras: chodz zagrac
[21:38:25] <psoras> poszedłbym, gdyby nie to, że już idè spać :v
[21:38:34] <Dalir> Eh ty
[21:38:34] <psoras> dobranoc
[21:38:40] <Dalir> Dobranoc
[21:38:42] <misiek200m> Dalir w co?
[21:38:51] <Dalir> W cards against humanity
[21:38:52] *** Quits: psoras (~androirc@5.172.252.47) (Quit: AndroIRC - Android IRC Client ( http://www.androirc.com ))
[21:39:02] <VanDreadPL> a w co gramy?
[21:39:05] <VanDreadPL> tez mogę?
[21:39:08] <Dalir> Tak
[21:39:12] <VanDreadPL> czy mam zakaz i mam isć grać w gta :P
[21:39:15] <Dalir> http://pyx-2.pretendyoure.xyz/zy/game.jsp#game=77 haslo fosik
[21:40:38] <Nighti> dawaj VandreadPL
[21:44:12] <VanDreadPL> no ja czekam na was
[21:44:23] <misiek200m> Widzę, że na loe nie ma chętnych Nighti VanDreadPL ;p Nawet nie ściągałem. xD
[21:44:36] <VanDreadPL> izeer_BeerPony:  po co mi loe
[21:44:39] <VanDreadPL> mam gta
[21:44:48] <VanDreadPL> w gta też są jednorożce
[21:45:06] <VanDreadPL> znaczy jest klub ze striptizem XD
[21:45:13] <VanDreadPL> unicorn club
[21:46:07] <Nighti> misiek200m też nie pobierałem
[21:46:12] <Nighti> cały czas to samo daja
[21:53:13] <misiek200m> nuby xD
[21:59:19] <McKey> #mlk2015 dodane kolorki koszulek... http://bronies.info/index.php/pl/2015/my-little-konwent-2015-informacje/#more-44
[22:47:52] <Soxis> nQ
[22:47:59] *** Quits: Soxis (~chatzilla@86-63-85-25.sta.asta-net.com.pl) (Remote host closed the connection)
[22:53:33] <Misiek> http://x3.cdn03.imgwykop.pl/c3201142/comment_PkUOzgYaCfnDFrUrf6kM6a6pVtCRgtg5.jpg klasyq xD
[22:54:50] <Misiek> https://www.youtube.com/watch?v=xkMohOUC6Ok desu kurwa mać
[22:55:59] *** Quits: Night_Spark (~Michael89@host-89-230-34-1.dynamic.mm.pl) (Quit: Connection closed)
[23:01:11] *** Joins: Night_Spark (~Michael89@host-89-230-34-1.dynamic.mm.pl)
[23:15:58] <Dalir> VanDreadPL: smiechowo bylo
[23:22:57] <Nighti> Tja
[23:33:30] <Dalir> https://i.chzbgr.com/maxW500/8475699200/hD0C07F94/ matuchnu
[23:34:10] <izeer_BeerPony> Dalir:  xDDD
[23:48:50] *** McKey is now known as [A]McKey
[23:56:22] <Nighti> Ja lece 3 majcie się
[23:56:25] <Nighti> Branoc
[23:56:29] *** Quits: Nighti (5306bb61@gateway/web/freenode/ip.83.6.187.97) (Quit: Page closed)
[23:56:44] <VanDreadPL> XD
[23:57:08] <VanDreadPL> Dalir:  dobra gra XD
[23:57:11] <VanDreadPL> swoja drogą
[23:57:28] <Dalir> No ba
