[01:43:30] *** Joins: [A]McKey (Kordus@twilightsparkle.ovh)
[01:43:31] <Litho> Wrrrr
[01:43:53] *** [A]McKey is now known as McKey
[11:21:30] <Pony_64045> wut
[11:22:49] <Pony_64045> McKey: czyje sa te hosty co bana dostały z automatu?
[11:22:52] <Pony_64045> -- | Tryb #norulez [+bb *!*@Pony-h5aqie.adsl.tpnet.pl *!*@*adsl.tpnet.pl] ustawiony przez cloudchaser.canternet.org 
[11:23:09] <McKey> A bo ja wiem :P
[11:23:17] <Pony_64045> lul
[11:23:33] *** Pony_64045 is now known as BlackBird
[11:23:33] <McKey> Ano moje ani twoje to jest dobrze xD
[11:23:59] <BlackBird> xd
[11:24:02] <BlackBird> chyba litwina
[11:24:37] <McKey> też nie
[11:24:39] <BlackBird> nie on tez ma inny..
[11:24:44] <BlackBird> hmmmm
[11:25:49] <McKey> BlackBird, a co cie to że ktoś ma bana?
[11:27:12] <BlackBird> bo nwm czy to przypadkiem niemoje boty xd
[11:28:11] <McKey> boty masz po IP :P
[11:28:15] <McKey> a tu masz domene
[11:28:20] <McKey> i to *.pl
[11:28:26] <McKey> a to tylko ja mam domene pl xD
[11:28:29] <BlackBird> no wlasnie czemu moje boty maja ip ;_;
[11:28:48] <BlackBird> jak +x im wylacze to ip wywala
[11:28:50] <McKey> bo refDNS :P
[11:28:58] <McKey> mi też coś popsuli
[11:29:01] <BlackBird> a wczesniej przeciezdzialalo..
[11:29:31] <McKey> dobra z/w ide posprzątać
[11:29:31] <BlackBird> spacja mi sie zacina ^
[11:40:55] <McKey> Jeste i ide grać w lola :P
[11:46:10] <BlackBird> rly..
[12:28:03] <McKey> No a w co mam grać?
[12:28:10] <McKey> Lol mi chodzi przyzwoicie xD
[15:37:45] *** McKey is now known as [A]McKey
[17:29:26] *** Joins: Litwinek (Litwinek@Pony-cu5.dra.196.109.IP)
[17:29:26] <Litho> Wrrrr
[17:29:28] <Litwinek> BlackBird: 
[17:29:32] <Litwinek> sprawa
[17:29:52] <Litwinek> heloooo
[17:32:14] <BlackBird> czego
[17:34:12] <Litwinek> mozesz postawic serwer
[17:34:15] <Litwinek> do terrari
[17:34:20] <Litwinek> mam pare osob do gry
[17:34:25] <BlackBird> spk
[17:34:35] <BlackBird> ale mnie na pc niema
[17:34:41] <Litwinek> FUUUUUU
[17:34:43] <Litwinek> szkoda
[17:34:44] <BlackBird> i nwm na jakiej wersji gracie
[17:34:50] <Litwinek> 1.2.4.1
[17:34:57] <Litwinek> nie bylo niczego nowego
[17:35:00] <BlackBird> to odpale w 1min
[17:35:04] <Litwinek> og
[17:35:08] <BlackBird> ale jestem na tabku
[17:35:19] <BlackBird> czeekaj
[17:35:25] <BlackBird> na vpsie chyba mam
[17:35:45] <Litwinek> ok
[17:36:51] <BlackBird> nom
[17:36:54] <BlackBird> już sie odpala
[17:38:52] <Litwinek> ip?
[17:39:11] <BlackBird> niewiem
[17:39:17] <BlackBird> port to 7777
[17:40:00] <Litwinek> xd
[17:40:05] <Litwinek> ip wlasnie mi chodzi
[17:40:12] <BlackBird> no niewiem
[17:40:23] <BlackBird> takie jak vps
[17:40:30] <Litwinek> emm
[17:40:43] <BlackBird> 0.0.0.0
[17:41:05] <Litwinek> o.0
[17:41:11] <Litwinek> daj normalny xD
[17:41:56] <BlackBird> Luna mowi ze ip to 92.222.18.86 
[17:42:02] <Litwinek> sprawdze
[17:42:13] <BlackBird> server ma konta
[17:42:18] <BlackBird> czyli /register itp
[17:42:29] <BlackBird>  /home i wiele innego syfu
[18:12:45] <Litwinek> BlackBird: otworzysz inna mape :>
[18:12:47] <Litwinek> ?
[18:12:55] <BlackBird> ale nową?
[18:13:00] <Litwinek> taka z pliku
[18:13:04] <BlackBird> jaką
[18:13:05] <Litwinek> cos pobudowana
[18:13:10] <BlackBird> ps. każda  mapa jest z pliku
[18:13:33] <Litwinek> ale no wiesz
[18:13:39] <Litwinek> hmm
[18:13:40] <BlackBird> niewiem
[18:13:45] <Litwinek> juz pobudowana od kogos
[18:14:03] <BlackBird> to daj tą mape...
[18:14:15] <Litwinek> ale ze no jak
[18:14:30] <BlackBird> jprd
[18:14:32] <BlackBird> nie
[18:14:34] <Litwinek> xD
[18:14:42] <BlackBird> pierdol sie gaj na tej
[18:14:58] <BlackBird> dasz mape to wrzuce ale niechce mi sie tobie tłumaczyć
[18:14:59] <Litwinek> ;p
[18:20:52] <Litwinek> https://www.dropbox.com/s/u55vn8rglk9fbne/world1.wld
[18:20:55] <Litwinek> tak?
[18:21:33] <BlackBird> n wm
[18:21:42] <BlackBird> ale vps'em tego niepobiore
[18:21:53] <Litwinek> :/
[18:21:57] <Litwinek> szkoda
[18:23:23] <Litwinek> to jak to ma niby dzialac
[18:23:30] <Litwinek> jesli vps nie ogarnie
[18:23:31] <Litwinek> mapy
[18:23:32] <BlackBird> link bezpośredni
[18:23:38] <BlackBird> bo wget mi html'a pobierze
[18:23:39] <Litwinek> emm
[18:23:46] <Litwinek> czyli jak to wstawic
[18:23:52] <BlackBird> link bezpośredni
[18:24:39] <Litwinek> emm
[18:25:38] <Litwinek> jak dac link bezposredni
[18:25:58] <BlackBird> jprd
[18:26:00] <BlackBird> czekaj
[18:27:08] <BlackBird> wrzuciłem mape
[18:27:12] <BlackBird> ale server jej nieznajduje
[18:27:49] <Litwinek> :<
[18:27:51] <Litwinek> Jak
[18:28:03] <BlackBird> nwm
[18:28:45] <BlackBird> ale nic dziwnego bo przeciez uruchamiam terrarie (która jest tylko na windowsa) na linuxie...
[18:29:23] <Litwinek> rly
[18:29:44] <Litwinek> to jak zrobic aby dzialalo
[18:30:40] <BlackBird> nieda sie
[18:30:41] <BlackBird> nie tutaj
[18:32:14] <Litwinek> :<
[18:47:18] <Litwinek> a wgl troche problemow bylo z twoim serwerem
[18:47:28] <Litwinek> bo tylko 3 osoby z 5 czy 6 mogly wbic
[19:04:48] <Litwinek> http://www.curse.com/maps/terraria/adventure-2-0-working-title/867415
[19:04:50] <Litwinek> o takie cos?
[19:23:02] <Litwinek> BlackBird: 
[19:23:16] <Litwinek> wbilbys na terrke dzis czy jutro? :>
[19:23:27] <Litwinek> bo na bossy fajnie by bylo
[19:23:30] <Litwinek> polazic
[19:23:35] <Litwinek> albo pobudowac
[19:48:48] <BlackBird> może
[20:35:21] <Litwinek> BlackBird: teraz wbijesz?
[20:35:26] <Litwinek> czy not
[20:35:31] <BlackBird> niema mnie na pc
[20:35:36] <Litwinek> :<
[20:35:47] <BlackBird> cza bylo okolo 18:10 pisac
[20:38:06] <Litwinek> :<
