[00:14:53] *** Quits: Electric_Psoras (Thunderbird@Pony-vj2e26.adsl.tpnet.pl) (Quit: Bye horsies!)
[00:48:33] <McKeyPL> kto dał to do radia????
[00:49:08] *** Joins: Pony_0 (~Pony_0@Pony-5i4ocp.internetia.net.pl)
[00:50:28] <Pony_0> Co to **wa za niemieckie!?
[00:50:48] <Pony_0> Nie będzie niemiec pluł nam w twarz, ni dzieci nam germanił!
[00:51:16] <Pony_0> Won z tym cholerstwem, bo mój pradziadek się w grobie przewraca!
[00:55:20] *** Pony_0 was kicked by McKeyPL (nie klnij)
[01:34:53] *** Quits: McKeyPL (Discord@antyklay.pl) (Connection closed)
[01:37:16] *** Joins: McKeyPL (Discord@Pony-b8n.b39.9.78.IP)
[01:37:31] *** Pinkamena sets mode: +h McKeyPL
[02:16:39] *** Joins: misiek200m_ (Hue@Pony-jn96p6.adsl.tpnet.pl)
[02:16:48] *** Quits: misiek200m_ (Hue@Pony-jn96p6.adsl.tpnet.pl) (Quit: Yay!)
[02:19:48] *** Quits: misiek200m (Hue@mysterious.chocolate.muffin) (Ping timeout: 121 seconds)
[10:25:43] *** Joins: Andragor (Andrabot@Pony-6prvg8.adsl.inetia.pl)
[11:14:10] *** Joins: tamjan001lubiekucyki (~tamjan001lu@Pony-qis07u.dynamic.chello.pl)
[11:15:37] <tamjan001lubiekucyki> jak nazywa się ta piosenka z Gangnam style ale z kucyków?   Leciała dzisiaj
[11:20:17] <BlackBird> hai
[11:21:06] *** Joins: Grillus (~Grillus@Pony-39s157.adsl.inetia.pl)
[11:21:09] <BlackBird> witaj
[11:27:44] *** Quits: tamjan001lubiekucyki (~tamjan001lu@Pony-qis07u.dynamic.chello.pl) (Ping timeout: 121 seconds)
[11:31:22] *** Quits: Grillus (~Grillus@Pony-39s157.adsl.inetia.pl) (Quit: Page closed)
[12:44:45] *** Joins: grillus (grillus@Pony-39s157.adsl.inetia.pl)
[12:45:27] *** Quits: grillus (grillus@Pony-39s157.adsl.inetia.pl) (Quit: Page closed)
[13:35:28] *** ArchPegasus_zZz is now known as ArchPegasusMichael
[14:19:40] *** SpikeDragon is now known as SpikeDragon|Surgery
[14:40:45] *** Joins: AndroidMaLaga (AveLuna@Pony-35t2ss.play-internet.pl)
[14:52:29] *** Quits: Andragor (Andrabot@Pony-6prvg8.adsl.inetia.pl) (Ping timeout: 121 seconds)
[15:00:55] *** Quits: AndroidMaLaga (AveLuna@Pony-35t2ss.play-internet.pl) (Quit: AndroIRC - Android IRC Client ( http://www.androirc.com ))
[15:02:00] *** Joins: BlackBirt (AveLuna@Pony-35t2ss.play-internet.pl)
[15:07:10] <mkr> Eivel.
[16:10:14] *** Quits: BlackBirt (AveLuna@Pony-35t2ss.play-internet.pl) (Quit: z/w)
[16:10:57] *** Joins: Andragor (Andrabot@Pony-6prvg8.adsl.inetia.pl)
[17:38:59] *** Quits: McKeyPL (Discord@antyklay.pl) (Connection closed)
[18:10:56] *** Joins: Proenix (Proenix@proenix.pl)
[18:12:49] *** Joins: Proenix_ (Proenix@Pony-33u.c8j.225.91.IP)
[18:14:43] *** Quits: Proenix (Proenix@proenix.pl) (Quit: Leaving)
[18:14:51] *** Quits: Proenix_ (Proenix@Pony-33u.c8j.225.91.IP) (Quit: Leaving)
[18:15:02] *** Joins: Proenix (Proenix@proenix.pl)
[18:20:44] <Proenix> Ave
[18:22:14] *** Joins: NeroDMC (NeroDMC@Pony-r85.lun.175.46.IP)
[18:22:21] <NeroDMC> Siema
[18:31:07] *** Joins: Delta3120 (Delta3120@Pony-7unsia.static.kolnet.eu)
[18:33:14] <Delta3120> mc key
[18:33:24] <Delta3120> pamiętasz o  tych nazwach? :D
[18:35:25] <NeroDMC> Witam
[18:35:45] <Delta3120> hejka
[18:36:05] <Delta3120> ostatnio wpadłem na pomysł jak możemy strolować Fire Sky xD
[18:36:20] <Delta3120> zmienimy se wszyscy nazwy na typu safkjvusrhdfugyvfed
[18:36:21] <NeroDMC> Ktoś zajał zamawianie piosneke bo nie mogę zamówić  poniewać jest pełna
[18:36:39] <Delta3120> i jak będzie czytał wyniki to się troche pomęczy xD
[18:37:16] <NeroDMC> Ja 2 dni temu miałem imieniny, ale ciiii chce to sam napisać jak FireSky będzie rozpoczynal audycje
[18:37:23] *** Joins: FireSky (FireSky@Pony-sq58b7.dynamic.chello.pl)
[18:37:23] *** [A]McKey sets mode: +v FireSky
[18:37:31] <NeroDMC> Siema firesky
[18:37:36] <FireSky> Najlepszego ^^ 
[18:37:46] <FireSky> I siemanko :3 
[18:38:25] <NeroDMC> Ale FireSky lepiej żebyś to powiedział na audycji
[18:38:29] <FireSky> Delta3120 takich osób bym sam nazywał xD 
[18:38:39] <Delta3120> acha xD
[18:38:39] <FireSky> powiem ^^ 
[18:38:56] <FireSky> jak wam się podoba mój ocek w stroju reniferka ? :3 
[18:40:13] <NeroDMC> nie widziałem go
[18:41:16] *** Joins: BlackBirt (AveLuna@Pony-35t2ss.play-internet.pl)
[18:41:39] <BlackBirt> Hai
[18:41:46] <NeroDMC> Ave
[18:41:53] <NeroDMC> Ave bracia sława i chwała
[18:42:11] <Delta3120> a w sumie to by było tak że osoba która by cały czas mówiła archie to Nero a ta która by podała tytuł piosenki Omnipony to ja xD
[18:42:54] <Delta3120> a tak btw to masz pozdrowienia od Weim Time  - Fire
[18:43:05] <NeroDMC> Kto zamiawiał cały czas piosenki Alex S?>
[18:43:43] <Delta3120> ja go nie słucham poza Ultimate Sweetie Belle i paru innych
[18:44:03] <FireSky> Delta przekazali mi dziękuję ci ;) 
[18:44:31] <FireSky> https://www.facebook.com/radioyay/photos/a.438540246255334.1073741828.395931033849589/658361187606571/?type=1&theater
[18:44:48] <FireSky> mój ocek xD
[18:45:18] <Delta3120> yay
[18:45:28] <Delta3120> super jest xD
[18:46:13] <BlackBirt> Fajny
[18:46:14] <NeroDMC> Podobno Eivel więzi swojej piwnicy ChungIP cytując jej tekst z 18 listopada "Wzięła linie i nią obwineła ChungIP, po czym wrzuciła Chung do piwnicy mówiąc "Teraz to na pewno wygram audycje".
[18:47:06] <NeroDMC> I gdzie policja w takich sytuacjach
[18:47:25] <BlackBirt> Je pączki
[18:47:31] <NeroDMC> ba dum tss
[18:48:35] <Eivel> wzięła? owinęła? NeroDMC: Może o czymś nie wiem, ale jestem facetem :P
[18:48:53] <NeroDMC> Sorry ale nick tak zawzse myli
[18:49:48] <BlackBirt> Eivel to nick dla dziewczyny o.O?
[18:50:13] <BlackBirt> 'Ona Eivel'? xD
[18:50:36] <Eivel> lady Eivel
[18:51:10] <BlackBirt> To w końcu czym jesteś
[18:51:19] <NeroDMC> hipisem xd
[18:51:46] <NeroDMC> rly aftematch bats? kto to zamówił lepszy jest tlt bats
[18:52:10] <FireSky> zgadzam się ;p 
[18:53:15] <Delta3120> lepszy jest Oodorato2 
[18:54:07] <NeroDMC> https://www.youtube.com/watch?v=ZIYTRmG21Y0 gg
[18:55:59] <FireSky> ale mnie radyjko strolowało xD
[18:56:25] <NeroDMC> jingle balls gg easy
[18:56:34] <FireSky> zamiast 3 min kazało mi od razu puścić coś xD 
[18:56:36] <Delta3120> XD
[18:56:55] <Delta3120> zacznij już moze coś mówić po tej piosence
[18:57:19] <Delta3120> a tak btw to będzie pianinowa audycja ? :D
[18:57:23] <NeroDMC> nope
[18:57:25] <FireSky> Jak coś to kucykowe ;p https://www.youtube.com/watch?v=4-QTQrK5DZI 
[18:58:03] <FireSky> wątpię że znajdę na tyle piosenek ;)
[18:58:07] *** Joins: Pony_9 (Pony_9@Pony-ssb.172.150.194.IP)
[18:58:30] <Delta3120> Weim time , DjDelta0 i ja xD
[18:58:44] <Delta3120> i jeszcze skooties
[18:58:45] *** Quits: Pony_9 (Pony_9@Pony-ssb.172.150.194.IP) (Quit: Page closed)
[18:58:54] <FireSky> na 2 h ;p znódziło mi się ale specjal 30 min moge zrobić ^^ 
[18:59:06] <Delta3120> YAY
[18:59:12] <NeroDMC> i on bedzie wiedzial
[18:59:35] <Delta3120> xD
[18:59:46] <Delta3120> ja mam imieniny 29 czerwca
[18:59:58] <Delta3120> zapisz sobie Fire xD
[19:00:49] <Delta3120> chyba ci się mikrofon wypioł
[19:01:12] <Delta3120> She is a pony wooden toaster
[19:01:12] <NeroDMC> She a pony wooden toaster
[19:01:19] <FireSky> co z mikrem ? 
[19:01:28] <Delta3120> troszeczke gorsza jakość chyba
[19:01:39] <FireSky> bo mam inny naprawię to 
[19:01:42] <FireSky> ----------
[19:01:43] <Delta3120> xD
[19:01:44] <Delta3120> spk
[19:01:46] <NeroDMC> 100
[19:01:58] <Delta3120> 50
[19:01:59] *** Joins: PeenWi (PeenWi@Pony-1skk26.dynamic.chello.pl)
[19:02:05] <FireSky> przerwa techniczna 
[19:02:10] <Delta3120> ok
[19:03:19] <BlackBirt> Witaj peenwi
[19:03:31] <PeenWi> No cześć :)
[19:03:35] <NeroDMC> Siema
[19:03:57] <BlackBirt> Wgl firesky, ledwo poczatek a juz przerwy? Coto polsat?
[19:04:12] *** Joins: Wolferain (Wolferain@Pony-05qqdn.internetia.net.pl)
[19:04:23] <Delta3120> xD
[19:04:24] <Wolferain> siema
[19:04:33] <Delta3120> mogłem siedzieć cicho :D
[19:04:34] <BlackBirt> Witam wszystkich ktorzu dolaczyli
[19:04:54] <NeroDMC> Bo musiał zrobic przerwe go mikrofonem cos nie tak
[19:05:09] <Wolferain> to teraz jest jakas audycja
[19:05:23] <NeroDMC> Ja mam tak że jak chodzi o jakość mikrofonu to mi zależy na tym żeby słyszeć
[19:05:24] <BlackBirt> 'Tak to leciało'
[19:06:21] <Wolferain> to moge chwile zostac.
[19:06:22] <FireSky> Mam spore problemy musze się rozłączyć z audycji zaraz powróci 
[19:06:40] <Wolferain> to fajnie trafilem
[19:06:46] <Wolferain> pingnij mnie ktos jak sie zacznie
[19:07:03] <Delta3120> Giggle at the gostly
[19:07:14] *** Quits: FireSky (FireSky@Pony-sq58b7.dynamic.chello.pl) (Quit: Page closed)
[19:08:13] <Delta3120> Dobra
[19:08:16] <BlackBirt> .
[19:08:17] <NeroDMC> Delta i po co wypominałeś o mikro ;-;
[19:08:19] <Delta3120> zmieniamy nicki szybko xD
[19:08:25] <Delta3120> xD
[19:08:35] *** BlackBirt is now known as epfuepfu
[19:09:22] *** Quits: Delta3120 (Delta3120@Pony-7unsia.static.kolnet.eu) (Quit: Page closed)
[19:09:24] <epfuepfu> Zmieniajcie nicki naco czekacie?
[19:09:29] *** Joins: sdavgvrshfdvfd (sdavgvrshfd@Pony-7unsia.static.kolnet.eu)
[19:09:36] <sdavgvrshfdvfd> już
[19:09:39] <epfuepfu> ./nick nowy-nick
[19:10:02] *** Joins: FireSky (FireSky@Pony-sq58b7.dynamic.chello.pl)
[19:10:02] *** [A]McKey sets mode: +v FireSky
[19:10:09] <sdavgvrshfdvfd> cześć Fire xD
[19:10:17] <epfuepfu> Hello
[19:10:34] <NeroDMC> Siema
[19:10:57] <Wolferain> heil
[19:11:23] *** sdavgvrshfdvfd is now known as Delta3120
[19:11:47] <NeroDMC> Mando brony it's ok
[19:12:02] <NeroDMC> Lepsza jakość
[19:12:06] <epfuepfu> A ja tak zostane ;p
[19:12:22] <Delta3120> okie
[19:12:28] <Wolferain> to moj pierwszy raz, wiec
[19:12:33] <Wolferain> badzcie delikatni
[19:12:34] <Wolferain> ;-;
[19:12:48] <Delta3120> xD
[19:13:00] <NeroDMC> Love cherrli tlt
[19:13:01] <Delta3120> Love me cherrile wT
[19:13:08] <Wolferain> wy cholerne boty
[19:13:21] <FireSky> ---
[19:13:28] <NeroDMC> 100
[19:13:32] <FireSky> 1000
[19:13:33] <Delta3120> wt to skrót od Wooden Toaster jakby co xD
[19:13:34] <FireSky> 100*
[19:13:36] <Wolferain> 666
[19:14:05] *** Joins: Pony_1 (Pony_1@Pony-13m.ut3.248.37.IP)
[19:14:07] <epfuepfu> FireSky: ile jest piosenek?
[19:14:10] <NeroDMC> 210
[19:14:16] <epfuepfu> Witaj randomie
[19:14:18] *** Quits: Pony_1 (Pony_1@Pony-13m.ut3.248.37.IP) (Quit: Page closed)
[19:14:18] <Wolferain> jest spoko.
[19:14:33] <Wolferain> co to za nick xd
[19:14:56] <Delta3120> :D
[19:14:58] *** Joins: Kejos (Mibbit@Pony-0395v3.zax.pl)
[19:15:05] <Kejos> Cześć
[19:15:07] <Wolferain> wlasnie!
[19:15:08] <NeroDMC> Siema
[19:15:09] <Wolferain> ._.
[19:15:09] <epfuepfu> Hai
[19:15:16] <epfuepfu> Hai
[19:15:21] <Delta3120> Mando
[19:15:22] <PeenWi> Mam opóźnienie na telefonie :(
[19:15:27] <NeroDMC> Archie
[19:15:30] *** epfuepfu is now known as random_nick
[19:15:32] <Wolferain> tez bede mial jak pojde na tablet
[19:15:35] <FireSky> nie
[19:15:36] <Delta3120> uThunder
[19:15:41] <Delta3120> Make a wish
[19:15:42] <FireSky> nie
[19:15:44] <Wolferain> make a wish remix
[19:15:46] <NeroDMC> make a wish oodrony
[19:15:50] <Delta3120> TLT
[19:15:57] <Wolferain> alex s
[19:15:58] <Wolferain> nwm
[19:15:58] <Delta3120> Foozgoz
[19:15:58] <Wolferain> ;d
[19:16:03] <NeroDMC> make a wih fire of riedsniship
[19:16:07] <random_nick> Wooden toaster
[19:16:10] <FireSky> -------------Make a Wish (Aftermath Remix)
[19:16:16] <Wolferain> tak blisko
[19:16:16] <Delta3120> no kurde xD
[19:16:25] <Wolferain> zapomnialem ze aftermath robi remix
[19:16:26] <NeroDMC> masakra panie ino masakra
[19:16:27] <Wolferain> y
[19:16:41] <Wolferain> ale moze punkty dla mnie
[19:16:44] <random_nick> Meh znam to... szkoda ze nieslucham audycji..
[19:16:48] <Wolferain> bo przynajmniej pierwsza litera taka sama
[19:17:40] <Wolferain> jak to
[19:17:44] <Wolferain> jak to.
[19:17:48] <Wolferain> oszukali mnie.
[19:17:50] <Kejos> Join the Herd
[19:17:53] <NeroDMC>  join the herd
[19:17:57] <Kejos> Forest Rain
[19:17:57] <Delta3120> Your gonna go far kid
[19:17:59] <Wolferain> join the herd
[19:18:02] <FireSky> ----------
[19:18:03] <random_nick> Join the herd
[19:18:06] <FireSky> --------
[19:18:10] <Wolferain> lel
[19:18:16] <NeroDMC> 87
[19:18:18] <Wolferain> zmiescil sie w 2 kreskach
[19:18:21] <Wolferain> ;d
[19:18:25] <Kejos> Ja wybieram?
[19:18:26] <random_nick> xD
[19:18:26] <PeenWi> Join the herd?
[19:18:38] <FireSky> Kejos numerek ? 
[19:18:43] <Kejos> 69 :V
[19:18:47] <Wolferain> ._.
[19:18:49] <Wolferain> no.
[19:18:50] <Wolferain> just no.
[19:19:07] <random_nick> Yes
[19:19:18] <Wolferain> i tak zaraz pojde
[19:19:23] <Wolferain> ._.
[19:19:33] <Delta3120> aviators
[19:19:37] <Delta3120> Friendship
[19:19:37] <Kejos> Was is das? ._.
[19:19:38] <FireSky> Wystarczy nazwa tylko ! 
[19:19:39] *** Joins: grillu (grillu@Pony-39s157.adsl.inetia.pl)
[19:19:43] <NeroDMC> shaow of the castle
[19:19:47] <Wolferain> nazwa a nie wykonawca ;p
[19:19:47] <FireSky> Delta 2 pkt ------
[19:19:58] <Delta3120> ^_^
[19:20:06] <FireSky> numerek ?
[19:20:08] <Wolferain> gowno z takimi piosenkami
[19:20:11] <Delta3120> 111
[19:20:13] <Kejos> Słowa WOlf
[19:20:23] <Wolferain> bez slow ciezko zgadnac ._.
[19:20:26] <Delta3120> o to chodzi żeby było trudno
[19:20:27] <random_nick> Nieprzeklinac tutaj!
[19:20:45] <Wolferain> wydzielina ciala to nie przeklenstwo.
[19:20:56] <Wolferain> #DealWithIt
[19:20:58] <NeroDMC> jak dojechał
[19:21:06] <random_nick> To sie 'odchody' pisze a nie..
[19:21:20] <Wolferain> mow jak chcesz
[19:21:23] <Wolferain> i tak trafi do kibla
[19:21:24] <NeroDMC> Archie
[19:21:24] <Delta3120> Archie
[19:21:32] <random_nick> Archie
[19:21:33] <Kejos> Może lekki ogar na czacie? ._.
[19:21:36] <Wolferain> serio sam wykonawca starczy
[19:21:53] <FireSky> Dobra sam wykonawca ;p 
[19:22:01] <Delta3120> xD
[19:22:01] <Wolferain> archie
[19:22:08] <Delta3120> ty cwaniaku xD
[19:22:15] <FireSky> --------
[19:22:21] <Wolferain> to to jest glupie jak sam wykonawca.
[19:22:29] <Wolferain> powinno byc ze sam tytul moze wystarczyc
[19:22:47] <Delta3120> człowieku , ogar
[19:22:47] <NeroDMC> ja znam wykonwce tej pisoenki ale tytuł nie
[19:22:54] <FireSky> trzeba trochę pomieszać xD
[19:23:01] <FireSky> Nero numerek ? 
[19:23:05] <NeroDMC> 89
[19:23:10] <Delta3120> i prawidłowo fire xD
[19:23:11] <Kejos> Wolf. Weź się w końcu ogarnij. Plis. Nie rób przysłowiowej "wiochy"
[19:23:22] <NeroDMC> Nie bądź wiesio wio
[19:23:27] <Delta3120> ja byłem przed nero xD
[19:23:31] <Wolferain> to co tu sie dzieje jest bez sensu
[19:23:41] <Kejos> To weź wyjdź
[19:23:46] <NeroDMC> Delta przejrzyj ja byłem przed tobą
[19:23:54] <Delta3120> Elliemonet
[19:24:02] <Wolferain> delta byl pierwszy
[19:24:02] <Wolferain> chcesz screena?
[19:24:08] <Delta3120> Joaf The Loaf
[19:24:11] *** Quits: grillu (grillu@Pony-39s157.adsl.inetia.pl) (Quit: Page closed)
[19:24:12] <random_nick> Emm Mam jakieś punkty? ;d
[19:24:16] <NeroDMC> Ellie monet
[19:24:17] <Wolferain> 2 chyba
[19:24:25] <FireSky> nie 
[19:24:27] <FireSky>  masz 4 
[19:24:31] <Wolferain> blisko
[19:24:36] <random_nick> Yeeem jak
[19:24:45] <Delta3120> nie wiem co to może być..
[19:24:50] <random_nick> Jak ja nieslucham audycji xd
[19:25:00] <Delta3120> lol xD
[19:25:00] <Wolferain> znam nawet slowa
[19:25:05] <Wolferain> ale nie tytul ani wykonawca
[19:25:09] <FireSky> --------------------Jeff Burgess - 2012 - 09 Beyond the Rainbow
[19:25:23] <Kejos> Aha :|
[19:25:43] <NeroDMC> [19:21] <NeroDMC> Archie [19:21] <Delta3120> Archie    Ja napisałem Archie jako pierwszy
[19:26:19] <random_nick> Potwierdzam domnie tez doszlo szybciej od nero
[19:26:27] <Kejos> Picture perfect pony
[19:26:30] <Delta3120> picture of the perfect pony ellie monet
[19:26:30] <NeroDMC> picture pertfect pony elliemonrt
[19:26:31] <FireSky> ja mam inaczej 
[19:26:31] <Wolferain> picture perfect pony
[19:26:37] <random_nick> Picture perfect pony
[19:26:39] <FireSky> --------------
[19:26:56] <Wolferain> http://i.imgur.com/KBQ0TLZ.png
[19:26:56] <NeroDMC> refresh bo mi sie nie przesuwa
[19:26:59] *** Quits: NeroDMC (NeroDMC@Pony-r85.lun.175.46.IP) (Quit: Page closed)
[19:27:06] <Kejos> Fire. 24
[19:27:13] <FireSky> 24
[19:27:20] *** Joins: NeroDMC (NeroDMC@Pony-r85.lun.175.46.IP)
[19:27:48] <Wolferain> czy ja uslyszalem "shake that butt"
[19:27:57] <NeroDMC> To czemu u mnie pokazywało ze ja pierwszy napisałem Archie
[19:28:06] <Wolferain> jestes zbugowany
[19:28:06] <Wolferain> :p
[19:28:11] <random_nick> Bo ping
[19:28:13] <Delta3120> OMNI
[19:28:25] <Delta3120> Slyphstorm
[19:28:28] <Wolferain> fak znam to
[19:28:38] <FireSky> nie
[19:28:41] <Delta3120> Rainbow Dash theme
[19:28:45] <FireSky> nie 
[19:28:46] <Delta3120> rc58
[19:28:50] <FireSky> nie 
[19:28:53] <NeroDMC> Forest rain
[19:28:55] <Delta3120> Bronyfied
[19:28:58] <Kejos> I live forever?
[19:29:03] <FireSky> Delta 1 pkt 
[19:29:04] <FireSky> nie
[19:29:09] <Wolferain> random rock pony music
[19:29:13] <NeroDMC> Brony field shadow of the castle
[19:29:16] <FireSky> nie
[19:29:23] <Delta3120> sprawdził teraz xD
[19:29:27] <Wolferain> to nie forest rain?
[19:29:31] <Kejos> Nie
[19:29:31] <FireSky> -----------------Bronyfied - Fight for the Crystal Empire (ft. Cyril the Wolf)
[19:29:33] <NeroDMC> Save of equestria brony field
[19:29:37] <Kejos> Forest Rain ma w ogóle inny głos
[19:29:39] <FireSky> Delta numerek ? 
[19:29:42] <Delta3120> 33
[19:29:49] <Wolferain> dawno nie slyszalem
[19:29:56] <Wolferain> a to cyril
[19:30:03] <Wolferain> forest rain pomylil mi sie z cyrilem
[19:30:38] <Wolferain> to zdarze sie umyc
[19:31:01] <Delta3120> Simgretina
[19:31:02] <Wolferain> ;d
[19:31:03] <NeroDMC> Archie
[19:31:13] <FireSky> sam tytuł :3 
[19:31:23] <Delta3120> ty trollu xD
[19:31:26] <random_nick> Dum dum dum
[19:31:27] <Wolferain> ;d
[19:31:38] <Wolferain> cos z fluttershy
[19:31:40] <Wolferain> strzelam
[19:32:12] <NeroDMC> my littly pony intro remix
[19:32:19] <FireSky> -------Cupcakes! (Pinkie Pie Instrumental daks Remix)
[19:32:24] <Wolferain> wut
[19:32:29] <Kejos> Tak myślałem ._.
[19:33:04] <random_nick> To niemysl tylko pisz
[19:33:18] <Wolferain> daj sernik!
[19:33:32] <random_nick> Nie
[19:33:34] <FireSky> chciałbym :v
[19:33:37] <NeroDMC> Crysta fair remix oobronoby
[19:33:40] <FireSky> nie
[19:33:44] <Kejos> A u mnie czuć pierniczki :V
[19:33:46] <Delta3120> Sernik - Daj coś na święta
[19:33:49] <random_nick> Jakis remix
[19:33:50] <Delta3120> xD
[19:33:54] <random_nick> Co wygralem?
[19:33:56] <NeroDMC> Crystal fair remix aftermatch
[19:33:57] <Kejos> Sernik- FireSky Remix
[19:34:04] <Delta3120> Fire Sky - Sernik Remix
[19:34:12] <Wolferain> Sernik - FireSky Share
[19:34:17] <random_nick> * remix *
[19:34:19] <NeroDMC> Archie crystal fair remix
[19:34:21] <FireSky> Fladeur Crystal fair song remix 
[19:34:27] <FireSky> -------- :p
[19:34:30] <Wolferain> fak
[19:34:31] <Wolferain> juz wklejalem
[19:34:35] <NeroDMC> genius
[19:34:36] <random_nick> Muhahaha zgadlem ze remix ;p
[19:34:39] <NeroDMC> cziter 2/10
[19:34:41] <Delta3120> no nie
[19:34:42] <Wolferain> jestes taki swietny
[19:35:14] <NeroDMC> ja nie znam fladuer wogole
[19:35:20] <Wolferain> pierwsze slysze
[19:35:37] <NeroDMC> Eurobeat brony discord
[19:35:37] <Kejos> Discord Euro chaos mix
[19:35:39] <Delta3120> Discor Eurobeat
[19:35:40] <Wolferain> discord
[19:35:45] <Delta3120> i oddysey
[19:35:47] <Wolferain> eurobeat
[19:35:47] <FireSky> -----------
[19:35:51] <NeroDMC> 95
[19:35:54] <Kejos> Kto? :|
[19:36:03] <Wolferain> w tej samej sekundzie
[19:36:09] <Wolferain> napisaliscie
[19:36:22] <Delta3120> 94
[19:36:26] <random_nick> A kto szybciej? (Ms)?
[19:36:31] <Wolferain> tyle nie widze
[19:36:35] <Wolferain> musze se wlaczyc
[19:36:35] <Delta3120> xD
[19:36:40] <FireSky> Nero był pierwszy więc 95
[19:36:51] <Kejos> A ja z/w :V
[19:36:55] *** Quits: Kejos (Mibbit@Pony-0395v3.zax.pl) (Quit: http://www.mibbit.com ajax IRC Client)
[19:36:55] <random_nick> A nielepiej srednia z obu numerkow?
[19:37:16] <FireSky> to zależy ode mnie >:D 
[19:37:23] <random_nick> Pff
[19:38:03] <Wolferain> ty hakierze
[19:38:12] <Wolferain> o, nie jestem najgorszy
[19:38:14] <Wolferain> jak fajnie
[19:38:24] <Delta3120> Kidnes mando
[19:38:33] <Wolferain> kindness
[19:38:35] <NeroDMC> Mnado pony kidness
[19:38:39] <Delta3120> acoustimandobrony*
[19:38:44] <random_nick> Mando pony
[19:38:51] <Wolferain> remix? ;d
[19:38:51] <FireSky> ----------
[19:39:33] <FireSky> Delta numerek ? 
[19:39:42] <Delta3120> 210
[19:40:27] <Wolferain> haha
[19:40:30] <Delta3120> xD
[19:40:43] <Wolferain> biedny
[19:40:44] <FireSky> Random ? 
[19:40:48] <Delta3120> Foozgoz You've got the music
[19:40:53] <Wolferain> you've got the music
[19:41:08] <NeroDMC> Odbrony find the music in you
[19:41:11] <FireSky> --------------
[19:41:17] <FireSky> Delta 2 pkt
[19:41:21] <Delta3120> mam to na telefonie xD
[19:41:29] <FireSky> Wolf nero 1 pkt
[19:41:31] <Delta3120> 200
[19:41:56] <Delta3120> ile jest wogóle numerków?
[19:42:00] <FireSky> 210
[19:42:12] <Delta3120> acha xD
[19:42:20] <Wolferain> to poprosze 211
[19:42:25] <NeroDMC> xd
[19:42:54] <Wolferain> jestem swietny
[19:42:56] <NeroDMC> Archie
[19:43:01] <FireSky> nie
[19:43:05] <NeroDMC> Aftermatch
[19:43:05] <Delta3120> Love is in bloom archie
[19:43:11] <Delta3120> nieeee
[19:43:14] <FireSky> nie
[19:43:19] <Wolferain> em
[19:43:25] <Wolferain> remix?
[19:43:28] <Delta3120> no to dałem numer
[19:43:29] <FireSky> nie
[19:43:30] <NeroDMC> ellie monet
[19:43:33] <Delta3120> xD
[19:43:38] <Wolferain> cover jakis
[19:43:48] <Wolferain> beyond the rainbow
[19:43:49] <FireSky> ----------------Vylet - Find the Music in You (Remix)
[19:43:49] <Wolferain> cover
[19:43:54] <Wolferain> tak blisko
[19:43:54] <Delta3120> to chłopak czy dziewczyna śpiewa
[19:43:59] <random_nick> Remix!
[19:43:59] <Delta3120> Find the music in you
[19:44:00] <Wolferain> chłopka
[19:44:00] <NeroDMC> na powaznie ;-;
[19:44:06] <NeroDMC> jakis velvetr
[19:44:07] <random_nick> Ale laga miałem
[19:44:09] <Wolferain> mowilem ze remix!
[19:44:10] *** Joins: Pony_7 (Pony_7@Pony-hel.mij.131.78.IP)
[19:44:24] <Delta3120> nie jaraj się tak
[19:44:33] <Wolferain> nikt tu sie nie jara.
[19:44:54] <Delta3120> ArtAttack
[19:45:02] <NeroDMC> sim gretina hearts strong a horses
[19:45:10] <FireSky> -----------------
[19:45:16] <Delta3120> ja cie
[19:45:18] <NeroDMC> 107
[19:45:29] <FireSky> 107
[19:45:49] <Delta3120> i tak mam jakiegoś skilla dzisiaj xD
[19:45:56] <Wolferain> ty hakierze
[19:46:25] <Wolferain> jej, awansowalem.
[19:46:45] *** Joins: Pony_4 (~Pony_4@Pony-hel.mij.131.78.IP)
[19:46:50] <Delta3120> TheDash Dub
[19:47:00] <Wolferain> thedash dub
[19:47:03] *** Quits: Pony_4 (~Pony_4@Pony-hel.mij.131.78.IP) (Quit: Page closed)
[19:47:05] <FireSky> nie
[19:47:06] <random_nick> Thedash
[19:47:07] <Delta3120> rejmania
[19:47:09] <NeroDMC> Love is in bloom nieplnospytna
[19:47:10] <FireSky> nie
[19:47:17] <Delta3120> MsRarity6
[19:47:20] <Wolferain> love is in bloom
[19:47:20] *** Joins: Annonik (Annonik@Pony-hel.mij.131.78.IP)
[19:47:24] <Wolferain> cover
[19:47:25] <Wolferain> dub
[19:47:27] <random_nick> Love is bloom
[19:47:29] <NeroDMC> love is in bloom msrarity6
[19:47:32] <FireSky> -----------------Miłości cud    Krzysiek Bukowski
[19:47:35] <NeroDMC> what
[19:47:36] <Delta3120> Love is in bloon
[19:47:38] <NeroDMC> ze oc
[19:47:38] <Wolferain> to spiewa krzysiek?
[19:47:39] <NeroDMC> co
[19:47:39] <random_nick> Dafuq
[19:47:42] <Wolferain> what
[19:47:43] <NeroDMC> chyba zarty stroicie
[19:47:46] <FireSky> to jest autor xD 
[19:47:52] <NeroDMC> 2/10 a nie autor
[19:47:53] *** Quits: Annonik (Annonik@Pony-hel.mij.131.78.IP) (Quit: Page closed)
[19:47:53] <FireSky> ale nie wykonawca :v
[19:48:04] <Wolferain> wykonawcy nie ma w tytule?
[19:48:09] <Wolferain> frajer z tego krzysia
[19:48:12] *** Quits: Pony_7 (Pony_7@Pony-hel.mij.131.78.IP) (Ping timeout: 121 seconds)
[19:48:14] <Andragor> Katarzyna Owczarz jeśli kogoś interesuje :)
[19:48:22] <Wolferain> woo andragor.
[19:48:28] <Delta3120> OMNI
[19:48:29] *** Joins: Pony_9 (Pony_9@Pony-hel.mij.131.78.IP)
[19:48:43] <NeroDMC> Pinkie pie theme rc88
[19:48:43] <Delta3120> Twitch
[19:48:50] <FireSky> -------------
[19:48:50] <Pony_9> lol nie mogę dołączyć do czatu z swoim nickiem :P
[19:48:56] <NeroDMC> 109
[19:48:57] <FireSky> Nero 
[19:48:59] <Delta3120> Husarz?
[19:49:28] <FireSky> weź coś innego bo to medley 1-4 sez xD
[19:49:28] <random_nick> Pony_9 a jaki jest twoj prawdziwy nick?
[19:49:29] <Wolferain> po co takie wysokie numery bierzecie
[19:49:35] <Pony_9> Annonik :P
[19:49:47] <NeroDMC> tydzien temu narzekali ze braliśmy mniejsze numerki
[19:49:59] <random_nick> Sprubuj /nick Annonik.
[19:50:03] <Delta3120> Moonrise
[19:50:11] *** Pony_9 is now known as Annonik
[19:50:12] <FireSky> NeroDMC weź inny 
[19:50:16] <NeroDMC> 114
[19:50:17] <Annonik> działa
[19:50:27] <Wolferain> widzimy
[19:50:31] <Annonik> 20 minut próbowałem wejść :d
[19:51:11] <Delta3120> póść moonrise na przerwie
[19:51:31] <Delta3120> Rc588
[19:51:35] <Annonik> my little pony halloween rocks
[19:51:47] <Wolferain> nie wiem czyje kopiowac
[19:51:52] <FireSky> Annonik 1 pkt
[19:51:55] <Annonik> oodorato2
[19:51:58] <FireSky> -------------
[19:51:59] <NeroDMC> Archie halloween rock
[19:52:10] <FireSky> Annonik numerek ? 
[19:52:19] <Wolferain> wez 1
[19:52:19] <Annonik> 148
[19:52:27] <Wolferain> co z wami.
[19:52:39] <Annonik> lubuję się po środku :D
[19:52:40] <Wolferain> two more minet
[19:53:08] <Wolferain> luty?
[19:53:19] <Delta3120> znam to
[19:53:26] <NeroDMC> rainbowlicious
[19:53:27] <Delta3120> Giggle at the gostly
[19:53:34] <Wolferain> rainbowlicious
[19:53:35] <FireSky> Nero 1 pkt
[19:53:38] <NeroDMC> archie
[19:53:38] <Delta3120> nonie
[19:53:43] <Wolferain> remix.
[19:53:45] <Annonik> giggle serio?
[19:53:46] <Delta3120> nero mnie wyrzedził
[19:53:57] <NeroDMC> aftermatch
[19:54:02] <Wolferain> aftermath*
[19:54:03] <FireSky> ------------Rainbowlicious (PhonyBrony Remix)
[19:54:09] <NeroDMC> 45
[19:54:26] <Wolferain> dobra jeszcze jedna i ide.
[19:54:37] <random_nick> Dobranoc
[19:54:41] <Annonik> może zgadniesz, to weźmiesz 1 :D
[19:54:52] <Wolferain> juz przerwa?
[19:54:57] <random_nick> Ile mam punktow?
[19:55:07] <Wolferain> -1
[19:55:26] <random_nick> Yay
[19:55:58] <NeroDMC> nie znam tego bede zgadywał
[19:56:00] <NeroDMC> Archie
[19:56:01] <Wolferain> do you want to see the moonrise
[19:56:05] <Delta3120> Do you wonna watch the moonrise
[19:56:12] <random_nick> Bo nieslucham audycji ;d niemam transferu i nawet na czacie mam lagi, co dopiero w radiu
[19:56:12] <Annonik> I want to see the moon rise
[19:56:12] <FireSky> Wolf 1 pkt 
[19:56:18] <NeroDMC> Aftermatch
[19:56:23] <Wolferain> aftermath*
[19:56:23] <random_nick> Do you want to see moon rise
[19:56:49] <Wolferain> to teraz przerwa tak
[19:56:51] <NeroDMC> elliemonet
[19:56:53] <FireSky> ----------------------------Do You Want To See The Moon Rise- [EileMonty & MEMJ0123]
[19:56:58] <FireSky> Nero 1 pkt 
[19:57:03] <NeroDMC> yjest udało mi się przed kreska
[19:57:12] <NeroDMC> 1 pkt
[19:57:27] <random_nick> Zle napiales ;p
[19:57:35] <Wolferain> on ciagle zle pisze
[19:57:44] <random_nick> Napisales 'ellie' a nie 'eile' ;p
[19:57:52] <Wolferain> monet zamiast monty
[19:58:14] <Wolferain> to ide
[19:58:19] <Delta3120> moonrise włącz
[19:58:37] <random_nick> Niec luna bedzie z toba wolf
[20:00:47] *** Quits: PeenWi (PeenWi@Pony-1skk26.dynamic.chello.pl) (Ping timeout: 121 seconds)
[20:02:06] *** random_nick is now known as BlackBirt
[20:06:28] <Wolferain> jj
[20:07:43] <NeroDMC> za 2 min koniec przerwy
[20:07:46] *** Joins: Kejos (Mibbit@Pony-0395v3.zax.pl)
[20:08:00] <Kejos> Jestem i z/w
[20:10:27] <Delta3120> daj omni
[20:10:30] <NeroDMC> nie
[20:10:32] <Delta3120> xD
[20:10:37] <NeroDMC> Batty eurobeat
[20:10:39] <Delta3120> The pony of shadow
[20:10:44] <FireSky> ------------
[20:10:47] <NeroDMC> 32
[20:10:48] <Delta3120> Eurobeat
[20:10:58] <Annonik> eurobeat brony discord
[20:11:04] <Wolferain> eurobeat discord
[20:11:11] <Wolferain> eurowizja - discord
[20:11:11] <Delta3120> czemu on się zawsze wzoruje na Toccata i Fuga d-moll
[20:11:13] <Annonik> eurobeat batty*
[20:11:22] <FireSky> 32
[20:11:31] <NeroDMC> jak się spóźnili xd
[20:11:43] <Wolferain> ja tej kreski nie zauwazylem
[20:11:47] <Wolferain> wtf.
[20:11:48] <Wolferain> ._.
[20:11:50] <Annonik> czat mi się sam nie przewija ;(
[20:11:56] *** Quits: Annonik (Pony_9@Pony-hel.mij.131.78.IP) (Quit: Page closed)
[20:11:58] <BlackBirt> F5
[20:12:03] <NeroDMC> to musisz refresh jak ci nie przewija
[20:12:18] *** Joins: Pony_6 (Pony_6@Pony-hel.mij.131.78.IP)
[20:12:18] <Delta3120> HAHA
[20:12:22] <NeroDMC> xd
[20:12:27] *** Pony_6 is now known as Annonik
[20:13:02] <Delta3120> Twitch
[20:13:03] <NeroDMC> Archie
[20:13:15] <FireSky> nie
[20:13:15] <Delta3120> ArtAttack - Baloon Party
[20:13:18] <FireSky> nie
[20:13:23] <NeroDMC> Aftermatch
[20:13:27] <FireSky> nie
[20:13:34] <NeroDMC> aviators
[20:13:45] <FireSky> nie
[20:13:45] <Delta3120> rc58
[20:13:54] <NeroDMC> Ooodorato
[20:13:58] <FireSky> -----------------Crystal_Slave_-_SuperDash_(Dj_Gestap_remix)
[20:14:04] <Wolferain> gestapo remix?
[20:14:06] <Wolferain> what
[20:15:18] <Delta3120> BlackGryph0n
[20:15:23] <FireSky> nie
[20:15:26] <NeroDMC> Forest rain
[20:15:27] <FireSky> nie
[20:15:30] <Wolferain> lol.
[20:15:33] <NeroDMC> aftermatch
[20:15:36] <FireSky> nie
[20:15:36] <Annonik> babs seed 
[20:15:37] <FireSky> nie
[20:15:39] <NeroDMC> archie
[20:15:41] <FireSky> nie
[20:15:43] <Andragor> xD
[20:15:43] <Delta3120> Archie
[20:15:45] <FireSky> nie
[20:15:46] <Delta3120> xd
[20:15:51] <Wolferain> em
[20:15:52] <Wolferain> remix
[20:15:56] <FireSky> nie
[20:15:58] <Wolferain> jak to.
[20:16:11] <FireSky> --------------------------------dBPony-Miles
[20:16:32] <Wolferain> decypony
[20:16:36] <Wolferain> nie znam
[20:16:37] <Annonik> LOL jak włączyłem youtube to jest w "Wybrane dla ciebie" :D
[20:17:00] <NeroDMC> xd
[20:17:03] <NeroDMC> gg
[20:17:08] <Wolferain> posiedze do -:30
[20:17:16] *** Quits: Annonik (Pony_6@Pony-hel.mij.131.78.IP) (Quit: Page closed)
[20:17:48] <NeroDMC> Archie the pinkie pie style
[20:17:51] <Delta3120> ArtAttack
[20:17:56] <Delta3120> Archie
[20:18:01] <BlackBirt> Archie
[20:18:03] <FireSky> ---------
[20:18:09] <NeroDMC> 70
[20:18:11] <Wolferain> foh na zycie
[20:18:17] *** Joins: Pony_8 (~Pony_8@Pony-hel.mij.131.78.IP)
[20:18:18] <FireSky> Nero 2 pkt 
[20:18:21] <FireSky> reszta 1 
[20:18:23] *** Pony_8 is now known as Annonik
[20:18:24] <BlackBirt> Witaj randomie
[20:18:39] <BlackBirt> A to witaj annonik xD
[20:18:55] <FireSky> 70
[20:19:03] <Kejos> I'll back
[20:19:05] <Annonik> co chwila mam problemy z czatem ;-;
[20:19:37] <NeroDMC> Ja przesuniesz suwak na czacie to ci sie wylaczyly automatyczne przesuwanie
[20:19:38] <BlackBirt> Pobierz sobie jakiegos klienta irc to skoncza sie problemy
[20:20:03] <NeroDMC> ja tez mam ta na telefonie
[20:20:07] <Delta3120> Always A good time
[20:20:14] <Delta3120> Archie
[20:20:19] <NeroDMC> Aftermatch
[20:20:27] <Delta3120> Aftermath
[20:20:28] <FireSky> nie ;p 
[20:20:30] <Delta3120> xD
[20:20:34] <NeroDMC> oodorato
[20:20:35] <Delta3120> Evening Star
[20:20:45] <FireSky> nie 
[20:20:52] <NeroDMC> forest rain
[20:20:55] <Delta3120> proud to be a brony
[20:20:58] <FireSky> -------------------FritzyBeat - Aerial Promenade
[20:21:49] *** Joins: Wolferain_ (Wolferain@Pony-05qqdn.internetia.net.pl)
[20:21:55] <Wolferain_> eh
[20:21:59] <Kejos> Yup :|
[20:22:01] <Wolferain_> blue screen
[20:22:02] <Delta3120> xD
[20:22:08] <Delta3120> powiedz że omni
[20:22:09] <BlackBirt> Pobierz sobie klienta irc
[20:22:13] *** Quits: Wolferain (Wolferain@Pony-05qqdn.internetia.net.pl) (Ping timeout: 121 seconds)
[20:22:15] <BlackBirt> Np. Hexchat
[20:22:18] *** Wolferain_ is now known as Wolferain
[20:22:23] <Annonik> miałem w tym tygodniu 4 razy blue screen ;-;
[20:22:26] <Wolferain> mam xchat'a
[20:22:41] <Delta3120> Alex S - Pinkie With Pinkie
[20:22:48] <Wolferain> alex s
[20:22:50] <NeroDMC> xd
[20:23:01] <BlackBirt> Annonik: jaki powod? Jaki kod błędu?
[20:23:01] <Wolferain> ale radia nie mialem wlaczonego
[20:23:01] <Wolferain> lel
[20:23:08] <NeroDMC> How applejack won the war
[20:23:08] <Kejos> How applejack won the wart
[20:23:08] <Delta3120> Antropology
[20:23:09] <Kejos> *war
[20:23:10] <Annonik> bo ja wim :D
[20:23:15] <Wolferain> how applejack won the war
[20:23:16] <Delta3120> Hatw
[20:23:19] <Annonik> how applejack won the war
[20:23:20] <BlackBirt> To ci niepomoge
[20:23:21] <FireSky> Nero 2 pkt
[20:23:24] <BlackBirt> Hawtw
[20:23:25] <NeroDMC> 20
[20:23:31] <Kejos> A ja? :|
[20:23:36] <Delta3120> *hawtw
[20:23:37] <NeroDMC> bylo kto pierwszy napise
[20:23:44] <FireSky> wybacz mówiłem 1 osoba ;p 
[20:23:46] <Kejos> No to ja pierwszy byłem
[20:23:50] <FireSky> 20 
[20:23:50] <NeroDMC> nie
[20:23:52] <Wolferain> nero
[20:23:57] <FireSky> Nero był
[20:24:07] <Kejos> U mnie jestem wyżej :|
[20:24:07] <Wolferain> BlackBirt ja teraz mialem bluescreena driver irql less or not equal
[20:24:27] <Kejos> Mogę nawet screena zrobić jak ktoś niewierzy :|
[20:24:31] <BlackBirt> Annonik: jak ci znowu wywali bsod'a to zapisz sobie licze ktora jest po 'STOP:' to bedzie x0000itd
[20:24:33] <Wolferain> tez moge.
[20:24:47] <NeroDMC> a ja mailem ze napisałem pierwszy ale ini widzieli ze delta napisał pierwszy
[20:24:51] <Wolferain> pod numerem jest nazwa bledu
[20:24:59] <Annonik> myślałem, że będzie to rainbow factory albo loyalty xd
[20:25:20] <BlackBirt> Ja mialem 20x bsoda z powodu napiecia na procku i niestabilnosci mostka na mobo
[20:25:25] <Delta3120> to póść omniego xD
[20:25:38] <Kejos> http://i.imgur.com/OgthKEt.png Macie :|
[20:25:47] <Kejos> Anthropology Remix
[20:25:47] <Delta3120> Antropology
[20:25:47] <NeroDMC> Antropology
[20:25:48] <Wolferain> mi sie nie wlacza komp z podlaczona klawiatura
[20:25:50] <Wolferain> anthropology
[20:25:51] <NeroDMC> elliemonet
[20:26:02] <Delta3120> Eli monty
[20:26:05] <FireSky> -------
[20:26:08] *** Joins: Pony_7 (~Pony_7@Pony-a8nmpt.dynamic.t-mobile.pl)
[20:26:12] <NeroDMC> 91
[20:26:19] <Pony_7> !Antropology
[20:26:23] <Kejos> Nero. Nie wyrywaj się bo pierwszy nie byłeś
[20:26:24] <Eivel> Kejos: gdy wysyłasz coś na irc, to lokalnie pojawia się u ciebie zanim wyśle to do serwera. Dlatego możesz widzieć inny szyk niż reszta
[20:26:24] <Wolferain> delta pierwszy
[20:26:43] *** Quits: Pony_7 (~Pony_7@Pony-a8nmpt.dynamic.t-mobile.pl) (Quit: Page closed)
[20:26:50] <FireSky> Kejos numerek ? 
[20:26:51] <Annonik> tak dokładnie to jest remix Yoka the Changeling
[20:26:59] <Kejos> 2
[20:27:01] *** Joins: MsTinaXD (MsTinaXD@Pony-a8nmpt.dynamic.t-mobile.pl)
[20:27:07] <MsTinaXD> hej
[20:27:09] <BlackBirt> Witaj
[20:27:17] <NeroDMC> Jakim prawie kejos nie podal wykonawce
[20:27:19] <Wolferain> kto ma internet z t-mobile
[20:27:22] <Wolferain> to nie sie kalkuluje
[20:27:34] <Wolferain> nikt nie podal.
[20:27:54] <Kejos> Eivel. I to jest chamskie :C
[20:28:06] <NeroDMC> Forest rain
[20:28:08] <Delta3120> Loyalty Acoust
[20:28:11] <Delta3120> cover
[20:28:14] <FireSky> --------------------
[20:28:16] <NeroDMC> ze co
[20:28:20] <Wolferain> co co tak szybko ta kreske
[20:28:22] <FireSky> 2 pkt Delta
[20:28:22] <Wolferain> panie
[20:28:25] <NeroDMC> naprawde cover
[20:28:26] <Wolferain> ja juz pisalem.
[20:28:27] <Delta3120> xD
[20:28:49] <FireSky> numerek ? 
[20:28:52] <MsTinaXD> na czym polega ta audycja?
[20:29:02] <FireSky> zaraz powiem
[20:29:04] <Wolferain> tych dwoch zgaduje wszystko i wygrywa wszystko
[20:29:07] <Wolferain> a ty nie masz jak wygrac
[20:29:09] <BlackBirt> Na zgadywaniu nazw piosenek
[20:29:35] <FireSky> numerek Delta ? 
[20:30:00] <Wolferain> chyba afczy.
[20:30:03] <Wolferain> sam sobie wybierz.
[20:30:08] <Wolferain> masz moje blogoslawienstwo
[20:30:30] <MsTinaXD> mimo to nie kapuje :/
[20:31:11] <BlackBirt> W radiu leci jakas piosenka ale zamiast nazwy ma numerek, ty musisz zgadnąć nazwe utworu i wykonawce
[20:31:19] <Wolferain> sam pisalem nic nie kopiowalem.
[20:31:20] <Annonik> powinienem zmienić nazwę na "po przerwie" bo coś słabo mi się zgaduję (wypaliłem się)
[20:31:22] <Wolferain> ._.
[20:31:31] <Wolferain> powinno byc wysylanie na pw, nie byloby kopiowania
[20:31:37] <BlackBirt> Mozesz zgadnąć tylko nazwe, tylko wykonawce ale najlepiej oba naraz
[20:32:04] <Delta3120> Fire sky - wysłałem ci "pare" piosenek na następny raz xD
[20:32:20] <NeroDMC> Don't mine at night
[20:32:21] <Delta3120> Don't mine at night
[20:32:23] <Kejos> Don't mine atnight
[20:32:25] <Delta3120> HA
[20:32:29] <Delta3120> xD
[20:32:29] <Wolferain> don't mine at night
[20:32:31] <Annonik> don't mine at night
[20:32:37] <Wolferain> te fagasy zgaduja zanim muzyka leci
[20:32:39] <Delta3120> 68
[20:32:42] <BlackBirt> Wolferain: ale wtedy tacy jak ja (niesłuchajácy radia) niemieli by szans na zdobycie punktów xd
[20:32:42] <NeroDMC> Delta mi pokazuje że ja napisałem pierwszy ;-;
[20:32:58] <Wolferain> ty i tak nie dostajesz punktow
[20:33:01] <FireSky> --------------
[20:33:01] <Annonik> sory, ale przed piosenką się nie liczy xd (sam tak zrobiłem na tej samej piosence)
[20:33:07] <Wolferain> nero pierwszy.
[20:33:17] <Delta3120> http://puu.sh/dGJDo/7ad498c10e.png
[20:33:39] <MsTinaXD> don't mine at pony
[20:33:48] <NeroDMC> 55
[20:33:49] <FireSky> Nero numerek ? 
[20:33:52] <FireSky> ok 
[20:33:57] <Delta3120> mi pokazuje że ja pierwszy xD
[20:34:04] *** Joins: Pony_4 (~Pony_4@Pony-5s481d.gprs.plus.pl)
[20:34:19] <MsTinaXD> kocham te piosenke 
[20:34:25] <NeroDMC> ja też
[20:34:26] <Wolferain> nie wiem co to ma w ogole wspolnego z kucykami
[20:34:31] <BlackBirt> Delta3120: idź do wujka google i dowiedz sie jak dziala opużnienie na irc (ping)
[20:34:38] <Wolferain> to jest cover piosenki o minkrafcie.
[20:34:43] <Delta3120> acha
[20:34:45] <Annonik> Delta3120 , też tak miałem w finale jak z Andragorem remisowałem xd
[20:34:53] <NeroDMC> Archie
[20:34:56] <Delta3120> Evening star
[20:35:03] <Wolferain> pianino.
[20:35:07] <FireSky> Delta 1 pkt
[20:35:12] <Wolferain> evening star
[20:35:29] <FireSky> odp już była
[20:35:35] <BlackBirt> Gj widac ze przepisane xd
[20:35:36] <Wolferain> a kreska nie
[20:35:37] <Wolferain> :3
[20:35:48] <BlackBirt> Byla
[20:35:49] <FireSky> ale autor :p 
[20:35:58] <NeroDMC> aftermatch
[20:36:01] <Wolferain> a autor to jakis random
[20:36:04] <Wolferain> czlowieku
[20:36:04] <FireSky> -------------------------------Evening Star - Kindness
[20:36:09] <Wolferain> jakmasz pisac ciagle to samo
[20:36:15] <Wolferain> to pisz chociaz bez bledu
[20:36:17] <BlackBirt> Boshe evening star to autor..
[20:36:29] <FireSky> Delta numerek ? 
[20:36:30] <Kejos> Wolf. Sam nie piszesz lepiej tak się składa
[20:36:39] <Wolferain> kiedy popelnilem blad
[20:36:44] <Wolferain> kiedy.
[20:36:48] <FireSky> teraz xD
[20:36:52] <Delta3120> 68
[20:36:54] <Kejos> W całym tamtym zdaniiu :V
[20:37:05] <Wolferain> jaki blad znow
[20:37:08] <Wolferain> u
[20:37:19] <Kejos> Wolferain	jakmasz pisac ciagle to samo 20:36	Wolferain	to pisz chociaz bez bledu
[20:37:20] <FireSky> Delte weź inne 
[20:37:34] <Wolferain> no i gdzie w tym blad
[20:37:50] <Annonik> do ilu są numerki?
[20:37:56] <Kejos> Masz coś takiego jak ALT na klawiaturze :|
[20:37:57] <FireSky> 210 
[20:38:02] <Wolferain> serio?
[20:38:03] <Kejos> Do 210 Annonik
[20:38:06] *** Quits: Pony_4 (~Pony_4@Pony-5s481d.gprs.plus.pl) (Ping timeout: 121 seconds)
[20:38:07] <Wolferain> czepiasz sie kreseczek?
[20:38:08] <Annonik> Dzięki
[20:38:16] <Wolferain> nie moge pisac z altem
[20:38:29] <Annonik> laptop?
[20:38:35] <Wolferain> sterowniki
[20:38:40] <Delta3120> Sim Gretina 
[20:38:41] <Annonik> aha
[20:38:43] <NeroDMC> Giggle at the gostly aftermatch
[20:38:51] <Wolferain> wezcie go bo go zjem
[20:38:52] <FireSky> ---------------------
[20:38:54] <Delta3120> Gilggle at the goslty
[20:38:54] <Annonik> gilggle at the ghostlies aftermath
[20:38:58] <NeroDMC> 64
[20:39:00] <FireSky> -------------
[20:39:25] <Annonik> NeroDMC koksi xd
[20:39:30] <NeroDMC> Wiem
[20:39:46] <BlackBirt> Czemu akurat jak mnie nima to takie łatwe..
[20:39:46] <Wolferain> kiedy sie nauczysz ze to jest aftermath
[20:41:34] *** Joins: MsTinaXD_ (~MsTinaXD@Pony-a8nmpt.dynamic.t-mobile.pl)
[20:41:41] <BlackBirt> Hai
[20:41:57] <Annonik> panzer vor xd
[20:42:13] <Delta3120> Aviators
[20:42:18] <Delta3120> Archie
[20:42:20] <Wolferain> remix
[20:42:25] <Delta3120> Foozgoz
[20:42:30] <BlackBirt> Remix!
[20:42:31] <FireSky> Delta 1 pkt
[20:42:37] <NeroDMC> Winter wrap up
[20:42:46] <BlackBirt> Make a wish
[20:42:50] <Delta3120> Winter spirit
[20:42:59] <Wolferain> winter wrap up
[20:42:59] <BlackBirt> Make it special
[20:43:14] <Delta3120> Foozgoz - Winter Spirit
[20:43:14] <FireSky> Delta 2 pkt ----------
[20:43:22] <Delta3120> yay
[20:43:33] <FireSky> numerek ? 
[20:43:43] <Delta3120> 78
[20:43:53] <FireSky> było 
[20:43:55] <Delta3120> 3
[20:44:00] *** [A]McKey is now known as McKey
[20:44:28] <Annonik> Ktoś się ucieszył, że tak "niskie" numerki.
[20:44:43] <Wolferain> tryskam radoscia.
[20:44:48] <McKey> FireSky>> przelotem jestem. Spokuj jest?
[20:45:04] <Wolferain> ty to robisz specjalnie ;-;
[20:45:05] <FireSky> Spokój jest xD
[20:45:10] <Delta3120> Ponyphonic
[20:45:13] <Kejos> Yup
[20:45:15] <Wolferain> remix
[20:45:24] <NeroDMC> oodorato
[20:45:24] <FireSky> nie
[20:45:32] <Delta3120> zw
[20:45:44] <McKey> to spadam
[20:45:46] <NeroDMC> Archie
[20:45:50] <FireSky> nie
[20:45:54] <McKey> ni ma czasu na radio bo święta idą
[20:45:55] <Wolferain> nikolas dominique
[20:45:58] <NeroDMC> Aftermatch
[20:46:06] <FireSky> --------------------------After Megaspells' Blast Nicolas D
[20:46:12] <FireSky> Wolf 1 pkt
[20:46:16] <Wolferain> jestem bogiem tej gry
[20:46:20] *** Quits: MsTinaXD_ (~MsTinaXD@Pony-a8nmpt.dynamic.t-mobile.pl) (Quit: Page closed)
[20:46:35] <Wolferain> poznalem rodaka
[20:46:36] <Delta3120> jj
[20:46:45] <Wolferain> 9
[20:47:03] *** BlackBirt is now known as r100010
[20:47:03] <Wolferain> jestem nieprzyzwyczajony do wybierania, rozumiesz.
[20:47:08] <r100010> xD
[20:47:14] *** Joins: Hck (Hexie@Twilight.Is.Best.Pony)
[20:47:16] <FireSky> czyj to remix ?
[20:47:17] <Hck> hej
[20:47:18] <NeroDMC> Archie
[20:47:19] <Wolferain> ale zem wybral
[20:47:20] <r100010> Hck!
[20:47:23] <NeroDMC> Aftermatch
[20:47:25] <r100010> Ty zyjesz!
[20:47:28] <Annonik> loyalty drumstep remix
[20:47:28] <Delta3120> ArtAttack
[20:47:31] *** McKey is now known as [A]McKey
[20:47:36] <Wolferain> moj remix.
[20:47:37] <Wolferain> hahaaa
[20:47:39] <NeroDMC> the living tombstone
[20:47:45] <FireSky> nie
[20:47:46] <Delta3120> ?
[20:47:49] <Annonik> FainLikesMusic
[20:47:49] <NeroDMC> uthunder
[20:48:03] <FireSky> ----------------------------Alex S - Loyalty EP - 06 Loyalty (Alex S Remix)
[20:48:05] <Annonik> AcoustiMandoBrony - Loyalty (Alex S. Remix) [DRUMSTEP] - FainLikesMusic
[20:48:10] <FireSky> ---------------
[20:48:10] <NeroDMC> genius
[20:48:11] <Wolferain> fak alex s
[20:48:14] <FireSky> uznam xD
[20:48:17] <r100010> loyalty nikt niezgadl?!?
[20:48:19] <NeroDMC> Annonik zrobic kopiuj - wklej
[20:48:22] <FireSky> Annonik numerek ? 
[20:48:25] <Delta3120> to Alex S zrobił to? a ja nic o tym nie wiem? xD
[20:48:29] <Annonik> 19
[20:48:56] <Annonik> ja się świętami nie mogę cieszyć ;-;
[20:49:03] <NeroDMC> To moze 1 pkt dla anoonika a nie 2 pkt
[20:49:04] <Wolferain> jezdem ateistom
[20:49:07] <Wolferain> walic swienta
[20:49:38] <Annonik> ja mam żałobę ;-;
[20:49:45] <NeroDMC> Archie
[20:49:48] <Delta3120> Mando
[20:49:54] <Delta3120> i Acoustic
[20:49:54] <Wolferain> mandopony chyba
[20:49:57] <FireSky> Delta 1 pkt
[20:50:06] <Delta3120> najs
[20:50:18] <FireSky> Annonik ja miałem w tym okresie 3 lata temu wiem co czujesz :/ 
[20:50:24] <Wolferain> dobra yolo wam
[20:50:27] *** Quits: Wolferain (Wolferain@Pony-05qqdn.internetia.net.pl) (Quit: Leaving)
[20:50:35] <r100010> ej
[20:50:37] <NeroDMC> Mando never
[20:50:38] *** Quits: Kejos (Mibbit@Pony-0395v3.zax.pl) (Quit: http://www.mibbit.com ajax IRC Client)
[20:50:40] <r100010> niedal sie pozegnac..
[20:50:54] <FireSky> -------------Away in the Sky - by MandoPony
[20:51:11] <Delta3120> ty wybierz teraz numer
[20:51:29] <r100010> kto zna binarke? niech sobie zamieni 100010 to zrozumie moj nick xd
[20:51:29] <FireSky> ok zamierzałem i tak xD
[20:51:34] <Annonik> Numerek to dedykacja dla dziadka, bo zmarł 19 grudnia 2014, a dzisiaj był pogrzeb
[20:51:57] <NeroDMC> jak bedzie jak tydzień temu ostatnia piosenka za 3 pkt bo różnica miedzy 1 a 2 miejsce wynosi 2 pkt
[20:51:57] <r100010> 1 min ciszy?
[20:52:05] <Delta3120> to ja już wiem co będzie xD
[20:52:50] <Delta3120> AcoustiMandoBrony - Loyalty
[20:52:54] <Delta3120> niech toi
[20:52:54] <Annonik> Interesujące
[20:53:00] <FireSky> nie
[20:53:06] <Delta3120> xD
[20:53:11] <Annonik> znam ;-p
[20:53:18] <Delta3120> jak może być audycja bez loyalty
[20:53:19] <r100010> united land :v
[20:53:30] <FireSky> były już dwie xD
[20:53:31] <Annonik> jurney of the spark
[20:53:37] <FireSky> loyalty w tej audycji ;p 
[20:53:42] <Delta3120> ty trollu xD
[20:53:51] <FireSky> --------------------On Our Way_ Original song from Journey of the Spark!
[20:54:02] <NeroDMC> jednak 1 miejsce mam 
[20:54:26] <Annonik> kto zdobył punkty?
[20:54:29] <NeroDMC> ty
[20:54:29] <r100010> ile mam punktow? (BlackBirt lub random_nick lub r100010)
[20:54:34] <Annonik> bo mi czat ścina
[20:54:40] <r100010> mialem 3 nicki xd
[20:54:48] <NeroDMC> Annonik ty zdobyłeś 
[20:54:56] <Annonik> yay
[20:55:28] <Delta3120> Wysłałem ci piosenki fire xD
[20:55:38] <Delta3120> wzajemnie ;)
[20:55:38] <Annonik> Nero, godnie mnie zastępujesz, bo ja raczej tym razem się wypaliłem, lub emerytura xd
[20:55:41] <r100010> FireSky: ile otrzymalem punktow? napisz bo nieslucham radia xd
[20:55:43] <Hck> dzięki :)
[20:55:59] <NeroDMC> Ja już znikam z czatu bye
[20:56:03] *** Quits: NeroDMC (NeroDMC@Pony-r85.lun.175.46.IP) (Quit: Page closed)
[20:56:18] <r100010> boshe no!
[20:56:23] <r100010> nikt sie nieda pozegnac
[20:56:25] <Annonik> Ja spędzię przy CS:GO bo niedawno zakupiłem ^^
[20:56:30] <r100010> tylko odrazy wychodza..
[20:57:06] <Delta3120> Awoken xD
[20:57:10] <FireSky> Do zobaczenia i jeszcze raz wesołych świąt ^^ 
[20:57:31] <Annonik> Co to była za piosenka?
[20:57:32] <r100010> Niech Luna bedzie z toba
[20:57:57] *** Quits: FireSky (FireSky@Pony-sq58b7.dynamic.chello.pl) (Quit: Page closed)
[20:58:05] <Annonik> To się nie dowiem ;-;
[20:58:58] <r100010> jak podasz tytol to ci powiem coto byla za piosenka
[20:59:15] <Annonik> Pokazać wam sztuczkę?
[20:59:21] <r100010> nie ;p
[20:59:55] <r100010> boshe zartuje pokazuj
[21:00:10] * Annonik slaps [A]McKey around a bit with a large fishbot
[21:00:14] <r100010> pff
[21:00:21] <Annonik> xd
[21:00:29] <Annonik> magia xd
[21:00:33] <BlackBird>  ja umiem lepiej ;p
[21:00:46] * BlackBird gives [A]McKey a hearty slap
[21:00:48] * BlackBird スラップ [A]McKey 日本人のための魔女マニュアル
[21:00:48] <Annonik> pokazuj xd
[21:00:49] * BlackBird slaps [A]McKey around with a light saber
[21:00:51] * BlackBird dusts off a kitchen towel and slaps it at [A]McKey
[21:00:53] * BlackBird slaps [A]McKey around witch a AutoCAD 2015
[21:01:06] <r100010> rslap :>
[21:01:12] <Annonik> słabe, może kababem?
[21:01:22] <r100010> mozna dodac &&
[21:01:24] <r100010> ^^
[21:01:26] <Annonik> kebabem*
[21:01:55] *** Quits: Delta3120 (sdavgvrshfd@Pony-7unsia.static.kolnet.eu) (Ping timeout: 121 seconds)
[21:02:10] <Annonik> Coś słabo dzisiaj szło nie tylko mi. Miewałem remisy po 42 pkt.
[21:03:02] <r100010> tia.. ja niesluchalem audycji a mialem jakies punkty ;D
[21:03:07] <r100010> nwm ile ale mialem
[21:03:17] <Annonik> Dobra ja kończę.
[21:03:19] *** r100010 is now known as BlackBirt
[21:03:29] <BlackBirt> ps 100010 to w binarce '34'
[21:03:38] *** Annonik is now known as BlackBirdy
[21:03:46] <BlackBirt> Niech Luna bedzie z toba
[21:04:13] <BlackBirt> pff
[21:04:18] *** Parts: BlackBirdy (~Pony_8@Pony-hel.mij.131.78.IP) ("I_z_wami")
[21:06:22] <BlackBirt> meh i nuydno..
[21:10:20] *** Quits: Hck (Hexie@Twilight.Is.Best.Pony) (Quit: WeeChat 1.0.1)
[21:17:54] *** Quits: ArchPegasusMichael (ArchPegasus@Keep.In.A.Friendly.And.Pony.Place) (Connection closed)
[21:20:51] *** Joins: ArchPegasusMichael (ArchPegasus@Keep.In.A.Friendly.And.Pony.Place)
[21:59:37] *** Quits: BlackBirt (AveLuna@Pony-35t2ss.play-internet.pl) (Ping timeout: 121 seconds)
[22:17:16] *** Joins: Tivolt (~Tivolt@Pony-tt5ln4.11.ktmtelekom.pl)
[22:17:58] *** Quits: MsTinaXD (MsTinaXD@Pony-a8nmpt.dynamic.t-mobile.pl) (Quit: Page closed)
[22:21:50] *** Quits: Tivolt (~Tivolt@Pony-tt5ln4.11.ktmtelekom.pl) (Ping timeout: 121 seconds)
[22:25:58] *** Joins: BlackBirt (AveLuna@Pony-35t2ss.play-internet.pl)
[22:26:26] <BlackBirt> witam zpowrotem
[22:35:05] *** Joins: ElectricPsoras (Thunderbird@Pony-vn0sk7.adsl.tpnet.pl)
[22:50:16] *** Quits: ElectricPsoras (Thunderbird@Pony-vn0sk7.adsl.tpnet.pl) (Connection closed)
[22:52:03] <BlackBirt> zyje ktos?!
[22:58:10] *** Joins: ElectricPsoras (Thunderbird@Pony-vn0sk7.adsl.tpnet.pl)
[22:58:55] <BlackBird> hai
[22:59:05] <ElectricPsoras> cz
[22:59:25] <BlackBirt> o zyjesz
[22:59:28] <BlackBirt> hura
[23:00:51] <ElectricPsoras> nie zmarłem
[23:07:31] <BlackBirt> meh
[23:17:42] *** Quits: Proenix (Proenix@proenix.pl) (Connection closed)
