[01:54:05] *** Quits: Luna (Luna@The.Moon.Princess) (cadance.canternet.org daring.canternet.org)
[01:54:05] *** Quits: BlackBird (BlackBird@Luna.is.Your.Princess) (cadance.canternet.org daring.canternet.org)
[01:54:05] *** Quits: Founder|AFK (nodebot@Pony-q6qs6s.ovh) (cadance.canternet.org daring.canternet.org)
[01:54:05] *** Quits: Eivel (Eivel@Keep.Calm.and.Pony.On) (cadance.canternet.org daring.canternet.org)
[01:54:37] *** Joins: Luna (Luna@The.Moon.Princess)
[01:54:37] *** Joins: Eivel (Eivel@Keep.Calm.and.Pony.On)
[01:54:37] *** Joins: Founder|AFK (nodebot@Pony-q6qs6s.ovh)
[01:54:37] *** Joins: BlackBird (BlackBird@Luna.is.Your.Princess)
[01:54:37] *** cloudchaser.canternet.org sets mode: +oqo Luna Founder|AFK Founder|AFK
[01:54:37] <Litho> Witaj Luna!
[01:54:37] <Litho> Hai Eivel!
[01:54:37] <Litho> Witaj Founder|AFK!
[01:54:37] <Litho> It's wonderful to see you BlackBird!
[09:23:25] *** [A]McKey is now known as McKey
[11:56:23] <BlackBird> wrr
[11:56:23] <Litho> wrr
[12:33:51] *** Joins: Truss (Truss@Pony-a6h.0cm.130.31.IP)
[12:33:51] <Litho> It's wonderful to see you Truss!
[12:33:57] <Truss> Hai!
[12:45:19] <BlackBird> cześć truss!
[12:55:32] <Truss> Hai! Wbijaj na #DerpCraft!
[13:01:01] <McKey> po co?
[13:01:05] <McKey> DB leży lekko xD
[13:01:13] <McKey> spytaj się Betona kiedy s2 xD
[13:15:42] *** Quits: Truss (Truss@Pony-a6h.0cm.130.31.IP) (Ping timeout: 121 seconds)
[14:41:07] *** McKey is now known as [A]McKey
[14:51:06] *** [A]McKey is now known as McKey
[14:52:21] *** McKey is now known as [A]McKey
[17:06:16] <BlackBird> McKey jeżeli mam subdomene to jak zrobic zeby ja edytować?
[17:33:33] *** [A]McKey is now known as McKey
[17:33:43] <BlackBird> witaj mckey
[17:33:45] <BlackBird> ^
[17:34:18] <BlackBird> mam subdomene ale jak na nią wejde to wywala główną  strone..
[17:34:36] <BlackBird> w DNS jest przekierowanie na ip vps'a
[17:37:45] <McKey> na VPS musisz skonfigurować
[17:37:56] <McKey> jak jestes na PC to posuzkaj sobie tutka
[17:38:04] <McKey> jest bardzo łatwy w ogarnięciu
[18:54:26] <McKey> Hck: Żądanie CTCP RARITYISBESTPONY od Hck [Hexie@Twilight.Is.Best.Pony] (RARITYISBESTPONY), zignorowano (nierozpoznano)
[18:54:30] <McKey> widze xD
[21:52:22] *** McKey is now known as [A]McKey
[21:59:58] *** [A]McKey is now known as McKey
[22:35:26] <BlackBird> słaśnie mckey spujz na vhosta litho
[22:35:37] <BlackBird> co zjebałem? xd
[22:35:59] <BlackBird> bo powinna byc domena
[22:36:00] <McKey> Litho!nodebot@Pony-q6qs6s.ovh
[22:36:02] <McKey> i jest
[22:36:08] <McKey> ale ma +x na sobie
[22:36:25] <BlackBird> aha trzeba +x zdjac?
[22:36:35] <BlackBird> spk danke
[22:36:36] <McKey> ta
[22:40:12] *** Quits: Litho (nodebot@Pony-q6qs6s.ovh) (Connection closed)
[22:40:16] *** Joins: Litho (nodebot@Pony-q6qs6s.ovh)
[22:40:16] <Litho> Dzieńdobry Litho!
[22:40:58] *** Quits: Litho (nodebot@Pony-q6qs6s.ovh) (Connection closed)
[22:41:01] <BlackBird> fuk
[22:41:33] <McKey> ?
[22:42:08] <BlackBird> nwm jak zmienic umode..
[22:42:19] <McKey> dunno
[22:42:21] <McKey> ja tez
[22:42:27] <McKey> a mode wiesz jak?
[22:42:57] <BlackBird> bo samo mode to np. bot.send('MODE', '#norulez', '+o', 'BlackBird')
[22:43:09] <BlackBird> jak dam ('UMODE' to niechadzia
[22:43:11] <McKey> no to zamiast kanalu wklem nick
[22:43:19] <McKey> czyt zmienna nicku
[22:43:26] <BlackBird> aha'
[22:44:02] <McKey> bo chyba masz nick jako zmienna prawda? xD
[22:44:11] *** Joins: Litho (nodebot@Pony-q6qs6s.ovh)
[22:44:11] <Litho> It's wonderful to see you Litho!
[22:44:19] <BlackBird> tak
[22:44:29] <BlackBird> ale itak pisze normalnie 'litho' xd
[22:44:33] <McKey> :P
[22:44:40] <McKey> no i masz
[22:44:41] <BlackBird> o niewywalilo
[22:44:46] <McKey> Litho!nodebot@theblackkingdom.ovh
[22:44:51] <BlackBird> hadzia!
[22:44:52] <BlackBird> yay
[22:44:58] <BlackBird> musze real name zmienic -.-
[22:45:01] <McKey> xD
[22:45:29] <BlackBird> i ogarnac ctcp tak mniejwiecej
[22:45:48] <BlackBird> time xd
[22:45:48] <Litho> 22:45
[22:46:29] <BlackBird> trzeba kiedys usiasc i ogarnac ten syf w kodzie
[22:46:54] <BlackBird> np ogarnac to ze reaguje na zeczy ktore sa nawet w srodku zdania
[22:47:04] <BlackBird> np wrr itd
[22:47:04] <Litho> wrr
[22:51:16] *** Quits: Litho (nodebot@theblackkingdom.ovh) (Connection closed)
[22:51:17] *** Joins: Litho (nodebot@Pony-q6qs6s.ovh)
[22:51:17] <Litho> Witaj Litho!
[22:52:13] *** Quits: Litho (nodebot@Pony-q6qs6s.ovh) (Connection closed)
[22:52:17] <BlackBird> xd
[22:52:24] <BlackBird> komeda na wylaczanie wywala bota xd
[22:52:29] <BlackBird> czyli dziala w polowie
[22:52:34] <BlackBird> bo wylacza ale nie tak xd
[22:53:44] *** Joins: Litho (nodebot@Pony-q6qs6s.ovh)
[22:53:44] <Litho> Dzieńdobry Litho!
[22:53:55] *** Quits: Litho (nodebot@Pony-q6qs6s.ovh) (Quit: node-irc says goodbye)
[22:54:07] <BlackBird> lol
[22:54:53] *** Joins: Litho (nodebot@Pony-q6qs6s.ovh)
[22:54:53] <Litho> It's wonderful to see you Litho!
[22:55:00] *** Quits: Litho (nodebot@Pony-q6qs6s.ovh) (Quit: node-irc says goodbye)
[22:55:10] <BlackBird> no nie tak ma byc ;-;
[22:56:48] *** Joins: Litho (nodebot@Pony-q6qs6s.ovh)
[22:56:48] <Litho> Hai Litho!
[22:56:54] <Litho> 2 i/lub undefined
[22:57:00] <BlackBird> aha -.-
[22:57:07] <Litho> 2 i/lub undefined
[22:57:08] <Litho> 3 i/lub undefined
[22:57:10] <Litho> 0 i/lub undefined
[22:57:14] <BlackBird> juz wszysko wiem
[22:57:16] <BlackBird> xd
[22:57:58] *** Quits: Litho (nodebot@Pony-q6qs6s.ovh) (Connection closed)
[22:58:21] *** Joins: Litho (nodebot@Pony-q6qs6s.ovh)
[22:58:21] <Litho> Witaj Litho!
[22:58:29] <Litho> 4 i/lub See ya!
[22:58:33] <BlackBird> og
[22:59:17] *** Quits: Litho (nodebot@Pony-q6qs6s.ovh) (Connection closed)
[22:59:20] *** Joins: Litho (nodebot@Pony-q6qs6s.ovh)
[22:59:20] <Litho> Witaj Litho!
[22:59:26] *** Quits: Litho (nodebot@Pony-q6qs6s.ovh) (Quit: Burn it to ash!)
[22:59:32] <BlackBird> hadzia xd
[22:59:38] *** Joins: Litho (nodebot@Pony-q6qs6s.ovh)
[22:59:38] <Litho> It's wonderful to see you Litho!
[23:03:04] <BlackBird> wrr
[23:03:04] <Litho> rawr
[23:03:12] <BlackBird> ide ogarniac syf w kodzie XD
[23:03:17] <BlackBird> jeste szalony!
[23:08:23] *** Quits: Litho (nodebot@Pony-q6qs6s.ovh) (Connection closed)
[23:08:25] *** Joins: Litho (nodebot@Pony-q6qs6s.ovh)
[23:08:25] <Litho> It's wonderful to see you Litho!
[23:08:31] <BlackBird> test
[23:08:31] *** Quits: Litho (nodebot@Pony-q6qs6s.ovh) (Connection closed)
[23:08:34] <BlackBird> fuk
[23:09:32] *** Joins: Litho (nodebot@Pony-q6qs6s.ovh)
[23:09:32] <Litho> Hai Litho!
[23:09:41] <BlackBird> test
[23:09:41] *** Quits: Litho (nodebot@Pony-q6qs6s.ovh) (Connection closed)
[23:09:43] <BlackBird> fuk
[23:10:17] *** Joins: Litho (nodebot@Pony-q6qs6s.ovh)
[23:10:17] <Litho> Witaj Litho!
[23:10:21] <BlackBird> test
[23:10:21] <Litho> config.botName Litho
[23:10:21] <Litho> config.channels #norulez
[23:10:28] <BlackBird> chaadzia config
[23:10:32] <BlackBird> w zmiennych xd
[23:12:34] *** Quits: Litho (nodebot@Pony-q6qs6s.ovh) (Connection closed)
[23:12:36] *** Joins: Litho (nodebot@Pony-q6qs6s.ovh)
[23:12:36] <Litho> Dzieńdobry Litho!
[23:12:55] <BlackBird> help
[23:13:00] <BlackBird> help!
[23:13:12] <BlackBird> czekaj kurwa co
[23:13:16] <BlackBird> tset
[23:13:18] <BlackBird> test
[23:13:19] <Litho> config.botName Litho
[23:13:19] <Litho> config.channels #norulez
[23:13:19] <Litho> config.server irc.canternet.org
[23:13:21] <BlackBird> hm
[23:13:22] <BlackBird> lul
[23:13:26] <BlackBird> rwr
[23:13:29] <BlackBird> rrw
[23:13:31] <BlackBird> wrr
[23:13:31] <Litho> rawr
[23:13:38] <BlackBird> nieeogarniam
[23:13:42] <BlackBird> ale config chadzia
[23:13:58] <BlackBird> to teraz to trudniejsze 9_6
[23:14:59] <McKey> ddno
[23:16:50] *** Quits: Litho (nodebot@Pony-q6qs6s.ovh) (Connection closed)
[23:16:52] *** Joins: Litho (nodebot@Pony-q6qs6s.ovh)
[23:16:52] <Litho> It's wonderful to see you Litho!
[23:17:01] <BlackBird> dobra niechce mnie sie
[23:17:15] <BlackBird> i czemu on niema domeny na vhost!!
[23:17:17] <BlackBird> fuu
[23:17:19] <BlackBird> z/w
[23:48:16] *** Joins: Truss (~Truss@Pony-a6h.0cm.130.31.IP)
[23:48:16] <Litho> It's wonderful to see you Truss!
