[00:23:54] <IdleRPG> AppleDash [37/1109] has challenged Ruthalas [77/568] in combat and lost! 1 day, 08:23:09 is added to AppleDash's clock.
[00:23:54] <IdleRPG> AppleDash reaches next level in 20 days, 15:02:35.
[00:53:16] *** Quits: Rippi (pi@Guard.Hugs.All) (Ping timeout: 121 seconds)
[01:00:18] *** Joins: Rippi (pi@Pony-r6lcrd.swan.ac.uk)
[01:00:35] *** IdleRPG sets mode: +v Rippi
[01:00:35] <IdleRPG> Ripp_, the level 58 Guard, is now online from nickname Rippi. Next level in 1 day, 12:15:19.
[01:24:01] <IdleRPG> Idle RPG Top Players:
[01:24:01] <IdleRPG> Toksyuryel, the level 86 Plushie, is #1! Next level in 20 days, 00:12:14.
[01:24:01] <IdleRPG> Furyform, the level 85 neko, is #2! Next level in 2 days, 09:21:05.
[01:24:01] <IdleRPG> Idle_RPG, the level 84 IRC Bot, is #3! Next level in 0 days, 01:37:16.
[01:24:01] <IdleRPG> Idle_RPG [233/910] has challenged jouva [200/534] in combat and won! 0 days, 00:19:27 is removed from Idle_RPG's clock.
[01:24:04] <IdleRPG> Idle_RPG reaches next level in 0 days, 01:17:49.
[02:24:08] <IdleRPG> Rainbow_Dash [129/774] has challenged Idle_RPG [452/910] in combat and lost! 4 days, 09:23:58 is added to Rainbow_Dash's clock.
[02:24:08] <IdleRPG> Rainbow_Dash reaches next level in 40 days, 23:43:47.
[02:41:49] <IdleRPG> Idle_RPG, the IRC Bot, has attained level 85! Next level in 76 days, 04:22:00.
[02:41:49] <IdleRPG> Idle_RPG found a level 39 set of leggings. Idle_RPG's current set of leggings is level 47, so it seems Luck is against them. They toss the set of leggings.
[02:41:49] <IdleRPG> Idle_RPG [160/910] has challenged IdleRPG [824/1110] in combat and lost! 7 days, 14:50:12 is added to Idle_RPG's clock.
[02:41:49] <IdleRPG> Idle_RPG reaches next level in 83 days, 19:12:12.
[03:14:46] *** Joins: HomerBouvier (HomerB@is.best.sea.poni)
[03:24:16] <IdleRPG> Spazturtle [54/666] has challenged IdleRPG [445/1110] in combat and lost! 0 days, 12:12:40 is added to Spazturtle's clock.
[03:24:16] <IdleRPG> Spazturtle reaches next level in 5 days, 14:19:21.
[04:24:23] <IdleRPG> Toksyuryel [346/769] has challenged QuantumPocket [100/302] in combat and won! 1 day, 14:10:33 is removed from Toksyuryel's clock.
[04:24:23] <IdleRPG> Toksyuryel reaches next level in 18 days, 07:01:20.
[04:56:30] *** Quits: Steven_Magnet (Steve@Everfree.Forest) (chrysalis.canternet.org cloudchaser.canternet.org)
[04:56:30] *** Quits: Jouva (jouva@Pony-535ork.fios.verizon.net) (chrysalis.canternet.org cloudchaser.canternet.org)
[04:56:30] *** Quits: Ruthalasleep (Ruthalas@Pony-bi2qh3.wa.comcast.net) (chrysalis.canternet.org cloudchaser.canternet.org)
[04:56:30] *** Quits: Blackjack (appled@Gyro.Pony.Is.Best.Pony) (chrysalis.canternet.org cloudchaser.canternet.org)
[04:56:30] *** Quits: Toksyuryel (Toksybox4@Pony-pskeq9.wa.comcast.net) (chrysalis.canternet.org cloudchaser.canternet.org)
[04:56:30] *** Quits: Cameron_D (cameron@cam.mylittle.horse) (chrysalis.canternet.org cloudchaser.canternet.org)
[04:56:30] *** Quits: Sin (Sin@is.hustlin.everyday) (chrysalis.canternet.org cloudchaser.canternet.org)
[04:56:30] *** Quits: Brolf_pog (Brolf_pog@Pony-sdl.nig.59.108.IP) (chrysalis.canternet.org cloudchaser.canternet.org)
[04:56:30] *** Quits: tiwake (Octavia@Pony-k4hnla.wa.charter.com) (chrysalis.canternet.org cloudchaser.canternet.org)
[04:56:30] *** Quits: Eventide (uid61788@Tips.Fedora) (chrysalis.canternet.org cloudchaser.canternet.org)
[04:56:30] *** Quits: Rippi (pi@Guard.Hugs.All) (chrysalis.canternet.org cloudchaser.canternet.org)
[04:56:30] *** Quits: ISky (Indigo_Sky@Circumstantial.Pegasus.ISky) (chrysalis.canternet.org cloudchaser.canternet.org)
[04:56:30] *** Quits: Krystal (uid14599@Pony-qkg4dr.ealing.irccloud.com) (chrysalis.canternet.org cloudchaser.canternet.org)
[04:56:30] *** Quits: Q0|Away (Q0@literallyshit.net) (chrysalis.canternet.org cloudchaser.canternet.org)
[04:56:30] *** Quits: Spazturtle (Spazturtle@Derping.at.Home) (chrysalis.canternet.org cloudchaser.canternet.org)
[04:57:02] *** Joins: Jouva (jouva@Pony-535ork.fios.verizon.net)
[04:57:02] *** Joins: Ruthalasleep (Ruthalas@Pony-bi2qh3.wa.comcast.net)
[04:57:02] *** Joins: tiwake (Octavia@Pony-k4hnla.wa.charter.com)
[04:57:02] *** Joins: Rippi (pi@Guard.Hugs.All)
[04:57:02] *** Joins: Blackjack (appled@Gyro.Pony.Is.Best.Pony)
[04:57:02] *** Joins: Q0|Away (Q0@literallyshit.net)
[04:57:02] *** Joins: Krystal (uid14599@Pony-qkg4dr.ealing.irccloud.com)
[04:57:02] *** Joins: Spazturtle (Spazturtle@Derping.at.Home)
[04:57:02] *** Joins: Sin (Sin@is.hustlin.everyday)
[04:57:02] *** Joins: Brolf_pog (Brolf_pog@Pony-sdl.nig.59.108.IP)
[04:57:02] *** Joins: Toksyuryel (Toksybox4@Pony-pskeq9.wa.comcast.net)
[04:57:02] *** Joins: Steven_Magnet (Steve@Everfree.Forest)
[04:57:02] *** Joins: Cameron_D (cameron@cam.mylittle.horse)
[04:57:02] *** Joins: Eventide (uid61788@Tips.Fedora)
[04:57:02] *** Joins: ISky (Indigo_Sky@Circumstantial.Pegasus.ISky)
[04:57:02] *** cadance.canternet.org sets mode: +vvvvvvovvv Jouva tiwake Rippi Blackjack Spazturtle Toksyuryel Steven_Magnet Cameron_D Eventide ISky
[05:24:30] <IdleRPG> Idle_RPG [730/910] has challenged QuantumPocket [126/302] in combat and won! 6 days, 16:40:48 is removed from Idle_RPG's clock.
[05:24:30] <IdleRPG> Idle_RPG reaches next level in 76 days, 23:49:17.
[05:42:58] *** Joins: ShadyLightz (uid71401@Pony-un9cbp.charlton.irccloud.com)
[05:54:14] *** Q0|Away is now known as Q0
[06:09:33] *** Quits: HomerBouvier (HomerB@is.best.sea.poni) (Connection closed)
[06:24:38] <IdleRPG> ISky [9/340] has challenged Rainbow_Dash [314/774] in combat and lost! 1 day, 03:13:31 is added to ISky's clock.
[06:24:38] <IdleRPG> ISky reaches next level in 13 days, 17:43:43.
[06:48:01] <IdleRPG> Ruthalas was a bit busy trying to stop Nightmare Moon to do any progression. This terrible calamity has slowed them 0 days, 17:00:06 from level 52.
[06:48:01] <IdleRPG> Ruthalas reaches next level in 6 days, 14:41:00.
[07:19:14] <IdleRPG> Toksyuryel had Pinkie Pie throw a party for them! This wondrous event has accelerated them 1 day, 19:36:41 towards level 87.
[07:19:14] <IdleRPG> Toksyuryel reaches next level in 16 days, 08:30:18.
[07:24:44] <IdleRPG> ISky [121/340] has challenged QuantumPocket [13/302] in combat and won! 1 day, 02:17:53 is removed from ISky's clock.
[07:24:44] <IdleRPG> ISky reaches next level in 12 days, 14:25:43.
[07:55:58] *** Quits: ShadyLightz (uid71401@Pony-un9cbp.charlton.irccloud.com) (Quit: Connection closed for inactivity)
[08:25:04] <IdleRPG> Ruthalas [244/568] has challenged AppleDash [549/1109] in combat and lost! 0 days, 17:16:38 is added to Ruthalas's clock.
[08:25:04] <IdleRPG> Ruthalas reaches next level in 7 days, 06:20:35.
[09:25:12] <IdleRPG> Ripp_ [202/446] has challenged Furyform [454/745] in combat and lost! 0 days, 03:20:33 is added to Ripp_'s clock.
[09:25:12] <IdleRPG> Ripp_ reaches next level in 1 day, 07:11:49.
[10:25:19] <IdleRPG> Furyform [236/745] has challenged Ripp_ [55/446] in combat and won! 0 days, 06:45:58 is removed from Furyform's clock.
[10:25:19] <IdleRPG> Furyform reaches next level in 1 day, 17:33:49.
[11:11:32] *** Q0 is now known as Q0|Away
[11:14:15] *** Joins: ShadyLightz (uid71401@Pony-un9cbp.charlton.irccloud.com)
[11:16:03] *** Quits: Q0|Away (Q0@literallyshit.net) (Ping timeout: 121 seconds)
[11:25:26] <IdleRPG> Idle RPG Top Players:
[11:25:26] <IdleRPG> Toksyuryel, the level 86 Plushie, is #1! Next level in 16 days, 04:24:06.
[11:25:26] <IdleRPG> Furyform, the level 85 neko, is #2! Next level in 1 day, 16:33:42.
[11:25:26] <IdleRPG> Idle_RPG, the level 85 IRC Bot, is #3! Next level in 76 days, 17:48:21.
[11:25:26] <IdleRPG> ISky [293/340] has challenged Rainbow_Dash [274/774] in combat and won! 2 days, 02:43:51 is removed from ISky's clock.
[11:25:29] <IdleRPG> ISky reaches next level in 10 days, 07:41:10.
[11:26:03] *** Quits: Spazturtle (Spazturtle@Derping.at.Home) (Ping timeout: 121 seconds)
[11:26:33] *** Joins: Q0|Away (Q0@Pony-fr7drh.omsg.vl5g.0008.2601.IP)
[11:26:43] *** Q0|Away is now known as Q0
[11:30:30] *** Joins: Spazturtle (Spazturtle@Derping.at.Home)
[12:12:32] <IdleRPG> AppleDash had Pinkie Pie throw a party for them! This wondrous event has accelerated them 1 day, 19:29:27 towards level 81.
[12:12:32] <IdleRPG> AppleDash reaches next level in 18 days, 07:44:30.
[12:25:34] <IdleRPG> ISky [74/340] has challenged Ripp_ [330/446] in combat and lost! 0 days, 19:44:04 is added to ISky's clock.
[12:25:34] <IdleRPG> ISky reaches next level in 11 days, 02:25:06.
[12:25:58] <IdleRPG> McKey [212/385] has come upon Ripp_ [308/446] and been defeated in combat! 0 days, 03:10:00 is added to McKey's clock.
[12:25:58] <IdleRPG> McKey reaches next level in 1 day, 18:45:00.
[13:25:41] <IdleRPG> Moonlightning [667/891] has challenged IdleRPG [107/1110] in combat and won! 1 day, 03:06:05 is removed from Moonlightning's clock.
[13:25:41] <IdleRPG> Moonlightning reaches next level in 4 days, 12:24:24.
[14:25:48] <IdleRPG> Furyform [666/745] has challenged AppleDash [387/1109] in combat and won! 0 days, 07:30:40 is removed from Furyform's clock.
[14:25:48] <IdleRPG> Furyform reaches next level in 1 day, 06:02:40.
[14:41:19] *** Quits: Spazturtle (Spazturtle@Derping.at.Home) (Ping timeout: 121 seconds)
[14:42:31] *** Joins: Spazturtle (Spazturtle@Derping.at.Home)
[14:42:37] *** IdleRPG sets mode: +v Spazturtle
[14:42:37] <IdleRPG> Spazturtle, the level 66 pegasus, is now online from nickname Spazturtle. Next level in 5 days, 18:17:59.
[14:59:20] *** IdleRPG sets mode: +v ShadyLightz
[14:59:20] <IdleRPG> QuantumPocket, the level 35 computerscience, is now online from nickname ShadyLightz. Next level in 0 days, 00:46:38.
[15:14:43] <IdleRPG> jouva, McKey, and Moonlightning [693/1810] have team battled AppleDash, Rainbow_Dash, and ISky [1679/2223] and lost! 0 days, 07:59:15 is added to their clocks.
[15:25:57] <IdleRPG> Spazturtle [599/666] has challenged Dustrunner [228/362] in combat and won! 0 days, 13:45:28 is removed from Spazturtle's clock.
[15:25:57] <IdleRPG> Spazturtle reaches next level in 5 days, 03:49:13.
[15:45:59] <IdleRPG> QuantumPocket, the computerscience, has attained level 36! Next level in 1 day, 10:51:38.
[15:45:59] <IdleRPG> QuantumPocket found a level 27 shield. QuantumPocket's current shield is level 30, so it seems Luck is against them. They toss the shield.
[15:45:59] <IdleRPG> QuantumPocket [295/302] has challenged Minigash [259/616] in combat and won! 0 days, 04:10:59 is removed from QuantumPocket's clock.
[15:45:59] <IdleRPG> QuantumPocket reaches next level in 1 day, 06:40:39.
[15:57:03] <IdleRPG> Minigash, Rainbow_Dash, Dustrunner, and jouva have completed their journey! 25% of their burden is eliminated.
[16:26:04] <IdleRPG> Ripp_ [46/446] has challenged Idle_RPG [210/910] in combat and lost! 0 days, 02:54:06 is added to Ripp_'s clock.
[16:26:04] <IdleRPG> Ripp_ reaches next level in 1 day, 03:05:03.
[17:12:01] <IdleRPG> Ripp_ ate a few too many cupcakes at Sugarcube Corner. This terrible calamity has slowed them 0 days, 02:53:42 from level 59.
[17:12:01] <IdleRPG> Ripp_ reaches next level in 1 day, 05:12:49.
[17:20:04] <IdleRPG> AppleDash made it into The Wonderbolts! This wondrous event has accelerated them 1 day, 23:48:27 towards level 81.
[17:20:04] <IdleRPG> AppleDash reaches next level in 16 days, 02:48:31.
[17:26:11] <IdleRPG> Ripp_ [74/446] has challenged McKey [162/385] in combat and lost! 0 days, 02:01:42 is added to Ripp_'s clock.
[17:26:11] <IdleRPG> Ripp_ reaches next level in 1 day, 07:00:20.
[18:26:19] <IdleRPG> Furyform [613/745] has challenged Minigash [544/616] in combat and won! 0 days, 03:07:27 is removed from Furyform's clock.
[18:26:19] <IdleRPG> Furyform reaches next level in 0 days, 22:54:42.
[19:26:26] <IdleRPG> Spazturtle [618/666] has challenged Dustrunner [241/362] in combat and won! 0 days, 11:58:52 is removed from Spazturtle's clock.
[19:26:26] <IdleRPG> Spazturtle reaches next level in 4 days, 11:49:52.
[19:26:26] <IdleRPG> Spazturtle has dealt Dustrunner a Critical Strike! 0 days, 02:31:07 is added to Dustrunner's clock.
[19:26:26] <IdleRPG> Dustrunner reaches next level in 1 day, 03:42:23.
[19:39:05] *** Quits: Krystal (uid14599@Pony-qkg4dr.ealing.irccloud.com) (Ping timeout: 121 seconds)
[19:55:14] *** [A]McKey is now known as McKey
[20:05:55] *** Joins: HomerBouvier (HomerB@is.best.sea.poni)
[20:13:05] *** Quits: Brolf_pog (Brolf_pog@Pony-sdl.nig.59.108.IP) (Ping timeout: 121 seconds)
[20:26:34] <IdleRPG> jouva [304/534] has challenged Toksyuryel [295/769] in combat and won! 3 days, 08:40:00 is removed from jouva's clock.
[20:26:34] <IdleRPG> jouva reaches next level in 12 days, 15:27:38.
[20:27:47] *** Joins: Bedmonster (Bedmonster@Pony-6aak8h.cable.rogers.com)
[20:47:38] *** Quits: Bedmonster (Bedmonster@Pony-6aak8h.cable.rogers.com) (Connection closed)
[20:47:52] *** Joins: Bedmonster (Bedmonster@Pony-6aak8h.cable.rogers.com)
[20:48:59] *** Quits: Bedmonster (Bedmonster@Pony-6aak8h.cable.rogers.com) (Connection closed)
[20:54:09] *** Joins: Bedmonster (Bedmonster@Pony-14bdfc.cable.rogers.com)
[21:04:09] *** Joins: Krystal (uid14599@Pony-qkg4dr.ealing.irccloud.com)
[21:14:22] *** McKey is now known as [A]McKey
[21:26:42] <IdleRPG> Idle RPG Top Players:
[21:26:42] <IdleRPG> Toksyuryel, the level 86 Plushie, is #1! Next level in 15 days, 18:22:50.
[21:26:42] <IdleRPG> Furyform, the level 85 neko, is #2! Next level in 0 days, 19:54:19.
[21:26:42] <IdleRPG> Idle_RPG, the level 85 IRC Bot, is #3! Next level in 76 days, 07:47:05.
[21:26:42] <IdleRPG> Ripp_ [426/446] has challenged Moonlightning [0/891] in combat and won! 0 days, 05:23:57 is removed from Ripp_'s clock.
[21:26:45] <IdleRPG> Ripp_ reaches next level in 0 days, 21:35:52.
[21:57:06] <IdleRPG> Rainbow_Dash, Moonlightning, Dustrunner, and jouva have been chosen by Celestia to destroy the bandits terrorizing the roads between Ponyville and Manehatten. Participants must first reach [50,350], then [325,270].
[22:26:49] <IdleRPG> jouva [487/534] has challenged Minigash [513/616] in combat and lost! 0 days, 21:06:06 is added to jouva's clock.
[22:26:49] <IdleRPG> jouva reaches next level in 13 days, 10:33:28.
[22:35:35] <IdleRPG> Minigash stepped in some poison joke. This terrible calamity has slowed them 0 days, 02:34:55 from level 50.
[22:35:35] <IdleRPG> Minigash reaches next level in 1 day, 21:36:56.
[23:26:56] <IdleRPG> Moonlightning [850/891] has challenged Dustrunner [41/362] in combat and won! 0 days, 10:38:14 is removed from Moonlightning's clock.
[23:26:56] <IdleRPG> Moonlightning reaches next level in 3 days, 23:44:10.
[23:31:11] *** Quits: Bedmonster (Bedmonster@Pony-14bdfc.cable.rogers.com) (Ping timeout: 121 seconds)
[23:45:08] *** Joins: Bedmonster (Bedmonster@Pony-6aak8h.cable.rogers.com)
