[00:26:01] *** Pony_96278 is now known as DJMidli
[00:26:39] *** MKody is now known as MKody|Away
[00:27:06] *** Joins: Lunia (ellen@ChumPony.Enterprises)
[00:45:05] <Not-3117> Tune in to Hey, What's going on? in 15 minutes on @TheLunaRadio! - http://pvlive.me/luna_radio
[00:53:46] *** Joins: Draqx (kjsbennfrpm@Pony-sds.1nv.176.69.IP)
[01:25:19] *** Quits: Lunia (ellen@ChumPony.Enterprises) (Quit: Konversation terminated!)
[01:31:13] *** Quits: Blacknova (~Blacknova@Pony-clvd08.bigpond.net.au) (Quit: Page closed)
[01:31:32] *** Joins: Blacknova (Blacknova@Pony-clvd08.bigpond.net.au)
[01:45:03] <Not-3117> Tune in to DJ Prince Lunar in 15 minutes on @EveryponyRadio! - http://pvlive.me/everypony_radio
[01:46:03] <Not-3117> Tune in to TreeTime in 15 minutes on @celestiaradio! - http://pvlive.me/celestia_radio
[02:00:02] *** Quits: Sleepypony (dj@Pony-jrc.qe2.163.86.IP) (Connection closed)
[02:02:38] *** Quits: Blacknova (Blacknova@Pony-clvd08.bigpond.net.au) (Ping timeout: 121 seconds)
[02:30:27] *** Quits: Flashy (IceChat9@Fast.Blue.Pegasus) (Quit: If you can't laugh at yourself, make fun of other people.)
[02:45:03] <Not-3117> Tune in to #SugarCrush with @Mushrooshi in 15 minutes on @PonyvilleFM! - http://pvlive.me/ponyvillefm
[03:15:03] <Not-3117> Tune in to #SugarCrush Guest Mix w/ @Notica_ in 15 minutes on @PonyvilleFM! - http://pvlive.me/ponyvillefm
[03:25:43] *** Quits: DJMidli (DJMidli@Crazy.Dancing.Canadian.DJ.Pony) (Ping timeout: 121 seconds)
[03:45:03] <Not-3117> Tune in to Cutie mark crusaders in 15 minutes on @mlp_la! - http://pvlive.me/bronies_radio_la
[03:46:03] <Not-3117> Tune in to #Synchronicity with @Acentricity (Live Mix) in 15 minutes on @PonyvilleFM! - http://pvlive.me/ponyvillefm
[04:01:48] *** Acentric is now known as Acentric[PVFM]
[04:02:04] <Not-3117> Equestria Confidential: "EQC Podcast: Episode 65 – Tanks a Lot [LIVE]" - http://ponyvillelive.com/show/episode/id/21/episode/27533/origin/twitter
[04:11:37] *** Quits: Colgate (rabbit@brushie.horse) (Quit: Luna IRC 1.1.1. Praise the goddess of the night.)
[04:14:31] *** Joins: Colgate (rabbit@brushie.horse)
[04:14:32] *** Luna sets mode: +h Colgate
[04:31:22] *** Joins: Flashy (IceChat9@Pony-i45.n7i.87.24.IP)
[04:36:23] *** Ashley is now known as CocoPommell
[04:45:03] <Not-3117> Tune in to #ROAR with @Lyonizemusic (Live Mix) in 15 minutes on @PonyvilleFM! - http://pvlive.me/ponyvillefm
[05:19:18] *** Flashy is now known as Sylvia
[05:45:03] <Not-3117> Tune in to Project Luna in 15 minutes on @mlp_la! - http://pvlive.me/bronies_radio_la
[05:46:34] *** CocoPommell is now known as Ashley|Offline
[05:47:57] *** amaway is now known as ama|sleep
[06:00:19] *** Oatzmeal is now known as Oatz[Sleep]
[06:01:04] <Not-3117> No Hooves Barred: "Ep. 79 - The Return of Starscream" - http://ponyvillelive.com/show/episode/id/6/episode/27534/origin/twitter
[06:29:06] *** ThunderBolt|Sleeping is now known as ThunderBolt
[06:30:55] *** HoofyDerps is now known as Sakura
[06:33:01] *** Joins: PVL_5576 (qaecnjbqive@Pony-uu0.ros.4.82.IP)
[06:33:32] *** Quits: PVL_5576 (qaecnjbqive@Pony-uu0.ros.4.82.IP) (Quit: Watch and listen live at http://pvlive.me)
[06:34:23] *** Joins: PVL_4487 (qaecnjbqive@Pony-uu0.ros.4.82.IP)
[06:34:39] *** Quits: PVL_4487 (qaecnjbqive@Pony-uu0.ros.4.82.IP) (Connection closed)
[06:45:05] <Not-3117> Tune in to Ponies 'n' Muffins at Night in 15 minutes on @mlp_la! - http://pvlive.me/bronies_radio_la
[06:58:20] *** Quits: Draqx (kjsbennfrpm@Pony-sds.1nv.176.69.IP) (Quit: lightIRC.com Flash IRC Client)
[07:04:14] *** Joins: Pony_96278 (DJMidli@Pony-g1l.f4p.229.64.IP)
[07:07:04] <Not-3117> Brony Quest Podcast: "Brony Quest 9: Swarm of the Century" - http://ponyvillelive.com/show/episode/id/44/episode/27544/origin/twitter
[07:22:50] *** Pony_96278 is now known as DJMidli
[07:45:03] <Not-3117> Tune in to Music 'n' Muffins at Night in 15 minutes on @mlp_la! - http://pvlive.me/bronies_radio_la
[08:00:18] *** Joins: Lunia (ellen@ChumPony.Enterprises)
[08:37:58] *** Quits: Lunia (ellen@ChumPony.Enterprises) (Quit: Konversation terminated!)
[08:45:37] *** Joins: Lunia (ellen@ChumPony.Enterprises)
[08:47:31] *** Quits: DJMidli (DJMidli@Crazy.Dancing.Canadian.DJ.Pony) (Ping timeout: 121 seconds)
[08:52:00] *** Joins: PonyAce (PonyAce@Pony-477.14m.142.63.IP)
[08:52:01] *** Luna sets mode: +h PonyAce
[08:54:56] *** Quits: Acentric[PVFM] (PonyAce@Pony-b21.98h.137.75.IP) (Ping timeout: 121 seconds)
[09:01:04] <Not-3117> The Undercover Brony: "Tanks for the Memories Review" - http://ponyvillelive.com/show/episode/id/14/episode/27545/origin/twitter
[09:07:48] *** ThunderBolt is now known as ThunderBolt|GTA
[09:12:45] *** Joins: DerpyAce (PonyAce@Pony-b21.98h.137.75.IP)
[09:12:45] *** Luna sets mode: +h DerpyAce
[09:16:26] *** Quits: PonyAce (PonyAce@Pony-477.14m.142.63.IP) (Ping timeout: 121 seconds)
[10:12:33] *** [A]McKey is now known as McKey
[10:12:37] *** Quits: Lunia (ellen@ChumPony.Enterprises) (Quit: Konversation terminated!)
[10:12:39] *** Joins: ellen (ellen@Pony-hp5.dkv.242.62.IP)
[10:32:13] *** ThunderBolt|GTA is now known as ThunderBolt
[10:33:33] *** Quits: ellen (ellen@Pony-hp5.dkv.242.62.IP) (Ping timeout: 121 seconds)
[10:39:21] *** ThunderBolt is now known as ThunderBolt|Anime
[10:40:06] *** McKey is now known as [A]McKey
[10:54:47] *** Quits: reiuiji (reiuiji@nuclear.raven) (Ping timeout: 121 seconds)
[10:55:53] *** Joins: reiuiji (reiuiji@Pony-dui.epf.217.98.IP)
[11:35:38] *** Quits: Sylvia (IceChat9@Fast.Blue.Pegasus) (Quit: ASCII a stupid question, get a stupid ANSI!)
[11:40:41] *** Joins: ellen (ellen@Pony-hp5.dkv.242.62.IP)
[11:40:43] *** ellen is now known as Lunia
[11:45:04] <Not-3117> Tune in to @ibaipshow - I'm Brony and I'm Proud in 15 minutes on @TheHiveRadio! - http://pvlive.me/the_hive_radio
[12:41:08] *** ThunderBolt|Anime is now known as ThunderBolt|Sleeping
[12:47:22] *** Quits: Shroo (quassel@D.Etat) (Connection closed)
[12:47:23] *** Joins: Shroo (quassel@Pony-mmj.348.170.107.IP)
[12:56:00] *** Quits: Lunia (ellen@ChumPony.Enterprises) (Ping timeout: 121 seconds)
[13:00:47] *** Quits: PaperDerp (PaperDerp@derping.derpinator.derp) (Ping timeout: 121 seconds)
[13:01:45] *** Joins: Lunia (ellen@ChumPony.Enterprises)
[13:02:30] *** Quits: DerpyAce (PonyAce@Pony-b21.98h.137.75.IP) (Ping timeout: 121 seconds)
[13:41:08] *** [A]McKey is now known as McKey
[13:47:26] *** Hoofy is now known as Hoofy_sleeping
[14:14:58] *** MKody|Away is now known as MKody
[14:44:50] *** Joins: Pony_96278 (DJMidli@Pony-g1l.f4p.229.64.IP)
[14:45:04] <Not-3117> Tune in to Morning Melodies in 15 minutes on @TheLunaRadio! - http://pvlive.me/luna_radio
[14:46:04] <Not-3117> Tune in to The Mindmight Ghost in 15 minutes on @ManeFrameRadio! - http://pvlive.me/maneframeradio
[14:47:02] <Not-3117> Tune in to #Pivotism (Live Mix) in 15 minutes on @PonyvilleFM! - http://pvlive.me/ponyvillefm
[14:48:59] *** Quits: Pony_96278 (DJMidli@Pony-g1l.f4p.229.64.IP) (Ping timeout: 121 seconds)
[14:49:08] *** Joins: Thunderhalk89 (amkqgvogoxj@Pony-89e.uf6.102.174.IP)
[14:57:52] *** Quits: Thunderhalk89 (amkqgvogoxj@Pony-89e.uf6.102.174.IP) (Connection closed)
[14:59:11] *** Joins: Thunderhalk89 (uckosjrhgnb@Pony-89e.uf6.102.174.IP)
[15:00:59] *** Quits: Lunia (ellen@ChumPony.Enterprises) (Ping timeout: 121 seconds)
[15:05:06] *** Joins: Lunia (ellen@ChumPony.Enterprises)
[15:20:17] *** Joins: PaperDerp (PaperDerp@derping.derpinator.derp)
[15:45:04] <Not-3117> Tune in to Lampovaya Besedka in 15 minutes on @RadioMyBrony! - http://pvlive.me/radio_mybrony
[16:31:50] *** Quits: Thunderhalk89 (uckosjrhgnb@Pony-89e.uf6.102.174.IP) (Quit: lightIRC.com Flash IRC Client)
[16:32:29] *** Joins: Thunderhalk89 (uckosjrhgnb@Pony-89e.uf6.102.174.IP)
[16:55:21] *** Quits: Lunia (ellen@ChumPony.Enterprises) (Ping timeout: 121 seconds)
[16:58:18] *** Joins: DerpyAce (PonyAce@Pony-b21.98h.137.75.IP)
[16:58:18] *** Luna sets mode: +h DerpyAce
[16:58:43] *** Quits: DerpyAce (PonyAce@Pony-b21.98h.137.75.IP) (Connection closed)
[17:03:02] *** Hoofy_sleeping is now known as Hoofy
[17:18:36] *** Joins: LR_15 (LR_15@Pony-lctamj.dublin.eircom.net)
[17:25:12] *** Quits: Thunderhalk89 (uckosjrhgnb@Pony-89e.uf6.102.174.IP) (Quit: lightIRC.com Flash IRC Client)
[17:38:02] *** Quits: LR_15 (LR_15@Pony-lctamj.dublin.eircom.net) (Quit: Page closed)
[17:38:56] *** Joins: WubzyWubbles (WubzyWubble@Pony-3o4.5lp.56.172.IP)
[17:45:04] <Not-3117> Tune in to @Jayurik 's Lieblingssongs in 15 minutes on @bronyradioger! - http://pvlive.me/brony_radio_germany
[18:20:26] *** Joins: Lunia (ellen@ChumPony.Enterprises)
[18:28:16] *** Quits: Lunia (ellen@ChumPony.Enterprises) (Quit: Konversation terminated!)
[18:42:47] *** ama|sleep is now known as ama
[18:45:03] <Not-3117> Tune in to New Song Sunday! in 15 minutes on @EveryponyRadio! - http://pvlive.me/everypony_radio
[18:46:04] <Not-3117> Tune in to Melody afternoon in 15 minutes on @mlp_la! - http://pvlive.me/bronies_radio_la
[18:48:13] *** Ashley|Offline is now known as Ashfire
[19:11:30] *** Joins: Pony_96278 (DJMidli@Pony-g1l.f4p.229.64.IP)
[19:23:50] *** Quits: WubzyWubbles (WubzyWubble@Pony-3o4.5lp.56.172.IP) (Connection closed)
[19:45:03] <Not-3117> Tune in to #AJourneyThroughDance with @DJ_Sleepypony (Live Mix) in 15 minutes on @PonyvilleFM! - http://pvlive.me/ponyvillefm
[19:46:03] <Not-3117> Tune in to On the Edge w/ @AerialPVFM in 15 minutes on @PonyvilleFM! - http://pvlive.me/ponyvillefm
[19:47:03] <Not-3117> Tune in to Canterlot Café in 15 minutes on @IB_Radio! - http://pvlive.me/iberbronies_radio
[19:48:04] <Not-3117> Tune in to @ponyaddicted presents pTunes Live in 15 minutes on @bronyradioger! - http://pvlive.me/brony_radio_germany
[19:51:52] *** Quits: Pony_96278 (DJMidli@Pony-g1l.f4p.229.64.IP) (Ping timeout: 121 seconds)
[19:52:38] *** McKey is now known as [A]McKey
[19:54:21] *** Oatz[Sleep] is now known as Oatzmeal
[19:54:33] *** [A]McKey is now known as McKey
[20:05:47] *** Joins: WubzyWubbles (WubzyWubble@Pony-3o4.5lp.56.172.IP)
[20:44:29] *** ama is now known as amaway
[20:45:03] <Not-3117> Tune in to Pony Radiohead in 15 minutes on @mlp_la! - http://pvlive.me/bronies_radio_la
[21:06:11] *** Joins: Sleepypony (dj@Pony-jrc.qe2.163.86.IP)
[21:06:11] *** Luna sets mode: +o Sleepypony
[21:21:06] <Not-3117> Bronyville: "Bronyville Episode 172 – Friendship for Breakfast" - http://ponyvillelive.com/show/episode/id/7/episode/27546/origin/twitter
[21:45:03] <Not-3117> Tune in to Circuit's Let's Play in 15 minutes on @thebronyshow! - http://pvlive.me/the_brony_show
[21:46:03] <Not-3117> Tune in to Gaming with Nymph in 15 minutes on @SonicRadioBoom! - http://pvlive.me/sonicradioboom_tv
[22:00:51] *** McKey is now known as [A]McKey
[22:22:05] <Not-3117> Radio MyBrony: "КАК Я ВСТРЕТИЛ НОВУЮ СЕРИЮ MY LITTLE PONY ? #MeetingNewSeriesMLP" - http://ponyvillelive.com/show/episode/id/31/episode/27547/origin/twitter
[22:45:03] <Not-3117> Tune in to Chaos Hour in 15 minutes on @mlp_la! - http://pvlive.me/bronies_radio_la
[22:46:03] <Not-3117> Tune in to #Chromium with Techniponi (Live Mix) in 15 minutes on @PonyvilleFM! - http://pvlive.me/ponyvillefm
[22:47:03] <Not-3117> Tune in to Talking ponies in 15 minutes on @fillyradio! - http://pvlive.me/fillydelphia_radio
[22:53:30] *** Quits: WubzyWubbles (WubzyWubble@Pony-3o4.5lp.56.172.IP) (Connection closed)
[22:58:43] *** Joins: Pony_96278 (DJMidli@Pony-g1l.f4p.229.64.IP)
[23:15:08] *** Joins: WubzyWubbles (WubzyWubble@Pony-3o4.5lp.56.172.IP)
[23:16:55] *** Quits: Pony_96278 (DJMidli@Pony-g1l.f4p.229.64.IP) (Ping timeout: 121 seconds)
[23:22:23] *** Joins: Pony_96278 (DJMidli@Pony-g1l.f4p.229.64.IP)
[23:38:22] *** Quits: Sleepypony (dj@Pony-jrc.qe2.163.86.IP) (Quit: Leaving)
[23:39:45] *** Quits: WubzyWubbles (WubzyWubble@Pony-3o4.5lp.56.172.IP) (Quit: Leaving)
[23:45:03] <Not-3117> Tune in to Circuit's Let's Play in 15 minutes on @thebronyshow! - http://pvlive.me/the_brony_show
[23:45:08] <Electron> oh god
[23:45:20] <TheFlutterGuy> yes?
[23:45:23] <Electron> season 5 is so good this far
[23:45:40] <ArchPegasusMichael> yup
[23:45:41] <Electron> I enjoyed watching every single episode now
[23:45:55] <Electron> and want to watch more you know
[23:45:55] <ArchPegasusMichael> Cześć ^^
[23:46:20] <Electron> vitam
[23:47:09] <Electron> Dash is so girl in ep5
[23:47:16] <ArchPegasusMichael> TheFlutterGuy: how are you and Lunia?
[23:47:22] <Electron> espesially in the comversation with Spike
[23:48:40] *** Quits: Pony_96278 (DJMidli@Pony-g1l.f4p.229.64.IP) (Ping timeout: 121 seconds)
