[00:27:05] <Dragony> meh
[00:45:04] <Not-3ef4> On The Air: #MidlisMadness with @djmidli (Live Mix) in 15 minutes on @PonyvilleFM! - http://pvlive.me/ponyvillefm
[00:46:04] <Not-3ef4> On The Air: la hora bizarra de talamir! in 15 minutes on @mlp_la! - http://pvlive.me/bronies_radio_la
[00:49:40] <HomerBouvier> https://twitter.com/airfrance/status/575364866480947200
[01:08:17] <Dragony> HomerBouvier are you just having fun with the air lines
[01:11:19] <HomerBouvier> Are you kidding? I'm going insane because everypony's doing the same thing with other airline companies.
[01:13:58] <Dragony> do Boeing
[01:14:05] <Dragony> just for shits and giggals
[01:14:23] <Dragony> i personaly like delta becuse there so fun about it :3 
[01:14:48] <HomerBouvier> Boeing doesn't even do flights
[01:15:03] <Not-3ef4> On The Air: #MidlisMadness with @djmidli (Live Mix) in 15 minutes on @PonyvilleFM! - http://pvlive.me/ponyvillefm
[01:15:03] <HomerBouvier> Besides, I would never want to tweet Boeing.
[01:15:14] <HomerBouvier> I'm just gonna sit back & watch everything unfold.
[01:15:23] <Dragony> and who started all this
[01:15:43] <HomerBouvier> Who started the whole Airlines thingy you ask?
[01:15:53] <Dragony> and that would be you
[01:16:40] <HomerBouvier> Yes. But I am going to sit back & watch everyone continue the machine.
[01:17:13] <Dragony> you know this will evenrualy be on the news
[01:17:20] <Dragony> i mean literly the real news
[01:17:41] <HomerBouvier> If it does, I'm done. lol
[01:17:49] <HomerBouvier> It's already on EQD & Horse News.
[01:21:26] <HomerBouvier> Oh & /mlp/
[01:21:59] <Dragony> im talking about ABC news or Live 5 News or BBC
[01:23:28] <HomerBouvier> Like I said, if I go on the National News, I'm done. lol
[01:25:06] <Dragony> SOOO MUCH BASS!!!! https://www.youtube.com/watch?v=ySaUSrLilUY&index=38&list=PL2IgXo9dCb-NXqjtdWduqlc8DstkLLBac
[01:29:19] *** Dusk is now known as Night
[01:29:25] *** Joins: LightningCrash (lightning@property.of.moonlightning)
[01:35:30] *** Joins: DJmidli (DJMidli@Crazy.Dancing.Canadian.DJ.Pony)
[01:45:04] <Not-3ef4> On The Air: Tavern Tales in 15 minutes on @TheLunaRadio! - http://pvlive.me/luna_radio
[02:15:03] <Not-3ef4> On The Air: Winchester Wednesday in 15 minutes on @thebronyshow! - http://pvlive.me/the_brony_show
[02:45:02] <Not-3ef4> On The Air: Cheddar Wednesday! in 15 minutes on @PonyvilleFM! - http://pvlive.me/ponyvillefm
[02:46:04] <Not-3ef4> On The Air: Everfree Signal in 15 minutes on @mlp_la! - http://pvlive.me/bronies_radio_la
[02:47:02] <Not-3ef4> On The Air: NightOfShadows in 15 minutes on @ManeFrameRadio! - http://pvlive.me/maneframeradio
[02:47:45] <Dragony> well Ima go lissen to some NightOfShadows :3
[03:01:12] <Dragony> NightOfShadows is live :3
[03:04:37] *** ama|work is now known as ama
[03:19:35] *** Quits: DJmidli (DJMidli@Crazy.Dancing.Canadian.DJ.Pony) (Quit: )
[03:20:56] * Dragony pokes ama
[03:21:30] <ama> sup
[03:22:42] <Dragony> hello
[03:31:35] <HomerBouvier> OK so now we know why we're begging other airlines to fly us in & out of Equestria.
[03:31:43] <HomerBouvier> https://twitter.com/AirCanada/status/575826417025421314
[03:36:34] <Dragony> #MalasiaAirlines
[03:36:43] <Dragony> OHHH!!!!
[03:36:47] <Dragony> IDEA
[03:37:03] <Dragony> but its going to be wrong in so many levls
[03:39:55] <Dragony> im an eval pony
[03:45:03] <Not-3ef4> On The Air: Pocky time in 15 minutes on @mlp_la! - http://pvlive.me/bronies_radio_la
[04:18:32] *** Quits: SpikeDragon (Spike@sorting.those.books) (Quit: Cya.)
[04:45:03] <Not-3ef4> On The Air: +K Bronies Radio in 15 minutes on @mlp_la! - http://pvlive.me/bronies_radio_la
[04:45:40] *** Joins: SpikeDragon (Spike@sorting.those.books)
[04:53:31] *** Joins: Ashley (Ashfire@Ashfire.bronytv.net)
[04:53:31] *** Luna sets mode: +o Ashley
[04:54:35] *** Quits: Ashfire (Ashfire@Ashfire.bronytv.net) (Ping timeout: 121 seconds)
[05:01:04] <Not-3ef4> No Hooves Barred: "Ep. 73 - Pancakes on the Hotsauce Floor" - - http://soundcloud.com/nohoovesbarred/ep-73-pancakes-on-the-hotsauce-floor
[05:45:03] <Not-3ef4> On The Air: The Pub Crawl (18+) in 15 minutes on @celestiaradio! - http://pvlive.me/celestia_radio
[05:47:34] *** Quits: Sleepypony (dj@Pony-3hn.3em.150.86.IP) (Connection closed)
[05:50:43] *** Quits: Dragony (Dragony@Pony-4h36h8.chtnsc.sbcglobal.net) (Connection closed)
[06:00:17] *** Oatzmeal is now known as Oatz[Sleep]
[06:22:43] *** Quits: HomerBouvier (HomerB@is.best.sea.poni) (Connection closed)
[06:45:03] <Not-3ef4> On The Air: Lectura Rainbow in 15 minutes on @mlp_la! - http://pvlive.me/bronies_radio_la
[07:08:17] *** Quits: LightningCrash (lightning@property.of.moonlightning) (Quit: *poof*)
[07:21:55] <Electron> good morning everypony
[07:22:10] <Electron> whoever you are
[07:26:18] <Electron> http://i.imgur.com/SEwjySI.gif
[07:43:35] *** ama is now known as ama|sleep
[07:45:03] <Not-3ef4> On The Air: Retrozone in 15 minutes on @mlp_la! - http://pvlive.me/bronies_radio_la
[07:47:57] *** ThunderBolt|Work is now known as ThunderBolt
[07:49:36] <ThunderBolt> herro
[07:52:17] * ThunderBolt pokes Electron
[07:52:23] <ThunderBolt> :3
[07:54:10] <Electron>  E:
[07:54:32] <ThunderBolt> Whats anymore of that anime?
[07:55:13] <Electron> I watch it when I got time :3
[07:55:28] <ThunderBolt> what episode you upto
[07:55:42] <Electron> at 3
[07:56:14] <Electron> some shenanigans are going on
[07:56:14] <ThunderBolt> so yo like it then?
[07:56:30] <Electron> well yeah, not bad
[07:56:51] <ThunderBolt> Thats good
[07:57:35] <Electron> who would refuse to look at nice looking girls? :3
[07:58:41] <ThunderBolt> :3
[08:00:54] <ThunderBolt> Manami is kinda a dick to Kio
[08:01:52] <Electron> at least someone is a dick to him
[08:02:11] <Electron> everybody else is so caring
[08:03:13] <ThunderBolt> lol a lines from the letter a lined up
[08:03:17] <ThunderBolt> our*
[08:04:18] * Electron wants to look at ponies though :3
[08:06:52] <ThunderBolt> met the robots yet>
[08:08:19] <Electron> I got some hints about them, yeah
[08:22:38] <ThunderBolt> time to start another ANime
[08:29:18] *** Quits: Ashley (Ashfire@Ashfire.bronytv.net) (Ping timeout: 121 seconds)
[08:29:32] *** Joins: Ashfire (Ashfire@Ashfire.bronytv.net)
[08:29:32] *** Luna sets mode: +o Ashfire
[08:37:06] * MirSar stumbles in to the channel
[08:38:08] <Electron> are you saying you came here by accident?
[08:39:12] <MirSar> Me beeing awake now should be an accident
[08:40:45] * Electron carries MirSar to bed
[08:42:44] * MirSar holds Electron close like a plushie and falls asleep
[08:43:39] <Electron> oh maaan, how am I supposed to work being hugged like this? :|
[08:44:34] *** Quits: WubzyWubbles (WubzyWubble@Pony-431131.irvnca.sbcglobal.net) (Quit: Leaving)
[08:47:25] <MirSar> You're not, you're supposed to relax :3
[08:48:10] <Electron> if I were home I could, gladly   E:
[09:02:25] <Electron> http://s43.radikal.ru/i102/1112/ce/8da8ac3e0aae.jpg
[09:04:18] <MirSar> dat butt ^^
[09:08:44] <Electron> you mean dat tail?
[09:20:55] <Electron> quassel became one of the most frequent using program in my life
[09:21:01] <Electron> ( ._.)
[09:21:32] <Electron> who would have thought that 2 years ago...
[09:27:17] <MirSar> heh, I've gotten the little ruskie addicted :3
[09:36:15] *** Joins: JockeTF (jocke@Pony-mjg.sl1.132.194.IP)
[09:44:01] <Electron> :3
[09:44:27] <Electron> why plural though? :] am I not the only one?
[09:45:02] <Not-3ef4> On The Air: Vintage Zone in 15 minutes on @mlp_la! - http://pvlive.me/bronies_radio_la
[09:45:36] <MirSar> Plural? I think I worded it pretty singular :P
[09:46:04] <Electron> well no :)
[09:48:25] <Electron> I remember you mentioned other ru guys, but they do not care about ponies or something
[09:50:05] <MirSar> I don't know many Russians, you're very special to me :P
[09:50:05] <MirSar> I do know a few from Polend and close by Though
[09:51:50] *** Joins: WubzyWubbles (WubzyWubble@Pony-431131.irvnca.sbcglobal.net)
[10:01:03] <Not-3ef4> The MBS Show: Malaysian Bronies: "The MBS Show Reviews: My Little Pony Comic Book Friends Forever Issue 7" - - http://www.youtube.com/watch?v=tyEcshUv-IY
[10:02:04] <Electron> awww, you are the only and very special Norwegian to me as well, MirSar
[10:02:09] <Electron> :3
[10:07:26] *** Quits: Acentric (PonyAce@Pony-asdc0n.ga.charter.com) (Quit: Ponies! That is all)
[10:14:48] *** Quits: JockeTF (jocke@Pony-mjg.sl1.132.194.IP) (Quit: Leaving.)
[10:16:52] *** Quits: WubzyWubbles (WubzyWubble@Pony-431131.irvnca.sbcglobal.net) (Ping timeout: 121 seconds)
[10:17:29] *** Joins: JockeTF (jocke@Pony-tipsli.cust.telenor.se)
[10:22:14] <ThunderBolt> Electron
[10:26:47] <Electron> yes?
[10:27:34] <ThunderBolt> if you want another reccomendation watch High School DxD
[10:27:51] <ThunderBolt> High School DxD, not High School DxD new
[10:28:07] <Electron> what's the difference?
[10:28:11] <ThunderBolt> High School DxD new is the sequel
[10:29:05] <Electron> what does DxD mean?
[10:29:13] <ThunderBolt> take a wild guess
[10:30:21] <Electron> Dangeons and Dragons?
[10:31:35] <ThunderBolt> i actually have no clue XD
[10:31:49] <Electron> Drag and Drop?
[10:31:58] <ThunderBolt> here is a English DUB if you want to watch it https://www.animegaki.com/watch/high-school-dxd-dub-episode-001.html
[10:32:08] <ThunderBolt> it has nudity in it
[10:32:25] <Electron> ooooooookay :)
[10:32:29] <ThunderBolt> here is some info on it http://myanimelist.net/anime/11617/High_School_DxD
[10:33:10] <ThunderBolt> "he's later reincarnated as a devil by his gorgeous senpai "
[10:33:16] <MirSar> Nudity and a whole bunch of boob and erotic jokes :3
[10:33:19] <ThunderBolt> SENPAI!
[10:33:41] * Electron senpai never notices me
[10:34:09] <ThunderBolt> Pewdiepie is a senpai
[10:34:38] <ThunderBolt> i only just started watching anime ( knowing it was anime) a few days ago
[10:35:16] <ThunderBolt> i did watch pokemon ( original) and Yi-Gi-Oh ( original) years ago but i never knew what anime was back then
[11:54:17] * Electron watched High School for 5 mins, has seen pants and bras more often than wherever before already
[11:54:54] <Electron> the concentration of them there is over 9000
[11:58:56] <ThunderBolt> its very good
[11:59:32] <ThunderBolt> the fight scenes are great
[12:00:37] <ThunderBolt> Electron, better than Asobi ni iku yo
[12:00:38] <ThunderBolt> ?
[12:01:23] <Electron> fights are better, I presume
[12:01:54] <ThunderBolt> alot
[12:03:07] <ThunderBolt> like it more than Asobi ni iku yo? Electron
[12:03:25] <Electron> that scene "I'd like you to be my boyfriend" d'awwww  ;_;
[12:03:43] * Electron nearly dies of cuteness
[12:03:59] <Electron> I can't say that, ThunderBolt
[12:04:09] <Electron> both anime are good
[12:09:29] * MirSar lolz - https://www.youtube.com/watch?v=F4dGW0jHbuo
[12:11:33] <MirSar> It should really be subtitles on this..
[12:14:48] <ThunderBolt> Electron yeah both are good
[12:15:12] <ThunderBolt> Asobi ni iku yo is cute and High School DxD is Fighting
[12:20:54] <ThunderBolt> oh thank god
[12:21:54] <ThunderBolt> Jeremy Clarkson got suspended
[12:21:59] <ThunderBolt> hated that guy
[12:33:49] * JockeTF replaces ThunderBolt with USB 3.1.
[12:34:06] * ThunderBolt is usb4.1  
[12:42:16] <Electron> ...wut?
[12:55:36] * Electron it is March, the third month of the year, Half-Life 3 confirmed
[13:04:27] * Electron there will be EqG 3, Half-Life 3 confirmed
[13:04:48] <ThunderBolt> there will be blood, Half-Life 3 confirmed
[13:05:24] <Electron> you got the third blood type? Half-Life 3 confirmed
[13:07:11] <ThunderBolt> nini
[13:07:24] * Electron Earth is the third planet in Solar system, Half-Life 3 confirmed
[13:07:27] <Electron> g'night
[13:07:35] *** ThunderBolt is now known as ThunderBolt|Sleeping
[13:16:51] * MirSar bobbs his head to the music - http://pub7.di.fm:80/di_nightcore?17081c32f2cb0bc698233f91
[13:17:58] <Electron> night club dance music
[13:19:04] <Electron> wild beat
[13:23:29] * MirSar party's hard inside his head
[13:24:08] * Electron imagines pleased face of MirSar
[13:24:31] * MirSar smirks 
[13:26:29] * Electron "you better dance, you better move fast"
[13:26:43] * Electron "so spin your butt round and round"
[13:31:20] <MirSar> I always get in a good mood py listening to "party music", I'm not really the party type, but I love the music :3
[13:31:53] * Electron loves music
[13:32:07] * Electron except rap of course
[13:54:59] <Electron> http://i.imgur.com/mUOhjfr.jpg
[14:00:35] * Electron hovers home bobbing his head
[14:45:02] <Not-3ef4> On The Air: Atmosfera Brony in 15 minutes on @mlp_la! - http://pvlive.me/bronies_radio_la
[16:02:56] *** Joins: WubzyWubbles (WubzyWubble@Pony-431131.irvnca.sbcglobal.net)
[16:36:33] *** [A]McKey is now known as McKey
[16:40:37] *** ama|sleep is now known as ama|work
[16:50:35] *** Quits: JockeTF (jocke@Pony-tipsli.cust.telenor.se) (Quit: Leaving.)
[16:53:43] *** Quits: WubzyWubbles (WubzyWubble@Pony-431131.irvnca.sbcglobal.net) (Ping timeout: 121 seconds)
[17:07:51] *** Joins: WubzyWubbles (WubzyWubble@Pony-431131.irvnca.sbcglobal.net)
[19:08:43] *** Joins: McKeyPL (Kordus@twilightsparkle.ovh)
[19:09:22] *** McKeyPL is now known as McKey
[19:44:35] *** Joins: SRB_9 (SRB_9@Pony-mkmdgl.optusnet.com.au)
[19:44:55] *** Quits: SRB_9 (SRB_9@Pony-mkmdgl.optusnet.com.au) (Quit: Page closed)
[19:45:23] *** Joins: Felad (Felad@Pony-mkmdgl.optusnet.com.au)
[19:46:35] *** Joins: Felad_ (Felad@Pony-mkmdgl.optusnet.com.au)
[19:54:00] *** Quits: Felad (Felad@Pony-mkmdgl.optusnet.com.au) (Ping timeout: 121 seconds)
[19:54:41] *** Quits: Felad_ (Felad@Pony-mkmdgl.optusnet.com.au) (Ping timeout: 121 seconds)
[20:07:07] *** ThunderBolt|Sleeping is now known as ThunderBolt
[20:09:42] * ThunderBolt tackles Lycan
[20:10:07] * ThunderBolt tackles Electron too
[20:23:51] *** Night is now known as Dusk
[20:35:59] *** Quits: Not-3ef4 (notifico@Pony-ffs.51p.199.198.IP) (Connection closed)
[20:45:03] *** Joins: Not-570b (notifico@Pony-ffs.51p.199.198.IP)
[20:45:03] <Not-570b> On The Air: The Lightning Round in 15 minutes on @sonicradioboom! - http://pvlive.me/sonic_radioboom
[20:46:03] <Not-570b> On The Air: Pony Club par @Mijkami in 15 minutes on @RadioBrony! - http://pvlive.me/radio_brony
[20:57:31] *** Joins: Felad (Felad@Pony-mkmdgl.optusnet.com.au)
[21:01:17] * Felad slaps Felad around a bit with a large fishbot
[21:01:31] *** Oatz[Sleep] is now known as Oatzmeal
[21:07:37] *** Quits: Felad (Felad@Pony-mkmdgl.optusnet.com.au) (Ping timeout: 121 seconds)
[21:53:39] *** Joins: HomerBouvier (HomerB@is.best.sea.poni)
[22:24:42] *** McKey is now known as [A]McKey
[23:45:03] <Not-570b> On The Air: No Hooves Barred in 15 minutes on @TheLunaRadio! - http://pvlive.me/luna_radio
[23:46:03] <Not-570b> On The Air: In the Box with Nexus in 15 minutes on @fillyradio! - http://pvlive.me/fillydelphia_radio
[23:47:04] <Not-570b> On The Air: Let's Play Thursday in 15 minutes on @EveryponyRadio! - http://pvlive.me/everypony_radio
[23:57:39] *** Joins: LightningCrash (lightning@property.of.moonlightning)
