[00:03:40] *** Unixkitty is now known as Awaykitty
[00:26:35] *** Joins: Pony_7 (Pony_7@Pony-hqvmui.range86-152.btcentralplus.com)
[00:27:01] *** Quits: Pony_7 (Pony_7@Pony-hqvmui.range86-152.btcentralplus.com) (Quit: Page closed)
[00:27:11] *** Joins: Pony_4 (Pony_4@Pony-hqvmui.range86-152.btcentralplus.com)
[00:28:13] *** Quits: Pony_4 (Pony_4@Pony-hqvmui.range86-152.btcentralplus.com) (Quit: Page closed)
[01:21:57] *** afkshi is now known as Fluttershi
[01:33:44] *** Quits: Alcoholicorn (Alcoholicor@Pony-bfp.0d7.20.67.IP) (Ping timeout: 121 seconds)
[01:35:16] *** Quits: Hoofy (HoofSounds_@Pony-dsovdr.res.rr.com) (Ping timeout: 121 seconds)
[01:36:31] *** Joins: Alcoholicorn (Alcoholicor@Pony-bfp.0d7.20.67.IP)
[01:58:37] *** Joins: LightningCrash (lightning@Pony-lvs.lv2.99.68.IP)
[03:17:45] *** Joins: Hoofy (~HoofSounds_@Pony-dsovdr.res.rr.com)
[03:29:03] *** Hoofy is now known as Zana
[03:58:48] *** ama|sleep is now known as ama
[04:12:16] *** Quits: Alcoholicorn (Alcoholicor@Pony-bfp.0d7.20.67.IP) (Ping timeout: 121 seconds)
[04:19:27] *** Quits: MissTake (~Pony_8@Pony-005.gro.248.50.IP) (Quit: Page closed)
[04:21:31] *** Silverlight|away is now known as Silverlight
[05:27:34] *** Zana is now known as Hoofy
[06:59:24] *** Quits: LightningCrash (lightning@property.of.moonlightning) (Quit: The Nightmares will collide. And become a dream. <3)
[07:11:06] *** Ashfire is now known as Ashfire|offline
[07:35:00] *** ama is now known as ama|sleep
[07:40:26] *** Quits: Lapsus (Lapsus@i-forget.ca) (Quit: )
[07:44:27] *** Joins: Lapsus (Lapsus@i-forget.ca)
[07:45:42] *** Hoofy is now known as Hearts
[07:46:13] *** Hearts is now known as Hoofy
[08:13:14] *** Quits: Zuzu_ (zuzu@is.robo.licious) (Connection closed)
[08:13:56] *** Joins: Zuzu (zuzu@is.robo.licious)
[08:34:09] *** Joins: [A]McKey (Kordus@twilightsparkle.ovh)
[08:34:30] *** [A]McKey is now known as McKey
[08:35:39] *** Joins: CompuDesktop (quassel@snuggly.filly)
[08:35:48] *** Joins: Fluttershi (Fluttershi@Fluttershi.publicBNC.canternet.org)
[08:36:03] *** Fluttershi is now known as Pony_30721
[08:36:09] *** Joins: PrincessAshley (me@Pony-b7jkls.sv08.vg3e.41d0.2001.IP)
[08:38:58] *** Joins: AppleDash (appled@Gyro.Pony.Is.Best.Pony)
[08:49:25] *** Quits: Zuzu (zuzu@is.robo.licious) (Connection closed)
[09:00:31] *** Joins: wolfyshy (woof@fluttering.shyly.through.the.forest)
[09:55:36] *** Awaykitty is now known as Unixkitty
[10:03:44] *** Hoofy is now known as Hoofy_sleeping
[10:15:12] *** Unixkitty is now known as Awaykitty
[10:29:34] *** Joins: ThunderStorm (lightning@property.of.moonlightning)
[10:40:38] *** Quits: Hoofy_sleeping (~HoofSounds_@Pony-dsovdr.res.rr.com) (Ping timeout: 121 seconds)
[10:47:36] *** Parts: CompuDesktop (quassel@snuggly.filly) ("http://quassel-irc.org - Chat comfortably. Anywhere.")
[11:21:22] *** Awaykitty is now known as Mobilekitty
[11:21:32] *** Joins: Pakistan (Pakistan@janam.samgha.kero)
[11:21:39] *** Parts: Pakistan (Pakistan@janam.samgha.kero) ()
[11:33:01] *** Joins: Sorrel (silverlight@Pony-a1f.uaq.74.24.IP)
[11:33:39] *** Quits: Silverlight (silverlight@voiceofequestria.com) (Killed (NickServ (GHOST command used by Sorrel)))
[11:33:41] *** Sorrel is now known as Silverlight
[12:03:12] *** Q0 is now known as Q0|Away
[12:06:51] *** Mobilekitty is now known as Awaykitty
[13:13:24] *** Joins: CompuDesktop (quassel@snuggly.filly)
[13:17:01] *** Joins: Hoofy (HoofSounds_@Pony-dsovdr.res.rr.com)
[13:36:43] *** Parts: CompuDesktop (quassel@snuggly.filly) ("http://quassel-irc.org - Chat comfortably. Anywhere.")
[13:45:35] *** Joins: Alcoholicorn (Alcoholicor@Pony-bfp.0d7.20.67.IP)
[16:10:12] *** Joins: Toothpaste (uid63062@Pony-f8galh.hqe2.tdoh.8300.2604.IP)
[16:17:08] *** ama|bnc is now known as ama|work
[16:33:04] *** Awaykitty is now known as Unixkitty
[16:51:22] *** Quits: Alcoholicorn (Alcoholicor@Pony-bfp.0d7.20.67.IP) (Ping timeout: 121 seconds)
[16:54:19] *** Toothpaste is now known as Toothie|Skoolz
[16:54:53] *** Joins: Alcoholicorn (Alcoholicor@Pony-bfp.0d7.20.67.IP)
[17:08:44] *** Pony_30721 is now known as Fluttershi
[18:50:13] *** Unixkitty is now known as Awaykitty
[18:54:07] *** Ashfire|offline is now known as Ashfire
[20:08:01] *** Quits: Alcoholicorn (Alcoholicor@Pony-bfp.0d7.20.67.IP) (Ping timeout: 121 seconds)
[20:16:53] *** Joins: Alcoholicorn (Alcoholicor@Pony-bfp.0d7.20.67.IP)
[20:25:04] *** Quits: Alcoholicorn (Alcoholicor@Pony-bfp.0d7.20.67.IP) (Ping timeout: 121 seconds)
[20:37:37] *** Quits: Toothie|Skoolz (uid63062@Pony-f8galh.hqe2.tdoh.8300.2604.IP) (Quit: Going to writing camp now! Bye! <3)
[20:55:18] *** Joins: Alcoholicorn (Alcoholicor@Pony-bfp.0d7.20.67.IP)
[21:02:10] *** Awaykitty is now known as Unixkitty
[21:30:47] *** Quits: Alcoholicorn (Alcoholicor@Pony-bfp.0d7.20.67.IP) (Ping timeout: 121 seconds)
[21:37:39] *** Unixkitty is now known as Sleepykitty
[22:31:11] *** Ashfire is now known as Ash[Away]
[22:55:03] *** McKey is now known as [A]McKey
[23:07:23] *** Joins: Pony_3 (Pony_3@Pony-0pabap.aero2.net.pl)
[23:07:33] *** Parts: Pony_3 (Pony_3@Pony-0pabap.aero2.net.pl) ("")
[23:28:31] *** Joins: Zuzu (zuzu@is.robo.licious)
