[00:00:48] *** Creeps|AFK is now known as RedHelper
[00:06:10] *** Gigabit is now known as Gigaway
[00:07:26] *** Gigaway is now known as Gigabit
[00:42:57] *** Quits: Alcoholicorn (Alcoholicor@Pony-55oq0s.pool.hargray.net) (Ping timeout: 121 seconds)
[00:58:44] *** Quits: Ashley (me@Pony-pog.bad.31.176.IP) (Quit: WeeChat 1.1.1)
[01:10:12] *** Joins: Alcoholicorn (Alcoholicor@Pony-bfp.0d7.20.67.IP)
[01:17:33] *** Nexus is now known as NexSleep
[01:26:36] *** Quits: Alcoholicorn (Alcoholicor@Pony-bfp.0d7.20.67.IP) (Ping timeout: 121 seconds)
[01:30:55] *** Gigabit is now known as Gigaway
[01:31:41] *** Gigaway is now known as Gigabit
[01:36:04] *** Joins: Alcoholicorn (Alcoholicor@Pony-bfp.0d7.20.67.IP)
[02:27:39] *** Quits: Colgate (rabbit@brushie.horse) (Quit: Luna IRC 1.1.1. Praise the goddess of the night.)
[02:29:28] *** Joins: Colgate (rabbit@brushie.horse)
[02:29:28] *** Celestia sets mode: +ao Colgate Colgate
[02:36:51] *** Joins: LightningCrash (lightning@Pony-35aoef.ph.cox.net)
[02:50:35] *** Pony_63995 is now known as Lapsus
[03:05:13] *** Ash[Away] is now known as Ashfire
[03:13:33] *** PonyToast is now known as RulaRulaHI4sekr4sekr
[03:36:25] *** Joins: Pony_6 (Pony_6@Pony-oif08h.ok.shawcable.net)
[03:37:03] *** Parts: Pony_6 (Pony_6@Pony-oif08h.ok.shawcable.net) ("")
[03:37:19] *** Joins: Relentless (~Relentless@Pony-oif08h.ok.shawcable.net)
[03:41:03] <hoofy> how ou  enable gameserv?
[03:41:29] <Colgate> /chanserv help set gameserv
[03:41:51] <hoofy> thanx
[03:57:42] *** Joins: Shadowheart (viifwstwgrl@Pony-33j.if7.91.71.IP)
[03:58:23] <Shadowheart> Alright, so I used to be owner of a room and due to life, I couldn't get on in a long time and the room kinda died. How do I regain ownership?
[04:02:46] *** Parts: Shadowheart (viifwstwgrl@Pony-33j.if7.91.71.IP) ()
[04:45:32] *** ama|work is now known as ama
[05:12:20] <AppleDash> You don't, and even if you did the first step would be waiting more than 5 minutes for an answer :P
[05:21:57] <Googie> If a room has accidentally expired, but still has people in it, we'll occasionally chanop the previous owner so that they can reregister. If the channel has been succeeded by someone else, then there's you ask that person nicely :P
[05:22:12] <Googie> (I'm aware Shadawheart parted, but whatever :P)
[05:33:16] *** Q0|Away is now known as Q0
[05:36:14] <Dusk> Heh
[06:37:49] *** Ashfire is now known as Ash[Away]
[06:38:06] *** Quits: Mike_Coltfield (Larscis@colt.in.the.rain) (Quit: Well, that was unexpected...)
[06:38:06] *** Oatz[Sick] is now known as Oatz[Sleep]
[06:42:54] *** Joins: ThunderStorm (lightning@property.of.moonlightning)
[06:48:44] *** Quits: ThunderStorm (lightning@property.of.moonlightning) (Quit: The Nightmares will collide. And become a Dream.)
[07:07:41] *** Joins: Mike_Coltfield (Larscis@colt.in.the.rain)
[07:07:41] *** Celestia sets mode: +o Mike_Coltfield
[07:08:04] *** Quits: Moonlightning (blackl@property.of.lightningcrash) (Quit: The Nightmares will Collide. And become a Dream. <3)
[07:09:13] *** Joins: Caerdwyn_ (midnight@always.broken.sometimes.patched.never.fixed)
[07:09:15] *** Quits: Twili (Twili@Twilights.Study) (cadance.canternet.org chrysalis.canternet.org)
[07:09:15] *** Quits: hoofy (HoofSounds_@Pony-dsovdr.res.rr.com) (cadance.canternet.org chrysalis.canternet.org)
[07:09:15] *** Quits: Fusl (Fusl@1.0.0.127.in-addr.arpa.li) (cadance.canternet.org chrysalis.canternet.org)
[07:09:15] *** Quits: Pony_86038 (Rika-chan@Pony-ssn.3jm.187.37.IP) (cadance.canternet.org chrysalis.canternet.org)
[07:09:15] *** Quits: Person (Tilde@Pony-bj0.5t3.116.129.IP) (cadance.canternet.org chrysalis.canternet.org)
[07:09:15] *** Quits: Googie (Googol@gnaws.on.keratin.and.ears) (cadance.canternet.org chrysalis.canternet.org)
[07:09:15] *** Quits: Caerdwyn (midnight@always.broken.sometimes.patched.never.fixed) (cadance.canternet.org chrysalis.canternet.org)
[07:09:15] *** Quits: RubyPinch (x@Gem.Stealer) (cadance.canternet.org chrysalis.canternet.org)
[07:09:15] *** Quits: Colgate (rabbit@brushie.horse) (cadance.canternet.org chrysalis.canternet.org)
[07:09:15] *** Quits: MBscript (miggyb@horsetornado.co.uk) (cadance.canternet.org chrysalis.canternet.org)
[07:09:15] *** Joins: miggyb (miggyb@Pony-rch.5rt.72.54.IP)
[07:09:26] *** Caerdwyn_ is now known as Caerdwyn
[07:09:32] *** Joins: CarlGel (Rika-chan@Pony-0ro3ru.jg5q.ommk.41d0.2001.IP)
[07:09:34] *** Joins: Person (Tilde@Pony-ruil2b.dorm.utexas.edu)
[07:09:42] *** CarlGel is now known as Pony_65733
[07:09:44] *** Joins: Moonlightning (blackl@property.of.lightningcrash)
[07:10:03] *** Joins: Colgate (rabbit@brushie.horse)
[07:10:03] *** Celestia sets mode: +ao Colgate Colgate
[07:10:25] *** Joins: Twili (Twili@Pony-svb.e24.0.127.IP)
[07:10:26] *** Celestia sets mode: +v Twili
[07:10:37] *** Joins: HoofSounds_360 (~HoofSounds_@Pony-dsovdr.res.rr.com)
[07:10:46] *** Joins: RubyPinch (x@Gem.Stealer)
[07:10:50] *** HoofSounds_360 is now known as hoofy
[07:10:58] *** Joins: Fusl (Fusl@151.236.6.54)
[07:11:19] *** hoofy is now known as Pony_8937
[07:11:23] *** Joins: Googie (Googol@gnaws.on.keratin.and.ears)
[07:11:23] *** Celestia sets mode: +o Googie
[07:11:27] *** Fusl is now known as Pony_85609
[07:11:58] *** Pony_8937 is now known as Hoofy
[07:12:01] *** Joins: CompuDesktop (quassel@snuggly.filly)
[07:12:17] *** Hoofy is now known as Hoofy2
[07:12:17] *** Parts: CompuDesktop (quassel@snuggly.filly) ("http://quassel-irc.org - Chat comfortably. Anywhere.")
[07:12:34] *** Quits: Colgate (rabbit@brushie.horse) (Server shutdown)
[07:12:34] *** Quits: Mike_Coltfield (Larscis@colt.in.the.rain) (Server shutdown)
[07:12:35] *** Quits: Lapsus (Lapsus@i-forget.ca) (Server shutdown)
[07:12:35] *** Quits: Silverlight|away (silverlight@voiceofequestria.com) (Server shutdown)
[07:12:35] *** Quits: Dusk (Dusk@ctos.link) (Server shutdown)
[07:12:35] *** Quits: Ash[Away] (Ashfire@Ashfire.bronytv.net) (Server shutdown)
[07:12:35] *** Quits: Oatz[Sleep] (i`m@part.of.a.balanced.breakfast) (Server shutdown)
[07:12:35] *** Quits: Seoson (Seoson@pony.kab-s.de) (Server shutdown)
[07:12:35] *** Quits: Datguy (Datguy@Pony-103.0b1.131.104.IP) (Server shutdown)
[07:12:35] *** Quits: Hck (Hexie@Twilight.Is.Best.Pony) (Server shutdown)
[07:12:36] *** Quits: johnsey (johnsey@netadmin.canternet.org) (cloudchaser.canternet.org cadance.canternet.org)
[07:12:36] *** Quits: One-Trick (Octavia@canterlot.symphony.orchestra) (cloudchaser.canternet.org cadance.canternet.org)
[07:12:36] *** Quits: Alcoholicorn (Alcoholicor@Pony-bfp.0d7.20.67.IP) (cloudchaser.canternet.org cadance.canternet.org)
[07:12:36] *** Quits: Finwe (vhalkola@Pony-25l.vcn.233.130.IP) (cloudchaser.canternet.org cadance.canternet.org)
[07:12:36] *** Quits: AlteranAncient (AlteranAnci@Pony-erua9u.ukofequestria.co.uk) (cloudchaser.canternet.org cadance.canternet.org)
[07:12:36] *** Quits: Hoofy2 (~HoofSounds_@Pony-dsovdr.res.rr.com) (cloudchaser.canternet.org cadance.canternet.org)
[07:12:36] *** Quits: Awaykitty (Selina@the.unicorn.cat) (cloudchaser.canternet.org cadance.canternet.org)
[07:12:36] *** Quits: Pony_85609 (Fusl@151.236.6.54) (cloudchaser.canternet.org cadance.canternet.org)
[07:12:36] *** Quits: Rainbow14 (chat@Pony-ss0.osa.44.82.IP) (cloudchaser.canternet.org cadance.canternet.org)
[07:12:36] *** Quits: Relentless (~Relentless@Pony-oif08h.ok.shawcable.net) (cloudchaser.canternet.org cadance.canternet.org)
[07:12:36] *** Quits: RubyPinch (x@Gem.Stealer) (cloudchaser.canternet.org cadance.canternet.org)
[07:12:36] *** Quits: Gigabit (GigabitPony@wonderbolt.wannabe) (cloudchaser.canternet.org cadance.canternet.org)
[07:12:36] *** Quits: TSparkle3395 (TSparkle339@Pony-2ri.g8v.178.70.IP) (cloudchaser.canternet.org cadance.canternet.org)
[07:12:36] *** Quits: miggyb (miggyb@horsetornado.co.uk) (cloudchaser.canternet.org cadance.canternet.org)
[07:12:36] *** Quits: AppleDash (appled@Gyro.Pony.Is.Best.Pony) (cloudchaser.canternet.org cadance.canternet.org)
[07:12:36] *** Quits: Zuzu (zuzu@is.robo.licious) (cloudchaser.canternet.org cadance.canternet.org)
[07:12:36] *** Quits: Moonlightning (blackl@property.of.lightningcrash) (cloudchaser.canternet.org cadance.canternet.org)
[07:12:36] *** Quits: bikey (repair@s.no.bike) (cloudchaser.canternet.org cadance.canternet.org)
[07:12:36] *** Quits: Eivel (Eivel@Keep.Calm.and.Pony.On) (cloudchaser.canternet.org cadance.canternet.org)
[07:12:36] *** Quits: klaxa (klaxa@Pony-1kuq6f.eu) (cloudchaser.canternet.org cadance.canternet.org)
[07:12:38] *** Joins: klaxa_ (klaxa@Pony-1kuq6f.eu)
[07:12:47] *** Joins: Lapsus (Lapsus@Pony-5m46mf.cable.rogers.com)
[07:12:49] *** Joins: Silverlight (silverlight@Pony-a1f.uaq.74.24.IP)
[07:12:49] *** Joins: Colgate (rabbit@brushie.horse)
[07:12:50] *** Celestia sets mode: +ao Colgate Colgate
[07:12:58] *** Joins: Datguy (Datguy@Pony-saoqak.7c6k.qn14.a880.2604.IP)
[07:13:07] *** klaxa_ is now known as klaxa
[07:13:12] *** Joins: Hck (Hexie@Pony-3agfts.antyklay.pl)
[07:13:19] *** Joins: Eivel (Eivel@Keep.Calm.and.Pony.On)
[07:13:35] *** Hck is now known as Pony_2720
[07:14:17] *** Joins: RubyPinch (x@Gem.Stealer)
[07:14:17] *** Joins: miggyb (miggyb@horsetornado.co.uk)
[07:14:17] *** Joins: Gigabit (GigabitPony@wonderbolt.wannabe)
[07:14:17] *** Joins: Awaykitty (Selina@the.unicorn.cat)
[07:14:17] *** Joins: Finwe (vhalkola@Pony-25l.vcn.233.130.IP)
[07:14:17] *** Joins: Pony_85609 (Fusl@151.236.6.54)
[07:14:17] *** Joins: Alcoholicorn (Alcoholicor@Pony-bfp.0d7.20.67.IP)
[07:14:17] *** Joins: One-Trick (Octavia@canterlot.symphony.orchestra)
[07:14:17] *** Joins: TSparkle3395 (TSparkle339@Pony-2ri.g8v.178.70.IP)
[07:14:17] *** Joins: Relentless (~Relentless@Pony-oif08h.ok.shawcable.net)
[07:14:17] *** Joins: AlteranAncient (AlteranAnci@Pony-erua9u.ukofequestria.co.uk)
[07:14:17] *** Joins: AppleDash (appled@Gyro.Pony.Is.Best.Pony)
[07:14:17] *** Joins: johnsey (johnsey@netadmin.canternet.org)
[07:14:17] *** Joins: Hoofy2 (~HoofSounds_@Pony-dsovdr.res.rr.com)
[07:14:17] *** Joins: Moonlightning (blackl@property.of.lightningcrash)
[07:14:17] *** Joins: Rainbow14 (chat@Pony-ss0.osa.44.82.IP)
[07:14:17] *** Joins: bikey (repair@Pony-and.br1.52.198.IP)
[07:14:17] *** Joins: Zuzu (zuzu@is.robo.licious)
[07:14:17] *** discord.canternet.org sets mode: +oao One-Trick johnsey johnsey
[07:14:24] *** Hoofy2 is now known as hooy
[07:14:28] *** hooy is now known as hoofy
[07:14:58] *** hoofy is now known as Pony_6443
[07:15:51] *** Joins: Ashley (Ashfire@Pony-f3g.03l.131.104.IP)
[07:16:35] *** Pony_6443 is now known as Hoofy
[07:18:10] *** Quits: Relentless (~Relentless@Pony-oif08h.ok.shawcable.net) (Quit: Page closed)
[07:26:11] *** Joins: Oatzmeal (i`m@Pony-f3g.03l.131.104.IP)
[07:26:21] *** Joins: Seoson (Seoson@pony.kab-s.de)
[07:26:59] *** Joins: Dusk (Dusk@ctos.link)
[07:29:53] *** Quits: Celestia (Celestia@The.Sun.Princess) (cloudchaser.canternet.org services.canternet.org)
[07:29:55] *** Quits: johnsey (johnsey@netadmin.canternet.org) (daring.canternet.org cloudchaser.canternet.org)
[07:29:55] *** Quits: One-Trick (Octavia@canterlot.symphony.orchestra) (daring.canternet.org cloudchaser.canternet.org)
[07:29:55] *** Quits: Alcoholicorn (Alcoholicor@Pony-bfp.0d7.20.67.IP) (daring.canternet.org cloudchaser.canternet.org)
[07:29:55] *** Quits: Finwe (vhalkola@Pony-25l.vcn.233.130.IP) (daring.canternet.org cloudchaser.canternet.org)
[07:29:55] *** Quits: AlteranAncient (AlteranAnci@Pony-erua9u.ukofequestria.co.uk) (daring.canternet.org cloudchaser.canternet.org)
[07:29:55] *** Quits: Hoofy (~HoofSounds_@Pony-dsovdr.res.rr.com) (daring.canternet.org cloudchaser.canternet.org)
[07:29:55] *** Quits: Awaykitty (Selina@the.unicorn.cat) (daring.canternet.org cloudchaser.canternet.org)
[07:29:55] *** Quits: Pony_85609 (Fusl@151.236.6.54) (daring.canternet.org cloudchaser.canternet.org)
[07:29:55] *** Quits: Rainbow14 (chat@Pony-ss0.osa.44.82.IP) (daring.canternet.org cloudchaser.canternet.org)
[07:29:55] *** Quits: RubyPinch (x@Gem.Stealer) (daring.canternet.org cloudchaser.canternet.org)
[07:29:55] *** Quits: Gigabit (GigabitPony@wonderbolt.wannabe) (daring.canternet.org cloudchaser.canternet.org)
[07:29:55] *** Quits: TSparkle3395 (TSparkle339@Pony-2ri.g8v.178.70.IP) (daring.canternet.org cloudchaser.canternet.org)
[07:29:55] *** Quits: bikey (repair@s.no.bike) (daring.canternet.org cloudchaser.canternet.org)
[07:29:55] *** Quits: miggyb (miggyb@horsetornado.co.uk) (daring.canternet.org cloudchaser.canternet.org)
[07:29:55] *** Quits: Ashley (Ashfire@Ashfire.bronytv.net) (daring.canternet.org cloudchaser.canternet.org)
[07:29:55] *** Quits: AppleDash (appled@Gyro.Pony.Is.Best.Pony) (daring.canternet.org cloudchaser.canternet.org)
[07:29:55] *** Quits: Zuzu (zuzu@is.robo.licious) (daring.canternet.org cloudchaser.canternet.org)
[07:29:55] *** Quits: Moonlightning (blackl@property.of.lightningcrash) (daring.canternet.org cloudchaser.canternet.org)
[07:29:55] *** Quits: Twili (Twili@Twilights.Study) (daring.canternet.org cloudchaser.canternet.org)
[07:29:55] *** Quits: Googie (Googol@gnaws.on.keratin.and.ears) (daring.canternet.org cloudchaser.canternet.org)
[07:29:55] *** Quits: Colgate (rabbit@brushie.horse) (daring.canternet.org cloudchaser.canternet.org)
[07:29:55] *** Quits: Silverlight (silverlight@voiceofequestria.com) (daring.canternet.org cloudchaser.canternet.org)
[07:29:55] *** Quits: Oatzmeal (i`m@part.of.a.balanced.breakfast) (daring.canternet.org cloudchaser.canternet.org)
[07:29:55] *** Quits: Dusk (Dusk@ctos.link) (daring.canternet.org cloudchaser.canternet.org)
[07:29:55] *** Quits: Seoson (Seoson@pony.kab-s.de) (daring.canternet.org cloudchaser.canternet.org)
[07:30:08] *** Joins: Oatzmeal (i`m@part.of.a.balanced.breakfast)
[07:30:08] *** Joins: Seoson (Seoson@pony.kab-s.de)
[07:30:08] *** Joins: Dusk (Dusk@ctos.link)
[07:30:20] *** Joins: Twili (Twili@Twilights.Study)
[07:30:20] *** Joins: Googie (Googol@gnaws.on.keratin.and.ears)
[07:30:20] *** Joins: Ashley (Ashfire@Ashfire.bronytv.net)
[07:30:20] *** Joins: AppleDash (appled@Gyro.Pony.Is.Best.Pony)
[07:30:20] *** Joins: Silverlight (silverlight@voiceofequestria.com)
[07:30:20] *** Joins: Colgate (rabbit@brushie.horse)
[07:30:20] *** Joins: Zuzu (zuzu@is.robo.licious)
[07:30:20] *** Joins: Alcoholicorn (Alcoholicor@Pony-bfp.0d7.20.67.IP)
[07:30:20] *** Joins: Finwe (vhalkola@Pony-25l.vcn.233.130.IP)
[07:30:20] *** Joins: AlteranAncient (AlteranAnci@Pony-erua9u.ukofequestria.co.uk)
[07:30:20] *** Joins: Hoofy (~HoofSounds_@Pony-dsovdr.res.rr.com)
[07:30:20] *** Joins: Awaykitty (Selina@the.unicorn.cat)
[07:30:20] *** Joins: Pony_85609 (Fusl@151.236.6.54)
[07:30:20] *** Joins: Rainbow14 (chat@Pony-ss0.osa.44.82.IP)
[07:30:20] *** Joins: RubyPinch (x@Gem.Stealer)
[07:30:20] *** Joins: Gigabit (GigabitPony@wonderbolt.wannabe)
[07:30:20] *** Joins: TSparkle3395 (TSparkle339@Pony-2ri.g8v.178.70.IP)
[07:30:20] *** Joins: bikey (repair@s.no.bike)
[07:30:20] *** Joins: miggyb (miggyb@horsetornado.co.uk)
[07:30:20] *** Joins: johnsey (johnsey@netadmin.canternet.org)
[07:30:20] *** Joins: One-Trick (Octavia@canterlot.symphony.orchestra)
[07:30:20] *** Joins: Moonlightning (blackl@property.of.lightningcrash)
[07:30:20] *** chrysalis.canternet.org sets mode: +voaoaoo Twili Googie Colgate Colgate johnsey johnsey One-Trick
[07:30:22] *** Quits: johnsey (johnsey@netadmin.canternet.org) (chrysalis.canternet.org discord.canternet.org)
[07:30:22] *** Quits: One-Trick (Octavia@canterlot.symphony.orchestra) (chrysalis.canternet.org discord.canternet.org)
[07:30:22] *** Quits: Alcoholicorn (Alcoholicor@Pony-bfp.0d7.20.67.IP) (chrysalis.canternet.org discord.canternet.org)
[07:30:22] *** Quits: Finwe (vhalkola@Pony-25l.vcn.233.130.IP) (chrysalis.canternet.org discord.canternet.org)
[07:30:22] *** Quits: AlteranAncient (AlteranAnci@Pony-erua9u.ukofequestria.co.uk) (chrysalis.canternet.org discord.canternet.org)
[07:30:22] *** Quits: Hoofy (~HoofSounds_@Pony-dsovdr.res.rr.com) (chrysalis.canternet.org discord.canternet.org)
[07:30:22] *** Quits: Awaykitty (Selina@the.unicorn.cat) (chrysalis.canternet.org discord.canternet.org)
[07:30:22] *** Quits: Pony_85609 (Fusl@151.236.6.54) (chrysalis.canternet.org discord.canternet.org)
[07:30:22] *** Quits: Rainbow14 (chat@Pony-ss0.osa.44.82.IP) (chrysalis.canternet.org discord.canternet.org)
[07:30:22] *** Quits: RubyPinch (x@Gem.Stealer) (chrysalis.canternet.org discord.canternet.org)
[07:30:22] *** Quits: Gigabit (GigabitPony@wonderbolt.wannabe) (chrysalis.canternet.org discord.canternet.org)
[07:30:22] *** Quits: TSparkle3395 (TSparkle339@Pony-2ri.g8v.178.70.IP) (chrysalis.canternet.org discord.canternet.org)
[07:30:22] *** Quits: bikey (repair@s.no.bike) (chrysalis.canternet.org discord.canternet.org)
[07:30:22] *** Quits: miggyb (miggyb@horsetornado.co.uk) (chrysalis.canternet.org discord.canternet.org)
[07:30:22] *** Quits: Ashley (Ashfire@Ashfire.bronytv.net) (chrysalis.canternet.org discord.canternet.org)
[07:30:22] *** Quits: AppleDash (appled@Gyro.Pony.Is.Best.Pony) (chrysalis.canternet.org discord.canternet.org)
[07:30:22] *** Quits: Zuzu (zuzu@is.robo.licious) (chrysalis.canternet.org discord.canternet.org)
[07:30:22] *** Quits: Moonlightning (blackl@property.of.lightningcrash) (chrysalis.canternet.org discord.canternet.org)
[07:30:35] *** Joins: Celestia (Celestia@The.Sun.Princess)
[07:30:35] *** services.canternet.org sets mode: +o Celestia
[07:30:39] *** Fluttershi is now known as afkshi
[07:31:03] *** Joins: Ashley (me@Pony-b7jkls.sv08.vg3e.41d0.2001.IP)
[07:32:16] *** Ashley is now known as 436AAAGDN
[07:32:16] *** Joins: RubyPinch (x@Gem.Stealer)
[07:32:16] *** Joins: miggyb (miggyb@horsetornado.co.uk)
[07:32:16] *** Joins: Gigabit (GigabitPony@wonderbolt.wannabe)
[07:32:16] *** Joins: Awaykitty (Selina@the.unicorn.cat)
[07:32:16] *** Joins: Finwe (vhalkola@Pony-25l.vcn.233.130.IP)
[07:32:16] *** Joins: Pony_85609 (Fusl@151.236.6.54)
[07:32:16] *** Joins: Alcoholicorn (Alcoholicor@Pony-bfp.0d7.20.67.IP)
[07:32:16] *** Joins: One-Trick (Octavia@canterlot.symphony.orchestra)
[07:32:16] *** Joins: TSparkle3395 (TSparkle339@Pony-2ri.g8v.178.70.IP)
[07:32:16] *** Joins: AlteranAncient (AlteranAnci@Pony-erua9u.ukofequestria.co.uk)
[07:32:16] *** Joins: AppleDash (appled@Gyro.Pony.Is.Best.Pony)
[07:32:16] *** Joins: johnsey (johnsey@netadmin.canternet.org)
[07:32:16] *** Joins: Hoofy (~HoofSounds_@Pony-dsovdr.res.rr.com)
[07:32:16] *** Joins: Moonlightning (blackl@property.of.lightningcrash)
[07:32:16] *** Joins: Rainbow14 (chat@Pony-ss0.osa.44.82.IP)
[07:32:17] *** Joins: Ashley (Ashfire@Ashfire.bronytv.net)
[07:32:17] *** Joins: bikey (repair@s.no.bike)
[07:32:17] *** Joins: Zuzu (zuzu@is.robo.licious)
[07:32:17] *** discord.canternet.org sets mode: +oao One-Trick johnsey johnsey
[07:33:19] *** RedHelper is now known as Creeps|AFK
[07:36:15] *** Person is now known as Persona
[08:09:33] *** Quits: LightningCrash (lightning@property.of.moonlightning) (Quit: The Nightmares will collide. And become a dream. <3)
[08:38:06] *** 436AAAGDN is now known as Ashley`
[08:38:36] *** Ashley` is now known as Pony_82952
[08:38:50] *** Pony_82952 is now known as PrincessAshley
[08:54:53] *** Joins: Mike_Coltfield (Larscis@colt.in.the.rain)
[08:54:53] *** Celestia sets mode: +o Mike_Coltfield
[08:56:54] *** PrincessAshley is now known as Ashley`
[08:57:24] *** Ashley` is now known as Pony_2108
[08:57:58] *** Pony_2108 is now known as Ashley[cantintonickserv]
[09:05:18] *** Ashley[cantintonickserv] is now known as Ashley`
[09:07:25] *** Quits: Mike_Coltfield (Larscis@colt.in.the.rain) (Quit: Well, that was unexpected...)
[09:07:33] *** Joins: Mike_Coltfield (Larscis@colt.in.the.rain)
[09:07:33] *** Celestia sets mode: +o Mike_Coltfield
[09:20:14] *** Silverlight is now known as Silverlight|away
[09:29:47] *** Quits: Alcoholicorn (Alcoholicor@Pony-bfp.0d7.20.67.IP) (Ping timeout: 121 seconds)
[09:55:28] *** Dusk is now known as Otakon
[09:55:54] *** Otakon is now known as Nadine
[09:56:43] *** Nadine is now known as Golden_GLeam
[09:56:47] *** Golden_GLeam is now known as Golden_Gleam
[09:58:24] *** Golden_Gleam is now known as Otakon
[09:58:50] *** Otakon is now known as Dusk
[09:58:55] *** Dusk is now known as Dazuk
[10:29:40] *** Dazuk is now known as Dusk
[10:51:34] *** Quits: Ashley (Ashfire@Ashfire.bronytv.net) (Quit: ZNC - 1.6.0 - http://znc.in)
[10:51:47] *** Joins: Ashley (Ashfire@Pony-f3g.03l.131.104.IP)
[11:05:37] *** Gigabit is now known as GigaZzz
[12:03:51] *** afkshi is now known as Fluttershi
[13:01:51] *** Q0 is now known as Q0|Away
[15:44:05] *** Joins: Freak (Freak@Freak.Freak.Freak.Freak)
[15:44:16] <Freak> how to set successer ?
[15:44:25] <Freak> how to set or change the  successer ?
[15:46:15] <wolfyshy> http://wiki.barafranca.com/index.php/IRC/HOWTO:Channel_Successors#One_of_the_possible_Successors_has_the_.2BS-flag may help
[15:48:28] *** Freak is now known as FreakAWAY
[15:56:30] <FreakAWAY> thx
[15:57:35] *** Quits: johnsey (johnsey@netadmin.canternet.org) (discord.canternet.org derpy.canternet.org)
[15:57:35] *** Quits: One-Trick (Octavia@canterlot.symphony.orchestra) (discord.canternet.org derpy.canternet.org)
[15:58:16] *** Joins: johnsey (johnsey@netadmin.canternet.org)
[15:58:16] *** Joins: One-Trick (Octavia@canterlot.symphony.orchestra)
[15:58:16] *** derpy.canternet.org sets mode: +aoo johnsey johnsey One-Trick
[15:58:25] *** Parts: FreakAWAY (Freak@Freak.Freak.Freak.Freak) ()
[16:00:20] *** Quits: johnsey (johnsey@netadmin.canternet.org) (discord.canternet.org derpy.canternet.org)
[16:00:20] *** Quits: One-Trick (Octavia@canterlot.symphony.orchestra) (discord.canternet.org derpy.canternet.org)
[16:01:16] *** Joins: johnsey (johnsey@netadmin.canternet.org)
[16:01:16] *** Joins: One-Trick (Octavia@canterlot.symphony.orchestra)
[16:01:16] *** derpy.canternet.org sets mode: +aoo johnsey johnsey One-Trick
[17:13:42] *** Joins: Toothpaste (uid63062@Pony-tbaiid.charlton.irccloud.com)
[17:15:45] *** Toothpaste is now known as Toothie|Skoolz
[17:38:30] *** Joins: Alcoholicorn (Alcoholicor@Pony-55oq0s.pool.hargray.net)
[19:46:52] *** Quits: Alcoholicorn (Alcoholicor@Pony-55oq0s.pool.hargray.net) (Ping timeout: 121 seconds)
[19:59:57] *** Joins: Alcoholicorn (Alcoholicor@Pony-55oq0s.pool.hargray.net)
[20:11:43] *** Toothie|Skoolz is now known as Toothie
[20:21:52] *** Joins: Warning (Mibbit@Pony-np7.iua.59.94.IP)
[20:30:04] *** Parts: Warning (Mibbit@Pony-np7.iua.59.94.IP) ()
[20:31:34] *** Toothie is now known as Toothie|Skoolz
[22:11:09] *** Joins: Pony_4 (Pony_4@Pony-3uorjg.res.rr.com)
[22:23:18] *** Quits: Pony_4 (Pony_4@Pony-3uorjg.res.rr.com) (Ping timeout: 121 seconds)
[22:29:12] *** Toothie|Skoolz is now known as Toothpaste
[22:29:19] *** Quits: Toothpaste (uid63062@Pony-tbaiid.charlton.irccloud.com) (Quit: "Friendship ain't magic; it's a miracle." -ClaviSound http://tinyurl.com/p9wkvyo)
[22:47:49] *** Joins: LightningCrash (lightning@Pony-35aoef.ph.cox.net)
[23:18:20] *** GigaZzz is now known as Gigabit
[23:55:07] *** Quits: LightningCrash (lightning@property.of.moonlightning) (Quit: My Mac has gone to sleep. ZZZzzz…)
