[00:17:29] *** Quits: HomerBouvier (HomerB@is.best.sea.poni) (Connection closed)
[00:24:45] *** Joins: Zuzu (zuzu@is.robo.licious)
[00:31:49] *** Quits: Alcoholicorn (Alcoholicor@Pony-55oq0s.pool.hargray.net) (Ping timeout: 121 seconds)
[00:34:43] *** Quits: Luna (Luna@The.Moon.Princess) (shutting down)
[00:34:56] *** Joins: Luna (Luna@The.Moon.Princess)
[00:34:56] *** services.canternet.org sets mode: +o Luna
[00:59:35] *** Joins: HomerBouvier (HomerB@is.best.sea.poni)
[01:06:35] *** Quits: HomerBouvier (HomerB@is.best.sea.poni) (Ping timeout: 121 seconds)
[01:10:09] *** Joins: HomerBouvier (HomerB@is.best.sea.poni)
[01:11:37] *** Toothpaste is now known as Toothie|Busy
[01:15:18] *** Toothie|Busy is now known as Toothpaste
[01:15:23] *** Joins: gunthler (Gunthler@Pony-bf2smb.a186.dp13.0306.2602.IP)
[01:18:31] *** Quits: HomerBouvier (HomerB@is.best.sea.poni) (Connection closed)
[01:27:28] *** Joins: HomerBouvier (HomerB@is.best.sea.poni)
[01:27:38] *** Joins: Pony_6 (~Pony_6@Pony-005.gro.248.50.IP)
[01:27:51] *** Pony_6 is now known as MissChief
[01:29:06] *** Joins: Ashley (Ashfire@Ashfire.bronytv.net)
[01:29:27] *** Quits: gunthler (Gunthler@Pony-bf2smb.a186.dp13.0306.2602.IP) (Ping timeout: 121 seconds)
[01:30:09] *** Quits: Ashfire (Ashfire@Ashfire.bronytv.net) (Ping timeout: 121 seconds)
[01:35:45] *** Quits: HomerBouvier (HomerB@is.best.sea.poni) (Ping timeout: 121 seconds)
[01:43:34] *** Joins: gunthler (Gunthler@Pony-bf2smb.a186.dp13.0306.2602.IP)
[01:51:06] *** Joins: HomerBouvier (HomerB@is.best.sea.poni)
[01:54:13] *** Quits: HomerBouvier (HomerB@is.best.sea.poni) (Quit: I quit the fandom. Bye!)
[01:55:00] *** Joins: HomerBouvier (HomerB@is.best.sea.poni)
[02:01:11] *** Quits: HomerBouvier (HomerB@is.best.sea.poni) (Connection closed)
[02:07:04] *** Quits: gunthler (Gunthler@Pony-bf2smb.a186.dp13.0306.2602.IP) (Quit: https://youtu.be/5FjWe31S_0g )
[02:29:38] *** Quits: Zuzu (zuzu@is.robo.licious) (Ping timeout: 121 seconds)
[02:30:39] *** Joins: Zuzu (zuzu@Pony-m4l35r.eastlink.ca)
[02:38:26] *** Quits: Zuzu (zuzu@is.robo.licious) (Ping timeout: 121 seconds)
[02:39:33] *** Joins: Zuzu (zuzu@is.robo.licious)
[02:47:03] *** Joins: HomerBouvier (HomerB@is.best.sea.poni)
[02:47:32] *** Quits: HomerBouvier (HomerB@is.best.sea.poni) (Connection closed)
[02:47:50] *** Joins: HomerBouvier (HomerB@is.best.sea.poni)
[02:51:47] *** Quits: HomerBouvier (HomerB@is.best.sea.poni) (Connection closed)
[02:51:59] *** Joins: HomerBouvier (HomerB@is.best.sea.poni)
[02:52:03] *** Quits: Toothpaste (uid63062@Pony-tbaiid.charlton.irccloud.com) (Quit: "Friendship ain't magic; it's a miracle." -ClaviSound)
[02:52:37] *** Quits: HomerBouvier (HomerB@is.best.sea.poni) (Connection closed)
[02:52:50] *** Joins: HomerBouvier (HomerB@is.best.sea.poni)
[03:01:58] *** Joins: TaintFare (TaintFare@Pony-c3u11o.fios.verizon.net)
[03:02:10] *** Parts: TaintFare (TaintFare@Pony-c3u11o.fios.verizon.net) ()
[03:11:38] *** Quits: HomerBouvier (HomerB@is.best.sea.poni) (Connection closed)
[03:15:53] *** Blackjack is now known as Littlepip
[03:24:23] *** Quits: Zuzu (zuzu@is.robo.licious) (Ping timeout: 121 seconds)
[03:25:43] *** Joins: Zuzu (zuzu@Pony-m4l35r.eastlink.ca)
[03:31:47] *** Quits: Zuzu (zuzu@is.robo.licious) (Ping timeout: 121 seconds)
[03:33:07] *** Joins: Zuzu (zuzu@Pony-m4l35r.eastlink.ca)
[03:36:46] *** Quits: MissChief (~Pony_6@Pony-005.gro.248.50.IP) (Quit: Page closed)
[03:45:59] *** Joins: Alcoholicorn (Alcoholicor@Pony-55oq0s.pool.hargray.net)
[03:58:59] *** Quits: Zuzu (zuzu@is.robo.licious) (Ping timeout: 121 seconds)
[04:39:40] *** Q0|Away is now known as Q0
[04:41:56] *** Joins: CocoPommell (Ashfire@Pony-b8vo6b.nj.comcast.net)
[04:43:17] *** Joins: Ashfire (Ashfire@Ashfire.bronytv.net)
[04:45:24] *** Quits: Ashley (Ashfire@Ashfire.bronytv.net) (Ping timeout: 121 seconds)
[04:46:21] *** Quits: CocoPommell (Ashfire@Pony-b8vo6b.nj.comcast.net) (Ping timeout: 121 seconds)
[06:06:13] *** Joins: Zuzu (zuzu@is.robo.licious)
[06:27:12] *** Joins: Pony_7 (Pony_7@Pony-1mv.9ae.102.130.IP)
[06:32:48] *** Joins: Pony_0 (Pony_0@Pony-n6utg2.uq.edu.au)
[06:38:53] *** Quits: Pony_0 (Pony_0@Pony-n6utg2.uq.edu.au) (Ping timeout: 121 seconds)
[06:40:52] *** Quits: HomerMobile (HomerB@is.best.sea.poni) (Connection closed)
[06:43:47] *** Quits: Pony_7 (Pony_7@Pony-1mv.9ae.102.130.IP) (Quit: Page closed)
[06:43:53] *** Joins: Pony_7 (Pony_7@Pony-1mv.9ae.102.130.IP)
[06:47:46] *** Joins: Pony_3 (Pony_3@Pony-n6utg2.uq.edu.au)
[06:47:47] *** Joins: HomerMobile (HomerB@is.best.sea.poni)
[06:51:48] *** Quits: Pony_3 (Pony_3@Pony-n6utg2.uq.edu.au) (Ping timeout: 121 seconds)
[07:02:41] *** Quits: Alcoholicorn (Alcoholicor@Pony-55oq0s.pool.hargray.net) (Ping timeout: 121 seconds)
[07:23:44] *** Quits: Phase4 (Phase4@Pony-lu48ce.lnk.telstra.net) (Ping timeout: 121 seconds)
[08:26:24] *** Joins: Phase4 (Phase4@Pony-rpmu2a.internode.on.net)
[09:03:34] *** Joins: Pony_5 (Pony_5@Pony-9m7ec0.home.otenet.gr)
[09:03:43] *** Quits: Pony_5 (Pony_5@Pony-9m7ec0.home.otenet.gr) (Quit: Page closed)
[10:08:37] *** Joins: Pi (Pi@Pony-ahd.b3q.94.119.IP)
[10:36:50] *** hoofy is now known as sleeep
[11:01:21] *** Quits: Phase4 (Phase4@Pony-rpmu2a.internode.on.net) (Quit: Leaving)
[11:02:11] *** Joins: Phase4 (Phase4@Pony-rpmu2a.internode.on.net)
[11:51:32] *** Joins: Saxopi (Pi@Pony-ahd.b3q.94.119.IP)
[11:54:13] *** Quits: Pi (Pi@Pony-ahd.b3q.94.119.IP) (Ping timeout: 121 seconds)
[11:56:56] *** Q0 is now known as Q0|Away
[12:08:18] *** Saxopi is now known as Pi
[12:28:10] *** Quits: Pi (Pi@Pony-ahd.b3q.94.119.IP) (Quit: Lend us 10p for a cuppa tea?)
[12:51:18] *** Joins: Pi (pi@Pony-ahd.b3q.94.119.IP)
[13:33:48] *** sleeep is now known as hoofy
[13:46:15] *** Quits: Zuzu (zuzu@is.robo.licious) (Ping timeout: 121 seconds)
[13:47:40] *** Joins: Zuzu (zuzu@is.robo.licious)
[13:59:41] *** Quits: Zuzu (zuzu@is.robo.licious) (Ping timeout: 121 seconds)
[14:00:45] *** Joins: Zuzu (zuzu@is.robo.licious)
[14:26:55] *** Quits: Zuzu (zuzu@is.robo.licious) (Ping timeout: 121 seconds)
[14:28:27] *** Joins: Zuzu (zuzu@is.robo.licious)
[14:30:28] *** Quits: Pi (pi@Pony-ahd.b3q.94.119.IP) (Ping timeout: 121 seconds)
[14:31:09] *** Joins: Pi (pi@Pony-ahd.b3q.94.119.IP)
[14:45:54] *** Joins: Pony (Pony@Pony-a9i.3f7.9.94.IP)
[14:49:31] *** Pony is now known as Shamon
[14:59:50] *** hoofy is now known as hearts_the_yoshi
[15:10:28] *** Quits: Ashfire (Ashfire@Ashfire.bronytv.net) (Connection closed)
[15:29:34] *** Joins: Ashfire (Ashfire@Ashfire.bronytv.net)
[15:50:44] *** Joins: Toothpaste (uid63062@Pony-tbaiid.charlton.irccloud.com)
[16:13:17] *** Joins: gunthler (Gunthler@Pony-cmihfr.a186.dp13.0306.2602.IP)
[16:13:30] *** gunthler is now known as gunny
[16:24:26] *** Quits: gunny (Gunthler@Pony-cmihfr.a186.dp13.0306.2602.IP) (Connection closed)
[16:24:40] *** Joins: gunny (Gunthler@Pony-cmihfr.a186.dp13.0306.2602.IP)
[16:38:49] *** Joins: Phase5 (Phase4@Pony-0j8ib1.internode.on.net)
[16:40:34] *** Quits: Phase4 (Phase4@Pony-rpmu2a.internode.on.net) (Ping timeout: 121 seconds)
[17:07:54] *** Quits: Zuzu (zuzu@is.robo.licious) (Ping timeout: 121 seconds)
[17:08:56] *** Joins: Zuzu (zuzu@Pony-m4l35r.eastlink.ca)
[17:11:01] *** Quits: Pi (pi@Pony-ahd.b3q.94.119.IP) (Quit: Leaving)
[17:18:45] *** Joins: Pi (Pi@Pony-ahd.b3q.94.119.IP)
[17:25:19] *** hearts_the_yoshi is now known as hoofy
[17:32:12] *** Toothpaste is now known as Rhenn
[17:38:18] *** Joins: Scope (Mibbit@Pony-474jlo.amazon.com)
[17:50:46] *** Parts: Shamon (Pony@Pony-a9i.3f7.9.94.IP) ("")
[18:00:09] *** Quits: Pi (Pi@Pony-ahd.b3q.94.119.IP) (Quit: Lend us 10p for a cuppa tea?)
[18:06:44] *** Quits: Scope (Mibbit@Pony-474jlo.amazon.com) (Quit: http://www.mibbit.com ajax IRC Client)
[18:07:07] *** hoofy is now known as vampa
[18:13:00] *** vampa is now known as hoofy
[18:18:30] *** Quits: gunny (Gunthler@Pony-cmihfr.a186.dp13.0306.2602.IP) (Connection closed)
[18:18:44] *** Joins: gunny (Gunthler@Pony-cmihfr.a186.dp13.0306.2602.IP)
[18:38:23] *** [A]McKey is now known as McKey
[19:13:57] *** Joins: McKey (Kordus@twilightsparkle.ovh)
[19:13:57] -daring.canternet.org- Replaying up to 10 lines of pre-join history spanning up to 300 seconds
[19:15:06] *** Quits: gunny (Gunthler@Pony-cmihfr.a186.dp13.0306.2602.IP) (Connection closed)
[19:15:20] *** Joins: gunny (Gunthler@Pony-cmihfr.a186.dp13.0306.2602.IP)
[19:18:41] *** Quits: HomerMobile (HomerB@is.best.sea.poni) (Ping timeout: 121 seconds)
[19:22:41] *** Joins: Ashley (Ashfire@Ashfire.bronytv.net)
[19:23:18] *** Quits: Ashfire (Ashfire@Ashfire.bronytv.net) (Ping timeout: 121 seconds)
[19:36:14] *** hoofy is now known as vampa
[19:50:33] *** Joins: HomerMobile (HomerB@Pony-a9tper.tn.charter.com)
[19:55:52] *** Quits: gunny (Gunthler@Pony-cmihfr.a186.dp13.0306.2602.IP) (Connection closed)
[19:56:20] *** vampa is now known as hearts_the_Yoshi
[19:58:18] *** Quits: HomerMobile (HomerB@is.best.sea.poni) (Ping timeout: 121 seconds)
[20:16:56] *** hearts_the_Yoshi is now known as vampa
[20:17:27] *** Joins: Alcoholicorn (Alcoholicor@Pony-55oq0s.pool.hargray.net)
[21:07:12] *** vampa is now known as hoofy
[21:20:12] *** Joins: HomerMobile (HomerB@Pony-a9tper.tn.charter.com)
[21:59:46] *** Joins: HomerBouvier (HomerB@is.best.sea.poni)
[22:16:57] *** Quits: HomerBouvier (HomerB@is.best.sea.poni) (Connection closed)
[22:17:07] *** Joins: HomerTablet (HomerB@is.best.sea.poni)
[22:18:08] *** HomerTablet is now known as HomerBouvier
[22:41:09] *** Quits: Pony_7 (Pony_7@Pony-1mv.9ae.102.130.IP) (Quit: Page closed)
[22:43:20] *** Quits: HomerBouvier (HomerB@is.best.sea.poni) (Ping timeout: 121 seconds)
[22:49:26] *** Rhenn is now known as Toothpaste
[23:42:25] *** Joins: woodpamp (woodpamp@Pony-6bfj46.chello.nl)
[23:42:29] *** Quits: woodpamp (woodpamp@Pony-6bfj46.chello.nl) (Client exited)
[23:43:50] *** Joins: woodpamp (woodpamp@Pony-6bfj46.chello.nl)
[23:43:54] *** Quits: woodpamp (woodpamp@Pony-6bfj46.chello.nl) (Client exited)
[23:55:06] *** Quits: hoofy (~HoofSounds_@Pony-fc3h53.bcvloh.sbcglobal.net) (Ping timeout: 121 seconds)
