[00:05:01] *** Coco_Pommel is now known as Coco_Pommel|busy
[00:22:34] *** Joins: Pony_9796 (DJMidli@Pony-a80e42.dsl.bell.ca)
[00:29:42] *** Oatz[Sleep] is now known as Oatzmeal
[00:32:42] *** Quits: Pony_9796 (DJMidli@Pony-a80e42.dsl.bell.ca) (Ping timeout: 121 seconds)
[00:45:03] <Not-570b> Tune in to No Hooves Barred in 15 minutes on @TheLunaRadio! - http://pvlive.me/luna_radio
[00:46:03] <Not-570b> Tune in to #IntoTheAcropolis with @DJCalcos (Live Mix) in 15 minutes on @PonyvilleFM! - http://pvlive.me/ponyvillefm
[01:05:32] *** Joins: LightningCrash (lightning@property.of.moonlightning)
[01:11:03] <Not-570b> Ponyville Live!: "BABSCon 2015 - Closing Ceremonies" - http://www.youtube.com/watch?v=0-tACrFrtOI
[01:18:37] *** Joins: inkDooble (inkDooble@Pony-bso.k33.56.172.IP)
[01:24:59] *** Quits: Datguy (Datguy@Pony-saoqak.7c6k.qn14.a880.2604.IP) (Ping timeout: 121 seconds)
[01:25:30] *** Quits: inkDooble (inkDooble@Pony-bso.k33.56.172.IP) (Ping timeout: 121 seconds)
[01:31:42] *** Joins: Datguy (Datguy@Pony-saoqak.7c6k.qn14.a880.2604.IP)
[01:32:08] *** Joins: Griffen (xxsnoggiibc@Pony-vqfn46.dyn.centurytel.net)
[01:33:55] *** Joins: Scootaloose (scootaloose@Pony-eb6cjj.cable.rogers.com)
[01:35:27] *** Coco_Pommel|busy is now known as Coco_Pommel
[01:36:28] <Griffen> hey none of the stations will let me listen to music? do any of you know what i should do about it? i dont know how to contact pml staff
[01:37:16] *** Quits: Datguy (Datguy@Pony-saoqak.7c6k.qn14.a880.2604.IP) (Ping timeout: 121 seconds)
[01:40:30] *** Quits: Griffen (xxsnoggiibc@Pony-vqfn46.dyn.centurytel.net) (Ping timeout: 121 seconds)
[01:44:32] *** Joins: Griffen (xxsnoggiibc@Pony-8u51vo.dyn.centurytel.net)
[01:45:00] *** Joins: Datguy (Datguy@Pony-103.0b1.131.104.IP)
[01:45:03] <Not-570b> Tune in to Radio is Magic in 15 minutes on @mlp_la! - http://pvlive.me/bronies_radio_la
[01:51:23] *** Quits: Datguy (Datguy@Pony-103.0b1.131.104.IP) (Quit: Cya.)
[01:55:40] *** Joins: IamFluffyPony (IamFluffyPo@Pony-9dcue5.hlrn.qwest.net)
[01:57:04] *** Quits: IamFluffyPony (IamFluffyPo@Pony-9dcue5.hlrn.qwest.net) (Quit: Page closed)
[01:57:12] *** Joins: IamFluffyPony (hirjfrhbquw@Pony-9dcue5.hlrn.qwest.net)
[01:59:25] *** Parts: IamFluffyPony (hirjfrhbquw@Pony-9dcue5.hlrn.qwest.net) ()
[02:10:53] *** Quits: Griffen (xxsnoggiibc@Pony-8u51vo.dyn.centurytel.net) (Quit: Watch and listen live at http://pvlive.me)
[02:11:03] <Not-570b> Ponyville Live!: "BABSCon 2015 - Brian and Brynna Drummond Interview" - http://www.youtube.com/watch?v=TcPyF28sdYg
[02:14:05] *** Joins: Griffen (xxsnoggiibc@Pony-8u51vo.dyn.centurytel.net)
[02:14:21] <Dusk> welcome back Griffen
[02:15:21] <Griffen> yeah a new browser seemed to work
[02:15:43] <Dusk> Yep
[02:15:52] <Dusk> Which browser did ya pick?
[02:16:47] <Griffen> i just went to internet explorer until i can get mozilla unless that isnt supported either
[02:17:27] *** Quits: Griffen (xxsnoggiibc@Pony-8u51vo.dyn.centurytel.net) (Quit: Watch and listen live at http://pvlive.me)
[02:17:42] *** Joins: Griffen (xxsnoggiibc@Pony-8u51vo.dyn.centurytel.net)
[02:18:08] <Griffen> chat lag is so much fun!
[02:23:49] * Dusk hugs Griffen
[02:24:33] * Griffen accepts the hug and hugz back "the struggle is real"
[02:26:04] <Not-570b> Ponyville Live!: "BABSCon 2015 - Jennifer Blake Interview" - http://www.youtube.com/watch?v=klYYy2yqWGE
[02:30:03] <Griffen> that was touching at the begging
[02:30:11] <Griffen> begining*
[02:45:02] <Not-570b> Tune in to Everfree Signal in 15 minutes on @mlp_la! - http://pvlive.me/bronies_radio_la
[02:46:02] <Not-570b> Tune in to #ThePermaLink with @TheLinkyo in 15 minutes on @PonyvilleFM! - http://pvlive.me/ponyvillefm
[02:52:01] *** Quits: Griffen (xxsnoggiibc@Pony-8u51vo.dyn.centurytel.net) (Quit: Watch and listen live at http://pvlive.me)
[03:16:04] <Not-570b> Ponyville Live!: "BABSCon 2015 - Cathy Weseluck Interview" - http://www.youtube.com/watch?v=EDBzI7iEC7M
[03:17:04] <Not-570b> Ponyville Live!: "BABSCon 2015 - Tony Fleecs Interview" - http://www.youtube.com/watch?v=WV-bBo8UQNI
[03:18:04] <Not-570b> Ponyville Live!: "BABSCon 2015 - Rebecca Shoichet Interview" - http://www.youtube.com/watch?v=4vZDssMq5d8
[03:18:58] *** Joins: Pony_9796 (DJMidli@Pony-a80e42.dsl.bell.ca)
[03:19:03] <Not-570b> Ponyville Live!: "BABSCon 2015 - Jennifer Blake Interview" - http://www.youtube.com/watch?v=klYYy2yqWGE
[03:38:09] *** Joins: Flashy (IceChat9@Pony-vhkq4e.vc.shawcable.net)
[03:45:04] <Not-570b> Tune in to 8-Bit Sex (18+) in 15 minutes on @celestiaradio! - http://pvlive.me/celestia_radio
[03:46:04] <Not-570b> Tune in to EFNW Presents @EverfreeNW in 15 minutes on @fillyradio! - http://pvlive.me/fillydelphia_radio
[03:47:04] <Not-570b> Tune in to Twitchy After Dark in 15 minutes on @TVBrony! - http://pvlive.me/bronytv
[03:52:08] *** Joins: Datguy (Datguy@Pony-saoqak.7c6k.qn14.a880.2604.IP)
[03:54:34] *** Joins: Vic (scootaloose@Pony-eb6cjj.cable.rogers.com)
[03:55:13] *** Quits: Datguy (Datguy@Pony-saoqak.7c6k.qn14.a880.2604.IP) (Connection closed)
[04:05:01] *** Quits: Vic (scootaloose@Pony-eb6cjj.cable.rogers.com) (Ping timeout: 121 seconds)
[04:45:04] <Not-570b> Tune in to DJ Kamiaze in 15 minutes on @mlp_la! - http://pvlive.me/bronies_radio_la
[05:10:02] *** Joins: Mew (svwbhxfpxfb@Pony-4986ti.iinet.net.au)
[05:26:05] <Not-570b> Talking Ponies: "Current Cannon Episode 1 "The Cutie Map"" - http://www.youtube.com/watch?v=UL3ANgSjnIs
[05:56:06] *** Quits: Scootaloose (scootaloose@Pony-eb6cjj.cable.rogers.com) (cadance.canternet.org discord.canternet.org)
[05:56:06] *** Quits: MKody (MKody97[NLR@kdy.ch) (cadance.canternet.org discord.canternet.org)
[05:57:11] *** Joins: MKody (MKody97[NLR@kdy.ch)
[05:57:11] *** Joins: Scootaloose (scootaloose@Pony-eb6cjj.cable.rogers.com)
[06:00:50] *** Oatzmeal is now known as Oatz[Sleep]
[06:01:03] <Not-570b> No Hooves Barred: "Ep. 77 - Getting on Equal Standing" - http://soundcloud.com/nohoovesbarred/ep-77-getting-on-equal-standing
[06:01:40] *** Quits: LightningCrash (lightning@property.of.moonlightning) (Quit: *poof*)
[06:14:11] *** ama|work is now known as ama|sleep
[06:21:04] <Not-570b> Ponyville Live!: "BABSCon 2015 - Animation Hour with Shades of Everfree" - http://www.youtube.com/watch?v=CnxkLjvGhUU
[06:45:04] <Not-570b> Tune in to Mr cbleck Catchy Tun3s in 15 minutes on @mlp_la! - http://pvlive.me/bronies_radio_la
[07:23:38] *** Joins: Datguy (Datguy@Pony-saoqak.7c6k.qn14.a880.2604.IP)
[07:36:11] *** Quits: Scootaloose (scootaloose@Pony-eb6cjj.cable.rogers.com) (Ping timeout: 121 seconds)
[07:42:16] *** Quits: Flashy (IceChat9@Fast.Blue.Pegasus) (Ping timeout: 121 seconds)
[07:45:02] <Not-570b> Tune in to Retrozone in 15 minutes on @mlp_la! - http://pvlive.me/bronies_radio_la
[07:54:06] *** Joins: Flashy (IceChat9@Pony-vhkq4e.vc.shawcable.net)
[09:26:44] *** Joins: JockeTF (jocke@Pony-mjg.sl1.132.194.IP)
[09:28:26] * Electron yawns
[09:28:36] <Electron> good morning
[09:45:02] <Not-570b> Tune in to Vintage Zone in 15 minutes on @mlp_la! - http://pvlive.me/bronies_radio_la
[09:48:58] *** Quits: Coco_Pommel (coco@Pony-l3n1m0.ma.comcast.net) (Ping timeout: 121 seconds)
[10:11:03] *** Joins: WubzyWubbles (WubzyWubble@Pony-431131.irvnca.sbcglobal.net)
[10:15:31] *** [A]McKey is now known as McKey
[10:15:46] *** Quits: Flashy (IceChat9@Fast.Blue.Pegasus) (Ping timeout: 121 seconds)
[10:16:28] *** McKey is now known as [A]McKey
[10:16:36] <StarStream> yo m8
[10:19:30] *** Joins: Lunia (ellen@ChumPony.Enterprises)
[10:27:00] *** Quits: Mew (svwbhxfpxfb@Pony-4986ti.iinet.net.au) (Connection closed)
[10:27:30] *** Quits: Lunia (ellen@ChumPony.Enterprises) (Ping timeout: 121 seconds)
[10:33:00] *** Joins: Scootaloose (scootaloose@Pony-eb6cjj.cable.rogers.com)
[10:37:15] *** Quits: Scootaloose (scootaloose@Pony-eb6cjj.cable.rogers.com) (Ping timeout: 121 seconds)
[10:42:15] * Electron eats a banana
[10:44:37] <TheFlutterGuy> sexy ;)
[10:45:05] <Electron> ... it's just a banana ... ( -.-)
[10:45:25] <TheFlutterGuy> not the way you eat it 
[10:46:38] <Electron> I eat it in a usual way ( -.-)
[11:04:04] <MangoBloom> https://derpicdn.net/img/2012/12/16/184267/medium.gif
[11:19:47] *** Joins: Lunia (ellen@ChumPony.Enterprises)
[11:23:37] <Electron> what is this?
[11:24:26] *** Quits: Lunia (ellen@ChumPony.Enterprises) (Ping timeout: 121 seconds)
[11:24:51] * Electron eats another banana
[11:26:31] <MangoBloom> s7 intro :)
[11:27:52] <Electron> oh but, they finally will add some metal in intro?
[11:29:02] *** Joins: Lunia (ellen@ChumPony.Enterprises)
[11:31:03] <Not-570b> Ponyville Live!: "BABSCon 2015 - Fan Voice Actors" - http://www.youtube.com/watch?v=BGVyKox2p_I
[11:33:35] <StarStream> hows the banana el 
[11:33:59] <Electron> it's gone now 
[11:35:01] <Electron> I ate it and it will not come back anymore
[11:49:56] *** Joins: Scootaloose (scootaloose@Pony-eb6cjj.cable.rogers.com)
[11:58:36] <StarStream> is it sweet ?
[11:59:47] <Electron> um... no
[11:59:50] <Electron> not at all
[12:07:32] *** Quits: Pony_9796 (DJMidli@Pony-a80e42.dsl.bell.ca) (Ping timeout: 121 seconds)
[12:12:14] *** Quits: Scootaloose (scootaloose@Pony-eb6cjj.cable.rogers.com) (Ping timeout: 121 seconds)
[12:17:53] <StarStream> hmm..
[12:20:09] *** Quits: Lunia (ellen@ChumPony.Enterprises) (Ping timeout: 121 seconds)
[12:29:42] <Electron> I am here from morning and not a single client yet
[12:29:57] <Electron> hello crisis
[12:31:13] <StarStream> huh 
[12:34:19] *** Quits: WubzyWubbles (WubzyWubble@Pony-431131.irvnca.sbcglobal.net) (Quit: Leaving)
[12:36:03] <Not-570b> Ponyville Live!: "BABSCon 2015 - Rainbow Dash Presents with Petirep and FiMFlamFilosophy" - http://www.youtube.com/watch?v=Nz2BVyMCNU0
[12:53:54] <Electron> oh
[12:54:06] <Electron> there is drama in my local blog
[12:54:17] * Electron grabs popcron
[12:54:27] <ThunderBolt> DRAMAAA~
[12:54:58] <StarStream> about ?
[12:55:31] <Electron> about admins' actions
[12:55:40] <Electron> usual stuff
[12:57:42] <StarStream> oh
[13:12:33] *** Joins: ellen (ellen@Pony-di5.pu7.73.87.IP)
[13:16:02] *** ellen is now known as Luniator
[13:16:25] <Luniator> hey Electron
[13:17:22] <StarStream> sup 
[13:17:28] <Electron> hay Luniator
[13:24:36] *** Quits: Luniator (ellen@Pony-di5.pu7.73.87.IP) (Ping timeout: 121 seconds)
[13:31:54] *** Joins: Luniator (ellen@Pony-di5.pu7.73.87.IP)
[13:49:20] <ThunderBolt> hey Electron
[13:49:30] <Electron> hay ThunderBolt
[13:49:42] <ThunderBolt> how are u
[13:50:39] <ThunderBolt> lol https://www.youtube.com/watch?v=R6Tok9KUjTw
[13:50:41] * Electron struggles while he can
[13:50:47] <Electron> and you?
[13:51:04] *** Joins: Pony_9796 (DJMidli@Pony-a80e42.dsl.bell.ca)
[13:52:49] <ThunderBolt> im in pain
[13:52:59] <ThunderBolt>  6 wisdom teeth removed and a cyst cleaned out yesterday
[13:54:36] <StarStream> at least ur on the road to recovery 
[13:54:40] <StarStream> and cyst sucks
[13:54:49] <Electron> hold on, ThunderBolt
[13:54:55] <Electron> it will end eventually
[13:55:39] <ThunderBolt> the cyst combined with one of my wisdom teeth
[13:55:47] <ThunderBolt> :|
[13:56:23] <ThunderBolt> oh well i got MLP and Anime to keep me busy
[13:56:33] <ThunderBolt> :)
[13:56:47] <ThunderBolt> and a whole week off work
[13:57:52] <StarStream> seriously ?
[13:58:03] <ThunderBolt> yes
[13:58:08] <ThunderBolt> paid
[13:58:09] <StarStream> did u keep the wisdom teeth ?
[13:58:14] <ThunderBolt> nope
[13:58:18] <StarStream> and awwwwwwwww
[13:58:25] <StarStream> those are precious 
[13:58:31] <StarStream> cause its the last set of teeth 
[13:58:42] <ThunderBolt> ah oh well
[13:58:43] <StarStream> then again so the skin and the teeth is together ?
[13:59:11] <ThunderBolt> you mean with stitches?
[13:59:15] <ThunderBolt> yeah
[13:59:31] <StarStream> wow man u have it super rought 
[13:59:36] <StarStream> did they put u sleep ?
[13:59:41] <ThunderBolt> yes
[13:59:48] <StarStream> thats good 
[13:59:55] <StarStream> then again its kind of late also the detection 
[14:00:15] <ThunderBolt> last thing i remember is moving from the short stay bed to the Operation Bed
[14:00:27] <ThunderBolt> then i woke up
[14:01:30] <StarStream> currently that painful feeling is basically white blood cell fighting the inflammation 
[14:03:04] <ThunderBolt> yeah i was given a strong pain relief prescription
[14:05:12] <ThunderBolt> hmm
[14:05:17] <ThunderBolt> i might go to bed now
[14:05:22] <StarStream> k
[14:05:26] <StarStream> take more rest 
[14:05:34] <StarStream> drink more water
[14:05:42] <ThunderBolt> yeah i have been
[14:05:46] <Electron> get well, ThunderBolt
[14:07:21] <ThunderBolt> i will
[14:07:23] <ThunderBolt> Bai
[14:07:33] *** ThunderBolt is now known as ThunderBolt|Sleeping
[14:10:09] <Electron> g'night
[14:13:34] *** Quits: Luniator (ellen@Pony-di5.pu7.73.87.IP) (Ping timeout: 121 seconds)
[14:22:57] *** Quits: NexSleep (Nexusdragon@DJNexus.Fillydelphia.Radio) (Ping timeout: 121 seconds)
[14:23:24] *** Quits: ArchPegasusMichael (Michael89pl@Keep.In.A.Friendly.And.Pony.Place) (Ping timeout: 121 seconds)
[14:24:24] *** Joins: Nexus (Nexusdragon@DJNexus.Fillydelphia.Radio)
[14:24:24] *** Luna sets mode: +o Nexus
[14:28:00] *** Joins: PVL_3565 (svwbhxfpxfb@Pony-kedb15.iinet.net.au)
[14:28:46] *** PVL_3565 is now known as Mew
[14:50:17] *** Joins: ArchPegasusMichael (Michael89pl@Keep.In.A.Friendly.And.Pony.Place)
[15:45:05] <Not-570b> Tune in to Let’s Battle in 15 minutes on @RadioMyBrony! - http://pvlive.me/radio_mybrony
[16:10:37] <MangoBloom> what's the difference between "PVL! Partner Station" and "Syndicated Station" on the site?
[16:57:32] *** Quits: JockeTF (jocke@Pony-mjg.sl1.132.194.IP) (Quit: Leaving.)
[17:03:58] *** Joins: Sleepypony (Thunder@Pony-7jj5q1.range86-163.btcentralplus.com)
[17:03:58] *** Luna sets mode: +o Sleepypony
[17:06:56] *** ama|sleep is now known as ama
[17:21:45] *** Quits: Mew (svwbhxfpxfb@Pony-kedb15.iinet.net.au) (Quit: Watch and listen live at http://pvlive.me)
[17:32:48] *** Pony_9796 is now known as DJMidli
[17:45:03] <Not-570b> Tune in to Canterlot Radio with Mic Check in 15 minutes on @fillyradio! - http://pvlive.me/fillydelphia_radio
[18:03:45] <Dragony> PonyToast I see you like pens
[18:09:42] *** Joins: JockeTF (jocke@Pony-14s8b6.siw.siwnet.net)
[18:11:03] <Not-570b> Canterlot Radio: "Mic Check to be Community Guest at Everfree NW 2015" - http://www.canterlotradio.com/?p=940
[18:19:12] <HomerBouvier> I heard he likes pens when they get tossed in the toilet.
[18:30:29] *** Quits: Nexus (Nexusdragon@DJNexus.Fillydelphia.Radio) (Ping timeout: 121 seconds)
[18:31:46] *** Joins: Nexus (Nexusdragon@DJNexus.Fillydelphia.Radio)
[18:31:46] *** Luna sets mode: +o Nexus
[18:41:16] *** Joins: Coco_Pommel (coco@Pony-l3n1m0.ma.comcast.net)
[18:45:05] <Not-570b> Tune in to No Hooves Bared in 15 minutes on @sonicradioboom! - http://pvlive.me/sonic_radioboom
[18:57:32] *** Quits: Lycan (Lycan@wibbly.wobbly.timey.wimey) (Ping timeout: 121 seconds)
[18:58:03] *** Quits: Nexus (Nexusdragon@DJNexus.Fillydelphia.Radio) (Ping timeout: 121 seconds)
[18:59:19] *** Joins: Lycan (Lycan@wibbly.wobbly.timey.wimey)
[18:59:19] *** Joins: Nexus (Nexusdragon@DJNexus.Fillydelphia.Radio)
[18:59:19] *** Luna sets mode: +o Nexus
[19:03:53] *** [A]McKey is now known as McKey
[19:45:05] <Not-570b> Tune in to #TheAmbleGait with @Kyderra (Live Mix) in 15 minutes on @PonyvilleFM! - http://pvlive.me/ponyvillefm
[20:25:43] *** Nexus is now known as Nexus|afk
[20:45:05] <Not-570b> Tune in to New Music Friday in 15 minutes on @BestPonyRadio! - http://pvlive.me/best_pony_radio
[20:46:05] <Not-570b> Tune in to Party vs Party in 15 minutes on @mlp_la! - http://pvlive.me/bronies_radio_la
[20:47:03] <Not-570b> Tune in to W Świetle Księżyca in 15 minutes on Radio Yay! - http://pvlive.me/radio_yay
[20:51:14] *** Oatz[Sleep] is now known as Oatzmeal
[21:18:51] *** Joins: LR_71 (LR_71@Pony-asjpkh.barrettxplore.com)
[21:24:55] *** Quits: LR_71 (LR_71@Pony-asjpkh.barrettxplore.com) (Ping timeout: 121 seconds)
[21:45:04] <Not-570b> Tune in to Royals Top 10 Songs in 15 minutes on @AlicornRadio! - http://pvlive.me/alicorn_radio
[21:46:04] <Not-570b> Tune in to Friday Night Live with SRB in 15 minutes on @SonicRadioBoom! - http://pvlive.me/sonicradioboom_tv
[21:47:03] <Not-570b> Tune in to Forest Light in 15 minutes on @RadioMyBrony! - http://pvlive.me/radio_mybrony
[22:02:54] *** Joins: BumbleSweet (dtoqawrjfov@Pony-ano2gl.ptr.bcit.ca)
[22:03:24] *** BumbleSweet is now known as Pony_47451
[22:03:28] *** Pony_47451 is now known as BumbleSchool
[22:17:46] *** Joins: SadMoon (chatzilla@Pony-s5mbvm.cable.virginm.net)
[22:25:43] *** Parts: SadMoon (chatzilla@Pony-s5mbvm.cable.virginm.net) ("")
[22:41:00] *** ama is now known as amaway
[22:45:28] *** HomerBouvier is now known as CheGuevara
[22:51:45] *** Joins: Aota (~Aota@Pony-f0a.a13.238.96.IP)
[22:55:59] *** Quits: ArchPegasusMichael (Michael89pl@Keep.In.A.Friendly.And.Pony.Place) (Quit: Connection closed)
[23:01:26] *** Joins: ArchPegasusMichael (Michael89pl@Keep.In.A.Friendly.And.Pony.Place)
[23:36:53] *** Quits: BumbleSchool (dtoqawrjfov@Pony-ano2gl.ptr.bcit.ca) (Quit: Watch and listen live at http://pvlive.me)
[23:45:03] <Not-570b> Tune in to Random Pony Media in 15 minutes on @TVBrony! - http://pvlive.me/bronytv
[23:46:03] <Not-570b> Tune in to Gabe and Nate Power Hits in 15 minutes on @AlicornRadio! - http://pvlive.me/alicorn_radio
[23:47:03] <Not-570b> Tune in to Kill Screen (@ludivanbeats) Live in the Mix in 15 minutes on @PonyvilleFM! - http://pvlive.me/ponyvillefm
[23:48:49] *** McKey is now known as [A]McKey
[23:49:09] *** Joins: LightningCrash (lightning@property.of.moonlightning)
[23:54:48] *** Joins: Acentric (PonyAce@Pony-asdc0n.ga.charter.com)
[23:54:48] *** Luna sets mode: +h Acentric
