[00:06:01] *** Quits: Proton (Dashie@Golden.Rose) (Ping timeout: 121 seconds)
[00:11:22] *** McKey is now known as [A]McKey
[00:24:16] *** Joins: Black (BlackCat@Anonlight.Starsarebeautiful)
[00:27:31] *** Invert_Shade is now known as Toothpaste
[00:29:29] *** DinkyDoo is now known as Granite
[00:57:08] *** Quits: FlutterTree (FlutterTree@Pony-t5s53i.res.rr.com) (Connection closed)
[00:57:17] *** Quits: Toothpaste (uid63062@Pony-tbaiid.charlton.irccloud.com) (Quit: Having diner at a friend's house! Seeya'll laters! ^.^/))
[01:04:59] *** Joins: Lunia2 (ellen@Pony-hp5.dkv.242.62.IP)
[01:06:06] *** Quits: Lunia (ellen@ChumPony.Enterprises) (Connection closed)
[01:10:20] *** Black is now known as Twilight-Sparkle
[01:14:26] *** Twilight-Sparkle is now known as CanniSoda
[01:19:04] *** CanniSoda is now known as Nully
[01:24:36] *** Joins: Endien_ (endien@Endien)
[01:27:37] *** Quits: Endien (endien@Endien) (Ping timeout: 121 seconds)
[01:30:45] *** Joins: Endien (endien@Pony-6veeqj.dhcp.inet.fi)
[01:34:13] *** Quits: Endien_ (endien@Endien) (Ping timeout: 121 seconds)
[01:35:19] *** Quits: LightningCrash (lightning@property.of.moonlightning) (Quit: The Nightmares will collide. And become a dream. <3)
[01:56:44] *** Nully is now known as Nelly
[02:12:07] *** Joins: LightningCrash (lightning@Pony-35aoef.ph.cox.net)
[02:16:47] *** Joins: Pony_8 (Pony_8@Pony-ahtkdt.stlsmo.sbcglobal.net)
[02:17:17] *** Pony_8 is now known as disasterchangeling
[02:53:13] *** Quits: Granite (uid68367@Pony-ro674f.charlton.irccloud.com) (Quit: Connection closed for inactivity)
[02:55:29] *** Gigabit is now known as GigaNoms
[03:01:03] *** Quits: disasterchangeling (Pony_8@Pony-ahtkdt.stlsmo.sbcglobal.net) (Ping timeout: 121 seconds)
[03:12:08] *** Joins: Zuzu_ (zuzu@is.robo.licious)
[03:14:08] *** Nelly is now known as Halcyon
[03:14:14] *** Quits: Zuzu (zuzu@is.robo.licious) (Ping timeout: 121 seconds)
[03:19:19] *** Joins: Pi (Pi@Pony-5od.n1s.95.119.IP)
[03:22:13] *** Quits: LightningCrash (lightning@property.of.moonlightning) (Quit: The Nightmares will collide. And become a dream. <3)
[03:25:37] *** GigaNoms is now known as Gigabit
[03:30:23] *** Zuzu_ is now known as Zuzu
[03:31:20] *** Halcyon is now known as Nelly
[03:40:21] *** Joins: Cmdr_Ion (Cmdr_Ion@Pony-q968ab.cable.virginm.net)
[03:40:29] *** Parts: Cmdr_Ion (Cmdr_Ion@Pony-q968ab.cable.virginm.net) ()
[04:01:47] *** Joins: Granite (uid68367@Pony-ro674f.charlton.irccloud.com)
[04:12:50] *** Granite is now known as DinkyDoo
[04:17:12] *** Nelly is now known as Halcyon
[05:03:51] *** Joins: DrelvanianGuard (DrelvanianG@Pony-ovsl5k.tx.cebridge.net)
[05:33:10] *** Q0|Away is now known as Q0
[05:40:07] *** Quits: Pi (Pi@Pony-5od.n1s.95.119.IP) (Ping timeout: 121 seconds)
[05:47:38] *** Halcyon is now known as Nelly
[05:52:46] *** Joins: Pi (Pi@Pony-5od.n1s.95.119.IP)
[06:00:20] *** Joins: Proton (Dashie@Golden.Rose)
[06:37:03] *** Quits: DrelvanianGuard (DrelvanianG@Pony-ovsl5k.tx.cebridge.net) (Ping timeout: 121 seconds)
[06:43:13] *** Quits: DinkyDoo (uid68367@Pony-ro674f.charlton.irccloud.com) (Quit: Connection closed for inactivity)
[08:07:25] *** Joins: LightningCrash (lightning@Pony-35aoef.ph.cox.net)
[08:11:03] *** Quits: ColtonDRG (coltondrg@ColtonDRG.is.best.pony) (A TLS packet with unexpected length was received.)
[08:13:10] *** Joins: ColtonDRG (coltondrg@Pony-32sq0s.bu2n.7j6j.004b.2602.IP)
[08:13:39] *** ColtonDRG is now known as Pony_61082
[08:14:20] *** Pony_61082 is now known as coltondrg
[08:14:28] *** coltondrg is now known as ColtonDRG
[08:27:32] *** Quits: Q0 (Q0@literallyshit.net) (Ping timeout: 121 seconds)
[08:28:45] *** Joins: Q0 (Q0@literallyshit.net)
[08:35:45] *** Nelly is now known as Nully
[09:07:27] *** Q0 is now known as Q0|Away
[09:11:14] *** Quits: Pi (Pi@Pony-5od.n1s.95.119.IP) (Ping timeout: 121 seconds)
[09:14:04] *** Joins: Pi (Pi@Pony-5od.n1s.95.119.IP)
[09:16:53] *** Q0|Away is now known as Q0
[09:21:48] *** Quits: LightningCrash (lightning@property.of.moonlightning) (Quit: My Mac has gone to sleep. ZZZzzz…)
[10:07:12] *** Joins: BronyDee (BronyDee@Pony-m2u.0od.241.58.IP)
[10:27:03] *** Joins: BronyDee-AFK (BronyDee@Pony-m2u.0od.241.58.IP)
[10:29:16] *** Quits: BronyDee (BronyDee@Pony-m2u.0od.241.58.IP) (Ping timeout: 121 seconds)
[10:32:28] *** Hoofy is now known as Hoofy_sleping
[10:35:31] *** Quits: BronyDee-AFK (BronyDee@Pony-m2u.0od.241.58.IP) (Connection closed)
[10:35:33] *** Quits: Pi (Pi@Pony-5od.n1s.95.119.IP) (Ping timeout: 121 seconds)
[10:36:48] *** Joins: BronyDee (BronyDee@Pony-m2u.0od.241.58.IP)
[10:40:53] *** Joins: Pi (Pi@Pony-5od.n1s.95.119.IP)
[10:54:12] *** Joins: BronyDee-AFK (BronyDee@Pony-m2u.0od.241.58.IP)
[10:56:22] *** Quits: BronyDee (BronyDee@Pony-m2u.0od.241.58.IP) (Ping timeout: 121 seconds)
[11:31:03] *** Joins: woooo (uid30961@Pony-pm2n84.uxbridge.irccloud.com)
[11:40:45] *** [A]McKey is now known as McKey
[11:41:53] *** Joins: BronyDee-Droid (BronyDee@Pony-rtv.57q.98.180.IP)
[11:42:43] *** Parts: woooo (uid30961@Pony-pm2n84.uxbridge.irccloud.com) ("")
[12:03:58] *** Quits: BronyDee-Droid (BronyDee@Pony-rtv.57q.98.180.IP) (Ping timeout: 121 seconds)
[12:08:21] *** Quits: Pi (Pi@Pony-5od.n1s.95.119.IP) (Ping timeout: 121 seconds)
[12:16:53] *** Joins: Pi (Pi@Pony-5od.n1s.95.119.IP)
[12:45:04] *** Quits: Pi (Pi@Pony-5od.n1s.95.119.IP) (Ping timeout: 121 seconds)
[12:50:59] *** Joins: Pi (Pi@Pony-5od.n1s.95.119.IP)
[13:31:50] *** Quits: Phase (Phase4@Pony-t2n2cl.internode.on.net) (Ping timeout: 121 seconds)
[13:39:08] *** Hoofy_sleping is now known as hoofy
[13:47:08] *** Q0 is now known as Q0|Away
[13:53:40] *** Joins: Phase (Phase4@Pony-t2n2cl.internode.on.net)
[14:27:47] *** Quits: Pi (Pi@Pony-5od.n1s.95.119.IP) (Quit: Lend us 10p for a cuppa tea?)
[14:32:38] *** Joins: FlutterTree (FlutterTree@Pony-t5s53i.res.rr.com)
[14:33:17] *** Joins: LightningCrash (lightning@Pony-35aoef.ph.cox.net)
[14:40:58] *** Quits: FlutterTree (FlutterTree@Pony-t5s53i.res.rr.com) (Ping timeout: 121 seconds)
[14:53:41] *** Quits: LightningCrash (lightning@property.of.moonlightning) (Quit: My Mac has gone to sleep. ZZZzzz…)
[14:59:38] *** Quits: BronyDee-AFK (BronyDee@Pony-m2u.0od.241.58.IP) (Connection closed)
[15:05:15] *** Lunia2 is now known as Lunia_AFK
[15:06:26] *** Joins: Lunia (ellen@ChumPony.Enterprises)
[15:06:26] *** Quits: Lunia_AFK (ellen@Pony-hp5.dkv.242.62.IP) (Connection closed)
[15:07:06] *** hoofy is now known as Hoofy
[15:08:33] *** Joins: Lunia2 (ellen@Pony-hp5.dkv.242.62.IP)
[15:08:39] *** Quits: Lunia (ellen@ChumPony.Enterprises) (Connection closed)
[15:31:22] *** Quits: gunthler (Gunthler@T.money) (Quit: https://youtu.be/5FjWe31S_0g )
[15:31:43] *** Joins: gunthler (Gunthler@T.money)
[15:35:17] *** Quits: gunthler (Gunthler@T.money) (Quit: https://youtu.be/5FjWe31S_0g )
[15:35:37] *** Joins: gunthler (Gunthler@T.money)
[15:45:45] *** Quits: TSparkle3395 (TSparkle339@Pony-2ri.g8v.178.70.IP) (Quit: Leaving)
[16:23:55] *** Quits: Hoofy (HoofSounds_@Pony-dsovdr.res.rr.com) (Ping timeout: 121 seconds)
[16:32:22] *** Joins: LightningCrash (lightning@Pony-35aoef.ph.cox.net)
[16:34:37] *** Joins: Pony_8 (Pony_8@Pony-mr7mil.ok.cox.net)
[16:34:51] *** Quits: gunthler (Gunthler@T.money) (Quit: https://youtu.be/5FjWe31S_0g )
[16:35:03] *** Quits: Pony_8 (Pony_8@Pony-mr7mil.ok.cox.net) (Quit: Page closed)
[16:39:08] *** Joins: Peridoll (Peridoll@Pony-8q3eo6.unisa.edu.au)
[16:39:33] *** Quits: Peridoll (Peridoll@Pony-8q3eo6.unisa.edu.au) (Quit: Page closed)
[16:40:25] *** Joins: Hoofy (HoofSounds_@Pony-dsovdr.res.rr.com)
[16:42:06] *** Nully is now known as Nelly
[16:46:55] *** Nelly is now known as Halcyon
[17:27:52] *** Joins: Tahlorz (rattle@Pony-f1emhe.ph.cox.net)
[17:28:16] *** Halcyon is now known as Halcyon|Stream
[17:32:29] *** Quits: LightningCrash (lightning@property.of.moonlightning) (Quit: My Mac has gone to sleep. ZZZzzz…)
[17:35:41] *** Oatzmeal is now known as Solid_Discord
[17:40:17] *** Solid_Discord is now known as Birdcat
[17:43:18] *** Birdcat is now known as Gak-Is-Back
[17:44:20] *** Parts: Gak-Is-Back (i`m@part.of.a.balanced.breakfast) ("Leaving")
[17:50:38] *** Joins: LightningCrash (lightning@Pony-35aoef.ph.cox.net)
[17:51:56] *** Quits: LightningCrash (lightning@property.of.moonlightning) (Quit: The Nightmares will collide. And become a dream. <3)
[17:59:27] *** Joins: LightningCrash (lightning@Pony-35aoef.ph.cox.net)
[18:01:01] *** Halcyon|Stream is now known as Halcyon
[18:01:10] *** McKey is now known as [A]McKey
[18:14:23] *** Quits: Tahlorz (rattle@Pony-f1emhe.ph.cox.net) (Quit: )
[18:26:34] *** Joins: StonerPony (StonerPony@Pony-oldirs.stlsmo.sbcglobal.net)
[18:29:24] *** Joins: FlutterTree (FlutterTree@Pony-t5s53i.res.rr.com)
[18:44:59] *** Joins: BronyDee (BronyDee@Pony-m2u.0od.241.58.IP)
[18:49:49] *** Quits: BronyDee (BronyDee@Pony-m2u.0od.241.58.IP) (Connection closed)
[18:49:57] *** Joins: BronyDee-AFK (BronyDee@Pony-m2u.0od.241.58.IP)
[19:01:27] *** Joins: BronyDee (BronyDee@Pony-m2u.0od.241.58.IP)
[19:03:47] *** Quits: BronyDee-AFK (BronyDee@Pony-m2u.0od.241.58.IP) (Ping timeout: 121 seconds)
[19:07:26] *** Quits: BronyDee (BronyDee@Pony-m2u.0od.241.58.IP) (Ping timeout: 121 seconds)
[19:17:55] *** Joins: DinkyDoo (uid68367@Pony-ro674f.charlton.irccloud.com)
[19:38:23] *** Sakura is now known as SmoozePony
[19:40:23] *** [A]McKey is now known as McKey
[19:49:03] *** Gigabit is now known as GigaWork
[20:09:26] *** SmoozePony is now known as Sakura
[20:17:45] *** Quits: FlutterTree (FlutterTree@Pony-t5s53i.res.rr.com) (Ping timeout: 121 seconds)
[20:19:17] *** Quits: Proton (Dashie@Golden.Rose) (Connection closed)
[20:20:00] *** Joins: Proton_ (Dashie@Pony-sm7seb.dyn.comporium.net)
[20:20:38] *** Quits: Proton_ (Dashie@Pony-sm7seb.dyn.comporium.net) (Connection closed)
[20:20:59] *** Joins: Proton (Dashie@Golden.Rose)
[20:23:24] *** Quits: StonerPony (StonerPony@Pony-oldirs.stlsmo.sbcglobal.net) (Ping timeout: 121 seconds)
[20:39:14] *** Joins: Proton_ (Dashie@Pony-sm7seb.dyn.comporium.net)
[20:40:14] *** Quits: Proton (Dashie@Golden.Rose) (Connection closed)
[20:41:41] *** Quits: LightningCrash (lightning@property.of.moonlightning) (Quit: The Nightmares will collide. And become a dream. <3)
[20:47:04] *** Joins: FlutterTree (FlutterTree@Pony-t5s53i.res.rr.com)
[20:53:54] *** Joins: Pony_4 (Pony_4@Pony-005.gro.248.50.IP)
[20:54:50] *** Quits: Pony_4 (Pony_4@Pony-005.gro.248.50.IP) (Quit: Page closed)
[21:36:13] *** Joins: BronyDee (BronyDee@Pony-phj.kph.195.122.IP)
[21:59:33] *** Proton_ is now known as Proton
[21:59:42] *** Joins: LightningCrash (lightning@Pony-35aoef.ph.cox.net)
[22:10:22] *** GigaWork is now known as Gigabit
[22:12:53] *** Quits: FlutterTree (FlutterTree@Pony-t5s53i.res.rr.com) (Ping timeout: 121 seconds)
[22:26:28] *** Joins: TSparkle3395 (TSparkle339@Pony-oas72s.ks.cox.net)
[22:41:54] *** Quits: LightningCrash (lightning@property.of.moonlightning) (Quit: My Mac has gone to sleep. ZZZzzz…)
[22:51:40] *** Quits: Proton (Dashie@Golden.Rose) (Connection closed)
[22:51:51] *** Joins: Proton (Dashie@Golden.Rose)
[22:52:33] *** Quits: Proton (Dashie@Golden.Rose) (Quit: AndroidIrc Disconnecting)
[22:52:48] *** Joins: Proton (Dashie@Golden.Rose)
[23:08:33] *** Quits: Proton (Dashie@Golden.Rose) (Connection closed)
[23:08:34] *** Joins: Proton_ (Dashie@Pony-sm7seb.dyn.comporium.net)
[23:09:56] *** Quits: Proton_ (Dashie@Pony-sm7seb.dyn.comporium.net) (Quit: -a- IRC for Android 2.1.20)
[23:33:13] *** Quits: DinkyDoo (uid68367@Pony-ro674f.charlton.irccloud.com) (Quit: Connection closed for inactivity)
[23:33:49] *** Quits: Lunia2 (ellen@Pony-hp5.dkv.242.62.IP) (Connection closed)
[23:34:12] *** Joins: Lunia2 (ellen@Pony-hp5.dkv.242.62.IP)
[23:39:37] *** Joins: LightningCrash (lightning@Pony-35aoef.ph.cox.net)
[23:57:04] *** Quits: Lunia2 (ellen@Pony-hp5.dkv.242.62.IP) (Ping timeout: 121 seconds)
[23:57:36] *** Joins: Lunia2 (ellen@Pony-hp5.dkv.242.62.IP)
