[00:16:17] *** Joins: izeer (1f307535@gateway/web/freenode/ip.31.48.117.53)
[00:17:07] <izeer> no elo
[00:35:48] <izeer> misiek200m:  pobutka
[00:46:37] *** Beatzebub_afk is now known as Beatzebub
[01:08:22] <VoThall> izeer co do wiedzmina xD
[01:08:24] <VoThall> to racja
[01:08:38] <izeer> o kurne dat zapłon
[01:08:38] <VoThall> no ojebali graczy
[01:08:44] <VoThall> bo Cie nie bylo xD
[01:08:56] <VoThall> zrobili wszystkich w pupala
[01:09:00] <izeer> VoThall:  ale w sumie to nie w każdym gameplayu wygląda źle
[01:09:01] <VoThall> a ludzie ich bronia
[01:09:03] <VoThall> zalosne
[01:09:03] <izeer> ale tak czy siak
[01:09:12] <VoThall> widac ludzie lubia jak ich sie jebie w dupke
[01:09:16] <VoThall> tak samo na wyborach xD
[01:09:16] <izeer> in game trailer wyglądał o wiele lepiej
[01:09:32] <VoThall> i devsi moga sobie pozwalac na takie cos
[01:09:42] <VoThall> CO Z TEGO ZE WYGLADA GORZEJ, CIESZ SIE Z TEGO CO MASZ
[01:09:46] <VoThall> CIESZ SIE ZE ODPALILES
[01:09:49] <VoThall> ;-;
[01:10:00] <izeer> gdzies oglądałem film ze czemu to tak wyglądało wczesniej i juz nie wygląda
[01:10:06] <izeer> bo niby optymalizacja
[01:10:07] <izeer> no ale
[01:10:21] <izeer> w takim razie, dodajcie info, ze moze tak gra nie wyglądac
[01:10:27] <izeer> ma sie konsument domyślać?
[01:10:42] <izeer> wtorek premiera
[01:10:59] <izeer> czekam na gameplay ultra 4k na titanie X
[01:10:59] <izeer> xD
[02:05:51] <VoThall> xD
[02:06:02] <VoThall> izeer chuj optymalizacja
[02:06:16] <VoThall> ja czuje zagrywke zeby pokazac ze konsole sa na poziomie pc'tow
[02:06:19] <VoThall> tak jak z watch dogs
[02:06:29] <VoThall> skoro mieli juz grafike
[02:06:30] <izeer> VoThall:  https://youtu.be/O2mJaYQhaYc :|
[02:06:33] <izeer> to tak na serio czy co
[02:06:34] <VoThall> to mieli wchuj czasu zeby zoptymalizowac
[02:07:33] <izeer> wiem ze sie czepiam, ale kurwa, ta trawa, czy ogólnie tekstury
[02:07:35] <izeer> no kurwa
[02:07:41] <VoThall> xDDDD
[02:07:50] <izeer> no nie wierze że nie dało sie dać więcej
[02:07:56] <izeer> to wygląda jak z gier 10 lat temu
[02:08:21] <VoThall> bitmapy
[02:08:24] <VoThall> bitmapy wszedzie xDDDDD
[02:08:29] <VoThall> mowilem ze to zagrywka pod konsole
[02:08:44] <VoThall> przeciez oni sami stwierdzili
[02:08:51] <VoThall> ze na konsolach bedzie takie samo doswiadczenie jak na PC
[02:08:56] <VoThall> to zoptymalizowali pod konsole :D
[02:09:18] <izeer> no słyszałem o tym
[02:09:41] <VoThall> i tak konsole opozniaja rozwoj gier
[02:09:47] <izeer> ale pisali też cały czas 'te gameplaye to na high tylko, zostawiamy ultra dla graczy, żeby ich zaskoczyc'
[02:09:53] <VoThall> tak tak xDDD
[02:09:58] <VoThall> niestety
[02:10:04] <VoThall> od czasow Crysis 1
[02:10:08] <VoThall> nie ma zadnego skoku graficznego
[02:10:10] <VoThall> ZADNEGO
[02:10:17] <VoThall> jak tak patrze wstecz
[02:10:19] <izeer> no kurwa, jak miedzy low a ultra różnicy w niektórych aspektach praktycznie nie ma, to ja dziekuje
[02:10:22] <VoThall> zobacz jakie crysis 1 bylo zajebiste
[02:10:26] <VoThall> nie dosc ze grafika wyjebana w kosmos
[02:10:30] <izeer> wiem, crysis to był przełom
[02:10:30] <VoThall> to jeszcze gameplay zajebisty
[02:10:33] <VoThall> i bez bledows
[02:10:35] <VoThall> bledow
[02:10:44] <VoThall> da sie? da sie
[02:10:51] <VoThall> tylko wyjebcie konsole wpizdu
[02:11:01] <VoThall> no ale moni leci
[02:11:07] <VoThall> od sony i ms
[02:11:10] <VoThall> no to cusz
[02:11:15] <izeer> ale popatrz na te grafe
[02:11:19] <VoThall> robimy pod konsolki chlopaki hehe xDD
[02:11:25] <izeer> to powinno smigac na 10 letnim kompie
[02:11:27] <VoThall> wyjebiemy w dupke pctowcow ale bedzie bul xDD
[02:11:46] <VoThall> pomysl ile oni musieli kasy dostac
[02:11:51] <VoThall> zeby zrezygnowac z takiej grafiki
[02:12:01] <VoThall> bo pomysl ile wiecej by zarobili na samej grze
[02:12:07] <VoThall> gdyby byla mocnym przelomem
[02:12:13] <izeer> kurwa
[02:12:17] <VoThall> skoro stwierdzili ze bardziej im sie downgrade oplaca :D
[02:12:26] <izeer> nie wierze że tak zjebali, czekam do wtorku i chuj xD
[02:12:33] <VoThall> niestety taka prawda
[02:12:37] <VoThall> a na wykopie jak ktos napisze
[02:12:43] <VoThall> ze cdproject red cwele
[02:12:45] <izeer> kurwa nie wierze że aż do tego stopnia
[02:12:49] <VoThall> to jebia ostro tych co pisza
[02:12:55] <VoThall> zobaczysz
[02:12:59] <izeer> i tak zagram na pewno
[02:13:03] <VoThall> ja tez prawdopodobnie
[02:13:05] <izeer> ale kurwa niesmak jest
[02:13:12] <VoThall> ale oceny tez za zawyzone sztucznie
[02:13:14] <VoThall> kurwa
[02:13:15] <izeer> pewnie tylko spirace
[02:13:16] <VoThall> GTA V
[02:13:18] <VoThall> nie dostalo 10
[02:13:20] <VoThall> a to dostalo
[02:13:22] <VoThall> ...
[02:13:26] <VoThall> w niby czym to przelomowe?
[02:13:33] <VoThall> klamali z brakiem ekranow ladowania
[02:13:34] <izeer> chciałem kupić kolekcjonerke
[02:13:39] <VoThall> klamali z calkowicie otwartym swiatem
[02:13:43] <VoThall> klamali z grafika
[02:13:47] <VoThall> duza czesc rzeczy ktora miala byc
[02:13:49] <VoThall> to jej nie ma
[02:13:53] <VoThall> 10/10
[02:13:57] <VoThall> game of the year
[02:14:07] <VoThall> i takie cos przechodzi
[02:14:12] <VoThall> i devsi moga robic co chca
[02:14:21] <VoThall> jak dla mnie zagrywka sony i ms
[02:14:30] <VoThall> zaplacili cdproject zeby byl downgrade
[02:14:35] <VoThall> i stronom zeby wysoko ocenialy
[02:14:37] <VoThall> profit
[02:14:49] <VoThall> eee na pc'ta taka sama grafika to na konsole sie bardziej oplaca
[02:14:54] <VoThall> moniiiiiiiiiiiiiiiii
[02:15:06] <VoThall> ding ding ding ding
[02:15:11] <izeer> chuj z moni
[02:15:17] <izeer> jak mają zjebaną reputacje
[02:15:25] <VoThall> ubisoft tez
[02:15:27] <VoThall> xD
[02:15:29] <VoThall> ea tez
[02:15:31] <VoThall> i co?
[02:15:33] <VoThall> xDD
[02:15:42] <VoThall> to niestety juz tak nie dziala
[02:15:46] <VoThall> ludzie kupuja jak tepe lemingi
[02:15:53] <VoThall> bo hype leci ostro
[02:16:06] <izeer> pozdro dla tych co porobili preordery
[02:16:18] <VoThall> sporo osob anulowalo
[02:16:32] <VoThall> na tym polegaja preordery
[02:16:37] <VoThall> teraz jest na to moda
[02:16:39] <izeer> beka z ludzi co piszą ze grafa sie nie liczy
[02:16:40] <VoThall> nie zauwazyles?
[02:16:41] <izeer> zawsze sie liczyła
[02:16:42] <VoThall> robimy hype
[02:16:48] <VoThall> i sprzedajemy gre juz rok przed wydaniem
[02:16:57] <VoThall> juz od jakiegos czasu tak jest
[02:16:59] <VoThall> wszystkie AC
[02:17:08] <VoThall> wiedzmin od dwoch lat w sumie
[02:17:12] <VoThall> hype i kasa leci
[02:17:17] <VoThall> a gry nie ma xD
[02:17:28] <VoThall> a co wyjdzie to wyjebane, zaplacili xD
[02:17:42] <VoThall> jaki % ludzi ktorzy zlozyli preordery bedzie to anulowalo?
[02:17:44] <VoThall> 5?
[02:17:58] <VoThall> teraz gry sie sprzedaje na hype
[02:18:12] <VoThall> no i DLC xD
[02:18:23] <VoThall> rozpierdala mnie - zamow teraz a otrzymasz pierwsze dlc darmowe xDDDD
[02:18:30] <VoThall> kurfa zanim gra nie wyszla juz sprzedaja dodatki xDD
[02:18:50] <VoThall> jedyna nedzieje pokladalem w Blizzarda
[02:18:54] <VoThall> ale oni przeszli na darmowe gry
[02:18:59] <VoThall> "darmowe"
[02:19:40] <VoThall> jeszcze gearbox jest ok
[02:19:44] <izeer> dobrze że nie jestem typowym gejmerem, bo bym sie pochlastał
[02:20:02] <izeer> ogarne kompa to bede fapać do skyrima i wyjebane xD
[02:20:06] <VoThall> xD
[02:20:09] <VoThall> piractwo mocno
[02:20:14] <VoThall> nie warto kupowac preorderow
[02:20:21] <VoThall> BONUUUSYYYY
[02:20:25] <VoThall> ta chuja warte
[02:20:27] <VoThall> latarka do broni
[02:20:31] <VoThall> i skin niby unikalny
[02:20:37] <VoThall> ktory beda mieli wszyscy po miesiacu xD
[02:20:46] <VoThall> super opcja bulwo
[02:21:00] <VoThall> ludzie musza nauczyc sie przestac kupowac preordedy
[02:21:02] <VoThall> preordery
[02:21:25] <VoThall> ale to nigdy nie nastapi
[02:21:30] <izeer> tak sie wydaje
[02:21:38] <VoThall> a wydawcy beda jebac w dupke poki moga
[02:21:38] <izeer> ale jak masz hajs, to w sumie co ci szkodzi?
[02:21:50] <VoThall> no jak masz hajs to nic nie szkodzi xD
[02:21:54] <izeer> raz na jakis czas na gre wydać pare groszy
[02:22:07] <VoThall> tylko przez to beda coraz gorsze gry wychodzic
[02:22:13] <VoThall> bo nie beda sie skupiac na szlifowaniu gry
[02:22:18] <VoThall> tylko szlifowaniu hype'u
[02:22:27] <VoThall> zeby jak najwiecej gre ludzi kupilo na poczatku
[02:22:50] <VoThall> ubisoft to juz mistrzowie xD
[02:22:57] <VoThall> ale jak dla mnie najnowsze trailery AC
[02:23:06] <VoThall> oni leja cieplym moczem graczy
[02:23:11] <VoThall> i nie wstydza sie tego pokazac
[02:23:16] <VoThall> zobacz jak wyglada walka
[02:23:20] <VoThall> jak zachowuja sie ragdolle
[02:23:22] <VoThall> ...
[02:23:26] <VoThall> ja pierdole
[02:23:45] <izeer> AC nie tykałem
[02:23:53] <izeer> o chuj
[02:23:57] <izeer> ide spać
[02:24:01] <izeer> bo jutro praca mocno
[02:24:02] <VoThall> ac skonczyl sie na brotherhood jak dla mnie
[02:24:04] <VoThall> xD
[02:24:07] <VoThall> ja tez sie zwijam
[02:24:08] <izeer> a hajs musi sie zgadzać
[02:24:15] <VoThall> gib
[02:24:17] <VoThall> xD
[02:25:08] <izeer> VoThall: https://www.youtube.com/watch?v=_jivtCZpU5U
[02:25:58] <VoThall> tak xD
[02:26:08] <izeer> jaaa piehdole kuhwa
[02:26:13] <izeer> tyle hajsu
[02:26:23] <VoThall> xDD
[02:26:45] <VoThall> eh jutro do fryzjera
[02:26:47] <VoThall> na 15
[02:26:50] <VoThall> musze sie obudzic xD
[02:27:01] <VoThall> znowu trzeba z piwnicy wyjsc
[02:27:04] <VoThall> kurwa :/
[02:27:09] <izeer> kurwa, ja wczoraj o 4 robote skonczyłem
[02:27:12] <izeer> o 5 do spania
[02:27:16] <izeer> na 14 znowu do roboty dzisiaj
[02:27:21] <VoThall> xD
[02:27:29] <VoThall> na 2 zmiany pracujesz czy jak?
[02:27:32] <izeer> ostatnie 3 tygodnie 70% czasu w robocie
[02:27:33] <VoThall> tam takie standardy? xD
[02:27:54] <izeer> 6 dni w tygodniu robie i chujowe zmiany, bo nagle nam ludzi zabrakło
[02:28:05] <VoThall> ale to chyba nie do konca legalne?
[02:28:11] <VoThall> wiecej kasy dostajesz?
[02:28:11] <izeer> ale ponad 300 funtów tygodniówki wpada jakby nie było
[02:28:30] <VoThall> ja bym nie dal rady
[02:28:37] <VoThall> moj organizm potrzebuje 8h snu conajmniej
[02:28:39] <izeer> nie dają bonusów za dodatkowe godziny, chujowa robota
[02:28:44] <izeer> ale to sie zmieni nie długo
[02:28:46] <VoThall> bo jak nie to po 3 dniach zasypiam w dzien
[02:29:07] <izeer> no mój 10h potrzebuje xD
[02:29:10] <VoThall> xD
[02:29:23] <VoThall> ja spie 10-12h teraz jak nic nie robie
[02:29:25] <izeer> ale jak wiesz na co zapierdalasz, to ci to nie przeszkadza
[02:29:37] <VoThall> nieee, u mnie to sie mocno odbija
[02:29:43] <VoThall> niemoglbym tak czesto
[02:29:48] <VoThall> mocno by mi przyjebalo w zdrowie
[02:29:53] <izeer> jakbym robił aby robić, to bym miesiąca tu nie wytrzymał
[02:30:01] <VoThall> na sen jakos mam drazliwy organizm xD
[02:30:21] <VoThall> a Ty jako kto robisz teraz w sumie?
[02:30:23] <izeer> ja też, ale wszystko sie da przetrzymać
[02:30:42] <izeer> no w restauracji jedzenie robie
[02:30:47] <VoThall> uu :3
[02:31:10] <izeer> i pomagam nowym ogarnąć jak mają robić, a to w sumie jeszcze gorsze niż samemu robic xD
[02:31:16] <VoThall> lul
[02:31:22] <izeer> bo menedżer na ciebie zrzuca odpowiedzialność, i biegasz jak pojebany
[02:31:22] <VoThall> 5 do spania
[02:31:25] <VoThall> i na 14 do roboty
[02:31:28] <VoThall> i to w kuchni
[02:31:32] <VoThall> niedalbym rady xD
[02:31:40] <VoThall> musialbym cwiczyc czy cos
[02:31:47] <VoThall> jakis zdrowy tryb zycia xD
[02:31:56] <VoThall> tak na teraz to nihuja
[02:31:58] <izeer> VoThall:  menedżerowie czasami o 6 konczą robote, i na 8 mają znowu do pracy xDDD
[02:32:00] <izeer> po chuj spać
[02:32:05] <VoThall> ;-;
[02:32:06] <izeer> tak wygląda praca w restauracji
[02:32:14] <izeer> tutaj sie zapierdala
[02:32:15] <VoThall> pojebane
[02:32:24] <VoThall> moj znajomy pracowal jako kelner
[02:32:26] <izeer>  dlatego rezygnuje, ale musze dostać zwrot podatku
[02:32:43] <VoThall> a potem co chcesz robic?
[02:32:48] <VoThall> ogarnij cos jako grafik
[02:32:55] <VoThall> w CV wpisz ze masz kompa w chujmocnego
[02:32:57] <VoThall> xD
[02:32:58] <izeer> spierdzielam z londynu na północ
[02:33:03] <izeer> ogarniam jakąkolwiek robote
[02:33:10] <izeer> kupuje sprzęt i robie portfolio
[02:33:18] <izeer> załapuje sie w swojej branży
[02:33:20] <izeer> taki jest plan
[02:33:26] <VoThall> tylko sie zalap
[02:33:29] <VoThall> to tez nie takie proste
[02:33:31] <izeer> załapie sie
[02:33:52] <izeer> tutaj sie załapałem, nie pracując nigdy w życiu
[02:33:54] <VoThall> jako grafik?
[02:34:03] <izeer> jako grafik to później
[02:34:15] <VoThall> a jako kto chcesz?
[02:34:24] <VoThall> no mowie ze w swojej branzy zebys sie zalapal
[02:34:26] <VoThall> to chyba jako grafik
[02:34:39] <izeer> moja branża to filmy i animacja
[02:34:48] <izeer> węższy zakres, mniej roboty
[02:35:00] <izeer> dlatego musze być dobry, i mieć sprzęt który mi to ułatwi
[02:35:24] <VoThall> no oky
[02:35:42] <VoThall> bo co do grafiki to https://www.youtube.com/watch?v=Zp_sEcXYyPs tego goscia lubi i troche opisuje swoja historie xD
[02:35:51] <izeer> bede sobie jeździc po miastach z kamerą i nagrywać, fajna robota xD
[02:35:58] <VoThall> lul
[02:37:35] <izeer> ja kiedys w grafike szedłem, ale dla mnie to za mało było
[02:37:49] <izeer> dobra, spac isc kurwa
[02:37:57] <VoThall> xD
[02:38:17] <izeer> u mnie jest tak, ze nie bardzo moge sie spóźnić
[02:38:22] <izeer> bo nie ma mnie kto zastąpić xD
[02:38:25] <VoThall> lel
[02:38:29] <VoThall> to idz spac xD
[02:38:35] <izeer> no to ide
[02:38:40] <VoThall> dobrej nocki
[02:38:42] <VoThall> :D
[02:38:43] <izeer> bajo
[02:38:47] <VoThall> baj
[02:39:00] *** Quits: izeer (1f307535@gateway/web/freenode/ip.31.48.117.53) (Quit: Page closed)
[07:09:15] *** Quits: Beatzebub (~beatzebub@d75-155-236-222.bchsia.telus.net) (Quit: Beatzebub)
[07:09:39] *** Joins: Beatzebub (~beatzebub@d75-155-236-222.bchsia.telus.net)
[07:39:30] *** Joins: Koh_fon (~Kingofhil@user-94-254-209-187.play-internet.pl)
[14:07:17] *** Joins: Dalir (~Pony@88-199-132-54.tktelekom.pl)
[14:07:51] <Dalir> yo
[14:13:37] <VoThall> dobry
[14:13:39] <VoThall> http://jbzd.pl/obr/256555/wiedzmun-pls xD
[14:14:17] *** Joins: Soxis (~chatzilla@86-63-85-25.sta.asta-net.com.pl)
[14:15:59] <Soxis> elo
[14:24:56] *** Quits: Beatzebub (~beatzebub@d75-155-236-222.bchsia.telus.net) (Quit: Beatzebub)
[14:29:43] <VoThall> Soxis http://jbzd.pl/obr/256555/wiedzmun-pls
[15:52:49] <misiek200m> Ahoj #PhosiQ
[16:00:01] <Night_Spark> Hay
[17:25:28] *** Quits: Dalir (~Pony@88-199-132-54.tktelekom.pl) (Quit: Nettalk6 - www.ntalk.de)
[17:25:41] *** Joins: Nighti (5f31a841@gateway/web/freenode/ip.95.49.168.65)
[17:31:42] <Nighti> Hay
[17:36:30] *** Joins: VanDreadPL (~Thunderbi@89-73-60-176.dynamic.chello.pl)
[17:36:33] <VanDreadPL> siema
[17:37:07] <VanDreadPL> https://www.youtube.com/watch?v=VsZiUYUwB3I XD
[17:46:08] <Soxis> ide
[17:46:16] *** Quits: Soxis (~chatzilla@86-63-85-25.sta.asta-net.com.pl) (Remote host closed the connection)
[17:49:24] <Nighti> xDD bo kto bogatemu zabroni
[17:49:28] *** Joins: Dalir (~DalFon@88-199-132-54.tktelekom.pl)
[18:12:40] <VanDreadPL> Nighti:  Ja bym się chyba tam ze wstydu spalił XD
[18:15:01] <Night_Spark> Hahahaha
[18:21:14] <Dalir> Gdzie
[18:21:14] <Dalir> Jak
[18:21:18] <Dalir> Co
[18:21:18] <Dalir> Kiedy
[18:21:20] <Dalir> Ale o co chodzi
[18:24:40] <Night_Spark> Dalir: https://www.youtube.com/watch?v=VsZiUYUwB3I
[18:25:51] <Dalir> Ah oh
[18:34:55] *** Joins: Misiek (~Misiek@apg166.neoplus.adsl.tpnet.pl)
[18:40:32] *** [A]McKey is now known as McKey
[18:41:14] <Night_Spark> VanDreadPL http://www.ebay.com/itm/Toyota-Supra-2-door-hatch-back-/231561617384
[18:42:03] <VanDreadPL> śliczna :D
[18:42:13] <VanDreadPL> do tego taka ja powinna być
[18:42:23] <VanDreadPL> gotowa cię zabić jak tylko się pomylisz :D
[18:45:19] <Nighti> tylko 120
[18:45:21] <Nighti> k
[18:45:27] <Nighti> w goldzie
[18:45:43] <Nighti> a nawet 160k w goldzie
[18:46:27] <VanDreadPL> jakbym ją kupił \
[18:46:37] <Nighti> Nie wiem czemu ale jak mialbym wybierać między Rx-7 a Supra to bym wybrał Mazde
[18:46:38] <VanDreadPL> to idę o zakład że już bym prawka nie miał XD
[18:46:48] <VanDreadPL> Nighti:  HAŃBA CI
[18:46:50] <Nighti> na 3 mieś
[18:46:56] <VanDreadPL> supra jest legendą XD
[18:46:58] <VanDreadPL> i taka będzie
[18:47:07] <VanDreadPL> co prawada RX-7 też
[18:47:14] <McKey> hejo
[18:47:15] <VanDreadPL> ale nie taka jak super supra
[18:47:28] <Nighti> A Rx-7 to nie? Przerobiłbym ja jak Han z F&F TD ;DDDDD
[18:47:30] <VanDreadPL> Nighti:  gwarantuje ci że na dłużej XD
[18:50:35] <Nighti> ja lece na urki ciotecznego nwm kiedy wróce
[18:50:39] <McKey> bye
[18:50:41] *** Quits: Nighti (5f31a841@gateway/web/freenode/ip.95.49.168.65) (Quit: Page closed)
[19:15:25] *** McKey is now known as [A]McKey
[19:21:08] *** Joins: Soxis (~chatzilla@86-63-85-25.sta.asta-net.com.pl)
[19:21:14] <Soxis> elo
[19:21:15] <Soxis> xD
[19:24:04] <misiek200m> Jaki spam na snapie Soxis :v
[19:24:09] <Soxis> XD
[19:24:36] <misiek200m> Nie wiem o co chodzilo, bo nie slychac co tam pod nosem mamroczesz xD
[19:24:41] <Soxis> XD
[19:24:50] <Soxis> ogólnie to pas lotniskowy w Pile pokazywałem
[19:24:56] <Soxis> bo mamy nieużywane lotnisko XD
[19:25:11] <Soxis> w sumie nie takie nieużywane, w weekend był tam międzynarodowy zlot dwupłatowców
[19:25:32] <Soxis> http://dlapilota.pl/wiadomosci/dwuplatypilapl/ii-miedzynarodowy-zlot-dwuplatow-w-pile
[19:46:42] *** Quits: Misiek (~Misiek@apg166.neoplus.adsl.tpnet.pl) (Quit: Leaving)
[19:53:52] *** [A]McKey is now known as McKey
[20:50:07] *** Joins: Nighti (5f31a841@gateway/web/freenode/ip.95.49.168.65)
[20:51:32] <Nighti> wróciłem
[20:51:53] <Nighti> VanDreadPL naprawiłem "ąąąą"   :DDD
[20:52:12] <Nighti> puush miał je przypisane xDDD
[20:52:25] <Nighti> Soxis fajne lotnisko
[20:53:37] *** Joins: Misiek (~Misiek@apg166.neoplus.adsl.tpnet.pl)
[20:57:29] *** Joins: MisiekShy (~Misiek@kiev-s01-i02.cg-dialup.net)
[20:58:36] *** Joins: NocnyPortier (~Misiek@apg166.neoplus.adsl.tpnet.pl)
[20:59:36] <Nighti> Hay NocnyPortier
[20:59:57] *** Quits: Misiek (~Misiek@apg166.neoplus.adsl.tpnet.pl) (Ping timeout: 250 seconds)
[21:00:32] *** Joins: Misiek (~Misiek@kiev-s01-i04.cg-dialup.net)
[21:02:00] *** Quits: MisiekShy (~Misiek@kiev-s01-i02.cg-dialup.net) (Ping timeout: 258 seconds)
[21:02:30] *** Joins: MisiekShy (~Misiek@apg166.neoplus.adsl.tpnet.pl)
[21:03:01] *** Quits: NocnyPortier (~Misiek@apg166.neoplus.adsl.tpnet.pl) (Ping timeout: 256 seconds)
[21:03:24] <Nighti> http://img.besty.pl/images/363/67/3636796.jpg XDD
[21:06:25] *** Quits: Misiek (~Misiek@kiev-s01-i04.cg-dialup.net) (Ping timeout: 264 seconds)
[21:42:14] <Nighti> co taka cisza?
[21:43:10] <McKey> Bo Wiedzmin :P
[21:44:26] <Night_Spark> McKey: gdzie tam, clopio - kogo na wiedźmina stać?
[21:44:28] <Nighti> A no tak. Jak moglem zapomnieć ;p
[21:44:33] <McKey> nikogo
[21:44:37] <McKey> czekamy na torrent
[21:44:47] <McKey> aby stwierdzic że nie pójdzie :P
[21:44:55] <Nighti> wiedzmin tańszy od GTA V o jakieć 40zł?
[21:45:02] <McKey> dunno
[21:45:08] <McKey> mi nawet 1 nie pójdzie xD
[21:45:35] <Koh_fon> Auć :D
[21:45:59] <Nighti> ma kompie za mną pewnie też albo na niskich xD
[21:58:26] *** Joins: izeer (1f307535@gateway/web/freenode/ip.31.48.117.53)
[21:59:29] <izeer> no elo
[21:59:40] <izeer> VoThall:  no i zaspałem dzisiaj do roboty xD
[21:59:42] <izeer> twoja wina xD
[21:59:47] <VoThall> xDDD
[21:59:57] <izeer> budzik o 8 ranp
[22:00:04] <izeer> a obudziłęm sie równo o 10
[22:00:09] <VoThall> XD
[22:00:12] <VoThall> ile sie spozniles?
[22:00:23] <izeer> w połowie drogi na bus skapnąłem sie ze nie mam karty na busa ze sobą i sie wracałem xDDDD
[22:00:26] <izeer> 50 minut
[22:00:43] <izeer> nie ma to jak poniedziałek
[22:02:10] <izeer> VanDreadPL:  co tak o suchym pysku
[22:02:25] <VanDreadPL> izeer:  dosłownie wróciłem do stacji XD
[22:02:54] <VanDreadPL> Nighti:  a czemu gta ma być droższe przecież to stara gra
[22:04:13] <Nighti> Van poniedziałek godz 22 ja myślę o spaniu a nie o cenach ;p
[22:04:45] <VanDreadPL> Nighti:  nie dramatyzuj
[22:04:58] <VanDreadPL> izeer:
[22:05:00] <VanDreadPL> 3
[22:05:00] <VanDreadPL> 2
[22:05:01] <VanDreadPL> 1
[22:05:02] *** VanDreadPL is now known as VanDreadPIWO
[22:05:10] <izeer> ejjj, musze prysznic wziąć xD
[22:05:12] <izeer> czej panie
[22:05:17] <VanDreadPIWO> prysznic?
[22:05:22] <Nighti> No widzisz ty masz płynnego przyjaciela xD
[22:05:26] <izeer> tak, zapierdole z łazienki
[22:05:28] <VanDreadPIWO> ok to ja się wykąpie na szybko XD
[22:05:30] <izeer> brb
[22:05:35] <VanDreadPIWO> to ja też z/w
[22:05:38] *** VanDreadPIWO is now known as VanDreadPL
[22:21:11] *** izeer is now known as izeer_BeerPony
[22:21:13] *** Quits: izeer_BeerPony (1f307535@gateway/web/freenode/ip.31.48.117.53) (Quit: Page closed)
[22:21:22] <VanDreadPL> ambitnie XD
[22:21:32] *** Joins: izeer_BeerPony (1f307535@gateway/web/freenode/ip.31.48.117.53)
[22:21:35] <VanDreadPL> siema izeer_BeerPony
[22:21:39] *** VanDreadPL is now known as VanDreadPIWO
[22:21:39] <izeer_BeerPony> melduje się
[22:21:47] <izeer_BeerPony> musiałem jeszcze szkło umyć
[22:21:48] <VanDreadPIWO> izeer_BeerPony:  http://www.pdfmagazines.org/uploads/posts/2012-08/1346010501_playboy_01_1988-usa-1.jpg tak wyglądała okładka jak się urodziłem :D
[22:23:50] <izeer_BeerPony> całkiem
[22:41:06] <Nighti> ładna
[22:43:29] <Nighti> Ostatnio w stanowym playboyu pisali o poniaczach i fandomie
[22:43:34] <Nighti> ja lece
[22:43:40] <Nighti> Branoc
[22:44:15] *** Quits: Nighti (5f31a841@gateway/web/freenode/ip.95.49.168.65) (Quit: Ja to mam "ciekawe" życie)
[22:47:39] <izeer_BeerPony> VoThall:  https://www.youtube.com/watch?v=hBoCRYX6Vq0
[22:47:44] <izeer_BeerPony> trailer na silniku gry
[22:48:02] <izeer_BeerPony> kurde, boli mnie ze to teraz wygląda 2x gorzej :(
[22:49:00] <Koh_fon>  Wszyscy narzekają na downgrade grafiki, który był oczywisty by ta gra nie wymagała dosłownie komputerów z nasa albo takich za 5000 zł.
[22:49:37] <izeer_BeerPony> Koh_fon:  to niech zostawią opcje by ustawić tą gre tak jak pokazywali wczesniej
[22:49:40] <izeer_BeerPony> bede miał kompa za 15k
[22:49:44] <VanDreadPIWO> Koh_fon:  słyszałem że aktualne pokazy i tak są słabsze bo nie mają poprawki jakiejś
[22:50:02] <Koh_fon> Chyba jakiś filtr jest wyłączony.
[22:50:07] <izeer_BeerPony> nie filtr
[22:50:10] <izeer_BeerPony> jakość tekstur
[22:50:12] <izeer_BeerPony> ilość obiektów
[22:50:20] <izeer_BeerPony> nawet na ultra wygląda to dość przeciętnie
[22:50:25] <izeer_BeerPony> co mi sie w głowie nie miesci
[22:50:28] <Koh_fon> Hm.
[22:50:38] <izeer_BeerPony> niech to wygląda tak na medium
[22:50:50] <izeer_BeerPony> ale na ultra ma być kosmos, dla osób których kurwa stać na kompa nasa
[22:51:13] <izeer_BeerPony> czemu mam być ograniczony przez to że inni nie mogą sobie pozwolic?
[22:51:14] <VanDreadPIWO> mój kolega własnie stoi w kolejce po wiedzmina na ps4
[22:51:25] <Koh_fon> Też prawda. Ja i tak nie pogram :D
[22:51:44] <izeer_BeerPony> nadal naiwnie czekam na prawdziwy gameplay na ultra
[22:51:48] <izeer_BeerPony> wtedy zobacze
[22:51:52] <izeer_BeerPony> pare godzin do premiery
[22:52:39] <VanDreadPIWO> izeer_BeerPony:  mówię ci że pc będzie miało lepsze bo nie ma jeszcze one day patch
[22:52:44] <VanDreadPIWO> i dopiero zostanie wydany
[22:52:53] <VanDreadPIWO> kurwa żebym ja konsolowiec musiał wam to mówić XD
[22:53:03] <izeer_BeerPony> VanDreadPIWO:  obyś miał kurwa racje
[22:53:14] <Koh_fon> Day one patch*
[22:53:24] <izeer_BeerPony> bedzie to wyglądało jak pokazywali, biore kolekcjonerke jak tylko kompa ogarne
[22:54:39] <VanDreadPIWO> izeer_BeerPony:  http://www.gamespot.com/articles/witcher-3-day-one-patch-notes/1100-6427404/
[22:57:29] <VanDreadPIWO> izeer_BeerPony:  bo w sumie niepatrzyłem w ten artykuł jest tam coś co cię uspokaja?
[22:57:37] <izeer_BeerPony> nie
[22:57:38] <izeer_BeerPony> xD
[22:57:45] <McKey> Chujowa ta klima :P http://pobierak.jeja.pl/images/a/4/4/143092_janusze-klimatyzacji.jpg?1430908896
[22:58:18] <VanDreadPIWO> izeer_BeerPony:  no to chuj nie pomogę XD\
[22:58:40] <VanDreadPIWO> McKey:  gwarantuje ci klima może być chujowa ale lepiej mieć
[22:58:44] <VanDreadPIWO> izeer_BeerPony:  może potwierdzić XD
[22:58:58] <izeer_BeerPony> potwierdzam
[22:58:59] <VanDreadPIWO> jak był u mnie doprowadziliśmy do wybuchu silnika XD
[22:59:17] <McKey> xD
[22:59:28] <VanDreadPIWO> tyle freonu w atmosfere XD
[22:59:47] <VanDreadPIWO> izeer_BeerPony:  btw muszę pogadać z siostrą :D
[22:59:53] <VanDreadPIWO> wstawiam nową klimę :D
[23:01:07] <VanDreadPIWO> będzie większa XD
[23:01:12] <VanDreadPIWO> podobno jest
[23:01:36] <VanDreadPIWO> i ma mieć moc na schłodzenie dwóch pomieszczeń a nie tylko jednego pokoju
[23:03:00] <VanDreadPIWO> VoThall:  Soxis
[23:06:42] <Soxis> VanDreadPIWO:
[23:06:57] <VanDreadPIWO> Soxis:
[23:07:11] <Soxis> VanDreadPIWO: \
[23:07:30] <VanDreadPIWO> izeer_BeerPony:  jak myślisz czy Soxis  zasłużył by dostać nagranie jak ktoś toruje sobie drogę do wygrania wódki?
[23:07:51] <izeer_BeerPony> niegodzien
[23:07:58] <Soxis> XD
[23:08:01] <VanDreadPIWO> nie no chyba jest linki mi podsyła
[23:08:08] <VanDreadPIWO> ale boje się że może mieć koszmary XD
[23:08:19] <VanDreadPIWO> albo może pić
[23:08:23] <VanDreadPIWO> i zapluje monitor
[23:08:28] <VanDreadPIWO> lub jeść i się zadławi
[23:08:45] <izeer_BeerPony> http://x3.cdn03.imgwykop.pl/c3201142/comment_6hNAWBzOGiqe5ABBPo3u708LD0o1KjaX.jpg xDD
[23:08:56] <VanDreadPIWO> izeer_BeerPony:  stare
[23:09:50] <izeer_BeerPony> chyba ty
[23:09:55] <izeer_BeerPony> zaorane
[23:11:01] <izeer_BeerPony> tak porównując do Wiedzmina
[23:11:06] <izeer_BeerPony> http://x3.cdn03.imgwykop.pl/c3201142/comment_wnTWtpkZOCDMgUZiCNQSVfacjm4p7bWy.jpg crysis 3
[23:11:11] <izeer_BeerPony> 2 lata temu
[23:11:48] <VanDreadPIWO> izeer_BeerPony:  to lepsze https://www.youtube.com/watch?v=VsZiUYUwB3I
[23:12:03] <izeer_BeerPony> widziałem
[23:12:15] <VanDreadPIWO> artyści :D
[23:12:18] <VoThall> VanDreadPIWO czo chciales?
[23:12:41] <VanDreadPIWO> VoThall:  a chciałem coś ci pokazać ale ty mnie nie lubisz
[23:12:45] <VoThall> izeer_BeerPony dla mnie to wyglada jak gra sprzed paru lat
[23:13:16] <VoThall> mam nadzieje ze fabula nadrabia
[23:14:00] *** VanDreadPIWO is now known as VanDreadPL
[23:14:17] <izeer_BeerPony> VanDreadPL:  co, juz?
[23:14:33] <VanDreadPL> No
[23:14:38] <Soxis> ide
[23:14:39] <Soxis> nQ
[23:14:42] <VanDreadPL> Soxis:  idź
[23:14:46] *** Quits: Soxis (~chatzilla@86-63-85-25.sta.asta-net.com.pl) (Remote host closed the connection)
[23:14:46] <VanDreadPL> dobrej nocy
[23:14:50] <VanDreadPL> kutas
[23:14:54] <VanDreadPL> nie dał mi skończyć
[23:15:08] <VoThall> izeer_BeerPony wlasnie
[23:15:13] <VoThall> chyba sobie crysisa sciagne
[23:15:15] <VoThall> xD
[23:19:32] <izeer_BeerPony> VoThall:  http://x3.cdn03.imgwykop.pl/c3201142/comment_FtLy1tRFUbecpuD2k1BjnJ56qwL8dB79.jpg
[23:19:35] <izeer_BeerPony> o kurwa mistrzostwo
[23:19:44] <izeer_BeerPony> top 5 polandballi
[23:20:06] <VoThall> xDDDDD
[23:20:27] <VoThall> jedna z tych rzeczy
[23:20:32] <VoThall> ktorej mozna dac conajmniej 9,5/10
[23:36:27] <izeer_BeerPony> VoThall:  ludzie juz wieśki instalujo
[23:36:53] <VoThall> niech instalujo
[23:37:04] <VoThall> ja sobie pro streeta instaluje xD
[23:39:44] <VanDreadPL> izeer_BeerPony:  konsolowcy już grają XD
[23:39:54] <VanDreadPL> mowa o tych co mają wersje elektroniczne
[23:40:12] <VanDreadPL> mogli sobie pobrać
[23:40:18] <VanDreadPL> a nie zaraz jeszcze nie mogą XD
[23:40:22] <VanDreadPL> jeszcze 20min
[23:42:25] <VanDreadPL> kurwa jeepa to pojebało XD
[23:42:31] <VanDreadPL> 9biegów w samochodzie
[23:42:41] <izeer_BeerPony> VanDreadPL:  wszyscy mogą
[23:44:13] <VanDreadPL> izeer_BeerPony:  chodzi mi o to że nie skończy się to jak z gta na PC
[23:44:23] <VanDreadPL> jak już wszyscy byli gotowi to jeb paczka poprawek XD
[23:44:26] <VanDreadPL> i dodatków
[23:45:05] <VanDreadPL> ja gta miałem pobrane dwa dni przed premierą i wszystko na luzie poszło :)
[23:47:06] <VanDreadPL> btw izeer_BeerPony  tak ludzie czepiają się tych policjantów
[23:47:17] <VanDreadPL> ok odjebali lipę i wstyd
[23:47:32] <VanDreadPL> ale warto pamiętać że jechali do jakiegoś zgłoszenia gdzie komuś mieli pomóc
[23:48:03] <Dalir> Dobranoc
[23:48:11] *** Quits: Dalir (~DalFon@88-199-132-54.tktelekom.pl) (Quit: Bye)
[23:48:11] <VanDreadPL> poza tym kurwa naprawa tego jebanego chodnika będzie kosztować mniej niż kampanie komora i dudy
[23:49:07] <VanDreadPL> jeżeli jechali komuś pomóc to kurwa mogą dla mnie nawet rozjebać ten samochód
[23:49:12] <VanDreadPL> bo mogli by jechać do mnie
[23:49:42] <Night_Spark> VanDreadPL: wina też tego, kto noir zrobił prawidłowego wjazdu dla służb
[23:49:51] <Night_Spark> *nie
[23:49:55] <VanDreadPL> Night_Spark:  tam jest wjazd
[23:50:04] <Night_Spark> Jest?
[23:50:18] <VanDreadPL> poza tym co to za chodnik który poddał się przy czymś takim
[23:50:31] <VanDreadPL> jest bo pogotowie wjechało od innej strony gdzie jest wjazd
[23:50:39] <Night_Spark> Ah
[23:51:48] <VanDreadPL> poza tym ja w ten weekend lepiej nie zrobiłem XD
[23:51:55] <VanDreadPL> bo po wykopach jeździłem
[23:53:07] <izeer_BeerPony> VanDreadPL:  co do policjantów
[23:53:16] <VanDreadPL> izeer_BeerPony:  no dali dupy XD
[23:53:18] <izeer_BeerPony> nie mogli wysiąść i podejść?
[23:53:38] <izeer_BeerPony> szybciej by wyszło
[23:53:42] <VanDreadPL> izeer_BeerPony:  mój szwagier jak jechał ratować kogoś to wjebał się do parku i rozjebał samochód
[23:53:54] <VanDreadPL> po reanimacji myślisz że ktoś powiedział słowo na rozjebany radiowóz?
[23:54:44] <VanDreadPL> poza tym jak patrze na radiolke to ona raczej wypadkowa
[23:54:51] <VanDreadPL> więc mieli wszystko do pierwszej pomocy
[23:55:06] <VanDreadPL> dlatego pewnie mieli za zadanie wjebać się jak najbliżej
[23:55:31] <VanDreadPL> samochód jest wyposażony w gniazdko dzięki któremu mogli by przeprowadzić pełną reanimacje
[23:56:06] <Night_Spark> VanDreadPL: zróbmy radiowozy na gąsienicach
[23:56:09] *** McKey is now known as [A]McKey
[23:56:21] <VanDreadPL> Night_Spark:  nie przejdzie bo niszczyły by już dosłownie wszystko
[23:58:08] <VanDreadPL> dobra uciekam spać
[23:58:10] <VanDreadPL> :)
[23:58:14] <VanDreadPL> 3majcie się
[23:59:03] <izeer_BeerPony> bajo
[23:59:30] *** Quits: VanDreadPL (~Thunderbi@89-73-60-176.dynamic.chello.pl) (Quit: Najważniejsze w życiu to mieć się z kim napić :))
