[00:09:56] *** Melon_Phone is now known as Melon_PS4
[00:13:22] * Vulpixbrew flops over
[00:14:04] *** Quits: mib_zvv04w (Mibbit@Pony-nf1pv2.res.rr.com) (Quit: http://www.mibbit.com ajax IRC Client)
[00:20:55] <weisey> If boys had uteruses they'd be called duderuses
[00:23:58] *** Joins: expatriate (Mibbit@Pony-5dorop.sc.comcast.net)
[00:24:10] <Speedy> I feel like that was on Bob's burgers
[00:24:36] <expatriate> female spotted hyenas' birth canals extend 7 inches outside their body, resulting in something called a "pseudopenis"
[00:25:37] <Giggles> I knew that because one of my friends was obsessed with hyenas for a year.
[00:26:53] <Melon_PS4> arousing
[00:40:07] <Puddles> http://www.gagbay.com/gag/if_humans_used_animal_mating_rituals-430966/
[00:40:07] <Puddles> This picture thing was how I learned about the hyena thing
[00:40:09] <FineLine> [ GAGBAY - If Humans used Animal Mating Rituals ]
[00:41:36] *** Joins: Cel (Cel@Silver.Horizon)
[00:48:01] <weisey> Speedy that's  exactly where it was
[00:48:06] <Speedy> :D
[00:51:56] *** Quits: Melon_PS4 (u291187@Pony-9jfb6q.dynamic.simnet.is) (Connection closed)
[01:06:58] * Vulpixbrew meoes
[01:07:04] <Vulpixbrew> moews even
[01:10:27] <Vulpixbrew> just a reminder that iun one comic Ironmans suit came alive and fell in love with Tony Stark
[01:22:29] *** Quits: Cel (Cel@Silver.Horizon) (Quit: Leaving)
[01:32:05] *** Quits: Giggles (Mibbit@Pony-33k.8kf.240.173.IP) (Quit: http://www.mibbit.com ajax IRC Client)
[01:33:59] *** Joins: Melon_Phone (u291187@Pony-9jfb6q.dynamic.simnet.is)
[01:33:59] *** ChanServ sets mode: +v Melon_Phone
[01:34:27] * Melon_Phone wags his tail
[01:41:21] * Vulpixbrew yips at the Melon_Phone
[01:41:48] * Melon_Phone howls back at the vulpix
[01:45:24] <Melon_Phone> "I want to break free", http://i.imgur.com/IPCLA7U.jpg
[01:46:22] <Vulpixbrew> what the
[01:47:00] <Melon_Phone> manipulations are the worst
[01:47:09] <Vulpixbrew> have some bleach http://i.imgur.com/IiRMqll.jpg
[01:47:52] <Melon_Phone> much ass grassy ass
[01:50:14] <Melon_Phone> full sequence [Weird as shit|human] http://imgur.com/a/uZUME#0
[01:50:15] <FineLine> [ Imgur ]
[01:53:06] <Vulpixbrew> http://www.sciencealert.com/world-s-first-head-transplant-volunteer-could-experience-something-worse-than-death
[01:53:07] <FineLine> [ World’s first head transplant volunteer could experience something "worse than ... ]
[01:55:10] <Melon_Phone> aw, so I won't get a robocop cyborg body attached to my head if I get that mortally wounded
[01:56:06] <Melon_Phone> 36 hour operation with 150 doctors and surgeons!!
[01:57:15] <Melon_Phone> poor man, the last part  makes it kinda sad
[01:58:00] <Melon_Phone> it "could result in a hitherto never experienced level and quality of insanity".  
[01:59:45] *** Joins: plushie_pegasus (IceChat77@Pony-j2kv31.ph.cox.net)
[01:59:45] *** ChanServ sets mode: +v plushie_pegasus
[02:00:12] <plushie_pegasus> Hello everypony
[02:00:12] <FineLine> plushie_pegasus: 2015-04-10 - 07:33:21 <Frosty> https://youtu.be/nPhubc3x6Pw?t=303
[02:00:13] <FineLine> plushie_pegasus: Hey.
[02:01:05] <Melon_Phone> hi plushie_pegasus 
[02:01:13] *** iam[a]lion is now known as iamalion
[02:01:37] <iamalion> that awk moment when a condom falls out your wallet infront of your mum
[02:02:23] <Melon_Phone> better than for her to find it on your cock eh? 
[02:02:33] <Melon_Phone> unless you're into that then 
[02:02:35] <iamalion> lol!
[02:02:41] <iamalion> i ninja'd it back in
[02:02:56] *** Quits: expatriate (Mibbit@Pony-5dorop.sc.comcast.net) (Quit: http://www.mibbit.com ajax IRC Client)
[02:03:42] <Melon_Phone> new iOS emojis 
[02:03:46] <Melon_Phone> omg
[02:04:03] <Melon_Phone> 👌🏿 lookin fiine
[02:04:21] <iamalion> TFW cant see emojis on mirc
[02:04:28] <Melon_Phone> 🐸 pepe
[02:05:43] <plushie_pegasus> is there gonna be a new pony episode tommorow?
[02:05:49] <Nikashi> yes :D
[02:05:56] <plushie_pegasus> yay!
[02:06:22] * plushie_pegasus sets DVR to record it
[02:08:35] <Melon_Phone> 🐯👨‍👨‍👦👨‍👩‍👧 tigers and gay couples 
[02:10:12] *** Joins: Sir_Pony (rawr@Pony-k9l73v.res.rr.com)
[02:10:13] <FineLine> Sir_Pony: Welcome to clopchat, an 18+ chat for MLP porn. Don't forget to read the topic and enjoy your stay!
[02:12:52] <Vulpixbrew> mmm gay couples
[02:13:17] <Melon_Phone> delicious 
[02:16:54] <plushie_pegasus> hi Sir_Pony
[02:17:37] <plushie_pegasus> who is your favorite pony Sir_Pony
[02:19:16] <Sir_Pony> fluttershy
[02:19:26] <Sir_Pony> :P
[02:19:31] <Sir_Pony> rarity is pretty sexy tho
[02:21:46] <plushie_pegasus> https://images.luscious.net/837/lusciousnet_81698-artist_cartoonlio_1263334977.png
[02:24:19] *** Quits: Vulpixbrew (HoneyBrew@Pony-68js8b.res.rr.com) (Connection closed)
[02:28:59] <plushie_pegasus> pony vagina   http://rule34-data-009.paheal.net/_images/36e0538f0e3c97b44fd56f093739f26b/870746%20-%20Applejack%20Fluttershy%20Friendship_is_Magic%20My_Little_Pony%20Pinkie_Pie%20Rainbow_Dash%20Rarity%20Twilight_Sparkle%20ratofponi.png
[02:29:00] <FineLine> [ http://rule34.paheal.net/post/view/870746 ]
[02:31:05] *** Joins: cloppyhooves (cloppy@vixen.den)
[02:31:05] *** ChanServ sets mode: +qo cloppyhooves cloppyhooves
[02:31:19] <plushie_pegasus> http://mlphentai.com/wp-content/uploads/2014/02/t6MWkY2.jpg
[02:31:29] <plushie_pegasus> hi cloppyhooves
[02:31:40] <cloppyhooves> Hi c:
[02:32:32] *** Quits: Melon_Phone (u291187@Pony-9jfb6q.dynamic.simnet.is) (Connection closed)
[02:34:07] <plushie_pegasus> shit, gtg, will BBL 
[02:35:41] *** Joins: Vulpixbrew (HoneyBrew@Pony-68js8b.res.rr.com)
[02:36:33] *** Joins: expatriate (Mibbit@Pony-5dorop.sc.comcast.net)
[02:36:48] *** Joins: Mr_Pony (rawr@Pony-k9l73v.res.rr.com)
[02:39:36] *** Joins: RNGsus (Mibbit@Pony-kut12l.cable.mindspring.com)
[02:39:44] *** Quits: Sir_Pony (rawr@Pony-k9l73v.res.rr.com) (Ping timeout: 121 seconds)
[02:42:02] *** iamalion is now known as iam[a]lion
[02:49:55] * cloppyhooves lifts her tail
[02:51:17] *** Quits: weisey (sideways@silly.little.foxy.kit) (Ping timeout: 121 seconds)
[02:51:34] <thaostra> https://imgur.com/r/ClopClop/J2CQpvS
[02:51:36] <FineLine> [ Sugar Belle baking in the kitchen [anthro] (artist:atryl) - Imgur ]
[02:52:15] * Vulpixbrew tactically grabs the cloppy tail
[02:52:32] *** Joins: weisey (sideways@silly.little.foxy.kit)
[02:52:32] *** ChanServ sets mode: +o weisey
[02:56:23] <Vulpixbrew> Im sitting here playing the closed alpha of the next rainbow six
[02:56:29] <Vulpixbrew> tempted to go livestream
[03:02:17] <Vulpixbrew> I just had a random thought
[03:02:30] <Vulpixbrew> the rarest fursona I can think of is a primate
[03:06:48] *** Quits: Mr_Pony (rawr@Pony-k9l73v.res.rr.com) (Ping timeout: 121 seconds)
[03:09:57] *** Joins: Melon_Phone (u291187@Pony-9jfb6q.dynamic.simnet.is)
[03:09:57] *** ChanServ sets mode: +v Melon_Phone
[03:10:18] <Melon_Phone> stabelete
[03:13:04] *** Quits: Melon_Phone (u291187@Pony-9jfb6q.dynamic.simnet.is) (Connection closed)
[03:24:37] <Vulpixbrew> thats interesting, 
[03:26:02] <plushie_pegasus> Back for about 15 min, then i gtg get dinner
[03:30:39] <Vulpixbrew> wb
[03:31:45] <plushie_pegasus> ty
[03:35:20] <thaostra> https://derpicdn.net/img/view/2015/4/10/870771.png
[03:35:20] <FineLine> [ https://derpiboo.ru/870771 ]
[03:35:21] <FineLine> [ 404 Not Found ]
[03:43:34] * Vulpixbrew goes to thaostra's bedroom
[03:43:38] <Vulpixbrew> now what?
[03:44:51] <thaostra> Then we get out the rope and WD-40
[03:46:14] <plushie_pegasus> any plushies in thaostra's bedroom?
[03:48:06] <Vulpixbrew> ooooo
[03:48:08] <Vulpixbrew> Yay!!!
[03:48:27] * Vulpixbrew ball gags himself and drops tohis knees
[03:48:36] <cloppyhooves> :o
[03:48:52] <plushie_pegasus> gtg get dinner, bbl
[03:50:40] <Vulpixbrew> what cloppyhooves?
[03:50:43] <Vulpixbrew> Im kinky
[03:53:33] <weisey> Why is God of War so hard
[04:04:47] *** Joins: Melon_Phone (u291187@Pony-9jfb6q.dynamic.simnet.is)
[04:04:47] *** ChanServ sets mode: +v Melon_Phone
[04:05:02] *** Quits: Melon_Phone (u291187@Pony-9jfb6q.dynamic.simnet.is) (Connection closed)
[04:06:36] * Vulpixbrew starts yipping loudly
[04:10:09] *** Joins: Wikkit (Mibbit@Pony-o9imhe.ph.cox.net)
[04:10:18] *** ChanServ sets mode: +v Wikkit
[04:12:30] *** RubyPinch|DCed is now known as RubyPinch
[04:13:56] <cloppyhooves> http://i.imgur.com/LOb5wf9.jpg
[04:14:51] <Wikkit> lol
[04:16:42] <Vulpixbrew> do wanna have a threesome???
[04:18:01] <Vulpixbrew> sing that to do you want to build a snowman
[04:20:27] *** Quits: Puddles (Mibbit@Pony-pjj.su7.239.96.IP) (Quit: http://www.mibbit.com ajax IRC Client)
[04:24:14] <RubyPinch> do you wanna make a meme, hun'?
[04:28:49] *** Joins: Flame (Taka-nii@Pony-bcp0sm.frokca.sbcglobal.net)
[04:28:54] <Vulpixbrew> one of these days I shall play ff vii to finish
[04:28:57] *** ChanServ sets mode: +v Flame
[04:29:01] <Flame> https://youtu.be/SidZ-KctsHM?t=153 hahaha xD
[04:29:01] <Vulpixbrew> heya FineLine
[04:29:02] <FineLine> [YouTube] This Video Makes No Sense (3mins 58secs) | Likes: 3,194 | Dislikes: 39
[04:29:07] <Vulpixbrew> Flame!
[04:29:20] <Flame> dat video
[04:29:24] <Flame> dat soldier!
[04:35:19] <plushie_pegasus> I'm back!!! :)
[04:37:41] <Flame> https://youtu.be/G081hD0nwWE hehe fun
[04:37:42] <FineLine> [YouTube] HDD and Floppy Music: Nirvana - Smell Like Teen Spirit (4mins 28secs) | Likes: 8,789 | Dislikes: 78
[04:37:57] <Flame> I wana do that sometime
[04:38:46] *** Joins: Evelina (Mibbit@Pony-71hvim.res.rr.com)
[04:38:46] *** ChanServ sets mode: +o Evelina
[04:38:54] * Evelina respawns.
[04:39:13] <Flame> http://www.reddit.com/r/videos/comments/324goo/smells_like_teen_spirit_played_on_hdd_and_floppy/cq7u1sa
[04:39:31] * RubyPinch throws a double damage at Evelina 
[04:39:50] <Vulpixbrew> Evelina!!!
[04:40:15] <Evelina> !
[04:40:16] <Evelina> Ruby!
[04:40:43] <Evelina> By the waay
[04:40:45] <Evelina> I am happy
[04:40:54] * RubyPinch picks Vulpixbrew up and places her on Evelina's back
[04:40:56] <Vulpixbrew> Evelina!!!ooo????
[04:40:59] <RubyPinch> happy and cute
[04:41:15] * Vulpixbrew yips on top Evelina
[04:41:20] * Evelina happily yawns
[04:41:56] <Vulpixbrew> why is the Evelina so happy?
[04:42:06] <Evelina> I might have a follow up job
[04:42:13] <Evelina> traveling and making $19 an hour
[04:42:15] <RubyPinch> :o
[04:42:23] <Vulpixbrew> OOOOOO!!!
[04:44:00] * Evelina touches RubyPinch's butt
[04:44:43] <RubyPinch> O_O!
[04:46:09] <Vulpixbrew> ooo
[04:46:18] * Vulpixbrew snaps a photot of the but touch
[04:48:05] <cloppyhooves> Hi Evelina c:
[04:50:12] * Vulpixbrew snaps another photo of the cloppyhooves butt
[04:50:31] * plushie_pegasus wants a copy
[04:51:17] *** Quits: Evelina (Mibbit@Pony-71hvim.res.rr.com) (Quit: http://www.mibbit.com ajax IRC Client)
[04:54:23] <weisey> I have seen the cloppybutt IRL, I need no photo, for its glorious image is forever burned in my mind
[04:54:48] <Vulpixbrew> fox butt http://th00.deviantart.net/fs71/PRE/i/2012/177/2/4/red_fox_butt_by_distressedfox-d54zvho.jpg
[04:54:48] <FineLine> [ https://fav.me/d54zvho ]
[04:56:13] <plushie_pegasus> is it something like this? animated   http://mylittleponyporn.org/xxx-pics/picsex_115.gif
[04:56:49] <Vulpixbrew> I call dibs on the Luna
[04:56:57] <Wikkit> ooh what i Wouldn't do to see that cloppy booty! :D
[05:00:02] <Vulpixbrew> well tat was a fun couple of hours
[05:00:10] <Vulpixbrew> the joys pof alpha testing a game
[05:01:56] <RubyPinch> what game?
[05:02:04] <RubyPinch> don't say valkyre
[05:02:09] <Vulpixbrew> nope
[05:02:19] <Vulpixbrew> I got into the New Rainbow Six aplha
[05:02:26] <RubyPinch> okay that is okay
[05:02:48] <Vulpixbrew> hats valkyre?
[05:03:01] <RubyPinch> first person space game, eve universe
[05:03:12] <Vulpixbrew> oooooo
[05:03:19] <Vulpixbrew> yeah that one sunds fun
[05:03:37] <RubyPinch> if I find someone who is in that, I'm gonna explode
[05:04:41] <Vulpixbrew> thats interesting I went to the eve valkyrie homepage and my AV blocked it
[05:09:52] <expatriate> I don't have beta access but I played valkyrie at GDC
[05:09:54] <expatriate> and my god
[05:10:00] <expatriate> it was the sexiest thing to ever happen to me
[05:10:25] <expatriate> Vulpix how is Siege?
[05:10:28] <expatriate> it looks super fucking rad
[05:11:44] <expatriate> I was sad that Patriots finally got canned but not that surprised, they fired like 3 different creative directors over several years
[05:14:05] <plushie_pegasus> [animated, foalcon]   https://e621.net/post/show?md5=762feee7ac31da11422195ae7cc4b20f
[05:14:08] <FineLine> [ #295780: jepso ]
[05:17:22] <Vulpixbrew> expatriate it's fun so far and cauise it is alpha it has a long way to go
[05:18:06] <Vulpixbrew> shotguns are not doing nearly enough damage
[05:18:37] <plushie_pegasus> [animated, futa, foalcon]  http://38.media.tumblr.com/77bb613a0ef05f61578ab99c4bb71102/tumblr_n89k5x662X1tcr8pao1_500.gif
[05:20:19] <Vulpixbrew> https://s-media-cache-ak0.pinimg.com/236x/24/61/18/24611860505ef3bcdce81ac34058ff7a.jpg
[05:32:38] <plushie_pegasus> [futa, animated ] http://mylittleponyporn.org/xxx-pics/picsex_854.gif
[05:34:28] <Flame> ;-;
[05:34:51] <Flame> I wish I could re-do the route I did on this VN again...without knowing what was going to happen.
[05:36:17] *** Joins: Squirrelly (Squirrelly@Pony-1eon55.sub-174-255-80.myvzw.com)
[05:36:24] <Vulpixbrew> Squirrelly!!!
[05:36:27] <iam[a]lion> ^
[05:36:35] <Squirrelly> WAH!
[05:36:37] <Squirrelly> Hi!
[05:37:02] <Flame> https://www.youtube.com/watch?v=Rij_XuT3Ln0 oh goooooooooddddddddddd
[05:37:02] <FineLine> [YouTube] Letting my heart speak - Katawa Shoujo OST (2mins 38secs) | Likes: 11 | Dislikes: 0
[05:37:04] <Flame> the feeeeeeeeeels
[05:37:19] * Flame keels over, clutching his heart from the onslaught of relentless feels
[05:37:30] * Vulpixbrew pounce huggles the Squirrelly
[05:37:42] <Flame> Squirrelly: listen to that song ;-;
[05:37:49] <iam[a]lion> afk~
[05:39:07] <Squirrelly> Maybe another time hun
[05:39:19] <Flame> ;-; alright
[05:40:08] <plushie_pegasus> [bondage] http://images.luscious.net/837/lusciousnet_197079-anus-bondage-art_387479210.png
[05:42:47] <Squirrelly> Imma go to beds I think
[05:43:11] *** Quits: Squirrelly (Squirrelly@Pony-1eon55.sub-174-255-80.myvzw.com) (Quit: Colloquy for iPhone - http://colloquy.mobi)
[05:43:30] <Vulpixbrew> dawwww
[05:47:36] <plushie_pegasus> https://derpicdn.net/img/2012/6/23/16364/medium.jpg
[05:47:37] <FineLine> [ https://derpiboo.ru/16364 ]
[05:51:07] <Vulpixbrew> I went to a porn site and started looking for something decent
[05:51:20] <Vulpixbrew> Im watching a workshop on strapons,
[05:54:56] <Vulpixbrew> http://i.imgur.com/tjz0E5B.png
[05:55:42] <Vulpixbrew> http://wickedsilly.tumblr.com/post/112197026653/oh-hey-whats-up-a-bit-different-than-my-usual
[05:55:47] <FineLine> [ Wicked Teasing (and other silliness) • Oh hey what’s up!? ... ]
[05:59:07] *** Dusk is now known as Night
[06:07:15] <plushie_pegasus> http://i.imgur.com/FJCtfTCh.png
[06:15:33] <plushie_pegasus> !tell Evelina [futa, autofelacio]  http://36.media.tumblr.com/e3547a256a7785036c7f3cbd0df31079/tumblr_nb6uhrJRm01twqyibo4_500.jpg
[06:15:33] <FineLine> plushie_pegasus: I'll pass that on when Evelina is around.
[06:17:59] *** Joins: samonuh (Mibbit@Pony-gtc82r.NATPOOL.NYU.EDU)
[06:18:09] <samonuh> What did I walk into?
[06:18:38] <plushie_pegasus> hi samonuh
[06:18:44] <plushie_pegasus> an orgy?
[06:19:29] <samonuh> Cute
[06:19:31] <plushie_pegasus> brb
[06:20:16] <Vulpixbrew> Orgy where?
[06:20:23] <samonuh> Here!
[06:20:41] <iam[a]lion> back
[06:20:42] *** iam[a]lion is now known as iamalion
[06:20:50] <samonuh> hiya
[06:23:03] <cloppyhooves> Have any of you ever had mole before?
[06:23:12] <samonuh> No
[06:23:17] <Vulpixbrew> yes
[06:23:32] <Vulpixbrew> wait mole on the body or mole as in the animal?
[06:24:03] <cloppyhooves> As in the mexican sauce
[06:24:10] <samonuh> Oh...
[06:24:12] <samonuh> lol
[06:27:33] <expatriate> mole is fucking delicious
[06:27:49] <expatriate> but i think it's chilean, not mexican :)
[06:27:53] <plushie_pegasus> back
[06:28:18] <expatriate> nope, you're right, mexican
[06:28:34] <expatriate> at least according to wikipedia
[06:29:09] <Vulpixbrew> oo that hell yeah its good
[06:31:30] <expatriate> a mexican place in my hometown made banana mole enchiladas
[06:31:34] <expatriate> they were fucking incredible
[06:31:40] <expatriate> haven't found another place that makes them
[06:32:25] <samonuh> I once ate a taco
[06:32:45] <plushie_pegasus> i have eaten at taco bell
[06:32:48] <cloppyhooves> Sounds tasty c:
[06:32:56] <samonuh> Taco Bell is very authentic
[06:33:00] <cloppyhooves> And yeah, I just made some chicken in mole with mexican rice and black beans
[06:36:50] * Wikkit  shouts loudly  "cloppyhooves  show us that sexy booty!
[06:36:56] <Wikkit> XD
[06:37:22] *** Quits: samonuh (Mibbit@Pony-gtc82r.NATPOOL.NYU.EDU) (Quit: http://www.mibbit.com ajax IRC Client)
[06:37:26] <cloppyhooves> But I'm eating :o
[06:37:53] <Vulpixbrew> show us thatbooty with food!
[06:38:09] <cloppyhooves> Cakefarts?
[06:38:20] <Wikkit> they were talking about your but earlier and how amazing it was and now i cant stop thinking about it lol
[06:39:01] <Wikkit> butt*
[06:39:38] <Vulpixbrew> weisey braged about seeing it irl we are all jealous
[06:40:08] <Wikkit> very jealous lol
[06:40:52] <weisey> cloppyhooves please no
[06:41:00] <weisey> No cakefarts
[06:42:15] <cloppyhooves> You know what I like the most?
[06:42:26] <cloppyhooves> But yeah, weisey's seen it IRL :o
[06:42:50] <weisey> And it is glorious 
[06:42:58] <weisey> No words may do it justice
[06:43:00] <Vulpixbrew> what do you like the most cloppyhooves?
[06:43:09] <cloppyhooves> (It's a line from cakefarts)
[06:43:29] <Wikkit> ooh yes telll us :D
[06:45:55] <Vulpixbrew> there is mention of cakearts and im sitting here eating cake
[06:46:11] <expatriate> the day I discovered cakefarts
[06:46:16] <expatriate> was the day I lost faith in the internet
[06:46:59] <Vulpixbrew> WHY DID I GOOGLE THAT
[06:47:40] <iamalion> ..
[06:47:41] * iamalion google
[06:47:48] <Wikkit> it's  quite tame actually
[06:47:52] <expatriate> yeah
[06:47:56] <expatriate> just chicks farting on cakes
[06:47:59] <iamalion> watching
[06:48:04] <expatriate> pretty straightforward
[06:48:17] <expatriate> tbh my little pony porn is kinda weirder
[06:48:17] <iamalion> thats dumb
[06:48:30] <Vulpixbrew> still wtf
[06:49:22] <Wikkit> I personally don't have anythingwrong with it again I find it rather tame compared to some of the other stuff I came across
[06:49:27] <plushie_pegasus> http://i3.kym-cdn.com/entries/icons/original/000/013/895/Cake-Farts!.png
[06:50:04] <Vulpixbrew> https://derpicdn.net/img/view/2013/10/22/454404__solo_princess+celestia_solo+female_suggestive_plot_cake_princess+molestia_birthday_artist-colon-hobbes-dash-maxwell_john+joseco.jpeg
[06:50:04] <FineLine> [ https://derpiboo.ru/454404 ]
[06:51:53] <plushie_pegasus> http://th05.deviantart.net/fs70/200H/f/2014/022/1/3/farting_is_magic__mrs__cake_by_freetothefall-d738lrb.jpg
[06:52:41] <FineLine> [ https://fav.me/d738lrb ]
[06:52:44] <expatriate> Dear Splinter Cell,
[06:52:56] <plushie_pegasus> http://i.imgur.com/Bki3g.jpg
[06:52:57] <expatriate> I love you, but I'm pretty sure no AK47s have 3 round burst.
[06:52:59] <expatriate> Love,
[06:53:01] <expatriate> Expat
[06:53:09] <Vulpixbrew> modified ak47?
[06:53:56] <Vulpixbrew> me and the otnmeal dude has the same views here http://theoatmeal.com/comics/running2
[06:53:59] <FineLine> [ The terrible and wonderful reasons why I run long distances ... ]
[06:54:33] <Flame> ;-; The scene naming in this VN is quite clever and impressive IMO
[06:57:43] <Vulpixbrew> random topic http://www.amazon.com/Zwillilng-J-A-Henckels-8-Inch-Stainless-Steel/dp/B00004RFKS
[06:57:46] <FineLine> [ Amazon.com: Zwillilng J.A. Henckels Twin Four Star 8-Inch High Carbon ... ]
[06:59:46] <expatriate> they're okay
[06:59:52] <expatriate> I like wusthoff better
[07:00:00] <expatriate> little more expensive though
[07:01:01] <cloppyhooves> :c
[07:01:06] <cloppyhooves> Wait, wrong window D:
[07:01:18] <cloppyhooves> Have some
[07:01:19] <cloppyhooves> Yiff >> http://i.imgur.com/YLqHOss.jpg
[07:01:22] <cloppyhooves> To make up for it
[07:02:29] <Vulpixbrew> wusthoff is great but I own 2 henckels and love them
[07:21:47] *** Quits: Wikkit (Mibbit@Pony-o9imhe.ph.cox.net) (Quit: http://www.mibbit.com ajax IRC Client)
[07:27:54] <weisey> Oh my god
[07:28:03] <weisey> The new Steven Universe episode
[07:28:11] <weisey> Its so great
[07:31:20] <weisey> I love that show 
[07:31:51] *** Quits: RNGsus (Mibbit@Pony-kut12l.cable.mindspring.com) (Quit: http://www.mibbit.com ajax IRC Client)
[07:41:50] * iamalion flies through the room
[07:41:55] <iamalion> inhaled to many acetone fumes
[07:41:57] <iamalion> much high
[07:41:58] <iamalion> so wow
[07:42:01] <iamalion> ulta how
[07:43:42] * Vulpixbrew YIPS AT THE HIGH LION
[07:43:55] <Vulpixbrew> crap sorry for caps was sneaking in skyrim
[07:43:56] * iamalion asplodes
[07:45:38] <plushie_pegasus> http://fc04.deviantart.net/fs70/f/2011/300/2/8/ye_olde_capslock_by_mezkalito4p-d4e5pdf.gif
[07:45:39] <FineLine> [ https://fav.me/d4e5pdf ]
[07:45:43] * Vulpixbrew nibbles on an asplode peices of the lion
[07:46:15] <cloppyhooves> http://i.imgur.com/qU6AtgC.png
[07:46:24] <Vulpixbrew> high fox
[07:49:42] <cloppyhooves> https://twitter.com/VP/status/586340232590569472
[07:49:44] <FineLine> [ Vice President Biden on Twitter: "Leelah is remembered. We should ... ]
[07:50:01] <Vulpixbrew> thank you Biden!
[07:51:59] <cloppyhooves> http://the-imgurian.tumblr.com/post/116091724460/codeinewarrior-go-up-to-someone-with-blue-hair
[07:52:00] <FineLine> [ No Quarter ]
[07:57:57] * Flame sighs
[08:03:13] <iamalion> holy fuck
[08:03:42] <cloppyhooves> What's up? :o
[08:03:49] <iamalion> high as giraffeee pussy
[08:03:56] <iamalion> way too many acetones
[08:04:14] *** Joins: Melon_Phone (u291187@Pony-9jfb6q.dynamic.simnet.is)
[08:04:14] *** ChanServ sets mode: +v Melon_Phone
[08:04:17] <weisey> iamalion open a window
[08:04:18] <iamalion> bu the skull looks neato
[08:04:25] <iamalion> weisey i had the door open with a fan in it
[08:04:26] <iamalion> fumes are gone
[08:05:02] <Melon_Phone> urgh 5 am
[08:05:16] <iamalion> imma go play csgo
[08:05:17] *** iamalion is now known as iam[a]lion
[08:05:37] <weisey> iam[a]lion noooo youll derank
[08:05:37] * iam[a]lion is currently away: csgo (Since 11:06:18p, 19secs ago)
[08:06:10] *** Quits: Melon_Phone (u291187@Pony-9jfb6q.dynamic.simnet.is) (Connection closed)
[08:06:17] <iam[a]lion> im about to rank up. i was playing ith some dmg smurf buddies earlier because I have played so little csgo in the last week and a half that I can no longer lobby up with either of my two friend groups :[
[08:06:24] <iam[a]lion> wont let us start a match since they are novas and im not
[08:06:25] <iam[a]lion> Q_Q
[08:06:36] <iam[a]lion> anyaqy afk
[08:06:39] <iam[a]lion> anyway
[08:09:00] <weisey> Wow iam[a]lion really?
[08:09:10] <weisey> Those ultrabads got ranked nova?
[08:09:21] <weisey> What kind of bullshit is that
[08:29:16] *** Quits: expatriate (Mibbit@Pony-5dorop.sc.comcast.net) (Quit: http://www.mibbit.com ajax IRC Client)
[08:29:41] <cloppyhooves> http://i.imgur.com/Dy2sJsx.png
[08:30:57] <plushie_pegasus> [animated, futa]  http://mylittleponyporn.org/xxx-pics/picsex_902.gif
[08:36:30] <cloppyhooves> https://twitter.com/emergency_fox/status/586445989004705792
[08:36:32] <FineLine> [ Emergency Fox on Twitter: "PETTING IS EXTREMELY IMPORTANT TO A ... ]
[08:36:51] <cloppyhooves> http://robosylveon.tumblr.com/post/116064832227/w-what-are-we-gonna-do-on-the-bed-sylveon-kun
[08:36:52] <FineLine> [ ❤, W-what are we gonna do on the bed, Sylveon-kun~? ]
[08:38:58] <plushie_pegasus> [futa]  http://rule34-data-002.paheal.net/_images/cae268e18ea6f1015a76fdc136d9abcd/1212558%20-%20My_Little_Pony%20Friendship_is_Magic%20Twilight_Sparkle%20Rainbow_Dash%20Fluttershy%20Pinkie_Pie%20Rarity%20Applejack%20Princess_Luna%20Princess_Celestia%20Nightmare_Moon%20niggerfaggot.jpg
[08:38:58] <FineLine> [ http://rule34.paheal.net/post/view/1212558 ]
[08:40:43] *** Quits: EbonMane (EbonMane@Pony-3t7gd0.ca.comcast.net) (Ping timeout: 121 seconds)
[08:46:57] * Vulpixbrew pets cloppyhooves
[08:47:07] * cloppyhooves wags her tail!
[08:47:31] <iam[a]lion> weisey they are actually good 
[08:51:10] <Vulpixbrew> cloppy I agree with that tweet foxes need pettings
[08:51:24] *** iam[a]lion is now known as iamalion
[08:52:07] <cloppyhooves> :D
[08:52:12] <plushie_pegasus> http://img0.thatpervert.com/pics/post/full/mlp-porn-r34--Pinkie-Pie-1868452.png
[08:52:38] <plushie_pegasus> 10/10 would yiff
[08:54:00] <plushie_pegasus> [incest]  http://40.media.tumblr.com/5470c21e9d2edf8cbd4d4a6679f2819b/tumblr_n7cjsybcD71ttri0jo8_500.jpg
[09:03:00] <plushie_pegasus> lol my little deer   http://fc09.deviantart.net/fs70/f/2013/250/e/3/the_six_deer_by_dennybutt-d6leqxc.png
[09:03:01] <FineLine> [ https://fav.me/d6leqxc ]
[09:04:13] *** Joins: Melon_Phone (u291187@Pony-9jfb6q.dynamic.simnet.is)
[09:04:13] *** ChanServ sets mode: +v Melon_Phone
[09:04:31] *** Quits: Melon_Phone (u291187@Pony-9jfb6q.dynamic.simnet.is) (Connection closed)
[09:06:45] <plushie_pegasus> http://i.imgur.com/jwURHkSh.png
[09:09:55] <plushie_pegasus> Off to be "Punished" by dominant, horny plushies, goodnight everypony
[09:09:56] <FineLine> Bye plushie_pegasus
[09:11:46] <Vulpixbrew> oo have fun
[09:12:36] <plushie_pegasus> :) I will , goodnight
[09:12:53] *** Quits: plushie_pegasus (IceChat77@Pony-j2kv31.ph.cox.net) (Quit: RL sex is good, Plushie sex is soo much better!)
[09:17:15] <Flame> night
[09:17:18] *** Quits: Flame (Taka-nii@Pony-bcp0sm.frokca.sbcglobal.net) (Quit: bye)
[09:17:59] <Vulpixbrew> I just one shotted a dragon.......
[09:22:23] <Vulpixbrew> deidrioc bow legendary+deidric arrows skill perk of bows do 80% more damage, plus sneak attack x3 damage plus I got a crit......
[09:46:51] *** Joins: cloppyhoofs (cloppy@vixen.den)
[09:46:52] *** ChanServ sets mode: +qo cloppyhoofs cloppyhoofs
[09:49:03] *** Quits: cloppyhooves (cloppy@vixen.den) (Ping timeout: 121 seconds)
[09:56:56] * Vulpixbrew snifffs atthe cloppyhoofs
[09:59:32] <cloppyhoofs> :3
[10:02:24] * Vulpixbrew shrugs and falls over
[10:08:20] * cloppyhoofs nuzzles the fallenfox
[10:13:08] * Vulpixbrew half wags his tail and nuzzles back
[10:16:01] <Araiya> Wow. This ponyfic is at over one million words, and is still flagged as incomplete. I guess that surprisingly removes my excuse filter for the damn thing.
[10:17:32] <iamalion> hello fondlecock
[10:17:50] <Araiya> At a million words, I'll actually need time to finish reading it. But, here's hoping the author doesn't decide to just throw the whole story away. Another author did that with a fic that was several hundred thousand words.
[10:18:01] *** [A]McKey is now known as McKey
[10:29:53] *** iamalion is now known as iam[a]lion
[10:47:02] <Vulpixbrew> anyways Im out for the night
[10:47:27] *** Quits: Vulpixbrew (HoneyBrew@Pony-68js8b.res.rr.com) (Connection closed)
[10:56:48] *** Joins: Cel (Cel@Silver.Horizon)
[11:04:47] <cloppyhoofs> Awww
[11:04:55] <cloppyhoofs> One of these downloadable quests is called "Super Sonic Seregios"
[11:05:03] <cloppyhoofs> The client is "Twin-tailed fox"
[11:30:24] *** McKey is now known as [A]McKey
[11:34:15] <y007ghg7> go damnit
[11:34:18] <y007ghg7> god damnit
[11:34:27] <y007ghg7> so I bought CS:GO on my alt to fuck around
[11:34:37] <y007ghg7> I am ranked with gold nova/nova 2s
[11:34:43] <y007ghg7> my main is a siver 4...
[11:44:24] *** [A]McKey is now known as McKey
[11:52:16] <cloppyhoofs> D:
[12:00:20] <y007ghg7> I was wrong
[12:00:33] <y007ghg7> I am ranked against gold nova 3 and 4
[12:00:47] <y007ghg7> :U http://i.imgur.com/ZcgRnsW.jpg
[12:42:26] <cloppyhoofs> Why am I not tired
[12:42:28] <cloppyhoofs> This is weird :o
[12:42:35] <cloppyhoofs> ...of course, I yawn right as I say that
[12:48:48] *** Joins: Melon_Phone (u291187@Pony-2tv.8bi.148.82.IP)
[12:48:48] *** ChanServ sets mode: +v Melon_Phone
[12:48:52] <Speedy> ay melons
[12:49:07] <Melon_Phone> ay ay
[12:49:17] <Speedy> lmao lmao
[12:49:51] <Melon_Phone> 👽
[12:50:07] <Speedy> I do not have a font for that character
[12:50:46] <Melon_Phone> 💀 mr skeltal feels for u
[13:01:48] <RubyPinch> alian pls
[13:02:13] <RubyPinch> Speedy: windows 8, right?
[13:02:20] <Speedy> hm? ye
[13:02:43] <RubyPinch> preferences > chatting, advanced > alternative fonts
[13:02:57] <RubyPinch> and add ", Segoe UI Emoji" to the end of that list
[13:03:52] <Speedy> oh hey they appeared
[13:03:53] <Speedy> rad
[13:03:55] <Speedy> ty
[13:04:19] <Melon_Phone> 🐓 
[13:17:00] *** Joins: Sir_Pony (rawr@Pony-k9l73v.res.rr.com)
[13:23:26] * Melon_Phone bounces about
[13:24:41] <RubyPinch> :o
[13:30:39] *** Joins: Mr_Pony (rawr@Pony-k9l73v.res.rr.com)
[13:31:13] * Melon_Phone rubs up to RubyPinch
[13:31:31] <RubyPinch> o:
[13:33:35] *** Quits: Sir_Pony (rawr@Pony-k9l73v.res.rr.com) (Ping timeout: 121 seconds)
[13:36:03] *** Joins: dendrite (Mibbit@Pony-q1h.g7s.251.50.IP)
[13:36:04] <FineLine> dendrite: Welcome to clopchat, an 18+ chat for MLP porn. Don't forget to read the topic and enjoy your stay!
[13:36:30] <dendrite> very warm
[13:37:02] <Melon_Phone> like butt
[13:37:09] <dendrite> ?
[13:38:44] <Melon_Phone> the warmth
[13:39:32] <dendrite> is nice.
[13:40:05] <dendrite> u hav melons?
[13:40:26] *** Quits: dendrite (Mibbit@Pony-q1h.g7s.251.50.IP) (Quit: http://www.mibbit.com ajax IRC Client)
[13:40:44] <Melon_Phone> I have a small pair yes
[13:40:57] <Melon_Phone> enough to go around though 
[13:41:56] *** Joins: dendriteehv (Mibbit@Pony-q1h.g7s.251.50.IP)
[13:42:09] <dendriteehv> good
[13:42:32] <Melon_Phone> wbu? 
[13:42:39] <dendriteehv> na
[13:43:09] <Melon_Phone> how old are u outta interest? 
[13:43:53] <dendriteehv> 18 OR OLDER
[13:44:21] <Melon_Phone> alrite
[13:44:42] <cloppyhoofs> Good nihgt, you sexy ponies!
[13:44:46] <dendriteehv> porn
[13:45:08] *** Quits: Mr_Pony (rawr@Pony-k9l73v.res.rr.com) (Connection closed)
[13:48:06] *** Quits: Melon_Phone (u291187@Pony-2tv.8bi.148.82.IP) (Connection closed)
[13:48:20] <dendriteehv> http://jayrnaylor.tumblr.com/image/111143919556
[13:48:21] <FineLine> [ Tails of Nayloria : Photo ]
[13:51:16] <dendriteehv> http://jayrnaylor.tumblr.com/image/103132887391
[13:51:17] <FineLine> [ Tails of Nayloria : Photo ]
[13:52:07] *** Quits: cloppyhoofs (cloppy@vixen.den) (Ping timeout: 121 seconds)
[13:56:26] *** Quits: dendriteehv (Mibbit@Pony-q1h.g7s.251.50.IP) (Quit: http://www.mibbit.com ajax IRC Client)
[15:04:06] *** Joins: dendrite (Mibbit@Pony-q1h.g7s.251.50.IP)
[15:07:55] *** Quits: dendrite (Mibbit@Pony-q1h.g7s.251.50.IP) (Quit: http://www.mibbit.com ajax IRC Client)
[15:52:02] *** Joins: EbonMane (EbonMane@Pony-3t7gd0.ca.comcast.net)
[15:52:03] *** ChanServ sets mode: +v EbonMane
[16:19:15] *** Joins: Wikkit (Mibbit@Pony-o9imhe.ph.cox.net)
[16:19:21] *** ChanServ sets mode: +v Wikkit
[17:11:56] *** Joins: samonuh (Mibbit@Pony-cavk6c.NATPOOL.NYU.EDU)
[17:12:01] <samonuh> Oi
[17:20:10] <EbonMane> Oh, you go to NYU? Cool.
[17:21:18] <samonuh> Mhm, why?
[17:22:59] <RubyPinch> * samonuh (Mibbit@Pony-cavk6c.NATPOOL.NYU.EDU) has joined
[17:23:28] <samonuh> I'm just asking why he thinks it's cool. :P
[17:37:39] <weisey> oh my god bobs burgers
[17:38:47] <EbonMane> Because education is the future or some such
[17:39:04] <samonuh> Eh, not really
[17:46:08] *** McKey is now known as [A]McKey
[18:05:11] <RubyPinch> education was the future, until automated cars were the future, the future after that is sleeping on one's way to work
[18:05:47] <samonuh> The future is not working
[18:05:58] * RubyPinch pomfs
[18:07:46] <samonuh> ???
[18:10:55] <RubyPinch> the idea of never having to work sounds so nice
[18:11:05] <samonuh> Sounds kinda scary, I dunno
[18:11:10] <samonuh> Depends on the work
[18:47:03] *** Quits: samonuh (Mibbit@Pony-cavk6c.NATPOOL.NYU.EDU) (Quit: http://www.mibbit.com ajax IRC Client)
[19:10:09] *** RubyPinch is now known as RubyPinch|DCed
[19:21:59] *** RubyPinch|DCed is now known as RubyPinch
[19:28:50] *** Joins: Frosty (Hallfrost00@Pony-hq2uu6.static.srtnet.com)
[19:28:50] *** ChanServ sets mode: +o Frosty
[19:32:35] *** RubyPinch is now known as RubyPinch|DCed
[19:39:05] *** iam[a]lion is now known as iamalion
[19:48:43] *** Joins: Vulpixbrew (HoneyBrew@Pony-fer.67u.184.65.IP)
[19:48:49] <Vulpixbrew> Morning
[19:49:13] <iamalion> morning
[19:49:40] <iamalion> finally got my handle time down, all my other metrics are good, but the missing time in the last few weeks has dropped me to the rank of 3349 / 4015
[19:49:40] <iamalion> fuck
[19:49:57] <Vulpixbrew> missing time?
[19:50:19] <Vulpixbrew> you mean the time you were heading to the ER? they counted thatagainst you?
[19:50:20] <iamalion> took a day off to spend with family, then missed time when my mom was in the hospital
[19:54:18] <iamalion> im a retard
[19:54:30] <iamalion> i uninstalled my antivirus this weekend because it was taking up 3 gigs of ram
[19:54:37] <iamalion> ...forgot that it is required to let me onto the vpn at work
[19:54:37] <iamalion> derp
[20:02:45] <Vulpixbrew> I think as much as I hate the temp agencies around here Inma have to suck it up and go see one on monday
[20:06:23] <iamalion> good idea
[20:06:48] <Vulpixbrew> last time I was in one in suit and tie they acted like I wasn
[20:07:25] <Vulpixbrew> 't supposed to be there, 
[20:10:11] <iamalion> that sucks
[20:10:18] <iamalion> what also sucks is i messed up my math this morning
[20:10:25] <iamalion> im uspposed to click in 5 mins before shift
[20:10:28] <iamalion> I started at 11 today
[20:10:37] <iamalion> clocked in at 10:45 because i cannot do math in the mornings
[20:10:42] <iamalion> >_<
[20:11:07] <Vulpixbrew> aye
[20:35:37] <Compu> ftp://compucraft.mooo.com/Home%20FTP/Schfifty_Five.mp3 o3o
[20:41:01] *** Joins: cloppyhooves (cloppy@vixen.den)
[20:41:02] *** ChanServ sets mode: +qo cloppyhooves cloppyhooves
[20:46:33] <iamalion> http://i.imgur.com/3faM3Ir.png
[20:46:35] <iamalion> thats a lot of wow
[20:47:11] *** Joins: Melon_Phone (u291187@Pony-9jfb6q.dynamic.simnet.is)
[20:47:11] *** ChanServ sets mode: +v Melon_Phone
[20:47:27] <Melon_Phone> I am the cook
[20:47:58] <Vulpixbrew> that doge coin
[20:49:35] <Melon_Phone> chicken noodle ramen done and eaten
[20:49:39] <Melon_Phone> was so good
[20:49:52] *** Joins: cloppyhoofs (cloppy@vixen.den)
[20:49:52] *** ChanServ sets mode: +qo cloppyhoofs cloppyhoofs
[20:50:28] *** Quits: cloppyhooves (cloppy@vixen.den) (Ping timeout: 121 seconds)
[20:50:29] <Vulpixbrew> wait todaty is saturday ruight?
[20:50:38] <Vulpixbrew> heya cloppy
[20:50:38] <Melon_Phone> yep
[20:50:45] <Vulpixbrew> new episode
[20:51:23] <Melon_Phone> noodle day
[20:51:23] <Melon_Phone> oh fuck
[20:51:23] <Melon_Phone> I almost forgot 
[20:51:31] <Melon_Phone> https://www.youtube.com/watch?v=7VVAiTc905o
[20:51:31] <FineLine> [YouTube] Kid Rock - God Bless Saturday (3mins 35secs) | Likes: 1,167 | Dislikes: 21
[20:51:40] <Melon_Phone> happy Saturday, lads and ladettes
[20:54:07] <cloppyhoofs> Hiya c:
[20:54:14] <Wikkit> hi :D
[20:54:43] *** Joins: Sir_Pony (rawr@Pony-k9l73v.res.rr.com)
[20:58:23] * Melon_Phone rolls over onto his back, patting his belly
[21:07:08] <Vulpixbrew> that was amusing
[21:07:35] <Vulpixbrew> my dad was trying to hang the electirc fence with my 14 guage steeel I use for chain nmail
[21:09:03] <Vulpixbrew> we normally use 16 guage aluminuim for the fence
[21:14:03] <Melon_Phone> llol
[21:18:15] <iamalion> ='ω'=
[21:20:19] <Melon_Phone> 🐯
[21:22:58] <Melon_Phone> TIL that the first ever modern commercial refrigerator was built in Australia in 1856 to keep beer cold 
[21:24:30] <Compu> iamalion: can i have sum dat wow?
[21:35:32] *** Joins: samonuh (Mibbit@Pony-cavk6c.NATPOOL.NYU.EDU)
[21:36:54] <samonuh> hi
[21:37:14] <Melon_Phone> ih
[21:37:26] <samonuh> Sup?
[21:38:16] <Melon_Phone> touching myself 
[21:38:20] <Melon_Phone> wbu?
[21:38:30] <samonuh> Just went for a long walk
[21:38:34] <samonuh> Not touching myself :P
[21:38:57] <Melon_Phone> you should touch yourself 
[21:39:04] <Melon_Phone> or better, let me touch you 
[21:39:08] <samonuh> :O
[21:39:19] <samonuh> I have to leave in 20 minutes though :P
[21:40:03] <Melon_Phone> I have quick hands
[21:40:17] <samonuh> Hehe
[21:41:14] <thaostra> https://imgur.com/r/ClopClop/RIzAmvI
[21:41:15] <FineLine> [ Sugar Belle anal [anthro] (artist:freedomthai) - Imgur ]
[21:41:27] <samonuh> Hot
[21:43:19] <iamalion> Compu i like my wow
[21:43:26] <iamalion> coworkers are all talking about LoL
[21:43:30] <iamalion> -_-;
[21:43:47] <samonuh> lol
[21:44:58] *** [A]McKey is now known as McKey
[21:46:29] *** McKey is now known as [A]McKey
[21:50:15] *** Joins: dendrite (Mibbit@Pony-q1h.g7s.251.50.IP)
[21:50:32] *** Quits: dendrite (Mibbit@Pony-q1h.g7s.251.50.IP) (Quit: http://www.mibbit.com ajax IRC Client)
[21:53:00] *** Quits: Melon_Phone (u291187@Pony-9jfb6q.dynamic.simnet.is) (Connection closed)
[21:53:21] *** Quits: samonuh (Mibbit@Pony-cavk6c.NATPOOL.NYU.EDU) (Quit: http://www.mibbit.com ajax IRC Client)
[21:59:28] *** Joins: Mr_Pony (rawr@Pony-k9l73v.res.rr.com)
[22:01:23] <cloppyhoofs> I just wached the new epsiode c:
[22:01:27] *** cloppyhoofs is now known as cloppyhooves
[22:01:40] <weisey> i need to do that
[22:02:24] *** Quits: Sir_Pony (rawr@Pony-k9l73v.res.rr.com) (Ping timeout: 121 seconds)
[22:05:53] <Vulpixbrew> same I have it pulled up just havent hit play yet
[22:08:44] <cloppyhooves> http://gray--day.deviantart.com/art/Cutie-Senses-Tingling-526173445
[22:08:46] <FineLine> [ Cutie Senses Tingling by Gray--Day on DeviantArt ]
[22:08:58] <cloppyhooves> (Not a spoiler)
[22:09:02] <cloppyhooves> So apparently this is on the mane subb
[22:19:59] <thaostra> https://derpicdn.net/img/view/2015/4/11/871408.png
[22:19:59] <FineLine> [ https://derpiboo.ru/871408 ]
[22:22:12] *** Joins: Melon_Phone (u291187@Pony-9jfb6q.dynamic.simnet.is)
[22:22:12] *** ChanServ sets mode: +v Melon_Phone
[22:22:31] * Melon_Phone yips
[22:23:06] * Vulpixbrew yelps
[22:23:41] * Melon_Phone wolfscreams
[22:24:10] *** Joins: Mr_Tiger (rawr@Pony-k9l73v.res.rr.com)
[22:25:17] <Melon_Phone> http://i199.photobucket.com/albums/aa109/WanderingRaccoon/star%20wars%20pancakes.jpg
[22:27:06] *** Quits: Mr_Pony (rawr@Pony-k9l73v.res.rr.com) (Ping timeout: 121 seconds)
[22:28:52] *** Quits: Melon_Phone (u291187@Pony-9jfb6q.dynamic.simnet.is) (Connection closed)
[22:31:57] <iamalion> http://i.imgur.com/LCaMNKM.jpg
[22:36:49] *** Joins: Mr_Pony (rawr@Pony-k9l73v.res.rr.com)
[22:38:47] <Vulpixbrew> what game is thatt Lion?
[22:39:45] *** Quits: Mr_Tiger (rawr@Pony-k9l73v.res.rr.com) (Ping timeout: 121 seconds)
[22:47:00] *** Joins: Melon_Phone (u291187@Pony-9jfb6q.dynamic.simnet.is)
[22:47:00] *** ChanServ sets mode: +v Melon_Phone
[22:47:37] <Melon_Phone> raise this bunny's ears and you got an eevee, http://i.imgur.com/emRMst3.jpg
[23:00:50] <cloppyhooves> Can any of you sympathize with the awkwardness of having a sibling's ex on facebook
[23:01:45] <weisey> Nope
[23:01:48] <weisey> No siblinga
[23:01:55] <weisey> siblings*
[23:03:00] <Melon_Phone> I come from a family of failed magicians
[23:03:04] <Melon_Phone> two half sisters
[23:14:05] <iamalion> Vulpixbrew i dunno
[23:19:07] *** Quits: Wikkit (Mibbit@Pony-o9imhe.ph.cox.net) (Quit: http://www.mibbit.com ajax IRC Client)
[23:19:07] *** Princesss1uttershy is now known as princesssluttershy
[23:19:21] *** ChanServ sets mode: +v princesssluttershy
[23:24:33] *** Quits: princesssluttershy (Princessslu@Pony-hsa86l.nb.bellaliant.net) (Connection closed)
[23:26:24] *** Quits: Melon_Phone (u291187@Pony-9jfb6q.dynamic.simnet.is) (Connection closed)
[23:29:57] *** Joins: cloppyhoofs (cloppy@vixen.den)
[23:29:57] *** ChanServ sets mode: +qo cloppyhoofs cloppyhoofs
[23:32:17] *** Quits: cloppyhooves (cloppy@vixen.den) (Ping timeout: 121 seconds)
[23:39:23] *** Joins: Drago (Mibbit@Pony-al6nj6.lv.cox.net)
[23:39:37] <Drago> Hello! :) 
[23:39:39] <Drago> <3
[23:43:12] * cloppyhoofs yips
[23:47:04] * Vulpixbrew yip yips
[23:54:55] * AstralMouse squeaks
[23:58:09] *** [A]McKey is now known as McKey
