[00:00:21] *** Joins: hoofy (~Hoofy@Pony-fc3h53.bcvloh.sbcglobal.net)
[00:22:08] *** Toothpaste is now known as Toothie|Skype
[00:22:32] *** Quits: Toothie|Skype (uid63062@Pony-tbaiid.charlton.irccloud.com) (Quit: "Friendship ain't magic; it's a miracle." -ClaviSound)
[00:28:22] *** Phase5 is now known as Phase4
[00:28:38] *** Joins: HomerBouvier (HomerB@is.best.sea.poni)
[00:32:46] *** Quits: HomerBouvier (HomerB@is.best.sea.poni) (Connection closed)
[00:36:01] *** Joins: HomerBouvier (HomerB@is.best.sea.poni)
[00:43:37] *** Quits: HomerBouvier (HomerB@is.best.sea.poni) (Connection closed)
[01:07:02] *** Joins: HomerBouvier (HomerB@is.best.sea.poni)
[01:08:41] *** Quits: HomerBouvier (HomerB@is.best.sea.poni) (Connection closed)
[01:16:46] *** Joins: HomerBouvier (HomerB@is.best.sea.poni)
[01:23:10] *** Joins: Pi (pi@Pony-ahd.b3q.94.119.IP)
[01:31:23] *** Joins: Kiyiko (Kiyiko@Pony-4v96fh.dsl.netins.net)
[01:32:12] *** Quits: Kiyiko (Kiyiko@Pony-4v96fh.dsl.netins.net) (Z-Lined: Parasprite)
[01:44:43] *** Quits: HomerBouvier (HomerB@is.best.sea.poni) (Connection closed)
[01:44:55] *** Joins: HomerBouvier (HomerB@is.best.sea.poni)
[01:48:27] *** Pi is now known as Pi_Gardening
[01:48:44] *** Quits: HomerBouvier (HomerB@is.best.sea.poni) (Connection closed)
[01:53:27] *** Quits: Phase4 (Phase4@Pony-0j8ib1.internode.on.net) (Ping timeout: 121 seconds)
[02:00:41] *** Joins: HomerBouvier (HomerB@is.best.sea.poni)
[02:28:33] *** Quits: Personifire (Tilde@Pony-dhoke2.dorm.utexas.edu) (Connection closed)
[02:33:03] *** Joins: Persona (Tilde@Pony-dhoke2.dorm.utexas.edu)
[02:34:53] *** Joins: Phase4 (Phase4@Pony-lu48ce.lnk.telstra.net)
[02:44:38] *** Quits: Alcoholicorn (Alcoholicor@Pony-55oq0s.pool.hargray.net) (Ping timeout: 121 seconds)
[02:55:58] *** Quits: Zuzu (zuzu@is.robo.licious) (Ping timeout: 121 seconds)
[02:57:29] *** Joins: Zuzu (zuzu@is.robo.licious)
[03:20:56] *** Quits: Phase4 (Phase4@Pony-lu48ce.lnk.telstra.net) (Quit: Leaving)
[03:21:31] *** Joins: Phase4 (Phase4@Pony-lu48ce.lnk.telstra.net)
[04:08:27] *** Quits: Zuzu (zuzu@is.robo.licious) (Ping timeout: 121 seconds)
[04:09:39] *** Joins: Zuzu (zuzu@is.robo.licious)
[04:12:58] *** Pi_Gardening is now known as Pi
[04:25:35] *** Joins: Toothpaste (uid63062@Pony-tbaiid.charlton.irccloud.com)
[04:39:00] *** Joins: Alcoholicorn (Alcoholicor@Pony-55oq0s.pool.hargray.net)
[05:05:55] *** Q0|Away is now known as Q0
[05:51:38] *** Toothpaste is now known as Toothie|SkypeCall
[05:53:43] *** Quits: HomerBouvier (HomerB@is.best.sea.poni) (Connection closed)
[06:02:57] *** Quits: Toothie|SkypeCall (uid63062@Pony-tbaiid.charlton.irccloud.com) (Quit: http://i0.wp.com/i55.tinypic.com/eimmok.gif)
[06:46:51] *** Quits: Zuzu (zuzu@is.robo.licious) (Ping timeout: 121 seconds)
[06:48:17] *** Joins: Zuzu (zuzu@Pony-m4l35r.eastlink.ca)
[07:38:38] *** Quits: Zuzu (zuzu@is.robo.licious) (Ping timeout: 121 seconds)
[07:39:04] *** Quits: Phase4 (Phase4@Pony-lu48ce.lnk.telstra.net) (Quit: Leaving)
[07:39:41] *** Joins: Zuzu (zuzu@is.robo.licious)
[08:32:02] *** Quits: Zuzu (zuzu@is.robo.licious) (Ping timeout: 121 seconds)
[08:33:13] *** Joins: Zuzu (zuzu@is.robo.licious)
[08:49:20] *** Littlepip is now known as AppleDash
[08:57:27] *** Quits: Zuzu (zuzu@is.robo.licious) (Ping timeout: 121 seconds)
[08:58:21] *** Joins: Zuzu (zuzu@Pony-m4l35r.eastlink.ca)
[09:01:53] *** Joins: Phase4 (Phase4@Pony-12ab5a.internode.on.net)
[09:10:59] *** Joins: Phase5 (Phase4@Pony-arvig7.internode.on.net)
[09:13:43] *** Quits: Phase4 (Phase4@Pony-12ab5a.internode.on.net) (Ping timeout: 121 seconds)
[09:21:38] *** Joins: lablayers (uid55894@Pony-s37kec.charlton.irccloud.com)
[09:31:21] *** Quits: Alcoholicorn (Alcoholicor@Pony-55oq0s.pool.hargray.net) (Ping timeout: 121 seconds)
[10:10:57] *** Quits: Zuzu (zuzu@is.robo.licious) (Ping timeout: 121 seconds)
[10:12:01] *** Joins: Zuzu (zuzu@is.robo.licious)
[10:14:25] *** Quits: Pi (pi@Pony-ahd.b3q.94.119.IP) (Quit: Leaving)
[10:15:07] *** Joins: Pi (Pi@Pony-ahd.b3q.94.119.IP)
[10:31:20] *** Joins: Alcoholicorn (Alcoholicor@Pony-55oq0s.pool.hargray.net)
[11:06:44] *** Quits: Phase5 (Phase4@Pony-arvig7.internode.on.net) (Quit: Leaving)
[11:07:04] *** Joins: Phase4 (Phase4@Pony-arvig7.internode.on.net)
[11:51:24] *** Q0 is now known as Q0|Away
[12:02:24] *** Joins: Lunia (ellen@ChumPony.Enterprises)
[12:08:46] *** Pi is now known as Pi_Dinner
[12:27:08] *** Quits: Rylee (rylai@within.a.hail.of.gemstones) (Ping timeout: 121 seconds)
[12:53:26] *** Pi_Dinner is now known as Pi
[12:54:09] *** Quits: Pi (Pi@Pony-ahd.b3q.94.119.IP) (Quit: Lend us 10p for a cuppa tea?)
[12:54:22] *** Joins: Rylee (rylai@within.a.hail.of.gemstones)
[12:56:24] *** Joins: gunthler (Gunthler@Pony-ldgni5.a186.dp13.0306.2602.IP)
[13:00:11] *** Joins: Pi (pi@Pony-ahd.b3q.94.119.IP)
[14:14:55] *** Quits: Ashley (Ashfire@Ashfire.bronytv.net) (Ping timeout: 121 seconds)
[14:22:02] *** Quits: Zuzu (zuzu@is.robo.licious) (Ping timeout: 121 seconds)
[14:23:21] *** Joins: Zuzu (zuzu@Pony-m4l35r.eastlink.ca)
[14:26:09] *** Joins: Hoofy_ (Hoofy@Pony-fc3h53.bcvloh.sbcglobal.net)
[14:27:53] *** Quits: hoofy (~Hoofy@Pony-fc3h53.bcvloh.sbcglobal.net) (Ping timeout: 121 seconds)
[14:28:04] *** Hoofy_ is now known as hoofy
[14:31:42] *** Quits: lablayers (uid55894@Pony-s37kec.charlton.irccloud.com) (Quit: Connection closed for inactivity)
[15:05:41] *** Quits: Zuzu (zuzu@is.robo.licious) (Ping timeout: 121 seconds)
[15:14:18] *** Joins: Toothpaste (uid63062@Pony-tbaiid.charlton.irccloud.com)
[15:21:12] *** Quits: Alcoholicorn (Alcoholicor@Pony-55oq0s.pool.hargray.net) (Ping timeout: 121 seconds)
[15:26:47] *** Joins: Ashfire (Ashfire@Ashfire.bronytv.net)
[15:50:12] *** Toothpaste is now known as Toothie|Skoolz
[16:16:52] *** Quits: Pi (pi@Pony-ahd.b3q.94.119.IP) (Quit: Leaving)
[16:25:27] *** Joins: Pi (Pi@Pony-ahd.b3q.94.119.IP)
[16:59:29] *** Quits: Pi (Pi@Pony-ahd.b3q.94.119.IP) (Quit: Lend us 10p for a cuppa tea?)
[17:00:00] *** Q0|Away is now known as Q0
[17:15:59] *** hoofy is now known as vampa
[17:52:19] *** Joins: Zuzu (zuzu@Pony-m4l35r.eastlink.ca)
[18:01:48] *** Toothie|Skoolz is now known as Toothie|Chem
[18:48:19] *** Joins: Pony_5 (Pony_5@Pony-hel.mij.131.78.IP)
[18:49:14] *** Pony_5 is now known as Annonik
[19:02:55] *** Quits: Zuzu (zuzu@is.robo.licious) (Ping timeout: 121 seconds)
[19:05:20] *** Joins: Alcoholicorn (Alcoholicor@Pony-55oq0s.pool.hargray.net)
[19:09:12] *** Joins: Zuzu (zuzu@is.robo.licious)
[19:10:49] *** Joins: HomerBouvier (HomerB@is.best.sea.poni)
[19:16:57] *** Joins: Pommel (Pommel@Pony-0vj.qcd.83.204.IP)
[19:17:12] <Pommel> Ello?
[19:18:25] *** Quits: Pommel (Pommel@Pony-0vj.qcd.83.204.IP) (Quit: Page closed)
[19:32:07] *** Toothie|Chem is now known as Toothie|Skoolz
[19:44:21] *** Quits: Annonik (Pony_5@Pony-hel.mij.131.78.IP) (Quit: Page closed)
[20:01:53] *** Toothie|Skoolz is now known as Invert_Shade
[20:22:22] *** Quits: gunthler (Gunthler@Pony-ldgni5.a186.dp13.0306.2602.IP) (Ping timeout: 121 seconds)
[20:33:50] *** Joins: Alcoholicorn|2 (Alcoholicor@Pony-55oq0s.pool.hargray.net)
[20:36:23] *** Quits: Alcoholicorn (Alcoholicor@Pony-55oq0s.pool.hargray.net) (Ping timeout: 121 seconds)
[20:49:46] *** Quits: Persona (Tilde@Pony-dhoke2.dorm.utexas.edu) (Ping timeout: 121 seconds)
[21:16:30] *** Gigabit is now known as worthless
[21:33:29] *** Quits: Lunia (ellen@ChumPony.Enterprises) (Quit: Konversation terminated!)
[21:33:30] *** Joins: woodpamp (woodpamp@Pony-6bfj46.chello.nl)
[21:33:38] *** Quits: woodpamp (woodpamp@Pony-6bfj46.chello.nl) (Client exited)
[21:39:07] *** LightningCrash is now known as ThunderStorm
[21:39:23] *** Joins: LightningCrash (lightning@property.of.moonlightning)
[21:42:59] *** Quits: Alcoholicorn|2 (Alcoholicor@Pony-55oq0s.pool.hargray.net) (Ping timeout: 121 seconds)
[21:48:14] *** Quits: vampa (Hoofy@Pony-fc3h53.bcvloh.sbcglobal.net) (Ping timeout: 121 seconds)
[22:21:31] *** Quits: Phase4 (Phase4@Pony-arvig7.internode.on.net) (Ping timeout: 121 seconds)
[22:26:16] *** Joins: vampa (~Hoofy@Pony-fc3h53.bcvloh.sbcglobal.net)
[22:49:25] *** Joins: Alcoholicorn|2 (Alcoholicor@Pony-55oq0s.pool.hargray.net)
[22:59:49] *** Quits: Zuzu (zuzu@is.robo.licious) (Ping timeout: 121 seconds)
[23:01:11] *** Joins: Zuzu (zuzu@Pony-m4l35r.eastlink.ca)
[23:02:43] *** Joins: Phase4 (Phase4@Pony-lu48ce.lnk.telstra.net)
[23:28:23] *** Joins: XmeowingtonsX (Xmeowington@Pony-e38.i5f.135.67.IP)
[23:29:22] *** Quits: XmeowingtonsX (Xmeowington@Pony-e38.i5f.135.67.IP) (Quit: Page closed)
[23:36:01] *** vampa is now known as Hoofy
