[14:10:15] <BlackBird> wrrr
[14:10:15] <Litho> wrr
[14:26:16] <BlackBird> ROAR
[14:26:19] <BlackBird> roar
[14:26:23] <BlackBird> WRR
[14:26:25] <BlackBird> wrr
[14:26:26] <Litho> wrr
[14:26:27] <BlackBird> lul
[15:46:33] <BlackBird> .help
[15:47:24] * BlackBird tuli litho
[15:47:24] * Litho glomps BlackBird
[15:47:30] <BlackBird> ten bot nic nieumi -.-
[15:47:54] <BlackBird> bot.say chyba
[15:47:56] <BlackBird> hmm
[15:48:00] <BlackBird> .bot.say test
[15:48:05] <BlackBird> !bot.say test
[15:48:06] <Litho> test
[15:48:07] <BlackBird> o
[16:30:20] <Hck> BlackBird słyszałem że masz vpsa
[17:34:08] *** [A]McKey is now known as McKey
[17:36:13] <McKey> Hck>> ja mam coś lepszego xD
[17:36:15] <McKey> Dedyka :3
[17:37:18] <McKey> Szkolnego co prawda ale dedyk xD
[17:44:17] <McKey> lel https://www.speedtest.net/result/4191259061.png
[17:44:25] <McKey> a bylo 300/600 xD
[17:48:54] <McKey> xD https://www.speedtest.net/result/4191271096.png
[17:49:11] <McKey> to tak troche e...
[17:49:12] <McKey> lel
[18:37:11] <BlackBird> tak hck mam vps a co?
[18:37:54] <McKey> BlackBird>> a testowałeś polecenie yes ?
[19:04:50] <BlackBird> nie
[21:49:05] *** McKey is now known as [A]McKey
[23:23:50] *** Quits: Litho (nodebot@Pony-kj6rmu.ip-92-222-18.eu) (daring.canternet.org cadance.canternet.org)
[23:23:50] *** Quits: Founder|AFK (nodebot@Pony-kj6rmu.ip-92-222-18.eu) (daring.canternet.org cadance.canternet.org)
[23:23:50] *** Quits: Hck (Hexie@Twilight.Is.Best.Pony) (daring.canternet.org cadance.canternet.org)
[23:24:26] *** Joins: Litho (nodebot@Pony-kj6rmu.ip-92-222-18.eu)
[23:24:27] <Litho> Dzieńdobry Luna!
[23:24:27] <Litho> Dzieńdobry Eivel!
[23:24:27] <Litho> Witaj BlackBird!
[23:24:27] <Litho> Witaj [A]McKey!
[23:26:54] *** Joins: Hck (Hexie@Twilight.Is.Best.Pony)
[23:26:54] *** Joins: Founder|AFK (nodebot@Pony-kj6rmu.ip-92-222-18.eu)
[23:26:54] *** cadance.canternet.org sets mode: +qo Founder|AFK Founder|AFK
[23:26:55] <Litho> Hai Hck!
[23:26:55] <Litho> Hai Founder|AFK!
