[00:45:50] <Hck> %query Lost in
[00:45:50] <Hexie> Found: Blaze, MysteriousSpoon & TheShadowRusher - Lost In The Everfree id=121 dbid=4043400024 
[00:45:50] <Hexie> and 0 others.
[00:45:52] <Hck> %request that
[00:45:52] <Hexie> OK
[00:46:01] <Hck> %query Lost on the moon
[00:46:01] <Hexie> Found: WoodenToaster & The Living Tombstone feat. Rina-chan - Lost On The Moon (ThatMusicBrony Remix) id=838 dbid=395178725 
[00:46:01] <Hexie> and 1 others.
[00:46:07] <Hck> %request 2
[00:46:07] <Hexie> WoodenToaster & The Living Tombstone feat. Rina-chan - Lost On The Moon (ThatMusicBrony Remix) enqueued.
[00:46:12] <Hck> %request 1
[00:46:12] <Hexie> WoodenToaster & The Living Tombstone feat. Rina-chan - Lost On The Moon (ThatMusicBrony Remix) enqueued.
[00:46:33] <Hck> %query Flutter%train
[00:46:33] <Hexie> Found: Marvin Kubon - Assertiveness (Fluttershy Likes Trains) id=486 dbid=1645036673 
[00:46:33] <Hexie> and 0 others.
[00:46:35] <Hck> %request that
[00:46:35] <Hexie> OK
[00:57:10] *** McKey is now known as [A]McKey
[12:15:31] *** [A]McKey is now known as McKey
[22:34:10] *** McKey is now known as [A]McKey
