[00:29:44] *** Nexus|afk is now known as Nexus
[00:30:08] *** Nexus is now known as Nexus|EliteDangerous
[01:54:27] *** Joins: Mike_Coltfield (textual@colt.in.the.rain)
[01:54:27] *** Celestia sets mode: +o Mike_Coltfield
[02:04:06] *** Joins: Toothie (uid63062@Pony-tbaiid.charlton.irccloud.com)
[02:22:38] *** Toothie is now known as Rhenn
[02:43:50] *** Quits: Mike_Coltfield (textual@colt.in.the.rain) (Quit: Poni.)
[02:45:06] *** Quits: Rhenn (uid63062@Pony-tbaiid.charlton.irccloud.com) (Quit: *poof*)
[02:48:18] *** Joins: The_fabulous_goat_1 (~The_fabulou@Pony-mim.lou.169.67.IP)
[02:48:26] *** Parts: The_fabulous_goat_1 (~The_fabulou@Pony-mim.lou.169.67.IP) ("")
[02:51:07] *** Quits: Cloudrunner (Sentoki@Sentoki.publicBNC.canternet.org) (Ping timeout: 121 seconds)
[02:51:18] *** Quits: Nexus|EliteDangerous (Nexusdragon@DJNexus.Fillydelphia.Radio) (Ping timeout: 121 seconds)
[02:52:02] *** Joins: Nexus (Nexusdragon@DJNexus.Fillydelphia.Radio)
[02:53:32] *** Joins: Cloudrunner (Sentoki@Sentoki.publicBNC.canternet.org)
[03:17:35] *** Joins: Alcoholicorn (Alcoholicor@Pony-55oq0s.pool.hargray.net)
[03:21:47] *** Quits: Alcoholicorn (Alcoholicor@Pony-55oq0s.pool.hargray.net) (Ping timeout: 121 seconds)
[04:23:23] *** Joins: Toothpaste (uid63062@Pony-tbaiid.charlton.irccloud.com)
[04:41:17] *** amaway is now known as ama|sleep
[04:50:38] *** Hearts_the_Yoshi is now known as Hoofy
[04:52:19] *** Hoofy is now known as Hearts
[04:56:03] *** Quits: Toothpaste (uid63062@Pony-tbaiid.charlton.irccloud.com) (Quit: "Friendship ain't magic; it's a miracle." -ClaviSound)
[05:30:31] *** Joins: Toothpaste (uid63062@Pony-tbaiid.charlton.irccloud.com)
[05:55:49] *** Quits: Rainbow14 (chat@Pony-44jet1.cable.virginm.net) (Connection closed)
[05:56:29] *** Gigaway is now known as Gigabit
[05:59:07] *** Dusk is now known as Night
[05:59:16] *** Joins: Rainbow14 (chat@Pony-44jet1.cable.virginm.net)
[06:00:25] *** Joins: Alcoholicorn (Alcoholicor@Pony-55oq0s.pool.hargray.net)
[06:16:19] *** Toothpaste is now known as Bananapaste
[06:26:21] *** Hearts is now known as Hoofy
[06:28:03] *** Joins: Q0_DOH (~Q0_DOH@Pony-gcaf9t.wa.comcast.net)
[06:28:35] <Q0_DOH> is the  ipv6 connection offline for canternet?
[06:29:02] <Colgate> no
[06:29:03] <Twili> just something I forgot was enabled here :P...I think *Trots off to find a book*
[06:29:09] <Colgate> Twili: forget no
[06:29:10] <Twili> The book on no is empty! Must be invisible ink...
[06:29:18] <Colgate> 82 people using ipv6 atm
[06:29:48] <Q0_DOH> PING irc.canternet.org(2607:5300:101::736)
[06:29:49] <Q0_DOH> no replies
[06:30:16] <Colgate> traceroute
[06:30:46] <Colgate> 64 bytes from 2607:5300:101::736: icmp_seq=1 ttl=54 time=78.8 ms
[06:30:48] <Colgate> from my ipv6 box
[06:30:57] <Colgate> bad route between you and the server it looks like
[06:31:05] *** Bananapaste is now known as Toothie
[06:31:21] <Q0_DOH> must be
[06:31:22] <Q0_DOH> weeeeird
[06:35:34] <Q0_DOH> well my router is definitely dropping outbound ICMP
[06:40:19] *** Quits: Toothie (uid63062@Pony-tbaiid.charlton.irccloud.com) (Quit: "Friendship ain't magic; it's a miracle." -ClaviSound)
[06:50:02] *** Joins: Link (tghhzlwlvek@Pony-mk9lo0.utopiafiber.net)
[06:52:36] *** Joins: Compu (compu@snuggly.filly)
[06:52:36] <Link> Mind if I ask something on here?
[06:52:46] <Compu> is there a way to mute individual users?
[06:53:23] <Colgate> what do you mean by mute?
[06:53:37] <Colgate> in a channel, you can do a mute ban, m:hostmaskhere
[06:53:53] <Link> She wants to know how to do that to individual users.
[06:53:53] <Colgate> if you mean outside of a channel, there is /silence
[06:54:05] <Compu> how exactly do i do a mute ban and can it be a timed ban somehow?
[06:54:28] <Colgate> I believe you can use tban for mute bans
[06:54:42] *** Colgate sets mode: +b m:test!ban@me
[06:54:43] <Compu> ok i dont know the commands i need to use
[06:54:45] -cadance.canternet.org- *** Timed ban on #help expired.
[06:54:45] *** cadance.canternet.org sets mode: -b m:test!ban@me
[06:54:49] <Colgate> yep
[06:55:02] <Colgate> /tban #channel duration banmask
[06:55:20] <Compu> duration in seconds? minutes? hours? days?
[06:55:29] <Night> any
[06:55:42] <Night> 20s 20m 20h 20d
[06:55:43] <Colgate> 1y2w3d4h5m6s for 1 year, 2 weeks, 3 days, 4 hours 5 minutes 6 seconds
[06:55:57] <Colgate> that's the format to use
[06:56:06] <Compu> k
[06:57:11] <Link> Colgate, I've been meaning to ask something; how come #BlueBomb was given to Halcyon?
[06:57:35] *** Joins: Pakistan (SincerePaki@janam.samgha.kero)
[06:57:37] <Q0_DOH> curse you comcast
[06:57:39] <Pakistan> helo admins
[06:58:06] <Pakistan> can we send msg to a user through botserv
[07:01:57] *** Hoofy is now known as Hearts
[07:02:07] <Googie> For sending messages, there's memoserv. botserv also allows you to talk through the allocated bot to a channel using /msg botserv say #channel message
[07:02:25] <Link> For everything else, there's Visa. :P
[07:02:32] <Link> Sorry, couldn't resist...
[07:05:20] *** Joins: Q0|Amiga (QuillOmega0@Pony-gcaf9t.wa.comcast.net)
[07:05:37] <Q0|Amiga> Colgate: always have a backup plan :p
[07:06:04] <Pakistan> i wish to send a msg to a single user persent i chat room through bs
[07:06:20] <Colgate> not possible
[07:06:40] *** Parts: Link (tghhzlwlvek@Pony-mk9lo0.utopiafiber.net) ()
[07:07:44] <Q0|Amiga> BS?
[07:08:04] <Night> botserv
[07:08:41] <Q0|Amiga> couldn't you do that through memoserv?
[07:08:55] <Night> that was the point made by googie
[07:08:56] <Night> :T
[07:09:05] *** Quits: locodashie11 (locodash11@Taco.eating.Anthro.Batpony) (Ping timeout: 121 seconds)
[07:09:59] *** Parts: Compu (compu@snuggly.filly) ("This channel just got a whole lot less adorable!")
[07:18:31] *** Quits: Q0_DOH (~Q0_DOH@Pony-gcaf9t.wa.comcast.net) (Quit: Page closed)
[08:11:48] *** Quits: LightningCrash (lightning@property.of.moonlightning) (Quit: *poof*)
[08:30:40] *** Hearts is now known as Hoofy
[09:25:22] *** Quits: Q0|Amiga (QuillOmega0@literallyshit.net) (Quit: Clearly superior 1992 technology)
[10:03:37] *** Quits: Alcoholicorn (Alcoholicor@Pony-55oq0s.pool.hargray.net) (Ping timeout: 121 seconds)
[10:05:34] *** Joins: Q0 (Q0@literallyshit.net)
[10:16:35] *** Fluttershi is now known as afkshi
[10:18:01] *** [A]McKey is now known as McKey
[10:20:43] *** Q0 is now known as Q0|Away
[11:07:04] *** Quits: Hoofy (HoofSounds_@Pony-dsovdr.res.rr.com) (Ping timeout: 121 seconds)
[11:09:54] *** Joins: Mike_Coltfield (Larscis@Pony-s8m10m.ph.cox.net)
[11:10:23] *** Mike_Coltfield is now known as Pony_65028
[11:11:00] *** Pony_65028 is now known as Eigenstate
[11:11:42] *** Quits: Eigenstate (Larscis@Pony-s8m10m.ph.cox.net) (Quit: Well, that was unexpected...)
[11:11:51] *** Joins: Mike_Coltfield (Larscis@colt.in.the.rain)
[11:11:51] *** Celestia sets mode: +o Mike_Coltfield
[11:26:37] *** Unikitty|Away is now known as Unixkitty
[11:30:24] *** McKey is now known as [A]McKey
[11:44:24] *** [A]McKey is now known as McKey
[12:07:03] *** ama|sleep is now known as amaway
[12:35:59] *** Quits: Pakistan (SincerePaki@janam.samgha.kero) (Ping timeout: 121 seconds)
[12:50:07] *** Unixkitty is now known as Unikitty|Away
[12:50:24] *** Joins: Pony_2_ (~Pony_2@Pony-f2bq55.cust.bredbandsbolaget.se)
[12:51:05] *** Pony_2_ is now known as Captain_RefSpetz
[12:52:17] *** Quits: Captain_RefSpetz (~Pony_2@Pony-f2bq55.cust.bredbandsbolaget.se) (Quit: Page closed)
[12:57:02] *** Joins: RoyalBen57_ (RoyalBen57@Pony-f2bq55.cust.bredbandsbolaget.se)
[13:36:08] *** Unikitty|Away is now known as Unixkitty
[13:41:35] *** Joins: locodashie11 (locodash11@Pony-osmcfg.co.comcast.net)
[13:57:19] *** Joins: Hearts_the_Yoshi (HoofSounds_@Pony-dsovdr.res.rr.com)
[14:05:08] *** Joins: Pony_25481 (firestream@Pony-861.n8f.50.70.IP)
[14:05:39] <Pony_25481> I need a password reset for my nick firestream
[14:06:18] <Unixkitty> I think that's normally done through the assigned upon registration email
[14:06:45] <Pony_25481> i don't know the command on this server :s 
[14:07:19] <Unixkitty> Try /msg NickServ HELP
[14:08:16] *** Pony_25481 is now known as firestream
[14:15:07] *** Quits: Mike_Coltfield (Larscis@colt.in.the.rain) (Quit: Well, that was unexpected...)
[14:21:13] *** Quits: RoyalBen57_ (RoyalBen57@Pony-f2bq55.cust.bredbandsbolaget.se) (Ping timeout: 121 seconds)
[14:22:18] *** Quits: locodashie11 (locodash11@Taco.eating.Anthro.Batpony) (Ping timeout: 121 seconds)
[14:32:26] *** Joins: Pakistan (SincerePaki@Pony-but.6iv.59.94.IP)
[15:00:49] *** Joins: Phoenixblaze_ (Phoenixblaz@Pony-v8sh48.dyn.suddenlink.net)
[15:01:03] *** Quits: Phoenixblaze_ (Phoenixblaz@Pony-v8sh48.dyn.suddenlink.net) (Quit: Page closed)
[15:01:59] *** Joins: Pony_8 (~Pony_8@Pony-3m632h.dynamic.chello.pl)
[15:02:32] *** Quits: Pony_8 (~Pony_8@Pony-3m632h.dynamic.chello.pl) (Quit: Page closed)
[16:16:54] *** Q0|Away is now known as Q0
[16:18:27] *** Joins: Alcoholicorn (Alcoholicor@Pony-55oq0s.pool.hargray.net)
[16:54:46] *** Joins: Heim (Heim@Pony-9552kj.access.telenet.be)
[16:55:26] *** Quits: Heim (Heim@Pony-9552kj.access.telenet.be) (Quit: Page closed)
[17:20:21] *** Quits: Alcoholicorn (Alcoholicor@Pony-55oq0s.pool.hargray.net) (Ping timeout: 121 seconds)
[17:32:46] *** Joins: Pony_0 (Pony_0@Pony-5bqp27.cpe.echoes.net)
[17:45:46] *** Quits: Pony_0 (Pony_0@Pony-5bqp27.cpe.echoes.net) (Ping timeout: 121 seconds)
[17:46:08] *** McKey is now known as [A]McKey
[18:02:02] *** Joins: Alcoholicorn (Alcoholicor@Pony-55oq0s.pool.hargray.net)
[18:52:31] *** Joins: Pony_5 (Pony_5@Pony-005.gro.248.50.IP)
[18:53:04] *** Pony_5 is now known as MissChief
[18:53:47] *** Quits: Pakistan (SincerePaki@janam.samgha.kero) (Quit: )
[19:21:03] *** Joins: Heim (~Heim@Pony-9552kj.access.telenet.be)
[19:23:03] *** Quits: Heim (~Heim@Pony-9552kj.access.telenet.be) (Quit: Page closed)
[19:39:59] *** Joins: RefSpetz (~Captain.Ref@Pony-f2bq55.cust.bredbandsbolaget.se)
[19:42:59] *** Joins: Tw1light (IceChat9@Pony-o5a.08a.254.5.IP)
[19:43:06] <Tw1light> what is the ghost command again?
[19:43:18] *** Tw1light is now known as Flutershy
[19:43:37] *** Flutershy is now known as Darkfair
[19:43:57] <Darkfair> nvm I figured it out
[19:53:40] *** Darkfair is now known as Fluttershi
[19:53:46] *** Fluttershi is now known as Darkfair
[20:06:35] *** Quits: Darkfair (IceChat9@Pony-o5a.08a.254.5.IP) (Ping timeout: 121 seconds)
[20:09:46] *** Joins: Darkfair (IceChat9@Pony-3qv.08a.254.5.IP)
[20:09:58] *** Darkfair is now known as Pony_25692
[20:10:30] *** Pony_25692 is now known as Darkfair
[20:53:52] *** Quits: MissChief (Pony_5@Pony-005.gro.248.50.IP) (Quit: Page closed)
[21:03:33] *** Joins: Darkfair_ (IceChat9@Pony-oldirs.stlsmo.sbcglobal.net)
[21:04:46] *** Quits: Darkfair (IceChat9@Pony-3qv.08a.254.5.IP) (Killed (NickServ (GHOST command used by Darkfair_!IceChat9@Pony-oldirs.stlsmo.sbcglobal.net)))
[21:04:53] *** Darkfair_ is now known as Darkfair
[21:08:30] *** Gigabit is now known as Gigaway
[21:08:55] *** Quits: Alcoholicorn (Alcoholicor@Pony-55oq0s.pool.hargray.net) (Ping timeout: 121 seconds)
[21:44:58] *** [A]McKey is now known as McKey
[21:46:29] *** McKey is now known as [A]McKey
[21:57:15] *** afkshi is now known as Fluttershi
[22:14:59] *** Joins: Pony_8 (~Pony_8@Pony-kgfgh9.rev.sfr.net)
[22:15:08] *** Quits: Pony_8 (~Pony_8@Pony-kgfgh9.rev.sfr.net) (Quit: Page closed)
[22:17:20] *** Gigaway is now known as Gigabit
[22:22:44] *** Hearts_the_Yoshi is now known as Hoofy
[22:25:04] *** Unixkitty is now known as Sleepykitty
[22:52:48] *** Quits: RefSpetz (~Captain.Ref@Pony-f2bq55.cust.bredbandsbolaget.se) (Ping timeout: 121 seconds)
[22:57:40] *** Hoofy is now known as Hearts_the_Yoshi
[23:00:21] *** Gigabit is now known as Worthless
[23:00:33] *** Worthless is now known as worthless
[23:58:09] *** [A]McKey is now known as McKey
