[18:47:27] <Eivel> https://derpiboo.ru/895134 :3
[18:49:16] <McKey> mrrrr
[18:51:43] <Eivel> Dawno tak dobrej socksy Octavii nie widziałem :D
[18:51:55] <McKey> tag
[18:52:05] <McKey> choć ostatnio widziałem też coś fajnego
[18:52:14] <Eivel> poka poka
[18:55:37] <McKey> to jest jedno https://derpiboo.ru/886015
[18:55:57] <Eivel> bo to był szkic do tego co słałem :P
[18:56:08] <Eivel> fshy potem się zdecydował zrobić full art
[18:56:13] <McKey> było coś jeszcze
[18:56:26] <McKey> tylko wiesz ja nie mam filtrów to kop sobie xD
[18:57:07] <Eivel> jak to filtrów nie masz? :P
[18:58:17] <McKey> https://derpiboo.ru/893951
[18:58:52] <Eivel> wow
[18:59:00] <Eivel> tej nie znałem. Saved :3
[19:00:10] <McKey> https://derpiboo.ru/880098
[19:00:39] <Eivel> A tą już złapałem. Miałem autora w watchach
[19:01:03] <McKey> https://derpiboo.ru/873983 xD
[19:01:12] <McKey> https://derpiboo.ru/870443
[19:01:36] <McKey> ale tej jednej znaleść nie moge coś xD https://derpiboo.ru/863724
[19:01:57] <Eivel> tą z electrocello mi ostatnio słałeś :P
[19:02:19] <McKey> ta?
[19:02:26] <McKey> to nawet nie pamiętam
[19:02:54] <McKey> https://derpiboo.ru/858322
[19:03:15] <Eivel> tą też :D
[19:03:30] <Eivel> chociaż tą jeszcze mógł Beton słać, nie pamiętam
[19:04:29] <McKey> https://derpiboo.ru/815203 https://derpiboo.ru/799614
[19:05:06] <McKey> i że tak powiem typa możesz miotać jak chcesz..... Znajomy który myśli że jest fajny. IP go zdradziło :P
[19:05:40] <Eivel> Spoko, nie zamierzam go miotać :P
[19:05:46] <Eivel> A ta pierwsza Tavi taka smutna ;<
[19:05:47] <McKey> jeszcze 
[19:09:26] <McKey> https://derpiboo.ru/894303
[19:09:52] <McKey> a tu takie Nudylity CatTavia https://derpiboo.ru/894272
[19:09:53] <Eivel> Ooo, to jest to co miałem wam posłać ostatnio na derpcrafcie :D
[19:10:14] <Eivel> Meh, anthro kucyki wyglądają dla mnie nienaturalnie
