[00:14:36] *** Quits: Alcoholicorn (Alcoholicor@Pony-55oq0s.pool.hargray.net) (Ping timeout: 121 seconds)
[00:25:51] *** Joins: Pi (pi@Pony-bir.blg.208.112.IP)
[00:38:33] *** Joins: woodpamp (woodpamp@Pony-6bfj46.chello.nl)
[00:39:15] *** Toothpaste is now known as Toothie|Dinner
[00:44:59] *** Joins: Pony_7 (Pony_7@Pony-0q49ph.res.rr.com)
[00:45:05] *** Quits: Pony_7 (Pony_7@Pony-0q49ph.res.rr.com) (Quit: Page closed)
[00:45:25] *** Joins: Pony_2 (Pony_2@Pony-6vie8h.fios.verizon.net)
[00:45:40] <Pony_2> Oh my phone doesn't like this
[00:49:14] *** Quits: Pony_2 (Pony_2@Pony-6vie8h.fios.verizon.net) (Quit: Page closed)
[00:49:42] *** Joins: Pony_5 (Pony_5@Pony-6vie8h.fios.verizon.net)
[00:49:49] *** Toothie|Dinner is now known as Toothie|Busy
[00:49:58] <Pony_5> Oh my dear
[00:50:08] <Colgate> hmm?
[00:52:03] <Pony_5> Iam using this irc via my android. 
[01:24:08] *** Quits: Toothie|Busy (uid63062@Pony-tbaiid.charlton.irccloud.com) (Quit: *defenestrates a grenade from a Lamborghini Countach speeding at 200km/h while wearing a black leather jacket with dark shades upon his face* [Ultra Swag])
[01:28:04] *** Quits: woodpamp (woodpamp@Pony-6bfj46.chello.nl) (Connection closed)
[01:35:15] *** Quits: Pony_5 (Pony_5@Pony-6vie8h.fios.verizon.net) (Quit: Page closed)
[02:01:06] *** Quits: Zuzu (zuzu@is.robo.licious) (Quit: Blue Sky Fish)
[02:14:34] *** Joins: Zuzu (zuzu@is.robo.licious)
[02:15:23] *** Quits: Lapsus (Lapsus@i-forget.ca) (Quit: )
[02:15:24] *** Pi is now known as Pi_Away
[02:44:43] *** GigaZzz is now known as Gigabit
[02:51:58] *** Quits: Zuzu (zuzu@is.robo.licious) (Ping timeout: 121 seconds)
[02:52:58] *** Joins: Zuzu (zuzu@Pony-m4l35r.eastlink.ca)
[03:01:05] *** Pi_Away is now known as Pi
[03:10:27] *** Quits: Zuzu (zuzu@is.robo.licious) (Ping timeout: 121 seconds)
[03:11:34] *** Joins: Zuzu (zuzu@is.robo.licious)
[03:14:46] *** Joins: HomerBouvier (HomerB@is.best.sea.poni)
[03:21:26] *** Quits: Zuzu (zuzu@is.robo.licious) (Ping timeout: 121 seconds)
[03:38:10] *** Joins: Zuzu (zuzu@is.robo.licious)
[03:44:20] *** Quits: Zuzu (zuzu@is.robo.licious) (Ping timeout: 121 seconds)
[03:45:35] *** Joins: Zuzu (zuzu@Pony-m4l35r.eastlink.ca)
[04:18:59] *** Joins: Alcoholicorn (Alcoholicor@Pony-55oq0s.pool.hargray.net)
[04:25:56] *** Quits: Zuzu (zuzu@is.robo.licious) (Ping timeout: 121 seconds)
[04:27:27] *** Joins: Zuzu (zuzu@is.robo.licious)
[04:37:20] *** Quits: Zuzu (zuzu@is.robo.licious) (Ping timeout: 121 seconds)
[04:38:22] *** Joins: Zuzu (zuzu@Pony-m4l35r.eastlink.ca)
[04:51:33] *** Joins: PonyToast (Toast@The.Original.Pyro.Pony)
[04:56:30] *** Quits: Luna (Luna@The.Moon.Princess) (chrysalis.canternet.org cloudchaser.canternet.org)
[04:56:30] *** Quits: GeekBrony (GB@bronydom.net) (chrysalis.canternet.org cloudchaser.canternet.org)
[04:56:30] *** Quits: TecknoJock (TecknoJock@TecknoJock) (chrysalis.canternet.org cloudchaser.canternet.org)
[04:56:30] *** Quits: Blackjack (appled@Gyro.Pony.Is.Best.Pony) (chrysalis.canternet.org cloudchaser.canternet.org)
[04:56:30] *** Quits: Rylee (rylai@within.a.hail.of.gemstones) (chrysalis.canternet.org cloudchaser.canternet.org)
[04:56:30] *** Quits: Cameron_D (cameron@cam.mylittle.horse) (chrysalis.canternet.org cloudchaser.canternet.org)
[04:56:30] *** Quits: Gigabit (Gigabit@AppleDash.is.my.pet) (chrysalis.canternet.org cloudchaser.canternet.org)
[04:56:30] *** Quits: miggyb (miggyb@horsetornado.co.uk) (chrysalis.canternet.org cloudchaser.canternet.org)
[04:56:30] *** Quits: klaxa (klaxa@Pony-1kuq6f.eu) (chrysalis.canternet.org cloudchaser.canternet.org)
[04:56:30] *** Quits: frackster (sid20128@Pony-utvkq0.uxbridge.irccloud.com) (chrysalis.canternet.org cloudchaser.canternet.org)
[04:56:30] *** Quits: CarlGel (Rika-chan@Pony-0ro3ru.jg5q.ommk.41d0.2001.IP) (chrysalis.canternet.org cloudchaser.canternet.org)
[04:56:30] *** Quits: Shutter (tips@sudoku.prevention.hotline) (chrysalis.canternet.org cloudchaser.canternet.org)
[04:56:30] *** Quits: LightningCrash (lightning@property.of.moonlightning) (chrysalis.canternet.org cloudchaser.canternet.org)
[04:56:30] *** Quits: WildSoft (WildSoft@Pony-hfh.2pc.101.213.IP) (chrysalis.canternet.org cloudchaser.canternet.org)
[04:56:30] *** Quits: Bigcheese (bigcheese@Pony-j3bi0g.pr32.u9r5.f0d0.2607.IP) (chrysalis.canternet.org cloudchaser.canternet.org)
[04:56:30] *** Quits: endoriazel (coprah@endoriazel) (chrysalis.canternet.org cloudchaser.canternet.org)
[04:56:30] *** Quits: Pi (pi@Pony-bir.blg.208.112.IP) (chrysalis.canternet.org cloudchaser.canternet.org)
[04:56:30] *** Quits: Xena (liska@yolo-swag.com) (chrysalis.canternet.org cloudchaser.canternet.org)
[04:56:30] *** Quits: Ashfire (Ashfire@Ashfire.bronytv.net) (chrysalis.canternet.org cloudchaser.canternet.org)
[04:56:30] *** Quits: SpikeDragon (Spike@sorting.those.books) (chrysalis.canternet.org cloudchaser.canternet.org)
[04:56:30] *** Quits: Q0|Away (Q0@literallyshit.net) (chrysalis.canternet.org cloudchaser.canternet.org)
[04:56:30] *** Quits: loadhigh (loadhigh@Pony-8j2k61.fjdq.l7c3.0180.2604.IP) (chrysalis.canternet.org cloudchaser.canternet.org)
[04:57:02] *** Joins: endoriazel (coprah@endoriazel)
[04:57:02] *** Joins: Ashfire (Ashfire@Ashfire.bronytv.net)
[04:57:02] *** Joins: miggyb (miggyb@horsetornado.co.uk)
[04:57:02] *** Joins: TecknoJock (TecknoJock@TecknoJock)
[04:57:02] *** Joins: SpikeDragon (Spike@sorting.those.books)
[04:57:02] *** Joins: frackster (sid20128@Pony-utvkq0.uxbridge.irccloud.com)
[04:57:02] *** Joins: Rylee (rylai@within.a.hail.of.gemstones)
[04:57:02] *** Joins: Blackjack (appled@Gyro.Pony.Is.Best.Pony)
[04:57:02] *** Joins: Pi (pi@Pony-bir.blg.208.112.IP)
[04:57:02] *** Joins: LightningCrash (lightning@property.of.moonlightning)
[04:57:02] *** Joins: Q0|Away (Q0@literallyshit.net)
[04:57:02] *** Joins: CarlGel (Rika-chan@Pony-0ro3ru.jg5q.ommk.41d0.2001.IP)
[04:57:02] *** Joins: Gigabit (Gigabit@AppleDash.is.my.pet)
[04:57:02] *** Joins: Xena (liska@yolo-swag.com)
[04:57:02] *** Joins: Bigcheese (bigcheese@Pony-j3bi0g.pr32.u9r5.f0d0.2607.IP)
[04:57:02] *** Joins: Shutter (tips@sudoku.prevention.hotline)
[04:57:02] *** Joins: GeekBrony (GB@bronydom.net)
[04:57:02] *** Joins: WildSoft (WildSoft@Pony-hfh.2pc.101.213.IP)
[04:57:02] *** Joins: Luna (Luna@The.Moon.Princess)
[04:57:02] *** Joins: klaxa (klaxa@Pony-1kuq6f.eu)
[04:57:02] *** Joins: Cameron_D (cameron@cam.mylittle.horse)
[04:57:02] *** Joins: loadhigh (loadhigh@Pony-8j2k61.fjdq.l7c3.0180.2604.IP)
[04:57:02] *** cadance.canternet.org sets mode: +aoo Shutter Shutter Luna
[05:54:14] *** Q0|Away is now known as Q0
[06:09:33] *** Quits: HomerBouvier (HomerB@is.best.sea.poni) (Connection closed)
[06:25:28] *** Quits: Zuzu (zuzu@is.robo.licious) (Ping timeout: 121 seconds)
[06:26:40] *** Joins: Zuzu (zuzu@Pony-m4l35r.eastlink.ca)
[06:27:53] *** Gigabit is now known as Gigaway
[06:31:39] *** GeekBrony is now known as AFK_GeekBrony
[08:52:14] *** Quits: Alcoholicorn (Alcoholicor@Pony-55oq0s.pool.hargray.net) (Ping timeout: 121 seconds)
[11:11:32] *** Q0 is now known as Q0|Away
[11:16:03] *** Quits: Q0|Away (Q0@literallyshit.net) (Ping timeout: 121 seconds)
[11:26:33] *** Joins: Q0|Away (Q0@Pony-fr7drh.omsg.vl5g.0008.2601.IP)
[11:26:43] *** Q0|Away is now known as Q0
[12:50:34] *** Quits: Zuzu (zuzu@is.robo.licious) (Ping timeout: 121 seconds)
[12:51:58] *** Joins: Zuzu (zuzu@Pony-m4l35r.eastlink.ca)
[12:58:28] *** Joins: Pony_5 (Pony_5@Pony-esa.m6g.50.80.IP)
[12:58:47] *** Quits: Pony_5 (Pony_5@Pony-esa.m6g.50.80.IP) (Quit: Page closed)
[13:16:34] *** AFK_GeekBrony is now known as GeekBrony
[13:24:10] *** Quits: Zuzu (zuzu@is.robo.licious) (Ping timeout: 121 seconds)
[13:25:41] *** Joins: Zuzu (zuzu@Pony-m4l35r.eastlink.ca)
[13:32:26] *** Joins: Pony_2 (Pony_2@Pony-9q4.h37.140.193.IP)
[13:32:33] *** Parts: Pony_2 (Pony_2@Pony-9q4.h37.140.193.IP) ("")
[13:41:27] *** Joins: Stargazer1st (Stargazer1s@Pony-4f3.9af.176.194.IP)
[14:02:12] *** Quits: Stargazer1st (Stargazer1s@Pony-4f3.9af.176.194.IP) (Quit: Page closed)
[14:45:29] *** Joins: Alcoholicorn (Alcoholicor@Pony-55oq0s.pool.hargray.net)
[16:23:53] *** Quits: Pi (pi@Pony-bir.blg.208.112.IP) (Quit: Leaving)
[16:27:23] *** Joins: Pi (Pi@Pony-bir.blg.208.112.IP)
[17:07:22] *** Joins: Lapsus (Lapsus@i-forget.ca)
[17:21:28] *** Quits: Pi (Pi@Pony-bir.blg.208.112.IP) (Quit: Lend us 10p for a cuppa tea?)
[17:28:11] *** Joins: Derpyhut (Derpyhut@Pony-5ie.po8.253.162.IP)
[17:28:14] <Derpyhut> hello?
[17:28:15] <Twili> Welcome!...I think *Trots off to find a book*
[17:29:08] *** Parts: Derpyhut (Derpyhut@Pony-5ie.po8.253.162.IP) ("")
[17:43:58] *** Joins: gunthler (Gunthler@Pony-mj6q7j.a186.dp13.0306.2602.IP)
[18:07:29] *** Joins: Pony_1 (Pony_1@Pony-kugisq.abo.wanadoo.fr)
[18:09:24] <Pony_1> Bonjour "help explique moi comme est le mot ping en commandes windows si tu sais
[18:12:20] *** Quits: Pony_1 (Pony_1@Pony-kugisq.abo.wanadoo.fr) (Quit: Page closed)
[18:18:39] *** Quits: Alcoholicorn (Alcoholicor@Pony-55oq0s.pool.hargray.net) (Ping timeout: 121 seconds)
[18:20:32] *** Gigaway is now known as GigaWork
[18:59:59] *** Joins: Caerdwyn (moonlight@always.broken.sometimes.patched.never.fixed)
[19:05:33] *** Joins: Alcoholicorn (Alcoholicor@Pony-55oq0s.pool.hargray.net)
[19:53:03] <Shutter> Canternet. Now in French.
[19:53:10] <Shutter> Le fu.
[19:55:14] *** [A]McKey is now known as McKey
[19:58:21] *** Quits: Caerdwyn (moonlight@always.broken.sometimes.patched.never.fixed) (Client exited)
[20:05:55] *** Joins: HomerBouvier (HomerB@is.best.sea.poni)
[21:14:22] *** McKey is now known as [A]McKey
[22:49:01] *** GeekBrony is now known as AFK_GeekBrony
[22:49:02] *** AFK_GeekBrony is now known as GeekBrony
[22:49:34] *** Quits: gunthler (Gunthler@Pony-mj6q7j.a186.dp13.0306.2602.IP) (Connection closed)
[23:09:03] *** Quits: Zuzu (zuzu@is.robo.licious) (Ping timeout: 121 seconds)
[23:10:03] *** Joins: Zuzu (zuzu@is.robo.licious)
[23:18:27] *** GigaWork is now known as Gigabit
[23:34:29] *** Joins: pony_123 (texasboykc0@the.texas.alicorn)
[23:39:07] *** Quits: Zuzu (zuzu@is.robo.licious) (Quit: My MBP went to sleep.)
[23:39:42] *** pony_123 is now known as texasboykc09
[23:40:55] *** Joins: Zuzu (zuzu@is.robo.licious)
[23:55:38] *** Quits: Lapsus (Lapsus@i-forget.ca) (Quit: )
[23:56:59] *** Joins: Lapsus (Lapsus@i-forget.ca)
