[17:02:46] *** [A]McKey is now known as McKey
[17:04:29] *** McKey is now known as [A]McKey
[18:07:26] <TwiCraft> * Techana has joined the game
[18:10:59] <TwiCraft> * MadMikeX_jedyny has joined the game
[18:11:33] <TwiCraft> * Techana has left the game
[18:11:33] <TwiCraft> * MadMikeX_jedyny has left the game
[18:11:35] <TwiCraft> * Techana has joined the game
[18:11:35] <TwiCraft> * MadMikeX_jedyny has joined the game
[18:11:56] <TwiCraft> <MadMikeX_jedyny> !Hje
[18:12:02] <TwiCraft> <MadMikeX_jedyny> !Hej*
[18:12:07] <TwiCraft> <Techana> Aloha!!! ^^
[18:12:36] <TwiCraft> * MadMikeX_jedyny has left the game
[18:17:13] *** [A]McKey is now known as McKey
[18:20:41] <TwiCraft> * Techana has left the game
[18:22:21] <TwiCraft> * Techana has joined the game
[18:56:32] *** Joins: PrincessLoona (PrincessLoo@Pony-7gv1n3.adsl.tpnet.pl)
[19:07:02] *** Quits: PrincessLoona (PrincessLoo@Pony-7gv1n3.adsl.tpnet.pl) (Quit: /opuszcza serwer/)
[19:09:21] <TwiCraft> * Techana has left the game
[19:42:54] <TwiCraft> * Shila has joined the game
[19:43:10] <TwiCraft> * Techana has joined the game
[19:48:48] <McKey> Tempe Usery
[19:49:01] <TwiCraft> <Techana> ! Co?! XC
[19:49:12] <McKey> Kapitan bomba
[19:49:28] <TwiCraft> <Techana> ! Gdzie?! XD
[19:49:38] <McKey> W dolnej części pleców
[19:50:29] <TwiCraft> <Techana> !Buuuu jak ty sie brzydko wyrazasz o innych!
[19:50:41] <McKey> i tak ładnie :P
[19:51:25] <TwiCraft> <Techana> !Prawda ;/
[19:55:54] <TwiCraft> * Shila has left the game
[19:56:01] <TwiCraft> * Techana has left the game
[19:56:02] <TwiCraft> * Shila has joined the game
[19:56:43] <TwiCraft> * Techana has joined the game
[20:24:22] <TwiCraft> * Techana has left the game
[20:25:05] <TwiCraft> * Techana has joined the game
[20:41:47] <TwiCraft> * Techana was fireballed by entity.Fireball.name
[20:42:05] <TwiCraft> * Techana has left the game
[20:42:37] <TwiCraft> * Shila has left the game
[22:08:25] <TwiCraft> * MizukiNoSekai has joined the game
[22:15:32] <TwiCraft> * MizukiNoSekai has left the game
[23:55:39] *** McKey is now known as [A]McKey
