[05:56:05] *** Quits: banbot (nodebot@Pony-q6qs6s.ovh) (cadance.canternet.org discord.canternet.org)
[05:57:11] *** Joins: banbot (nodebot@Pony-q6qs6s.ovh)
[05:57:11] *** discord.canternet.org sets mode: +h banbot
[05:57:11] <Litho> Witaj banbot!
[10:15:31] *** [A]McKey is now known as McKey
[10:16:28] *** McKey is now known as [A]McKey
[15:21:24] *** Joins: Andragor (Andrabot@Pony-0i9bc9.adsl.inetia.pl)
[15:21:25] <Litho> It's wonderful to see you Andragor!
[15:26:52] <BlackBird> witaj
[15:26:52] <Derpi> Dzień dobry!
[15:30:49] <Andragor> Hej
[15:30:49] <Derpi> Dzień dobry!
[19:03:53] *** [A]McKey is now known as McKey
[19:17:26] *** Joins: Truss (Truss@Pony-onv.0cm.130.31.IP)
[19:17:27] *** Pinkamena sets mode: +qo Truss Truss
[19:17:27] <Litho> Dzieńdobry Truss!
[19:21:49] *** Quits: Truss (Truss@Pony-onv.0cm.130.31.IP) (Ping timeout: 121 seconds)
[19:45:41] *** Quits: Andragor (Andrabot@Pony-0i9bc9.adsl.inetia.pl) (Ping timeout: 121 seconds)
[19:46:57] *** Joins: Andragor_ (Andrabot@Pony-mkfa6v.adsl.inetia.pl)
[19:46:57] <Litho> It's wonderful to see you Andragor_!
[19:46:59] *** Andragor_ is now known as Andragor
[19:47:29] *** Andragor is now known as Pony_50120
[19:48:32] *** Joins: Andragor (Andrabot@Pony-m119as.adsl.inetia.pl)
[19:48:32] <Litho> Dzieńdobry Andragor!
[19:48:56] *** Andragor is now known as Pony_80707
[19:51:15] *** Quits: Pony_50120 (Andrabot@Pony-mkfa6v.adsl.inetia.pl) (Ping timeout: 121 seconds)
[19:51:52] *** Pony_80707 is now known as Andragor
[21:29:09] *** Joins: Truss (Truss@Pony-onv.0cm.130.31.IP)
[21:29:09] *** Pinkamena sets mode: +qo Truss Truss
[21:29:09] <Litho> It's wonderful to see you Truss!
[21:29:18] <Truss> Nieeee Litho D:
[21:29:19] <BlackBird> hai
[21:29:19] <Derpi> Dzień dobry bardzo! w RadioYaY
[21:29:21] <Truss> I Derpi
[21:29:25] <Truss> Pogryzą się ;_;
[21:29:28] <BlackBird> nie
[21:29:28] <Derpi> Kłamczysz
[21:29:32] <BlackBird> nie!
[21:29:32] <Derpi> Raczej nie
[21:33:20] <BlackBird> jak juz przeniose litho na nowa wersje to zrobie cos z tym zeby sie z derpi niegryzl
[21:33:30] <BlackBird> ale puki co to za duzo zabawy by bylo
[21:33:57] <Truss> ok
[21:34:31] <BlackBird> puki ktos nienapisze w.r.r to bedzie ok
[21:36:10] <BlackBird> misiek200m: teraz tlo na stronie troche za ciemne xD
[21:37:05] <Truss> O czym mówicie?
[21:37:37] <BlackBird> puki co tylko ja mowie i o stronie
[21:38:24] <misiek200m> BlackBird to się jeszcze podreguluje :D Hovera dla pozostałych podstron oprócz aktywnej dałem pomarańczowego jeszcze :p
[21:40:23] <BlackBird> !help.ver
[21:40:26] <BlackBird> !help.version
[21:40:32] <BlackBird> .help
[21:40:33] <Derpi> BlackBird: Say .help <command> (for example .help c) to get help for a command, or .commands for a list of commands.
[21:40:35] <misiek200m> xD
[21:40:38] <BlackBird> nie ty derpi
[21:41:03] <BlackBird> 0.2.4 ;_;
[21:41:11] <BlackBird> versja litho ^
[21:43:15] <misiek200m> A on w czym pisany? Też python?
[21:44:57] <BlackBird> node.js
[21:45:36] <BlackBird> python za latwy dla mnie nieogarniam go xd
[21:46:32] <McKey> wrr
[21:46:33] <Derpi> rawr
[21:46:33] <Litho> wuff
[21:46:33] <Litho> wuff
[21:46:34] <Derpi> rawr
[21:46:34] <Litho> rawr
[21:46:34] <Derpi> rrrr
[21:46:36] <Derpi> rawr
[21:46:36] <Litho> wuff
[21:46:36] <Derpi> rrrr
[21:46:48] <BlackBird> no i poco ;_;
[21:46:50] <McKey> :P
[21:47:00] <McKey> wisi czy co?
[21:47:14] <BlackBird> w sensie
[21:47:31] <McKey> co się z nim stało że nie odpowiada
[21:47:38] <BlackBird> rrrr
[21:47:50] <BlackBird> ^ tak mowi derpi a litho na to nieodpowiada
[21:48:06] <BlackBird> i bardzo dobrze bo by w nieskonczonosc bylo
[21:48:11] <McKey> wrr
[21:48:12] <Derpi> rawr
[21:48:12] <Litho> wrr
[21:48:12] <Litho> wrr
[21:48:12] <Derpi> rrrr
[21:48:13] <Derpi> rrrr
[21:48:16] <McKey> :P
[21:48:18] <McKey> słabo
[21:48:48] <BlackBird> spambota chcesz?
[21:49:35] <McKey> tag
[21:49:35] <Derpi> aha
[21:49:38] <McKey> wrr
[21:49:39] <Derpi> rrrr
[21:49:39] <Litho> rawr
[21:49:39] <Derpi> rawr
[21:49:40] <Litho> wrr
[21:49:40] <McKey> wrr
[21:49:40] <Derpi> wrrr
[21:49:40] <Litho> rawr
[21:49:40] <Litho> wrr
[21:49:41] <Derpi> rrrr
[21:49:41] <McKey> wrr
[21:49:42] <McKey> wrr
[21:49:42] <Derpi> rawr
[21:49:42] <Litho> wrr
[21:49:42] <McKey> wrr
[21:49:42] <Litho> rawr
[21:49:42] <Litho> wrr
[21:49:42] <McKey> wrr
[21:49:42] <Litho> wrr
[21:49:42] <Derpi> rawr
[21:49:42] <Litho> rawr
[21:49:43] <McKey> wrr
[21:49:43] <Litho> wrr
[21:49:43] <McKey> wrr
[21:49:43] <Litho> wrr
[21:49:43] <Derpi> wrrr
[21:49:43] <Litho> wuff
[21:49:43] <Litho> rawr
[21:49:44] <Derpi> rrrr
[21:49:44] <Derpi> rawr
[21:49:44] <Litho> rawr
[21:49:45] <McKey> wrr
[21:49:45] <Derpi> rrrr
[21:49:45] <Litho> rawr
[21:49:46] <Derpi> rawr
[21:49:46] <Litho> wrr
[21:49:46] <Derpi> wrrr
[21:49:47] <Litho> wuff
[21:49:47] <McKey> wrr
[21:49:47] <Litho> wuff
[21:49:47] <Derpi> rrrr
[21:49:48] <Derpi> rawr
[21:49:48] <Litho> wuff
[21:49:49] <Derpi> rawr
[21:49:49] <Litho> wrr
[21:49:49] <Derpi> rawr
[21:49:50] <Litho> wrr
[21:49:50] <Derpi> wrrr
[21:49:51] <Derpi> rrrr
[21:49:51] <Litho> wrr
[21:49:51] <Derpi> rawr
[21:49:52] <Litho> wrr
[21:49:52] *** Quits: Litho (nodebot@theblackkingdom.ovh) (Connection closed)
[21:49:52] <Derpi> rawr
[21:49:53] <Derpi> rawr
[21:49:53] <Derpi> rawr
[21:49:54] <Derpi> rrrr
[21:49:55] <Derpi> rrrr
[21:49:56] <Derpi> wrrr
[21:49:56] <BlackBird> niema
[21:49:56] <Derpi> rrrr
[21:49:57] <McKey> xD
[21:49:57] <Derpi> rrrr
[21:49:57] <misiek200m> eee
[21:49:58] <Derpi> rrrr
[21:49:59] <Derpi> rrrr
[21:49:59] <Derpi> rrrr
[21:50:00] <Derpi> wrrr
[21:50:01] <Derpi> rawr
[21:50:02] <Derpi> rawr
[21:50:03] <BlackBird> derpi!
[21:50:03] <Derpi> :(
[21:50:04] <Derpi> tak?
[21:50:06] <BlackBird> ogar
[21:50:15] <BlackBird> Eivel: gdzie anty-spam?
[21:50:26] <McKey> po co :v
[21:50:29] <misiek200m> Wprowadzenie 2 botów w swojego rodzaju rezonans nie jest raczej dobrym pomysłem...
[21:50:34] <BlackBird> o luju moj bot to miszcz ;_;
[21:50:47] <McKey> O FAK
[21:50:48] <BlackBird> napisalem mu zeby sie wylaczyl a go wywlilo 
[21:50:51] <McKey> tu jest CP
[21:50:52] <McKey> ...
[21:50:57] <McKey> ;-;
[21:51:01] <BlackBird> CP?
[21:51:05] <BlackBird> a +CP
[21:52:38] <Eivel> .off
[21:52:39] * Derpi siada w kącie...
[21:53:06] *** Joins: Litho (nodebot@Pony-q6qs6s.ovh)
[21:53:06] <Litho> Dzieńdobry Litho!
[21:53:20] *** Quits: Litho (nodebot@Pony-q6qs6s.ovh) (Quit: Niech luna bedzie z wami)
[21:53:27] <BlackBird> a teraz normalnie wyszedl..
[21:53:29] <BlackBird> HMM
[21:55:51] *** Joins: Litho (nodebot@Pony-q6qs6s.ovh)
[21:55:51] <Litho> It's wonderful to see you Litho!
[21:55:56] <BlackBird> Eivel wlacz derpi
[21:56:19] <Litho> timer timeout
[21:56:21] <Eivel> .on
[21:56:22] <Derpi> Wróciłam!
[21:56:24] <BlackBird> wrr
[21:56:24] <Litho> wuff
[21:56:24] <Derpi> rrrr
[21:56:25] <Derpi> rawr
[21:56:31] <BlackBird> ok dziala
[21:56:36] <Eivel> antyspam?
[21:56:37] <BlackBird> litho niereaguje na derpi ;p
[21:56:40] <Eivel> o
[21:56:42] <Eivel> dobrze
[21:56:43] <Eivel> :D
[21:57:18] <BlackBird> derpi przydaloby sie niereagowac na litho bo 2x mowi xd
[21:58:19] <McKey> wrr
[21:58:20] <Litho> wrr
[21:58:20] <Derpi> rawr
[21:58:20] <Derpi> wrrr
[22:05:14] <BlackBird> niema ;p
[22:05:18] <BlackBird> niepospamisz sobie
[22:05:33] <McKey> Pewnyś?
[22:05:50] <BlackBird> napewno nie z pomoca litho tak jak wczesniej
[22:07:01] <McKey> .bot.say
[22:07:03] <McKey> .bot.say d
[22:07:05] <McKey> derp
[22:07:06] <Derpi> 9_6
[22:07:09] <McKey> nie masz xD
[22:07:43] <BlackBird> mam
[22:07:46] <BlackBird> ale nieumiesz ;p
[22:24:15] <misiek200m> !roulette
[22:24:15] <Pinkamena> *CLICK*
[22:24:35] <McKey> !roulette
[22:24:35] <Pinkamena> *CLICK*
[22:27:23] <misiek200m> !roulette
[22:27:23] <Pinkamena> *CLICK*
[22:28:41] <McKey> !roulette
[22:28:41] <Pinkamena> *CLICK*
[22:28:48] <McKey> BlackBird, teraz ty
[22:29:36] <BlackBird> !roulette
[22:29:36] <Pinkamena> *CLICK*
[22:29:39] <BlackBird> co ja
[22:30:02] <McKey> ruletke xD
[22:30:08] <McKey> Andragor, ping?
[22:30:15] <BlackBird> pong
[22:30:20] <Andragor> Wzywałeś? :)
[22:30:29] <McKey> ruletka
[22:30:43] <BlackBird> !bot.say !roulette
[22:30:43] <Litho> Nooooope!!
[22:30:46] <McKey> xD
[22:30:47] <BlackBird> xp
[22:30:47] <Andragor> !roulette
[22:30:47] <Pinkamena> *BANG*
[22:30:47] *** Quits: Andragor (Andrabot@Pony-m119as.adsl.inetia.pl) (Killed (Pinkamena (Lost at Russian Roulette.)))
[22:30:50] <McKey> xDD
[22:30:53] <McKey> Wyliczone
[22:30:57] <BlackBird> az dziwne ze niewywala jak ktos pisze..
[22:31:03] <BlackBird> bo wczesniej tak bylo
[22:31:03] *** Joins: Andragor (Andrabot@Pony-m119as.adsl.inetia.pl)
[22:31:03] <Litho> Witaj Andragor!
[22:31:08] <Andragor> No ale gdzie tak ;-;
[22:31:12] <BlackBird> ale sie samo naprawilo bo ja nietykalem xd
[22:31:14] <McKey> !bot.say mrr
[22:31:14] <Litho> mrr
[22:31:14] <Litho> wuff
[22:31:14] <Derpi> meow :3
[22:31:15] <Derpi> rawr
[22:31:20] <McKey> e...
[22:31:25] <McKey> on sam na siebie?
[22:31:34] <BlackBird> lul niepowinien
[22:31:38] <McKey> !bot.say mrr
[22:31:39] <Litho> mrr
[22:31:39] <Litho> rawr
[22:31:39] <Derpi> mrrr
[22:31:40] <Derpi> wrrr
[22:31:42] <BlackBird> bo ma blokade sam na siebie
[22:31:42] <McKey> .off
[22:31:44] * Derpi siada w kącie...
[22:31:45] <McKey> !bot.say mrr
[22:31:45] <Litho> mrr
[22:31:45] <Litho> wrr
[22:31:47] <McKey> :P
[22:31:48] <BlackBird> tak jak na derpi..
[22:31:54] <BlackBird> aa nie na cb odpowiada
[22:31:59] <McKey> ...
[22:32:02] <BlackBird> ale.. eem.. lol
[22:32:05] <BlackBird> mniejsza
[22:32:05] <McKey> -20/10
[22:32:09] <McKey> asdadasddsa mrr asdadsa
[22:32:09] <Litho> wuff
[22:32:15] <McKey> mrr mrr mrr mrr mrr mrr mrr mrr mrr mrr mrr mrr mrr mrr mrr mrr mrr 
[22:32:15] <Litho> rawr
[22:32:19] <BlackBird> akfjsduihsbdfukysdcytav>mrr<asuhvaec
[22:32:19] <Litho> wrr
[22:32:27] <BlackBird> dziala wszedzie w tekscie
[22:32:37] <BlackBird> wrroclaw
[22:32:37] <Litho> wrr
[22:33:19] <McKey> xD
[22:34:08] <McKey> mrr &nbsp mrr &nbsp mrr &nbsp mrr &nbsp mrr &nbsp mrr mrr mrr mrr mrr mrr mrr mrr mrr mrr mrr mrr 
[22:34:08] <Litho> rawr
[22:34:21] <McKey> mrr \ mrr &nbsp mrr &nbsp mrr &nbsp mrr &nbsp mrr mrr mrr mrr mrr mrr mrr mrr mrr mrr mrr mrr 
[22:34:21] <Litho> wuff
[22:34:28] <McKey> mrr / mrr &nbsp mrr &nbsp mrr &nbsp mrr &nbsp mrr mrr mrr mrr mrr mrr mrr mrr mrr mrr mrr mrr 
[22:34:28] <Litho> rawr
[22:34:29] <BlackBird> ..
[22:34:33] <McKey> tak :P
[22:34:36] <BlackBird> wrrr mrr wuff
[22:34:36] <Litho> rawr
[22:34:36] <Litho> wuff
[22:34:36] <Litho> wrr
[22:34:42] <BlackBird> ^ tak nieumiesz
[22:35:03] <McKey> wrrr mrr wuff wrrr mrr wuff wrrr mrr wuff wrrr mrr wuff wrrr mrr wuff 
[22:35:03] <Litho> rawr
[22:35:03] <Litho> wrr
[22:35:03] <Litho> wrr
[22:35:10] <McKey> wrrr mrr wuff; wrrr mrr wuff wrrr mrr wuff wrrr mrr wuff wrrr mrr wuff 
[22:35:10] <Litho> wuff
[22:35:11] <Litho> wrr
[22:35:11] <Litho> wrr
[22:35:23] <BlackBird> help
[22:35:30] <BlackBird> potem na pw info.DB
[22:35:56] <BlackBird> ma 4 aliasy na kazdy odpowiada tylko 1 raz
[22:36:02] <BlackBird> w sensie raz w zdaniu 
[22:36:07] <BlackBird> wiec max 4 naraz
[22:36:15] <BlackBird> wrr mrr wuff dobranoc
[22:36:15] <Litho> rawr
[22:36:15] <Litho> rawr
[22:36:15] <Litho> wrr
[22:36:15] <Litho> Dobranoc!
[22:36:46] <BlackBird> takie to moje programowanie
[22:37:15] <McKey> nie mam pytań
[22:37:20] <McKey> dam metalowców http://i1.kwejk.pl/k/obrazki/2015/04/e9c333d0c5fc69e01c8ceca051a18730.jpg
[22:39:42] <BlackBird> ha! litho oficjalnie jest botem na canternecie xd
[22:39:43] <BlackBird> +B
[22:41:45] *** Truss sets mode: +v Litho
[22:42:04] <BlackBird> yay?
[22:42:21] <BlackBird> #
[22:42:23] <BlackBird> hm
[22:42:25] <BlackBird> #bot.set.1
[22:42:27] <BlackBird> #
[22:42:37] <BlackBird> ;_;
[22:42:44] <BlackBird> czemu niedziala
[22:42:48] <BlackBird> #bot.set.0
[22:42:50] <BlackBird> #bot.set.1
[22:42:52] <BlackBird> #
[22:43:01] <BlackBird> #bot.set.permission.1 Truss
[22:43:02] <banbot> Truss = 1
[22:43:05] <BlackBird> lul bardzo
[22:43:15] <BlackBird> niby niedziala ale dziala ;-;
[22:43:36] <BlackBird> bo #bot.set.0/1 wlacza i wylacza a # sprawdza czy dziala
[22:43:43] <BlackBird> ale nic  sie niedzieje xd
[22:46:13] <BlackBird> #bot.set.permission.0 Truss
[22:46:22] <BlackBird> .. dobra mniejsza niebawie sie tym
[22:46:49] <BlackBird> truss ciesz sie masz op u banbota mozesz banowac (szkoda ze niewiesz jak xP)
[23:27:23] <BlackBird> hmm 
[23:27:30] <BlackBird> !bot.say /me test
[23:27:30] <Litho> /me test
[23:27:33] <BlackBird> lol
[23:27:45] <BlackBird> !bot.action hug litho
[23:27:45] * Litho hug litho
[23:27:49] <BlackBird> xd
[23:27:54] * BlackBird hug litho
[23:27:54] * Litho rzuca sie na BlackBird i wyrywa krtań z gardła
[23:27:58] <BlackBird> ej
[23:45:37] *** Quits: Andragor (Andrabot@Pony-m119as.adsl.inetia.pl) (Quit: ChatZilla 0.9.91.1 [Firefox 37.0.1/20150402191859])
[23:46:39] <McKey> !bot.action left from #pony-chan
[23:46:39] * Litho left from #pony-chan
[23:46:41] <McKey> xD
[23:48:49] *** McKey is now known as [A]McKey
