[00:34:43] *** Quits: Pinkamena (DianePie@Sugarcube.Corner) (shutting down)
[00:34:57] *** Joins: Pinkamena (DianePie@Sugarcube.Corner)
[00:34:57] *** services.canternet.org sets mode: +o Pinkamena
[15:42:20] *** Joins: Andragor (Andrabot@Pony-ah10a7.adsl.inetia.pl)
[16:20:00] *** Joins: NeroDMC4 (NeroDMC4@Pony-r85.lun.175.46.IP)
[16:42:35] *** Joins: Daringo (Daringo@Pony-usv68t.internetdsl.tpnet.pl)
[16:43:01] *** Quits: Daringo (Daringo@Pony-usv68t.internetdsl.tpnet.pl) (Quit: Page closed)
[17:18:09] *** Joins: Truss (~Truss@Pony-a6h.0cm.130.31.IP)
[17:25:01] *** Joins: MeLL (MeLL@Pony-f4n2n3.internetia.net.pl)
[17:53:34] *** Quits: MeLL (MeLL@Pony-f4n2n3.internetia.net.pl) (Ping timeout: 121 seconds)
[18:38:23] *** [A]McKey is now known as McKey
[18:43:50] *** Joins: FireSky (FireSky@Pony-sq58b7.dynamic.chello.pl)
[18:43:50] *** McKey sets mode: +v FireSky
[18:43:51] <McKey> !down
[18:43:51] *** Pinkamena sets mode: -h McKey
[18:44:33] <McKey> Widze ludzi w kij :P
[18:45:02] *** Quits: Andragor (Andrabot@Pony-ah10a7.adsl.inetia.pl) (Ping timeout: 121 seconds)
[18:45:45] *** Joins: Andragor (Andrabot@Pony-ah10a7.adsl.inetia.pl)
[18:47:08] *** Pinkamena sets mode: +h McKey
[18:47:35] *** McKey sets mode: +N 
[19:01:38] <McKey> aha?
[19:01:59] *** Joins: Pony_9 (~Pony_9@Pony-js26hl.adsl.tpnet.pl)
[19:02:11] <McKey> Stop the bats - tlt? ...
[19:02:51] *** Parts: McKey (Kordus@irc.antyklay.pl) ("Once you know what it is you want to be true, instinct is a very useful device for enabling you to know that it is")
[19:02:51] *** Joins: McKey (Kordus@irc.antyklay.pl)
[19:02:51] -discord.canternet.org- Replaying up to 10 lines of pre-join history spanning up to 300 seconds
[19:02:51] <Truss> 77
[19:02:51] <McKey> aha?
[19:02:51] <Derpi> aha...
[19:02:51] <Truss> ?
[19:02:51] <Truss> Witej!!
[19:02:51] <McKey> Stop the bats - tlt? ...
[19:02:51] <Truss> tak
[19:02:51] <Derpi> tak, tak było
[19:02:51] <Truss> oops
[19:02:51] <NeroDMC4> Slyphostr castel of shadow
[19:02:52] *** Pinkamena sets mode: +h McKey
[19:02:56] *** Joins: Pony_rejzo (Pony_rejzo@Pony-o4prbn.adsl.inetia.pl)
[19:03:03] <McKey> lol
[19:03:13] <McKey> chat mi sie zawiesil i myslalem ze nikogo nie ma xD
[19:05:20] *** Joins: ElectricPsoras (Thunderbird@Pony-ep1t0m.adsl.tpnet.pl)
[19:05:37] *** Joins: Vinyl_Scratch_PON3 (Vinyl_Scrat@Pony-rc66dt.szczecin.mm.pl)
[19:05:42] <McKey> co jest,,,
[19:05:45] *** Parts: McKey (Kordus@irc.antyklay.pl) ("Once you know what it is you want to be true, instinct is a very useful device for enabling you to know that it is")
[19:05:45] *** Joins: McKey (Kordus@irc.antyklay.pl)
[19:05:45] -discord.canternet.org- Replaying up to 10 lines of pre-join history spanning up to 300 seconds
[19:05:45] <FireSky> =======Friendship is Symphonic Metal - Suicide Notes (Octavia's Theme) ft. Bagpipe Brony
[19:05:45] <NeroDMC4> A byś mogł derpi wyłączyc  bo audycja jest
[19:05:45] <Truss> Właśnie McKey
[19:05:45] <NeroDMC4> Mando pony double rainbooom
[19:05:45] <Truss> Proud to be a brony
[19:05:45] <Truss> oo xdd
[19:05:45] <FireSky> ===========
[19:05:45] <NeroDMC4> 97
[19:05:45] <FireSky> 97
[19:05:45] <McKey> co jest,,,
[19:05:46] *** Pinkamena sets mode: +h McKey
[19:06:24] *** Joins: McK (kvirc@twilightsparkle.ovh)
[19:06:24] *** Pinkamena sets mode: +h McK
[19:09:04] *** Joins: Pony_9_ (Pony_9@Pony-o7k00e.mysliborz.vectranet.pl)
[19:09:11] *** Joins: KiciaWicia^^ (KiciaWicia^@Pony-v2rbmp.wagrowiec.vectranet.pl)
[19:11:19] <McKey> nosz kur....
[19:13:51] *** Joins: McKey (Kordus@twilightsparkle.ovh)
[19:13:51] -daring.canternet.org- Replaying up to 10 lines of pre-join history spanning up to 300 seconds
[19:13:51] <NeroDMC4> oodorato
[19:13:51] <FireSky> ===========Silva Hound
[19:13:51] <FireSky> 1 pkt
[19:13:51] <NeroDMC4> 79
[19:13:51] <McK> Żądanie CTCP PING od McKey [Kordus@irc.antyklay.pl] (PING 69114440), odpowiedziano
[19:13:51] <McK> aha
[19:13:51] <Derpi> aha...
[19:13:51] <McK> a pmki laają
[19:13:51] <NeroDMC4> Jeff
[19:13:51] <Truss> Itll be ok sherclop
[19:13:51] *** Pinkamena sets mode: +h McKey
[19:13:58] <FireSky> ==========
[19:14:01] <Truss> it'll
[19:14:09] <Truss> ja numerek?
[19:14:12] <NeroDMC4> tak
[19:14:12] <Derpi> Prawdopodobnie
[19:14:13] <FireSky> truss numerek ?
[19:14:13] <McKey> WORK!!! yaaay
[19:14:13] <Truss> xd
[19:14:20] <Truss> 15
[19:14:21] <McKey> e... prawie xD
[19:14:22] <NeroDMC4> A derpi nadal nie wyłączona xd
[19:15:07] *** Joins: butter (butter@Pony-af5ltr.interkar.pl)
[19:15:07] <Truss> nosz kur...
[19:15:19] <McKey> HA GEI!
[19:15:22] <Truss> butter?
[19:15:22] <NeroDMC4> Pierwszy raz to słyszę xd
[19:15:27] <McKey> ostatnio go porpawiałem z tym :P
[19:15:30] <Truss> Ja też
[19:15:36] <Vinyl_Scratch_PON3> aviatorsami mi zajeżdża
[19:15:38] <NeroDMC4> aviators
[19:15:40] <McKey> nope
[19:15:41] <Derpi> E.... nie
[19:15:46] <McKey> .off
[19:15:47] * Derpi siada w kącie...
[19:15:48] <Truss> Aaa xD
[19:15:52] <Truss> No tak pamiętam xD
[19:15:57] *** Quits: butter (butter@Pony-af5ltr.interkar.pl) (Quit: Page closed)
[19:16:02] <McKey> another year - Sight unseen :v
[19:16:08] <FireSky> ===Another Year - Sights Unseen & Fina1Verse
[19:16:09] <McKey> zapisać sobie
[19:16:15] *** Joins: FlyingButter (FlyingButte@Pony-af5ltr.interkar.pl)
[19:16:41] <McKey> lorem ipsum indsa fire
[19:16:45] *** Quits: McK (kvirc@twilightsparkle.ovh) (Quit: KVIrc 4.1.3 Equilibrium http://www.kvirc.net/)
[19:16:51] <Truss> o nie ;_;
[19:17:11] <McKey> co?
[19:17:12] <McKey> Łacina
[19:17:33] <Truss> Eem.... co to...
[19:17:36] <McKey> Hm...
[19:17:37] <McKey> nie
[19:17:38] <NeroDMC4> dbpony
[19:17:52] <FireSky> =========Runaway geat. Kathy-Chan Sin Gretina
[19:17:56] <FireSky> zaskoczeni ? xD
[19:18:00] <NeroDMC4> tak
[19:18:08] <Truss> Wow o.O
[19:18:13] <Truss> bardzo
[19:18:30] <Truss> To mi na Sim nie przypomina
[19:18:41] <NeroDMC4> Sin pisze nie Sim
[19:19:00] <McKey> Puść im Loyaliti i niech się cieszą xD
[19:19:02] <Truss> Ale Gretina xd
[19:19:10] <Truss> Omg ;_:
[19:19:24] <NeroDMC4> Forest rain
[19:19:30] <McKey> DonTheBore - twilight sparkle xD
[19:19:37] <McKey> albo nie
[19:19:42] <Truss> acousticbrony
[19:19:42] <KiciaWicia^^> Spitfire 
[19:19:48] <Truss> a no
[19:19:53] <Truss> matko słyszałam...
[19:19:54] <FireSky> ============Spitfire (Give It All You Got)_ - by MandoPony & Megabyte Brony
[19:20:07] <McKey> makkon06 befriend InterobangPie - WLT4TRX.exe :P
[19:20:18] <FireSky> KiciaWicia witamy w grze ;) 
[19:20:22] <NeroDMC4> Witamy
[19:20:27] <Truss> Witamy!
[19:20:32] <FireSky> numerek ? 
[19:20:37] <KiciaWicia^^> Na telefonie cięzko :3
[19:20:40] <Truss> kto?
[19:20:44] <KiciaWicia^^> 69
[19:20:44] <NeroDMC4> kicia
[19:20:51] <Truss> oki doki
[19:20:57] <KiciaWicia^^> ^^ hej wam :)
[19:20:59] <Truss> A Fire ile mam pkt? xD
[19:21:01] <NeroDMC4> Hej
[19:21:06] <Truss> Hejkaa
[19:21:11] <NeroDMC4> Napeno mniej niz ja
[19:21:29] <KiciaWicia^^> Hyhyhy 
[19:21:43] <FireSky> 6
[19:21:49] <Truss> Heh, bardzo śmieszne 
[19:21:50] <FireSky> nero 7
[19:21:59] <Truss> Yaay
[19:22:03] <NeroDMC4> Ellie monet
[19:22:07] <Truss> tylko 1 xD
[19:22:21] <FireSky> ======Flutterwhat - Rock Poems
[19:22:24] <NeroDMC4> Jakieś nowe piosenki dziś lecą xd
[19:22:43] <Truss> no xD
[19:22:51] <Truss> Fire, to ten nowy wykonawca?
[19:23:23] <FlyingButter> loyalty
[19:23:24] <FireSky> nie
[19:23:26] <NeroDMC4> Loyalty accousticborny
[19:23:26] <KiciaWicia^^> Loyalty
[19:23:26] <Truss> Loyalty 
[19:23:26] <FlyingButter> acoustimandobrony
[19:23:35] <Truss> acoustic brony ft mandopony
[19:23:41] <FlyingButter> 9
[19:23:52] <Truss> ?
[19:24:12] <FireSky> 9
[19:24:13] <KiciaWicia^^> Nie ma audycji bez tego x3
[19:24:14] <Truss> Nero 1-szy cały tytuł napisał
[19:24:15] <FireSky> ====
[19:24:23] <FireSky> fakt !
[19:24:30] <NeroDMC4> 107
[19:24:32] <Truss> KiciaWicia^^ bez czego? ;p
[19:24:36] <FireSky> zatrzymac silnik,Nero ? 
[19:24:40] <KiciaWicia^^> Bez Loyalty :)
[19:24:41] <FireSky> 107
[19:24:43] <Truss> :) jam sprawiedliwa xD
[19:24:54] <Truss> A no masz rację Kicia
[19:25:03] <Truss> A ja dalej nie pamiętam xD
[19:25:07] <NeroDMC4> Wait jaki silnik
[19:25:08] <KiciaWicia^^> Tu bywam ale pod innym nickiem czasem :)
[19:25:09] <FireSky> :3 meow ^^ 
[19:25:25] <KiciaWicia^^> Tak x33
[19:25:45] <Truss> Jakim nickiem? :33
[19:25:57] <Truss> Fire, pamiętasz "sam wybrałem"? xD
[19:26:06] <KiciaWicia^^> "Bizonekx33"
[19:26:12] <FireSky> tak x3 
[19:26:15] <Truss> wtf...
[19:26:20] <Truss> oki doki Kicia ^^
[19:26:28] <NeroDMC4> Mando
[19:26:40] <Truss> Fire to "tak x3" do kogo? xD
[19:26:41] <FlyingButter> no kurde, z 6 ostatnich utworów tylko loayalty znam, dzisiaj serio jakieś trudne
[19:26:48] <Truss> no bardzo...
[19:26:57] <FireSky> =======Jeff Burgess - 2012 - 21 Manehattan Nights (Remastered)
[19:26:58] <Truss> Ejejej,
[19:27:08] <Truss> mam podejrzenia czego Delty nie ma?
[19:27:21] <NeroDMC4> jakie
[19:27:36] <Truss> a nwm... znaczy wm
[19:28:11] <Truss> trixie flyghtning
[19:28:23] <Truss> Ponification cover
[19:28:24] <FireSky> ============
[19:28:27] <Truss> czekałam na to ^^
[19:28:33] <NeroDMC4> ze co jak tys to zgadła
[19:28:37] <FireSky> numerek ? 
[19:28:38] <Truss> moja ulubiona piosenka ^^
[19:28:44] <NeroDMC4> Ja nie znam tej piosenki xd
[19:28:47] <Truss> 96
[19:29:01] <Truss> Nero xd mój szef to robił, to trzeba znać xd
[19:29:02] <FlyingButter> w sumie to ostatnio mało z fandomu słuchałem, więc z tymi nowszymi utworami sobie nie poradzę pewnie
[19:29:26] <NeroDMC4> Ja bardziej juz obeznałem sie z tymi co znam
[19:29:31] <Truss> The great and powerfull Trixie, is troting trouth the woods
[19:29:38] <Truss> no nie ;_;
[19:29:42] <Truss> yay ^^
[19:29:45] <NeroDMC4> czyli ja gg
[19:30:00] <NeroDMC4> Slyphosrtm
[19:30:05] <NeroDMC4> castle of shadow
[19:30:05] <Truss> octavia evening star
[19:30:15] <Truss> a nie kurde...
[19:30:17] <FlyingButter> YourEnigma?
[19:30:23] <Truss> nope
[19:30:25] <FireSky> ==========Hypersonic (Orchestral Mix) Thorinair
[19:30:29] <Truss> castle of shadow
[19:30:36] <Truss> a nie kurde...
[19:30:44] <McKey> Polecam Train Simulator 2005 ElectricPsoras zjem cie za to :P http://i.imgur.com/UIgNDoi.png
[19:30:54] <KiciaWicia^^> Ja tam nic nie wiem :p
[19:30:55] <Truss> eem? xD
[19:31:08] <FireSky> Wiciu wiem że wiesz ;p 
[19:31:10] <ElectricPsoras> :>
[19:31:22] <NeroDMC4> O co kaman chodzi
[19:31:32] <KiciaWicia^^> Nie prawda x3
[19:31:32] <McKey> NeroDMC4: nie znasz Psorasa?
[19:31:42] <Truss> yay ^^
[19:31:51] <NeroDMC4> HAWTW scerplo pones
[19:31:51] <FlyingButter> how applejack won the war
[19:31:53] <Truss> how applejack won the war
[19:32:02] <KiciaWicia^^> How applejack won the war
[19:32:02] <Truss> sherclop pones
[19:32:16] <FlyingButter> (ja podaję numer?) 9
[19:32:36] *** Joins: Pony_7_ (~Pony_7@Pony-usv68t.internetdsl.tpnet.pl)
[19:32:44] <FireSky> Nero podaje ? 
[19:32:50] <Truss> Nero pierwszy znowu ;/
[19:32:51] <NeroDMC4> 119
[19:32:53] <Pony_7_> apple wor
[19:33:11] <FlyingButter> nevermind
[19:33:20] <Truss> jest ok ;)
[19:33:22] <KiciaWicia^^> Apple wor? :o
[19:33:30] <Pony_7_> film też jest
[19:33:31] <Truss> worek apple'sów xD
[19:33:44] <FlyingButter> Archie?
[19:33:45] <NeroDMC4> yay
[19:33:51] <McKey> hehe
[19:33:52] <McKey> nie
[19:33:52] <FlyingButter> foozgoz
[19:33:57] <NeroDMC4> Foozgoz make it special
[19:33:57] <FlyingButter> make it special reflectio mix
[19:33:57] <KiciaWicia^^> Make it special
[19:34:10] <Truss> foozgooz find the music in you?
[19:34:16] <FireSky> ==========
[19:34:17] <KiciaWicia^^> Fajna pioseneczka x3
[19:34:18] <Truss> A make it special...
[19:34:41] <Vinyl_Scratch_PON3> smile remix
[19:34:43] <NeroDMC4> FireSky jak mówisz ulubiona to ja chce pisać Assertive fluttershy like a  train
[19:34:47] <Truss> nie
[19:34:51] *** Quits: Pony_9_ (Pony_9@Pony-o7k00e.mysliborz.vectranet.pl) (Quit: Page closed)
[19:34:55] <Truss> Nero ja też xD
[19:35:03] <FireSky> numerek Flying ? 
[19:35:10] <FlyingButter> o, 9
[19:35:42] <Truss> niee ;-;
[19:35:45] <Truss> xD
[19:36:00] <Truss> tak bywa ;)
[19:36:03] <FlyingButter> aftermath
[19:36:06] <FlyingButter> htwtc remix
[19:36:08] <Vinyl_Scratch_PON3> cafetria song remix
[19:36:10] <NeroDMC4> Aftermatch helping twilight win the crown
[19:36:11] <Truss> Aftermath
[19:36:11] <KiciaWicia^^> Helping twilight aftermath
[19:36:15] <FireSky> ============
[19:36:17] <Vinyl_Scratch_PON3> aftermatch
[19:36:21] <Truss> help twilight win the cronw remix
[19:36:25] <FireSky> ====
[19:36:37] <FlyingButter> 22
[19:36:44] <NeroDMC4> Nareście jakaś piosenka tego ninjy Aftermath
[19:36:49] <Truss> Fire mi wysłało za późno ;_:
[19:36:57] <Truss> Ninja! xD
[19:37:07] <KiciaWicia^^> Hehe x3
[19:37:58] <FlyingButter> ja zaraz się zmywam i raczej nie wrócę, po 2 utworach pójdę
[19:38:14] <Truss> Yay xD
[19:38:19] <McKey> !find Archie
[19:38:35] <FlyingButter> ARchie
[19:38:39] <Truss> eem?
[19:38:42] <FlyingButter> christmas in equestria
[19:38:43] <NeroDMC4> Archie praise the sun
[19:38:46] <FlyingButter> powiem szczerze
[19:38:48] <FireSky> ==========
[19:38:58] <McKey> aha?
[19:39:00] <FireSky> numerek ? 
[19:39:00] <FlyingButter> 22 to był niedawno wiek Archie'go i celowo wybrałem nr 22 ^^
[19:39:07] <NeroDMC4> rly
[19:39:10] <NeroDMC4> Jaki specnaz
[19:39:16] <FlyingButter> teraz ma 23 lata. Tak czy owak, teraz zapodaję numer 98
[19:40:35] <FlyingButter> I've got to find a way remix
[19:40:37] <FlyingButter> mbalpha?
[19:40:38] <Truss> true true friend remix
[19:40:41] <NeroDMC4> Omni
[19:40:57] <FireSky> ========.I ve Got to Find a Way (Evening Star DnB Remix)
[19:41:39] <McKey> Hm...
[19:41:52] <McKey> Beep song by me by ci pasowały FireSky?
[19:42:13] <Truss> yay xD
[19:42:16] <Truss> znowu głos xD
[19:42:19] <FlyingButter> nightmare night
[19:42:22] <NeroDMC4> Nightmare night mic the mic
[19:42:23] <FlyingButter> wt i mic the microphone
[19:42:24] <Truss> nightmare night mic the mic glze
[19:42:30] <FireSky> co mckey ? 
[19:42:32] <KiciaWicia^^> Nightmare night wooden toaseer
[19:42:36] <FireSky> ========
[19:42:37] <McKey> beep song -_-
[19:42:38] <Truss> nosz kur!
[19:42:45] <McKey> .g beeb linux songs
[19:42:47] <Derpi> McKey: http://kirrus.co.uk/2014/02/linux-beep-music-2/
[19:42:51] <Truss> glaze*
[19:42:52] <KiciaWicia^^> Wiedziałam że to poleci teraz 
[19:42:56] <Pony_7_> rainbow factory
[19:42:59] <FireSky> jak ? 
[19:43:04] <NeroDMC4> 125
[19:43:13] <Truss> FireSky znowu dumny z numerka? ;3
[19:43:17] <KiciaWicia^^> Domyslilam sie :p
[19:43:23] <McKey> 128 lepsze
[19:43:28] <Truss> Moja ukochana piosenka! <3
[19:43:37] <KiciaWicia^^> Moja też <3
[19:43:43] <NeroDMC4> Mam tą piosenkę na telefonie nightmare night
[19:43:44] <FireSky> i moja xDDD
[19:43:52] <FireSky> kto nie ma ;p
[19:43:58] <KiciaWicia^^> Fajne skojarzenia z nią mam ^^
[19:43:59] <Vinyl_Scratch_PON3> nightmare night moje ulub
[19:44:04] <Truss> Nero ja też! FireSky serio??? : o
[19:44:07] <McKey> lol ja nie mam :v
[19:44:19] <Truss> ja też mam fajne KiciaWicia^^
[19:44:38] <FlyingButter> Rain remix
[19:44:44] <FlyingButter> &I Remix?
[19:44:48] <FlyingButter> jayb giiglle ymaria
[19:44:51] <FireSky> ==========
[19:44:52] <FlyingButter> giggly maria*
[19:44:58] <Truss> lol ja nie znam ;p
[19:45:01] <FireSky> numerek ? 
[19:45:14] <Vinyl_Scratch_PON3> 33
[19:45:18] <FlyingButter> ja kocham, czy ten remix nie wiem, ale oryginał mój ulubiony z fandomu oprócz Archie'go
[19:45:21] <KiciaWicia^^> Ja tez nie :p
[19:45:25] <FlyingButter> 11
[19:45:30] <FireSky> Flying numerek ? 
[19:45:42] <FlyingButter> 11
[19:46:11] <KiciaWicia^^> Aftermath
[19:46:20] <KiciaWicia^^> Most wonderfull of nights
[19:46:21] <FlyingButter> fire of friendship?
[19:46:23] <FireSky> ============
[19:46:36] *** Joins: NeroDMC (~NeroDMC@Pony-r85.lun.175.46.IP)
[19:46:38] <Vinyl_Scratch_PON3> aftermatch???
[19:46:41] <NeroDMC> Boo hoo asrtive
[19:46:43] <FireSky> numerek kiciu ? ^^ 
[19:46:51] <KiciaWicia^^> Hmm
[19:46:52] <NeroDMC> Fire czat mi padł musiałem f5 zrobić
[19:47:00] <Truss> Fire coś chyba jest ;33
[19:47:09] <FireSky> co jest ? 
[19:47:13] <Truss> xDD
[19:47:19] <Truss> nic nic
[19:47:26] <FireSky> no powiedz :p 
[19:47:39] <Truss> nope ^^
[19:47:42] <Truss> xD
[19:47:45] *** Quits: NeroDMC4 (NeroDMC4@Pony-r85.lun.175.46.IP) (Ping timeout: 121 seconds)
[19:47:45] <NeroDMC> Padł mi czat w taki sposób że nie wyświetlało mi wiadmości na czacie moich i innych
[19:47:45] <FireSky> KiciaWicia numerek ? 
[19:47:48] <Truss> to był troll i żart ;p
[19:48:11] <FireSky> ale co ? 
[19:48:13] <Truss> bez urazy xD
[19:48:25] <NeroDMC> Jak nie czat to radio mi pada
[19:48:43] <Truss> oki doki
[19:48:55] <Truss> Ej Fire co puścisz na przerwę?
[19:49:17] *** Joins: KiciaWicia^^_ (KiciaWicia^@Pony-kdht4r.play-internet.pl)
[19:49:22] <FlyingButter> Foozogz
[19:49:23] <FlyingButter> Together
[19:49:25] <NeroDMC> Foozgooz togheter
[19:49:34] <Vinyl_Scratch_PON3> let the rainbow remind you remix
[19:49:37] <FireSky> =========
[19:49:38] <FlyingButter> 106
[19:49:38] <KiciaWicia^^_> Przepraszam Fire ;-; wywaliło mnie :c
[19:49:43] <Vinyl_Scratch_PON3> foogooz
[19:49:45] <FireSky> spoko ^^ 
[19:50:17] <FireSky> Flying numerek ? 
[19:50:22] <FlyingButter> 106
[19:50:25] <Truss> O !
[19:50:29] <Truss> De;ta jest na Skype!
[19:50:34] <Truss> Delta*
[19:50:35] <NeroDMC> Flying osukisto napisał że wyjdzie po 2 piosnekach a nadal jest
[19:50:45] <FlyingButter> jednak zostanę do 20 c:
[19:50:53] *** Quits: KiciaWicia^^ (KiciaWicia^@Pony-v2rbmp.wagrowiec.vectranet.pl) (Ping timeout: 121 seconds)
[19:51:54] <NeroDMC> Jeff
[19:52:19] <McKey> Derpi!
[19:52:20] <Derpi> McKey!
[19:52:22] <FireSky> ============Beyond the Rainbow
[19:52:33] <FireSky> nero num ? 
[19:52:42] <NeroDMC> 102
[19:52:50] <Truss> ;_;
[19:52:53] <BlackBird> witam
[19:53:09] <Truss> Blakieł!
[19:53:11] <BlackBird> tak
[19:53:12] <Truss> <33
[19:53:24] <NeroDMC> AleX S trixie
[19:53:26] <McKey> <333333333
[19:53:26] <Truss> Trixie the pony troll
[19:53:28] <FlyingButter> nie
[19:53:29] <BlackBird> trixie
[19:53:39] <McKey> Wołam Flyghtinga i roi=bimy bibe xD
[19:53:39] <Truss> xddd
[19:53:44] <FlyingButter> The Great And Powerful Trixie strzelam
[19:53:47] <FlyingButter> rc88?
[19:53:47] <Truss> Yay xD
[19:53:49] <FireSky> ===========Interrobang Pie - Magic in Your Mind
[19:53:52] <Truss> Ja moge zawołać
[19:53:59] *** Quits: Pony_7_ (~Pony_7@Pony-usv68t.internetdsl.tpnet.pl) (Quit: Page closed)
[19:54:02] <FlyingButter> no kurde, tak czułem że IP ;___;
[19:54:17] *** Joins: Daringo (Daringo@Pony-usv68t.internetdsl.tpnet.pl)
[19:54:33] <FlyingButter> laughter
[19:54:37] <FlyingButter> acoustimandobreony
[19:54:46] <McKey> FlyingButter: wut? Znasz go? wut wut
[19:54:53] <McKey> IP taki sławny
[19:54:53] <NeroDMC> Mando brony 
[19:54:58] <FireSky> =============
[19:55:00] <McKey> tylko troche ucuekł z fandomu xD
[19:55:13] <Vinyl_Scratch_PON3> znowu cos znajomego :D
[19:56:10] <FlyingButter> Dobra, to teraz idę i już nie wracam, dobranoc
[19:56:13] <NeroDMC> ciekawe jakie te 2-3 piosenki będą leciały
[19:56:17] *** Quits: FlyingButter (FlyingButte@Pony-af5ltr.interkar.pl) (Quit: Page closed)
[19:56:18] <BlackBird> dobrnanoc
[19:56:20] <BlackBird> Niech Luna będzie z tobą
[19:56:30] <Vinyl_Scratch_PON3> dawac aviatorsow heh xD
[19:56:52] <Truss> Yayy
[19:56:55] <NeroDMC> Flything juz nei bedzie
[19:57:08] <NeroDMC> tlt fnaff daj
[19:57:12] <Vinyl_Scratch_PON3> open your eyes
[19:57:18] <Vinyl_Scratch_PON3> dawac
[19:57:20] <FireSky> ok będzie fnaf
[19:57:26] <Truss> FireSky daj Chrysalis Hardcore Syndrome :3
[19:57:28] <NeroDMC> :yay:
[19:57:39] <Truss> a oki doki xD
[19:57:52] <Truss> Yay #fnafrzyciem
[19:57:57] <Truss> ;33
[19:58:33] <Truss> branoc xddddd
[19:58:50] <BlackBird> ;100001 xd
[20:00:30] <Truss> Blakieł pamiętasz najdłuższy wyraz świata? xdd
[20:01:17] <BlackBird> tia
[20:01:30] <BlackBird> znaczy nienapisze ci go tutaj x
[20:01:31] <Truss> xD
[20:01:38] <Truss> Yay Delta wejdzie zara xD
[20:01:46] <BlackBird> yay?
[20:01:50] <McKey> to ban
[20:01:56] <NeroDMC> Jeśli on wygra to sie załamie xd
[20:01:57] <BlackBird> dum dum dum
[20:02:26] *** Joins: Pony_0 (Pony_0@Pony-4vet85.czeladz.vectranet.pl)
[20:02:32] <BlackBird> witaj randomie
[20:02:38] <NeroDMC> fnaf :yay:
[20:02:42] *** Quits: Pony_0 (Pony_0@Pony-4vet85.czeladz.vectranet.pl) (Quit: Page closed)
[20:02:49] <Pony_9> fnaf <3
[20:02:54] <Truss> Yay FNAF! ;333
[20:03:06] *** Joins: Dawidluna (~Dawidluna@Pony-4vet85.czeladz.vectranet.pl)
[20:03:16] <McKey> .on
[20:03:18] <Derpi> Wróciłam!
[20:03:21] <McKey> jest tu ktoś?
[20:03:21] *** Joins: Delta3120 (Delta3120@Pony-7unsia.static.kolnet.eu)
[20:03:21] <Derpi> Tak, ja
[20:03:22] <BlackBird> witaj randomie z niciem xd
[20:03:23] <McKey> :3
[20:03:26] <NeroDMC> Ave Delta
[20:03:27] <BlackBird> nickiem*
[20:03:29] <McKey> .off
[20:03:30] * Derpi siada w kącie...
[20:03:33] <Delta3120> heja
[20:03:35] <Daringo> five nights at freddy's
[20:03:39] <Delta3120> sorry za spóźnienie..
[20:03:39] <Dawidluna> Five nights at freedy's song
[20:03:44] <Truss> Spoko...
[20:03:52] <Delta3120> jest przerwa?
[20:03:54] <NeroDMC> tak
[20:03:57] <Delta3120> spk
[20:04:03] <Delta3120> no to gratuluje wygranej nero xD
[20:04:03] <NeroDMC> prowadzę mam 23 pkt
[20:04:06] <Daringo> łeee
[20:04:08] <BlackBird> dawid lunia: po 1 zla nazwa po 2 przerwa jest ;)
[20:04:16] <NeroDMC> Ten co  ma 2 miejsce poszexdł sobie
[20:04:24] <Delta3120> masło xD
[20:04:26] <McKey> hm...
[20:04:38] <Truss> Yay mam drugie msc ^^
[20:04:40] <Truss> Z Kicią
[20:04:43] <Delta3120> tak, już mnie moja "uczennica" uprzedziła xD
[20:04:51] <Truss> xD
[20:04:52] <McKey> Entliczek Pentliczek, Czerwony stoliczek na Delta3120 przypadnie na niego ban xD
[20:04:58] <NeroDMC> xd
[20:05:02] <Delta3120> cicho xD
[20:05:02] <Truss> whyy????
[20:05:04] <Dawidluna> The living tombstone five nights at freedy's song
[20:05:17] <BlackBird> przerwa jest
[20:05:20] <Truss> Dawidluna nie trzeba zgadywać jest przerwa
[20:05:20] <NeroDMC> tak
[20:05:20] <BlackBird> niezgadujemy
[20:05:25] <NeroDMC> do 20.10 jest przerwa
[20:05:53] <NeroDMC> Jakąs japan muze se puszcze
[20:06:07] <Truss> xDD
[20:06:16] *** Quits: Pony_rejzo (Pony_rejzo@Pony-o4prbn.adsl.inetia.pl) (Quit: Page closed)
[20:06:17] <BlackBird> hells kitchen ;_;
[20:06:34] *** Quits: Dawidluna (~Dawidluna@Pony-4vet85.czeladz.vectranet.pl) (Quit: Page closed)
[20:06:48] <Truss> ;_;
[20:06:52] <Truss> doł...
[20:06:55] * NeroDMC słucha Japan muzy
[20:07:11] <BlackBird> mckey!
[20:07:11] * McKey kick NeroDMC from #radioyay (McKey:)
[20:07:21] <BlackBird> czemu sla.p jest +g -.-
[20:07:22] <NeroDMC> czemu
[20:07:23] <Truss> Why???
[20:07:27] <McKey> bo jest
[20:07:37] <BlackBird> nie
[20:07:41] <NeroDMC> Linka nie dam bo jak próbowałem to okazało sie ze jest zablokowane
[20:07:42] <BlackBird> ja chcem bic ludzi!
[20:07:54] <BlackBird> usun http z przodu
[20:08:02] *** Joins: Pony_09 (Pony_09@Pony-dg188t.lomza.vectranet.pl)
[20:08:08] * McKey slap BlackBird
[20:08:08] <BlackBird> jak ktos na serio chce zobaczyc to zkopiuje
[20:08:12] <BlackBird> tyy zlyy
[20:08:15] <McKey> bo zaraz odpale BitchX
[20:08:18] <BlackBird> pff
[20:08:25] <BlackBird> dziwka :P
[20:08:36] <BlackBird> nieboje sie jej
[20:08:46] <NeroDMC> www.youtube.com/watch?v=tx52tP2GLA8 
[20:08:46] <Derpi> [YouTube] Title: [Elsword mmd] Shake it ! | Uploader: malgeunna T | Uploaded: 24/12/2012, 15:04 | Duration: 0.06194444444444445hours 43secs | Views: 20,648 | Comments: 76 | Likes: 143 | Dislikes: 10
[20:08:46] <McKey> Bo ona cie znajdzie i wypije http://1drv.ms/1y2iGOr
[20:08:49] <Derpi> [ Microsoft OneDrive - Access files anywhere. Create docs with free Office Online. ] - 1drv.ms
[20:08:59] *** NeroDMC was kicked by McKey (Ban na 10 min za link)
[20:09:21] *** McKey sets mode: +g *www*
[20:09:41] <BlackBird> ty...
[20:09:50] <BlackBird> why
[20:09:50] *** Joins: NeroDMC4 (NeroDMC4@Pony-r85.lun.175.46.IP)
[20:09:52] *** McKey sets mode: +g *blackbird*
[20:09:54] <NeroDMC4> McKey za co
[20:09:54] <BlackBird> ps bez ww tez sie da xd
[20:09:57] <BlackBird> wut
[20:09:59] *** NeroDMC4 was kicked by McKey (ban na 20 minut)
[20:10:08] <McKey> za 3 razem na 24h 
[20:10:12] <BlackBird> wes..
[20:10:19] <BlackBird> idz wyjsc
[20:10:22] *** Joins: Dawidluna (Dawidluna@Pony-4vet85.czeladz.vectranet.pl)
[20:10:32] *** Joins: ChungIP (ChungIP@Pony-r85.lun.175.46.IP)
[20:11:05] <Delta3120> Don;t mine at night
[20:11:09] <ChungIP> Don't mine at night shady vox
[20:11:10] <Truss> dont mine at night shadyvox
[20:11:11] <Delta3120> Shady vox
[20:11:14] <BlackBird> donn't mine at night
[20:11:23] <Pony_09> dont mine at night shadyvox
[20:11:26] <FireSky> ===========
[20:11:29] <Truss> im scared
[20:11:32] <Truss> ogh well
[20:11:35] <Truss> creeper
[20:11:39] <Truss> oh denn
[20:11:41] <BlackBird> ja mam lagi
[20:11:46] <BlackBird> w sensie opuznienie -.-
[20:11:47] <Dawidluna> Don't mine at night wykonawca to chyba Jananimations
[20:11:52] <Truss> nope
[20:11:57] <Truss> Już nie zgadujemy -.-
[20:12:02] <BlackBird> Dawidluna... nie pozatym pod ====
[20:12:11] <BlackBird> jak jest === to juz niezgadujemy
[20:12:25] <BlackBird> niestety trzeba byc szybkim
[20:12:26] <Daringo> Dont Mine At Night
[20:12:28] <FireSky> numerek delta ? 
[20:12:32] <BlackBird> meh
[20:12:33] *** McKey sets mode: +b *!*@*.lun.175.46.IP
[20:12:33] *** ChungIP was kicked by McKey ()
[20:12:37] <McKey> ostrzegałem
[20:12:37] <Delta3120> 48
[20:13:05] <FireSky> było 
[20:13:12] <Delta3120> 64
[20:13:19] <McKey> i teraz możecie pisać se do kogo chcecie nie zdejme
[20:13:34] <Truss> thx! xD
[20:13:39] <BlackBird> omg
[20:13:41] <BlackBird> wywalio mnie
[20:13:45] <Delta3120> evening star
[20:13:50] <Truss> nwm co to ;_;
[20:13:51] <Delta3120> I'm blue
[20:13:56] <Truss> doła mam.... audycjowego doła...
[20:14:01] <McKey> ev star Above equestria ?
[20:14:06] <FireSky> ==========Evening Star - Kindness
[20:14:10] <Delta3120> ajjaja
[20:14:26] <FireSky> numerek ? 
[20:14:33] <Delta3120> ja?
[20:14:35] <Delta3120> 77
[20:14:37] <FireSky> tak 
[20:14:49] <Truss> Ej Delta napisz "Nero!"
[20:14:55] <Delta3120> Nero!
[20:15:05] <Truss> ah nie działa
[20:15:06] <BlackBird> derpi off
[20:15:08] <Delta3120> derpi wyłączona :p
[20:15:11] <FireSky> było 
[20:15:15] <Delta3120> 12
[20:15:16] <McKey> 128
[20:15:25] <Truss> jak ja napisałam to było tak:
[20:15:31] <Truss> [17:36] <Truss> Nero! [17:36] <+Derpi> To ten co ma zawsze 1 ptk różnicy
[20:15:38] <Delta3120> aaa to to znam
[20:15:50] <BlackBird> nero ma bana ;p
[20:15:56] <Delta3120> czemu?
[20:16:00] <BlackBird> nwm 
[20:16:03] <McKey> ....
[20:16:04] <BlackBird> mckeya sie pytaj
[20:16:07] <Delta3120> Loyalty Alex S
[20:16:11] <Truss> wiemy Blakiel
[20:16:11] <McKey> 30 linijek up
[20:16:12] <Delta3120> Drumstep remix
[20:16:16] <FireSky> ==========
[20:16:26] <Delta3120> <3
[20:16:28] <BlackBird> aha za link -.-
[20:16:30] <BlackBird> rllly
[20:16:43] <Delta3120> 152
[20:16:44] <McKey> aktualnie nie
[20:16:48] <McKey> ban za omijanie bana
[20:16:59] <BlackBird> meh...
[20:17:12] <Delta3120> no weś, nie rób mu tego
[20:17:23] <McKey> zasady to zasady
[20:17:30] <McKey> nie po to http jest zablokowane
[20:17:41] <Delta3120> no tak..
[20:18:02] *** Joins: demek1 (demek1@Pony-vvp7i7.net.tomkow.pl)
[20:18:09] <BlackBird> witaj
[20:18:11] *** Quits: Pony_09 (Pony_09@Pony-dg188t.lomza.vectranet.pl) (Quit: Page closed)
[20:18:14] <Delta3120> Omni she is an alarm clock
[20:18:16] <Truss> yourenigma
[20:18:22] <Truss> my roommate is a bassist
[20:18:28] *** Joins: Elektryczna (Elektryczna@Pony-dg188t.lomza.vectranet.pl)
[20:18:30] <FireSky> ==================
[20:18:30] <Truss> Aa oki doki
[20:18:39] <Delta3120> jak omni to omni xD
[20:18:39] <demek1> uszanowanko
[20:18:43] <Truss> Elektri!
[20:18:45] <Vinyl_Scratch_PON3> omni
[20:18:48] <Delta3120> 132
[20:18:55] <Truss> hai
[20:19:05] <Truss> Koniec zgadywania!
[20:19:10] <BlackBird> why
[20:19:53] *** Quits: KiciaWicia^^_ (KiciaWicia^@Pony-kdht4r.play-internet.pl) (Ping timeout: 121 seconds)
[20:20:01] <Truss> po ====== nie zsgadujemy
[20:20:06] <Delta3120> Moonrise
[20:20:15] <Delta3120> TLTrains
[20:20:22] <Delta3120> *L train
[20:20:27] <McKey> Moonrise stage 1 - The L-Train :v
[20:20:31] <FireSky> ============
[20:20:42] <McKey> "nie mam osobno"
[20:20:54] <McKey> twoje słowa gdzie ci słałem paczke osobno
[20:21:01] <McKey> a to jest Karaoke chyba tak troche
[20:21:02] <Vinyl_Scratch_PON3> muzyka jak z jakiegoś filmu sci-fi xD
[20:21:10] <McKey> .g moonrise l-train
[20:21:12] <Derpi> McKey: http://thel-train.bandcamp.com/album/moonrise
[20:21:13] <FireSky> Numerek delta ? 
[20:21:15] <McKey> Vinyl_Scratch_PON3: ^
[20:21:21] <McKey> Stage 2
[20:21:23] <Delta3120> 187
[20:21:26] <McKey> się zaczyna
[20:21:56] <Truss> xDD
[20:21:57] <Delta3120> xD
[20:22:01] <McKey> FireSky: Nero już nie gra
[20:22:02] <Truss> Ej jaka jest tabela?
[20:22:04] <Delta3120> jaka seria xD
[20:22:16] <Delta3120> Winter Wrap up
[20:22:20] <Delta3120> Fozoogz
[20:22:43] <FireSky> ===========
[20:22:54] <Delta3120> zgadłem?
[20:23:00] <Delta3120> O_O
[20:23:15] <BlackBird> niepodal tytulu - tak
[20:23:22] <FireSky> xD
[20:23:23] <Truss> FireSky jaka tabela?
[20:24:10] <Delta3120> a był już Thorinair - Hypersonic?
[20:24:16] <Truss> Ahaa xD
[20:24:33] <Truss> Był Delta
[20:24:33] <Delta3120> 149
[20:25:03] <Delta3120> OMNI clouds
[20:25:06] <Truss> Cloud omni
[20:25:10] <BlackBird> cloud omni
[20:25:11] <Delta3120> *clouds
[20:25:12] <Vinyl_Scratch_PON3> clouuuds yaaaay
[20:25:12] <Truss> <33
[20:25:25] <Truss> clouds* wiem
[20:25:27] <FireSky> ===========
[20:25:30] <Truss> literówka
[20:26:13] <Truss> <33 kocham tą pioss
[20:26:21] <Delta3120> ja też bo to Omni xD
[20:26:22] <Truss> Ale wolę VIP ;p
[20:26:33] <Vinyl_Scratch_PON3> wole bass cannon
[20:26:34] <Truss> Delta xD /)
[20:26:45] <Truss> Jak to na Vinyl Przystało ;p
[20:26:51] *** Joins: Pony_7_ (~Pony_7@Pony-ral2j1.adsl.tpnet.pl)
[20:26:51] <Truss> Też lubię bass cannon
[20:26:55] <Delta3120> Moja ulubiona od omniego to Drowning albo Desert Walker
[20:27:07] <Truss> Spokko
[20:27:46] <Delta3120> no to póść xD
[20:27:47] <Vinyl_Scratch_PON3> o luju
[20:27:50] <Delta3120> zrób maraton w sylwestra
[20:27:52] <BlackBird> dawaj puszczaj!
[20:28:00] <Delta3120> Apple jack theme rc88
[20:28:00] *** Joins: KiciaWicia^^ (KiciaWicia^@Pony-kdht4r.play-internet.pl)
[20:28:01] <Vinyl_Scratch_PON3> wocha party xD
[20:28:08] <Vinyl_Scratch_PON3> *wiocha
[20:28:08] <BlackBird> apple jack starge theme
[20:28:09] <Delta3120> Apple jack theme rc88
[20:28:09] <KiciaWicia^^> Rc88 applejack theme 
[20:28:14] <FireSky> ======
[20:28:45] <Truss> RainbowCrash88 eeyup? ;p
[20:28:53] <KiciaWicia^^> Yup :3
[20:28:53] <FireSky> si
[20:28:58] <Truss> yeey
[20:28:59] *** Quits: Dawidluna (Dawidluna@Pony-4vet85.czeladz.vectranet.pl) (Quit: Page closed)
[20:29:17] <FireSky> numerek black bird ? 
[20:29:23] <BlackBird> ja? 
[20:29:28] <BlackBird> a ile jest max?
[20:29:29] <FireSky> sorka nie
[20:29:33] <Truss> ^o^
[20:29:36] <BlackBird> delta byl pierwszy :v
[20:29:39] <FireSky> albo w sumie ok max 274
[20:29:47] <BlackBird> 152
[20:29:49] <FireSky> Delta już wybierał ;p 
[20:29:55] <Truss> xD
[20:29:59] <Delta3120> leć jak Eivel xD
[20:30:00] *** Joins: Dawidluna (~Dawidluna@Pony-4vet85.czeladz.vectranet.pl)
[20:30:01] <FireSky> było 
[20:30:01] <Delta3120> 177 xD
[20:30:04] <KiciaWicia^^> Heh x3
[20:30:06] <BlackBird> 222
[20:30:20] <Truss> FireSky możesz gadać po audycji???
[20:30:26] <KiciaWicia^^> Zawsze ja trafiam te co byly .-.
[20:30:55] <Delta3120> *Odszedłem xD
[20:30:55] <Truss> Yay ^^
[20:31:11] <Delta3120> Fozoogz Find a pet
[20:31:13] <Truss> szkur
[20:31:15] <Truss> co to
[20:31:17] <BlackBird> jak hakier
[20:31:21] <BlackBird> on ma czity!
[20:31:27] <KiciaWicia^^> Kto? :o
[20:31:30] <Delta3120> nie mam :p
[20:31:30] <Vinyl_Scratch_PON3> delta chadząca wikipedia kurna
[20:31:33] <BlackBird> delta
[20:31:36] <KiciaWicia^^> Nie ma :p
[20:31:40] <BlackBird> ma
[20:31:45] <FireSky> =========Twilight Sparkle- - Original Chiptune MLP theme
[20:31:48] <FireSky> problem ?
[20:31:52] <Delta3120> eee
[20:31:53] <FireSky> xD
[20:31:54] <KiciaWicia^^> Nie :)
[20:31:59] <KiciaWicia^^> Hyhy 
[20:32:03] <FireSky> x3
[20:32:03] <Delta3120> ale to takie podobne...
[20:32:13] <Truss> Delta3120: to teraz w kolejce FoozGooz (ty mnie) Flyghtning (ja cb) Evening Star, Twitch (razem xDD i ktoś jeszcze?)
[20:32:20] *** Quits: Elektryczna (Elektryczna@Pony-dg188t.lomza.vectranet.pl) (Quit: Page closed)
[20:33:04] <Truss> A i rc88
[20:33:12] <Delta3120> Discord Oddysey
[20:33:13] <Truss> Discord oddysey
[20:33:14] <KiciaWicia^^> Discord 
[20:33:15] *** Quits: demek1 (demek1@Pony-vvp7i7.net.tomkow.pl) (Quit: Page closed)
[20:33:24] <KiciaWicia^^> Odyssey eurobeat
[20:33:31] <FireSky> ==========
[20:33:31] <Truss> buhahhahah
[20:33:37] <Truss> muhahahahhahahah
[20:33:37] <KiciaWicia^^> Osu x3
[20:33:38] <Truss> xD
[20:33:44] <Vinyl_Scratch_PON3> przed audycja chyba to bylo ?
[20:33:46] *** Joins: Elektryczna (Elektryczna@Pony-dg188t.lomza.vectranet.pl)
[20:34:02] <McKey> nie
[20:34:13] <Vinyl_Scratch_PON3> jak nie
[20:34:18] <McKey> .history
[20:34:19] <KiciaWicia^^> Jak tak
[20:34:22] <McKey> nie
[20:34:30] <KiciaWicia^^> Nie to nie :p
[20:34:33] <FireSky> handluj z tym xD 
[20:34:39] <KiciaWicia^^> Hahah 
[20:34:46] <Truss> tak jak w jednym odc mlp xD
[20:34:51] <KiciaWicia^^> Jeśli wiesz co ja znacze xD
[20:34:52] <Truss> -za jeden 
[20:34:56] <Truss> -za dwa!
[20:35:02] <BlackBird> -za tszy
[20:35:04] <McKey> Ktoś chce bana?
[20:35:05] *** Quits: Pony_9 (~Pony_9@Pony-js26hl.adsl.tpnet.pl) (Ping timeout: 121 seconds)
[20:35:17] <BlackBird> chanserv
[20:35:21] <McKey> już ma :P
[20:35:21] <Truss> Nie McKey
[20:35:25] <BlackBird> xd
[20:35:50] <Delta3120> Fire sky
[20:35:55] <Delta3120> Zrób maraton na sylwestra
[20:35:59] <BlackBird> tak!
[20:36:06] <Truss> Takkk!!!
[20:36:07] <BlackBird> chcemy!
[20:36:11] <Delta3120> Archie
[20:36:12] <BlackBird> lud chce 
[20:36:13] <McKey> jestem na nie
[20:36:20] <BlackBird> ty niemasz glosu xd
[20:36:24] <BlackBird> tylk normali 
[20:36:26] <Delta3120> Manehatan street
[20:36:27] <BlackBird> w sensie statusem
[20:36:42] <FireSky> ======Silva Hound - Everypony_s Bangin_
[20:36:43] <KiciaWicia^^> Czyli maratonik bedzie x3
[20:36:45] *** McKey sets mode: +b R:m:BlackBird
[20:36:54] <Delta3120> Silva..
[20:36:56] <BlackBird> taki normaly szary uzytkownik kotru nic niemoze
[20:37:00] <Delta3120> tmusze  się pouczyć xD
[20:37:07] <BlackBird> o fajnie niemam glosu :V
[20:37:07] <FireSky> mój komp by nie wytrzymał xD 
[20:37:09] *** McKey sets mode: +b m:R:BlackBird
[20:37:21] *** McKey sets mode: +b m:R:*BlackBird*
[20:37:21] <KiciaWicia^^> Dałby rade :p
[20:37:27] *** McKey sets mode: +b R:m:*BlackBird*
[20:37:31] <McKey> :3
[20:37:37] <Truss> puf puf puf xd
[20:38:10] *** McKey sets mode: -bbbb R:m:*BlackBird* m:R:*BlackBird* m:R:BlackBird R:m:BlackBird
[20:38:11] <Vinyl_Scratch_PON3> ba dum tsss
[20:38:16] <Delta3120> wub wub wub
[20:38:20] <BlackBird> badadum
[20:38:20] <FireSky> Sylwestra to ja będę spędzał ze swoją dziewczyną  ;) 
[20:38:21] <KiciaWicia^^> Dun dun dun
[20:38:29] <Truss> yaay xDD
[20:38:32] <McKey> FireSky: Własna ręka się nie liczy :v
[20:38:32] <Vinyl_Scratch_PON3> wub wub mo********r
[20:38:39] <Truss> ?
[20:38:40] <BlackBird> ale wiecie ze sylwester dopiero w grudniu? 
[20:38:53] <Vinyl_Scratch_PON3> cicho
[20:38:54] <Delta3120> Archie pinkie pie style
[20:38:56] <FireSky> McKey chyba ty :p 
[20:38:57] <Truss> Archie Pinkie pie style
[20:39:04] <McKey> FireSky: zobacz sobie mojego FB :v
[20:39:05] <BlackBird> pinki pie style
[20:39:09] <KiciaWicia^^> Hyhy x33 
[20:39:28] <Truss> Ej co tam Archie mówi??? xDD
[20:39:30] <Truss> Base?
[20:39:32] <FireSky> Nie musze ci się spowiadać :p 
[20:39:41] <BlackBird> "Base base in your face"
[20:39:42] <Truss> czy face? xD
[20:39:45] <Truss> Ahaa xD
[20:39:46] <KiciaWicia^^> Base in your face 
[20:39:46] <Delta3120> to Archie mówi?
[20:39:52] <KiciaWicia^^> Noo ^^
[20:39:58] <Truss> jordl xdd
[20:39:59] <Delta3120> OO
[20:40:12] <BlackBird> rlol
[20:40:29] <Delta3120> ile mam punktów?
[20:40:33] <McKey> 0
[20:40:36] <FireSky> zaraz powiem
[20:40:37] <KiciaWicia^^> To chce na sylwestra x33
[20:40:38] <FireSky> -1
[20:40:39] <Delta3120> okay
[20:40:42] <FireSky> xD 
[20:40:45] <Delta3120> taa xD
[20:40:50] <Truss> whyy xD
[20:40:55] <KiciaWicia^^> Czo?
[20:41:07] <Truss> a party!
[20:41:12] <Delta3120> ale bez nera tak fajnie nie jest..
[20:41:29] <McKey> Delta3120: chcesz do niego dołączyć u Luny?
[20:41:32] <Delta3120> lepsza jest konkurencja :p
[20:41:39] <Delta3120> nie chce
[20:41:41] <Truss> No nie Delta?
[20:42:00] <McKey> i co FireSky sprawdził?
[20:42:18] <BlackBird> McKey: a z kad wiesz ze nero niejest u celesti/molesti?
[20:42:33] <McKey> Bo ja wysyłam do luny
[20:42:36] <Truss> jak zwylke jestem na 3-cim xDDD
[20:42:39] <McKey> nie jestem taki zły jak ty :v
[20:42:40] <BlackBird> lobosh
[20:42:41] <Delta3120> Assertivenes Fluttershy like trains
[20:42:47] <Truss> Fluttershy likes trains
[20:42:48] <KiciaWicia^^> Fluttershy likes trains
[20:42:49] <KiciaWicia^^> Haha
[20:42:51] <Truss> Marvin Kubon
[20:42:52] <BlackBird> fluttershy like trains
[20:42:54] <BlackBird> !
[20:42:55] <Vinyl_Scratch_PON3> i like trains
[20:42:56] <FireSky> =======
[20:42:56] <BlackBird> yay!
[20:43:01] <Truss> yaay
[20:43:09] <BlackBird> uwielbiam ta piosenke :D
[20:43:16] <Delta3120> ej, takżeś podpowiedział że se już to napisałem i skopiowałem na wszelki wypadek xD
[20:43:16] <Truss> ja też /)
[20:43:18] <McKey> 4x speed :3
[20:43:20] <KiciaWicia^^> Po 5h sluchania już nie moge xD
[20:43:22] <BlackBird> (\
[20:43:51] *** Quits: Daringo (Daringo@Pony-usv68t.internetdsl.tpnet.pl) (Quit: Page closed)
[20:43:57] <FireSky> ja jej słuchałem 5 h w pociągu xD
[20:44:08] <KiciaWicia^^> Serio? No co ty nie powiesz xD
[20:44:15] <McKey> FireSky: BronyTrain na mlk2015 :3
[20:44:28] <FireSky> :3 
[20:44:28] <BlackBird> Louder!
[20:44:33] <KiciaWicia^^> Ja też x3
[20:44:40] <Vinyl_Scratch_PON3> to coś rujnuje mi psyche xD
[20:45:12] <Delta3120> Dustykatt becomin popularrrrr
[20:45:15] <KiciaWicia^^> Hahahah 
[20:45:24] <FireSky> ===========
[20:45:27] <BlackBird> becoming popularrr
[20:45:43] <BlackBird> fuu akuat mi sie vps zaciol ;_;
[20:45:45] <FireSky> numerek ? 
[20:45:47] <Vinyl_Scratch_PON3> ahahahaha wtf?! looool badum tss
[20:45:48] <BlackBird> a znam to 
[20:45:51] <Delta3120> 62
[20:46:03] *** Quits: Dawidluna (~Dawidluna@Pony-4vet85.czeladz.vectranet.pl) (Quit: Page closed)
[20:46:30] <Truss> Yaay
[20:46:31] <Delta3120> Kiciawicia^^ to dziewczyna Firesky?
[20:46:36] <McKey> nope
[20:46:40] <FireSky> tak 
[20:46:43] <KiciaWicia^^> Hyhyhy
[20:46:43] <Delta3120> :3
[20:46:48] <Truss> Wiedziałam ^^
[20:46:51] <McKey> no to niestety musze zbanować
[20:46:52] <KiciaWicia^^> Wysoce prawdopodobne :)
[20:46:57] <McKey> Porzegnajcie się
[20:46:58] <Delta3120> to Truss zauważyła xD
[20:47:00] <BlackBird> Odłamkowym Ładuj!
[20:47:00] <KiciaWicia^^> Nie D:
[20:47:02] <Truss> xD
[20:47:04] <FireSky> ?
[20:47:11] <Vinyl_Scratch_PON3> przeciw pancernym 
[20:47:17] <BlackBird> odlamkowym
[20:47:21] <Truss> whyyy
[20:47:22] <Vinyl_Scratch_PON3> podkalibrowym
[20:47:28] *** Quits: KiciaWicia^^ (KiciaWicia^@Pony-kdht4r.play-internet.pl) (Quit: Page closed)
[20:47:31] <BlackBird> bo moze jeszcze ktos oberwie przy okazji xd
[20:47:32] * McKey ładuje Magnum
[20:47:40] <Vinyl_Scratch_PON3> o kurrr...
[20:47:45] <McKey> To jak?
[20:47:50] <BlackBird> Odłamkowym Ładuj!
[20:47:50] <McKey> Dziewczyna czy nie?
[20:47:58] <Vinyl_Scratch_PON3> mam t34 85 bez pocisków
[20:48:03] <Delta3120> Przychodzi mkr do lekarza a lekarz to McKey
[20:48:07] <Delta3120> xD
[20:48:07] <BlackBird> ja mausa !
[20:48:09] <McKey> WUT
[20:48:18] <BlackBird> rlol
[20:48:19] *** Joins: Bizonek^^ (Bizonek^^@Pony-kdht4r.play-internet.pl)
[20:48:20] <Delta3120> taki suchar :p
[20:48:27] <Vinyl_Scratch_PON3> a ja hetzera z  dzialem jg.pz e100
[20:48:28] <McKey> rotfl
[20:48:32] <Bizonek^^> I'm back :3
[20:48:37] <Truss> yaay
[20:48:50] <Delta3120> !roulette
[20:48:50] <Pinkamena> *CLICK*
[20:49:00] <BlackBird> vinyl to aktualnie niemozesz sie ruszyc z dzialem wbitym w ziemie :V
[20:49:13] <Vinyl_Scratch_PON3> oj tam oj tam
[20:49:18] <Delta3120> !8ball czy Nero wygra audycje?
[20:49:20] <BlackBird> ja mam T1 z dzialem od T92
[20:49:28] <BlackBird> !eightball
[20:49:28] <GameServ> Yes, yes, yes, and yes again.
[20:49:29] <Vinyl_Scratch_PON3> bunkier heyhy
[20:49:40] <Delta3120> !eightball czy nero wygra audycje?
[20:49:40] <GameServ> Maybe.
[20:49:47] <Vinyl_Scratch_PON3> a ja ms1 z dzialem ob 268
[20:49:53] <Delta3120> Always a good time princess whatever
[20:50:05] *** Joins: ApulJack (ApulJack@Pony-iecdi9.adsl.inetia.pl)
[20:50:07] <FireSky> =========
[20:50:13] <McKey> no to już nie wygra xD
[20:50:22] <Bizonek^^> A nie :3
[20:50:31] <FireSky> numerek delta ? 
[20:50:46] <Delta3120> 201
[20:51:04] <Eivel> dobry
[20:51:09] <Delta3120> Eivel!
[20:51:10] <Eivel> trochę zaspałem
[20:51:12] <Bizonek^^> Doberek :)
[20:51:15] <Truss> Eivel@
[20:51:18] <Truss> !*
[20:51:18] <Delta3120> Vylet
[20:51:31] <Delta3120> też to uwielbiam a tytułu nie pamiętam... -_-
[20:51:39] <Delta3120> wiem że to chyba Vylet
[20:51:43] <Vinyl_Scratch_PON3> molestia castle...
[20:51:49] <FireSky> Steven, A.D. fixes AwkwardMarina - Deejay Just Like Me
[20:51:52] <McKey> aa...
[20:51:52] <FireSky> ----
[20:52:00] <BlackBird> deejay just like me!
[20:52:01] <McKey> Win 10 ma 8k rozdzielczość
[20:52:06] <Delta3120> zapisać tytuł..
[20:52:09] *** Joins: Dawidluna (Dawidluna@Pony-4vet85.czeladz.vectranet.pl)
[20:52:29] <Truss> Blakieł tak bardzo xD
[20:52:31] <Bizonek^^> Fajne to :D 
[20:52:41] <Vinyl_Scratch_PON3> takie se
[20:52:49] <Bizonek^^> Ee tam x3
[20:52:51] <Truss> Noo :DD
[20:53:07] *** Joins: demek1 (demek1@Pony-vvp7i7.net.tomkow.pl)
[20:53:30] <Delta3120> Ej... ja nabiłem 40 ptk w 45 minut?
[20:53:33] <Vinyl_Scratch_PON3> yay ale duzo hehe
[20:53:40] <Eivel> swingtavi swing
[20:53:40] <Vinyl_Scratch_PON3> 10 pkt
[20:53:42] <Delta3120> Swing tavi Swing joaf the loaf
[20:53:43] <Truss> swing tavi swing
[20:53:45] *** Joins: BlackWolf (androirc@Pony-fp38u8.dynamic.chello.pl)
[20:53:47] <Bizonek^^> Swing tawi swing
[20:53:47] <Truss> loaftheloaf
[20:53:47] <Eivel> joaf the loaf
[20:53:49] <FireSky> ===========
[20:53:51] <BlackWolf> rrrly
[20:53:52] <McKey> Eivel: bo to wygrasz jeszcze xD
[20:54:04] <Truss> yaay pkt maam
[20:54:08] <Truss> ilee?
[20:54:10] <Eivel> nah, autora nie pamiętałem, Delta podał pierwszy oba :P
[20:54:11] <Bizonek^^> Tfuu tavi .-.
[20:54:20] <Truss> a ja druga xD
[20:54:25] <Eivel> yup
[20:54:28] <Delta3120> Eivel, bo trudny jest :p
[20:54:34] <McKey> BlackWolf: moze sąsiadów masz dupnych
[20:54:53] <FireSky> Eivel numerek ? 
[20:54:54] <BlackWolf> niby co oni maja do tego?
[20:54:55] <Delta3120> to foxxy śpiewa xD pozdro dla kumatych :p
[20:55:02] <McKey> niby w teori nic
[20:55:04] <Truss> eee? xdd
[20:55:06] <FireSky> tak xD
[20:55:07] <McKey> ale coś mogą dawać
[20:55:12] <BlackWolf> lul
[20:55:19] <BlackWolf> ale to vps odwala
[20:55:24] <FireSky> Eivel numerek ? 
[20:55:25] <McKey> no mówie
[20:55:30] <McKey> a gdzie VPS stoi?
[20:55:36] <McKey> Na dedyku który jest podzoelony
[20:55:42] <Eivel> FireSky: 77
[20:55:44] <Truss> Delta skype
[20:55:50] <Bizonek^^> Jeszcze 5 minut
[20:55:50] <BlackWolf> a w sensie sasiedzi na maszynie xd
[20:55:55] <Truss> nieee D:
[20:55:59] <McKey> Ale akurat tym to najlepiej Ashley`się zna :P
[20:56:08] <BlackWolf> ona niezyje
[20:56:12] <McKey> Ashley`: 
[20:56:13] <McKey> Ashley`: 
[20:56:13] <McKey> Ashley`: 
[20:56:14] <McKey> Ashley`: 
[20:56:27] <McKey> 5h temu była
[20:56:37] <BlackWolf> a teraz jej niema
[20:56:40] <McKey> ano nie
[20:56:51] <McKey> Loyality xD
[20:56:56] <BlackBird> chadzia vps
[20:57:04] <BlackBird> ale zostawie andoric.. tak na zas
[20:57:08] <McKey> FireSky: ALE NERO NIE GRA!!
[20:57:17] <Truss> gra
[20:57:24] <McKey> Gdzie jest niby?
[20:57:39] <Truss> słucha
[20:57:49] <Truss> szkur...
[20:57:51] <Delta3120> Proud to be a brony
[20:57:52] <Truss> co to
[20:57:56] <McKey> No to zaraz też pszestanie :v
[20:58:02] <Vinyl_Scratch_PON3> delta ty wikipedio
[20:58:11] <FireSky> ============
[20:58:13] <Delta3120> Black Gryph0n
[20:58:16] <Delta3120> :p
[20:58:23] <Bizonek^^> Taka fajna piosenka x3 
[20:58:30] <FireSky> dokładnie x3
[20:58:42] <Truss> Eeyup ;p
[20:58:44] <Truss> :P
[20:58:46] <Truss> :p
[20:58:52] <Bizonek^^> Are hou proud to be brony? X3
[20:58:58] <Bizonek^^> You*
[20:59:09] <Truss> jak zwykle! xDD
[20:59:13] <Delta3120> no wtf, gdybym przyszedł na 19:00 to bym rekord pobił -_-
[20:59:18] <Bizonek^^> ^^
[20:59:20] *** Quits: Dawidluna (Dawidluna@Pony-4vet85.czeladz.vectranet.pl) (Quit: Page closed)
[20:59:21] <BlackBird> czek czyli ktory jestem? xd
[20:59:22] <Truss> papatki niech Luna będzie z Tobą :DD
[20:59:23] *** Quits: ApulJack (ApulJack@Pony-iecdi9.adsl.inetia.pl) (Quit: Page closed)
[20:59:25] <BlackBird> Niech Luna będzie z tobą
[20:59:27] <BlackBird> Dobranoc /)
[20:59:34] <Bizonek^^> Papa *hug*
[20:59:38] *** Quits: Pony_7_ (~Pony_7@Pony-ral2j1.adsl.tpnet.pl) (Quit: Page closed)
[20:59:38] <Vinyl_Scratch_PON3> niech moc bedzie z wami xD
[20:59:39] <Truss> papatki
[20:59:55] <McKey> iptables -I OUTPUT -d 93.105.126.80 -j DROP
[20:59:59] <McKey> I dziękuje panu
[21:00:03] <BlackBird> wuut
[21:00:08] <BlackBird> haker!
[21:00:09] <McKey> BlackBird: Firewall
[21:00:15] <BlackBird> dzwonie na bagiety
[21:00:21] <Ashley`> McKey: fuuuk u
[21:00:28] <McKey> Ashley`: sama się
[21:00:31] <BlackBird> ashley! zyjesz
[21:00:43] *** Quits: Bizonek^^ (Bizonek^^@Pony-kdht4r.play-internet.pl) (Quit: Page closed)
[21:00:44] <Vinyl_Scratch_PON3> ktos w cos zagra xD
[21:00:47] <McKey> nie
[21:00:54] <FireSky> pa wam ^^ 
[21:00:55] <BlackBird> ja
[21:00:56] <Ashley`> so sie dzieje
[21:00:56] <Vinyl_Scratch_PON3> nq
[21:00:57] *** Quits: FireSky (FireSky@Pony-sq58b7.dynamic.chello.pl) (Quit: Page closed)
[21:00:57] <BlackBird> w pulpit
[21:00:59] <BlackBird> Niech Luna będzie z tobą
[21:00:59] <Ashley`> cos ktos chcial
[21:01:01] <BlackBird> Dobranoc /)
[21:01:03] <BlackBird> meh
[21:01:14] *** Quits: Vinyl_Scratch_PON3 (Vinyl_Scrat@Pony-rc66dt.szczecin.mm.pl) (Quit: Page closed)
[21:01:16] <Ashley`> ITKitty to the rescue
[21:01:32] <BlackBird> wut
[21:02:00] *** Quits: Elektryczna (Elektryczna@Pony-dg188t.lomza.vectranet.pl) (Ping timeout: 121 seconds)
[21:02:03] <Ashley`> no ktos cos chcial
[21:02:10] <Ashley`> key mnie pingal
[21:02:11] <demek1> jedna z moich ulubionych
[21:02:13] <BlackBird> eem
[21:02:23] <Ashley`> cos jakis serwer ale nie chce mi sie szukac wiadomosci o tym
[21:02:36] <BlackWolf> aaa mi vps magie odwal
[21:02:38] <McKey> BlackBird: ma problemy z serwerem
[21:02:42] <BlackWolf> odwala*
[21:02:46] *** Quits: Delta3120 (Delta3120@Pony-7unsia.static.kolnet.eu) (Quit: Page closed)
[21:02:53] <Ashley`> ovh vps classic?
[21:02:59] <BlackWolf> tak
[21:03:01] <BlackWolf> classic 1
[21:03:08] <Hck> .
[21:03:21] <Ashley`> load sie zwieksza jak szalony co jakis czas i opada?
[21:03:28] <BlackWolf> tak xd
[21:03:39] <Ashley`> sasiedzi :v
[21:03:42] <Ashley`> tez tak mialam
[21:03:45] <Ashley`> loady 120 i tak dalej
[21:03:49] <BlackWolf> meh
[21:03:57] <BlackWolf> ja mam tylko max 10 xd
[21:04:02] <Ashley`> musisz przeczekac kilka dni albo pisac do supportu
[21:04:13] <Ashley`> no 10 a potem sie na serwer nie mozesz polaczyc zeby sprawdzic xD
[21:04:18] <Ashley`> ja skryptem na strone wrzucalam loady
[21:04:22] <McKey> xD
[21:04:26] <Ashley`> jezeli to ta sama sytuacja co ty masz
[21:04:34] <Ashley`> ale htop twoim przyjacielem
[21:04:54] <BlackWolf> taa jagbym wiedzial coto xd
[21:06:09] *** McKey sets mode: -g *www*
[21:06:12] *** McKey sets mode: -g http*
[21:06:17] <McKey> program
[21:06:18] <BlackBird> sla.p
[21:06:18] <McKey> htop
[21:06:25] <McKey> slapa nie odblokuje :3
[21:06:34] <BlackBird> :|
[21:06:43] <Truss> Yay Open Your Eyes ^^
[21:06:50] <BlackBird> hurej
[21:06:55] <Truss> lubiem
[21:07:15] <Truss> bardzzo
[21:08:36] <BlackWolf> looomg
[21:08:46] <BlackWolf> i co niby w tym htop mam zobaczyc? :V
[21:09:01] <BlackWolf> normalne top tylko kolorkowe
[21:09:04] <McKey> procesy
[21:09:13] <McKey> htop daje ci pare innych xD
[21:09:34] <Ashley`> BlackWolf: no nie bo masz normalne sterowanie nie wymagajace czytania manow
[21:09:46] <Ashley`> BlackWolf: w htopie i iotopie zobacz co ci procesor i dysk zajmuje
[21:09:58] <BlackWolf> no wlasnie nic
[21:09:59] <Ashley`> BlackWolf: w sensie zobacz czy to z twojego vpsa cos
[21:10:03] <Ashley`> BlackWolf: no to pewnie sasiedzi
[21:10:04] <BlackWolf> przynajmniej nie az tak
[21:10:26] <BlackWolf> weechat i boty ale to odrobina i tona syfu ktorego nieznam i nieogarniam
[21:12:16] <Ashley`> to poznaj
[21:12:29] <BlackWolf> czemu muj bot jest pokazany 5 razy mimo iz jest 1?
[21:12:50] <McKey> bo htop tak pokazuje :3
[21:13:00] <BlackWolf> aham
[21:13:04] <BlackWolf> lul
[21:13:15] <McKey> proponuje sobie odpalić tree
[21:13:32] <BlackWolf> mam
[21:13:40] <McKey> i tam wszystko poznasz
[21:13:45] <McKey> od podstaw (init)
[21:14:03] <Ashley`> BlackWolf: googlaj
[21:14:13] <Ashley`> BlackWolf: to ma jakis sens ale juz nie pamietam xD
[21:14:18] <BlackWolf> poczo
[21:14:26] <BlackWolf> co mam wygooglowac
[21:14:30] <Ashley`> zeby wiedziec wiecej
[21:14:33] <McKey> Ashley`: jakis tam ma ale nieważne, ważne że działa xD
[21:14:34] <Ashley`> no to o co pytales
[21:14:42] <BlackWolf> tak mckey xd
[21:16:11] <McKey> Hm...
[21:16:41] <McKey> Ashley`: znasz może jakiegoś trika do znc albo jakiegoś bota co z ZNC ogarnie aby banować na dany czas?
[21:16:52] <McKey> tego tak naprawde mi zawsze brakuje :P
[21:16:59] <BlackWolf> bitchx ma /timer
[21:17:08] <BlackWolf> znowu mi vps'a wywalio
[21:17:11] <McKey> ale jego chyba zdalnie nie obsłuże
[21:17:12] <Ashley`> napisz bota
[21:17:16] <Ashley`> albo chanserv
[21:17:24] <McKey> chanserva hop nie ma
[21:17:29] <McKey> polecenia only
[21:17:32] <Ashley`> to niech ci dadza
[21:17:34] <BlackWolf> siedze w htop nic sie nedzieje nagle lag nic niemoge robic xd
[21:17:37] <McKey> a napisać aktualnie mi się nie chce xD
[21:17:47] <BlackWolf> ja moge napiasc 9_6
[21:17:51] <BlackWolf> napisac*
[21:17:52] <McKey> taaaaa
[21:17:57] <Ashley`> chanserv ma jakies rozne ustawienia bezpieczenstwa I dostepow I w ogole
[21:17:57] <BlackWolf> taa xd
[21:17:58] <McKey> jeszcze czego
[21:18:21] <BlackWolf> co ty chcesz od moich botow? :P
[21:19:00] <BlackWolf> a no tak nieumiem uprawnien :<
[21:19:04] <BlackWolf> kazdy by mugl banowac xd
[21:19:06] <BlackWolf> fajnie
[21:20:03] <BlackWolf> ty az zrobie xd
[21:20:16] <BlackWolf> wiem ze niechcesz i oberwie bana jak tylko wejdzie ale zrobie :V
[21:20:20] <BlackWolf> bo mi sie nudzi
[21:21:21] <BlackWolf> http://imgur.com/UFl8cu6.jpg
[21:21:23] <BlackWolf> meh
[21:21:27] <McKey> .on
[21:21:29] <Derpi> Wróciłam!
[21:21:30] <McKey> meh
[21:21:31] <Derpi> http://derpy.me/mo1e0
[21:21:31] <BlackWolf> yay
[21:21:31] <Derpi> RadioYay!
[21:22:00] <McKey> nie ma nic na temat HalfOp i obsługi przez chanserva
[21:22:21] <McKey> !acces list
[21:22:34] <McKey> !ACCESS list
[21:22:48] <McKey> !ACCESS help
[21:22:57] <McKey> !help ACCESS
[21:23:05] <McKey> !ACCESS set
[21:23:08] *** Quits: demek1 (demek1@Pony-vvp7i7.net.tomkow.pl) (Quit: Page closed)
[21:23:13] <BlackWolf> polecam msg
[21:23:15] <McKey> !ACCESS set McKeyPL
[21:23:22] <McKey> !ACCESS set McKeyPL ChanServ
[21:23:27] <McKey> hm...
[21:23:36] <BlackWolf> founder moze tylko :P
[21:23:38] <BlackWolf> chyba
[21:23:38] *** Joins: demek1 (~demek1@Pony-vvp7i7.net.tomkow.pl)
[21:23:44] <McKey> op zwykly tez
[21:23:53] <BlackWolf> ale ty jestes halpop
[21:23:55] <demek1> dobranoc i narka
[21:23:56] <McKey> ba
[21:23:58] <BlackWolf> dobranoc
[21:23:59] <Derpi> Tymczasem :D
[21:24:02] <Truss> paa
[21:24:06] <BlackWolf> niech luna bedzie z toba
[21:24:06] <Derpi> Kolorowych snów
[21:24:17] *** Quits: demek1 (~demek1@Pony-vvp7i7.net.tomkow.pl) (Quit: Page closed)
[21:24:24] <BlackWolf> meeh niemoge na vps'a wejsc ;_;
[21:26:21] <McKey> !hop list
[21:26:38] <BlackWolf> chadzia vps 9_6
[21:26:43] <BlackWolf> sie samo naprawilo9
[21:26:45] <McKey> !!ACCESS set McKeyPL ChanServ
[21:26:55] <McKey> !HELP ACCESS LEVELS
[21:27:33] <McKey> !HELP LEVELS
[21:27:59] <BlackWolf> co ty dzialasz
[21:28:14] <McKey> szukam
[21:28:45] <McKey> !help role
[21:28:59] <McKey> !role list
[21:29:08] <McKey> i juz mam wszystko
[21:29:42] <BlackWolf> oomg
[21:29:57] <BlackWolf> wywailo error " 2015 Mar 24 21:27:00 vps135222 PAM service(sshd) ignoring max retries; 6 > 3' i wywalilo z vps'a -.-
[21:30:03] <BlackWolf> wtf sie dzieje
[21:30:17] <McKey> !help flags
[21:30:47] <McKey> !flags
[21:30:55] <McKey> !flags add
[21:31:04] <McKey> !flags McKeyPL -H
[21:31:08] <McKey> ...
[21:31:09] <McKey> ...
[21:31:17] <McKey> nie moge zdjąć sobie AutoHopa
[21:34:09] <BlackWolf> hue hue
[21:34:09] <Derpi> hahaha dobre
[21:34:34] <McKey> no nie hłe hłe
[21:34:34] <Ashley`> http://i.imgur.com/WiVxRQk.png "3
[21:34:37] <Ashley`> *:3
[21:34:51] <McKey> Server czy win 10?
[21:35:00] <McKey> server 2k12 :v
[21:35:17] <McKey> BTW Nowe KDE?
[21:35:56] <Ashley`> nowe kde, win10
[21:36:04] <McKey> Hm...
[21:36:18] <McKey> I czego Debiany nie lubią mojego lapka ;_;
[21:38:01] <Ashley`> arch linux hier
[21:39:51] <McKey> No kurde ...
[21:40:02] <McKey> Musze kiedyś spróbować ale ta instalacja mnie dołuje xD
[21:40:41] <Ashley`> prosta jest
[21:40:46] <McKey> no właśnie
[21:40:50] <Ashley`> debiana tez teraz juz w taki sposob jak archa instaluje
[21:40:53] <Ashley`> bez instalatora :v
[21:40:58] <Ashley`> tylko z live archa
[21:41:09] <McKey> Debiana bez instalki tylko z live? wut?
[21:41:17] <McKey> Zawsze netinstala zasysam :P
[21:41:59] <Ashley`> no z live arch linuxa debiana instaluje
[21:42:20] <McKey> Odpalasz Live Archa aby instalować Debiana?
[21:42:55] <Ashley`> no
[21:43:08] <Ashley`> w sensie jak mam archa na kompie albo innego linuksa to nie
[21:43:16] <Ashley`> ale jak na czysto to z archa
[21:44:11] *** Quits: Truss (~Truss@Pony-a6h.0cm.130.31.IP) (Ping timeout: 121 seconds)
[21:46:11] <McKey> Jak widze na wiki to dalej jest jazda z poleceniami więc nope
[21:48:52] <Ashley`> zawsze bedzie jazda z poleceniami
[21:48:55] <Ashley`> kiedys byl instalator
[21:48:57] <Ashley`> zostal usuniety
[21:49:15] <McKey> no ej.... Instalator jest fajny bo odpalasz i możesz iść
[21:51:21] <McKey> Coś jest v
[21:51:22] <McKey> https://github.com/helmuthdu/aui
[21:51:23] <Derpi> [ helmuthdu/aui · GitHub ] - github.com
[21:51:32] <McKey> To może się pobawie ... w piątek?
[21:51:46] <McKey> Albo w czwartek
[21:51:57] <McKey> tak w czwartek się pobawie na projektach xD
[21:52:35] <McKey> tylko pytanie Ashley`jak tam ze sterownikami? Standardowo czy mogą być jaja z Wi-Fi intela?
[21:52:54] <Ashley`> McKey: sprawdz na wiki
[21:53:06] <Ashley`> wiki archa > *
[21:53:15] <McKey> domyś się :3
[21:53:20] <Ashley`> McKey: jezeli chcesz uzywac instalatora to nie uzywaj archa
[21:53:29] <Ashley`> McKey: bo wtedy to wszystko traci sens
[21:53:42] <McKey> why?
[21:53:52] <Ashley`> no bo o to chodzi w archu ze znasz swoj system
[21:53:58] <Ashley`> a z instalatorem tego nie ma
[21:54:00] <McKey> no ok
[21:54:11] <Ashley`> i jak sie zepsuje to problem
[21:54:16] <McKey> ale jak chce zainstalować na firsta to wole czymś się podeprzeć
[21:54:58] <Ashley`> nie
[21:54:58] <Derpi> tak, tak było
[21:55:13] <Ashley`> jak juz to na vm sobie zainstaluj na probe
[21:55:30] <McKey> win 10... VirtualBox rozwala system... Dzięki wiesz 
[21:55:41] <McKey> Kochana jesteś xD
[21:56:05] <McKey> ale dobra
[21:56:09] <McKey> ide spać. Branoc
[21:56:20] <Ashley`> no to twoja wina ze uzywasz systemu niestabilnego :v
[21:56:22] <BlackWolf> http://www.thepoke.co.uk/wp-content/uploads/2014/10/qFcVLYY.jpg
[21:56:29] <Ashley`> poza tym
[21:56:32] <Ashley`> qemu hier xD
[22:00:59] *** Quits: Andragor (Andrabot@Pony-ah10a7.adsl.inetia.pl) (Quit: ChatZilla 0.9.91.1 [Firefox 36.0.4/20150320202338])
[22:01:20] *** Quits: ElectricPsoras (Thunderbird@Pony-ep1t0m.adsl.tpnet.pl) (Quit: Bye horsies!)
[22:53:08] <BlackWolf> .song
[22:53:08] <Derpi> Na antenie: 51Dzyogas - Portal - Aby posłuchać radia, wejdź na http://radioyay.net/player
[22:53:12] <BlackWolf> yay! ^^
[22:56:50] *** Joins: Arrak (Arrak@Pony-mm3b5r.adsl.inetia.pl)
[22:56:58] <Arrak> Hai!
[22:56:59] <Derpi> print("Hello, World!") (Python)
[22:57:22] *** Joins: Pony_6 (~Pony_6@Pony-dfl2rp.adsl.tpnet.pl)
[22:58:11] *** Quits: Pony_6 (~Pony_6@Pony-dfl2rp.adsl.tpnet.pl) (Quit: Page closed)
[22:58:17] <Arrak> Jutro mam za zadanie puszać piosenki przez szkolny radiowęzel, moglibyście zaproponować jakieś fandomowe?
[22:59:03] <BlackWolf> pusc radioyay ;d
[22:59:35] <Arrak> To byl moj plan, ale internetu tam nie lapie D:
[22:59:35] <BlackWolf> a jak nie to nwm.. awoken, discord tlt czy inne bardzo znane
[22:59:58] <BlackWolf> alex s. intro remix
[23:00:08] <BlackWolf> dzyogaz - portal
[23:00:17] <BlackWolf> sluchaj radia i wybieraj jakie ci sie podobaja
[23:00:24] <BlackWolf> .song
[23:00:24] <Derpi> Na antenie: 51Cyril the Wolf - Hail Lord Tirek - Aby posłuchać radia, wejdź na http://radioyay.net/player
[23:16:28] *** Quits: Arrak (Arrak@Pony-mm3b5r.adsl.inetia.pl) (Quit: Page closed)
[23:33:37] *** Joins: Lunar (~Lunar@Pony-791o7v.138.skyware.pl)
[23:34:07] *** Lunar is now known as Pony_22531
[23:48:15] <Pony_22531>  /msg FlutterBot !autodj-stop
[23:51:20] <BlackWolf> to tak niedziala
[23:52:56] *** Quits: BlackWolf (androirc@Pony-fp38u8.dynamic.chello.pl) (Quit: programowanie niszczy muzg)
[23:53:03] *** Joins: BlackWolf (androirc@Pony-fp38u8.dynamic.chello.pl)
[23:53:07] <BlackBird> wut
[23:53:21] *** Quits: BlackWolf (androirc@Pony-fp38u8.dynamic.chello.pl) (Quit: programowanie i irc niszczy muzg)
[23:53:28] *** Joins: BlackWolf (androirc@Pony-fp38u8.dynamic.chello.pl)
[23:53:34] *** Parts: BlackWolf (androirc@Pony-fp38u8.dynamic.chello.pl) ("Zamknij wiadomość")
[23:53:43] <BlackBird> lol
[23:53:44] <Derpi> haha
[23:54:28] *** Joins: Pony_8 (Pony_8@Pony-dfl2rp.adsl.tpnet.pl)
