[00:37:50] <MisiekShy> https://www.youtube.com/watch?v=7vSVjk4L1QE
[00:42:39] *** Quits: MisiekShy (~Misiek@aehb214.neoplus.adsl.tpnet.pl) (Ping timeout: 246 seconds)
[00:55:35] *** Joins: Misiek (~Misiek@aaqy134.neoplus.adsl.tpnet.pl)
[00:56:52] <izeer_BeerPony> co tam jak tam
[00:56:57] <izeer_BeerPony> nie spi ktoś tu?
[00:59:54] <Misiek> co jak gdzie
[01:00:02] <Misiek> to nie ja
[01:00:09] <Misiek> jestem nie winny
[01:00:16] <Misiek> mówiła że ma 16 lat
[01:02:44] <izeer_BeerPony> Misiek:  https://www.youtube.com/watch?v=Okn2d1b2Jj4 kolejna nocna
[01:05:19] <Misiek> https://gifsound.com/?gif=x3.cdn03.imgwykop.pl/c3201142/comment_UAqCij36yZrfgjzEDhJqadtRaFTsuQJl,w400.jpg&v=izGwDsrQ1eQ
[01:05:21] <Misiek> da
[01:05:46] <izeer_BeerPony> dzisiaj bez feelsów
[01:06:30] <Misiek> a ja moge
[01:06:31] <Misiek> https://www.youtube.com/watch?v=5g6f-tPUmCA
[01:07:17] <izeer_BeerPony> za motzne
[01:08:28] <izeer_BeerPony> ciekawe co u mojego kumpla co do woja idzie
[01:08:37] <izeer_BeerPony> rok temu robił w radiu watykan na karachanie
[01:08:58] <izeer_BeerPony> papież tańczy w twoim domu
[01:13:06] <izeer_BeerPony> ja pierdole, widziałem dzisiaj jakąś karyne z opaską konohy na czole, w galerii handlowej
[01:13:31] <izeer_BeerPony> czyli jednak stuleje wychodzo do ludzi
[01:17:49] <Misiek> xD
[01:18:13] <VoThall> branoc
[01:18:17] <Misiek> jo raz widziałem taka z ogonem przyczepionym do paska z tyłu
[01:18:20] <Misiek> elo elo
[01:18:30] <Misiek> inne miały jakies dziwne dodatki
[01:18:38] <Misiek> chyba#furry
[01:18:39] <Misiek> xD
[01:22:51] <izeer_BeerPony> podbijałeś?
[01:30:01] <Misiek> takie całkiem 7/10 ale nie
[01:30:20] <izeer_BeerPony> bez ogona 2/10?
[01:30:37] <Misiek> bez ogona to bym nawet nie spojrzał
[01:31:11] <izeer_BeerPony> masz racje, poniżej pewnego poziomu nie ma co schodzić
[02:12:41] <Misiek> elo elo
[02:12:44] *** Quits: Misiek (~Misiek@aaqy134.neoplus.adsl.tpnet.pl) (Quit: Leaving)
[02:13:07] <izeer_BeerPony> slabo cos
[02:13:16] <izeer_BeerPony> i chuuuuj sam posiedze
[02:13:33] <izeer_BeerPony> i tak nie mam co robic
[02:14:39] <izeer_BeerPony> 1
[02:14:39] <izeer_BeerPony> 2
[02:14:40] <izeer_BeerPony> 3
[02:14:42] <izeer_BeerPony> próba irca
[02:18:50] <izeer_BeerPony> smuteg
[02:18:57] <izeer_BeerPony> mode spio, to wrzucam smieszne obraski
[02:18:58] <izeer_BeerPony> http://i.imgur.com/rs2SKMT.png
[02:22:24] <izeer_BeerPony> http://twilight.ponychan.net/chan/files/src/142049276188.png
[02:46:47] *** Quits: izeer_BeerPony (519fd539@gateway/web/freenode/ip.81.159.213.57) (Quit: Page closed)
[07:51:59] *** Quits: Koh_fon (~Kingofhil@user-94-254-209-160.play-internet.pl) (Quit: Hue.)
[08:24:21] *** Quits: Triluch (tril@legowisko.org) (Disconnected by services)
[10:17:57] *** Joins: Misiek (~Misiek@aaqy134.neoplus.adsl.tpnet.pl)
[11:03:51] *** Joins: Dalir (~DalFon@158-75-46-33.stud.eduroam.umk.pl)
[11:04:31] <Dalir> Cz
[11:07:46] <Misiek> No elo
[11:12:08] <Dalir> Co u was słychać dobrzy ludzie hm?
[11:43:47] <Night_Spark> Dalir: pana T nie ma
[11:44:52] <Dalir> Nie zauważyłem lol durp apokalipsa
[11:59:59] *** Quits: Dalir (~DalFon@158-75-46-33.stud.eduroam.umk.pl) (Quit: Bye)
[12:08:17] *** Quits: Misiek (~Misiek@aaqy134.neoplus.adsl.tpnet.pl) (Quit: Leaving)
[13:09:36] <VoThall> dobry
[13:29:13] *** Joins: Misiek (~Misiek@user-94-254-133-90.play-internet.pl)
[13:29:17] <Misiek> Hi
[13:50:34] <VoThall> elo
[13:50:37] *** Joins: izeer (519fd539@gateway/web/freenode/ip.81.159.213.57)
[13:51:29] <izeer> elo
[13:52:45] <VoThall> elo
[14:01:53] <Misiek> Hay
[14:04:02] <izeer> http://x3.cdn03.imgwykop.pl/c3201142/comment_on7hjRXlRv5AtPtEterpdmztNmdJT71l.jpg
[14:13:21] *** Joins: Soxis (~chatzilla@86-63-85-25.sta.asta-net.com.pl)
[14:13:29] <Soxis> elo
[14:22:53] <izeer> tak
[14:28:06] <Misiek> Hej
[14:58:53] <Soxis> co to się dziś w #gimbaza odjebało to ja nawet nie xD
[14:59:02] <Soxis> kumpel przyniósł gaz pieprzowy xD
[14:59:09] <Soxis> i kurwa przed lekcją pisknął
[14:59:13] <Soxis> na początku nic
[14:59:21] <Soxis> po minucie mu zaczęły oczy puichnąć
[14:59:30] <Soxis> wszyscy mieli problemy z oddychaniem
[14:59:34] <Soxis> potem w nosie zaczęło piec
[14:59:44] <Soxis> mi po 3 godzinach przeszło xD
[15:17:56] <izeer> u nas przez takich inteligentów szkołę ewakuowali pare razy
[15:18:03] <izeer> a potem pszypał
[15:19:34] <Misiek> http://whatnext.pl/amerykanscy-naukowcy-wstrzykneli-ochotnikowi-noktowizje/
[15:19:52] <Misiek> Do dupy se napsikajcie tym sprejem
[15:26:23] *** Joins: Dalir (~Pony@88-199-132-54.tktelekom.pl)
[15:28:09] <Dalir> czesc wam dobrzy a jakze zaiste ludzie XD
[15:43:12] *** Joins: Dalir2 (~Pony@88-199-132-54.tktelekom.pl)
[15:43:19] *** Quits: Dalir (~Pony@88-199-132-54.tktelekom.pl) (Killed (kornbluth.freenode.net (Nickname regained by services)))
[15:43:20] *** Dalir2 is now known as Dalir
[15:55:04] <Misiek> No elo
[16:38:53] <VoThall> http://www.ticketmaster.com/the-international-dota-2-championship-seattle-washington/event/0F004E74F1AD57F5?artistid=1982004&majorcatid=10005&minorcatid=0 Misiek
[16:42:46] <Misiek> Czo
[17:18:08] <misiek200m> Trilucha dalej nie ma... Kurwa, co się dzieje, martwię się. ;-;
[17:18:15] <izeer> bez kitu
[17:18:19] <misiek200m> Zaraz wjazd na pirc zrobię - Tril gdzie jesteś xD
[17:18:24] <izeer> moze sie w szafie zatrzasnął
[17:18:39] <misiek200m> Prónd wyłączyli w serwerowni :D
[17:22:26] <izeer> dobra, do roboty mi czas
[17:22:52] <izeer> do jutra
[17:23:04] *** Quits: izeer (519fd539@gateway/web/freenode/ip.81.159.213.57) (Quit: Page closed)
[17:40:53] *** Joins: MisiekShy (~AndChat16@user-94-254-133-90.play-internet.pl)
[17:59:23] <VoThall> wlasnie misiek200m czemu pana T nie ma?
[18:00:11] <misiek200m> rano wyszedł z tego co widzę - "disconnected by service" i tyla. :v
[18:05:25] *** Quits: Dalir (~Pony@88-199-132-54.tktelekom.pl) (Quit: Nettalk6 - www.ntalk.de)
[18:08:01] <misiek200m> VoThall a ty pod pirca nie jesteś podpięty?
[18:08:08] <misiek200m> byś tam poszukał Trila xDDD
[18:08:41] <VoThall> jestem
[18:44:07] <MisiekShy> Kkk
[18:55:31] <Soxis> http://x3.cdn03.imgwykop.pl/c3201142/comment_GVoHZqAIS8rWWPmXILa8hPISQUf9bkPS.jpg
[18:55:36] <Soxis> faceswamp mocno xD
[19:11:18] <VoThall> okurwa
[19:11:20] <VoThall> droga krzyzowa za oknem
[19:11:22] <VoThall> wtf
[19:21:37] *** Joins: Dalir (~Pony@88-199-132-54.tktelekom.pl)
[19:30:11] <Soxis> ide xD
[19:30:13] <Soxis> #pdk xD
[19:30:18] *** Quits: Soxis (~chatzilla@86-63-85-25.sta.asta-net.com.pl) (Remote host closed the connection)
[19:58:45] <Dalir> i1.kwejk.pl/k/obrazki/2015/03/b0e240871636b7f04de2cd5f71388875.jpg zaiste prawda to chyba jest
[20:22:38] *** Joins: VanDreadPL (5949caa9@gateway/web/freenode/ip.89.73.202.169)
[20:22:43] <VanDreadPL> siema
[20:22:47] <VanDreadPL> co tam jak tam
[20:25:58] <VanDreadPL> misiek200m: https://www.youtube.com/watch?v=t7t8fales4w
[20:35:19] <VanDreadPL> ja pierdole
[20:35:22] <VanDreadPL> zabili irca
[20:35:32] <VanDreadPL> to to torroryści
[20:35:53] <VanDreadPL> jak mogli
[20:39:34] <Dalir> VanDreadPL: zaiste prawda to jest
[20:39:47] <VanDreadPL> Dalir:  kutwa ty uważaj
[20:39:50] <VanDreadPL> bo tu zabijajo
[20:40:00] <Dalir> Trilucha nie ma i sie dzieja rzeczy ktore sie fizjologom nie snily
[20:40:18] *** Quits: MisiekShy (~AndChat16@user-94-254-133-90.play-internet.pl) (Quit: Bye)
[20:41:21] <VanDreadPL> właśnie kminiłem kogo tu brakuje
[20:41:24] <VanDreadPL> małą strata
[20:42:25] <Dalir> Mala strata? A jednak widzisz co sie dzieje tu
[20:42:46] <Dalir> Moze on cos jednak robil xD Tril wroci a tu tu chat ozyje
[20:43:43] <VanDreadPL> eee tam robił
[20:43:50] <VanDreadPL> ostatnio chba nawet był zepsuty
[20:43:51] <VanDreadPL> XD
[20:44:22] <Dalir> A jesli on juz nie wroci? D: co z nami bedzie
[20:45:18] <misiek200m> No właśnie nie ma Trilucha jakoś od ósmej z hakiem ;-;
[20:49:23] <misiek200m> VanDreadPL trzeba się będzie na pirc przejść i popytać. :v
[20:49:43] <VanDreadPL> to sobie idź
[20:50:52] <misiek200m> k, idę
[20:51:00] *** Parts: misiek200m (~miskof@irc.200m.pl) ("~Yay!")
[20:51:06] *** Joins: misiek200m (~miskof@irc.200m.pl)
[20:51:09] <misiek200m> już jestem
[20:51:44] <Dalir> Szok szalenstwo i niedowierzanie - dlugo cie nie bylo
[20:53:03] <misiek200m> No logi muszę do statów zbierać. :v Bota jakiegoś przydałoby się postawić - chociażby do obsługi linków, skracania, etc. :D
[20:53:21] <misiek200m> Jakby go nazwać... JanuszBot? xD
[20:53:27] *** Quits: Night_Spark (~Michael89@user-46-113-111-121.play-internet.pl) (Ping timeout: 252 seconds)
[20:53:48] <VanDreadPL> misiek200m:  nazwijmy go ToMaszBot
[20:53:56] <Misiek> Nosz kurwa
[20:54:14] <misiek200m> Albo Ujebot, jak to Michael proponował xDDD
[20:54:15] <VanDreadPL> nie przeklinać
[20:54:16] <Misiek> Dzisiaj autobus przyjechał za wcześnie
[20:54:19] <Dalir> NoszKurwaBot?
[20:54:36] <Misiek> Następny za 30 min
[20:54:59] <Dalir> No co zrobisz, sory taki mamy klimat
[20:56:21] <VanDreadPL> Misiek:  PantyBOT
[20:56:33] <Dalir> misiek200m: a kto by tego bota mial zalozyc?
[20:56:45] <Dalir> Polecam ciebie samego misiek200m xD bo ty tu zawsze jestes
[20:57:09] <misiek200m> No mógłbym na VPSie postawić, bo siedzę właśnie w taki sposób ;p
[20:57:17] <Dalir> Pamietam jak tu dalem bota ktory zbieral linijki a potem rzucal przypadkowym cytatem xD
[20:57:59] <Misiek> Blyadbot
[20:58:22] <Misiek> Ale PantyBOT zawsze na propsie
[20:58:38] <misiek200m> no PantyBOT nieźle :D
[20:58:45] <VanDreadPL> misiek200m:
[20:58:46] <VanDreadPL> wiem
[20:58:47] <VanDreadPL> kurwa
[20:58:51] <VanDreadPL> to było oczywiste
[20:58:56] <Dalir> GacioBot - wpisujesz komende i mowi jakimi majtkami jestes
[20:59:01] <misiek200m> xD
[20:59:02] <VanDreadPL> nazwijmy bota Sunshine
[20:59:20] <misiek200m> Ja chcę drugi sezon VanDreadPL, kurwa, przejedź się do Gainax i im sprawę naświetl xD
[20:59:33] <Dalir> Sunshine - nick already in use xD
[21:00:07] <VanDreadPL> Dalir:  a PantySunshine?
[21:00:08] <VanDreadPL> XD
[21:00:17] <VanDreadPL> PantyShine
[21:00:18] <VanDreadPL> XD
[21:00:24] *** Dalir is now known as PantySunshine
[21:00:42] <PantySunshine> A czemu akurat chcesz Sunshine?
[21:00:45] *** PantySunshine is now known as Dalir
[21:01:04] <VanDreadPL> Dalir:  odpowiedz jest prosta XD
[21:01:18] <VanDreadPL> od paru dni przez misiek200m  siedzi mi w bani mmelodyjka
[21:02:13] <VanDreadPL> misiek200m:  https://www.youtube.com/watch?v=aC6s9gwkgT4&feature=iv&src_vid=3x89ZqH59D0&annotation_id=annotation_3866975851
[21:02:19] <Dalir> Jaka ze znow ? Cos ze Sunshine? XD
[21:02:58] <misiek200m> VanDreadPL bo znalazłem to, zanim zostało modne xD
[21:04:18] <VanDreadPL> fajnie
[21:04:58] <misiek200m> tag
[21:05:22] <Dalir> A mnie to jakos nie porwalo
[21:05:25] *** Joins: Soxis (~chatzilla@86-63-85-25.sta.asta-net.com.pl)
[21:05:32] <Soxis> elo xD
[21:05:35] <Soxis> a Trila nadal nie ma
[21:05:49] * Dalir throws CLEAN sock at Socksis ba dum tss
[21:06:07] <misiek200m> Soxis a no nie ma...
[21:06:21] <VanDreadPL> Soxis:  wyjebałem go bo mi dzieńdobry nie powiedział :P
[21:06:26] <Soxis> XD
[21:06:33] <VanDreadPL> a jak coś
[21:06:40] <VanDreadPL> jestem w wawie na tej chujowej klawie
[21:06:47] <VanDreadPL> co to kurwa chujowo działa
[21:12:53] <VanDreadPL> dobra dzieciaki w wyrach
[21:14:10] <VanDreadPL> misiek200m:  http://img.myepicwall.com/2015/03/31ce5d2b3eaeb0c59e4e3627b59353a1.png
[21:14:13] <Dalir> ♪klawa, klawa, chujowo dziala / miala Van dzialac , ale dala ciala♪
[21:14:56] <misiek200m> VanDreadPL: k xD
[21:15:02] <misiek200m> No ale taka jest prawda :D
[21:19:06] <VanDreadPL> http://img.myepicwall.com/2015/03/198b1aca81b1b1179b3b1d4ed9fd7b89.jpg
[21:20:12] <misiek200m> xD
[21:20:27] <Dalir> Brawo marek * klask klask* brac przyklad
[21:20:27] <VanDreadPL> misiek200m:  wczoraj mówiłem o dysku co to miał ponad 60% badsektorw
[21:20:30] <misiek200m> mhm
[21:20:34] <VanDreadPL> puślciliśmy na nim lowformat
[21:20:46] <VanDreadPL> opcje były dwie
[21:20:51] <VanDreadPL> albo naprawi albo nie
[21:20:53] <VanDreadPL> po lowformat
[21:21:01] <VanDreadPL> 87% rozjebania dysku
[21:21:03] <VanDreadPL> XD
[21:21:16] <Dalir> Czym sie rozno lowformat od formatu?
[21:21:40] <VanDreadPL> Dalir:  w przypadku uszkodzonego dysku albo go naprawi albo ipierdoli do reszty
[21:21:48] <misiek200m> haha :D
[21:21:48] <VanDreadPL> w 9 na 10 rozjebie XD
[21:22:19] <VanDreadPL> best program ever zapamiętam by nie używać XD
[21:23:45] <misiek200m> Chujwiecoto formatu ver. 6.66 FREE
[21:26:21] <VanDreadPL> misiek200m:  bardzo dobrze sformatował XD
[21:26:38] <VanDreadPL> po tym zabiegu nichuja śladu po danych zostało XD
[21:26:47] <misiek200m> hahaha xD
[21:26:50] <VanDreadPL> misiek200m:  ale i tak jestem pro XD
[21:27:03] <VanDreadPL> bo serio udało mi się z niego dane zgrać XD
[21:27:17] <VanDreadPL> 20gb danych :P
[21:27:22] <VanDreadPL> ocalało
[21:27:39] <VanDreadPL> jestem best ITman ever
[21:28:02] <misiek200m> Używasz Ultrona nawet we śnie xD
[21:29:30] <VanDreadPL> misiek200m:  https://www.facebook.com/forzamotorsport/posts/904424039580504:0
[21:29:31] <VanDreadPL> no kurwa
[21:29:40] <VanDreadPL> a ja konsoli nie mam
[21:30:22] <VanDreadPL> no ja pierdole
[21:30:25] <VanDreadPL> XD
[21:30:42] <VanDreadPL> no jak już miałem dobry dzień
[21:30:47] <VanDreadPL> prawie idealny
[21:30:52] <VanDreadPL> to musiało się stać
[21:31:54] *** Quits: Misiek (~Misiek@user-94-254-133-90.play-internet.pl) (Quit: Misiek.exe has stopped working.)
[21:34:34] <misiek200m> xD
[21:39:25] <Soxis> https://www.youtube.com/watch?v=B9N34u0qqxE
[21:39:27] <Soxis> misiek200m:
[21:40:27] *** Quits: Dalir (~Pony@88-199-132-54.tktelekom.pl) (Remote host closed the connection)
[21:40:48] *** Joins: Dalir (~Pony@88-199-132-54.tktelekom.pl)
[21:44:29] *** Joins: Nighti (5309031d@gateway/web/freenode/ip.83.9.3.29)
[21:44:35] <Nighti> Dobry
[21:46:06] <misiek200m> hejo
[21:46:12] <Soxis> siema Nighti
[21:51:30] <VanDreadPL> siema Nighti
[21:51:42] <VanDreadPL> misiek200m:  w ramach złości pozmywałem
[21:51:44] <VanDreadPL> XD
[21:52:07] <Soxis> nie jesteś niegrzecznym Vandridem xD
[21:52:12] <Dalir> Uou. VanDreadPL trzeba powiedziec twojej przyszlej dziewczynie
[21:52:20] <Dalir> Ze jak chce bys pozmywal to ma cie zdenerwowac
[21:52:21] <misiek200m> VanDreadPL ja jutro z tego wszystkiego rano na zakupy pojadę i nastawię cały gar chili con carne xD
[21:52:32] <VanDreadPL> Dalir: przypominam pracowałem dwa lata w Marriocie :)
[21:52:35] <VanDreadPL> i tam sprzątałem
[21:52:40] <VanDreadPL> ma się trochę skila :)
[21:53:33] <VanDreadPL> misiek200m:  a ty nie miałeś czegoś tam z galerom robić?
[21:53:58] <Dalir> Chilli con carne... misiek200m zobacz czy nad glowa nie lewituje duzy ziekonu krysztal
[21:53:59] <VanDreadPL> galerą*
[21:54:30] <misiek200m> Dalir wat?
[21:54:44] <misiek200m> Dalir ja znam tylko pierwsze simsy, więc... xD
[21:54:54] <Dalir> Chili con carne tak bardzi mi sie z simsami kojarzy wlasnie xD
[21:55:17] <misiek200m> A chili jest zajebiste - jeden gar, pół godzinki, ryż i można do syta się najeść :D
[21:55:51] <Dalir> Lul
[21:55:58] <Dalir> misiek200m: a jaki jest przepis?
[21:56:48] <Dalir> misiek200m: ty jeden gar zjadasz? XD
[21:57:26] <misiek200m> Dalir sam to 3 dni jem xD
[21:57:44] <Nighti> co tak krotko?
[21:58:39] <Dalir> Bo misio ma duzy brzuszek i szybko zjada
[21:59:35] <misiek200m> Dalir - duża cebulka, pół kilo mięsa mielonego, puszka kukurydzy, puszka czerwonej fasoli, sos pomidorowy/koncentrat (taki w kartoniku 500ml) i koncentrat pomidorowy, żeby zagęścić + przyprawy (oczywiście chili obowiązkowo xD)
[22:00:09] <Dalir> Ile to wszystko wyjdzie cenowo by zrobic?
[22:00:10] <misiek200m> Nighti Dalir nie przesadzajcie, nie wychodzi tego nie wiadomo ile, a 3 dni i 2-3 posiłki dziennie jest akurat xD
[22:00:23] <misiek200m> Dalir da się w 15PLN zmieścić raczej
[22:01:14] <Dalir> Hummm...
[22:01:46] <misiek200m> Dalir najpierw do gara ~5 łyżek oleju i zarumienić cebulę w kostkę/piórka pokrojoną
[22:01:58] <Nighti> misiek200m smaku narobiłeś aż sb chyba to zrobię :D
[22:02:12] <misiek200m> Później wrzucić mięsko i posmażyć, aż się zetnie ładnie
[22:02:15] <VanDreadPL> misiek200m:  w przepisie padło słowo klucz i nie wiem czy izeer by to zjadł XD
[22:02:48] <misiek200m> później BEZ ODLEWANIA wrzucasz - puchę czerwonej fasoli, puchę kukurydzy i kartonik tego sosu/koncentratu pomidorowego, pamiętać o mieszaniu
[22:03:15] <misiek200m> później dodajesz mały koncentrat jeszcze ze słoiczka i niech się na małym ogniu gotuje
[22:03:27] <misiek200m> na końcu doprawianie - sól, pieprz, chili wedle uznania
[22:03:34] <misiek200m> Z ryżem jadło świetne! :D
[22:04:21] <VanDreadPL> ja mam teraz w planach nauczyć sierobić kurczaka po indyjsku :)
[22:04:37] <misiek200m> Dalir ten sos w kartoniku to o coś takiego chodzi - https://img.e-piotripawel.pl/5201193798018.jpg może być puszka z pomidorami, ale to lepsze, bo gładki sosik wychodzi :3
[22:05:21] <misiek200m> VanDreadPL :D
[22:06:08] <VanDreadPL> misiek200m:  no kurwa nie mogę
[22:06:27] <VanDreadPL> kto mi miałczy miałczy aby drzwi otworzyć XD
[22:06:34] <VanDreadPL> wiemy jak to się skończy
[22:06:39] <misiek200m> haha :D
[22:07:07] <VanDreadPL> moja siostra ma internet 3d w domu XD
[22:07:46] <VanDreadPL> ehh
[22:08:29] <VanDreadPL> misiek200m:  jednak zepsuty ten kot
[22:08:37] <VanDreadPL> otworzyłem drzwi do pokoju a on tam wlazł XD
[22:09:13] <misiek200m> To je kot, to było robione na schematach labradora xDD
[22:13:55] <VanDreadPL> misiek200m:  ten kot ma nowe jazdy
[22:14:07] <VanDreadPL> jak nocuje u siostry i leże sobie w nocy to się bydle kłądzie na mnie
[22:14:24] *** Joins: Misiek (~Misiek@aaqy134.neoplus.adsl.tpnet.pl)
[22:14:27] <VanDreadPL> i jeszcze mapretnesje jak ją zganiam XD
[22:14:53] <misiek200m> hahaha :D
[22:15:28] <misiek200m> VanDreadPL możesz zrobić zdjęcie jej? Siostra prosi, bo lubi koty, a opowiadałem o nim xDD
[22:15:43] <VanDreadPL> do tego ostatnio się na mnie obraziła bo miałem łapę mokrą XD
[22:16:07] <VanDreadPL> mam te co na snapie słałem
[22:16:13] <VanDreadPL> bo teraz to nie wiem gdzie ona jest
[22:16:14] <VanDreadPL> XD
[22:16:40] <misiek200m> xDD
[22:19:04] <VanDreadPL> misiek200m:  https://scontent-fra.xx.fbcdn.net/hphotos-xpf1/v/t1.0-9/11021114_10203751321559876_8765792241278802422_n.jpg?oh=483ac53e712b756c9437ba347399787b&oe=55A6E640
[22:19:13] <VanDreadPL> https://fbcdn-sphotos-g-a.akamaihd.net/hphotos-ak-xfa1/v/t1.0-9/1514020_10203751321039863_7721042456266690517_n.jpg?oh=a0758551e63cd3073d0bcf3a8921216d&oe=55A50A42&__gda__=1437555145_6f288b9df2f38e965e592af7d651cf89
[22:19:22] <VanDreadPL> https://fbcdn-sphotos-h-a.akamaihd.net/hphotos-ak-xpf1/v/t1.0-9/11002591_10203751320679854_7675104642476133522_n.jpg?oh=3195bb4dbc08008065dc0ed19274cbd1&oe=557085F3&__gda__=1437874828_2612764a0f29f6abafd4dbff17d24954
[22:19:30] <Dalir> VanDreadPL: ty miales kota? Czy od niedawna?
[22:20:13] <VanDreadPL> ja nie mam kota
[22:20:17] <misiek200m> VanDreadPL "No piękny on jest... jaki zajebisty... ale bym też chciała na mieszkaniu kota" ~siostra x
[22:20:19] <Dalir> On ma futro typu kameleon? XD
[22:20:19] <VanDreadPL> i nigdy nie miałem XD
[22:20:20] <misiek200m> xD
[22:20:38] <VanDreadPL> misiek200m:  maila masz jeszcze
[22:21:33] <Misiek> https://www.youtube.com/watch?v=h4cOHlRqBRc
[22:21:56] <Misiek> czo
[22:22:31] <misiek200m> No zajebisty ten kot VanDreadPL :D
[22:25:07] *** Joins: VanDread-kom (~androirc@89-73-202-169.dynamic.chello.pl)
[22:25:13] <VanDread-kom> http://puu.sh//thumb/view/gtyuA/98a75d43f9.jpg
[22:25:36] <Dalir> Puush not foud
[22:26:05] <VanDreadPL> dem
[22:26:13] <Misiek> https://hfblade.files.wordpress.com/2009/05/johnny.png
[22:26:26] <VanDreadPL> dobra ja się zrywam
[22:26:28] <VanDreadPL> do zobacznia
[22:26:32] *** Quits: VanDreadPL (5949caa9@gateway/web/freenode/ip.89.73.202.169) (Quit: Page closed)
[22:56:12] *** Joins: MisiekShy (~Misiek@abto154.neoplus.adsl.tpnet.pl)
[23:00:04] *** Quits: Misiek (~Misiek@aaqy134.neoplus.adsl.tpnet.pl) (Ping timeout: 272 seconds)
[23:36:10] *** Joins: Kingofhills (9fcd66f4@gateway/web/freenode/ip.159.205.102.244)
[23:36:36] <Dalir> Dobranoc
[23:36:48] *** Quits: Dalir (~Pony@88-199-132-54.tktelekom.pl) (Quit: Nie mam jeszcze pomysla na quit message)
[23:55:28] <Soxis> ide
[23:55:30] <Soxis> nQ
[23:55:40] *** Quits: Soxis (~chatzilla@86-63-85-25.sta.asta-net.com.pl) (Remote host closed the connection)
[23:57:08] *** Quits: Kingofhills (9fcd66f4@gateway/web/freenode/ip.159.205.102.244) (Quit: Page closed)
