[00:01:03] <Compu> problem solved
[00:01:06] <Compu> thanks everyone
[00:01:49] *** Parts: Compu (compu@snuggly.filly) ("This channel just got a whole lot less adorable!")
[00:24:33] *** Quits: Toothpaste (uid63062@Pony-tbaiid.charlton.irccloud.com) (Quit: "Friendship ain't magic; it's a miracle." -ClaviSound (Clavi is an awesome guy. Seriously. Go check out his YouTube))
[00:39:28] *** [A]McKey is now known as McKey
[00:43:51] *** McKey is now known as [A]McKey
[00:44:19] *** Quits: Alcoholicorn (Alcoholicor@Pony-55oq0s.pool.hargray.net) (Ping timeout: 121 seconds)
[01:23:33] *** Joins: Alcoholicorn (Alcoholicor@Pony-55oq0s.pool.hargray.net)
[01:29:40] *** Quits: AlteranAncient (AlteranAnci@Pony-erua9u.ukofequestria.co.uk) (Ping timeout: 121 seconds)
[01:30:10] *** Joins: AlteranAncient (AlteranAnci@Pony-erua9u.ukofequestria.co.uk)
[01:33:55] *** Joins: Toothpaste (uid63062@Pony-tbaiid.charlton.irccloud.com)
[01:54:34] *** Joins: PonyToast (City@The.Original.Pyro.Pony)
[01:58:48] *** Joins: Zuzu (zuzu@is.robo.licious)
[02:09:43] *** Quits: Toothpaste (uid63062@Pony-tbaiid.charlton.irccloud.com) (Quit: Updating details, brb)
[02:10:20] *** Joins: Toothpaste (uid63062@Pony-ec6eib.irccloud.com)
[02:18:07] *** GigaWork is now known as Gigabit
[02:44:36] *** Quits: Nova (Nova_Fusion@Cyberpony.Artificer) (Ping timeout: 121 seconds)
[02:45:34] *** Quits: Toothpaste (uid63062@Pony-ec6eib.irccloud.com) (Quit: School dance... GONNA SHRED THE FLOOR!! YEEEEAAAAAHHH!!! >:D)
[02:50:36] *** Joins: LightningCrash (lightning@property.of.moonlightning)
[03:58:33] *** Fluttershi is now known as afkshi
[04:04:00] *** Quits: Spypone (Spypone@Pony-uf8kd9.cable.virginm.net) (Quit: Page closed)
[04:39:45] *** Joins: CarTooN (Mibbit@Pony-i30.9eb.45.39.IP)
[04:39:58] <CarTooN> pls any 1 can help me pls :(
[04:40:25] <afkshi> with what?
[04:40:27] <wolfyshy> well you'll have to say what problem you're having first, then we can see
[04:40:28] <CarTooN> i have problem with my bot 
[04:40:56] <CarTooN> can any one join  /j #gupshupcorner pls
[04:41:32] <CarTooN> pls watch the setting bot auto baning every user
[04:41:35] <CarTooN> :(
[04:42:09] <Colgate> you banned *!*@*
[04:42:10] <afkshi> yep, said i no can join cause ban
[04:42:15] <Colgate> you should probably remove that
[04:42:36] <afkshi> ah, yes, that is effectively a ban /everyone/
[04:43:08] <CarTooN> so how can i remove ?
[04:43:14] <CarTooN> any one can help me pls ?
[04:43:26] <Colgate> /mode #gupshupcorner -b *!*@*
[04:44:06] <Colgate> ah, I see, you set an akick on *!*@*
[04:44:46] <Colgate> /chanserv akick #gupshupcorner del *!*@*
[04:44:51] <Colgate> you probably don't want that either
[04:45:41] <CarTooN> ok i try w8 dear
[04:46:23] <Colgate> so yeah, don't set akicks that match literally everyone :P
[04:46:44] <CarTooN> Thnx Colgate :P
[04:46:51] <CarTooN> room is ok now :rose
[04:46:54] <CarTooN> thnx alot bro :rose
[04:47:01] <CarTooN> love u alll :rose
[04:48:14] *** CarTooN is now known as Cute_BHooT
[04:50:29] <afkshi> rose?
[04:50:57] <Cute_BHooT> yes for u bro :rose
[04:50:58] <Colgate> I'm going to assume it is a graphical in their client
[04:51:06] <Colgate> graphical rose*
[04:51:07] *** Quits: Cute_BHooT (Mibbit@Pony-i30.9eb.45.39.IP) (Quit: tc all dears)
[04:51:14] <afkshi> ah
[05:01:26] <wolfyshy> it's mibbit.
[05:01:32] <wolfyshy> mibbit has a *lot* of those.
[05:27:47] *** ama|work is now known as ama
[05:28:41] *** Joins: Toothpaste (uid63062@Pony-tbaiid.charlton.irccloud.com)
[05:38:40] *** Dusk is now known as Sleep
[06:03:12] *** Joins: DrelvanianGuard (DrelvanianG@Pony-ovsl5k.tx.cebridge.net)
[06:05:29] *** Quits: DrelvanianGuard (DrelvanianG@Pony-ovsl5k.tx.cebridge.net) (Quit: Page closed)
[06:19:36] *** Quits: Alcoholicorn (Alcoholicor@Pony-55oq0s.pool.hargray.net) (Ping timeout: 121 seconds)
[06:21:23] *** Quits: Toothpaste (uid63062@Pony-tbaiid.charlton.irccloud.com) (Quit: "Friendship ain't magic; it's a miracle." -ClaviSound (and that goes for all of you~ x3))
[07:06:18] *** Joins: Alcoholicorn (Alcoholicor@Pony-55oq0s.pool.hargray.net)
[07:08:53] *** Q0|Away is now known as Q0
[07:11:53] *** afkshi is now known as Fluttershi
[07:27:00] *** RedHelper is now known as Creeps|AFK
[07:29:26] *** ama is now known as ama|sleep
[07:33:44] *** Quits: LightningCrash (lightning@property.of.moonlightning) (Quit: *poof*)
[10:18:29] *** Quits: Alcoholicorn (Alcoholicor@Pony-55oq0s.pool.hargray.net) (Ping timeout: 121 seconds)
[11:00:10] *** Fluttershi is now known as afkshi
[12:16:07] *** Q0 is now known as Q0|Away
[15:08:30] *** Joins: Alcoholicorn (Alcoholicor@Pony-55oq0s.pool.hargray.net)
[15:11:11] *** Joins: Ashfire (Ashfire@Ashfire.bronytv.net)
[15:12:59] *** Quits: Ashley (Ashfire@Ashfire.bronytv.net) (Ping timeout: 121 seconds)
[15:15:46] *** Quits: Alcoholicorn (Alcoholicor@Pony-55oq0s.pool.hargray.net) (Ping timeout: 121 seconds)
[15:30:25] *** Quits: Caerdwyn (moonlight@always.broken.sometimes.patched.never.fixed) (Connection closed)
[15:34:01] *** Joins: Toothpaste (uid63062@Pony-tbaiid.charlton.irccloud.com)
[15:53:47] *** Joins: Alcoholicorn (Alcoholicor@Pony-55oq0s.pool.hargray.net)
[15:58:07] *** Toothpaste is now known as Toothie|Skoolz
[16:46:02] *** Joins: Pony_6 (~Pony_6@Pony-aoa.o2e.176.206.IP)
[16:46:20] *** Quits: Pony_6 (~Pony_6@Pony-aoa.o2e.176.206.IP) (Quit: Page closed)
[16:46:36] *** [A]McKey is now known as McKey
[16:46:59] *** Joins: Pony_1 (Pony_1@Pony-aoa.o2e.176.206.IP)
[16:47:18] *** Parts: Pony_1 (Pony_1@Pony-aoa.o2e.176.206.IP) ("")
[16:58:15] *** ama|sleep is now known as ama|work
[18:46:48] *** Quits: Alcoholicorn (Alcoholicor@Pony-55oq0s.pool.hargray.net) (Ping timeout: 121 seconds)
[19:09:46] *** Toothie|Skoolz is now known as Toothie
[19:51:24] *** Toothie is now known as Toothie|Engrishing
[20:38:32] *** Toothie|Engrishing is now known as Toothpaste|School
[20:53:06] *** Toothpaste|School is now known as Tooth|PhysEd
[20:57:50] *** Gigabit is now known as GigaWork
[22:07:20] *** afkshi is now known as Fluttershi
[22:27:36] *** Joins: Alcoholicorn (Alcoholicor@Pony-55oq0s.pool.hargray.net)
[22:30:16] *** Quits: bikey (repair@s.no.bike) (Quit: WeeChat 1.1.1)
[22:30:30] *** Joins: bikey (repair@Pony-and.br1.52.198.IP)
[22:34:58] *** Tooth|PhysEd is now known as Toothpaste
[22:37:42] *** Sleep is now known as Dusk
[23:01:27] *** Quits: Toothpaste (uid63062@Pony-tbaiid.charlton.irccloud.com) (Quit: Cut down on some connections as I do things~ xP)
[23:12:31] *** McKey is now known as [A]McKey
[23:30:08] *** [A]McKey is now known as McKey
[23:42:26] *** Joins: LightningCrash (lightning@property.of.moonlightning)
[23:54:41] *** Creeps|AFK is now known as RedHelper
