[00:00:47] *** Quits: Husarz44 (Husarz44@Pony-f3hh0k.adsl.inetia.pl) (Quit: Page closed)
[00:02:02] *** Quits: Andragor (Andrabot@Pony-7813sm.adsl.inetia.pl) (Quit: Brohoof /)*)
[00:23:22] *** Quits: SpikeDragon (Spike@sorting.those.books) (A TLS packet with unexpected length was received.)
[00:28:59] *** Joins: SpikeDragon (Spike@sorting.those.books)
[00:34:25] *** Quits: SpikeDragon (Spike@sorting.those.books) (A TLS packet with unexpected length was received.)
[00:35:08] *** Joins: SpikeDragon (Spike@sorting.those.books)
[00:42:54] *** Parts: Tivolt (~Tivolt@Pony-pj2qiq.adsl.tpnet.pl) ("")
[03:50:53] *** Quits: SpikeDragon (Spike@sorting.those.books) (Ping timeout: 121 seconds)
[03:52:52] *** Joins: SpikeDragon (Spike@sorting.those.books)
[05:19:08] *** Quits: SpikeDragon (Spike@sorting.those.books) (Ping timeout: 121 seconds)
[05:22:33] *** Joins: SpikeDragon (Spike@sorting.those.books)
[05:41:19] *** Joins: ArchPegasusMichael (ArchPegasus@Keep.In.A.Friendly.And.Pony.Place)
[06:41:15] *** Quits: ArchPegasusMichael (ArchPegasus@Keep.In.A.Friendly.And.Pony.Place) (Ping timeout: 121 seconds)
[08:48:56] *** Joins: BigFanMlp (BigFanMlp@Pony-hg1oii.adsl.tpnet.pl)
[08:54:59] *** Quits: BigFanMlp (BigFanMlp@Pony-hg1oii.adsl.tpnet.pl) (Ping timeout: 121 seconds)
[10:13:43] *** Joins: Pony_9 (Pony_9@Pony-b0r.d68.59.212.IP)
[10:14:02] *** Parts: Pony_9 (Pony_9@Pony-b0r.d68.59.212.IP) ("")
[10:22:00] *** Joins: Andragor (Andrabot@Pony-flphnt.adsl.inetia.pl)
[10:40:25] *** Joins: Naxor (~Naxor@Pony-c54q5q.toya.net.pl)
[10:40:34] <Naxor> hejoo
[10:40:53] *** Quits: Naxor (~Naxor@Pony-c54q5q.toya.net.pl) (Quit: Page closed)
[12:27:28] *** Joins: Proenix (Proenix@proenix.pl)
[12:27:33] <Proenix> Ave
[12:55:44] *** Joins: Pony_8 (Pony_8@Pony-ssb.172.150.194.IP)
[12:55:56] *** Quits: Pony_8 (Pony_8@Pony-ssb.172.150.194.IP) (Quit: Page closed)
[13:27:35] *** Joins: Pony_9 (~Pony_9@Pony-rc8q4p.adsl.tpnet.pl)
[13:28:05] *** Quits: Pony_9 (~Pony_9@Pony-rc8q4p.adsl.tpnet.pl) (Quit: Page closed)
[14:54:08] *** Quits: SpikeDragon (Spike@sorting.those.books) (Connection closed)
[14:54:30] *** Joins: SpikeDragon (Spike@sorting.those.books)
[15:00:24] *** Quits: SpikeDragon (Spike@sorting.those.books) (Connection closed)
[15:01:19] *** Joins: SpikeDragon (Spike@sorting.those.books)
[15:17:55] *** Quits: Proenix (Proenix@proenix.pl) (Connection closed)
[15:24:17] *** Quits: SpikeDragon (Spike@sorting.those.books) (A TLS packet with unexpected length was received.)
[15:25:08] *** Joins: SpikeDragon (Spike@sorting.those.books)
[16:05:29] *** Quits: SpikeDragon (Spike@sorting.those.books) (Killed (NickServ (GHOST command used by SpikeyDragon!Spike@Pony-g0o.h7r.87.66.IP)))
[16:05:48] *** Joins: SpikeDragon (Spike@sorting.those.books)
[16:31:04] *** Quits: SpikeDragon (Spike@sorting.those.books) (A TLS packet with unexpected length was received.)
[16:31:59] *** Joins: SpikeDragon (Spike@sorting.those.books)
[16:48:27] *** Quits: SpikeDragon (Spike@sorting.those.books) (Killed (NickServ (GHOST command used by SpikeyDragon!Spike@Pony-3rgbmc.nsvltn.sbcglobal.net)))
[16:48:46] *** Joins: SpikeDragon (Spike@sorting.those.books)
[17:10:24] *** Joins: misiek200m (quassel@mysterious.chocolate.muffin)
[17:10:32] <misiek200m> Hej :)
[17:15:18] *** Quits: mkr (mkr@Pony-iinahj.radioyay.net) (cloudchaser.canternet.org daring.canternet.org)
[17:15:18] *** Quits: oscareczek (OscarHughso@Pony-m8drig.ivp0.ommk.41d0.2001.IP) (cloudchaser.canternet.org daring.canternet.org)
[17:15:18] *** Quits: Andragor (Andrabot@Pony-flphnt.adsl.inetia.pl) (cloudchaser.canternet.org daring.canternet.org)
[17:15:18] *** Quits: Ashley` (me@Pony-g8ie5p.pl) (cloudchaser.canternet.org daring.canternet.org)
[17:15:18] *** Quits: FlutterBot (ircbot@Pony-47p0es.nsic.vg3e.41d0.2001.IP) (cloudchaser.canternet.org daring.canternet.org)
[17:15:18] *** Quits: Shutter (tips@sudoku.prevention.hotline) (cloudchaser.canternet.org daring.canternet.org)
[17:15:18] *** Quits: Eivel (Eivel@Keep.Calm.and.Pony.On) (cloudchaser.canternet.org daring.canternet.org)
[17:15:58] *** Joins: oscareczek (OscarHughso@Pony-m8drig.ivp0.ommk.41d0.2001.IP)
[17:15:58] *** Joins: Ashley` (me@Pony-g8ie5p.pl)
[17:15:58] *** Joins: mkr (mkr@Pony-iinahj.radioyay.net)
[17:15:58] *** Joins: Shutter (tips@sudoku.prevention.hotline)
[17:15:58] *** Joins: Andragor (Andrabot@Pony-flphnt.adsl.inetia.pl)
[17:15:58] *** Joins: Eivel (Eivel@Keep.Calm.and.Pony.On)
[17:15:58] *** Joins: Andragor_ (Andrabot@Pony-flphnt.adsl.inetia.pl)
[17:15:58] *** Joins: FlutterBot (ircbot@Pony-47p0es.nsic.vg3e.41d0.2001.IP)
[17:15:58] *** daring.canternet.org sets mode: +qov mkr mkr FlutterBot
[17:16:54] *** [A]McKey is now known as McKey
[17:17:30] *** Quits: Andragor (Andrabot@Pony-flphnt.adsl.inetia.pl) (Ping timeout: 121 seconds)
[17:17:33] *** Andragor_ is now known as Andragor
[17:18:04] *** Andragor is now known as Pony_42579
[17:18:23] *** McKey is now known as [A]McKey
[17:24:43] *** Quits: Pony_42579 (Andrabot@Pony-flphnt.adsl.inetia.pl) (Ping timeout: 121 seconds)
[17:32:11] *** Joins: Andragor (Andrabot@Pony-flphnt.adsl.inetia.pl)
[17:42:06] *** Joins: Proenix (Proenix@proenix.pl)
[17:55:28] *** Quits: misiek200m (quassel@mysterious.chocolate.muffin) (Quit: Yay!)
[17:57:49] *** Joins: misiek200m (Hue@Pony-vpcje2.adsl.tpnet.pl)
[17:59:21] *** Quits: misiek200m (Hue@mysterious.chocolate.muffin) (Quit: Yay!)
[18:00:16] *** Joins: misiek200m (Hue@Pony-vpcje2.adsl.tpnet.pl)
[18:03:03] *** Quits: misiek200m (Hue@mysterious.chocolate.muffin) (Quit: Yay!)
[18:03:31] *** Joins: misiek200m (Hue@Pony-vpcje2.adsl.tpnet.pl)
[18:05:53] *** Parts: misiek200m (Hue@mysterious.chocolate.muffin) ("Yay!")
[18:19:10] *** Joins: misiek200m (Hue@mysterious.chocolate.muffin)
[18:33:32] *** Joins: Tivolt (Tivolt@Pony-5rhqu8.adsl.tpnet.pl)
[18:34:37] <Tivolt> siemanko 
[18:37:22] *** Joins: Pony_0 (Pony_0@Pony-jh8mid.neotrix.info)
[18:37:38] *** Quits: Pony_0 (Pony_0@Pony-jh8mid.neotrix.info) (Quit: Page closed)
[18:51:43] *** Joins: Lazy (Lazy@Pony-a25d9e.adsl.tpnet.pl)
[18:51:44] <Lazy> hejka
[18:53:06] <Tivolt> jakie polecacie mi opowiadania 
[18:57:57] <Lazy> w sensie ff?
[18:58:05] <Tivolt> tak
[19:02:58] <Tivolt> ale w wersji audio 
[19:03:28] <Lazy> ł matko
[19:03:54] <Tivolt> bo na święta wyjeżdżam i coś podczas jazdy sobie wysłucham 
[19:07:28] <Lazy> hm... proponuje tylko muzyke xd nwm jsa wole czytac nixz sluchac szczerze mowiac
[19:10:22] <Tivolt> a pan misiek udostępnia swoje opowiadania ?
[19:12:45] <misiek200m> Tivolt no są udostępnione do pobrania
[19:14:48] <Tivolt> dobra znalazłem 
[19:15:07] <Tivolt> tylko co tu pobrać ?
[19:15:32] <Tivolt> taka duża lista 
[19:26:14] *** Quits: Lazy (Lazy@Pony-a25d9e.adsl.tpnet.pl) (Quit: Page closed)
[19:33:15] *** [A]McKey is now known as McKey
[19:34:27] <McKey> Tivolt>> Paste Sins ;) Prawda misiek200m ?
[19:35:23] <Tivolt> no dobra jeżeli polecasz to pobiorę 
[19:36:41] <misiek200m> McKey Tivolt no do czytania (w formie tekstu) to trochę tego jest ;p - Past Sins, Opowieść o Szklanej Kuli, Save me, Żelazny Księżyc, EqueTrip, Pszczoły, Porzuceni... I skończyły mi się pomysły na poczekaniu. ;p 
[19:37:18] <McKey> misiek200m>> a kiedy wyczekiwany przez wielu Paste Sins w twoim wykonaniu?
[19:37:52] <misiek200m> Jak będzie. ;p
[19:38:00] <McKey> ta....
[19:38:07] <misiek200m> Najpierw pokończyć aktualnie męczone fiki od lat xD
[19:38:15] <misiek200m> Ale kiedyś będzie :)
[19:39:03] <McKey> obyś zdążył przed końcem fandomu
[19:42:23] <misiek200m> Chyba przed własną śmiercią... :D
[19:44:26] *** Joins: Delta3120 (Delta3120@Pony-7unsia.static.kolnet.eu)
[19:44:39] <Delta3120> Misiek!
[19:44:46] <Delta3120> to naprawde ty?
[19:46:08] <misiek200m> Nie, brat miśka. ;p
[19:46:17] <Delta3120> xD
[19:46:52] <Delta3120> ej, trolujemy wszyscy we wtorek na audycji Fire Sky?
[19:47:10] <Delta3120> zmieńmy se nicki na jakieś typu dsfihudhgshgushdfusd 
[19:47:29] <Delta3120> i jak będzie musiał przczytać tabele wyników to się troszke pomęczy
[19:47:55] * Delta3120 slaps misiek200m around a bit with a large fishbot
[19:48:05] <McKey> Delta3120>> masz moją aprobate xD
[19:48:12] <Delta3120> xD
[19:48:16] * Delta3120 slaps NightBird around a bit with a large fishbot
[19:48:21] * Delta3120 slaps NightBird around a bit with a large fishbot
[19:48:25] * Delta3120 slaps misiek200m around a bit with a large fishbot
[19:48:31] <misiek200m> Ała, biją
[19:48:37] <Delta3120> co to jest slap?
[19:49:14] <McKey> uderzenie
[19:49:33] <Delta3120> ACHA
[19:49:58] <Delta3120> Delta3120 slaps misiek200m around a bit with a large fishbot - nie wiem jak ja to zrobiłem lol
[19:51:00] <NightBird> co ja
[19:51:04] <NightBird> kto pingał
[19:51:12] <misiek200m> NightBird bijo, uciekamy ;<
[19:51:13] <Delta3120> soryy
[19:51:22] * NightBird slaps Delta3120 around with a powerful finger
[19:51:24] * NightBird slaps Delta3120 around with a light saber
[19:51:26] * NightBird shoot Delta3120 with a 90mm gun
[19:51:28] * NightBird slaps Delta3120 around witch a AutoCAD 2015
[19:51:30] * NightBird slaps Delta3120 around with a light saber
[19:51:32] * NightBird slaps Delta3120 around with a szajsung phone
[19:51:34] * NightBird slaps Delta3120 a few times
[19:51:36] <NightBird> ;P
[19:51:41] * McKey kick NightBird with shoe
[19:51:45] * Delta3120 slaps NightBird around a bit with a large fishbot
[19:51:46] * Delta3120 slaps misiek200m around a bit with a large fishbot
[19:51:49] *** NightBird was kicked by McKey (with shoe)
[19:51:56] *** Delta3120 was kicked by McKey (with shoe)
[19:52:05] *** Joins: NightBird (PiesekLesze@Luna.is.Your.Princess)
[19:52:10] <NightBird> tyyy
[19:52:15] <McKey> tak, ja
[19:52:16] * NightBird slaps McKey and starts getting carried away
[19:52:25] *** Joins: dsfdjgkghjfghgfh (dsfdjgkghjf@Pony-7unsia.static.kolnet.eu)
[19:52:32] <McKey> dsfdjgkghjfghgfh>> 
[19:52:36] <dsfdjgkghjfghgfh> tak
[19:52:39] <NightBird> dobra idem
[19:53:07] <dsfdjgkghjfghgfh> ciekawa będzie reakcja na to xD
[19:53:16] *** Quits: dsfdjgkghjfghgfh (dsfdjgkghjf@Pony-7unsia.static.kolnet.eu) (Quit: Page closed)
[19:53:24] *** Joins: Delta3120 (Delta3120@Pony-7unsia.static.kolnet.eu)
[19:53:46] <Delta3120> dobra, juz się nie wygłupiam xD
[19:53:59] *** Quits: Delta3120 (Delta3120@Pony-7unsia.static.kolnet.eu) (Quit: Page closed)
[19:55:29] <NightBird> dobr jesem ;d
[19:55:40] <NightBird> tylko teraz z lagai
[19:55:45] <NightBird> lagami*
[19:55:56] <NightBird> mam net 80b/s
[19:57:07] <Tivolt> a ja 10mb/s i lagów brak 
[19:57:29] <NightBird> ja na tablecie z internetem bez transferu
[19:57:40] <NightBird> na pc'cie 2MB/s
[19:57:51] <NightBird> czyli z 25mb/s
[20:00:39] *** Joins: ArchPegasusMichael (ArchPegasus@Keep.In.A.Friendly.And.Pony.Place)
[20:30:39] *** Joins: PCKP (PCKP@Pony-vu4ou8.mannet.pl)
[20:31:27] *** Quits: PCKP (PCKP@Pony-vu4ou8.mannet.pl) (Quit: Page closed)
[20:47:58] *** Quits: ArchPegasusMichael (ArchPegasus@Keep.In.A.Friendly.And.Pony.Place) (cloudchaser.canternet.org daring.canternet.org)
[20:47:58] *** Quits: mkr (mkr@Pony-iinahj.radioyay.net) (cloudchaser.canternet.org daring.canternet.org)
[20:47:58] *** Quits: oscareczek (OscarHughso@Pony-m8drig.ivp0.ommk.41d0.2001.IP) (cloudchaser.canternet.org daring.canternet.org)
[20:47:58] *** Quits: Andragor (Andrabot@Pony-flphnt.adsl.inetia.pl) (cloudchaser.canternet.org daring.canternet.org)
[20:47:58] *** Quits: Ashley` (me@Pony-g8ie5p.pl) (cloudchaser.canternet.org daring.canternet.org)
[20:47:58] *** Quits: FlutterBot (ircbot@Pony-47p0es.nsic.vg3e.41d0.2001.IP) (cloudchaser.canternet.org daring.canternet.org)
[20:47:58] *** Quits: Shutter (tips@sudoku.prevention.hotline) (cloudchaser.canternet.org daring.canternet.org)
[20:47:58] *** Quits: Eivel (Eivel@Keep.Calm.and.Pony.On) (cloudchaser.canternet.org daring.canternet.org)
[20:51:34] *** Joins: oscareczek (OscarHughso@Pony-m8drig.ivp0.ommk.41d0.2001.IP)
[20:51:34] *** Joins: Ashley` (me@Pony-g8ie5p.pl)
[20:51:34] *** Joins: mkr (mkr@Pony-iinahj.radioyay.net)
[20:51:34] *** Joins: Shutter (tips@sudoku.prevention.hotline)
[20:51:34] *** Joins: Eivel (Eivel@Keep.Calm.and.Pony.On)
[20:51:34] *** Joins: Andragor (Andrabot@Pony-flphnt.adsl.inetia.pl)
[20:51:34] *** Joins: ArchPegasusMichael (ArchPegasus@Keep.In.A.Friendly.And.Pony.Place)
[20:51:34] *** Joins: FlutterBot (ircbot@Pony-47p0es.nsic.vg3e.41d0.2001.IP)
[20:51:34] *** daring.canternet.org sets mode: +qo mkr mkr
[20:51:34] *** Pinkamena sets mode: +v FlutterBot
[21:09:18] *** Joins: Pony_8 (~Pony_8@Pony-ei0fvq.dynamic-ra-1.vectranet.pl)
[21:14:38] *** Quits: ArchPegasusMichael (ArchPegasus@Keep.In.A.Friendly.And.Pony.Place) (Ping timeout: 121 seconds)
[21:19:39] *** Joins: Flyghtning (Flyghtning@Pony-vqerlh.man.tk-internet.pl)
[21:45:15] <NightBird> dafuq
[21:45:22] <NightBird> coto za spam!
[21:46:09] <McKey> NightBird>> netsplit
[21:46:26] <misiek200m> Rozmowny dzisiaj :D
[21:46:42] <NightBird> boshe
[21:47:08] <NightBird> poco te netsplity wgl?
[21:48:13] <Flyghtning> byl taki gracz nightbird w quake2 pamietam gralem z nim, niezly byl
[21:48:28] <McKey> Flyghtning>> to nie on
[21:48:30] *** McKey sets mode: +v Flyghtning
[21:48:49] <Flyghtning> nie ta epoka? ;p
[21:49:10] <McKey> xD
[21:59:04] <NightBird> wgl czemu ja sie nazywam nightbird?!
[21:59:15] *** NightBird is now known as BlackBird
[22:01:46] *** Joins: Pony_8_ (Pony_8@Pony-9gucba.centertel.pl)
[22:03:00] <McKey> Flyghtning>> informuj ludzi że Nishi jest na imprezie :P
[22:03:20] <Flyghtning> ?
[22:03:42] <Flyghtning> puscilem mu jego audycje
[22:04:01] <McKey> dlatego mówie żebyś paczał na chat
[22:04:28] <misiek200m> Che? Nagranego Nishi'ego puszczacie? :D
[22:04:33] <Flyghtning> nom
[22:04:37] <Flyghtning> poszedl chla
[22:04:38] <Flyghtning> c
[22:04:50] <misiek200m> haha :D
[22:04:52] <Flyghtning> i puszczam automat
[22:05:37] <misiek200m> "Uwaga! Powtórka programu, prosimy o nie wysyłanie sms-ów na wskazany numer" ;p
[22:05:46] *** Quits: Pony_8 (~Pony_8@Pony-ei0fvq.dynamic-ra-1.vectranet.pl) (Ping timeout: 121 seconds)
[22:05:48] *** Quits: Pony_8_ (Pony_8@Pony-9gucba.centertel.pl) (Ping timeout: 121 seconds)
[22:05:55] <McKey> misiek200m>> ... gratuluje
[22:06:02] <Ashley`> misiek200m: cześć
[22:06:10] <Flyghtning> ale czat zawalony, tlumy
[22:06:23] <misiek200m> Hej Ashley`
[22:06:46] *** Joins: ArchPegasusMichael (ArchPegasus@Keep.In.A.Friendly.And.Pony.Place)
[22:07:00] <misiek200m> McKey Taniec z Gwiazdami... znaczy się densing łiw de stars mocno. ;p
[22:07:06] *** Joins: Tokitok210 (Tokitok210@Pony-jgqm2g.adsl.tpnet.pl)
[22:07:27] <Tokitok210> Dobry wieczór wszystkim
[22:07:38] <misiek200m> Hej
[22:11:45] <Eivel> DOBY
[22:11:48] <Eivel> caps*
[22:11:51] <Eivel> dobry*
[22:12:48] *** Joins: Pony_0 (~Pony_0@Pony-vqerlh.man.tk-internet.pl)
[22:13:14] <Pony_0> hue
[22:13:19] <Flyghtning> hue
[22:13:25] *** Quits: Pony_0 (~Pony_0@Pony-vqerlh.man.tk-internet.pl) (Quit: Page closed)
[22:13:34] <misiek200m> ok ;p
[22:13:37] <misiek200m> Hej Eivel
[22:15:30] <BlackBird> Witam Tokitok210 i Ashley' (ciekawe kiedy ta wiad dojdzie.. wysylam ja o 22:13)
[22:16:09] <Flyghtning> uuu 3 minutowy lag
[22:16:16] <Ashley`> BlackBird: nie ircuj z IE
[22:17:10] <Tokitok210> Drogi BlackBrid doszło o 22:15
[22:18:03] <Ashley`> BlackBird: piszesz, że masz interent 80b/s, a to oznacza ze wiadomosc powinna dochodzi (przy pingu 0) po 1-2 sec
[22:18:19] <Ashley`> BlackBird: raczej o ping chodzi chyba c cosz
[22:18:26] <BlackBird> Ashley': IE?
[22:18:38] <Ashley`> internet explorer
[22:18:42] <Flyghtning> internet 10 sekund na bit, IE certified
[22:18:52] <Ashley`> also jak nie uzywasz tabcompletion to ignoruj `, a na pewno nie pisz '
[22:19:00] <McKey> * Ping reply from BlackBird: 0.21 second(s)
[22:19:07] <Ashley`> to jest tylko dlatego ze samo Ashley bylo zajete
[22:19:20] <McKey> * Ping reply from Ashley`: 0.25 second(s)
[22:19:22] <McKey> nope
[22:19:32] <McKey> to tablet BlackBird jest dupny :P
[22:19:37] <Ashley`> tez mozliwosciowe
[22:19:49] <Ashley`> w turcji mialam ping od 30s do minuty <3
[22:20:19] <McKey> ale do irc? waat
[22:20:34] <Ashley`> ogólnie
[22:20:45] <Ashley`> mój ksiądz polajkował na fb "Katolickie memy" <3
[22:21:02] <BlackBird> McKey: brawa geniuszu informatyki przeciesz pisze z shella wiec ping mam maly... ping ja>shell mam fhuj duzy
[22:21:15] <McKey> trza było znc brać
[22:21:18] <Ashley`> BlackBird: mosh
[22:21:21] <Ashley`> McKey: nic by nie pomoglo
[22:21:28] <McKey> Ashley`>> mi pomogło
[22:21:40] <Ashley`> BlackBird: tylko tobie sie szybciej wyswietla, jesli ping rzeczywiscie taki duzy
[22:21:59] <Ashley`> *McKey
[22:22:03] <Ashley`> na znc
[22:22:28] <McKey> Tylko wiesz Ashley` jest taki mały + znc
[22:22:42] <Ashley`> co
[22:22:43] <McKey> każdy znany mi klient irc go obsługuje xD
[22:22:48] <Ashley`> co
[22:22:54] <Ashley`> 1.co jest takie małe
[22:23:01] <Ashley`> 2.bo ZNC udaje serwer irc...
[22:23:09] <BlackBird> ja pisze odrazu jak zobacze wiadomosc i widze tuz za twoja a ty zapewne kilometr dalej ...
[22:23:56] <Ashley`> a uzywasz ssh?
[22:24:04] <McKey> Ashley`>> nie telnetu xDD
[22:24:12] <Ashley`> McKey: moze uzywac mosha na przyklad
[22:24:21] <BlackBird> i sprawdzanie mojego pingu duzo wam nieda bo sprawdzacie ping shella a oni maja 100MB/s...
[22:24:22] <McKey> VNC odrazu xD
[22:24:37] <Flyghtning> haha
[22:24:40] <Ashley`> bo jesli uzywa ssh, to z hipotetycznym pingiem 10s,gdy kliknie literke a to pojawi sie na ekranie po 10s
[22:24:57] <McKey> Ashley`>> to jest praktyka akurat
[22:24:58] <BlackBird> Tak uzywam SSH
[22:25:22] <Ashley`> BlackBird: prędkość nie ma nic do pingu, (co nie zmienia faktu ze maja niski ping)
[22:26:14] <BlackBird> tia.. moj genialny klient wysyla cala wiadomosc do shella dopiero jak ja napisze.. a nie po 1 literce.
[22:26:34] <McKey> ukujowy klient...
[22:26:52] <misiek200m> Mam od kilku miesięcy mały vps od ovh... dzisiaj znalazłem z skrzynce jakiś ovh magazine... da hell. :v
[22:27:01] <McKey> misiek200m>> ja też xD
[22:27:16] <McKey> misiek200m>> fajne to więc nie nażekam
[22:27:23] <McKey> Ashley`>> ty też dostałaś?
[22:27:28] <McKey> i BlackBird 
[22:27:34] <misiek200m> Pewnie prezent na święta. xD
[22:27:35] <BlackBird> jest szansa ze moj internet sie rozgrzeje i wejdzie na wyrzsze obroty...
[22:27:42] <Ashley`> McKey: kazdy dostal
[22:27:47] <McKey> lelz
[22:27:53] <Ashley`> misiek200m: co ma jakis produkt przynajmniej
[22:28:18] <McKey> a ile prenumerata roczna? 
[22:28:21] <Ashley`> misiek200m: mam 3 domeny i vpsa 2GB
[22:28:23] <Ashley`> McKey: nie wiem
[22:28:26] <Ashley`> McKey: to same reklamy so
[22:28:52] <McKey> Ashley`>> to ja chce zawsze takie reklamy wszędzie
[22:29:00] <McKey> bo się czegoś dowiaduje z nich xD
[22:29:12] <misiek200m> Ja tam mam tylko ten vps za dychę. ;p
[22:29:18] <BlackBird> nie ale pemoze dostalem nwm ale moj vps padl 13.12.2014..
[22:29:18] <Ashley`> McKey: ale jest szpan w rodzinie bo sie czyta po angielsku 
[22:29:27] *** Joins: Wolferain (Wolferain@Pony-05qqdn.internetia.net.pl)
[22:29:28] <Ashley`> misiek200m: ja ten za 25zł mimo ze mnie nie stać :3
[22:29:37] <BlackBird> meh z/w
[22:29:39] <misiek200m> ;p
[22:30:10] <McKey> meh 2 domeny i 2 vps (1 i 4 gb :P
[22:30:17] *** Joins: BlackBirt (AveLuna@Pony-loqvh3.play-internet.pl)
[22:30:47] <misiek200m> Do czego używam vpsa? Loguję się, przeglądam logi: auth, portsentry, proftpd, hosts.deny; wychodzę... :D
[22:31:11] <McKey> misiek200m>> subdomenke? i masz ZNC :P
[22:31:22] <BlackBirt> kto sprawdzi moj ping?
[22:31:33] <McKey> * Ping reply from BlackBirt: 0.88 second(s)
[22:31:38] <BlackBirt> dafuq
[22:31:43] <McKey> jak na edge to spoko
[22:31:49] <BlackBirt> meh nieogarniam shella..
[22:32:00] <BlackBirt> tam mam z 2-3 min
[22:32:31] <BlackBirt> byle do pierwszego ;d
[22:32:42] <McKey> xD
[22:32:48] <BlackBirt> 01.01.2015 - reset transferu..
[22:32:52] <BlackBirt> za rok _-_
[22:32:53] <Tokitok210> a nie do 10-tego?
[22:33:08] <BlackBirt> nie pierwszego mam reset transferu
[22:33:30] <Tokitok210> ou, racja
[22:34:34] <McKey> lelz jeszcze mam 1,4 GB transferu 
[22:35:25] <BlackBirt> ja -0b
[22:35:46] <McKey> Mobile Viking Rules
[22:36:12] <Tokitok210> Nawzajem Nishi
[22:36:50] <McKey> http://x3.cdn03.imgwykop.pl/c3201142/comment_mDPl5rt7RIARe8Y0Al1yqeZd42hUQShq.jpg
[22:37:25] <BlackBirt> wes..
[22:37:37] <BlackBirt> Tak!
[22:37:38] *** Quits: Flyghtning (Flyghtning@Pony-vqerlh.man.tk-internet.pl) (Quit: Going offline, see ya! (www.adiirc.com))
[22:37:41] <BlackBirt> udalo sie!
[22:37:44] <McKey> No biore
[22:37:49] <BlackBirt> pobralem se tapete!
[22:37:52] <McKey> MaszyNA i pobawimy się tramwajem
[22:37:52] <Tokitok210> No nic...ja wpadłem praktycznie tylko na audycję ( bez urazy) ...więc...wesołych świąt i szczęśliwego nowego roku wszystkim życzę :)
[22:37:59] <BlackBirt> 1mb pobieral sie 3godz xd
[22:38:09] <BlackBirt> Niech Luna bedzie z toba
[22:38:14] *** Quits: Tokitok210 (Tokitok210@Pony-jgqm2g.adsl.tpnet.pl) (Quit: Page closed)
[22:38:23] <McKey> xd
[22:39:49] <BlackBirt> hmm wszystkie dane sa zapisywane za pomoca systemu binarnego conie?
[22:40:00] <BlackBirt> czyli obraz to okolo milion 1 i 0
[22:40:04] <BlackBirt> (1mb)
[22:40:27] <BlackBirt> jprd to ja bym to szybciej przepisal dlugopisem niz to sie pobieralo _-_
[22:40:53] <BlackBirt> wgl od kiedy dzisiaj jest audycja?
[22:41:04] <Wolferain> 22
[22:41:04] <McKey> BlackBirt>> właśnie się skończyła
[22:41:16] <BlackBirt> wiem..
[22:41:17] <Wolferain> to ide sluchac muzyki dalej
[22:41:25] <BlackBirt> zauwazylem po tym co pisza ludzie
[22:41:30] <BlackBirt> ale dlaczego dzisiaj byla?
[22:41:33] <BlackBirt> i jaka
[22:41:41] <McKey> Trzymajmnie ktoś
[22:41:44] <McKey> BlackBirt>> Sobota 22
[22:41:46] <McKey> Nishi
[22:41:49] <BlackBirt> kurw
[22:41:54] <BlackBirt> dzisiaj sobota!
[22:41:58] <Wolferain> no
[22:42:00] <BlackBirt> aa to juz rozumiem
[22:42:04] <Wolferain> no.
[22:42:07] <BlackBirt> wydawalo mi sie ze piatek xd
[22:42:13] <Wolferain> no - wiecej niz tysiac slow.
[22:42:15] <Wolferain> od razu zrozumial.
[22:42:47] <BlackBirt> xd
[22:43:39] <BlackBirt> wgl McKey jak w binarce jest 'A'? bo chyba w binarce sie zapisuje dane na dysku czyli np notatnik z 'A' czyli 'A' jakos w bonarce jest conie?
[22:43:58] <McKey> w binarnym A!=a :P
[22:47:37] <BlackBirt> a 'a' w 1010101 itp?
[22:48:09] <Wolferain> sinus pi do kwadratu 
[22:49:00] <McKey> BlackBirt>> powiecmy
[22:49:08] <McKey> ale dokładnie ci nie powiem bo się tego nie uczyłem :P
[22:50:55] <BlackBirt> moze 01 xd
[22:51:09] <BlackBirt> albo 10 bo w morsa A to .-
[22:51:43] <Wolferain> ja sie uczylem zamiany binarny > dziesietny, binarny > szesnastkowy
[22:51:55] <Wolferain> i dziesietny > szesnastkowy
[22:52:02] <BlackBirt> tez
[22:52:10] <BlackBirt> znaczy bede sie uczyl ale juz umiem ;d
[22:52:13] <Wolferain> ale juz nic nie pamietam
[22:52:21] <BlackBirt> ..
[22:52:31] <BlackBirt> 1=1 10=2 xd
[23:01:09] *** Quits: Wolferain (Wolferain@Pony-05qqdn.internetia.net.pl) (Quit: Leaving)
[23:07:46] <BlackBirt> niech ktos cos pisze bo nudno
[23:10:54] * Eivel cos
[23:11:10] * BlackBirt cos
[23:11:14] * McKey coś
[23:11:41] * BlackBirt cos
[23:21:27] * misiek200m cos
[23:21:52] <Tivolt> soc
[23:21:59] * McKey coś
[23:24:55] * BlackBirt cos
[23:25:42] * McKey coś
[23:29:41] * BlackBirt cos
[23:29:53] <Tivolt> coś
[23:30:20] * BlackBirt cos
[23:30:37] * Eivel sin
[23:30:59] * McKey coś
[23:31:35] <BlackBirt> Eivel: za duzo matmy
[23:31:35] * BlackBirt cos
[23:32:01] <Eivel> BlackBirt: :D troszeczkę
[23:32:02] * McKey ctg
[23:32:21] * BlackBirt ctcp
[23:33:15] * misiek200m ∫sin(x^2)dx
[23:33:44] * BlackBirt a^2+b^2=c^2
[23:45:17] *** Quits: Proenix (Proenix@proenix.pl) (Connection closed)
