[00:02:30] *** Joins: ShadowWind (~ShadowWind@Pony-gi7hbj.frsnca.sbcglobal.net)
[00:03:48] *** Quits: ShadowWind (~ShadowWind@Pony-gi7hbj.frsnca.sbcglobal.net) (Quit: Page closed)
[00:43:20] *** Rhenn is now known as Toothie
[00:44:52] *** afkshi is now known as Fluttershi
[00:48:55] *** GigaWork is now known as Gigabit
[00:52:03] *** Vampa is now known as Hoofy
[01:14:48] *** Quits: Toothie (uid63062@Pony-f8galh.hqe2.tdoh.8300.2604.IP) (Quit: "Friendship ain't magic; it's a miracle." -ClaviSound http://tinyurl.com/p9wkvyo)
[01:52:40] *** One-Trick is now known as Octavia
[01:59:09] *** NexSleep is now known as Nexus
[02:40:51] *** Quits: Mike_Coltfield (Larscis@colt.in.the.rain) (Quit: Well, that was unexpected...)
[02:44:58] *** Joins: Mike_Coltfield (Larscis@colt.in.the.rain)
[02:44:58] *** Celestia sets mode: +o Mike_Coltfield
[04:14:31] *** Quits: Alcoholicorn (Alcoholicor@Pony-bfp.0d7.20.67.IP) (Ping timeout: 121 seconds)
[05:26:16] *** Joins: StarBeatsPonyArtist_ (~StarBeatsPo@Pony-naj.p9p.111.50.IP)
[05:27:34] *** Parts: StarBeatsPonyArtist_ (~StarBeatsPo@Pony-naj.p9p.111.50.IP) ("")
[05:40:17] *** ama is now known as ama|sleep
[06:03:48] *** Ashley is now known as SilverSpoon
[06:04:30] *** Night is now known as Dusk
[06:13:09] *** Nexus is now known as NexSleep
[06:16:25] *** SilverSpoon is now known as Ashley
[06:21:43] *** Dusk is now known as Nightengale
[07:38:09] *** Joins: Alcoholicorn (Alcoholicor@Pony-bfp.0d7.20.67.IP)
[08:24:54] *** [A]McKey is now known as McKey
[09:45:56] *** Hoofy is now known as Hoofy_tired
[09:53:55] *** Fluttershi is now known as afkshi
[10:10:21] *** Sleepykitty is now known as Woozykitty
[11:29:30] *** Quits: Alcoholicorn (Alcoholicor@Pony-bfp.0d7.20.67.IP) (Ping timeout: 121 seconds)
[12:30:19] *** Hoofy_tired is now known as Hoofy
[13:57:29] *** Joins: Alcoholicorn (Alcoholicor@Pony-bfp.0d7.20.67.IP)
[14:09:31] *** ama|sleep is now known as ama|work
[15:54:46] *** Joins: Sorrel (silverlight@Pony-a1f.uaq.74.24.IP)
[15:55:24] *** Quits: Silverlight (silverlight@voiceofequestria.com) (Ping timeout: 121 seconds)
[16:01:16] *** Quits: Finwe (vhalkola@Pony-bs4ovt.org.aalto.fi) (Connection closed)
[16:01:55] *** Woozykitty is now known as Unixkitty
[16:29:45] *** Gigabit is now known as GigabitPony
[17:21:25] *** Sorrel is now known as Silverlight
[18:35:11] *** Quits: Alcoholicorn (Alcoholicor@Pony-bfp.0d7.20.67.IP) (Ping timeout: 121 seconds)
[18:42:33] *** GigabitPony is now known as Gigabit
[18:44:41] *** Joins: McKey (Kordus@twilightsparkle.ovh)
[18:47:24] *** McKey is now known as [A]McKey
[18:47:38] *** [A]McKey is now known as McKey
[18:57:17] *** Joins: PrinCe (Mibbit@Pony-crk.lvb.43.39.IP)
[19:04:06] *** Gigabit is now known as Gigaway
[19:13:10] *** Silverlight is now known as Silverlight|away
[19:13:57] *** Joins: Alcoholicorn (Alcoholicor@Pony-bfp.0d7.20.67.IP)
[20:04:08] *** Parts: PrinCe (Mibbit@Pony-crk.lvb.43.39.IP) ()
[21:03:21] *** Quits: bikey (repair@s.no.bike) (Quit: WeeChat 1.1.1)
[21:03:29] *** Joins: bikey (repair@Pony-and.br1.52.198.IP)
[21:41:34] *** Nightengale is now known as Dusk
[21:47:02] *** Joins: Pony_2 (~Pony_2@Pony-005.gro.248.50.IP)
[21:47:13] *** Pony_2 is now known as MissChief
[22:29:45] *** Quits: Alcoholicorn (Alcoholicor@Pony-bfp.0d7.20.67.IP) (Ping timeout: 121 seconds)
[22:45:34] *** afkshi is now known as Teajay
[22:45:48] *** Teajay is now known as ShianMoon
[22:45:55] *** ShianMoon is now known as Fluttershi
[23:08:07] *** Unixkitty is now known as Sleepykitty
[23:19:07] *** McKey is now known as [A]McKey
[23:44:25] *** Silverlight|away is now known as Silverlight
