[00:38:53] *** Quits: Zuzu (zuzu@is.robo.licious) (Ping timeout: 121 seconds)
[00:40:15] *** Joins: Zuzu (zuzu@is.robo.licious)
[00:41:33] *** afkshi is now known as Fluttershi
[00:54:11] *** Quits: Zuzu (zuzu@is.robo.licious) (Ping timeout: 121 seconds)
[01:17:00] *** Joins: IrwinvonCrettinowitz (~IrwinvonCre@Pony-d5pqhe.dynamic.chello.pl)
[01:26:26] *** Joins: Laps_out (Lapsus@Pony-49v.tki.222.209.IP)
[01:27:23] *** Quits: Lapsus (Lapsus@i-forget.ca) (Ping timeout: 121 seconds)
[01:49:21] *** Joins: Zuzu (zuzu@is.robo.licious)
[01:50:35] *** Joins: Lapsus (Lapsus@Pony-49v.tki.222.209.IP)
[01:51:05] *** Lapsus is now known as Pony_95738
[01:52:46] *** Quits: Laps_out (Lapsus@Pony-49v.tki.222.209.IP) (Ping timeout: 121 seconds)
[01:55:01] *** Quits: Fluttershi (Fluttershi@Hipsterluna.is.my.waifu) (Quit: ZNC - http://znc.in)
[01:59:23] *** Joins: Laps_out (Lapsus@Pony-49v.tki.222.209.IP)
[02:00:48] *** Quits: Pony_95738 (Lapsus@Pony-49v.tki.222.209.IP) (Ping timeout: 121 seconds)
[02:00:54] *** Joins: afkshi (Fluttershi@Hipsterluna.is.my.waifu)
[02:03:36] *** afkshi is now known as Fluttershi
[02:08:39] *** ama|sick is now known as ama
[02:17:24] *** Quits: Zuzu (zuzu@is.robo.licious) (Ping timeout: 121 seconds)
[02:18:53] *** Joins: Zuzu (zuzu@is.robo.licious)
[02:47:10] *** Quits: IrwinvonCrettinowitz (~IrwinvonCre@Pony-d5pqhe.dynamic.chello.pl) (Quit: Page closed)
[03:07:16] *** Ashleep is now known as Ashfire
[03:33:21] *** Quits: Zuzu (zuzu@is.robo.licious) (Ping timeout: 121 seconds)
[04:00:05] *** Joins: Zuzu (zuzu@is.robo.licious)
[04:09:32] *** Joins: Pony_95738 (Lapsus@Pony-49v.tki.222.209.IP)
[04:12:36] *** Quits: Laps_out (Lapsus@Pony-49v.tki.222.209.IP) (Ping timeout: 121 seconds)
[04:16:25] *** Joins: Laps_out (Lapsus@Pony-49v.tki.222.209.IP)
[04:19:44] *** Quits: Pony_95738 (Lapsus@Pony-49v.tki.222.209.IP) (Ping timeout: 121 seconds)
[04:28:31] *** Quits: Zuzu (zuzu@is.robo.licious) (Ping timeout: 121 seconds)
[04:29:53] *** Joins: Zuzu (zuzu@is.robo.licious)
[04:48:48] *** Laps_out is now known as Lapsus
[04:53:44] *** Quits: Ashfire (Ashfire@Ashfire.bronytv.net) (Connection closed)
[04:54:10] *** Joins: Ashfire (Ashfire@Ashfire.bronytv.net)
[05:15:23] *** Joins: Toothpaste (uid63062@Pony-tbaiid.charlton.irccloud.com)
[05:20:54] *** Quits: Toothpaste (uid63062@Pony-tbaiid.charlton.irccloud.com) (Quit: The bed calls my name o3o)
[05:53:07] *** Joins: Calleen (~Calleen@Pony-ro2bie.bigpond.net.au)
[05:53:21] *** Parts: Calleen (~Calleen@Pony-ro2bie.bigpond.net.au) ("")
[06:06:26] *** Quits: SpikeDragon (Spike@sorting.those.books) (Quit: Cya.)
[06:12:44] *** RedHelper is now known as Creeps|AFK
[06:16:51] *** Joins: Pony_7 (Pony_7@Pony-ovsl5k.tx.cebridge.net)
[06:17:28] *** Pony_7 is now known as DrelvanianGuard
[06:26:37] *** Quits: LightningCrash (lightning@property.of.moonlightning) (Quit: *poof*)
[06:29:31] *** Quits: DrelvanianGuard (Pony_7@Pony-ovsl5k.tx.cebridge.net) (Quit: Page closed)
[06:46:20] *** Dusk is now known as Sleep\
[06:46:22] *** Sleep\ is now known as Sleep
[06:54:27] *** Ashfire is now known as Ashleep
[06:57:31] *** ama is now known as ama|sleep
[09:15:42] *** Joins: Alcoholicorn (Alcoholicor@Pony-55oq0s.pool.hargray.net)
[10:04:13] *** Quits: Mike_Coltfield (textual@colt.in.the.rain) (Ping timeout: 121 seconds)
[10:46:41] *** Joins: Pony_4643 (City@Pony-0q94uo.res.rr.com)
[10:46:45] *** Quits: PonyToast (City@The.Original.Pyro.Pony) (Ping timeout: 121 seconds)
[11:07:10] *** Quits: Zuzu (zuzu@is.robo.licious) (Ping timeout: 121 seconds)
[11:08:27] *** Joins: Zuzu (zuzu@is.robo.licious)
[11:23:49] *** Joins: Mike_Coltfield (textual@colt.in.the.rain)
[11:23:49] *** Celestia sets mode: +o Mike_Coltfield
[12:25:05] *** Silverlight is now known as Silverlight|away
[12:37:36] *** Quits: Alcoholicorn (Alcoholicor@Pony-55oq0s.pool.hargray.net) (Connection closed)
[12:37:51] *** Joins: Alcoholicorn (Alcoholicor@Pony-55oq0s.pool.hargray.net)
[12:46:08] *** Q0 is now known as Q0|Away
[13:00:59] *** Joins: SabSparrow (SabSparrow@Pony-aqr.lge.190.193.IP)
[14:15:25] *** Quits: Zuzu (zuzu@is.robo.licious) (Ping timeout: 121 seconds)
[14:16:22] *** Joins: Zuzu (zuzu@is.robo.licious)
[15:06:41] *** Quits: Zuzu (zuzu@is.robo.licious) (Ping timeout: 121 seconds)
[15:08:03] *** Joins: Zuzu (zuzu@is.robo.licious)
[15:15:49] *** Joins: Toothpaste (uid63062@Pony-tbaiid.charlton.irccloud.com)
[15:34:16] *** Quits: Zuzu (zuzu@is.robo.licious) (Ping timeout: 121 seconds)
[15:35:09] *** Joins: Zuzu (zuzu@is.robo.licious)
[15:54:05] *** Toothpaste is now known as Toothie|Skoolz
[16:36:38] *** Joins: DrelvanianGuard (DrelvanianG@Pony-ovsl5k.tx.cebridge.net)
[16:38:15] *** Quits: DrelvanianGuard (DrelvanianG@Pony-ovsl5k.tx.cebridge.net) (Quit: Page closed)
[16:49:03] *** ama|sleep is now known as ama|work
[16:53:49] *** Quits: Zuzu (zuzu@is.robo.licious) (Ping timeout: 121 seconds)
[16:55:28] *** Joins: Zuzu (zuzu@is.robo.licious)
[17:17:35] *** Quits: Zuzu (zuzu@is.robo.licious) (Ping timeout: 121 seconds)
[17:18:36] *** Joins: Zuzu (zuzu@Pony-6oumfq.eastlink.ca)
[17:42:58] *** Ashleep is now known as Ashfire
[18:02:00] *** Joins: Pony_6 (Pony_6@Pony-a1r.lma.175.205.IP)
[18:10:37] *** [A]McKey is now known as McKey
[18:25:54] *** Quits: Pony_6 (Pony_6@Pony-a1r.lma.175.205.IP) (Quit: Page closed)
[18:26:06] *** McKey is now known as [A]McKey
[18:27:27] *** Quits: Ashfire (Ashfire@Ashfire.bronytv.net) (Quit: Leaving)
[18:27:38] *** Joins: Ashfire (Ashfire@Ashfire.bronytv.net)
[18:27:46] *** [A]McKey is now known as McKey
[18:38:58] *** McKey is now known as [A]McKey
[18:42:38] *** [A]McKey is now known as McKey
[18:47:57] *** Joins: SpikeDragon (Spike@sorting.those.books)
[18:48:13] *** Quits: SabSparrow (SabSparrow@Pony-aqr.lge.190.193.IP) (Ping timeout: 121 seconds)
[18:50:39] *** Quits: SpikeDragon (Spike@sorting.those.books) (Connection closed)
[18:52:52] *** Joins: SpikeDragon (Spike@sorting.those.books)
[19:02:12] *** McKey is now known as [N]McKey
[19:09:38] *** Toothie|Skoolz is now known as Toothy
[19:23:44] *** [N]McKey is now known as McKey
[19:38:45] *** Toothy is now known as Toothpaste
[19:44:31] *** Toothpaste is now known as Toothie|Engrishing
[20:11:12] *** McKey is now known as [A]McKey
[20:12:06] *** Quits: Ashfire (Ashfire@Ashfire.bronytv.net) (Quit: Leaving)
[20:12:14] *** Joins: Ashfire (Ashfire@Ashfire.bronytv.net)
[20:13:10] *** Quits: SpikeDragon (Spike@sorting.those.books) (Ping timeout: 121 seconds)
[20:14:35] *** Sleep is now known as Dusk
[20:19:40] *** Joins: SpikeDragon (Spike@sorting.those.books)
[20:39:09] *** [A]McKey is now known as McKey
[20:49:44] *** Toothie|Engrishing is now known as Toothie|Skoolz
[21:23:33] *** McKey is now known as [A]McKey
[21:23:39] *** Quits: Alcoholicorn (Alcoholicor@Pony-55oq0s.pool.hargray.net) (Ping timeout: 121 seconds)
[22:00:51] *** Joins: Alcoholicorn (Alcoholicor@Pony-55oq0s.pool.hargray.net)
[22:14:56] *** Toothie|Skoolz is now known as Toothpaste
[22:42:20] *** Joins: LightningCrash (lightning@property.of.moonlightning)
[22:51:55] *** Quits: Alcoholicorn (Alcoholicor@Pony-55oq0s.pool.hargray.net) (Ping timeout: 121 seconds)
