[00:01:20] <izeer_BeerPony> http://x3.cdn03.imgwykop.pl/c3201142/comment_LUKnLucUmuiw0CdDnfihzsBzw9A22NMx.jpg xD
[00:02:50] <Soxis> XDDD
[00:07:33] <izeer_BeerPony> Soxis:  https://www.youtube.com/watch?v=04hcZwqYVpI
[00:07:33] *** Quits: Koh_fon (~Kingofhil@user-94-254-209-188.play-internet.pl) (Ping timeout: 264 seconds)
[00:07:35] *** Joins: Koh_fon (~Kingofhil@user-94-254-209-188.play-internet.pl)
[00:08:15] <Soxis> ide
[00:08:16] <Soxis> nQ
[00:08:18] <Soxis> izeer_BeerPony: prawilne xD
[00:08:27] *** Quits: Soxis (~chatzilla@86-63-85-25.sta.asta-net.com.pl) (Remote host closed the connection)
[00:10:53] <izeer_BeerPony> http://x3.cdn03.imgwykop.pl/c3201142/comment_xhowMLtbMwXnrtMqKLIIfHdHWYrbRyn5.jpg ja jebe xD
[01:20:13] *** Quits: izeer_BeerPony (1f305034@gateway/web/freenode/ip.31.48.80.52) (Quit: Page closed)
[06:10:54] *** Joins: MisiekShy (~Misiek@user-94-254-129-197.play-internet.pl)
[06:13:38] *** Quits: Misiek (~Misiek@user-94-254-133-76.play-internet.pl) (Ping timeout: 272 seconds)
[06:13:56] <MisiekShy> Bye
[06:14:00] *** Quits: MisiekShy (~Misiek@user-94-254-129-197.play-internet.pl) (Client Quit)
[07:26:12] *** [A]McKey is now known as McKey
[08:14:11] *** McKey is now known as [A]McKey
[08:20:48] *** [A]McKey is now known as McKey
[09:51:35] *** McKey is now known as [A]McKey
[10:48:09] *** Quits: Koh_fon (~Kingofhil@user-94-254-209-188.play-internet.pl) (Ping timeout: 240 seconds)
[11:59:31] *** Joins: izeer (1f305034@gateway/web/freenode/ip.31.48.80.52)
[12:00:10] <izeer> hej
[12:07:02] <Night_Spark> Hay
[13:04:11] <VoThall> dobry
[13:28:30] *** Joins: Misiek (~Misiek@alo46.neoplus.adsl.tpnet.pl)
[13:28:35] <Misiek> hi
[14:00:57] *** Joins: Dalir (~Pony@88-199-132-54.tktelekom.pl)
[14:01:53] <Dalir> czesc
[14:01:57] <Misiek> hi
[14:08:01] <VoThall> elo
[14:16:23] <Misiek> no cze
[14:41:07] *** [A]McKey is now known as McKey
[14:51:39] *** Joins: MisiekShy (~Misiek@acoh254.neoplus.adsl.tpnet.pl)
[14:54:48] *** Quits: Misiek (~Misiek@alo46.neoplus.adsl.tpnet.pl) (Ping timeout: 264 seconds)
[15:18:01] <izeer> brb
[15:18:06] *** Quits: izeer (1f305034@gateway/web/freenode/ip.31.48.80.52) (Quit: Page closed)
[16:02:18] *** Joins: Soxis (~chatzilla@86-63-85-25.sta.asta-net.com.pl)
[16:02:22] <Soxis> elo
[16:17:25] *** Joins: Nighti (53183068@gateway/web/freenode/ip.83.24.48.104)
[16:17:39] <Nighti> Dzień dobry
[16:35:09] <MisiekShy> hi
[16:43:05] <Nighti> http://9gag.com/gag/a6y48Ab  XDD
[16:43:49] *** Quits: Dalir (~Pony@88-199-132-54.tktelekom.pl) (Quit: Nettalk6 - www.ntalk.de)
[17:04:13] <Nighti> https://derpibooru.org/890623
[17:04:30] *** Joins: Dalir (~Pony@88-199-132-54.tktelekom.pl)
[17:04:31] *** Quits: Dalir (~Pony@88-199-132-54.tktelekom.pl) (Write error: Connection reset by peer)
[17:08:58] *** Joins: Koh_fon (~Kingofhil@user-94-254-209-66.play-internet.pl)
[17:20:20] *** Joins: Misiek (~Misiek@kiev-s01-i01.cg-dialup.net)
[17:23:40] *** Quits: MisiekShy (~Misiek@acoh254.neoplus.adsl.tpnet.pl) (Ping timeout: 252 seconds)
[17:24:03] *** Joins: MisiekShy (~Misiek@acoh254.neoplus.adsl.tpnet.pl)
[17:28:04] *** Quits: Misiek (~Misiek@kiev-s01-i01.cg-dialup.net) (Ping timeout: 256 seconds)
[17:41:25] *** Joins: Dalir (~DalFon@88-199-132-54.tktelekom.pl)
[17:45:03] <VoThall> "decyzje o stawianiu przecinkow podejmujesz po rzucie kostka do gry?" xDDDDD
[18:16:21] *** Joins: psoras (~Thunderbi@ackj236.neoplus.adsl.tpnet.pl)
[18:16:25] <psoras> hej
[18:21:54] <McKey> psoras, bilet turystyczny opowiązuje na tym? http://i.imgur.com/NUgfVgi.png
[18:22:17] <psoras> tego biletu jest kilka wersji, ale zasadnicza tak
[18:22:35] <McKey> ja wybieram " ekonomiczne" najtaniej xD
[18:23:02] <psoras> na bilecie za 45 zł możesz
[18:23:12] <psoras> na tym za 79 zresztą też
[18:23:23] <psoras> na bilecie za 39 nie możesz
[18:23:58] <McKey> no to 50 zł na transport...
[18:24:04] <psoras> ale za 39 nazywa się "mini bilet turystyczny", więc jak poprosisz w kasie o turystyczny, to pomyłki nie będzie
[18:24:35] <psoras> za 45 masz osobowe, za 79 osobowe i interregio
[18:25:46] <McKey> czyli ten to za 80 potrzebuje? http://i.imgur.com/JUfbUFw.png
[18:30:33] <psoras> nie
[18:30:43] <psoras> TLK się do niego nie liczą, tylko IR
[18:35:22] <McKey> to chyba się nie opłaca jednak :P
[18:35:39] <Nighti> psoras Jak zamawiam bilet z wyprzedzeniem na EIP to musze od razu płacić?
[18:35:53] <psoras> tak
[18:36:13] <psoras> czy w kasie, czy w automacie, czy przez internet
[18:44:49] <Nighti> oke dziaaaa a można potem bilet prze bukować na późniejszy termin
[18:46:04] <psoras> można zwrócić
[18:46:44] <psoras> i kupić inny
[18:46:56] <McKey> czyli podsumuwując. TLK kupujemy osobno a na reszte mamy bilet za 50 zł tak?
[18:50:06] <psoras> tak
[18:50:30] <psoras> aczkolwiek jest też turystyczny na same TLK, nazywa się Bilet Podróżnika
[18:51:03] <psoras> nie ma wspólnego, bo PKP Intercity i Przewozy Regionalne to gorzej niż Katowice z Sosnowcem
[18:53:50] <McKey> czyli łącznie za oba bilety (45 + x) ile by wyszło? xD
[18:54:09] <McKey> wbrew pozorom ma budrzet niewielki (250 zł na MLK i może Vistulian)
[19:03:40] <Nighti> Kto planuje być na Vistulanie?
[19:12:08] *** Joins: VanDreadPL (~Thunderbi@89-73-60-176.dynamic.chello.pl)
[19:14:30] <misiek200m> Ahoj wam :D
[19:19:30] <psoras> Nighti: ja na pewno będę na Vistulianie
[19:20:14] <psoras> McKey: na którą chcesz być w pt w Żywcu?
[19:20:45] <psoras> bo jak ci się nie spieszy, to między Wro i Kat jest jedno interregio
[19:25:32] <McKey> mam 2 typy
[19:25:48] <McKey> właśnie 1 przez Wro a 2 na 13 bezpośredni do katowic
[19:26:55] <McKey> też jedzie przez wro oczywiście :P
[19:28:42] <McKey> TLK 76100 to jest
[19:32:33] <VanDreadPL> Dostałem zajeby od swojego przełożonego
[19:32:48] <VanDreadPL> od czerwca 2014r zgłaszam że mam zjebanego laptopa
[19:33:05] <VanDreadPL> w grudniu i lutym robili zakupy ale się nie załapałem
[19:33:26] <VanDreadPL> teraz w okazało się że w kwietniu też były ale ponieważ się nie odzywałem to mi nie kupili laptopa
[19:34:10] <VanDreadPL> no kurwa więc napisałem ze z dniem dzisiejszym kontakt jest ze mną telefoniczny bo nie mam na czym sprawdzić maila
[19:34:40] <VanDreadPL> dokłądnie 19maili różnych z tą samą prośbą wymiana bądź naprawa
[19:34:43] <VanDreadPL> kurwa
[19:34:50] <VanDreadPL> a teraz dostałem zejby że nie pisałem
[19:35:08] <VanDreadPL> i że mogę dostać co najwyżej lenovo R500 który ma z 7lat
[19:35:23] <VanDreadPL> żaden kurwa problem
[19:35:36] <VanDreadPL> puści mu się dwa razy lowformat
[19:35:44] <VanDreadPL> jebnie dysk
[19:35:54] <VanDreadPL> potem upierdolimy ram
[19:36:09] <VanDreadPL> mam w robocie taką kostkę co porty upierdala
[19:36:31] <Night_Spark> xD
[19:37:47] <VanDreadPL> ahhh zapomniałem jeszcze powiedzieć że zakupy teraz na it dopiero w grudniu
[19:38:00] <VanDreadPL> kurwa spoko będę im gołębie wysyłał
[19:38:55] <VanDreadPL> kurwa te r500 to jeszcze większy syf niż ten mój rozjebany złom
[19:39:01] <VanDreadPL> to już wole akceptacje i naprawę
[19:39:58] <misiek200m> xD
[19:41:14] <VanDreadPL> kurwa pro podmiana 2.2ghz dualcore na kurwa 2.0
[19:41:27] <VanDreadPL> grafika ATI 256mb na intela
[19:41:47] <VanDreadPL> ROZDZIELCZOŚĆ: 1280x800
[19:41:50] <VanDreadPL> 2gb ram
[19:41:56] <VanDreadPL> no kurwa to ten mój ma 4
[19:42:08] <misiek200m> VanDreadPL no to czas wypróbować galerę, a nie! :D
[19:42:28] <VanDreadPL> kurwa a miałem nie pić
[19:42:59] <VanDreadPL> no ale jak czytam kurwa co mi ma firma jebana w dupe it daje to kurwa wstyd do ludzi iść
[19:43:33] <VanDreadPL> kurwa mam bankowego hp 8560p kolo mnie pyta czemu tego sobie nie wymienie na lapa z SSD
[19:44:01] <VanDreadPL> kurwa bank mi dał lepszy sprzęt niż moja własna firma
[19:44:24] <Soxis> http://x3.cdn03.imgwykop.pl/c3201142/comment_G4P5SPWLNUxwqXQjn0XXM16E8mBAFYQe.jpg
[19:44:26] <Soxis> HAHAHHAHA XD
[19:45:35] <misiek200m> Soxis to lepsze: http://static.themetapicture.com/media/funny-chemistry-test-exam-answer.jpg
[19:45:41] <Dalir> I co tu smiesznego
[19:45:45] <Dalir> Soxis:
[19:45:54] <misiek200m> VanDreadPL a no to kiepska sprawa... :v
[19:45:55] <Soxis> misiek200m: XDDD
[19:45:57] <VanDreadPL> Dalir: dzieciaka szkoda
[19:46:01] <Dalir> misiek200m:  lepsze
[19:46:03] <VanDreadPL> ale człowiek debil to nie szkoda
[19:46:48] <VanDreadPL> kurwa tak to drą mordę do policji "no chodź chuju!" no to chuj przyszedł oddał strzał chuja nie ma
[19:46:51] *** McKey is now known as [A]McKey
[19:47:05] <Soxis> XD
[19:47:11] <VanDreadPL> ja chyba nie mogę dziś z ludźmi gadać
[19:47:14] <VanDreadPL> bo zły jestem
[19:48:09] <misiek200m> Dzisiejszy VanDreadPL - https://www.youtube.com/watch?v=Ne4xukmEd_I
[19:48:53] <VanDreadPL> misiek200m:  no kurwa nosi mnie
[19:48:57] <VanDreadPL> a do tego nie mogę zapalić XD
[19:49:17] <VanDreadPL> no to jest do chuja nie podobne
[19:49:21] <misiek200m> No to opierdol mleczko w tubce czy cuś ;p
[19:49:53] <VanDreadPL> chyba piwo w beczce a nie mleczko
[19:50:16] <VanDreadPL> jeszcze matka przyszła czy słuchawek nie mam bo za głośno słucham muzyki
[19:50:25] <VanDreadPL> nie mam zostawiłem w pracy
[19:50:31] <VanDreadPL> cały dzień na nie
[19:50:50] <VanDreadPL> jeszcze idę do babsztyla z nowym lapem hp 840
[19:51:02] <VanDreadPL> że wielki i ciężki
[19:51:15] <VanDreadPL> i go nie chce
[19:51:19] <VanDreadPL> debilka
[19:52:50] <Nighti> Van kup sb worek treningowy i jak Cb nosi to wiesz co robic. Walisz na worek zdj szefa i jedziesz ;p
[19:53:18] <Dalir> VanDreadPL: ja bym go od niej chętnie wzial xD
[19:55:41] <VanDreadPL> i chuj tego będę słuchał https://www.youtube.com/watch?v=dHemix7SAx0
[19:58:30] <VanDreadPL> już mi się znudziło
[20:05:02] <VanDreadPL> https://youtu.be/F0RyuaBkwkE?list=LLONtnC7UTaS9AmsPWBzTbiw już jakby mi lepiej misiek200m
[20:06:57] <Soxis> VanDreadPL: https://www.youtube.com/watch?v=U8YJGwsuJn8
[20:07:46] <VanDreadPL> Soxis:  chesz mnie podkurwić czy uspokoić
[20:07:50] <VanDreadPL> nie ten kierunek
[20:08:07] <Soxis> VanDreadPL: `jakbym chciał podkurwić to bym wysłał giddy up xD
[20:09:42] <VanDreadPL> zadzwoniłem do kumpla
[20:10:04] <VanDreadPL> powiedział że tego r500 żeby dostać to może być problem bo ktoś z niego układ chłodzenia wymontował
[20:10:11] <VanDreadPL> kurwa już piszę że go chce
[20:10:16] <VanDreadPL> już czekam kurwa na niego :D
[20:13:58] <VanDreadPL> pro laptop bez układu chłodzenia
[20:14:15] <VanDreadPL> spierdalam z tego domu mnie nosi idę na piwo
[20:25:53] <psoras> VanDreadPL: https://www.youtube.com/watch?v=pc0mxOXbWIU puść jutro szefowi
[21:29:28] <Soxis> psoras: jak się nazywa ta piosenka
[21:29:32] <Soxis> meksykańska :D
[21:29:39] <Soxis> ty ty ty ty ty ty ty ty ty tyyyyyyy
[21:29:45] <Soxis> ty ty ty ty ty ty ty ty ty tyyyyyy
[21:29:48] <psoras> nie kojarzę
[21:29:50] <Soxis> ty ty ty ty ty ty ty ty tyyyyyy
[21:29:53] <Soxis> jak to nie :D
[21:31:21] <Soxis> psoras: http://puu.sh/hF2GU/b050a253db.mp3
[21:31:24] <Soxis> VoThall:
[21:31:26] <Soxis> VanDreadPL:
[21:31:28] <Soxis> Dalir:
[21:31:30] <Soxis> misiek200m:
[21:31:41] <VoThall> ;-;
[21:32:33] <Nighti> Soxis kojarze :D
[21:33:05] <psoras> a ja nie
[21:33:18] <psoras> zamiast tego puszczę sobie https://www.youtube.com/watch?v=77Ms1oCiDH4
[21:40:38] <Soxis> Nighti ale nazwy nie znasz? xD
[21:40:51] <Nighti> niestety :C
[21:40:53] <Nighti> xD
[21:41:04] <Soxis> psoras: https://www.youtube.com/watch?v=JZbkUOznoIg
[21:41:41] <Nighti> https://www.youtube.com/watch?v=J-r0Muf-tyg  psoras
[21:42:36] <VanDreadPL> Soxis:  https://www.youtube.com/watch?v=BYwqjCj6kgc
[21:43:19] <Soxis> VanDreadPL: masz u mnie browca :D
[21:43:40] <VanDreadPL> Soxis: https://www.youtube.com/watch?v=6m2THtTuBIo
[21:43:43] <VanDreadPL> tu lepsze
[21:44:22] <VanDreadPL> i tu jeszcze lepsze bo bardziej mój klimat https://www.youtube.com/watch?v=Ui0hDQLcWTg
[21:44:28] *** VanDreadPL is now known as VanDreadPIWO
[21:44:47] <psoras> VanDreadPIWO: uwaga, będzie nawiązanie do Blok Ekipy
[21:44:58] <psoras> elo Van, co robisz w piątek wieczorem?
[21:45:10] <VanDreadPIWO> no i namówił
[21:45:13] <Soxis> XD
[21:47:03] *** Quits: Soxis (~chatzilla@86-63-85-25.sta.asta-net.com.pl) (Read error: Connection reset by peer)
[21:47:10] <Nighti> XDD
[21:47:52] *** Joins: Soxis (~chatzilla@86-63-85-25.sta.asta-net.com.pl)
[21:48:03] <Nighti> Soxis
[21:48:57] <Soxis> Night
[21:49:00] <Soxis> Nighti
[21:50:00] <Nighti> Soxis
[21:50:04] <Soxis> Nighti
[21:50:12] <Nighti> Soxis
[21:50:20] <Soxis> Nighti
[21:50:34] <Nighti> Soxis
[21:50:42] <Soxis> Nighti
[21:50:48] <Nighti> Soxis
[21:50:53] <Soxis> Nighti
[21:51:00] <Nighti> Soxis
[21:51:07] <Soxis> Nighti
[21:51:08] <Nighti> Soxis
[21:51:09] <VanDreadPIWO> Mam chęć na małe piwko
[21:51:09] <VanDreadPIWO> Na szefa kurwić mi się chce
[21:51:09] <VanDreadPIWO> Bo nowego laptopa odmówiono mnie
[21:51:09] <VanDreadPIWO> Choć nie potrzebuje cię
[21:51:09] <VanDreadPIWO> Piwo moje paliwo
[21:51:09] <VanDreadPIWO> I mimo iż czasem chodzę krzywo
[21:51:09] <VanDreadPIWO> Kierowniku pierdolę cię
[21:51:13] <VanDreadPIWO> booom XD
[21:51:18] <Soxis> VanDreadPIWO: zepsułeś xD
[21:52:13] <Night_Spark> VanDreadPIWO: dobre 8/10
[21:52:14] <VanDreadPIWO> i dobrze
[21:52:16] <Night_Spark> xD
[21:52:20] <VanDreadPIWO> nie ma nabijania sobie statów
[21:52:26] <VanDreadPIWO> za to bany lecą
[21:52:29] <VanDreadPIWO> gdzieś
[21:52:32] <VanDreadPIWO> pewnie za to dają
[21:52:36] <VanDreadPIWO> XD
[21:52:43] <Nighti> XDD
[21:52:44] <Night_Spark> Oni w pingponga grali
[21:52:55] <Nighti> Właśnie
[21:53:08] <Nighti> serw poszedł w .............
[21:53:11] <VanDreadPIWO> Ping pong to pedalska gra
[21:53:17] <Nighti> a był taki dobry
[21:53:20] <VanDreadPIWO> dwie paletki jedna piłeczka XD
[21:53:36] <Nighti> to był sqłosz ;p
[21:54:22] <Nighti> z/w lece po piłkę bo wan gdzieś wywalił
[21:58:51] <VanDreadPIWO> taa co złego to Van
[21:59:04] <VanDreadPIWO> Night_Spark:  jeszcze raz najlepszego
[21:59:10] <VanDreadPIWO> a kto zmieni topic do niedzieli ma wpierdol
[21:59:12] <VanDreadPIWO> XD
[21:59:50] <Night_Spark> :D
[22:00:01] <Night_Spark> Jeszcze raz dzięki xD
[22:00:24] *** Dalir changes topic to 'o kurwa'
[22:00:42] *** Dalir changes topic to '100latek Night_Spark || http://dai.ly/x2nz8g2 [S05E05 - PL|Mystheria] || Kółko wzajemnej adoracji pod patronatem: Torrerystów, Szczytowych marchewek, Mjudu na literach, Skrzydlatych uszu, Ujemnych włosów, Człowieka Pręta, Barwnych Inaczej, Człowieka z Nogami, Lęku przed Matematyką oraz Szukających Szczęścia Wzrokiem || http://ujeb.se/MHyKB | http://stats.200m.pl ||'
[22:01:45] <VanDreadPIWO> Soxis: https://www.youtube.com/watch?v=VZzxKw2i2cI
[22:02:00] <VanDreadPIWO> Dalir: za to czeka cię ciężki wpierdol
[22:02:03] <VanDreadPIWO> kiedyś
[22:02:16] <Dalir> W co?
[22:02:24] <Dalir> Lubie w pupe ._.
[22:02:28] <VanDreadPIWO> kiedyś przyjdzie ten dzień że spotkam Cię na ulicy marszałkowskiej
[22:02:35] <Soxis> lubie w duuuu
[22:02:38] <VanDreadPIWO> i tam dam ci w ryło
[22:02:39] <Soxis> uużych ilościach sok
[22:10:30] <VanDreadPIWO> dobrze mi zrobiło to wyjście na dwór :)
[22:10:39] <VanDreadPIWO> jestem bardziej opanowany :D
[22:11:19] <VoThall> co tu sie spamuje
[22:11:21] <VoThall> a ja nie zawolany
[22:15:24] <VanDreadPIWO> VoThall: wybacz
[22:15:34] <VanDreadPIWO> VoThall:  hono na irca spamujemy
[22:15:39] <VanDreadPIWO> lepiej?
[22:15:57] <VoThall> eh
[22:15:59] *** Joins: Izeer_kom (~izeer_kom@188.29.164.164.threembb.co.uk)
[22:16:04] <VoThall> ide po herbate az
[22:16:05] <VanDreadPIWO> Izeer_kom:  przyszedł
[22:16:14] <VanDreadPIWO> witaj panie Izeer_kom
[22:16:17] <Izeer_kom> Ty brutusie
[22:16:20] <VanDreadPIWO> jak tam w pracy
[22:16:23] <VanDreadPIWO> nie wkurwiaj mnie\
[22:16:23] <Izeer_kom> Pierdol sie
[22:16:28] <VanDreadPIWO> bo jestem gotów zajebać
[22:16:38] <Izeer_kom> Tak to nie chce.piwa
[22:16:44] <Izeer_kom> A jak mnie nie ma to chleje
[22:16:55] <VanDreadPIWO> ktoś pić musi jak nikt nie pije
[22:17:01] <VanDreadPIWO> poza tym ja mam powód
[22:17:05] <VanDreadPIWO> wkurwiony jestem
[22:17:23] <VanDreadPIWO> jakbym mógł to bym wczesniej nawet zajarał
[22:18:19] <VanDreadPIWO> ale kurwa głupio zacząć z powodu iż w pracy maja mnie tak bardzo w dupie że dostałem jeby że nie zgłosiłem wczesniej że mam zjebanego lapa bo teraz zakupy dla it może w grudniu będą
[22:18:34] <VanDreadPIWO> no kurwa wcale od 14czerwa nie zgłaszam co miesiąc
[22:22:38] <Izeer_kom> Hehe
[22:23:05] <VanDreadPIWO> nie hehe
[22:23:17] <VanDreadPIWO> dostałem jeby że to moja wina
[22:23:31] <VanDreadPIWO> i że teraz to jedynie mogę dostać lenvo r500
[22:23:34] <VanDreadPIWO> kurwa niech dają
[22:23:46] <VanDreadPIWO> kolega mi napisał że nie ma układu chłodzenia do niego
[22:23:59] <VanDreadPIWO> bardzo chętnie napiszę że otrzymany laptop jest rozjebany
[22:24:17] <VanDreadPIWO> i że na maile od dziś będę odpowiadał raz dziennie w domu
[22:24:27] <VanDreadPIWO> ewentualnie mogę im gołębia pocztowego wysłać
[22:28:12] <Nighti> Co ja dziś odwaliłem xD
[22:28:36] <Nighti> Wstaję 5:50 się przeciagam otwieram oczy 6:40 a 6:50 mam wKD
[22:28:56] <VanDreadPIWO> no to faktycznie 5:50 w chuj XD
[22:28:56] <Nighti> No i musiałem następna jechać a na 8 musiałem byc
[22:29:07] <VanDreadPIWO> Nighti:  to słuchaj tego
[22:29:21] <Nighti> tylko szybko
[22:29:28] <VanDreadPIWO> wstaje o 7 patrze kurwaaaa pojebało mnie przewracam się na bok
[22:29:30] <VanDreadPIWO> 8
[22:29:35] <VanDreadPIWO> no to jeszcze 10min
[22:29:43] <VanDreadPIWO> XD
[22:29:52] <Nighti> xD
[22:30:36] <Nighti> Ta ja wpadam do klasy na 15 min lekcji, miał być test, testu nie ma i dostałem spóźnienie Yaaay
[22:31:12] <VanDreadPIWO> Nighti:  to ja wpadam do roboty o 9:20 XD miałem być na 8:30
[22:31:21] <VanDreadPIWO> patrze w stystem byłem od 8:20
[22:31:34] <Dalir> Matrix
[22:31:40] <VanDreadPIWO> kolega bał się że zapomni mi początek pracy zrobić więc wyklikał mi wcześnij XD
[22:31:41] <Nighti> ty 50 min ja 30 moze kiedys Cb przebije ;p
[22:31:45] <Izeer_kom> O kurwa jak jeblem teraz
[22:31:59] <Dalir> Bolalo?
[22:32:00] <Izeer_kom> Ide korytarzem w robocie, i stoi krzeslo
[22:32:09] <VanDreadPIWO> myślisz szogun
[22:32:13] <Izeer_kom> I kartka doczepiona
[22:32:17] <Nighti> robisz szogun
[22:32:23] <Dalir> O tresci szogun
[22:32:28] <Izeer_kom> 'arm broken' ze rozjebane niby
[22:32:49] <Izeer_kom> Ktos doczepil druga 'aren't we all?'
[22:32:49] <VanDreadPIWO> z szogunem było by lepsze
[22:33:08] <Nighti> Eeyup
[22:33:26] <VanDreadPIWO> Izeer_kom:  do której dziś?
[22:33:38] <Izeer_kom> Do 2-3
[22:33:43] <Nighti> panowie ja uciekam
[22:33:48] <Soxis> nQ Nighti
[22:33:55] <Dalir> To cie beda gonic  Nighti
[22:33:59] <Nighti> bo zrobie powtórkę z rozrywki xD
[22:34:09] <VanDreadPIWO> 23 to w polsce jeszcze jakieś 30min XD
[22:34:14] <Nighti> 3 majcie się
[22:34:14] <VanDreadPIWO> nie no wiem o co chodzi
[22:34:20] <VanDreadPIWO> pa Nighti
[22:34:28] <Nighti> Branoc all
[22:34:39] <Dalir> A ja jutro wolne
[22:34:40] <Dalir> Hueh
[22:34:43] *** Quits: Nighti (53183068@gateway/web/freenode/ip.83.24.48.104) (Quit: Jutro tez jest dzień :D)
[22:34:44] <Dalir> Hueheuh
[22:34:45] <Dalir> Bo juwenalia
[22:35:20] <VanDreadPIWO> Dalir:  idziesz się bawić?
[22:35:53] <Dalir> Nie xF
[22:36:14] <VanDreadPIWO> to po co juwenalia
[22:36:21] <VanDreadPIWO> skoro nie idziesz się bawić?
[22:36:32] <VanDreadPIWO> tu trzeba iść odjebać coś fajnego :D
[22:36:52] <Dalir> Ahm not dat type of guy
[22:37:10] <Izeer_kom> He's a stooley
[22:37:29] <Night_Spark> izeer shaddap
[22:37:41] <Izeer_kom> Aren't we all?
[22:37:49] <Izeer_kom> xDDDD
[22:38:31] <VanDreadPIWO> nie wiem na chuj mi tv w pokoju XD
[22:38:42] <VanDreadPIWO> włączyłem go ostatni raz dwa dni temu XD
[22:38:50] <VanDreadPIWO> częściej na tym gram niż oglądam tv
[22:39:03] <VanDreadPIWO> a dekoder służy mi jako zegarek bo wyświetla godzine
[22:39:11] <Night_Spark> Odetnij tuner xD
[22:39:47] <VanDreadPIWO> Night_Spark:  ten telewizor nigdy nie miał wejścia antenowego użytego XD
[22:39:52] <VanDreadPIWO> zawsze tylko HDMI
[22:40:09] <VanDreadPIWO> teraz po 8latach wpinam mu port antenowy
[22:40:14] <VanDreadPIWO> emm to chyba nie działa XD
[22:40:46] <VanDreadPIWO> musiałem zamówić kartę CI+ do nowego 48" a zabrać dekoder do 40"
[22:41:32] <Soxis> ide spać
[22:41:34] <Soxis> nQ
[22:41:36] <VanDreadPIWO> Soxis:
[22:41:38] <VanDreadPIWO> czekaj
[22:41:39] <VanDreadPIWO> emm
[22:41:42] <Soxis> no ok xD
[22:41:45] <VanDreadPIWO> daj coś fajnego jeszcze :)
[22:41:49] <VanDreadPIWO> takiego z jajem
[22:41:52] <VanDreadPIWO> do posłuchania
[22:41:56] <VanDreadPIWO> ale nie jakiś wkurwiacz
[22:42:35] <Izeer_kom> Dobra, koniec przerwy
[22:42:55] <Soxis> VanDreadPIWO: https://www.youtube.com/watch?v=j8cy-8oZmdo
[22:42:55] <Izeer_kom> Bajo
[22:43:03] <Dalir> Jojo
[22:43:04] *** Quits: Izeer_kom (~izeer_kom@188.29.164.164.threembb.co.uk) (Quit: To sie zmontuje xD)
[22:43:17] <VanDreadPIWO> Soxis: https://www.youtube.com/watch?v=r0a-o16i_Gw
[22:43:19] <VanDreadPIWO> to lepsze
[22:43:34] <Soxis> no wydaje się spoko
[22:43:54] <VanDreadPIWO> Soxis:  VoThall  XD
[22:43:55] <Soxis> dobra to chinters will się skończy i idę spać xD
[22:44:07] <VoThall> ?
[22:44:12] <VanDreadPIWO> dziś w robocie mnie jakiś typ spytał czy mu na służbowym lapie GTA ruszy XD
[22:44:33] <VanDreadPIWO> kurwa ludzie są niepoważni XD
[22:44:41] <Soxis> XD
[22:44:43] <VoThall> xDDDDD
[22:44:44] <VanDreadPIWO> grafika integracja intela
[22:44:45] <VanDreadPIWO> XD
[22:44:47] <VoThall> xDD
[22:45:15] <VoThall> jesli mu nie przeszkadza pokaz slajdów
[22:45:19] <VoThall> i to taki jeden na 10 sekund
[22:45:21] <VanDreadPIWO> wiecie niby i7 3ghz
[22:45:21] <VoThall> to odpali
[22:45:31] <VanDreadPIWO> ssd 500gb
[22:45:36] <VanDreadPIWO> 16gb ram
[22:45:46] <VanDreadPIWO> i kurwa grafika intela XD
[22:46:18] <VanDreadPIWO> VoThall:  te kompy im głównie służą do pokazów slajdów
[22:47:03] <VoThall> powiedz mu zeby kupil i sprawdzil xDDD
[22:47:28] <VanDreadPIWO> VoThall:  jeden pan prezes
[22:47:28] <VanDreadPIWO> Laptop na konferencje i do pracy
[22:47:28] <VanDreadPIWO> Ipad do pracy poza biurem
[22:47:28] <VanDreadPIWO> Iphone6 plus do przeglądania mediów bo tablet za duży
[22:47:28] <VanDreadPIWO> iphone 6 jako telefon
[22:47:37] <VanDreadPIWO> no kurwa ludziom się w dupach przewcaca
[22:48:08] <VoThall> :D
[22:48:26] <Soxis> VanDreadPIWO: to lights zajebiste :D
[22:48:34] <VoThall> jeszcze troche i konsole kupi xDDDDDD
[22:48:36] <VanDreadPIWO> Soxis:  wiem :)
[22:48:45] <VanDreadPIWO> jest też fajnie zrobony filmik pod to
[22:49:05] <VanDreadPIWO> Soxis: https://www.youtube.com/watch?v=hDlif8Km4S4
[22:49:09] <VanDreadPIWO> obczaj polecam
[22:49:13] <VanDreadPIWO> dobre łby
[22:49:31] <VoThall> klejpex hehe
[22:50:05] <VoThall> utwory bez szalu, ale ma tyle wyswietlen tylko dzieki temu ze oni to wykorzystali xDD
[22:50:10] <Soxis> xD
[22:50:25] <Soxis> VoThall: nie no nawet mi się w miare podoba parę piosenek
[22:50:25] <VanDreadPIWO> VoThall:  nie zgodzę sie
[22:50:28] <Soxis> tak ponad 7/10 mogę dać
[22:50:39] <VoThall> nie musisz xD
[22:50:44] <VoThall> kazdy ma swoje zdanie :D
[22:50:51] <VoThall> ale jego utwory sa najwyzej przecietne
[22:51:28] <VoThall> okurwex
[22:51:30] <VoThall> https://www.youtube.com/watch?v=Ka9nGBzKekk
[22:51:34] <VoThall> ofiszyl wideo xD
[22:51:47] <Soxis> lel xD
[22:52:06] <VanDreadPIWO> VoThall:  ok
[22:52:09] <VoThall> 10x mniej wyswietlen
[22:52:11] <VoThall> ciekawe czemu
[22:52:13] <Soxis> dobra to teraz idę spać
[22:52:13] <VoThall> xD
[22:52:14] <Soxis> xD
[22:52:15] <VanDreadPIWO> dobra o to już wolałem bez video
[22:52:15] <VanDreadPIWO> XD
[22:52:16] <Soxis> nQ
[22:52:22] *** Quits: Soxis (~chatzilla@86-63-85-25.sta.asta-net.com.pl) (Remote host closed the connection)
[22:52:52] <VanDreadPIWO> VoThall:  ale wyjaśnię ci sens takiej muzyki :D
[22:53:08] <VanDreadPIWO> są ludzie którzy bardzo nie lubią sąsiadów bo coś im zrobili
[22:53:11] <VanDreadPIWO> i jestem ja :D
[22:53:30] <VanDreadPIWO> człowiek który z natury ma wyjebane na ludzi :D
[22:53:34] <VoThall> https://www.youtube.com/watch?v=-EuXIBb7xgQ
[22:54:05] <VoThall> ten utwor ma mniej wyswietlen
[22:54:10] <VoThall> a moim zdaniem bez porownania xD
[22:54:13] <VoThall> chuj ze inne gatnuki
[22:54:16] <VoThall> gatunki
[22:54:24] <VanDreadPIWO> VoThall: czy ja wiem dla mnie wieje on standardem
[22:54:35] <VoThall> posluchaj sobie utworow skruxa
[22:54:39] <VoThall> nie ma pierdolniecia
[22:54:46] <VoThall> ale to nie tylko to sie liczy w utworach xD
[22:55:13] <VanDreadPIWO> VoThall:  masz racje ważne jest też by łamało żebra
[22:55:14] <VanDreadPIWO> XD
[22:55:32] <VoThall> xD
[22:55:37] <VoThall> https://www.youtube.com/watch?v=EO_8jgTRLnE
[22:55:39] <VoThall> albo to
[22:55:43] *** VanDreadPIWO is now known as VanDreadPL
[22:55:58] <VoThall> pierdolniecia nie ma
[22:56:02] <VoThall> ale zajebiste *.*
[22:56:23] <MisiekShy> mam nadzieje ze czytaliscie ama z palikotem ? xD
[22:56:24] <MisiekShy> xDDDDDD
[22:56:34] <VoThall> jeszcze nie
[22:56:46] <VoThall> a zaplacisz mi za chemioterapie?
[22:56:47] <MisiekShy> kopalnia beki xD
[22:57:25] <VanDreadPL> VoThall:  tak jak to https://www.youtube.com/watch?v=cedfX-gzHuM nie ma pierdolnięcia ale łamie żebra XD
[22:57:40] <VoThall> VanDreadPL a czo o tym https://www.youtube.com/watch?v=LSxzzDE38t8 myslisz?
[22:58:25] <VanDreadPL> VoThall:  mi się podobaja takie nuty np jak jadę samochodem w trasie
[22:58:29] <VanDreadPL> mam pełen luzik :)
[22:58:32] <VanDreadPL> lubie bardzo
[22:58:59] <MisiekShy> http://puu.sh/hF9se/1a08abaa88.png VoThall VanDreadPL  xD
[22:59:04] <VanDreadPL> VoThall:  tak samo no kurwa nie wiem czemu ale to uwielbiam https://www.youtube.com/watch?v=T3yPyc5ZdNs
[22:59:20] <VoThall> MisiekShy jesli to nie troll
[22:59:30] <MisiekShy> sam zrobilem screena xD
[22:59:44] <VoThall> VanDreadPL nienawidze suchego dubstepu
[22:59:46] <VoThall> xD
[22:59:56] <VanDreadPL> VoThall:  tak jak teraz to leci to szału nie ma
[23:00:01] <VanDreadPL> ale jak puszczę to sobie w samochodzie
[23:00:04] <VanDreadPL> to inna bajka
[23:00:35] <VanDreadPL> kiedyś mi panczaq powiedział "daj sobie puszczę tą nutę bo to trzeba w dobrej jakości słuchać" XD
[23:00:40] <VoThall> https://www.youtube.com/watch?v=5Jl6A9h-B5I to jest zajebisty melodic dubstep ;---;
[23:00:43] <VoThall> najlepszy jaki slyszalem
[23:00:47] <VoThall> 2 min do dropu
[23:00:49] <VoThall> ale eh ;---;
[23:01:03] <VoThall> chcialbym miec fajne glosniki
[23:01:05] <VoThall> z basem
[23:01:07] <VoThall> i to uslyszec
[23:01:18] <VanDreadPL> VoThall:  ale to chyba nie jest dubstep
[23:01:23] <VoThall> jest
[23:01:25] <VoThall> melodic
[23:02:18] <VoThall> gdybys to spowolnil
[23:02:34] <VoThall> to bys uslyszal dubstep xD
[23:02:56] <VanDreadPL> https://www.youtube.com/watch?v=ISGrJagxHyg
[23:03:00] <VanDreadPL> to jest dub
[23:04:03] <VanDreadPL> ogólnie chcecie newsaXD
[23:04:17] <VanDreadPL> od kiedy przeprwadziłem się do wawy
[23:04:26] <VanDreadPL> i moja matka ma swój pokój a ja swój
[23:04:33] <VanDreadPL> wychodzi na to że to ona burdel robiła XD
[23:04:42] <VoThall> xDDD
[23:04:48] <VanDreadPL> mój pokój codziennie przetarte kurze
[23:04:56] <VanDreadPL> podłoga odkurzona dzień w dzień
[23:04:58] <VanDreadPL> myta co drugi
[23:05:15] <VanDreadPL> ale patrze na jej stół i pytam
[23:05:26] <VanDreadPL> kurde kiedy ty go przecierałaś?
[23:06:03] <VanDreadPL> dobra idę spać :)
[23:06:24] <VanDreadPL> VoThall:  miło było pogadać o czymś innym niż konsole i gry XD
[23:07:45] <VanDreadPL> VoThall:  zbigniew stonoga
[23:07:49] <VanDreadPL> kurwa jak mnie typ wkurwia
[23:07:54] <VoThall> XD
[23:08:05] <VanDreadPL> kurwa poznał internet
[23:08:08] <VanDreadPL> i sie wybija
[23:08:23] <VanDreadPL> a tępe ludziki kurwa to lubią i mówią że typ ma racje
[23:08:52] <VanDreadPL> ale kurwa czy ludzie się nie nauczą nikt tu normalnie kasy nie zarabia
[23:09:05] <VanDreadPL> koleś ma ferrari  merca i w chuj innych
[23:09:16] <VanDreadPL> proste i logiczne że to typ co dorabia się na frajerach
[23:09:37] <VanDreadPL> tak samo jak sprzedawał długo tego policjanta
[23:09:43] <VanDreadPL> tego policjanta znam osbiście
[23:10:05] <VanDreadPL> kolo w sumie nie jest nikim ważnym jest tylko rzecznikiem dla tv
[23:10:10] <VanDreadPL> nikim więcej
[23:10:11] <VanDreadPL> XD
[23:10:19] <VanDreadPL> mój szwagier jest więcej wart niż on sam
[23:10:29] <VanDreadPL> ale jego się czepia bo medialny
[23:11:37] <VanDreadPL> dobra uciekam
[23:11:46] <VanDreadPL> Triluch:  pilnuj by nie przeklinali za bardzo :)
[23:12:15] <VanDreadPL> poza tym Triluch  jak to może kiedyś odczytasz to Pozdrawiam :)
[23:13:43] *** Quits: VanDreadPL (~Thunderbi@89-73-60-176.dynamic.chello.pl) (Quit: Najważniejsze w życiu to mieć się z kim napić :))
[23:24:34] <MisiekShy> http://x3.cdn03.imgwykop.pl/c3201142/comment_s6Q7gtivyINJUH2MxjQGULkv6qKDXIqY.jpg
[23:27:04] <psoras> dobra, ja spadam
[23:27:07] <psoras> na razie
[23:27:11] *** Quits: psoras (~Thunderbi@ackj236.neoplus.adsl.tpnet.pl) (Quit: Narazicho!)
[23:53:28] <Dalir> Dobranoc
[23:53:44] *** Quits: Dalir (~DalFon@88-199-132-54.tktelekom.pl) (Quit: Bye)
