[00:22:47] *** amaway is now known as ama
[00:37:23] *** Quits: SpikeDragon (Spike@sorting.those.books) (Quit: Cya.)
[00:40:11] *** Joins: SpikeDragon (Spike@sorting.those.books)
[00:40:25] *** Joins: StarDust (StarDust@Pony-0m9.n1f.211.205.IP)
[00:49:22] *** Quits: StarDust (StarDust@Pony-0m9.n1f.211.205.IP) (Ping timeout: 121 seconds)
[00:59:37] *** Quits: SpikeDragon (Spike@sorting.those.books) (Quit: Cya.)
[01:01:53] *** Joins: Alcoholicorn (Alcoholicor@Pony-55oq0s.pool.hargray.net)
[01:10:00] *** Joins: SpikeDragon (Spike@sorting.those.books)
[01:36:03] *** Joins: StarDust (StarDust@Pony-0m9.n1f.211.205.IP)
[01:41:21] *** Quits: Persona (Tilde@Pony-emsv7u.res.rr.com) (Quit: Bye!)
[01:48:29] *** Quits: StarDust (StarDust@Pony-0m9.n1f.211.205.IP) (Quit: Page closed)
[01:54:43] *** Joins: Ashfire (Ashfire@Ashfire.bronytv.net)
[01:58:41] *** NexSleep is now known as Nexus
[02:07:15] *** Quits: Arrow (uid63062@Pony-tbaiid.charlton.irccloud.com) (Quit: "Friendship ain't magic; it's a miracle." -ClaviSound)
[02:24:39] *** Quits: Rainbow14 (chat@Pony-44jet1.cable.virginm.net) (Quit: Leaving)
[02:27:39] *** Quits: LightningCrash (lightning@property.of.moonlightning) (Quit: *poof*)
[02:31:06] *** Quits: Alcoholicorn (Alcoholicor@Pony-55oq0s.pool.hargray.net) (Ping timeout: 121 seconds)
[02:43:26] *** Joins: Rainbow14 (chat@Pony-44jet1.cable.virginm.net)
[02:47:23] *** Joins: Alcoholicorn (Alcoholicor@Pony-55oq0s.pool.hargray.net)
[02:49:41] *** Joins: LightningCrash (lightning@property.of.moonlightning)
[03:07:30] *** Joins: Persona (Tilde@Pony-dhoke2.dorm.utexas.edu)
[03:30:07] *** Quits: Alcoholicorn (Alcoholicor@Pony-55oq0s.pool.hargray.net) (Ping timeout: 121 seconds)
[03:43:52] *** Fluttershi is now known as afkshi
[03:52:12] *** Joins: Alcoholicorn (Alcoholicor@Pony-55oq0s.pool.hargray.net)
[04:13:04] *** Quits: Alcoholicorn (Alcoholicor@Pony-55oq0s.pool.hargray.net) (Ping timeout: 121 seconds)
[04:13:22] *** afkshi is now known as Fluttershi
[04:44:40] *** Joins: Alcoholicorn (Alcoholicor@Pony-55oq0s.pool.hargray.net)
[04:55:32] *** Quits: Alcoholicorn (Alcoholicor@Pony-55oq0s.pool.hargray.net) (Ping timeout: 121 seconds)
[05:37:19] *** Joins: Pony_62871 (wixhtmledit@Pony-h4d.p7v.51.2.IP)
[05:37:58] *** Pony_62871 is now known as InnOcenT
[05:53:11] *** Joins: StarDust (~StarDust@Pony-gkqedm.cpe.pppoe.ca)
[06:10:10] *** Quits: StarDust (~StarDust@Pony-gkqedm.cpe.pppoe.ca) (Quit: back to magic)
[06:19:27] *** Nexus is now known as NexSleep
[06:38:47] *** Quits: LightningCrash (lightning@property.of.moonlightning) (Quit: *poof*)
[06:39:18] *** ama is now known as ama|sleep
[07:06:11] *** Joins: Pony_9 (Pony_9@Pony-2u4.lpr.244.207.IP)
[07:11:58] *** Quits: Pony_9 (Pony_9@Pony-2u4.lpr.244.207.IP) (Ping timeout: 121 seconds)
[08:41:13] *** [A]McKey is now known as McKey
[08:48:33] *** Joins: Alcoholicorn (Alcoholicor@Pony-55oq0s.pool.hargray.net)
[09:51:02] *** McKey is now known as [A]McKey
[10:11:50] *** Fluttershi is now known as afkshi
[11:13:01] *** Joins: RedHelper (RedHelper@Pony-h3g.h5p.41.73.IP)
[11:13:30] *** RedHelper is now known as Pony_37451
[11:15:25] *** Pony_37451 is now known as RedHelper
[11:20:02] *** Quits: InnOcenT (wixhtmledit@Pony-h4d.p7v.51.2.IP) (Ping timeout: 121 seconds)
[12:41:15] *** Q0 is now known as Q0|Away
[12:42:05] *** Quits: RedHelper (RedHelper@The.Pony.That.Makes.You.Smile) (Ping timeout: 121 seconds)
[12:42:49] *** Quits: Zuzu (zuzu@is.robo.licious) (Quit: My MBP went to sleep.)
[14:26:29] *** Quits: Alcoholicorn (Alcoholicor@Pony-55oq0s.pool.hargray.net) (Ping timeout: 121 seconds)
[15:09:57] *** [A]McKey is now known as McKey
[17:03:53] *** Joins: InnOcenT (wixhtmledit@Pony-h4d.p7v.51.2.IP)
[17:12:02] *** Joins: SabSparrow (SabSparrow@Pony-aqr.lge.190.193.IP)
[17:47:15] *** Quits: SabSparrow (SabSparrow@Pony-aqr.lge.190.193.IP) (Quit: OUCH!!!)
[18:14:28] *** afkshi is now known as Fluttershi
[18:32:46] *** ama|sleep is now known as ama
[18:35:02] *** Joins: Arrow (uid63062@Pony-tbaiid.charlton.irccloud.com)
[18:40:04] *** Quits: Princess_bikey (repair@s.no.bike) (Quit: oh no)
[18:40:36] *** Joins: bikey (repair@Pony-and.br1.52.198.IP)
[18:41:25] *** bikey is now known as Princess_bikey
[18:53:27] *** Quits: SpikeDragon (Spike@sorting.those.books) (Ping timeout: 121 seconds)
[19:21:56] *** Joins: SpikeDragon (Spike@sorting.those.books)
[19:28:56] *** Fluttershi is now known as afkshi
[19:30:22] *** Arrow is now known as Toothie
[19:30:23] *** Joins: Zuzu (zuzu@is.robo.licious)
[19:31:16] *** Quits: SpikeDragon (Spike@sorting.those.books) (Ping timeout: 121 seconds)
[19:35:10] *** Joins: SpikeDragon (Spike@sorting.those.books)
[19:49:53] *** Joins: Alcoholicorn (Alcoholicor@Pony-55oq0s.pool.hargray.net)
[19:55:09] *** Joins: Carpetto (Carpetto@Pony-2t6ioo.dyn.optonline.net)
[19:55:13] *** Quits: Carpetto (Carpetto@Pony-2t6ioo.dyn.optonline.net) (Quit: Page closed)
[19:59:15] *** Joins: Laps_out (Lapsus@Pony-49v.tki.222.209.IP)
[20:00:59] *** Quits: Lapsus (Lapsus@i-forget.ca) (Ping timeout: 121 seconds)
[20:26:30] *** Toothie is now known as Rhenn
[20:35:42] *** afkshi is now known as Fluttershi
[21:13:52] *** Quits: InnOcenT (wixhtmledit@Pony-h4d.p7v.51.2.IP) (Ping timeout: 121 seconds)
[21:17:10] *** Fluttershi is now known as afkshi
[21:17:20] *** Joins: RedHelper (RedHelper@Pony-h3g.h5p.41.73.IP)
[21:19:58] *** Laps_out is now known as Lapsus
[21:26:08] *** afkshi is now known as Fluttershi
[21:44:22] *** ama is now known as amaway
[21:55:56] *** Quits: RedHelper (RedHelper@The.Pony.That.Makes.You.Smile) (Ping timeout: 121 seconds)
[21:59:59] *** Rhenn is now known as Toothpaste
[22:25:37] *** Joins: Pony_2 (Pony_2@Pony-9brdj6.elisa-mobile.fi)
[22:25:59] *** Joins: Pony_3 (Pony_3@Pony-9brdj6.elisa-mobile.fi)
[22:26:03] *** Quits: Pony_3 (Pony_3@Pony-9brdj6.elisa-mobile.fi) (Quit: Page closed)
[22:26:21] *** Parts: Pony_2 (Pony_2@Pony-9brdj6.elisa-mobile.fi) ("")
[22:47:00] *** Quits: Colgate (rabbit@brushie.horse) (Ping timeout: 121 seconds)
[22:47:31] *** Toothpaste is now known as Tooth|AFK
[22:59:19] *** Tooth|AFK is now known as Toothpaste
[23:05:10] *** Joins: Colgate (rabbit@brushie.horse)
[23:05:10] *** Celestia sets mode: +ao Colgate Colgate
[23:10:29] *** Joins: Pony_5 (Pony_5@Pony-9brdj6.elisa-mobile.fi)
[23:11:03] *** Joins: Pony_3 (Pony_3@Pony-9brdj6.elisa-mobile.fi)
[23:11:12] *** Quits: Pony_3 (Pony_3@Pony-9brdj6.elisa-mobile.fi) (Quit: Page closed)
[23:16:58] *** Quits: Pony_5 (Pony_5@Pony-9brdj6.elisa-mobile.fi) (Quit: Page closed)
[23:25:41] *** NexSleep is now known as Nexus
[23:33:45] *** Fluttershi is now known as afkshi
[23:34:51] *** afkshi is now known as Fluttershi
[23:34:51] *** Nexus is now known as Nexus|afk
[23:43:47] *** McKey is now known as [A]McKey
[23:47:18] *** Joins: LightningCrash (lightning@property.of.moonlightning)
[23:47:36] *** Fluttershi is now known as afkshi
[23:55:35] *** afkshi is now known as Fluttershi
