[00:22:27] <IdleRPG> Idle_RPG read a few spoilers! This wondrous event has accelerated them 2 days, 07:35:11 towards level 85.
[00:22:27] <IdleRPG> Idle_RPG reaches next level in 44 days, 00:08:41.
[00:49:37] *** IdleRPG sets mode: +v Jouva
[00:49:37] <IdleRPG> jouva, the level 83 skunk, is now online from nickname Jouva. Next level in 50 days, 00:03:18.
[00:51:25] <IdleRPG> AppleDash [622/1101] has challenged IdleRPG [225/1102] in combat and won! 4 days, 13:49:20 is removed from AppleDash's clock.
[00:51:25] <IdleRPG> AppleDash reaches next level in 18 days, 07:17:21.
[01:51:33] <IdleRPG> Rainbow_Dash [451/736] has challenged Minigash [31/617] in combat and won! 7 days, 11:05:12 is removed from Rainbow_Dash's clock.
[01:51:33] <IdleRPG> Rainbow_Dash reaches next level in 60 days, 08:58:31.
[02:14:03] <IdleRPG> Furyform made it into The Wonderbolts! This wondrous event has accelerated them 6 days, 02:58:04 towards level 86.
[02:14:03] <IdleRPG> Furyform reaches next level in 81 days, 08:34:22.
[02:15:18] <IdleRPG> Thereupon Nightmare Moon stretched out Her hoof among them and consumed AppleDash with darkness, slowing the heathen 12 days, 01:00:29 from level 80.
[02:15:18] <IdleRPG> AppleDash reaches next level in 30 days, 06:53:57.
[02:51:40] <IdleRPG> Idle_RPG [694/898] has challenged TheFaithBreaker [80/638] in combat and won! 5 days, 16:58:31 is removed from Idle_RPG's clock.
[02:51:40] <IdleRPG> Idle_RPG reaches next level in 38 days, 04:40:57.
[03:51:48] <IdleRPG> Rainbow_Dash [652/736] has challenged Furyform [714/722] in combat and lost! 7 days, 05:38:11 is added to Rainbow_Dash's clock.
[03:51:48] <IdleRPG> Rainbow_Dash reaches next level in 67 days, 12:36:26.
[03:58:22] <IdleRPG> Idle_RPG, Ruthalas, Moonlightning, and Toksyuryel have been chosen by Celestia to rescue the beautiful princess Luna from the grasp of Discord. Participants must first reach [167,458], then [325,270].
[04:51:56] <IdleRPG> AppleDash [42/1101] has challenged Idle_RPG [102/898] in combat and lost! 3 days, 14:54:52 is added to AppleDash's clock.
[04:51:56] <IdleRPG> AppleDash reaches next level in 33 days, 19:12:11.
[04:53:07] *** Joins: Bedmonster (Bedmonster@Pony-6aak8h.cable.rogers.com)
[04:54:03] *** IdleRPG sets mode: +v Bedmonster
[04:54:03] <IdleRPG> Bedmonster, the level 15 DreamWeaver, is now online from nickname Bedmonster. Next level in 0 days, 00:18:24.
[05:12:29] <IdleRPG> Bedmonster, the DreamWeaver, has attained level 16! Next level in 0 days, 01:47:28.
[05:12:29] <IdleRPG> Bedmonster found a level 19 shield! Bedmonster's current shield is only level 15, so it seems Luck is with them!
[05:50:21] <IdleRPG> Kyriol, the Machinist, has attained level 25! Next level in 0 days, 06:48:44.
[05:50:21] <IdleRPG> Kyriol found a level 36 charm! Kyriol's current charm is only level 24, so it seems Luck is with them!
[05:50:21] <IdleRPG> Kyriol [121/192] has challenged Bedmonster [54/106] in combat and won! 0 days, 00:28:36 is removed from Kyriol's clock.
[05:50:21] <IdleRPG> Kyriol reaches next level in 0 days, 06:20:08.
[05:52:03] <IdleRPG> Idle RPG Top Players:
[05:52:03] <IdleRPG> Toksyuryel, the level 86 Plushie, is #1! Next level in 15 days, 15:43:24.
[05:52:03] <IdleRPG> Furyform, the level 85 neko, is #2! Next level in 81 days, 04:56:22.
[05:52:03] <IdleRPG> Idle_RPG, the level 84 IRC Bot, is #3! Next level in 38 days, 01:40:34.
[05:52:03] <IdleRPG> TheFaithBreaker [92/638] has challenged Furyform [329/722] in combat and lost! 0 days, 08:56:55 is added to TheFaithBreaker's clock.
[05:52:06] <IdleRPG> TheFaithBreaker reaches next level in 3 days, 11:31:19.
[06:34:51] *** Quits: Furyform (Furyform@is.a.pretty.pony) (Connection closed)
[06:42:41] *** Joins: Furyform (Furyform@is.a.pretty.pony)
[06:42:43] *** IdleRPG sets mode: +v Furyform
[06:42:43] <IdleRPG> Furyform, the level 85 neko, is now online from nickname Furyform. Next level in 81 days, 16:13:28.
[06:52:12] <IdleRPG> Idle_RPG [217/898] has challenged Minigash [286/617] in combat and lost! 2 days, 15:53:13 is added to Idle_RPG's clock.
[06:52:12] <IdleRPG> Idle_RPG reaches next level in 40 days, 16:33:38.
[06:59:58] <IdleRPG> Bedmonster, the DreamWeaver, has attained level 17! Next level in 0 days, 02:04:40.
[06:59:58] <IdleRPG> Bedmonster found a level 11 set of leggings. Bedmonster's current set of leggings is level 19, so it seems Luck is against them. They toss the set of leggings.
[07:52:27] <IdleRPG> Sin [377/848] has challenged Ruthalas [284/484] in combat and won! 8 days, 16:46:26 is removed from Sin's clock.
[07:52:27] <IdleRPG> Sin reaches next level in 70 days, 09:10:18.
[08:50:30] *** Quits: Bedmonster (Bedmonster@Pony-6aak8h.cable.rogers.com) (Quit: Leaving.)
[08:52:34] <IdleRPG> Moonlightning [660/891] has challenged Idle_RPG [252/898] in combat and won! 15 days, 01:37:54 is removed from Moonlightning's clock.
[08:52:34] <IdleRPG> Moonlightning reaches next level in 56 days, 16:25:30.
[09:15:36] *** [A]McKey is now known as McKey
[09:23:26] <IdleRPG> Ripp_ walked face-first into a tree, or was that a Fluttershy? Hard to tell at times. This terrible calamity has slowed them 4 days, 20:32:40 from level 58.
[09:23:26] <IdleRPG> Ripp_ reaches next level in 58 days, 19:29:06.
[09:52:42] <IdleRPG> Sin [272/848] has challenged Moonlightning [441/891] in combat and lost! 7 days, 17:35:18 is added to Sin's clock.
[09:52:42] <IdleRPG> Sin reaches next level in 78 days, 00:45:21.
[10:14:41] *** Quits: Moonlightning (blackl@property.of.lightningcrash) (Connection closed)
[10:14:45] <IdleRPG> Moonlightning's prudence and self-regard has brought the wrath of Nightmare Moon upon the realm. All your wickedness makes you fear the light, as the great Nightmare Moon seeks to envelop Equestria with eternal darkness.  
[10:15:08] *** Joins: Starthunder (blackl@property.of.lightningcrash)
[10:20:34] <IdleRPG> Ruthalas [55/484] has come upon Idle_RPG [314/898] and been defeated in combat! 0 days, 04:53:36 is added to Ruthalas's clock.
[10:20:34] <IdleRPG> Ruthalas reaches next level in 1 day, 21:40:18.
[10:23:03] *** McKey is now known as [A]McKey
[10:52:50] <IdleRPG> Ruthalas [172/484] has challenged Sin [605/848] in combat and lost! 0 days, 04:57:53 is added to Ruthalas's clock.
[10:52:50] <IdleRPG> Ruthalas reaches next level in 2 days, 02:05:55.
[11:28:59] *** [A]McKey is now known as McKey
[11:52:57] <IdleRPG> Sin [539/848] has challenged Rainbow_Dash [177/736] in combat and won! 13 days, 14:26:05 is removed from Sin's clock.
[11:52:57] <IdleRPG> Sin reaches next level in 71 days, 09:46:57.
[12:09:13] *** McKey is now known as [A]McKey
[12:09:41] *** Q0 is now known as Q0|Away
[12:17:06] <IdleRPG> Kyriol, the Machinist, has attained level 26! Next level in 0 days, 07:54:08.
[12:17:06] <IdleRPG> Kyriol found a level 17 charm. Kyriol's current charm is level 36, so it seems Luck is against them. They toss the charm.
[12:17:06] <IdleRPG> Kyriol [84/192] has challenged Rainbow_Dash [622/736] in combat and lost! 0 days, 00:42:40 is added to Kyriol's clock.
[12:17:06] <IdleRPG> Kyriol reaches next level in 0 days, 08:36:48.
[12:49:27] *** Quits: Cameron_D (cameron@cam.mylittle.horse) (Ping timeout: 121 seconds)
[12:51:28] <IdleRPG> AppleDash [254/1101] has come upon Ruthalas [306/484] and been defeated in combat! 2 days, 17:21:09 is added to AppleDash's clock.
[12:51:28] <IdleRPG> AppleDash reaches next level in 41 days, 14:57:41.
[12:53:05] <IdleRPG> Rainbow_Dash [595/736] has challenged McKey [93/309] in combat and won! 5 days, 11:05:31 is removed from Rainbow_Dash's clock.
[12:53:05] <IdleRPG> Rainbow_Dash reaches next level in 62 days, 19:33:34.
[13:00:35] <IdleRPG> Rarity cast a spell of Beautification on AppleDash's tunic! AppleDash's tunic gains 10% effectiveness.
[13:19:57] *** Joins: Cameron_D (cameron@Pony-be0im7.mylittle.horse)
[13:20:02] *** IdleRPG sets mode: +v Cameron_D
[13:20:02] <IdleRPG> Idle_RPG, the level 84 IRC Bot, is now online from nickname Cameron_D. Next level in 51 days, 09:40:34.
[13:53:13] <IdleRPG> Sin [758/848] has challenged Ripp_ [472/509] in combat and won! 9 days, 23:38:56 is removed from Sin's clock.
[13:53:13] <IdleRPG> Sin reaches next level in 61 days, 08:07:46.
[14:14:18] <IdleRPG> Ripp_, Toksyuryel, and TheFaithBreaker [1871/1917] have team battled Ruthalas, jouva, and Rainbow_Dash [635/1754] and won! 0 days, 15:53:41 is removed from their clocks.
[14:33:51] *** [A]McKey is now known as McKey
[14:50:25] *** Joins: Spazturtle (Spazturtle@Derping.at.Home)
[14:50:29] *** IdleRPG sets mode: +v Spazturtle
[14:50:29] <IdleRPG> Spazturtle, the level 66 pegasus, is now online from nickname Spazturtle. Next level in 3 days, 06:30:25.
[14:53:20] <IdleRPG> Ruthalas [370/484] has challenged Spazturtle [182/664] in combat and won! 0 days, 07:22:28 is removed from Ruthalas's clock.
[14:53:20] <IdleRPG> Ruthalas reaches next level in 1 day, 14:42:57.
[15:53:28] <IdleRPG> Idle RPG Top Players:
[15:53:28] <IdleRPG> Toksyuryel, the level 86 Plushie, is #1! Next level in 28 days, 04:05:47.
[15:53:28] <IdleRPG> Furyform, the level 85 neko, is #2! Next level in 93 days, 05:16:00.
[15:53:28] <IdleRPG> Idle_RPG, the level 84 IRC Bot, is #3! Next level in 51 days, 07:07:11.
[15:53:28] <IdleRPG> Spazturtle [24/664] has challenged Sin [809/848] in combat and lost! 0 days, 08:31:13 is added to Spazturtle's clock.
[15:53:31] <IdleRPG> Spazturtle reaches next level in 3 days, 13:58:41.
[16:53:35] <IdleRPG> TheFaithBreaker [565/638] has challenged Rainbow_Dash [99/736] in combat and won! 0 days, 09:44:52 is removed from TheFaithBreaker's clock.
[16:53:35] <IdleRPG> TheFaithBreaker reaches next level in 2 days, 03:10:35.
[17:09:55] <IdleRPG> jouva [195/534] has come upon Idle_RPG [569/898] and been defeated in combat! 7 days, 00:28:28 is added to jouva's clock.
[17:09:55] <IdleRPG> jouva reaches next level in 65 days, 12:25:45.
[17:14:44] *** McKey is now known as [A]McKey
[17:30:14] *** [A]McKey is now known as McKey
[17:32:45] *** Quits: Spazturtle (Spazturtle@Derping.at.Home) (Killed (NickServ (GHOST command used by Spazturtle_)))
[17:32:55] *** Joins: Spazturtle (Spazturtle@Derping.at.Home)
[17:53:43] <IdleRPG> Rainbow_Dash [634/736] has challenged McKey [149/309] in combat and won! 5 days, 00:12:14 is removed from Rainbow_Dash's clock.
[17:53:43] <IdleRPG> Rainbow_Dash reaches next level in 57 days, 14:20:41.
[17:53:43] <IdleRPG> Rainbow_Dash has dealt McKey a Critical Strike! 0 days, 00:25:06 is added to McKey's clock.
[17:53:43] <IdleRPG> McKey reaches next level in 0 days, 03:02:03.
[18:05:08] <IdleRPG> Furyform [706/722] has come upon Sin [807/848] and been defeated in combat! 10 days, 05:51:28 is added to Furyform's clock.
[18:05:08] <IdleRPG> Furyform reaches next level in 103 days, 08:55:48.
[18:05:44] <IdleRPG> Furyform [158/722] has come upon Sin [332/848] and been defeated in combat! 11 days, 08:54:04 is added to Furyform's clock.
[18:05:44] <IdleRPG> Furyform reaches next level in 114 days, 17:49:16.
[18:18:23] *** Joins: Bedmonster (Bedmonster@Pony-6aak8h.cable.rogers.com)
[18:20:43] *** IdleRPG sets mode: +v Bedmonster
[18:20:43] <IdleRPG> Bedmonster, the level 17 DreamWeaver, is now online from nickname Bedmonster. Next level in 0 days, 00:17:09.
[18:37:54] <IdleRPG> Bedmonster, the DreamWeaver, has attained level 18! Next level in 0 days, 02:24:37.
[18:37:54] <IdleRPG> Bedmonster found a level 20 set of leggings! Bedmonster's current set of leggings is only level 19, so it seems Luck is with them!
[18:37:54] <IdleRPG> Bedmonster [83/107] has challenged Rainbow_Dash [15/736] in combat and won! 0 days, 00:23:08 is removed from Bedmonster's clock.
[18:37:54] <IdleRPG> Bedmonster reaches next level in 0 days, 02:01:29.
[18:47:15] *** McKey is now known as [A]McKey
[18:53:49] <IdleRPG> ISky [23/330] has challenged jouva [391/534] in combat and lost! 0 days, 08:02:14 is added to ISky's clock.
[18:53:49] <IdleRPG> ISky reaches next level in 3 days, 09:06:18.
[19:13:50] *** [A]McKey is now known as McKey
[19:53:57] <IdleRPG> Toksyuryel [429/770] has challenged Bedmonster [53/107] in combat and won! 1 day, 23:02:46 is removed from Toksyuryel's clock.
[19:53:57] <IdleRPG> Toksyuryel reaches next level in 26 days, 01:02:32.
[20:29:31] <IdleRPG> ISky fell, chipping their amulet on Tom! ISky's amulet loses 10% of its effectiveness.
[20:35:20] <IdleRPG> Bedmonster has changed alignment to: evil.
[20:39:24] <IdleRPG> Bedmonster, the DreamWeaver, has attained level 19! Next level in 0 days, 02:47:45.
[20:39:24] <IdleRPG> Bedmonster found a level 21 ring! Bedmonster's current ring is only level 18, so it seems Luck is with them!
[20:39:24] <IdleRPG> Bedmonster [20/99] has challenged Furyform [484/722] in combat and lost! 0 days, 00:20:07 is added to Bedmonster's clock.
[20:39:24] <IdleRPG> Bedmonster reaches next level in 0 days, 03:07:52.
[20:53:55] <IdleRPG> Kyriol, the Machinist, has attained level 27! Next level in 0 days, 09:10:00.
[20:53:55] <IdleRPG> Kyriol found a level 19 set of leggings. Kyriol's current set of leggings is level 23, so it seems Luck is against them. They toss the set of leggings.
[20:53:55] <IdleRPG> Kyriol [76/192] has challenged Toksyuryel [5/770] in combat and won! 0 days, 01:55:30 is removed from Kyriol's clock.
[20:53:55] <IdleRPG> Kyriol reaches next level in 0 days, 07:14:30.
[20:54:05] <IdleRPG> Idle_RPG [659/898] has challenged Rainbow_Dash [224/736] in combat and won! 8 days, 04:10:39 is removed from Idle_RPG's clock.
[20:54:05] <IdleRPG> Idle_RPG reaches next level in 42 days, 21:55:56.
[20:55:44] <IdleRPG> McKey, the sorcerer, has attained level 33! Next level in 0 days, 22:20:01.
[20:55:44] <IdleRPG> McKey found a level 28 tunic. McKey's current tunic is level 30, so it seems Luck is against them. They toss the tunic.
[20:55:44] <IdleRPG> McKey [166/309] has challenged Rainbow_Dash [152/736] in combat and won! 0 days, 03:34:24 is removed from McKey's clock.
[20:55:44] <IdleRPG> McKey reaches next level in 0 days, 18:45:37.
[20:55:56] <IdleRPG> Rainbow_Dash's amulet was given the stare to get more in line by Fluttershy, Rainbow_Dash's amulet gains 10% effectiveness.
[21:47:36] *** Joins: HomerMobile (HomerB@is.best.sea.poni)
[21:54:12] <IdleRPG> TheFaithBreaker [102/638] has challenged Ruthalas [181/484] in combat and lost! 0 days, 03:13:53 is added to TheFaithBreaker's clock.
[21:54:12] <IdleRPG> TheFaithBreaker reaches next level in 2 days, 01:23:52.
[22:07:25] <IdleRPG> Toksyuryel [740/770] has come upon ISky [50/325] and taken them in combat! 2 days, 20:30:35 is removed from Toksyuryel's clock.
[22:07:25] <IdleRPG> Toksyuryel reaches next level in 23 days, 02:18:29.
[22:14:46] <IdleRPG> TheFaithBreaker, Sin, jouva, and Furyform have been chosen by Celestia to explore and chart the barren lands of Dirtville. Participants must first reach [400,475], then [480,380].
[22:21:12] *** Quits: HomerMobile (HomerB@is.best.sea.poni) (Ping timeout: 121 seconds)
[22:30:05] *** Joins: HomerMobile (HomerB@is.best.sea.poni)
[22:30:10] <IdleRPG> Rainbow_Dash [167/739] has come upon Ripp_ [452/509] and been defeated in combat! 4 days, 14:13:08 is added to Rainbow_Dash's clock.
[22:30:10] <IdleRPG> Rainbow_Dash reaches next level in 61 days, 23:57:23.
[22:30:48] *** Quits: HomerMobile (HomerB@is.best.sea.poni) (Connection closed)
[22:31:01] *** Joins: HomerMobile (HomerB@is.best.sea.poni)
[22:48:26] *** Quits: Spazturtle (Spazturtle@Derping.at.Home) (Ping timeout: 121 seconds)
[22:54:19] <IdleRPG> Sin [534/848] has challenged Ripp_ [76/509] in combat and won! 8 days, 12:50:07 is removed from Sin's clock.
[22:54:19] <IdleRPG> Sin reaches next level in 52 days, 10:16:32.
[23:13:18] <IdleRPG> jouva is forsaken by Nightmare Moon as she bathes jouva in darkness. 2 days, 14:39:17 is added to their clock.
[23:13:18] <IdleRPG> jouva reaches next level in 67 days, 21:01:39.
[23:15:53] *** Joins: Spazturtle (Spazturtle@Derping.at.Home)
[23:28:10] *** Joins: Brolf_pog (Brolf_pog@Pony-c0qhtu.client.bresnan.net)
[23:41:56] *** McKey is now known as [A]McKey
[23:47:16] <IdleRPG> Bedmonster, the DreamWeaver, has attained level 20! Next level in 0 days, 03:14:36.
[23:47:16] <IdleRPG> Bedmonster found a level 22 charm! Bedmonster's current charm is only level 0, so it seems Luck is with them!
[23:47:16] <IdleRPG> Bedmonster [78/118] has challenged AppleDash [522/1109] in combat and lost! 0 days, 00:21:24 is added to Bedmonster's clock.
[23:47:16] <IdleRPG> Bedmonster reaches next level in 0 days, 03:36:00.
[23:54:25] <IdleRPG> ISky [313/325] has challenged Minigash [442/617] in combat and lost! 0 days, 05:19:35 is added to ISky's clock.
[23:54:25] <IdleRPG> ISky reaches next level in 3 days, 09:25:17.
