[01:03:38] <Hck> McKey
[01:03:43] <Hck> [A]McKey
[01:04:19] <Hck> potrzebuję >dokładnie< tego samego pliku z którego były puszczane te utwory:
[01:04:21] <Hck> Archie_praise_the_sun.pcm
[01:04:23] <Hck> Eurobeat_mirai_start.pcm
[01:04:25] <Hck> FozoogZ-You've_got_the_music.pcm
[01:04:27] <Hck> Mandopony-Double_Rainboom.pcm
[01:04:29] <Hck> Slyphstorm-Castle_of_shadows.pcm
[01:04:31] <Hck> Swing_Tavi_Song.pcm
[01:04:33] <Hck> Wooden_Toaster&h8_seed-Awoken.pcm
[01:04:35] <Hck> wystarczy jeden
[01:04:49] <Hck> ale musi być ten sam plik, bo każdy bit się liczy
[02:24:14] *** Quits: Pony_45554 (PiesekLesze@Pony-fvftrh.hqhk.vg3e.41d0.2001.IP) (Quit: WeeChat 0.4.2)
[09:01:32] *** Joins: [A]McKey (Kordus@twilightsparkle.ovh)
[09:01:40] *** [A]McKey is now known as McKey
[11:14:16] *** Joins: BlackBird (PiesekLesze@Luna.is.Your.Princess)
[11:15:36] <BlackBird> meeh
[11:15:56] *** Joins: Litho (nodebot@Pony-kj6rmu.ip-92-222-18.eu)
[11:15:56] <Litho> Witaj Litho!
[11:16:11] *** Joins: Founder|AFK (nodebot@Pony-kj6rmu.ip-92-222-18.eu)
[11:16:11] <Litho> Dzieńdobry Founder|AFK!
[11:16:25] *** Luna sets mode: +qo Founder|AFK Founder|AFK
[15:58:37] *** Joins: Hck (Hexie@Twilight.Is.Best.Pony)
[15:58:37] <Litho> Dzieńdobry Hck!
[19:21:22] *** Joins: Tivolt (~Tivolt@Pony-hsc44o.adsl.tpnet.pl)
[19:21:22] <Litho> Dzieńdobry Tivolt!
[19:21:26] <Tivolt> hai
[22:58:12] *** Quits: Tivolt (~Tivolt@Pony-hsc44o.adsl.tpnet.pl) (Ping timeout: 121 seconds)
[23:11:44] *** McKey is now known as [A]McKey
[23:53:09] *** [A]McKey is now known as McKey
[23:53:51] *** McKey is now known as [A]McKey
