[00:02:52] *** Joins: Alcoholicorn (Alcoholicor@Pony-bfp.0d7.20.67.IP)
[00:25:08] *** McKey is now known as [A]McKey
[00:28:39] *** Quits: Person (Tilde@Pony-t4r.5t3.116.129.IP) (Connection closed)
[00:54:51] *** GigaTown is now known as Gigabit
[01:35:04] *** Joins: LightningCrash (lightning@Pony-lvs.lv2.99.68.IP)
[01:38:32] *** Quits: Alcoholicorn (Alcoholicor@Pony-bfp.0d7.20.67.IP) (Ping timeout: 121 seconds)
[02:12:10] *** Joins: Toothpaste (uid63062@Pony-f8galh.hqe2.tdoh.8300.2604.IP)
[02:14:19] *** Quits: LightningCrash (lightning@property.of.moonlightning) (Quit: My Mac has gone to sleep. ZZZzzz…)
[02:21:13] *** Joins: LightningCrash (lightning@Pony-lvs.lv2.99.68.IP)
[02:34:05] *** NexSleep is now known as Nexus
[02:44:37] *** Joins: Summer_ (Summer_@Pony-snj1tm.ga.comcast.net)
[03:17:43] *** Quits: Summer_ (Summer_@Pony-snj1tm.ga.comcast.net) (Quit: Page closed)
[03:18:20] *** Joins: Alcoholicorn (Alcoholicor@Pony-bfp.0d7.20.67.IP)
[03:21:54] *** Quits: LightningCrash (lightning@property.of.moonlightning) (Quit: The Nightmares will collide. And become a dream. <3)
[03:35:27] *** Quits: Toothpaste (uid63062@Pony-f8galh.hqe2.tdoh.8300.2604.IP) (Quit: "Friendship ain't magic; it's a miracle." -ClaviSound http://tinyurl.com/p9wkvyo)
[03:48:21] *** Joins: LightningCrash (lightning@Pony-lvs.lv2.99.68.IP)
[04:19:36] *** ama|sleep is now known as ama
[04:33:46] *** Quits: Cloudrunner (Sentoki@Sentoki.publicBNC.canternet.org) (Ping timeout: 121 seconds)
[04:36:36] *** Quits: Nexus (Nexusdragon@DJNexus.Fillydelphia.Radio) (Ping timeout: 121 seconds)
[04:36:50] *** Quits: Fluttershi (Fluttershi@Hipsterluna.is.my.waifu) (Ping timeout: 121 seconds)
[04:36:54] *** Quits: ama (ama@ama.bronytv.net) (Ping timeout: 121 seconds)
[04:37:56] *** Joins: Nexus (Nexusdragon@DJNexus.Fillydelphia.Radio)
[04:37:56] *** Joins: Cloudrunner (Sentoki@Sentoki.publicBNC.canternet.org)
[04:38:38] *** Joins: Fluttershi (Fluttershi@Hipsterluna.is.my.waifu)
[04:39:35] *** Joins: ama (ama@ama.bronytv.net)
[04:45:16] *** Quits: Alcoholicorn (Alcoholicor@Pony-bfp.0d7.20.67.IP) (Connection closed)
[05:01:35] *** Joins: Alcoholicorn (Alcoholicor@Pony-bfp.0d7.20.67.IP)
[05:25:01] *** Quits: Mike_Coltfield (Larscis@colt.in.the.rain) (Quit: Well, that was unexpected...)
[05:32:56] *** Nexus is now known as NexSleep
[05:50:00] *** Joins: Mike_Coltfield (Larscis@colt.in.the.rain)
[05:50:00] *** Celestia sets mode: +o Mike_Coltfield
[05:58:11] *** Quits: Mike_Coltfield (Larscis@colt.in.the.rain) (Quit: Well, that was unexpected...)
[06:09:46] *** Joins: Mike_Coltfield (Larscis@colt.in.the.rain)
[06:09:46] *** Celestia sets mode: +o Mike_Coltfield
[06:57:07] *** Quits: LightningCrash (lightning@property.of.moonlightning) (Quit: The Nightmares will collide. And become a dream. <3)
[07:44:09] *** Joins: Persona (Tilde@Pony-g7m.gfo.27.24.IP)
[08:24:44] *** ama is now known as ama|sleep
[08:39:03] *** Quits: Alcoholicorn (Alcoholicor@Pony-bfp.0d7.20.67.IP) (Connection closed)
[09:01:32] *** [A]McKey is now known as McKey
[09:01:35] *** Joins: Alcoholicorn (Alcoholicor@Pony-bfp.0d7.20.67.IP)
[09:08:45] *** Gigabit is now known as gigazzz
[09:16:30] *** Q0 is now known as Q0|Away
[10:06:26] *** Joins: Wheatbix (Wheatbix@Pony-5ib999.mi.comcast.net)
[10:34:33] *** Quits: Wheatbix (Wheatbix@Pony-5ib999.mi.comcast.net) (Ping timeout: 121 seconds)
[11:06:21] *** Quits: Alcoholicorn (Alcoholicor@Pony-bfp.0d7.20.67.IP) (Ping timeout: 121 seconds)
[11:53:11] *** Joins: Pony_2 (Pony_2@Pony-hqvmui.range86-152.btcentralplus.com)
[11:56:49] *** Hoofy is now known as Hoofy_sleeps
[12:08:49] *** Quits: Pony_2 (Pony_2@Pony-hqvmui.range86-152.btcentralplus.com) (Quit: Page closed)
[12:10:51] *** Awaykitty is now known as Unixkitty
[12:40:24] *** Unixkitty is now known as Awaykitty
[12:44:45] *** Awaykitty is now known as Unixkitty
[13:21:19] *** Unixkitty is now known as Awaykitty
[13:32:30] *** Awaykitty is now known as Unixkitty
[13:34:53] *** Joins: Alcoholicorn (Alcoholicor@Pony-bfp.0d7.20.67.IP)
[14:01:22] *** Hoofy_sleeps is now known as Hoofy
[14:35:31] *** Unixkitty is now known as Awaykitty
[14:53:14] *** Quits: Alcoholicorn (Alcoholicor@Pony-bfp.0d7.20.67.IP) (Connection closed)
[14:54:25] *** Joins: Alcoholicorn (Alcoholicor@Pony-bfp.0d7.20.67.IP)
[15:02:37] *** Quits: Alcoholicorn (Alcoholicor@Pony-bfp.0d7.20.67.IP) (Ping timeout: 121 seconds)
[15:23:06] *** ama|sleep is now known as amaway
[15:25:38] *** Awaykitty is now known as Unixkitty
[15:27:13] *** Joins: Alcoholicorn (Alcoholicor@Pony-bfp.0d7.20.67.IP)
[15:35:25] *** Unixkitty is now known as Awaykitty
[15:52:25] *** Joins: LightningCrash (lightning@Pony-lvs.lv2.99.68.IP)
[15:53:56] *** Hoofy is now known as Hoofy_nap
[16:27:11] *** Joins: Pony_6 (Pony_6@Pony-hqvmui.range86-152.btcentralplus.com)
[16:34:46] *** Quits: Pony_6 (Pony_6@Pony-hqvmui.range86-152.btcentralplus.com) (Quit: Page closed)
[16:58:20] *** Joins: mr-busy (Mibbit@Pony-2r9.2nk.50.2.IP)
[16:58:20] *** mr-busy is now known as Pony_92823
[17:21:20] *** Parts: Pony_92823 (Mibbit@Pony-2r9.2nk.50.2.IP) ()
[17:33:41] *** Joins: CompuDesktop (quassel@snuggly.filly)
[17:33:48] *** Joins: Pony_3 (~Pony_3@Pony-005.gro.248.50.IP)
[17:34:40] *** Parts: CompuDesktop (quassel@snuggly.filly) ("http://quassel-irc.org - Chat comfortably. Anywhere.")
[17:37:33] *** Q0|Away is now known as Q0
[17:45:23] *** McKey is now known as [A]McKey
[17:51:30] *** [A]McKey is now known as McKey
[17:51:50] *** Hoofy_nap is now known as Hoofy
[18:03:58] *** McKey is now known as [A]McKey
[18:06:01] *** Quits: Persona (Tilde@Pony-g7m.gfo.27.24.IP) (Connection closed)
[18:22:12] *** Joins: Pakistan (Pakistan@janam.samgha.kero)
[18:22:43] *** Parts: Pakistan (Pakistan@janam.samgha.kero) ()
[18:36:40] *** Quits: Alcoholicorn (Alcoholicor@Pony-bfp.0d7.20.67.IP) (Ping timeout: 121 seconds)
[18:38:08] *** Pony_3 is now known as MissChief
[18:57:55] *** Quits: LightningCrash (lightning@property.of.moonlightning) (Quit: My Mac has gone to sleep. ZZZzzz…)
[18:59:00] *** gigazzz is now known as Gigabit
[19:10:18] *** Joins: LightningCrash (lightning@Pony-lvs.lv2.99.68.IP)
[19:17:09] *** Quits: LightningCrash (lightning@property.of.moonlightning) (Quit: The Nightmares will collide. And become a dream. <3)
[19:18:56] *** Q0 is now known as Q0|Away
[19:25:30] *** Joins: Alcoholicorn (Alcoholicor@Pony-bfp.0d7.20.67.IP)
[19:41:08] *** Fluttershi is now known as afkshi
[19:46:26] *** Joins: Pony_2884 (Mibbit@Pony-2r9.2nk.50.2.IP)
[19:47:10] *** Quits: MissChief (~Pony_3@Pony-005.gro.248.50.IP) (Quit: Page closed)
[19:48:33] *** Pony_2884 is now known as m1b
[19:54:55] *** m1b is now known as Burfi_PAPA
[19:55:28] *** Burfi_PAPA is now known as Shan123
[19:55:45] *** Shan123 is now known as Shan-
[20:07:02] *** Quits: Alcoholicorn (Alcoholicor@Pony-bfp.0d7.20.67.IP) (Connection closed)
[20:09:43] *** Joins: Toothpaste (uid63062@Pony-f8galh.hqe2.tdoh.8300.2604.IP)
[20:14:55] *** Parts: Shan- (Mibbit@Pony-2r9.2nk.50.2.IP) ()
[20:18:28] *** Joins: LightningCrash (lightning@Pony-lvs.lv2.99.68.IP)
[20:25:16] *** Joins: Mr-Busy (Mibbit@Pony-2r9.2nk.50.2.IP)
[20:37:40] *** Toothpaste is now known as Toothie|Foolin
[20:55:17] *** Toothie|Foolin is now known as Toothie
[20:57:07] *** Mr-Busy is now known as Shan
[21:05:56] *** Parts: Shan (Mibbit@Pony-2r9.2nk.50.2.IP) ()
[21:09:05] *** Toothie is now known as Toothpaste
[21:16:12] *** [A]McKey is now known as McKey
[21:30:22] *** Joins: Pony_8 (Pony_8@Pony-hqvmui.range86-152.btcentralplus.com)
[21:31:28] *** Quits: LightningCrash (lightning@property.of.moonlightning) (Quit: My Mac has gone to sleep. ZZZzzz…)
[21:58:17] *** Quits: Pony_8 (Pony_8@Pony-hqvmui.range86-152.btcentralplus.com) (Quit: Page closed)
[22:33:08] *** Joins: Boss (Mibbit@Pony-s4m8ti.alshamil.net.ae)
[22:33:21] *** Boss is now known as Pony_74813
[22:34:12] *** Joins: Zuzu_ (zuzu@is.robo.licious)
[22:35:35] *** Pony_74813 is now known as mr_busy
[22:36:44] *** Quits: Zuzu (zuzu@is.robo.licious) (Ping timeout: 121 seconds)
[22:37:58] *** mr_busy is now known as Shan
[22:48:35] *** Joins: Pony_3 (~Pony_3@Pony-b3c.1n9.55.39.IP)
[22:48:44] *** Quits: Pony_3 (~Pony_3@Pony-b3c.1n9.55.39.IP) (Quit: Page closed)
[23:10:34] *** McKey is now known as [A]McKey
[23:18:53] *** Quits: Shan (Mibbit@Pony-s4m8ti.alshamil.net.ae) (Quit: bye all join GupShup Corner !!)
[23:41:07] *** Joins: LightningCrash (lightning@Pony-lvs.lv2.99.68.IP)
[23:41:20] *** Quits: LightningCrash (lightning@property.of.moonlightning) (Connection closed)
