[15:20:01] <Truss> nie mogłam się powstrzymać xD https://www.youtube.com/watch?v=qzlIwV-28rM byłeś na tej audycji?
[15:21:45] <McKey> tak xD
[15:22:46] <Truss> Haha xD
[15:22:56] <Truss>  ja żałuję że wtedy nie była Pegasister ;p
[15:23:02] <Truss> bo bym siedziała i słuchała
[15:23:10] <Truss> i od razu do podcastów poszła xD
[15:23:31] <McKey> do podcastów zapraszam
[15:23:37] <McKey> pogonisz kota mordecza xD
[15:23:45] <Truss> hehe xD
[15:23:51] <Truss> już z nim gadałam xDD
[15:24:06] <Truss> Lubię Echo Ponyville ;p
[15:24:29] <McKey> Lekko upadło
[15:24:44] <Truss> Wiem ;c
[15:24:59] <Truss> wywiad z Vinyl i Octavią zwłaszcza
[15:25:04] <Truss> a to najlepsze
[15:25:13] <McKey> jak sie pogoni właśnie mordecza to może wstanie
[15:25:28] <Truss> Yay
[15:25:33] <Truss> No to pogonie xDD
[15:25:46] <Truss> Ja lubię takie rzeczy
[15:25:57] <McKey> dobra z/w
[15:26:02] <Truss> chyba wiadomo, skoro chce być aktorką, i wokalistką ;p
[15:26:03] <Truss> okk
