[00:05:21] *** Quits: gunthler (Gunthler@T.money) (Connection closed)
[00:07:18] *** Joins: Alcoholicorn (Alcoholicor@Pony-bfp.0d7.20.67.IP)
[00:09:40] *** Quits: Q0 (Q0@literallyshit.net) (cloudchaser.canternet.org chrysalis.canternet.org)
[00:09:40] *** Quits: johnsey (johnsey@netadmin.canternet.org) (cloudchaser.canternet.org chrysalis.canternet.org)
[00:09:40] *** Quits: Finwe (vhalkola@Pony-25l.vcn.233.130.IP) (cloudchaser.canternet.org chrysalis.canternet.org)
[00:09:40] *** Quits: WildSoft (WildSoft@Pony-hfh.2pc.101.213.IP) (cloudchaser.canternet.org chrysalis.canternet.org)
[00:09:40] *** Quits: endoriazel (coprah@endoriazel) (cloudchaser.canternet.org chrysalis.canternet.org)
[00:09:40] *** Quits: RubyPinch (x@Gem.Stealer) (cloudchaser.canternet.org chrysalis.canternet.org)
[00:09:40] *** Quits: Persona (Tilde@Pony-t4r.5t3.116.129.IP) (cloudchaser.canternet.org chrysalis.canternet.org)
[00:09:40] *** Quits: pony_123 (texasboykc0@the.texas.alicorn) (cloudchaser.canternet.org chrysalis.canternet.org)
[00:09:40] *** Quits: Electron (quassel@Pony-agnu6g.com) (cloudchaser.canternet.org chrysalis.canternet.org)
[00:09:40] *** Quits: Rainb (rainb@Pony-cn5.akh.50.181.IP) (cloudchaser.canternet.org chrysalis.canternet.org)
[00:09:40] *** Quits: Aww (aww@Pony-s66.2lf.34.64.IP) (cloudchaser.canternet.org chrysalis.canternet.org)
[00:09:40] *** Quits: LightningCrash (lightning@property.of.moonlightning) (cloudchaser.canternet.org chrysalis.canternet.org)
[00:09:40] *** Quits: GumballCrash (GumballCras@0.to.pony.10secondsflat) (cloudchaser.canternet.org chrysalis.canternet.org)
[00:09:40] *** Quits: TecknoJock (TecknoJock@TecknoJock) (cloudchaser.canternet.org chrysalis.canternet.org)
[00:09:40] *** Quits: Cameron_D (cameron@cam.mylittle.horse) (cloudchaser.canternet.org chrysalis.canternet.org)
[00:09:40] *** Quits: bikey (repair@s.no.bike) (cloudchaser.canternet.org chrysalis.canternet.org)
[00:09:40] *** Quits: Colgate (rabbit@brushie.horse) (cloudchaser.canternet.org chrysalis.canternet.org)
[00:09:40] *** Quits: Pony_65393 (HomerB@Pony-f3g.03l.131.104.IP) (cloudchaser.canternet.org chrysalis.canternet.org)
[00:09:40] *** Quits: Ashley (Ashfire@Ashfire.bronytv.net) (cloudchaser.canternet.org chrysalis.canternet.org)
[00:09:40] *** Quits: Lapsus (Lapsus@i-forget.ca) (cloudchaser.canternet.org chrysalis.canternet.org)
[00:09:40] *** Quits: Pony_71536 (GB@Pony-f3g.03l.131.104.IP) (cloudchaser.canternet.org chrysalis.canternet.org)
[00:09:40] *** Quits: PeakVolume (k9ldt@Pony-tqvh62.fios.verizon.net) (cloudchaser.canternet.org chrysalis.canternet.org)
[00:09:40] *** Quits: Red_M (potato@Pony-4pa04c.red-m.net) (cloudchaser.canternet.org chrysalis.canternet.org)
[00:09:40] *** Quits: klaxa (klaxa@Pony-1kuq6f.eu) (cloudchaser.canternet.org chrysalis.canternet.org)
[00:09:40] *** Quits: Twili (Twili@Twilights.Study) (cloudchaser.canternet.org chrysalis.canternet.org)
[00:09:40] *** Quits: Fusl (Fusl@1.0.0.127.in-addr.arpa.li) (cloudchaser.canternet.org chrysalis.canternet.org)
[00:09:40] *** Quits: Rylee (rylai@within.a.hail.of.gemstones) (cloudchaser.canternet.org chrysalis.canternet.org)
[00:09:40] *** Quits: Labrat_ (jared@tacoshy.is.best.pony) (cloudchaser.canternet.org chrysalis.canternet.org)
[00:09:40] *** Quits: Googie (Googol@gnaws.on.keratin.and.ears) (cloudchaser.canternet.org chrysalis.canternet.org)
[00:09:40] *** Quits: miggyb (miggyb@horsetornado.co.uk) (cloudchaser.canternet.org chrysalis.canternet.org)
[00:09:40] *** Quits: enginemaniac (flail@flail.flail.flail) (cloudchaser.canternet.org chrysalis.canternet.org)
[00:09:40] *** Quits: Endien (endien@Endien) (cloudchaser.canternet.org chrysalis.canternet.org)
[00:09:40] *** Quits: Zuzu (zuzu@is.robo.licious) (cloudchaser.canternet.org chrysalis.canternet.org)
[00:09:40] *** Quits: Proton (Dashie@Pony-2hb.u30.104.208.IP) (cloudchaser.canternet.org chrysalis.canternet.org)
[00:09:57] *** Joins: Twili (Twili@Twilights.Study)
[00:09:57] *** Joins: RubyPinch (x@Gem.Stealer)
[00:09:57] *** Joins: miggyb (miggyb@horsetornado.co.uk)
[00:09:57] *** Joins: LightningCrash (lightning@property.of.moonlightning)
[00:09:57] *** Joins: TecknoJock (TecknoJock@TecknoJock)
[00:09:57] *** Joins: enginemaniac (flail@flail.flail.flail)
[00:09:57] *** Joins: Rylee (rylai@within.a.hail.of.gemstones)
[00:09:57] *** Joins: WildSoft (WildSoft@Pony-hfh.2pc.101.213.IP)
[00:09:57] *** Joins: johnsey (johnsey@netadmin.canternet.org)
[00:09:57] *** Joins: Fusl (Fusl@1.0.0.127.in-addr.arpa.li)
[00:09:57] *** Joins: Lapsus (Lapsus@i-forget.ca)
[00:09:57] *** Joins: Zuzu (zuzu@is.robo.licious)
[00:09:57] *** Joins: Pony_65393 (HomerB@Pony-f3g.03l.131.104.IP)
[00:09:57] *** Joins: Q0 (Q0@literallyshit.net)
[00:09:57] *** Joins: pony_123 (texasboykc0@the.texas.alicorn)
[00:09:57] *** Joins: Endien (endien@Endien)
[00:09:57] *** Joins: Rainb (rainb@Pony-cn5.akh.50.181.IP)
[00:09:57] *** Joins: Ashley (Ashfire@Ashfire.bronytv.net)
[00:09:57] *** Joins: Electron (quassel@Pony-agnu6g.com)
[00:09:57] *** Joins: Labrat_ (jared@tacoshy.is.best.pony)
[00:09:57] *** Joins: bikey (repair@s.no.bike)
[00:09:57] *** Joins: Colgate (rabbit@brushie.horse)
[00:09:57] *** Joins: Persona (Tilde@Pony-t4r.5t3.116.129.IP)
[00:09:57] *** Joins: endoriazel (coprah@endoriazel)
[00:09:57] *** Joins: Cameron_D (cameron@cam.mylittle.horse)
[00:09:57] *** Joins: Proton (Dashie@Pony-2hb.u30.104.208.IP)
[00:09:57] *** Joins: Aww (aww@Pony-s66.2lf.34.64.IP)
[00:09:57] *** Joins: Pony_71536 (GB@Pony-f3g.03l.131.104.IP)
[00:09:57] *** Joins: Googie (Googol@gnaws.on.keratin.and.ears)
[00:09:57] *** Joins: klaxa (klaxa@Pony-1kuq6f.eu)
[00:09:57] *** Joins: GumballCrash (GumballCras@0.to.pony.10secondsflat)
[00:09:57] *** Joins: Finwe (vhalkola@Pony-25l.vcn.233.130.IP)
[00:09:57] *** Joins: Red_M (potato@Pony-4pa04c.red-m.net)
[00:09:57] *** Joins: PeakVolume (k9ldt@Pony-tqvh62.fios.verizon.net)
[00:09:57] *** chrysalis.canternet.org sets mode: +vaoaoo Twili johnsey johnsey Colgate Colgate Googie
[00:18:00] *** Quits: Proton (Dashie@Pony-2hb.u30.104.208.IP) (Quit: -a- Connection Timed Out)
[00:18:04] *** Joins: Proton (Dashie@Pony-2hb.u30.104.208.IP)
[00:23:14] *** Joins: Phase4 (Phase4@Pony-pas.d8o.209.118.IP)
[00:34:16] *** Pony_71536 is now known as GeekBrony
[00:59:56] *** Quits: Proton (Dashie@Pony-2hb.u30.104.208.IP) (Connection closed)
[01:13:41] *** Joins: Proton (Dashie@Pony-2hb.u30.104.208.IP)
[01:19:51] *** Joins: Pi (saxopi@Pony-c9l.v1o.94.119.IP)
[01:35:29] *** Quits: LightningCrash (lightning@property.of.moonlightning) (Quit: My Mac has gone to sleep. ZZZzzz…)
[01:39:45] *** Joins: LightningCrash (lightning@Pony-lvs.lv2.99.68.IP)
[02:26:47] *** Joins: Phase5 (Phase4@Pony-noe.1d3.209.118.IP)
[02:29:34] *** Quits: Phase4 (Phase4@Pony-pas.d8o.209.118.IP) (Ping timeout: 121 seconds)
[02:49:14] *** Quits: LightningCrash (lightning@property.of.moonlightning) (Quit: My Mac has gone to sleep. ZZZzzz…)
[02:55:59] *** Joins: Toothpaste (uid63062@Pony-f8galh.hqe2.tdoh.8300.2604.IP)
[03:00:13] *** Nelly is now known as BlackCat
[03:03:19] *** Joins: LightningCrash (lightning@Pony-lvs.lv2.99.68.IP)
[03:03:47] *** Pony_65393 is now known as SakuraBouvier
[03:04:59] *** Toothpaste is now known as Toothie|AFK
[03:13:29] *** Phase5 is now known as Phase4
[03:20:30] *** Quits: Alcoholicorn (Alcoholicor@Pony-bfp.0d7.20.67.IP) (Ping timeout: 121 seconds)
[03:34:00] *** Quits: Proton (Dashie@Pony-2hb.u30.104.208.IP) (Connection closed)
[03:37:29] *** Joins: Nelly (BlackCat@Anonlight.Starsarebeautiful)
[03:39:07] *** Quits: BlackCat (BlackCat@Anonlight.Starsarebeautiful) (Ping timeout: 121 seconds)
[03:39:34] *** Joins: RedSwagger (BlackCat@Anonlight.Starsarebeautiful)
[03:39:41] *** RedSwagger is now known as BlackCat
[03:39:54] *** Quits: Nelly (BlackCat@Anonlight.Starsarebeautiful) (Killed (NickServ (GHOST command used by BlackCat)))
[03:48:11] *** Joins: Alcoholicorn (Alcoholicor@Pony-bfp.0d7.20.67.IP)
[03:51:51] *** Quits: Toothie|AFK (uid63062@Pony-f8galh.hqe2.tdoh.8300.2604.IP) (Quit: )
[04:39:11] *** Quits: Alcoholicorn (Alcoholicor@Pony-bfp.0d7.20.67.IP) (Ping timeout: 121 seconds)
[04:46:31] *** Quits: Rainb (rainb@Pony-cn5.akh.50.181.IP) (Ping timeout: 121 seconds)
[05:16:01] *** Quits: LightningCrash (lightning@property.of.moonlightning) (Quit: My Mac has gone to sleep. ZZZzzz…)
[05:35:43] *** Joins: LightningCrash (lightning@Pony-lvs.lv2.99.68.IP)
[06:03:28] *** Joins: Alcoholicorn (Alcoholicor@Pony-bfp.0d7.20.67.IP)
[06:13:41] *** Quits: LightningCrash (lightning@property.of.moonlightning) (Quit: The Nightmares will collide. And become a dream. <3)
[06:17:02] *** Joins: LightningCrash (lightning@Pony-lvs.lv2.99.68.IP)
[07:02:39] *** Quits: Alcoholicorn (Alcoholicor@Pony-bfp.0d7.20.67.IP) (Ping timeout: 121 seconds)
[07:08:42] *** Joins: Rainb (rainb@Pony-cn5.akh.50.181.IP)
[07:12:57] *** BlackCat is now known as Nelly
[07:26:29] *** Joins: RedSwagger (BlackCat@Anonlight.Starsarebeautiful)
[07:26:50] *** Quits: Nelly (BlackCat@Anonlight.Starsarebeautiful) (Ping timeout: 121 seconds)
[07:27:53] *** Q0 is now known as Q0|Away
[07:33:22] *** Quits: RedSwagger (BlackCat@Anonlight.Starsarebeautiful) (Ping timeout: 121 seconds)
[07:41:27] *** Joins: Alcoholicorn (Alcoholicor@Pony-bfp.0d7.20.67.IP)
[07:55:28] *** Joins: Nelly (BlackCat@Anonlight.Starsarebeautiful)
[08:03:02] *** Nelly is now known as Nully
[08:07:31] *** Hoofy is now known as Vampa
[08:42:37] *** Joins: Phase5 (Phase4@Pony-qur.r85.209.118.IP)
[08:42:48] *** Quits: Phase5 (Phase4@Pony-qur.r85.209.118.IP) (Connection closed)
[08:43:04] *** Joins: Phase5 (Phase4@Pony-qur.r85.209.118.IP)
[08:45:12] *** Quits: Phase4 (Phase4@Pony-noe.1d3.209.118.IP) (Ping timeout: 121 seconds)
[08:47:29] *** Quits: LightningCrash (lightning@property.of.moonlightning) (Quit: The Nightmares will collide. And become a dream. <3)
[09:19:32] *** Vampa is now known as Hoofy
[09:44:41] *** Quits: Pi (saxopi@Pony-c9l.v1o.94.119.IP) (Quit: Leaving)
[09:46:35] *** Quits: Rainb (rainb@Pony-cn5.akh.50.181.IP) (Ping timeout: 121 seconds)
[10:31:18] *** Quits: Hoofy (HoofSounds_@Pony-dsovdr.res.rr.com) (Ping timeout: 121 seconds)
[12:34:36] *** Joins: Rainb (rainb@Pony-cn5.akh.50.181.IP)
[12:39:45] *** Quits: Rainb (rainb@Pony-cn5.akh.50.181.IP) (Ping timeout: 121 seconds)
[12:43:52] *** Joins: Rainb (rainb@Pony-cn5.akh.50.181.IP)
[13:11:45] *** Quits: Rainb (rainb@Pony-cn5.akh.50.181.IP) (Ping timeout: 121 seconds)
[13:36:51] *** Joins: Hoofy (HoofSounds_@Pony-dsovdr.res.rr.com)
[13:41:38] *** Joins: Pi (saxopi@Pony-c9l.v1o.94.119.IP)
[15:07:45] *** [A]McKey is now known as McKey
[15:42:50] *** Joins: texasboykc09 (texasboykc0@the.texas.alicorn)
[15:43:21] *** Quits: pony_123 (texasboykc0@the.texas.alicorn) (Ping timeout: 121 seconds)
[16:09:49] *** Quits: Alcoholicorn (Alcoholicor@Pony-bfp.0d7.20.67.IP) (Ping timeout: 121 seconds)
[16:25:09] *** Quits: Pi (saxopi@Pony-c9l.v1o.94.119.IP) (Connection closed)
[17:19:42] *** Joins: Toothpaste (uid63062@Pony-f8galh.hqe2.tdoh.8300.2604.IP)
[17:21:24] *** Toothpaste is now known as Toothie|Skoolz
[17:25:31] *** McKey is now known as [A]McKey
[17:40:21] *** Nully is now known as Nelliel
[17:42:20] *** Q0|Away is now known as Q0
[18:02:41] *** [A]McKey is now known as McKey
[18:41:06] *** Joins: Pony_4 (Pony_4@Pony-hqvmui.range86-152.btcentralplus.com)
[18:41:18] *** Quits: Pony_4 (Pony_4@Pony-hqvmui.range86-152.btcentralplus.com) (Quit: Page closed)
[18:56:37] *** Quits: Toothie|Skoolz (uid63062@Pony-f8galh.hqe2.tdoh.8300.2604.IP) (Quit: "Friendship ain't magic; it's a miracle." -ClaviSound http://tinyurl.com/p9wkvyo)
[19:03:45] *** Q0 is now known as Q0|Away
[19:29:30] *** Joins: Pony_9 (Pony_9@Pony-hqvmui.range86-152.btcentralplus.com)
[19:38:00] *** Quits: Pony_9 (Pony_9@Pony-hqvmui.range86-152.btcentralplus.com) (Quit: Page closed)
[19:38:20] *** Joins: Bi-Italian (~Bi-Italian@Pony-vu8.j81.141.50.IP)
[19:40:49] *** Nelliel is now known as \Nelliel
[19:41:03] *** Joins: Squig (~Squig@Pony-hqvmui.range86-152.btcentralplus.com)
[19:41:09] *** Quits: \Nelliel (BlackCat@Anonlight.Starsarebeautiful) (Quit: Derp)
[19:48:25] *** Quits: Bi-Italian (~Bi-Italian@Pony-vu8.j81.141.50.IP) (Ping timeout: 121 seconds)
[19:50:34] *** Quits: Squig (~Squig@Pony-hqvmui.range86-152.btcentralplus.com) (Quit: Page closed)
[20:03:32] *** Joins: Pony_3 (~Pony_3@Pony-50lfiu.adsl.tpnet.pl)
[20:03:36] *** Parts: Pony_3 (~Pony_3@Pony-50lfiu.adsl.tpnet.pl) ("")
[20:08:49] *** Joins: gunthler (Gunthler@T.money)
[20:27:24] *** Joins: Alcoholicorn (Alcoholicor@Pony-bfp.0d7.20.67.IP)
[20:35:35] *** Quits: Alcoholicorn (Alcoholicor@Pony-bfp.0d7.20.67.IP) (Ping timeout: 121 seconds)
[20:54:15] *** Joins: Pony_6 (Pony_6@Pony-hqvmui.range86-152.btcentralplus.com)
[21:06:08] *** Q0|Away is now known as Q0
[21:18:40] *** Joins: Bi-Italian (Bi-Italian@Pony-mlm.j81.141.50.IP)
[21:34:49] *** Quits: Bi-Italian (Bi-Italian@Pony-mlm.j81.141.50.IP) (Ping timeout: 121 seconds)
[21:42:47] *** Hoofy is now known as Vampa
[21:42:48] *** Joins: Alcoholicorn (Alcoholicor@Pony-bfp.0d7.20.67.IP)
[22:11:08] *** Quits: Phase5 (Phase4@Pony-qur.r85.209.118.IP) (Ping timeout: 121 seconds)
[22:18:00] *** Joins: Proton (Dashie@Pony-2hb.u30.104.208.IP)
[22:27:37] *** Vampa is now known as Hoofy
[22:47:24] *** Quits: Alcoholicorn (Alcoholicor@Pony-bfp.0d7.20.67.IP) (Ping timeout: 121 seconds)
[22:47:36] *** Joins: LightningCrash (lightning@Pony-lvs.lv2.99.68.IP)
[22:48:10] *** Quits: LightningCrash (lightning@property.of.moonlightning) (Connection closed)
[22:48:16] *** Joins: LightningCrash (lightning@Pony-lvs.lv2.99.68.IP)
[22:49:05] *** Joins: Phase4 (Phase4@Pony-odh.t6c.45.203.IP)
[23:07:37] *** Joins: Nelly (BlackCat@Anonlight.Starsarebeautiful)
[23:11:53] *** Quits: Pony_6 (Pony_6@Pony-hqvmui.range86-152.btcentralplus.com) (Quit: Page closed)
[23:18:53] *** Joins: Alcoholicorn (Alcoholicor@Pony-bfp.0d7.20.67.IP)
[23:28:21] *** Quits: LightningCrash (lightning@property.of.moonlightning) (Quit: My Mac has gone to sleep. ZZZzzz…)
[23:36:49] *** Nelly is now known as BlackCat
[23:39:50] *** Joins: LightningCrash (lightning@Pony-lvs.lv2.99.68.IP)
[23:54:40] *** Quits: gunthler (Gunthler@T.money) (Quit: https://youtu.be/5FjWe31S_0g )
