[00:34:12] *** Quits: BlackWolf (androirc@Pony-fp38u8.dynamic.chello.pl) (Quit: AndroIRC - Android IRC Client ( http://www.androirc.com ))
[02:27:06] *** Joins: ThePhobiaPony (Phobe-Sucks@Pony-fv4ksf.pa.comcast.net)
[02:27:06] <Litho> Dzieńdobry ThePhobiaPony!
[02:27:46] <ThePhobiaPony> kjbgqw8yef?
[02:30:31] *** Parts: ThePhobiaPony (Phobe-Sucks@Pony-fv4ksf.pa.comcast.net) ()
[04:56:30] *** Quits: Luna (Luna@The.Moon.Princess) (chrysalis.canternet.org cloudchaser.canternet.org)
[04:56:30] *** Quits: BlackBird (BlackBird@Luna.is.Your.Princess) (chrysalis.canternet.org cloudchaser.canternet.org)
[04:56:30] *** Quits: Founder|AFK (nodebot@Pony-q6qs6s.ovh) (chrysalis.canternet.org cloudchaser.canternet.org)
[04:56:30] *** Quits: Eivel (Eivel@Keep.Calm.and.Pony.On) (chrysalis.canternet.org cloudchaser.canternet.org)
[04:57:03] *** Joins: Founder|AFK (nodebot@Pony-q6qs6s.ovh)
[04:57:03] *** Joins: BlackBird (BlackBird@Luna.is.Your.Princess)
[04:57:03] *** Joins: Eivel (Eivel@Keep.Calm.and.Pony.On)
[04:57:03] *** Joins: Luna (Luna@The.Moon.Princess)
[04:57:03] *** cadance.canternet.org sets mode: +qoo Founder|AFK Founder|AFK Luna
[04:57:03] <Litho> Hai Founder|AFK!
[04:57:03] <Litho> It's wonderful to see you BlackBird!
[04:57:03] <Litho> Dzieńdobry Eivel!
[04:57:03] <Litho> It's wonderful to see you Luna!
[05:19:14] *** Quits: Litho (nodebot@Pony-q6qs6s.ovh) (Ping timeout: 121 seconds)
[13:20:30] <BlackBird> aha...
[13:20:33] <BlackBird> kurw
[13:20:57] *** Joins: Litho (nodebot@Pony-q6qs6s.ovh)
[13:20:57] <Litho> Hai Litho!
[13:21:07] <BlackBird> wrrr
[13:21:07] <Litho> wrr
[18:16:42] *** Joins: ShadoweWeede (ShadoweWeed@Pony-fjpaak.dynamic.chello.pl)
[18:16:42] <Litho> Witaj ShadoweWeede!
[18:16:49] <ShadoweWeede> chlep
[18:52:51] *** Quits: ShadoweWeede (ShadoweWeed@Pony-fjpaak.dynamic.chello.pl) (Quit: Page closed)
[19:55:14] *** [A]McKey is now known as McKey
[20:28:31] <BlackBird> McKey!
[20:28:41] <BlackBird> co z tymi hakierami
[20:29:11] <McKey> fail2ban
[20:29:34] <BlackBird> sudo apt-get install fail2ban?
[20:29:41] <McKey> da
[20:29:50] <BlackBird> na roocie czy nie?
[20:29:52] <McKey> rm -rf /root/.ssh
[20:29:55] <McKey> root root
[20:30:25] <BlackBird> a moge przez ftp usunac .ssh?
[20:30:31] <McKey> hm...
[20:30:32] <McKey> nie
[20:30:33] <McKey> :P
[20:31:06] <BlackBird> wgl co w .ssh jest?
[20:31:13] <McKey> konfiguracja ssh
[20:31:18] <McKey> i tam są klucze
[20:31:23] <BlackBird> aha zajebiscie -.-
[20:31:28] <McKey> a raczej wątpie abyś z nich korzystałm
[20:31:37] <BlackBird> a do czego sie kozysta?
[20:31:42] <McKey> Do autoryzacji
[20:31:44] <BlackBird> bo czesto czegos uzywam a o tym nwm
[20:31:46] <McKey> .g ssh-key
[20:31:52] <McKey> ..
[20:31:58] <McKey> i ta chuja ci takie boty?
[20:32:10] <McKey> http://www.debian-administration.org/articles/530
[20:32:44] <BlackBird> ten bot to moje cwiczenia z node.js :v
[20:32:52] <BlackBird> on niejest nijak przydatny
[20:32:54] <BlackBird> wrrr
[20:32:54] <Litho> wrr
[20:33:13] <McKey> wyjebać
[20:33:14] <McKey> :P
[20:33:30] <BlackBird> nie
[20:35:23] <BlackBird> czek
[20:35:33] <BlackBird> a to ma roznice czy najpierw usune czy nie?
[20:35:42] <BlackBird> bo usunelem a teraz instaluje fail2ban
[20:35:56] <McKey> nope
[20:38:25] <BlackBird> sie zainstalowalo
[20:39:10] <McKey> no i zmień hasło oczywiście na roota :P
[20:39:18] <McKey> a najlepiej nie miej hasła
[20:39:24] <McKey> i przechoć przez PAM su
[20:41:20] <BlackBird> how
[20:41:30] <BlackBird> ps jak sie mnieja haslo? xd
[20:41:33] <BlackBird> password niechadzia
[20:41:38] <McKey> passwd
[20:41:39] <McKey> ...
[20:41:50] <McKey> i serio jak nie umiesz to nie miej serwera
[20:41:56] <McKey> lepiej dla świata robisz xD
[20:42:17] <BlackBird> xd
[20:43:40] <BlackBird> jest nowe haslo
[20:43:47] <BlackBird> tak trudne ze sam nieznam
[20:44:05] <McKey> a jak masz zamiar korzystać z roota? xD
[20:44:35] <BlackBird> emm
[20:44:37] <BlackBird> kurwa
[20:44:41] <McKey> gz
[20:44:42] <BlackBird> nwm
[20:44:45] <BlackBird> niebede uzywal xd
[20:44:56] <BlackBird> kurwa strona www jest na roocie -.-
[20:44:59] <BlackBird> wlasnie
[20:45:11] <BlackBird> czemu jak wpisze www.theblakkindgom.ovh to wywala reklame
[20:45:18] <BlackBird> a theblackkingdom.ovh jz nie :V
[20:45:28] <McKey> Kod błędu 105 (net::ERR_NAME_NOT_RESOLVED)
[20:45:50] <BlackBird> czyli
[20:46:00] <McKey> DNS masz zjebane coś
[20:46:23] <BlackBird> eeh
[20:46:38] <BlackBird> stwierdzam ze nielubie/nienawidze DNS
[20:46:46] <McKey> bo nie umiesz
[20:46:54] <BlackBird> nie
[20:47:59] <McKey> wiesz
[20:48:05] <McKey> jak subdomeny nie umiesz to też :P
[20:48:13] <BlackBird> subdomene juz mam ;p
[20:48:18] <BlackBird> chyba
[20:48:20] <McKey> wowow
[20:48:28] <McKey> i tak nie działa pewnie xDD
[20:50:18] <BlackBird> chadzia
[20:50:21] <BlackBird> prawie..
[20:51:47] <McKey> prawie robi wielka roznice
[20:51:50] <McKey> btw BEEP
[20:51:53] <McKey> beep beep
[21:14:22] *** McKey is now known as [A]McKey
