[13:04:39] *** Quits: Litho (nodebot@Pony-kj6rmu.ip-92-222-18.eu) (Connection closed)
[13:04:41] *** Joins: Litho (nodebot@Pony-kj6rmu.ip-92-222-18.eu)
[13:04:41] <Litho> Dzieńdobry Litho!
[13:04:51] <BlackBird> !bot.action test
[13:04:51] *** Quits: Litho (nodebot@Pony-kj6rmu.ip-92-222-18.eu) (Connection closed)
[13:04:53] <BlackBird> fus
[13:05:23] *** Joins: Litho (nodebot@Pony-kj6rmu.ip-92-222-18.eu)
[13:05:23] <Litho> Hai Litho!
[13:05:28] <BlackBird> !bot.action test
[13:05:28] * Litho test
[13:05:30] <BlackBird> yay
[13:47:54] *** Quits: Litho (nodebot@Pony-kj6rmu.ip-92-222-18.eu) (Connection closed)
[13:47:56] *** Joins: Litho (nodebot@Pony-kj6rmu.ip-92-222-18.eu)
[13:47:56] <Litho> Hai Litho!
[13:48:03] *** Quits: Litho (nodebot@Pony-kj6rmu.ip-92-222-18.eu) (Connection closed)
[13:48:29] *** Joins: Litho (nodebot@Pony-kj6rmu.ip-92-222-18.eu)
[13:48:29] <Litho> Dzieńdobry Litho!
[13:49:10] *** Quits: Litho (nodebot@Pony-kj6rmu.ip-92-222-18.eu) (Connection closed)
[13:49:11] *** Joins: Litho (nodebot@Pony-kj6rmu.ip-92-222-18.eu)
[13:49:11] <Litho> Witaj Litho!
[13:49:25] * Litho hug BlackBird
[15:15:43] *** [A]McKey is now known as McKey
[15:43:01] <BlackBird> .hug me
[15:43:04] <BlackBird> !bot.hug me
[15:43:06] <BlackBird> hm
[15:51:35] <BlackBird> wrrr
[15:51:35] <Litho> rawr
[15:52:00] <BlackBird> McKey: jeszcze raz po polsku i powoli jak dać sobie domene na vhosta xd
[15:52:08] <McKey> w szkole jestem...
[15:52:23] <McKey> RefDNS
[15:52:34] <McKey> i tyle chyba ci wystarczy
[15:56:31] <BlackBird> i google ;p
[15:57:49] <McKey> num
[16:02:00] *** McKey is now known as [A]McKey
[16:10:30] *** Quits: Litho (nodebot@Pony-kj6rmu.ip-92-222-18.eu) (Connection closed)
[16:10:35] *** Joins: Litho (nodebot@Pony-q6qs6s.ovh)
[16:10:35] <Litho> It's wonderful to see you Litho!
[16:10:40] <BlackBird> haha :V
[16:10:42] <BlackBird> o wyszlo
[16:10:48] <BlackBird> tak bardzo..
[17:24:38] *** [A]McKey is now known as McKey
[21:07:02] *** Quits: Litho (nodebot@Pony-q6qs6s.ovh) (Ping timeout: 121 seconds)
[21:08:21] *** Quits: Founder|AFK (nodebot@Pony-kj6rmu.ip-92-222-18.eu) (Ping timeout: 121 seconds)
[21:08:47] *** Quits: BlackBird (BlackBird@Luna.is.Your.Princess) (Ping timeout: 121 seconds)
[21:09:36] *** Joins: Litho (nodebot@Pony-kj6rmu.ip-92-222-18.eu)
[21:09:36] <Litho> Witaj Litho!
[21:09:46] *** Joins: BlackBird (BlackBird@Pony-fvftrh.hqhk.vg3e.41d0.2001.IP)
[21:09:46] <Litho> Dzieńdobry BlackBird!
[21:10:13] *** BlackBird is now known as Pony_74382
[21:12:27] *** Joins: Blackbirt (robie.bledy@Pony-fp38u8.dynamic.chello.pl)
[21:12:35] <Blackbirt> wrrr
[21:12:55] <Litho> It's wonderful to see you Blackbirt!
[21:12:55] <Litho> wuff
[21:13:30] <Blackbirt> o działasz
[21:13:37] <Blackbirt> wrr
[21:13:37] <Litho> wuff
[21:13:38] <Blackbirt> rrr
[21:14:02] *** Pony_74382 is now known as BlackBird
[21:14:41] *** Quits: Blackbirt (robie.bledy@Pony-fp38u8.dynamic.chello.pl) (Quit: już chadziam)
[21:16:30] *** Quits: Litho (nodebot@Pony-kj6rmu.ip-92-222-18.eu) (Connection closed)
[21:16:31] *** Quits: BlackBird (BlackBird@Luna.is.Your.Princess) (Quit: WeeChat 0.4.2)
[21:17:03] *** Joins: Blackbirt (robie.bledy@Pony-fp38u8.dynamic.chello.pl)
[21:19:15] *** Joins: Founder|AFK (nodebot@Pony-q6qs6s.ovh)
[21:19:43] *** Joins: Litho (nodebot@Pony-q6qs6s.ovh)
[21:19:43] *** Founder|AFK is now known as Pony_90864
[21:19:43] <Litho> Hai Litho!
[21:19:47] <Blackbirt> kurwa
[21:19:50] <Blackbirt> wrr
[21:19:50] <Litho> rawr
[21:19:56] *** Quits: Pony_90864 (nodebot@Pony-q6qs6s.ovh) (Connection closed)
[21:20:17] *** Joins: Founder|AFK (nodebot@Pony-q6qs6s.ovh)
[21:20:17] <Litho> Witaj Founder|AFK!
[21:20:28] *** Luna sets mode: +qo Founder|AFK Founder|AFK
[21:22:17] *** Joins: BlackBird (BlackBird@Luna.is.Your.Princess)
[21:22:17] <Litho> It's wonderful to see you BlackBird!
[21:22:55] *** Quits: Blackbirt (robie.bledy@Pony-fp38u8.dynamic.chello.pl) (Quit: Leaving)
[21:23:01] <BlackBird> wrr
[21:23:01] <Litho> wuff
[21:24:49] <BlackBird> McKey: spojz na vhost litho
[21:25:23] <BlackBird> co zepsulem?
[21:25:38] <BlackBird> bo mialobyc theblackkingdom.ovh a wyszlo samo .ovh
[21:26:41] *** McKey is now known as [A]McKey
[21:26:44] *** Joins: Truss_ (Truss@Pony-a6h.0cm.130.31.IP)
[21:26:44] <Litho> Witaj Truss_!
[21:26:57] *** Joins: Delta3120 (~Delta3120@Pony-7unsia.static.kolnet.eu)
[21:26:57] <Litho> Hai Delta3120!
[21:27:02] <Delta3120> Methionylalanylthreonylserylarginylglycylalanylserylarginylcysteinylproly-  larginylaspartylisoleucylalanylasparaginylvalylmethionylglutaminylarginyl-  leucylglutaminylaspartylglutamylglutaminylglutamylisoleucylvalylglutaminy-  llysylarginylthreonylphenylalanylthreonyllysyltryptophylisoleucylasparagi-  nylserylhistidylleucylalanyllysylarginyllysylprolylprolylmethionylvalylva-  lylaspartylaspartylleucylphenylalanylglutamylaspartylmethionyll
[21:27:08] <Truss_> Heja!
[21:27:27] <BlackBird> oj cos nie
[21:27:31] <Delta3120> xD
[21:27:37] <Delta3120> spam za
[21:27:38] <Delta3120> 3..
[21:27:39] <Delta3120> 2..
[21:27:40] <Delta3120> 1..
[21:27:41] <BlackBird> nie
[21:27:42] <Truss_> oki to wracamy do assdf xdd
[21:27:44] <Delta3120> Methionylalanylthreonylserylarginylglycylalanylserylarginylcysteinylproly-  larginylaspartylisoleucylalanylasparaginylvalylmethionylglutaminylarginyl-  leucylglutaminylaspartylglutamylglutaminylglutamylisoleucylvalylglutaminy-  llysylarginylthreonylphenylalanylthreonyllysyltryptophylisoleucylasparagi-  nylserylhistidylleucylalanyllysylarginyllysylprolylprolylmethionylvalylva-  lylaspartylaspartylleucylphenylalanylglutamylaspartylmethionyll
[21:27:47] <Truss_> asdf*
[21:27:49] <Truss_> aas
[21:27:50] <Truss_> aa
[21:27:50] <Truss_> sas
[21:27:50] <Truss_> da
[21:27:50] <Truss_> sd
[21:27:50] <Truss_> as
[21:27:51] <Truss_> da
[21:27:51] <Truss_> s
[21:27:51] <Truss_> ad
[21:27:51] <Truss_> s
[21:27:52] <Truss_> da
[21:27:52] <Truss_> sd
[21:27:52] <Truss_> asd
[21:27:53] <Truss_> as
[21:27:54] <Truss_> da
[21:27:55] <Truss_> sd
[21:27:55] <BlackBird> ekhem
[21:27:56] <Truss_> asd
[21:27:57] <Truss_> a
[21:27:57] <Delta3120> to sie nazywa ASD spam
[21:27:58] <BlackBird> wuff
[21:27:58] <Litho> wuff
[21:28:00] <BlackBird> wuff
[21:28:01] <Litho> rawr
[21:28:02] <BlackBird> wuff
[21:28:03] <Litho> rawr
[21:28:04] <BlackBird> wuff
[21:28:05] <Litho> rawr
[21:28:06] <BlackBird> wuff
[21:28:06] <Litho> rawr
[21:28:08] <BlackBird> wuff
[21:28:09] <Litho> wuff
[21:28:10] <BlackBird> wuff
[21:28:11] * Delta3120 slaps [A]McKey around a bit with a large fishbot
[21:28:11] <Litho> rawr
[21:28:12] <BlackBird> wuff
[21:28:13] <Litho> rawr
[21:28:14] <Truss_> Ejj tu są boty???
[21:28:14] <Litho> Truss_ witaj z porwrotem!
[21:28:14] <BlackBird> wuff
[21:28:15] <Litho> rawr
[21:28:17] <BlackBird> wuff
[21:28:17] <Litho> wrr
[21:28:18] <BlackBird> wuff
[21:28:19] <Litho> rawr
[21:28:20] <BlackBird> wuff
[21:28:20] <Litho> wrr
[21:28:22] <BlackBird> wuff
[21:28:23] <Litho> rawr
[21:28:24] <BlackBird> wuff
[21:28:25] <Litho> wuff
[21:28:26] <BlackBird> wuff
[21:28:26] <Litho> rawr
[21:28:27] <Truss_> wuff
[21:28:27] <Litho> wrr
[21:28:27] <Delta3120> a
[21:28:27] <Delta3120> sd
[21:28:27] <Delta3120> a
[21:28:28] <Delta3120> sd
[21:28:28] <Delta3120> s
[21:28:28] <Delta3120> d
[21:28:28] <Delta3120> sd
[21:28:28] <Truss_> wuff
[21:28:28] <Delta3120> a
[21:28:28] <BlackBird> wuff
[21:28:28] <Delta3120> sd
[21:28:28] <Litho> wuff
[21:28:29] <Delta3120> as
[21:28:29] <Delta3120> da
[21:28:29] <Litho> wuff
[21:28:29] <Delta3120> d
[21:28:29] <Truss_> wuff
[21:28:29] <Litho> wuff
[21:28:30] <Delta3120> s
[21:28:30] <BlackBird> wuff
[21:28:30] <Truss_> wuff
[21:28:31] <Delta3120> d
[21:28:31] <Litho> wrr
[21:28:31] <Litho> rawr
[21:28:32] <Delta3120> s
[21:28:32] <BlackBird> wuff
[21:28:33] <Litho> wrr
[21:28:33] <Delta3120> da
[21:28:34] <Delta3120> sd
[21:28:34] <BlackBird> wuff
[21:28:34] <Litho> rawr
[21:28:35] <Delta3120> as
[21:28:36] <Delta3120> d
[21:28:36] <BlackBird> wuff
[21:28:37] <Litho> rawr
[21:28:37] <Delta3120> sd
[21:28:38] <Delta3120> asd
[21:28:38] <Truss_> asa
[21:28:38] <Truss_> sa
[21:28:38] <Truss_> sa
[21:28:38] <Truss_> sa
[21:28:38] <BlackBird> wuff
[21:28:39] <Truss_> s
[21:28:39] <Delta3120> as
[21:28:39] <Truss_> a
[21:28:39] <Litho> wrr
[21:28:39] <Truss_> sa
[21:28:39] <Truss_> s
[21:28:39] <Truss_> a
[21:28:39] <Truss_> sas
[21:28:40] <Truss_> as
[21:28:40] <Delta3120> d
[21:28:40] <Truss_> as
[21:28:40] <Truss_> a
[21:28:40] <BlackBird> wuff
[21:28:41] <Litho> wrr
[21:28:41] * Delta3120 slaps [A]McKey around a bit with a large fishbot
[21:28:41] <Truss_> s
[21:28:42] * Delta3120 slaps [A]McKey around a bit with a large fishbot
[21:28:42] <Truss_> as
[21:28:42] <BlackBird> wuff
[21:28:43] <Litho> wuff
[21:28:43] <Truss_> a
[21:28:44] <Truss_> as
[21:28:44] <BlackBird> wuff
[21:28:44] <Litho> wuff
[21:28:45] <Truss_> as
[21:28:46] <Truss_> a
[21:28:46] <BlackBird> wuff
[21:28:47] <Litho> wuff
[21:28:47] <Truss_> s
[21:28:48] <Truss_> a
[21:28:48] <BlackBird> wuff
[21:28:48] <Litho> wrr
[21:28:49] <Truss_> sass
[21:28:50] <Truss_> s
[21:28:50] <BlackBird> wuff
[21:28:51] <Litho> wrr
[21:28:51] <Truss_> s
[21:28:52] <Truss_> s
[21:28:52] <BlackBird> wuff
[21:28:53] <Litho> wrr
[21:28:53] <Truss_> s
[21:28:54] <Truss_> s
[21:28:54] <BlackBird> wuff
[21:28:55] <Litho> wuff
[21:28:55] <Truss_> s
[21:28:56] <Truss_> s
[21:28:56] <BlackBird> wuff
[21:28:56] <Litho> wuff
[21:28:57] <Truss_> s
[21:28:58] <Truss_> s
[21:28:58] <BlackBird> wuff
[21:28:58] <Litho> rawr
[21:28:59] <Truss_> s
[21:29:00] <Truss_> s
[21:29:00] <BlackBird> wuff
[21:29:01] <Litho> wrr
[21:29:01] <Truss_> s
[21:29:02] <Truss_> s
[21:29:02] <BlackBird> wuff
[21:29:02] <Litho> rawr
[21:29:03] <Truss_> s
[21:29:04] <Truss_> s
[21:29:04] <BlackBird> tak tu jest moj bot..
[21:29:05] <Truss_> s
[21:29:06] <Truss_> s
[21:29:06] <BlackBird> dobra ludzie ogar
[21:29:07] <Truss_> s
[21:29:08] <Truss_> s
[21:29:08] * BlackBird gives Truss a clout round the head with a fresh copy of WeeChat
[21:29:09] <Truss_> s
[21:29:10] <Truss_> s
[21:29:10] * BlackBird slaps Delta a few times
[21:29:11] <Truss_> s
[21:29:12] <Truss_> s
[21:29:12] <BlackBird> aha.. ping..
[21:29:13] <Truss_> s
[21:29:14] <Truss_> s
[21:29:14] <BlackBird> spk
[21:29:15] <Truss_> s
[21:29:16] <Truss_> s
[21:29:17] <Truss_> s
[21:29:18] <Truss_> s
[21:29:19] <Truss_> s
[21:29:20] <Truss_> s
[21:29:20] <BlackBird> niewiecie jak irc dziala?
[21:29:21] <Truss_> s
[21:29:22] <Truss_> s
[21:29:22] <BlackBird> xd
[21:29:23] <Truss_> s
[21:29:24] <Truss_> s
[21:29:25] <Truss_> ss
[21:29:26] <Truss_> s
[21:29:27] <Truss_> s
[21:29:28] <Truss_> s
[21:29:29] <Truss_> s
[21:29:30] <Truss_> s
[21:29:31] <Truss_> s
[21:29:32] <Truss_> s
[21:29:33] <Truss_> s
[21:29:34] <Truss_> s
[21:29:35] <Truss_> s
[21:29:36] <BlackBird> !bot.actiom hug Truss
[21:29:36] <Truss_> s
[21:29:37] <Truss_> s
[21:29:38] <Truss_> s
[21:29:39] <Truss_> s
[21:29:40] <Truss_> s
[21:29:40] <BlackBird> !bot.action hug Truss
[21:29:41] * Litho hug Truss
[21:29:41] <Truss_> s
[21:29:42] <Truss_> s
[21:29:43] <Truss_> s
[21:29:44] <Truss_> ss
[21:29:45] <Truss_> s
[21:29:46] <Truss_> s
[21:29:47] <Truss_> s
[21:29:48] <Truss_> s
[21:29:49] <Truss_> s
[21:29:50] <Truss_> s
[21:29:51] <Truss_> s
[21:29:52] <Truss_> s
[21:29:53] <Truss_> s
[21:29:54] <Truss_> s
[21:29:55] <Truss_> s
[21:29:56] <Truss_> s
[21:29:57] <Truss_> s
[21:29:57] <BlackBird> truss
[21:29:58] <Truss_> s
[21:29:59] <Truss_> s
[21:29:59] <BlackBird> ogar
[21:30:00] <Truss_> s
[21:30:01] <Truss_> s
[21:30:02] <Truss_> s
[21:30:03] <Truss_> s
[21:30:04] <Truss_> s
[21:30:05] <Truss_> s
[21:30:06] <Truss_> Ejj
[21:30:06] <Litho> Truss_ witaj z porwrotem!
[21:30:07] <Truss_> Bot to Litho?
[21:30:08] <Truss_> Aa
[21:30:09] * Truss_ hug Litho
[21:30:09] * Litho gryzie Truss_
[21:30:16] <BlackBird> litho co ci odiperdala
[21:30:21] *** [A]McKey is now known as McKey
[21:30:23] <BlackBird> tak litho to bot
[21:30:27] <BlackBird> mckey uciekaj
[21:30:45] <Truss_> Emm Pytanko
[21:30:48] <BlackBird> moj bot :3
[21:30:52] <BlackBird> tak?
[21:30:55] <Truss_> Nie kapuje tego bota xd
[21:30:58] <BlackBird> why
[21:31:01] <Truss_> Twój??
[21:31:03] <BlackBird> tak
[21:31:08] <Truss_> : O
[21:31:12] <Truss_> Też chcee xd
[21:31:20] <BlackBird> to zrub ;p
[21:31:29] <BlackBird> ja swojego napisalem od 0
[21:31:42] <Truss_> Ahaa fajnie xD
[21:31:51] <Truss_> Ja nie umie ;_;
[21:31:54] <Truss_> zrób mi xd
[21:32:00] <BlackBird> naucz sie nwm.. pythona i napisz
[21:32:10] <BlackBird> niebede ci robil najpierw musze mojego zrobic
[21:32:18] <Truss_> Ahha
[21:32:18] <BlackBird> umie... cos
[21:32:21] <BlackBird> .info
[21:32:24] <BlackBird> .help
[21:32:24] <Truss_> Litho
[21:32:25] <Litho> Co?
[21:32:30] <Truss_> emm xD
[21:32:30] <BlackBird> frytki
[21:32:36] <BlackBird> napisz .help
[21:32:40] <Truss_> Litho!
[21:32:40] <Litho> Truss_!
[21:32:44] *** Quits: Delta3120 (~Delta3120@Pony-7unsia.static.kolnet.eu) (Ping timeout: 121 seconds)
[21:32:51] <Truss_> ODBIERZ!
[21:32:52] <Truss_> XD
[21:33:06] <Truss_> Ej dodaj to do bota Blakieł :3
[21:34:10] *** Joins: BlackWolf (androirc@Pony-fp38u8.dynamic.chello.pl)
[21:34:12] <BlackWolf> kurwa!
[21:34:13] <BlackWolf> wrr
[21:34:14] <Litho> Witaj BlackWolf!
[21:34:14] <Litho> wrr
[21:34:21] <BlackWolf> nawu mnie wyjebao
[21:34:30] <Truss_> Why?
[21:34:35] <Truss_> Życie ;v
[21:34:49] <BlackWolf> ale bot chadzia..
[21:35:02] <BlackWolf> napisz .help to bedziesz wiedziala o nim wszystko
[21:35:17] <BlackWolf> ja sobie zartuje ze litho jest w 1 lepszy od derpi... help ma zrobiony porzadnie :V
[21:35:20] <BlackWolf> .help
[21:35:41] <Truss_> ok thxx
[21:35:44] <Truss_> .help
[21:36:34] <Truss_> japierdole xd
[21:36:52] <Truss_> "ogulne" rozjebało system xD
[21:36:59] <BlackBird> xd
[21:37:01] <BlackBird> chadziam
[21:37:05] <BlackBird> puki co
[21:37:08] <McKey> BlackBird: .help
[21:37:16] <BlackBird> und
[21:37:19] <BlackBird> help bota?
[21:37:20] <McKey> .help
[21:37:29] <McKey> aha
[21:37:42] <McKey> i tak masz cos zwalone :P
[21:37:48] <BlackBird> wszystko
[21:37:50] <BlackBird> wiem
[21:38:03] <BlackBird> bot zbudowany na lagach i wszystko nietak i na odwrot
[21:38:13] <Truss_> Em sory za przekleństwa xD
[21:38:16] <McKey> nie bot :P
[21:38:19] <McKey> system
[21:38:24] <BlackBird> vps? nie
[21:38:27] <Truss_> Ale to po prostu że jprdl xDD rozwala
[21:38:36] <McKey> To czemu się zawiesił?
[21:38:42] <BlackBird> тць
[21:38:43] <Truss_> help.DB
[21:38:45] <BlackBird> nwm*
[21:38:49] <BlackBird> na pv truss
[21:39:00] <BlackBird> i wiem spami
[21:39:03] <BlackBird> bardzo..
[21:39:03] <McKey> ja u siebie mam ts3,www,php,mysql,znc,webmin i pare innych
[21:39:11] <BlackBird> und? xd
[21:39:14] <BlackBird> ale ty informatyk
[21:39:16] <McKey> i stio stabilnie. Uptime maksymalny to 60 dni :P
[21:39:17] <Litho> 21:39
[21:39:23] <Truss_> info.reply
[21:39:23] <McKey> resetowalem sam ręcznie xD
[21:39:28] <BlackBird> wuuut
[21:39:33] <Truss_> .reply
[21:39:34] <BlackBird> mckey co ty zhackowales
[21:39:39] <BlackBird> hmmzwmm
[21:39:40] <McKey> taa\
[21:39:43] <BlackBird> hmmjjm,m
[21:39:43] <Litho> BlackBird witaj z porwrotem!
[21:39:45] <BlackBird> aha!
[21:39:47] <BlackBird> -.-
[21:39:49] <BlackBird> no tak..
[21:39:52] <BlackBird> xd
[21:39:56] <McKey> Logi albo nic
[21:40:06] <BlackBird> jak napiszesz time gdziekolwiet to pokaze godzine xd
[21:40:06] <Litho> 21:40
[21:40:15] <McKey> dertime
[21:40:15] <Litho> 21:40
[21:40:17] <McKey> ...
[21:40:21] <BlackBird> nawet w srodku|time|zdania
[21:40:21] <Litho> 21:40
[21:40:22] <McKey> nie mam pytan 
[21:40:25] <BlackBird> xd
[21:40:27] <McKey> t i m e 
[21:40:29] <BlackBird> w koncu moj bot
[21:40:29] <McKey> HA
[21:40:37] <McKey> t_i_m_e
[21:40:40] <McKey> HA hA
[21:40:43] <BlackBird> tak samo z zw
[21:40:45] <BlackBird> i wrr
[21:40:46] <Litho> wuff
[21:40:48] <Truss_> TEA TIME!!! :3
[21:40:50] <McKey> Szach mat ateisto xD
[21:40:51] <BlackBird> nie sry z jj
[21:40:51] <Litho> BlackBird witaj z porwrotem!
[21:40:54] <BlackBird> xd
[21:40:59] <McKey> j_j
[21:41:02] <Truss_> czemu nie ma xdd
[21:41:08] <BlackBird> wszystko co ma bot dziala jak dasz gdziekolwiek w zdaniu
[21:41:16] <BlackBird> oprucz tynch nowych zeczy bo je robie inaczej xd
[21:41:22] <McKey> derp .bot.say derp
[21:41:23] <BlackBird> typu !bot.say costam
[21:41:23] <Litho> typu costam
[21:41:31] <BlackBird> kurwa
[21:41:31] <McKey> derp !bot.say derp
[21:41:32] <Litho> derp derp
[21:41:33] <McKey> :P
[21:41:34] <BlackBird> nojapierdole
[21:41:40] <BlackBird> #jebiemieto
[21:41:45] <BlackBird> uznajmy ze tak ma byc
[21:41:52] <McKey> jestem botem !bot.say lubie w dupe
[21:41:52] <Litho> jestem botem lubie w dupe
[21:41:56] <BlackBird> -.-
[21:41:57] <McKey> WIN
[21:42:02] <Truss_> aha xDD
[21:42:27] <BlackBird> fhuj smieszne
[21:42:31] <McKey> tak
[21:42:37] <Truss_> Derp !bot.say dobry! 9_6
[21:42:37] <Litho> Derp dobry! 9_6
[21:42:42] <Truss_> :DD
[21:43:18] <Truss_> i cisza...
[21:43:22] <BlackBird> hm
[21:43:27] <BlackBird> !bot.action fus
[21:43:28] * Litho fus
[21:43:35] * Litho test
[21:43:42] <BlackBird> cos zjebalem
[21:44:05] <McKey> tak
[21:44:13] <McKey> `rm -rf /
[21:44:16] <McKey> `rm -rf /`
[21:44:18] <BlackBird> nie
[21:44:39] <BlackBird> to jest tak zrobione ze reaguje tylko na to co jest ustalone w kodzie
[21:44:52] <Truss_> reply
[21:44:59] <BlackBird> i przez przypadek mam zabespieczenia przed takim czyms jak mckey pisze :V
[21:45:08] <McKey> !bot.say `pwd`
[21:45:08] <Litho> `pwd`
[21:45:24] <McKey> !bot.say $HOME
[21:45:25] <Litho> $HOME
[21:45:31] <BlackBird> to co jest po !bot say zapisuje sie do zmiennej jako czysty tekst :P
[21:45:33] <McKey> !bot.say `echo $HOME`
[21:45:33] <Litho> `echo $HOME`
[21:45:51] <McKey> "" ?
[21:45:54] *** Joins: Elektryczna (~Elektryczna@Pony-dg188t.lomza.vectranet.pl)
[21:45:54] <Litho> Dzieńdobry Elektryczna!
[21:45:55] <BlackBird> tia
[21:46:00] <BlackBird> witaj
[21:46:08] <Elektryczna> witajcie xd
[21:46:11] <Truss_> Hej Elektryczna!!! ^^
[21:46:21] <McKey> NEIN
[21:46:21] <Truss_> Ej Blakieł
[21:46:25] <BlackBird> ?
[21:46:40] <Truss_> masz AAE nie?
[21:46:43] <BlackBird> mam
[21:47:06] <Truss_> dodałbyś mi tam efekty itd (jak skoncze)?
[21:47:12] <BlackBird> spk
[21:47:14] <Truss_> do animacji
[21:47:19] <Truss_> thxx C:
[21:47:22] <BlackBird> >.>
[21:47:22] <Elektryczna> robisz animacje? xd
[21:47:24] <BlackBird> <.<
[21:47:26] <Truss_> no
[21:47:27] <BlackBird> nieumie 
[21:47:40] <Truss_> Chodzi o osobne zdjęcia xd
[21:47:48] <Elektryczna> to animatic
[21:47:48] <Elektryczna> xd
[21:47:55] <Truss_> Nie
[21:48:03] <McKey> PMV
[21:48:04] <BlackBird> animacja poklatkowa to sie chyba nazywa
[21:48:07] <Truss_> Że dam mu osobne zdjęcia ale to anima będzie xD
[21:48:14] <McKey> E...
[21:48:15] <Elektryczna> aa no spooko xd
[21:48:17] <BlackBird> aha ze mam posklejac?
[21:48:18] <Truss_> McKey tak
[21:48:22] <McKey> to Prezentacja moze?
[21:48:29] <McKey> albo jak z muzyką to PMV
[21:48:32] <BlackBird> nie bo to sie ma samo :V
[21:48:33] <Truss_> Blakieł: tak :DD i dodać małe efekty
[21:48:40] <Truss_> Ale to szczegół
[21:48:51] <BlackBird> spk
[21:48:57] <Truss_> Rzadko CIę bede o pomoc w animach prosić (chyba)
[21:49:03] <Truss_> Bo bardziej jeżeli o bg ;p
[21:49:09] <Truss_> i visuals
[21:49:12] <BlackWolf> laglo mnie na vps -.-
[21:49:18] <Truss_> -.-
[21:49:24] <BlackWolf> wrr
[21:49:25] <Litho> wuff
[21:49:28] <BlackWolf> a bot dziala xd
[21:49:31] <BlackWolf> pancerny
[21:49:40] <BlackWolf> wrr
[21:49:43] <BlackWolf> nie :V
[21:49:46] <McKey> xd
[21:49:50] <BlackWolf> fajnie
[21:49:51] <Litho> rawr
[21:49:53] <BlackWolf> o
[21:49:57] <BlackWolf> czyli vps ruszyl
[21:50:00] <Truss_> Elektryczna: robie animacje, animatici (zacznę) i story boardy troche xd
[21:50:02] <BlackBird> lol
[21:50:04] <BlackBird> xd
[21:50:06] <McKey> daj adma
[21:50:12] <BlackBird> na vps?
[21:50:14] <BlackBird> nie :V
[21:50:22] <McKey> to ide po dedosy xD
[21:50:27] <BlackBird> spk
[21:50:32] <Truss_> dedosy? xdd
[21:50:33] <BlackBird> ale sdma niedostaniesz
[21:50:35] <BlackBird> ddos
[21:50:36] <McKey> a tak na serio to zobacz w logi
[21:50:36] <Elektryczna> truss widze ze phrofeszynal xd
[21:50:44] <BlackWolf> wrr
[21:50:49] <Truss_> xD może :V
[21:50:52] <McKey> i poleceniem "uptime" zobacz na overload
[21:50:54] <BlackWolf> a gdzie logi?
[21:50:57] <BlackWolf> xd
[21:51:01] <McKey> `/var/log`
[21:51:02] <McKey> ...
[21:51:04] <BlackWolf> o spory lag
[21:51:06] <BlackWolf> wrrr
[21:51:07] <BlackWolf> wrr
[21:51:07] <McKey> tam są wszystkie logi
[21:51:09] <BlackBird> gogle it
[21:51:10] <Litho> wrr
[21:51:10] <Litho> 21:51
[21:51:10] <Litho> rawr
[21:51:10] <Litho> wrr
[21:51:12] <BlackWolf> o
[21:51:15] <McKey> uptime
[21:51:16] <Litho> 21:51
[21:51:25] <McKey> sprawdz uptime
[21:51:25] <Litho> 21:51
[21:51:27] <Truss_> time
[21:51:27] <Litho> 21:51
[21:51:32] <McKey> nie time
[21:51:32] <Litho> 21:51
[21:51:34] <McKey> wailić go
[21:51:46] <Truss_> Derptime! 9_6
[21:51:47] <Litho> 21:51
[21:51:52] <Truss_> xDD
[21:51:58] <Elektryczna> xD
[21:51:59] <Truss_> Ej Blakieł
[21:52:02] <Truss_> Czemu Litho?
[21:52:04] <BlackWolf> emm ktore logi? xd
[21:52:08] <BlackWolf> google it
[21:52:14] <McKey> kernel system i autch
[21:52:53] <BlackWolf> jest kern niema kernel system
[21:53:02] <McKey> systemd ?
[21:53:02] <McKey> sys
[21:53:08] <Truss_> I-I-I'VE STOKED THE FIRE 
[21:53:13] <BlackWolf> syslog?
[21:53:15] <McKey> ta
[21:53:19] <McKey> główne logi
[21:53:25] <Truss_> SEEN MORE PAIN THAN YOU CAN KNO-O-OW
[21:53:27] <McKey> i mówie sprawdz server load
[21:54:04] <BlackWolf> theblackkingdom/logi
[21:54:08] <BlackWolf> theblackkingdom.ovh/logi
[21:54:33] <BlackWolf> bo ja tam uj z nich zrozumie
[21:54:36] <BlackWolf> time
[21:54:36] <Litho> 21:54
[21:54:48] <McKey> free -m
[21:54:52] <Truss_> McKey lubisz Awoken?
[21:54:53] <McKey> też się przydaje :P
[21:55:04] <McKey> Truss_: tak srednio bym powiedział a co?
[21:55:35] <Truss_> Ja mam ostatnio faze, bo coś w tym usłyszałam. i przypomina zupełnie inny utwór
[21:55:58] <McKey> BlackWolf: 404
[21:56:09] <BlackWolf> mckey theblackkingdom.ovh/logi/ autch.log || autch.log.1 || syslog || syslog.1
[21:56:19] <McKey> aha..
[21:56:28] <BlackWolf> || czyyli lub xd
[21:56:35] <Truss_> em?
[21:56:41] <BlackWolf> niepytaj
[21:56:43] <Truss_> BlackWolf: 405
[21:56:45] <BlackWolf> xd
[21:56:46] <McKey> ja wiem :P
[21:57:00] <BlackWolf> co wiesz
[21:57:02] <McKey> Truss_: 405 nie występuje
[21:57:03] <BlackWolf> a czego ja niewiem
[21:57:05] <Truss_> BLAKIEŁ
[21:57:07] <McKey> że || to lub
[21:57:18] <Truss_> JUŻ MYŚLAŁAM ŻE SIE W BOTA ZAMIENIŁEŚ
[21:57:22] <BlackWolf> nie
[21:57:26] <Truss_> UFF
[21:57:33] <BlackWolf> || oznacza ze wpisujesz jedno z tych
[21:57:44] <BlackWolf> np. theblackkingdom.ovh/logi/syslog
[21:57:59] <McKey> -_-
[21:58:03] <McKey> komu to tłumacyzsz?
[21:58:09] <BlackWolf> nwm truss
[21:58:10] <BlackWolf> chyba
[21:58:26] <BlackWolf> ja wiem ze ty wiesz
[21:58:35] <Truss_> Blakieł, czemu jak wchodze na theblackkingdom to mi pisze że "strona internetowa jest niedostępna"?
[21:58:41] <BlackWolf> wut
[21:58:41] <McKey> ....
[21:58:48] <McKey> http://theblackkingdom.ovh/logi/auth.log
[21:58:55] <BlackWolf> http://theblackkingdom.ovh
[21:59:43] <BlackWolf> co tam ciekawego mckey?
[21:59:53] <McKey> próbuje odpalić dopiero :P
[21:59:55] <BlackWolf> bo android niemoze tego otwozyc -.-
[21:59:59] <McKey> Update mi w tle leci
[22:00:16] <McKey> to juz wiem że jest problem jak nie moze zassac
[22:00:44] <BlackWolf> mi sie pobralo xd
[22:00:48] <Truss_> Ej BlackWolf, daj domene weedowi xd znaczy, nie jemu tylko jakis napis w linku np. weedispolka
[22:01:00] <BlackWolf> on ma?
[22:01:10] <Truss_> ze nm theblackkingdom.ohv/weedispolka
[22:01:15] <McKey> eh...
[22:01:20] <BlackWolf> theblackkingdom.ovh/shadowweed
[22:01:22] <Truss_> np*
[22:01:24] <BlackWolf> juz jest od dawna
[22:01:26] <Truss_> Albo
[22:01:38] <Truss_> theblackkingdom.ohv/kucofagi
[22:01:56] <BlackWolf> weed juz ma!
[22:01:58] <BlackWolf> poco wiecej
[22:02:04] <Truss_> i tam będzie quiz o nas xDD
[22:02:07] <BlackWolf> znaczy no problem but tablet
[22:02:13] <Truss_> Nie dla weeda
[22:02:15] <Truss_> Dla nas
[22:02:18] <BlackWolf> theblackkingdom.ovh/truss/quizmlp
[22:02:23] <Truss_> kucofagi z radiayay
[22:02:24] <BlackWolf> bosh
[22:02:40] <Truss_> dla wszystkich z tej konfy xDD
[22:02:41] <BlackWolf> macie kucofagi
[22:02:47] <BlackWolf> theblackkingdom.ovh/kucofagi
[22:03:04] <BlackWolf> jakbym ogarnial chmod to moglibyscie sami zmieniac ale nieogarniam tego :V
[22:03:29] <Truss_> http://www.theblackkingdom.ovh/truss/ tak bardzo ship trwa nadal?
[22:03:37] <McKey> ....
[22:03:41] <Truss_> Ale blakieł -.- wrzuć tam coś
[22:03:42] <McKey> 1 Tech Inf?
[22:03:45] <Truss_> Napisze Ci co
[22:04:01] <BlackWolf> tak mckey xd
[22:04:08] <BlackWolf> wlasnie sie uczymy o linkusach
[22:04:10] <McKey> To jeszcze wybacze :P
[22:04:16] <BlackWolf> i dzisiaj bylo chmod xd
[22:04:23] <BlackWolf> ale na sk i nwm jak sie tego uzywa
[22:04:29] <BlackWolf> za tydzien bedziemy na linuksie robic
[22:04:55] <BlackWolf> Truss_: zrob plik .html
[22:04:57] <McKey> 59.47.0.150
[22:05:00] <BlackWolf> wut
[22:05:07] <McKey> wklejam tu
[22:05:26] <BlackWolf> witryna niedostepna
[22:05:31] <McKey> mam wbudowane shell w ZNC
[22:05:37] <McKey> nie musze odpalić terminala
[22:05:43] <BlackWolf> und
[22:05:51] <McKey> [22:05:23] <*shell> Starting Nmap 6.47 ( http://nmap.org ) at 2015-03-19 22:05 CET
[22:05:54] <Truss_> Info: nasza konfa na Skype. (I potem o nas xdd) BlackBird - informatyk, haker (pełny tytuł?) Truss - aktorka/wokalistka/animatorka fandomowa i nie tylko ;p (I tam o reszcie co chcesz ale mądrze) oki?? xDD
[22:05:56] <McKey> nmap znasz :P
[22:06:02] <McKey> HAKER???
[22:06:04] <McKey> JEBŁĘM
[22:06:07] <BlackWolf> xd
[22:06:11] <Truss_> xDDD
[22:06:18] <BlackWolf> nawet nie informatyk ale niech bedzie
[22:06:30] <Truss_> Napisz o wszystkich
[22:06:35] <Truss_> napisze Ci kto jest
[22:06:37] <BlackWolf> McKey: nmap?
[22:06:42] <Truss_> żebyś nie musiał patrzeć -.-
[22:06:49] <BlackWolf> truss
[22:06:54] <BlackWolf> ja tego dzisiaj itak niezrobie
[22:06:58] <BlackWolf> tablet..
[22:07:05] <BlackWolf> niemam jak edytowac html
[22:07:08] <McKey> wat
[22:07:13] <BlackWolf> tak
[22:07:16] <BlackWolf> magia androida
[22:07:18] <McKey> ja na telefonie z Javą to robiłem
[22:07:28] <BlackWolf> ale ty jestes informatykiem
[22:07:50] <McKey> eh...
[22:07:56] <Truss_> Weed, Delta, Tivolt, Ty, Ja, Elektryczna, Kotled, Żabka, Eivel, Hck, Gracek (nie, jego raczej nie pisz xd)
[22:08:07] <McKey> masz zajebiście wielki problem i widze to po auth.log
[22:08:09] <Truss_> oki ale wez zapisz xdd
[22:08:14] <McKey> jak bardzo skomplikowane hasła masz?
[22:08:20] <BlackWolf> srednio
[22:08:22] <McKey> i czy konto root jest wyłączone
[22:08:31] <BlackWolf> wylaczone?
[22:08:36] <BlackWolf> moge na nie wejsc
[22:08:41] <BlackWolf> wiec chyba nie
[22:08:44] <McKey> a jest haslo na nim?
[22:08:47] <BlackWolf> tak
[22:09:57] <BlackWolf> a co zhackowac chcesz?
[22:10:01] <BlackWolf> wrr
[22:10:01] <Litho> rawr
[22:10:02] <McKey> I... Twój serwer został przejęty już :P
[22:10:07] <BlackWolf> hakier
[22:10:08] <McKey> fail2ban
[22:10:13] <McKey> a raczej jego brak
[22:10:24] <BlackWolf> nwm coto jest
[22:10:26] <McKey> niestety to nie ja (bo byś już nie miał nic)
[22:11:06] <BlackWolf> ze niby zhakierowali mnie?
[22:11:26] <McKey> podaj wynik polecenia `uptime`
[22:11:33] <BlackWolf> z roota?
[22:11:35] <McKey> i `free -m`
[22:11:39] <McKey> nie musisz miec roota
[22:11:52] <Litho> 22:11
[22:12:22] <BlackWolf> wrr
[22:12:22] <Litho> wrr
[22:12:38] <McKey> o ps -aux nawet nie prosze bo się nie wysrasz tym xD
[22:13:05] <BlackWolf> blackbird@vps135222:~$ uptime
[22:13:06] <BlackWolf> 22:11:53 up 55 min,  1 user,  load average: 0,57, 0,17, 0,13
[22:13:06] <BlackWolf> blackbird@vps135222:~$ free -m
[22:13:06] <BlackWolf> total       used       free     shared    buffers     cached
[22:13:06] <BlackWolf> Mem:          1024        160        863          7          0         83
[22:13:06] <BlackWolf> -/+ buffers/cache:         76        947
[22:13:06] <BlackWolf> Swap:          128          0        128
[22:13:06] <Litho> 22:13
[22:13:32] <McKey> i w teori tam nic nie masz ta?
[22:13:42] <BlackWolf> a co mam miec?
[22:13:52] <BlackWolf> w sensie oco ci chodzi
[22:13:53] <McKey> No to masz spory probmel :P
[22:14:01] <BlackWolf> a co?
[22:14:29] <Truss_> z/w
[22:14:39] <McKey> jak jeszcze dobrze czytam to masz 76 mb wolengo ramu :P i to zaraz po starcie. System zaczyna cos mielic tera (0,57 Load)
[22:14:54] <BlackWolf> lul
[22:14:58] <BlackWolf> boty? xd
[22:15:03] <McKey> wAtpie
[22:15:06] <McKey> wątpie*
[22:15:29] <BlackWolf> jak patrzylem na manager w och to w ram bylo troche dziwnie
[22:15:43] <BlackWolf> dokladnie troche skakalo i zatrzymywalosie idealnie na 50%
[22:15:45] <McKey> tam sie nie patrzy :P
[22:15:49] <BlackWolf> ojtam
[22:17:16] <McKey> Checking theblackkingdom.ovh which resolves to 92.222.18.86 against 99 known blacklists... 
[22:17:16] <McKey> Listed 1 times with 0 timeouts 
[22:17:16] <Litho> 22:17
[22:17:35] <BlackWolf> czyli
[22:17:58] <BlackWolf> w top niezobaczylem niczego co mialoby zzerac ram, najwiecej zabiera weechat
[22:18:00] <McKey> czyli jeżeli nie chcesz wysyłać maili to możesz zignorować :P
[22:18:24] <McKey> top nie pokazuje zbyt dobrze
[22:18:30] <McKey> htop lepszy
[22:18:41] <BlackWolf> niema
[22:18:43] <McKey> ale jak jest dobry włam to też nie zobaczysz :P
[22:19:41] <BlackWolf> fajnie
[22:19:50] <BlackWolf> tylko po kij ktos mialby wlamywac sie mi a vps? xd
[22:19:50] *** Quits: Elektryczna (~Elektryczna@Pony-dg188t.lomza.vectranet.pl) (Quit: Page closed)
[22:20:12] <McKey> eh...
[22:20:21] <McKey> po cokolwiek
[22:20:26] <McKey> botnet np
[22:20:28] <McKey> emaile
[22:20:30] <McKey> porno
[22:20:44] <BlackBird> smieszne
[22:20:55] <McKey> nope
[22:21:49] <Truss_> jj
[22:21:49] <Litho> Truss_ witaj z porwrotem!
[22:22:29] <BlackBird> dobra nawet jesli ktos z nieznanych nikomu powodu sie mi wlamal to co z tym zrobic
[22:23:01] <Truss_> Końćzę xD
[22:23:06] <BlackBird> aha
[22:23:08] <BlackBird> dobranoc
[22:23:08] * Truss_ przytula wszystkich na pożegnanie
[22:23:08] <Litho> Dobranoc BlackBird!
[22:23:12] <Truss_> papatki ^o^
[22:23:23] <McKey> wyjebać
[22:23:26] <BlackBird> how
[22:23:42] <McKey> rm -rf xD
[22:23:49] <BlackBird> format? -.-
[22:23:51] <McKey> a na serio to nie dzis
[22:24:17] <McKey> usunąć pare plików (lub zedytować) i po sprawie
[22:24:26] <McKey> doinstalować fail2ban i powinno załatwić
[22:25:17] <BlackBird> fajnie. how?
[22:25:31] <McKey> nie dziś
[22:25:34] <McKey> bo ide spać
[22:25:55] <BlackBird> spk
[22:26:02] <BlackBird> dobranoc
[22:26:03] <Litho> Dobranoc!
[22:27:14] *** Quits: Truss_ (Truss@Pony-a6h.0cm.130.31.IP) (Ping timeout: 121 seconds)
[22:30:08] <BlackWolf> wrr
[22:30:08] <Litho> wrr
[22:30:16] <BlackBird> lagi znikly xd
[22:32:12] *** McKey is now known as [A]McKey
[22:39:42] <Hck> co jest ?
[22:50:08] <BlackBird> hakierujo mnie
[22:52:24] <BlackBird> przynajmniej mckey tak twierdzi
