[00:02:27] *** Navi is now known as Dusk
[00:15:04] <Not-570b> On The Air: LOUDER - Notica in 15 minutes on @PonyvilleFM! - http://pvlive.me/ponyvillefm
[00:44:25] *** Quits: SpikeDragon (Spike@sorting.those.books) (Quit: Cya.)
[00:45:04] <Not-570b> On The Air: Tree Time in 15 minutes on @celestiaradio! - http://pvlive.me/celestia_radio
[00:46:03] <Not-570b> On The Air: DJ Prince Lunar in 15 minutes on @EveryponyRadio! - http://pvlive.me/everypony_radio
[00:46:55] *** Joins: Datguy (Datguy@Pony-103.0b1.131.104.IP)
[00:47:04] <Not-570b> On The Air: LOUDER - Djtetsuo in 15 minutes on @PonyvilleFM! - http://pvlive.me/ponyvillefm
[00:49:26] *** Quits: Datguy (Datguy@Pony-103.0b1.131.104.IP) (Connection closed)
[00:49:38] *** Joins: Datguy (Datguy@Pony-saoqak.7c6k.qn14.a880.2604.IP)
[00:57:58] *** Joins: Lightningsky (quassel@Pony-nmi.1ij.157.24.IP)
[00:58:27] *** Lightningsky is now known as Pony_92587
[00:59:00] *** Quits: Pony_92587 (quassel@Pony-nmi.1ij.157.24.IP) (Connection closed)
[01:15:04] <Not-570b> On The Air: LOUDER - Chang31ing in 15 minutes on @PonyvilleFM! - http://pvlive.me/ponyvillefm
[01:29:53] *** hearts_the_Yoshi is now known as baby_yoshi
[01:30:23] *** Joins: Pony_10897 (DJMidli@Pony-0uev21.dsl.bell.ca)
[01:32:07] *** Quits: DJmidli (DJMidli@Crazy.Dancing.Canadian.DJ.Pony) (Ping timeout: 121 seconds)
[01:33:30] *** Pony_10897 is now known as DJMidli
[01:39:39] *** McKey is now known as [A]McKey
[01:44:39] *** Quits: JockeTF (jocke@Pony-14s8b6.siw.siwnet.net) (Quit: Leaving.)
[02:28:18] *** baby_yoshi is now known as hearts_the_yoshi
[02:42:00] *** hearts_the_yoshi is now known as hoofy
[02:44:11] *** Joins: Acentric (PonyAce@Pony-asdc0n.ga.charter.com)
[02:44:11] *** Luna sets mode: +h Acentric
[06:00:38] *** Quits: HomerBouvier (HomerB@is.best.sea.poni) (Connection closed)
[06:17:17] *** amaway is now known as ama|sleep
[06:38:24] *** Quits: DJMidli (DJMidli@Crazy.Dancing.Canadian.DJ.Pony) (Quit: )
[06:38:34] *** Joins: DJmidli (DJMidli@Crazy.Dancing.Canadian.DJ.Pony)
[07:25:49] *** Quits: BronyBorn (BronyBorn@BronyBorn.Owner.LunaRadio) (Ping timeout: 121 seconds)
[07:25:51] *** Quits: Nexus (Nexusdragon@DJNexus.Fillydelphia.Radio) (Ping timeout: 121 seconds)
[07:25:54] *** Quits: Lycan (Lycan@wibbly.wobbly.timey.wimey) (Ping timeout: 121 seconds)
[07:26:24] *** Quits: ThunderBolt (ThunderBolt@Sliverpony) (Ping timeout: 121 seconds)
[07:28:44] *** Quits: ama|sleep (ama@ama.bronytv.net) (Ping timeout: 121 seconds)
[07:29:04] *** Joins: Shadow (Shadow@Pony-30p.bh2.56.190.IP)
[07:29:23] *** Joins: BronyBorn (BronyBorn@BronyBorn.Owner.LunaRadio)
[07:29:23] *** Luna sets mode: +o BronyBorn
[07:29:23] *** Joins: Nexus (Nexusdragon@DJNexus.Fillydelphia.Radio)
[07:29:23] *** Luna sets mode: +o Nexus
[07:29:23] *** Joins: ThunderBolt (ThunderBolt@Sliverpony)
[07:30:07] *** Quits: Shadow (Shadow@Pony-30p.bh2.56.190.IP) (Quit: Page closed)
[07:30:29] *** Joins: Shadow (jsqtxqkuycg@Pony-30p.bh2.56.190.IP)
[07:30:37] *** Quits: Oatzmeal (Oatz@part.of.a.balanced.breakfast) (Ping timeout: 121 seconds)
[07:32:23] *** Quits: Shadow (jsqtxqkuycg@Pony-30p.bh2.56.190.IP) (Quit: lightIRC.com Flash IRC Client)
[07:33:10] *** Joins: ama|bnc (ama@ama.bronytv.net)
[07:33:10] *** Luna sets mode: +o ama|bnc
[07:33:23] *** Joins: Lycan (Lycan@wibbly.wobbly.timey.wimey)
[07:33:24] *** Quits: Nexus (Nexusdragon@DJNexus.Fillydelphia.Radio) (Ping timeout: 121 seconds)
[07:33:24] *** Quits: BronyBorn (BronyBorn@BronyBorn.Owner.LunaRadio) (Ping timeout: 121 seconds)
[07:33:24] *** Quits: ThunderBolt (ThunderBolt@Sliverpony) (Ping timeout: 121 seconds)
[07:34:23] *** Joins: Oatzmeal (Oatz@Oatz.publicBNC.canternet.org)
[07:34:53] *** Joins: BronyBorn (BronyBorn@BronyBorn.Owner.LunaRadio)
[07:34:53] *** Luna sets mode: +o BronyBorn
[07:34:53] *** Joins: Nexus (Nexusdragon@DJNexus.Fillydelphia.Radio)
[07:34:53] *** Joins: ThunderBolt (ThunderBolt@Sliverpony)
[07:34:53] *** Luna sets mode: +o Nexus
[07:38:59] *** Quits: BronyBorn (BronyBorn@BronyBorn.Owner.LunaRadio) (Ping timeout: 121 seconds)
[07:39:06] *** Quits: Nexus (Nexusdragon@DJNexus.Fillydelphia.Radio) (Ping timeout: 121 seconds)
[07:39:13] *** Quits: Lycan (Lycan@wibbly.wobbly.timey.wimey) (Ping timeout: 121 seconds)
[07:39:15] *** Quits: Oatzmeal (Oatz@Oatz.publicBNC.canternet.org) (Ping timeout: 121 seconds)
[07:39:23] *** Quits: ama|bnc (ama@ama.bronytv.net) (Ping timeout: 121 seconds)
[07:39:25] *** Quits: ThunderBolt (ThunderBolt@Sliverpony) (Ping timeout: 121 seconds)
[07:41:53] *** Joins: Oatzmeal (Oatz@Oatz.publicBNC.canternet.org)
[07:45:55] *** Quits: Oatzmeal (Oatz@Oatz.publicBNC.canternet.org) (Ping timeout: 121 seconds)
[07:48:23] *** Joins: ama|bnc (ama@ama.bronytv.net)
[07:48:23] *** Luna sets mode: +o ama|bnc
[07:48:23] *** Joins: BronyBorn (BronyBorn@BronyBorn.Owner.LunaRadio)
[07:48:23] *** Luna sets mode: +o BronyBorn
[07:48:31] *** ama|bnc is now known as ama
[07:48:53] *** Joins: Lycan (Lycan@wibbly.wobbly.timey.wimey)
[07:51:24] *** Joins: Nexus (Nexusdragon@DJNexus.Fillydelphia.Radio)
[07:51:24] *** Luna sets mode: +o Nexus
[07:51:24] *** Joins: ThunderBolt (ThunderBolt@Sliverpony)
[07:51:43] *** Joins: Oatzmeal (Oatz@Oatz.publicBNC.canternet.org)
[07:52:29] *** Quits: BronyBorn (BronyBorn@BronyBorn.Owner.LunaRadio) (Ping timeout: 121 seconds)
[07:52:35] *** Quits: ama (ama@ama.bronytv.net) (Ping timeout: 121 seconds)
[07:55:37] *** Quits: Nexus (Nexusdragon@DJNexus.Fillydelphia.Radio) (Ping timeout: 121 seconds)
[07:55:54] *** Quits: Oatzmeal (Oatz@Oatz.publicBNC.canternet.org) (Ping timeout: 121 seconds)
[07:55:56] *** Quits: ThunderBolt (ThunderBolt@Sliverpony) (Ping timeout: 121 seconds)
[07:57:40] *** Quits: Lycan (Lycan@wibbly.wobbly.timey.wimey) (Ping timeout: 121 seconds)
[07:57:54] *** Joins: ama|bnc (ama@ama.bronytv.net)
[07:57:54] *** Luna sets mode: +o ama|bnc
[07:57:54] *** Joins: BronyBorn (BronyBorn@BronyBorn.Owner.LunaRadio)
[07:57:54] *** Luna sets mode: +o BronyBorn
[07:58:03] *** ama|bnc is now known as ama
[08:01:25] *** Joins: Lycan (Lycan@wibbly.wobbly.timey.wimey)
[08:01:25] *** Joins: Nexus (Nexusdragon@DJNexus.Fillydelphia.Radio)
[08:01:25] *** Joins: Oatzmeal (Oatz@Oatz.publicBNC.canternet.org)
[08:01:25] *** Joins: ThunderBolt (ThunderBolt@Sliverpony)
[08:01:25] *** Luna sets mode: +o Nexus
[08:02:03] *** Quits: BronyBorn (BronyBorn@BronyBorn.Owner.LunaRadio) (Ping timeout: 121 seconds)
[08:02:19] *** Quits: ama (ama@ama.bronytv.net) (Ping timeout: 121 seconds)
[08:04:25] *** Joins: BronyBorn (BronyBorn@BronyBorn.Owner.LunaRadio)
[08:04:25] *** Luna sets mode: +o BronyBorn
[08:05:26] *** Quits: Nexus (Nexusdragon@DJNexus.Fillydelphia.Radio) (Ping timeout: 121 seconds)
[08:05:26] *** Quits: Lycan (Lycan@wibbly.wobbly.timey.wimey) (Ping timeout: 121 seconds)
[08:05:26] *** Quits: Oatzmeal (Oatz@Oatz.publicBNC.canternet.org) (Ping timeout: 121 seconds)
[08:05:26] *** Quits: ThunderBolt (ThunderBolt@Sliverpony) (Ping timeout: 121 seconds)
[08:07:39] *** Joins: ama|bnc (ama@ama.bronytv.net)
[08:07:39] *** Luna sets mode: +o ama|bnc
[08:07:48] *** ama|bnc is now known as ama
[08:07:55] *** Joins: Oatzmeal (Oatz@Oatz.publicBNC.canternet.org)
[08:07:55] *** Joins: ThunderBolt (ThunderBolt@Sliverpony)
[08:08:30] *** Quits: BronyBorn (BronyBorn@BronyBorn.Owner.LunaRadio) (Ping timeout: 121 seconds)
[08:10:55] *** Joins: Lycan (Lycan@wibbly.wobbly.timey.wimey)
[08:10:55] *** Joins: Nexus (Nexusdragon@DJNexus.Fillydelphia.Radio)
[08:10:55] *** Luna sets mode: +o Nexus
[08:11:25] *** Joins: BronyBorn (BronyBorn@BronyBorn.Owner.LunaRadio)
[08:11:25] *** Luna sets mode: +o BronyBorn
[08:11:47] *** Quits: Acentric (PonyAce@Pony-asdc0n.ga.charter.com) (Connection closed)
[08:12:05] *** Quits: ama (ama@ama.bronytv.net) (Ping timeout: 121 seconds)
[08:12:06] *** Quits: ThunderBolt (ThunderBolt@Sliverpony) (Ping timeout: 121 seconds)
[08:12:06] *** Quits: Oatzmeal (Oatz@Oatz.publicBNC.canternet.org) (Ping timeout: 121 seconds)
[08:15:08] *** Quits: Nexus (Nexusdragon@DJNexus.Fillydelphia.Radio) (Ping timeout: 121 seconds)
[08:15:10] *** Quits: Lycan (Lycan@wibbly.wobbly.timey.wimey) (Ping timeout: 121 seconds)
[08:15:27] *** Quits: BronyBorn (BronyBorn@BronyBorn.Owner.LunaRadio) (Ping timeout: 121 seconds)
[08:17:26] *** Joins: ama|bnc (ama@ama.bronytv.net)
[08:17:26] *** Luna sets mode: +o ama|bnc
[08:17:35] *** ama|bnc is now known as ama
[08:17:49] *** Joins: Oatzmeal (Oatz@Oatz.publicBNC.canternet.org)
[08:17:55] *** Joins: ThunderBolt (ThunderBolt@Sliverpony)
[08:20:56] *** Joins: BronyBorn (BronyBorn@BronyBorn.Owner.LunaRadio)
[08:20:56] *** Joins: Lycan (Lycan@wibbly.wobbly.timey.wimey)
[08:20:56] *** Joins: Nexus (Nexusdragon@DJNexus.Fillydelphia.Radio)
[08:20:56] *** Luna sets mode: +o BronyBorn
[08:20:56] *** Luna sets mode: +o Nexus
[08:21:09] *** Quits: Eivel (Eivel@Keep.Calm.and.Pony.On) (Ping timeout: 121 seconds)
[08:21:57] *** Quits: ThunderBolt (ThunderBolt@Sliverpony) (Ping timeout: 121 seconds)
[08:21:57] *** Quits: ama (ama@ama.bronytv.net) (Ping timeout: 121 seconds)
[08:22:41] *** Joins: Eivel (Eivel@Keep.Calm.and.Pony.On)
[08:22:59] *** Quits: Oatzmeal (Oatz@Oatz.publicBNC.canternet.org) (Ping timeout: 121 seconds)
[08:24:08] *** Joins: ama|bnc (ama@ama.bronytv.net)
[08:24:08] *** Luna sets mode: +o ama|bnc
[08:25:36] *** Joins: ThunderBolt (ThunderBolt@Pony-mdi.o52.160.101.IP)
[08:26:57] *** Quits: BronyBorn (BronyBorn@BronyBorn.Owner.LunaRadio) (Ping timeout: 121 seconds)
[08:27:26] *** Joins: Oatzmeal (Oatz@Oatz.publicBNC.canternet.org)
[08:27:26] *** Joins: ThunderBolt_ (ThunderBolt@Sliverpony)
[08:28:30] *** Quits: ama|bnc (ama@ama.bronytv.net) (Ping timeout: 121 seconds)
[08:29:20] *** Quits: ThunderBolt (ThunderBolt@Sliverpony) (Quit: Thundarrrrr)
[08:30:32] *** Joins: ThunderBolt (ThunderBolt@Pony-mdi.o52.160.101.IP)
[08:31:04] *** Quits: Nexus (Nexusdragon@DJNexus.Fillydelphia.Radio) (Ping timeout: 121 seconds)
[08:31:27] *** Joins: BronyBorn (BronyBorn@BronyBorn.Owner.LunaRadio)
[08:31:27] *** Luna sets mode: +o BronyBorn
[08:31:34] *** Quits: Oatzmeal (Oatz@Oatz.publicBNC.canternet.org) (Ping timeout: 121 seconds)
[08:31:34] *** Quits: ThunderBolt_ (ThunderBolt@Sliverpony) (Ping timeout: 121 seconds)
[08:32:27] *** Joins: Nexus (Nexusdragon@DJNexus.Fillydelphia.Radio)
[08:32:27] *** Luna sets mode: +o Nexus
[08:32:57] *** Joins: Oatzmeal (Oatz@Oatz.publicBNC.canternet.org)
[08:33:05] *** Joins: ama|bnc (ama@ama.bronytv.net)
[08:33:05] *** Luna sets mode: +o ama|bnc
[08:33:14] *** ama|bnc is now known as ama
[08:33:27] *** Joins: ThunderBolt_ (ThunderBolt@Sliverpony)
[08:35:02] *** Quits: ThunderBolt (ThunderBolt@Sliverpony) (Quit: Thundarrrrr)
[08:36:40] *** Quits: Nexus (Nexusdragon@DJNexus.Fillydelphia.Radio) (Ping timeout: 121 seconds)
[08:37:34] *** Quits: BronyBorn (BronyBorn@BronyBorn.Owner.LunaRadio) (Ping timeout: 121 seconds)
[08:38:05] *** ThunderBolt_ is now known as ThunderBolt
[08:40:28] *** Joins: Nexus (Nexusdragon@DJNexus.Fillydelphia.Radio)
[08:40:28] *** Luna sets mode: +o Nexus
[08:41:15] *** Quits: Lycan (Lycan@wibbly.wobbly.timey.wimey) (Ping timeout: 121 seconds)
[08:41:26] *** Quits: ama (ama@ama.bronytv.net) (Ping timeout: 121 seconds)
[08:41:27] *** Quits: Oatzmeal (Oatz@Oatz.publicBNC.canternet.org) (Ping timeout: 121 seconds)
[08:43:58] *** Joins: BronyBorn (BronyBorn@BronyBorn.Owner.LunaRadio)
[08:43:58] *** Luna sets mode: +o BronyBorn
[08:44:30] *** Quits: Nexus (Nexusdragon@DJNexus.Fillydelphia.Radio) (Ping timeout: 121 seconds)
[08:45:00] *** Quits: ThunderBolt (ThunderBolt@Sliverpony) (Ping timeout: 121 seconds)
[08:46:44] *** Joins: ama|bnc (ama@ama.bronytv.net)
[08:46:44] *** Luna sets mode: +o ama|bnc
[08:46:58] *** Joins: Lycan (Lycan@wibbly.wobbly.timey.wimey)
[08:46:58] *** Joins: Oatzmeal (Oatz@Oatz.publicBNC.canternet.org)
[08:46:58] *** Joins: ThunderBolt (ThunderBolt@Sliverpony)
[08:48:02] *** Quits: BronyBorn (BronyBorn@BronyBorn.Owner.LunaRadio) (Ping timeout: 121 seconds)
[08:50:28] *** Joins: Nexus (Nexusdragon@DJNexus.Fillydelphia.Radio)
[08:50:28] *** Luna sets mode: +o Nexus
[08:50:58] *** Joins: BronyBorn (BronyBorn@BronyBorn.Owner.LunaRadio)
[08:50:58] *** Luna sets mode: +o BronyBorn
[08:51:05] *** Quits: ThunderBolt (ThunderBolt@Sliverpony) (Ping timeout: 121 seconds)
[08:51:05] *** Quits: Lycan (Lycan@wibbly.wobbly.timey.wimey) (Ping timeout: 121 seconds)
[08:51:05] *** Quits: Oatzmeal (Oatz@Oatz.publicBNC.canternet.org) (Ping timeout: 121 seconds)
[08:51:58] *** Joins: Lycan (Lycan@wibbly.wobbly.timey.wimey)
[08:52:28] *** Joins: Oatzmeal (Oatz@Oatz.publicBNC.canternet.org)
[08:52:58] *** Joins: ThunderBolt (ThunderBolt@Sliverpony)
[08:55:54] *** Quits: Nexus (Nexusdragon@DJNexus.Fillydelphia.Radio) (Ping timeout: 121 seconds)
[09:00:58] *** Quits: ama|bnc (ama@ama.bronytv.net) (Ping timeout: 121 seconds)
[09:01:01] *** Quits: ThunderBolt (ThunderBolt@Sliverpony) (Ping timeout: 121 seconds)
[09:01:07] *** Quits: Oatzmeal (Oatz@Oatz.publicBNC.canternet.org) (Ping timeout: 121 seconds)
[09:03:29] *** Joins: Nexus (Nexusdragon@DJNexus.Fillydelphia.Radio)
[09:03:29] *** Luna sets mode: +o Nexus
[09:04:03] *** Quits: BronyBorn (BronyBorn@BronyBorn.Owner.LunaRadio) (Ping timeout: 121 seconds)
[09:07:10] *** Quits: Lycan (Lycan@wibbly.wobbly.timey.wimey) (Ping timeout: 121 seconds)
[09:07:31] *** Quits: Nexus (Nexusdragon@DJNexus.Fillydelphia.Radio) (Ping timeout: 121 seconds)
[09:09:59] *** Joins: ThunderBolt (ThunderBolt@Sliverpony)
[09:10:06] *** Joins: ama|bnc (ama@ama.bronytv.net)
[09:10:06] *** Luna sets mode: +o ama|bnc
[09:10:16] *** Joins: Oatzmeal (Oatz@Oatz.publicBNC.canternet.org)
[09:12:29] *** Joins: BronyBorn (BronyBorn@BronyBorn.Owner.LunaRadio)
[09:12:29] *** Luna sets mode: +o BronyBorn
[09:12:29] *** Joins: Lycan (Lycan@wibbly.wobbly.timey.wimey)
[09:12:29] *** Joins: Nexus (Nexusdragon@DJNexus.Fillydelphia.Radio)
[09:12:29] *** Luna sets mode: +o Nexus
[09:12:49] *** ama|bnc is now known as ama
[09:16:42] *** Quits: Nexus (Nexusdragon@DJNexus.Fillydelphia.Radio) (Ping timeout: 121 seconds)
[09:17:08] *** Quits: Lycan (Lycan@wibbly.wobbly.timey.wimey) (Ping timeout: 121 seconds)
[09:17:31] *** Quits: ThunderBolt (ThunderBolt@Sliverpony) (Ping timeout: 121 seconds)
[09:18:01] *** Quits: ama (ama@ama.bronytv.net) (Ping timeout: 121 seconds)
[09:19:00] *** Joins: Nexus (Nexusdragon@DJNexus.Fillydelphia.Radio)
[09:19:00] *** Joins: ThunderBolt (ThunderBolt@Sliverpony)
[09:19:00] *** Luna sets mode: +o Nexus
[09:19:43] *** Joins: ama|bnc (ama@ama.bronytv.net)
[09:19:43] *** Luna sets mode: +o ama|bnc
[09:20:00] *** Joins: Lycan (Lycan@wibbly.wobbly.timey.wimey)
[09:22:37] *** ama|bnc is now known as ama
[09:23:06] *** Quits: BronyBorn (BronyBorn@BronyBorn.Owner.LunaRadio) (Ping timeout: 121 seconds)
[09:23:13] *** Quits: Nexus (Nexusdragon@DJNexus.Fillydelphia.Radio) (Ping timeout: 121 seconds)
[09:24:02] *** Quits: Lycan (Lycan@wibbly.wobbly.timey.wimey) (Ping timeout: 121 seconds)
[09:24:02] *** Quits: ThunderBolt (ThunderBolt@Sliverpony) (Ping timeout: 121 seconds)
[09:24:58] *** Quits: Oatzmeal (Oatz@Oatz.publicBNC.canternet.org) (Ping timeout: 121 seconds)
[09:25:34] *** Quits: ama (ama@ama.bronytv.net) (Ping timeout: 121 seconds)
[09:29:21] *** Joins: ama|bnc (ama@ama.bronytv.net)
[09:29:21] *** Luna sets mode: +o ama|bnc
[09:29:30] *** ama|bnc is now known as ama
[09:29:31] *** Joins: BronyBorn (BronyBorn@BronyBorn.Owner.LunaRadio)
[09:29:31] *** Luna sets mode: +o BronyBorn
[09:29:31] *** Joins: Lycan (Lycan@wibbly.wobbly.timey.wimey)
[09:29:31] *** Joins: Nexus (Nexusdragon@DJNexus.Fillydelphia.Radio)
[09:29:31] *** Joins: Oatzmeal (Oatz@Oatz.publicBNC.canternet.org)
[09:29:31] *** Luna sets mode: +o Nexus
[09:33:36] *** Quits: Nexus (Nexusdragon@DJNexus.Fillydelphia.Radio) (Ping timeout: 121 seconds)
[09:33:36] *** Quits: BronyBorn (BronyBorn@BronyBorn.Owner.LunaRadio) (Ping timeout: 121 seconds)
[09:33:36] *** Quits: Lycan (Lycan@wibbly.wobbly.timey.wimey) (Ping timeout: 121 seconds)
[09:33:36] *** Quits: Oatzmeal (Oatz@Oatz.publicBNC.canternet.org) (Ping timeout: 121 seconds)
[09:33:36] *** Quits: ama (ama@ama.bronytv.net) (Ping timeout: 121 seconds)
[09:36:01] *** Joins: Nexus (Nexusdragon@DJNexus.Fillydelphia.Radio)
[09:36:01] *** Luna sets mode: +o Nexus
[09:36:01] *** Joins: ThunderBolt (ThunderBolt@Sliverpony)
[09:36:31] *** Joins: BronyBorn (BronyBorn@BronyBorn.Owner.LunaRadio)
[09:36:31] *** Luna sets mode: +o BronyBorn
[09:36:32] *** Joins: Lycan (Lycan@wibbly.wobbly.timey.wimey)
[09:38:57] *** Joins: ama|bnc (ama@ama.bronytv.net)
[09:38:57] *** Luna sets mode: +o ama|bnc
[09:40:14] *** Quits: Nexus (Nexusdragon@DJNexus.Fillydelphia.Radio) (Ping timeout: 121 seconds)
[09:40:15] *** Quits: ThunderBolt (ThunderBolt@Sliverpony) (Ping timeout: 121 seconds)
[09:41:02] *** Joins: Oatzmeal (Oatz@Oatz.publicBNC.canternet.org)
[09:41:02] *** Joins: ThunderBolt (ThunderBolt@Sliverpony)
[09:41:32] *** Joins: Nexus (Nexusdragon@DJNexus.Fillydelphia.Radio)
[09:41:32] *** Luna sets mode: +o Nexus
[10:47:21] *** hoofy is now known as baby_yoshi
[11:10:27] *** Quits: Nexus (Nexusdragon@DJNexus.Fillydelphia.Radio) (Ping timeout: 121 seconds)
[11:13:09] *** Joins: Nexus (Nexusdragon@DJNexus.Fillydelphia.Radio)
[11:13:09] *** Luna sets mode: +o Nexus
[11:52:19] *** Quits: WubzyWubbles (WubzyWubble@Pony-431131.irvnca.sbcglobal.net) (Quit: Leaving)
[12:17:11] *** Quits: MKody (MKody97[NLR@kdy.ch) (Quit: Fly Away~)
[12:51:34] *** Joins: MKody (MKody97[NLR@Pony-bc2hs4.kdy.ch)
[12:51:59] *** MKody is now known as Pony_88636
[12:56:00] *** baby_yoshi is now known as Hearts_the_yoshi
[12:58:21] *** Pony_88636 is now known as MKody
[13:29:43] *** [A]McKey is now known as McKey
[13:48:11] *** McKey is now known as [A]McKey
[13:55:32] *** [A]McKey is now known as McKey
[14:11:19] *** Joins: LR_71 (LR_71@Pony-f2q2vj.abo.wanadoo.fr)
[14:11:31] *** Quits: LR_71 (LR_71@Pony-f2q2vj.abo.wanadoo.fr) (Quit: Page closed)
[14:11:39] *** Joins: Mijka (Mijka@Pony-f2q2vj.abo.wanadoo.fr)
[14:20:41] *** Quits: Mijka (Mijka@Pony-f2q2vj.abo.wanadoo.fr) (Ping timeout: 121 seconds)
[14:24:18] *** Luna sets mode: +h Oatzmeal
[14:24:53] *** ama|bnc is now known as amaway
[14:58:34] *** Joins: Mijka (~Mijka@Pony-f2q2vj.abo.wanadoo.fr)
[15:06:36] *** Quits: Mijka (~Mijka@Pony-f2q2vj.abo.wanadoo.fr) (Quit: Page closed)
[15:40:09] *** Hearts_the_yoshi is now known as hoofy
[16:50:47] *** McKey is now known as [A]McKey
[16:57:41] *** [A]McKey is now known as McKey
[17:56:40] *** Quits: Luna (Luna@The.Moon.Princess) (chrysalis.canternet.org cloudchaser.canternet.org)
[17:56:40] *** Quits: ThunderBolt (ThunderBolt@Sliverpony) (chrysalis.canternet.org cloudchaser.canternet.org)
[17:56:40] *** Quits: frackster (sid20128@Pony-utvkq0.uxbridge.irccloud.com) (chrysalis.canternet.org cloudchaser.canternet.org)
[17:56:40] *** Quits: Shutter (tips@sudoku.prevention.hotline) (chrysalis.canternet.org cloudchaser.canternet.org)
[17:56:40] *** Quits: Oatzmeal (Oatz@part.of.a.balanced.breakfast) (chrysalis.canternet.org cloudchaser.canternet.org)
[17:56:40] *** Quits: g3nl0ck (g3nl0ck@G3nl0ck) (chrysalis.canternet.org cloudchaser.canternet.org)
[17:56:40] *** Quits: Lycan (Lycan@wibbly.wobbly.timey.wimey) (chrysalis.canternet.org cloudchaser.canternet.org)
[17:56:40] *** Quits: Pencil_Sketch (jdoragdqtbf@Pony-7m3pj7.res.rr.com) (chrysalis.canternet.org cloudchaser.canternet.org)
[17:56:40] *** Quits: amaway (ama@ama.bronytv.net) (chrysalis.canternet.org cloudchaser.canternet.org)
[17:56:40] *** Quits: WildSoft (WildSoft@Pony-hfh.2pc.101.213.IP) (chrysalis.canternet.org cloudchaser.canternet.org)
[17:56:40] *** Quits: Xena (liska@yolo-swag.com) (chrysalis.canternet.org cloudchaser.canternet.org)
[17:56:40] *** Quits: Not-570b (notifico@Pony-ffs.51p.199.198.IP) (chrysalis.canternet.org cloudchaser.canternet.org)
[17:56:40] *** Quits: Datguy (Datguy@Pony-saoqak.7c6k.qn14.a880.2604.IP) (chrysalis.canternet.org cloudchaser.canternet.org)
[17:56:40] *** Quits: BronyBorn (BronyBorn@BronyBorn.Owner.LunaRadio) (chrysalis.canternet.org cloudchaser.canternet.org)
[17:56:40] *** Quits: Nexus (Nexusdragon@DJNexus.Fillydelphia.Radio) (chrysalis.canternet.org cloudchaser.canternet.org)
[17:56:53] *** Joins: frackster (sid20128@Pony-utvkq0.uxbridge.irccloud.com)
[17:56:53] *** Joins: Shutter (tips@sudoku.prevention.hotline)
[17:56:53] *** Joins: Luna (Luna@The.Moon.Princess)
[17:56:53] *** Joins: Datguy (Datguy@Pony-saoqak.7c6k.qn14.a880.2604.IP)
[17:56:53] *** Joins: g3nl0ck (g3nl0ck@G3nl0ck)
[17:56:53] *** Joins: Xena (liska@yolo-swag.com)
[17:56:53] *** Joins: Not-570b (notifico@Pony-ffs.51p.199.198.IP)
[17:56:53] *** Joins: Nexus (Nexusdragon@DJNexus.Fillydelphia.Radio)
[17:56:53] *** Joins: amaway (ama@ama.bronytv.net)
[17:56:53] *** Joins: Lycan (Lycan@wibbly.wobbly.timey.wimey)
[17:56:53] *** Joins: Pencil_Sketch (jdoragdqtbf@Pony-7m3pj7.res.rr.com)
[17:56:53] *** Joins: WildSoft (WildSoft@Pony-hfh.2pc.101.213.IP)
[17:56:53] *** Joins: ThunderBolt (ThunderBolt@Sliverpony)
[17:56:53] *** Joins: BronyBorn (BronyBorn@BronyBorn.Owner.LunaRadio)
[17:56:53] *** Joins: Oatzmeal (Oatz@part.of.a.balanced.breakfast)
[17:56:53] *** cloudchaser.canternet.org sets mode: +oqooooh Luna Xena Xena Nexus amaway BronyBorn Oatzmeal
[18:02:50] *** hoofy is now known as hearts_the_yoshi
[18:10:29] *** Oatzmeal is now known as Oatz[OUTz]
[18:17:40] *** amaway is now known as ama
[18:42:39] *** Quits: DJmidli (DJMidli@Crazy.Dancing.Canadian.DJ.Pony) (Ping timeout: 121 seconds)
[18:54:23] *** hearts_the_yoshi is now known as hoofy
[19:08:47] *** Quits: reiuiji (reiuiji@nuclear.raven) (Ping timeout: 121 seconds)
[19:09:50] *** Joins: reiuiji (reiuiji@Pony-6vp0lq.ma.comcast.net)
[19:26:56] *** Joins: Acentric (PonyAce@Pony-asdc0n.ga.charter.com)
[19:26:56] *** Luna sets mode: +h Acentric
[19:39:50] *** Joins: JockeTF (jocke@Pony-kvlb0g.bredband.comhem.se)
[19:54:23] *** Quits: JockeTF (jocke@Pony-kvlb0g.bredband.comhem.se) (Quit: Leaving.)
[20:04:02] *** Joins: S0llux_ (~S0llux@Pony-mfk5rh.dynamic.tds.net)
[20:04:44] *** Sleepypony is now known as Sleepypony[live]
[20:10:07] *** Quits: S0llux_ (~S0llux@Pony-mfk5rh.dynamic.tds.net) (Quit: Page closed)
[20:10:26] *** Joins: LetsEatHay (LetsEatHay@Pony-htiodd.sntcca.sbcglobal.net)
[20:27:27] *** Parts: LetsEatHay (LetsEatHay@Pony-htiodd.sntcca.sbcglobal.net) ()
[20:27:32] *** Joins: HoofSounds_485 (HoofSounds_@Pony-mfk5rh.dynamic.tds.net)
[20:33:43] *** Quits: HoofSounds_485 (HoofSounds_@Pony-mfk5rh.dynamic.tds.net) (Quit: Page closed)
[20:38:00] *** hoofy is now known as hearts_the_yoshi
[21:13:28] *** ama is now known as amaway
[21:15:04] *** Joins: HomerBouvier (HomerB@is.best.sea.poni)
[22:05:06] *** Quits: HomerBouvier (HomerB@is.best.sea.poni) (Ping timeout: 121 seconds)
[22:14:12] *** McKey is now known as [A]McKey
[22:22:48] *** Joins: HomerBouvier (HomerB@is.best.sea.poni)
[22:35:35] *** Quits: Nexus (Nexusdragon@DJNexus.Fillydelphia.Radio) (Ping timeout: 121 seconds)
[22:40:39] *** Joins: Nexus (Nexusdragon@DJNexus.Fillydelphia.Radio)
[22:40:39] *** Luna sets mode: +o Nexus
[22:54:11] *** Quits: Lycan (Lycan@wibbly.wobbly.timey.wimey) (Ping timeout: 121 seconds)
[22:57:53] *** Quits: Nexus (Nexusdragon@DJNexus.Fillydelphia.Radio) (Ping timeout: 121 seconds)
[22:58:10] *** Joins: Lycan (Lycan@wibbly.wobbly.timey.wimey)
[23:02:14] *** Quits: Pencil_Sketch (jdoragdqtbf@Pony-7m3pj7.res.rr.com) (Quit: Watch and listen live at http://pvlive.me)
[23:10:10] *** Joins: Nexus (Nexusdragon@DJNexus.Fillydelphia.Radio)
[23:10:10] *** Luna sets mode: +o Nexus
[23:19:45] *** amaway is now known as ama
[23:55:18] *** Oatz[OUTz] is now known as Oatzmeal
[23:59:34] *** Joins: DJmidli (DJMidli@Crazy.Dancing.Canadian.DJ.Pony)
