[00:07:08] *** sylveon_butt is now known as Hearts_the_Yoshi
[00:44:20] *** Joins: LightningCrash (lightning@property.of.moonlightning)
[01:23:45] *** GigaWork is now known as Gigabit
[01:56:41] *** Quits: Alcoholicorn (Alcoholicor@Pony-55oq0s.pool.hargray.net) (Ping timeout: 121 seconds)
[01:59:35] *** Joins: Alcoholicorn (Alcoholicor@Pony-55oq0s.pool.hargray.net)
[02:58:32] *** Hearts_the_Yoshi is now known as Hoofy
[03:49:21] *** Quits: LightningCrash (lightning@property.of.moonlightning) (Quit: *poof*)
[03:56:37] *** ama|work is now known as ama
[04:57:57] *** Joins: Toothie (uid63062@Pony-tbaiid.charlton.irccloud.com)
[05:49:21] *** Q0|Away is now known as Q0
[06:40:17] *** Silverlight|away is now known as Silverlight
[07:35:03] *** ama is now known as ama|sleep
[07:50:27] *** Quits: Toothie (uid63062@Pony-tbaiid.charlton.irccloud.com) (Quit: <3)
[07:54:07] *** Hoofy is now known as Hearts_the_Yoshi
[08:26:56] *** Gigabit is now known as GigaZzz
[08:52:23] *** Quits: Alcoholicorn (Alcoholicor@Pony-55oq0s.pool.hargray.net) (Ping timeout: 121 seconds)
[09:15:32] *** Quits: Mike_Coltfield (textual@colt.in.the.rain) (Quit: Poni.)
[09:15:58] *** Silverlight is now known as Silverlight|away
[10:36:22] *** Sleepykitty is now known as Unixkitty
[10:45:55] *** Fluttershi is now known as afkshi
[11:30:50] *** Joins: ^^JaLeBi^^_ (^^JaLeBi^^@Pony-6a3.pab.88.111.IP)
[11:31:21] *** Quits: ^^JaLeBi^^_ (^^JaLeBi^^@Pony-6a3.pab.88.111.IP) (Quit: Page closed)
[11:36:39] *** Joins: Pony_6 (~Pony_6@Pony-6a3.pab.88.111.IP)
[11:37:40] *** Quits: Pony_6 (~Pony_6@Pony-6a3.pab.88.111.IP) (Quit: Page closed)
[11:39:51] *** Joins: ^^JaLeBi^^_ (^^JaLeBi^^@Pony-6a3.pab.88.111.IP)
[11:44:06] *** Joins: ^^JaLeBi^^__ (~^^JaLeBi^^@Pony-6a3.pab.88.111.IP)
[11:44:18] <^^JaLeBi^^__> hello
[11:45:02] *** Quits: ^^JaLeBi^^_ (^^JaLeBi^^@Pony-6a3.pab.88.111.IP) (Quit: Page closed)
[11:47:34] <Shutter> Hello
[11:57:24] *** Joins: Alcoholicorn (Alcoholicor@Pony-55oq0s.pool.hargray.net)
[12:27:27] *** Quits: Alcoholicorn (Alcoholicor@Pony-55oq0s.pool.hargray.net) (Ping timeout: 121 seconds)
[12:37:14] *** Quits: ^^JaLeBi^^__ (~^^JaLeBi^^@Pony-6a3.pab.88.111.IP) (Quit: Page closed)
[12:53:07] *** Q0 is now known as Q0|Away
[13:03:48] *** [A]McKey is now known as McKey
[13:11:22] *** Unixkitty is now known as Unikitty|Away
[13:42:32] *** Unikitty|Away is now known as Unixkitty
[14:08:12] *** McKey is now known as [A]McKey
[14:21:39] <Hearts_the_Yoshi> ?
[14:31:29] *** [A]McKey is now known as McKey
[14:50:47] *** Silverlight|away is now known as Silverlight
[15:24:23] *** Quits: Rainbow14 (chat@Pony-44jet1.cable.virginm.net) (Connection closed)
[15:43:53] *** Joins: Rainbow14 (chat@Pony-44jet1.cable.virginm.net)
[16:12:15] *** Joins: Twilly (~Twilly@Pony-qkcnci.play-internet.pl)
[16:12:47] *** Quits: Twilly (~Twilly@Pony-qkcnci.play-internet.pl) (Quit: Page closed)
[16:17:16] *** GigaZzz is now known as Gigabit
[16:47:01] *** Hearts_the_Yoshi is now known as hoofy|akf
[17:12:43] *** Joins: MidniteDew (user@Pony-73gqss.dyn.nltelcom.net)
[17:21:04] *** Joins: Wungiel (Wungiel@Pony-rl5pu4.dynamic.mm.pl)
[17:21:41] *** Parts: Wungiel (Wungiel@Pony-rl5pu4.dynamic.mm.pl) ("")
[17:24:00] *** ama|sleep is now known as ama|work
[17:33:15] *** Gigabit is now known as GigaNoms
[18:08:15] *** GigaNoms is now known as Gigabit
[18:12:11] *** hoofy|akf is now known as hoofy
[18:13:02] *** hoofy is now known as Hearts_the_Yoshi
[18:36:40] *** Joins: Twilly_ (Twilly@Pony-lp086m.play-internet.pl)
[18:39:14] *** Quits: Twilly_ (Twilly@Pony-lp086m.play-internet.pl) (Quit: Page closed)
[18:41:19] *** Joins: Alcoholicorn (Alcoholicor@Pony-55oq0s.pool.hargray.net)
[18:41:38] *** Joins: Twilly_ (Twilly@Pony-lp086m.play-internet.pl)
[18:48:48] *** Quits: Twilly_ (Twilly@Pony-lp086m.play-internet.pl) (Quit: Page closed)
[18:51:19] *** Unixkitty is now known as Unikitty|Away
[18:53:10] *** Quits: Alcoholicorn (Alcoholicor@Pony-55oq0s.pool.hargray.net) (Ping timeout: 121 seconds)
[19:10:44] *** Joins: Mike_Coltfield (textual@colt.in.the.rain)
[19:10:44] *** Celestia sets mode: +o Mike_Coltfield
[19:35:36] *** Joins: Alcoholicorn (Alcoholicor@Pony-55oq0s.pool.hargray.net)
[20:29:26] *** afkshi is now known as Fluttershi
[20:43:07] *** Quits: NexSleep (Nexusdragon@DJNexus.Fillydelphia.Radio) (Ping timeout: 121 seconds)
[20:43:10] *** Quits: Cloudrunner (Sentoki@Sentoki.publicBNC.canternet.org) (Ping timeout: 121 seconds)
[20:45:05] *** Unikitty|Away is now known as Unixkitty
[20:45:57] *** Joins: Nexus (Nexusdragon@DJNexus.Fillydelphia.Radio)
[20:46:57] *** Joins: Cloudrunner (Sentoki@Sentoki.publicBNC.canternet.org)
[21:28:12] *** Quits: MidniteDew (user@Pony-73gqss.dyn.nltelcom.net) (Quit: Konversation terminated!)
[21:46:57] *** Quits: Shutter (tips@sudoku.prevention.hotline) (Ping timeout: 121 seconds)
[21:47:09] *** Joins: Shutter (tips@sudoku.prevention.hotline)
[21:47:10] *** Celestia sets mode: +ao Shutter Shutter
[21:50:46] *** Fluttershi is now known as afkshi
[22:25:05] *** McKey is now known as [A]McKey
[22:31:22] *** Quits: Alcoholicorn (Alcoholicor@Pony-55oq0s.pool.hargray.net) (Ping timeout: 121 seconds)
[22:32:45] *** Joins: Alcoholicorn (Alcoholicor@Pony-bfp.0d7.20.67.IP)
[22:34:58] *** Unixkitty is now known as Sleepykitty
[23:01:48] *** afkshi is now known as Fluttershi
[23:19:16] *** Joins: LightningCrash (lightning@property.of.moonlightning)
[23:21:32] *** Nexus is now known as Nexus|afk
[23:56:24] *** Joins: Compu_ (quassel@snuggly.filly)
