[00:14:36] *** Quits: Alcoholicorn (Alcoholicor@Pony-55oq0s.pool.hargray.net) (Ping timeout: 121 seconds)
[00:39:15] *** Toothpaste is now known as Toothie|Dinner
[00:44:59] *** Joins: Pony_7 (Pony_7@Pony-0q49ph.res.rr.com)
[00:45:05] *** Quits: Pony_7 (Pony_7@Pony-0q49ph.res.rr.com) (Quit: Page closed)
[00:45:25] *** Joins: Pony_2 (Pony_2@Pony-6vie8h.fios.verizon.net)
[00:48:34] *** Unixkitty is now known as Sleepykitty
[00:49:14] *** Quits: Pony_2 (Pony_2@Pony-6vie8h.fios.verizon.net) (Quit: Page closed)
[00:49:42] *** Joins: Pony_5 (Pony_5@Pony-6vie8h.fios.verizon.net)
[00:49:49] *** Toothie|Dinner is now known as Toothie|Busy
[01:24:08] *** Quits: Toothie|Busy (uid63062@Pony-tbaiid.charlton.irccloud.com) (Quit: *defenestrates a grenade from a Lamborghini Countach speeding at 200km/h while wearing a black leather jacket with dark shades upon his face* [Ultra Swag])
[01:35:15] *** Quits: Pony_5 (Pony_5@Pony-6vie8h.fios.verizon.net) (Quit: Page closed)
[02:01:06] *** Quits: Zuzu (zuzu@is.robo.licious) (Quit: Blue Sky Fish)
[02:15:23] *** Quits: Lapsus (Lapsus@i-forget.ca) (Quit: )
[02:16:10] *** Joins: Zuzu (zuzu@is.robo.licious)
[02:44:43] *** GigaZzz is now known as Gigabit
[02:51:58] *** Quits: Zuzu (zuzu@is.robo.licious) (Ping timeout: 121 seconds)
[02:52:58] *** Joins: Zuzu (zuzu@Pony-m4l35r.eastlink.ca)
[03:10:27] *** Quits: Zuzu (zuzu@is.robo.licious) (Ping timeout: 121 seconds)
[03:11:34] *** Joins: Zuzu (zuzu@is.robo.licious)
[03:21:26] *** Quits: Zuzu (zuzu@is.robo.licious) (Ping timeout: 121 seconds)
[03:38:10] *** Joins: Zuzu (zuzu@is.robo.licious)
[03:44:20] *** Quits: Zuzu (zuzu@is.robo.licious) (Ping timeout: 121 seconds)
[03:45:35] *** Joins: Zuzu (zuzu@is.robo.licious)
[04:09:01] *** Fluttershi is now known as afkshi
[04:18:59] *** Joins: Alcoholicorn (Alcoholicor@Pony-55oq0s.pool.hargray.net)
[04:25:56] *** Quits: Zuzu (zuzu@is.robo.licious) (Ping timeout: 121 seconds)
[04:27:27] *** Joins: Zuzu (zuzu@is.robo.licious)
[04:37:20] *** Quits: Zuzu (zuzu@is.robo.licious) (Ping timeout: 121 seconds)
[04:38:22] *** Joins: Zuzu (zuzu@Pony-m4l35r.eastlink.ca)
[04:51:33] *** Joins: PonyToast (Toast@The.Original.Pyro.Pony)
[04:56:30] *** Quits: Celestia (Celestia@The.Sun.Princess) (chrysalis.canternet.org cloudchaser.canternet.org)
[04:56:30] *** Quits: Dusk (Dusk@ctos.link) (chrysalis.canternet.org cloudchaser.canternet.org)
[04:56:30] *** Quits: Blackjack (appled@Gyro.Pony.Is.Best.Pony) (chrysalis.canternet.org cloudchaser.canternet.org)
[04:56:30] *** Quits: Gigabit (Gigabit@AppleDash.is.my.pet) (chrysalis.canternet.org cloudchaser.canternet.org)
[04:56:30] *** Quits: Mike_Coltfield (textual@colt.in.the.rain) (chrysalis.canternet.org cloudchaser.canternet.org)
[04:56:30] *** Quits: miggyb (miggyb@horsetornado.co.uk) (chrysalis.canternet.org cloudchaser.canternet.org)
[04:56:30] *** Quits: klaxa (klaxa@Pony-1kuq6f.eu) (chrysalis.canternet.org cloudchaser.canternet.org)
[04:56:30] *** Quits: Cloudrunner (Sentoki@Sentoki.publicBNC.canternet.org) (chrysalis.canternet.org cloudchaser.canternet.org)
[04:56:30] *** Quits: CarlGel (Rika-chan@Pony-0ro3ru.jg5q.ommk.41d0.2001.IP) (chrysalis.canternet.org cloudchaser.canternet.org)
[04:56:30] *** Quits: Shutter (tips@sudoku.prevention.hotline) (chrysalis.canternet.org cloudchaser.canternet.org)
[04:56:30] *** Quits: ama|work (ama@ama.bronytv.net) (chrysalis.canternet.org cloudchaser.canternet.org)
[04:56:30] *** Quits: LightningCrash (lightning@property.of.moonlightning) (chrysalis.canternet.org cloudchaser.canternet.org)
[04:56:30] *** Quits: wolfyshy (woof@fluttering.shyly.through.the.forest) (chrysalis.canternet.org cloudchaser.canternet.org)
[04:56:30] *** Quits: WeAreBorg (WeAreBorg@Resistance.Is.Futile) (chrysalis.canternet.org cloudchaser.canternet.org)
[04:56:30] *** Quits: Ashfire (Ashfire@Ashfire.bronytv.net) (chrysalis.canternet.org cloudchaser.canternet.org)
[04:56:30] *** Quits: SpikeDragon (Spike@sorting.those.books) (chrysalis.canternet.org cloudchaser.canternet.org)
[04:56:30] *** Quits: NexSleep (Nexusdragon@DJNexus.Fillydelphia.Radio) (chrysalis.canternet.org cloudchaser.canternet.org)
[04:56:30] *** Quits: CompuDesktop (quassel@snuggly.filly) (chrysalis.canternet.org cloudchaser.canternet.org)
[04:56:30] *** Quits: Q0|Away (Q0@literallyshit.net) (chrysalis.canternet.org cloudchaser.canternet.org)
[04:56:30] *** Quits: Eivel (Eivel@Keep.Calm.and.Pony.On) (chrysalis.canternet.org cloudchaser.canternet.org)
[04:57:02] *** Joins: Ashfire (Ashfire@Ashfire.bronytv.net)
[04:57:02] *** Joins: Dusk (Dusk@ctos.link)
[04:57:02] *** Joins: miggyb (miggyb@horsetornado.co.uk)
[04:57:02] *** Joins: SpikeDragon (Spike@sorting.those.books)
[04:57:02] *** Joins: Cloudrunner (Sentoki@Sentoki.publicBNC.canternet.org)
[04:57:02] *** Joins: WeAreBorg (WeAreBorg@Resistance.Is.Futile)
[04:57:02] *** Joins: Blackjack (appled@Gyro.Pony.Is.Best.Pony)
[04:57:02] *** Joins: LightningCrash (lightning@property.of.moonlightning)
[04:57:02] *** Joins: Q0|Away (Q0@literallyshit.net)
[04:57:02] *** Joins: CarlGel (Rika-chan@Pony-0ro3ru.jg5q.ommk.41d0.2001.IP)
[04:57:02] *** Joins: Gigabit (Gigabit@AppleDash.is.my.pet)
[04:57:02] *** Joins: wolfyshy (woof@fluttering.shyly.through.the.forest)
[04:57:02] *** Joins: Eivel (Eivel@Keep.Calm.and.Pony.On)
[04:57:02] *** Joins: Shutter (tips@sudoku.prevention.hotline)
[04:57:02] *** Joins: NexSleep (Nexusdragon@DJNexus.Fillydelphia.Radio)
[04:57:02] *** Joins: ama|work (ama@ama.bronytv.net)
[04:57:02] *** Joins: CompuDesktop (quassel@snuggly.filly)
[04:57:02] *** Joins: klaxa (klaxa@Pony-1kuq6f.eu)
[04:57:02] *** Joins: Celestia (Celestia@The.Sun.Princess)
[04:57:02] *** Joins: Mike_Coltfield (textual@colt.in.the.rain)
[04:57:02] *** cadance.canternet.org sets mode: +aooo Shutter Shutter Celestia Mike_Coltfield
[05:07:29] *** ama|work is now known as ama
[05:54:14] *** Q0|Away is now known as Q0
[06:25:28] *** Quits: Zuzu (zuzu@is.robo.licious) (Ping timeout: 121 seconds)
[06:26:40] *** Joins: Zuzu (zuzu@is.robo.licious)
[06:27:53] *** Gigabit is now known as Gigaway
[07:31:08] *** ama is now known as ama|sleep
[08:52:14] *** Quits: Alcoholicorn (Alcoholicor@Pony-55oq0s.pool.hargray.net) (Ping timeout: 121 seconds)
[09:12:29] *** Sleepykitty is now known as Unixkitty
[11:07:13] *** Unixkitty is now known as Eclipsekitty
[11:11:32] *** Q0 is now known as Q0|Away
[11:16:03] *** Quits: Q0|Away (Q0@literallyshit.net) (Ping timeout: 121 seconds)
[11:26:20] *** Eclipsekitty is now known as Unixkitty
[11:26:33] *** Joins: Q0|Away (Q0@Pony-fr7drh.omsg.vl5g.0008.2601.IP)
[11:26:43] *** Q0|Away is now known as Q0
[12:23:40] *** afkshi is now known as Fluttershi
[12:24:25] *** Unixkitty is now known as Unikitty|foodz
[12:50:34] *** Quits: Zuzu (zuzu@is.robo.licious) (Ping timeout: 121 seconds)
[12:51:58] *** Joins: Zuzu (zuzu@is.robo.licious)
[12:58:28] *** Joins: Pony_5 (Pony_5@Pony-esa.m6g.50.80.IP)
[12:58:47] *** Quits: Pony_5 (Pony_5@Pony-esa.m6g.50.80.IP) (Quit: Page closed)
[13:17:15] *** Unikitty|foodz is now known as Unixkitty
[13:24:10] *** Quits: Zuzu (zuzu@is.robo.licious) (Ping timeout: 121 seconds)
[13:25:41] *** Joins: Zuzu (zuzu@Pony-m4l35r.eastlink.ca)
[13:32:26] *** Joins: Pony_2 (Pony_2@Pony-9q4.h37.140.193.IP)
[13:32:34] *** Parts: Pony_2 (Pony_2@Pony-9q4.h37.140.193.IP) ("")
[13:34:32] *** Joins: Pony_2 (Pony_2@Pony-9q4.h37.140.193.IP)
[13:34:38] <Pony_2> server irc.geveze.org
[13:35:00] * Pony_2 slaps Colgate around a bit with a large fishbot
[13:35:02] <Gigaway> ?
[13:35:24] <Pony_2> isisi
[13:35:28] <Pony_2> no one here?
[13:35:42] * Pony_2 slaps johnsey around a bit with a large fishbot
[13:37:49] *** Quits: Pony_2 (Pony_2@Pony-9q4.h37.140.193.IP) (Quit: Page closed)
[13:39:43] <Unixkitty> What in the world
[13:41:27] *** Joins: Stargazer1st (Stargazer1s@Pony-4f3.9af.176.194.IP)
[14:02:12] *** Quits: Stargazer1st (Stargazer1s@Pony-4f3.9af.176.194.IP) (Quit: Page closed)
[14:45:29] *** Joins: Alcoholicorn (Alcoholicor@Pony-55oq0s.pool.hargray.net)
[15:42:48] *** ama|sleep is now known as ama|work
[17:07:22] *** Joins: Lapsus (Lapsus@i-forget.ca)
[17:57:05] *** Unixkitty is now known as Unikitty|Away
[18:07:29] *** Joins: Pony_1 (Pony_1@Pony-kugisq.abo.wanadoo.fr)
[18:12:20] *** Quits: Pony_1 (Pony_1@Pony-kugisq.abo.wanadoo.fr) (Quit: Page closed)
[18:18:39] *** Quits: Alcoholicorn (Alcoholicor@Pony-55oq0s.pool.hargray.net) (Ping timeout: 121 seconds)
[18:20:32] *** Gigaway is now known as GigaWork
[18:59:19] *** Joins: Caerdwyn (moonlight@always.broken.sometimes.patched.never.fixed)
[19:05:33] *** Joins: Alcoholicorn (Alcoholicor@Pony-55oq0s.pool.hargray.net)
[19:34:20] *** Unikitty|Away is now known as Unixkitty
[19:55:14] *** [A]McKey is now known as McKey
[19:58:21] *** Quits: Caerdwyn (moonlight@always.broken.sometimes.patched.never.fixed) (Client exited)
[19:59:42] *** Fluttershi is now known as afkshi
[20:29:41] *** Quits: Rainbow14 (chat@Pony-44jet1.cable.virginm.net) (Quit: Leaving)
[20:39:11] *** Joins: Rainbow14 (chat@Pony-44jet1.cable.virginm.net)
[20:51:09] *** afkshi is now known as Fluttershi
[21:14:22] *** McKey is now known as [A]McKey
[22:25:46] *** Joins: Hoofy (Hoofy@Pony-fc3h53.bcvloh.sbcglobal.net)
[22:32:06] <Hoofy> any 1 know how to put users in the ignor list?
[22:33:58] <Unixkitty> /ignore [username]
[22:34:24] <Unixkitty> Some clients also have options on types of ignore, /help ignore could do the trick
[22:35:25] <Hoofy> ok  thanx ^_^
[22:49:41] *** Hoofy is now known as hearts_the_Yoshi
[23:09:03] *** Quits: Zuzu (zuzu@is.robo.licious) (Ping timeout: 121 seconds)
[23:10:03] *** Joins: Zuzu (zuzu@is.robo.licious)
[23:18:27] *** GigaWork is now known as Gigabit
[23:24:04] *** Quits: hearts_the_Yoshi (Hoofy@Pony-fc3h53.bcvloh.sbcglobal.net) (Ping timeout: 121 seconds)
[23:29:19] *** Unixkitty is now known as Unikitty|Bed
[23:39:07] *** Quits: Zuzu (zuzu@is.robo.licious) (Quit: My MBP went to sleep.)
[23:41:20] *** Joins: Zuzu (zuzu@is.robo.licious)
[23:55:38] *** Quits: Lapsus (Lapsus@i-forget.ca) (Quit: )
[23:56:59] *** Joins: Lapsus (Lapsus@i-forget.ca)
