[00:16:55] *** Joins: Nelly (BlackCat@Anonlight.Starsarebeautiful)
[00:20:42] *** Quits: Phase4 (Phase4@Pony-gar.o6h.209.118.IP) (Ping timeout: 121 seconds)
[00:25:00] *** Quits: Proton (Dashie@Pony-2hb.u30.104.208.IP) (Connection closed)
[00:36:30] *** Gigaway is now known as Gigabit
[00:44:00] *** Quits: Nelly (BlackCat@Anonlight.Starsarebeautiful) (Ping timeout: 121 seconds)
[00:44:40] *** Joins: Nelly (BlackCat@Anonlight.Starsarebeautiful)
[01:01:16] *** Nelly is now known as BlackCat
[01:13:40] *** Joins: Pi (saxopi@Pony-c9l.v1o.94.119.IP)
[01:35:03] *** Joins: Phase4 (Phase4@Pony-odh.t6c.45.203.IP)
[01:41:35] *** Joins: Rainb (rainb@Pony-cn5.akh.50.181.IP)
[02:34:06] *** Quits: RubyPinch (x@Gem.Stealer) (Quit: eep)
[02:46:07] *** Joins: RubyPinch (x@Gem.Stealer)
[02:48:35] *** Joins: LightningCrash (lightning@property.of.moonlightning)
[02:56:16] *** Quits: LightningCrash (lightning@property.of.moonlightning) (Quit: The Nightmares will collide. And become a dream. <3)
[02:59:40] *** Joins: LightningCrash (lightning@Pony-lvs.lv2.99.68.IP)
[03:06:38] *** Joins: Toothpaste (uid63062@Pony-f8galh.hqe2.tdoh.8300.2604.IP)
[03:32:14] *** Joins: Caerdwyn (midnight@always.broken.sometimes.patched.never.fixed)
[03:34:36] *** Joins: Nelly (BlackCat@Anonlight.Starsarebeautiful)
[03:35:36] *** Quits: BlackCat (BlackCat@Anonlight.Starsarebeautiful) (Killed (NickServ (GHOST command used by Nelly)))
[03:35:38] *** Nelly is now known as BlackCat
[03:41:16] *** Quits: Toothpaste (uid63062@Pony-f8galh.hqe2.tdoh.8300.2604.IP) (Quit: "Friendship ain't magic; it's a miracle." -ClaviSound http://tinyurl.com/p9wkvyo)
[03:48:51] *** Quits: Phase4 (Phase4@Pony-odh.t6c.45.203.IP) (Quit: Leaving)
[03:50:23] *** Joins: Phase4 (Phase4@Pony-odh.t6c.45.203.IP)
[03:54:46] *** Quits: MissChief (~Pony_2@Pony-005.gro.248.50.IP) (Quit: Page closed)
[04:26:04] *** Joins: MegaAbsol (AndChat5817@Pony-vat.1ig.56.172.IP)
[04:26:27] <MegaAbsol> Could I please have some harassment assistance?
[04:26:48] <MegaAbsol> Sorry wrong chat. >_<
[04:27:17] *** Parts: MegaAbsol (AndChat5817@Pony-vat.1ig.56.172.IP) ("What is love! Baby leave me alone! Baby leave me alone! Please!")
[04:39:29] *** Quits: LightningCrash (lightning@property.of.moonlightning) (Quit: My Mac has gone to sleep. ZZZzzz…)
[04:58:48] *** Gigabit is now known as GigaNoms
[05:07:02] *** Quits: Pi (saxopi@Pony-c9l.v1o.94.119.IP) (Quit: Leaving)
[05:09:25] *** Joins: LightningCrash (lightning@Pony-lvs.lv2.99.68.IP)
[05:13:10] *** GigaNoms is now known as Gigabit
[05:19:54] *** Joins: Alcoholicorn (Alcoholicor@Pony-bfp.0d7.20.67.IP)
[05:42:41] *** Quits: LightningCrash (lightning@property.of.moonlightning) (Quit: My Mac has gone to sleep. ZZZzzz…)
[05:43:31] *** Joins: LightningCrash (lightning@Pony-lvs.lv2.99.68.IP)
[05:43:52] *** Joins: gabucho181 (fabian21@Pony-kvk.u9e.122.186.IP)
[05:45:59] *** Joins: gabuchis181 (fabian21@Pony-kvk.u9e.122.186.IP)
[05:49:14] *** Quits: Gigabit (Gigabit@AppleDash.is.my.pet) (Quit: Need to be alone for a while.)
[05:49:17] *** Quits: gabucho181 (fabian21@Pony-kvk.u9e.122.186.IP) (Ping timeout: 121 seconds)
[05:49:23] *** Joins: gabucho181 (fabian21@Pony-kvk.u9e.122.186.IP)
[05:49:33] <gabucho181> hi
[05:50:11] *** Quits: gabuchis181 (fabian21@Pony-kvk.u9e.122.186.IP) (Ping timeout: 121 seconds)
[05:52:07] *** Joins: gabuchis181 (gabuchis181@Pony-kvk.u9e.122.186.IP)
[05:52:12] <gabuchis181> hi
[05:54:19] *** Quits: gabucho181 (fabian21@Pony-kvk.u9e.122.186.IP) (Ping timeout: 121 seconds)
[05:54:43] <gabuchis181> hi
[05:54:44] <Twili> there anyone here?...I think *Trots off to find a book*
[06:02:09] *** Joins: Finwe (vhalkola@Pony-25l.vcn.233.130.IP)
[06:05:04] *** Quits: gabuchis181 (gabuchis181@Pony-kvk.u9e.122.186.IP) (Ping timeout: 121 seconds)
[06:28:51] *** Quits: Rainb (rainb@Pony-cn5.akh.50.181.IP) (Ping timeout: 121 seconds)
[06:45:42] *** Quits: LightningCrash (lightning@property.of.moonlightning) (Quit: The Nightmares will collide. And become a dream. <3)
[07:11:53] *** HomerBouvier is now known as Sakura
[07:12:24] *** Sakura is now known as SakuraBouvier
[07:13:31] *** Quits: Phase4 (Phase4@Pony-odh.t6c.45.203.IP) (Ping timeout: 121 seconds)
[07:48:40] *** Joins: Pi (saxopi@Pony-c9l.v1o.94.119.IP)
[07:52:12] *** Q0 is now known as Q0|Away
[07:59:41] *** Joins: Phase4 (Phase4@Pony-gar.o6h.209.118.IP)
[08:00:17] *** Quits: Phase4 (Phase4@Pony-gar.o6h.209.118.IP) (Quit: Leaving)
[08:00:32] *** Joins: Phase4 (Phase4@Pony-gar.o6h.209.118.IP)
[08:14:57] *** BlackCat is now known as Black|Bread
[08:43:00] *** Quits: Alcoholicorn (Alcoholicor@Pony-bfp.0d7.20.67.IP) (Ping timeout: 121 seconds)
[08:49:41] *** Joins: Lunia (ellen@ChumPony.Enterprises)
[08:51:36] *** Joins: ellen (ellen@Pony-hp5.dkv.242.62.IP)
[08:54:48] *** Quits: Lunia (ellen@ChumPony.Enterprises) (Ping timeout: 121 seconds)
[08:56:38] *** Quits: ellen (ellen@Pony-hp5.dkv.242.62.IP) (Ping timeout: 121 seconds)
[08:59:11] *** Joins: ellen (ellen@Pony-hp5.dkv.242.62.IP)
[09:03:38] *** Joins: ellen_ (ellen@Pony-hp5.dkv.242.62.IP)
[09:07:12] *** Quits: ellen (ellen@Pony-hp5.dkv.242.62.IP) (Ping timeout: 121 seconds)
[09:14:41] *** Quits: ellen_ (ellen@Pony-hp5.dkv.242.62.IP) (Ping timeout: 121 seconds)
[09:15:18] *** Joins: McKay (McKay@Pony-cgg.8pm.24.217.IP)
[09:16:53] *** Parts: McKay (McKay@Pony-cgg.8pm.24.217.IP) ("")
[09:17:11] *** Joins: ellen_ (ellen@Pony-hp5.dkv.242.62.IP)
[09:17:14] *** Joins: Pony_2 (~Pony_2@Pony-cgg.8pm.24.217.IP)
[09:18:09] *** Quits: Pony_2 (~Pony_2@Pony-cgg.8pm.24.217.IP) (Quit: Page closed)
[09:18:36] *** Joins: McKay (McKay@Pony-cgg.8pm.24.217.IP)
[09:21:53] *** McKay is now known as McKay|Work
[09:24:38] *** Quits: ellen_ (ellen@Pony-hp5.dkv.242.62.IP) (Ping timeout: 121 seconds)
[09:33:56] *** Parts: McKay|Work (McKay@Pony-cgg.8pm.24.217.IP) ("")
[09:52:46] *** [A]McKey is now known as McKey
[10:34:02] *** McKey is now known as [A]McKey
[10:37:13] *** Joins: Lunia (ellen@ChumPony.Enterprises)
[11:21:38] *** Quits: Pi (saxopi@Pony-c9l.v1o.94.119.IP) (Quit: Leaving)
[11:25:51] *** Joins: Pi (Pi@Pony-c9l.v1o.94.119.IP)
[12:19:51] *** Joins: Phase5 (Phase4@Pony-o7q.fhc.209.118.IP)
[12:22:15] *** Quits: Phase4 (Phase4@Pony-gar.o6h.209.118.IP) (Ping timeout: 121 seconds)
[12:24:17] *** Quits: Phase5 (Phase4@Pony-o7q.fhc.209.118.IP) (Quit: Leaving)
[12:25:54] *** Joins: Phase4 (Phase4@Pony-o7q.fhc.209.118.IP)
[12:44:34] *** Quits: Lunia (ellen@ChumPony.Enterprises) (Ping timeout: 121 seconds)
[12:45:01] *** Joins: Phase5 (Phase4@Pony-mst.s3s.209.118.IP)
[12:47:45] *** Quits: Phase4 (Phase4@Pony-o7q.fhc.209.118.IP) (Ping timeout: 121 seconds)
[12:49:54] *** Quits: Pi (Pi@Pony-c9l.v1o.94.119.IP) (Ping timeout: 121 seconds)
[13:05:04] *** Joins: Rainb (rainb@Pony-cn5.akh.50.181.IP)
[13:52:02] *** Joins: Pi (saxopi@Pony-c9l.v1o.94.119.IP)
[14:32:33] *** Quits: Googie (Googol@gnaws.on.keratin.and.ears) (Ping timeout: 241 seconds)
[14:51:12] *** Joins: Googie (Googol@gnaws.on.keratin.and.ears)
[14:51:12] *** Luna sets mode: +o Googie
[15:08:03] *** Joins: ariscop__ (Phase4@Pony-tm3.r11.209.118.IP)
[15:10:57] *** Quits: Phase5 (Phase4@Pony-mst.s3s.209.118.IP) (Ping timeout: 121 seconds)
[15:17:56] *** Quits: ariscop__ (Phase4@Pony-tm3.r11.209.118.IP) (Quit: Leaving)
[15:21:05] *** Joins: Alcoholicorn (Alcoholicor@Pony-bfp.0d7.20.67.IP)
[16:17:54] *** Q0|Away is now known as Q0
[17:05:14] *** Joins: Lunia (ellen@ChumPony.Enterprises)
[17:13:58] *** [A]McKey is now known as McKey
[17:26:59] *** Quits: Pi (saxopi@Pony-c9l.v1o.94.119.IP) (Quit: Leaving)
[18:04:40] *** Quits: Datguy (Datguy@Pony-saoqak.7c6k.qn14.a880.2604.IP) (Quit: Cya.)
[18:05:43] *** Joins: Datguy (Datguy@Pony-saoqak.7c6k.qn14.a880.2604.IP)
[18:09:19] *** Black|Bread is now known as RedSwagger
[18:21:49] *** RedSwagger is now known as Nully|Lagout
[18:26:01] *** Quits: Nully|Lagout (BlackCat@Anonlight.Starsarebeautiful) (Ping timeout: 121 seconds)
[18:32:51] *** Quits: Alcoholicorn (Alcoholicor@Pony-bfp.0d7.20.67.IP) (Ping timeout: 121 seconds)
[19:47:47] *** Joins: Alcoholicorn (Alcoholicor@Pony-bfp.0d7.20.67.IP)
[21:05:15] *** Quits: Alcoholicorn (Alcoholicor@Pony-bfp.0d7.20.67.IP) (Ping timeout: 121 seconds)
[22:01:05] *** Quits: Rainb (rainb@Pony-cn5.akh.50.181.IP) (Ping timeout: 121 seconds)
[22:06:21] *** Joins: Nelly (BlackCat@Anonlight.Starsarebeautiful)
[22:15:18] *** Joins: pony_123 (texasboykc0@the.texas.alicorn)
[22:15:54] *** Quits: texasboykc09 (texasboykc0@the.texas.alicorn) (Ping timeout: 121 seconds)
[22:37:42] *** Joins: Rainb (rainb@Pony-cn5.akh.50.181.IP)
[22:49:51] *** Joins: LightningCrash (lightning@Pony-lvs.lv2.99.68.IP)
[22:54:27] *** McKey is now known as [A]McKey
[23:03:03] *** Joins: Proton (Dashie@Pony-2hb.u30.104.208.IP)
[23:05:27] *** Quits: LightningCrash (lightning@property.of.moonlightning) (Quit: My Mac has gone to sleep. ZZZzzz…)
[23:07:17] *** Joins: LightningCrash (lightning@Pony-lvs.lv2.99.68.IP)
[23:20:12] *** Joins: HomerBouvier (HomerB@Pony-f3g.03l.131.104.IP)
[23:20:40] *** HomerBouvier is now known as Pony_65393
[23:20:45] *** Quits: SakuraBouvier (HomerB@is.best.sea.poni) (Quit: Dusk is tinkering with me. Will reboot later.)
[23:20:45] *** Quits: GeekBrony (GB@bronydom.net) (Quit: ZNC - 1.6.0 - http://znc.in)
[23:21:08] *** Joins: GeekBrony (GB@Pony-f3g.03l.131.104.IP)
[23:21:36] *** GeekBrony is now known as Pony_71536
