[00:02:49] *** Toothie|Writing is now known as Toothie|AFK
[00:06:51] *** McKey is now known as [A]McKey
[00:10:00] *** Joins: LucieEngarde (LucieEngard@Pony-i7k.l3a.90.184.IP)
[00:10:17] *** Quits: LucieEngarde (LucieEngard@Pony-i7k.l3a.90.184.IP) (Quit: Page closed)
[00:24:39] *** Quits: Nelly (Nelly@Anonlight.Starsarebeautiful) (Quit: FOOOD!)
[00:32:42] *** Joins: Nelly (Nelly@Anonlight.Starsarebeautiful)
[00:32:49] *** Nelly is now known as Nully|Out
[00:34:40] *** Quits: Nully|Out (Nelly@Anonlight.Starsarebeautiful) (Connection closed)
[00:46:01] *** Quits: Alcoholicorn|2 (Alcoholicor@Pony-55oq0s.pool.hargray.net) (Ping timeout: 121 seconds)
[01:04:44] *** Joins: LightningCrash (lightning@property.of.moonlightning)
[01:11:46] *** Joins: Nelly (Nelly@Anonlight.Starsarebeautiful)
[01:19:25] *** Raichu is now known as Virra
[01:31:23] *** Quits: gunthler (Gunthler@T.money) (Quit: https://youtu.be/5FjWe31S_0g )
[01:36:34] *** Joins: Alcoholicorn|2 (Alcoholicor@Pony-55oq0s.pool.hargray.net)
[01:46:15] *** Virra is now known as Hoofy
[02:05:22] *** Quits: Nelly (Nelly@Anonlight.Starsarebeautiful) (Quit: I really have to go >.<)
[02:15:16] *** Joins: Nelly (Nelly@Anonlight.Starsarebeautiful)
[02:24:10] *** Quits: ariscop__ (Phase4@Pony-5ap8q9.internode.on.net) (Ping timeout: 121 seconds)
[02:35:26] *** Joins: Phase4 (Phase4@Pony-p04upj.internode.on.net)
[03:05:40] *** Joins: SunnyBeaches (SunnyBeache@Pony-et6.mfl.139.40.IP)
[03:11:43] *** Quits: SunnyBeaches (SunnyBeache@Pony-et6.mfl.139.40.IP) (Ping timeout: 121 seconds)
[03:16:00] *** Joins: MidniteDew (user@Pony-5cl.21p.166.46.IP)
[03:17:05] *** Quits: LightningCrash (lightning@property.of.moonlightning) (Quit: *poof*)
[03:36:05] *** Nelly is now known as Princess_Nelly
[03:39:33] *** Princess_Nelly is now known as Nelly
[04:33:51] *** Joins: Pony_1 (Pony_1@Pony-591sij.highway.telekom.at)
[04:34:14] *** Quits: Pony_1 (Pony_1@Pony-591sij.highway.telekom.at) (Quit: Page closed)
[04:45:10] *** Gigawork is now known as Gigabit
[05:15:29] *** Quits: HomerMobile (HomerB@is.best.sea.poni) (Connection closed)
[05:15:53] *** Joins: HomerMobile (HomerB@is.best.sea.poni)
[05:38:38] *** Q0|Away is now known as Q0
[05:42:58] *** Gigabit is now known as gigazzz
[05:43:39] *** Quits: Alcoholicorn|2 (Alcoholicor@Pony-55oq0s.pool.hargray.net) (Ping timeout: 121 seconds)
[05:44:27] *** Nelly is now known as Halcyon
[05:44:54] *** Halcyon is now known as Nelly
[05:47:16] *** Quits: Personifire (Tilde@Pony-dhoke2.dorm.utexas.edu) (Quit: Goodbye!)
[05:47:36] *** Joins: Persona (Tilde@Pony-dhoke2.dorm.utexas.edu)
[05:58:43] *** Joins: Alcoholicorn|2 (Alcoholicor@Pony-55oq0s.pool.hargray.net)
[06:01:03] *** Quits: Phase4 (Phase4@Pony-p04upj.internode.on.net) (Ping timeout: 121 seconds)
[06:03:43] *** Joins: Phase4 (Phase4@Pony-51a956.internode.on.net)
[06:53:26] *** Quits: HomerBouvier (HomerB@is.best.sea.poni) (Connection closed)
[07:21:35] *** Quits: Toothie|AFK (uid63062@Pony-tbaiid.charlton.irccloud.com) (Quit: <3)
[07:34:23] *** Quits: Alcoholicorn|2 (Alcoholicor@Pony-55oq0s.pool.hargray.net) (Ping timeout: 121 seconds)
[07:45:42] *** Quits: MidniteDew (user@Pony-5cl.21p.166.46.IP) (Quit: Konversation terminated!)
[08:04:56] *** Nelly is now known as Nully
[08:18:47] *** Joins: LightningCrash (lightning@property.of.moonlightning)
[08:31:43] *** Quits: HomerMobile (HomerB@is.best.sea.poni) (Connection closed)
[08:33:22] *** Joins: HomerMobile (HomerB@is.best.sea.poni)
[08:40:34] *** Quits: HomerMobile (HomerB@is.best.sea.poni) (Connection closed)
[08:40:53] *** Joins: HomerMobile (HomerB@is.best.sea.poni)
[08:41:28] *** Quits: HomerMobile (HomerB@is.best.sea.poni) (Connection closed)
[08:42:47] *** Joins: HomerMobile (HomerB@Pony-a9tper.tn.charter.com)
[08:59:13] *** Hoofy is now known as Raichu
[09:03:08] *** Joins: Lunia (ellen@ChumPony.Enterprises)
[09:19:55] *** hoofy|akf is now known as hoofy
[09:20:11] *** Quits: Lunia (ellen@ChumPony.Enterprises) (Ping timeout: 121 seconds)
[09:31:31] *** Quits: Raichu (Hoofy@Pony-fc3h53.bcvloh.sbcglobal.net) (Quit: Page closed)
[09:32:04] *** hoofy is now known as Raichu
[09:45:52] *** Raichu is now known as Hoofy
[10:42:46] *** Joins: Lunia (ellen@ChumPony.Enterprises)
[10:57:50] *** Quits: LightningCrash (lightning@property.of.moonlightning) (Quit: *poof*)
[11:04:04] *** Joins: Pi (Pi@Pony-eac.9qc.208.112.IP)
[11:06:06] *** Quits: Pi (Pi@Pony-eac.9qc.208.112.IP) (Quit: Lend us 10p for a cuppa tea?)
[11:14:50] *** Quits: Lunia (ellen@ChumPony.Enterprises) (Ping timeout: 121 seconds)
[11:25:40] *** Joins: Pi (Pi@Pony-eac.9qc.208.112.IP)
[11:33:08] *** Quits: Pi (Pi@Pony-eac.9qc.208.112.IP) (Ping timeout: 121 seconds)
[12:14:52] *** [A]McKey is now known as McKey
[12:26:34] *** Q0 is now known as Q0|Away
[13:20:41] *** Joins: Pi (saxopi@Pony-eac.9qc.208.112.IP)
[13:50:01] *** McKey is now known as [A]McKey
[13:50:10] *** [A]McKey is now known as McKey
[14:25:24] *** Joins: RattleMan (rattle@Pony-f1emhe.ph.cox.net)
[14:27:56] *** Quits: RattleMan (rattle@Pony-f1emhe.ph.cox.net) (Quit: )
[14:33:16] *** Joins: Phase5 (Phase4@Pony-6m0cgp.internode.on.net)
[14:35:48] *** Quits: Phase4 (Phase4@Pony-51a956.internode.on.net) (Ping timeout: 121 seconds)
[14:36:42] *** Joins: Phase4 (Phase4@Pony-dc3jk4.internode.on.net)
[14:37:48] *** Quits: Phase5 (Phase4@Pony-6m0cgp.internode.on.net) (Ping timeout: 121 seconds)
[14:41:32] *** Joins: Phase5 (Phase4@Pony-tmlucg.internode.on.net)
[14:43:39] *** Joins: Alcoholicorn|2 (Alcoholicor@Pony-55oq0s.pool.hargray.net)
[14:44:02] *** Quits: Phase4 (Phase4@Pony-dc3jk4.internode.on.net) (Ping timeout: 121 seconds)
[14:44:33] *** Joins: ariscop__ (Phase4@Pony-bbu26s.internode.on.net)
[14:47:33] *** Quits: Phase5 (Phase4@Pony-tmlucg.internode.on.net) (Ping timeout: 121 seconds)
[14:48:35] *** Joins: Phase4 (Phase4@Pony-ts4a1o.internode.on.net)
[14:49:02] *** Quits: ariscop__ (Phase4@Pony-bbu26s.internode.on.net) (Ping timeout: 121 seconds)
[14:50:55] *** Quits: Alcoholicorn|2 (Alcoholicor@Pony-55oq0s.pool.hargray.net) (Ping timeout: 121 seconds)
[14:51:34] *** Joins: Alcoholicorn|2 (Alcoholicor@Pony-55oq0s.pool.hargray.net)
[14:56:55] *** Quits: Phase4 (Phase4@Pony-ts4a1o.internode.on.net) (Ping timeout: 121 seconds)
[14:59:22] *** Joins: Phase4 (Phase4@Pony-pisnhv.internode.on.net)
[15:04:35] *** Joins: Phase5 (Phase4@Pony-g00guh.internode.on.net)
[15:07:15] *** Quits: Phase4 (Phase4@Pony-pisnhv.internode.on.net) (Ping timeout: 121 seconds)
[15:36:32] *** Joins: gunthler (Gunthler@T.money)
[15:38:55] *** Joins: Lunia (ellen@ChumPony.Enterprises)
[15:39:17] *** Joins: Saxopi (saxopi@Pony-eac.9qc.208.112.IP)
[15:41:24] *** Quits: Pi (saxopi@Pony-eac.9qc.208.112.IP) (Ping timeout: 121 seconds)
[15:42:10] *** Saxopi is now known as Pi
[15:46:56] *** Quits: Lunia (ellen@ChumPony.Enterprises) (Ping timeout: 121 seconds)
[15:50:30] *** Quits: gunthler (Gunthler@T.money) (Connection closed)
[15:52:53] *** Joins: gunthler (Gunthler@T.money)
[16:01:50] *** Quits: Alcoholicorn|2 (Alcoholicor@Pony-55oq0s.pool.hargray.net) (Connection closed)
[16:09:21] *** Quits: gunthler (Gunthler@T.money) (Connection closed)
[16:10:26] *** Nully is now known as Nelly
[16:19:51] *** Joins: Pony_7 (Pony_7@Pony-9ip9i6.singnet.com.sg)
[16:20:13] *** Quits: Pony_7 (Pony_7@Pony-9ip9i6.singnet.com.sg) (Quit: Page closed)
[16:37:22] *** gigazzz is now known as Gigabit
[16:39:29] *** Quits: Pi (saxopi@Pony-eac.9qc.208.112.IP) (Quit: Leaving)
[16:46:10] *** Joins: Pi (Pi@Pony-eac.9qc.208.112.IP)
[16:46:41] *** Joins: Lores (Lores@Pony-p51.bn5.34.185.IP)
[16:50:42] *** Joins: Toler (rattle@Pony-f1emhe.ph.cox.net)
[16:50:54] *** Quits: Nelly (Nelly@Anonlight.Starsarebeautiful) (The TLS connection was non-properly terminated.)
[16:53:44] *** Joins: Nelly (Nelly@Anonlight.Starsarebeautiful)
[16:58:54] *** Joins: Nully (Nelly@Anonlight.Starsarebeautiful)
[16:59:36] *** Quits: Pi (Pi@Pony-eac.9qc.208.112.IP) (Quit: Lend us 10p for a cuppa tea?)
[16:59:50] *** Quits: Nelly (Nelly@Anonlight.Starsarebeautiful) (Ping timeout: 121 seconds)
[17:00:22] *** Nully is now known as Nelly|Stream
[17:18:07] *** Joins: LightningCrash (lightning@property.of.moonlightning)
[17:23:35] *** Quits: LightningCrash (lightning@property.of.moonlightning) (Ping timeout: 121 seconds)
[17:28:51] *** Joins: LightningCrash (lightning@property.of.moonlightning)
[17:31:15] *** Joins: Aww (aww@Pony-i71810.us)
[17:48:57] *** Gigabit is now known as Giganoms
[18:10:39] *** Joins: Inceptist (~Inceptist@Pony-63j.08t.48.166.IP)
[18:10:42] *** Quits: Lores (Lores@Pony-p51.bn5.34.185.IP) (Quit: Page closed)
[18:13:44] *** Nelly|Stream is now known as Nelly
[18:17:28] *** Quits: Inceptist (~Inceptist@Pony-63j.08t.48.166.IP) (Quit: Page closed)
[18:58:12] *** Q0|Away is now known as Q0
[19:03:59] *** Joins: Lunia (ellen@ChumPony.Enterprises)
[19:04:34] *** HomerMobile is now known as JosephStalin
[19:08:54] *** Quits: Lunia (ellen@ChumPony.Enterprises) (Ping timeout: 121 seconds)
[19:20:57] *** Joins: Inceptist_ (Inceptist@Pony-17jon9.sslvpn.yorku.ca)
[19:21:08] <Inceptist_> ewf
[19:21:53] *** Quits: Inceptist_ (Inceptist@Pony-17jon9.sslvpn.yorku.ca) (Quit: Page closed)
[19:22:02] *** Joins: Inceptist_ (Inceptist@Pony-17jon9.sslvpn.yorku.ca)
[19:22:21] *** Quits: Inceptist_ (Inceptist@Pony-17jon9.sslvpn.yorku.ca) (Quit: Page closed)
[19:22:31] *** Joins: Inceptist_ (Inceptist@Pony-17jon9.sslvpn.yorku.ca)
[19:22:39] *** Giganoms is now known as Gigabit
[19:26:58] *** Quits: Inceptist_ (Inceptist@Pony-17jon9.sslvpn.yorku.ca) (Ping timeout: 121 seconds)
[20:03:07] *** Quits: LightningCrash (lightning@property.of.moonlightning) (Quit: *poof*)
[20:14:13] *** Quits: JosephStalin (HomerB@is.best.sea.poni) (Ping timeout: 121 seconds)
[21:11:14] *** Joins: LightningCrash (lightning@property.of.moonlightning)
[21:16:42] *** Quits: LightningCrash (lightning@property.of.moonlightning) (Ping timeout: 121 seconds)
[21:17:18] *** Joins: gunthler (Gunthler@T.money)
[21:38:05] *** Gigabit is now known as worthless
[21:44:12] *** Quits: Phase5 (Phase4@Pony-g00guh.internode.on.net) (Quit: Leaving)
[21:44:28] *** Joins: Phase4 (Phase4@Pony-g00guh.internode.on.net)
[21:44:50] *** Joins: LightningCrash (lightning@property.of.moonlightning)
[21:50:35] *** Joins: Disembodied (~Disembodied@Pony-aog6i3.ma.charter.com)
[21:56:18] *** Joins: JosephStalin (HomerB@Pony-907smm.public.wayport.net)
[21:56:48] *** Quits: Zuzu (zuzu@is.robo.licious) (Quit: My MBP went to sleep.)
[21:59:57] *** Joins: HomerBouvier (HomerB@Pony-a9tper.tn.charter.com)
[22:00:58] *** Quits: JosephStalin (HomerB@Pony-907smm.public.wayport.net) (Ping timeout: 121 seconds)
[22:05:41] *** Quits: Disembodied (~Disembodied@Pony-aog6i3.ma.charter.com) (Quit: Page closed)
[22:15:01] *** Joins: Toothie (uid63062@Pony-tbaiid.charlton.irccloud.com)
[22:15:53] *** McKey is now known as [A]McKey
[22:47:56] *** Quits: Toothie (uid63062@Pony-tbaiid.charlton.irccloud.com) (Quit: )
[23:08:03] *** Joins: pony_123 (texasboykc0@the.texas.alicorn)
[23:08:36] *** Joins: Lores (Lores@Pony-p51.bn5.34.185.IP)
[23:08:46] *** Quits: texasboykc09 (texasboykc0@the.texas.alicorn) (Ping timeout: 121 seconds)
[23:23:22] *** Joins: Ashfire (Ashfire@Ashfire.bronytv.net)
[23:25:08] *** Quits: Ashley (Ashfire@Ashfire.bronytv.net) (Ping timeout: 121 seconds)
[23:27:52] *** Joins: HomerMobile (HomerB@is.best.sea.poni)
[23:31:27] *** Quits: HomerBouvier (HomerB@is.best.sea.poni) (Killed (NickServ (GHOST command used by HomerMobile)))
[23:31:35] *** HomerMobile is now known as HomerBouvier
[23:40:37] *** pony_123 is now known as texasboykc09
[23:41:22] *** Joins: Zuzu (zuzu@is.robo.licious)
