[00:00:00] <Wolfy> I'm a decent engineer so I think I'll stick to the map room
[00:00:02] <AmberTT> Sick amber is also very tired amber
[00:00:07] <AmberTT> and is gonna go
[00:00:18] <AmberTT> So yall have fun with space :p
[00:00:25] * Cel waves
[00:00:27] <Wolfy> nini Amber
[00:00:37] *** Quits: AmberTT (Mibbit@Pony-u83ved.co.comcast.net) (Quit: http://www.mibbit.com ajax IRC Client)
[00:01:21] * Wolfy curls and snoozes on the map room chair
[00:02:19] *** Quits: Wolfy (u931732@Pony-9jfb6q.dynamic.simnet.is) (Connection closed)
[00:03:04] *** Joins: AndChat|244209 (AndChat2442@Pony-u7p.rrl.87.66.IP)
[00:05:33] *** Quits: AndChat|244209 (AndChat2442@Pony-u7p.rrl.87.66.IP) (Quit: Bye)
[00:05:39] *** Quits: Connor (AndChat2442@Pony-1j4ll8.res.rr.com) (Ping timeout: 121 seconds)
[00:09:17] * Vulpixbrew starts yipping
[00:11:40] <Cel> oO
[00:25:58] <Vulpixbrew> http://www.darklegacycomics.com/486
[00:25:59] <FineLine> [ For The Children ]
[00:41:30] <Compu> https://derpiboo.ru/983366
[00:41:32] <FineLine> [ #983366 - animated, archery, arrow, bow, equestria girls, fluttershy, friendship ... ]
[00:48:12] <iamalion> http://www.ingramclockworks.com/machines/2009_worm.html
[00:48:13] <FineLine> [ Ian Ingram | The Surly Bonds of Earthworms, 2009 ]
[00:48:14] <iamalion> what the hell
[00:48:15] <iamalion> why
[00:59:56] *** Joins: sleepy-Pon (sleepy@Pony-ktamfu.wi.charter.com)
[01:01:01] *** Quits: sleepy-Pon (sleepy@Pony-ktamfu.wi.charter.com) (Connection closed)
[01:05:42] <Vulpixbrew> https://www.youtube.com/watch?v=ISA_nG5smy0
[01:07:37] *** Quits: RNGsus (RNGsus@Pony-kut12l.cable.mindspring.com) (Ping timeout: 121 seconds)
[02:08:14] *** Joins: RNGsus (RNGsus@Pony-kut12l.cable.mindspring.com)
[02:21:42] *** Quits: RNGsus (RNGsus@Pony-kut12l.cable.mindspring.com) (Quit: Leaving)
[02:31:31] * cloppyhooves falls over
[02:33:35] * iamalion wanders up next to cloppyhooves and snuggles against her side
[02:33:45] <iamalion> \
[02:34:04] * cloppyhooves snuggles back against the lion <3
[02:35:06] * iamalion purrs happily
[02:39:47] *** Joins: HeartLinda (HeartLinda@Pony-i5thdu.res.rr.com)
[02:41:14] <cloppyhooves> Thanks iamalion :)
[02:41:21] <HeartLinda> holy shit how long has it been?
[02:42:41] <iamalion> wow so long
[02:42:54] <HeartLinda> not related to the previous message XD
[02:43:08] <HeartLinda> is there something to check when I last joined here?
[02:43:55] <iamalion> hiiiiiiiiii
[02:43:56] <iamalion> uhhhhhhhh
[02:44:03] <iamalion> hmm
[02:44:05] <iamalion> not easily
[02:44:23] <HeartLinda> IDC that much if it's too much effort
[02:44:45] <HeartLinda> pretty sure it's been like a year
[02:48:22] *** Joins: Frosty (Hallfrost00@Pony-m9dnqh.2lt4.5m2a.48f8.2001.IP)
[02:48:22] *** ChanServ sets mode: +o Frosty
[03:13:50] <cloppyhooves> !tell Squirrelly https://i.imgur.com/qXO9MY4.jpg
[03:13:51] <FineLine> cloppyhooves: I'll pass that on when Squirrelly is around.
[03:19:20] <RubyPinch> Cloppy can you pm me
[03:23:45] <iamalion> :O
[03:27:36] <cloppyhooves> Yiff >> https://i.imgur.com/zCDPgfu.jpg
[03:29:18] <Vulpixbrew> oooo shes cute
[03:29:28] <HeartLinda> bindings :P
[03:29:45] <HeartLinda> meant that in a bad way
[03:30:09] *** Joins: CelX (Cel@Silver.Horizon)
[03:33:18] *** Quits: Cel (Cel@Silver.Horizon) (Ping timeout: 121 seconds)
[03:34:35] *** Joins: Connor (AndChat2442@Pony-37vvaj.pools.spcsdns.net)
[03:40:35] *** Joins: AndChat|244209 (AndChat2442@Pony-1j4ll8.res.rr.com)
[03:40:38] *** Quits: Connor (AndChat2442@Pony-37vvaj.pools.spcsdns.net) (Connection closed)
[03:53:19] *** Quits: AndChat|244209 (AndChat2442@Pony-1j4ll8.res.rr.com) (Quit: Bye)
[03:53:25] *** Joins: Connor (AndChat2442@Pony-1j4ll8.res.rr.com)
[03:57:54] <Squirrelly> SQRL
[03:57:54] <FineLine> Squirrelly: 2015-10-06 - 01:13:51 <cloppyhooves> https://i.imgur.com/qXO9MY4.jpg
[03:58:03] <Squirrelly> IT'S LIKE ME!
[04:02:41] <Vulpixbrew> Squirrelly
[04:02:54] * Vulpixbrew pounces and nibbles on the squirrel
[04:06:09] *** Quits: Frosty (Hallfrost00@Pony-m9dnqh.2lt4.5m2a.48f8.2001.IP) (Connection closed)
[04:17:07] <RubyPinch> http://i.imgur.com/IzXDazx.mp4
[04:24:49] <iamalion> i.imgur.com/IzXDazx.iamalionISAWESOME
[04:24:58] <iamalion> rly foxfire
[04:25:02] <iamalion> no http at the start
[04:31:04] *** Joins: plushie_pegasus (IceChat77@Pony-vvglke.ph.cox.net)
[04:31:05] *** ChanServ sets mode: +v plushie_pegasus
[04:31:30] <plushie_pegasus> Hello everypony
[04:31:32] <FineLine> Ahoy plushie_pegasus
[04:43:31] <Vulpixbrew> shit that was embressing
[04:43:45] <Vulpixbrew> quened up as dps got in dungoen as a tank
[04:43:54] * Connor humps embarrassedfox
[04:43:59] <Vulpixbrew> I was in ret spec 75% of the time
[04:44:56] *** iamalion is now known as iam[a]lion
[05:01:35] <plushie_pegasus> Gee it's active here tonight <sarcasm>
[05:01:45] <plushie_pegasus> BRB food
[05:06:37] <Vulpixbrew> ok im tanking fights I have no idea how they go
[05:06:51] <Vulpixbrew> I feel like I' in Wrath again
[05:07:10] <plushie_pegasus> back
[05:07:14] <Vulpixbrew> wb
[05:07:18] <plushie_pegasus> ty
[05:07:44] <HeartLinda> > long legs: jeez, no kidding
[05:07:56] <HeartLinda> wait, wrong chat
[05:08:25] <HeartLinda> if anyone's interested, here was the picture being discussed (SFW) https://derpibooru.org/974652
[05:08:29] <FineLine> [ #974652 - :o, artist:skyeypony, blushing, fluttershy, hair over one eye, ... ]
[05:08:34] <weisey> http://imgur.com/gallery/qYsNH
[05:08:35] <FineLine> [ Someone on Reddit asked for people to describe their first ... ]
[05:08:43] <weisey> gets me everytime
[05:13:56] <Vulpixbrew> lols
[05:20:40] <weisey> http://imgur.com/gallery/hZp7H1r oh jesus
[05:20:40] <FineLine> [ Welcome to Scotland - Imgur ]
[05:34:41] *** iam[a]lion is now known as iamalion
[05:47:04] <weisey> http://imgur.com/gallery/gANoXsq Oh lordy
[05:47:04] <FineLine> [ Saw this comic. Though I'd post the one version we ... ]
[05:47:38] <HeartLinda> wut
[05:50:33] <Vulpixbrew> yiff https://41.media.tumblr.com/4ba42289285e6afb01fe41bb0b106a47/tumblr_nvr6igsu4J1ugdf15o1_1280.jpg
[05:53:04] <Vulpixbrew> more yiff https://static1.e621.net/data/7c/eb/7cebde6d81e12ae89753e029a92c44c8.png
[05:53:04] <FineLine> [ https://e621.net/post/show?md5=7cebde6d81e12ae89753e029a92c44c8 ]
[05:54:06] <cloppyhooves> Brownie Batter oreos
[05:54:10] <cloppyhooves> They're okay, I guess :o
[05:56:04] <Vulpixbrew> ooo ores
[05:56:50] <Vulpixbrew> http://imgur.com/y9tw6G5
[05:56:50] <FineLine> [ Adopted a French Bulldog so my Husky could have a ... ]
[05:57:40] <Vulpixbrew> https://i.imgur.com/99ovi4y.gifv
[06:00:39] *** Joins: Katiepony (Mibbit@Pony-7rqiv9.dyn.plus.net)
[06:00:39] *** ChanServ sets mode: +o Katiepony
[06:01:33] <plushie_pegasus> BBL GTG wash some dishes
[06:03:44] <HeartLinda> and I thought tentacles with penis heads were bad... [yiff I guess?] https://derpibooru.org/980186
[06:03:45] <FineLine> [ #980186 - ahegao, alicorn, anal, anthro, anus, armpits, artist:zwitterkitsune, bed, ... ]
[06:06:11] <Vulpixbrew> https://i.imgur.com/AuGRoDq.gifv
[06:10:58] <Vulpixbrew> http://i.imgur.com/GWAqbKK.jpg
[06:24:54] <Vulpixbrew> really time warner?
[06:31:46] <cloppyhooves> Yiff >> https://i.imgur.com/t8EzsOl.jpg
[06:35:09] <Vulpixbrew> yiff!!
[06:36:23] <plushie_pegasus> MMM Bunneh!
[06:37:32] * Connor likes bunnies :3
[06:39:13] * plushie_pegasus has a few bunny plushies
[06:47:53] * Vulpixbrew falls over
[06:49:57] <princesssluttershy> yiff https://static1.e621.net/data/18/f2/18f20131e01a781333fa5fddf0f7e714.png
[06:49:57] <FineLine> [ https://e621.net/post/show?md5=18f20131e01a781333fa5fddf0f7e714 ]
[06:51:08] <HeartLinda> fun fact: there's an /r/sharktits
[06:51:53] <Connor> Also hello Heart Linda! I don't think we've met 
[06:52:31] <HeartLinda> Connor: I don't think so, either. Hi!
[06:52:32] <princesssluttershy> HeartLinda, thanks for that
[06:52:33] * Connor is the friendly neighborhood vulpix humper
[06:53:29] * HeartLinda has not thought about Pokemon like that much
[06:56:20] * Connor only humps vulpixbrew like that, not all of them 
[06:57:01] <HeartLinda> lol
[07:01:36] <Connor> So whatcha up to? 
[07:01:54] *** Quits: HeartLinda (HeartLinda@Pony-i5thdu.res.rr.com) (Ping timeout: 121 seconds)
[07:02:20] *** Quits: RubyPinch (x@Gem.Stealer) (Ping timeout: 121 seconds)
[07:03:55] <Katiepony> Dang
[07:03:56] <Katiepony> rip
[07:04:02] <Katiepony> Also, Reddit is being awful.
[07:04:10] * Connor humps the reddit 
[07:04:21] <Vulpixbrew> heya Katiepony
[07:04:23] <Katiepony> Hiya
[07:04:27] *** CelX is now known as Cel
[07:04:39] <Connor> A vulpix! 
[07:04:50] * Connor sneaks behind him 
[07:05:03] *** Quits: Araiya (pbaloney@Incidental.Unicorn.Araiya) (Ping timeout: 121 seconds)
[07:05:18] <Katiepony> They're dropping like flies.
[07:05:45] <plushie_pegasus> :(
[07:07:22] <princesssluttershy> What's happeneing to reddit?
[07:08:06] <plushie_pegasus> This is Quite odd  https://lh3.googleusercontent.com/Rmwlnsbdo3sX0hdrGjkq_zak6hoF4UbLM1pT9vRixoVpmVYVtFNnFJc53Md9J73Idjs=h900
[07:08:07] *** Joins: Araiya (pbaloney@Pony-1kaj1s.space)
[07:08:08] *** ChanServ sets mode: +v Araiya
[07:08:32] <plushie_pegasus> hi Araiya
[07:10:55] *** Joins: RubyPinch (x@Gem.Stealer)
[07:11:31] <iamalion> meow
[07:11:33] <iamalion> >:[
[07:12:14] <Katiepony> Reddit servers are being bad again.
[07:12:21] * Katiepony ruffles iamalion 
[07:15:20] * iamalion sits there all ruffled >:[
[07:16:18] <StarStream> hmm..
[07:16:28] * Katiepony ruffles iamalion harder c:
[07:20:30] <iamalion> >>:[
[07:20:36] * iamalion has reached max ruffle
[07:20:53] * Katiepony rubs iamalion with a balloon
[07:21:58] * iamalion growls
[07:22:15] * Connor pulls the bloon away, watching the fluff stand on end 
[07:22:22] * iamalion sizzles
[07:22:26] * Katiepony jumps into the lionmane and hides
[07:22:54] * iamalion makes this face https://i.imgur.com/GppAQu7.jpg
[07:24:26] * Katiepony makes this face http://i.imgur.com/kNLBzOS.jpg
[07:26:25] <Vulpixbrew> http://thefoxisblack.com/blogimages//Nouar-painting-corey-helford-thefoxisblack-big-dollop-ice-cream-576x452.jpg
[07:26:31] <iamalion> >:[
[07:26:42] * iamalion grumbles and lays down
[07:27:05] <weisey> Does that ruffle your jimmies
[07:27:25] <iamalion> okay boxxy
[07:28:30] <plushie_pegasus> BRB store run
[07:28:42] * Connor lays on the grumble 
[07:28:59] *** Joins: HeartLinda (HeartLinda@Pony-i5thdu.res.rr.com)
[07:29:21] <Katiepony> iamalion, if you were a lion made of candy, what kind of candy would you be made of? o:
[07:29:28] *** HeartLinda is now known as Pony_25146
[07:29:42] <iamalion> hmm
[07:29:53] <iamalion> well
[07:29:55] <iamalion> HMMMM
[07:30:03] <iamalion> probably ... noo....
[07:30:04] <iamalion> hmmm
[07:30:07] * iamalion ponders
[07:30:20] <iamalion> probably some sort of caramel
[07:30:23] <iamalion> that way it isnt messy
[07:30:51] <weisey> In what world is caramel not )
[07:30:54] <Vulpixbrew> wait whats this about boxxy?
[07:31:01] <weisey> Messy*
[07:31:09] <Katiepony> Caramel is pretty messy o:
[07:31:12] <Katiepony> It's all gooey
[07:31:17] <Vulpixbrew> http://tomwayphotography.co.uk/wp-content/uploads/2014/09/AV8R2358.jpg
[07:31:30] <Vulpixbrew> https://tommasonphotography.files.wordpress.com/2012/08/tom_mason_august-03-2012-fox2-_dsc8655.jpg
[07:31:30] <iamalion> hard candy
[07:31:53] <Katiepony> Then you'd be brittle and shatter o:
[07:33:34] <iamalion> prolly
[07:33:35] <iamalion> gnight
[07:33:36] *** iamalion is now known as iam[a]lion
[07:33:38] <iam[a]lion> ily all <3
[07:33:47] <Katiepony> o:
[07:33:50] <Katiepony> Nuuu D:
[07:33:56] <iam[a]lion> i gotta work tomorrow Q_Q
[07:34:04] <Katiepony> :<
[07:34:05] * iam[a]lion carries Katiepony in his mane off to his den
[07:34:47] *** Pony_25146 is now known as HeartLinda
[07:41:00] *** Quits: HeartLinda (HeartLinda@Generic.Earth.Pony.HeartLinda) (Quit: Enough for tonight)
[07:46:51] <plushie_pegasus> I'm back
[08:02:29] *** Joins: Wolfy (u931732@Pony-9jfb6q.dynamic.simnet.is)
[08:03:39] <Wolfy> morning
[08:05:20] <Vulpixbrew> morning Wolfy
[08:05:51] * Connor humps the wolf 
[08:06:49] * Wolfy is too tired to resist
[08:14:44] <plushie_pegasus> hi Wolfy
[08:15:16] <Wolfy> hiya
[08:16:13] * Connor thinks that means it's consensual so he doesn't wear a condom 
[08:18:47] <plushie_pegasus> :-o
[08:19:04] * Wolfy becomes pregnant
[08:20:30] <plushie_pegasus> Well, I'm off, horny plushies need me, goodnight everypony
[08:20:31] <FineLine> plushie_pegasus: Goodnight
[08:22:00] * Connor eeps! Isn't ready for fatherhood 
[08:25:31] * Wolfy births a litter of wolfkittens, bringing them to Connor
[08:25:53] *** Quits: plushie_pegasus (IceChat77@Pony-vvglke.ph.cox.net) (Quit: RL sex is good, Plushie sex is soo much better!)
[08:27:15] * Connor licks them 
[08:29:23] *** Joins: Squirrelly_ (squirrelly@Pony-3ve80g.cicril.sbcglobal.net)
[08:30:34] <Vulpixbrew> Squirrelly
[08:31:40] <Squirrelly_> Yes?
[08:32:57] *** Quits: Wolfy (u931732@Pony-9jfb6q.dynamic.simnet.is) (Connection closed)
[08:35:52] *** Joins: GentleYam (Mibbit@Pony-u2e2l0.res.rr.com)
[08:37:19] * Connor pokes the squirrel butt
[08:38:24] *** Quits: Squirrelly_ (squirrelly@Pony-3ve80g.cicril.sbcglobal.net) (Quit: Bye Bye!)
[08:39:12] *** Joins: Squirrelly_ (squirrelly@Pony-3ve80g.cicril.sbcglobal.net)
[08:39:19] *** Quits: Squirrelly_ (squirrelly@Pony-3ve80g.cicril.sbcglobal.net) (Quit: Bye Bye!)
[08:54:17] *** Quits: Squirrelly (Mibbit@Pony-3ve80g.cicril.sbcglobal.net) (Quit: http://www.mibbit.com ajax IRC Client)
[09:01:26] <GentleYam> Anyone have any favorite video game tunes
[09:01:42] <Vulpixbrew> https://www.youtube.com/watch?v=KGHA9oO1Ybg
[09:01:56] <Vulpixbrew> https://www.youtube.com/watch?v=ygH9VcV7IBg
[09:02:53] <GentleYam> Listening to the mass effect one 
[09:03:07] <GentleYam> Pretty good
[09:04:07] <Vulpixbrew> https://www.youtube.com/watch?v=XR7bqc2mheA
[09:07:05] <GentleYam> https://www.youtube.com/watch?v=gQWAcgefsQQ&list=PL1A3044EBC796E3DC&index=5
[09:12:22] <Vulpixbrew> BVastion had that guy with the voice
[09:12:50] <Vulpixbrew> https://www.youtube.com/watch?v=6RTkUgov60g
[09:14:49] <Vulpixbrew> on that bnote Im heading to beds
[09:14:52] <Vulpixbrew> nini all
[09:15:01] <GentleYam> night
[09:15:27] *** Quits: GentleYam (Mibbit@Pony-u2e2l0.res.rr.com) (Quit: http://www.mibbit.com ajax IRC Client)
[09:18:54] *** Quits: Vulpixbrew (HoneyBrew@Pony-68js8b.res.rr.com) (Ping timeout: 121 seconds)
[09:31:03] * cloppyhooves foxcalls
[09:58:09] *** Joins: Wolfy (u931732@Pony-2tv.8bi.148.82.IP)
[09:58:23] <Wolfy> toot
[09:58:31] *** Quits: Wolfy (u931732@Pony-2tv.8bi.148.82.IP) (Connection closed)
[10:25:40] <cloppyhooves> http://phucknuckl.deviantart.com/art/You-can-t-teach-experience-557591911
[10:25:41] <FineLine> [ You can't teach experience. by PhucknuckL on DeviantArt ]
[10:56:15] <Katiepony> I woke up in the early hours of the morning and couldn't get back to sleep
[10:56:31] <Katiepony> Figured I would clop, and then snooze again. Ended up reading a clopfic for 2 hours.
[11:01:42] <cloppyhooves> Was it a good one? c:
[11:03:55] <Katiepony> Best I've read in a long while :3
[11:10:13] <cloppyhooves> Yay!
[11:10:17] <cloppyhooves> What was it about? c:
[11:19:20] <Katiepony> Lemme try to find it
[11:20:34] <Katiepony> http://www.fimfiction.net/story/76005/having-your-cake-and-eating-her-out-too
[11:20:35] <FineLine> [ Having Your Cake and Eating Her Out Too. - FIMFiction.net ]
[11:20:52] <Katiepony> I guess it's pretty old o:
[11:20:55] <Katiepony> Never seen it before, tho
[11:21:28] <cloppyhooves> Oooh, looks good c:
[11:26:12] <Katiepony> Yeah, was expecting it to be kinda average, but the first chapter was really good :3
[11:35:20] <cloppyhooves> Yay! c:
[11:54:04] <cloppyhooves> Good night, you sexy ponies!
[11:59:17] <Katiepony> <3
[11:59:20] <Katiepony> night
[12:42:39] *** Joins: AndChat|244209 (AndChat2442@Pony-cbe.rrl.87.66.IP)
[12:42:44] *** Quits: thaostra (thaostra@Pony-vs3e9e.nh.comcast.net) (Ping timeout: 121 seconds)
[12:43:00] *** Quits: Connor (AndChat2442@Pony-1j4ll8.res.rr.com) (Connection closed)
[12:43:00] *** Quits: AndChat|244209 (AndChat2442@Pony-cbe.rrl.87.66.IP) (Connection closed)
[12:43:05] *** Joins: Connor (AndChat2442@Pony-1j4ll8.res.rr.com)
[12:57:41] *** Joins: cloppyhoofs (cloppy@vixen.den)
[12:57:41] *** ChanServ sets mode: +qo cloppyhoofs cloppyhoofs
[13:00:35] *** Quits: cloppyhooves (cloppy@vixen.den) (Ping timeout: 121 seconds)
[13:31:29] *** Joins: AstralMouse_ (quassel@Pony-uv9msl.wa.comcast.net)
[13:31:36] *** Quits: AstralMouse_ (quassel@Pony-uv9msl.wa.comcast.net) (A TLS packet with unexpected length was received.)
[13:33:40] *** Quits: AstralMouse (quassel@Pony-uv9msl.wa.comcast.net) (Ping timeout: 121 seconds)
[15:14:18] *** Joins: Serene_Flow (Serene_Flow@Pony-6nd29j.tx.charter.com)
[15:17:15] <Serene_Flow> https://41.media.tumblr.com/f13ae8c81d03b6eef763ae4dda49caab/tumblr_nvrt42qx7K1r72vrdo1_1280.jpg
[15:29:32] <Compu> https://soundcloud.com/2007excalibur2007/michael-labeoufson-do-it
[15:29:33] <FineLine> [ Michael LaBeoufson - DO IT by 2007excalibur2007 | Free Listening ... ]
[15:32:08] <Compu> https://soundcloud.com/rig/get-gaben
[15:32:09] <FineLine> [ Get Gaben by Rig | Free Listening on SoundCloud ]
[16:20:16] *** Joins: Guilygryph (Guilygryph@Pony-uik.lk6.145.104.IP)
[16:22:28] <Guilygryph> halp I was reminded cookie clicker exists
[16:22:29] <FineLine> Guilygryph: 2015-04-14 - 03:08:31 <cloppyhooves> Kittybird being kittybird: https://derpicdn.net/img/view/2014/10/19/746432.jpg
[16:22:30] <FineLine> Guilygryph: 2015-09-22 - 04:00:30 <cloppyhooves> http://thehorsewife.tumblr.com/post/129611179175
[16:23:14] <Guilygryph> perfect x3
[16:24:21] <Serene_Flow> It's interesting how Cookie Clicker started a new genre of games.
[16:25:15] <Guilygryph> yup yups
[16:27:49] <Katiepony> Hello catbutt :3
[16:27:56] <Guilygryph> hi hi ^v^
[16:47:56] *** Quits: Guilygryph (Guilygryph@Pony-uik.lk6.145.104.IP) (Quit: Gotta blast!)
[16:49:29] *** Joins: Vulpixbrew (HoneyBrew@Pony-68js8b.res.rr.com)
[16:51:06] <Vulpixbrew> https://www.youtube.com/watch?v=LOljwJCujLk
[16:51:38] *** Joins: Guilygryph (Guilygryph@Pony-kcs.lk6.145.104.IP)
[16:52:56] <Vulpixbrew> hello Guilygryph
[16:53:10] <Guilygryph> Hi hi
[17:01:35] <Katiepony> Vulp! O:
[17:02:18] * Katiepony gropes the plump voluptuous vulp butt
[17:03:14] *** Quits: Rylee (rylai@libgryphon.so) (Quit: WeeChat 1.4-dev)
[17:03:19] *** Joins: Rylee (rylai@Pony-71u6pe.so)
[17:04:52] * Vulpixbrew wiggles the bum at the Katiepony
[17:08:29] <Katiepony> <:
[17:09:25] <Vulpixbrew> I have to do the following things in some kind of order
[17:09:50] <Vulpixbrew> shower/food/gather stuff
[17:10:10] <Katiepony> Gather mushrooms in the shower o:
[17:10:13] <Katiepony> Efficiency
[17:11:32] <Vulpixbrew> http://imgur.com/QVpJpcQ
[17:11:33] <FineLine> [ I've made a collage for you! - Imgur ]
[17:11:47] <Katiepony> fux o:
[17:22:22] *** Quits: Guilygryph (Guilygryph@Pony-kcs.lk6.145.104.IP) (Client exited)
[17:22:33] *** Joins: Guilygryph (Guilygryph@Pony-uik.lk6.145.104.IP)
[17:26:17] <Vulpixbrew> me irl http://i.imgur.com/REjafEf.jpg
[17:26:57] <Serene_Flow> You're all wet.
[17:38:59] * Connor pokes things 
[17:41:53] * Serene_Flow gets poked.
[17:44:49] * Guilygryph wraps a fluffy towel fresh from the drier around vulpix
[17:45:24] * Vulpixbrew curls up onm the towel and promptly falls asleep
[17:46:08] <Guilygryph> daww
[17:47:04] *** iam[a]lion is now known as iamalion
[17:47:13] <iamalion> GUILLY!!!
[17:47:18] * iamalion huggles
[17:47:39] <Guilygryph> :D
[17:47:46] * Guilygryph hug hugs the lion back supertight
[17:48:24] * iamalion nuzzles into the feathers
[17:48:29] <iamalion> where have you beeeeeen
[17:50:41] * Connor humps sleep fox 
[17:50:50] <Guilygryph> just been a busy busy birb
[17:53:23] <iamalion> well glad you still have time for us
[17:53:25] <iamalion> =^ᴥ^=
[17:53:41] <Guilygryph> awwwrff <3
[18:04:49] <Vulpixbrew> https://www.youtube.com/watch?v=_AtP7au_Q9w
[18:07:01] <Vulpixbrew> anyways I gotta rock out
[18:07:15] *** Quits: Vulpixbrew (HoneyBrew@Pony-68js8b.res.rr.com) (Connection closed)
[18:09:52] * iamalion tries to climb in his coffee cup =~-~=
[18:10:07] <Compu> sweetie belle the cock sock http://www.fimfiction.net/story/187959/helping-a-special-sister
[18:10:08] <FineLine> [ Helping a Special Sister - FIMFiction.net ]
[18:34:40] *** Quits: Cel (Cel@Silver.Horizon) (Quit: Leaving)
[18:36:07] *** Joins: Cel (Cel@Silver.Horizon)
[18:51:39] *** Joins: AndChat|244209 (AndChat2442@Pony-e5tktg.pools.spcsdns.net)
[18:54:36] *** Quits: Connor (AndChat2442@Pony-1j4ll8.res.rr.com) (Ping timeout: 121 seconds)
[18:55:21] *** Joins: wolfy (Mibbit@Pony-9jfb6q.dynamic.simnet.is)
[18:56:59] <wolfy> wuf
[18:58:16] *** AndChat|244209 is now known as Connor
[18:58:23] <Connor> I need luck 
[18:59:41] * wolfy spurts some of his liquid luck into Connor's paw 
[19:16:43] *** Joins: AndChat|244209 (AndChat2442@Pony-gej.h6m.30.198.IP)
[19:16:51] *** Quits: AndChat|244209 (AndChat2442@Pony-gej.h6m.30.198.IP) (Quit: Bye)
[19:19:41] *** Quits: Connor (AndChat2442@Pony-e5tktg.pools.spcsdns.net) (Ping timeout: 121 seconds)
[19:28:29] *** Quits: Guilygryph (Guilygryph@Pony-uik.lk6.145.104.IP) (Quit: night night)
[19:28:47] *** Joins: Guilygryph (Guilygryph@Pony-uik.lk6.145.104.IP)
[19:37:04] <iamalion> guy calls in, says he reinstalled, needs help setting his email up in outlook. ok no problem, @comcast.net right? Nope@verizon.com.    
[19:37:04] <iamalion> ....cx was less than pleased to hear that. kept arguing that "but you guys are my service provider! I get my service through you!"
[19:38:16] <Compu> iamalion: /r/talesfromtechsupport
[19:38:37] <iamalion> nah
[19:40:10] *** Quits: wolfy (Mibbit@Pony-9jfb6q.dynamic.simnet.is) (Quit: http://www.mibbit.com ajax IRC Client)
[20:04:43] *** Quits: Serene_Flow (Serene_Flow@Pony-6nd29j.tx.charter.com) (Quit: http://www.kiwiirc.com/ - A hand crafted IRC client)
[20:05:50] <Compu> canada http://imgur.com/gallery/lruVUo9
[20:05:50] <FineLine> [ Why Canada - Imgur ]
[20:06:06] *** Joins: Evelina (Mibbit@Pony-dc5o24.res.rr.com)
[20:06:06] *** ChanServ sets mode: +o Evelina
[20:06:10] <princesssluttershy> where is that?
[20:07:57] <princesssluttershy> Oh shit
[20:08:06] <princesssluttershy> I live like two hours from that street
[20:12:36] <weisey> Hah I love that one
[20:13:02] <weisey> Also, looked in the comments for "Where you wanna go? I don't care Bar & Grill"
[20:13:05] <weisey> Found it
[20:19:04] *** Joins: Connor (AndChat2442@Pony-fbgd23.pools.spcsdns.net)
[20:19:22] <princesssluttershy> Hello Connor 
[20:19:25] *** Quits: Connor (AndChat2442@Pony-fbgd23.pools.spcsdns.net) (Connection closed)
[20:19:26] *** Joins: Connor (AndChat2442@Pony-fbgd23.pools.spcsdns.net)
[20:24:56] *** Quits: Fusl (Fusl@148.163.189.28) (Ping timeout: 121 seconds)
[20:34:01] *** Joins: Wolfy (u931732@Pony-9jfb6q.dynamic.simnet.is)
[20:34:17] <Wolfy> howl
[20:35:57] * Evelina gently puts a paw on the Wolfy nose.
[20:36:33] * Wolfy goes cross eyed looking at it
[20:36:57] <Evelina> Wolffffff
[20:37:30] <Wolfy> eeeeeeeveeeeee
[20:38:47] * Evelina is hypnotized by the wolf.
[20:39:51] * Wolfy waves paws around
[20:39:54] <Wolfy> now striiiiip
[20:40:29] <Compu> http://phucknuckl.deviantart.com/art/You-can-t-teach-experience-557591911
[20:40:30] <FineLine> [ You can't teach experience. by PhucknuckL on DeviantArt ]
[20:41:48] *** Joins: Fusl (Fusl@1.0.0.127.in-addr.arpa.li)
[20:42:46] *** Joins: thaostra (thaostra@Pony-vs3e9e.nh.comcast.net)
[20:42:46] *** ChanServ sets mode: +v thaostra
[20:43:48] <iamalion> "ok and please make sure the modem is standing upright please" "ok its upright but upside down, will that work" "....noooo"
[20:45:07] * Evelina ditches her skirt and hoop top
[20:45:50] <Compu> Evelina: yey, naked
[20:45:58] <Wolfy> yaaay
[20:48:33] <Wolfy> now dance!
[20:49:28] * Connor nibbles wolf ears 
[20:49:29] * Evelina starts to twirl and pose, long sweeping motions of her limbs, like a rain dance.
[20:49:44] * iamalion bites his lip
[20:50:42] * Wolfy holds Connor up, petting idly
[20:51:57] <Wolfy> now, come here. I've got a treat for ya
[20:52:04] * Wolfy pulls out a bag of sweets
[20:52:06] * Connor thinks he failed badly and is gonna need to go move to California and become a beach bum 
[20:53:34] * Evelina happily pads over to Wolfy 
[20:54:08] * Wolfy puts a couple of sweets into her paw before snapping his fingers
[20:55:33] * Evelina happily eats the sweets, though snapping awake as Wolfy does.
[20:57:59] <princesssluttershy> There's literally like 30 people in my basement right now D:
[20:59:01] <Evelina> I.. 
[20:59:06] <Evelina> Huh..
[20:59:47] * Wolfy pats evelina happily on the head
[20:59:49] <Wolfy> good girl
[21:00:58] * Evelina hugs Wolfy 
[21:01:23] *** Joins: Squirrelly (squirrelly@Pony-3ve80g.cicril.sbcglobal.net)
[21:01:27] <Guilygryph> halp I’m out of coffee
[21:02:27] * Squirrelly fwumps
[21:02:41] <Squirrelly> Am tired sqrl
[21:03:00] * Wolfy puts coffee beans on Guilygryph
[21:03:09] <Guilygryph> :O if only
[21:03:46] *** Joins: AndChat|244209 (AndChat2442@Pony-1j4ll8.res.rr.com)
[21:04:04] *** Quits: Cel (Cel@Silver.Horizon) (Quit: Leaving)
[21:04:19] <Guilygryph> uuuuurg I want matter/energy conversion devices already 
[21:04:42] *** Quits: AndChat|244209 (AndChat2442@Pony-1j4ll8.res.rr.com) (Quit: Bye)
[21:04:46] *** Joins: AndChat|244209 (AndChat2442@Pony-1j4ll8.res.rr.com)
[21:05:15] *** Joins: Cel (Cel@Silver.Horizon)
[21:05:29] <princesssluttershy> my sister and her friends are talking over Dark Side of the Moon D:
[21:05:36] <Evelina> YAY! It's CEL!
[21:05:49] * Cel has been spotted!
[21:06:00] * Evelina gives chase.
[21:06:15] * Cel spins
[21:06:48] <Evelina> Cute face yiff http://i.4cdn.org/b/1444158169377.png
[21:06:56] * Evelina tackles Cel's legs.
[21:07:04] <Cel> !
[21:07:10] <Guilygryph> dawwwww
[21:07:16] * Cel falls over
[21:07:26] <Squirrelly> I am the redhead in that pic
[21:07:28] <Squirrelly> :3
[21:07:29] *** Quits: Connor (AndChat2442@Pony-fbgd23.pools.spcsdns.net) (Ping timeout: 121 seconds)
[21:07:44] <Guilygryph> adorbs <3
[21:08:06] <Squirrelly> I'm sleeeeepyyyyy
[21:08:12] * Evelina snuggles with the Cel
[21:08:14] *** Quits: Wolfy (u931732@Pony-9jfb6q.dynamic.simnet.is) (Connection closed)
[21:08:22] <Evelina> Someone fetch a pot of cold coffee for Squirrelly 
[21:08:26] * Cel pets Evelina 
[21:08:26] <Squirrelly> NO
[21:08:29] <Squirrelly> HALP
[21:09:19] * cloppyhoofs pokes her nose into chat
[21:09:33] <Guilygryph> CLOOOOOOOPPPPPPYYYYYY
[21:09:35] <Evelina> Or eXpresso
[21:09:37] * Guilygryph glomps 5ever
[21:10:01] *** Joins: wolfy (Mibbit@Pony-9jfb6q.dynamic.simnet.is)
[21:10:14] <wolfy> aaa
[21:10:22] <wolfy> theres no x in espresso
[21:10:28] *** wolfy is now known as Pony_84162
[21:10:47] * cloppyhoofs snuggles the Gryph :D
[21:10:48] <Evelina> Looks like Woofles is coming back
[21:11:08] * AndChat|244209 humps the pony_84162
[21:11:24] *** Pony_84162 is now known as woofles
[21:11:30] *** AndChat|244209 is now known as Connor
[21:11:33] <Cel> it's eXtremepresso
[21:11:37] <Guilygryph> how the heck have you been girl?
[21:11:58] *** woofles is now known as wolfy
[21:12:14] <wolfy> yiff https://static1.e621.net/data/e2/43/e2432ccc1c20c335cdbfd9e828695dc0.jpg
[21:12:14] <FineLine> [ https://e621.net/post/show?md5=e2432ccc1c20c335cdbfd9e828695dc0 ]
[21:12:28] <wolfy> yiff https://static1.e621.net/data/a3/ac/a3acc995655d5505ac830cae26eb13b0.png
[21:12:28] <FineLine> [ https://e621.net/post/show?md5=a3acc995655d5505ac830cae26eb13b0 ]
[21:12:54] <Guilygryph> I still love that zero suit fox became a thing
[21:12:58] <cloppyhoofs> Not the best, but okay c:
[21:13:01] <Evelina> Mmmf... he's cute.
[21:13:06] <cloppyhoofs> How've you been? c:
[21:13:20] <Guilygryph> pretty good!
[21:14:18] <wolfy> mild yiff https://static1.e621.net/data/81/c2/81c2b78caa102b79963a637212b8e589.png
[21:14:18] <FineLine> [ https://e621.net/post/show?md5=81c2b78caa102b79963a637212b8e589 ]
[21:14:20] <wolfy> awoooo~
[21:14:38] <Squirrelly> I want zero suit fox
[21:14:41] <Squirrelly> :3
[21:15:55] <Evelina> I want a zero suit cloppyhoofs.
[21:16:46] <wolfy> yiff: part uno https://static1.e621.net/data/8f/0e/8f0e763085340d911606e9fc40d27f4d.png
[21:16:46] <FineLine> [ https://e621.net/post/show?md5=8f0e763085340d911606e9fc40d27f4d ]
[21:17:09] <wolfy> yiff 2: elecrtic boogaloo https://static1.e621.net/data/7c/6c/7c6c2242567edcf349f05019f534deb5.png
[21:17:09] <FineLine> [ https://e621.net/post/show?md5=7c6c2242567edcf349f05019f534deb5 ]
[21:18:00] <cloppyhoofs> Yay that you've been pretty good! c:
[21:18:07] <cloppyhoofs> Also I'd prolly look hot in a zero suit :3
[21:18:26] <Guilygryph> yeah you would cloppy :P
[21:18:29] <Squirrelly> Damn right you would
[21:19:23] <Evelina> Squirrel Vore https://e621.net/post/show/126265/cloud-crossover-daniel_irizarri-dialogue-duo-eyewe
[21:19:24] <FineLine> [ #126265: daniel_irizarri ]
[21:21:00] <iamalion> UGH IMGUR
[21:22:05] * wolfy howls for no reason
[21:23:02] * Squirrelly howls back
[21:24:10] * Evelina puts a marshmellow in Squirrelly's mouth
[21:25:44] * Squirrelly noms it
[21:26:01] * Evelina shoves another in
[21:26:40] <Squirrelly> Brb
[21:26:45] *** Quits: Squirrelly (squirrelly@Pony-3ve80g.cicril.sbcglobal.net) (Quit: Bye Bye!)
[21:27:08] *** Joins: Squirrelly (Mibbit@Pony-3ve80g.cicril.sbcglobal.net)
[21:27:32] <Squirrelly> http://i.imgur.com/fm2YUXv.jpg
[21:27:45] <Squirrelly> http://i.imgur.com/BHbKpA5.gif
[21:27:51] <Squirrelly> http://i.imgur.com/KglZzZd.jpg
[21:28:18] * Squirrelly noms the second marshmallow
[21:29:28] * Evelina pushes a third Marshmallow
[21:29:42] * Squirrelly chews it, savoring this one
[21:30:02] <Squirrelly> http://i.imgur.com/3fXsxvL.gifv
[21:30:03] <FineLine> [ Yay! Head scratches! ]
[21:30:31] <Guilygryph> feathers <3
[21:30:45] * Evelina has an entire bag of Marshmallow's.
[21:31:23] * Cel stares at white fluffy things
[21:32:12] * Evelina grabs one and tosses it above Cel
[21:32:44] * Cel glares
[21:33:11] * wolfy chews on a a mango pit
[21:33:30] *** Quits: wolfy (Mibbit@Pony-9jfb6q.dynamic.simnet.is) (Quit: http://www.mibbit.com ajax IRC Client)
[21:33:57] * Evelina tosses another Marshmallow at Cel, aiming between the eyes.
[21:34:26] *** Joins: wolfy (Mibbit@Pony-9jfb6q.dynamic.simnet.is)
[21:34:45] * Cel panics
[21:35:05] * wolfy darts quickly and snatches it up mid air
[21:35:47] <Cel> phew
[21:35:51] <Cel> saved
[21:36:14] <Evelina> CARPET BOMB!
[21:36:19] * Evelina throws two handfuls at Cel.
[21:36:32] <Cel> woof, do the thing!
[21:36:58] * wolfy tries to nom them all up before they hit the cel, catching all but one
[21:37:12] <Cel> aaaaaah... I'm hit... I'm hit!
[21:37:59] <wolfy> nooooooooooo!
[21:44:31] <cloppyhoofs> https://i.imgur.com/yMo7ECu.png
[21:45:12] <Guilygryph> adorable
[21:47:04] * wolfy resumes chewing on the mango pit
[21:54:42] * Squirrelly chews on the wolfy ear
[21:54:48] <Squirrelly> http://tomwayphotography.co.uk/wp-content/uploads/2014/09/AV8R2358.jpg
[22:00:26] <wolfy> 2 more days
[22:02:55] <wolfy> i have such a hard on for battlefront 
[22:09:19] <cloppyhoofs> I have such a hard on hidden under my bed :o
[22:09:55] * wolfy sniffs underneath cloppy's bed
[22:10:01] * wolfy sneezes at all the dust
[22:12:41] <wolfy> so much dust and many old socks
[22:13:17] <cloppyhoofs> In a drawer under my bed, I mant :3
[22:13:45] * wolfy sniffs at the drawer, pawing at it
[22:15:47] * wolfy chews and scratches at it
[22:15:55] *** Joins: Vulpixbrew (HoneyBrew@Pony-68js8b.res.rr.com)
[22:16:15] <Vulpixbrew> wait whats in the drawer?
[22:16:32] <wolfy> cloppy's hardon
[22:16:44] *** Quits: Squirrelly (Mibbit@Pony-3ve80g.cicril.sbcglobal.net) (Quit: http://www.mibbit.com ajax IRC Client)
[22:16:46] * Vulpixbrew sniffs at the drawer
[22:19:34] * wolfy tries headbutting it
[22:21:15] <Cel> oO
[22:21:37] * wolfy only achieves headaches and fwumps onto his butt
[22:26:37] <cloppyhoofs> D:
[22:27:23] * wolfy clutches his head, whining
[22:29:36] * Evelina runs in quickly, scooping up wolfy 
[22:30:07] * Vulpixbrew uses his fox like wit no try to open it
[22:30:11] <Vulpixbrew> heya Evelina
[22:30:42] * wolfy whimpers and snugs up, flattening his ears
[22:32:27] * Evelina kisses wolfy's forehead, cradling him.
[22:32:30] <Evelina> Hey Vulpixbrew 
[22:33:05] <Vulpixbrew> http://geektyrant.com/news/these-star-trek-garden-gnomes-are-hilarious#kbOvH23iPu5JFXzW.16
[22:33:06] <FineLine> [ These STAR TREK Garden Gnomes Are Hilarious — GeekTyrant ]
[22:39:18] * Connor uses his cat like wit to hump the Fox 
[22:41:37] <wolfy> smart kitty!
[22:41:53] * wolfy cheers connor on as he humps
[22:54:48] * Vulpixbrew falls over
[23:00:03] <wolfy> https://www.youtube.com/watch?t=1&v=XrwRdzFP-fY
[23:08:34] * Connor sticks a pillow under the Fox to help 
[23:11:06] <cloppyhoofs> YOu know what I haven't done in a long time?
[23:11:10] * cloppyhoofs lifts her tail
[23:12:14] * wolfy bounces and bats at the tail
[23:13:45] <Evelina> OOhhh
[23:14:00] <wolfy> tag! you're it!
[23:14:05] * Connor nibbles under the lifted tail 
[23:14:25] * Vulpixbrew tiesa cute bow to the fox tail
[23:16:18] <princesssluttershy> http://imgur.com/VuOjG2X <- human
[23:16:18] <FineLine> [ I wish i had a nutsack backpack - Imgur ]
[23:24:11] * wolfy scritches himself
[23:25:32] * Cel does the same
[23:30:32] <cloppyhoofs> I love r/notinteresting
[23:33:15] * wolfy bites on his tongue
[23:35:39] <wolfy> yay finished my maths assignment
[23:35:58] <wolfy> now i got nothing for the rest of the week!
[23:36:26] * wolfy tries to wait patiently for Thursday 
[23:37:00] <iamalion> i have a customer that keeps answering ANY question with "ok"
[23:37:14] <iamalion> im like what would you like would you like your username to be? "ok" Okay! you are now ok@comcast.net -_______-
[23:39:08] <iamalion> http://agoodwomansdirtymind.com/wp-content/uploads/2014/09/AGWDM-big-black-dildo.jpg
[23:39:11] <iamalion> DEAR CELESTIA
[23:39:26] <wolfy> ay caramba
[23:42:35] <cloppyhoofs> That just reminds me of https://videos.toypics.net/view/4348/xl-trex-hilted-2/
[23:42:38] <FineLine> [ Toypics - XL T-Rex Hilted ]
[23:42:39] <cloppyhoofs> (Eww IRL Human)
[23:44:07] <wolfy> rip
[23:44:18] * wolfy tucks his tail firmly between his legs
[23:44:25] <Connor> Those links never work for me :c
[23:46:21] <iamalion> oh
[23:46:22] <iamalion> my
[23:46:23] <iamalion> god
[23:46:27] <iamalion> cloppyhoofs
[23:46:28] <iamalion> ಠ_ಠ
[23:49:16] <Guilygryph> of course it’s Varka
[23:52:06] <Vulpixbrew> Ima go nap
[23:52:25] *** Quits: wolfy (Mibbit@Pony-9jfb6q.dynamic.simnet.is) (Quit: http://www.mibbit.com ajax IRC Client)
[23:53:38] <cloppyhoofs> Yeah varka has the most elastic butt :o
[23:58:57] <weisey> OK seriously how does that not cause massive internal hemmoraging, perforated colon, and death
[23:59:07] *** Joins: Wolfy (Wolfy@Pony-9jfb6q.dynamic.simnet.is)
