[00:01:11] *** Joins: eyeburn (eyeburn@secret.den.of.flaming.evil)
[00:05:59] *** Joins: Wolfy (Wolfy@Pony-9jfb6q.dynamic.simnet.is)
[00:14:33] <Wolfy> Happy birthday
[00:15:23] <diny> happy birthday
[00:15:37] <diny> .... whos birthday is it again?
[00:16:25] <Wolfy> No one in particular
[00:16:59] <diny> pft, who needs a reason to party anyway
[00:17:22] <Wolfy> I'm a responsible woof though
[00:17:27] * diny gets out the emergency pinky party cannon
[00:17:49] <Wolfy> I only party when I got nothing on my schedule
[00:31:10] <Vulpixbrew> https://www.youtube.com/watch?v=iL2Wm-PcfPo
[00:32:16] <Vulpixbrew> http://www.gog.com/game/worms_forts_under_siege
[00:32:19] <FineLine> [ Worms Forts: Under Siege on GOG.com ]
[00:32:19] <Vulpixbrew> free
[00:54:40] <Vulpixbrew> Mr Wolfy
[00:56:03] <Wolfy> Yis?
[00:59:41] * Wolfy humps vulpix's paw
[00:59:55] * Vulpixbrew moans
[01:06:38] <Wolfy> Erotic af https://youtu.be/L5hX8s9fxsA
[01:14:20] <Wolfy> Imma sleep
[01:14:23] <Wolfy> Gnight all
[01:14:24] <FineLine> Wolfy: Goodnight
[01:14:27] *** Quits: Wolfy (Wolfy@Pony-9jfb6q.dynamic.simnet.is) (Client exited)
[01:14:28] <diny> night Wolfy 
[01:16:43] *** Joins: RNGsus (RNGsus@Pony-kut12l.cable.mindspring.com)
[01:16:55] <diny> hi RNGsus 
[01:17:04] <RNGsus> Heyo
[01:21:40] *** Quits: RNGsus (RNGsus@Pony-kut12l.cable.mindspring.com) (Ping timeout: 121 seconds)
[01:29:20] *** Joins: RNGsus (RNGsus@Pony-kut12l.cable.mindspring.com)
[01:37:04] *** Quits: diny (Mibbit@Pony-p6p.apq.108.91.IP) (Quit: http://www.mibbit.com ajax IRC Client)
[01:42:19] <Vulpixbrew> heya RNGsus
[01:43:35] <RNGsus> hi
[01:44:21] * Vulpixbrew puts a pair of fox ears on RNGsus and announces him to be an honorary fox
[01:44:49] * RNGsus foxes
[01:57:17] <Vulpixbrew> http://www.roanoke-chowannewsherald.com/2015/12/08/woodland-rejects-solar-farm/?utm_source=fark&utm_medium=website&utm_content=link
[01:57:18] <FineLine> [ Woodland rejects solar farm | The Roanoke-Chowan News-Herald ]
[01:58:11] * Vulpixbrew is done
[02:15:17] <RNGsus> "She also questioned the high number of cancer deaths in the area, saying no one could tell her that solar panels didn’t cause cancer."
[02:20:33] *** Quits: Wikkit (Mibbit@Pony-k2o7sk.ph.cox.net) (Quit: http://www.mibbit.com ajax IRC Client)
[02:26:58] <RNGsus> this headache
[02:27:18] * Vulpixbrew nuzzles the RNGsus haed
[02:27:30] * RNGsus licks Vulpixbrew 
[02:27:56] <Vulpixbrew> thats the dumb asses in my state
[02:32:51] *** Quits: Cel (Cel@Silver.Horizon) (Connection closed)
[02:33:12] *** Joins: Cel (Cel@Silver.Horizon)
[02:51:15] <Vulpixbrew> is there a way to sort my saved by subreddit?
[03:50:00] *** Joins: Katiepony (Mibbit@Pony-fu6uku.dyn.plus.net)
[03:50:00] *** ChanServ sets mode: +o Katiepony
[03:51:46] <weisey> I was wondering why the Asda logo looked so familiar and the slogan sounded so familiar
[03:51:55] <weisey> Turns out, owned by Walmart 
[03:52:00] <weisey> No wonder 
[03:53:44] <Moka> RNGsus: yes, one moron was interviewed
[03:53:59] <Moka> RNGsus: if you look further, the city's already approved 3 other solar panel farms :-)
[04:00:24] *** Quits: y007ghg7 (y007ghg7@fluttershy.is.best.pony.rcfreak0.com) (Quit: brb ponies)
[04:01:46] <RNGsus> good, reddit is down
[04:01:53] <RNGsus> reddit was just barely working the hour beore
[04:03:31] <Vulpixbrew> yay rddit servers
[04:15:57] <princess_sleeping> you know what site isn't down?
[04:16:04] *** princess_sleeping is now known as princesssluttershy
[04:16:16] *** ChanServ sets mode: +v princesssluttershy
[04:18:21] <princesssluttershy> (the answer is 9gag XD)
[04:18:28] *** Quits: Cel (Cel@Silver.Horizon) (Ping timeout: 121 seconds)
[04:18:56] <princesssluttershy> (don't even know if 9gag is up or not... never even been there all I know is that they regularly steal reddit posts and take them as their own)
[04:19:01] *** Joins: Cel (Cel@Silver.Horizon)
[04:25:04] <princesssluttershy> http://i.4cdn.org/b/1450149289883.jpg
[04:28:59] *** Joins: plushie_pegasus (IceChat78@Pony-vvglke.ph.cox.net)
[04:28:59] *** ChanServ sets mode: +v plushie_pegasus
[04:29:16] <plushie_pegasus> Hello Everypony
[04:29:18] <FineLine> plushie_pegasus: Hello.
[04:30:05] <princesssluttershy> https://www.youtube.com/watch?v=xGn72Ag7yjw
[04:35:14] *** Quits: RNGsus (RNGsus@Pony-kut12l.cable.mindspring.com) (Quit: Leaving)
[04:40:02] <Vulpixbrew> go to reddit main page pokay its down
[04:40:21] <Vulpixbrew> try to go to a subreddit right after that
[04:50:42] *** Joins: HentaiClop (Mibbit@Pony-6ps.ofr.62.189.IP)
[04:53:27] <plushie_pegasus> http://www.staggeringbeauty.com/
[04:53:28] <FineLine> [ Staggering Beauty ]
[04:53:48] <plushie_pegasus> click on it when it comes up lol
[04:53:48] <HentaiClop> OMG , this site is hilarious xD
[04:54:33] <HentaiClop> I know what happen lol
[04:55:50] <plushie_pegasus> [negativity] http://cdn.meme.am/instances/500x/64082746.jpg
[04:57:15] <plushie_pegasus> [EQG] https://secure.static.tumblr.com/baeb576fc20c32bdc96ddc641a5910fe/hmnd3ew/NZ3ntg64s/tumblr_static_tumblr_static_bdyqjxurpl444scwg88kkoggc_640.png
[04:59:16] <HentaiClop> OMG xD
[05:02:32] <plushie_pegasus> [drug use]  https://secure.static.tumblr.com/7961631d78178fead72881406fc79865/uk57txm/twone2q9d/tumblr_static_tumblr_static_af1km22j9yww8kgs004ksgkc8_640.jpg
[05:04:00] <plushie_pegasus> [implied drug use]  http://41.media.tumblr.com/8061e6169f84230d6df73d47fc8cdb07/tumblr_ne2qirs3we1u2pxpko1_1280.jpg
[05:04:29] <HentaiClop> 420 blaze it
[05:12:06] <plushie_pegasus> [small pic] https://derpicdn.net/img/2015/12/8/1039732/thumb.png
[05:12:06] <FineLine> [ https://derpiboo.ru/1039732 ]
[05:12:27] <HentaiClop> lol , dafuq bro x'D
[05:25:33] *** Joins: y007ghg7 (y007ghg7@fluttershy.is.best.pony.rcfreak0.com)
[05:28:14] <HentaiClop> Welcome o/
[05:28:49] *** Quits: iamalion (lion@king.of.da.jungle) (Ping timeout: 121 seconds)
[05:29:36] *** Quits: felina (felina@Pony-d7sj77.res.rr.com) (Ping timeout: 121 seconds)
[05:30:45] *** Joins: felina (felina@Pony-d7sj77.res.rr.com)
[05:34:04] *** Joins: iamalion (lion@Pony-d7sj77.res.rr.com)
[05:34:05] *** ChanServ sets mode: +o iamalion
[05:34:50] *** Quits: felina (felina@Pony-d7sj77.res.rr.com) (Ping timeout: 121 seconds)
[05:36:00] *** Joins: felina (felina@Pony-d7sj77.res.rr.com)
[05:38:22] *** Quits: iamalion (lion@king.of.da.jungle) (Ping timeout: 121 seconds)
[05:42:56] *** Joins: iamalion (lion@Pony-d7sj77.res.rr.com)
[05:42:56] *** ChanServ sets mode: +o iamalion
[05:50:09] <plushie_pegasus> [possible offensive]  https://c2.staticflickr.com/4/3435/3839545233_2d5444d3fa.jpg
[05:56:04] <plushie_pegasus> back in 30 min
[05:56:34] <HentaiClop> Ok bro :v
[05:56:39] <HentaiClop> I still be here o/
[05:58:55] <HentaiClop> http://i.imgur.com/JmyMSvO.jpg
[06:00:29] <HentaiClop> So... what you all are doing ?
[06:30:00] *** Joins: Nigiri (AndChat2442@Pony-1j4ll8.res.rr.com)
[06:33:56] <HentaiClop> Hi Nigiri o/
[06:34:06] <Nigiri> Hello 
[06:34:16] <HentaiClop> How are you ?
[06:34:18] <plushie_pegasus> 24.165.93.90
[06:34:52] <plushie_pegasus> I'm back!!! :)
[06:35:05] <HentaiClop> Wb >/////<
[06:41:08] <HentaiClop> So... what are you Doing Plushie ?
[06:44:24] *** Quits: DJ-C0L7[EIT] (IceChat77@DJ-C0L7.EIT.LLC) (Quit: People may sleep soundly in their beds tonight, only because rough men stand ready to visit violence upon those who would do them harm)
[06:44:32] <HentaiClop> :v
[06:45:15] <HentaiClop> Well... i will gonna clop here and get some sleep
[06:46:34] *** Joins: ToffeeChaser (Mibbit@Pony-30le7s.tn.charter.com)
[06:46:34] <FineLine> ToffeeChaser: Welcome to clopchat, an 18+ chat for MLP porn. Don't forget to read the topic and enjoy your stay!
[06:47:26] <HentaiClop> Hi ToffeeChaser o/
[06:48:08] <ToffeeChaser> Hi there!
[06:48:26] <HentaiClop> How are you ?
[06:48:43] <ToffeeChaser> I'm alright, how about you?
[06:48:54] <HentaiClop> I'm fine too ^^
[06:49:22] <ToffeeChaser> That's good c:
[06:49:36] <HentaiClop> Thanks x3
[06:49:42] <plushie_pegasus> have fun HentaiClop
[06:49:56] <HentaiClop> Thanks Plushie_Pegasus >/////<
[06:50:02] * plushie_pegasus gives HentaiClop a MLP plushie
[06:50:17] <HentaiClop> hahahaha x///D
[06:50:43] <HentaiClop> So... what are you doing ToffeChaser ?
[06:51:06] <HentaiClop> ToffeeChaser *
[06:51:25] <ToffeeChaser> Not much at the moment, just killing time
[06:51:39] <HentaiClop> Goof :v
[06:51:41] <HentaiClop> Good*
[06:51:49] <HentaiClop> OMG ,double fail xD
[06:52:18] <ToffeeChaser> pfff, nice
[06:52:55] <HentaiClop> Well... i will gonna clop and have some sleep
[06:53:02] <HentaiClop> Goodnight guys o/
[06:53:02] <FineLine> 'Night HentaiClop!
[06:53:17] <ToffeeChaser> G'night
[06:53:23] *** Joins: Joe (Mibbit@Pony-2cact9.mi.comcast.net)
[06:53:30] <HentaiClop> Thanks ^/////^
[06:53:36] <HentaiClop> *Clop* *Clop* *Clop* *Clop* 
[06:53:59] * plushie_pegasus gives HentaiClop this   http://i.imgur.com/w497XuU.jpg
[06:54:11] <HentaiClop> hahahah , oh god
[06:54:15] <HentaiClop> Bye ^^ o/
[06:54:20] *** Quits: HentaiClop (Mibbit@Pony-6ps.ofr.62.189.IP) (Quit: http://www.mibbit.com ajax IRC Client)
[07:03:29] *** Quits: ToffeeChaser (Mibbit@Pony-30le7s.tn.charter.com) (Quit: http://www.mibbit.com ajax IRC Client)
[07:08:53] *** Joins: Wolfy (Wolfy@Pony-9jfb6q.dynamic.simnet.is)
[07:09:20] <Wolfy> Good morning
[07:09:33] <plushie_pegasus> hi Wolfy
[07:10:37] <plushie_pegasus> http://t.fod4.com/t/ef4c3a6dc8/c480x270_21.jpg <plushie G1
[07:11:15] *** Quits: Wolfy (Wolfy@Pony-9jfb6q.dynamic.simnet.is) (Client exited)
[07:12:42] * Nigiri humps the wolf good evening 
[07:14:04] <plushie_pegasus> http://orig15.deviantart.net/941a/f/2011/340/c/9/okay__one_more_fluttershy_by_bladespark-d4idw5v.jpg
[07:14:05] <FineLine> [ https://fav.me/d4idw5v ]
[07:19:27] <plushie_pegasus> Hey StarStream you awake?
[07:21:44] <plushie_pegasus> [plushie] 10/10 would yiff   http://www.sparkcostumes.com/photos/albums/userpics/DSCN1932.JPG
[07:27:35] *** Quits: Desirsar (CLU@Pony-9lg.gao.31.65.IP) (cadance.canternet.org cloudchaser.canternet.org)
[07:27:35] *** Quits: RedHelper (RedHelper@The.Pony.That.Makes.You.Smile) (cadance.canternet.org cloudchaser.canternet.org)
[07:27:35] *** Quits: Pony_78828 (sid32313@Pony-21drkf.irccloud.com) (cadance.canternet.org cloudchaser.canternet.org)
[07:27:35] *** Quits: Vulpixbrew (HoneyBrew@Pony-68js8b.res.rr.com) (cadance.canternet.org cloudchaser.canternet.org)
[07:27:35] *** Quits: weisey (sideways@silly.little.foxy.kit) (cadance.canternet.org cloudchaser.canternet.org)
[07:27:35] *** Quits: Nigiri (AndChat2442@Pony-1j4ll8.res.rr.com) (cadance.canternet.org cloudchaser.canternet.org)
[07:27:35] *** Quits: FineLine (FineLine@Pony-uvfbce.mssnks.sbcglobal.net) (cadance.canternet.org cloudchaser.canternet.org)
[07:27:35] *** Quits: Joe (Mibbit@Pony-2cact9.mi.comcast.net) (cadance.canternet.org cloudchaser.canternet.org)
[07:27:35] *** Quits: Chiv (Inuichi@Pony-hh0gv7.il.comcast.net) (cadance.canternet.org cloudchaser.canternet.org)
[07:27:35] *** Quits: Cel (Cel@Silver.Horizon) (cadance.canternet.org cloudchaser.canternet.org)
[07:27:40] *** Quits: eytosh (eytosh@Pony-uvfbce.mssnks.sbcglobal.net) (discord.canternet.org cadance.canternet.org)
[07:27:40] *** Quits: Shutter (tips@sudoku.prevention.hotline) (discord.canternet.org cadance.canternet.org)
[07:27:40] *** Quits: RubyPinch (x@Gem.Stealer) (discord.canternet.org cadance.canternet.org)
[07:27:40] *** Quits: eyeburn (eyeburn@secret.den.of.flaming.evil) (discord.canternet.org cadance.canternet.org)
[07:27:40] *** Quits: princesssluttershy (Princessslu@Pony-nk5k13.nb.bellaliant.net) (discord.canternet.org cadance.canternet.org)
[07:27:40] *** Quits: StarStream (StarStream@Pony-fkc.i75.99.192.IP) (discord.canternet.org cadance.canternet.org)
[07:27:40] *** Quits: iamalion (lion@king.of.da.jungle) (discord.canternet.org cadance.canternet.org)
[07:27:40] *** Quits: AstralMouse (quassel@Pony-uv9msl.wa.comcast.net) (discord.canternet.org cadance.canternet.org)
[07:27:40] *** Quits: Moka (rylai@libgryphon.so) (discord.canternet.org cadance.canternet.org)
[07:29:39] *** Joins: Nigiri (AndChat2442@Pony-1j4ll8.res.rr.com)
[07:29:39] *** Joins: eyeburn (eyeburn@secret.den.of.flaming.evil)
[07:29:39] *** Joins: eytosh (eytosh@Pony-uvfbce.mssnks.sbcglobal.net)
[07:29:39] *** Joins: Pony_78828 (sid32313@Pony-21drkf.irccloud.com)
[07:29:39] *** Joins: Chiv (Inuichi@Pony-hh0gv7.il.comcast.net)
[07:29:39] *** Joins: StarStream (StarStream@Pony-fkc.i75.99.192.IP)
[07:29:39] *** Joins: weisey (sideways@silly.little.foxy.kit)
[07:29:39] *** Joins: RubyPinch (x@Gem.Stealer)
[07:29:39] *** Joins: RedHelper (RedHelper@The.Pony.That.Makes.You.Smile)
[07:29:39] *** Joins: Cel (Cel@Silver.Horizon)
[07:29:39] *** Joins: Shutter (tips@sudoku.prevention.hotline)
[07:29:39] *** Joins: AstralMouse (quassel@Pony-uv9msl.wa.comcast.net)
[07:29:39] *** Joins: Moka (rylai@libgryphon.so)
[07:29:39] *** Joins: princesssluttershy (Princessslu@Pony-nk5k13.nb.bellaliant.net)
[07:29:39] *** Joins: iamalion (lion@king.of.da.jungle)
[07:29:39] *** Joins: Vulpixbrew (HoneyBrew@Pony-68js8b.res.rr.com)
[07:29:39] *** Joins: Desirsar (CLU@Pony-9lg.gao.31.65.IP)
[07:29:39] *** Joins: FineLine (FineLine@Pony-uvfbce.mssnks.sbcglobal.net)
[07:29:39] *** chrysalis.canternet.org sets mode: +vovvo eytosh weisey RubyPinch princesssluttershy iamalion
[07:30:06] <plushie_pegasus> Yipe a net split!
[07:30:44] *** iamalion is now known as iam[a]lion
[07:31:12] <plushie_pegasus> weisey, where did you go during the net split?
[07:32:33] <plushie_pegasus> that will taech them to be on -discord.canternet.org :-p
[07:32:49] <plushie_pegasus> *teach
[07:32:58] <princesssluttershy> cloudchaser was RIP too
[07:33:29] <plushie_pegasus> eyup
[07:42:29] <plushie_pegasus> so was cadance.canternet.org 
[07:43:27] <plushie_pegasus> when I log in, do I have a choice of server to be on?
[07:43:46] <plushie_pegasus> Or is it automatic?
[07:52:26] <plushie_pegasus> [humanized, plushie] http://pre04.deviantart.net/fe9b/th/pre/i/2013/191/c/b/fluttershy_plush_by_holivi-d6cu7e4.jpg
[07:52:26] <FineLine> [ https://fav.me/d6cu7e4 ]
[08:00:12] <plushie_pegasus> horny plushies are demanding i go to bed, GTG, goodnight everypony
[08:00:14] <FineLine> plushie_pegasus: Later
[08:03:32] *** Quits: plushie_pegasus (IceChat78@I.Love.plushies) (Quit: On the other hand, you have different fingers.)
[08:07:02] <Vulpixbrew> Were no strangers to love, you know the rules and so do i
[08:15:01] *** Joins: expatriate (Mibbit@Pony-6fml68.dctril.sbcglobal.net)
[08:31:40] <expatriate> work in progress http://i.imgur.com/jCXFhLq.png
[08:36:49] <Vulpixbrew> felina tell cloppyhooves https://i.imgur.com/kIUX0Ef.jpg
[08:36:49] <felina> Vulpixbrew: I'll pass that on when cloppyhooves is around.
[08:43:39] *** Quits: Vulpixbrew (HoneyBrew@Pony-68js8b.res.rr.com) (Connection closed)
[09:01:11] *** Quits: expatriate (Mibbit@Pony-6fml68.dctril.sbcglobal.net) (Quit: http://www.mibbit.com ajax IRC Client)
[09:03:00] <cloppyhooves> Awwwwww c:
[09:03:01] <felina> cloppyhooves: 26 min 11 sec ago <Vulpixbrew> tell cloppyhooves https://i.imgur.com/kIUX0Ef.jpg
[09:03:03] <cloppyhooves> Sorry I've been silent
[09:03:09] <cloppyhooves> I've been fangirling over undertale
[09:07:35] *** Quits: eytosh (eytosh@Pony-uvfbce.mssnks.sbcglobal.net) (cadance.canternet.org daring.canternet.org)
[09:07:35] *** Quits: Shutter (tips@sudoku.prevention.hotline) (cadance.canternet.org daring.canternet.org)
[09:07:35] *** Quits: RubyPinch (x@Gem.Stealer) (cadance.canternet.org daring.canternet.org)
[09:08:21] *** Joins: Shutter (tips@sudoku.prevention.hotline)
[09:08:21] *** Joins: eytosh (eytosh@Pony-uvfbce.mssnks.sbcglobal.net)
[09:08:21] *** Joins: RubyPinch (x@Gem.Stealer)
[09:08:21] *** daring.canternet.org sets mode: +vv eytosh RubyPinch
[09:51:22] <cloppyhooves> Good night, you sexy ponies!
[10:27:23] *** Joins: Wolfie (u931732@Pony-9jfb6q.dynamic.simnet.is)
[10:28:03] <Wolfie> hi
[10:30:31] *** Joins: Vulpixbrew (HoneyBrew@Pony-68js8b.res.rr.com)
[10:30:51] <Vulpixbrew> okay that was cool as all ouyt
[10:31:39] <Vulpixbrew> Geminid meteor shower, was out for a couple of hours
[10:31:53] <Vulpixbrew> peaked at 50 an hour
[10:34:56] <Wolfie> augh I missed that
[10:35:18] <Vulpixbrew> still might catch some tomorrow
[10:35:42] <Vulpixbrew> best one of the night I saw breaking up
[10:37:05] <Vulpixbrew> anyways of to beds for me
[10:42:24] <Wolfie> Gnight 
[10:50:25] * Wolfie huffs and curls
[11:03:57] *** Quits: Wolfie (u931732@Pony-9jfb6q.dynamic.simnet.is) (Connection closed)
[11:13:06] *** Quits: Cel (Cel@Silver.Horizon) (Connection closed)
[11:13:30] *** Joins: Cel (Cel@Silver.Horizon)
[11:59:47] * RubyPinch rings cel
[12:29:34] *** Quits: thaostra (thaostra@Pony-vs3e9e.nh.comcast.net) (Ping timeout: 121 seconds)
[12:31:32] *** Joins: AstralMouse_ (quassel@Pony-uv9msl.wa.comcast.net)
[12:34:00] *** Quits: AstralMouse (quassel@Pony-uv9msl.wa.comcast.net) (Ping timeout: 121 seconds)
[12:39:46] *** Joins: Squirrelly (Squirrelly@Pony-3ve80g.cicril.sbcglobal.net)
[12:43:16] <Squirrelly> Hello :)
[12:46:26] *** Quits: Squirrelly (Squirrelly@Pony-3ve80g.cicril.sbcglobal.net) (Connection closed)
[12:47:36] *** Joins: Squirrelly (Squirrelly@Pony-3ve80g.cicril.sbcglobal.net)
[12:47:39] *** Quits: Squirrelly (Squirrelly@Pony-3ve80g.cicril.sbcglobal.net) (A TLS packet with unexpected length was received.)
[13:09:34] *** Joins: Squirrelly (Squirrelly@Pony-3ve80g.cicril.sbcglobal.net)
[13:09:37] *** Quits: Squirrelly (Squirrelly@Pony-3ve80g.cicril.sbcglobal.net) (A TLS packet with unexpected length was received.)
[13:16:07] *** Quits: Cel (Cel@Silver.Horizon) (Ping timeout: 121 seconds)
[13:16:39] *** Joins: Cel (Cel@Silver.Horizon)
[13:27:32] *** Joins: thaostra (thaostra@Pony-5d5.gck.241.134.IP)
[13:27:33] *** ChanServ sets mode: +v thaostra
[14:48:11] * Vulpixbrew yips
[15:17:09] *** Quits: thaostra (thaostra@Pony-5d5.gck.241.134.IP) (Ping timeout: 121 seconds)
[15:39:02] *** Joins: Frosty (Hallfrost00@Pony-fkto2n.2lt4.5m2a.48f8.2001.IP)
[15:39:02] *** ChanServ sets mode: +o Frosty
[15:39:54] *** Joins: Serene_Flow (Serene_Flow@Pony-6nd29j.tx.charter.com)
[15:53:51] *** Joins: Wikkit (Mibbit@Pony-k2o7sk.ph.cox.net)
[15:53:58] *** ChanServ sets mode: +v Wikkit
[16:17:33] *** Quits: Vulpixbrew (HoneyBrew@Pony-68js8b.res.rr.com) (Ping timeout: 121 seconds)
[16:51:36] *** Quits: Katiepony (Mibbit@Pony-fu6uku.dyn.plus.net) (Quit: http://www.mibbit.com ajax IRC Client)
[16:55:53] *** Joins: thaostra (thaostra@Pony-5d5.gck.241.134.IP)
[16:55:53] *** ChanServ sets mode: +v thaostra
[16:56:32] *** Quits: thaostra (thaostra@Pony-5d5.gck.241.134.IP) (Quit: Leaving)
[16:56:45] *** Joins: thaostra (thaostra@Pony-5d5.gck.241.134.IP)
[16:56:45] *** ChanServ sets mode: +v thaostra
[17:09:51] *** Joins: kermit (Mibbit@Pony-q8l499.dynamic.sbb.rs)
[17:22:03] *** Joins: Wolfie (u931732@Pony-62dbj8.xdsl.is)
[17:22:18] *** Quits: Wolfie (u931732@Pony-62dbj8.xdsl.is) (Connection closed)
[17:24:47] *** Quits: kermit (Mibbit@Pony-q8l499.dynamic.sbb.rs) (Quit: http://www.mibbit.com ajax IRC Client)
[17:45:21] *** Quits: Serene_Flow (Serene_Flow@Pony-6nd29j.tx.charter.com) (Quit: http://www.kiwiirc.com/ - A hand crafted IRC client)
[17:47:00] *** Quits: cloppyhooves (cloppy@vixen.den) (Ping timeout: 121 seconds)
[17:47:21] *** iam[a]lion is now known as iamalion
[17:47:55] *** Joins: cloppyhooves (cloppy@vixen.den)
[17:47:55] *** ChanServ sets mode: +qo cloppyhooves cloppyhooves
[18:00:50] <iamalion> good morning loyal subjects! I require input!
[18:00:52] <iamalion> http://superunicorn.net/asdf.html
[18:01:00] <iamalion> do these render for you and do they look good
[18:02:52] <Frosty> Sure.
[18:03:02] <iamalion> hurrah
[18:03:14] <Frosty> Man, I got pizza Johns on the way, I got Okami booted back up- today is a good day
[18:05:32] <iamalion> \o/
[18:08:58] * Moka flops
[18:11:25] * iamalion flops onto Moka
[18:11:27] <iamalion> .-.
[18:11:56] * Moka floofs up to absurd amounts and envelops the lion
[18:12:11] * iamalion purrs from within the floof
[18:12:36] <Moka> iamalion: https://i.imgur.com/1nbvffP.png retina mbp 
[18:13:27] <iamalion> the inconsistency of the 180 arrow is bugging the hell out of me
[18:16:14] <Frosty> QQ more?
[18:16:18] <Moka> lol
[18:16:22] <Moka> anyways
[18:17:11] <Moka> ah
[18:17:15] <Moka> that's a font, not a vector
[18:17:52] <Moka> that explains it ;p
[18:18:03] <iamalion> Yeah, think ill just use images then
[18:26:27] <Frosty> Lion
[18:27:19] <Frosty> Youarealion
[18:28:16] <Frosty> Iama
[18:32:34] <Frosty> Where the hell is this pizza?
[18:34:35] <Frosty> Also, has anyone in here Watched Claymore?
[18:35:14] *** eyeburn is now known as Starburn
[18:40:28] <iamalion> i am a lionnnn
[18:40:30] <iamalion> http://superunicorn.net/test/
[18:40:30] <FineLine> [ SU | Rotate Image ]
[18:40:34] <iamalion> yall play with that
[18:41:32] <Frosty> Lionm
[18:41:40] <Frosty> Come over and make soup with me this weekend
[18:43:11] <iamalion> but i worrrrrk
[18:43:14] <cloppyhooves> I dunno if it's just my browser, but sometimes the image rotates but doesn't update
[18:43:20] <cloppyhooves> So if it's oriented correctly
[18:43:33] <cloppyhooves> I hit 180 and it'll look like the image hasn't changed
[18:43:40] <Frosty> You wok on the weekends?
[18:43:45] <iamalion> if you refresh does it?
[18:43:57] <cloppyhooves> But then I hit rotate CW  and it'll be pointing left
[18:44:31] <iamalion> there are other people playing iwth it
[18:44:35] <cloppyhooves> Refreshing does fix it, yeah
[18:47:09] <iamalion> try now, not as many people are messing with it
[18:47:16] <iamalion> or click png 
[18:54:24] <Frosty> If I fill out a report, who reads it?
[18:55:01] <iamalion> the report reader
[18:55:14] <Frosty> Is that you? Are you re RR?
[19:03:07] <Frosty> Guys, I need mouse pads. Any reccos?
[19:03:54] <iamalion> uhhh
[19:03:55] <iamalion> i dunno
[19:04:27] <Frosty> Boobie mouse pad suggestions are also accepted.
[19:08:37] <RubyPinch> oppai
[19:14:59] <iamalion> oh i see what you mean cloppyhooves
[19:15:00] <iamalion> grrrrr
[19:15:03] <iamalion> stupid caching
[19:16:12] <Frosty> I think my chair broke.
[19:16:17] <Frosty> My only chair.
[19:17:36] <iamalion> squat
[19:17:42] <Frosty> thaostra, buy me a new one for christmas.
[19:31:23] *** Joins: Vulpixbrew (HoneyBrew@Pony-68js8b.res.rr.com)
[19:35:40] *** Quits: Frosty (Hallfrost00@Pony-fkto2n.2lt4.5m2a.48f8.2001.IP) (Connection closed)
[19:39:26] * Vulpixbrew yips
[19:43:36] *** Quits: thaostra (thaostra@Pony-5d5.gck.241.134.IP) (Quit: Leaving)
[19:54:17] *** Joins: Wolfie (u931732@Pony-9jfb6q.dynamic.simnet.is)
[19:54:46] * Wolfie whines and limps in with his sore tailbone
[20:00:24] *** Quits: Cel (Cel@Silver.Horizon) (Ping timeout: 121 seconds)
[20:00:47] *** Joins: Cel (Cel@Silver.Horizon)
[20:03:49] * Vulpixbrew nuzzles the sore tail
[20:07:01] <Wolfie> it's so slippery outside 
[20:07:26] <Wolfie> no one bothered to shovel the snow off the pavement and now it's all frozen solid
[20:10:06] *** Joins: AndChat|244209 (AndChat2442@Pony-cnu.i8n.87.66.IP)
[20:10:39] * AndChat|244209 uses fluffy things as a chair 
[20:11:41] *** Quits: Nigiri (AndChat2442@Pony-1j4ll8.res.rr.com) (Ping timeout: 121 seconds)
[20:12:55] <weisey> Take a pratfall didja Wolfie ?
[20:13:38] <Wolfie> whut? 
[20:13:43] <Wolfie> I just fell on ma butt
[20:14:34] <weisey> Yeah
[20:14:39] <weisey> Fell on your prat
[20:15:10] <weisey> noun
[20:15:11] <weisey> informal
[20:15:11] <weisey> a fall onto one's buttocks.
[20:15:13] <weisey> "he took a pratfall into the sand"
[20:15:53] <Wolfie> aaaa
[20:15:55] <Wolfie> til
[20:17:44] <weisey> Alternately, an embarrassing or humiliating action 
[20:18:46] <weisey> Of which falling on your butt is one 
[20:19:06] *** Quits: AndChat|244209 (AndChat2442@Pony-cnu.i8n.87.66.IP) (Ping timeout: 121 seconds)
[20:21:43] *** Joins: Nigiri (AndChat2442@Pony-n47.oq3.87.66.IP)
[20:23:01] *** Joins: AndChat|244209 (AndChat2442@Pony-q3l.i8n.87.66.IP)
[20:25:47] *** Quits: Nigiri (AndChat2442@Pony-n47.oq3.87.66.IP) (Ping timeout: 121 seconds)
[20:31:18] *** Quits: AndChat|244209 (AndChat2442@Pony-q3l.i8n.87.66.IP) (Quit: Bye)
[20:31:23] *** Joins: Nigiri (AndChat2442@Pony-q3l.i8n.87.66.IP)
[20:32:41] *** Quits: Wolfie (u931732@Pony-9jfb6q.dynamic.simnet.is) (Connection closed)
[20:40:07] *** Joins: Giggles (Giggles@Pony-na9.u7f.170.166.IP)
[20:40:07] *** ChanServ sets mode: +v Giggles
[20:40:26] <Giggles> Hello friends
[20:43:15] <iamalion> Hello!
[20:44:22] <Giggles> :) 
[20:52:25] *** Quits: Nigiri (AndChat2442@Pony-q3l.i8n.87.66.IP) (Ping timeout: 121 seconds)
[20:58:51] <Giggles> What is anyone doing? Are 
[21:05:42] <iamalion> am working right meow
[21:06:25] <Giggles> Me too.  :D
[21:07:06] <Giggles> Wow,  we should start a club. 
[21:08:26] <iamalion> ikr
[21:21:09] *** Joins: Wolfy (Wolfy@Pony-9jfb6q.dynamic.simnet.is)
[21:21:22] <Wolfy> Awoo
[21:27:35] <Giggles> He wolfy
[21:27:58] <Wolfy> I wolfy
[21:40:26] *** Quits: Chiv (Inuichi@Pony-hh0gv7.il.comcast.net) (Quit: Leaving)
[21:46:33] *** Quits: Desirsar (CLU@Pony-9lg.gao.31.65.IP) (Connection closed)
[21:46:44] *** Joins: Desirsar (CLU@Pony-1uf877.res.rr.com)
[21:48:20] *** Quits: Desirsar (CLU@Pony-1uf877.res.rr.com) (Connection closed)
[21:55:43] * Wolfy scritches his chin
[22:01:26] *** Quits: Giggles (Giggles@Pony-na9.u7f.170.166.IP) (Ping timeout: 121 seconds)
[22:01:59] *** Joins: RNGsus (RNGsus@Pony-kut12l.cable.mindspring.com)
[22:12:09] *** Joins: Desirsar (Desirsar@Pony-1uf877.res.rr.com)
[22:25:45] *** Joins: Giggles (Giggles@Pony-mta.15h.170.166.IP)
[22:25:45] *** ChanServ sets mode: +v Giggles
[22:39:55] *** Quits: Desirsar (Desirsar@Pony-1uf877.res.rr.com) (Connection closed)
[22:39:55] <iamalion> https://www.reddit.com/r/uptimeporn/top/
[22:39:57] *** Joins: Desirsar (Desirsar@Pony-1uf877.res.rr.com)
[22:46:19] <Wolfy> Gotta keep it up
[22:48:01] *** Joins: ponder (Mibbit@Pony-1flmjf.du.xdsl.is)
[22:48:12] <ponder> I've got something that is up, if you know what I mean!
[22:49:04] <ponder> I am talking about my penis.
[22:51:16] <Wolfy> I bet iamalions servers need viagra
[22:54:47] *** Joins: diny (Mibbit@Pony-tn0.t0d.3.185.IP)
[22:55:17] <ponder> Do they?
[22:56:11] <Wolfy> Theys got performance anxiety
[22:56:19] <ponder> Poor servers
[22:56:22] <iamalion> uwot Wolfy
[22:56:56] <diny> has anyone here actually taken viagra or its non trademark equivalent?
[22:57:08] <iamalion> neg, everything is fully functional
[22:57:20] <Wolfy> Pfff
[22:58:03] <ponder> you should take viagra if you don't have erectile dysfunction, since it can damage your peepee
[22:58:07] <ponder> shouldn't*
[22:58:17] <Giggles> Wow,  I was gonna say. 
[22:58:25] <ponder> hehe
[22:58:29] <Wolfy> Giggity
[22:59:55] <ponder> But yeah, I've never needed help to get it up
[23:00:40] <ponder> Admittedly, I have never slept with anyone, so performance anxiety has never been a problem in that regard.
[23:07:12] <Giggles> Oh man I need help.  Sex is like the most boring thing ever invented. 
[23:07:36] <diny> Oo
[23:08:27] <Wolfy> Mmhm
[23:08:32] <Wolfy> Icky mess
[23:08:39] <diny> tried using toys in foreplay?
[23:08:43] <ponder> I'd still like to try it.
[23:30:29] *** Quits: Wolfy (Wolfy@Pony-9jfb6q.dynamic.simnet.is) (Client exited)
[23:30:40] *** Joins: Nigiri (AndChat2442@Pony-2o4n6j.pools.spcsdns.net)
[23:38:15] *** Joins: thaostra (thaostra@Pony-vs3e9e.nh.comcast.net)
[23:38:15] *** ChanServ sets mode: +v thaostra
[23:38:49] *** Joins: Squirrelly (Squirrelly@Pony-3ve80g.cicril.sbcglobal.net)
[23:38:50] <iamalion> god i love aussie accents
[23:38:54] <iamalion> mmm
[23:39:02] <Squirrelly> Hiiiii
[23:39:07] <iamalion> last customer had a really strong aussie accent
[23:39:09] <iamalion> hi sqw!
[23:39:14] <diny> hi Squirrelly 
[23:39:15] <Squirrelly> :3
[23:39:34] <Squirrelly> I prefer Irish and Scottish accents
[23:39:42] <Squirrelly> Sooooo hot
[23:39:54] <diny> iamalion: like comically Australian accent?
[23:39:59] <iamalion> i find those to be entertaining to listen to
[23:40:05] <iamalion> but aus and british accents, splooosh
[23:40:07] <iamalion> yeah diny
[23:40:08] <Squirrelly> A cute Irish boy, with that accent? Oh my GAAAWD
[23:41:10] <diny> yeah, I have to say that no one speaks like that here
[23:43:22] <ponder> You call that a knoife?
[23:44:28] <diny> inb4 arrested for having a knife in public
[23:44:30] <Squirrelly> Next you're gonna tell me there's no drop bears
[23:44:45] <Nigiri> What are you doing! 
[23:44:51] <diny> arrr yes, the good old drop bares
[23:44:57] <Nigiri> Wild Pokémon jump out of tall grass 
[23:45:45] <ponder> No koala pokemon. 1/10
[23:45:49] <Nigiri> My eve Corp is made almost entirely out of Scottish people 
[23:46:31] <ponder> I once played Eve online
[23:46:32] <ponder> Once.
[23:47:02] <Nigiri> Clearly you have bad taste in games
[23:47:28] *** Quits: Vulpixbrew (HoneyBrew@Pony-68js8b.res.rr.com) (Connection closed)
[23:47:59] <ponder> Hey, Ride to Hell: Retribution is an underappreciated classic!
[23:51:10] *** Quits: Squirrelly (Squirrelly@Pony-3ve80g.cicril.sbcglobal.net) (Connection closed)
[23:51:41] *** Joins: AndChat|244209 (AndChat2442@Pony-tta.i8n.87.66.IP)
[23:52:03] <AndChat|244209> Sprint is dumb D:
[23:53:05] *** Quits: Nigiri (AndChat2442@Pony-2o4n6j.pools.spcsdns.net) (Ping timeout: 121 seconds)
[23:54:03] <RNGsus> verizon (tm) is the way to go
[23:55:27] <RubyPinch> "<iamalion> but aus and british accents, splooosh" oh hello there
[23:56:03] <diny> hi RubyPinch 
[23:56:36] <RubyPinch> hihi
