[00:00:01] <AmberTT> I could take a look o-o
[00:00:54] <RNGsus> today I found https://www.reddit.com/r/gaystoriesgonewild/
[00:00:58] <RNGsus> Today was a good day
[00:01:16] <cloppyhooves> http://pastebin.com/kqsMSG2c
[00:01:17] <FineLine> [ Fursona ideas (raw) - Pastebin.com ]
[00:01:21] <cloppyhooves> Thank you to those that do c:
[00:03:07] <cloppyhooves> I'm going to be gone for 2 or 3 hours
[00:03:10] <cloppyhooves> See you sexy ponies later!
[00:03:17] <AmberTT> baai
[00:04:11] <Frosty> Cloppy was all like "hey, wanna do bitch work? Cool, here you go. I'm gonna go have fun for 3 hours. Douces."
[00:04:38] <cloppyhooves> >.>
[00:04:39] <iamalion> rofl
[00:04:39] <cloppyhooves> <.<
[00:04:52] <cloppyhooves> (I'm actually going to a midterm, though)
[00:05:11] <Frosty> "I'm actually going to advance my life and career"
[00:07:19] <iamalion> “The Water Division will be chlorinating the City water system in the beginning of November for 30 (thirty) continuous days as part of the fall routine maintenance.”
[00:07:21] <iamalion> FFFFFFFFFFFFFFFFFFFFFFFFFFFFFFF
[00:07:23] <Vulpixbrew> hey who here wants to guess what my costume for 2pooky4meday is
[00:07:25] <iamalion> time to stock up on water
[00:08:01] <Vulpixbrew> discard water drink soda and beer
[00:08:08] <Frosty> ^
[00:08:23] <iamalion> i drink about 2.5 L of water a day
[00:08:39] <Frosty> Weirdo
[00:11:22] <iamalion> ty
[00:11:25] <iamalion> am aquatic lion
[00:12:39] <Frosty> And the only way you can live is with a lot of water a day
[00:12:48] <Vulpixbrew> http://www.usatoday.com/story/news/nation-now/2015/10/26/report-human-dna-found-hot-dogs/74617102/
[00:12:48] <FineLine> [ Report: Human DNA found in hot dogs ]
[00:13:06] <Frosty> Someone fucked a dog
[00:13:20] <Vulpixbrew> Hot Dogs are the new solyent green
[00:13:34] <RNGsus> >tastes great
[00:13:38] <Frosty> Oh, hog dogs.
[00:13:40] <RNGsus> I dont see a problem
[00:13:42] <Frosty> I misread
[00:13:48] <RNGsus> I did too
[00:25:43] *** Joins: Desirsar- (clu@Pony-1uf877.res.rr.com)
[00:25:43] *** Quits: Desirsar (clu@Pony-1uf877.res.rr.com) (Connection closed)
[00:27:43] *** Desirsar- is now known as Desirsar
[00:57:04] *** Quits: AmberTT (Mibbit@Pony-u83ved.co.comcast.net) (Quit: http://www.mibbit.com ajax IRC Client)
[01:01:17] <weisey> http://imgur.com/gallery/eg9tV0x TWICE IN ONE DAY
[01:01:17] <FineLine> [ A little late for the bandwagon....but here's a Star Wars ... ]
[01:01:19] <weisey> FUCK ME
[01:05:52] <Nigiri> No. 
[01:25:57] <Frosty> The proper response is actually "Yes, ma'am."
[01:27:21] <Frosty> I wanted to start streaming, but it's really difficult to get going.
[01:27:51] <weisey> http://imgur.com/gallery/LUbACUF 110% true facks
[01:27:52] <FineLine> [ myst - Imgur ]
[01:29:42] *** Quits: angelicoreXX (uid122105@Pony-78jqj0.brockwell.irccloud.com) (Quit: )
[01:43:11] *** Quits: RNGsus (RNGsus@Pony-kut12l.cable.mindspring.com) (Connection closed)
[01:50:05] <Frosty> I wanted to draw, but I don't have a single pencil in my house
[01:56:43] <Frosty> night all
[01:56:44] <FineLine> Frosty: Later!
[01:56:47] *** Quits: Frosty (Hallfrost00@Pony-fkto2n.2lt4.5m2a.48f8.2001.IP) (Connection closed)
[01:59:56] *** Quits: Nigiri (AndChat2442@Pony-hpb.r3i.30.198.IP) (Connection closed)
[02:00:32] *** Joins: AndChat-244209 (AndChat2442@Pony-jlc.rrl.87.66.IP)
[02:01:13] * iamalion hugs RubyPinch tight
[02:03:26] *** AndChat-244209 is now known as Nigiri
[02:03:51] <Vulpixbrew> http://i.imgur.com/17djyaF.gifv
[02:07:08] *** Joins: ipreeb (Mibbit@Pony-6i0emh.res.rr.com)
[02:07:08] <FineLine> ipreeb: Welcome to clopchat, an 18+ chat for MLP porn. Don't forget to read the topic and enjoy your stay!
[02:11:17] <Princesssluttershy> https://www.youtube.com/watch?v=-8uKfV1yfGk
[02:12:46] *** Quits: ipreeb (Mibbit@Pony-6i0emh.res.rr.com) (Quit: http://www.mibbit.com ajax IRC Client)
[02:41:51] *** Joins: AndChat|244209 (AndChat2442@Pony-1j4ll8.res.rr.com)
[02:44:42] *** Quits: Nigiri (AndChat2442@Pony-jlc.rrl.87.66.IP) (Ping timeout: 121 seconds)
[02:51:58] <Vulpixbrew> I just got a letter from a church
[02:52:19] <cloppyhooves> I'm back c:
[02:54:31] <Vulpixbrew> welcome back cloppyhooves
[02:54:38] <Vulpixbrew> how did it gO?
[02:55:06] <cloppyhooves> Not the best, but not terrible :o
[02:55:15] <Vulpixbrew> yay not terrible
[02:55:33] <Vulpixbrew> okay I am sitting here reading this letter from the church
[02:55:52] <Vulpixbrew> that I haven't been to since way before coming out of the closet
[02:55:55] <Vulpixbrew> and they want money
[02:57:15] *** AndChat|244209 is now known as Nigiri
[02:57:29] * Nigiri cums in the vulpix's closet 
[02:57:34] <cloppyhooves> Not to be rude, but did anyone manage to do my request? c:
[02:58:33] <Nigiri> I can do it now if you want 
[02:58:37] <Nigiri> I was in class 
[02:59:07] <Nigiri> And in return I only expect 1 butt squeeze 
[02:59:53] <Vulpixbrew> I am writing an honest response tothe church
[03:00:16] <iamalion> Glory to comrade skeltal
[03:00:57] <Nigiri> My 75 year old deeply Catholic grandmother stopped going to church because of how they treated the recent marriage equality thing 
[03:01:26] <cloppyhooves> I can give butt squeezes c:
[03:01:48] <Princesssluttershy> What was your request?
[03:02:04] <cloppyhooves> [15:59:06] <cloppyhooves> I was talking to people about fursona ideas and now I have a raw text log
[03:02:04] <cloppyhooves> [15:59:16] <cloppyhooves> I need someone to pare it down to just the main ideas and cut out the fluff c:
[03:02:08] <Vulpixbrew> and I am goning to donate 10 dollars a piece to the ollowing charties Equality NC (gay right), planned parenthood, amd a politican I shall not name but is very popluar on the internet, 
[03:02:47] <Princesssluttershy> Oh wow cloppyhooves I don't have the time for that right now sorry D:
[03:03:52] <Vulpixbrew> sorry cloppy I forgot about it
[03:04:33] <Princesssluttershy> weisey, I can finally play competitive in CS again on my new account I've been getting placed with MGEs and been top fragging ^-^
[03:04:42] <weisey> WO
[03:04:43] <weisey> WOW
[03:04:45] <weisey> WOW
[03:04:49] <weisey> MAKE ME FEEL BAD WHY DONT YOU
[03:05:00] <Princesssluttershy> lol
[03:05:00] <weisey> (just kidding, but god damn it)
[03:05:14] <weisey> IVE BEEN PLAYING WITH DMG AND LE AND STILL NO RANK UP TO MGE
[03:05:30] <Princesssluttershy> Wow dude that sucks
[03:05:34] <Princesssluttershy> hard core
[03:06:01] <Princesssluttershy> I don't even feel like I'm playing much better than I was before :/
[03:06:02] <Nigiri> What's MGE? 
[03:06:08] <Princesssluttershy> Master Guardian Elite
[03:06:11] <Princesssluttershy> a rank in CSGO
[03:08:12] <Princesssluttershy> I gotta go work in the morning D:
[03:08:37] <cloppyhooves> !tell Wolfy http://imgur.com/gallery/kSEc5DW
[03:08:37] <FineLine> cloppyhooves: I'll pass that on when Wolfy is around.
[03:08:38] <FineLine> [ A lot of love for giant felines. What about wolves? ... ]
[03:12:50] <iamalion> http://i.imgur.com/to7cLm6.png
[03:12:53] <iamalion> fucking rocking it tonight
[03:12:55] <iamalion> w00t
[03:16:04] <cloppyhooves> http://i.imgur.com/LjFqp0E.webm
[03:16:56] <iamalion> oh god
[03:16:58] * iamalion seizes
[03:20:58] <Guilygryph> AHHHHHHHHHHHH
[03:20:59] <FineLine> Guilygryph: 2015-10-26 - 02:36:42 <cloppyhooves> Yiff >> https://i.imgur.com/uOIMopx.png
[03:23:11] <Vulpixbrew> omg
[03:23:18] <Vulpixbrew> I have a new life goal
[03:23:25] <Vulpixbrew> to hold a baby lion like that
[03:23:43] * Nigiri wants to cum on every continent 
[03:23:59] <iamalion> my goal is to fuck a jungle cat
[03:24:03] *** Joins: CelX (Cel@Silver.Horizon)
[03:27:11] *** Quits: Cel (Cel@Silver.Horizon) (Ping timeout: 121 seconds)
[03:27:49] <Vulpixbrew> Nigiri you next challange is antarcia at he south pole
[03:29:53] * Nigiri thinks iamalion could probably hump amber, she's a jangle cat 
[03:30:35] <iamalion> :o
[03:33:45] <weisey> Jangle coot
[03:35:03] <weisey> https://soundcloud.com/flamingosis/windows-95-n-chill
[03:35:04] <FineLine> [ Windows 95 N' Chill by Flamingosis | Free Listening on ... ]
[03:36:45] *** iamalion is now known as iam[a]lion
[03:47:33] <cloppyhooves> https://i.imgur.com/fBxqmwa.jpg
[03:51:31] <Vulpixbrew> Beat Hazard
[03:51:41] <Vulpixbrew> on suicadal diffcultity
[03:51:51] <Vulpixbrew> sio much crap on screem at once
[03:52:08] <Vulpixbrew> 9rn of her already
[03:52:12] <Vulpixbrew> porn*
[03:57:31] <Vulpixbrew> hey is there a way on steam to sort your games on the type of game
[04:14:22] <cloppyhooves> http://zapsnapples.deviantart.com/art/Brownie-wears-some-stockings-568318158
[04:14:23] <FineLine> [ Brownie wears some stockings by zapsnapples on DeviantArt ]
[04:15:55] <Nigiri> Why am I so tired all the time :c
[04:29:07] <cloppyhooves> https://twitter.com/jk_rowling/status/601355861248860160?lang=en
[04:29:08] <FineLine> [ J.K. Rowling on Twitter: ".@Mattdavelewis Not as bad as watching ... ]
[04:29:14] <cloppyhooves> And then
[04:29:15] <cloppyhooves> https://twitter.com/jk_rowling/status/601357841019047936?lang=en
[04:29:16] <FineLine> [ J.K. Rowling on Twitter: ".@Mattdavelewis I will always support you ... ]
[04:29:45] <cloppyhooves> For reference: http://ll-media.tmz.com/2015/05/21/0521-matthew-lewis-attitude-3.jpg
[04:30:15] * Nigiri would do lewd things to him 
[04:31:10] <cloppyhooves> http://oglaf.com/SAT/
[04:31:10] <FineLine> [ Self-Awarding Trophy ]
[04:32:35] * Nigiri hands the trophey to cloppy 
[04:33:13] <cloppyhooves> :D
[04:33:15] <cloppyhooves> http://oglaf.com/sextiles/
[04:33:15] <FineLine> [ Sextiles ]
[04:34:44] * Vulpixbrew puts n the clothes
[04:35:34] <cloppyhooves> http://oglaf.com/re-illusionist/
[04:35:34] <FineLine> [ Return of the Illusionist OR IS IT? ]
[04:38:38] <cloppyhooves> http://oglaf.com/hotbroiler/
[04:38:38] <FineLine> [ Hot Broiler ]
[04:46:12] <Vulpixbrew> ooo I keep forgetting about that comic
[04:46:17] <Vulpixbrew> yet it is soo funny
[04:56:36] <cloppyhooves> http://ponutjoe.tumblr.com/post/112406304531
[04:56:37] <FineLine> [ Ponut Joe's Pony Ride ]
[04:56:47] <cloppyhooves> http://ponutjoe.tumblr.com/image/131944455256
[04:56:48] <FineLine> [ Ponut Joe's Pony Ride : Photo ]
[04:59:03] *** Joins: Evelina (Mibbit@Pony-dc5o24.res.rr.com)
[04:59:03] *** ChanServ sets mode: +o Evelina
[04:59:42] <Vulpixbrew> Evelina!
[04:59:55] <cloppyhooves> Hi Evelina c:
[04:59:56] * Nigiri noms Evelina tail 
[05:00:30] * Evelina hugs the assorted animals
[05:00:35] <Evelina> cloppyhooves! I'm G3 now!
[05:00:36] <felina> Evelina: 1 day 11 hours ago <Vulpixbrew> tell evelina http://i.imgur.com/NUaPhsc.jpg
[05:01:05] <cloppyhooves> Awesome! :D
[05:01:21] <cloppyhooves> Do you wanna do some hunting? c:
[05:01:38] <Evelina> OOh I like that picture form vulpix
[05:01:45] <Evelina> And yea, that would be fun if you are up for it
[05:01:45] <Vulpixbrew> Yay
[05:01:46] <FineLine> [](/ajyay "Yay")
[05:02:00] <cloppyhooves> I am!
[05:02:13] * Nigiri can't find her 3ds charger :c
[05:03:40] * Vulpixbrew pulls out an air 3ds and starts making pokemon noises
[05:03:53] * Vulpixbrew appeartly has nothing but vulpixs on his team
[05:04:31] *** Joins: HentaiClop (Mibbit@Pony-6ps.ofr.62.189.IP)
[05:04:47] * Nigiri thinks that's a pretty cute team 
[05:05:10] *** iam[a]lion is now known as iamalion
[05:05:18] <iamalion> i made cupcakes
[05:05:24] <iamalion> plain chocolate no bullshit cupcakes
[05:05:25] <iamalion> so good
[05:05:54] * Nigiri mouth waters at cup cake 
[05:08:18] *** Joins: Buttstuffer (Mibbit@Pony-dc5o24.res.rr.com)
[05:08:18] <FineLine> Buttstuffer: Welcome to clopchat, an 18+ chat for MLP porn. Don't forget to read the topic and enjoy your stay!
[05:08:29] *** Quits: Evelina (Mibbit@Pony-dc5o24.res.rr.com) (Killed (NickServ (GHOST command used by Buttstuffer)))
[05:08:39] *** Buttstuffer is now known as evelina
[05:08:48] *** ChanServ sets mode: +o evelina
[05:08:56] *** evelina is now known as Evelina
[05:10:19] <Vulpixbrew> Im playing ftkl on a lanius ship with a fulllanius crew
[05:10:43] <Vulpixbrew> intruders are cute at this point
[05:12:48] <Vulpixbrew> lanius suck all the oxygen out of the room
[05:12:56] <Vulpixbrew> I have all my doors open to space
[05:29:04] <Vulpixbrew> well that ended in well
[05:54:33] <Vulpixbrew> http://imgur.com/r/ClopClop/ImQDskp
[05:54:33] <FineLine> [ Romantic mother son bonding(artist 3mangos) - Imgur ]
[05:55:40] <HentaiClop> Nice
[05:57:11] <HentaiClop> http://d.facdn.net/art/fatalpony/1332768391/1332768391.fatalpony_stuffed_shy.jpg
[05:58:53] <HentaiClop> https://static1.e621.net/data/2a/bb/2abb80750f150f80b092391d7226ca09.jpg
[05:58:53] <FineLine> [ https://e621.net/post/show?md5=2abb80750f150f80b092391d7226ca09 ]
[06:00:18] <HentaiClop> https://static1.e621.net/data/52/c7/52c7b1f9a9ae644bfbdc543dedcc501b.jpg
[06:00:18] <FineLine> [ https://e621.net/post/show?md5=52c7b1f9a9ae644bfbdc543dedcc501b ]
[06:00:52] <cloppyhooves> Yiff >> https://static1.e621.net/data/19/1e/191e269c8ac79719da4d64ad91f6c029.jpg
[06:00:52] <FineLine> [ https://e621.net/post/show?md5=191e269c8ac79719da4d64ad91f6c029 ]
[06:01:15] <HentaiClop> Good xD
[06:08:45] <HentaiClop> https://static1.e621.net/data/2d/fe/2dfeabeadeb787d0f149e67ed25b1707.jpg
[06:08:46] <FineLine> [ https://e621.net/post/show?md5=2dfeabeadeb787d0f149e67ed25b1707 ]
[06:10:13] <HentaiClop> https://static1.e621.net/data/71/65/7165a6dc94bf9b0426cfc44a2e02322d.jpg
[06:10:13] <FineLine> [ https://e621.net/post/show?md5=7165a6dc94bf9b0426cfc44a2e02322d ]
[06:10:39] <HentaiClop> https://static1.e621.net/data/45/f7/45f7e3b902d01d04dcfd3d4b06a79ae8.jpg
[06:10:39] <FineLine> [ https://e621.net/post/show?md5=45f7e3b902d01d04dcfd3d4b06a79ae8 ]
[06:11:30] <HentaiClop> https://static1.e621.net/data/2c/52/2c52192af7f3a654757f360e77692240.gif
[06:11:31] <FineLine> [ https://e621.net/post/show?md5=2c52192af7f3a654757f360e77692240 ]
[06:12:10] <Vulpixbrew> ok sleepy time for this fox
[06:12:16] <Vulpixbrew> meds are kicking in
[06:12:34] *** Quits: Vulpixbrew (HoneyBrew@Pony-68js8b.res.rr.com) (Connection closed)
[06:12:35] <HentaiClop> ok , no prob
[06:13:57] <HentaiClop> https://static1.e621.net/data/a6/40/a640085102c4cf0b6aa56b26a13f1c30.png
[06:13:58] <FineLine> [ https://e621.net/post/show?md5=a640085102c4cf0b6aa56b26a13f1c30 ]
[06:17:32] <HentaiClop> https://static1.e621.net/data/ef/02/ef024c05000ab8200a0f7e80f5a5eeeb.gif
[06:17:33] <FineLine> [ https://e621.net/post/show?md5=ef024c05000ab8200a0f7e80f5a5eeeb ]
[06:22:02] *** Joins: StallionSucker (Mibbit@Pony-lbudcc.or.comcast.net)
[06:22:02] <FineLine> StallionSucker: Welcome to clopchat, an 18+ chat for MLP porn. Don't forget to read the topic and enjoy your stay!
[06:22:21] <StallionSucker> Yo.
[06:22:33] <HentaiClop> Hi
[06:22:46] <StallionSucker> Whatcha guys up to?
[06:23:18] <StallionSucker> Seems a little too exciting for me.
[06:23:39] <HentaiClop> Well... i'm just clopping :v
[06:23:50] <StallionSucker> Hm. Me too.
[06:24:00] * Nigiri very busy sleeping 
[06:24:11] <HentaiClop> Nice =P
[06:24:27] <StallionSucker> Why sleep when there's clop?
[06:24:35] <HentaiClop> https://static1.e621.net/data/f2/44/f24418eed27e4d5f9a49b86eb14323a7.png
[06:24:35] <FineLine> [ https://e621.net/post/show?md5=f24418eed27e4d5f9a49b86eb14323a7 ]
[06:24:37] <HentaiClop> True
[06:25:16] <StallionSucker> So. HentaiClop.
[06:25:35] * Nigiri busy being filled by a dragon on another irc server 
[06:25:44] <HentaiClop> https://static1.e621.net/data/2c/74/2c748d53515b58a3fc82f98965a6adfe.gif
[06:25:44] <FineLine> [ https://e621.net/post/show?md5=2c748d53515b58a3fc82f98965a6adfe ]
[06:25:57] <HentaiClop> what ? :v
[06:26:14] <StallionSucker> You wanna go someplace quieter?
[06:26:31] <HentaiClop> https://static1.e621.net/data/9d/bb/9dbb86082d8ad2b2cb9a929028f61977.png
[06:26:31] <FineLine> [ https://e621.net/post/show?md5=9dbb86082d8ad2b2cb9a929028f61977 ]
[06:26:33] <HentaiClop> Nope
[06:26:40] <HentaiClop> I just want t cum and sleep
[06:26:56] <StallionSucker> Man. Rejected in front of all these 2 people.
[06:27:10] <HentaiClop> https://static1.e621.net/data/87/db/87db9d1b1d35196595293ae798c7cbfb.png
[06:27:10] <FineLine> [ https://e621.net/post/show?md5=87db9d1b1d35196595293ae798c7cbfb ]
[06:27:13] <HentaiClop> Sorry :I
[06:27:29] <StallionSucker> Too much pussy.
[06:27:51] <HentaiClop> Yeah :3
[06:28:03] <StallionSucker> Needs more cawk
[06:29:24] <StallionSucker> http://miburl.com/DCcuya 
[06:29:24] <FineLine> [ Mibbit.com - Easy and fast Webchat ]
[06:29:52] <HentaiClop> https://static1.e621.net/data/b3/dc/b3dcee6745f35be0dadf2ca0e36c19dd.png
[06:29:52] <FineLine> [ https://e621.net/post/show?md5=b3dcee6745f35be0dadf2ca0e36c19dd ]
[06:29:54] <HentaiClop> here :3
[06:30:19] <StallionSucker> Stupid minify crap. https://static1.e621.net/data/9d/04/9d044229cf970aea429d74639fa4f9c6.png
[06:30:19] <FineLine> [ https://e621.net/post/show?md5=9d044229cf970aea429d74639fa4f9c6 ]
[06:31:10] <StallionSucker> My planet needs me.
[06:31:11] *** iamalion is now known as iam[a]lion
[06:31:36] *** Quits: StallionSucker (Mibbit@Pony-lbudcc.or.comcast.net) (Quit: http://www.mibbit.com ajax IRC Client)
[06:31:43] <HentaiClop> https://static1.e621.net/data/bb/92/bb9219f64fef0d16a0101c40eb6012f9.jpg
[06:31:43] <FineLine> [ https://e621.net/post/show?md5=bb9219f64fef0d16a0101c40eb6012f9 ]
[06:32:10] <HentaiClop> https://static1.e621.net/data/85/fe/85fe8c1de4f0d7ef47d76ad8feb92776.png
[06:32:10] <FineLine> [ https://e621.net/post/show?md5=85fe8c1de4f0d7ef47d76ad8feb92776 ]
[06:32:16] <HentaiClop> Well.. now i'm alone ?
[06:32:53] <Nigiri> Maybe 
[06:34:30] <HentaiClop> ahaha :v
[06:34:34] <HentaiClop> What are you doing there ?
[06:41:45] <HentaiClop> https://static1.e621.net/data/64/c4/64c47eb7de0f7ac3a5d5361de559b560.jpg
[06:41:45] <FineLine> [ https://e621.net/post/show?md5=64c47eb7de0f7ac3a5d5361de559b560 ]
[06:52:37] <HentaiClop> https://static1.e621.net/data/2a/d9/2ad992e3d3d8d896763d9d07fc473821.jpg
[06:52:37] <FineLine> [ https://e621.net/post/show?md5=2ad992e3d3d8d896763d9d07fc473821 ]
[06:52:45] *** Joins: Vionas (bruh@Pony-ro5dsq.nh7o.cnls.0304.2602.IP)
[06:53:05] <Vionas> heya
[06:53:10] <HentaiClop> hi
[06:56:04] <Vionas> hows everyone doin
[06:57:02] <HentaiClop> I was clopping
[06:57:07] <HentaiClop> But i'm going to sleep
[06:57:08] <FineLine> Later HentaiClop
[06:57:13] <Vionas> ah
[06:57:13] <Vionas> cya
[06:57:25] <HentaiClop> Later o/
[06:57:36] <cloppyhooves> Hi Vionas! c:
[06:57:42] <Vionas> hey cloppy!
[06:57:52] *** Quits: HentaiClop (Mibbit@Pony-6ps.ofr.62.189.IP) (Quit: http://www.mibbit.com ajax IRC Client)
[06:57:54] <Vionas> brb, ima get on my phone
[06:58:00] <Vionas> if the client still works
[06:59:39] *** Joins: VionasMobile (AndChat1112@Pony-nvrs7r.nh7o.cnls.0304.2602.IP)
[06:59:48] <cloppyhooves> It works! c:
[06:59:58] *** Quits: Vionas (bruh@Pony-ro5dsq.nh7o.cnls.0304.2602.IP) (Connection closed)
[07:00:09] <VionasMobile> Yay
[07:01:00] <VionasMobile> Its been a while since ive used my mobile client
[07:01:58] <VionasMobile> Howve you been
[07:02:39] <cloppyhooves> Not the best, but okay :o
[07:02:41] <cloppyhooves> How about you?
[07:03:09] <VionasMobile> Im doin alright
[07:03:46] <VionasMobile> Just chillin
[07:04:00] *** Quits: Evelina (Mibbit@Pony-dc5o24.res.rr.com) (Quit: http://www.mibbit.com ajax IRC Client)
[07:04:03] <cloppyhooves> Cool c:
[07:04:59] <VionasMobile> Just thought id pop in and see how everyones doin
[07:05:14] <VionasMobile> Granted, its pretty late
[07:08:25] <cloppyhooves> c:
[07:10:52] <VionasMobile> I was just watching hearthstone streams
[07:11:00] <VionasMobile> No one good is on
[07:15:59] <cloppyhooves> D:
[07:16:08] <cloppyhooves> https://e621.net/post/show/583911/2015-akatsukishiranui-fox-anthro-cream_the_rabbit-
[07:16:09] <FineLine> [ #583911: akatsukishiranui-fox ]
[07:17:14] <cloppyhooves> Would you make out with a dragon y/n
[07:17:32] <weisey> y
[07:26:26] <weisey> http://pansexualfacts.tumblr.com/post/131961562587/how-did-you-find-out-you-were-pan ded
[07:26:26] <FineLine> [ Pansexual Facts - how did you find out you were ... ]
[07:30:30] <cloppyhooves> https://derpiboo.ru/search?utf8=%E2%9C%93&sbq=x-ray%20edit&commit=Go
[07:30:32] <FineLine> [ Searching for x-ray%20edit - Derpibooru - My Little Pony: Friendship ... ]
[07:30:39] <cloppyhooves> This tag is way hotter than it has an right to be
[07:43:51] *** Quits: StarStream__ (Star@Pony-agnu6g.com) (cadance.canternet.org discord.canternet.org)
[07:43:51] *** Quits: Guilygryph (Guilygryph@Pony-ekg.lk6.145.104.IP) (cadance.canternet.org discord.canternet.org)
[07:43:51] *** Quits: Fusl (Fusl@1.0.0.127.in-addr.arpa.li) (cadance.canternet.org discord.canternet.org)
[07:43:51] *** Quits: Connor (AndChat1832@Pony-1j4ll8.res.rr.com) (cadance.canternet.org discord.canternet.org)
[07:43:51] *** Quits: iam[a]lion (lion@king.of.da.jungle) (cadance.canternet.org discord.canternet.org)
[07:43:51] *** Quits: Araiya (pbaloney@Incidental.Unicorn.Araiya) (cadance.canternet.org discord.canternet.org)
[07:43:51] *** Quits: thaostra (thaostra@Pony-vs3e9e.nh.comcast.net) (cadance.canternet.org discord.canternet.org)
[07:43:51] *** Quits: VionasMobile (AndChat1112@Pony-nvrs7r.nh7o.cnls.0304.2602.IP) (cadance.canternet.org discord.canternet.org)
[07:43:51] *** Quits: Pony_78828 (sid32313@Pony-gpk7am.highgate.irccloud.com) (cadance.canternet.org discord.canternet.org)
[07:43:51] *** Quits: Compu (compu@snuggly.filly) (cadance.canternet.org discord.canternet.org)
[07:43:51] *** Quits: y007ghg7 (y007ghg7@fluttershy.is.best.pony.rcfreak0.com) (cadance.canternet.org discord.canternet.org)
[07:43:51] *** Quits: Rylee (rylai@Pony-71u6pe.so) (cadance.canternet.org discord.canternet.org)
[07:43:51] *** Quits: RubyPinch (x@Gem.Stealer) (cadance.canternet.org discord.canternet.org)
[07:43:51] *** Quits: Starburn (eyeburn@secret.den.of.flaming.evil) (cadance.canternet.org discord.canternet.org)
[07:43:51] *** Quits: felina (felina@Pony-d7sj77.res.rr.com) (cadance.canternet.org discord.canternet.org)
[07:44:43] *** Joins: Connor (AndChat1832@Pony-1j4ll8.res.rr.com)
[07:44:43] *** Joins: thaostra (thaostra@Pony-vs3e9e.nh.comcast.net)
[07:44:43] *** Joins: VionasMobile (AndChat1112@Pony-nvrs7r.nh7o.cnls.0304.2602.IP)
[07:44:43] *** Joins: Rylee (rylai@Pony-71u6pe.so)
[07:44:43] *** Joins: Pony_78828 (sid32313@Pony-gpk7am.highgate.irccloud.com)
[07:44:43] *** Joins: Fusl (Fusl@1.0.0.127.in-addr.arpa.li)
[07:44:43] *** Joins: RubyPinch (x@Gem.Stealer)
[07:44:43] *** Joins: Starburn (eyeburn@secret.den.of.flaming.evil)
[07:44:43] *** Joins: y007ghg7 (y007ghg7@fluttershy.is.best.pony.rcfreak0.com)
[07:44:43] *** Joins: felina (felina@Pony-d7sj77.res.rr.com)
[07:44:43] *** Joins: StarStream__ (Star@Pony-agnu6g.com)
[07:44:43] *** Joins: Araiya (pbaloney@Incidental.Unicorn.Araiya)
[07:44:43] *** Joins: Guilygryph (Guilygryph@Pony-ekg.lk6.145.104.IP)
[07:44:43] *** Joins: Compu (compu@snuggly.filly)
[07:44:43] *** Joins: iam[a]lion (lion@king.of.da.jungle)
[07:44:43] *** chrysalis.canternet.org sets mode: +vvo thaostra Araiya iam[a]lion
[07:48:31] <cloppyhooves> https://derpicdn.net/img/2015/10/25/1009845/large.jpg
[07:48:32] <FineLine> [ https://derpiboo.ru/1009845 ]
[07:55:42] *** CelX is now known as Cel
[07:59:57] <Compu> http://i.imgur.com/uFptXxv.png
[08:36:23] *** Joins: Squirrelly (Mibbit@Pony-3ve80g.cicril.sbcglobal.net)
[08:36:29] <Squirrelly> bloop
[08:37:15] <cloppyhooves> Bloop c:
[08:38:52] * Squirrelly does this to cloppyhooves: http://i.imgur.com/EVqF2Lh.gifv
[08:38:52] <FineLine> [ Trying to explain to my girlfriend, that i am late ... ]
[08:40:28] <cloppyhooves> Awwwww c:
[08:43:27] <Squirrelly> Cloppyyyyyyy
[08:43:36] <Squirrelly> Can I sit in your lap and watch Steven Universe?
[08:46:49] <cloppyhooves> Yes! :D
[08:48:29] <Squirrelly> Yayyyyyy!
[08:48:48] * Squirrelly pulls her fuzzy blanket into cloppy's lap with an iphone and watches Steven Universe
[08:48:59] <Squirrelly> :3
[08:50:20] <cloppyhooves> Awwwwww :)
[08:50:28] * cloppyhooves snuggles against the comfysquirrel c:
[08:54:39] * Squirrelly chitters happily and pulls on a single paw, sucking on a toe happily
[08:55:37] * cloppyhooves giggles and wags her tail
[08:55:45] <cloppyhooves> Adorasquirrel c:
[09:01:56] *** Joins: Wolfy (u931732@Pony-2tv.8bi.148.82.IP)
[09:02:07] <Wolfy> good day
[09:02:07] <FineLine> Wolfy: 2015-10-27 - 02:08:37 <cloppyhooves> http://imgur.com/gallery/kSEc5DW
[09:02:17] <cloppyhooves> Hi Wolfy c:
[09:02:58] <Wolfy> dawwww
[09:03:01] <Wolfy> hiya
[09:03:12] * Wolfy rolls onto his back
[09:03:39] <cloppyhooves> :D
[09:03:44] *** Quits: Squirrelly (Mibbit@Pony-3ve80g.cicril.sbcglobal.net) (Quit: http://www.mibbit.com ajax IRC Client)
[09:04:07] <Wolfy> what's up 
[09:04:16] <cloppyhooves> Doing okay :o
[09:04:20] <cloppyhooves> Just had some mango :3
[09:04:23] <cloppyhooves> It was delicious :D
[09:05:22] <Wolfy> mangos are awesome
[09:07:06] <Wolfy> http://i.imgur.com/Gh7oNRG.png
[09:12:40] <Wolfy> I slept so well just now
[09:12:53] <Wolfy> slept through like 5 alarms
[09:13:22] <cloppyhooves> Yay!
[09:13:26] <cloppyhooves> Well, not the sleeping through alarms part
[09:14:36] <Wolfy> heh. I managed to get to school just about on time though 
[09:16:27] <cloppyhooves> That's good, at least c:
[09:18:30] <Wolfy> yeah. teacher is late though 
[09:23:27] *** Quits: Wolfy (u931732@Pony-2tv.8bi.148.82.IP) (Connection closed)
[09:27:45] *** Joins: Wolfy (u931732@Pony-2tv.8bi.148.82.IP)
[09:29:54] <Wolfy> waaah
[09:29:54] <Wolfy> internet here sucks
[09:37:51] * Wolfy curls up on a bundle of blankets
[09:40:50] *** Quits: Wolfy (u931732@Pony-2tv.8bi.148.82.IP) (Connection closed)
[10:29:56] *** Joins: Wolfy (u931732@Pony-2tv.8bi.148.82.IP)
[10:34:42] *** Quits: Wolfy (u931732@Pony-2tv.8bi.148.82.IP) (Connection closed)
[11:23:44] <cloppyhooves> Good night, you sexy ponies!
[11:37:12] *** Quits: thaostra (thaostra@Pony-vs3e9e.nh.comcast.net) (Quit: Leaving)
[12:05:10] <Compu> mrenter's review of the drawn together movie is out
[12:54:09] *** Quits: VionasMobile (AndChat1112@Pony-nvrs7r.nh7o.cnls.0304.2602.IP) (Quit: Bye)
[13:57:39] *** Quits: Araiya (pbaloney@Incidental.Unicorn.Araiya) (Quit: wonderful lizard of ooze!)
[13:59:42] *** Joins: Araiya (pbaloney@Pony-g8r.v9k.47.212.IP)
[13:59:43] *** ChanServ sets mode: +v Araiya
[14:01:43] *** Quits: Desirsar (clu@Pony-1uf877.res.rr.com) (Connection closed)
[14:05:39] *** Joins: Desirsar (clu@Pony-1uf877.res.rr.com)
[14:44:43] *** Quits: felina (felina@Pony-d7sj77.res.rr.com) (Connection closed)
[15:10:00] * Nigiri curls up on the wolf 
[15:46:38] *** Joins: Vulpixbrew (HoneyBrew@Pony-68js8b.res.rr.com)
[16:52:12] * cloppyhooves yawns and whimpers
[16:53:37] <Nigiri> What's wrong cloppy :c
[16:53:45] <cloppyhooves> Didn't get enough sleep D:
[16:53:55] <Nigiri> D:
[16:54:38] * Nigiri sets a pillow under clopfox and then curls up on top like a blanket 
[16:55:32] <cloppyhooves> c:
[16:55:39] <cloppyhooves> I appreciate that but I have an appointment in an hour :o
[16:58:23] * Nigiri thinks that means you can sleep for another 30 mins! 
[16:58:55] <cloppyhooves> I'm gonna drink some coffee instead :o
[16:59:10] *** Quits: Vulpixbrew (HoneyBrew@Pony-68js8b.res.rr.com) (Ping timeout: 121 seconds)
[17:01:41] <Nigiri> Hmm that might work 
[17:09:13] <RubyPinch> https://twitter.com/CyberSquirrel1 mfw need to arrest squirrelly for hacker warfare
[17:09:15] <FineLine> [ CyberSquirrel (@CyberSquirrel1) | Twitter ]
[17:15:12] <Cel> now that the EU stopped netneutrality we might need more of those
[17:28:12] <cloppyhooves> https://i.imgur.com/ORb8zQp.jpg
[17:29:56] *** Joins: Wolfy (u931732@Pony-9jfb6q.dynamic.simnet.is)
[17:30:22] <Wolfy> good day
[17:30:49] <Wolfy> ay caramba
[17:30:55] <Wolfy> that's a small d
[17:31:00] * Cel nods
[17:31:12] * Cel inserts it anyways
[17:31:16] <cloppyhooves> Wanna see a bigger one? ( Í¡Â° ÍœÊ– Í¡Â°)
[17:31:32] * Nigiri nods her head 
[17:31:36] <cloppyhooves> D
[17:31:40] <Wolfy> :
[17:32:35] * Nigiri puts paw on cloppyhooves face 
[17:32:48] <cloppyhooves> :o
[17:33:32] * Wolfy puts a paw on Nigiri's paw
[17:33:48] <cloppyhooves> https://www.youtube.com/watch?v=72M3E9HlzBY
[17:36:11] <Nigiri> http://40.media.tumblr.com/da3a2c6f725bcbf929eee4f6c0002547/tumblr_mv8scn7BUG1sj2exxo1_500.jpg
[17:36:38] * RubyPinch rolls about
[17:40:29] * Wolfy chases ruby
[17:40:31] <Wolfy> BALL
[17:41:04] <RubyPinch> aieeeeeeee
[17:41:10] * RubyPinch rolls awayyyyy
[17:41:50] * Wolfy charges after
[17:41:54] <Wolfy> BAAAAL
[17:43:31] *** Quits: FineLine (FineLine@Pony-uvfbce.mssnks.sbcglobal.net) (Ping timeout: 121 seconds)
[17:44:32] *** iam[a]lion is now known as iamalion
[17:45:20] *** Quits: Wolfy (u931732@Pony-9jfb6q.dynamic.simnet.is) (Connection closed)
[17:45:32] *** Joins: FineLine (FineLine@Pony-uvfbce.mssnks.sbcglobal.net)
[17:52:49] *** Joins: Wolfy (u931732@Pony-9jfb6q.dynamic.simnet.is)
[17:53:56] * Wolfy has crackers
[17:54:28] * RubyPinch rolls back towards Wolfy 
[17:54:34] * RubyPinch takes the crackers
[17:54:38] * RubyPinch rolls awaaay
[17:56:06] <iamalion> had a 2TB file copy going. had 12 minutes left
[17:56:12] <iamalion> but work started in 10
[17:56:13] <iamalion> fffffffffffffffffffffffffffffff
[17:56:30] <Wolfy> hey!
[17:56:39] * Wolfy charges after the rolling thief
[18:03:30] * Wolfy prods cloppyhooves rapidly
[18:19:03] <RubyPinch> conspirsy time
[18:19:20] <RubyPinch> Drake pays meek to insult him so drake can stay relevanter
[18:26:08] <Wolfy> pff. drake is always relevant
[18:26:17] <Wolfy> he's the proudest girlfriend
[18:26:25] <RubyPinch> don't buy into iiiit
[18:29:04] * Wolfy buys into it all
[18:29:07] <Wolfy> muahaha
[18:29:10] <RubyPinch> nuuuuuuuu
[18:29:19] * RubyPinch throws a box of crackers at Wolfy 
[18:31:46] <Wolfy> I wiiiin! 
[18:32:04] * Wolfy dives into the crackers, whooping happily
[18:43:48] * Nigiri noms all the crackers 
[19:21:53] *** Quits: Wolfy (u931732@Pony-9jfb6q.dynamic.simnet.is) (Connection closed)
[19:48:30] <cloppyhooves> Who wants to see a picture of my trouser snake?
[19:48:31] <cloppyhooves> https://i.imgur.com/gdpiIel.jpg
[19:50:35] <Nigiri> Snakes are spooky :c
[19:52:02] <cloppyhooves> :c
[19:53:51] * Nigiri always thinks they're slimy 
[19:54:37] * Nigiri pets clopfox snake 
[19:55:09] * cloppyhooves moans
[19:57:13] * Nigiri rubs her fingers down along the back of the snake 
[19:58:24] * cloppyhooves shivers and whimpers
[19:59:09] *** Joins: Vulpixbrew (HoneyBrew@Pony-68js8b.res.rr.com)
[19:59:55] * Nigiri continues her slow rubbing along the snake, moving her other paw to cup under it 
[20:03:27] * Vulpixbrew trotsin a tired fox
[20:03:52] * cloppyhooves nuzzles the tiredfox with her own tiredfoxbody
[20:06:12] * Nigiri sets one tired fox on top of the other 
[20:15:52] <Vulpixbrew> gods today has been long
[20:15:59] <Vulpixbrew> and it's only getting l;onger
[20:16:11] <Nigiri> Aww :c
[20:17:33] <RubyPinch> Vulpixbrew: me too
[20:17:51] <RubyPinch> ;)
[20:17:59] <Cel> :D
[20:18:22] * Nigiri thinks LEWD
[20:23:42] <RubyPinch> \o/
[20:33:29] * Vulpixbrew loves the lewd thingds
[20:34:10] *** Joins: ponder (Mibbit@Pony-1flmjf.du.xdsl.is)
[20:34:18] <ponder> lewd things are the best
[20:34:22] * ponder is very lewd
[20:35:34] <RubyPinch> :o
[20:55:02] *** Joins: Wolfy (u931732@Pony-9jfb6q.dynamic.simnet.is)
[20:57:35] * cloppyhooves lewds her tail
[20:58:01] * ponder is excited about cloppyhooves' lewdness
[20:58:52] <Guilygryph> oh murr~
[20:59:07] * Wolfy 's lewd detector goes haywire
[20:59:10] <ponder> http://g.e-hentai.org/g/867517/0c825bc347/ [pokeporn]
[20:59:11] <FineLine> [ [Kuroodod] Oversexed Eeveelutions (Pokemon) - E-Hentai Galleries ]
[21:00:49] <cloppyhooves> Those are good pictures c:
[21:02:11] <Wolfy> word
[21:02:25] <ponder> I thought it would be relevant to some interests here.
[21:05:59] <cloppyhooves> https://www.youtube.com/watch?v=swORDBhofw0
[21:08:15] * Wolfy shakes his lewd stick
[21:17:05] <cloppyhooves> Public lewdsturbation :o
[21:19:17] * Vulpixbrew howls in a lewd way
[21:20:02] <Cel> everything will be sticky
[21:20:20] * Wolfy makes lewd graffiti on walls with his lewd stick
[21:24:04] <Vulpixbrew> I need to get 14 levels on my klingon
[21:24:08] <Vulpixbrew> on STO
[21:24:11] <Vulpixbrew> by tomorrow
[21:26:25] * Wolfy gets flashbacks to 'make love not Warcraft'
[21:30:04] <Cel> uuu
[21:35:44] * ponder forgot about the lewdness over dinner
[21:42:58] *** Joins: Frosty (Hallfrost00@Pony-fkto2n.2lt4.5m2a.48f8.2001.IP)
[21:42:58] *** ChanServ sets mode: +o Frosty
[21:54:47] *** Quits: ponder (Mibbit@Pony-1flmjf.du.xdsl.is) (Quit: http://www.mibbit.com ajax IRC Client)
[21:57:56] *** Quits: Cel (Cel@Silver.Horizon) (Ping timeout: 121 seconds)
[22:01:31] *** Joins: thaostra (thaostra@Pony-vs3e9e.nh.comcast.net)
[22:01:31] *** ChanServ sets mode: +v thaostra
[22:02:42] *** Joins: Cel (Cel@Silver.Horizon)
[22:02:52] <Frosty> Hi Thaostra.
[22:02:57] <thaostra> hi
[22:04:00] <Frosty> Thao you're a butt.
[22:04:11] <Frosty> Cum of the Earth
[22:04:58] <Wolfy> word 
[22:07:13] * Nigiri cums on wolf 
[22:07:35] * Wolfy winces and frowns
[22:08:20] <Frosty> Guys, BabyMetal  is cute. Real facts.
[22:15:49] <cloppyhooves> I got infected by the clickbait virus
[22:15:57] <cloppyhooves> And you won't *believe* what happened next
[22:16:02] <Frosty> What?
[22:16:54] <Frosty> Oh, I got it.
[22:17:02] <Frosty> That was embarassing.
[22:17:32] * Wolfy facepaws
[22:17:49] <Frosty> I read it as chickenbait, then went and god a blanket.
[22:18:12] <thaostra> cloppyhooves, You died from dankness overload
[22:18:38] <cloppyhooves> I *am* wearing a dank top
[22:18:47] <Frosty> Send pics.
[22:19:11] <cloppyhooves> (I lied I'm actually wearing a dress)
[22:19:14] * Nigiri thinks cloppy would look better without the top
[22:19:43] <Frosty> Pics
[22:19:44] <Wolfy> word
[22:20:52] <cloppyhooves> Pic sent
[22:21:21] <Frosty> Lol.
[22:21:59] * Wolfy offers to do tricks for pics
[22:22:25] <Frosty> Special occasion? Or just dressing up?
[22:22:35] <cloppyhooves> I just like wearing dresses :3
[22:22:43] <Frosty> Right.
[22:22:46] <cloppyhooves> I guess technically I'm "dressing up" 'cause I had to go outside
[22:22:50] <cloppyhooves> Otherwise I would be wearing much less
[22:24:37] <Frosty> But now you're home. Take cllothes off. That's what I did.
[22:25:18] <cloppyhooves> I have somewhere to be in 2 and a half hours, unfortunately D:
[22:25:23] <Wolfy> I'm in pyjamas cuz they rule
[22:25:35] <Frosty> Change temp.
[22:26:03] *** Joins: AndChat|244209 (AndChat2442@Pony-h5herv.pools.spcsdns.net)
[22:26:57] <Wolfy> y
[22:28:47] *** Quits: Nigiri (AndChat2442@Pony-1j4ll8.res.rr.com) (Ping timeout: 121 seconds)
[22:31:41] *** Quits: Wolfy (u931732@Pony-9jfb6q.dynamic.simnet.is) (Connection closed)
[22:35:05] *** Quits: AndChat|244209 (AndChat2442@Pony-h5herv.pools.spcsdns.net) (Ping timeout: 121 seconds)
[22:36:31] <Vulpixbrew> wait cloppy in a dress?
[22:37:10] <Frosty> Not anymore.
[22:37:14] <Frosty> She's nakey.
[22:42:39] <Frosty> https://www.youtube.com/watch?v=EkD-xTExWb4
[22:45:38] <weisey> Cloppy wearing clothes is a very rare thing indeed
[22:45:57] <cloppyhooves> Stupid societal expectations and rules
[22:47:48] * Vulpixbrew yells about wormhole aliens
[22:48:14] * Vulpixbrew also volunteers to goo around with cloppy with well placed paws to cover naughty bits
[22:48:19] <weisey> But cloppy what about the fun of pulling clothes off each other before sex
[22:48:22] <weisey> That's a fun thing 
[22:48:49] <cloppyhooves> I suppose so :o
[22:54:45] <Vulpixbrew> but then theres nothing like hangiong out naked and suddenly jumping a partner for sex
[22:54:50] <Vulpixbrew> siunce its all right there
[22:55:42] <Cel> nah... keep clothes on and suddenly orgy https://e621.net/post/show/295343/2013-all_fours-alvcard-anal-anal_penetration-anthr (yiffs)
[22:55:51] <FineLine> [ #295343: lazydez ]
[23:01:45] <cloppyhooves> Someone come over here and pat my head and feed me oreos
[23:01:54] <Vulpixbrew> or elsse you do that on flash where the guy is getting a footjob underneath the table
[23:02:39] * Vulpixbrew flies across country to do just that
[23:02:47] <Cel> sneakyjobs are best jobs
[23:11:20] <thaostra> http://store.steampowered.com/app/214490 <- Awesome, Alien: Isolation is out for Linux. I love that all of these AAA titles are being ported
[23:11:21] <FineLine> [ Save 50% on Alien: Isolation on Steam ]
[23:15:25] *** Joins: AndChat|244209 (AndChat2442@Pony-a4idq5.pools.spcsdns.net)
[23:20:02] *** Joins: Wolfy (u931732@Pony-9jfb6q.dynamic.simnet.is)
[23:21:11] <Frosty> I got a new text tone!
[23:21:24] <Frosty> Now if only anyone ever texted me.:/
[23:21:50] <Wolfy> hah it's the same with my ringtone
[23:22:13] <Wolfy> I think I got a sweet ringtone but no one ever calls or I have it on silent 90% of the time
[23:22:47] <Frosty> People call me enough. I just need someone to text me now.
[23:24:35] <Wolfy> you should call people really often 
[23:24:51] <Wolfy> then you'll get a text saying your bill is low!
[23:24:55] <Frosty> Let it ring once and hang up?
[23:25:01] <Wolfy> yeah!
[23:26:21] <Frosty> Lol.
[23:27:41] *** Joins: RNGsus (RNGsus@Pony-kut12l.cable.mindspring.com)
[23:29:19] <Frosty> Woo. Got a text. It works. :)
[23:29:21] <Vulpixbrew> I just got the Microsoft techsuport scam call
[23:29:38] *** Quits: Wolfy (u931732@Pony-9jfb6q.dynamic.simnet.is) (Connection closed)
[23:29:41] <Vulpixbrew> I sung americe f*** yeah as loud as I could till the dude hung up
[23:30:12] <weisey> No no
[23:30:17] <weisey> You just waste their time 
[23:30:31] <Vulpixbrew> I don't have a VM machine set up atm
[23:30:37] <Vulpixbrew> or else I would go that route
[23:31:16] <Vulpixbrew> brb
[23:31:44] <weisey> No no
[23:32:03] <weisey> All you gotta do is pretend you have a Mac and can't find anything 
[23:32:05] <weisey> Or better yet
[23:32:10] <weisey> Linux and can't find anything 
[23:34:21] <thaostra> It doesn't matter, they keep calling back regardless of what you say
[23:35:12] <RNGsus> Ask them if they have a few moments to hear about our lord and savior
[23:37:43] <Cel> probe if they watch any good tv series while you're "booting your pc"... spoil all major plot points
[23:38:03] <RNGsus> That is perfect
[23:39:32] <Frosty> O man, I'm gettting all the texts now. This is great, I love my text tone.
[23:42:46] <Frosty> Oh, cloppyhooves 
[23:46:37] <cloppyhooves> Yes? c:
[23:47:03] <Frosty> You got a package in the mail today
[23:48:26] <cloppyhooves> I did? :o
[23:49:26] <Frosty> yeah
[23:54:54] <cloppyhooves> I didn't get a package notification but I can check c:
[23:55:20] <Frosty> Yeah, I opened it for you.
[23:55:37] <Frosty> It's deez nuts.
[23:56:27] <cloppyhooves> Oh x3
[23:58:01] <Frosty> Aha!
[23:58:05] <Frosty> Got 'im.
