[00:00:34] <Guilygryph> what did you decide on?
[00:00:46] * cloppyhooves wags her feral fox tail
[00:03:29] <cloppyhooves> http://i.imgur.com/CG1DxZd.jpg
[00:03:40] <Guilygryph> ah good <3
[00:06:04] <Squirrelly> :3333333333333
[00:06:08] <Squirrelly> I saw that earlier
[00:06:19] <Squirrelly> I aspire to be that incredibly happy and at peace
[00:06:32] <Guilygryph> dawww
[00:07:52] <cloppyhooves> Are you good at fursona design, Guilygryph? c:
[00:08:14] <Guilygryph> um not super good but I’m happy to put in my two cents
[00:08:18] <Guilygryph> I designed mine at lest
[00:09:20] *** Quits: Araiya (pbaloney@Incidental.Unicorn.Araiya) (Connection closed)
[00:09:27] *** Joins: Araiya (pbaloney@Incidental.Unicorn.Araiya)
[00:09:27] *** ChanServ sets mode: +v Araiya
[00:11:58] *** Joins: Arai_a (pbaloney@Pony-1kaj1s.space)
[00:13:31] *** Quits: Araiya (pbaloney@Incidental.Unicorn.Araiya) (Ping timeout: 121 seconds)
[00:13:31] *** Arai_a is now known as Araiya
[00:13:31] *** ChanServ sets mode: +v Araiya
[00:23:48] <cloppyhooves> Cloppy requires assistance!
[00:24:48] <CelPhone> Assistance shall be provided
[00:25:04] <cloppyhooves> Foal album was posted
[00:25:07] <cloppyhooves> I don't know what's in it
[00:25:15] <cloppyhooves> But i need someone to look through and tell me if there's any humanized
[00:25:22] <cloppyhooves> Possible humaized foal >> http://imgur.com/a/rPu3Z/all
[00:28:01] <CelPhone> At least two human
[00:28:58] <cloppyhooves> Can you PM me which ones?
[00:34:35] * Vulpixbrew rolls over and exposes his belly
[00:38:05] <thaostra_> http://media.diywelder.com/images/offroad/072803-newtoyyoda.jpg
[00:39:29] * cloppyhooves muzzlenuzzles the Vulpixbelly
[00:40:22] <Vulpixbrew> I got a med today in liquid form
[00:40:33] <Vulpixbrew> it taste like really yummy cum
[00:41:17] <cloppyhooves> x3
[00:41:45] <cloppyhooves> Also, you know what's great about how we're in the future?
[00:41:46] <cloppyhooves> [3:41:00 PM] cloppyhooves: I had a nightmare last night
[00:41:46] <cloppyhooves> [3:41:10 PM] cloppyhooves: ANd I was able to use my phone until I calmed down enough to get back to sleep
[00:42:08] <Vulpixbrew> oh noes cloppynight mares
[00:42:15] * Vulpixbrew hugs the fox
[00:44:32] * cloppyhooves hugs c:
[00:47:50] <cloppyhooves> http://i.imgur.com/av6lG9O.jpg
[00:47:53] <cloppyhooves> BUT ACTUALLY THOUGH
[00:47:55] *** Quits: Araiya (pbaloney@Incidental.Unicorn.Araiya) (Connection closed)
[00:48:02] *** Joins: Arai_a (pbaloney@Pony-9oh7il.it)
[00:48:13] <Vulpixbrew> shit yeah i want a powersuit
[00:48:29] *** Arai_a is now known as Araiya
[00:48:29] *** ChanServ sets mode: +v Araiya
[00:49:06] <CelPhone> I want the zero suit jet heels
[00:49:32] *** Joins: Arai_a (pbaloney@Pony-1kaj1s.space)
[00:50:53] <Vulpixbrew> I seriuskly have been following the a-roo chain on reddit Im two months back and there is no end in sight
[00:51:10] <cloppyhooves> Abandon all hope, ye who enter D:
[00:52:31] *** Quits: Araiya (pbaloney@Incidental.Unicorn.Araiya) (Ping timeout: 121 seconds)
[00:52:31] *** Arai_a is now known as Araiya
[00:52:31] *** ChanServ sets mode: +v Araiya
[00:53:21] *** Joins: Connor (AndChat2442@Pony-o4j7u9.res.rr.com)
[00:53:21] *** Quits: AndChat|244209 (AndChat2442@Pony-uha86q.pools.spcsdns.net) (Connection closed)
[00:54:28] <cloppyhooves> http://imgur.com/gallery/R5yfzmj
[00:54:39] <Vulpixbrew> In have come to this human,thats a tattoo http://imgur.com/yvWfRsL
[00:56:20] <cloppyhooves> http://i.imgur.com/E9kScxQ.jpg
[00:57:11] *** Joins: Wolfie (u291187@Pony-9jfb6q.dynamic.simnet.is)
[00:57:11] *** ChanServ sets mode: +v Wolfie
[00:57:30] <Vulpixbrew> https://www.youtube.com/watch?v=EdCVijVT7Wk
[00:57:48] <cloppyhooves> http://i.imgur.com/aNgJv8b.jpg
[00:58:25] <Wolfie> bit what if you give both
[00:58:25] *** Quits: Araiya (pbaloney@Incidental.Unicorn.Araiya) (Connection closed)
[00:58:29] <Wolfie> but
[00:58:33] *** Joins: Araiya (pbaloney@Incidental.Unicorn.Araiya)
[00:58:33] *** ChanServ sets mode: +v Araiya
[01:00:08] <Wolfie> you could hit two birds with one stone and pump blood out of your wenis while getting off to it
[01:00:19] <Vulpixbrew> http://i.imgur.com/knuQh3g.jpg
[01:00:32] <Wolfie> if you're into blood play that is, one of the rare .3% of functioning humans
[01:02:59] <cloppyhooves> http://i.imgur.com/1QVtlSc.jpg
[01:03:01] *** Quits: TheRedOne (TheRedOne@Pony-elc3a9.dynamic.kabel-deutschland.de) (Quit: Leaving)
[01:04:32] <Wolfie> https://www.youtube.com/watch?v=NPBiMU2yI3c
[01:05:04] *** Joins: Arai_a (pbaloney@Pony-1kaj1s.space)
[01:05:37] <cloppyhooves> http://i.imgur.com/2lGc8OH.jpg
[01:06:03] <Wolfie> http://imgur.com/8UKkNAU.jpg
[01:06:38] *** Quits: Araiya (pbaloney@Incidental.Unicorn.Araiya) (Ping timeout: 121 seconds)
[01:06:38] *** Arai_a is now known as Araiya
[01:06:38] *** ChanServ sets mode: +v Araiya
[01:08:27] <Wolfie> http://i.imgur.com/4lv68I1.jpg mmm
[01:08:27] *** Quits: Araiya (pbaloney@Incidental.Unicorn.Araiya) (Connection closed)
[01:08:34] *** Joins: Araiya (pbaloney@Incidental.Unicorn.Araiya)
[01:08:34] *** ChanServ sets mode: +v Araiya
[01:10:38] <Wolfie> a Nepali festival to thank dogs for their friendship and loyalty, http://imgur.com/ydi5jMh.jpg
[01:11:04] *** Joins: Arai_a (pbaloney@Pony-1kaj1s.space)
[01:11:06] <RNGsus> Thats an awesome thing
[01:12:38] *** Quits: Araiya (pbaloney@Incidental.Unicorn.Araiya) (Ping timeout: 121 seconds)
[01:12:38] *** Arai_a is now known as Araiya
[01:12:38] *** ChanServ sets mode: +v Araiya
[01:14:49] <Vulpixbrew> http://i.imgur.com/xgHhC6z.gif
[01:15:17] <RNGsus> https://www.youtube.com/watch?v=hF7xTTvU2sM
[01:15:26] <cloppyhooves> http://i.imgur.com/Svllrr8.jpg
[01:17:08] <Wolfie> oh god
[01:17:18] <Wolfie> anyway, going to sleep
[01:17:23] <Wolfie> night guys
[01:17:31] *** Quits: Wolfie (u291187@Pony-9jfb6q.dynamic.simnet.is) (Connection closed)
[01:18:41] *** Quits: Araiya (pbaloney@Incidental.Unicorn.Araiya) (Connection closed)
[01:19:05] *** Joins: Araiya (pbaloney@Incidental.Unicorn.Araiya)
[01:19:05] *** ChanServ sets mode: +v Araiya
[01:22:58] <cloppyhooves> https://static1.e621.net/data/25/d9/25d96ab0901b6e589d509e41d440d83b.png
[01:27:36] *** Joins: Arai_a (pbaloney@Pony-1kaj1s.space)
[01:29:10] *** Quits: Araiya (pbaloney@Incidental.Unicorn.Araiya) (Ping timeout: 121 seconds)
[01:29:10] *** Arai_a is now known as Araiya
[01:29:10] *** ChanServ sets mode: +v Araiya
[01:36:36] <cloppyhooves> http://i.imgur.com/sihztUW.jpg
[01:40:04] <Vulpixbrew> poooohhh shit Im old
[01:42:59] <weisey> Not as old as your mom
[01:43:01] <weisey> Oooooooh
[01:43:25] <Princesss1uttershy> https://www.youtube.com/watch?v=RMdmPZ4Xk1w
[01:45:09] <weisey> #DrinkForDLC is the best response to a stupid partnership I have ever seen
[02:07:06] <Vulpixbrew> I typed your symptoms into the thing up here and it says you could have network connectivity problems." 
[02:07:29] * RubyPinch flips Vulpixbrew 
[02:07:39] * Vulpixbrew is flippedd
[02:07:44] * RubyPinch sits on top as Vulpixbrew flips in the air
[02:08:03] * Vulpixbrew lands obn this feet with the RNGsus on his back
[02:08:09] <Vulpixbrew> RubyPinch*
[02:08:14] <RubyPinch> yis
[02:09:49] <cloppyhooves> http://i.imgur.com/k3ZpLiA.jpg
[02:14:53] *** Joins: Inuria (Mibbit@Pony-r173gu.mn.comcast.net)
[02:15:00] <Inuria> Hey everypony~
[02:15:04] <cloppyhooves> Hiya c:
[02:16:18] <Inuria> Hey cloppy :) 
[02:18:15] <Vulpixbrew> heya Inuria
[02:18:31] <Vulpixbrew> I was outside giving my dog butt scratchens
[02:19:10] <Inuria> Hehe ^_^
[02:20:10] <Inuria> My dog pretty much presents herself for belly rubs
[02:23:31] <cloppyhooves> http://greennpc.tumblr.com/post/122406838638/yeah-i-dont-even-either
[02:23:57] <Inuria> Mmmmm~
[02:28:48] *** Joins: Giggles (Giggles@Pony-5tjcae.fios.verizon.net)
[02:28:48] *** ChanServ sets mode: +v Giggles
[02:29:03] *** Quits: Guilygryph (Guilygryph@Pony-s1qp5e.al.charter.com) (Quit: night night)
[02:32:53] <Vulpixbrew> this one time I tried to order playing cards with nudes on them when I was 15out of a novelty catalog. Instead of check or crediot card I was trying to pay with what cash I had to a company that said no cash
[02:37:44] <Inuria> lol
[02:39:00] <Vulpixbrew> The money never got sent I got caught buy my mom who thought it was odd I had an envolovpe full of coins
[02:42:56] <Inuria> Awww :( 
[02:43:10] <Inuria> Did she find out the intended purpose? :P 
[02:48:47] <cloppyhooves> https://static1.e621.net/data/0e/b1/0eb172838714cfbbc4aaadec6037b015.jpg
[02:50:09] <Inuria> I think she needs some cream filling c: 
[02:51:41] *** Joins: Flame (Taka-nii@Pony-bcp0sm.frokca.sbcglobal.net)
[02:51:51] <Flame> https://youtu.be/LHltFUUVlPE :D YAY! Ceres!
[02:51:56] *** ChanServ sets mode: +v Flame
[02:51:58] <Flame> what's up people? :3
[02:54:09] <Inuria> Hey flame~
[02:55:57] <Flame> hiya Inuria what's up my fellow Windows admin? :P
[02:56:06] * Flame rocks his Arch Linux ;3
[02:56:27] <Flame> https://www.youtube.com/watch?v=ZJscxTyI__s crash course astronomy :D woooooooooooooooo the ORT CLOUD! ^_^
[02:56:40] <Inuria> Flame: :P 
[02:57:52] <Flame> btw...why no Linux 4.1 yet? :C
[02:58:21] *** Quits: eytosh (eytosh@Pony-ple1k3.res.rr.com) (Ping timeout: 121 seconds)
[02:58:30] <Inuria> Mmmm
[02:59:30] *** Joins: eytosh (eytosh@Pony-ple1k3.res.rr.com)
[02:59:30] *** ChanServ sets mode: +v eytosh
[03:04:56] <Flame> eytosh: :D wb
[03:05:00] * Flame bounces
[03:05:03] <Flame> Princesss1uttershy: hi ^_^
[03:05:05] <Flame> Giggles: :D
[03:06:55] <Giggles> FLamey
[03:06:58] <Giggles> :3
[03:08:36] <Inuria> Hi Giggles :) 
[03:08:39] <Flame> Giggles: check out that video :D
[03:08:45] <Flame> Crash Course really is AMAZING
[03:08:55] <Inuria> Yeah, I watched it
[03:08:59] <Inuria> Pretty neat
[03:09:35] <Giggles> The astronomy one?
[03:10:05] <weisey> Flame: only because hanknand john 
[03:12:53] <Flame> weisey: :P what? 
[03:13:00] * Flame loves Astronomy ;-;
[03:13:09] <Flame> Giggles: yes :D Crash Course :3
[03:14:03] <Giggles> Yeah was ok
[03:14:57] <Inuria> Ugh, It's only 8 PM and I feel like going to bed already D:
[03:18:05] <Flame> Giggles: D:
[03:18:10] * Flame loves learning
[03:18:15] <Flame> Giggles: why "okay"? o.o
[03:18:18] <Flame> Inuria: D: hapens
[03:18:34] <Giggles> I dunno, didn't think the video was that great. :\
[03:18:49] <Giggles> It just didn't hold my interest much.
[03:19:09] <Giggles> It seemed informative though so that's nice.
[03:21:22] <Inuria> Whelp. I'm gonna lay around in bed I guess.
[03:21:25] <Inuria> Night!~
[03:22:04] <Flame> Giggles: :o okay! Well...I love Astronomy and want so badly to share it ;-;
[03:22:07] <Flame> Inuria: aww
[03:22:09] <Flame> night
[03:22:16] <Flame> Also, Leap Second Day is coming up on June 30th! :D
[03:22:22] <Flame> We'll be adding a second at noon!
[03:22:31] <Flame> https://www.youtube.com/watch?v=URK9Z2G71j8 :D
[03:22:35] <Giggles> Haha, it's ok FLame, I already knew everything in the video. :P
[03:23:03] <Inuria> Hehe, funny you should link that Flame 
[03:23:07] <Giggles> I'd love to hear about astronomy
[03:24:58] <Inuria> Flame: One of my longer term projects is to pickup one of these babies
[03:25:03] <Inuria> http://www.ese-web.com/911gn.htm
[03:25:32] <Inuria> Only costs $2000 ;-;
[03:25:32] <Flame> Giggles: but sometimes it's fun just to hear it again ;-;
[03:25:41] <Flame> Giggles: I took an astronomy class...was fun...
[03:26:11] <Flame> Inuria: :o nice
[03:26:41] <Princesss1uttershy> Hello Flame 
[03:27:02] <RNGsus> This mig 21 is dank
[03:27:08] <Giggles> Mhm, I took astronomy in my senior year of highshool
[03:27:19] <Inuria> Flame: Basically hosting your own Stratum-1 Time Server
[03:27:50] <Flame> xD
[03:27:51] <Flame> hehe
[03:28:04] <Flame> Giggles: I wish my HS had astronomy class...
[03:28:32] <Inuria> Flame: Takes your network down to about a 10 microsecond deviation from a Stratum 0 (Atomic) 
[03:28:32] <Giggles> Well I took it at a college actually. I was homeschooled.
[03:29:08] <Flame> xD
[03:29:13] <Flame> ahh
[03:29:20] <Flame> Inuria: :P tis quite accurate!
[03:29:59] <Inuria> Flame: Yep! Then you point all your switches, network gear and servers at it
[03:30:33] <Flame> :o
[03:34:13] <Inuria> Flame: They even make one with Quad Gigabit Ethernet :P 
[03:34:27] <Flame> :O
[03:34:30] <Flame> awesome sauce
[03:34:58] <Inuria> How redonkulous would the network have to be to support 400 MB/s of NTP (Time) traffic? :P 
[03:36:10] <Flame> D:
[03:36:11] <Flame> dang
[03:36:12] <Flame> wow
[03:36:39] <Inuria> It would take a buttload of clients
[03:37:45] <Inuria> Whelp, Now it's bedtime :P 
[03:37:47] <Inuria> Night all! 
[03:37:52] <Giggles> nighto
[03:37:56] <cloppyhooves> http://ask-glittershell.tumblr.com/post/122463688407/added-some-nail-polish-to-a-glittery-snails-from
[03:37:57] *** Inuria is now known as Inuria_sleep
[03:37:58] <cloppyhooves> Awwwwwww c;
[03:38:00] <cloppyhooves> *c:
[03:38:08] <cloppyhooves> G'night Inuria_sleep c:
[03:38:22] <Inuria_sleep> Night cloppy! :) 
[03:48:41] *** Quits: Giggles (Giggles@Pony-5tjcae.fios.verizon.net) (Quit: Leaving)
[03:50:54] *** Quits: AstralMouse (quassel@Pony-uv9msl.wa.comcast.net) (Ping timeout: 121 seconds)
[04:02:07] * Flame is downloading Portal 2 ^_^
[04:06:55] *** Joins: ponder (Mibbit@Pony-nmm5lv.dynamic.simnet.is)
[04:07:15] * ponder is clopping
[04:11:02] <Flame> hi ponder :D
[04:11:03] <Flame> and oooo :o
[04:11:10] * Flame is now playing Earthbound! :D
[04:11:14] *** Flame is now known as IceNess
[04:11:22] <ponder> Hi Flame
[04:11:29] <ponder> Earthbound is gud.
[04:12:09] * IceNess played it a lot earlier, but since forgot the story, so replayin :3
[04:12:38] <Toxotis> Hey
[04:12:47] <ponder> hi Toxotis 
[04:13:54] <Toxotis> Gotta wait an hour to get my backup for my phone installed 
[04:14:21] <ponder> What happened to your phone?
[04:14:45] <Toxotis> It got completely destroyed 
[04:14:58] <ponder> That's quite unfortunate
[04:15:28] <Toxotis> yeah
[04:15:57] <Toxotis> I made sure to get a spare so its good
[04:27:35] *** Joins: plushie_pegasus (IceChat77@Pony-j2kv31.ph.cox.net)
[04:27:35] *** ChanServ sets mode: +v plushie_pegasus
[04:27:36] <IceNess> :O
[04:27:39] <IceNess> an hour?
[04:28:02] <plushie_pegasus> Hello Everypony
[04:28:20] <ponder> hiya plushie_pegasus 
[04:31:10] <Toxotis> hey plushie_pegasus 
[04:37:03] <cloppyhooves> Yiff >> http://i.imgur.com/6vLGn2A.jpg
[04:37:37] <ponder> I'd hit that.
[04:43:50] <cloppyhooves> http://i.imgur.com/Ioi7UQr.jpg
[04:45:46] <ponder> I hope that's a true story, because that is hilariously awkward
[04:46:38] <ponder> Also: Curses! Derpibooru is down. My main source of fap material!
[04:48:14] <IceNess> I love Earthbound's music :3
[04:49:40] *** Quits: ponder (Mibbit@Pony-nmm5lv.dynamic.simnet.is) (Quit: http://www.mibbit.com ajax IRC Client)
[05:10:49] <Vulpixbrew> http://www.reddit.com/r/AskReddit/comments/1zsp95/what_oddly_specific_askreddit_question_would_need/cfwqubr
[05:17:46] *** Joins: Quinn (Mibbit@Pony-cbd4eb.fios.verizon.net)
[05:17:51] <Quinn> hi :o
[05:18:27] <cloppyhooves> Yiff >> http://i.imgur.com/XOcqkpD.png
[05:18:29] <cloppyhooves> Hi Quinn c:
[05:18:56] <Vulpixbrew> hour 5 of my oroo digging I hve seen many strange and wonderful things I saw a cat high fiving I haw a old rolls royce I have been tpo r/mlp no less then 3 times, I saw a bumper car pull over a ford astra
[05:19:01] <Vulpixbrew> hello Quinn 
[05:19:08] <IceNess> hi  Quinn :D
[05:20:50] <Quinn> hi cloppyhooves Vulpixbrew and IceNess 
[05:21:23] <IceNess> Quinn: it's me :3 IceFlurries
[05:21:24] <IceNess> hehe
[05:22:02] <Quinn> I know :P
[05:23:42] * Vulpixbrew pulls Quinn into snuggles
[05:24:21] <Vulpixbrew> warning human http://imgur.com/J8cVXlO
[05:24:36] <Quinn> yay snuggles :3
[05:29:58] <Vulpixbrew> I still swear that med taste like reallyyummy cum
[05:30:10] <Vulpixbrew> like that guy has been eating a lot of fruits
[05:30:55] *** Quits: CelPhone (Cel@Silver.Horizon) (Quit: Bye)
[05:35:15] <Quinn> o:
[05:35:31] <Quinn> every time my bf stays for more than a night I feed him pineapple in the morning
[05:35:37] <Quinn> because reasons c:<
[05:35:45] * Vulpixbrew giggles
[05:36:04] <Vulpixbrew> http://i.imgur.com/SreQnfd.gif
[05:36:54] <Quinn> woa
[05:39:05] <Toxotis> And i now have a phone again 
[05:42:42] <Vulpixbrew> yay Toxotis
[05:42:52] * cloppyhooves yaps
[05:43:58] <Toxotis> Ya now i just have to not destroy it :)
[05:44:09] *** Joins: Astrea (Mibbit@Pony-asi.009.217.32.IP)
[05:44:13] <Vulpixbrew> http://imgur.com/VYJGm6j
[05:45:13] <Astrea> hi
[05:48:44] * Quinn is super bored tonight 
[05:48:55] * Vulpixbrew licks Quinn
[05:50:11] <cloppyhooves> You should come cuddle me, Quinn :o
[05:50:16] <cloppyhooves> I'm feeling a little lonely :o
[05:50:26] * Rylee hugs cloppyhooves
[05:50:37] * Vulpixbrew grabs Quinn and forms a cloppyhooves cuddle pile
[05:50:50] <IceNess> o.o
[05:50:50] <Quinn> !! yes :D
[05:50:51] *** Quits: Astrea (Mibbit@Pony-asi.009.217.32.IP) (Quit: http://www.mibbit.com ajax IRC Client)
[05:51:27] * cloppyhooves hugs and cuddles :)
[05:51:44] <Quinn> https://static1.e621.net/data/92/a1/92a1d792108804929b9e4e495c27cf18.jpg
[05:54:52] <cloppyhooves> But seriuosly, I am feeling lonely :o
[05:54:55] <cloppyhooves> Dance for me, my puppets
[05:54:57] <Quinn> same! :c
[05:55:02] <cloppyhooves> Entertain your admin >:3
[05:55:08] <Quinn> D:
[05:55:12] <Quinn> im not good at dancing ;-;
[05:55:21] * Vulpixbrew gets up and dances
[05:55:23] <cloppyhooves> Show off one of your talents, then c:
[05:55:47] * Quinn pulls out a keyboard and mouse and plays league :c
[05:55:59] <cloppyhooves> c:
[05:56:09] <Vulpixbrew> (I should note I make Commander Shepard's dancing look good)
[05:56:23] <Quinn> http://d.facdn.net/art/thanshuhai/1379854182/1379854182.thanshuhai_our_first_anniversary.png
[05:56:36] <Vulpixbrew> daww thats cute Quinn
[05:56:41] <Quinn> I know! :D
[05:57:18] <Vulpixbrew> Ok this thread about whats the weirdest thing you've seen at a party is making me want to tell a story adn the thread is a year old can I terll it here?
[05:57:35] <Quinn> sure o:
[05:58:55] <Quinn> http://d.facdn.net/art/thanshuhai/1396437690/1396437690.thanshuhai_you_are_all_i_need__final1_.png
[05:58:58] <Quinn> hnng I love this character :3
[05:59:35] <Vulpixbrew> omg Quinn thats just dawwwwwww
[06:00:04] <IceNess> Vulpixbrew: tell it in #vulpixbew ;3 lol
[06:00:20] <Vulpixbrew> You all mofos get in there
[06:00:21] <plushie_pegasus> BBL GTG make dinner
[06:01:14] <Quinn> http://d.facdn.net/art/thanshuhai/1392222028/1392222028.thanshuhai_[cm]_dragonwhisperer__final_.png
[06:01:57] <cloppyhooves> I need someone to talk to for just a sec :o
[06:02:20] <Quinn> meme!
[06:02:24] <Quinn> I'm always here for you cloppyhooves <3
[06:02:56] <IceNess> who isn't? :P cloppyhooves is loved by all...
[06:03:01] <IceNess> xD this sounds like a cult
[06:03:02] <IceNess> jk
[06:07:01] <cloppyhooves> :3
[06:12:53] *** Joins: Amber (Mibbit@Pony-71jve7.co.comcast.net)
[06:14:23] <IceNess> hiyo Amber what's up?
[06:14:40] <Amber> Hellu, not too much, chilling for now :3
[06:14:55] <IceNess> "chilling"? how so? :o
[06:15:03] * IceNess pokes Amber with a pliable stick
[06:15:15] * Amber is poked thusly
[06:15:22] <IceNess> ...thusly? O_o
[06:15:25] <Amber> Chilling, as in, relaxing :p
[06:15:28] <Amber> THUSLY
[06:15:35] <IceNess> ...that sounds an awful lot like...someone else I remember >_>
[06:15:46] * IceNess pokes and prods some more
[06:16:55] <IceNess> :|
[06:17:00] <IceNess> Anywho brb foods
[06:17:42] <Amber> alright then :p
[06:18:15] * cloppyhooves lifts her tail
[06:18:45] * Amber pokes the cloppehbutt
[06:18:55] * Vulpixbrew pulls out a chance
[06:19:07] * Vulpixbrew pokes the cloppybut with it
[06:19:16] <Squirrelly> Hello :)
[06:19:38] * Vulpixbrew turns around and pokes the Squirrelly's butt with the chance
[06:19:44] <cloppyhooves> :3
[06:20:15] <Amber> lol
[06:20:20] <Amber> Just poke all the butts
[06:21:38] <Squirrelly> EEEEEEK
[06:21:40] <Vulpixbrew> http://imgur.com/Kzo7WJ2
[06:22:05] <Vulpixbrew> Squirrelly http://i.imgur.com/MzWvRKa.jpg
[06:22:12] <Squirrelly> DAWWWWW
[06:22:22] <Squirrelly> SQUIGGLE
[06:23:18] <IceNess> back
[06:23:19] <IceNess> :D
[06:23:32] <RNGsus> IceNess are you Iceflurries/flame
[06:23:39] <IceNess> RNGsus: yes :P
[06:23:44] <RNGsus> ok
[06:23:50] * IceNess is playing Earthbound (not atm, but generally I am)
[06:24:02] <Toxotis> Made some nachos 
[06:24:38] <Vulpixbrew> Phillies and Gentlecoats Furs of all breeds I give you dubai http://i.imgur.com/IvRyCsd.gif
[06:24:43] <Amber> Oh, lol I somehow didnt pick up on that :p Ice has too many of them names
[06:29:29] <Squirrelly> http://i.imgur.com/Yt1m0.jpg
[06:30:12] <Amber> xD
[06:30:17] <Amber> I feel like Ive seen that before
[06:32:21] <IceNess> Amber: sorry lol
[06:43:58] *** Joins: Giggles (Giggles@Pony-5tjcae.fios.verizon.net)
[06:43:58] *** ChanServ sets mode: +v Giggles
[06:50:30] <cloppyhooves> Squirrelly, https://www.youtube.com/watch?v=DMQ6SEOhtA0&feature=youtu.be
[06:51:47] *** Quits: Quinn (Mibbit@Pony-cbd4eb.fios.verizon.net) (Quit: http://www.mibbit.com ajax IRC Client)
[06:52:37] *** Joins: Quinn (Mibbit@Pony-cbd4eb.fios.verizon.net)
[06:53:03] <Squirrelly> That's old then isn't it?
[06:54:13] <cloppyhooves> Is it? :o
[06:54:19] <cloppyhooves> That video came out toda
[06:55:32] <Squirrelly> it's for XBox 360 and stuffs
[06:55:39] <Squirrelly> Tells me it probably isn't a new thing
[06:55:46] <Squirrelly> Though it looks kinda newish
[06:57:14] <cloppyhooves> It says "Monhster Hunter Frontier G8 Premium Package" and "7/22/2015"
[06:57:33] <Squirrelly> k
[06:57:55] <Amber> Monhster
[07:02:22] <Quinn> anyone here about that yiffalicious thiing?
[07:02:57] <cloppyhooves> Yiffalicious? c:
[07:03:06] <Quinn> http://www.reddit.com/r/yiff/comments/3a4vk8/a_super_in_depth_yiff_sex_game_is_releasing_in_2/
[07:03:12] <Quinn> its like, a yiff simulator
[07:03:19] <Quinn> but the 3d models that come with it are super shitty
[07:03:30] <Quinn> I was wondering if anyone knew if anyone has made any half decent ones or not o:
[07:03:50] <Vulpixbrew> I completely forgot about that
[07:04:45] <Quinn> I just downloaded it
[07:04:49] <Quinn> models are extremely dissapointing D:
[07:05:03] <Vulpixbrew> damn
[07:05:10] <Vulpixbrew> looks that way from the trailer
[07:05:17] <Vulpixbrew> do they at leasthave foxes?
[07:05:52] <Quinn> nope :c
[07:05:56] <Quinn> just creepy horse people
[07:06:00] <Vulpixbrew> damn
[07:06:00] <Quinn> and creepy giraffe people :c
[07:06:46] <Amber> What, only horse-type things? Laaaame
[07:06:54] <Quinn> yea :c
[07:07:01] <Quinn> I was hoping people would have made models for it
[07:07:10] <Quinn> but after poking through  the software I dont even think you can
[07:07:37] <Amber> huh
[07:07:50] <Amber> mega lame
[07:09:52] <Vulpixbrew> to be faired the author is calling in an alpha version
[07:11:36] *** Joins: Wolfie (u291187@Pony-9jfb6q.dynamic.simnet.is)
[07:11:36] *** ChanServ sets mode: +v Wolfie
[07:11:59] <Wolfie> good morning
[07:12:26] <Amber> Hai dere
[07:12:54] <Wolfie> hihi
[07:14:29] <Vulpixbrew> heya Wolfie
[07:14:45] <Wolfie> hiya
[07:16:22] *** Quits: Quinn (Mibbit@Pony-cbd4eb.fios.verizon.net) (Quit: http://www.mibbit.com ajax IRC Client)
[07:16:58] * Wolfie stretches abc curls
[07:19:12] <plushie_pegasus> I'm back!!! :)
[07:19:44] <Wolfie> wb!
[07:20:36] <Amber> wb
[07:20:57] <plushie_pegasus> ty
[07:24:24] *** Quits: Wolfie (u291187@Pony-9jfb6q.dynamic.simnet.is) (Connection closed)
[07:24:54] *** Joins: Wolfie (u291187@Pony-9jfb6q.dynamic.simnet.is)
[07:24:54] *** ChanServ sets mode: +v Wolfie
[07:29:06] * Wolfie wags tail
[07:30:58] * cloppyhooves wags tail
[07:31:13] * Toxotis pets Wolfie 
[07:31:24] <Wolfie> yay
[07:31:35] * Wolfie nuzzles into Toxotis' pets
[07:31:44] * Vulpixbrew grabs the cloppytailfor hugs
[07:31:55] * Toxotis pets cloppyhooves to
[07:32:05] * cloppyhooves makes happy fox noises c:
[07:32:25] <Amber> but what does the fox say
[07:33:06] <Wolfie> the Wilhelm scream 
[07:36:13] *** Joins: Cel (Cel@Silver.Horizon)
[07:37:34] <Wolfie> http://imgur.com/rmk680s.jpg
[07:38:12] * Toxotis nuzzles Wolfie 
[07:38:12] <Toxotis> :3
[07:38:31] * Wolfie licks Toxotis
[07:39:10] * Toxotis giggles and snuggles the Wolfie 
[07:40:08] * Wolfie murrs
[07:45:17] <Vulpixbrew> this one ime I went to a casino to try gambling I put in 20 and lost it all with in an hour, I was like well im done with this forever I then on the way outn saw a mofo Startrek Slot machine and Im like as a trekie I have to play this I went up 2k after putting 50, I went backk down to 75 before I got out, I brought a pocket knife with that$25
[07:46:41] <Toxotis> I always loose when i gamble 
[07:48:20] * plushie_pegasus goes to the casino once every 2 weeks , i take in $20-$40 sometimes i win, sometimes i loose
[07:48:53] <plushie_pegasus> I play the penny and nickel slots, so it takes a while to loose
[07:49:47] <plushie_pegasus> The most i won was $50
[07:50:08] <Toxotis> Ya it does take quite a while to go through that much on those 
[08:01:35] *** Joins: IceNess_ (Taka-nii@Pony-bcp0sm.frokca.sbcglobal.net)
[08:01:50] *** IceNess_ is now known as Flame
[08:01:51] *** Quits: IceNess (Taka-nii@Pony-bcp0sm.frokca.sbcglobal.net) (Ping timeout: 121 seconds)
[08:01:55] *** ChanServ sets mode: +v Flame
[08:02:07] <Flame> O_O
[08:02:08] <Flame> uh
[08:02:14] *** Flame is now known as IceNess
[08:07:33] * Wolfie licks IceNess
[08:07:48] * Wolfie 's tongue gets stuck on IceNess
[08:08:05] <IceNess> :|
[08:08:31] <Amber> lolwhut
[08:09:50] <Wolfie> haaaaalphh
[08:10:10] <Amber> Wolfie nobody even had to triple dog dare you
[08:11:10] * Wolfie whines and tries to pull his tongue free
[08:11:20] <Giggles> lol
[08:11:28] * Giggles calls the fire department.
[08:12:14] * Amber calls the popo
[08:12:46] * Wolfie slumps, hanging up by his tongue
[08:13:37] *** Quits: Dusk (Dusk@dusky.horse) (Quit: I'll try again tomorrow. Maybe it'll hurt less then.)
[08:15:17] <plushie_pegasus> Store run, BRB
[08:16:01] <Amber> This is in no way relevant but it's made me giggle
[08:16:02] <Amber> https://www.youtube.com/watch?v=CHWHXmLg7YE
[08:16:25] <Wolfie> loool
[08:22:06] *** Quits: Wolfie (u291187@Pony-9jfb6q.dynamic.simnet.is) (Connection closed)
[08:35:24] <plushie_pegasus> I'm back!!! :)
[08:35:35] <Amber> wb ^^
[08:36:20] *** Joins: Wolfie (u291187@Pony-9jfb6q.dynamic.simnet.is)
[08:36:20] *** ChanServ sets mode: +v Wolfie
[08:36:31] * Wolfie wiggles his bum
[08:37:00] * Amber pokes the butt
[08:37:23] * Wolfie yips!
[08:40:06] * Wolfie falls over
[08:40:28] <RNGsus> Anyone else follow nsfh or hoodoonsfw?
[08:41:12] <Wolfie> http://i.imgur.com/k3ZpLiA.jpg
[08:42:57] *** Quits: Desirsar (clu@Pony-1uf877.res.rr.com) (Ping timeout: 121 seconds)
[08:43:40] *** Joins: Dusk (Dusk@Pony-vl0a9o.horse)
[08:45:38] *** Quits: Dusk (Dusk@dusky.horse) (Z-Lined: Your IP range has been attempting to connect too many times in too short a duration. Wait a while, and you will be able to connect.)
[08:48:25] *** Quits: Wolfie (u291187@Pony-9jfb6q.dynamic.simnet.is) (Connection closed)
[08:49:51] <cloppyhooves> Eating fruit is an expensive habit D:
[08:50:41] <Amber> whut
[08:51:57] <plushie_pegasus> https://e621.net/post/show/679011/2015-animal_genitalia-anus-blush-butt-cutie_mark-e
[08:53:37] <Vulpixbrew> in pain feel like shit, still somehow strangley want to clop
[08:53:51] <Vulpixbrew> cant decide on clopping or bed
[08:54:01] <plushie_pegasus> https://e621.net/post/show/678737/2015-animal_genitalia-anthro-anthrofied-butt-digit
[08:54:02] <Squirrelly> Clop
[08:54:04] <Squirrelly> Clooooop
[08:54:06] <Amber> That's how I feel right now minus the pain
[08:54:10] <plushie_pegasus> Clop!
[08:54:16] <RNGsus> Bed!
[08:54:35] <plushie_pegasus> Clop on the bed
[08:54:45] <RNGsus> clop to the bed?
[08:54:48] <Amber> Thats why I like my laptop :3
[08:55:12] <cloppyhooves> :3
[08:55:22] <Vulpixbrew> goggled sexy beds got this http://bedzine.com/blog/wp-content/uploads/2007/08/funny_large_bed.jpg
[08:55:30] <Amber> lolwhat
[08:55:44] <Vulpixbrew> am not dissappoint
[08:56:37] *** Joins: Dusk (Dusk@Pony-vl0a9o.horse)
[08:57:02] <plushie_pegasus> https://e621.net/post/show/678555/anus-black_background-blue_fur-butt-clitoris-cutie
[08:58:43] <RNGsus> i should go to bed
[08:58:54] <plushie_pegasus> NOO 
[08:59:01] <RNGsus> 3am
[08:59:07] <RNGsus> id stay up longer
[08:59:16] <RNGsus> but nobody is online to do shit with
[09:00:10] <plushie_pegasus> RNGsus  http://i2.kym-cdn.com/photos/images/newsfeed/000/280/334/c47.png
[09:01:05] <RNGsus> meh
[09:01:09] <RNGsus> time to sleep
[09:01:16] <RNGsus> night everyone
[09:01:22] *** Quits: RNGsus (RNGsus@Pony-kut12l.cable.mindspring.com) (Connection closed)
[09:01:47] <Vulpixbrew> damn I stood up to take a piss and got very chilled
[09:02:03] <plushie_pegasus> http://i1.kym-cdn.com/photos/images/original/000/328/456/ffd.jpg
[09:02:35] <Vulpixbrew> someone come cuddleme serve me tea and make my oushie feel better please
[09:08:54] <plushie_pegasus> http://mylittleponyporn.org/xxx-pics/picsex_119.gif
[09:13:36] <plushie_pegasus> [plushie]  http://smg.photobucket.com/user/kilsbaine/media/MySpace%20Funny%20Stuff/Appletini_custom_little_pony_by_Woo.jpg.html
[09:15:47] *** Joins: Wolfie (u291187@Pony-9jfb6q.dynamic.simnet.is)
[09:15:47] *** ChanServ sets mode: +v Wolfie
[09:15:49] <Vulpixbrew> on that note Im going to bed
[09:15:56] <Wolfie> goodnight 
[09:15:59] <plushie_pegasus> NOOOO
[09:16:04] <plushie_pegasus> Goodnight
[09:16:13] <Vulpixbrew> nini all
[09:16:14] * Wolfie cowers
[09:16:15] *** Quits: Vulpixbrew (HoneyBrew@Pony-68js8b.res.rr.com) (Connection closed)
[09:21:47] *** Quits: Wolfie (u291187@Pony-9jfb6q.dynamic.simnet.is) (Connection closed)
[09:23:31] <plushie_pegasus> http://rule34-data-009.paheal.net/_images/0c08dbc253026d099ed9fcc8dc586edc/1188820%20-%20DEVO87%20Friendship_is_Magic%20My_Little_Pony%20Zecora.png
[09:28:49] <plushie_pegasus> Dom fluttershy   http://i2.wp.com/dumbdomme.com/wp-content/uploads/2012/09/my-little-pony-play-2.jpg?fit=1024%2C1024
[09:37:52] <Amber> Alriught, I'm outie for bed, bai all!
[09:38:43] *** Quits: Amber (Mibbit@Pony-71jve7.co.comcast.net) (Quit: http://www.mibbit.com ajax IRC Client)
[09:39:09] <plushie_pegasus> dropping like flies :(
[09:43:42] <plushie_pegasus> [sex toys]  http://assets.puresitefiles.com/uploads/12/12020/large_thumb_f6c33778a1947a9a.jpg
[09:47:23] *** Joins: Evelina (Mibbit@Pony-dc5o24.res.rr.com)
[09:47:23] *** ChanServ sets mode: +o Evelina
[09:47:42] <Squirrelly> Evelina!
[09:47:47] *** Evelina is now known as EvelinAWAY
[09:48:16] <Squirrelly> :(
[09:48:19] <plushie_pegasus> hi EvelinAWAY
[09:49:08] <plushie_pegasus> animated http://mylittleponyporn.org/xxx-pics/picsex_231.gif
[09:55:49] *** Quits: Fusl (Fusl@1.0.0.127.in-addr.arpa.li) (Ping timeout: 121 seconds)
[09:58:17] <plushie_pegasus> [futa animated]  https://derpicdn.net/img/view/2014/3/7/568787.gif
[09:59:03] *** Quits: Squirrelly (Mibbit@Pony-3ve80g.cicril.sbcglobal.net) (Quit: http://www.mibbit.com ajax IRC Client)
[10:03:13] <plushie_pegasus> I will be going to bed in about 14 min
[10:07:32] <IceNess> night
[10:07:35] *** Quits: IceNess (Taka-nii@Pony-bcp0sm.frokca.sbcglobal.net) (Quit: Night)
[10:09:26] <EvelinAWAY> yifff https://e621.net/post/show/678976/2015-anal-anal_penetration-animal_ears-animal_geni
[10:10:30] <plushie_pegasus> http://rule34-data-002.paheal.net/_images/99dd454d32b84da339e9168efe0b61be/1017373%20-%20Adnarai%20Friendship_is_Magic%20Gilda%20My_Little_Pony.png
[10:10:51] *** Quits: Connor (AndChat2442@Pony-o4j7u9.res.rr.com) (Ping timeout: 121 seconds)
[10:11:12] <EvelinAWAY> bbl, gotta get catfood for cats
[10:11:49] *** Quits: EvelinAWAY (Mibbit@Pony-dc5o24.res.rr.com) (Quit: http://www.mibbit.com ajax IRC Client)
[10:15:43] <cloppyhooves> I'm watching a lot of ProJared :o
[10:16:50] *** Quits: Giggles (Giggles@Pony-5tjcae.fios.verizon.net) (Quit: Leaving)
[10:24:46] <plushie_pegasus> Off to yiff horny plushies, goodnight everypony
[10:25:54] *** Quits: plushie_pegasus (IceChat77@Pony-j2kv31.ph.cox.net) (Quit: RL sex is good, Plushie sex is soo much better!)
[10:31:40] *** Joins: Katiepony (Mibbit@Pony-oe9rgc.dyn.plus.net)
[10:31:40] *** ChanServ sets mode: +o Katiepony
[10:33:27] *** Joins: Fusl (Fusl@1.0.0.127.in-addr.arpa.li)
[10:41:33] *** Quits: Fusl (Fusl@1.0.0.127.in-addr.arpa.li) (Ping timeout: 121 seconds)
[11:15:45] *** Quits: Cel (Cel@Silver.Horizon) (Connection closed)
[11:16:06] *** Joins: Cel (Cel@Silver.Horizon)
[11:20:01] *** Joins: Connor (AndChat2442@Pony-o4j7u9.res.rr.com)
[11:36:07] <cloppyhooves> I need some help from someone's who's gonna be onlin in like 8 hours :o
[11:36:43] <cloppyhooves> I'd get FineLine to do it, but she's not here D:
[11:38:59] <Cel> I'll probably be here, but I can't guarantee it
[11:39:16] <cloppyhooves> No worries or obligation if you can't!
[11:39:25] <cloppyhooves> All I need to be reminded of is:
[11:39:29] <cloppyhooves> "Talk to Eve about the thing"
[11:39:41] <Cel> ok^^
[11:39:47] <cloppyhooves> Thank you :)
[11:44:22] * RubyPinch divebombs cloppyhooves 
[11:44:28] * RubyPinch jumps off
[11:44:33] * RubyPinch does a flip
[11:44:37] <cloppyhooves> Awwwww c:
[11:44:41] * RubyPinch continues flipping all the way into the sunset
[11:45:53] *** Quits: eytosh (eytosh@Pony-ple1k3.res.rr.com) (Connection closed)
[11:46:09] <cloppyhooves> x3
[11:47:58] <RubyPinch> im gonna try learning a 1handed keyboard implementation
[11:50:08] *** Joins: eytosh (eytosh@Pony-ple1k3.res.rr.com)
[11:50:09] *** ChanServ sets mode: +v eytosh
[11:55:48] *** Quits: Connor (AndChat2442@Pony-o4j7u9.res.rr.com) (Ping timeout: 121 seconds)
[11:56:22] <cloppyhooves> Now that I know how clickbait works
[11:56:29] <cloppyhooves> I'm realizing that it's basically everywhere >.>
[11:59:11] *** Joins: Evelina (Mibbit@Pony-dc5o24.res.rr.com)
[11:59:11] *** ChanServ sets mode: +o Evelina
[11:59:21] <cloppyhooves> Hi Evelina c:
[11:59:24] <Evelina> Foxes are terrifying.
[11:59:24] <Evelina> https://www.youtube.com/watch?v=zk1mAd77Hr4
[11:59:37] <cloppyhooves> They do that sometimes :o
[11:59:45] <Evelina> Fineline: "Scream of the red fox" 0:10
[11:59:58] <Evelina> Sounds like someone getting stabbed
[12:00:10] <cloppyhooves> http://www.reddit.com/r/Showerthoughts/comments/37pjgo/i_have_figured_out_what_makes_click_bait_titles/ is my favorite instance of clickbait x3
[12:00:55] <RubyPinch> https://www.youtube.com/watch?v=zBpZTo1dlPM wow look at that prance
[12:01:43] <RubyPinch> also i want a fox superyellybark to be replaced with a very deep human shout
[12:01:51] <RubyPinch> like, dubbed over or something
[12:01:57] <cloppyhooves> I sometimes do barks like that during petplay, but it's pretty rare :o
[12:05:49] <Evelina> This thread is full of things I'm not gonna click on at 5 in the morning
[12:05:54] <Evelina> http://www.reddit.com/r/AskReddit/comments/3b4ifn/serious_national_park_rangers_and_any_other/
[12:06:09] <Evelina> "Deer are even worse. Did you see that video of the bear attacking the deer in someone's backyard. The screams the deer was making was horrifying. http://youtu.be/JzwbOZKfrUQ"
[12:06:10] *** Quits: Araiya (pbaloney@Incidental.Unicorn.Araiya) (Connection closed)
[12:06:11] <Evelina> AHA NOPE
[12:06:38] *** Joins: Araiya (pbaloney@Incidental.Unicorn.Araiya)
[12:06:38] *** ChanServ sets mode: +v Araiya
[12:08:15] <Evelina> "My favorite 1 sentence horror I saw myself blink in the mirror"
[12:08:38] *** Joins: Arai_a (pbaloney@Pony-1kaj1s.space)
[12:09:49] <Evelina> Remember, "Everything is real even if it isn't" reply squirtle53   And that's why I don't like /r/nosleep
[12:10:40] *** Quits: Araiya (pbaloney@Incidental.Unicorn.Araiya) (Ping timeout: 121 seconds)
[12:10:40] *** Arai_a is now known as Araiya
[12:10:40] *** ChanServ sets mode: +v Araiya
[12:27:56] * Evelina places a small flower on Araiya's head
[12:31:35] <cloppyhooves> Good night, you sexy ponies!
[12:33:55] <RubyPinch> niniacloppa
[12:35:03] * Evelina puts a small tie around RubyPinch 
[12:36:23] * RubyPinch bites at the tie
[12:38:14] <Evelina> Stoppit
[12:38:19] <Evelina> You are gonna be a buisness filly
[12:38:31] *** Quits: cloppyhooves (cloppy@vixen.den) (Ping timeout: 121 seconds)
[13:08:56] *** Quits: Katiepony (Mibbit@Pony-oe9rgc.dyn.plus.net) (Quit: http://www.mibbit.com ajax IRC Client)
[13:13:00] *** Joins: Katiepony (Mibbit@Pony-vgsu0g.dyn.plus.net)
[13:13:00] *** ChanServ sets mode: +o Katiepony
[13:18:04] *** Joins: Wolfie (u291187@Pony-9jfb6q.dynamic.simnet.is)
[13:18:04] *** ChanServ sets mode: +v Wolfie
[13:18:27] * Wolfie runs frantically around the room
[13:21:48] * Evelina throws a net over the Wolfie 
[13:22:45] * Wolfie trips and falls onto his face
[13:23:07] * Evelina runs up and scoops up the wolf in the net!
[13:23:10] <Evelina> Got one!
[13:25:41] <Wolfie> unhand me you fiend! 
[13:27:17] * Cel tilts
[13:30:18] * Wolfie struggles and writhes in the net
[13:31:11] * Evelina hugs the net.
[13:35:08] * Wolfie wrinkles his nose
[13:35:48] *** Joins: mib_jb1ppa (Mibbit@Pony-kd5.u00.54.121.IP)
[13:38:09] *** Quits: mib_jb1ppa (Mibbit@Pony-kd5.u00.54.121.IP) (Quit: http://www.mibbit.com ajax IRC Client)
[13:38:47] <Evelina> Cel! This wolf is snuggly
[13:40:12] <Evelina> http://pbfcomics.com/267
[13:40:15] * Cel squints
[13:43:54] <Evelina> http://pbfcomics.com/255
[13:44:47] <Evelina> http://pbfcomics.com/252
[13:46:25] <Evelina> http://pbfcomics.com/231
[13:51:29] <Cel> I'm all for the 191^^
[13:51:40] *** Quits: Wolfie (u291187@Pony-9jfb6q.dynamic.simnet.is) (Ping timeout: 121 seconds)
[13:52:56] * Evelina works that way
[13:57:18] <Evelina> http://pbfcomics.com/168
[13:57:45] *** Joins: Connor (AndChat2442@Pony-o4j7u9.res.rr.com)
[14:01:50] <Evelina> http://pbfcomics.com/133
[14:02:32] <Cel> that's how I get out... works every time
[14:04:41] <Evelina> http://pbfcomics.com/112
[14:04:48] <Evelina> ^ OMG This is amazing
[14:07:35] <Evelina> http://pbfcomics.com/90
[14:34:15] <Evelina> I gotta go.
[14:34:25] <Evelina> If you all see melon or wolfie, tell him I need to talk to him
[14:36:36] *** Quits: Evelina (Mibbit@Pony-dc5o24.res.rr.com) (Quit: http://www.mibbit.com ajax IRC Client)
[14:38:13] *** Joins: Fusl (Fusl@1.0.0.127.in-addr.arpa.li)
[14:51:37] *** Joins: AndChat|244209 (AndChat2442@Pony-fejq3c.pools.spcsdns.net)
[14:54:28] *** Quits: Connor (AndChat2442@Pony-o4j7u9.res.rr.com) (Ping timeout: 121 seconds)
[16:26:43] *** Joins: Connor (AndChat2442@Pony-o4j7u9.res.rr.com)
[16:26:43] *** Quits: AndChat|244209 (AndChat2442@Pony-fejq3c.pools.spcsdns.net) (Connection closed)
[16:59:03] *** Quits: Araiya (pbaloney@Incidental.Unicorn.Araiya) (Connection closed)
[17:02:05] *** Joins: Araiya (pbaloney@Incidental.Unicorn.Araiya)
[17:02:05] *** ChanServ sets mode: +v Araiya
[17:13:25] *** Starburn is now known as HighSky
[17:23:35] *** Quits: Shutter (tips@sudoku.prevention.hotline) (Ping timeout: 121 seconds)
[17:27:24] *** Joins: Shutter (tips@sudoku.prevention.hotline)
[17:49:04] *** Joins: Vulpixbrew (HoneyBrew@Pony-68js8b.res.rr.com)
[18:41:44] *** Joins: SugarFree (Mibbit@Pony-9d1.jgc.196.71.IP)
[18:42:12] <SugarFree> Hello.
[18:42:42] *** Quits: SugarFree (Mibbit@Pony-9d1.jgc.196.71.IP) (Quit: http://www.mibbit.com ajax IRC Client)
[19:07:44] *** Quits: Vulpixbrew (HoneyBrew@Pony-68js8b.res.rr.com) (Ping timeout: 121 seconds)
[19:10:02] *** Quits: Princesss1uttershy (Princessslu@Pony-hsa86l.nb.bellaliant.net) (Connection closed)
[19:10:04] *** Joins: RNGsus (RNGsus@Pony-kut12l.cable.mindspring.com)
[19:13:40] *** Quits: Cel (Cel@Silver.Horizon) (Quit: Leaving)
[19:13:56] *** Joins: CelPhone (Cel@Silver.Horizon)
[19:18:38] <RNGsus> Today is pride day :D
[19:20:43] *** Joins: CelPhoneX (Cel@Silver.Horizon)
[19:24:03] *** Quits: CelPhone (Cel@Silver.Horizon) (Ping timeout: 121 seconds)
[19:45:19] *** Joins: cloppyhooves (cloppy@vixen.den)
[19:45:19] *** ChanServ sets mode: +qo cloppyhooves cloppyhooves
[19:50:15] * CelPhoneX waves a reminder at cloppyhooves
[19:50:23] <cloppyhooves> Thank you Cel :)
[19:50:32] <CelPhoneX> :D
[19:51:07] <cloppyhooves> I just heard some good news wakiung up
[19:51:11] <cloppyhooves> So that's pretty cool c:
[19:52:05] <CelPhoneX> Yay
[19:59:02] <Katiepony> Katie is happy for all you ameriponies :3
[19:59:08] <cloppyhooves> :)
[20:00:46] <RNGsus> http://www.cnn.com/2015/06/26/politics/supreme-court-same-sex-marriage-ruling/
[20:03:07] *** Joins: Wolfie (u291187@Pony-9jfb6q.dynamic.simnet.is)
[20:03:07] *** ChanServ sets mode: +v Wolfie
[20:03:29] <Wolfie> I passed all!
[20:04:20] <cloppyhooves> Yay! :)
[20:04:27] * Wolfie does a happy dance
[20:04:36] *** Joins: Vulpixbrew (HoneyBrew@Pony-68js8b.res.rr.com)
[20:04:38] <Wolfie> not perfect grades but still passed!
[20:04:43] <Vulpixbrew> hello
[20:04:49] <RNGsus> Hi fox
[20:04:57] *** Quits: Wolfie (u291187@Pony-9jfb6q.dynamic.simnet.is) (Connection closed)
[20:05:02] <Vulpixbrew> RNGsus that victory!!!
[20:05:10] <RNGsus> ikr
[20:07:22] <Vulpixbrew> http://ktla.com/2015/06/26/selfie-sticks-officially-banned-at-walt-disney-world-and-disneyland/
[20:08:09] <RNGsus> lol
[20:14:04] *** Quits: Katiepony (Mibbit@Pony-vgsu0g.dyn.plus.net) (Quit: http://www.mibbit.com ajax IRC Client)
[20:15:34] *** Joins: Katiepony (Mibbit@Pony-vgsu0g.dyn.plus.net)
[20:15:34] *** ChanServ sets mode: +o Katiepony
[20:18:36] *** Joins: cloppyhoofs (cloppy@vixen.den)
[20:18:36] *** ChanServ sets mode: +qo cloppyhoofs cloppyhoofs
[20:19:14] *** Quits: cloppyhooves (cloppy@vixen.den) (Ping timeout: 121 seconds)
[20:19:48] <Vulpixbrew> hello Katiepony
[20:19:51] <Vulpixbrew> hey cloppyhoofs
[20:19:54] <cloppyhoofs> Hi c:
[20:19:57] *** cloppyhoofs is now known as cloppyhooves
[20:33:45] <Katiepony> hihi
[20:35:04] <Vulpixbrew> http://trialsoflust.tumblr.com/image/119713539697
[20:36:00] <cloppyhooves> That's cute c:
[20:36:07] <cloppyhooves> But Vinyl, that's not Octavia
[20:36:26] <RNGsus> who said it was octavia?
[20:36:35] <cloppyhooves> MusicLesbians OTP
[20:38:13] <Katiepony> Musicalesbians
[20:41:55] <Vulpixbrew> I was early in Vinyl's life they were at a music event Equestria House Mafia was playing X was flowing and the hook up happened
[21:02:29] <Vulpixbrew> http://terminallance.com/2015/06/26/terminal-lance-the-curse-of-the-dependapotamus-gay-marriage/
[21:04:57] *** Joins: Guilygryph (Guilygryph@Pony-s1qp5e.al.charter.com)
[21:09:44] <Vulpixbrew> heya Guilygryph
[21:11:04] <cloppyhooves> Hi Guilygryph c:
[21:11:10] <Guilygryph> hi hi
[21:31:28] <Katiepony> So which of you guys are getting gay married now? o:
[21:33:10] <RNGsus> First i gotta find a boyfriend
[21:40:10] * Vulpixbrew sits in RNGsus's lap
[21:40:51] * RNGsus pets Vulpixbrew 
[21:43:39] <cloppyhooves> https://i.imgur.com/bF87q23.jpg
[21:46:12] *** Joins: CelPhone (Cel@Silver.Horizon)
[21:46:35] *** Joins: Cel (Cel@Silver.Horizon)
[21:46:51] *** Quits: CelPhone (Cel@Silver.Horizon) (Quit: Bye)
[21:48:43] <cloppyhooves> https://www.reddit.com/r/furry/comments/3b7328/not_exactly_furry_but_still_important_scotus_ends/csjlxjm?context=10000
[21:48:45] <cloppyhooves> xDDD
[21:49:34] <RNGsus> I dont get it...
[21:49:38] *** Quits: CelPhoneX (Cel@Silver.Horizon) (Ping timeout: 121 seconds)
[21:49:58] <RNGsus> OH
[21:50:06] <RNGsus> I get it now
[21:54:20] <cloppyhooves> :3
[21:54:23] <iam[a]lion> oh god
[21:54:30] <iam[a]lion> its 93 in our house
[21:54:33] <iam[a]lion> kill me 
[21:54:33] <iam[a]lion> X_X
[21:57:28] <cloppyhooves> What you need is one of those long, flat couches to lie on
[21:57:36] <cloppyhooves> Surrounded by us holding fans and fanning you c:
[21:59:46] <iam[a]lion> fanning hot air around
[21:59:47] <iam[a]lion> grate
[22:01:46] <cloppyhooves> D:
[22:02:35] <iam[a]lion> to make it worse
[22:02:39] <iam[a]lion> my neices wantyed to bake cookies
[22:02:44] <iam[a]lion> so the oven is on 
[22:02:45] <iam[a]lion> @_@
[22:05:08] <cloppyhooves> :c
[22:07:54] <cloppyhooves> http://i.imgur.com/xxANA5p.jpg?1
[22:10:55] <Katiepony> Voat got shut down?
[22:11:14] <cloppyhooves> http://i.imgur.com/Cwqt5uX.webm
[22:11:49] <iam[a]lion> no Katiepony
[22:14:22] <Katiepony> What happpened? o:
[22:14:49] <iam[a]lion> nothing at all?
[22:14:51] <iam[a]lion> its working just fine
[22:15:46] <Katiepony> Oh, their provider shut down their servers but they moved to other servers before the shut down.
[22:16:40] <Katiepony>  "...we have received significant information that the content on your server includes political incorrect parts that are unacceptable for us."
[22:17:39] <Cel> wasn't that last week?
[22:17:49] <Katiepony> Yeah, I'm trying to catch up on drama o:
[22:17:56] <Cel> oh^^
[22:18:14] <Katiepony> Also wondering what was happening with the confederate flag
[22:19:12] *** Joins: Lumia (AndChat1832@Pony-ngu.127.150.69.IP)
[22:19:19] <Lumia> Boop
[22:19:27] *** Joins: Wolfie (u291187@Pony-9jfb6q.dynamic.simnet.is)
[22:19:27] *** ChanServ sets mode: +v Wolfie
[22:19:40] <Wolfie> afternoon
[22:19:52] <Cel> night
[22:19:55] <Lumia> Hey there c:
[22:20:45] <Wolfie> hiya
[22:21:18] <Lumia> How are you? :o
[22:22:00] <Wolfie> I'm pretty good :P
[22:22:03] <Wolfie> you?
[22:23:15] <cloppyhooves> Pole dancing >> http://i.imgur.com/EuTpmBY.webm
[22:26:05] * Wolfie wags tail
[22:29:56] <Lumia> I'm good, hanging out at a con c:
[22:30:03] <Katiepony> Which con? o:
[22:30:32] <Lumia> Fiesta equestria in Houston :3
[22:30:51] <Katiepony> Probably not the same con I'm going to tomorrow o:
[22:31:06] <Wolfie> oh cool
[22:31:21] <Wolfie> havin fun?
[22:32:09] <cloppyhooves> Are you going to Katiecon? :o
[22:32:28] <Katiepony> Yeah, I go every year
[22:32:34] <Katiepony> It's in my bedroom, and only I'm there o:
[22:32:39] <Katiepony> It's my favorite con :3
[22:32:49] <Lumia> What's that cloppy? And yes I'm having fun =3
[22:32:53] <Wolfie> I might pop by during after hours 
[22:33:49] *** Joins: iamaphone (AndChat2583@king.of.da.jungle)
[22:33:49] *** ChanServ sets mode: +v iamaphone
[22:34:10] <cloppyhooves> http://i.imgur.com/cIGVrFI.webm
[22:35:41] <Wolfie> it's ok, I'll just use the backdoor
[22:36:00] <cloppyhooves> http://i.imgur.com/o6X6aFY.jpg
[22:37:29] <iamaphone> Speaking of back door Wolfie
[22:37:31] <iamaphone> https://i.imgur.com/s7vpNBH.png
[22:37:40] <iamaphone> From the cards against humanity game xD 
[22:38:25] <Wolfie> sure
[22:39:53] <Lumia> Lol nice xD
[22:40:43] <cloppyhooves> http://imgur.com/gallery/IsBJTbW
[22:44:50] <cloppyhooves> http://i.imgur.com/8fbAgCV.gif
[22:46:13] <Wolfie> there was a question about horse cum on my genetic biology exam yesterday 
[22:48:57] <Cel> was it a good question?
[22:49:56] <Wolfie> it made me aroused
[22:49:57] <cloppyhooves> http://i.imgur.com/OYVttL8.jpg
[22:50:13] <Cel> good enough
[22:50:21] * RNGsus loves horse cum
[22:52:06] <cloppyhooves> http://i.imgur.com/4ZLHzBv.jpg
[22:52:51] <Wolfie> my dinky went hard anyway
[23:01:44] *** Quits: iamaphone (AndChat2583@king.of.da.jungle) (Quit: OH GOD WHAT WAS THA-)
[23:09:05] <cloppyhooves> https://i.imgur.com/MCWjijo.jpg
[23:09:51] *** Quits: Wolfie (u291187@Pony-9jfb6q.dynamic.simnet.is) (Connection closed)
[23:11:10] <Vulpixbrew> I like it cloppyhooves
[23:16:05] <Vulpixbrew> http://images2.fanpop.com/images/photos/8200000/Robin-Hood-and-Maid-Marian-disney-couples-8266441-548-480.jpg
[23:19:34] <cloppyhooves> c:
[23:24:38] <cloppyhooves> I'm trying to watching a Youtube
[23:24:48] <cloppyhooves> My internet is basically never slow except right now, apparently D:
[23:28:14] <Vulpixbrew> https://scontent-atl1-1.xx.fbcdn.net/hphotos-xtf1/v/t1.0-9/11402987_983344478377133_8947394599158974057_n.jpg?oh=713b658bb2f8814df4731311aa60deda&oe=56229C0C
[23:28:29] * Vulpixbrew tries to gives cloppys internet a speed boost
[23:37:03] *** Joins: Lumia_ (AndChat1832@Pony-ngu.127.150.69.IP)
[23:37:22] *** Quits: Araiya (pbaloney@Incidental.Unicorn.Araiya) (Connection closed)
[23:37:25] <Vulpixbrew> I can't find my rainbow flagh
[23:37:31] <Vulpixbrew> Heya Lumia
[23:37:50] *** Joins: Araiya (pbaloney@Incidental.Unicorn.Araiya)
[23:37:50] *** ChanServ sets mode: +v Araiya
[23:37:53] *** Quits: Lumia (AndChat1832@Pony-ngu.127.150.69.IP) (Connection closed)
[23:38:01] *** Joins: Lumia (AndChat1832@Pony-ngu.127.150.69.IP)
[23:40:20] *** Joins: Arai_a (pbaloney@Pony-1kaj1s.space)
[23:41:10] *** Quits: Lumia_ (AndChat1832@Pony-ngu.127.150.69.IP) (Ping timeout: 121 seconds)
[23:41:52] *** Quits: Araiya (pbaloney@Incidental.Unicorn.Araiya) (Ping timeout: 121 seconds)
[23:41:52] *** Arai_a is now known as Araiya
[23:41:52] *** ChanServ sets mode: +v Araiya
[23:44:54] <RNGsus> https://40.media.tumblr.com/6b3741dd8b8def7728a7b5cd2c2d02b7/tumblr_nqkl8xuOyL1u432lso1_1280.png https://40.media.tumblr.com/73831e57d1613648b6f63897db118809/tumblr_nqkfhcrbAu1tfmthso1_540.png
[23:45:04] <RNGsus> m/m
[23:45:10] <Vulpixbrew> https://www.youtube.com/watch?t=30&v=YHNBODTSt9c
[23:54:28] <Vulpixbrew> on r/gifs right now if you post your name is highligghted by a rainbow
[23:55:28] <Katiepony> I think it's on a few subs
[23:58:10] <Katiepony> http://i.imgur.com/WjzJWYo.jpg
[23:59:31] <Katiepony> That's a pink Katydid o:
[23:59:46] <Katiepony> Who posted that pic in chat?
[23:59:49] <Katiepony> Katydid
