[00:00:04] <Evelina> Hey Vulpixbrew 
[00:10:49] <iamalion> hmmm this program looks totally legit http://i.imgur.com/H9HU5oH.png
[00:10:52] <iamalion> doesnt even download the miages
[00:10:54] <iamalion> ggrrrrrr
[00:12:13] <cloppyhooves> You may want to Cencel
[00:16:19] * Connor rubs his nose 
[00:20:36] * Vulpixbrew grumbles at itunes
[00:21:36] <Compu> starlight glimmer has a nice butt
[00:21:55] <RNGsus> got a pic?
[00:23:12] <Katiepony> https://static1.e621.net/data/e5/95/e59572099f3abaab982ebca00383ac58.png
[00:23:12] <FineLine> [ https://e621.net/post/show?md5=e59572099f3abaab982ebca00383ac58 ]
[00:23:20] <weisey> Neeeeee noooooo
[00:23:24] <weisey> Neeeeeee noooooo
[00:23:30] <weisey> HeeelllloooooOOOOOO
[00:23:39] <weisey> I'm a caaaaAAAAAAAR
[00:23:49] <weisey> Oil-is-my-blood
[00:24:00] <Wolfy> what do we want?
[00:24:06] <Wolfy> low flying airplanes!
[00:24:12] <Wolfy> when do we want them?
[00:24:17] <Wolfy> NEEEEOOOOOOOOWWWWW
[00:24:53] <Katiepony> |:
[00:25:10] * Connor noms wolf tail 
[00:25:21] * Wolfy wags it about
[00:25:25] <Vulpixbrew> brb
[00:28:05] <Compu> yus https://derpicdn.net/img/view/2015/4/4/864764__safe_animated_screencap_spoiler-colon-s05e02_starlight+glimmer_towel_the+cutie+map+-dash-+part+2_dat+towelin'.gif
[00:28:06] <FineLine> [ https://derpiboo.ru/864764 ]
[00:28:08] <Compu> https://derpiboo.ru/919208?scope=scpe5e6672527d626b5e7fb73067dcb8e83a19d5e323
[00:28:10] <FineLine> [ #919208 - artist:90sigma, artist:sailortrekkie92, background, bedroom eyes, glow, looking back, ... ]
[00:28:47] <Vulpixbrew> Im back
[00:28:53] <Compu> https://derpicdn.net/img/view/2015/4/4/864764__safe_animated_screencap_spoiler-colon-s05e02_starlight+glimmer_towel_the+cutie+map+-dash-+part+2_dat+towelin.gif
[00:28:53] <FineLine> [ https://derpiboo.ru/864764 ]
[00:30:48] <Katiepony> https://static1.e621.net/data/1c/72/1c72834e651bd65562e1773bb0fd1515.gif
[00:30:48] <FineLine> [ https://e621.net/post/show?md5=1c72834e651bd65562e1773bb0fd1515 ]
[00:32:02] <Compu> Katiepony: nu
[00:36:03] <Evelina> http://i.4cdn.org/b/1442354255500.jpg
[00:37:37] * Wolfy hides self
[00:39:42] * Vulpixbrew hides behind Katiepony
[00:40:00] * Katiepony hides behind Vulpixbrew 
[00:42:31] * Vulpixbrew blinks and sits cunfused
[00:49:22] * Connor steals the vulpix 
[00:49:25] <Connor> Mine 
[00:55:23] <Compu> Vulpixbrew: cuntfused?
[00:55:31] <Compu> its the best kind of fused
[01:01:13] * Vulpixbrew wouldn't mind having his face buried in a nice warm wat...ammmm
[01:02:09] *** Quits: Evelina (Mibbit@Pony-qm1.7lv.72.24.IP) (Quit: http://www.mibbit.com ajax IRC Client)
[01:02:21] *** Quits: Wolfy (u931732@Pony-9jfb6q.dynamic.simnet.is) (Connection closed)
[01:03:46] <Katiepony> wat
[01:03:47] <Princesssluttershy> https://www.youtube.com/watch?v=4EM0rsM_6-w
[01:04:44] <Vulpixbrew> wet not wat
[01:26:36] * Connor sneezes 
[01:26:45] <Vulpixbrew> bbleeesssss youuu
[01:28:03] <Connor> Thanks 
[01:31:11] <iamalion> i love talking to people when they are trying to type in their really long wifi passwords
[01:31:15] <iamalion> i see why dentists do this
[01:34:23] <Connor> People don't just use their cell number for their wifi p password? 
[01:34:35] <Vulpixbrew> http://kotaku.com/fan-game-will-let-you-bring-horrible-pokemon-fusions-to-1730656607?utm_campaign=Socialflow_Kotaku_Facebook&utm_source=Kotaku_Facebook&utm_medium=Socialflow
[01:34:35] <FineLine> [ Fan Game Will Let You Bring Horrible Pokémon Fusions To ... ]
[01:34:50] <Vulpixbrew> I dont
[01:39:10] <weisey> Ohhhh shiiiiiit its happening 
[01:39:23] <weisey> Ooooooooh shit
[01:39:28] <weisey> Valve is fixing hitboxes
[01:39:34] <weisey> And defuse animations 
[01:39:45] <weisey> Ohhhhhhhh man
[01:41:09] <weisey> FUCK
[01:41:20] <weisey> THEY NERFED THE A1S
[01:42:46] <weisey> Reduced armor penetration :c
[01:42:54] <weisey> No more 2 tap headshots :c
[01:43:07] <weisey> Reduced rate of fire :c
[01:43:13] <weisey> Increased base spread
[01:43:32] <weisey> NOW ITS BASICALLY THE A4 with A SILENCER
[01:43:33] <weisey> WHY
[01:58:22] <weisey> Oh well
[01:58:36] <weisey> Time yo learn the A4 spray pattern :c
[01:59:02] <Princesssluttershy> you can still two tap headshots with it
[01:59:40] <weisey> Not at long range
[01:59:47] <weisey> Spread is too big now :c
[02:00:04] <weisey> Ak47 best rifle now :c
[02:00:11] <weisey> T side 2 op
[02:02:05] *** Joins: Wolfy (u931732@Pony-9jfb6q.dynamic.simnet.is)
[02:02:39] <iamalion> [16:35] <Connor> People don't just use their cell number for their wifi p password? 
[02:02:41] <iamalion> most people dont
[02:02:48] <iamalion> but our default ones are 16 random letters and numbers
[02:02:48] *** Joins: Frosty (Hallfrost00@Pony-41o3gb.2lt4.5m2a.48f8.2001.IP)
[02:02:48] *** ChanServ sets mode: +o Frosty
[02:02:53] <iamalion> a lot of people just use that
[02:02:55] <Wolfy> spread too wide 
[02:03:02] <Wolfy> yah I use that too
[02:03:13] <Wolfy> I think mine is 10 random letters and numbers
[02:03:16] <Vulpixbrew> brb
[02:04:11] <Princesssluttershy> from a ramp to pit is still a two hit headshot
[02:04:26] *** Quits: Wolfy (u931732@Pony-9jfb6q.dynamic.simnet.is) (Connection closed)
[02:05:35] <Frosty> I thought my new headset was going to arrive today. But it's not coming until tomorrow. :c
[02:10:36] <weisey> Aw
[02:11:13] <Frosty> I was really excited, too
[02:22:07] <Vulpixbrew> Vulpix is being back yeah
[02:22:57] * iamalion ya
[02:26:55] *** Joins: Flame (Taka-nii@Pony-a7amjl.CSUChico.EDU)
[02:27:03] *** ChanServ sets mode: +v Flame
[02:27:10] <Flame> hiyo
[02:33:22] <iamalion> "GIVEM E YOUR ID NUMBER INCASE THIS DOESNT WORK"
[02:33:22] <iamalion> ok sir my id number is I-D-1-0-T tyvm
[02:34:28] <Frosty> I'm hungry. What do?
[02:35:19] <Vulpixbrew> ]bacon
[02:35:32] <Frosty> Do I just lay down and accept it? Is this how I die?
[02:37:24] <Flame> o.o
[02:45:26] <Flame> brb
[02:45:29] *** Quits: Flame (Taka-nii@Pony-a7amjl.CSUChico.EDU) (Quit: brb)
[02:45:41] <Princesssluttershy> weisey, https://www.youtube.com/watch?v=tsjveAZD2H8&feature=youtu.be
[02:45:52] *** Joins: Flame (Taka-nii@Pony-a7amjl.CSUChico.EDU)
[02:45:53] <weisey> > This video is private
[02:45:56] <Princesssluttershy> shit
[02:45:58] *** ChanServ sets mode: +v Flame
[02:46:03] <Flame> worked! :D
[02:46:05] <Flame> suspend worked
[02:46:10] <Flame> :3
[02:46:12] <Princesssluttershy> https://www.youtube.com/watch?v=tsjveAZD2H8&feature=youtu.be
[02:46:12] <Flame> hehe
[02:46:18] <Flame> suspend + uefi + Arch + EFISTUB booting = amazeballs
[02:46:25] * Flame huggles weisey cuz why not
[02:46:40] <Princesssluttershy> ^ does that one work?
[02:49:02] <Princesssluttershy> weisey, 
[02:49:14] <weisey> That was a long two taps :o
[02:49:23] <weisey> Im talking about pewpew not pew pew
[02:49:24] <Princesssluttershy> I'm not good at the game alright
[02:56:06] * Flame wonders what kinds of efi apps one can make
[03:04:26] <Flame> https://www.youtube.com/watch?v=0TuMvWCbM-g
[03:11:59] <Princesssluttershy> weisey, how about this one? https://www.youtube.com/watch?v=jpX76pDoulU&feature=youtu.be
[03:12:22] <weisey> ok see thats what i meant
[03:12:32] <Princesssluttershy> It's possible
[03:12:57] <Frosty> Qdoba so good. Yum.
[03:13:08] <Princesssluttershy> I did get one where I just held down M1 but I forgot to record it :/
[03:19:53] <Flame> o.o
[03:31:15] *** Quits: Flame (Taka-nii@Pony-a7amjl.CSUChico.EDU) (Quit: brb)
[03:32:15] <Vulpixbrew> brb
[03:48:53] <weisey> I HAVE NEVER FELT SO CONFIDENT IN MY AWPING OH MY GOD PRAISE THE HITBOX UPDATE I AM HITTING FLICKS LEFT AND RIGHT LIKE NOONES BISNESS
[03:50:58] <Princesssluttershy> I was having trouble AWPing earlier D:
[03:51:15] <weisey> I am WRECKING
[03:51:24] <weisey> Flick this flick that holy shit
[03:52:05] <Princesssluttershy> I used to be good at shit like that
[03:52:15] <Princesssluttershy> I was a beast in CSS
[03:52:26] <Princesssluttershy> what's your steam name btw?
[03:53:00] <weisey> luminosity american hope confirm
[03:53:17] <weisey> i changed it after that pants shittingly close match against fnatic on mirage at Cologne
[03:53:29] <Princesssluttershy> Oh you're not on my friends linst :/
[03:54:10] <Princesssluttershy> wait never mind
[03:54:13] <Princesssluttershy> apparently we are friends
[03:55:54] <weisey> yep
[03:56:01] <weisey> have been for a long time lol
[03:56:08] <Princesssluttershy> lol
[04:27:04] *** Quits: Frosty (Hallfrost00@Pony-41o3gb.2lt4.5m2a.48f8.2001.IP) (Connection closed)
[04:27:32] <iamalion> GAMEPLAY
[04:27:32] <iamalion>     Added dynamic player culling to prevent players and weapons poking through thin walls and revealing their position
[04:27:33] <iamalion> OMFG
[04:27:34] <iamalion> YES
[04:44:15] *** Joins: Squirrelly (squirrelly@Pony-3ve80g.cicril.sbcglobal.net)
[04:47:40] *** Quits: Squirrelly (squirrelly@Pony-3ve80g.cicril.sbcglobal.net) (Quit: Bye Bye!)
[05:16:13] *** Joins: Futashy (Mibbit@Pony-bd5cor.fios.verizon.net)
[05:22:32] *** Joins: plushie_pegasus (IceChat77@Pony-hs45ap.ph.cox.net)
[05:22:32] *** ChanServ sets mode: +v plushie_pegasus
[05:23:33] <plushie_pegasus> Hello Everypony!
[05:23:35] <FineLine> Hey plushie_pegasus.
[05:41:11] *** Joins: Squirrelly (squirrelly@Pony-3ve80g.cicril.sbcglobal.net)
[05:42:47] <RubyPinch> iamalion: skill ceiling lowered
[05:47:59] * Vulpixbrew scampers in looking for someone to hide behind
[05:50:33] <iamalion> RubyPinch if we lower the skill floor too does that make it a skill elevator
[05:50:57] <RubyPinch> an elevator straight to wood rank
[05:53:17] * iamalion pat pats RubyPinch
[05:53:35] <RubyPinch> \o/
[05:55:33] <plushie_pegasus> http://pinkie.mylittlefacewhen.com/media/f/rsz/mlfw9120_small.jpg
[05:56:11] *** Quits: Futashy (Mibbit@Pony-bd5cor.fios.verizon.net) (Quit: http://www.mibbit.com ajax IRC Client)
[06:03:44] *** Quits: RNGsus (RNGsus@Pony-kut12l.cable.mindspring.com) (Connection closed)
[06:05:57] *** Quits: Squirrelly (squirrelly@Pony-3ve80g.cicril.sbcglobal.net) (Quit: Bye Bye!)
[06:08:07] * RubyPinch provides a CFA shield for Vulpixbrew to hide behind
[06:08:25] *** iamalion is now known as iam[a]lion
[06:16:11] *** Quits: Compu (compu@snuggly.filly) (Ping timeout: 121 seconds)
[06:17:40] <plushie_pegasus> http://i3.kym-cdn.com/photos/images/original/000/361/782/b29.jpg
[06:17:41] <weisey> Every time I see Andy Milonakis I forget he's 39.
[06:22:50] <plushie_pegasus> Who is Andy Milonaki ???
[06:24:36] <plushie_pegasus> http://archive.rumblepup.com/wp-content/uploads/2010/12/Your-argument-is-invalid11.jpg
[06:25:52] <Vulpixbrew> osty (Hallfrost00@Pony-41o3gb.2l
[06:26:00] <Vulpixbrew> https://www.youtube.com/watch?v=W8qcccZy03s
[06:26:05] <Vulpixbrew> why does irc do that
[06:26:27] <Vulpixbrew> I copy something in chone and it will copy something random in mirc
[06:28:25] <RubyPinch> cause you already had somethign selected in mirc?
[06:29:21] <Vulpixbrew> no
[06:30:49] <plushie_pegasus> IceChat does that too sometimes
[06:31:11] <plushie_pegasus> test
[06:31:31] <cloppyhooves> http://the-imgurian.tumblr.com/post/129192633940/caramelcheese-adventuresofcesium-lets-all
[06:31:32] <FineLine> [ No Quarter ]
[06:33:51] <plushie_pegasus> LOL  http://i0.kym-cdn.com/photos/images/original/000/491/538/ee7.png
[06:40:00] <plushie_pegasus> Humanized   http://i0.kym-cdn.com/photos/images/original/000/918/565/ba1.png
[06:44:33] *** Joins: Compu (compu@snuggly.filly)
[06:44:45] <Vulpixbrew> https://www.youtube.com/watch?v=KaOC9danxNo
[06:46:03] <Vulpixbrew> heya Compu
[06:46:17] <plushie_pegasus> Hi compu
[06:47:11] <Compu> nya
[06:47:39] <plushie_pegasus> https://derpicdn.net/img/2014/3/16/576539/full.jpg
[06:47:39] <FineLine> [ https://derpiboo.ru/576539 ]
[06:48:02] <Compu> plushie_pegasus: yummy
[06:48:18] *** Quits: cloppyhooves (cloppy@vixen.den) (Ping timeout: 121 seconds)
[06:48:51] *** Joins: cloppyhooves (cloppy@vixen.den)
[06:48:51] *** ChanServ sets mode: +qo cloppyhooves cloppyhooves
[06:50:01] <plushie_pegasus> WB cloppyhooves
[06:52:44] <cloppyhooves> My internet is a silly
[06:53:31] * Vulpixbrew pokes cloppyhooves internet
[06:53:42] <plushie_pegasus> http://i2.kym-cdn.com/photos/images/original/000/430/162/22e.png
[06:59:40] * Connor nibbles the Internet 
[07:04:38] <plushie_pegasus> [BESTIALITY]   http://img0.joyreactor.com/pics/post/my-little-pony-nsfw-brony-1869167.jpeg
[07:10:50] <plushie_pegasus> https://e621.net/post/show?md5=0de3d873ff6317923f345a997dea0686
[07:10:51] <FineLine> [ #216924: nostalgiagamerjs ]
[07:17:55] <cloppyhooves> I hate it when you find a restaurant
[07:17:59] <cloppyhooves> And go to their website
[07:18:06] <cloppyhooves> And they don't list prices
[07:18:38] <plushie_pegasus> Those are usaly way overpriced 
[07:20:42] <Vulpixbrew> I agree cloppyhooves, 
[07:23:54] *** Joins: Cel (Cel@Silver.Horizon)
[07:24:18] <cloppyhooves> https://i.imgur.com/R7GvFcP.png
[07:25:26] <plushie_pegasus> [anthro] http://orig00.deviantart.net/ea98/f/2014/037/f/1/sexy_rainbow_dash_by_mielzsimmons-d75b9sw.png
[07:25:26] <FineLine> [ https://fav.me/d75b9sw ]
[07:33:29] <plushie_pegasus> http://rule34-data-000.paheal.net/_images/b55a81ca40d3525936478b4bda4166b9/1075885%20-%20My_Little_Pony%20Friendship_is_Magic%20Rainbow_Dash%20oze.jpg
[07:33:29] <FineLine> [ http://rule34.paheal.net/post/view/1075885 ]
[07:39:33] <plushie_pegasus> [G1 LOLI]   http://rule34-data-003.paheal.net/_images/26951999690120005b2a534cf947cee5/340926%20-%20Megan_Williams%20My_Little_Pony%20My_Little_Pony_'n_Friends%20arabatos.jpg
[07:39:33] <FineLine> [ http://rule34.paheal.net/post/view/340926 ]
[07:47:56] <plushie_pegasus> LOL   http://s71.photobucket.com/user/EckzDee/media/Avatars%20and%20Lulz/beforeandafter.png.html
[07:47:57] <FineLine> [ beforeandafter.png Photo by EckzDee | Photobucket ]
[07:48:07] * iam[a]lion noses at RubyPinch and tries to climb under her
[07:48:17] *** iam[a]lion is now known as iamalion
[07:48:20] <RubyPinch> D:
[07:48:27] * RubyPinch is raised up off the floor
[07:48:27] <plushie_pegasus> BRB
[07:48:42] * iamalion snuggles in beneath RubyPinch
[07:49:17] <RubyPinch> :o
[07:52:27] *** Joins: Wolfy (u931732@Pony-9jfb6q.dynamic.simnet.is)
[07:54:02] <Wolfy> goodmorning
[07:54:11] * iamalion purrs happily down there
[07:54:12] <iamalion> hi Wolfy
[07:55:23] *** Quits: Wolfy (u931732@Pony-9jfb6q.dynamic.simnet.is) (Connection closed)
[07:55:28] <iamalion> bye Wolfy
[08:00:08] *** Starburn is now known as Flowheart
[08:02:55] <plushie_pegasus> I'm back!!! :)
[08:04:27] <iamalion> hi plushie_pegasus
[08:06:06] <plushie_pegasus> hi iamalion
[08:07:36] * Vulpixbrew rolls about a weightless fox
[08:11:22] <plushie_pegasus> !tell Futashy [futa]  http://40.media.tumblr.com/6cdf61f8bd960c8e2fd81c8362027c1f/tumblr_n9w99bc2hG1tegs9bo6_
[08:11:22] <FineLine> [ 404 Not Found ]
[08:11:23] <FineLine> plushie_pegasus: I'll pass that on when Futashy is around.
[08:11:45] <plushie_pegasus> oops 
[08:12:10] <plushie_pegasus> !tell futashy [FUta]  http://40.media.tumblr.com/6cdf61f8bd960c8e2fd81c8362027c1f/tumblr_n9w99bc2hG1tegs9bo6_1280.jpg
[08:12:10] <FineLine> plushie_pegasus: I'll pass that on when futashy is around.
[08:20:17] <iamalion> hmmm to go to bed or sleep here
[08:20:18] <iamalion> hmmmm
[08:22:54] * Vulpixbrew offers a lion zsized kitty bed
[08:23:17] * iamalion dives in
[08:25:37] <Vulpixbrew> http://www.redbubble.com/people/opifan/works/11446176-star-fox?p=canvas-print
[08:25:39] <FineLine> [ "Star Fox" Canvas Prints by Eric Fan | Redbubble ]
[08:31:43] <plushie_pegasus> [foal]  http://rule34-data-002.paheal.net/_images/9b85a7784fc31c88486298af18a2023b/1250354%20-%20My_Little_Pony%20Friendship_is_Magic%20Cutie_Mark_Crusaders%20Sweetie_Belle%20Shoroch.jpg
[08:31:43] <FineLine> [ http://rule34.paheal.net/post/view/1250354 ]
[08:34:42] <Vulpixbrew> http://i.ytimg.com/vi/tsZg06DCNJE/maxresdefault.jpg
[08:34:49] <Vulpixbrew> https://s-media-cache-ak0.pinimg.com/736x/92/59/97/9259970a2b318a7e1b694684b59a5720.jpg
[08:35:22] <Vulpixbrew> is e621 being l;ike superslow for anyone else?
[08:38:36] <Vulpixbrew> https://static1.e621.net/data/c9/58/c958863c53170d2b01c227b8d3e0ae8c.png
[08:38:37] <FineLine> [ https://e621.net/post/show?md5=c958863c53170d2b01c227b8d3e0ae8c ]
[08:39:13] <plushie_pegasus> It seems to work OK for me, Vulpixbrew
[08:39:52] <plushie_pegasus> [Humanized Tribadism]  https://e621.net/post/show/728417/2015-absurd_res-animal_genitalia-anthro-anthrofied
[08:39:53] <FineLine> [ #728417: audrarius ]
[08:40:10] <e> hai plushie_pegasus
[08:40:52] <plushie_pegasus> Hi e
[08:41:01] <plushie_pegasus> Going to bed soon 
[08:44:19] <plushie_pegasus> Off to yiff horny plushies, goodnight everypony
[08:44:21] <FineLine> Bye plushie_pegasus.
[08:47:27] <plushie_pegasus> Ok, It's been the mandantory 3 min. goodnight everypony
[08:47:43] *** Quits: plushie_pegasus (IceChat77@Pony-hs45ap.ph.cox.net) (Quit: RL sex is good, Plushie sex is soo much better!)
[09:00:40] <Vulpixbrew> gah 5 fps
[09:01:34] <Cel> seems reasonable
[09:03:16] <Vulpixbrew> I guess this is what happens when you have a space station with 500+parts
[09:04:03] <Cel> no it's just creative vision... you want the cinematic feeling of a stop motion film
[09:08:13] <Vulpixbrew> I also wanted to be able to use my copy of the ISS but oh well
[09:09:56] <Vulpixbrew> pokeyiff http://i.imgur.com/ncHrJAB.png
[09:25:59] <cloppyhooves> Good night, you sexy ponies!
[09:36:23] <Compu> https://derpiboo.ru/887679?scope=scpea20e300eb0500bda62ee1744e17ba6b22608d9f6
[09:36:25] <FineLine> [ #887679 - anus, artist:whydomenhavenipples, blushing, clitoris, dialogue, explicit, nudity, object ... ]
[09:39:35] <Compu> https://derpiboo.ru/909818?scope=scpe40f6264d6bb68ed9388a6bc5d4ca1df78398d5b0
[09:39:37] <FineLine> [ #909818 - 69 position, accessory swap, age difference, anatomically correct, ... ]
[09:55:49] *** Joins: Wolfy (u931732@Pony-9jfb6q.dynamic.simnet.is)
[09:56:03] *** Quits: Wolfy (u931732@Pony-9jfb6q.dynamic.simnet.is) (Connection closed)
[10:37:11] *** Flowheart is now known as Starburn
[10:45:56] * Vulpixbrew sniffs around to see who all is awake
[11:18:15] <RubyPinch> wew
[12:00:28] *** Joins: Squirrelly (squirrelly@Pony-3ve80g.cicril.sbcglobal.net)
[12:00:56] *** Quits: Squirrelly (squirrelly@Pony-3ve80g.cicril.sbcglobal.net) (Quit: Bye Bye!)
[13:03:57] *** Quits: thaostra (thaostra@Pony-vs3e9e.nh.comcast.net) (Ping timeout: 121 seconds)
[14:57:50] <Princesssluttershy> SSo i just sent in an application to a new place
[14:57:57] <Princesssluttershy> I really hope I get the job
[14:58:15] <Princesssluttershy> It'll be full time at like $1150 an hour
[14:58:46] <Princesssluttershy> which means I'll be making twice as much a week then I could possibly make at my current job and it's closer
[15:36:32] <Katiepony> $1,150 an hour is pretty good o:
[15:38:44] <Princesssluttershy> derp
[15:38:48] <Princesssluttershy> 11.50
[15:45:10] <Princesssluttershy> well off to the bank
[15:45:14] <Princesssluttershy> be back in a while
[15:55:06] *** Joins: Frosty (Hallfrost00@Pony-41o3gb.2lt4.5m2a.48f8.2001.IP)
[15:55:06] *** ChanServ sets mode: +o Frosty
[16:47:06] *** Joins: thaostra (thaostra@Pony-vs3e9e.nh.comcast.net)
[16:47:06] *** ChanServ sets mode: +v thaostra
[16:48:25] <Vulpixbrew> Morning
[17:08:52] *** Joins: Wolfy (u931732@Pony-9jfb6q.dynamic.simnet.is)
[17:09:07] <Wolfy> bup
[17:10:02] <Vulpixbrew> https://en.wikipedia.org/wiki/Nauka_(ISS_module)
[17:10:02] <FineLine> [ Nauka (ISS module - Wikipedia, the free encyclopedia ]
[17:10:08] * Vulpixbrew yips at the Wolfy
[17:13:05] * Wolfy howwls back :D
[17:34:43] *** Quits: Wolfy (u931732@Pony-9jfb6q.dynamic.simnet.is) (Connection closed)
[17:39:45] *** Quits: Frosty (Hallfrost00@Pony-41o3gb.2lt4.5m2a.48f8.2001.IP) (discord.canternet.org derpy.canternet.org)
[17:39:45] *** Quits: Pony_78828 (sid32313@Pony-gpk7am.highgate.irccloud.com) (discord.canternet.org derpy.canternet.org)
[17:39:45] *** Quits: Compu (compu@snuggly.filly) (discord.canternet.org derpy.canternet.org)
[17:39:45] *** Quits: y007ghg7 (y007ghg7@fluttershy.is.best.pony.rcfreak0.com) (discord.canternet.org derpy.canternet.org)
[17:39:45] *** Quits: Araiya (pbaloney@Incidental.Unicorn.Araiya) (discord.canternet.org derpy.canternet.org)
[17:40:54] *** Joins: Frosty (Hallfrost00@Pony-41o3gb.2lt4.5m2a.48f8.2001.IP)
[17:40:54] *** Joins: Compu (compu@snuggly.filly)
[17:40:54] *** Joins: Pony_78828 (sid32313@Pony-gpk7am.highgate.irccloud.com)
[17:40:54] *** Joins: y007ghg7 (y007ghg7@fluttershy.is.best.pony.rcfreak0.com)
[17:40:54] *** Joins: Araiya (pbaloney@Incidental.Unicorn.Araiya)
[17:40:54] *** derpy.canternet.org sets mode: +ov Frosty Araiya
[18:36:33] <Princesssluttershy> Oh fuck someone just hijacked my steam account
[18:37:28] <Frosty> Weird. I just redid my steam account./ Mayube I stole it. 
[18:43:03] <Princesssluttershy> My steam account is worth like $3500
[18:43:03] <Princesssluttershy> taht's basically all the money I've ever earned
[18:44:23] <Princesssluttershy> and I think I just lost all my CSGO items
[18:49:46] <Princesssluttershy> If I don't get this account back 
[18:49:52] <Princesssluttershy> I don't know what I'm gonna do
[18:51:50] <Frosty> That's really bad. How is the recovery going?
[18:52:53] <Princesssluttershy> dunno yet
[18:56:16] <Princesssluttershy> like it says I need to prove I own the account but there's nowhere for me to put my information in
[18:56:40] <Princesssluttershy> I wish there was a phone number I could call
[19:04:22] *** Quits: Frosty (Hallfrost00@Pony-41o3gb.2lt4.5m2a.48f8.2001.IP) (Connection closed)
[19:08:38] <Princesssluttershy> fuck it I'm just gonna go cry on the couch
[19:11:10] <iamalion> did you not have 2fa? O_o
[19:12:07] <iamalion> i cnat login to any pc without having to enter a code from an email
[19:21:37] <Vulpixbrew> I have been watching this for iover an hour http://www.ustream.tv/channel/iss-hdev-payload
[19:21:38] <FineLine> [ ISS HD Earth Viewing Experiment on USTREAM: ***QUICK NOTES ABOUT ... ]
[19:34:08] *** Joins: Wolfy (u931732@Pony-9jfb6q.dynamic.simnet.is)
[19:41:35] * Wolfy flails, on his back
[19:44:21] * Vulpixbrew pounces and gives the wolf
[19:44:27] <Vulpixbrew> BELLY RUBs!
[19:45:17] <Wolfy> O: 
[19:45:25] <Wolfy> :D
[19:45:36] <Connor> Belly rubs? 
[19:45:39] * Wolfy wiggles and writhes at the rubs
[19:45:41] <Wolfy> eeeeeeee
[19:45:46] * Connor pouts
[19:59:47] *** Quits: Wolfy (u931732@Pony-9jfb6q.dynamic.simnet.is) (Connection closed)
[20:06:37] <Compu> Vulpixbrew: ugh, earth, gross
[20:09:29] <iamalion> https://i.imgur.com/Z7G0mLu.jpg
[20:17:51] <Vulpixbrew> ?
[20:17:55] <Vulpixbrew> gross
[20:18:16] <weisey> Princesssluttershy: did you not have email confirmation for trades :o?
[20:23:42] <weisey> Also, check your trade history
[20:26:27] <iamalion> ya really. if i login on a new pc it emails me, it also does it for trades too
[20:28:37] <Princesssluttershy> I did have email confirmation for trades
[20:31:41] <iamalion> bleeeghghhghghg
[20:32:22] <Compu> Vulpixbrew: im a misanthrope
[20:37:04] <Vulpixbrew> Compu Im just a space freak, if I had it I would being giving virgin gaatic the 250000 it cost to get upp
[20:37:44] <Compu> Vulpixbrew: i would prefer leaving this universe but would settle for just not being a human
[20:37:53] <Compu> mlp ponies r preferable
[20:38:49] <iamalion> they are chlorinating our water it seems. I drank a TON of water last night and this morning and feel absolutely awful right now
[20:50:18] <iamalion> http://i.imgur.com/EOrKpDe.gifv
[20:50:18] <FineLine> [ me irl ]
[20:58:41] <iamalion> http://i.imgur.com/e8vuogH.gifv
[20:58:42] <FineLine> [ woof irl ]
[21:08:45] <iamalion> https://i.imgur.com/RBLmdaF.jpg
[21:10:04] *** Joins: Wolfy (u931732@Pony-9jfb6q.dynamic.simnet.is)
[21:11:36] * Vulpixbrew flops
[21:12:35] * Wolfy flips
[21:17:44] <Compu> http://i.4cdn.org/mlp/1442414039690.gif
[21:18:57] <Wolfy> http://i.imgur.com/D5xi3Em.jpg
[21:30:35] *** Joins: RNGsus (RNGsus@Pony-kut12l.cable.mindspring.com)
[21:42:08] <cloppyhooves> http://i.imgur.com/nH20EwC.jpg
[21:42:55] <cloppyhooves> http://i.imgur.com/zYl6JPv.jpg
[21:43:04] <cloppyhooves> (I actually love those kind of cookies though)
[21:52:23] *** Quits: Wolfy (u931732@Pony-9jfb6q.dynamic.simnet.is) (Connection closed)
[22:02:13] *** Joins: kiwi (Mibbit@Pony-qaanus.res.rr.com)
[22:02:13] <FineLine> kiwi: Welcome to clopchat, an 18+ chat for MLP porn. Don't forget to read the topic and enjoy your stay!
[22:02:50] *** Quits: kiwi (Mibbit@Pony-qaanus.res.rr.com) (Quit: http://www.mibbit.com ajax IRC Client)
[22:10:43] *** Joins: Wolfy (u931732@Pony-9jfb6q.dynamic.simnet.is)
[22:15:58] <Wolfy> I want tea
[22:21:17] <cloppyhooves> There's a sad episode of ponies on D:
[22:24:47] <Wolfy> I still want tea 
[22:26:21] <cloppyhooves> You should get some c:
[22:28:31] *** Joins: AndChat|244209 (AndChat2442@Pony-8uv.i8n.87.66.IP)
[22:28:58] <Wolfy> yay tea
[22:29:00] <FineLine> [](/derpydance "yay")
[22:30:23] * Vulpixbrew goes to the replulicator and 0orders earl grey hot for Wolfy
[22:30:46] <Wolfy> mmmmm
[22:30:59] <Wolfy> I have a winter blend because I'm in a cold mood
[22:31:16] <Wolfy> still need to get some of the new Christmas blends 
[22:31:24] *** Quits: Connor (AndChat2442@Pony-1j4ll8.res.rr.com) (Ping timeout: 121 seconds)
[22:33:29] <Wolfy> might pick up some chai to make masala chai
[22:33:54] <Wolfy> or just chai latte
[22:34:20] <cloppyhooves> :D
[22:36:12] * Wolfy curls around his hot cup
[22:37:08] <AndChat|244209> 🍫
[22:37:17] *** AndChat|244209 is now known as Connor
[22:37:57] <Wolfy> 🍩
[22:40:10] <Wolfy> I don't regret spending like £50 on this mug
[22:40:12] <Wolfy> it's huge
[22:40:35] <Wolfy> and it's got the Hogwarts emblem on it
[22:41:00] <cloppyhooves> THat's awesome :D
[22:43:22] <Vulpixbrew> oo nice
[22:44:48] <cloppyhooves> Yiff >> https://i.imgur.com/Ni0lLOa.jpg
[22:45:47] <Vulpixbrew> I normally dont like scaley
[22:46:09] <Wolfy> this one tipped the scale for me
[22:49:00] * Wolfy rears up like a scary dragon
[22:51:37] <Wolfy> raaawwr
[22:55:26] * Vulpixbrew pokes the dragon
[22:55:58] <iamalion> [lions] http://furry.booru.org/index.php?page=post&s=view&id=618843
[22:55:59] <FineLine> [ FurryBooru - abs after sex anatomically correct anatomically correct pussy ... ]
[22:57:17] <Princesssluttershy> I hope steam support gets back to me soon D:
[22:57:56] <Wolfy> oh man
[22:58:10] <Vulpixbrew> steam support?
[22:58:17] <Princesssluttershy> Yeah
[22:58:19] <Wolfy> dis gon take a while
[22:58:29] <Princesssluttershy> my account got hijacked earlier D:
[23:00:15] <Vulpixbrew> that sucks
[23:01:45] <Princesssluttershy> yeah and they took all my CSGO items
[23:02:05] <Wolfy> rip
[23:05:07] <iamalion> felina tell evelina http://furry.booru.org/index.php?page=post&s=view&id=499252
[23:05:08] <felina> iamalion: I'll pass that on when evelina is around.
[23:05:08] <FineLine> [ FurryBooru - anatomically correct anatomically correct penis anatomically correct pussy ... ]
[23:05:55] *** Joins: AndChat|244209 (AndChat2442@Pony-1j4ll8.res.rr.com)
[23:07:09] <Vulpixbrew> ima go nap
[23:07:50] * Wolfy trots after Vulpixbrew
[23:09:25] *** Quits: Connor (AndChat2442@Pony-8uv.i8n.87.66.IP) (Ping timeout: 121 seconds)
[23:13:29] <Wolfy> mma tutorial vids are so sensual 
[23:16:46] *** Joins: Flame (Taka-nii@Pony-a7amjl.CSUChico.EDU)
[23:16:52] *** ChanServ sets mode: +v Flame
[23:16:59] <Flame> o.o
[23:24:06] <Flame> o.o
[23:24:08] <Flame> huh
[23:34:50] <Wolfy> integrated circuits are weird
[23:41:03] <Wolfy> lots of triggers so beware
[23:41:05] <Flame> I bet o.o
[23:41:13] * Flame hands Wolfy some Pocky for a treat
[23:42:01] * Wolfy sniffs at it curiously
[23:44:06] <Flame> it's good :3
[23:44:46] * Wolfy nibbles at one stick, pulling it closer and crunching on the chocolatey goodness
[23:46:12] <Flame> ^_^
[23:48:07] * Wolfy stops suddenly
[23:48:14] <Wolfy> wait is this canine safe? 
[23:48:29] <Flame> o,o
[23:48:31] <Flame> suuuure
[23:48:36] <Flame> (not irl, but in here yes)
[23:48:40] <Wolfy> ah sweet
[23:48:52] * Katiepony puts a condom around the pocky
[23:48:56] * Wolfy crunches on more, laying comfortably
[23:48:56] <Katiepony> Now it's safe o:
[23:49:14] * Wolfy chews annoyingly on the condom
[23:49:42] <Katiepony> c:
[23:49:44] <Flame> o.o
[23:49:48] <Wolfy> I don't think it is now :o it's riddled in holes 
[23:49:51] <Flame> hiya Katiepony ! *pokes*
[23:50:29] <Katiepony> There's a fly in my room
[23:50:34] <Wolfy> mmmm banana flavour
[23:50:46] <Katiepony> And my hands are sore from trying to clap at it
[23:50:50] <Katiepony> :c
[23:51:12] <Flame> aww
[23:51:16] * Flame massages the hands
[23:51:38] <Wolfy> you should try to kill it, not clap at it
[23:52:09] <Katiepony> I'm trying to kill it by getting it in the middle of the clap o:
[23:52:33] <Wolfy> then you should clap it not clap at it
[23:53:27] <Katiepony> Well
[23:53:33] <Katiepony> That's what I'm trying to do.
[23:53:48] <iamalion> tigress http://furry.booru.org/index.php?page=post&s=view&id=622250
[23:53:49] <FineLine> [ FurryBooru - big thighs breasts butt edit feline female kung ... ]
[23:54:26] <Katiepony> You know, when I was typing that sentence, I was thinking 'Is that the best way to phrase that? Probably not... eh, I'm sure people will know what I mean and nobody will point it out'
[23:54:47] * Vulpixbrew grumbles being woken up
[23:55:09] <cloppyhooves> That's some high-def pussy fur :o
[23:55:35] <Katiepony> I have a really think, fuzzy blanket
[23:55:46] <Katiepony> Sometimes when it's draped over my bare legs, I'll stroke across it
[23:55:49] <Katiepony> And imagine it's my fur o:
[23:55:59] <Katiepony> Having fur seems like it'd be pretty comfortable.
[23:56:14] *** Quits: Wolfy (u931732@Pony-9jfb6q.dynamic.simnet.is) (Connection closed)
[23:56:27] <cloppyhooves> That's cute c:
[23:56:30] *** Joins: Wolfy (u931732@Pony-9jfb6q.dynamic.simnet.is)
[23:56:45] * Wolfy shakes his fur
[23:57:03] <Wolfy> anyone wanna feel mine? 
[23:57:11] <Wolfy> my underbelly and butt are real soft
[23:57:43] * Katiepony touches the underbutt
[23:59:19] <Wolfy> aw
[23:59:21] <Wolfy> yis
[23:59:47] <Katiepony> c:
