[00:00:50] <weisey> https://www.facebook.com/itsLance210/videos/1010698545661241/
[00:13:43] <Nigiri> D: I tore my contact 
[00:13:54] <Nigiri> Now I'm blind on vacation 
[00:13:57] <Nigiri> What DJ 
[00:14:04] <Nigiri> Do*
[00:16:22] <DJ-C0L7[CSS]> hmm?
[00:16:29] * Wolfy offers to be Nigiri's blind wolf
[00:16:59] * Nigiri clips a leash on Wolfie and follows him around 
[00:17:32] * Wolfy tugs nigiri towards a brothel
[00:17:53] *** Quits: Desirsar (Desirsar@Pony-1uf877.res.rr.com) (Connection closed)
[00:17:59] * Nigiri follows the wolf assuming it's an eye doctor 
[00:18:28] <Moka> now open your mouth wide, Nigiri ...
[00:18:37] *** Joins: Desirsar (Desirsar@Pony-1uf877.res.rr.com)
[00:18:47] * Nigiri does as instructed and gives Moka a big lick 
[00:19:08] <Moka> c:
[00:19:21] <Wolfy> Moka works at a brothel? :O
[00:20:25] <Moka> ... no
[00:20:44] * Wolfy squints suspiciously
[00:20:50] * Nigiri puts his bits down 
[00:21:25] <Moka> :I
[00:21:34] <Moka> i bite I:
[00:21:59] <Wolfy> I only do doggy
[00:23:15] * Wolfy nudges Nigiri to put more bits down
[00:23:38] <Nigiri> Not one person laughed at my pun :c
[00:24:44] <Wolfy> You don't pay me enough to laugh at your puns, sir
[00:25:15] <Moka> Wolfy: I loved it but I'm in too much pain to laugh
[00:25:59] * Wolfy stares blankly
[00:26:08] * Nigiri flops on a Moka
[00:27:23] *** Joins: Vulpixbrew (HoneyBrew@Pony-68js8b.res.rr.com)
[00:27:31] *** Quits: Wolfy (Wolfy@Pony-9jfb6q.dynamic.simnet.is) (Client exited)
[00:32:57] *** Joins: Wolfy (Wolfy@Pony-9jfb6q.dynamic.simnet.is)
[00:34:37] <weisey> oh fuck
[00:35:01] <weisey> "literally if everyone in the audience donated a dollar, you would see a fat jew and a midget black man do a fusion, on stream"
[00:35:05] <weisey> lost it
[00:38:59] <weisey> http://imgur.com/gallery/2OWKl
[00:40:09] <PuppyGirl> Lol
[00:40:19] <PuppyGirl> I'll be back
[00:40:32] <PuppyGirl> Going to the store and then probably making dinner
[00:40:35] *** Quits: PuppyGirl (Squirrelly@Pony-3ve80g.cicril.sbcglobal.net) (A TLS packet with unexpected length was received.)
[00:41:42] <Nigiri> Have fun 
[00:42:32] * Wolfy chews on Nigiri's tail
[00:42:37] <Wolfy> I'm boored
[00:43:36] * Nigiri humps the boredom away 
[00:44:19] <cloppyhooves> Next up is Kaizo Mario Bros 3!
[00:44:25] <cloppyhooves> And the start of the Mario Block c:
[00:44:27] * Wolfy howls, still bored
[00:44:46] * Nigiri humps cloppyhooves until the wolves boredom goes away 
[00:44:54] <weisey> http://www.shitgamequitforever.com
[00:44:57] <weisey> Died
[00:45:13] <cloppyhooves> xD
[00:45:21] * cloppyhooves humps back at the Nigiri >:3
[00:45:40] * Nigiri will win this humping fight! 
[00:45:41] *** Quits: Guilygryph (Guilygryph@Pony-unhop3.al.charter.com) (Client exited)
[00:46:17] * Wolfy sits and judges
[00:47:15] * Nigiri rolls cloppyhooves onto her back and humps this way >:3
[00:47:32] * Vulpixbrew yips
[00:47:39] <Wolfy> Heya Vulpix.
[00:47:57] * Vulpixbrew ask if he can join in on the humping
[00:48:00] <Vulpixbrew> heya Wolfy
[00:49:23] * Wolfy bats at a cake
[00:49:30] <Nigiri> Sure you can vulpix
[00:49:53] <Nigiri> So how do I win the hump off? 
[00:49:57] * Vulpixbrew dives bombs into the pile
[00:50:52] * Wolfy watches the pile
[00:53:12] * Vulpixbrew waves hit tails at the Wolfy
[00:53:16] * Nigiri humps the vulpix like the wind
[00:55:04] * Wolfy pads off into the other room
[00:59:05] * Nigiri follows 
[00:59:41] <Moka> that missionary humping >_>
[01:00:16] <Nigiri> Does Moka not like missionary? 
[01:00:28] <Moka> oh it's fine 
[01:01:07] * Nigiri gives Moka ear nibbles instead of humps 
[01:01:22] * Moka floofs up to extraordinary amounts
[01:01:30] *** Quits: Wikkit (Mibbit@Pony-qiegoj.ph.cox.net) (Quit: http://www.mibbit.com ajax IRC Client)
[01:01:47] * Nigiri tries to lick down the fluff 
[01:02:16] * Wolfy paws at moka's tail
[01:05:17] * Vulpixbrew yays as he has the fox called cloppyhooves all to his self
[01:05:58] <cloppyhooves> :D
[01:06:17] <Nigiri> Aww that means I have no foxes to hump D:
[01:07:18] * Wolfy slinks away stealthily
[01:07:40] <weisey> https://www.reddit.com/r/AskReddit/comments/3zp2d2/whats_your_best_mind_fuck_question/cynvwzg That train
[01:07:40] * Nigiri watches the very stealthy wolf 
[01:09:16] * Wolfy levels up his stealth skill and pickpockets some animals on the way
[01:10:44] <cloppyhooves> "The BDSM Boom Boom"
[01:10:45] * Nigiri puts Moka in the weird bdsm boom boom dungeon 
[01:10:52] * Vulpixbrew looks dead at Wolfy
[01:11:10] <Vulpixbrew> I used to be a wolf like you bit I took a p**** to the yiff hole
[01:11:39] <Wolfy> Is that how foxes are made? :o
[01:12:11] <Vulpixbrew> Whats the matter some one stole your sweet roll?
[01:12:47] <Wolfy> Yeah and replaced them with depression cakes
[01:12:52] <Nigiri> D:
[01:12:58] * Wolfy shakes paw at stuff
[01:13:05] <Nigiri> That means less for me 
[01:13:44] * Wolfy nibbles on the cake
[01:16:13] *** Joins: AndChat|244209 (AndChat2442@Pony-ghu.j51.255.73.IP)
[01:16:28] *** AndChat|244209 is now known as NaughtyCat
[01:17:11] <Wolfy> Yiff http://i.imgur.com/7B34TQj.jpg
[01:17:31] <weisey> okay jeph pls how did your characters suddenly get way hotter and better drawn jeph i am not okay with this jeph pls i cant be this attracted to a comic character
[01:18:03] <Wolfy> Yiff http://i.imgur.com/cee7xgq.png
[01:18:27] <NaughtyCat> Ummpph
[01:19:11] <iamalion> praise inglip http://img.superunicorn.net/i/rmnfhf.png
[01:19:11] *** Quits: Nigiri (AndChat2442@Pony-e72.e80.87.66.IP) (Ping timeout: 121 seconds)
[01:19:36] * Wolfy paws at the cat
[01:20:03] * NaughtyCat paws at everyone 
[01:20:33] *** Quits: Wolfy (Wolfy@Pony-9jfb6q.dynamic.simnet.is) (Client exited)
[01:21:02] <iamalion> .-.
[01:21:12] <NaughtyCat> What's an inglip
[01:21:58] <iamalion> http://knowyourmeme.com/memes/inglip
[01:22:37] <weisey> Oh my lord
[01:22:42] <weisey> i forgot about inglip
[01:23:47] *** Quits: Giggles (Master_Gigg@Pony-mi766l.pa.comcast.net) (Ping timeout: 121 seconds)
[01:25:02] *** Joins: Giggles (Master_Gigg@Pony-mi766l.pa.comcast.net)
[01:25:02] *** ChanServ sets mode: +v Giggles
[01:30:07] <NaughtyCat> That game was insane.. M
[01:30:59] <cloppyhooves> That was a reall really impressive run
[01:31:28] * NaughtyCat can hardly beat normal mario games 
[01:33:38] <weisey> Brutal
[01:33:44] <weisey> https://www.youtube.com/watch?v=opE9QnzXmp8&
[01:34:00] <weisey> Mob of kids in a refugee camp attacking the serbian police forces
[01:34:04] <weisey> Absolute carnage
[01:37:09] <cloppyhooves> I can hear blueglass laughing
[01:37:12] <cloppyhooves> It's cute c:
[01:37:44] *** Joins: Cyan_Spark (Cyan_Spark@incidental.unicorn.Cyan_Spark)
[01:38:48] <iamalion> youre cute
[01:39:57] <cloppyhooves> Awwwww <3
[01:40:02] <cloppyhooves> Thanks iamalion <3
[01:43:23] <Cyan_Spark> Did I miss something? o.o
[01:43:32] <NaughtyCat> Cloppy is much cute 
[01:43:38] <NaughtyCat> So same as always 
[01:44:40] <Cyan_Spark> okei~
[01:47:03] <cloppyhooves> Time for the Super Mario Maker Blind Runs!
[01:47:25] <NaughtyCat> I keep meaning to buy that game 
[01:51:11] *** Joins: Cel (Cel@Silver.Horizon)
[01:54:39] <Giggles> fun
[01:56:15] * NaughtyCat steals all cloppyhooves peanut butter 
[01:59:00] <cloppyhooves> I don't own any :o
[01:59:03] <cloppyhooves> I don't like peanut butter
[01:59:09] <Giggles> :O
[01:59:10] <cloppyhooves> Also hi Giggles c:
[01:59:20] <Giggles> Me neither Clopppy! We should start a club
[01:59:54] <NaughtyCat> What do you have to put on crackers? 
[02:00:03] <cloppyhooves> I don't eat crackers :o
[02:00:15] <NaughtyCat> What does you eat 
[02:00:20] <Cyan_Spark> What /does/ Cloppy eat?
[02:00:36] <cloppyhooves> Seafood :3
[02:00:38] <NaughtyCat> Or who! 
[02:00:53] <NaughtyCat> Ooh I love seafood 
[02:01:02] <NaughtyCat> I just had some for dinner 
[02:01:08] <cloppyhooves> Ooh c:
[02:01:22] <cloppyhooves> I'm debating whether to actually put in effort and cook some shrimp
[02:01:24] <NaughtyCat> It was crab covered flounder 
[02:01:31] <cloppyhooves> Or just microwave up some butter chicken and naan
[02:01:41] <NaughtyCat> Want my grandma's famous shrimp recipe? 
[02:01:43] <Cyan_Spark> What about the seaweed? :o
[02:02:16] <NaughtyCat> You put the frozen shrimp from the bag in warm water and wait 
[02:03:41] <cloppyhooves> Seaweed is tasty c:
[02:04:23] <Cyan_Spark> :D
[02:06:13] * NaughtyCat wraps cloppyhooves and Moka up in seaweed
[02:06:23] * cloppyhooves is now fox sushi
[02:07:12] * NaughtyCat has never had fox sushi and starts by nibbling the ears 
[02:07:46] <cloppyhooves> :3
[02:08:04] <thaostra> http://antelon.tumblr.com/post/136779093889/comic-for-sale-this-month-im-really-in-need-of
[02:08:15] <thaostra> Antelon put out a new comic, it's pretty good
[02:09:36] <NaughtyCat> So maybe I'm crazy but I wish they would cut out all the "put my money in xxx"  parts of messages, it's distracting from the game and boring 
[02:10:21] <thaostra> What?
[02:11:16] <NaughtyCat> At AGDQ every single message ends with "put my 5 dollars in" some terrible pun about save /kill the animals " 
[02:12:56] <weisey> Youre crazy
[02:13:01] <weisey> its part of the fun
[02:14:53] <weisey> LOL
[02:14:55] <weisey> TRIHEX
[02:17:50] <cloppyhooves> More like
[02:17:54] <cloppyhooves> Triceps
[02:29:16] <NaughtyCat> I think they need to shuffle the teams 
[02:30:37] *** Joins: PuppyGirl (Mibbit@Pony-3ve80g.cicril.sbcglobal.net)
[02:30:41] <PuppyGirl> Hello!
[02:30:45] <cloppyhooves> Hi! c:
[02:30:49] <Cyan_Spark> Heya 
[02:31:19] <NaughtyCat> Ooh a puppy 
[02:32:23] <Cyan_Spark> And a naughty cat, what will the pair get up to?
[02:34:17] <NaughtyCat> Not stealing and humping...  I have no idea where you got that idea 
[02:36:06] *** Quits: Cel (Cel@Silver.Horizon) (Ping timeout: 121 seconds)
[02:36:12] <PuppyGirl> So ummmm
[02:36:14] <PuppyGirl> I
[02:36:17] <PuppyGirl> Am friggin HAPPY
[02:36:39] <PuppyGirl> I have in front of me a giant bowl of shrimp I just made, and it is going to be AMAZING
[02:36:54] * NaughtyCat flops in the bowl 
[02:37:32] <cloppyhooves> That's weaome! :D
[02:38:31] <PuppyGirl> I uhhhh
[02:38:37] <PuppyGirl> I wouldn't do that, cutiecat
[02:38:52] <NaughtyCat> But...  Shrimp... 
[02:38:54] <PuppyGirl> I'm not even sure the BOWL is going to survive this
[02:39:08] <PuppyGirl> I am going to eat EVERYTHING
[02:39:27] <PuppyGirl> And then I'm going to go collapse into a food coma and watch either Star Wars or Netflix. Not sure yet.
[02:39:39] * NaughtyCat climbs out of the bowl and then moves cloppyhooves rump in the way of the bowl so she can get eated out too
[02:41:13] * PuppyGirl dives past the adorable fluffbutt and noms the shrimp a handful at a time
[02:44:03] <weisey> Princesssluttershy
[02:44:07] <PuppyGirl> Currently watching One Punch Man. It's hilarious
[02:45:59] <weisey> WA PAAAAAAAANCH
[02:46:02] <weisey> WAN *
[02:46:44] <PuppyGirl> ROFL YES
[02:55:37] <NaughtyCat> That race was so one sided 
[02:56:46] <cloppyhooves> It was still intense, though :D
[02:57:36] <NaughtyCat> The levels were, but team left has been 4+ levels behind for ever 
[02:58:11] <Chiv> what race. if i may ask?
[02:58:36] <PuppyGirl> Elves
[02:58:58] <NaughtyCat> Super Mario maker
[02:59:05] <Chiv> I...wait. okay that makes more sense
[02:59:41] *** Quits: Princesssluttershy (Princessslu@Pony-nk5k13.nb.bellaliant.net) (Connection closed)
[03:01:50] * Moka giggles and snuggles cloppyhooves
[03:02:05] <Giggles> :3
[03:02:26] <Giggles> SO wait agdq is happen?
[03:02:39] <NaughtyCat> Silly Moka, you are sushi now no snuggling 
[03:03:43] * cloppyhooves snuggles!
[03:03:46] <cloppyhooves> Yes it is, Giggles c:
[03:04:19] <Moka> NaughtyCat I'm in close contact with another fox, it's just natural instinct!
[03:04:46] * NaughtyCat nibbles Moka ears then cloppyhooves ears 
[03:04:58] * PuppyGirl licks cloppyhooves' hooves
[03:05:03] *** Quits: Cyan_Spark (Cyan_Spark@incidental.unicorn.Cyan_Spark) (Quit: Sparks only last so long)
[03:05:12] * Moka giggles and squirms ^^
[03:05:21] <Chiv> Just wrap both of'em together with seaweed, double sushi roll then!
[03:09:13] <NaughtyCat> I did wrap both of them with seaweed :3
[03:09:30] * NaughtyCat nibbles Moka paws next 
[03:10:00] * Moka giggles and blushes a bit
[03:10:11] <cloppyhooves> The sight of this team perservering towards the end
[03:10:17] <cloppyhooves> It filled me with determination
[03:10:20] <cloppyhooves> So I'm gonna cook shrimp C:
[03:10:33] * NaughtyCat continues to nibble at the paws, licking over the pads on the bottom 
[03:11:00] <NaughtyCat> Bring some for me :3
[03:11:11] * Vulpixbrew howllllsssss
[03:12:51] * NaughtyCat moves tongue between Moka's toes 
[03:12:59] <PuppyGirl> Shriiiiiimp
[03:13:21] <NaughtyCat> I team bowser had played through the level again after they beat them 
[03:13:36] <cloppyhooves> Pasta and spicy shrimp~
[03:14:03] <NaughtyCat> How spice? 
[03:16:09] <cloppyhooves> Nice and spice~
[03:16:17] <cloppyhooves> I sautee crushed red pepper in the butter
[03:16:22] <cloppyhooves> And add plenty of paprika c:
[03:16:32] * NaughtyCat hides tongue, very bad at spice
[03:17:07] <cloppyhooves> It's cool 'cause the crushed red pepper turns the butter orange
[03:17:11] <cloppyhooves> And the paprika turns it red :3
[03:17:40] * Vulpixbrew turns begging fox eye on the cloppyhooves
[03:17:58] <cloppyhooves> They're not tacos, but we can have a shrimporgy :3
[03:20:49] <Chiv> what's a shrimporgy?
[03:20:56] <NaughtyCat> Shrimp orgy 
[03:21:22] *** NaughtyCat is now known as Nigiri
[03:21:30] *** Joins: samonuh (Mibbit@Pony-c1jmqo.NATPOOL.NYU.EDU)
[03:21:35] <samonuh> Hello
[03:22:05] <Nigiri> Hi hi 
[03:22:23] <samonuh> How's it going?
[03:22:38] <Nigiri> Good 
[03:22:43] <samonuh> Cool
[03:24:58] * Vulpixbrew tries to figure out how to hump a shrimp
[03:25:28] * Nigiri stacks Vulpixbrew on Moka and humps that instead 
[03:26:02] <samonuh> wat
[03:27:56] * Vulpixbrew yells I love my murloc deck
[03:33:09] <Vulpixbrew> https://www.youtube.com/watch?v=uOpdyytB3OY
[03:34:56] <Nigiri> I only have an aggro warrior deck from ages ago 
[03:42:23] * Vulpixbrew pokes Nigiri's booty
[03:42:42] * Nigiri wiggles the butt 
[03:48:30] * Vulpixbrew plays bongos on the booty
[03:48:50] * Nigiri moans at each hit
[03:52:01] *** Quits: samonuh (Mibbit@Pony-c1jmqo.NATPOOL.NYU.EDU) (Quit: http://www.mibbit.com ajax IRC Client)
[04:03:43] <iamalion> http://i.imgur.com/11OAKvt.gifv
[04:06:12] <cloppyhooves> Next up is Super Mario World 0 Exit!
[04:07:34] <Nigiri> What's 0 exit? 
[04:10:46] <Vulpixbrew> http://imgur.com/friNER8
[04:11:27] <Vulpixbrew> yiff https://i.imgur.com/zQHotFP.gifv
[04:14:34] * Nigiri tries to shake more yiff out if the vulpix 
[04:14:47] <cloppyhooves> I think it's for doing a wrong warp in the first level
[04:19:00] *** Joins: Cyan_Spark (Cyan_Spark@incidental.unicorn.Cyan_Spark)
[04:22:13] <cloppyhooves> Wooooooow
[04:22:16] <cloppyhooves> 2 people got it!
[04:22:19] <cloppyhooves> Out of 4
[04:22:31] <Nigiri> That's like all of them
[04:23:10] <Nigiri> 96 exit race? 
[04:37:39] <cloppyhooves> Yup!
[04:37:41] <cloppyhooves> Basically 100%
[04:37:56] <Nigiri> Ooh 
[04:41:31] *** Joins: HentaiClop (Mibbit@Pony-6ps.ofr.62.189.IP)
[04:51:25] <cloppyhooves> I made not enough pasta
[04:51:37] <cloppyhooves> So I have extra spicy shrimp
[04:51:40] <cloppyhooves> Who wants some? c:
[04:52:24] * Chiv raises a hoof
[04:52:58] * cloppyhooves noses a plate with a few at Chiv 
[04:53:13] <Chiv> Awesome, thanks!
[04:53:50] * Chiv tries to daintily eat them, though the whole tail squeeze-pull thing is hard without hands.
[04:54:00] <cloppyhooves> They're already de-tailed!
[05:02:29] <Chiv> Oh woo, none of that shenanigans then!
[05:02:58] * Chiv noms away happily now that he is freed from the difficulties of fancy shrimp eating.
[05:07:56] <cloppyhooves> :D
[05:09:11] <Chiv> What do you use in your shrimp, if i may ask?
[05:10:49] *** Joins: Futashy (Mibbit@Pony-fgdn2d.fios.verizon.net)
[05:11:35] <HentaiClop> Hi Futashy :3
[05:13:02] <Futashy> hihi!
[05:13:44] <HentaiClop> How are you ? ^///^
[05:15:07] <Futashy> good :3
[05:15:08] <Futashy> youu?
[05:15:46] <HentaiClop> I'm fine and happy :3
[05:17:41] <HentaiClop> Something new ?
[05:18:34] <weisey> http://imgur.com/gallery/DgkZX7U
[05:18:46] <Cyan_Spark> :o lewd?
[05:18:59] <Cyan_Spark> ack, not lewd
[05:20:17] <weisey> https://www.youtube.com/watch?v=EptMBt0oryo
[05:20:47] <Futashy> just relaxin a bit, not much new :P
[05:21:12] <HentaiClop> I get it ^^
[05:21:20] <HentaiClop> Doing something ? x3
[05:23:52] *** Quits: PuppyGirl (Mibbit@Pony-3ve80g.cicril.sbcglobal.net) (Quit: http://www.mibbit.com ajax IRC Client)
[05:35:00] *** Quits: RNGsus (RNGsus@Pony-kut12l.cable.mindspring.com) (Connection closed)
[05:40:51] *** Quits: Cyan_Spark (Cyan_Spark@incidental.unicorn.Cyan_Spark) (Quit: Sparks only last so long)
[05:44:18] <weisey> https://www.youtube.com/watch?v=EtYOZRarQDs
[05:47:40] <cloppyhooves> https://static1.e621.net/data/ea/48/ea48f4aae3376ccfbea2de1218f97786.png
[05:47:40] *** Joins: Squirrelly (Squirrelly@Pony-3ve80g.cicril.sbcglobal.net)
[05:47:57] <cloppyhooves> Yiff >> https://static1.e621.net/data/5a/da/5ada9417d058c508c952e2585fa8a720.png
[05:48:22] <Squirrelly> God he's adorable
[05:48:33] <Squirrelly> I always love that pic
[05:48:48] <Squirrelly> He's so shy and cute
[05:52:04] <Chiv> Who's that?
[05:53:34] <HentaiClop> Hi Squirrelly x3
[05:53:50] <Squirrelly> Hi :)
[05:53:59] <HentaiClop> How are you ? ^^
[05:54:06] <Squirrelly> I'm pretty good
[05:54:15] <Squirrelly> Incredibly horny, though
[05:54:26] <Squirrelly> And about to do something about it
[05:54:35] <Squirrelly> I'll be back later
[05:54:40] *** Quits: Squirrelly (Squirrelly@Pony-3ve80g.cicril.sbcglobal.net) (A TLS packet with unexpected length was received.)
[05:54:49] <HentaiClop> lol ? x.x
[05:56:09] *** Quits: DJ-C0L7[CSS] (IceChat77@DJ-C0L7.EIT.LLC) (Quit: People may sleep soundly in their beds tonight, only because rough men stand ready to visit violence upon those who would do them harm)
[06:09:27] <Chiv> pfft
[06:11:02] <HentaiClop> Meh... whatyou all are doing ? :v
[06:12:18] *** Joins: thisisnew (Mibbit@Pony-r8p.1kd.102.208.IP)
[06:12:26] <thisisnew> hello
[06:12:36] <HentaiClop> Hi o/
[06:13:01] <thisisnew> how goes
[06:13:13] *** Joins: Squirrelly (Squirrelly@Pony-3ve80g.cicril.sbcglobal.net)
[06:13:31] * Squirrelly lays on her back, panting heavily
[06:13:46] <thisisnew> ok then
[06:13:48] *** Squirrelly is now known as PuppyGirl
[06:13:50] <HentaiClop> I'm good ,and you ?
[06:13:59] <thisisnew> eh, im alive
[06:14:06] <HentaiClop> lol :v
[06:14:16] <HentaiClop> Wb PuppyGirl o/
[06:14:19] <PuppyGirl> Lol sorry
[06:14:27] <PuppyGirl> Just finished doing...stuff
[06:14:46] <HentaiClop> Stuff like ?... ¬w¬
[06:15:37] <PuppyGirl> Ohhhhh you know
[06:15:53] <PuppyGirl> Might've involved an industrial strength vibrator
[06:16:04] <thisisnew> glad someone is getting off
[06:16:06] <thisisnew> lol
[06:16:28] <HentaiClop> lol haha xD
[06:16:38] <weisey> http://www.crouton.net
[06:16:41] <weisey> Fucking lol
[06:17:18] <PuppyGirl> Rofl
[06:17:22] <PuppyGirl> Why?
[06:17:27] <PuppyGirl> Just why?
[06:17:34] <weisey> http://www.hardcoreprawnlawn.com
[06:17:44] <thisisnew> because people do things
[06:18:00] <PuppyGirl> WHYYYY
[06:18:38] <thisisnew> again, things
[06:18:44] <weisey> http://www.thefo.nz
[06:19:21] <thisisnew> we make boxes that go ding when there is stuff
[06:19:37] <PuppyGirl> K
[06:20:07] <weisey> http://heeeeeeeey.com/
[06:20:30] <PuppyGirl> That's so dumb lol
[06:20:57] <HentaiClop> hahahah , lol
[06:20:59] <HentaiClop> That's "noice" :v
[06:23:15] <thisisnew> so not very busy tonght look like
[06:23:23] <thisisnew> also i cannot spell
[06:23:26] <thisisnew> apparently
[06:24:43] <PuppyGirl> Not now anyway
[06:24:53] <PuppyGirl> Plenty of people were on earlier
[06:25:01] <thisisnew> yea, i would miss that 
[06:25:02] <thisisnew> lol
[06:25:14] <PuppyGirl> I mean, it's 11:30 central time
[06:25:34] *** Joins: Wolfy (Wolfy@Pony-9jfb6q.dynamic.simnet.is)
[06:25:46] <thisisnew> i prefer late night folks anyway
[06:25:47] <thisisnew> lol
[06:25:51] <PuppyGirl> PUPPY!
[06:25:58] * PuppyGirl glomps Wolfy
[06:26:00] <HentaiClop> Hi Wolfy x3
[06:26:20] <Wolfy> Hiya guys
[06:26:57] <thisisnew> hellos
[06:27:31] <HentaiClop> Heya o/
[06:27:33] *** Joins: DJ-C0L7[EIT] (IceChat77@DJ-C0L7.EIT.LLC)
[06:30:51] <thisisnew> crazy up in this bitch
[06:31:28] *** Quits: thisisnew (Mibbit@Pony-r8p.1kd.102.208.IP) (Quit: http://www.mibbit.com ajax IRC Client)
[06:32:51] <PuppyGirl> Lol
[06:33:14] <PuppyGirl> Guessing mr troll got bored
[06:33:16] <HentaiClop> lol² :V
[06:33:18] <cloppyhooves> Well that sucked D:
[06:33:19] <HentaiClop> Yeah
[06:33:29] <cloppyhooves> They did an any% run of Yoshi's Island
[06:33:34] <cloppyhooves> Which had a wrong warp
[06:33:39] <cloppyhooves> But the stream was down so every missed it D:
[06:34:31] <PuppyGirl> Lol
[06:36:40] *** Joins: Cyan_Spark (Cyan_Spark@incidental.unicorn.Cyan_Spark)
[06:38:51] <HentaiClop> Hi Cyan_Spark o/
[06:38:55] <Cyan_Spark> Heya
[06:39:19] <HentaiClop> What's up ? x3
[06:40:08] <Cyan_Spark> Nothing much
[06:40:13] <Cyan_Spark> I suppose you're clopping? :P
[06:41:01] <Wolfy> Cloppity cloppity
[06:41:15] <HentaiClop> Hmmmmmm , yes ^//////^
[06:41:29] <Cyan_Spark> Heh
[06:42:13] <HentaiClop> and now i will gonna leave here to "finish the job" here xD
[06:42:39] <Chiv> lewd
[06:43:20] <Cyan_Spark> indeed~
[06:43:30] <Cyan_Spark> HentaiClop clops nearly every day here x3
[06:44:04] <HentaiClop> Every time when i turn on my PC on the morning in fact x3
[06:44:15] <Cyan_Spark> :P
[06:45:02] <HentaiClop> Well... time to go x3
[06:45:05] <HentaiClop> Goodnight guys o/
[06:45:07] <HentaiClop> *Clop* *Clop* *Clop* 
[06:46:39] <Wolfy> Gnight HentaiClop
[06:46:53] *** Quits: HentaiClop (Mibbit@Pony-6ps.ofr.62.189.IP) (Quit: http://www.mibbit.com ajax IRC Client)
[06:51:22] * Wolfy yawns and shakes his fur
[06:54:44] <Chiv> How're you doin' this evening?
[06:56:42] <Wolfy> Tiiirred
[06:56:46] <Wolfy> It's 6am
[06:57:28] <Chiv> aaah so less evening more morning for you
[06:58:29] <Wolfy> Yeah. I just woke up
[07:04:12] *** Quits: Futashy (Mibbit@Pony-fgdn2d.fios.verizon.net) (Quit: http://www.mibbit.com ajax IRC Client)
[07:07:39] * Cyan_Spark flops
[07:07:57] <Moka> this game sounds like a bad fanfic x3
[07:09:35] * Wolfy nibbles on Cyan_Spark
[07:09:46] * Cyan_Spark is nibbled on o.o
[07:10:49] <Wolfy> Rawr
[07:11:58] <PuppyGirl> You guys should watch the speed run of Metal Wolf Chaos
[07:12:42] <Chiv> How do you coat a wolf in metal?
[07:12:50] <cloppyhooves> Especially the ones that let cutscenes play!
[07:12:53] <cloppyhooves> It's sooooooo good
[07:13:00] <cloppyhooves> They did it in SGDQ 2014
[07:13:04] <cloppyhooves> It's absolutely worth watching
[07:14:11] <cloppyhooves> https://www.youtube.com/watch?v=J1n0pVxS4sw
[07:14:14] <cloppyhooves> I recommend it :D
[07:16:31] * Wolfy shrug
[07:19:48] <PuppyGirl> That game is amazing
[07:25:12] * Wolfy chews on stuff
[07:31:07] *** Joins: amphibulus (Mibbit@Pony-smgf6g.dion.ne.jp)
[07:31:41] *** Quits: amphibulus (Mibbit@Pony-smgf6g.dion.ne.jp) (Quit: http://www.mibbit.com ajax IRC Client)
[07:43:02] <iamalion> ring ring
[07:43:16] * cloppyhooves picks up the ringing lion
[07:43:27] <iamalion> Hello, please leave a message
[07:43:57] <cloppyhooves> Hello! Just calling to tell you that you're cool. c:  Call me back when you get a chance!
[07:44:00] * cloppyhooves sets the lion back down
[07:44:05] * iamalion clicks
[07:55:30] <Wolfy> Neighbours kid is bawling again
[07:56:40] *** Quits: PuppyGirl (Squirrelly@Pony-3ve80g.cicril.sbcglobal.net) (A TLS packet with unexpected length was received.)
[07:57:12] <Wolfy> Then they have the indecency to knock on my door at 3 am
[07:57:32] <Wolfy> Luckily I was up practicing my bagpipes
[07:58:39] <cloppyhooves> D:
[07:58:51] <cloppyhooves> Internet, should I have an ice cream sandwich or oreos?
[07:59:13] <Wolfy> Ice cream between two Oreo cookies
[07:59:46] <cloppyhooves> That would be a tiny sandwich D:
[08:00:37] <Wolfy> Make 3
[08:01:02] <Wolfy> Or crunch up the cookies to make a base
[08:01:28] <Wolfy> Fill a container bottom with it
[08:01:41] <Wolfy> Add a generous helping of ice cream
[08:01:57] <Wolfy> Freeze and add another layer of Oreo base
[08:02:01] <Cyan_Spark> Why they knock o your door
[08:02:10] <Wolfy> No idea
[08:02:20] <Cyan_Spark> Ice Cream Sandwich! \o/
[08:02:39] <Wolfy> And then you got your own ice cream cake
[08:03:20] <Wolfy> You could also mix the cookies with a little butter and bake to make a big biscuit
[08:03:32] <Wolfy> Make two and add ice cream in between
[08:04:35] <Wolfy> Or just have Oreos. I dunno
[08:05:39] <cloppyhooves> For the record, they do make oreo ice cream sandwiches
[08:05:48] <cloppyhooves> Where the cookies are giant oreos and the ice cream is oreo cookies and cream
[08:05:51] <cloppyhooves> And it's really good :3
[08:05:53] <cloppyhooves> But I don't have any :o
[08:06:41] <cloppyhooves> Next up is Lester the Unlikely, by the way c:
[08:07:02] * Wolfy curls up somewhere
[08:07:16] <cloppyhooves> Offers to snuggle with the woof c:
[08:09:33] * Wolfy nods
[08:10:14] * cloppyhooves curls up and snuggles with the woof :)
[08:10:28] * cloppyhooves drapes her tail a little to keep the woof warmer
[08:10:49] * Vulpixbrew yips
[08:12:26] * Wolfy yawns a little and nuzzles under the soft pooftail, feeling warm
[08:12:37] <Wolfy> I think I'm coming down with a cold
[08:15:53] * Wolfy hides his snoot in vulpix's fur
[08:19:53] *** Quits: Cyan_Spark (Cyan_Spark@incidental.unicorn.Cyan_Spark) (Quit: Sparks only last so long)
[08:20:53] <cloppyhooves> That sucks D:
[08:24:14] * Wolfy picks Vulpix up and lays ontop of him, draping the long fox tail around him as he lays against its owner to make a sealed fort of complete warm
[08:28:09] *** Joins: angelicoreXX (angelicoreX@Pony-pmcoof.brunet.bn)
[08:28:20] *** Quits: angelicoreXX (angelicoreX@Pony-pmcoof.brunet.bn) (Quit: Leaving)
[08:29:56] <Wolfy> I'll get better in no time at this rate. So warm
[08:35:07] <Vulpixbrew> https://static1.e621.net/data/aa/77/aa779bd5653e87dc3c2cee8bd51475e1.png
[08:36:07] *** Joins: angelicoreXX (angelicoreX@Pony-pmcoof.brunet.bn)
[08:36:25] <angelicoreXX> Hey vulpix did u see plushie Pegasus today. 
[08:36:27] <angelicoreXX> ?
[08:36:43] <Vulpixbrew> I juse woke up sooo no
[08:36:47] <cloppyhooves> That's adorable, Vulpixbrew c:
[08:36:54] <angelicoreXX> Oh ok 
[08:37:55] <Wolfy> Daww
[08:38:26] <Wolfy> Nicholas cage is 52 today
[08:41:26] *** Quits: angelicoreXX (angelicoreX@Pony-pmcoof.brunet.bn) (Connection closed)
[08:42:04] *** Joins: Frosty (Hallfrost00@Pony-htfksa.v9e5.24nv.48f8.2001.IP)
[08:42:04] *** ChanServ sets mode: +o Frosty
[08:45:29] *** Joins: Cel (Cel@Silver.Horizon)
[08:50:00] * Wolfy howls
[08:56:22] <Wolfy> Yay leftover chow mein for breakfast
[08:56:55] <cloppyhooves> Sounds tasty c:
[08:57:24] * Wolfy offers individual noodles around the room
[09:04:13] * cloppyhooves wags her tail and opens her mouth
[09:07:12] *** Quits: Frosty (Hallfrost00@Pony-htfksa.v9e5.24nv.48f8.2001.IP) (Connection closed)
[09:08:40] * Wolfy puts a small scoop of noodles and stir fry into the fox
[09:13:47] <Chiv> Hope you used the mouth end
[09:15:42] <Wolfy> Oops D:
[09:18:57] * cloppyhooves noms on it anyway >:3
[09:19:23] * Vulpixbrew noms on the Wolfy tail
[09:21:29] * Wolfy blushes and wags it a little
[09:23:10] <iamalion> so this is under the bed in my room in fallout4 http://img.superunicorn.net/a/daecrw/pxbtog.png
[09:23:51] *** iamalion is now known as iam[a]lion
[09:23:52] <iam[a]lion> gnight
[09:24:08] <cloppyhooves> G'night :)
[09:24:58] <Vulpixbrew> good night iam[a]lion
[09:24:58] * iam[a]lion is currently away: asleep (Since 12:25:11a, 1min 8secs ago)
[09:25:09] * Wolfy licks self
[09:31:28] <Compu> "I'm spiderman! the light is green when my dick says its green!"
[09:33:02] <Vulpixbrew> http://25.media.tumblr.com/tumblr_me28tlAAYy1rkmxa1o6_500.jpg
[09:33:57] <Wolfy> Spooderman
[09:36:03] <Wolfy> Aww no more chow mein
[09:41:15] <Wolfy> So occulus rift
[09:43:38] <Wolfy> Also Netflix is now available in Iceland
[09:43:40] <Wolfy> Wuhuu
[09:50:08] *** Joins: Cyan_Spark (Cyan_Spark@incidental.unicorn.Cyan_Spark)
[10:03:41] * RubyPinch climbs onto cloppyhooves 
[10:11:03] * Wolfy nibbles on RubyPinch
[10:11:30] * RubyPinch charges up from the nibbling
[10:11:39] <cloppyhooves> c:
[10:13:39] * Wolfy nibbles more around the ears
[10:16:52] * RubyPinch charges up enough to discharge and start buzzing and viabrating on cloppy's back
[10:18:17] *** Joins: obi_wan (Mibbit@Pony-7vdkhj.hlrn.qwest.net)
[10:18:25] * cloppyhooves purrs happily at the massage RubyPinch 
[10:18:28] <cloppyhooves> Hi obi_wan c:
[10:18:34] *** Quits: obi_wan (Mibbit@Pony-7vdkhj.hlrn.qwest.net) (Quit: http://www.mibbit.com ajax IRC Client)
[10:22:09] * Wolfy takes the lower back and nibbles
[10:22:49] <RubyPinch> :o
[10:25:54] <AstralMouse> oh god, these awful games on agdq are so bad
[10:26:05] <cloppyhooves> Yeah, that one was hilariously bad x3
[10:26:09] <cloppyhooves> Also hi AstralMouse c:
[10:26:14] * AstralMouse nibbles on cloppyhooves
[10:26:43] <cloppyhooves> :D
[10:28:04] *** Joins: JinXes (Mibbit@Pony-7vdkhj.hlrn.qwest.net)
[10:28:12] * Wolfy sniffs at the mouse
[10:31:55] *** Quits: JinXes (Mibbit@Pony-7vdkhj.hlrn.qwest.net) (Quit: http://www.mibbit.com ajax IRC Client)
[10:34:04] <RubyPinch> did they srsly boot the guy for showing thing to camera?
[10:35:18] <Wolfy> What did he show?
[10:35:45] <RubyPinch> his pandora
[10:35:55] <RubyPinch> little DS-esque thing
[10:36:55] *** Joins: kiwwi (Mibbit@Pony-7vdkhj.hlrn.qwest.net)
[10:37:06] <Wolfy> So he got booted for that?
[10:37:10] <Wolfy> That's dumb
[10:37:26] <RubyPinch> :< ye
[10:39:15] <Wolfy> Probably cuz it overshadowed the gameplay
[10:42:10] *** Quits: Cyan_Spark (Cyan_Spark@incidental.unicorn.Cyan_Spark) (Quit: Sparks only last so long)
[10:43:42] *** Quits: kiwwi (Mibbit@Pony-7vdkhj.hlrn.qwest.net) (Quit: http://www.mibbit.com ajax IRC Client)
[10:44:52] <cloppyhooves> Who said they booted him? :o
[10:44:54] <Vulpixbrew> what ahppened?
[10:45:10] <RubyPinch> well hj aint there no more ;-;
[10:45:37] <Wolfy> He went into Pandora's box
[10:46:21] <RubyPinch> Vulpixbrew: person was playing pandora near the camera in his seat and he became famous for that
[10:46:24] <cloppyhooves> People are saying he just moved to a different seat? :o
[10:46:38] <cloppyhooves> https://www.reddit.com/r/speedrun/comments/3zuq6t/move_over_ysg_welcome_ds_dad/
[10:47:38] <RubyPinch> thank gosh
[10:50:27] <cloppyhooves> Good night, you sexy ponies!
[10:50:40] <Vulpixbrew> nini cloppyhooves
[10:50:50] * Wolfy waves
[10:52:46] * RubyPinch covers cloppyhooves in a pile of blankets
[11:00:25] <Wolfy> Vulpixbrew: imgur.com/a/sMn3i
[11:02:06] *** Joins: AndChat|244209 (AndChat2442@Pony-sblanm.pools.spcsdns.net)
[11:04:48] <Vulpixbrew> DAWWWW
[11:05:00] *** Quits: Nigiri (AndChat2442@Pony-ghu.j51.255.73.IP) (Ping timeout: 121 seconds)
[11:05:48] *** Joins: Nigiri (AndChat2442@Pony-ghu.j51.255.73.IP)
[11:08:10] *** Quits: AndChat|244209 (AndChat2442@Pony-sblanm.pools.spcsdns.net) (Ping timeout: 121 seconds)
[11:18:29] * Wolfy puts a hat on Nigiri
[11:30:33] *** Joins: Cyan_Spark (Cyan_Spark@incidental.unicorn.Cyan_Spark)
[11:38:54] *** Quits: Wolfy (Wolfy@Pony-9jfb6q.dynamic.simnet.is) (Client exited)
[11:47:08] * RubyPinch puts a wolfy plush on Nigiri 
[12:18:50] * Vulpixbrew pulls out a bass and starts playing the halo theme
[12:20:45] <RubyPinch> :o
[12:59:23] <Vulpixbrew> https://www.youtube.com/watch?v=oz7X0Cmmq38
[13:21:50] *** Quits: Giggles (Master_Gigg@Pony-mi766l.pa.comcast.net) (Ping timeout: 121 seconds)
[13:25:54] *** Joins: Giggles (Master_Gigg@Pony-mi766l.pa.comcast.net)
[13:25:54] *** ChanServ sets mode: +v Giggles
[13:41:21] *** Quits: Giggles (Master_Gigg@Pony-mi766l.pa.comcast.net) (Ping timeout: 121 seconds)
[13:48:39] *** Quits: DJ-C0L7[EIT] (IceChat77@DJ-C0L7.EIT.LLC) (Quit: People may sleep soundly in their beds tonight, only because rough men stand ready to visit violence upon those who would do them harm)
[15:38:33] * Nigiri wakes up 
[15:41:40] * Vulpixbrew hugs the awake Nigiri
[15:41:50] <Nigiri> Hi hi 
[15:44:50] <Vulpixbrew> how is the Nigiri?
[15:45:01] <Nigiri> I'm good, how is 
[15:46:23] <Vulpixbrew> I'm alright, just got in from running
[15:49:04] <Nigiri> Was fun 
[15:50:26] <Vulpixbrew> yeppers
[15:51:16] <Cyan_Spark> Running!
[15:52:13] <Nigiri> Yay 
[15:55:39] *** Joins: Wolfy (Wolfy@Pony-9jfb6q.dynamic.simnet.is)
[15:56:41] <Vulpixbrew> heya Mr Wolfy
[15:57:34] <Wolfy> Hiya sir
[16:00:33] * Nigiri humps the wolf 
[16:02:03] * Wolfy howls loudly
[16:07:49] <Cyan_Spark> oh my
[16:09:22] <Nigiri> :3
[16:21:42] * Wolfy stealthily sneaks away and replaces self under Nigiri with Cyan_Spark
[16:21:49] <Cyan_Spark> o.o
[16:23:57] * Vulpixbrew bounce yips
[16:24:55] * Wolfy tackles Vulpix and nibble licks all over
[16:27:25] *** Quits: Starburn (eyeburn@secret.den.of.flaming.evil) (Ping timeout: 121 seconds)
[16:32:45] *** Quits: Cyan_Spark (Cyan_Spark@incidental.unicorn.Cyan_Spark) (Quit: Sparks only last so long)
[16:35:05] *** Joins: DJ-C0L7[CSS] (IceChat77@DJ-C0L7.EIT.LLC)
[16:36:52] * Vulpixbrew eepsss
[16:39:57] * Wolfy blows a big raspberry on the fox
[16:56:15] <thaostra> https://imgur.com/r/ClopClop/VkbNW
[16:56:58] <Nigiri> Is no longer available 
[16:59:19] <Wolfy> Why is the archaeologist sad?
[16:59:27] <Wolfy> Cuz his career is in ruins
[17:04:35] <Moka> oops
[17:04:38] <Moka> I gave Wolfy a cold >_>
[17:04:50] * Moka foxsneezes
[17:05:35] * Nigiri Springs into action, grabbing a blanket, some 7-up, warm soup and a kitty and brings it over to Moka 
[17:05:38] * Wolfy wolfsneezes
[17:05:50] * Wolfy is left cold
[17:05:50] * Moka scoots up next to Wolfy and shares in cold-reduction materials
[17:06:21] * Wolfy carefully curls around moka, nuzzling warm
[17:08:04] <Nigiri> No spreading stds! 
[17:08:12] * Nigiri hides all the things 
[17:08:29] <thaostra> Nigiri, What's no longer available?
[17:08:42] <Nigiri> The picture you linked thaostra
[17:09:26] * Wolfy sneezes at Nigiri
[17:09:53] <thaostra> Loads fine for me even in Incognito mode
[17:09:59] <Moka> works four me
[17:10:14] * Nigiri already wearing a mask to prevent your gross illnesses 
[17:10:33] <Nigiri> Weird   
[17:12:47] <Nigiri> http://imgur.com/iVSMKh5
[17:13:32] * Wolfy attacks Nigiri rabidly
[17:14:41] * Nigiri hides from the rabid wolf 
[17:17:50] <Wolfy> >:C
[17:18:36] *** Joins: Frosty (Hallfrost00@Pony-hoom3o.v9e5.24nv.48f8.2001.IP)
[17:18:37] *** ChanServ sets mode: +o Frosty
[17:21:43] *** Joins: Serene_Flow (Serene_Flow@Pony-6nd29j.tx.charter.com)
[17:30:56] <Wolfy> Hiya Frosty and Serene_Flow
[17:31:07] <Serene_Flow> Hey there.
[17:39:24] *** Joins: eyeburn (eyeburn@secret.den.of.flaming.evil)
[17:43:32] <Frosty> heya
[17:44:34] <thaostra> Nigiri, https://imgur.com/r/ClopClop/byldh7P <- Does this work
[17:45:01] <Nigiri> That one did 
[17:46:39] <thaostra> Ah, good
[17:48:41] <thaostra> http://heartsandhoovesclopfolio.tumblr.com/post/136791876125/going-live <- Hey guys, I'm organizing a folio for Valentine's Day :D
[17:49:19] <Serene_Flow> Cool.
[17:50:50] <Vulpixbrew> fgah
[18:04:46] <Wolfy> Neato
[18:05:33] *** Quits: Nigiri (AndChat2442@Pony-ghu.j51.255.73.IP) (Connection closed)
[18:13:58] <Wolfy> Skyrim time
[18:18:04] *** Joins: Xenstroke (Mibbit@Pony-0qkdbb.res.rr.com)
[18:30:51] *** Quits: Xenstroke (Mibbit@Pony-0qkdbb.res.rr.com) (Quit: http://www.mibbit.com ajax IRC Client)
[18:43:13] *** Quits: Cel (Cel@Silver.Horizon) (Connection closed)
[18:43:35] *** Joins: Cel (Cel@Silver.Horizon)
[18:54:51] <Serene_Flow> human: https://49.media.tumblr.com/5bdfca36d8cc414c91682f07fb163c38/tumblr_net7jc1IoZ1r2cjkwo1_500.gif
[18:55:52] <Compu> https://www.youtube.com/watch?v=NM-rx7eODu4 nota-pe-nis
[18:56:10] <Compu> https://www.youtube.com/watch?v=1pi1V-jRf_w nota-pe-nis part 2
[19:03:25] <Moka> wait
[19:03:25] <Moka> what
[19:13:22] *** Quits: Vulpixbrew (HoneyBrew@Pony-68js8b.res.rr.com) (Ping timeout: 121 seconds)
[19:16:31] <Compu> Moka: yes
[19:24:02] * cloppyhooves yips
[19:26:00] *** Quits: Cel (Cel@Silver.Horizon) (Ping timeout: 121 seconds)
[19:27:03] * Moka yaps
[19:30:18] *** Joins: Cel (Cel@Silver.Horizon)
[19:36:00] *** Quits: Compu (compu@snuggly.filly) (Connection closed)
[19:39:13] * Wolfy yops
[19:41:13] <cloppyhooves> http://i.imgur.com/JnF4p0p.png
[19:46:24] <cloppyhooves> Next up is Super Punch-Out!!
[19:48:17] <Serene_Flow> clop: https://derpiboo.ru/1060679
[19:51:01] * Wolfy chews on cloppypaws
[19:53:00] <cloppyhooves> :D
[19:56:33] * Wolfy rolls onto his back, playfully nibbling on the paw
[19:58:22] *** iam[a]lion is now known as iamalion
[19:58:23] * cloppyhooves wags her tail and gives a lick to the woof c:
[20:00:24] <Moka> :3
[20:01:00] * Wolfy suckles on the paw, wagging his tail at the lick
[20:11:19] *** Joins: PuppyGirl (Mibbit@Pony-3ve80g.cicril.sbcglobal.net)
[20:21:24] * Wolfy yawns and nibbles on more fox
[20:27:14] <cloppyhooves> :)
[20:29:36] *** Joins: Vulpixbrew (HoneyBrew@Pony-68js8b.res.rr.com)
[20:29:46] * weisey pops in
[20:29:53] * weisey eats lunch
[20:29:56] * weisey pops out
[20:30:10] * Vulpixbrew manages to wave to weisey
[20:30:22] <cloppyhooves> https://41.media.tumblr.com/7bd5f10474f3481acd007ee1b53ec807/tumblr_o0kas8cRuw1qgh75xo1_1280.jpg
[20:31:08] <Wolfy> Invented golden retrievers
[20:31:44] <iamalion> invest in holden retrievers
[20:31:49] <iamalion> invest in golden retrievers
[20:33:09] <Wolfy> No he invented them
[20:33:30] <Wolfy> Years of study and prototyping the perfect, treasure seeking canine
[20:36:55] <cloppyhooves> Put all your money into golden retrievers? :o
[20:37:02] <cloppyhooves> Put something else into golden retrievers? :3
[20:37:39] <Serene_Flow> Give a dog a bone.
[20:37:42] <Wolfy> Coin rolls!
[20:37:44] <Moka> put something else into foxes <_<
[20:38:04] * Wolfy puts fox treats into moka
[20:38:14] <Moka> :3
[20:38:17] * Moka noms! :D
[20:39:04] * Wolfy puts more treats in moka's other holes
[20:39:18] <Moka> <_< >_>
[20:39:21] <Serene_Flow> Foxes want yens: http://static2.fjcdn.com/comments/Yip+yip+yap+_6b078c15363251b6ce32145ac4fa6308.png
[20:42:14] <Moka> oh jeez I don't want to know what twitch chat is saying about this right now
[20:43:29] <cloppyhooves> Best not to look :o
[20:44:18] * Wolfy distracts moka and cloppy from the twitch chat by doing tricks
[20:44:28] <cloppyhooves> :D!
[20:44:32] * cloppyhooves watches intently
[20:44:52] <Moka> :D
[20:44:55] * Moka watches excitedly
[20:47:53] <Vulpixbrew> http://www.musiciansfriend.com/accessories/dr-strings-hi-def-neon-multi-color-coated-medium-electric-guitar-strings?cntry=us&source=3WWRWXGP&gclid=CMqs7N-7mMoCFdCPHwod1DIL7Q&kwid=productads-plaid^142912476261-sku^H94799000000000@ADL4MF-adType^PLA-device^c-adid^91758813627#productDetail
[20:47:59] *** Joins: Nigiri (AndChat2442@Pony-ghu.j51.255.73.IP)
[20:48:15] * Nigiri grumps 
[20:48:35] * Chiv harrumphs
[20:49:08] * Wolfy rolls over and raises a paw up for either one of the audience to shake
[20:51:29] *** Joins: Psi (Mibbit@Pony-oss67g.fios.verizon.net)
[20:51:34] *** Joins: Compu (compu@snuggly.filly)
[20:51:37] <Psi> yo
[20:52:26] <Psi> Vulpixbrew: do you play? I didn't watch the video if it was just something funny =P
[20:52:45] * cloppyhooves shakes the woof paw c:
[20:53:39] <PuppyGirl> Back!
[20:54:29] <Wolfy> :D
[20:56:51] *** Quits: Frosty (Hallfrost00@Pony-hoom3o.v9e5.24nv.48f8.2001.IP) (Connection closed)
[20:57:59] * PuppyGirl licks the puppy
[20:58:27] <Wolfy> Puppyception :O
[21:00:34] <cloppyhooves> A puppy inside a puppy? >:3
[21:01:36] <PuppyGirl> !!!
[21:01:43] * PuppyGirl shakes her head quickly
[21:01:48] <PuppyGirl> There's no puppies in me!
[21:01:55] <PuppyGirl> At least...I don't THINK there are...
[21:03:35] <cloppyhooves> Oh my gosh
[21:03:45] <cloppyhooves> They're actually fighting Mike Tyson lindfolded
[21:03:53] <cloppyhooves> The last time they did this run, it was said to be impossible
[21:04:07] <Moka> they did!
[21:04:18] * Moka pounces on Wolfy and shakes his paw :D
[21:05:22] <cloppyhooves> THEY BOTH DID IT
[21:06:25] <cloppyhooves> Awww c:
[21:06:45] <cloppyhooves> Wrong window D:
[21:07:06] * PuppyGirl licks cloppyhooves' hooves
[21:07:30] <cloppyhooves> :D
[21:07:55] <PuppyGirl> Yummy
[21:08:33] <Moka> omg... "My... my wai-fu" this announcer
[21:09:14] *** Quits: Moka (rylai@Pony-71u6pe.so) (Quit: WeeChat 1.4-dev)
[21:09:19] *** Joins: Eclipse (rylai@Pony-71u6pe.so)
[21:09:58] <PuppyGirl> ROFL
[21:09:59] <PuppyGirl> http://imgur.com/gallery/bj6mamz
[21:10:57] <cloppyhooves> The announcer is Brossentia c:
[21:11:29] * Wolfy licks moka all over
[21:11:30] <cloppyhooves> Next up is Mirror's Edge!
[21:11:37] <Eclipse> :D
[21:11:41] <Eclipse> Mirror's Edge is exciting!
[21:11:42] *** Eclipse is now known as Moka
[21:11:51] * Moka giggles and is a tasty foxy at Wolfy :3
[21:14:51] * Wolfy nibbles and licks moka more, finding her very tasty
[21:15:17] <Moka> mmmmffh
[21:15:21] * Moka giggles and blushes a bit
[21:15:56] * Wolfy nips at the neck and a little under the chin
[21:17:08] * Moka giggles and foxpurrs, before rolling over and grabbing Wolfy with her paws and snuggling >:3
[21:17:49] <Wolfy> Waaah
[21:18:11] * Wolfy licks all over happily, hugging warmly
[21:18:16] <Wolfy> Feeling any better?
[21:18:30] <Moka> not much ><
[21:18:57] <Wolfy> Awwh
[21:19:06] <Wolfy> Get blankets and tea!
[21:19:16] <Moka> I don't have any tea D:
[21:19:26] <Moka> blankets in abundance, though I'm overheating already ><
[21:19:34] <Moka> so stripping nude is a better idea <_<
[21:20:34] <Wolfy> Oooo
[21:20:53] * Wolfy lays his soft fur on the nude moka
[21:21:31] <Moka> <<
[21:27:24] <Vulpixbrew> lewd
[21:29:57] <Moka> thankfully, here I'm always FLOOFY AND WARM :D 
[21:30:04] * Moka excessively overfloofs at Wolfy
[21:34:26] * PuppyGirl floofs up as well
[21:43:47] * Wolfy noses into the floof, looking for something to lick
[21:45:00] * Wolfy gets lost in the floof
[21:45:23] * Wolfy meets a colony of mini foxes and is hailed their King
[22:05:12] <weisey> Bbbbbbreak time
[22:05:48] <weisey> AW IM MISSING THE MIRRORS EDGE RUN
[22:05:55] <cloppyhooves> Yeah :(
[22:06:17] <cloppyhooves> Next up is the StepMania exhibition :o
[22:06:36] <weisey> Dancepad or keyboard :
[22:06:38] <weisey> :o?
[22:06:57] <weisey> Or is it an autorun map :o?
[22:07:04] <cloppyhooves> No idea :o
[22:07:23] <weisey> Cause stepmania is less speedrun and more skillrun
[22:17:59] *** Quits: Psi (Mibbit@Pony-oss67g.fios.verizon.net) (Quit: http://www.mibbit.com ajax IRC Client)
[22:22:13] <cloppyhooves> Looks like keyboard :o
[22:22:19] <cloppyhooves> Also mmm, mega stuf oreos dipped in chai tea :3
[22:26:12] *** eyeburn is now known as Starburn
[22:32:10] <PuppyGirl> http://i.imgur.com/o4TOtBy.png
[22:32:46] <Moka> omg this stepmania
[22:33:35] <Moka> oh my god that sounds amazing cloppyhooves >_>
[22:34:09] <cloppyhooves> It's really good :D
[22:34:47] <Moka> I need to drop by a Teavana or something next time I'm near one :o
[22:35:11] <Serene_Flow> http://i.imgur.com/o4TOtBy.png
[22:35:48] <cloppyhooves> I'm just drinking Chai Latte from Trader Joe's :3
[22:38:39] * Wolfy noses curiously at the cup
[22:39:25] * Nigiri looks for places to hide from the world
[22:39:55] *** Nigiri is now known as SadCat
[22:40:43] *** Quits: Serene_Flow (Serene_Flow@Pony-6nd29j.tx.charter.com) (Quit: http://www.kiwiirc.com/ - A hand crafted IRC client)
[22:40:51] * Wolfy offers his den
[22:43:11] * SadCat hides under the wolf 
[22:43:41] * Wolfy nuzzles warmly, feeling concerned
[22:44:18] * SadCat moves the wolf under Moka for twice as much hiding 
[22:50:11] * Moka hugs SadCat
[22:50:15] * Wolfy slowly licks the cat, thinking he's soft and handsome
[22:51:05] * SadCat eeps! Hides from the sick animals not wanting to be sick as well as sad 
[22:53:01] <Wolfy> It's a double negative!
[22:56:30] <cloppyhooves> Holy cow this Stepmania
[22:58:37] <cloppyhooves> Next up is a Mega Man X 100% race!
[22:58:42] <SadCat> What's stepmania? 
[22:58:47] <cloppyhooves> DDR clone for PC
[22:59:36] <SadCat> Do they play with feetsies :D
[23:00:26] <Wolfy> Footsies!
[23:00:48] <cloppyhooves> They were playing on Keyboard D:
[23:00:54] <cloppyhooves> Sadly no swift pawsies
[23:01:05] <Wolfy> Front toe bean action though
[23:07:12] * Wolfy wiggles his toe beans at the cloppyhooves
[23:14:17] * SadCat noms all the Fox feets 
[23:14:26] *** Joins: Wikkit (Mibbit@Pony-qiegoj.ph.cox.net)
[23:14:28] *** Quits: PuppyGirl (Mibbit@Pony-3ve80g.cicril.sbcglobal.net) (Quit: http://www.mibbit.com ajax IRC Client)
[23:14:30] *** ChanServ sets mode: +v Wikkit
[23:15:11] <cloppyhooves> :D
[23:15:39] * Wolfy dances the dance of dances
[23:15:49] <Wolfy> Do-na-te-now
[23:16:12] <SadCat> But I have 0 money 
[23:17:27] <Wolfy> Donate yourself B :D
[23:17:30] <Wolfy> !*
[23:18:44] <SadCat> But I'm worth negative money 
[23:19:06] <Wolfy> Pffff
[23:19:20] <Wolfy> You'll be my Jewel!
[23:19:38] *** Joins: Squirrelly (Squirrelly@Pony-3ve80g.cicril.sbcglobal.net)
[23:21:10] <Wolfy> You'll be my second in command!
[23:21:29] <Wolfy> And the first command is to hump that puppy over there!
[23:21:56] *** Squirrelly is now known as PuppyGirl
[23:22:54] <PuppyGirl> PUPPY?!
[23:22:58] <PuppyGirl> WHERE?'
[23:23:24] * SadCat chews on cyanide 
[23:23:57] <Chiv> That, uh, can't be healthy
[23:24:38] <Wolfy> :(
[23:25:21] * Wolfy wrenches the cats mouth open and takes it out, putting a muzzle on him after
[23:25:25] <Wolfy> Bad kitty!
[23:26:04] * SadCat chews on Moka butt instead 
[23:27:02] *** Quits: Wikkit (Mibbit@Pony-qiegoj.ph.cox.net) (Quit: http://www.mibbit.com ajax IRC Client)
[23:29:54] * Moka giggles and wiggles her tail ^^
[23:32:34] * SadCat bats at the tail while he chews 
[23:38:24] * SadCat sets Moka down and looks for other things to nom 
[23:38:43] * Vulpixbrew starts yipping loudly
[23:40:10] * SadCat chews on vulpix 
[23:40:57] * Vulpixbrew picks up the kitty abnd runs around making car noises
[23:41:23] * weisey runs beside Vulpixbrew making v8 hemi noises 
[23:42:43] <Moka> vroom vroom
[23:42:46] * Moka honks weisey
[23:43:34] <weisey> :o
[23:43:38] <PuppyGirl>  /me barks at the vroom noises
[23:44:37] * Wolfy zooms by on his X wing
[23:45:41] <Vulpixbrew> some say she rides a unicycle while driving and thatif she was in charge all fox tails would be extra fluffy, shes no the stig bt the stig's fox cousin weisey
[23:46:06] * PuppyGirl fluffs herself up
[23:46:22] <PuppyGirl> I should be Wolfy's R2 unit :3
[23:46:34] <PuppyGirl> R2-K9
[23:46:41] <PuppyGirl> :D
[23:46:47] <cloppyhooves> These two are neck and neck :o
[23:47:20] * Vulpixbrew preapres PuppyGirl to be sued by both Lucasarts and the BBC
[23:47:23] <Moka> just as you say that, my stream freezes
[23:49:04] <weisey> Vulpixbrew: yes
[23:49:18] <Wolfy> A QT-K9
[23:49:27] * SadCat puts Moka in lukewarm water 
[23:50:10] <PuppyGirl> !
[23:50:13] <iamalion> felina remind iamalion in 6 hours to installs these http://www.nexusmods.com/fallout4/mods/619/? http://www.nexusmods.com/fallout4/mods/978/
[23:50:14] <felina> iamalion: I'll remind iamalion about that on Thu, 07 Jan 2016 20:50:05 -0800.
[23:51:29] <Moka> D:
[23:51:32] * Moka is drenched
[23:51:36] * Moka shakes herself dry :3
[23:51:57] * SadCat was trying to thaw your stream D:
[23:52:08] * Moka licks SadCat cutely ^^
[23:52:23] * SadCat nibbles Moka ears 
[23:52:36] <Moka> ^_^
[23:52:41] * Moka giggles happily and bounces
[23:52:48] <cloppyhooves> I need someone to talk to about soething maybe weird/sad?
[23:53:01] <Moka> I'm up if you want
[23:53:58] <SadCat> I have ears and I'm already sad so it won't change my mood 
[23:54:24] * SadCat lays on the Moka back to stop the bouncing, keeps nibbling the ears 
[23:55:05] * Moka giggles and purrs happily ^v^
[23:56:26] * PuppyGirl licks Moka and BestCat and Wolfy and cloppyhooves
[23:56:29] <Moka> :3
[23:56:36] * Moka giggles and rolls on her back ^v^
[23:56:48] * SadCat thinks Moka far too happy. Climbs on the belly to mush her 
[23:57:14] <Moka> can't make me not happy! ^u^
[23:57:21] * Moka smooches SadCat's nose cutely :D
[23:57:54] * SadCat tries uh... Rubbing Moka belly with feets to make her sad 
[23:58:04] * Moka enjoys the belly rubs :D
[23:58:14] * cloppyhooves drapes her tail on PuppyGirl 
[23:59:57] * Wolfy leaps in and humps everyone in a frenzy
[23:59:59] * SadCat tries licking Moka nose. 
