[22:53:40] <VanDreadPIWO> Moje zgłoszenia na ogół wyglądają tak
[22:53:40] <VanDreadPIWO> Zaobserwowałem że switch się wyłączył proszę o przekazanie zgłoszenia na mnie bym uruchomił switch XD
[22:54:14] <McKey> I trzepiesz kase ...
[22:54:20] <VanDreadPIWO> ta ja
[22:54:23] <VanDreadPIWO> kurwa firma 
[22:54:29] <McKey> a mnie nie chcą nigdzie w ZG bo wszyędzie pełno...
[22:54:32] <VanDreadPIWO> ja to czasem kminie za co oni mi pałacą XD
[22:54:45] <VanDreadPIWO> gdyby nie isntalacja 42" monitorów dziś 
[22:54:47] <McKey> za papiery
[22:54:55] <McKey> Bo pewnie masz Inż Mgr inf
[22:55:01] <VanDreadPIWO> to od 9 do 16 zainstalowałem tylko ram XD
[22:55:16] <VanDreadPIWO> do tego firma ma kasę za to ze tam siedzę by ktoś był na miejscu 
[22:55:30] <VanDreadPIWO> a ja oglądam yt i tylko podnoszę sobie uprawnienia XD
[22:55:30] <McKey> ja to robiłem od 16 do 16:30
[22:55:34] <McKey> na egzaminie....
[22:56:15] <VanDreadPIWO> ale czasem dostaje fajne kminiące zgłoszenia 
[22:56:40] <VanDreadPIWO> np wyobraź sobie reinstalacja laptopa probooka nie jest taka łatwa XD
[22:56:51] <VanDreadPIWO> raz nad jedna siedziałem dwa jebane dni
[22:57:16] <McKey> Jak jesteś nieprzygotowany :P
[22:57:24] <McKey> Chocolate + SlimeDrive
[22:57:32] <VanDreadPIWO> laptop ma dwa dyski jeden ssd i normalny
[22:57:33] <McKey> wszystko samo leci z internetów
[22:58:12] <VanDreadPIWO> okazuje się że jak kurwa nie masz zainstalowanego jakiegoś ścierwa od jebanego intela to kurwa jebany bios nie wykryje innego dysku niż tego co ma recovery 
[22:58:29] <McKey> standart :P
[22:58:40] <McKey> jest taki dysk twardy nawet 
[22:58:46] <McKey> co ma SSD + HDD w 1 obudowie
[22:58:55] <McKey> bez sterów widać tylko SSD
[22:58:55] <VanDreadPIWO> wiem 
[22:59:26] <VanDreadPIWO> teraz jestem mądrzejszy i znam rozwiązanie 
[22:59:39] <VanDreadPIWO> baaa nowy obraz już instaluje ten sterownik na zaś 
[22:59:47] <McKey> xD
[22:59:51] <McKey> Nauczył się
[23:00:00] <VanDreadPIWO> kolejna zabawę miałem z appką która była napisana na win98
[23:00:08] <McKey> co kurwa?
[23:00:11] <VanDreadPIWO> i wyobraź sobie że kurwa na 7 64bit nie działa XD
[23:00:14] <McKey> kogo pojebało
[23:00:18] <VanDreadPIWO> no kurwa ciekawe czemu 
[23:00:41] <McKey> może na x32 by poszło. ale takie MOŻE
[23:00:48] <VanDreadPIWO> stara appka z której dosłownie korzystają dwie osoby w banku 
[23:01:00] <VanDreadPIWO> wyobraź sobie że się kurwa udało to jebaństwo zrobić XD
[23:01:22] <VanDreadPIWO> po 5 dniach wkurwienia dzwonienia po ludziach 
[23:01:32] <McKey> ale kurwa... po chuj
[23:01:39] <VanDreadPIWO> okazało sie że trzeba zainstalować na innym dysku XP
[23:01:55] <VanDreadPIWO> i kurwa tam zachowuje się DLL która nie instaluje się na w7
[23:02:08] <VanDreadPIWO> i jak już ją masz to nagle kurwa wszystko działa 
[23:02:12] <VanDreadPIWO> alee 
[23:02:21] <McKey> nie łatwiej pobrad DDL z internetó?
[23:02:36] <VanDreadPIWO> Aplikacja była pisana bezpośrednio dla banku
[23:02:41] <VanDreadPIWO> powodzenia w szukaniu XD
[23:02:46] <McKey> DLL?
[23:02:55] <McKey> nazwa bez problemu się wyciągnie
[23:03:04] <McKey> ale windows 98....
[23:03:18] <McKey> To ja nie wiem co ta apka robi
[23:03:23] <VanDreadPIWO> no z takiego systemu korzystał kiedyś bank 
[23:03:29] <VanDreadPIWO> chcesz wiedzieć? 
[23:03:31] <McKey> "kiedyś"
[23:03:38] <McKey> mój 1 pc miał Windowsa ME
[23:03:53] <VanDreadPIWO> łączy sie z bazą danych która jest odpowiedzialna za jebane zasoby każdy słownie krzesło itp 
[23:04:07] <VanDreadPIWO> i to ścierwo ma za zadanie drukować skurwiałe naklejki 
[23:04:12] <McKey> ...
[23:04:15] <McKey> 2/10
[23:04:21] <VanDreadPIWO> lepiej 
[23:04:26] <McKey> normalny programista by to napisał teraz w jakieś 5-6h
[23:04:27] <VanDreadPIWO> drukuje tylko po RS
[23:04:32] <McKey> aha
[23:04:37] <McKey> To powodzenia z drukarkami
[23:04:40] <VanDreadPIWO> nie ma innych opcji żeby to ruszyło
[23:04:55] <VanDreadPIWO> znaczy jest XD
[23:04:59] <VanDreadPIWO> źle
[23:05:01] <McKey> Emulator :P
[23:05:02] <VanDreadPIWO> znaczy może jest 
[23:05:27] <VanDreadPIWO> sprawdzałem emu i przejściówki z USB na RS 
[23:05:29] <VanDreadPIWO> taki chuj XD
[23:05:31] <VanDreadPIWO> ma być RS 
[23:05:37] <VanDreadPIWO> tak jest napisana apka i chuj
[23:05:37] <McKey> No tak
[23:05:48] <McKey> Emulator RS
[23:05:52] <McKey> są takie rzeczy :P
[23:05:59] <VanDreadPIWO> mnie to wali pani ma x220 nie ma rs stacja dokująca też nie ma 
[23:06:10] <VanDreadPIWO> rozwiązanie? komputer z magazynu 
[23:06:12] <VanDreadPIWO> działa działa
[23:06:24] <VanDreadPIWO> i tu ciekawostka
[23:06:27] <McKey> W sumie x220 ze stacją był by jednak lepszy :P
[23:06:36] <VanDreadPIWO> stacja dokująca nie ma RS
[23:06:39] <VanDreadPIWO> sprawdzałem to 
[23:06:44] <McKey> lol
[23:06:47] <McKey> moja ma 
[23:06:47] <McKey> xD
[23:06:54] <VanDreadPIWO> w X220?
[23:06:58] <McKey> x61
[23:07:11] <VanDreadPIWO> panie to co mnie wkurwiasz XD
[23:07:18] <McKey> ale wydawało mi się że seria X ma rs jeszcze
[23:07:20] <VanDreadPIWO> już prawie monitor zaplułem kminiąc skąd masz x220 XD
[23:07:38] <McKey> też bym zastanawiał się
[23:07:55] <McKey> bo mam moje małe kochanie x61
[23:08:11] <McKey> na którym chodzi Portal 1 na normalnych i w 30 FPS xD
[23:08:18] <VanDreadPIWO> yeya
[23:08:38] <VanDreadPIWO> seria X jest moja ulubioną 
[23:09:04] <VanDreadPIWO> chociaż powiem ci że X220 lubi padać przed końcem gwarancji 
[23:09:37] <VanDreadPIWO> co gorsze lenovo wysyła części po serwisowe 
[23:09:49] <McKey> mi nie pasuje w x61 to że się grzeje i bez programu nie da rady nawet YT ogladać
[23:09:55] <VanDreadPIWO> ostatnio dostałem płytę główną z wyjebanem pinem na ram
[23:10:11] <VanDreadPIWO> wkurwiłem się bo dotarło to do mnie jak go poskładałem XD
[23:10:16] <VanDreadPIWO> 30min psu w dupę 
[23:11:11] <VanDreadPIWO> ogólnie po wakacjach pewnie będą u mnie w firmie zapisy na szkolenie Lenovo bym miał papier od nich że mogę serwisować lapy bez utraty gwarancji 
[23:11:29] <VanDreadPIWO> bo teraz działa to tak że ma to parę osób i to niby one naprawiają 
[23:11:50] <McKey> xD
[23:11:52] <McKey> taaaa
[23:11:57] <McKey> tak jak u nas w szkole Dele
[23:12:05] <McKey> A no coś nie działa.
[23:12:08] <McKey> Chłopaki naprawić.
[23:12:12] <McKey> Ale gwarancja.
[23:12:14] <McKey> Opowiązuje xD
[23:12:21] <VanDreadPIWO> mam taki papier do HP na kompy serie 7000 8000 800 lapy każda sieria orz drukarki każda seria i servery 
[23:12:48] <VanDreadPIWO> ciekawostka 
[23:12:52] <VanDreadPIWO> mogę naprawić każdego lapa 
[23:12:58] <VanDreadPIWO> ale nie mogę paviliona 
[23:13:04] <VanDreadPIWO> bo jak to nam wytłumaczyli 
[23:13:09] <VanDreadPIWO> to nie jest do końca hp
[23:13:09] <VanDreadPIWO> XD
[23:13:16] <McKey> bo to nie jest HP
[23:13:20] <McKey> to jest podfirma
[23:13:33] <McKey> tak jak była Era i Heja
[23:14:04] <VanDreadPIWO> dlatego jako serwisant HP
[23:14:20] <VanDreadPIWO> odradzam zakupu HP Probook 840
[23:14:30] <VanDreadPIWO> maja wadę i obstawiam że fabryczną 
[23:14:30] <McKey> ale 2 dyski xD
[23:14:56] <VanDreadPIWO> taaa wiesz jak wygląda promo zkupu w banku tego dla departamentów?
[23:15:12] <McKey> Dawaj
[23:15:20] <VanDreadPIWO> Laptop HP probook 14" DYSK SSD, 500GB
[23:15:26] <VanDreadPIWO> ten jebany przecinek XD
[23:15:27] <McKey> kisne
[23:15:28] <McKey> taaaaaa
[23:15:39] <McKey> ale w 2016 może tak będzie
[23:15:43] <McKey> w takiej samej cenie
[23:16:42] <VanDreadPIWO> Ja muszę zutylizować z lapa z którego w pracy korzystam HP 8560
[23:16:55] <VanDreadPIWO> mam do niego dwie baterie jedna nowa XD
[23:17:05] <VanDreadPIWO> baa mam też płytę główną nową 
[23:17:27] <VanDreadPIWO> matryca też się znajdzie 
[23:17:33] <McKey> opchnij na boku :P
[23:17:35] <VanDreadPIWO> zajebisty lapek 
[23:17:45] <McKey> To czego się pozbywasz
[23:18:12] <VanDreadPIWO> aktualnie wyposażam rodzinkę w takie coś 
[23:18:33] <VanDreadPIWO> HP 6910 6710 i mam jedno 25..
[23:18:41] <VanDreadPIWO> tego nie pamiętam co to jest 
[23:18:54] <McKey> moja matka ma jakiegoś hp
[23:19:10] <VanDreadPIWO> wiem ze te 6710 jak dasz przyzwoity dysk do tego dasz mu 4gb ram to da radę 
[23:19:17] <VanDreadPIWO> mimo iż ma dual core 
[23:19:27] <McKey> Sam mam Dual Core i 2GB ramu
[23:19:36] <McKey> win 7 śmiga
[23:19:46] <McKey> a Win 8 nie chciało mi się na czysto instalowac
[23:19:50] <VanDreadPIWO> no baa że śmiga 
[23:20:25] <VanDreadPIWO> ale ja te lapki to nie chce sprzedawać broń boże kiedyś ktoś się ogarnie i trzeba bedzie tego szukać 
[23:20:44] <VanDreadPIWO> a jak dam to siostrze i jej dzieciom do rozjebania to nic się nie stanie 
[23:20:46] <McKey> kiedyś ogarnie 
[23:20:47] <McKey> taaaa
[23:20:52] <VanDreadPIWO> ostatnio wkurw 
[23:21:02] <VanDreadPIWO> laptop samsunga ultra S9
[23:21:09] <VanDreadPIWO> przeznaczenie utylizacja 
[23:21:16] <VanDreadPIWO> klawiatura padła 
[23:21:20] <McKey> Serio?
[23:21:27] <McKey> toż to 50 zł i działa dalej
[23:21:27] <VanDreadPIWO> nie wiem jakim kurwa cudem nie dostało to zgody do naprawy
[23:21:41] <VanDreadPIWO> już chciałem przytulić 
[23:21:51] <VanDreadPIWO> ale kurwa ktoś z góry widać polował na niego
[23:21:56] <VanDreadPIWO> przeznaczenie utylizacja 
[23:22:10] <VanDreadPIWO> user dostał nowego z większym dyskiem 
[23:22:22] <VanDreadPIWO> a tego kazali odesłać "na części" 
[23:22:41] <VanDreadPIWO> już nawet pisałem że lepiej by został u mnie bo tylko u mnie są takie laptopy 
[23:22:42] <VanDreadPIWO> nie
[23:22:52] <VanDreadPIWO> odsyłka 
[23:23:26] <VanDreadPIWO> zaprzyjaźniony magazynier powiedział mi że jak tylko dotarł do poznania to jakiś handlowiec osobiście się po niego pofatygował 
[23:24:31] <McKey> No to sobie przytulił
[23:24:44] <VanDreadPIWO> ja to czekam aż wpadnie awaria XD
[23:25:12] <VanDreadPIWO> już nawet z chłopakami kminimy czy nie zgłosić awarii płyty głownej XD
[23:25:17] <VanDreadPIWO> niech kurwa odda swoja 
[23:25:24] <McKey> xD
[23:25:26] <VanDreadPIWO> a otrzyma rozjebaną XD
[23:25:34] <McKey> O wy jesteście chuje xD
[23:25:48] <VanDreadPIWO> proszę cię XD
[23:25:58] <VanDreadPIWO> mam w kompie dysk SSD bo prezes mnie lubi 
[23:25:58] <McKey> Tak w sumie to ty jesteś w chuj ustawiony jako informatyk :P
[23:26:04] <VanDreadPIWO> kupił 120gb
[23:26:10] <VanDreadPIWO> tydzień później że mało
[23:26:23] <VanDreadPIWO> to dostaje 500SSD
[23:26:27] <McKey> 120gb do biura to mało? wat
[23:26:36] <VanDreadPIWO> 120GB zostaje dla niego a on że to dla mnie XD 
[23:26:44] <McKey> to ja na 120 miałem 2 systemy i 20 gb wolne na każdej partycji
[23:27:12] <VanDreadPIWO> tak między nami XD
[23:27:23] <VanDreadPIWO> wiesz czemu mnie nie wywalą tak łatwo?
[23:27:30] <McKey> Bo jesteś dobry?
[23:27:43] <VanDreadPIWO> Jestem jedną z dwóch osób która ma prawo wejść do prezesa banku i coś zrobić XD
[23:28:07] <VanDreadPIWO> co jakiś czas jestem zapraszany osobiście na obiady 
[23:28:16] <McKey> ta....
[23:28:17] <VanDreadPIWO> i siedzie bluza kaptur a obok cały zarząd 
[23:28:34] <McKey> Teraz to mnie pocieszasz :P
[23:28:36] <VanDreadPIWO> i jeszcze jeść karzą bo szkoda XD
[23:29:02] <McKey> Znając moje szczęście jak zrobie Tech Inf to i tak będe wykładał chemie
[23:29:17] <VanDreadPIWO> motyw jak przenosiliśmy sie do nowego budynku zarząd mogło podłączać tylko 5 osób 
[23:29:35] <VanDreadPIWO> siedzimy sobie nagle wapda sekretarka prezesa 
[23:29:59] <VanDreadPIWO> i mówi że prezes dowiedział się że jeszcze pracujemy i stwierdził że jesteście głodni 
[23:30:08] <McKey> ...
[23:30:10] <VanDreadPIWO> kazał jej przyjsć by zamówiła nam żarcie XD
[23:30:31] <McKey> Co to za bank że ma takiego zajebistego prezesa co? xD
[23:31:02] <VanDreadPIWO> W sumie nie wiem czy mogę powiedzieć :P
[23:31:10] <McKey> Domyślam się
[23:31:13] <VanDreadPIWO> ale możesz sam to sprawdzić z kim mamy spisane umowy XD
[23:31:26] <McKey> ale strzelam że nie ING i nie PlusBank P
[23:31:52] <VanDreadPIWO> no pudło ale talex ING serwisuje 
[23:32:10] <McKey> ING to bank-guwno
[23:32:17] <McKey> nic nie da się tam zrobić i załatwić
[23:32:41] <VanDreadPIWO> pokażę ci fajna reklamę 
[23:32:41] <VanDreadPIWO> https://www.youtube.com/watch?v=cl5tjBQ2cIw
[23:33:07] <McKey> BZ jest spoko
[23:33:13] <McKey> mam tam Wirtualke
[23:33:20] <VanDreadPIWO> no bz jest spoko 
[23:33:22] <VanDreadPIWO> potwierdzam
[23:34:09] <VanDreadPIWO> https://www.youtube.com/watch?v=7JFMryEUWrE
[23:34:19] <VanDreadPIWO> ooo tu nawet widać budynek gdzie siedzę XD
[23:35:11] <VanDreadPIWO> Nie no powiem ci szczerzę nie mam jakiś kokosów 
[23:35:15] <McKey> W starówce warszawskiej was wcisneli
[23:35:29] <VanDreadPIWO> ale kurwa jak dla mnie to trafiło mi się jak ślepej kurze ziarno 
[23:35:34] <VanDreadPIWO> patrz koniec filmiku
[23:35:55] <McKey> Jakiś nowy budynek
[23:35:58] <McKey> Tylko 1 problem
[23:36:03] <McKey> ja w Wawie nigdy nie byłem xDD
[23:36:10] <VanDreadPIWO> No jest nowy 
[23:36:28] <VanDreadPIWO> Ładne miasto ale nikt nas nie lubi XD
[23:36:46] <McKey> Praga też jest ładna
[23:36:59] <McKey> i ci powiem że tam chętnie bym się zaszył i prawcował zdalnie
[23:37:15] <VanDreadPIWO> Już nie robię zdalnie 
[23:37:21] <VanDreadPIWO> wrócili mnie na serwis
[23:37:31] <VanDreadPIWO> dalej siedzę w budynku i tylko tam działam 
[23:37:40] <VanDreadPIWO> zdalnie też robię bo mi tak wygodnie 
[23:37:59] <McKey> Tylko wiesz. Ty robisz serwes Hadware
[23:38:11] <McKey> a ja bym chciał gdzieś się załapać na Hard+ soft
[23:38:19] <McKey> jakieś zarządanie serwerami
[23:38:28] <McKey> administrowanie stronami :P
[23:38:50] <VanDreadPIWO> ci od stron są dla nas śmieszni 
[23:38:56] <VanDreadPIWO> wielcy informatycy 
[23:39:06] <VanDreadPIWO> a jak mają problem to zgłaszają problem
[23:39:10] <McKey> xD
[23:39:13] <VanDreadPIWO> mimo iż mają wiedze taką jak my 
[23:39:18] <VanDreadPIWO> ale po chuj się męczyć 
[23:39:22] <McKey> Teoria tak głosi
[23:40:11] <VanDreadPIWO> Ja tam zawsze mówiłem nie mów do mnie że jestem informatykiem jestem serwisantem a że informatyk sam nie wie i zwala na sprzęt to już inna sprawa
[23:41:32] <VanDreadPIWO> jakiś czas temu miałem za zadanie skonfigurować switcha 
[23:41:37] <VanDreadPIWO> wiem może i proste 
[23:41:43] <VanDreadPIWO> ale sam nigdy tego nie robiłem 
[23:41:50] <McKey> zalezy jakiego swisha xD
[23:41:56] <VanDreadPIWO> Cisco 
[23:42:06] <VanDreadPIWO> normalnie to robimy ale sam tego ja nie robiłem
[23:42:12] <VanDreadPIWO> no i padło idź zrób 
[23:42:16] <VanDreadPIWO> emm ok
[23:42:16] <McKey> bo takiego fajnego Cisco co po rs232 tylko działa to raczej do najprostrzych nie nalezy xD
[23:42:47] <VanDreadPIWO> mówisz gdzie RS jest zakończony z dwóch stron tak samo chyba
[23:42:50] <VanDreadPIWO> to stare są 
[23:42:54] <McKey> nope
[23:42:59] <McKey> rs232 <----> rj45
[23:43:03] <McKey> ew USB
[23:43:03] <VanDreadPIWO> ja miałem przyjemność konsolowym RS do lapa rj w cisco
[23:43:23] <VanDreadPIWO> no to to samo mówimy 
[23:43:27] <VanDreadPIWO> to wyobraź sobie 
[23:43:29] <VanDreadPIWO> ja kurwa 
[23:43:33] <VanDreadPIWO> nigdy nic
[23:44:01] <VanDreadPIWO> otrzymałem wiedze jak skopiować konfig z innego switcha który działa 
[23:44:31] <VanDreadPIWO> potem na sucho wgrałem sobie do innego lekii edit w adresacji i vlanie 
[23:44:46] <VanDreadPIWO> parę komend 
[23:44:56] <VanDreadPIWO> no nie będę kłamał za 7 razem było ok
[23:45:07] <VanDreadPIWO> bo miałem źle albo kopiowałem 
[23:45:28] <VanDreadPIWO> albo miałem źle wiersze w pliku txt XD
[23:45:38] <VanDreadPIWO> ale same komendy wszystko YT na twardo 
[23:46:08] <VanDreadPIWO> miałem fote jak dosłownie leże w serwerowni 
[23:46:16] <VanDreadPIWO> 4switche podpięte 
[23:46:29] <VanDreadPIWO> a ja kurwa kminie czemu non stop źle
[23:46:41] <VanDreadPIWO> i nagle kurwa jeb działa :D
[23:46:51] <VanDreadPIWO> to następny jeb działa
[23:47:00] <VanDreadPIWO> odezwały się wszystkie
[23:47:01] <McKey> znaczy trza było poczekać :P
[23:47:10] <McKey> we <3 cisco
[23:48:05] <VanDreadPIWO> Ale kurwa potem dali mi kolejne tym razem wyzwanie XD
[23:48:18] <VanDreadPIWO> jeden vlan kurwa 7switchy 48port
[23:48:27] <McKey> xDDD
[23:48:34] <VanDreadPIWO> kurwa jak to zrobić skoro już po 4 adresacja się kończy 
[23:48:36] <VanDreadPIWO> no kurwa
[23:48:39] <VanDreadPIWO> yt mi nic nie dał
[23:48:51] <McKey> Taka fajna dziura jest
[23:48:52] <VanDreadPIWO> no nie pomógł HAŃBA MU
[23:48:54] <McKey> czarna
[23:49:00] <VanDreadPIWO> ale czekaj 
[23:49:02] <VanDreadPIWO> XD
[23:49:04] <McKey> i wszystko samo się robi xDD
[23:49:23] <VanDreadPIWO> po dwóch dniach kminy kurwa dzownie do sieciowców przyznajć że chuj debil jestem
[23:49:50] <VanDreadPIWO> a oni mi kurwa że nie nie nie tam mają być dwie różne adresacje 
[23:49:56] <VanDreadPIWO> NO KURWA DZIĘKI ZA INFO 
[23:49:57] <McKey> ....
[23:50:10] <VanDreadPIWO> wracam do zgłoszenia czytam
[23:50:23] <VanDreadPIWO> kurwa zmianki nie ma że tem mają być różne adresacje 
[23:50:46] <McKey> bo po chuj :P
[23:50:58] <VanDreadPIWO> nie no taka nie istotna informacja 
[23:51:09] <VanDreadPIWO> ale wiem że jest jakaś opcja by to zrobić 
[23:51:14] <VanDreadPIWO> to wiem i tej szukałem 
[23:51:19] <VanDreadPIWO> i nie znalazłem 
[23:51:56] <McKey> derp
[23:52:05] <McKey> Ale dobra. Kończ se tego browara a ja lece spać. Jeszcze troche szkoły mi zostało... przynajmniej do 13 xD
[23:52:37] <VanDreadPIWO> Ja juto idę z rana do typa powiedzieć mu że jest debil 
[23:52:48] <VanDreadPIWO> i ze musi kable kupić dłuższe XD
[23:53:13] <VanDreadPIWO> bo nie wiem jak mam podłączyć 3 monitory do kompa oddalonego o 10m od najdalszego monitora
[23:53:27] <VanDreadPIWO> liczył że monitory w podstawie tyle maja 
