[00:22:29] *** Quits: DeadbeatEngineer (uid20493@gateway/web/irccloud.com/x-yxizfjpwonyttoyz) (Remote host closed the connection)
[01:14:21] *** Joins: Norfenstein (~Norfenste@tremulous/developer/Norfenstein)
[01:14:21] *** ChanServ sets mode: +o Norfenstein
[01:29:25] *** Joins: DeadbeatEngineer (uid20493@gateway/web/irccloud.com/x-lwtjuiqiowqzvoww)
[02:10:34] *** Joins: Undeference (~msk@2001:470:1f07:1427:9521:29e2:7ee8:6cf)
[03:31:28] *** Quits: Norfenstein (~Norfenste@tremulous/developer/Norfenstein) (Quit: Norfenstein)
[04:42:45] *** Quits: Lakitu7 (~Lakitu7@tremulous/developer/Lakitu7) (Ping timeout: 256 seconds)
[04:53:54] *** Joins: Lakitu7 (~Lakitu7@tremulous/developer/Lakitu7)
[04:53:54] *** ChanServ sets mode: +o Lakitu7
[05:03:39] *** Quits: StalKhermitCrab (~StalKermi@unaffiliated/stalkermit) (Read error: Connection reset by peer)
[06:15:30] *** Quits: Who-[Soup] (~soup@p57A5153D.dip0.t-ipconnect.de) (Ping timeout: 244 seconds)
[06:15:58] *** Quits: Stannum (~Robotroni@82-197-195-74.dsl.cambrium.nl) ()
[06:19:55] *** Joins: Who-[Soup] (~soup@p57A50AC7.dip0.t-ipconnect.de)
[08:50:40] *** Joins: ImQ009 (~ImQ009@unaffiliated/imq009)
[09:37:01] *** Joins: jackforward (~jack@p200300700D327137E0B67464A803E93B.dip0.t-ipconnect.de)
[10:12:24] *** Quits: Undeference (~msk@2001:470:1f07:1427:9521:29e2:7ee8:6cf) (Quit: Leaving.)
[12:44:16] *** Quits: ByronJohnson (~bairyn@unaffiliated/bob0) (Ping timeout: 272 seconds)
[12:56:40] *** Joins: ByronJohnson (~bairyn@unaffiliated/bob0)
[13:09:11] *** Quits: ByronJohnson (~bairyn@unaffiliated/bob0) (Ping timeout: 246 seconds)
[13:10:14] *** Joins: ByronJohnson (~bairyn@unaffiliated/bob0)
[14:57:36] *** Quits: ImQ009 (~ImQ009@unaffiliated/imq009) (Quit: Leaving)
[15:32:09] *** Joins: Stannum (~Robotroni@82-197-195-74.dsl.cambrium.nl)
[15:38:15] *** Joins: StalKermit (~StalKermi@unaffiliated/stalkermit)
[15:53:06] *** Joins: ImQ009 (~ImQ009@unaffiliated/imq009)
[16:00:12] *** Quits: StalKermit (~StalKermi@unaffiliated/stalkermit) (Read error: Connection reset by peer)
[16:10:26] *** Joins: StalKermit (~StalKermi@unaffiliated/stalkermit)
[16:34:34] *** Quits: ImQ009 (~ImQ009@unaffiliated/imq009) (Quit: Leaving)
[16:50:37] *** Quits: cu-kai (~cu-kai@unaffiliated/cu-kai) (Ping timeout: 265 seconds)
[16:51:37] *** Joins: cu-kai (~cu-kai@192.99.248.34)
[16:51:37] *** Quits: cu-kai (~cu-kai@192.99.248.34) (Changing host)
[16:51:37] *** Joins: cu-kai (~cu-kai@unaffiliated/cu-kai)
[17:06:03] *** Joins: shhx (~shhx@94.65.134.37.dynamic.jazztel.es)
[17:16:44] *** Quits: shhx (~shhx@94.65.134.37.dynamic.jazztel.es) (Quit: Leaving)
[17:17:18] *** Joins: ImQ009 (~ImQ009@unaffiliated/imq009)
[19:36:37] *** Joins: Undeference (~msk@2001:470:1f07:1427:515b:5276:fb0:a862)
[19:42:36] *** Quits: ImQ009 (~ImQ009@unaffiliated/imq009) (Quit: Leaving)
[20:49:57] *** Quits: Stannum (~Robotroni@82-197-195-74.dsl.cambrium.nl) ()
[20:51:13] *** Joins: Undeference1 (~msk@d14-69-237-165.try.wideopenwest.com)
[20:51:13] *** Quits: Undeference (~msk@2001:470:1f07:1427:515b:5276:fb0:a862) (Quit: Leaving.)
[21:10:39] *** Quits: Undeference1 (~msk@d14-69-237-165.try.wideopenwest.com) (Ping timeout: 265 seconds)
[21:38:39] *** Joins: Undeference (~msk@2001:470:1f07:1427:3017:3771:faa2:674b)
[21:47:08] *** Quits: Viech (~Viech@unvanquished/developer/viech) (Ping timeout: 240 seconds)
[21:47:37] *** Joins: Viech (~Viech@v220120913958924899.yourvserver.net)
[21:47:37] *** Quits: Viech (~Viech@v220120913958924899.yourvserver.net) (Changing host)
[21:47:37] *** Joins: Viech (~Viech@unvanquished/developer/viech)
[22:04:41] *** Quits: Undeference (~msk@2001:470:1f07:1427:3017:3771:faa2:674b) (Quit: Leaving.)
[22:04:49] *** Joins: Undeference (~msk@2001:470:1f07:1427:3017:3771:faa2:674b)
[22:51:37] *** Quits: Lord^Anubis (~anubis@unaffiliated/lordanubis/x-837129) (Read error: Connection reset by peer)
[22:55:42] *** Joins: Lord^Anubis (~anubis@unaffiliated/lordanubis/x-837129)
[23:32:43] *** Quits: jackforward (~jack@p200300700D327137E0B67464A803E93B.dip0.t-ipconnect.de) (Quit: Ex-Chat)
