[02:02:38] *** Quits: shhx (~shhx@80.64.134.37.dynamic.jazztel.es) (Read error: Connection reset by peer)
[02:15:24] *** Quits: cu-kai (~cu-kai@unaffiliated/cu-kai) (Quit: Leaving)
[02:23:15] *** Quits: Undeference (~msk@2001:470:1f07:1427:fdcb:6054:9a7d:d644) (Ping timeout: 240 seconds)
[02:38:09] *** Joins: Undeference (~msk@2001:470:1f07:1427:b4a0:e068:9c89:8dd9)
[03:41:44] *** Quits: Undeference (~msk@2001:470:1f07:1427:b4a0:e068:9c89:8dd9) (Ping timeout: 246 seconds)
[03:55:04] *** Joins: Undeference (~msk@2001:470:1f07:1427:fdcb:6054:9a7d:d644)
[04:04:30] *** Quits: Who-[Soup] (~soup@p57A513C8.dip0.t-ipconnect.de) (Ping timeout: 240 seconds)
[04:05:58] *** Joins: Who-[Soup] (~soup@p57A516D2.dip0.t-ipconnect.de)
[04:34:24] *** Quits: Norfenstein (~Norfenste@tremulous/developer/Norfenstein) (Ping timeout: 244 seconds)
[04:47:48] *** Joins: Norfenstein (~Norfenste@tremulous/developer/Norfenstein)
[04:47:48] *** ChanServ sets mode: +o Norfenstein
[05:04:07] *** Quits: Norfenstein (~Norfenste@tremulous/developer/Norfenstein) (Remote host closed the connection)
[06:13:48] *** Quits: Stannum (~Robotroni@82-197-195-74.dsl.cambrium.nl) ()
[08:11:23] *** Joins: ImQ009 (~ImQ009@unaffiliated/imq009)
[08:24:38] *** Joins: jotik (~7f000001@unaffiliated/jotik)
[09:18:08] *** Quits: Undeference (~msk@2001:470:1f07:1427:fdcb:6054:9a7d:d644) (Quit: Leaving.)
[10:53:32] *** Joins: jackforward (~jack@p200300700D4BDFD8A5889CD7E8BBF9B5.dip0.t-ipconnect.de)
[13:36:14] *** Quits: Forty-3 (~kvirc@pool-71-191-219-16.washdc.fios.verizon.net) (Ping timeout: 260 seconds)
[14:34:20] *** Quits: dGr8LookinSparky (~dGr8Looki@unaffiliated/dgr8lookinsparky) (Quit: Leaving)
[15:15:03] *** Joins: shhx (~shhx@80.64.134.37.dynamic.jazztel.es)
[15:42:06] *** Joins: cu-kai (~cu-kai@host-2-103-222-71.as13285.net)
[15:42:06] *** Quits: cu-kai (~cu-kai@host-2-103-222-71.as13285.net) (Changing host)
[15:42:06] *** Joins: cu-kai (~cu-kai@unaffiliated/cu-kai)
[15:54:52] *** Quits: ImQ009 (~ImQ009@unaffiliated/imq009) (Quit: Leaving)
[16:06:04] *** Quits: Timbo_ (~tma@cpc5-sgyl28-2-0-cust125.sgyl.cable.virginm.net) (Changing host)
[16:06:04] *** Joins: Timbo_ (~tma@tremulous/developer/timbo)
[16:06:04] *** ChanServ sets mode: +o Timbo_
[16:06:04] *** Quits: shhx (~shhx@80.64.134.37.dynamic.jazztel.es) (Ping timeout: 265 seconds)
[16:06:08] *** Timbo_ is now known as Timbo
[16:15:18] *** Joins: Stannum (~Robotroni@82-197-195-74.dsl.cambrium.nl)
[16:42:51] *** Joins: shhx (~shhx@80.64.134.37.dynamic.jazztel.es)
[16:49:59] *** Joins: ImQ009 (~ImQ009@unaffiliated/imq009)
[20:48:38] *** Quits: jackforward (~jack@p200300700D4BDFD8A5889CD7E8BBF9B5.dip0.t-ipconnect.de) (Ping timeout: 246 seconds)
[21:01:21] *** Joins: jackforward (~jack@p200300700D4BDFF8A5889CD7E8BBF9B5.dip0.t-ipconnect.de)
[21:27:06] *** Joins: Forty-3 (~kvirc@pool-71-191-219-16.washdc.fios.verizon.net)
[21:47:13] *** Quits: shhx (~shhx@80.64.134.37.dynamic.jazztel.es) (Ping timeout: 244 seconds)
[21:57:24] *** Joins: Norfenstein (~Norfenste@tremulous/developer/Norfenstein)
[21:57:24] *** ChanServ sets mode: +o Norfenstein
[22:02:45] *** Quits: ImQ009 (~ImQ009@unaffiliated/imq009) (Quit: Leaving)
[22:41:01] *** Joins: shhx (~shhx@80.64.134.37.dynamic.jazztel.es)
[23:07:36] *** Joins: Undeference (~msk@2001:470:1f07:1427:b9eb:1319:f385:f581)
[23:14:07] *** Quits: Undeference (~msk@2001:470:1f07:1427:b9eb:1319:f385:f581) (Quit: Leaving.)
[23:14:30] *** Joins: Undeference (~msk@2001:470:1f07:1427:b9eb:1319:f385:f581)
[23:31:35] *** Quits: jackforward (~jack@p200300700D4BDFF8A5889CD7E8BBF9B5.dip0.t-ipconnect.de) (Quit: Ex-Chat)
[23:36:02] *** Quits: cu-kai (~cu-kai@unaffiliated/cu-kai) (Changing host)
[23:36:02] *** Joins: cu-kai (~cu-kai@unvanquished/developer/cu-kai)
[23:55:20] *** Quits: Norfenstein (~Norfenste@tremulous/developer/Norfenstein) (Remote host closed the connection)
