[00:15:15] *** Quits: jackforward (~jack@p4FFCD059.dip0.t-ipconnect.de) (Quit: Ex-Chat)
[02:08:13] *** Joins: ZdrytchX (~zdrytchx@27-33-98-203.static.tpgi.com.au)
[02:29:16] *** Quits: cu-kai (~cu-kai@unvanquished/developer/cu-kai) (Quit: Leaving)
[02:48:04] *** Quits: shhx (~shhx@80.64.134.37.dynamic.jazztel.es) (Read error: Connection reset by peer)
[04:11:38] *** Quits: Who-[Soup] (~soup@p57A51A0C.dip0.t-ipconnect.de) (Ping timeout: 260 seconds)
[04:15:30] *** Joins: Who-[Soup] (~soup@p57A501A0.dip0.t-ipconnect.de)
[04:18:08] *** Quits: ZdrytchX (~zdrytchx@27-33-98-203.static.tpgi.com.au) (Ping timeout: 246 seconds)
[04:40:34] *** Joins: ZdrytchX (~zdrytchx@27-33-98-203.static.tpgi.com.au)
[05:58:48] *** Quits: Norfenstein (~Norfenste@tremulous/developer/Norfenstein) (Remote host closed the connection)
[06:23:40] *** Quits: Stannum (~Robotroni@82.197.195.74) ()
[06:26:26] *** Joins: Undeference (~msk@2001:470:1f07:1427:f491:5903:3c3f:eddd)
[07:29:48] *** Quits: StalKermit (~StalKermi@unaffiliated/stalkermit) (Read error: Connection reset by peer)
[09:21:14] *** Quits: ZdrytchX (~zdrytchx@27-33-98-203.static.tpgi.com.au) (Ping timeout: 246 seconds)
[09:52:58] *** Joins: ZdrytchX (~zdrytchx@27-33-98-203.static.tpgi.com.au)
[10:19:57] *** Quits: Undeference (~msk@2001:470:1f07:1427:f491:5903:3c3f:eddd) (Quit: Leaving.)
[10:33:38] *** Joins: ImQ009 (~ImQ009@unaffiliated/imq009)
[10:35:46] *** Joins: jackforward (~jack@p200300700D4BDF45312E7EFE9F94899E.dip0.t-ipconnect.de)
[12:45:19] *** Joins: shhx (~shhx@80.64.134.37.dynamic.jazztel.es)
[12:57:56] *** Quits: ImQ009 (~ImQ009@unaffiliated/imq009) (Quit: Leaving)
[13:57:57] *** Joins: Norfenstein (~Norfenste@tremulous/developer/Norfenstein)
[13:57:57] *** ChanServ sets mode: +o Norfenstein
[14:42:10] *** Joins: Haibane (~dolcetria@unvanquished/developer/ishq)
[14:43:29] *** Quits: `Ishq (~dolcetria@unvanquished/developer/ishq) (Ping timeout: 240 seconds)
[14:54:48] *** Joins: ImQ009 (~ImQ009@unaffiliated/imq009)
[14:57:30] *** Joins: ImQ009_ (~ImQ009@unaffiliated/imq009)
[14:58:54] *** Quits: ImQ009 (~ImQ009@unaffiliated/imq009) (Ping timeout: 245 seconds)
[15:05:15] *** Joins: Stannum (~Robotroni@82.197.195.74)
[15:06:47] *** Quits: ImQ009_ (~ImQ009@unaffiliated/imq009) (Quit: Leaving)
[15:07:07] *** Joins: ImQ009 (~ImQ009@unaffiliated/imq009)
[15:26:42] *** Joins: StalKermit (~StalKermi@unaffiliated/stalkermit)
[15:35:32] *** Joins: cu-kai (~cu-kai@host-2-103-222-71.as13285.net)
[15:35:33] *** Quits: cu-kai (~cu-kai@host-2-103-222-71.as13285.net) (Changing host)
[15:35:33] *** Joins: cu-kai (~cu-kai@unvanquished/developer/cu-kai)
[17:18:20] *** Quits: ZdrytchX (~zdrytchx@27-33-98-203.static.tpgi.com.au) (Read error: Connection reset by peer)
[18:11:11] *** Quits: ImQ009 (~ImQ009@unaffiliated/imq009) (Quit: Leaving)
[18:17:24] *** Joins: ImQ009 (~ImQ009@unaffiliated/imq009)
[18:26:22] *** Quits: ImQ009 (~ImQ009@unaffiliated/imq009) (Quit: Leaving)
[18:26:45] *** Joins: ImQ009 (~ImQ009@unaffiliated/imq009)
[19:31:31] *** Joins: kullervo_ (~kullervo@a88-114-146-190.elisa-laajakaista.fi)
[19:31:43] *** Quits: kullervo (~kullervo@unaffiliated/ozguli) (Ping timeout: 276 seconds)
[19:31:49] *** kullervo_ is now known as kullervo
[20:24:01] *** Quits: Stannum (~Robotroni@82.197.195.74) (Read error: Connection reset by peer)
[21:51:22] *** Haibane is now known as `Ishq
[21:57:21] *** Joins: Undeference (~msk@2001:470:1f07:1427:1ef:8ac6:2d77:81a3)
[21:59:02] *** Quits: ImQ009 (~ImQ009@unaffiliated/imq009) (Quit: Leaving)
[22:09:10] *** Quits: jackforward (~jack@p200300700D4BDF45312E7EFE9F94899E.dip0.t-ipconnect.de) (Ping timeout: 260 seconds)
[22:23:46] *** Joins: jackforward (~jack@p200300700D4BDF6D312E7EFE9F94899E.dip0.t-ipconnect.de)
[23:09:12] *** Quits: jackforward (~jack@p200300700D4BDF6D312E7EFE9F94899E.dip0.t-ipconnect.de) (Quit: Ex-Chat)
