[01:34:53] *** Quits: shhx (~shhx@80.64.134.37.dynamic.jazztel.es) (Read error: Connection reset by peer)
[01:37:08] *** Joins: ZdrytchX (~zdrytchx@27-33-98-203.static.tpgi.com.au)
[03:30:57] *** Quits: ZdrytchX (~zdrytchx@27-33-98-203.static.tpgi.com.au) (Quit: 404 IIRC, IRC NOT FOUND)
[04:23:02] *** Quits: Stannum (~Robotroni@82-197-195-74.dsl.cambrium.nl) ()
[05:08:38] *** Quits: jotik (~7f000001@unaffiliated/jotik) (Remote host closed the connection)
[05:11:05] *** Joins: jotik (~7f000001@unaffiliated/jotik)
[06:32:56] *** Quits: StalKermit (~StalKermi@unaffiliated/stalkermit) (Read error: Connection reset by peer)
[06:41:51] *** Joins: StalKermit (~StalKermi@unaffiliated/stalkermit)
[08:27:41] *** Joins: ImQ009 (~ImQ009@unaffiliated/imq009)
[08:34:11] *** ImQ009 is now known as ImQ009[w]
[10:23:56] *** Quits: ImQ009[w] (~ImQ009@unaffiliated/imq009) (Quit: Leaving)
[10:26:30] *** Quits: Undeference (~msk@2001:470:1f07:1427:b0ed:5cb8:e9e0:d174) (Quit: Leaving.)
[10:45:10] *** Quits: Rezyn (~Rezyn@pool-100-14-84-147.phlapa.fios.verizon.net) (Ping timeout: 246 seconds)
[10:45:37] *** Joins: Rezyn (~Rezyn@pool-100-14-84-147.phlapa.fios.verizon.net)
[10:49:56] *** Joins: ZdrytchX (~zdrytchx@27-33-98-203.static.tpgi.com.au)
[12:36:24] *** Quits: Forty-Bot (~kvirc@pool-71-191-219-16.washdc.fios.verizon.net) (Ping timeout: 265 seconds)
[13:08:12] *** Joins: shhx (~shhx@80.64.134.37.dynamic.jazztel.es)
[13:55:44] *** Joins: ImQ009 (~ImQ009@unaffiliated/imq009)
[14:36:16] *** Quits: shhx (~shhx@80.64.134.37.dynamic.jazztel.es) (Ping timeout: 265 seconds)
[16:01:00] *** Joins: Stannum (~Robotroni@82-197-195-74.dsl.cambrium.nl)
[16:08:44] *** Quits: ImQ009 (~ImQ009@unaffiliated/imq009) (Read error: Connection reset by peer)
[17:03:55] *** Joins: ImQ009 (~ImQ009@unaffiliated/imq009)
[17:09:42] *** Joins: shhx (~shhx@80.64.134.37.dynamic.jazztel.es)
[18:46:27] *** Quits: Timbo (~tma@cpc5-sgyl28-2-0-cust125.sgyl.cable.virginm.net) (Changing host)
[18:46:27] *** Joins: Timbo (~tma@tremulous/developer/timbo)
[18:46:27] *** ChanServ sets mode: +o Timbo
[21:17:01] *** Joins: Forty-3 (~kvirc@pool-71-191-219-16.washdc.fios.verizon.net)
[21:37:38] *** Quits: ImQ009 (~ImQ009@unaffiliated/imq009) (Quit: Leaving)
[22:03:21] *** Quits: shhx (~shhx@80.64.134.37.dynamic.jazztel.es) (Ping timeout: 265 seconds)
[22:26:47] *** Joins: Norfenstein (~Norfenste@tremulous/developer/Norfenstein)
[22:26:47] *** ChanServ sets mode: +o Norfenstein
[22:45:41] *** Joins: shhx (~shhx@80.64.134.37.dynamic.jazztel.es)
[22:48:58] *** Quits: Stannum (~Robotroni@82-197-195-74.dsl.cambrium.nl) ()
[23:05:27] *** Quits: Who-[Soup] (~soup@p57A509F9.dip0.t-ipconnect.de) (Ping timeout: 244 seconds)
[23:09:26] *** Quits: kullervo (~kullervo@a88-114-146-190.elisa-laajakaista.fi) (Ping timeout: 260 seconds)
[23:09:50] *** Joins: kullervo (~kullervo@unaffiliated/ozguli)
[23:11:06] *** Joins: Who-[Soup] (~soup@p57A50096.dip0.t-ipconnect.de)
