[00:37:40] *** Joins: Norfenstein (~Norfenste@tremulous/developer/Norfenstein)
[00:37:40] *** ChanServ sets mode: +o Norfenstein
[00:39:10] *** Joins: Stannum (~Robotroni@82-197-195-74.dsl.cambrium.nl)
[01:35:45] *** Joins: WillisTF (~Willis@122.sub-70-194-169.myvzw.com)
[01:54:42] *** Quits: Stannum (~Robotroni@82-197-195-74.dsl.cambrium.nl) ()
[01:54:59] *** Joins: Stannum (~Robotroni@82-197-195-74.dsl.cambrium.nl)
[02:00:27] *** Quits: Rezyn (~Rezyn@pool-100-14-84-147.phlapa.fios.verizon.net) (Remote host closed the connection)
[02:01:40] *** Joins: Rezyn (~Rezyn@pool-100-14-84-147.phlapa.fios.verizon.net)
[02:39:19] *** Quits: Undeference (~msk@2001:470:1f07:1427:3017:3771:faa2:674b) (Ping timeout: 240 seconds)
[02:56:13] *** Joins: Undeference (~msk@d14-69-237-165.try.wideopenwest.com)
[03:30:58] *** Quits: Norfenstein (~Norfenste@tremulous/developer/Norfenstein) (Remote host closed the connection)
[06:06:02] *** Quits: Stannum (~Robotroni@82-197-195-74.dsl.cambrium.nl) ()
[06:08:13] *** Quits: Pevel__ (pevel@unvanquished/developer/pevel) (Ping timeout: 256 seconds)
[06:08:24] *** Quits: dGr8LookinSparky (~dGr8Looki@unaffiliated/dgr8lookinsparky) (Ping timeout: 268 seconds)
[06:09:03] *** Joins: dGr8LookinSparky (~dGr8Looki@unaffiliated/dgr8lookinsparky)
[06:17:19] *** Quits: Who-[Soup] (~soup@p57A50AC7.dip0.t-ipconnect.de) (Ping timeout: 240 seconds)
[06:21:25] *** Joins: Pevel__ (pevel@unvanquished/developer/pevel)
[06:21:30] *** Joins: Who-[Soup] (~soup@p57A5142F.dip0.t-ipconnect.de)
[09:24:43] *** Joins: jackforward (~jack@p200300700D3271069511F800D7D96086.dip0.t-ipconnect.de)
[10:13:32] *** Quits: Undeference (~msk@d14-69-237-165.try.wideopenwest.com) (Quit: Leaving.)
[11:48:47] *** Joins: ZdrytchX (~zdrytchx@27-33-98-203.static.tpgi.com.au)
[14:28:32] *** Quits: WillisTF (~Willis@122.sub-70-194-169.myvzw.com) ()
[15:02:52] *** Joins: shhx (~shhx@94.65.134.37.dynamic.jazztel.es)
[15:04:00] *** Quits: shhx (~shhx@94.65.134.37.dynamic.jazztel.es) (Client Quit)
[16:52:58] *** Joins: Stannum (~Robotroni@82-197-195-74.dsl.cambrium.nl)
[17:50:30] *** Quits: ZdrytchX (~zdrytchx@27-33-98-203.static.tpgi.com.au) (Read error: Connection reset by peer)
[19:29:01] *** Joins: Undeference (~msk@2001:470:1f07:1427:39d6:b72b:cda6:43d5)
[21:46:51] *** Quits: jackforward (~jack@p200300700D3271069511F800D7D96086.dip0.t-ipconnect.de) (Ping timeout: 246 seconds)
[21:59:40] *** Joins: jackforward (~jack@p200300700D3271859511F800D7D96086.dip0.t-ipconnect.de)
[22:29:33] *** Joins: Norfenstein (~Norfenste@tremulous/developer/Norfenstein)
[22:29:33] *** ChanServ sets mode: +o Norfenstein
[23:01:43] *** Quits: jackforward (~jack@p200300700D3271859511F800D7D96086.dip0.t-ipconnect.de) (Quit: Ex-Chat)
