[01:10:23] *** Quits: Ingar (~ingar@94-224-85-244.access.telenet.be) (Ping timeout: 264 seconds)
[01:11:57] *** Joins: Ingar (~ingar@94-224-85-244.access.telenet.be)
[01:19:00] *** Quits: Ingar (~ingar@94-224-85-244.access.telenet.be) (Ping timeout: 264 seconds)
[01:20:25] *** Joins: Ingar (~ingar@94-224-85-244.access.telenet.be)
[01:27:47] *** Quits: Ingar (~ingar@94-224-85-244.access.telenet.be) (Ping timeout: 268 seconds)
[01:28:54] *** Joins: Ingar (~ingar@94-224-85-244.access.telenet.be)
[01:36:42] *** Quits: Ingar (~ingar@94-224-85-244.access.telenet.be) (Ping timeout: 255 seconds)
[01:38:23] *** Joins: Ingar (~ingar@94-224-85-244.access.telenet.be)
[02:18:50] <scv> waln
[03:28:11] *** Quits: shhx (~shhx@94.65.134.37.dynamic.jazztel.es) (Ping timeout: 265 seconds)
[03:57:45] *** Joins: Shadow`` (~BOOYEA@s55976a81.adsl.online.nl)
[03:58:25] *** Quits: Shadow` (~BOOYEA@s55976a81.adsl.online.nl) (Ping timeout: 240 seconds)
[04:12:48] *** Joins: Shadow` (~BOOYEA@s55976a81.adsl.online.nl)
[04:13:45] *** Quits: Shadow`` (~BOOYEA@s55976a81.adsl.online.nl) (Ping timeout: 240 seconds)
[04:33:22] *** Joins: your_face (~slax@unaffiliated/faes)
[05:41:50] *** Quits: StalKermit (~StalKermi@unaffiliated/stalkermit) (Read error: Connection reset by peer)
[06:13:14] *** Quits: Stannum (~Robotroni@82-197-195-74.dsl.cambrium.nl) ()
[06:13:23] *** Quits: Who-[Soup] (~soup@p57A51AC6.dip0.t-ipconnect.de) (Ping timeout: 264 seconds)
[06:17:04] *** Joins: Who-[Soup] (~soup@p57A51BA5.dip0.t-ipconnect.de)
[06:39:59] *** Quits: your_face (~slax@unaffiliated/faes) (Quit: Leaving.)
[08:51:16] *** Joins: ImQ009 (~ImQ009@unaffiliated/imq009)
[09:12:42] *** Joins: jackforward (~jack@p200300700D2DA5F8B13C90D2BE980207.dip0.t-ipconnect.de)
[09:35:05] *** Joins: ZdrytchX (~zdrytchx@27-33-98-203.static.tpgi.com.au)
[11:40:34] *** ChanServ sets mode: +o Ingar
[11:52:10] *** Joins: shhx (~shhx@94.65.134.37.dynamic.jazztel.es)
[11:56:41] *** Quits: ImQ009 (~ImQ009@unaffiliated/imq009) (Quit: Leaving)
[12:59:01] *** Quits: jackforward (~jack@p200300700D2DA5F8B13C90D2BE980207.dip0.t-ipconnect.de) (Ping timeout: 246 seconds)
[13:02:34] *** Joins: ImQ009 (~ImQ009@unaffiliated/imq009)
[13:11:54] *** Joins: jackforward (~jack@p200300700D2DA598B13C90D2BE980207.dip0.t-ipconnect.de)
[13:36:13] *** Quits: Forty-3 (~kvirc@pool-71-191-219-16.washdc.fios.verizon.net) (Ping timeout: 265 seconds)
[13:47:40] *** Quits: ImQ009 (~ImQ009@unaffiliated/imq009) (Quit: Leaving)
[14:23:24] *** Joins: ZdrytchX1 (~Gaius_Dav@27-33-98-203.static.tpgi.com.au)
[14:23:43] *** Quits: ZdrytchX1 (~Gaius_Dav@27-33-98-203.static.tpgi.com.au) (Client Quit)
[15:01:21] *** Joins: StalKermit (~StalKermi@unaffiliated/stalkermit)
[15:19:20] *** Joins: Stannum (~Robotroni@82-197-195-74.dsl.cambrium.nl)
[15:28:03] *** Joins: Shadow`` (~BOOYEA@s55976a81.adsl.online.nl)
[15:28:25] *** Quits: Shadow` (~BOOYEA@s55976a81.adsl.online.nl) (Ping timeout: 240 seconds)
[15:33:11] *** Quits: shhx (~shhx@94.65.134.37.dynamic.jazztel.es) (Ping timeout: 265 seconds)
[15:43:08] *** Joins: Shadow` (~BOOYEA@s55976a81.adsl.online.nl)
[15:44:05] *** Quits: Shadow`` (~BOOYEA@s55976a81.adsl.online.nl) (Ping timeout: 240 seconds)
[16:08:59] *** Joins: shhx (~shhx@94.65.134.37.dynamic.jazztel.es)
[16:36:53] *** Joins: ImQ009 (~ImQ009@unaffiliated/imq009)
[16:43:06] *** Quits: ImQ009 (~ImQ009@unaffiliated/imq009) (Quit: Leaving)
[17:26:10] *** Quits: shhx (~shhx@94.65.134.37.dynamic.jazztel.es) (Read error: Connection reset by peer)
[17:26:23] *** Quits: Stannum (~Robotroni@82-197-195-74.dsl.cambrium.nl) (Ping timeout: 256 seconds)
[17:35:09] *** Joins: ImQ009 (~ImQ009@unaffiliated/imq009)
[17:52:21] *** Quits: ImQ009 (~ImQ009@unaffiliated/imq009) (Quit: Leaving)
[17:52:39] *** Joins: ImQ009 (~ImQ009@unaffiliated/imq009)
[17:53:35] *** Joins: Stannum (~Robotroni@82-197-195-74.dsl.cambrium.nl)
[18:07:50] *** Joins: your_face (~slax@unaffiliated/faes)
[18:36:27] *** Quits: ZdrytchX (~zdrytchx@27-33-98-203.static.tpgi.com.au) (Quit: 404 IIRC, IRC NOT FOUND)
[19:07:59] *** Quits: Stannum (~Robotroni@82-197-195-74.dsl.cambrium.nl) (Ping timeout: 264 seconds)
[19:18:43] *** Joins: Stannum (~Robotroni@82-197-195-74.dsl.cambrium.nl)
[19:25:56] <Ingar> DevHC bashing, always a godo excuse for a necro
[19:26:00] <Ingar> *good excuse
[20:15:50] *** Quits: your_face (~slax@unaffiliated/faes) (Quit: Leaving.)
[20:54:46] <`Ishq> forums are back?
[20:57:28] <jkent> yes, running simple machines 2.0.11 with the default theme
[20:59:56] <`Ishq> http://tremulous.net/forum/index.php?topic=17447.msg238394#msg238394
[21:00:01] <`Ishq> This thread is not a necro though
[21:01:33] <`Ishq> Whoa, devhc has more karma than me:(
[21:12:52] *** Quits: jackforward (~jack@p200300700D2DA598B13C90D2BE980207.dip0.t-ipconnect.de) (Ping timeout: 246 seconds)
[21:13:20] *** Joins: jackforward (~jack@p200300700D2DA598B13C90D2BE980207.dip0.t-ipconnect.de)
[22:16:03] *** Quits: dGr8LookinSparky (~dGr8Looki@unaffiliated/dgr8lookinsparky) (Remote host closed the connection)
[22:24:29] *** Quits: jackforward (~jack@p200300700D2DA598B13C90D2BE980207.dip0.t-ipconnect.de) (Quit: Ex-Chat)
[22:31:16] *** Quits: illwieckz (~illwieckz@unvanquished/developer/illwieckz) (Ping timeout: 265 seconds)
[22:42:57] *** Joins: illwieckz (~illwieckz@unvanquished/developer/illwieckz)
[22:49:33] *** Quits: ImQ009 (~ImQ009@unaffiliated/imq009) (Quit: Leaving)
[23:02:35] *** Joins: dGr8LookinSparky (~dGr8Looki@unaffiliated/dgr8lookinsparky)
[23:05:09] *** Quits: dGr8LookinSparky (~dGr8Looki@unaffiliated/dgr8lookinsparky) (Client Quit)
[23:05:50] *** Joins: dGr8LookinSparky (~dGr8Looki@unaffiliated/dgr8lookinsparky)
[23:18:09] *** Joins: Norfenstein (~Norfenste@tremulous/developer/Norfenstein)
[23:18:09] *** ChanServ sets mode: +o Norfenstein
