[00:21:50] *** Quits: bobydrack (~wazaa@37.174.142.236) (Quit: connection de M..)
[00:27:34] *** Quits: Rezyn (~Rezyn@pool-100-14-84-147.phlapa.fios.verizon.net) (Remote host closed the connection)
[00:29:43] *** Joins: Rezyn (~Rezyn@pool-100-14-84-147.phlapa.fios.verizon.net)
[01:16:05] *** Quits: shhx (~shhx@94.65.134.37.dynamic.jazztel.es) (Read error: Connection reset by peer)
[02:15:57] *** Quits: jotik (~7f000001@unaffiliated/jotik) (Ping timeout: 252 seconds)
[02:18:06] *** Joins: jotik (~7f000001@unaffiliated/jotik)
[03:51:48] *** Quits: Norfenstein (~Norfenste@tremulous/developer/Norfenstein) (Quit: Norfenstein)
[04:29:48] <Undeference> anyone know who runs [LocalStrike] Tremulous Public Server? or know its maprotation?
[04:30:39] <Undeference> it's apparently not listed on the master
[05:01:53] *** Quits: Stannum (~Robotroni@82-197-195-74.dsl.cambrium.nl) ()
[05:48:06] *** Quits: StalKermit (~StalKermi@unaffiliated/stalkermit) (Quit: I'm gone, man. Solid gone.)
[06:05:48] *** Quits: Who-[Soup] (~soup@p57B0DE50.dip0.t-ipconnect.de) (Ping timeout: 264 seconds)
[06:14:35] *** Joins: Who-[Soup] (~soup@p57A50D2F.dip0.t-ipconnect.de)
[08:01:25] *** Quits: Undeference (~msk@2001:470:1f07:1427:9cae:d03a:4fb9:62ce) (Quit: Leaving.)
[08:22:29] *** Joins: ImQ009 (~ImQ009@unaffiliated/imq009)
[08:25:29] *** Quits: ImQ009 (~ImQ009@unaffiliated/imq009) (Client Quit)
[08:59:50] *** Joins: ImQ009 (~ImQ009@unaffiliated/imq009)
[09:28:41] *** Joins: jackforward (~jack@p200300700D2DA580A041F28E282FB925.dip0.t-ipconnect.de)
[09:41:32] *** Quits: DeadbeatEngineer (uid20493@gateway/web/irccloud.com/x-dwlllsjuhekiqhez) (K-Lined)
[10:47:48] *** Quits: ImQ009 (~ImQ009@unaffiliated/imq009) (Quit: Leaving)
[11:01:47] *** Joins: ByronJohnson (~bairyn@unaffiliated/bob0)
[11:36:20] *** Joins: ZdrytchX (~zdrytchx@27-33-98-203.static.tpgi.com.au)
[11:54:35] *** Joins: DeadbeatEngineer (uid20493@gateway/web/irccloud.com/x-jmqtcodlgzuwomds)
[13:05:14] *** Joins: ImQ009 (~ImQ009@unaffiliated/imq009)
[13:09:25] *** Quits: ImQ009 (~ImQ009@unaffiliated/imq009) (Client Quit)
[15:39:24] *** Joins: StalKermit (~StalKermi@unaffiliated/stalkermit)
[17:34:55] *** Joins: Stannum (~Robotroni@82-197-195-74.dsl.cambrium.nl)
[18:08:15] *** Quits: ZdrytchX (~zdrytchx@27-33-98-203.static.tpgi.com.au) (Quit: 404 IIRC, IRC NOT FOUND)
[18:16:59] *** Joins: ImQ009 (~ImQ009@unaffiliated/imq009)
[19:55:10] *** Quits: taiyo (~taiyo@i-83-67-10-10.freedom2surf.net) (Quit: Konversation terminated!)
[20:19:58] *** Joins: shhx (~shhx@94.65.134.37.dynamic.jazztel.es)
[21:36:47] *** Quits: dGr8LookinSparky (~dGr8Looki@unaffiliated/dgr8lookinsparky) (Read error: Connection reset by peer)
[21:38:16] *** Joins: dGr8LookinSparky (~dGr8Looki@unaffiliated/dgr8lookinsparky)
[21:40:33] *** Quits: dGr8LookinSparky (~dGr8Looki@unaffiliated/dgr8lookinsparky) (Client Quit)
[21:41:26] *** Joins: dGr8LookinSparky (~dGr8Looki@unaffiliated/dgr8lookinsparky)
[21:46:02] *** Quits: shhx (~shhx@94.65.134.37.dynamic.jazztel.es) (Ping timeout: 246 seconds)
[22:08:52] *** Quits: ImQ009 (~ImQ009@unaffiliated/imq009) (Quit: Leaving)
[22:26:00] *** Joins: taiyo (~taiyo@i-83-67-10-10.freedom2surf.net)
[22:38:26] *** Joins: Norfenstein (~Norfenste@tremulous/developer/Norfenstein)
[22:38:26] *** ChanServ sets mode: +o Norfenstein
[22:50:39] *** Joins: shhx (~shhx@94.65.134.37.dynamic.jazztel.es)
[22:54:52] *** Quits: Gireen (~gireen@unvanquished/developer/gireen) (Read error: Connection reset by peer)
[22:55:33] *** Joins: Gireen (~gireen@unvanquished/developer/gireen)
[22:58:18] *** Quits: shhx (~shhx@94.65.134.37.dynamic.jazztel.es) (Ping timeout: 255 seconds)
[22:59:40] *** Joins: shhx (~shhx@94.65.134.37.dynamic.jazztel.es)
[23:23:46] *** Quits: jackforward (~jack@p200300700D2DA580A041F28E282FB925.dip0.t-ipconnect.de) (Quit: Ex-Chat)
