[00:25:25] *** Joins: Undeference (~msk@2001:470:1f07:1427:4da:e29b:50c2:d080)
[01:01:44] *** Joins: ZdrytchX (~zdrytchx@27-33-98-203.static.tpgi.com.au)
[01:54:25] *** Quits: shhx (~shhx@80.64.134.37.dynamic.jazztel.es) (Read error: Connection reset by peer)
[02:22:37] *** Quits: ZdrytchX (~zdrytchx@27-33-98-203.static.tpgi.com.au) (Quit: 404 IIRC, IRC NOT FOUND)
[03:47:02] *** Quits: Norfenstein (~Norfenste@tremulous/developer/Norfenstein) (Remote host closed the connection)
[04:10:39] *** Quits: Undeference (~msk@2001:470:1f07:1427:4da:e29b:50c2:d080) (Ping timeout: 240 seconds)
[04:24:45] *** Joins: Undeference (~msk@2001:470:1f07:1427:445:33e5:494b:7f84)
[04:31:09] *** Quits: Volt (~Volt@pool-108-31-26-17.washdc.fios.verizon.net) (Ping timeout: 255 seconds)
[04:31:47] *** Joins: Volt (~Volt@pool-108-31-26-17.washdc.fios.verizon.net)
[05:25:34] *** Quits: dGr8LookinSparky (~dGr8Looki@unaffiliated/dgr8lookinsparky) (Ping timeout: 272 seconds)
[05:57:00] *** Joins: ZdrytchX (~zdrytchx@27-33-98-203.static.tpgi.com.au)
[06:03:26] *** Quits: Stannum (~Robotroni@82-197-195-74.dsl.cambrium.nl) ()
[06:07:48] *** Joins: dGr8LookinSparky (~dGr8Looki@unaffiliated/dgr8lookinsparky)
[06:22:26] *** Quits: StalKermit (~StalKermi@unaffiliated/stalkermit) (Read error: Connection reset by peer)
[07:07:59] *** Quits: Undeference (~msk@2001:470:1f07:1427:445:33e5:494b:7f84) (Ping timeout: 240 seconds)
[07:08:39] *** Joins: Undeference (~msk@2001:470:1f07:1427:445:33e5:494b:7f84)
[07:19:06] *** Quits: ZdrytchX (~zdrytchx@27-33-98-203.static.tpgi.com.au) (Read error: Connection reset by peer)
[07:33:50] *** Joins: ZdrytchX (~zdrytchx@27-33-98-203.static.tpgi.com.au)
[08:20:13] *** Quits: ZdrytchX (~zdrytchx@27-33-98-203.static.tpgi.com.au) (Quit: 404 IIRC, IRC NOT FOUND)
[08:35:19] *** Joins: jackforward (~jack@p200300700D4BDFDD1CCA3C137614DB7E.dip0.t-ipconnect.de)
[10:57:40] *** Quits: Lord^Anubis (~anubis@unaffiliated/lordanubis/x-837129) (Remote host closed the connection)
[11:44:30] *** Joins: ImQ009 (~ImQ009@unaffiliated/imq009)
[12:03:31] *** Quits: Undeference (~msk@2001:470:1f07:1427:445:33e5:494b:7f84) (Quit: Leaving.)
[12:17:47] *** Joins: Who-[Soup[ (~soup@p57A51803.dip0.t-ipconnect.de)
[12:19:22] *** Quits: Who-[Soup] (~soup@p57A51803.dip0.t-ipconnect.de) (Ping timeout: 260 seconds)
[12:22:35] *** Quits: ImQ009 (~ImQ009@unaffiliated/imq009) (Quit: Leaving)
[12:24:13] *** Joins: ImQ009 (~ImQ009@unaffiliated/imq009)
[12:26:37] *** Quits: ImQ009 (~ImQ009@unaffiliated/imq009) (Client Quit)
[12:30:03] *** Joins: ImQ009 (~ImQ009@unaffiliated/imq009)
[12:33:15] *** Joins: Lord^Anubis (~anubis@unaffiliated/lordanubis/x-837129)
[12:44:25] *** Joins: StalKermit (~StalKermi@unaffiliated/stalkermit)
[12:49:18] *** Quits: StalKermit (~StalKermi@unaffiliated/stalkermit) (Ping timeout: 255 seconds)
[13:36:48] *** Quits: Forty-3 (~kvirc@pool-71-191-219-16.washdc.fios.verizon.net) (Ping timeout: 265 seconds)
[13:38:40] *** Joins: StalKermit (~StalKermi@unaffiliated/stalkermit)
[15:05:44] *** Joins: shhx (~shhx@80.64.134.37.dynamic.jazztel.es)
[15:34:15] *** Quits: Volt (~Volt@pool-108-31-26-17.washdc.fios.verizon.net) (Ping timeout: 265 seconds)
[16:18:52] *** Quits: Lord^Anubis (~anubis@unaffiliated/lordanubis/x-837129) (Read error: Connection reset by peer)
[16:19:05] *** Joins: Lord^Anubis (~anubis@cpe-65-190-218-113.ec.res.rr.com)
[16:19:05] *** Quits: Lord^Anubis (~anubis@cpe-65-190-218-113.ec.res.rr.com) (Changing host)
[16:19:05] *** Joins: Lord^Anubis (~anubis@unaffiliated/lordanubis/x-837129)
[16:38:32] *** Joins: Stannum (~Robotroni@82-197-195-74.dsl.cambrium.nl)
[16:46:54] *** Quits: Samual (~Samual@xonotic/core-team/Samual) (Ping timeout: 255 seconds)
[17:14:43] *** Joins: silesm_ (~sid523@nat-fw1.scl3.mozilla.com)
[17:15:51] *** Joins: Ingar_ (~ingar@94-224-85-244.access.telenet.be)
[17:17:07] *** Quits: silesm (~sid523@2620:101:8016:74::4:20b) (Ping timeout: 240 seconds)
[17:17:09] *** Quits: Ingar (~ingar@94-224-85-244.access.telenet.be) (Ping timeout: 240 seconds)
[17:17:11] *** Quits: jotik (~7f000001@unaffiliated/jotik) (Ping timeout: 240 seconds)
[17:17:30] *** silesm_ is now known as silesm
[17:17:53] *** Joins: jotik (~7f000001@unaffiliated/jotik)
[17:20:07] *** Ingar_ is now known as Ingar
[17:26:07] *** Joins: Samual (~Samual@xonotic/core-team/Samual)
[18:10:44] *** Joins: cu-kai (~cu-kai@unaffiliated/cu-kai)
[20:26:10] *** Quits: Ingar (~ingar@94-224-85-244.access.telenet.be) (Ping timeout: 240 seconds)
[20:28:19] *** Joins: Ingar (~ingar@94-224-85-244.access.telenet.be)
[20:48:18] *** Quits: jackforward (~jack@p200300700D4BDFDD1CCA3C137614DB7E.dip0.t-ipconnect.de) (Ping timeout: 246 seconds)
[21:01:19] *** Joins: jackforward (~jack@p200300700D4BDFCF1CCA3C137614DB7E.dip0.t-ipconnect.de)
[21:11:33] *** Joins: Undeference (~msk@2001:470:1f07:1427:294e:1485:4bbb:fd9b)
[21:49:19] *** Quits: Ingar (~ingar@94-224-85-244.access.telenet.be) (Ping timeout: 265 seconds)
[21:50:51] *** Joins: Ingar (~ingar@94-224-85-244.access.telenet.be)
[21:50:53] *** Quits: ImQ009 (~ImQ009@unaffiliated/imq009) (Quit: Leaving)
[21:56:12] *** Quits: shhx (~shhx@80.64.134.37.dynamic.jazztel.es) (Ping timeout: 246 seconds)
[22:10:27] *** Quits: jackforward (~jack@p200300700D4BDFCF1CCA3C137614DB7E.dip0.t-ipconnect.de) (Quit: Ex-Chat)
[22:14:07] *** Joins: shhx (~shhx@80.64.134.37.dynamic.jazztel.es)
[22:29:50] *** Joins: mbe7000 (~androirc@pla78-2-82-240-52-3.fbx.proxad.net)
[22:30:09] *** Quits: shhx (~shhx@80.64.134.37.dynamic.jazztel.es) (Ping timeout: 246 seconds)
[22:41:26] *** Joins: Norfenstein (~Norfenste@tremulous/developer/Norfenstein)
[22:41:26] *** ChanServ sets mode: +o Norfenstein
[22:45:06] *** Quits: mbe7000 (~androirc@pla78-2-82-240-52-3.fbx.proxad.net) (Remote host closed the connection)
[23:02:49] *** Quits: Norfenstein (~Norfenste@tremulous/developer/Norfenstein) (Remote host closed the connection)
[23:07:15] *** Joins: shhx (~shhx@80.64.134.37.dynamic.jazztel.es)
[23:10:23] *** Quits: Who-[Soup[ (~soup@p57A51803.dip0.t-ipconnect.de) (Ping timeout: 264 seconds)
[23:15:28] *** Joins: Who-[Soup] (~soup@p57A517E1.dip0.t-ipconnect.de)
[23:55:53] *** Joins: Forty-3 (~kvirc@pool-71-191-219-16.washdc.fios.verizon.net)
[23:56:03] *** Joins: daniel (~daniel@220-253-90-240.dyn.iinet.net.au)
[23:56:03] *** daniel is now known as Guest70174
[23:56:29] *** Guest70174 is now known as danmal_blarghh
[23:57:27] *** Quits: cu-kai (~cu-kai@unaffiliated/cu-kai) (Quit: Leaving)
