[00:10:02] *** Quits: jackforward (~jack@p200300700D32715DD933317D16E52DD3.dip0.t-ipconnect.de) (Quit: Ex-Chat)
[00:22:24] *** Quits: Undeference (~msk@2001:470:1f07:1427:8922:226:6db8:5722) (Quit: Leaving.)
[04:43:45] *** Quits: Norfenstein (~Norfenste@tremulous/developer/Norfenstein) (Remote host closed the connection)
[05:07:42] *** Joins: shhx (~shhx@94.65.134.37.dynamic.jazztel.es)
[05:23:29] *** Quits: Stannum (~Robotroni@82-197-195-74.dsl.cambrium.nl) ()
[05:42:50] *** Quits: shhx (~shhx@94.65.134.37.dynamic.jazztel.es) (Quit: Leaving)
[06:18:08] *** Quits: Who-[Soup] (~soup@p57A5190F.dip0.t-ipconnect.de) (Ping timeout: 268 seconds)
[06:21:45] *** Joins: Who-[Soup] (~soup@p57A50638.dip0.t-ipconnect.de)
[06:39:49] *** Quits: StalKermit (~StalKermi@unaffiliated/stalkermit) (Read error: Connection reset by peer)
[06:59:09] *** Joins: Dan39 (~dan@unaffiliated/dan39)
[07:01:38] <Dan39> o it is under active development, is it?
[07:01:44] <Dan39> fooled me :P
[07:06:26] <kharnov> it is not
[07:50:23] *** Joins: dibblego (~dibblego@haskell/developer/dibblego)
[09:49:11] *** Joins: jackforward (~jack@p200300700D32715D94C07EA5D38AE8D2.dip0.t-ipconnect.de)
[10:47:40] *** Joins: ZdrytchX (~zdrytchx@27-33-98-203.static.tpgi.com.au)
[12:03:58] *** Joins: StalKermit (~StalKermi@unaffiliated/stalkermit)
[15:05:07] *** Quits: ZdrytchX (~zdrytchx@27-33-98-203.static.tpgi.com.au) (Read error: Connection reset by peer)
[15:13:21] *** Joins: Norfenstein (~Norfenste@tremulous/developer/Norfenstein)
[15:13:21] *** ChanServ sets mode: +o Norfenstein
[15:33:36] *** Parts: dibblego (~dibblego@haskell/developer/dibblego) ("λ")
[16:30:09] *** Joins: Stannum (~Robotroni@82-197-195-74.dsl.cambrium.nl)
[16:40:06] *** Joins: xali (~smuxi@2a02:8108:9c40:413c:e23f:49ff:fe49:94be)
[16:40:20] <xali> hi
[16:40:25] <xali> is the master server down?
[16:41:05] <xali> just compiled 1.2.0 and eager to play
[16:43:23] <xali> master.tremulous.net resolved to 109.237.26.52:30710
[16:43:24] <xali> 0 servers parsed (total 0)
[16:43:24] <xali> 0 servers listed in browser with 0 players.
[17:15:40] <xali> is tremulous dead or is there really no package with a 1.2 binary + .pk3 files?
[17:15:40] <xali> i compiled 1.2, took the data files from an rpm and still cant run trem because i dont have the vm in the pk3 file?
[17:19:23] <kharnov> how are you compiling a non-existent release
[17:19:26] <kharnov> or do you mean GPP
[17:21:39] <cu-kai> i'd just download the release client
[17:22:23] <cu-kai> xali, new-edge.org / we're still pretty active (though no players as of late)
[17:50:30] *** Joins: Galatasaray (~Xfce@unaffiliated/galatasaray)
[17:50:57] *** Parts: Galatasaray (~Xfce@unaffiliated/galatasaray) ()
[17:56:44] <xali> i compiled from git
[17:56:45] <xali> https://github.com/darklegion/tremulous
[17:57:09] <xali> which one is the release client? 1.1?
[18:00:19] <jkent> if you use git, you'd want to use the "gpp" branch (its compatible with gpp QVMs), *but* there are very few servers supporting protocol 71 at the moment, most servers are protocol 69 (1.1) and 70 (gpp)
[18:00:59] *** Quits: illwieckz (~illwieckz@unvanquished/developer/illwieckz) (Ping timeout: 240 seconds)
[18:13:51] <xali> i compiled the gpp branch and it doesnt run either, "----- Client Shutdown (Client fatal crashed: VM_Create on UI failed) -----"
[18:13:51] <xali> when did it get so hard to run trem? i would even run a ded server to revive this great game!
[18:14:46] *** Joins: illwieckz (~illwieckz@unvanquished/developer/illwieckz)
[18:20:39] <jkent> you have the gpp assets as well as the 1.1 assets, correct?
[19:39:05] *** Quits: jackforward (~jack@p200300700D32715D94C07EA5D38AE8D2.dip0.t-ipconnect.de) (Quit: Ex-Chat)
[22:14:35] *** Joins: XeR (~xer@suicune.forgotten-legends.org)
[23:33:40] *** Joins: cron1 (~cron@c-68-53-95-132.hsd1.tn.comcast.net)
[23:35:55] *** Joins: jkent_ (~jkent@173-22-54-147.client.mchsi.com)
[23:35:57] *** Joins: Lakitu7_ (~Lakitu7@tremulous/developer/Lakitu7)
[23:35:57] *** ChanServ sets mode: +o Lakitu7_
[23:43:02] *** Quits: Lakitu7 (~Lakitu7@tremulous/developer/Lakitu7) (*.net *.split)
[23:43:03] *** Quits: cron (~cron@unaffiliated/cron) (*.net *.split)
[23:43:03] *** Quits: jkent (~jkent@173-22-54-147.client.mchsi.com) (*.net *.split)
