[00:15:01] *** Joins: shhx_ (~shhx@80.64.134.37.dynamic.jazztel.es)
[00:18:35] *** Quits: shhx (~shhx@80.64.134.37.dynamic.jazztel.es) (Ping timeout: 265 seconds)
[00:20:15] *** Joins: shhx__ (~shhx@77.209.81.245)
[00:23:34] *** Quits: shhx_ (~shhx@80.64.134.37.dynamic.jazztel.es) (Read error: Connection reset by peer)
[00:23:43] *** Joins: shhx (~shhx@80.64.134.37.dynamic.jazztel.es)
[00:26:26] *** Quits: shhx__ (~shhx@77.209.81.245) (Ping timeout: 272 seconds)
[00:26:29] *** Joins: shhx_ (~shhx@80.64.134.37.dynamic.jazztel.es)
[00:30:52] *** Quits: shhx (~shhx@80.64.134.37.dynamic.jazztel.es) (Ping timeout: 272 seconds)
[00:46:27] *** Quits: Norfenstein (~Norfenste@tremulous/developer/Norfenstein) (Remote host closed the connection)
[01:22:36] *** Quits: dGr8LookinSparky (~dGr8Looki@unaffiliated/dgr8lookinsparky) (Read error: Connection reset by peer)
[01:30:21] *** Joins: dGr8LookinSparky (~dGr8Looki@unaffiliated/dgr8lookinsparky)
[01:31:03] *** Quits: cu-kai (~cu-kai@unvanquished/developer/cu-kai) (Quit: Leaving)
[01:36:59] *** Quits: shhx_ (~shhx@80.64.134.37.dynamic.jazztel.es) (Read error: Connection reset by peer)
[02:19:35] *** Quits: Undeference (~msk@2001:470:1f07:1427:6825:e325:7261:e1e2) (Ping timeout: 240 seconds)
[02:33:19] *** Joins: Undeference (~msk@2001:470:1f07:1427:f544:4e8a:ef15:37e)
[02:58:30] *** Quits: taiyo (~taiyo@i-83-67-10-10.freedom2surf.net) (Remote host closed the connection)
[02:59:58] *** Joins: taiyo (~taiyo@i-83-67-10-10.freedom2surf.net)
[03:19:16] *** Quits: taiyo (~taiyo@i-83-67-10-10.freedom2surf.net) (Quit: Konversation terminated!)
[03:20:11] *** Joins: taiyo (~taiyo@i-83-67-10-10.freedom2surf.net)
[04:13:42] *** Quits: Who-[Soup] (~soup@p57A51D9C.dip0.t-ipconnect.de) (Ping timeout: 260 seconds)
[04:17:33] *** Joins: Who-[Soup] (~soup@p57A5104E.dip0.t-ipconnect.de)
[06:25:03] *** Quits: illwieckz (~illwieckz@unvanquished/developer/illwieckz) (Read error: Connection reset by peer)
[06:27:40] *** Joins: illwieckz (~illwieckz@unvanquished/developer/illwieckz)
[07:20:44] *** Quits: Lord^Anubis (~anubis@unaffiliated/lordanubis/x-837129) (Remote host closed the connection)
[07:35:22] *** Joins: khalsa (~Gursikh@vc3.techmight.com)
[07:36:07] *** Parts: khalsa (~Gursikh@vc3.techmight.com) ()
[08:29:54] *** Joins: ImQ009 (~ImQ009@unaffiliated/imq009)
[08:32:55] *** Joins: jackforward (~jack@p200300700D4BDF013441687E5A94ACE1.dip0.t-ipconnect.de)
[09:15:34] *** Quits: Undeference (~msk@2001:470:1f07:1427:f544:4e8a:ef15:37e) (Quit: Leaving.)
[09:29:32] *** Quits: dGr8LookinSparky (~dGr8Looki@unaffiliated/dgr8lookinsparky) (Quit: Leaving)
[09:35:48] *** Joins: ZdrytchX (~zdrytchx@27-33-98-203.static.tpgi.com.au)
[10:44:10] *** Quits: illwieckz (~illwieckz@unvanquished/developer/illwieckz) (Remote host closed the connection)
[10:47:28] *** Joins: illwieckz (~illwieckz@AToulon-256-1-162-125.w83-113.abo.wanadoo.fr)
[10:47:28] *** Quits: illwieckz (~illwieckz@AToulon-256-1-162-125.w83-113.abo.wanadoo.fr) (Changing host)
[10:47:29] *** Joins: illwieckz (~illwieckz@unvanquished/developer/illwieckz)
[13:35:53] *** Joins: dGr8LookinSparky (~dGr8Looki@unaffiliated/dgr8lookinsparky)
[14:22:15] *** Quits: jackforward (~jack@p200300700D4BDF013441687E5A94ACE1.dip0.t-ipconnect.de) (Ping timeout: 240 seconds)
[14:48:21] *** Joins: StalKermit (~StalKermi@unaffiliated/stalkermit)
[15:46:02] *** Joins: cu-kai (~cu-kai@host-2-103-222-71.as13285.net)
[15:46:02] *** Quits: cu-kai (~cu-kai@host-2-103-222-71.as13285.net) (Changing host)
[15:46:02] *** Joins: cu-kai (~cu-kai@unvanquished/developer/cu-kai)
[15:58:19] *** Quits: ImQ009 (~ImQ009@unaffiliated/imq009) (Read error: Connection reset by peer)
[17:08:27] *** Joins: ImQ009 (~ImQ009@unaffiliated/imq009)
[17:33:40] *** Joins: Stannum (~Robotroni@82-197-195-74.dsl.cambrium.nl)
[17:54:51] *** Joins: jackforward (~jack@p200300700D4BDF017D9932DDB5DBE549.dip0.t-ipconnect.de)
[18:04:09] *** Joins: shhx (~shhx@80.64.134.37.dynamic.jazztel.es)
[19:10:14] *** Quits: ZdrytchX (~zdrytchx@27-33-98-203.static.tpgi.com.au) (Quit: 404 IIRC, IRC NOT FOUND)
[19:17:19] *** Quits: shhx (~shhx@80.64.134.37.dynamic.jazztel.es) (Ping timeout: 265 seconds)
[19:30:54] *** Joins: Forty-3 (~kvirc@pool-173-73-95-235.washdc.fios.verizon.net)
[20:13:23] *** Quits: StalKermit (~StalKermi@unaffiliated/stalkermit) (Ping timeout: 265 seconds)
[20:49:55] *** Quits: jackforward (~jack@p200300700D4BDF017D9932DDB5DBE549.dip0.t-ipconnect.de) (Ping timeout: 240 seconds)
[21:02:36] *** Joins: jackforward (~jack@p200300700D4BDFBE7D9932DDB5DBE549.dip0.t-ipconnect.de)
[22:30:55] *** Joins: shhx (~shhx@80.64.134.37.dynamic.jazztel.es)
[22:43:35] *** Joins: Norfenstein (~Norfenste@tremulous/developer/Norfenstein)
[22:43:35] *** ChanServ sets mode: +o Norfenstein
[22:48:51] *** Quits: jackforward (~jack@p200300700D4BDFBE7D9932DDB5DBE549.dip0.t-ipconnect.de) (Quit: Ex-Chat)
[23:12:20] *** Joins: Lord^Anubis (~anubis@cpe-65-190-218-113.ec.res.rr.com)
[23:12:20] *** Quits: Lord^Anubis (~anubis@cpe-65-190-218-113.ec.res.rr.com) (Changing host)
[23:12:20] *** Joins: Lord^Anubis (~anubis@unaffiliated/lordanubis/x-837129)
[23:34:04] *** Quits: cu-kai (~cu-kai@unvanquished/developer/cu-kai) (Quit: Leaving)
[23:54:14] *** Quits: Norfenstein (~Norfenste@tremulous/developer/Norfenstein) (Read error: Connection reset by peer)
[23:54:24] *** Joins: Norfenstein (~Norfenste@tremulous/developer/Norfenstein)
[23:54:24] *** ChanServ sets mode: +o Norfenstein
