[00:04:46] *** Quits: illwieckz (~illwieckz@unvanquished/developer/illwieckz) (Ping timeout: 260 seconds)
[00:40:35] *** Joins: illwieckz (~illwieckz@unvanquished/developer/illwieckz)
[01:28:53] *** Quits: shhx (~shhx@97.65.134.37.dynamic.jazztel.es) (Ping timeout: 265 seconds)
[01:33:15] *** Quits: Lakitu7 (~Lakitu7@tremulous/developer/Lakitu7) (Ping timeout: 240 seconds)
[01:58:25] *** Joins: Lakitu7 (~Lakitu7@tremulous/developer/Lakitu7)
[01:58:25] *** ChanServ sets mode: +o Lakitu7
[02:02:35] *** Quits: silesm (~sid523@2620:101:8016:74::4:20b) (Ping timeout: 260 seconds)
[02:15:47] *** Quits: Gireen (~gireen@unvanquished/developer/gireen) (Ping timeout: 264 seconds)
[02:22:46] *** Joins: Gireen (~gireen@unvanquished/developer/gireen)
[03:07:35] *** Joins: silesm (~sid523@2620:101:8016:74::4:20b)
[03:36:23] *** Joins: rhez (~rhez@CPE00fc8db1c1e3-CM00fc8db1c1e0.cpe.net.cable.rogers.com)
[03:51:52] *** Quits: rhez (~rhez@CPE00fc8db1c1e3-CM00fc8db1c1e0.cpe.net.cable.rogers.com) (Remote host closed the connection)
[03:52:14] *** Quits: Norfenstein (~Norfenste@tremulous/developer/Norfenstein) (Quit: Norfenstein)
[03:59:38] *** Joins: rhez (~rhez@CPE00fc8db1c1e3-CM00fc8db1c1e0.cpe.net.cable.rogers.com)
[04:22:06] *** Quits: rhez (~rhez@CPE00fc8db1c1e3-CM00fc8db1c1e0.cpe.net.cable.rogers.com) (Ping timeout: 240 seconds)
[04:22:44] *** Joins: rhez (~rhez@CPE00fc8db1c1e3-CM00fc8db1c1e0.cpe.net.cable.rogers.com)
[04:24:32] *** Quits: Ingar (~ingar@94-224-85-244.access.telenet.be) (Ping timeout: 276 seconds)
[04:27:47] *** Quits: rhez (~rhez@CPE00fc8db1c1e3-CM00fc8db1c1e0.cpe.net.cable.rogers.com) (Ping timeout: 276 seconds)
[04:29:25] *** Joins: rhez (~rhez@CPE00fc8db1c1e3-CM00fc8db1c1e0.cpe.net.cable.rogers.com)
[04:42:30] *** Quits: rhez (~rhez@CPE00fc8db1c1e3-CM00fc8db1c1e0.cpe.net.cable.rogers.com) (Ping timeout: 250 seconds)
[04:43:07] *** Joins: rhez (~rhez@CPE00fc8db1c1e3-CM00fc8db1c1e0.cpe.net.cable.rogers.com)
[04:47:46] *** Quits: rhez (~rhez@CPE00fc8db1c1e3-CM00fc8db1c1e0.cpe.net.cable.rogers.com) (Ping timeout: 250 seconds)
[04:48:19] *** Joins: rhez (~rhez@CPE00fc8db1c1e3-CM00fc8db1c1e0.cpe.net.cable.rogers.com)
[04:52:51] *** Quits: rhez (~rhez@CPE00fc8db1c1e3-CM00fc8db1c1e0.cpe.net.cable.rogers.com) (Ping timeout: 265 seconds)
[04:53:23] *** Joins: rhez (~rhez@CPE00fc8db1c1e3-CM00fc8db1c1e0.cpe.net.cable.rogers.com)
[04:57:14] *** Quits: rhez (~rhez@CPE00fc8db1c1e3-CM00fc8db1c1e0.cpe.net.cable.rogers.com) (Client Quit)
[05:07:17] *** Joins: rhez (~rhez@CPE00fc8db1c1e3-CM00fc8db1c1e0.cpe.net.cable.rogers.com)
[05:44:48] *** Joins: Ingar (~ingar@94-224-85-244.access.telenet.be)
[06:06:48] *** Joins: Undeference (~msk@2001:470:1f07:1427:ddf5:74c3:d623:ce5a)
[06:21:15] *** Quits: rhez (~rhez@CPE00fc8db1c1e3-CM00fc8db1c1e0.cpe.net.cable.rogers.com) (Remote host closed the connection)
[06:26:46] *** Quits: StalKermit (~StalKermi@unaffiliated/stalkermit) (Read error: Connection reset by peer)
[06:43:42] *** Joins: rhez (~rhez@CPE00fc8db1c1e3-CM00fc8db1c1e0.cpe.net.cable.rogers.com)
[06:49:10] *** Quits: rhez (~rhez@CPE00fc8db1c1e3-CM00fc8db1c1e0.cpe.net.cable.rogers.com) (Remote host closed the connection)
[08:18:30] *** Joins: ImQ009 (~ImQ009@unaffiliated/imq009)
[08:44:00] *** Quits: djazz (~djazz@78-72-44-191-no186.tbcn.telia.com) (Ping timeout: 264 seconds)
[08:44:15] *** Joins: djazz (~djazz@78-72-44-191-no186.tbcn.telia.com)
[09:35:43] *** Joins: jackforward (~jack@p4FFCD521.dip0.t-ipconnect.de)
[10:59:34] *** Joins: ZdrytchX (~zdrytchx@27-33-98-203.static.tpgi.com.au)
[11:10:17] *** Joins: djazz` (~djazz@78-72-44-191-no186.tbcn.telia.com)
[11:12:40] *** Quits: djazz (~djazz@78-72-44-191-no186.tbcn.telia.com) (Ping timeout: 260 seconds)
[11:14:50] *** djazz` is now known as djazz
[11:43:16] *** Joins: shhx (~shhx@97.65.134.37.dynamic.jazztel.es)
[11:58:16] *** Quits: Undeference (~msk@2001:470:1f07:1427:ddf5:74c3:d623:ce5a) (Quit: Leaving.)
[13:00:44] *** Joins: rhez (~rhez@CPE00fc8db1c1e3-CM00fc8db1c1e0.cpe.net.cable.rogers.com)
[13:31:56] *** Quits: rhez (~rhez@CPE00fc8db1c1e3-CM00fc8db1c1e0.cpe.net.cable.rogers.com) (Remote host closed the connection)
[14:29:38] *** Joins: StalKermit (~StalKermi@unaffiliated/stalkermit)
[15:01:35] *** Joins: rhez (~rhez@utmuser173-51.wireless.utoronto.ca)
[15:39:47] *** Quits: rhez (~rhez@utmuser173-51.wireless.utoronto.ca) (Remote host closed the connection)
[15:51:24] *** Joins: rhez (~rhez@utmuser173-51.wireless.utoronto.ca)
[15:52:58] *** Quits: ImQ009 (~ImQ009@unaffiliated/imq009) (Quit: Leaving)
[16:03:34] *** Quits: rhez (~rhez@utmuser173-51.wireless.utoronto.ca) (Remote host closed the connection)
[16:38:09] *** Joins: djazz` (~djazz@78-72-44-191-no186.tbcn.telia.com)
[16:39:42] *** Quits: djazz (~djazz@78-72-44-191-no186.tbcn.telia.com) (Ping timeout: 272 seconds)
[17:00:15] *** djazz` is now known as djazz
[17:12:00] *** Quits: tehpaper (~fddsfsd@97-97-249-206.res.bhn.net) (Ping timeout: 260 seconds)
[17:12:34] *** Joins: tehpaper (~fddsfsd@97-97-249-206.res.bhn.net)
[17:36:10] *** Joins: rhez (~rhez@CPE00fc8db1c1e3-CM00fc8db1c1e0.cpe.net.cable.rogers.com)
[17:37:02] *** Quits: rhez (~rhez@CPE00fc8db1c1e3-CM00fc8db1c1e0.cpe.net.cable.rogers.com) (Remote host closed the connection)
[17:38:33] *** Joins: ImQ009 (~ImQ009@unaffiliated/imq009)
[17:44:47] *** Joins: rhez (~rhez@CPE00fc8db1c1e3-CM00fc8db1c1e0.cpe.net.cable.rogers.com)
[18:04:36] *** Quits: ImQ009 (~ImQ009@unaffiliated/imq009) (Ping timeout: 248 seconds)
[18:10:13] *** Quits: rhez (~rhez@CPE00fc8db1c1e3-CM00fc8db1c1e0.cpe.net.cable.rogers.com) (Remote host closed the connection)
[18:17:03] *** Quits: ZdrytchX (~zdrytchx@27-33-98-203.static.tpgi.com.au) (Read error: Connection reset by peer)
[18:30:12] *** Joins: rhez (~rhez@CPE00fc8db1c1e3-CM00fc8db1c1e0.cpe.net.cable.rogers.com)
[19:11:24] *** Quits: rhez (~rhez@CPE00fc8db1c1e3-CM00fc8db1c1e0.cpe.net.cable.rogers.com) (Remote host closed the connection)
[19:12:23] *** Joins: rhez (~rhez@CPE00fc8db1c1e3-CM00fc8db1c1e0.cpe.net.cable.rogers.com)
[19:18:58] *** Joins: ImQ009 (~ImQ009@unaffiliated/imq009)
[19:37:06] *** Quits: Who-[Soup] (~soup@p57A51E30.dip0.t-ipconnect.de) (Ping timeout: 240 seconds)
[19:41:18] *** Joins: Who-[Soup] (~soup@p57A50536.dip0.t-ipconnect.de)
[20:25:05] *** Quits: Ingar (~ingar@94-224-85-244.access.telenet.be) (Ping timeout: 260 seconds)
[20:26:22] *** Joins: Ingar (~ingar@94-224-85-244.access.telenet.be)
[20:50:05] *** Quits: rhez (~rhez@CPE00fc8db1c1e3-CM00fc8db1c1e0.cpe.net.cable.rogers.com) (Remote host closed the connection)
[21:22:32] *** Joins: Norfenstein (~Norfenste@tremulous/developer/Norfenstein)
[21:22:32] *** ChanServ sets mode: +o Norfenstein
[22:08:39] *** Quits: ImQ009 (~ImQ009@unaffiliated/imq009) (Quit: Leaving)
[23:09:13] *** Quits: jackforward (~jack@p4FFCD521.dip0.t-ipconnect.de) (Quit: Ex-Chat)
[23:31:46] *** Quits: illwieckz (~illwieckz@unvanquished/developer/illwieckz) (Ping timeout: 265 seconds)
[23:46:24] *** Joins: illwieckz (~illwieckz@unvanquished/developer/illwieckz)
