[00:19:09] *** Quits: jackforward (~jack@p4FFCD521.dip0.t-ipconnect.de) (Quit: Ex-Chat)
[00:41:19] *** Joins: McKey (~McK@ipv6.antyklay.pl)
[00:41:19] -leguin.freenode.net- [freenode-info] help freenode weed out clonebots -- please register your IRC nick and auto-identify: http://freenode.net/faq.shtml#nicksetup
[00:41:21] *** Server sets mode: +Ccnt 
[01:39:17] *** Quits: illwieckz (~illwieckz@unvanquished/developer/illwieckz) (Ping timeout: 255 seconds)
[02:18:46] *** Quits: shhx_ (~shhx@97.65.134.37.dynamic.jazztel.es) (Ping timeout: 240 seconds)
[02:21:16] *** Joins: Norfenstein (~Norfenste@tremulous/developer/Norfenstein)
[02:21:16] *** ChanServ sets mode: +o Norfenstein
[03:27:10] *** Joins: illwieckz (~illwieckz@AToulon-256-1-157-153.w83-113.abo.wanadoo.fr)
[03:27:10] *** Quits: illwieckz (~illwieckz@AToulon-256-1-157-153.w83-113.abo.wanadoo.fr) (Changing host)
[03:27:10] *** Joins: illwieckz (~illwieckz@unvanquished/developer/illwieckz)
[03:30:13] *** Joins: shhx_ (~shhx@97.65.134.37.dynamic.jazztel.es)
[03:35:19] *** Quits: shhx_ (~shhx@97.65.134.37.dynamic.jazztel.es) (Read error: Connection reset by peer)
[04:23:24] *** Quits: Who-[Soup] (~soup@87.165.29.202) (Ping timeout: 272 seconds)
[04:26:51] *** Joins: Who-[Soup] (~soup@p57A50F9A.dip0.t-ipconnect.de)
[05:04:26] *** Quits: illwieckz (~illwieckz@unvanquished/developer/illwieckz) (Ping timeout: 256 seconds)
[05:17:58] *** Joins: illwieckz (~illwieckz@unvanquished/developer/illwieckz)
[05:57:35] *** Quits: illwieckz (~illwieckz@unvanquished/developer/illwieckz) (Ping timeout: 260 seconds)
[06:03:52] *** Joins: dGr8LookinSparky (~dGr8Looki@unaffiliated/dgr8lookinsparky)
[06:10:40] *** Joins: illwieckz (~illwieckz@unvanquished/developer/illwieckz)
[06:10:45] *** Quits: StalKermit (~StalKermi@unaffiliated/stalkermit) (Read error: Connection reset by peer)
[06:13:31] *** Quits: Norfenstein (~Norfenste@tremulous/developer/Norfenstein) (Remote host closed the connection)
[06:34:35] *** Quits: rhez (~rhez@CPE00fc8db1c1e3-CM00fc8db1c1e0.cpe.net.cable.rogers.com) (Remote host closed the connection)
[06:54:44] *** Joins: Who-[Soup[ (~soup@p57A50F9A.dip0.t-ipconnect.de)
[06:56:22] *** Quits: Who-[Soup] (~soup@p57A50F9A.dip0.t-ipconnect.de) (Ping timeout: 265 seconds)
[09:46:49] *** Joins: jackforward (~jack@p4FFCD521.dip0.t-ipconnect.de)
[10:31:22] *** Quits: illwieckz (~illwieckz@unvanquished/developer/illwieckz) (Ping timeout: 272 seconds)
[10:43:34] *** Joins: illwieckz (~illwieckz@unvanquished/developer/illwieckz)
[11:01:30] *** Joins: shhx (~shhx@97.65.134.37.dynamic.jazztel.es)
[11:27:33] *** Joins: ImQ009 (~ImQ009@unaffiliated/imq009)
[11:33:15] *** Quits: illwieckz (~illwieckz@unvanquished/developer/illwieckz) (Ping timeout: 240 seconds)
[11:46:05] *** Joins: illwieckz (~illwieckz@unvanquished/developer/illwieckz)
[14:30:15] *** Joins: StalKermit (~StalKermi@unaffiliated/stalkermit)
[14:50:30] *** Quits: ImQ009 (~ImQ009@unaffiliated/imq009) (Quit: Leaving)
[14:51:58] *** Joins: ImQ009 (~ImQ009@unaffiliated/imq009)
[15:04:18] *** Joins: Norfenstein (~Norfenste@tremulous/developer/Norfenstein)
[15:04:19] *** ChanServ sets mode: +o Norfenstein
[15:27:26] *** Joins: rhez (~rhez@CPE00fc8db1c1e3-CM00fc8db1c1e0.cpe.net.cable.rogers.com)
[15:53:50] *** Quits: shhx (~shhx@97.65.134.37.dynamic.jazztel.es) (Ping timeout: 265 seconds)
[16:04:59] *** Quits: ImQ009 (~ImQ009@unaffiliated/imq009) (Quit: Leaving)
[16:09:08] *** Joins: ImQ009 (~ImQ009@unaffiliated/imq009)
[16:28:56] *** Joins: shhx (~shhx@97.65.134.37.dynamic.jazztel.es)
[16:32:59] *** Quits: philh (~phil@2a02:c7d:a343:9800:71e4:8b8:9cf:36d5) (Ping timeout: 255 seconds)
[16:56:31] *** Joins: Azle (~azle@com77-2-82-245-247-107.fbx.proxad.net)
[17:06:15] *** Quits: illwieckz (~illwieckz@unvanquished/developer/illwieckz) (Read error: Connection reset by peer)
[17:11:02] *** Joins: illwieckz (~illwieckz@AToulon-256-1-155-6.w83-113.abo.wanadoo.fr)
[17:11:02] *** Quits: illwieckz (~illwieckz@AToulon-256-1-155-6.w83-113.abo.wanadoo.fr) (Changing host)
[17:11:02] *** Joins: illwieckz (~illwieckz@unvanquished/developer/illwieckz)
[17:23:32] *** Quits: Azle (~azle@com77-2-82-245-247-107.fbx.proxad.net) (Remote host closed the connection)
[18:48:23] *** Quits: ImQ009 (~ImQ009@unaffiliated/imq009) (Quit: Leaving)
[19:49:40] *** Quits: tehpaper (~fddsfsd@97-97-249-206.res.bhn.net) (Read error: Connection reset by peer)
[19:50:10] *** Joins: tehpaper (~fddsfsd@97-97-249-206.res.bhn.net)
[20:12:30] *** Quits: tehpaper (~fddsfsd@97-97-249-206.res.bhn.net) (Quit: :::: ( UPP ) ::::)
[20:19:39] *** Joins: tehpaper (~fddsfsd@97-97-249-206.res.bhn.net)
[20:44:23] *** Quits: rhez (~rhez@CPE00fc8db1c1e3-CM00fc8db1c1e0.cpe.net.cable.rogers.com) (Remote host closed the connection)
[22:48:06] *** Joins: rhez (~rhez@CPE00fc8db1c1e3-CM00fc8db1c1e0.cpe.net.cable.rogers.com)
[22:51:31] *** Quits: rhez (~rhez@CPE00fc8db1c1e3-CM00fc8db1c1e0.cpe.net.cable.rogers.com) (Remote host closed the connection)
[22:58:28] *** Quits: illwieckz (~illwieckz@unvanquished/developer/illwieckz) (Remote host closed the connection)
[22:59:11] *** Joins: illwieckz (~illwieckz@AToulon-256-1-155-6.w83-113.abo.wanadoo.fr)
[22:59:11] *** Quits: illwieckz (~illwieckz@AToulon-256-1-155-6.w83-113.abo.wanadoo.fr) (Changing host)
[22:59:11] *** Joins: illwieckz (~illwieckz@unvanquished/developer/illwieckz)
[23:03:53] *** Quits: illwieckz (~illwieckz@unvanquished/developer/illwieckz) (Remote host closed the connection)
[23:17:04] *** Quits: Ingar (~ingar@94.224.85.244) (Ping timeout: 272 seconds)
[23:18:34] *** Joins: Ingar (~ingar@94-224-85-244.access.telenet.be)
[23:33:30] *** Joins: rhez (~rhez@CPE00fc8db1c1e3-CM00fc8db1c1e0.cpe.net.cable.rogers.com)
[23:34:12] *** Joins: illwieckz (~illwieckz@AToulon-256-1-155-6.w83-113.abo.wanadoo.fr)
[23:34:12] *** Quits: illwieckz (~illwieckz@AToulon-256-1-155-6.w83-113.abo.wanadoo.fr) (Changing host)
[23:34:12] *** Joins: illwieckz (~illwieckz@unvanquished/developer/illwieckz)
