[00:10:11] *** Quits: philh (~phil@2a02:c7d:a343:9800:e05e:1424:e7a4:6269) (Ping timeout: 255 seconds)
[01:42:11] *** Quits: dGr8LookinSparky (~dGr8Looki@unaffiliated/dgr8lookinsparky) (Ping timeout: 264 seconds)
[01:50:36] *** Quits: shhx (~shhx@97.65.134.37.dynamic.jazztel.es) (Ping timeout: 265 seconds)
[01:54:49] *** Joins: dGr8LookinSparky (~dGr8Looki@cpe-67-243-72-36.hvc.res.rr.com)
[01:54:49] *** Quits: dGr8LookinSparky (~dGr8Looki@cpe-67-243-72-36.hvc.res.rr.com) (Changing host)
[01:54:49] *** Joins: dGr8LookinSparky (~dGr8Looki@unaffiliated/dgr8lookinsparky)
[02:10:31] *** Joins: rhez (~rhez@CPE00fc8db1c1e3-CM00fc8db1c1e0.cpe.net.cable.rogers.com)
[02:24:47] *** Quits: Who-[Soup] (~soup@p57A50FB7.dip0.t-ipconnect.de) (Ping timeout: 264 seconds)
[02:28:31] *** Joins: Who-[Soup] (~soup@p57A5160C.dip0.t-ipconnect.de)
[04:11:38] *** Joins: Norfenstein (~Norfenste@tremulous/developer/Norfenstein)
[04:11:38] *** ChanServ sets mode: +o Norfenstein
[04:29:33] *** Quits: Norfenstein (~Norfenste@tremulous/developer/Norfenstein) (Remote host closed the connection)
[06:34:28] *** Quits: Undeference (~msk@2001:470:1f07:1427:84b:633b:7e7e:bbf6) (Ping timeout: 250 seconds)
[06:46:15] *** Quits: StalKermit (~StalKermi@unaffiliated/stalkermit) (Quit: I'm gone, man. Solid gone.)
[06:47:33] *** Joins: Undeference (~msk@2001:470:1f07:1427:318f:adc6:59a1:70d6)
[07:10:48] *** Quits: rhez (~rhez@CPE00fc8db1c1e3-CM00fc8db1c1e0.cpe.net.cable.rogers.com) (Quit: Gone With The Wind.)
[07:40:57] *** Joins: djazz` (~djazz@78-72-44-191-no186.tbcn.telia.com)
[07:42:54] *** Quits: djazz (~djazz@78-72-44-191-no186.tbcn.telia.com) (Ping timeout: 256 seconds)
[07:50:28] *** djazz` is now known as djazz
[08:12:38] *** Joins: djazz` (~djazz@78-72-44-191-no186.tbcn.telia.com)
[08:14:44] *** Quits: djazz (~djazz@78-72-44-191-no186.tbcn.telia.com) (Ping timeout: 276 seconds)
[08:32:36] *** Joins: ImQ009 (~ImQ009@unaffiliated/imq009)
[09:03:42] *** djazz` is now known as djazz
[09:21:57] *** Quits: tehpaper (~fddsfsd@97-97-249-206.res.bhn.net) (Quit: :::: ( UPP ) ::::)
[09:31:55] *** Quits: djazz (~djazz@78-72-44-191-no186.tbcn.telia.com) (Ping timeout: 240 seconds)
[09:32:26] *** Joins: djazz (~djazz@78-72-44-191-no186.tbcn.telia.com)
[11:52:38] *** Quits: Gireen (~gireen@unvanquished/developer/gireen) (Ping timeout: 255 seconds)
[11:53:01] *** Joins: Gireen (~gireen@unvanquished/developer/gireen)
[11:57:33] *** Joins: jackforward (~jack@p4FFCD521.dip0.t-ipconnect.de)
[12:58:15] *** Joins: shhx (~shhx@97.65.134.37.dynamic.jazztel.es)
[13:02:24] *** Quits: Undeference (~msk@2001:470:1f07:1427:318f:adc6:59a1:70d6) (Quit: Leaving.)
[13:42:38] *** Quits: dGr8LookinSparky (~dGr8Looki@unaffiliated/dgr8lookinsparky) (Quit: Leaving)
[14:41:14] *** Joins: StalKermit (~StalKermi@unaffiliated/stalkermit)
[14:41:31] *** Quits: shhx (~shhx@97.65.134.37.dynamic.jazztel.es) (Ping timeout: 265 seconds)
[14:58:35] *** Joins: tehpaper (~fddsfsd@97-97-249-206.res.bhn.net)
[15:15:27] *** Joins: shhx (~shhx@97.65.134.37.dynamic.jazztel.es)
[15:49:13] *** Quits: ImQ009 (~ImQ009@unaffiliated/imq009) (Quit: Leaving)
[17:06:57] *** Joins: Norfenstein (~Norfenste@tremulous/developer/Norfenstein)
[17:06:57] *** ChanServ sets mode: +o Norfenstein
[17:09:41] *** Joins: ImQ009 (~ImQ009@unaffiliated/imq009)
[17:12:13] *** Quits: ImQ009 (~ImQ009@unaffiliated/imq009) (Client Quit)
[17:15:56] *** Joins: ImQ009 (~ImQ009@unaffiliated/imq009)
[19:34:46] *** Quits: Who-[Soup] (~soup@p57A5160C.dip0.t-ipconnect.de) (Ping timeout: 240 seconds)
[19:38:58] *** Joins: Who-[Soup] (~soup@p57A5178E.dip0.t-ipconnect.de)
[21:38:11] *** Quits: ImQ009 (~ImQ009@unaffiliated/imq009) (Quit: Leaving)
[21:58:56] *** Quits: shhx (~shhx@97.65.134.37.dynamic.jazztel.es) (Ping timeout: 265 seconds)
[22:01:47] *** Joins: Undeference (~msk@2001:470:1f07:1427:44dc:b527:20c8:158b)
[22:05:27] *** Joins: djazz` (~djazz@78-72-44-191-no186.tbcn.telia.com)
[22:06:26] *** Quits: djazz (~djazz@78-72-44-191-no186.tbcn.telia.com) (Ping timeout: 255 seconds)
[22:13:54] *** Quits: djazz` (~djazz@78-72-44-191-no186.tbcn.telia.com) (Ping timeout: 245 seconds)
[22:15:03] *** Joins: djazz (~djazz@78-72-44-191-no186.tbcn.telia.com)
[22:32:17] *** Quits: kharnov (~goatfan@unvanquished/developer/kharnov) (Ping timeout: 265 seconds)
[22:33:15] *** Quits: cu-kai (~cu-kai@unvanquished/developer/cu-kai) (Ping timeout: 260 seconds)
[22:36:28] *** Joins: cu-kai (~cu-kai@unvanquished/developer/cu-kai)
[22:36:53] *** Joins: kharnov (~goatfan@unvanquished/developer/kharnov)
[23:06:30] *** Joins: shhx (~shhx@97.65.134.37.dynamic.jazztel.es)
[23:53:19] *** Joins: rhez (~rhez@utmuser173-51.wireless.utoronto.ca)
