[00:40:23] *** Quits: jackforward (~jack@p4FFCD521.dip0.t-ipconnect.de) (Quit: Ex-Chat)
[01:04:48] *** Quits: DeathSkull (~DS@unaffiliated/deathskull) (Quit: Seeya)
[01:04:58] *** Joins: DeathSkull (~DS@cpe-184-59-135-174.neo.res.rr.com)
[01:04:59] *** Quits: DeathSkull (~DS@cpe-184-59-135-174.neo.res.rr.com) (Changing host)
[01:04:59] *** Joins: DeathSkull (~DS@unaffiliated/deathskull)
[01:06:17] *** Quits: DeathSkull (~DS@unaffiliated/deathskull) (Client Quit)
[01:06:26] *** Joins: DeathSkull (~DS@cpe-184-59-135-174.neo.res.rr.com)
[01:06:26] *** Quits: DeathSkull (~DS@cpe-184-59-135-174.neo.res.rr.com) (Changing host)
[01:06:26] *** Joins: DeathSkull (~DS@unaffiliated/deathskull)
[01:07:16] *** Quits: DeathSkull (~DS@unaffiliated/deathskull) (Client Quit)
[01:07:25] *** Joins: DeathSkull (~DS@cpe-184-59-135-174.neo.res.rr.com)
[01:07:25] *** Quits: DeathSkull (~DS@cpe-184-59-135-174.neo.res.rr.com) (Changing host)
[01:07:25] *** Joins: DeathSkull (~DS@unaffiliated/deathskull)
[02:12:32] *** Quits: DeathSkull (~DS@unaffiliated/deathskull) (Ping timeout: 250 seconds)
[02:45:54] *** Joins: rhez (~rhez@CPE00fc8db1c1e3-CM00fc8db1c1e0.cpe.net.cable.rogers.com)
[02:59:22] *** Quits: rhez (~rhez@CPE00fc8db1c1e3-CM00fc8db1c1e0.cpe.net.cable.rogers.com) (Remote host closed the connection)
[03:44:30] *** Joins: Undeference (~msk@2001:470:1f07:1427:9022:b5d6:f37f:529b)
[04:22:23] *** Joins: rhez (~rhez@CPE00fc8db1c1e3-CM00fc8db1c1e0.cpe.net.cable.rogers.com)
[04:45:04] *** Quits: djazz (~djazz@78-72-44-191-no186.tbcn.telia.com) (Ping timeout: 250 seconds)
[04:47:56] *** Joins: djazz (~djazz@78-72-44-191-no186.tbcn.telia.com)
[05:05:01] *** Quits: Norfenstein (~Norfenste@tremulous/developer/Norfenstein) (Remote host closed the connection)
[05:41:41] *** Quits: illwieckz (~illwieckz@unvanquished/developer/illwieckz) (Remote host closed the connection)
[06:31:04] *** Joins: DeathSkull (~DS@cpe-184-59-135-174.neo.res.rr.com)
[06:31:04] *** Quits: DeathSkull (~DS@cpe-184-59-135-174.neo.res.rr.com) (Changing host)
[06:31:04] *** Joins: DeathSkull (~DS@unaffiliated/deathskull)
[07:01:34] *** Quits: StalKermit (~StalKermi@unaffiliated/stalkermit) (Read error: Connection reset by peer)
[07:23:45] *** Joins: shhx (~shhx@240.66.134.37.dynamic.jazztel.es)
[07:33:49] *** Quits: shhx (~shhx@240.66.134.37.dynamic.jazztel.es) (Read error: Connection reset by peer)
[08:20:43] *** Quits: DeathSkull (~DS@unaffiliated/deathskull) (Ping timeout: 265 seconds)
[08:53:53] *** Quits: rhez (~rhez@CPE00fc8db1c1e3-CM00fc8db1c1e0.cpe.net.cable.rogers.com) (Remote host closed the connection)
[09:28:14] *** Joins: rhez (~rhez@CPE00fc8db1c1e3-CM00fc8db1c1e0.cpe.net.cable.rogers.com)
[09:48:57] *** Quits: rhez (~rhez@CPE00fc8db1c1e3-CM00fc8db1c1e0.cpe.net.cable.rogers.com) (Remote host closed the connection)
[10:08:57] *** megatog_ is now known as megatog
[11:02:48] *** Joins: ImQ009 (~ImQ009@unaffiliated/imq009)
[11:45:06] *** Joins: DeathSkull (~DS@cpe-184-59-135-174.neo.res.rr.com)
[11:45:06] *** Quits: DeathSkull (~DS@cpe-184-59-135-174.neo.res.rr.com) (Changing host)
[11:45:06] *** Joins: DeathSkull (~DS@unaffiliated/deathskull)
[11:59:20] *** Joins: ZdrytchX (~zdrytchx@27-33-98-203.static.tpgi.com.au)
[13:03:15] *** Quits: djazz (~djazz@78-72-44-191-no186.tbcn.telia.com) (Ping timeout: 240 seconds)
[13:04:07] *** Joins: djazz (~djazz@78-72-44-191-no186.tbcn.telia.com)
[13:41:19] *** Quits: Undeference (~msk@2001:470:1f07:1427:9022:b5d6:f37f:529b) (Quit: Leaving.)
[14:12:35] *** Quits: DeathSkull (~DS@unaffiliated/deathskull) (Ping timeout: 265 seconds)
[15:55:12] *** Joins: StalKermit (~StalKermi@unaffiliated/stalkermit)
[16:10:08] *** Joins: Norfenstein (~Norfenste@tremulous/developer/Norfenstein)
[16:10:09] *** ChanServ sets mode: +o Norfenstein
[18:17:23] *** Joins: rhez (~rhez@CPE00fc8db1c1e3-CM00fc8db1c1e0.cpe.net.cable.rogers.com)
[18:20:32] *** Quits: Norfenstein (~Norfenste@tremulous/developer/Norfenstein) (Ping timeout: 265 seconds)
[18:35:09] *** Joins: Norfenstein (~Norfenste@tremulous/developer/Norfenstein)
[18:35:09] *** ChanServ sets mode: +o Norfenstein
[18:55:49] *** Quits: Norfenstein (~Norfenste@tremulous/developer/Norfenstein) (Ping timeout: 265 seconds)
[19:10:43] *** Joins: Norfenstein (~Norfenste@tremulous/developer/Norfenstein)
[19:10:44] *** ChanServ sets mode: +o Norfenstein
[19:13:12] *** Quits: ZdrytchX (~zdrytchx@27-33-98-203.static.tpgi.com.au) (Read error: Connection reset by peer)
[19:28:45] *** Pevel_ is now known as Pevel
[19:40:56] *** Quits: Who-[Soup] (~soup@p57A51F65.dip0.t-ipconnect.de) (Ping timeout: 276 seconds)
[19:41:16] *** Joins: DeathSkull (~DS@cpe-184-59-135-174.neo.res.rr.com)
[19:41:16] *** Quits: DeathSkull (~DS@cpe-184-59-135-174.neo.res.rr.com) (Changing host)
[19:41:16] *** Joins: DeathSkull (~DS@unaffiliated/deathskull)
[19:44:14] *** Joins: Who-[Soup] (~soup@p57A5080B.dip0.t-ipconnect.de)
[20:52:26] *** Quits: Ingar (~ingar@94-224-85-244.access.telenet.be) (Ping timeout: 276 seconds)
[20:53:56] *** Joins: Ingar (~ingar@94-224-85-244.access.telenet.be)
[21:34:30] *** Quits: ImQ009 (~ImQ009@unaffiliated/imq009) (Quit: Leaving)
[23:06:00] *** Quits: Gireen (~gireen@unvanquished/developer/gireen) (Ping timeout: 272 seconds)
[23:20:07] *** Joins: Undeference (~msk@2001:470:1f07:1427:b142:613d:5fb6:2790)
[23:22:16] *** Joins: Gireen (~gireen@unvanquished/developer/gireen)
