[00:08:15] *** Joins: Gireen (~gireen@unvanquished/developer/gireen)
[00:14:02] *** Quits: ImQ009 (~ImQ009@unaffiliated/imq009) (Quit: Leaving)
[02:19:33] *** Quits: tehpaper (~fddsfsd@97-97-249-206.res.bhn.net) (Quit: :::: ( UPP ) ::::)
[02:25:49] *** Joins: tehpaper (~fddsfsd@97-97-249-206.res.bhn.net)
[02:58:10] *** Quits: shhx (~shhx@97.65.134.37.dynamic.jazztel.es) (Ping timeout: 265 seconds)
[04:11:40] *** Quits: Volt (~Volt@pool-108-31-26-17.washdc.fios.verizon.net) (*.net *.split)
[04:11:40] *** Quits: Timbo (~tma@tremulous/developer/timbo) (*.net *.split)
[04:11:40] *** Quits: kullervo (~kullervo@a88-114-146-190.elisa-laajakaista.fi) (*.net *.split)
[04:20:46] *** Quits: Who-[Soup] (~soup@p57A51A74.dip0.t-ipconnect.de) (Ping timeout: 240 seconds)
[04:21:16] *** Joins: Volt (~Volt@pool-108-31-26-17.washdc.fios.verizon.net)
[04:21:16] *** Joins: Timbo (~tma@tremulous/developer/timbo)
[04:21:16] *** Joins: kullervo (~kullervo@a88-114-146-190.elisa-laajakaista.fi)
[04:21:16] *** weber.freenode.net sets mode: +o Timbo   
[04:24:57] *** Joins: Who-[Soup] (~soup@p57A50FF0.dip0.t-ipconnect.de)
[04:25:09] *** Quits: scv (solar@162.217.176.109) (Ping timeout: 245 seconds)
[04:27:26] *** Joins: scv (solar@162.217.176.109)
[05:51:54] *** Quits: Norfenstein (~Norfenste@tremulous/developer/Norfenstein) (Remote host closed the connection)
[07:04:09] *** Quits: StalKermit (~StalKermi@unaffiliated/stalkermit) (Read error: Connection reset by peer)
[07:13:09] *** Quits: dGr8LookinSparky (~dGr8Looki@unaffiliated/dgr8lookinsparky) (Quit: Leaving)
[07:48:19] *** Joins: dGr8LookinSparky (~dGr8Looki@unaffiliated/dgr8lookinsparky)
[09:01:30] *** Joins: jackforward (~jack@p4FFCD521.dip0.t-ipconnect.de)
[09:49:35] *** Joins: DeadbeatEngineer (uid20493@gateway/web/irccloud.com/x-faczgqvqvcppipcn)
[10:55:43] *** Joins: ImQ009 (~ImQ009@unaffiliated/imq009)
[11:29:50] *** Joins: StalKermit (~StalKermi@unaffiliated/stalkermit)
[12:18:48] *** Joins: shhx (~shhx@97.65.134.37.dynamic.jazztel.es)
[12:42:29] *** Joins: Lord^Anubis (~anubis@cpe-65-190-218-113.ec.res.rr.com)
[12:42:30] *** Quits: Lord^Anubis (~anubis@cpe-65-190-218-113.ec.res.rr.com) (Changing host)
[12:42:30] *** Joins: Lord^Anubis (~anubis@unaffiliated/lordanubis/x-837129)
[14:03:18] *** kyberkits is now known as gynter
[14:20:35] *** Quits: Gireen (~gireen@unvanquished/developer/gireen) (Ping timeout: 264 seconds)
[14:27:30] *** Joins: Gireen (~gireen@unvanquished/developer/gireen)
[15:45:55] *** Quits: Gireen (~gireen@unvanquished/developer/gireen) (Ping timeout: 240 seconds)
[16:08:59] *** Joins: Gireen (~gireen@unvanquished/developer/gireen)
[16:19:12] *** Joins: Norfenstein (~Norfenste@tremulous/developer/Norfenstein)
[16:19:12] *** ChanServ sets mode: +o Norfenstein
[20:20:53] *** Joins: Forty-3 (~kvirc@pool-173-73-95-235.washdc.fios.verizon.net)
[21:09:00] *** Quits: Ingar (~ingar@94-224-85-244.access.telenet.be) (Ping timeout: 272 seconds)
[21:10:25] *** Joins: Ingar (~ingar@94-224-85-244.access.telenet.be)
[21:14:52] *** Quits: DeadbeatEngineer (uid20493@gateway/web/irccloud.com/x-faczgqvqvcppipcn) (Quit: Connection closed for inactivity)
[23:06:30] *** Quits: shhx (~shhx@97.65.134.37.dynamic.jazztel.es) (Ping timeout: 265 seconds)
[23:27:17] *** Joins: shhx (~shhx@97.65.134.37.dynamic.jazztel.es)
