[00:09:57] *** Quits: Resset (Resset3@Pony-0og6oo.clubnet.pl) (Ping timeout: 121 seconds)
[00:29:32] *** Quits: Andragor (Andrabot@Pony-moavhm.adsl.inetia.pl) (Quit: Brohoof /)*)
[00:44:29] *** Quits: Scarlet (ScarletShad@scarlet.antyklay.pl) (Quit: Leaving)
[01:45:04] *** Quits: misiek200m (Derp@Pony-rd8rje.adsl.tpnet.pl) (Ping timeout: 121 seconds)
[06:39:35] *** Joins: Resset (Resset3@Pony-0og6oo.clubnet.pl)
[06:39:35] *** Pinkamena sets mode: +v Resset
[06:48:10] *** Quits: Resset (Resset3@Pony-0og6oo.clubnet.pl) (Ping timeout: 121 seconds)
[13:22:55] *** Joins: flutter (bvppjsymhzx@Pony-3ekuje.static.chello.pl)
[13:23:49] *** Quits: flutter (bvppjsymhzx@Pony-3ekuje.static.chello.pl) (Quit: lightIRC.com Flash IRC Client)
[13:55:38] *** Joins: Annonik (ykuoxdqnvvj@Pony-hel.mij.131.78.IP)
[13:56:41] *** Quits: Annonik (ykuoxdqnvvj@Pony-hel.mij.131.78.IP) (Quit: lightIRC.com Flash IRC Client)
[14:15:40] *** Joins: Andragor (Andrabot@Pony-sdbstr.adsl.inetia.pl)
[14:15:42] <Andragor> Bry.
[14:17:14] <McKey> hej Andragor 
[14:20:05] *** Joins: Andragor_ (Andrabot@Pony-sdbstr.adsl.inetia.pl)
[14:20:37] *** Quits: Andragor (Andrabot@Pony-sdbstr.adsl.inetia.pl) (Ping timeout: 121 seconds)
[14:20:47] *** Andragor_ is now known as Andragor
[14:21:18] *** Andragor is now known as Pony_57604
[14:29:04] *** Pony_57604 is now known as Andragor
[16:35:00] *** Quits: Andragor (Andrabot@Pony-sdbstr.adsl.inetia.pl) (Quit: Brohoof /)*)
[16:55:20] *** Joins: Annonik (ykuoxdqnvvj@Pony-hel.mij.131.78.IP)
[16:55:36] *** Quits: Annonik (ykuoxdqnvvj@Pony-hel.mij.131.78.IP) (Quit: lightIRC.com Flash IRC Client)
[17:02:42] *** Joins: Proenix (Proenix@Pony-dbsr79.bielskobiala.net.pl)
[17:03:57] *** Joins: Resset (Resset3@Pony-0og6oo.clubnet.pl)
[17:03:57] *** Pinkamena sets mode: +v Resset
[17:08:01] *** Joins: Raffarin (tlrmsvcjaym@Pony-a3se74.dynamic.t-mobile.pl)
[17:09:10] *** Quits: Raffarin (tlrmsvcjaym@Pony-a3se74.dynamic.t-mobile.pl) (Quit: lightIRC.com Flash IRC Client)
[17:14:40] <Proenix> Ave
[17:15:54] *** Joins: ElectricPsoras (Thunderbird@Pony-us3o73.adsl.tpnet.pl)
[17:16:12] <ElectricPsoras> hej
[17:22:07] <Proenix> czesc
[17:30:25] *** Joins: Scarlet (ScarletShad@scarlet.antyklay.pl)
[18:39:25] *** Joins: Andragor (Andrabot@Pony-sdbstr.adsl.inetia.pl)
[20:16:52] *** Joins: PiterPL (fpyeihksmrj@Pony-74mp8d.adsl.tpnet.pl)
[20:17:00] <PiterPL> Siemka
[20:17:46] <PiterPL> Nikogo nie ma jakie to zue
[20:19:16] <ElectricPsoras> bo inni robią coś innego, a ja sobie czytam Podróże Przegubowca
[20:19:28] <ElectricPsoras> relację z wycieczki po Azji Środkowej w 2009 roku
[20:19:36] <ElectricPsoras> całkiem fajne
[20:21:15] <PiterPL> aha
[20:22:37] *** Joins: Raffarin (tlrmsvcjaym@Pony-a3se74.dynamic.t-mobile.pl)
[20:27:00] <PiterPL> https://www.youtube.com/watch?v=CxC8c9d1I0Q&list=UUL5hVjEJ8m0S_KBrOuF4Ceg :3 xDD
[20:34:12] *** Quits: Raffarin (tlrmsvcjaym@Pony-a3se74.dynamic.t-mobile.pl) (Quit: lightIRC.com Flash IRC Client)
[20:36:51] *** Joins: McKey (Discord@mckey.antyklay.pl)
[20:36:51] -daring.canternet.org- Replaying up to 10 lines of pre-join history spanning up to 300 seconds
[20:36:51] *** Pinkamena sets mode: +h McKey
[20:38:12] *** Quits: Andragor (Andrabot@Pony-sdbstr.adsl.inetia.pl) (Ping timeout: 121 seconds)
[20:54:52] <ElectricPsoras> a teraz czytam relację z Kolei Transsyberyjskiej
[20:55:17] <ElectricPsoras> "Największym problemem egzystencjalnym jazdy na górnej płackarcie jest zgadywanie po przebudzeniu czy toaleta jest otwarta. Jak wiadomo bowiem w czasie jazdy po Rosji obowiązują tzw. strefy (zony) sanitarne mniej więcej na 15-30 minut przed każdym większym miastem. Toalety są wówczas zamykane. Gdy już człowiek zainwestuje energię w opuszczenie górnej leżanki i dotarcie do toalety wypadałoby, żeby nie pocałował klamki
[20:55:17] <ElectricPsoras> gnębi go kolejny dylemat - czy ktoś jest w środku czy to już zamknięto toalety. Jeśli sanitarna zona to czy przed stacją czy za stacją. Jeśli przed stacją to ile czasu jeszcze do stacji i ile czasu będzie stał na stacji. No i przede wszystkim czy tkwić pod drzwiami w zimnym i często zadymionym przedsionku, czy wracać do łóżka z poczuciem porażki. Może też przytrafić się sytuacja, że po odczekaniu na swoją kolej
[20:55:17] <ElectricPsoras> i zamknie toaletę recytując magiczne słowa sanitarnaja zona. Istny "Dzień świra".
[20:55:17] *** ElectricPsoras was kicked by chrysalis.canternet.org (Channel flood triggered (limit is 4 lines in 8 secs))
[21:05:23] *** Joins: Andragor (Andrabot@Pony-sdbstr.adsl.inetia.pl)
[21:16:43] <McKey> !down
[21:16:43] *** Pinkamena sets mode: -h McKey
[21:21:57] *** Quits: Andragor (Andrabot@Pony-sdbstr.adsl.inetia.pl) (Ping timeout: 121 seconds)
[21:25:51] *** BlackBirt is now known as BlackBird
[21:25:55] <BlackBird> meh
[21:25:58] <BlackBird> nudno
[21:41:25] *** Joins: misiek200m (Derp@Pony-v12e87.adsl.tpnet.pl)
[21:41:51] <misiek200m> Hej
[21:50:12] <BlackBird> witaj
[22:21:58] *** Joins: Paperlike (ozrjftohmwn@Pony-sbrjsd.warszawa.mm.pl)
[22:22:12] *** Quits: Paperlike (ozrjftohmwn@Pony-sbrjsd.warszawa.mm.pl) (Quit: lightIRC.com Flash IRC Client)
[22:25:17] <BlackBird>   
[22:25:22] <McKey>     
[22:25:36] <BlackBird> o ktoś żyje
[22:27:22] *** Joins: Rysenix (Proenix@Pony-dbsr79.bielskobiala.net.pl)
[22:27:36] <BlackBird> witaj
[22:28:03] *** Quits: Proenix (Proenix@proenix.pl) (Ping timeout: 121 seconds)
[22:31:33] <BlackBird> nodno.. ide spać
[22:31:41] <BlackBird> niech luna będzie z wami
[22:31:51] <BlackBird> dobranoc /)
[22:32:02] *** BlackBird is now known as BlackBirt
[22:38:44] *** Quits: Rysenix (Proenix@Pony-dbsr79.bielskobiala.net.pl) (Quit: )
[22:53:36] *** Joins: Wavechill (Wavechill@Pony-8v93pl.adsl.tpnet.pl)
[22:55:18] *** Joins: DVS (foubhclmegs@Pony-cbtb8b.adsl.tpnet.pl)
[22:55:24] <DVS> hi
[22:56:18] *** Joins: orlik95 (foubhclmegs@Pony-cbtb8b.adsl.tpnet.pl)
[22:56:22] *** Quits: orlik95 (foubhclmegs@Pony-cbtb8b.adsl.tpnet.pl) (Quit: lightIRC.com Flash IRC Client)
[22:59:25] <DVS> black bird jak ci idzie z ksiazka kucharska ?
[23:05:45] *** Joins: Raffarin (ilfjtshpoot@Pony-a3se74.dynamic.t-mobile.pl)
[23:05:58] *** Quits: Raffarin (ilfjtshpoot@Pony-a3se74.dynamic.t-mobile.pl) (Quit: lightIRC.com Flash IRC Client)
[23:06:39] *** Joins: Kucykowyruchacz (ilfjtshpoot@Pony-a3se74.dynamic.t-mobile.pl)
[23:06:47] <Kucykowyruchacz> siema
[23:07:06] <Kucykowyruchacz> co jest cloopy
[23:07:14] <Kucykowyruchacz> co tka cisz na czacie /
[23:07:19] <Kucykowyruchacz> kto wytlumaczy
[23:07:20] <Kucykowyruchacz> ?
[23:07:24] <Kucykowyruchacz> hello
[23:08:46] *** Quits: Kucykowyruchacz (ilfjtshpoot@Pony-a3se74.dynamic.t-mobile.pl) (Quit: lightIRC.com Flash IRC Client)
[23:23:34] <McKey> !up
[23:23:35] *** Pinkamena sets mode: +h McKey
[23:23:41] *** McKey sets mode: +g *clop*
[23:23:43] <McKey> !down
[23:23:43] *** Pinkamena sets mode: -h McKey
[23:30:16] *** Quits: DVS (foubhclmegs@Pony-cbtb8b.adsl.tpnet.pl) (Quit: lightIRC.com Flash IRC Client)
[23:45:34] *** Quits: Wavechill (Wavechill@Pony-8v93pl.adsl.tpnet.pl) (Quit: )
[23:57:18] *** Quits: Scarlet (ScarletShad@scarlet.antyklay.pl) (Quit: Leaving)
