[00:05:33] *** Joins: Hck (Hexie@Twilight.Is.Best.Pony)
[00:06:45] *** Quits: Hck (Hexie@Twilight.Is.Best.Pony) (Quit: WeeChat 1.0)
[00:21:34] *** Joins: Pony_5_ (~Pony_5@Pony-sh99b2.dynamic.mm.pl)
[00:23:17] *** Quits: Pony_5_ (~Pony_5@Pony-sh99b2.dynamic.mm.pl) (Quit: Page closed)
[00:23:40] *** Quits: ElectricPsoras (Thunderbird@Pony-hki4ba.adsl.tpnet.pl) (Quit: Bye horsies!)
[11:03:36] *** Quits: ArchPegasusMichael (ArchPegasus@Keep.In.A.Friendly.And.Pony.Place) (Ping timeout: 121 seconds)
[15:57:58] *** Joins: Andragor (Andrabot@Pony-16fg6i.adsl.inetia.pl)
[16:37:22] *** Joins: Tivolt (Tivolt@Pony-i2g954.adsl.tpnet.pl)
[17:40:12] *** Joins: Mordecz (Mordecz@Pony-vctoak.adsl.inetia.pl)
[17:40:23] *** Pinkamena sets mode: +v Mordecz
[17:44:46] *** Joins: Pony_9 (Pony_9@Pony-h1tg3t.adsl.tpnet.pl)
[18:02:02] *** Joins: Proenix (Proenix@proenix.pl)
[18:02:28] <Proenix> ave
[18:03:47] <McKey> ahoj
[18:08:16] <Tivolt> siema
[18:10:32] <Mordecz> pozdrawiam
[18:13:38] *** Quits: Shutter (tips@sudoku.prevention.hotline) (Killed (Shutter (Haha you'll never catch me!)))
[18:13:52] *** Joins: Shutter (tips@sudoku.prevention.hotline)
[18:19:06] <Eivel> dobry
[18:19:23] *** Joins: KisielO (KisielO@Pony-4buus3.adsl.tpnet.pl)
[18:19:29] <KisielO> hej wsyzstkim
[18:20:41] *** Quits: KisielO (KisielO@Pony-4buus3.adsl.tpnet.pl) (Quit: Page closed)
[18:22:01] <Mordecz> jeny, zdążyłem odwyknąć D:
[18:24:16] *** Joins: LazyPony (LazyPony@Pony-03u30e.adsl.tpnet.pl)
[18:24:21] <LazyPony> hej ^^
[18:24:47] <LazyPony> Mordecz ! :D
[18:24:50] *** Joins: NeroDMC (~NeroDMC@Pony-r85.lun.175.46.IP)
[18:24:54] <NeroDMC> Siema
[18:25:31] <NeroDMC> Lazy wyszłaś wczoraj i prez to drużynowa audycja trwałą 20 minut ;-; ale zająłem 2 miejsce
[18:26:29] <LazyPony> przepraszam musialam ...
[18:26:39] <NeroDMC> https://www.youtube.com/watch?v=usjjB_WTSz0 gg eazy
[18:27:01] <McKey> NeroDMC, masz coś do niej?
[18:27:08] <NeroDMC> nie
[18:27:13] <McKey> no ja myśle
[18:27:22] <NeroDMC> tylko chciałem poczuć tą drużynową audycje
[18:27:32] <Mordecz> LazyPony
[18:27:39] <McKey> to zaproś więcej ludu
[18:27:48] <Mordecz> ^^
[18:28:16] <LazyPony> u McKey  xD
[18:28:29] <NeroDMC> ja, husarz i delta cały czas walczyliśmy a jak było pół godziny do konca to dołączyło 2 uczestnikó
[18:28:30] <LazyPony> jak tam po przerwie Mordecz? 
[18:28:45] <LazyPony> a Eivel  w koncu sie obudzil? :p
[18:29:03] <NeroDMC> nie
[18:29:41] <LazyPony> no trudno .... a u mnie sytuacja kiepska z wroclawskm nadal ... eh
[18:30:26] <LazyPony> help!!11oneoeone
[18:30:30] <NeroDMC> audycja juz powinna się zacząć
[18:30:51] <Mordecz> cierpliwości, mój przyjacielu
[18:31:00] <NeroDMC> Cierpliwość jest cnotą
[18:31:09] <Mordecz> teraz nie mam możliwości wparowania w połowie utworu
[18:31:21] <Mordecz> nawet prezenter musi czekać na swoją kolej
[18:31:23] <Mordecz> co za czasy...
[18:31:33] * McKey slap Eivel witch shovel
[18:31:47] <Eivel> co jak gdzie
[18:31:51] <Eivel> dobry niewitanym
[18:32:00] <NeroDMC> ja se zczaje tą pisoenkę fluttershy like train
[18:32:03] <McKey> LazyPony, łopatą go to się obudzi xD
[18:32:45] <Eivel> jest osiemnasta rano, dajcie mi chwilę 
[18:33:47] <LazyPony> xD
[18:34:00] *** Quits: Tivolt (Tivolt@Pony-i2g954.adsl.tpnet.pl) (Quit: Page closed)
[18:34:02] <NeroDMC> naprawdę tej piosenki fluttershy likes trains nie ma na OSU ;-;
[18:34:16] <LazyPony> co sie dzialo? 
[18:34:42] <LazyPony> o widze Mordecz pelen spokoju dzisiaj
[18:34:56] <LazyPony> :D
[18:35:10] <NeroDMC> ja idę do szkoły 6 i 7 grudnia
[18:35:56] *** Joins: Tivolt (Tivolt@Pony-i2g954.adsl.tpnet.pl)
[18:35:59] <LazyPony> cuooo? ;_;
[18:36:15] <Eivel> a ja do pracy 24-26 :P Mogło być gorzej
[18:36:53] <NeroDMC> Bo ja mam taką szkołę że chodzi się w niej co 2 weekend
[18:37:48] <NeroDMC> Ta piosenka ma takie klimaty chińskie bardziej niż japońskie
[18:37:51] <LazyPony> Eivel: spokojnie moja siosra tez, wazne ze wieczor bedzie wolny ;d
[18:38:15] <Eivel> LazyPony: 3 ncki 22:00-8:00 :P
[18:38:19] <Eivel> nocki*
[18:38:49] <Eivel> ale sylwestra mi zwolnili, więc nie jest najgorzej
[18:39:07] <LazyPony> Eivel:  no to wigilia o 18.00? :D
[18:39:29] <Eivel> Niestety, rodzina mieszka w Toruniu, nie mam jak tam pojechać w te 3 dni
[18:39:53] <Eivel> Dlatego jadę do rodzinki kilka dni wcześniej :p
[18:40:10] <LazyPony> no to najwazniejsze :)
[18:40:46] <Mordecz> Evening Star od jakiegoś czasu gustuje w muzyce orientu
[18:40:59] <Mordecz> albo gustował... nie mam pojęcia, czy jeszcze coś produkuje
[18:41:30] <LazyPony> kazdy styl w fandomie jest mile widziany :3
[18:43:08] <LazyPony> apropos swiat: juz sa plany? xD
[18:43:49] <Eivel> Mordecz: produkuje. Nawet nie odsunął się od fandomu, tylko równolegle robi muzykę autorską i kucykową
[18:44:04] <Eivel> Ciągle czuć, że to Evening, ale style ma różne
[18:44:19] <Eivel> Zobacz sobie kiedyś płytę Grand Flying Machines (na youtube). 
[18:44:46] <Eivel> CHoć ona już jakiś czas temu wyszła
[18:45:01] <Eivel> ponad rok O.o
[18:45:51] *** Quits: NeroDMC (~NeroDMC@Pony-r85.lun.175.46.IP) (Ping timeout: 121 seconds)
[18:46:18] <LazyPony> 5 sezon w... kwiatniu?
[18:46:28] <McKey> na wiosne
[18:46:43] <Mordecz> Ja tam czekam na polski sezon Avatara :V
[18:46:56] <LazyPony> Mordecz ogladasz? 0.0
[18:47:07] <Mordecz> A jakże
[18:47:39] <Mordecz> czwarty sezon się kończy. Smutam z tego powodu ;_;
[18:47:39] <LazyPony> MATKO 0.0 szczerze zaczelam ogladac jakis miesiac temu xD ale itak <3
[18:47:56] <Mordecz> ^^
[18:48:07] <LazyPony> a po Korze przewidziane sa jeszcze jakies kontynuacje?
[18:48:18] * Eivel odsuwa się powoli potakując
[18:48:29] <Mordecz> chyba jeszcze nic
[18:49:02] <Mordecz> wiem tylko, że twórcy byli na tyle zdesperowani, że puszczaliby czwarty sezon nawet jeśli nick nie zechciał umieścić jej w ramówce
[18:49:08] <LazyPony> EH, znow mi sie trafilo ze chce przystapic do fandomu ktory za chwile nie bedzie mial serii na biezaco
[18:49:28] <LazyPony> Eivel nie uciekaj! xD
[18:49:55] <LazyPony> jak to zdesperowani, przeciez to epicka seria
[18:50:52] *** Joins: ElectricPsoras (Thunderbird@Pony-67va3u.adsl.tpnet.pl)
[18:52:32] <Mordecz> Korra nie szarpie tak mocno za bebecky jak Aang, na co większość ludzi narzeka
[18:52:49] <LazyPony> ale przynajmniej sie nie powtarzaja ...
[18:54:01] <LazyPony> motyw jest inny 
[18:54:12] <LazyPony> i wiadomo;;uwspolczesniony
[18:54:39] <Mordecz> no, powiedziałbym, że wkroczyli w lata 20. XX wieku, ale zawsze krok naprzód
[18:54:53] <Mordecz> czekamy na Internetbenderów! :v
[18:55:55] <McKey> Mordecz, pan do 20 tak?
[18:56:06] <Mordecz> tak
[18:56:19] <LazyPony> powazny krok do przodu xD bo mam wrazenie ze ... wlasnie w jakim uniwersum toczy sie legenda aanga? jaki przedzial czasowy? 
[18:56:47] <ElectricPsoras> w fikcyjnym :]
[18:57:11] <ElectricPsoras> mnie wyglądało na coś w rodzaju skrzyżowania wczesnego XIX wieku w Europie z Dalekim Wschodem
[18:57:16] <LazyPony> fikcyjny przedizal czasowy ;)
[18:57:42] <LazyPony> hm... jak dla mnie troche wczesniej ...
[18:58:00] <ElectricPsoras> w sumnie z takich nowszych rzeczy mają tylko metalowe statki
[18:58:18] <LazyPony> a wlasnie: fandom awatara jest ozywiony czy raczej zanika?
[18:58:59] <ElectricPsoras> LazyPony: dla mnie pytać o przedział czasowy Legendy Aanga to trochę jak pytać o przedział czasowy, w którym dzieje się akcja MLP:FiM
[18:59:08] <Mordecz> myślę, że cierpi na powolny regres
[18:59:17] <LazyPony> czyt. ? xD
[19:00:07] <ElectricPsoras> są pociągi parowe, kino i prawdopodobnie elektryczność, ale nie ma samochodów
[19:00:08] <LazyPony> ElectricPsoras: ktos go okreslil, ale nie wiem gdzie ja to ....
[19:00:09] <Mordecz> zresztą, nie angażuję się za bardzo. Piszę, hyhy, fanfiki, hyhy, i nie rozglądam się za alternatywnymi odbiorcami
[19:00:29] <ElectricPsoras> technologia w MLP:FiM zmienia się tak, jak twórcom wygodnie
[19:00:33] <LazyPony> Mordecz: czyzby jakies shipy? xD
[19:00:48] <LazyPony> ElectricPsoras:  zalezy w jakim miasteczku jestes xD
[19:01:02] <ElectricPsoras> nawet w Manehattanie nie ma aut :P
[19:01:06] <Mordecz> LazyPony, proszę cię... Czy widziałaś, żebym napisał jakiś normalny fic?
[19:01:34] <Mordecz> Nawet shipping spod moich palców byłby spaczony do granic przyzwoitości
[19:01:39] <ElectricPsoras> Mordecz raczej shipów chyba nie piszę, ja kojarzę go głównie po Mazzerze
[19:01:45] <LazyPony> Mordecz jestes orginalny, nieprawdaz? xDto jest najwaniejsze
[19:01:56] <LazyPony> oryginalny
[19:02:06] <ElectricPsoras> a nie Made in China
[19:02:39] <LazyPony> xD jakies normy tam sa? i mean ... 
[19:02:49] <ElectricPsoras> jaja sobie robię :>
[19:03:09] <LazyPony> ... nie o to chodzi xD
[19:03:19] <ElectricPsoras> btw fanfikowy Manehattan potrafi się bardzo różnić w swoich interpretacjach
[19:03:21] <Mordecz> może po prostu poczekaj na "Śpiew Kryształów". Zobaczysz, co mam na myśli, mówiąc o shippingach
[19:03:39] <LazyPony> boje sie 
[19:04:03] <Mordecz> a Manehattan... przyszło mi czytać Blasta, gdzie akcja rozgrywa się właśnie w tym mieście
[19:04:09] <LazyPony> a wlasnie...ostatnio nic nie czytalam .... odmozdzam sie ostatnio xD chce metro!
[19:04:26] <ElectricPsoras> mój EqueTrip ma dużo metra :.
[19:04:35] <LazyPony> Metro 2033
[19:04:38] <LazyPony> :3
[19:04:47] <LazyPony> na gwiadke potrzebuje
[19:04:50] <ElectricPsoras> a to czytałem
[19:04:54] <Mordecz> fandom metra ma się dobrze, tak btw
[19:05:05] <ElectricPsoras> dość nietypowy portret moskiewskiego metra
[19:05:10] <Mordecz> kolejne książki wychodzą
[19:05:20] <LazyPony> wiem, empik peka w szwach
[19:05:34] <ElectricPsoras> ciekawe kiedy powstanie książka w tym uniwersum, dziejąca się w Warszawie :D
[19:05:47] <ElectricPsoras> jest jedna z Krakowa
[19:05:59] <ElectricPsoras> i podoba mi się zastosowana tam mitologizacja Szkieletora :D
[19:06:02] <LazyPony> ElectricPsoras: Polska nie jest tak popularna ...
[19:06:17] <LazyPony> chociaz...
[19:06:18] <ElectricPsoras> możemy to zmienić :>
[19:06:47] <ElectricPsoras> tylko nie spamowaniem "POLAND STRONK" na wszystkich możliwych forach :P
[19:06:47] <LazyPony> ostatnio czytalam Amerykanskiego autora ktory wspomnial o Polsce i przez chwile akcja dziala sie w warszawie
[19:06:57] <LazyPony> XD
[19:06:59] <ElectricPsoras> pamiętasz tytuł?
[19:07:05] <LazyPony> Endgame
[19:07:15] <LazyPony> ale to byla tylko lekka wzmianka
[19:07:21] <ElectricPsoras> okej
[19:07:25] <LazyPony> moze jeden rozdzial
[19:07:27] <LazyPony> ale i tak 
[19:07:46] <LazyPony> przyjemnie sie zrobilo ze ktos z innego kontynentu widzi polske na mapie
[19:09:52] <LazyPony> lud chce Q&A! ŚWIATECZna edycja :3
[19:09:58] <Mordecz> http://i1.kwejk.pl/k/obrazki/2014/12/c876f9160cd50782bcbd93037e3236c2.gif
[19:11:42] <LazyPony> kjut
[19:12:32] <LazyPony> a teraz kolejne pytanie o awatara xD: cz tylko ja zauwazylam ze kazdy bad boy: Zuko, Mako ... jest z narodu ognia?
[19:13:44] <LazyPony> takie geny? xD
[19:14:07] <Mordecz> nie no... teraz zły jest naród ziemi
[19:14:28] <Mordecz> czerwony lotos był chyba nieokreślony
[19:15:01] <LazyPony> nie nadazam ...xD
[19:15:09] *** Joins: Electric_Psoras (Thunderbird@Pony-2ng5bv.adsl.tpnet.pl)
[19:15:25] *** Quits: ElectricPsoras (Thunderbird@Pony-67va3u.adsl.tpnet.pl) (Ping timeout: 121 seconds)
[19:15:58] <Mordecz> a Mako pochodzi z narodu ziemi. Co prawda tka ogień, ma czerwone oczy i ciemne włosy (w polskiej wersji ten sam aktor podkłada głos pod Zuko i Mako), lecz w trzecim sezonie jest odcinek poświęcony poszukiwaniu rodziny
[19:16:14] *** Electric_Psoras is now known as ElectricPsoras
[19:16:25] <LazyPony> oł
[19:18:02] <LazyPony> 4 z fizki! lu
[19:19:08] <LazyPony> tak mozna? znaczy ... atara umie tkac krew a jest magiem wody, ale jest to powiazane z woda ... ale mako? jak ziemia ma sie do ognia? mieli rodzicow z 2 narodow?
[19:22:03] *** Joins: Pony_1 (Pony_1@Pony-dpi0rs.dynamic.mm.pl)
[19:22:12] <LazyPony> a Mordecz kiedy nas zaszczycisz na tak to lecialo?
[19:22:54] <Mordecz> Tutaj link do Maud (chyba) http://instagram.com/p/wH7sdfvO8z/
[19:23:09] <Mordecz> Wyczuwam tutaj kucyki - http://i1.kwejk.pl/k/obrazki/2014/12/184af960b2cdbfcbd1450fa5bd662ba7.jpg
[19:24:01] <Mordecz> LazyPony, najpierw avatar - szczerze mówiąc, nie wiem jak to wytłumaczyć. Wedle fabuły są rodzonymi braćmi, którzy od najmłodszych lat żyją bez dachu nad głową
[19:24:33] <Mordecz> Może zdolności do tkania są po prostu wynikiem krzyżówki genetycznej?
[19:25:10] <ElectricPsoras> a to nie jest czasem tak, że przeciętny człowiek może się po prostu nauczyć magii tylko jednego żywiołu?
[19:25:53] <ElectricPsoras> dowolnego
[19:27:43] <Mordecz> wydaje mi się, że to dar wrodzony, ale nie mam pewności
[19:30:27] <Eivel> Mordecz: co to za remix?
[19:30:37] <Mordecz> Soundsparka
[19:30:59] <Mordecz> http://youtu.be/kj66aMCE52w
[19:31:45] <LazyPony> to kto na wrocka w koncu jedzie? :D
[19:31:47] <Eivel> ciężko było znaleźć
[19:31:52] <Eivel> Dzięki, nowy dodatek do playlisty ;)
[19:32:19] <Mordecz> nie ma sprawy
[19:34:32] <Mordecz> mnie próbuję do wrocka wyciągnąć
[19:34:48] <Mordecz> skończyłoby się na kolejnym wykładzie o fanfikach D:
[19:35:13] <Eivel> Trzeci? Może przemianować trzeba to na Wrocławski Meet Literacki :P
[19:35:21] * ElectricPsoras wyciąga gigantyczny mordeczomagnes i próbuje go ściągnąć przy jego pomocy do Wrocławia
[19:35:36] <Eivel> Mordecz: Swoją droga, podobałą ci się piosenka Trixie z RR? 
[19:36:06] <LazyPony> obecna
[19:36:11] <ElectricPsoras> Mordecz: będzie już mój panel o HiE i panel dyskusyjny Dolara :>
[19:36:31] <ElectricPsoras> Eivel: na MLK też były trzy panele o fanfikach :D
[19:37:50] <LazyPony> i o clopach! :p
[19:39:08] <Mordecz> Eivel, średnio. Poza piosenki z napisów końcowych i Under Our Spell, to nic mnie nie utrzymało na dłużej
[19:39:32] <Mordecz> Ktoś nawet przechrzcił ten meet na Pierwszy Zlot Fanfikowy
[19:39:37] <LazyPony> *shine like rainbows
[19:39:48] <Mordecz> LazyPony, podziękował
[19:39:55] <LazyPony> :)
[19:40:22] <Mordecz> wracając do meeta - mkr ma problemy z zapełnieniem ramówki, więc będzie sie chwyta różnych propozycji
[19:40:31] <Eivel> Mordecz: to jak trafisz na ciekawy remix Under Our Spell to podeślij :P Mi prawie wszystkie piosenki przeciwników wpadły w ucho
[19:40:48] <LazyPony> ja nwm dlaczego ludzie sie zachwycaja under our spell .... takie jakies eh, wogole wszystkie pieosenki dazlings takie sobie
[19:40:59] <Eivel> O.o
[19:41:04] <LazyPony> no co xD
[19:41:11] <mkr> Eivel, ostatni zwycięzca Ponylisty. Przesłuchaj sobie.
[19:41:12] <LazyPony> nie lubie glosu adagio
[19:41:19] <Mordecz> Eivel: obecnie mam pod ręką tylko zeszłomiesięcznego zwycięzcę Ponylisty - http://youtu.be/OtMeIcOYEdw
[19:41:27] <Eivel> LazyPony: mam całkowicie przeciwne odczucie. Piosenki mane6 mnie zniechęcały. Za do Dazzlings uwielbiałem od początku
[19:41:49] <Eivel> mkr, Mordecz: Dzięki, sprawdzę
[19:41:58] <LazyPony> eh, swiat jest pelen kontrowersji xD
[19:42:05] <ElectricPsoras> mnie się podobało Welcome To The Show (piosenka konfrontacyjna)
[19:42:29] <Mordecz> szczerze mówiąc, Under Our Spell po prostu poruszyło moją wyobraźnię zarówno piosenką, jak i "teledyskiem" w filmie
[19:42:56] <LazyPony> jak dla mnie final byl strasznie niedopracowany
[19:43:40] <ElectricPsoras> ja nawet tego nie obejrzałem, tylko przesłuchałem soundtrack, a gdzieś tak po miesiącu przeczytałem sobie fabułę na wikipedii :D
[19:43:48] <LazyPony> przynajmniej spodziewalam sie czegos wiekszego, wiekszego BUM nawet pod tym wzgledem pierwsza czesc jest lepsza
[19:44:09] <Eivel> ElectricPsoras: też można :P W sumie mi się nie podobało za specjalnie. Tylko piosenki były ciekawe.
[19:44:15] <Mordecz> Nom, na tym RR cierpi
[19:44:25] <LazyPony> i koncowka ogolnie byla taka ze lepiej wg mnie nie mowic
[19:44:49] <LazyPony> ubostwo jedno wielkie
[19:45:12] <Eivel> Pewnie będzie trzecia część. Kiedyś muszą w końcu uśmiercić Flasha Sentry
[19:45:20] <ElectricPsoras> LazyPony: wolałabyś rozpierduchę na pół Canterlot High? :>
[19:45:35] <LazyPony> Eivel:  w koncu musza wyjasnic human Twilight :p
[19:45:41] <ElectricPsoras> jak w ostatnim odcinku czwartej serii?
[19:45:51] <Mordecz> laser show!
[19:45:54] <LazyPony> ElectricPsoras:  jakby byla efektowna: oczywiscie
[19:46:36] <LazyPony> no bo halo to final filmu pelnometrazowego! potrzeba moccnego kopa w tylek na koniec
[19:46:58] <Eivel> Był smaczek z pokemonów, lol
[19:48:05] <LazyPony> i nie zeby cos ale powoli zaczynaja mnie wkurzac ludzie awroceni z I HATE SS w ,,kocham, ulubiona postac taka druga twi ale jednak nie blabalbala
[19:48:25] <LazyPony> nie mowie sama nawet lubie sunset ale ... 
[19:48:29] <ElectricPsoras> :P
[19:48:35] <Eivel> Mordecz: Ten remix zabija trochę urok Under Our Spell. W oryginalnym tempie był jakiś taki magiczny, wciągający. 
[19:48:40] <ElectricPsoras> tacy ludzie są śmieszni :D
[19:48:51] <Eivel> przynajmniej moim zdaniem
[19:48:55] <LazyPony> NO ale no xD
[19:49:07] <Mordecz> yup... właśnie po dłuższym słuchaniu remixu, oryginał zaczął mieć głębię
[19:50:13] <LazyPony> ooo 2016 beddzie taki swietny
[19:50:48] <ElectricPsoras> "You can ride on the trains, or take a bus to the town. You can switch to the trams, or you can go underground! And the public transportation takes you everywhere, as we learn about getting, getting there..."
[19:50:59] <ElectricPsoras> :P
[19:51:41] <LazyPony> tamat sie ucial
[19:51:56] <LazyPony> *wyrusza na poszukiwanie nowego tematu *
[19:53:49] <Mordecz> Jeśli kogoś dobitnie nudzi, może obejrzeć moją prezentację na studia
[19:53:50] <Mordecz> https://docs.google.com/presentation/d/1R37OGmrva7fhXf-e6CaR9ImpXCL_66f9OfmIE2r8gME/edit#slide=id.p
[19:53:57] <ElectricPsoras> LazyPony: https://www.youtube.com/watch?v=-bTpp8PQSog
[19:54:14] <ElectricPsoras> Indiana Lazy i Poszukiwania Zaginionego tematu
[19:54:14] <LazyPony> xD
[19:54:30] <LazyPony> Poszukiwania zaginionej fabuly xD
[19:56:01] <Eivel> Mordecz: Są obrazki, jest dziękuję za uwagę. 5
[19:56:07] <LazyPony> Eivel mam problem znow
[19:56:19] <LazyPony> tan sam
[19:56:24] <McKey> wat...
[19:56:24] <Mordecz> Eivel, niestety prowadząca lubi pytać się szczegółów ;_;
[19:56:29] <McKey> wylogowało mnie tak o
[19:57:22] <McKey> no nieważne 5 min audycji sie nie nagrało :P Obyś mordecz nie mówił nic ważnego xD
[19:57:41] <Eivel> Mordecz: Na ile to minut prezka?
[19:57:42] <Mordecz> pożegnania to pożegnania
[19:57:48] <Eivel> LazyPony: jaki?
[19:58:05] <McKey> Eivel, Wrocław
[19:58:08] <Mordecz> 10, ale mógłbym go pociągnąć do godziny
[19:58:15] <LazyPony> true McKey 
[19:58:24] <LazyPony> wciaz sie wymawiaja chlodna pogoda
[19:58:28] <LazyPony> DDD;
[19:59:04] <McKey> a co może ma być 20+ w zime... wtedy bym nie puszczał napewno bo to jakaś anomalia
[19:59:35] <McKey> zresztą, Co ty nago będziesz latać? Nowłaśnie ubrać sie ciepło i tyle... 
[19:59:53] <LazyPony> chodzi tu bardziej o pociag
[19:59:55] <Eivel> No my już nic nie poradzimy na to, LazyPony. Jak już kiedyś maker wspomniał, nie chcą cię pewnie puścić z powodu wieku, nie pogody. A wymówkę taką, a nie inną znaleźli
[20:00:06] <LazyPony> ze wiesz tory zamarzniete transport nie taki blavlavla
[20:00:08] <Eivel> Mordecz: 10 slajdów jesteś w stanie pociągnąć godzinę? :P Nieźle
[20:00:36] <LazyPony> Eivel:  ale no z siostra no jesny :c ona jest dorosla i w ogole 
[20:01:02] <LazyPony> a McDonalds dostaje hejty za reklame na kwejku
[20:01:03] <Mordecz> Eivel: a myślisz, że dlaczego mam problem z przekazaniem treści prezentacji o fanfikach? Po prostu jestem gadatliwy
[20:01:29] <Mordecz> A do tego tematu chciałem podejść od różnych możliwych stron, żeby wypaść wiarygodnie
[20:01:36] *** Quits: Tivolt (Tivolt@Pony-i2g954.adsl.tpnet.pl) (Quit: Page closed)
[20:02:26] <McKey> LazyPony, fuj lepszy KFC albo Lidl
[20:02:51] <ElectricPsoras> byłem dziś na dworcu
[20:02:53] <Eivel> Mordecz: Ambitnie. Interesujesz się sterownikami, czy po prostu poważnie do wymuszonej prezentacji podszedłeś?
[20:02:57] <ElectricPsoras> ogrzewanie w pociągach działa
[20:03:08] <ElectricPsoras> spóźnienia sporadyczne i do 15 minut
[20:03:10] <McKey> Wat.. to działa? xD http://i.imgur.com/OWEGwmE.png
[20:03:13] *** Quits: Proenix (Proenix@proenix.pl) (Quit: Leaving)
[20:03:13] <LazyPony> DD: fk my life
[20:03:56] <Eivel> McKey: czo to
[20:04:07] <McKey> TeamViewer Android
[20:04:17] <Mordecz> postrzegam tę gałąź wiedzy jako możliwość dalszego kształcenia. Ciężko mi mówić o zainteresowaniach w konkretnej dziedzinie
[20:04:20] <McKey> czytaj podpiołem PC pod Teleon
[20:04:56] <Mordecz> dla przykładu - praca inżynierska skupia się na analizie widmowej sygnału mowy z wyszczególnieniem emocji rozmówcy
[20:05:07] <McKey> anyway away
[20:05:47] <Eivel> Mordecz: Świetny temat :D Bronisz się w tej sesji?
[20:06:00] <Mordecz> za rok, jeśli wszystko dobrze pójdzie
[20:06:39] <LazyPony> *oddala sie ,,temat dla doroslych"*
[20:06:46] <Mordecz> miałbym nawet pomysł, żeby to wykorzystać - zaprogramować sterownik w ramach projektu domu inteligentnego, gdzie to system na komendę "zrób mi herbaty" wybierałby mieszankę w zależności od mojego nastroju
[20:07:08] <ElectricPsoras> :D
[20:08:10] <Eivel> hmm
[20:08:48] <Eivel> To nawet chyba niewykorzystana nisza. Mógłbyś zapoczątkować coś takiego
[20:09:17] <Eivel> Ale pewnie realna konstrukcja byłaby cieżka, bo mechanicznie trzebaby mieszać składniki
[20:09:36] <Eivel> Chyba, że istnieją ekspresy do herbaty :P
[20:09:40] <Mordecz> Wszystko jest kwestią zaprojektowania i zaprogramowania
[20:10:10] <Mordecz> Można to zrobić na zasadach, jakie były w "Idź na całość!" podczas wybierania bramki
[20:10:19] <Eivel> tzn?
[20:11:11] <Mordecz> System na podstawie analizy obrobionego głosu i wyciągnięciu składowych podstawowych mógłby zwalniać zacisk jednego z dobranych dozowników z przygotowaną mieszanką
[20:12:22] <Mordecz> potem załączyłby się system odpowiedzialny za podrzanie wody i ostudzenie wody d wskazanej temeperatury (zazwyczaj 90 stopni) i zalanie przygotowanego kubka
[20:13:09] <Mordecz> takie rzeczy już się stosuje, tyle że w przemyśle spożywczym, gdzie to sterowniki kosztują setki tysięcy złotych i obsługują niebotyczne ilości zmiennych
[20:13:49] <Eivel> To z gotowymi mieszankami mógłbyś dość łatwo zaprototypować. Nawet widziałem gdzieś małe pompy sterowane logiką 5V (botland?)
[20:13:51] <Mordecz> sterownik z prezentacji ma ok. 600 wejść i 400 wyjść i obsługuje ogromną linię rozpiętą na obszarze 50 m2
[20:15:45] <Mordecz> Eivel: bardzo możliwe. Obecnie nie jestem na bieżąco z nowinkami
[20:16:18] <Eivel> W zasadzie prototyp to będzie nawet mniej roboty, niż sam system wykrywania emocji z głosu. Będziesz miał sporo roboty z kalibracją
[20:16:54] <Eivel> Chyba, że mowa o mocno skrajnych emocjach
[20:17:10] <Eivel> złość/stres/zmęczenie
[20:17:36] <Mordecz> obróbka dźwięku to w ogóle tragedia :P Matematyczny zapis głosu zazwyczaj jest reprezentowany w trzech płaszczyznach, a te czarno-białe szlaczki przyprawiają o dreszcze
[20:18:25] <Mordecz> obecnie najłatwiej rozróżniać skrajne na płasczyznach energii i jakości
[20:18:58] <Mordecz> czyli złość, radość, smutek, nuda i neutralny. Dokładniejsze systemy wykryją jeszcze obawę, relaks i fascynację
[20:19:42] <Mordecz> zresztą to trudna dziedzina... Tutaj trzeba pracować z ludźmi, a ludzie... No cóż :P
[20:19:48] <Mordecz> z nimi zawsze jest problem
[20:20:14] <Mordecz> dykcja, fleksja, patologie mowy oraz osobowości
[20:20:33] <Eivel> + mało osób potrafi realnie udawać dane emocje
[20:21:11] <Eivel> Musiałbyś przygotowywać scenariusze we własnym domu :P rozstawić sprzęt, zbić ulubiony wazon rodzinki i czekać na efekt
[20:21:20] <Mordecz> :P
[20:21:45] <Mordecz> Póki co będę krążył po ponymeetach z laptopem i mikrofonem w celu znalezienia kilku głosów do swojej bazy
[20:22:20] <Mordecz> musze nagrać 10-14 osób w różnym wieku, które będą mówiły coś w różnym nastroju
[20:22:40] <Mordecz> do tego najlepiej pasują aktorzy oraz gotowe już bazy głosów
[20:22:45] <Mordecz> ale one kosztują :V
[20:23:34] <Mordecz> ponadto trzeba czekać na rozwój sieci neuronowych w celu poprawienia systemu samouczenia komputerów
[20:24:06] <Mordecz> słowem: dużo z tym pierdzielenia :D
[20:24:28] <Eivel> Już są dość rozwinięte, tylko ciężko się je programuje. Sieć neuronowa od googla kilka lat temu sama puszczona na internet nauczyła się na początku rozpoznawać... koty
[20:24:37] <Eivel> wyrobiła sobie ideę kota, wiedziała gdzie koty są
[20:25:26] <Eivel> http://www.eetimes.com/document.asp?doc_id=1266579  Nie ogólnie internet, a filmy
[20:27:16] <Eivel> To tak ad ciekawostek. A co do samego pozyskiwania głosu, to powinieneś mieć dobre warunki do nagrywania (na meecie cichy pokój i izolacja echa jakimś kocem). Choć i tu można się zastanawiać, czy taki system powinien mieć "czyste" nagrania i symulować rózną akustykę pomieszczeń, czy rózne próbki akustyki powinny być predefiniowane
[20:27:55] <Eivel> Nie znam sie na obróbce dźwięku, więc nie wiem jak na tych trzech płaszczyznach odbija się kwestia akustyki
[20:28:07] *** Quits: Pony_9 (Pony_9@Pony-h1tg3t.adsl.tpnet.pl) (Ping timeout: 121 seconds)
[20:30:29] <Mordecz> w rozwiązaniach teoretycznych najlepiej nagrywać dźwięk pozbawiony efektów tła
[20:30:55] <Mordecz> potem dopiero można z nimi iść "do ludzi"
[20:36:40] *** Quits: Pony_1 (Pony_1@Pony-dpi0rs.dynamic.mm.pl) (Ping timeout: 121 seconds)
[20:43:03] <Mordecz> Dobra, pora na mnie. Papatki
[20:43:08] *** Quits: Mordecz (Mordecz@Pony-vctoak.adsl.inetia.pl) (Quit: Page closed)
[20:43:09] <Eivel> powodzenia, narazie
[20:43:13] <Eivel> derp
[20:55:08] *** Joins: Delta3120 (Delta3120@Pony-7unsia.static.kolnet.eu)
[20:59:10] *** Quits: Delta3120 (Delta3120@Pony-7unsia.static.kolnet.eu) (Ping timeout: 121 seconds)
[21:19:10] *** Quits: LazyPony (LazyPony@Pony-03u30e.adsl.tpnet.pl) (Quit: Page closed)
[21:40:30] <Ashley`> tak szczerze mówiąc
[21:40:53] <Ashley`> to zwracałeś uwagę na to, że problemem będzie samo robienie herbaty
[21:41:01] <Ashley`> to chyba jednak najmniejszy problem xD
[21:45:50] <Eivel> Jestem leniwy, więc takie urządzenie musiałoby być maksymalnie automatyczne :P
[21:47:05] <Eivel> Tak patrząc od stroyn użytkonwnika
[21:47:27] <Ashley`> no tak
[21:47:32] <Ashley`> ale to nie jest nic skomplikowanego
[21:47:43] <Ashley`> tylko trzeba mieć odpowiednią ilość czasu i części xD
[21:47:58] <Eivel> wszytko można tak określić :P
[21:48:03] <Ashley`> no w sensie
[21:48:20] <Ashley`> chodzi mi o to
[21:48:34] <Ashley`> że wiemy jak zaparzyć herbate, i to nie jest skomplikowane jakoś
[21:48:44] <Ashley`> ruchy i tak dalej się powtarzają etc
[21:49:03] <Ashley`> a rozpoznawanie nastroju po głosie
[21:49:21] <Ashley`> well, samo rozpoznawanie mowy miewa problemy xD
[21:49:22] <Eivel> Ale składników i dawkowania jest multum. Sposobów zalewania też. Nawet chyba więcej niż w przypadku kawy
[21:49:42] <ElectricPsoras> zależy jak kto lubi herbatę
[21:49:44] <Ashley`> no ale ekspress do kawy nie potrafi zaparzyc kazdej kawy i nikt sie tym nie przejmuje
[21:49:54] <ElectricPsoras> u mnie są trzy podstawowe składniki: herbata, cytryna i cukier
[21:49:56] <Ashley`> nie potrzeba wszystkich, lol
[21:50:01] <Ashley`> ElectricPsoras: u mnie to samo :D
[21:50:07] <Ashley`> ElectricPsoras: do tego jeszcze kubek z piesełem
[21:51:05] <Eivel> Ja tam jeszcze często kombinuję z bawarkami z cynamonem czy imbirem
[21:51:21] <Eivel> Ashley`: Oczywiście nie ma być wszystkich, ale choć kilka rodzajów na dany nastrój
[21:51:30] <Eivel> Inaczej szybko by się każdemu użytkownikowi znudziło taki cos
[21:51:37] <Ashley`> nie wiem
[21:51:46] <Ashley`> od lat pije taką samą herbatę
[21:51:48] <Ashley`> xD
[21:53:04] <Eivel> Jeśli mówimy o herbacie do kolacji, czy ot tak do napicia się, to też nie wydziwiam. Ale jak parzy się herbatę dla smaku, gdzie ona jest głównym "daniem", to jednak warto spróbować czegoś nowego
[21:54:13] <Eivel> Ashley`: https://www.youtube.com/user/mailpatpl  zobacz sobie kilka pozycji z jego kanału
[21:55:01] *** Quits: Andragor (Andrabot@Pony-16fg6i.adsl.inetia.pl) (Connection closed)
[21:55:03] <Ashley`> q20:24 <Eivel> Już są dość rozwinięte, tylko ciężko się je programuje. Sieć neuronowa od googla kilka lat temu sama puszczona na internet nauczyła się na początku rozpoznawać... koty
[21:55:14] <Ashley`> "Już są dość rozwinięte, tylko ciężko się je programuje. koty"
[21:55:16] <Ashley`> xD
[21:55:22] <Ashley`> i find this funny
[21:55:31] <Eivel> xD
[21:56:30] <McKey> to jak się nudzicie to powiedzcie ży może być https://www.youtube.com/watch?v=ffTm2B8TXSc
[22:00:20] <Eivel> McKey: ale co to?
[22:00:34] <McKey> Intro do 2 paneli co mam z MLK
[22:02:01] <Eivel> strasznie rozpikselowany ten napis po powiększeniu na początku, nie masz wektora?
[22:02:33] <McKey> To jest "draw" render :P
[22:03:34] <McKey> a wektora nigdy nie było
[22:27:35] *** BlackBird is now known as cyka
[22:27:50] <cyka> hehe
[22:32:01] *** cyka is now known as RainbowTankBird
[22:32:16] <RainbowTankBird> tenczowa kraina z czolgami! wot blitz!
[22:33:29] <ElectricPsoras> Equestria w mojej interpretacji wcale taka bajkowa nie jest :P
[22:33:41] <ElectricPsoras> więc czołgi nie byłyby tak strasznie nie na miejscu
[22:33:58] <ElectricPsoras> z drugiej strony nie jest też jakimś piekłem na ziemi
[22:34:03] <ElectricPsoras> jest... normalna :>
[23:09:43] <RainbowTankBird> meh...
[23:09:47] <RainbowTankBird> ja o tym mowie
[23:09:49] <RainbowTankBird> http://imgur.com/nsijSDP.jpg
[23:11:21] *** Quits: ElectricPsoras (Thunderbird@Pony-2ng5bv.adsl.tpnet.pl) (Quit: Bye horsies!)
[23:15:33] <RainbowTankBird> xd
[23:15:38] <RainbowTankBird> przestraszyl sie tego
