[00:01:37] *** Quits: FlutterBot (ircbot@Pony-qde.kom.243.162.IP) (Connection closed)
[00:02:02] *** Joins: FlutterBot (ircbot@Pony-qde.kom.243.162.IP)
[00:02:03] *** Pinkamena sets mode: +v FlutterBot
[00:08:26] *** Quits: FlutterBot (ircbot@Pony-qde.kom.243.162.IP) (Quit: !restart zarzƒÖdzone przez mkr)
[00:08:50] *** Joins: FlutterBot (ircbot@Pony-qde.kom.243.162.IP)
[00:08:50] *** Pinkamena sets mode: +v FlutterBot
[01:56:12] *** Quits: FlutterBot (ircbot@Pony-qde.kom.243.162.IP) (Connection closed)
[02:04:29] *** Joins: FlutterBot (ircbot@Pony-qde.kom.243.162.IP)
[02:04:30] *** Pinkamena sets mode: +v FlutterBot
[02:04:57] *** Quits: FlutterBot (ircbot@Pony-qde.kom.243.162.IP) (Connection closed)
[02:09:45] *** Joins: FlutterBot (ircbot@Pony-qde.kom.243.162.IP)
[02:09:45] *** Pinkamena sets mode: +v FlutterBot
[02:12:29] *** Quits: FlutterBot (ircbot@Pony-qde.kom.243.162.IP) (Connection closed)
[02:13:24] *** Joins: FlutterBot (ircbot@Pony-qde.kom.243.162.IP)
[02:13:25] *** Pinkamena sets mode: +v FlutterBot
[02:18:50] *** Quits: FlutterBot (ircbot@Pony-qde.kom.243.162.IP) (Connection closed)
[02:27:12] *** Joins: FlutterBot (ircbot@Pony-qde.kom.243.162.IP)
[02:27:12] *** Pinkamena sets mode: +v FlutterBot
[02:47:43] *** Quits: FlutterBot (ircbot@Pony-qde.kom.243.162.IP) (Connection closed)
[02:48:25] *** Joins: FlutterBot (ircbot@Pony-qde.kom.243.162.IP)
[02:48:26] *** Pinkamena sets mode: +v FlutterBot
[03:00:32] *** Quits: mkr (mkr@Pony-mi212b.vibiznes.pl) (Quit: leaving)
[03:01:26] *** Joins: mkr (mkr@Pony-mi212b.vibiznes.pl)
[03:01:26] *** Pinkamena sets mode: +qo mkr mkr
[15:50:21] *** Joins: Wolferain (Wolferain@Pony-05qqdn.internetia.net.pl)
[15:50:45] <Wolferain> witam poddani
[15:50:51] <Wolferain> jest audycja?
[16:15:21] *** Joins: Andragor (Andrabot@Pony-bef05k.adsl.inetia.pl)
[16:19:04] *** Quits: Wolferain (Wolferain@Pony-05qqdn.internetia.net.pl) (Quit: Leaving)
[17:49:31] *** Joins: swak (~swak@Pony-m5bsqv.dynamic.chello.pl)
[17:49:51] <swak> siema
[17:52:27] *** Quits: swak (~swak@Pony-m5bsqv.dynamic.chello.pl) (Quit: Page closed)
[17:53:04] *** Joins: ziom5 (ziom5@Pony-m5bsqv.dynamic.chello.pl)
[17:53:18] <ziom5> siema
[17:59:21] *** Quits: ziom5 (ziom5@Pony-m5bsqv.dynamic.chello.pl) (Ping timeout: 121 seconds)
[19:17:45] *** Quits: Hck (Hexie@Twilight.Is.Best.Pony) (Quit: WeeChat 1.1-dev)
[19:22:00] *** Joins: Proenix (Proenix@proenix.pl)
[19:23:24] <Proenix> Ave
[19:43:54] *** Joins: Flutterka (ircbot@Pony-mi212b.vibiznes.pl)
[19:43:54] *** Pinkamena sets mode: +v Flutterka
[19:54:54] *** Quits: Flutterka (ircbot@Pony-mi212b.vibiznes.pl) (Quit: Shutting down... (ordered at Console))
[19:58:58] *** Joins: Flutterka (ircbot@Pony-mi212b.vibiznes.pl)
[19:58:58] *** Pinkamena sets mode: +v Flutterka
[19:59:39] *** Quits: Flutterka (ircbot@Pony-mi212b.vibiznes.pl) (Quit: Shutting down... (ordered at Console))
[20:09:40] *** Joins: Flutterka (ircbot@Pony-mi212b.vibiznes.pl)
[20:09:41] *** Pinkamena sets mode: +v Flutterka
[20:10:10] *** Quits: Flutterka (ircbot@Pony-mi212b.vibiznes.pl) (Quit: Shutting down... (ordered at Console))
[20:11:07] *** Joins: Flutterka (ircbot@Pony-mi212b.vibiznes.pl)
[20:11:08] *** Pinkamena sets mode: +v Flutterka
[20:14:10] *** Joins: Lazy_ (Lazy@Pony-t2mp3j.adsl.tpnet.pl)
[20:14:16] <Lazy_> good morning
[20:19:17] <mkr> Witaj Lazy.
[20:19:38] *** Quits: Flutterka (ircbot@Pony-mi212b.vibiznes.pl) (Quit: Shutting down... (ordered at Console))
[20:23:41] <Lazy_> widze ze jednak mordecz dosta sie na MLK jako osoba medialna xd
[20:28:58] <mkr> A czemu mia≈Ç siƒô nie dostaƒá?
[20:29:02] *** Joins: BrotherPunk (IceChat77@Pony-5bffo1.tvk.wielun.pl)
[20:29:12] <BrotherPunk> Hello!
[20:29:18] <mkr> Cze≈õƒá.
[20:29:38] <Lazy_> jeszcze wrzoraj mowil ze nie zostal zaproszony 
[20:29:59] <Lazy_> ale co mnie to obchodzi i tak omina mnie wszystkie wyklady, nienawidze zycia ;_;
[20:30:03] <BrotherPunk> Ktoú jeszcze oprÛcz mnie siÍ juø pakuje na MLK? :P
[20:30:03] <mkr> Jak on wej≈õci√≥wkƒô medialnƒÖ ma od dawna.
[20:30:16] <mkr> Mordecz lubi byƒá skromny.
[20:30:29] <mkr> Jutro bƒôdƒô siƒô pakowa≈Ç.
[20:30:47] <Lazy_> :c nienawidze
[20:30:48] *** Joins: Rainbow (Rainbow@Pony-g523f0.adsl.tpnet.pl)
[20:31:13] <mkr> Teraz staram siƒô naprawiƒá SZP, ale wƒÖtpiƒô aby mi siƒô uda≈Ço. Problem jest zbyt mocno zakorzeniony w kodzie.
[20:31:15] <Rainbow> da siƒô jakio≈õ zalogowaƒá??
[20:31:17] *** Rainbow is now known as Pony_44671
[20:31:26] <BrotherPunk> Heh, spotka≥em Snitcha w Manchesterze
[20:31:40] <BrotherPunk> Na øywo to trochÍ dziwny koleú
[20:31:54] <Pony_44671> living tombstone jest najlepszy
[20:31:55] <BrotherPunk> Ktoú pamiÍta jeszcze Snitcha? :P
[20:31:56] <mkr> Rainbow, /msg NickServ identify [has≈Ço]
[20:32:13] <Pony_44671> ??
[20:32:25] <mkr> Pyta≈Çe≈õ jak siƒô zalogowaƒá.
[20:32:51] <mkr> BP, wiƒôkszo≈õƒá go pamiƒôtaƒá nie bƒôdzie, bo zrobi≈Ç u nas raptem 2 audycje po czym ola≈Ç sprawƒô.
[20:32:56] <BrotherPunk> Albo po prostu /ns identify haslo
[20:33:10] <BrotherPunk> W ogÛle to dziwny koleú
[20:33:21] <Lazy_> tja, mkr pamietajcie o fotce, prosze :3
[20:33:35] <BrotherPunk> £azi≥ wszÍdzie z maskotkπ swojego OC i jak tylko mnie zobaczy≥ to dotylka≥ mnie niπ 
[20:33:52] <mkr> Ahm
[20:34:09] <BrotherPunk> W przyzwoite miejsca, ma siÍ rozumieÊ :P
[20:34:21] <mkr> Ahm x2
[20:36:00] <Lazy_> ide, do wtorku! :D
[20:36:12] *** Joins: ElectricPsoras (Thunderbird@Pony-1d7qh4.adsl.tpnet.pl)
[20:36:21] <mkr> Bai Lazy.
[20:36:32] <mkr> No nic, wracam do naprawiania, ale ciƒô≈ºko to widzƒô.
[20:37:05] <BrotherPunk> Co naprawiasz, mkr?
[20:37:13] <mkr> http://radioyay.net/request/
[20:40:02] *** Quits: Lazy_ (Lazy@Pony-t2mp3j.adsl.tpnet.pl) (Ping timeout: 121 seconds)
[20:41:35] <Pony_44671> da siƒô sluchaƒá radia yay na kom√≥rce?
[20:41:46] <BrotherPunk> Fakt, zamÛwi≥em 2 piosenki i nie wesz≥y
[20:41:52] <Pony_44671> sorry jestem nowy
[20:42:02] <mkr> Da siƒô. Aplikacja TuneIN na smartfony.
[20:42:12] <mkr> BP, zam√≥wienia dzia≈ÇajƒÖ.
[20:42:16] <Pony_44671> u
[20:42:18] <mkr> Po prostu b≈Çƒôdnie wszystko wy≈õwietla.
[20:42:32] <BrotherPunk> Ewentualnie EFN ma swojπ aplikacjÍ do tego
[20:42:38] <BrotherPunk> Huh
[20:42:40] <Pony_44671> morzemy zamawiaƒá na czacie?
[20:43:01] <mkr> Teoretycznie mo≈ºna zamawiaƒá przez czat, ale jest to toporne, bo wy≈õwietlajƒÖ siƒô nazwy plik√≥w.
[20:43:03] <BrotherPunk> Nie, tylko przez stronkÍ
[20:43:15] <Pony_44671> o
[20:43:18] <BrotherPunk> Yay! Jest moja piosenka!
[20:43:25] <Pony_44671> super
[20:43:34] <Pony_44671> epicka
[20:43:37] <mkr> No, jak m√≥wi≈Çem - system dzia≈Ça, ale nie wy≈õwietla siƒô poprawnie kolejka.
[20:44:31] *** Quits: Pony_44671 (Rainbow@Pony-g523f0.adsl.tpnet.pl) (Quit: Page closed)
[20:45:08] *** Joins: jack (jack@Pony-g523f0.adsl.tpnet.pl)
[20:45:54] <jack> o dzia≈Ça mi nick to ja jestem od tego zmieniania nicka na czacie
[20:46:58] <jack> co nastƒôpne bo niedzia≈ÇƒÖ kolejka???
[20:47:30] <BrotherPunk> I kolejna moja
[20:47:41] <BrotherPunk> Ostatnio moje 2 ulubione piosenki :P
[20:47:51] <jack> :)
[20:49:05] <McKey> BrotherPunk>> œÄƒÖ≈õ≈º≈∫ƒá‚Üí√≥≈Ç
[20:49:21] <McKey> a tak to hej wszystkim xD
[20:49:40] <jack> cze≈õƒá
[20:49:45] <McKey> !rating 4
[20:49:51] <McKey> .... a to dalej niet
[20:50:02] *** Quits: jack (jack@Pony-g523f0.adsl.tpnet.pl) (Quit: Page closed)
[20:50:33] *** Joins: jack (~jack@Pony-g523f0.adsl.tpnet.pl)
[20:51:22] <jack> niez≈Çe
[20:51:28] <McKey> 1 dni 12 godzin 8 minut 35 sekund 
[20:51:39] <jack> do czego
[20:52:18] <McKey> do Eventu
[20:53:15] <jack> jakiego
[20:53:16] <jack> ?
[20:53:27] <jack> rainbow rocks??
[20:53:29] <McKey>  nieaktywny 166:02:11, ... serio? ≈Åadny AFK
[20:53:34] <McKey> MLK
[20:53:42] <jack> mlk??
[20:53:49] <McKey> http://mlk2014.pl
[20:56:28] <McKey> BrotherPunk>> masz kiego≈õ mixa na to aby nie pa≈õƒá na twarz?
[21:01:05] <BrotherPunk> ?
[21:01:25] <BrotherPunk> A o co dok≥adniej chodzi?
[21:01:46] <BrotherPunk> Jakaú nuta, ktÛra nie pozwoli zasnπÊ?
[21:04:19] <McKey> ta
[21:04:30] <McKey> i .... nie pisz polskich znak√≥w :P
[21:04:49] <mkr> A czemu ma nie pisaƒá?
[21:05:32] <McKey> http://i.imgur.com/suA7ZP5.png
[21:06:43] <mkr> To sobie zmie≈Ñ kodowanie, bo najwyra≈∫niej masz spieprzone.
[21:13:47] <BrotherPunk> Ja teø
[21:13:52] *** Quits: jack (~jack@Pony-g523f0.adsl.tpnet.pl) (Ping timeout: 121 seconds)
[21:14:08] <BrotherPunk> Korzystam z IceChat i chrzani mi polskie literki
[21:14:09] <McKey> ja mam dobrƒô xD
[21:19:31] <mkr> Dziwne, bo u mnie nie masz krzak√≥w.
[21:21:20] *** Joins: Scarlett (~Scarlett@Pony-ndepms.speed.planet.nl)
[21:21:43] <McKey> to ci powiem ≈ºe mi na 3 klientach rozwala siƒô lekko
[21:32:18] <Ashley> u mnei te≈º ma krzoki :v
[21:33:26] *** Quits: Scarlett (~Scarlett@Pony-ndepms.speed.planet.nl) (Ping timeout: 121 seconds)
[21:39:31] <BrotherPunk> Ehh...
[21:39:37] <BrotherPunk> Wiem co zrobiÍ!
[21:39:47] <BrotherPunk> Time to change to English!
[21:40:02] <BrotherPunk> There's no Polish letter letters :D
[21:40:18] <BrotherPunk> *-letter
[21:40:51] <McKey> !rating 6
[21:40:56] <McKey> ;_;
[21:42:37] <McKey> e... jest 10 w kolejce dobrze widzƒô?
[22:01:04] *** Quits: Proenix (Proenix@proenix.pl) (Quit: Leaving)
[22:04:36] *** Quits: BrotherPunk (IceChat77@Pony-5bffo1.tvk.wielun.pl) (Quit: When the chips are down, well, the buffalo is empty)
[22:27:14] *** Quits: ElectricPsoras (Thunderbird@Pony-1d7qh4.adsl.tpnet.pl) (Ping timeout: 121 seconds)
[22:36:20] *** Joins: ElectricPsoras (Thunderbird@Pony-1d7qh4.adsl.tpnet.pl)
[22:44:05] *** Quits: Andragor (Andrabot@Pony-bef05k.adsl.inetia.pl) (Quit: Brohoof /)*)
[22:55:29] *** Quits: ElectricPsoras (Thunderbird@Pony-1d7qh4.adsl.tpnet.pl) (Quit: Bye, horsies!)
[23:07:26] *** Joins: ElectricPsoras (Thunderbird@Pony-1d7qh4.adsl.tpnet.pl)
[23:35:51] *** Joins: Hck (Hexie@Twilight.Is.Best.Pony)
[23:57:09] *** Quits: ElectricPsoras (Thunderbird@Pony-1d7qh4.adsl.tpnet.pl) (Quit: Bye horsies!)
