[00:26:05] *** Quits: Tivolt (~Tivolt@Pony-bfbckb.adsl.tpnet.pl) (Ping timeout: 121 seconds)
[01:09:14] *** Quits: Andragor (Andrabot@Pony-16fg6i.adsl.inetia.pl) (Quit: Brohoof /)*)
[11:08:02] *** Joins: Andragor (Andrabot@Pony-16fg6i.adsl.inetia.pl)
[11:32:14] <BlackBird> hai
[18:06:19] *** Joins: ArchPegasusMichael (ArchPegasus@Keep.In.A.Friendly.And.Pony.Place)
[18:30:53] *** Quits: BlackBird (black@Luna.is.Your.Princess) (Ping timeout: 121 seconds)
[18:50:24] *** Joins: BlackBird (PiesekLesze@Luna.is.Your.Princess)
[19:03:50] *** Quits: Andragor (Andrabot@Pony-16fg6i.adsl.inetia.pl) (Ping timeout: 121 seconds)
[21:02:22] *** Joins: Nishi (Nishi@Pony-7m6f38.7.ktmtelekom.pl)
[21:02:22] *** Pinkamena sets mode: +v Nishi
[21:02:27] <Nishi> Witam
[21:24:09] *** Joins: Proenix (Proenix@proenix.pl)
[21:24:23] <Proenix> ave
[21:47:13] *** Joins: Pony_8 (~Pony_8@Pony-n8g6fg.dynamic-ra-1.vectranet.pl)
[21:55:23] *** Joins: Pan_Kalos (Pan_Kalos@Pony-fhngsi.adsl.inetia.pl)
[21:55:27] *** Joins: Mels (Mels@Pony-59a.pt4.174.5.IP)
[21:55:50] *** Quits: Pan_Kalos (Pan_Kalos@Pony-fhngsi.adsl.inetia.pl) (Quit: Page closed)
[21:55:58] *** Joins: Pan_Kalosz (Pan_Kalosz@Pony-fhngsi.adsl.inetia.pl)
[21:56:30] <Mels> hello
[21:59:26] <Pan_Kalosz> ahoj
[22:01:00] *** Joins: star_shimmer (~star_shimme@Pony-ua4065.adsl.tpnet.pl)
[22:01:30] *** Joins: Tokitok210 (Tokitok210@Pony-ao2sc7.adsl.tpnet.pl)
[22:01:43] <Mels> Nishi! Żyjesz:D
[22:01:44] <Tokitok210> Dobry wieczór wszystkim
[22:02:17] <Mels> cześć tokitok :)
[22:02:23] <star_shimmer> siemka
[22:02:39] <Tokitok210> Cześć mels
[22:03:08] <Mels> No wiesz... 21:02 ;)
[22:03:22] <Mels> *22:02
[22:03:29] <star_shimmer> a bedziesz 13ego we wroclawiu?
[22:03:32] <Tokitok210> Legendarny lunarny NES
[22:04:07] <star_shimmer> szkoda
[22:05:17] *** Joins: MrRaiN (mrrain@Pony-b439op.adsl.tpnet.pl)
[22:05:24] <MrRaiN> dzieńdobry /)
[22:06:05] <Tokitok210> Obyś w akcie desperacji nie wziął sie za Fallout Equestria rozdział 20,5 ( serio nie czytaj tego) i nie będziesz czytał ,, po prostu mi zaufaj"?, eh...szkoda
[22:06:31] <Tokitok210> Nie nie ominąłem
[22:06:45] <Tokitok210> Byłem na tej audycji
[22:06:47] <Mels> ostatnie tłumaczenie a-toma "run" jest super ;)
[22:06:57] <Tokitok210> I ten fragment był no na poziomie
[22:08:05] <Tokitok210> To nie derpy to discord
[22:08:06] <star_shimmer> wow
[22:09:00] *** Quits: star_shimmer (~star_shimme@Pony-ua4065.adsl.tpnet.pl) (Quit: Page closed)
[22:14:50] <Pan_Kalosz> chyba safandułę
[22:28:23] *** Quits: Proenix (Proenix@proenix.pl) (Quit: Leaving)
[22:31:37] *** Quits: Mels (Mels@Pony-59a.pt4.174.5.IP) (Quit: Page closed)
[22:31:41] <MrRaiN> +
[22:40:39] <Ashley`> potrzebuje dwie nazwy przedmiotów, które małe dziecko może mylić. w oryginale mam "pretzel" i "pencil"
[22:42:52] <Ashley`> halp plox
[22:47:44] *** Quits: MrRaiN (mrrain@Pony-b439op.adsl.tpnet.pl) (Ping timeout: 121 seconds)
[22:55:42] *** Joins: Red_Eye (Red_Eye@Pony-g5m.hjj.29.185.IP)
[22:55:54] <Red_Eye> siema
[22:56:11] <McKey> nic sie nie dzieje to ide
[23:04:30] <Tokitok210> Jaki tu spokój na na na na, Nic się nie dzieje na na na na.........
[23:05:06] <Eivel> Ashley`: możesz jaśniej?
[23:05:09] <Eivel> dobry, swoją drogą
[23:05:39] <Ashley`> mam już
[23:05:41] <Ashley`> nieważne
[23:05:44] <Ashley`> Eivel: tłumacze coś :P
[23:06:04] <Eivel> aha 
[23:09:54] *** Quits: Pony_8 (~Pony_8@Pony-n8g6fg.dynamic-ra-1.vectranet.pl) (Ping timeout: 121 seconds)
[23:11:24] <Tokitok210> zna ktoś tą piosenkę?
[23:15:20] *** Joins: Tivolt (Tivolt@Pony-j4mrja.adsl.tpnet.pl)
[23:22:39] *** Quits: Tokitok210 (Tokitok210@Pony-ao2sc7.adsl.tpnet.pl) (Quit: Page closed)
[23:23:00] *** Joins: Tokitok210 (Tokitok210@Pony-ao2sc7.adsl.tpnet.pl)
[23:27:09] <Ashley`> branoc
[23:27:17] <Red_Eye> pa
[23:27:19] <Pan_Kalosz> i jeszcze mi powiecie, że to jest prawdziwe :|
[23:27:23] <Pan_Kalosz> pa
[23:34:31] *** Quits: Tivolt (Tivolt@Pony-j4mrja.adsl.tpnet.pl) (Quit: Page closed)
[23:43:41] * Pan_Kalosz slaps Nishi around a bit with a large fishbot
[23:43:55] <Nishi> A to za co?
[23:44:32] <Pan_Kalosz> za zadawanie pytań po akcie zostania spoliczkowanym
[23:45:16] <Nishi> Nie ma takiego policzkowania za czyn popełniony po nim. To nie uczciwe
[23:51:36] <Red_Eye> wszystko wina tusta
[23:51:45] <Red_Eye> tuska*
[23:59:07] <Pan_Kalosz> papa
[23:59:08] *** Quits: Pan_Kalosz (Pan_Kalosz@Pony-fhngsi.adsl.inetia.pl) (Quit: Page closed)
