[06:56:41] *** Joins: Annonik (Annonik@Pony-hel.mij.131.78.IP)
[07:00:55] *** Parts: Annonik (Annonik@Pony-hel.mij.131.78.IP) ("For NLR!")
[08:22:24] *** Joins: ChungIP (ChungIP@Pony-1l4ngo.v4.arkomnet.eu)
[08:22:30] <ChungIP> Siema
[08:25:38] <ChungIP> cisza
[08:31:41] *** Quits: ChungIP (ChungIP@Pony-1l4ngo.v4.arkomnet.eu) (Ping timeout: 121 seconds)
[16:26:57] *** Joins: ElectricPsoras (Thunderbird@Pony-2d6svf.adsl.tpnet.pl)
[16:28:05] *** Joins: ChungIP (ChungIP@Pony-1l4ngo.v4.arkomnet.eu)
[16:28:37] <ChungIP> Siema
[16:30:15] <ChungIP> Batty and Pony Rock
[16:32:51] <McKey> hejo
[16:32:59] <ChungIP> Co tam?
[16:33:02] *** Joins: Annonik (Annonik@Pony-hel.mij.131.78.IP)
[16:33:07] <McKey> a jakoś
[16:33:13] <McKey> 9h w szkole
[16:33:20] <McKey> i tak co tydzień :3
[16:33:39] <Annonik> Ja mam lepiej bo 7 :P
[16:33:42] <McKey> ale za to jutro 7h specjalizacji
[16:34:18] <Annonik> ChungIP>>Ty dodajesz do kilejki piosenki?
[16:34:23] <ChungIP> Ja rozpoczynam dopiero 13 bo chodzę co 2 tydzien w sobote i niedziele
[16:34:34] <ChungIP> Ja dodałem tylko Batty i Pony Rock
[16:35:06] <McKey> a ja jem ruskie
[16:35:15] <McKey> pierogi oczywiście
[16:36:00] <ChungIP> ok
[16:38:27] <Annonik> ruskie to wolałbym czołgi niszczyć :P
[16:38:40] *** Quits: Annonik (Annonik@Pony-hel.mij.131.78.IP) (Quit: Page closed)
[16:38:52] <McKey> :P
[16:38:58] <McKey> pierogi też dobre
[16:40:26] <ChungIP> Everypony's in the club tonight. We're gonna keep on having a good time. We got some help from Pinkie Pie with Vinyl Scratch and Neon-on-on Lights. 
[16:44:28] *** Quits: ChungIP (ChungIP@Pony-1l4ngo.v4.arkomnet.eu) (Ping timeout: 121 seconds)
[17:16:59] *** Quits: ElectricPsoras (Thunderbird@Pony-2d6svf.adsl.tpnet.pl) (Ping timeout: 121 seconds)
[17:19:08] *** Joins: ElectricPsoras (Thunderbird@Pony-jobv21.adsl.tpnet.pl)
[17:42:13] *** Joins: Proenix (Proenix@proenix.pl)
[17:42:17] <Proenix> Ave
[17:46:35] *** Quits: ElectricPsoras (Thunderbird@Pony-jobv21.adsl.tpnet.pl) (Ping timeout: 121 seconds)
[17:54:55] *** Joins: ChungIP (ChungIP@Pony-1l4ngo.v4.arkomnet.eu)
[17:55:03] * ChungIP czeka na udycje
[17:55:53] *** Joins: ElectricPsoras (Thunderbird@Pony-jobv21.adsl.tpnet.pl)
[17:56:23] <ChungIP> Siema
[17:56:41] <ChungIP> audycje*
[18:08:02] *** Quits: ElectricPsoras (Thunderbird@Pony-jobv21.adsl.tpnet.pl) (Ping timeout: 121 seconds)
[18:14:47] *** Joins: ElectricPsoras (Thunderbird@Pony-jobv21.adsl.tpnet.pl)
[18:20:42] <ChungIP> Cisza
[18:29:48] *** Quits: ElectricPsoras (Thunderbird@Pony-jobv21.adsl.tpnet.pl) (Ping timeout: 121 seconds)
[18:35:42] *** Joins: Lowsignal (Lowsignal@Pony-a14s15.bb.online.no)
[18:36:40] *** Joins: Pony_5 (Pony_5@Pony-l69955.cdma.centertel.pl)
[18:37:07] *** Quits: Pony_5 (Pony_5@Pony-l69955.cdma.centertel.pl) (Quit: Page closed)
[18:37:35] *** Joins: Storm (Storm@Pony-s4oi5u.smgr.pl)
[18:37:42] <ChungIP> Siema
[18:37:49] <Storm> jesteś tom????
[18:37:51] * Lowsignal slaps Storm around a bit with a large fishbot
[18:37:58] *** Joins: ElectricPsoras (Thunderbird@Pony-jobv21.adsl.tpnet.pl)
[18:39:15] <ChungIP> Kto?
[18:41:49] <ChungIP> Jak robicie porpozycje na to Ponyliste miesiaca?
[18:43:32] *** Quits: Lowsignal (Lowsignal@Pony-a14s15.bb.online.no) (Quit: Page closed)
[18:43:43] *** Joins: Lowsignal (Lowsignal@Pony-a14s15.bb.online.no)
[18:43:48] *** Joins: Lazy (Lazy@Pony-2q048e.adsl.tpnet.pl)
[18:43:58] <Lazy> hej
[18:44:14] <Lazy> cxzemu wyglad czata sie zmienil?
[18:44:26] <Lowsignal> Bo zmienili
[18:44:27] <ChungIP> Juz od kilku dni jest taki
[18:44:33] <Lazy> why
[18:44:58] <ChungIP> Aaa to ty LazyPony hej ;)
[18:45:11] <Lazy> ee, hej? xD
[18:45:50] <Lazy> mkr czemu czat jest ...taki? xD
[18:46:01] *** Quits: ElectricPsoras (Thunderbird@Pony-jobv21.adsl.tpnet.pl) (Ping timeout: 121 seconds)
[18:46:19] <Lazy> dzis audycja, nie? :3
[18:46:25] <ChungIP> No za 15 minut 
[18:46:30] <ChungIP> "Tak to leciało":
[18:46:41] <ChungIP> Trzeba punkciory zbierać
[18:46:48] <ChungIP> Muszę pobic swoje 3 pkt 
[18:47:24] *** Joins: FireSky (FireSky@Pony-2ka6m8.adsl.tpnet.pl)
[18:47:33] <ChungIP> Zapomniałem kto tydzien temu wygrał
[18:47:47] <FireSky> Hejka witam :)
[18:47:54] <ChungIP> Hej
[18:48:24] <Lowsignal> Dobry wieczór :)
[18:49:11] <ChungIP> Ciekawe czy ktoś wie skad jest mój nick
[18:49:47] <Lazy> o hej fire
[18:50:05] <Lazy> ilu ludziow bedzie gralo? :D
[18:50:14] <Storm> witam :D
[18:50:26] <Lowsignal> kilku na pewno :D
[18:50:37] <Lazy> I can slap?
[18:50:38] <ChungIP> Ciekawie czy będzie jak ostatnio ze poł godziny do konca i któs wyprzedza połowe uczestników
[18:50:40] * Lazy slaps ChungIP around a bit with a large fishbot
[18:50:50] <ChungIP> rly
[18:50:50] <Lazy> hahahah xXD
[18:51:17] <Lazy> takie prawdziwe xD
[18:51:26] <Storm> o czym gadacie? ;)
[18:51:38] * Lowsignal slaps Storm around a bit with a large fishbot
[18:51:39] <Lazy> slapie chunga xD
[18:51:51] <Storm> oki XD
[18:52:22] <Storm> z ile tak to leciało???
[18:52:27] *** Joins: maslo (maslo@Pony-jqa.tqd.121.188.IP)
[18:52:27] <ChungIP> Naprawde co za troll dał Loyalty iinstrumental
[18:52:36] <Lowsignal> 8 minut
[18:52:39] <maslo> Siemka.
[18:52:53] <Storm> dzieki :D
[18:52:58] <ChungIP> Juz lepiej było dac Loyalty a nie Loyalty instrumental
[18:53:10] * ChungIP słucha https://www.youtube.com/watch?v=3DrqqtacO5U
[18:53:21] <Storm> niektóży lubią bardziej instrumental :) 
[18:53:26] <Lazy> o witam pana maslo
[18:53:38] <maslo> Witaj księżniczko :P
[18:53:44] <ChungIP> Deadpool: Magneto... Welcome to Die
[18:53:51] <Lazy> loyalty to ty sie dzis nasluchasz, spokojnie xD
[18:54:14] <Storm> :P
[18:54:19] <Lazy>  MASLO #scute
[18:54:25] <maslo> Było tydzień temu (musiałem ominąć audycję :( )
[18:54:34] <ChungIP> Pomyślcie jakby Deadpool byłby w MLP xd
[18:54:44] <ChungIP> Pinkie Pie vs Deadpool
[18:54:51] <Storm> ale fajne to! dajcie link z piosenką pełną!!
[18:55:06] <ChungIP> Niszczenie 4 ściany w gwarancji
[18:55:20] <maslo> Masz tytuł, wykonawcę... czego chcieć więcej?
[18:55:27] <Storm> racja XD
[18:55:38] <Lazy> jak ja mam ...
[18:55:53] *** Joins: Andragor (Andrabot@Pony-t03pqe.adsl.inetia.pl)
[18:55:54] <Lazy> aaa nie umiem tu nic robic xD
[18:56:03] <Lazy> HEJ Andragor 
[18:56:08] <Andragor> Witam.
[18:56:13] <ChungIP> Hej
[18:56:16] <maslo> Halo? Było Loyalty tydzień temu? :P
[18:56:18] <maslo> Czesć
[18:56:48] <Lazy> taak, czekaj, obczajam nowe czaty
[18:56:52] <FireSky> Zawsze jest
[18:57:08] <ChungIP> Zmniełem sobie kolor tła czatu na bardziej zielony
[18:57:12] *** Joins: Pony_Brony (Pony_Brony@Pony-o143ec.dynamic.t-mobile.pl)
[18:57:31] <ChungIP> https://www.youtube.com/watch?v=Are2uSLBRs0 xd
[18:57:55] <Lazy> a ja na hhróż
[18:58:35] <Lazy> ktos mi powie jak mam wejsc na priva? xD
[18:59:20] <ChungIP> po tym loylaty powinna byc już audycja
[18:59:35] <Lazy> o matko, na serio nie potrafie obslugiwac tego czata
[19:00:06] <ChungIP> go go go
[19:00:14] <Lazy> xD
[19:00:25] <Lowsignal> No ciężko z tym czatem
[19:00:27] <Lazy> a uczniowie jak tam poczatki roku? :D
[19:01:00] *** Joins: Bizonek^^ (Bizonek^^@Pony-46qr45.as13285.net)
[19:01:12] * Lowsignal slaps Lowsignal around a bit with a large fishbot
[19:01:18] <ChungIP> rly
[19:01:54] *** Quits: Storm (Storm@Pony-s4oi5u.smgr.pl) (Quit: Page closed)
[19:01:55] <ChungIP> Witam
[19:02:07] <maslo> Lazy, kliknij w nick
[19:02:40] *** Joins: HIBIXxSON (HIBIXxSON@Pony-musci1.adsl.inetia.pl)
[19:03:34] *** Joins: Pony_7 (Pony_7@Pony-ebnu00.adsl.tpnet.pl)
[19:03:41] *** Joins: Storm (Storm@Pony-s4oi5u.smgr.pl)
[19:03:42] *** Joins: kamcia2378 (kamcia2378@Pony-qj95lm.cdma.centertel.pl)
[19:04:13] <Storm> rainbow ractory
[19:04:13] <Lazy> rainbow factory remix? 
[19:04:14] <Lazy> xD
[19:04:16] <Bizonek^^> rainbow factory remix 
[19:04:16] <kamcia2378> hej
[19:04:23] *** Joins: Pony_6 (Pony_6@Pony-v3a6p4.adsl.tpnet.pl)
[19:04:25] <ChungIP> 130. Rainbow factory remix
[19:04:28] <Storm> rainbow factory remix
[19:04:31] *** Quits: Pony_6 (Pony_6@Pony-v3a6p4.adsl.tpnet.pl) (Quit: Page closed)
[19:04:40] *** Joins: MagneZS (MagneZS@Pony-v3a6p4.adsl.tpnet.pl)
[19:04:43] <Lazy> 8 bit rainbow factory? xD
[19:04:44] <kamcia2378> rainbow factory remix
[19:05:09] <Pony_Brony> Autor Aviators
[19:05:09] <Bizonek^^> remix by yoka
[19:05:22] <Bizonek^^> the changeling
[19:05:23] <ChungIP> WoodenToaster - Rainbow Factory (Aviators Remix)
[19:05:36] <Andragor> Rainbow Factory (Nightmare Fuel Remix) 
[19:05:37] <Lowsignal> Rainbow Factory (Nightmare Fuel Remix) 
[19:05:48] *** Joins: AnDeRsEn (AnDeRsEn@Pony-qq5evh.adsl.inetia.pl)
[19:05:48] <FireSky> -Lazy 1 pkt Andragor 2 pkt
[19:06:00] *** Quits: AnDeRsEn (AnDeRsEn@Pony-qq5evh.adsl.inetia.pl) (Quit: Page closed)
[19:06:07] <Lazy> 130! :D
[19:06:20] <FireSky> Andragor numerek ?
[19:06:21] <kamcia2378> Rainbow Factory (Nightmare Fuel Remix)
[19:06:24] <Andragor> 1
[19:06:56] <ChungIP> Mam 5 sek opóźnienie ;-;
[19:07:04] <ChungIP> na radiu
[19:07:21] *** Joins: Kolon02 (Kolon02@Pony-2dm5lo.adsl.tpnet.pl)
[19:07:43] <maslo> A radio 2min 1s
[19:08:09] <Storm> :D
[19:08:22] <Lazy> how applejack won the war
[19:08:35] <Kolon02> how applejack won the war
[19:08:43] *** Quits: HIBIXxSON (HIBIXxSON@Pony-musci1.adsl.inetia.pl) (Ping timeout: 121 seconds)
[19:08:45] <Andragor> Sherloc Pones - How Applejack Won the War
[19:08:46] *** Joins: AnDeRsEn (~AnDeRsEn@Pony-qq5evh.adsl.inetia.pl)
[19:08:56] *** Quits: AnDeRsEn (~AnDeRsEn@Pony-qq5evh.adsl.inetia.pl) (Quit: Page closed)
[19:08:57] <FireSky> -Lazy 1 pkt Andragor 2 pkt znów
[19:09:01] <maslo> Lazy, Ty robisz coś poza słuchaniem kucowej muzyki? :P
[19:09:13] <Andragor> 2
[19:09:21] <Storm> ja słucham ale nie znam zabardzo tytułów :(
[19:09:25] <ChungIP> Nie piscie  bo ma opóznienia xd
[19:10:44] <Lazy> duzo ludzi tak ma Storm xD
[19:10:56] <Storm> :( tak wiem
[19:11:06] <Andragor> The Super Duper Party Pony (174UDSI Remix)
[19:11:09] <FireSky> -
[19:11:13] <Andragor> 3
[19:11:28] <ChungIP> Andragon chyba  ma wh xd
[19:11:40] <ChungIP> Zgaduje piosenki jak szalony
[19:11:49] <maslo> Lazy, nie daj się.
[19:11:52] <Storm> znów znam ale nie pamiętam nazwy :((((((( mam problem
[19:12:46] <Lowsignal> Sweet Apple Acres - by MandoPony
[19:12:48] <Storm> nie znam :P
[19:13:02] <Storm> nie to niemożliwe że to ta piosenka
[19:13:12] <Storm> coś fluttershy
[19:13:39] <Lowsignal> o może mam  coś z radiem
[19:13:48] <Storm> nie wiem :|
[19:13:56] <FireSky> -Nikt
[19:13:57] <Kolon02> Piosenki nie znam ale autor to RabiesBun
[19:13:58] <Storm> ja mam oki
[19:14:01] <Bizonek^^> giggle at the gosty xD
[19:14:56] <maslo> To niech będzie loyalty :D
[19:15:00] <Storm> :P
[19:15:02] <Storm> nie
[19:15:16] *** Quits: Lowsignal (Lowsignal@Pony-a14s15.bb.online.no) (Quit: Page closed)
[19:15:28] *** Joins: Lowsignal (~Lowsignal@Pony-a14s15.bb.online.no)
[19:15:49] <Andragor> make it special
[19:15:54] <Lazy> something special
[19:15:56] <Lazy> xd]
[19:16:00] <Andragor> Foozogz - Make It Special (Reflection Mix)
[19:16:04] <FireSky> 2
[19:16:12] <ChungIP> Foozogz - Make It Special (Reflection Mix)
[19:16:15] <Bizonek^^> wy macie jakieś ultra klawiatury :v
[19:16:16] <FireSky> 2
[19:16:30] <kamcia2378> Foozogz - Make It Special (Reflection Mix)
[19:16:34] <FireSky> 2
[19:16:51] <FireSky> Andragor num
[19:17:20] <Andragor> 18
[19:17:24] <Storm> Foozogz - Make It Special (Reflection Mix)
[19:18:00] <Storm> ja też tak myślę :D
[19:18:10] *** Joins: Silvaa (Silvaa@Pony-43ojo2.p2.InterArena.pl)
[19:18:55] * McKey facepalm
[19:19:01] <Storm> znam!!
[19:19:03] <McKey> dziś wtorek nie poniedziałek :P
[19:19:09] <Storm> ale nie znam tytułu :(
[19:19:29] <Storm> ych jestem do kitu :(
[19:19:35] <ChungIP> face face
[19:19:39] *** McKey sets mode: +v FireSky
[19:19:46] <Lowsignal> Ha ha mam włączone radio i mi leci How applejack won the war ale opóźnienie
[19:20:01] <FireSky> -Nikt
[19:20:15] <maslo> Wyłączi i włącz XD
[19:20:16] <Storm> bosz co to było :(
[19:20:30] <Storm> pinie pie stail
[19:20:45] *** Quits: Lowsignal (~Lowsignal@Pony-a14s15.bb.online.no) (Quit: Page closed)
[19:21:20] <Storm> 100
[19:21:32] <maslo> Loyalty
[19:21:36] <Andragor> DbPony - Miles
[19:21:36] <ChungIP> rly
[19:21:36] <maslo> :(
[19:21:41] <ChungIP> DbPony - Miles
[19:21:47] <Andragor> dBPony*
[19:21:54] <FireSky> - Chung num
[19:22:04] <Storm> DbPony - Miles
[19:22:13] <maslo> Ja też chyba mam opóźnienie, bo andragor napisał, jak u mnie się zaczęło...
[19:22:26] <ChungIP> ja też mam takie opóznienia
[19:22:36] <Andragor> maslo: Odśwież stronę z odtwarzaczem i będzie ok
[19:22:38] <ChungIP> Jak on pisze to u mnie muza jest za 5-10 sek
[19:22:42] <Bizonek^^> ja też mam
[19:22:50] <Storm> dziwne
[19:23:14] <Kolon02> Ja nie mem ;)
[19:23:23] <Storm> no coż :\
[19:23:44] <McKey> to jest już wina systemu nadawania a nie twoja FireSky 
[19:23:59] <McKey> nic nie da się na to poradzić
[19:23:59] <maslo> Chyba wiem co to :D
[19:24:11] <ChungIP> Tydzein temu mi szło dobrze w radiu
[19:24:12] <maslo> Bronyfied chyba
[19:24:17] <McKey> Bronyfiled - Brony Metal Melody xD
[19:24:28] <maslo> *Mendley :P
[19:24:28] <Storm> :P
[19:24:36] *** Quits: Bizonek^^ (Bizonek^^@Pony-46qr45.as13285.net) (Quit: Page closed)
[19:24:52] <mkr> Ktoś coś mnie pytał?
[19:24:59] <maslo> Jak odświeżyłem odtwarzacz, to się zawiesił :D
[19:25:03] <McKey> zresetuj strumień i tak co 30 min i będzie działać jako tako
[19:25:11] <Storm> to o NM
[19:25:16] <McKey> maslo>> wyłącz okienko
[19:25:23] <Storm> remix
[19:25:28] <maslo> Już dawno to zrobiłem :P
[19:25:38] <McKey> Storm>> już padło o tym co to
[19:25:42] <Storm> NM remix
[19:25:43] <maslo> Jak inaczej słyszałbym FireSky'a
[19:25:45] *** Joins: Bizonek^^ (Bizonek^^@Pony-46qr45.as13285.net)
[19:26:32] *** Joins: Rejzo (~Rejzo@Pony-pu6mqc.adsl.inetia.pl)
[19:26:58] <ChungIP> Rock 'n' roll 
[19:27:14] <Storm> szukacie może adminki do waszej stronki na fb XD ?
[19:27:17] <Lazy> hahah xD
[19:27:57] <McKey> Storm>> są 2 admini
[19:28:01] <McKey> wystarcza
[19:28:04] *** Quits: Silvaa (Silvaa@Pony-43ojo2.p2.InterArena.pl) (Quit: Page closed)
[19:28:23] *** Joins: Silvaa (Silvaa@Pony-43ojo2.p2.InterArena.pl)
[19:28:31] <Storm> ja mam dobrze ;/)
[19:28:33] <Storm> :)
[19:28:37] *** Quits: kamcia2378 (kamcia2378@Pony-qj95lm.cdma.centertel.pl) (Ping timeout: 121 seconds)
[19:28:44] <Storm> mlp
[19:28:46] <maslo> _
[19:28:46] <Kolon02> Już
[19:28:49] <McKey> mlp
[19:28:50] <Bizonek^^> mlp
[19:28:50] <Lazy> mko
[19:28:51] <Silvaa> teraz
[19:28:51] <MagneZS> mlp
[19:28:51] <Lazy> xD
[19:28:53] <Rejzo> MLP
[19:28:54] <Lazy> maslo
[19:28:55] <Pony_Brony> mlp\
[19:29:03] <Lazy> hahah 
[19:29:10] <maslo> Fire, opóźnienie ok 2min jest zawsze
[19:29:11] <ChungIP> MLP
[19:29:36] <McKey> maslo>> zmniejszone do 30s-1m
[19:29:49] *** Joins: Masturbian (~Masturbian@Pony-ivs.19a.213.178.IP)
[19:29:51] <Kolon02> Tuska wina
[19:30:10] <Storm> teraz :)
[19:30:12] <maslo> O kurczaczek, świat idzie do przodu
[19:30:16] <MagneZS> bats
[19:30:20] <Storm> batsremix
[19:30:20] <MagneZS> aftermath
[19:30:20] <Lazy> bats the living tombstone
[19:30:27] <FireSky> Lazy
[19:30:29] <Storm> bats remiks instrumental
[19:30:30] <Lazy> bats remix
[19:30:34] <Pony_Brony> Stop The Bats The Living Tombstone
[19:30:39] <Kolon02> Stop the bats remix the living tomstone
[19:30:40] <ChungIP> Mam opóżnienia i to jakie xd
[19:30:41] <Masturbian> batsy the living tombsone'a
[19:30:42] <McKey> Daniel Ingram - Bats (THL remix)
[19:30:44] <Lazy> 109
[19:30:52] <Storm> p the bats remix the living tomstone instrumental
[19:30:57] <McKey> to jest poprawna forma tak btw xD
[19:31:20] <Storm> bats! remix
[19:31:26] <Masturbian> ta, instrumental xd
[19:31:29] <mkr> Wow, ale wiesz Klejuś, że wszystkie piosenki z serialu robił Ingram?
[19:31:33] <mkr> To po jakiego to pisać?
[19:31:54] <Storm> no bo początek taki cichy a zawsze ktoś tam coś mówił
[19:31:55] <McKey> a wiesz że bats robią też inni?>
[19:32:05] *** Joins: Venoo (Venoo@Pony-6unt70.dynamic.chello.pl)
[19:32:14] <Venoo> No Hej :v
[19:32:22] <Bizonek^^> heya :p
[19:32:24] <mkr> Robią remixy.
[19:32:26] *** Joins: Pingwin44 (Pingwin44@Pony-laaa9n.icpnet.pl)
[19:32:27] <mkr> A nie Bats.
[19:32:40] <ChungIP> Mam opóźnienia bo dopiero jak Fire napisał to wtedy miał piosenkę
[19:32:46] <ChungIP> miałem*
[19:32:52] *** Quits: Silvaa (Silvaa@Pony-43ojo2.p2.InterArena.pl) (Ping timeout: 121 seconds)
[19:33:10] <Masturbian> przegrać ;C
[19:33:22] <McKey> mkr https://www.youtube.com/watch?v=jYMFeQDifk8 
[19:33:29] <McKey> bats
[19:33:44] <Storm> loalty
[19:33:45] *** Joins: Pony_99 (Pony_99@Pony-r0m69d.elpos.net)
[19:33:48] <Lazy> rainbow dash battle thme?
[19:33:51] <Lazy> theme
[19:34:02] <Lazy> xD nie
[19:34:04] <Kolon02> Rainbow dash theme (battle remix)?
[19:34:25] <Pony_Brony> Znam, ale nie pamiętam tytułu
[19:34:29] <Andragor> PrinceWhateverer - Taking Flight
[19:34:29] <Storm> yep
[19:34:36] <FireSky> Andragor 
[19:34:44] <Andragor> 43
[19:34:51] <Storm> Taking Flight
[19:35:19] <maslo> (ktos tu jest uzależniony) :P
[19:35:46] <McKey> S01E14
[19:35:49] *** Joins: ElectricPsoras (Thunderbird@Pony-jobv21.adsl.tpnet.pl)
[19:35:52] <McKey> około 4-5 minuty
[19:35:54] <Storm> :P
[19:36:15] <Storm> nie znam
[19:36:29] <Storm> fajne :D
[19:36:36] <maslo> Cześć Psoras :)
[19:36:50] <Storm> dajcie nazwę to pobiorę :)
[19:37:03] <Masturbian> ciekawe czy track id zadziała...
[19:37:11] <ChungIP> Theme of Octavia
[19:37:23] <FireSky> -Nikt
[19:37:32] <FireSky> The thing we do for wub ;) 
[19:37:36] <FireSky> things
[19:37:48] <Storm> cisza :(
[19:37:50] <Lazy> zaraz zwariuje
[19:37:51] <Storm> zacina się
[19:37:55] <Storm> !!
[19:38:00] <Storm> nic nie słychać
[19:38:03] <Storm> :(
[19:38:05] <Bizonek^^> cisza :v
[19:38:05] <Pony_Brony> O dziwo u mnie też
[19:38:10] <Storm> :\
[19:38:15] <Masturbian> jest
[19:38:15] <McKey> Masturbian>> jeśli napiszesz jeszcze raz o TrackID to wylecisz na czas audycji
[19:38:19] <Storm> fajna piosenka i sie zacina
[19:38:29] <Storm> nie ma nic cisza
[19:38:33] <Storm> zacina sie
[19:38:46] <Storm> raz jest po sekundzie nie ma :((
[19:38:51] <Masturbian> @chkay i tak nie działa i tak nie gram
[19:38:59] <Pony_Brony> U mnie teraz nie ma wgl
[19:38:59] <Storm> :(
[19:39:04] <Storm> yep
[19:39:08] <Storm> co jest?
[19:39:18] <Storm> może sygnał :P
[19:39:24] <Storm> nie wiem nie znam się
[19:39:28] <Bizonek^^> o jest :v
[19:39:32] <Storm> 'nie ma
[19:39:34] <Storm> :(
[19:39:34] <Bizonek^^> o nie ma :I
[19:39:47] <FireSky> Jest ?
[19:39:47] <Storm> masakra :( na cóż
[19:39:50] <Storm> nie ma
[19:39:50] <Pony_Brony> Wróciło... I teraz jest już inne
[19:39:51] <Kolon02> jest
[19:40:02] <Bizonek^^> nic -.-
[19:40:03] <ChungIP> U mnei też nie działa
[19:40:03] <Storm> nie ma u mnie nadal
[19:40:05] * McKey kill Masturbian 
[19:40:11] * McKey slaps Masturbian with big fish
[19:40:11] * McKey slaps Masturbian with big fish
[19:40:11] * McKey slaps Masturbian with big fish
[19:40:14] <Kolon02> tak
[19:40:16] <Lazy> tak
[19:40:17] <Pony_Brony> Słychać
[19:40:17] <McKey> nie słychać 
[19:40:18] <Storm> ja mniałam wszystko dobrze a potem cisza
[19:40:18] <Kolon02> słychać
[19:40:19] <ChungIP> Tak
[19:40:19] <McKey> wcale
[19:40:29] <Storm> :(
[19:40:37] <Storm> cisza
[19:40:46] <Bizonek^^> o jest coś...
[19:40:50] <McKey> bot
[19:40:56] <Pony_99> nic nie słychać
[19:40:59] <FireSky> Jakieś problemy
[19:41:00] <Storm> nic nie ma
[19:41:02] <McKey> Koroshi-Ya feat. Feather - Rainbow
[19:41:05] <FireSky> Chwila
[19:41:13] <Kolon02> Ja nie mam opóźźnienia i mam głos
[19:41:24] <Storm> ja nic
[19:41:31] *** Joins: Silvaa (Silvaa@Pony-43ojo2.p2.InterArena.pl)
[19:41:31] <maslo> ja słyszę
[19:41:35] <ChungIP> ja mam głos
[19:41:36] <Storm> o mam :)
[19:41:42] <Storm> bbf
[19:41:44] <MagneZS> Koroshi-Ya - Rainbow 
[19:42:37] <Storm> :\ teraz na nazwę zapuźno?
[19:42:38] <FireSky> jeszcze 2 i pół minuty
[19:42:45] <Storm> oki :D
[19:43:30] *** Quits: Masturbian (~Masturbian@Pony-ivs.19a.213.178.IP) (Quit: Page closed)
[19:45:00] <McKey> 174UDSI - Music In The Treetops (Remix)
[19:45:05] *** Joins: TenCoDostauBana (TenCoDostau@Pony-ivs.19a.213.178.IP)
[19:45:13] *** McKey sets mode: +b *!TenCoDostau@*.19a.213.178.IP
[19:45:17] *** TenCoDostauBana was kicked by McKey (McKey)
[19:45:20] <Lazy> LOyalty xD
[19:45:21] <MagneZS> loyalyty
[19:45:22] <maslo> loyalty
[19:45:26] <FireSky> uffff
[19:45:26] <MagneZS> mando pony
[19:45:27] <Kolon02> loyalty
[19:45:27] <Lazy> mandopony
[19:45:28] <maslo> Acousticmandobrony
[19:45:29] <McKey> AccusticMandoBrony-Loyality
[19:45:31] <ChungIP> Loyalty
[19:45:33] *** Quits: Silvaa (Silvaa@Pony-43ojo2.p2.InterArena.pl) (Ping timeout: 121 seconds)
[19:45:39] <ChungIP> Teraz fajnie mi działa 
[19:45:41] <Kolon02> AccusticMandoBrony-Loyality
[19:45:49] <ChungIP> Bo jak piszą  to juz pisoenka leci
[19:46:34] *** Joins: Upierdliwy (Upierdliwy@Pony-ivs.19a.213.178.IP)
[19:46:53] <maslo> Bronyfied - Brony metal mendley :D
[19:47:25] <Kolon02> Zacina znowu
[19:47:30] <Bizonek^^> znowu cicho...?
[19:47:33] <ChungIP> CR88 - Rainbow Dash theme
[19:47:35] *** Quits: Storm (Storm@Pony-s4oi5u.smgr.pl) (Quit: Page closed)
[19:47:38] <FireSky> Chung
[19:47:45] <ChungIP> 50
[19:47:46] *** Joins: Pony_5 (Pony_5@Pony-s4oi5u.smgr.pl)
[19:47:55] *** Upierdliwy was kicked by McKey (McKey)
[19:48:00] <Pony_5> było w animacji pony tron
[19:48:11] <Pony_5> super animacja :)
[19:48:13] <Lazy> kto sie wybiera na przystanek pinkoszcz?
[19:48:15] <Pony_99> rainbow  dash theame
[19:48:17] <Kolon02> cr88 - rainbow dash theme
[19:48:23] *** Quits: Pony_5 (Pony_5@Pony-s4oi5u.smgr.pl) (Quit: Page closed)
[19:48:35] *** Joins: storm (storm@Pony-s4oi5u.smgr.pl)
[19:48:37] *** Joins: Masturbian (Masturbian@Pony-ivs.19a.213.178.IP)
[19:49:26] <mkr> Tadek.
[19:49:39] <storm> smile :)
[19:49:42] <Lazy> smile cover 
[19:49:44] <Lazy> xD
[19:50:04] <Masturbian> double cover? D:
[19:50:07] <storm> smile remix
[19:50:26] <ChungIP> MLP:FiM - Smile Smile Smile! [Drum Cover] 
[19:50:31] <McKey> kurde wiem xD
[19:50:33] <storm> słuchałam to w radiu ;)
[19:51:06] <FireSky> -Nikt 
[19:51:40] <McKey> The Massive Smile Project
[19:51:53] <McKey> 69 xD
[19:51:55] <McKey> i z/w
[19:52:17] *** Quits: Pony_99 (Pony_99@Pony-r0m69d.elpos.net) (Ping timeout: 121 seconds)
[19:52:44] <maslo> Nightmare night
[19:52:44] <Bizonek^^> nightmare night
[19:52:45] <storm> MN
[19:52:50] <maslo> Wooden toaster
[19:52:51] <Bizonek^^> wooden toaster
[19:52:56] <storm> nightmare night glaze!
[19:52:59] <storm> and mic
[19:53:00] <maslo> 24 
[19:53:03] <FireSky> -maso i bizonek po 2 pkt
[19:53:04] <Bizonek^^> kurczaczki :v
[19:53:14] <Lazy> dobra sorki panowie, dalej nie gram, za duzo na glowie dzis :D jak cos to pigac
[19:53:16] <ChungIP> Napisali zanim muzyka sie zaczeła 
[19:53:17] <Kolon02> Nightmare Night - Glaze & Mic the Microphone
[19:53:18] <storm> kocham to <3
[19:53:30] <storm> no napisałam!
[19:53:56] <Andragor> No meh, teraz ja mam opóźnienia. Ja to naprawię :p
[19:54:12] <FireSky> storm też uznam za 2 niech ci będzie ;P
[19:54:18] <ChungIP> Na losowca albo ktoś ma albo nie ma opóźnień
[19:54:35] <FireSky> bizonek i maslo piszcie po numerku od 1 - 9
[19:54:42] <maslo> 8
[19:54:44] <Bizonek^^> 8
[19:54:45] <Bizonek^^> xD
[19:54:48] <maslo> XD
[19:54:50] <ChungIP> 88 pozdro
[19:54:58] <storm> :D dzieki
[19:55:25] <storm> dzięki :D
[19:55:43] <storm> pon3?
[19:56:08] <storm> octi?
[19:56:17] <Bizonek^^> czo to ? :o
[19:56:17] <McKey> masterpi xD
[19:56:33] <storm> nie znam :(
[19:56:34] *** Joins: skajnet12344321 (~skajnet1234@Pony-cqb.ue6.190.37.IP)
[19:56:56] <storm> XD racja trudne
[19:57:16] <FireSky> -Nikt
[19:57:17] <ChungIP> Trudne to jest
[19:57:25] <storm> yep
[19:57:34] <skajnet12344321> Freedom of pony - Caden  L Welborn
[19:57:46] <ChungIP> za późno
[19:58:23] <storm> :P
[19:58:28] <maslo> PNapisał, jak zacząłeś mówić, jest ok
[19:58:43] <storm> :D
[19:58:52] <Andragor> join the herd
[19:58:54] <Andragor> forst rain
[19:58:55] <storm> o to też fajne :)
[19:58:57] <maslo> Join the herd
[19:58:57] <MagneZS> forest rain join the herd
[19:59:01] <Lazy> dacie linka? xD
[19:59:03] <ChungIP> Zal mam opoznienia
[19:59:03] <Kolon02> Join the herd
[19:59:05] <FireSky> Andragor
[19:59:06] <ChungIP> po napisali
[19:59:07] <storm> link?
[19:59:08] <McKey> Andragor>> nie hakuj radia xD
[19:59:09] <Andragor> 99
[19:59:12] <Pingwin44> forest rain-join the herd
[19:59:20] <Masturbian> join the herd forest rain
[19:59:23] <ChungIP> Kurcze Andragfod  nie czituj 
[19:59:23] <McKey> to moja robota :3
[19:59:32] <Andragor> Jaki hack. Nie wiem o czy mówisz :D
[19:59:44] <ChungIP> Jak pisałeś to ja dopiero za 10 sek miałem piosenke
[19:59:47] <FireSky> Ja wybiorę ;P 
[19:59:50] <storm> nie znam się na takich piosenkach :| a lubię je :P
[20:00:02] <maslo> To była pierwsza piosenka fandomowa, jaka mi się spodobała :D
[20:00:06] <ChungIP> Ja chyba mam 6 punktó czy lepiej niz tydzie temu bo miałem 3
[20:00:10] <storm> ooooo :)
[20:00:32] <ChungIP> Tydzie temu miałem 3 pktt. a teraz chyba mam 6 pkt.
[20:00:35] <storm> ja mam.... chyba 8 a pierwszy raz biore w tym udział
[20:00:35] <McKey> w teorii zmieniłem jedno ustawienie w odtwarzaczu swoim i powinienem mieć instant 
[20:00:37] <storm> :P
[20:00:59] <ChungIP> Ja tydzień temu wziąłem 1 raz udział
[20:01:22] <storm> ja dw?
[20:01:37] <ChungIP> Suprise 2 miejsce mam
[20:01:39] <Bizonek^^> wow dwa :o a mam mega opuźnienia :D
[20:01:46] <storm> ja mam 6 :P
[20:01:49] <storm> napewno
[20:01:51] <McKey> FireSky>> kurde .... 
[20:02:02] <Lazy> hahaha xD Fire cisnie xD
[20:02:04] <McKey> i gdzie ja teraz znajde takiego exploita?
[20:02:10] <storm> pon3
[20:02:12] <storm> !!!
[20:02:20] <McKey> nein nein nein nein
[20:02:24] <McKey> nein
[20:02:35] <storm> pon3 :D
[20:02:44] <Bizonek^^> rainbowlicious
[20:02:46] <Lazy> rainbowliciouss
[20:02:47] <Lazy> xD
[20:02:50] <Bizonek^^> phonybrony
[20:02:51] <storm> rainbowlistyn remix
[20:02:57] <FireSky> Bizonek
[20:03:00] <FireSky> -
[20:03:02] <Bizonek^^> yay ^^
[20:03:03] <Masturbian> rainbowlicius remix
[20:03:08] <Bizonek^^> 63 :3
[20:03:10] <Kolon02> Rainbowlicious SimGretina remix
[20:03:10] <storm> no o to mi chodziło ale nie umnie angielskiego ;P
[20:03:15] <ChungIP> No kurcze Bizonek napisał zanim u mnie muzyka wystartowała
[20:03:38] <Bizonek^^> chyba mi opuźnienie już minęło ^^ 
[20:03:38] <FireSky> Bizonek było 
[20:03:45] <ChungIP> Ja mam opóżnienia  min/max 10 sek.
[20:03:48] <Bizonek^^> eem 103?
[20:03:55] *** Joins: Pony_4 (Pony_4@Pony-rm0k18.warszawa.mm.pl)
[20:04:02] *** Quits: Pony_4 (Pony_4@Pony-rm0k18.warszawa.mm.pl) (Quit: Page closed)
[20:04:20] <storm> pon3 plis lun the living topstoun
[20:04:25] <storm> lub
[20:04:27] <McKey> ChungIP>> 2s :3
[20:04:32] <Lazy> lece dojde na koniec audycji :D
[20:04:37] <McKey> a lece przez VPN
[20:05:24] <storm> musze kończyć :(
[20:05:40] <Bizonek^^> odgłosy kroków :o
[20:05:45] <storm> szum
[20:05:47] <ChungIP> xd
[20:05:50] <storm> rap?
[20:05:56] <McKey> Twilight Sparkle - DonTheVore
[20:05:56] <Masturbian>  dubstep
[20:06:04] <McKey> dobranoc
[20:06:23] <storm> to miłej rywalizacji :) papatki
[20:07:00] <Masturbian> zw
[20:07:08] <ChungIP> Nie znam tej piosenki, nie słyszałem jej ;-;
[20:07:09] <McKey> 109
[20:07:22] <FireSky> -
[20:08:19] <storm> mój też
[20:08:28] <Venoo> mehu
[20:08:30] <McKey> Kcirtap28 - MLP:FiM Season 1-3 Medley 
[20:08:34] <McKey> nie to ....
[20:08:38] <storm> to o pożegnaniu zimy remix
[20:08:45] <McKey> wiem xD
[20:08:47] <ChungIP> At the winter gala
[20:08:57] <McKey> korwa....
[20:08:58] *** Joins: Pony_9 (Pony_9@Pony-pkaag9.master.pl)
[20:09:03] <McKey> trafiłem przypadkiem 
[20:09:05] <FireSky> Chung
[20:09:08] <FireSky> -
[20:09:09] <storm> winter gala
[20:09:15] <Pony_9> Dziwne
[20:09:22] <ChungIP> 16
[20:09:28] <Kolon02> Saltlakrits - At the Winter Gala (Mashup / Remix)
[20:09:29] <Pony_9> Gdzie mieszkasz?
[20:09:41] <storm> kto?
[20:09:43] <FireSky> Chung było
[20:09:47] <ChungIP> 100
[20:09:52] <McKey> Night Brizes - Elementary FireSky tak to się pisze?
[20:10:00] <Pony_Brony> Nie znam tej piosenki, ale mi się podoba.
[20:10:01] <Pony_9> Ten, zapomniałem jak się nazywa, ale ten koleś co ocenia
[20:10:04] <FireSky> zaraz podam ok ?
[20:10:10] <ChungIP> ok
[20:10:13] <storm> oki :)
[20:10:48] <storm> teraz naprawdę pa XD te radio uzależnia :P
[20:10:59] <ChungIP> naprawdę?
[20:11:09] *** Quits: storm (storm@Pony-s4oi5u.smgr.pl) (Quit: Page closed)
[20:11:36] *** Joins: Bizonek^^_ (Bizonek^^@Pony-46qr45.as13285.net)
[20:11:43] *** Quits: Bizonek^^ (Bizonek^^@Pony-46qr45.as13285.net) (Ping timeout: 121 seconds)
[20:11:46] <FireSky> Night Breeze Sedimentary a to co teraz leci to At the winter gala
[20:13:09] *** Quits: Lazy (Lazy@Pony-2q048e.adsl.tpnet.pl) (Quit: Page closed)
[20:14:10] <ChungIP> Freedom
[20:14:12] <Bizonek^^_> fajne :D
[20:14:28] <McKey> Night Breeze Sedimentary
[20:14:30] <McKey> git
[20:15:02] <FireSky> -Nikt
[20:15:11] <McKey> będe grał na klawiaturze 3 symfonie betowena ale reszta sama się wpisze xD
[20:15:44] <ChungIP> xd
[20:15:46] <ChungIP> 2/10
[20:16:10] <Venoo> me too
[20:16:16] <McKey> FireSky>> 
[20:16:16] <McKey> FireSky>> 
[20:16:17] <McKey> FireSky>> 
[20:16:20] * McKey slaps FireSky with big fish
[20:16:21] * McKey slaps FireSky with big fish
[20:16:21] * McKey slaps FireSky with big fish
[20:16:24] <McKey> słychać xD
[20:16:26] <ChungIP> rly
[20:16:30] <Kolon02> Słychać nie umarłem ;)
[20:16:31] <Pony_Brony> Słychać
[20:16:34] <Bizonek^^_> yup :3
[20:16:41] <ChungIP> słychać
[20:17:07] <Bizonek^^_> discord
[20:17:10] <McKey> waaaat
[20:17:13] <Andragor> rejmania
[20:17:14] <Andragor> :p
[20:17:16] <Andragor> discord
[20:17:19] <McKey> zamarłem w trakcie pisania
[20:17:20] <Kolon02> Discord [polish cover] by rejmania
[20:17:22] *** Quits: ElectricPsoras (Thunderbird@Pony-jobv21.adsl.tpnet.pl) (Ping timeout: 121 seconds)
[20:17:25] <FireSky> -
[20:17:32] <Pony_Brony> Discord The Living Tombstone polish cover
[20:17:46] <McKey> eurobatbrony - discord fandub by rejmania
[20:17:54] <McKey> remixed by THL
[20:17:57] <FireSky> Andragor 
[20:17:59] <Andragor> 87
[20:18:04] <McKey> oo a teraz mi się zacioł xD
[20:19:17] <ChungIP> jak jest pw
[20:19:22] <ChungIP> bo nie ogarniam
[20:19:23] *** Quits: maslo (maslo@Pony-jqa.tqd.121.188.IP) (Quit: Leaving)
[20:19:31] <McKey> ChungIP>> /msg nick text
[20:20:30] <FireSky> -nikt
[20:20:42] <ChungIP> co to za muza ;-;
[20:21:05] <Kolon02> 49
[20:21:56] <Bizonek^^_> aftermath
[20:22:00] <Bizonek^^_> giggle
[20:22:03] *** Joins: maslo (maslo@Pony-jqa.tqd.121.188.IP)
[20:22:05] <Bizonek^^_> at the golsty
[20:22:07] <Pony_9> Koleś ma głos trochę podobny do CSPL
[20:22:14] <FireSky> Bizonek uznam ;)
[20:22:22] <FireSky> i puszczę całe :D
[20:22:38] <ChungIP> Ta muza tak bardzo DJ'owska
[20:22:44] <FireSky> Numerek ?
[20:22:50] <Bizonek^^_> haha dzisiaj cały dzień to nuciłam xD
[20:22:54] *** Joins: Sai_ (Sai@Pony-c6i.d7a.188.91.IP)
[20:22:56] <Bizonek^^_> 115
[20:22:57] <ChungIP> rly 2/10
[20:23:11] <FireSky> było
[20:23:30] <McKey> Bizonek^^_>> 3 wybierz 3
[20:23:32] <McKey> xD
[20:23:33] *** Parts: Sai_ (Sai@Pony-c6i.d7a.188.91.IP) ("")
[20:23:56] <Bizonek^^_> mckey ? co? XD
[20:24:04] <FireSky> Numerek bizonek ?
[20:24:10] <ChungIP> Niech zrobią połączenie Totalnej porażki z MLP
[20:24:12] <Bizonek^^_> pisałam 115 :p
[20:24:17] <FireSky> było
[20:24:19] <McKey> Shreka nie oglądał? "trójke panie wybierz trójkę"
[20:24:21] <Bizonek^^_> eeem 43 ?
[20:24:27] *** Joins: Sai (~Sai@Pony-c6i.d7a.188.91.IP)
[20:24:33] <FireSky> Było XD
[20:24:39] <Bizonek^^_> nigdy nie trafiam xD
[20:24:41] <Bizonek^^_> 77
[20:24:42] <Bizonek^^_> nie
[20:24:45] *** Bizonek^^_ was kicked by chrysalis.canternet.org (Channel flood triggered (limit is 4 lines in 8 secs))
[20:24:50] <BlackBird> xd
[20:24:51] <ChungIP> xd
[20:24:56] <ChungIP> wykop przez bagno
[20:24:57] <FireSky> Było XD
[20:25:10] <McKey> FireSky>> 3 daj i tyle
[20:25:16] <Pony_Brony> Dobra, ja muszę już was opuszczać. Miło było, dobranoc :)
[20:25:17] *** Joins: Winter (~Winter@Pony-46qr45.as13285.net)
[20:25:18] <FireSky> poczekamy 
[20:25:22] <BlackBird> <Bizonek^^_> 77
[20:25:24] <McKey> minute
[20:25:30] <FireSky> Bizonek było
[20:25:33] <ChungIP> Powinno być tu gdzieś onformacje jakie numerki mozna wybrać
[20:25:33] <FireSky> XD 
[20:25:41] <Winter> wywaliło mnie coś...
[20:25:44] *** Quits: Pony_Brony (Pony_Brony@Pony-o143ec.dynamic.t-mobile.pl) (Quit: Page closed)
[20:25:48] <McKey> Winter>> tak AntySpam
[20:25:53] <McKey> chrysalis.canternet.org wyprosił/a użytkownika Bizonek^^_ z pokoju #radioyay (Channel flood triggered (limit is 4 lines in 8 secs))
[20:25:57] <FireSky> Winter numerek proszę 
[20:25:58] <Winter> to 10? 
[20:25:58] <ChungIP> xd
[20:26:17] *** Winter is now known as Pony_88904
[20:26:20] <Pony_88904> to musze teraz znowu stać się bizonkiem :v
[20:26:24] <ChungIP> Fire przydało by się tablica jakie numerki mozna wybierać
[20:26:34] <Venoo> hehe
[20:26:49] <Pony_88904> haha spoko posłucham Twojej rady xD
[20:26:52] <McKey> ChungIP>> jak kiedyś się nam zachce to się zrobi ale Jav.... IDEA
[20:27:11] *** Joins: Bizonek (Bizonek@Pony-46qr45.as13285.net)
[20:27:16] <Bizonek> to ja
[20:27:22] <McKey> Pony_88904>> /nick BizonkiemJestem
[20:27:24] <McKey> :P
[20:27:26] *** Quits: skajnet12344321 (~skajnet1234@Pony-cqb.ue6.190.37.IP) (Quit: Page closed)
[20:28:03] <Venoo> Hej Bizz ponownie :3
[20:28:15] <Bizonek> apples to the core
[20:28:25] <ChungIP> Apples to the core remix
[20:28:26] <Bizonek> hej Venoo xD
[20:28:32] <Bizonek> aftermath?
[20:28:39] <FireSky> Biz 2 pkt Chung 1
[20:28:39] <Masturbian> apples to the core
[20:28:43] <FireSky> -
[20:28:49] <Bizonek> 44?
[20:29:02] <Bizonek> pewnie znowu pudło xD
[20:29:14] <ChungIP> Suprise
[20:29:41] *** Quits: Pony_9 (Pony_9@Pony-pkaag9.master.pl) (Quit: Page closed)
[20:30:02] *** Joins: cus (cus@Pony-rm0k18.warszawa.mm.pl)
[20:30:51] *** Quits: Pony_88904 (~Winter@Pony-46qr45.as13285.net) (Ping timeout: 121 seconds)
[20:31:07] <Bizonek> trafiłam w coś czego nie zna nikt xD
[20:31:12] *** Quits: Andragor (Andrabot@Pony-t03pqe.adsl.inetia.pl) (Ping timeout: 121 seconds)
[20:31:12] <ChungIP> nom
[20:31:27] <ChungIP> Find the music remix
[20:31:42] <FireSky> uznam za 1 pkt
[20:32:00] *** Joins: Andragor_ (Andrabot@Pony-t03pqe.adsl.inetia.pl)
[20:32:03] *** Andragor_ is now known as Andragor
[20:32:16] <Masturbian> Got the music in your hearts?
[20:32:30] <FireSky> -Chung num ?
[20:32:30] <ChungIP> µThunder 
[20:32:33] <ChungIP> 111
[20:32:33] *** Andragor is now known as Pony_65332
[20:32:35] *** Joins: ElectricPsoras (Thunderbird@Pony-jobv21.adsl.tpnet.pl)
[20:33:10] *** Pony_65332 is now known as Andragor
[20:33:51] *** Quits: Pony_7 (Pony_7@Pony-ebnu00.adsl.tpnet.pl) (Ping timeout: 121 seconds)
[20:34:04] *** Quits: cus (cus@Pony-rm0k18.warszawa.mm.pl) (Ping timeout: 121 seconds)
[20:34:18] <McKey> Daniel Ingram - Manchatan albo Generasity
[20:34:37] <FireSky> McKey 1 pkt XD
[20:34:42] <McKey> i git
[20:34:55] <McKey> do ilu są numerki?
[20:34:56] <Andragor> Generosity (Oodorato2 Remix)
[20:35:16] <ChungIP> Dziś lepiej mi idzie bo tydzień temu skończyłem z 3 punktami.
[20:35:20] <FireSky> Andragor 2 pkt i Mc wybiera do 129 ;)
[20:35:47] <McKey> 128
[20:38:28] <McKey> Alex S - Loyalty EP - 06 Loyalty (Alex S Remix) 
[20:38:31] <ChungIP> Acoustimandobrony - Loyalty (Aviators Remix) 
[20:38:33] <FireSky> 2 pkt
[20:38:36] <McKey> PRENIUM
[20:38:41] <FireSky> McKey
[20:38:44] <McKey> 127
[20:38:46] <McKey> :3
[20:38:57] *** Quits: Andragor (Andrabot@Pony-t03pqe.adsl.inetia.pl) (Ping timeout: 121 seconds)
[20:39:03] <McKey> ChungIP>> Aciators nie brał udziału w Loyality EP
[20:39:04] *** Joins: Andragor_ (Andrabot@Pony-t03pqe.adsl.inetia.pl)
[20:39:06] *** Andragor_ is now known as Andragor
[20:39:11] <McKey> więc nie mbół robić remixa tego
[20:40:04] <Andragor> antrophology
[20:40:08] <Bizonek> anthropology
[20:40:13] <Bizonek> yok
[20:40:13] <Kolon02> Lyras song antrophology
[20:40:14] <Bizonek> a
[20:40:19] <Bizonek> remix
[20:40:30] <BlackBird> AwkwardMarina - Anthropology
[20:40:32] <Bizonek> yoka the changeling
[20:40:33] <Venoo> lel jeszcze nie usłyszałem a tu już tytuł dają xD
[20:40:33] <FireSky> -
[20:40:39] <ChungIP> Ja też
[20:40:43] <FireSky> BlackBird 2 pkt
[20:40:48] <ChungIP> Tez nie usłtyszałem a dawali utwór
[20:40:54] <BlackBird> yay
[20:40:54] <ChungIP> usłyszałem*
[20:41:02] <BlackBird> 31
[20:42:30] <maslo> Ale się zdziwiłem hahahahah
[20:43:14] <FireSky> tak to jest po 2 chemiach XD 
[20:43:26] <McKey> FireSky>> 3 Systemy Operacyjne z Aksamitem
[20:44:05] <FireSky> -Nikt
[20:44:16] <ChungIP> 8 bit nie paweno pisoenka tylko nei wiem jaka
[20:44:35] <ChungIP> 8 bit napewno*
[20:45:35] <BlackBird> duble rainboom
[20:45:35] <McKey> Double Rainboom - Larson
[20:46:04] <McKey> waait MandoPony xD
[20:46:11] <FireSky> BlackBird 1 pkt
[20:46:21] <maslo> tylko u mnie jest cisza?
[20:46:31] <BlackBird> hmm
[20:46:41] <BlackBird> 111 :D
[20:46:48] <ChungIP> ^ było
[20:46:49] <FireSky> było
[20:46:53] <BlackBird> 122
[20:47:45] <McKey> FireSky>> ja nie dam rady ?
[20:47:46] <McKey> xD
[20:47:52] *** Quits: Rejzo (~Rejzo@Pony-pu6mqc.adsl.inetia.pl) (Quit: Page closed)
[20:49:09] <FireSky> -Nikt
[20:49:16] <ChungIP> Nie znam ;-;
[20:49:32] <Masturbian> wygląda i to na uthundera
[20:50:18] *** Quits: Kolon02 (Kolon02@Pony-2dm5lo.adsl.tpnet.pl) (Ping timeout: 121 seconds)
[20:50:32] <BlackBird> one trick pony
[20:50:36] <MagneZS> she's a pony
[20:50:40] <Bizonek> she is a pony
[20:50:47] <Andragor> General Mumble - She's a Pony
[20:50:48] <Bizonek> wooden toaster
[20:50:55] <Bizonek> remix
[20:50:58] <FireSky> Andragor 2 pkt
[20:51:04] <ChungIP> General Mumble - She's a Pony 
[20:51:10] <ChungIP> kurcze ;-;
[20:51:26] <McKey> One Trick zrobił 1 utwór ale dobra xD
[20:51:35] *** Joins: Pony_5 (Pony_5@Pony-pr37le.adsl.tpnet.pl)
[20:51:40] <maslo> My nie chcemy słuchać? Mordecz śpiewa, to Ty też :
[20:51:43] <maslo> * :P
[20:51:55] <MagneZS> tak dobrze
[20:52:40] <McKey> FireSky>> ta... mkr śpiewał to i ty zaśpiewasz
[20:52:42] <Andragor> 69
[20:53:53] <maslo> mkr śpiewał???
[20:54:28] <ElectricPsoras> aż tak trudno w to uwierzyć? ;)
[20:54:45] <Masturbian> gdzie ja to słyszałem...?
[20:55:02] <FireSky> -Nikt
[20:55:11] <McKey> maslo>> ta
[20:56:42] <McKey> heh
[20:57:30] *** Quits: Pony_5 (Pony_5@Pony-pr37le.adsl.tpnet.pl) (Quit: Page closed)
[20:57:44] <McKey> i will be a brony
[20:57:52] <McKey> ale kogo to nigdy nie pamiętam xD
[20:57:55] <Andragor> Blisko :D
[20:57:56] <McKey> ale wait
[20:57:59] <McKey> zaraz znajde
[20:58:15] <McKey> nie po to mam 5k+ musyki
[20:58:15] <ChungIP> Proud to be a Brony
[20:58:18] <McKey> muzyki*
[20:58:38] <FireSky> Chung 1 pkt ;)
[20:58:43] <ChungIP> BlackGryph0n
[20:58:55] <FireSky> to 2 XD
[20:58:59] *** Quits: Bizonek (Bizonek@Pony-46qr45.as13285.net) (Ping timeout: 121 seconds)
[20:59:14] <McKey> ChungIP>>  wiedziałbyś bez tego co napisałem?
[20:59:23] <ChungIP> nie
[20:59:24] <Andragor> Ale to nie BlackGryph0n
[20:59:31] <McKey> czyli nie ma pkt xD
[20:59:42] <McKey> Ilysabeth
[21:00:05] <mkr> Znów mnie ktoś wołał?
[21:00:14] <McKey> tak że śpiewałeś
[21:00:20] <McKey> bo maslo nie wieży
[21:00:26] *** Quits: Andragor (Andrabot@Pony-t03pqe.adsl.inetia.pl) (Quit: Brohoof /)*)
[21:00:26] <mkr> wierzy*
[21:00:30] <McKey> wieży
[21:00:35] <ChungIP> 12 pkt czyli szło mi 4x lepiej niz tydzień temu kiedy to 3 pkt zdobyłem
[21:00:42] <mkr> Wieża to może być Babel.
[21:00:44] *** Quits: Sai (~Sai@Pony-c6i.d7a.188.91.IP) (Quit: Page closed)
[21:00:52] <McKey> no tak 
[21:00:54] <ChungIP> Spadam pa
[21:01:01] <McKey> wieży bo wiara xD
[21:01:09] *** Quits: Masturbian (Masturbian@Pony-ivs.19a.213.178.IP) (Quit: Page closed)
[21:01:31] <maslo> Słyszałem Psorasa, śpiweającego w rynku piosenkę o komunikacji miejskiej... ja już we wszystko wierzę... :D
[21:02:11] <BlackBird> lul, już cała kolejka w zamawianu zapełniona xD
[21:02:17] <mkr> A co do pytania to tak - śpiewałem na VI WPM.
[21:02:28] <FireSky> No cóż ja lecę do następnej audycji pa ;)
[21:02:30] <McKey> BlackBird>> bo to są stare
[21:02:33] <Venoo> Ja spadam, narka wam
[21:02:49] <BlackBird> meh idem
[21:02:58] <BlackBird> niech luna będzie z wami
[21:02:59] *** Quits: Venoo (Venoo@Pony-6unt70.dynamic.chello.pl) (Quit: Leaving)
[21:04:56] *** Quits: ChungIP (ChungIP@Pony-1l4ngo.v4.arkomnet.eu) (Ping timeout: 121 seconds)
[21:06:30] *** Quits: FireSky (FireSky@Pony-2ka6m8.adsl.tpnet.pl) (Ping timeout: 121 seconds)
[21:08:31] *** Quits: MagneZS (MagneZS@Pony-v3a6p4.adsl.tpnet.pl) (Quit: Page closed)
[21:09:32] *** Ashley|mooovies is now known as Ashley
[21:10:33] <McKey> Ashley>> długi film xD
[21:10:42] <Ashley> ciii xD
[21:20:28] *** Quits: maslo (maslo@Pony-jqa.tqd.121.188.IP) (Quit: Leaving)
[21:31:32] *** Parts: Pingwin44 (Pingwin44@Pony-laaa9n.icpnet.pl) ("Leaving")
[21:34:23] *** Joins: Rainbow (~Rainbow@Pony-uae.01d.136.195.IP)
[21:37:04] *** Quits: Rainbow (~Rainbow@Pony-uae.01d.136.195.IP) (Quit: Page closed)
[21:40:52] *** Joins: Pingwin44 (Pingwin44@Pony-laaa9n.icpnet.pl)
[21:42:18] *** Parts: Pingwin44 (Pingwin44@Pony-laaa9n.icpnet.pl) ("Leaving")
[22:52:04] *** Quits: Proenix (Proenix@proenix.pl) (Quit: Leaving)
[23:55:27] *** Quits: ElectricPsoras (Thunderbird@Pony-jobv21.adsl.tpnet.pl) (Quit: See you.)
