[00:04:35] *** Quits: Andragor (Andrabot@Pony-j3u.qio.255.77.IP) (Quit: ChatZilla 0.9.91.1 [Firefox 37.0.2/20150415140819])
[01:40:45] *** Joins: Akeion_98 (Akeion_98@Pony-prr1ek.res.rr.com)
[02:17:37] *** Quits: Akeion_98 (Akeion_98@Pony-prr1ek.res.rr.com) (Ping timeout: 121 seconds)
[09:34:55] *** Quits: Colgate (rabbit@brushie.horse) (Quit: Luna IRC 1.1.1. Praise the goddess of the night.)
[09:37:47] *** Joins: Colgate (rabbit@brushie.horse)
[09:53:34] *** Joins: Lunia (ellen@ChumPony.Enterprises)
[09:53:34] *** Pinkamena sets mode: +h Lunia
[11:07:33] *** Quits: Lunia (ellen@ChumPony.Enterprises) (Quit: Konversation terminated!)
[11:16:56] *** Joins: Andragor (Andrabot@Pony-j3u.qio.255.77.IP)
[11:32:09] * misiek200m hugs Derpi
[11:32:09] * Derpi gryzie misiek200m
[11:32:11] <misiek200m> :p
[11:32:19] <misiek200m> Hej Derpi!
[11:32:19] <Derpi> Ave Luna!
[11:32:25] <misiek200m> Ajo
[12:16:25] <BlackBird> hai
[12:16:25] <Derpi> Hej ;)
[12:44:06] <Eivel> https://derpibooru.org/890216
[12:44:07] <Derpi> [ #890216 - adorable, artist needed, cute, cutetavia, lying down, octavia, octavia melody, prone, safe, smile, source needed - Derpibooru - My Little Pony: Friendship is Magic Imageboard ] - derpibooru.org
[12:44:07] <Eivel> dobry
[12:44:08] <Derpi> No czeeeść :D
[12:52:03] <misiek200m> :3
[13:01:23] *** Joins: Lunia (ellen@ChumPony.Enterprises)
[13:01:23] *** Pinkamena sets mode: +h Lunia
[13:28:15] *** Joins: NeroDMC (NeroDMC@Pony-r85.lun.175.46.IP)
[13:28:29] *** Quits: NeroDMC (NeroDMC@Pony-r85.lun.175.46.IP) (Quit: Page closed)
[14:34:56] *** [A]McKey is now known as McKey
[15:29:06] *** Quits: Lunia (ellen@ChumPony.Enterprises) (Quit: Konversation terminated!)
[15:36:50] *** Joins: Lunia (ellen@ChumPony.Enterprises)
[15:36:50] *** Pinkamena sets mode: +h Lunia
[16:56:02] *** Joins: MilkaSonic (~MilkaSonic@Pony-6qd.77i.116.195.IP)
[16:57:52] *** Quits: MilkaSonic (~MilkaSonic@Pony-6qd.77i.116.195.IP) (Quit: Page closed)
[17:01:11] *** Joins: Lazy (~Lazy@Pony-g590oi.adsl.tpnet.pl)
[17:11:16] *** Quits: Lazy (~Lazy@Pony-g590oi.adsl.tpnet.pl) (Ping timeout: 121 seconds)
[17:29:08] *** McKey is now known as [A]McKey
[17:46:22] *** Quits: Andragor (Andrabot@Pony-j3u.qio.255.77.IP) (Connection closed)
[17:52:57] *** Joins: ElectricPsoras (Thunderbird@Pony-7v5.mhp.10.83.IP)
[17:53:02] *** Quits: ElectricPsoras (Thunderbird@Pony-7v5.mhp.10.83.IP) (Quit: Bye horsies!)
[17:53:07] *** Joins: ElectricPsoras (Thunderbird@Pony-7v5.mhp.10.83.IP)
[18:28:54] *** Joins: Proenix (Proenix@proenix.pl)
[19:00:56] *** Quits: Lunia (ellen@ChumPony.Enterprises) (Ping timeout: 121 seconds)
[19:07:28] *** Joins: Slimy (~Slimy@Pony-k42a72.dynamic.chello.pl)
[19:08:08] <Slimy> Witam
[19:08:08] <Derpi> derp dobry! 9_6
[19:11:54] <Slimy> Żyje tu ktoś?
[19:16:38] <Eivel> witaj, Slimy
[19:20:25] *** Joins: LazyPony (LazyPony@Pony-g590oi.adsl.tpnet.pl)
[19:20:27] <LazyPony> mornin
[19:21:48] <LazyPony> co tak licho z audycjami na poczatku tego tygodnia?
[19:23:05] <Eivel> Tak się jakoś złożyło, że zarówno Firesky jak i Mordecz musieli odwołać
[19:23:23] <Eivel> i hej ;)
[19:23:30] <LazyPony> heja ^^
[19:23:37] <LazyPony> co tam jak tam?
[19:26:25] <Eivel> nic nowego w sumie. Siedzę, choruję i klepię pracę
[19:26:41] <LazyPony> biedactwo :'c   
[19:26:56] <BlackBird> życie ;p
[19:26:58] <LazyPony> i pytanko: czy daredevil jest dobry? w sensie serial?
[19:30:00] <LazyPony> [A]McKey: przyszlam z toba pogac, czy mozesz sie jakos ogarnac? :)
[19:30:20] <BlackBird> [A] czyli AFK
[19:30:28] <LazyPony> wiem :))))))))))))
[19:30:40] <Eivel> nie wiem, nie oglądałem
[19:31:14] <BlackBird> >wiem >nie wiem xd
[19:31:58] <LazyPony> bo ma comicbooku wszyscy: Łooo daredevil jest taki super *.*, ale mowia tez tak o gotham, wiec juz nie wiem w co wierzyc *kuli sie w kacie jak opuszczone przez swiat dziecko* 
[19:34:36] <ElectricPsoras> LazyPony: polecam ci http://ihbd.arhn.eu/
[19:34:36] <Derpi> [ IHBD ] - ihbd.arhn.eu
[19:35:02] <ElectricPsoras> chłop lubi gadać o komiksach i serialach opartych na komiksach, do tego robi to z sensem
[19:35:21] <ElectricPsoras> o Daredevilu na razie http://ihbd.arhn.eu/daredevil-od-netflix-pierwsze-wrazenia-po-2-odcinkach/
[19:35:21] <Derpi> [ Daredevil od Netflix – pierwsze wrażenia (po 2 odcinkach) | IHBD ] - ihbd.arhn.eu
[19:35:34] <ElectricPsoras> a niedługo ma się pojawić większy materiał
[19:35:48] <LazyPony> dziekowac ^^
[19:36:10] <LazyPony> ElectricPsoras:  dla geekow? msylalam, ze to bardziej podchodzi pod nerda
[19:36:25] <ElectricPsoras> takietam nazewnictwo
[19:36:50] <LazyPony> jak dla mnie to sie rozni :p
[19:37:24] <ElectricPsoras> http://mroowa.com.pl/ jeszcze ten jest niezły, on potrafi nawet o sałatce ziemniaczanej opowiadać tak, że wszystkich zainteresuje
[19:37:26] <Derpi> [ UncleMroowa | Okazjonalny blog o popkulturze ] - mroowa.com.pl
[19:37:31] <LazyPony> dzien darmowego komiksu? :0 czemu nie ma mnie teraz w poznaniu D:
[19:39:03] <LazyPony> jutro avengersi <3  ... ale Polska to przegryw, tydzien po premierze amerykanskiej dopiero
[19:40:21] <Eivel> LazyPony: to ci trochę pospoiluję
[19:40:28] <Eivel> Tony Stark to Iron Man!
[19:41:07] <ElectricPsoras> Clark Kent to Superman
[19:41:20] <LazyPony> O NIE Eivel ! Zepsułeś mi cały film DDD'':  os tej pory szczerze cie nienawidze, jak mogles :(
[19:41:44] <LazyPony> ElectricPsoras:  to nie ta wytwornia :')
[19:41:48] <ElectricPsoras> George Westinghouse to wynalazca hamulca pneumatycznego
[19:42:05] <ElectricPsoras> LazyPony: wiem, ale i tak musiałem
[19:42:38] <LazyPony> ale po iron manie 3 *spojler* Tony nie jest juz Iron Manem :( i'm confused
[19:43:10] <LazyPony> ElectricPsoras:  Witam, paniczu Bruce, widział pan może ostatnio Batmana?
[19:43:35] <ElectricPsoras> Wyszedł na spacer.
[19:44:00] <Eivel> LazyPony: ale dzięki mnie już nie musisz iść do kina!
[19:44:06] <Eivel> Pomyśl jaka oszczędność :D
[19:44:49] <LazyPony> i tak idę ;p i zadna oszczednosc bo mam znajoma z ktora ide za darmo, wiec tja, bilet mi sie zwrocil
[19:45:00] <LazyPony> najwyzej
[19:45:59] <LazyPony> Eivel:  zatkao kakao?
[19:47:28] <Eivel> LazyPony: tak, teraz nie wiem co powiedzieć
[19:47:45] <Eivel> .image avengers
[19:47:46] <Derpi> https://derpiboo.ru/878608
[19:47:50] <Eivel> hm
[19:47:51] <Eivel> nie wchodź
[19:47:59] <Eivel> to późny numer, więc pewnie z 2 części
[19:48:04] <LazyPony> coś nie tego troszke....
[19:49:29] <LazyPony> nienawidze amerykanow w takim razie
[20:04:58] *** Joins: GreenWay (GreenWay@Pony-erjtm7.bielskpodlaski.mm.pl)
[20:04:58] *** Eivel sets mode: +v GreenWay
[20:05:11] <GreenWay> sima
[20:05:14] <GreenWay> *siema
[20:06:45] <LazyPony> morning
[20:12:07] <LazyPony> Eivel ElectricPsoras pomozecie? musze pokrotce strescic znajomej historie avengersow, i wytlumaczyc jej wszystko od podstaw
[20:14:19] <Eivel> Murzyn bez oka potrzebował pomocy w walce z kosmitą-bogiem wymachującym hipotycznym kijkiem. I tak powstał Choccapicc.
[20:15:11] <Eivel> Pytasz osoby, która nie odróżnia DC od Marvela ;)
[20:16:14] <ElectricPsoras> "Thor, Iron Man, Kapitan Ameryka, Czarna Wdowa, Hawkeye i Hulk wchodzą do baru... eee, znaczy się formują drużynę i idą napierniczać się z inwazją z kosmosu..."
[20:17:39] <LazyPony> hipnotycznym kijkiem xD
[20:18:08] <ElectricPsoras> + Nick Fury, latający lotniskowiec i genialne relacje między postaciami
[20:18:33] <LazyPony> i wzdychaja do niego wszystkie fanki: Lokiego i Iron mana, powinnaś ubóstwiac, a Kapitana Ameryge nienawidzic *tak jej powiem? xD
[20:21:37] <LazyPony> w sumie kto jest najlepszym Avengersem?(Avengerem? jak to sie odmienia na polski, dang it)
[20:22:57] <LazyPony> to lece ogladac daredevil
[20:23:53] <LazyPony> ile on ma sezonow?1?
[20:25:29] <ElectricPsoras> chyba na razie tylko 1 seria wyszła
[20:32:14] *** Joins: Truss (Truss@Pony-m4e.0cm.130.31.IP)
[20:32:45] <Truss> Hey Waam~~
[20:33:18] * Derpi tuli Truss
[20:34:06] * Truss tuli Derpi
[20:34:06] * Derpi gryzie Truss
[20:34:14] <Truss> waat
[20:34:51] <Eivel> Derpi zmienną jest :P
[20:34:54] <Eivel> hej Truss
[20:38:20] <Truss> Hej
[20:38:20] <Derpi> Hej Truss :)
[20:38:50] *** Joins: ShadowWeed (ShadowWeed@Pony-fjpaak.dynamic.chello.pl)
[20:38:55] <BlackBird> Witaj!
[20:38:55] <Derpi> Hejka BlackBird :)
[20:38:57] <BlackBird> nie ja
[20:38:57] <Derpi> Ja tym bardziej nie
[20:39:02] <BlackBird> no to kto..
[20:39:25] <ShadowWeed> siema
[20:39:26] <Derpi> yay!
[20:48:20] <Truss> Heyy
[20:50:53] *** Quits: Slimy (~Slimy@Pony-k42a72.dynamic.chello.pl) (Quit: Page closed)
[20:51:13] *** Joins: Slimy (~Slimy@Pony-k42a72.dynamic.chello.pl)
[20:51:30] <Truss> Slimy!
[20:52:32] <BlackBird> witaj
[20:52:32] <Derpi> Dzień dobry!
[20:55:15] *** Quits: Slimy (~Slimy@Pony-k42a72.dynamic.chello.pl) (Ping timeout: 121 seconds)
[21:00:11] *** Quits: ShadowWeed (ShadowWeed@Pony-fjpaak.dynamic.chello.pl) (Quit: )
[21:14:21] <LazyPony> ElectricPsoras:  wiesz cos o Arrow? 
[21:14:29] <ElectricPsoras> nie
[21:14:29] <Derpi> E.... nie
[21:15:49] <LazyPony> hm... bo szczerze obejrzalam pierwszy odcinek DD i hm
[21:25:14] *** [A]McKey is now known as McKey
[21:29:22] <LazyPony> McKey: dlaczegóż?
[21:29:23] <BlackBird> witaj mckey
[21:30:10] <McKey> co?
[21:30:34] <LazyPony> McKey:  ban
[21:31:28] <McKey> ładnie ci powiem s*aj
[21:33:01] <LazyPony> ... ee, mam prawo wiedziec?
[21:33:52] <McKey> masz prawo zachować milczenie, każde słowo wypowiedziane w tym momęcie może zostać użyte przeciwko tobie
[21:34:31] <BlackBird> r12, ale mckey ciebie tez sie to moze tyczyc
[21:35:09] <BlackBird> bezpodstawny ban na kanale na ktorym bany sa zakazane.. no nice
[21:35:23] <McKey> Dziękuje dobranoc
[21:35:52] *** Quits: Truss (Truss@Pony-m4e.0cm.130.31.IP) (Ping timeout: 121 seconds)
[21:36:05] <LazyPony> ... gratki, kurcze za odwage McKey 
[21:36:08] <BlackBird> dobra ale czemu daleś jej bana?
[21:36:18] <McKey> Lazy za przeproszeniem spierdalaj 
[21:36:31] *** Parts: McKey (Kordus@twilightsparkle.ovh) ("Eivel wychodzę ")
