[00:01:23] <BlackBirt> wes ktos rozpocznij rozmowe ktora bedzie trwala godzinami bo nudno..
[00:01:57] <Lunia> ok
[00:02:04] <BlackBirt> dajesz
[00:02:09] <Lunia> czy kopyta kucyków są owłosione?
[00:02:20] <BlackBirt> nie :v
[00:02:40] <BlackBirt> nobo jak
[00:02:54] <BlackBirt> przecie kopyto to taki wiekszy paznokiec :v
[00:02:55] <Lunia> mają tę samą kolorystykę co reszta ciała
[00:03:04] <Lunia> no ale w show
[00:03:11] <BlackBirt> a u np. Big Mac'a?
[00:03:34] <BlackBirt> moze poprostu maja tak dluga siersc nad kopytami ze im zaslania :v
[00:03:34] <Lunia> bigmac ma inną budowę kopyt
[00:03:41] <BlackBirt> albo maluja codziennie
[00:03:50] <Lunia> no chyba że
[00:04:07] <Lunia> pierwsze kucyki G4 miały fajne kopytka :3
[00:04:17] <BlackBirt> pozatym jak niby mozna wypolerowac siersc..
[00:04:17] <Lunia> te przed pierwszym odcinkiem
[00:04:24] <BlackBirt> przed 1?
[00:04:24] <Lunia> w scetch booku Lauren Faust
[00:04:39] <BlackBirt> eem... niewidzialem xd
[00:04:44] <Lunia> były takie.. półokrągłe
[00:04:50] <Lunia> bardziej realistyczne
[00:05:13] <Lunia> Lauren miała trochę inną wizję
[00:05:22] <Lunia> początkową
[00:05:33] <Lunia> tak jak z Pinkie pie która miała być pegazem
[00:05:46] <BlackBirt> ohgod
[00:05:55] <Lunia> http://fc00.deviantart.net/fs70/i/2011/320/5/e/pinkie_pie___surprise_vector_by_quanno3-d4epoat.png
[00:05:57] <Lunia> takie kopytka
[00:06:21] <Lunia> kiedyś z przyjacielem siedzieliśmy całą noc i dokopaliśmy się do bloga
[00:06:24] <Lunia> sprzed G4
[00:06:36] <Lunia> który opisywał cały proces przygotowawczy
[00:06:41] <Lunia> to było dziwne
[00:06:45] <BlackBirt> hmm ciekawe
[00:06:56] <BlackBirt> ale jagby te kopyta wygadaly od tylu?
[00:07:06] <BlackBirt> w sensie cala noga
[00:07:07] <Lunia> normalnie >.>
[00:07:18] <Lunia> płasko xD
[00:07:28] <BlackBirt> dla mnie troche dziwnie by to wygladalo
[00:07:47] <BlackBirt> chyba zeby zrobili jakies dobre przejscie z nogi na kopyto
[00:07:48] <Lunia> bo się przyzwyczaiłeś do tego jak wyglądają teraz
[00:08:05] <BlackBirt> zapewne.
[00:08:05] <Lunia> Sweetiebelle bez rogu tam była
[00:08:39] <BlackBirt> itak do 4S to byla bez rogu :v
[00:08:46] <BlackBirt> bo miala i nic wiecej
[00:09:17] <Lunia> wat?
[00:09:35] <BlackBirt> wlasnie sam nwm oco mi min temu chodzilo..
[00:09:51] <BlackBirt> tak wiem dziwny jestem
[00:11:34] <BlackBirt> wes ktos sie dolacz do rozmowy bo umiera
[00:13:18] <BlackBirt> jutro audycja!
[00:13:27] <BlackBirt> jutro zaczyna sie audycja*
[00:13:32] <BlackBirt> a pojutrze sie skonczy xd
[00:13:57] <McKey> Jaka?
[00:14:06] <BlackBirt> mordecz?
[00:14:06] <Derpi> gdzie jest kotek?
[00:14:08] <BlackBirt> o 22
[00:14:10] <McKey> A Co do pinikie czytaj Suprise
[00:14:17] <McKey> wut
[00:14:47] <BlackBirt> tuw tuw tuw
[00:15:05] <McKey> E?
[00:15:11] <McKey> Kucykowa Czytelnia
[00:15:17] <BlackBirt> da
[00:15:31] <McKey> no to?
[00:15:42] <BlackBirt> jutro sie zaczyna pojutrze konczy :V
[00:15:56] <McKey> 0:00 jeszcze jest jutro :v
[00:16:10] <McKey> Derpi .rejoin
[00:16:11] <BlackBirt> ale jest szansa ze skoncy sie o 0:00'01
[00:16:22] <McKey> ale planowo kończy się jutro
[00:16:27] <BlackBirt> ojtam
[00:16:45] <McKey> Kłucisz się z adminem? xD
[00:17:00] <McKey> jest nowy rok :P Nowe limity na NFB
[00:17:06] <BlackBirt> tia..
[00:17:23] <BlackBird> Odłamkowym Ładuj!
[00:17:24] * Derpi banhammer activated
[00:17:41] <McKey> Derpi oddaj mój młotek
[00:18:40] <McKey> Choć aktualnie mój i Lunia :P
[00:18:48] <McKey> 2 Dziewczyna w ekipie xD
[00:19:19] <Lunia> ^^
[00:22:43] *** Joins: AveLuna (PinkiePie@Pony-7r9m4l.play-internet.pl)
[00:22:50] <AveLuna> meh
[00:22:56] *** Parts: AveLuna (PinkiePie@Pony-7r9m4l.play-internet.pl) ()
[00:25:27] *** Quits: Pony_0 (Pony_0@Pony-8drk13.dynamic.chello.pl) (Ping timeout: 121 seconds)
[00:26:33] <BlackBirt> aha!
[00:26:42] <BlackBirt> w koncu zrozumialem czemu tak malo sie dzieje
[00:26:50] <BlackBirt> bo juz prawie xd0:30
[00:26:54] <McKey> gz
[00:27:06] <Andragor> To ma sens.
[00:27:26] <BlackBirt> meh dzisiaj cza szybciej pujsc spac...
[00:27:39] <BlackBirt> wczoraj o 5 poszedlem i spalem do 10...
[00:27:56] <BlackBirt> to dzisiaj o 4 puje ;p
[00:28:22] <Hck> hmmm
[00:28:25] <BlackBirt> tylko co ja bede robil przez najblizsze 3:30 godz..
[00:28:37] <McKey> Grał w Quake :P
[00:28:41] <BlackBirt> tablet
[00:28:47] <McKey> ^
[00:28:54] <McKey> .g quake on andorid
[00:28:56] <BlackBirt> yeeem
[00:28:58] <Derpi> McKey: https://sites.google.com/site/quake2android/
[00:29:02] <McKey> :v
[00:31:21] <Andragor> Jam mam wcisnąć "Menu" jak go nie mam :p
[00:32:32] <BlackBirt> normalnie
[00:32:35] <BlackBirt> nacisnij :v
[00:33:02] <Andragor> Tylko, że smartfony od 4.0 już nie mają tego przycisku xD
[00:34:48] <BlackBirt> to go wlacz :V
[00:35:29] <Andragor> Ale go nie ma :D
[00:37:07] <BlackBirt> trudno, wlacz i nacisnij :D
[00:37:30] <BlackBirt> Jakie gry w ktore niegralem polecacie na androida?
[00:37:46] <Andragor> World of Tanks
[00:39:22] <BlackBirt> mam
[00:39:24] <BlackBirt> gram
[00:39:32] <BlackBirt> przeszedlem xd
[00:39:52] <BlackBirt> i mam dosc wot'a gram na pc, na tabku i juz nim zygam
[00:41:01] <Lunia> grałam w WoT'a za czasów bety
[00:41:26] <BlackBirt> masz jakis czolg z bety?
[00:43:16] <Lunia> niee
[00:43:21] <Lunia> resetowane były
[00:43:29] <BlackBirt> szkoda
[00:43:29] <Lunia> teraz mam chyba isu-100 czy coś
[00:43:42] <Andragor> Też swego czasu grałem w wota
[00:43:52] <Andragor> Nie zapomnę KV Party co drugą bitwę :)
[00:43:55] <Lunia> KW
[00:44:14] <Andragor> Zanim była polska wersja
[00:44:17] <BlackBirt> ja trochu puzno zaczelem grac w wota
[00:44:17] <Lunia> rosjanie nie mają litery V w cyrylicy
[00:44:42] <BlackBirt> йцукенгшщзхъэждлорпавыфячсмитьбю. ty no :v
[00:45:06] <BlackBirt> дюблю россию
[00:45:43] <BlackBirt> meh dobra niebede w nic gral poujdem poszukac nielegalnego clienta do wows :p
[00:46:09] <Lunia> pajret
[00:46:36] *** Quits: Electric_Psoras (Thunderbird@Pony-nst2jf.adsl.tpnet.pl) (Quit: Bye horsies!)
[00:46:48] <BlackBirt> niedal sie pozegnac..
[00:46:53] <BlackBirt> jak ja tego nielubie
[00:47:01] <BlackBirt> jak ktos wychodzi bez pozegnania
[00:54:59] <BlackBird> Litho!
[00:56:04] <BlackBirt> wiem!
[00:56:11] <BlackBirt> przeczytam licencje windowsa!
[00:56:26] <Lunia> Achivement unlocked
[00:56:43] <BlackBirt> dostalem zad dom z SK zeby przeczytac licencje windows :v
[01:07:51] <McKey> BlackBirt>> nie rade
[01:07:59] <McKey> jeszcze zainstalujesz linuxa xD
[01:08:09] <BlackBirt> xd
[01:08:12] <BlackBirt> najwyzej
[01:08:16] <McKey> A tak na serio to polecam aplikacjie :play games:
[01:08:31] <BlackBirt> popaczem
[01:08:37] <McKey> jak masz ludzi w kręgach to ona ci pokaże w co grają
[01:10:50] <McKey> A to tak jak ktoś chce pograc :v http://puu.sh/dWJWJ/75a5da6610.jpg
[01:12:01] <Hck> ...
[01:12:22] <Hck> Proponuje mi Fanfiki na Playu bo McKey 
[01:12:28] <McKey> xD
[01:12:29] <McKey> xDDDD
[01:12:31] <McKey> XDDDDDDDDDD
[01:12:39] <McKey> anyway z/w
[01:12:45] <McKey> Kucysie trzeba wykompać
[01:12:46] <Hck> kk
[01:12:53] <Hck> ???
[01:13:02] <Hck> wiem że trzeba czesać...
[01:13:07] <McKey> przysznic :v
[01:13:12] <McKey> poprostu ide sie myć :v
[01:15:46] <Hck> kk
[01:18:54] <Lunia> https://www.youtube.com/watch?v=Be_wBIp4uyw
[01:18:55] <Derpi> [YouTube] Title: [PMV]  If I Were A Pony : Chrysalis Another Story | Uploader: Loveless Nova | Uploaded: 31/12/2014, 14:21 | Duration: 0.08166666666666667hours 54secs | Views: 8,547 | Comments: 105 | Likes: 604 | Dislikes: 1
[01:27:42] <McKey> A przepraszam Hck źle ci podpowiada? xD
[01:30:31] <Hck> nie
[01:30:40] <Hck> ale kosztują 0zł
[01:30:59] <Hck> jakby były za darmo to bym ściągał i czytał
[01:31:16] <McKey> Ograniczenia Google :v
[01:31:21] <McKey> masz podgląd
[01:31:26] <McKey> tu jest 100%
[01:31:48] <Hck> ok
[01:31:58] <Hck> czytałeś Shylitude ?
[01:32:25] <Hck> bo to między innymi poleciło mi
[01:33:20] <McKey> jak jest opinia to czytałe =m :P
[01:33:30] <McKey> a w zasadzie to wszystkie czytałem xD
[01:34:00] <Hck> Wzruszyłem się bardzo...
[01:35:10] <Hck> Smutne to było
[01:41:37] *** Joins: Beatzebub (beatzebub@Pony-f8pqc9.bchsia.telus.net)
[01:42:30] <Hck> Hej Beatzebub!
[01:43:42] <Hck> Ashley[coding]> Co tam 'codujesz' ?
[01:43:52] *** Joins: Beatzebub_ (beatzebub@Pony-f8pqc9.bchsia.telus.net)
[01:44:27] <Hck> :(
[01:44:42] <Hck> czemu wszyscy mnie zlewają...
[01:44:46] <BlackBirt> nikt cie niesluha :P
[01:44:53] <BlackBirt> bo wszyscy spia
[01:44:58] <BlackBirt> jest prawie 2 xd
[01:45:27] <Hck> ale Beatzebub wszedł i się nie przywitał.
[01:45:48] <Hck> a Ashley niby [coding] więc chyba nie śpi
[01:46:00] <BlackBirt> 7/55 gl for me :v
[01:46:06] <Hck> z drugiej strony ona zawsze odpowiadała...
[01:46:20] <BlackBirt> ona od wczoraj [coding]
[01:46:25] *** Joins: Beatzebub__ (beatzebub@Pony-f8pqc9.bchsia.telus.net)
[01:46:35] *** Quits: Beatzebub (beatzebub@Pony-f8pqc9.bchsia.telus.net) (Ping timeout: 121 seconds)
[01:46:40] <BlackBirt> wiec albo tak sie wciagnela albo poprostu niezmienila nicku
[01:46:52] <BlackBirt> Beatzebub__: ogar spobie internet
[01:47:14] <Beatzebub__> BlackBirt, sorry, been having router issues lately, usually not this bad...
[01:47:17] *** Beatzebub__ is now known as Beatzebub
[01:47:44] <Hck> soł inglisz
[01:48:00] <BlackBirt> da, ale zrozumial po polsku :v
[01:48:25] *** Quits: Beatzebub_ (beatzebub@Pony-f8pqc9.bchsia.telus.net) (Ping timeout: 121 seconds)
[01:48:59] <Hck> zw, muszę kompa schłodzić
[01:50:10] <BlackBirt> xd
[01:50:15] <BlackBirt> polecam wode xd
[01:50:23] <BlackBirt> i nwm poco schladzasz
[01:50:33] <BlackBirt> ja swoj musze rozgrzewac zeby dobrze dzialal..
[01:50:42] <BlackBirt> ale ja mam weglowy wiec..
[01:54:07] *** Quits: Andragor (Andrabot@Pony-l7d5f6.adsl.inetia.pl) (Quit: Brohoof /)*)
[01:57:28] *** Joins: Beatzebub_ (beatzebub@Pony-f8pqc9.bchsia.telus.net)
[01:58:55] *** Joins: Beatzebub__ (beatzebub@Pony-f8pqc9.bchsia.telus.net)
[01:59:57] *** Quits: Beatzebub (beatzebub@Pony-f8pqc9.bchsia.telus.net) (Ping timeout: 121 seconds)
[02:01:24] <McKey> Beatzebub_>> you are drunk (or you router) Go home :P
[02:01:40] *** Joins: Beatzebub (beatzebub@Pony-f8pqc9.bchsia.telus.net)
[02:01:43] *** Quits: Beatzebub_ (beatzebub@Pony-f8pqc9.bchsia.telus.net) (Ping timeout: 121 seconds)
[02:03:25] <McKey> Beatzebub_>> you are drunk (or you router) Go home :P
[02:03:33] *** Quits: Beatzebub__ (beatzebub@Pony-f8pqc9.bchsia.telus.net) (Ping timeout: 121 seconds)
[02:07:59] <Beatzebub> :[
[02:08:03] <Beatzebub> sorry McKey 
[02:08:23] <McKey> don;t worry
[02:12:54] <Hck> branoc
[02:12:54] <Derpi> Śpij dobrze
[02:13:01] <Hck> dzięki ;)
[02:13:47] <BlackBirt> Dobranoc
[02:13:47] <Derpi> Dobranoc :* ♡
[02:13:53] <BlackBirt> Niech Luna bedzie z toba
[02:22:32] <BlackBirt> Dobra niewytrzymie z moja noga ide spac
[02:22:42] <BlackBirt> Niech Luna bedzie z wami
[02:22:46] <BlackBirt> Dobranoc /)
[02:26:32] *** Quits: BlackBirt (PinkiePie@Luna.is.Your.Princess) (Quit: Ave Luna! /))
[02:30:24] *** Quits: Beatzebub (beatzebub@Pony-f8pqc9.bchsia.telus.net) (Ping timeout: 121 seconds)
[02:39:49] *** McKey is now known as [A]McKey
[02:52:35] *** Quits: SpikeDragon (Spike@sorting.those.books) (Ping timeout: 121 seconds)
[02:54:07] *** Joins: SpikeDragon (Spike@sorting.those.books)
[03:25:25] <Eivel> dzień dobry
[03:25:36] <Eivel> nigdy więcej nie pójdę spać o 19
[04:04:46] <misiek200m> Oj tam Eivel :D
[04:05:00] <Eivel> o, misiek200m, hej :P
[04:05:02] <Eivel> nie śpisz
[04:05:03] <Eivel> ?
[04:05:06] <misiek200m> Heja :D
[04:05:09] <misiek200m> A jeszcze nie ;p
[04:05:12] <Lunia> hellou
[04:05:18] <Eivel> hej Lunia
[04:05:24] <Eivel> gratuluję awansu :P
[04:05:38] <misiek200m> Do domu o 8 rano dobiłem i wyspałem się xD
[04:05:45] <misiek200m> Eivel pytanko mam małe
[04:05:49] <Eivel> tak?
[04:05:49] <Derpi> nie
[04:05:50] <misiek200m> ty Quassela używasz, nie?
[04:05:55] <misiek200m> Derpi: xD
[04:06:01] <Eivel> tak, używam :P
[04:06:03] <Lunia> dzieki ^^
[04:06:18] <misiek200m> To lepiej ZNC czy quasellcore na vps stawiać?
[04:06:30] <misiek200m> quasselcore* ;p
[04:07:41] <Eivel> misiek200m: ZNC. Jest lepiej wspierane, ma więcej możliwości i Quassel bez problemu się do niego łączy
[04:08:07] <misiek200m> Aktualnie core postawiłem, ale jakoś tak bieda trochę w ustawieniach ;p
[04:08:35] <Eivel> No właśnie. Jeśli o konfigurowalność chodzi, to nie dorasta ZNC do pięt
[04:08:41] <misiek200m> A nom
[04:08:55] <misiek200m> Może się dzisiaj pobawię nim ;p
[04:09:06] <Eivel> znc czy qcorem ? 
[04:09:45] <misiek200m> znc
[04:10:03] <misiek200m> bo w qcore już nawet nic nie wycisnę, stoi i tyle xD
[04:10:15] <Eivel> misiek200m: a, to jeszcze nigdy nie używałeś znc?
[04:10:28] <misiek200m> Nope ;p
[04:10:58] <Eivel> Jak będziesz konfigurować pluginy przy pierwszym postawieniu ZNC, to koniecznie włącz plugin "webadmin"
[04:11:42] <Eivel> config tekstowy do ZNC jest chaotyczny, a przez webadmina można wszystko sobie pododawać z poziomu streony
[04:11:44] <Eivel> strony*
[04:12:30] <misiek200m> A to widziałem właśnie w którymś opisie, fajnie to na stronce wygląda
[04:13:58] <Eivel> I taki hint jescze ode mnie, bo na poczatku tego nie wiedziałem - jak skonfigurujesz więcej niż 1 sieć, to w kliencie, chcąc sie do niej podpiąć, dodajesz nową sieć z ip twojej maszyny i portem ZNC, a w haśle sekwencję username/network:password
[04:14:23] <Eivel> gdzie username i password to będą te ustalone do ZNC
[04:14:32] <Eivel> Bo Nickserva pluginem przez webadmina ustawiasz
[04:15:11] <misiek200m> mhm
[04:15:14] <misiek200m> Dzięki :D
[04:16:53] <Eivel> spoko, jak coś to pytaj :P
[04:17:11] <Eivel> hm, chyba jakieś śniadanie musiałbym zrobić...
[04:17:43] <misiek200m> ;p
[07:00:17] *** Joins: Beatzebub (beatzebub@Pony-f8pqc9.bchsia.telus.net)
[07:33:30] *** Joins: Beatzebub_ (beatzebub@Pony-f8pqc9.bchsia.telus.net)
[07:34:48] *** Quits: Beatzebub (beatzebub@Pony-f8pqc9.bchsia.telus.net) (Ping timeout: 121 seconds)
[07:37:42] *** Joins: Beatzebub (beatzebub@Pony-f8pqc9.bchsia.telus.net)
[07:37:46] *** Quits: Beatzebub_ (beatzebub@Pony-f8pqc9.bchsia.telus.net) (Ping timeout: 121 seconds)
[07:39:05] *** Joins: Beatzebub_ (beatzebub@Pony-f8pqc9.bchsia.telus.net)
[07:41:46] *** Quits: Beatzebub (beatzebub@Pony-f8pqc9.bchsia.telus.net) (Ping timeout: 121 seconds)
[11:03:57] *** RedHelper is now known as Creeps|AFK
[11:23:57] *** [A]McKey is now known as McKey
[11:26:29] <McKey> Eivel>> śpisz? xD
[11:26:35] <Lunia> hejka
[11:26:35] <Derpi> yay!
[11:26:45] <McKey> Hejo
[11:26:45] <Derpi> hej
[11:27:04] <Lunia> hej derpi :3
[11:27:51] *** McKey sets mode: +e R:Q:Lunia
[11:28:11] <McKey> Fajny bajer xD
[11:28:22] <McKey> Takie +a dla normalnego usera
[11:28:36] <Lunia> .-.
[11:33:42] <McKey> Czyli eivelos śpi :/
[11:33:55] <Lunia> co to sen?
[11:34:31] <McKey> A nie wiem czy moge derpi kiknąć derpi i nie wiem czy mi AutoVoice zadziała
[12:09:51] *** Joins: BlackBirt (PinkiePie@Pony-7r9m4l.play-internet.pl)
[12:10:20] <BlackBirt> Hai
[12:10:20] <Derpi> dobry
[12:10:30] <Lunia> cze
[12:10:47] <McKey> ahoj
[12:10:47] <Derpi> Hej ;)
[12:11:06] <Lunia> kaplarr
[12:13:54] *** Quits: Beatzebub_ (beatzebub@Pony-f8pqc9.bchsia.telus.net) (Quit: No calling card for the unsung bard)
[12:13:59] *** Joins: Andragor (Andrabot@Pony-l7d5f6.adsl.inetia.pl)
[12:22:28] <McKey> IE jest super :P
[12:22:40] <Lunia> Herezja
[12:22:42] <McKey> Synchronizacja między Systemami działa świetnie
[12:29:52] *** Quits: BlackBirt (PinkiePie@Luna.is.Your.Princess) (Ping timeout: 121 seconds)
[12:46:21] <Eivel> dobry
[12:46:21] <Derpi> przecież się witaliśmy...
[12:46:27] <Eivel> tak, ale spałem jeszcze kilka h
[12:46:32] <Eivel> ... rozmawiam z botem
[12:46:55] <Eivel> McKey: już nie
[12:47:29] <McKey> Eivel>> autojoin działa? xD
[12:47:41] <Eivel> jeszcze nie
[12:47:54] <McKey> to i tak stestuje jak już jesteś :P
[12:47:58] <McKey> ew resetnij ją
[12:48:55] *** Quits: Derpi (Derpi@Keep.Calm.and.Pony.On) (Quit: Closing)
[12:49:02] *** Joins: Derpi (Derpi@Pony-1kb.e19.62.178.IP)
[12:49:37] <Eivel> to uczucie, gdy z przyzwyczajenia nawet po wyłączeniu bota przez ssh czekasz 5s na rozładowanie kondensatorów...
[12:49:50] <McKey> xd
[12:50:00] <Eivel> autojoin powinien śmigać już
[12:50:06] *** Derpi was kicked by McKey (McKey)
[12:50:35] <McKey> Eivel>> chyba jednak nie
[12:50:37] <Eivel> aha x.x
[12:51:06] <Eivel> hm, ale to dziwne
[12:51:11] <Eivel> kicknij mnie
[12:51:16] *** Eivel was kicked by McKey (McKey)
[12:51:46] *** Joins: Eivel (Eivel@Keep.Calm.and.Pony.On)
[12:52:10] <Eivel> ok, ZNC daje radę z 15 s ograniczenia na rejoin
[12:52:12] <McKey> Eivel>> i co zdiagnocowałeś? xD
[12:52:30] <McKey> puść derpi przez ZNC xD
[12:54:57] <Eivel> hm
[12:55:06] <McKey> Ale to nie głupie jest nawet
[12:55:08] <Eivel> tak patrzę, że chyba nie ma autorejoina w configu
[12:55:15] <Eivel> nie no, do znc nie dam
[12:55:24] <McKey> why xD
[12:56:50] <McKey> Ale dobra musze zmienić system :P
[12:56:55] <McKey> a w zasadzie dysk
[12:56:55] <Eivel> kk
[12:57:03] <McKey> anyway zaraz wracam
[12:57:12] *** Joins: Derpi (Derpi@Keep.Calm.and.Pony.On)
[12:57:36] *** McKey is now known as [A]McKey
[12:58:05] <Eivel> .add_permissions Lunia bucket_add 1
[12:58:15] <Eivel> hm
[12:58:23] <Lunia> .-.
[12:58:56] <Eivel> z jakiegoś powodu nie załądowałą wszystkich modułów
[13:04:40] <Eivel> .add_permissions Lunia bucket_add 1
[13:04:41] <Derpi> Zmodyfikowano uprawnienia
[13:05:03] <Lunia> yay mam kubeł
[13:05:08] <Eivel> .add_permissions Lunia onoff_remote 1
[13:05:09] <Derpi> Zmodyfikowano uprawnienia
[13:05:32] <Eivel> jakby ci się nudziło, to nowa obsługa kubła:
[13:05:35] <Eivel> .help addfact
[13:05:35] <Derpi> Eivel: Instrukcja dodawania faktów: http://www.derpcraft.pl/index.php/22-instrukcja-derpi
[13:05:36] <Derpi> Eivel: e.g. .addfact fraza <reply> odpowiedź
[13:05:53] <Lunia> dzięks
[13:06:00] <Eivel> teraz się pozmieniało mnóstwo od czasu starej wersji
[13:06:02] <Eivel> bo pisałem od nowa
[13:25:41] *** [A]McKey is now known as McKey
[13:26:27] <McKey> xD
[13:54:30] <Eivel> ale tych meetów się porobiło w styczniu
[13:59:58] <Eivel> Ashley[coding]: korzystałaś kiedyś z Redisa?
[14:00:50] *** BlackBird is now known as NightBird
[14:02:30] <Eivel> NightBird: chyba się rozkalibrowałeś, noc się skończyła :d
[14:07:09] *** Joins: BlackBirt (PinkiePie@Pony-7r9m4l.play-internet.pl)
[14:09:49] <BlackBirt> Gdzieś na ziemi teraz jest noc ;p
[14:10:04] <BlackBirt> Pozatym ja mam ten nick jak mnie niema na shellu :v
[14:26:15] <McKey> To już lepiej [A]BlackBird :P
[14:27:55] <Eivel> Właśnie, McKey - tobie klient podświetla pingowanie McKey czy McKey[A]? Bo rozumiem, że gdy załączasz klienta, to już nick wraca do McKey, ale za czasu pingowania był z [A]
[14:28:05] <Lunia> https://www.youtube.com/watch?feature=player_embedded&v=OYpwAtnywTk bwahaha
[14:28:06] <Derpi> [YouTube] Title: How to trick people into thinking you're good looking | Uploader: JennaMarbles | Uploaded: 09/07/2010, 21:39 | Duration: 0.04388888888888889hours 38secs | Views: 60,017,699 | Comments: 108,753 | Likes: 402,909 | Dislikes: 21,131
[14:33:25] *** Quits: BlackBirt (PinkiePie@Luna.is.Your.Princess) (Connection closed)
[14:33:25] *** Joins: AveLuna (PinkiePie@Pony-7r9m4l.play-internet.pl)
[14:34:04] *** Quits: AveLuna (PinkiePie@Pony-7r9m4l.play-internet.pl) (Client exited)
[14:34:11] *** Joins: BlackBirt (PinkiePie@Luna.is.Your.Princess)
[14:34:27] <McKey> Eivel>> Znasz protokół irc prawda?
[14:35:00] <McKey> To powiec czy jest on synchroniczny czy asynchrnoniczny
[14:35:08] <McKey> i czy jest w duplexie :P
[14:36:59] <Eivel> Nie znam protokołu irc. W dodatku protokół samego irca jest tylko podkładem dla usług typu NickServ. 
[14:37:22] <McKey> To ci powiem że może przesyła informacje w 1 strone
[14:37:26] <McKey> czy jakoś tak xD
[14:37:29] <Eivel> Napewno szykuje się niesamowicie ciekawa dyskusja, ale jeszcze ciekawsza byłaby odpowiedź na moje pytanie
[14:37:56] <McKey> znaczy najpierw pobieram wszystkie dane z bufora ZNC (czyli dalej mam nick z [A]) a potem ogłaszam że ustabilizowałem połączenie
[14:38:45] <McKey> znc potem działa w uśpieniu oczekując PING-ów
[14:38:53] <McKey> jak działa to wiadomo już
[14:39:07] <McKey> jak ping ktoryś minie bez ponga to zmienia nick
[14:39:44] <McKey> nawet ci pwiem że klienta nie konfiguruje pod nicki :P
[14:39:54] <Eivel> Lunia: to jest jednocześnie straszne i śmieszne :p
[14:40:03] <Lunia> wiem xD
[14:40:16] <McKey> co znowu...
[14:40:25] <Lunia> wybielałam kudły dwa razy ale aż takiego efektu to nie było xd
[14:40:29] <Lunia> forever pasztet
[14:41:13] <Eivel> czekaj, ty uważasz efekt końcowy za pozytywny? xD
[14:41:25] <Lunia> niee
[14:41:45] <Lunia> gdyby tak było nie miała bym teraz ciemnych włosów
[14:43:22] <Eivel> McKey: powiedziałeś to tak chaotycznie, że sam już nie jestem pewien :P "[14:39:05] <McKey> jak ping ktoryś minie bez ponga to zmienia nick" wat
[14:44:46] <McKey> Lunia>> daj fotki xD
[14:44:58] <McKey> Eivel>> odpal sobie w qusilu RAW Log
[14:45:09] <McKey> i niech pozbiera troche
[14:45:25] <Lunia> http://puu.sh/dKoNe/f1ee97149b.jpg masz
[14:45:25] <McKey> zobaczysz charakterystyczne linijki co jakiś czas
[14:45:45] <McKey> To już chyba widziałem :P
[14:45:49] <McKey> Kociak :P
[14:46:33] <Lunia> nie widziałeś
[14:46:34] <Lunia> ^^
[14:46:50] <Hck> Analiza IRCa. Tak bardzo...
[14:47:15] <Eivel> Hck: http://x3.cdn03.imgwykop.pl/c3201142/comment_7Xxc0B5ak2EuA577l7YrDoQo4d9FbQ02,w400.jpg  A więc przyszedłeś się przyłączyć...
[14:47:21] <Hck> Czatowanie z użyciem netcata nie jest takie złe...
[14:47:55] <Hck> ale trzeba być ciągle gotowym bo serwer sprawdza czy klient żyje
[14:48:05] <Eivel> tylko emacsem przez sendmail, tak zostałem wychowany
[14:48:15] <Hck> :P
[14:48:20] <McKey> xD
[14:48:25] <misiek200m> lel xD
[14:48:28] <Hck> ale i tak VIM lepszy
[14:49:03] <McKey> misiek200m>> dawaj IP
[14:49:12] <misiek200m> ni
[14:49:14] <McKey> zrobimy cie na miskof.twilightsparkle.ovh :P
[14:49:19] <McKey> bedziesz słodziak xD
[14:49:22] <misiek200m> xD
[14:49:52] <Hck> Ciekawe ile kosztuje taka TLD 
[14:50:00] <McKey> dot ovh?
[14:50:04] <McKey> 5 złociszy
[14:50:06] <McKey> albo 6 
[14:50:08] <Hck> ta
[14:50:18] <Hck> ale jak OVH kupiło .ovh
[14:51:53] <McKey> dot ovh jest spoko
[14:51:58] <McKey> tania domena i własna
[14:52:04] <Lunia> Twilight Misiek
[14:52:04] <McKey> za 15 złociszy co rok
[14:52:19] <McKey> miskof.scooteloo.ovh
[14:52:20] <McKey> xD
[14:52:29] <Lunia> z wonsami
[14:52:47] <McKey> miskof.z.wonsami.scooteloo.ovh
[14:52:57] <misiek200m> xD
[14:54:14] <McKey> derp 
[14:54:14] <Derpi> 6_9
[14:55:16] <Lunia> z nogami
[14:56:29] <Hck> derp
[14:56:29] <Derpi> 80
[14:56:32] <Hck> derp
[14:56:32] <Derpi> 80
[14:56:32] <McKey> Open VPN na Win Serv chyba jest
[14:56:36] <Hck> jest
[14:56:43] <Hck> znaczy na każdego windowsa
[14:56:59] <McKey> bo chce sie pobawić właśnie windowsowym serwerem
[14:57:19] <Hck> windowsowym -> ~serwerem
[14:57:32] <Hck> chyba takie równanie zdań...
[14:57:40] <Hck> dawno nie używałem
[15:03:36] <McKey> hm...
[15:03:44] <McKey> kupić domene "dot.ovh" xD
[15:05:08] <Eivel> kalasznik.ovh
[15:08:08] *** Joins: McKey (Kordus@twilightsparkle.ovh)
[15:08:08] -discord.canternet.org- Replaying up to 10 lines of pre-join history spanning up to 300 seconds
[15:08:08] <McKey> hm...
[15:08:08] <McKey> kupić domene "dot.ovh" xD
[15:08:08] <Eivel> kalasznik.ovh
[15:08:08] *** Pinkamena sets mode: +h McKey
[15:08:48] <Hck> chędożyłeś Twilight jakieś 2 sekundy
[15:08:54] <Hck> to będzie nowy rekord
[15:08:56] <Eivel> dokładnie o tym samym pomyślałem
[15:08:57] <Eivel> :P
[15:09:02] <misiek200m> umarłem xD
[15:09:13] <McKey> :3
[15:09:13] <Derpi> Meow c:
[15:09:24] <McKey> I zobacz co wychędożyłem :3
[15:10:12] <Eivel> zw
[15:10:15] * Eivel ucieka po żarcie
[15:11:17] *** McKey sets mode: -J 
[15:11:20] *** Eivel was kicked by McKey (McKey)
[15:11:30] *** Joins: Eivel (Eivel@Keep.Calm.and.Pony.On)
[15:11:30] *** McKey sets mode: +v Eivel
[15:11:34] <McKey> og działa
[15:11:36] *** Derpi was kicked by McKey (McKey)
[15:11:36] *** Joins: Derpi (Derpi@Keep.Calm.and.Pony.On)
[15:11:36] *** McKey sets mode: +v Derpi
[15:11:36] <Derpi> Meow c:
[15:11:40] <McKey> działa 2x xD
[15:11:45] *** McKey sets mode: +J 20
[15:12:13] *** McKey sets mode: +e r:Q:Derpi
[15:28:40] <BlackBirt> Mckey: nielepiej !sync zamiast kickac?
[15:29:08] *** Quits: Lunia (lunia@ChumPony.Enterprises) (Client exited)
[15:34:49] <McKey> !sync
[15:34:58] <McKey> no permision :P
[15:35:09] <BlackBirt> A !forcexop?
[15:35:34] <McKey> !forcexop
[15:35:37] <McKey> nope
[15:35:52] <BlackBirt> To zrypane
[15:35:57] <McKey> BlackBirt>> przeczytaj jeszcze raz to co się zrobiło a nie ucz mnie :v
[15:36:22] <BlackBirt> Wiem ty automatycznie dajesz voice a nie pzez flage
[15:36:29] <McKey> nowłasnie
[15:36:34] <McKey> nadaje flage po stronie ZNC
[15:38:43] <BlackBirt> !sync
[15:38:53] <Hck> ech...
[15:38:54] <BlackBirt> Powinno to byc dla wyszystkich..
[15:40:17] <Eivel> damn
[15:40:28] <Eivel> jak Derpi ma mieć voice, to będę musiał dla niej osobne konto zrobić
[15:40:47] <Eivel> a tymczasem...
[15:40:49] <Eivel> jestem botem
[15:43:43] *** NightBird is now known as BlackBird
[15:44:07] <McKey> Eivel>> w zasadzie xD
[15:44:09] *** McKey sets mode: -v Eivel
[15:44:11] <McKey> x
[15:44:12] <McKey> xD
[15:44:59] <Eivel> lol
[15:44:59] <Derpi> hahaha dobre
[15:45:08] <McKey> tak
[15:45:08] <Derpi> tak, tak było
[15:45:13] <Eivel> nie, tak nie było
[15:45:52] *** Quits: BlackBirt (PinkiePie@Luna.is.Your.Princess) (Ping timeout: 121 seconds)
[15:46:13] *** Quits: Derpi (Derpi@Keep.Calm.and.Pony.On) (Quit: Closing)
[15:46:19] *** Quits: Eivel (Eivel@Keep.Calm.and.Pony.On) (Quit: ZNC - http://znc.in)
[15:48:36] *** Joins: Eivel (Eivel@Keep.Calm.and.Pony.On)
[15:48:36] *** McKey sets mode: +v Eivel
[15:50:27] *** Joins: Derpi (Derpi@Pony-1kb.e19.62.178.IP)
[15:50:57] <Eivel> McKey: jak to się stało, że ja po restarcie mam voice, a Derpi nie ? xD
[15:51:56] <McKey> bo ...
[15:52:01] <McKey> do dupy z wami ...
[15:52:36] *** McKey is now known as [A]McKey
[15:55:24] <Eivel> aha...
[15:55:38] *** [A]McKey is now known as McKey
[15:56:11] <McKey> puść na YT coś...
[15:56:15] <McKey> YT resetuje ci PC ...
[15:56:17] <McKey> IE 10 <3
[15:57:49] <McKey> Eivel>> teraz se resetuj :v
[15:57:53] *** McKey sets mode: -v Eivel
[15:58:23] *** Parts: Eivel (Eivel@Keep.Calm.and.Pony.On) ("http://quassel-irc.org - Chat comfortably. Anywhere.")
[15:58:29] *** Joins: Eivel (Eivel@Keep.Calm.and.Pony.On)
[15:58:29] *** McKey sets mode: +v Eivel
[15:58:37] <McKey> Derpi resetuj :v
[15:58:39] <McKey> nie siebie
[15:58:42] <McKey> ty działasz
[15:59:26] *** Parts: Derpi (Derpi@Keep.Calm.and.Pony.On) ()
[15:59:31] *** Joins: Derpi (Derpi@Keep.Calm.and.Pony.On)
[15:59:31] *** McKey sets mode: +v Derpi
[15:59:36] *** Joins: Lunia (lunia@ChumPony.Enterprises)
[15:59:36] *** Pinkamena sets mode: +h Lunia
[15:59:56] <Eivel> McKey: ale jakim cudem nas wczesniej rozdzieliles?
[16:00:11] <McKey> Eivel>> bo ty lecisz po SASL chyba
[16:00:19] <Eivel> nom
[16:00:21] <McKey> ew najpierw się logujesz a potem wchodzisz
[16:00:27] <Eivel> aha
[16:00:28] <McKey> a Derpi leci po NS
[16:00:38] <McKey> zrób ją po SASL i z głowy
[16:00:46] <McKey> anyway możecie mieć oboje voice :v
[16:00:54] <McKey> btw Lunia kiknij Derpi 
[16:00:57] *** McKey sets mode: -J 
[16:01:40] <Eivel> jak maker nie ma nic przeciw. Nie chcę, żeby było na mnie, że samowolka czy coś
[16:01:52] <McKey> bedzie na mnie :v
[16:02:07] <Eivel> tego tez lepiej uniknac xd
[16:51:18] *** Quits: Andragor (Andrabot@Pony-l7d5f6.adsl.inetia.pl) (Quit: Brohoof /)*)
[16:55:11] *** BlackBird is now known as NightBird
[16:57:55] *** Joins: BlackBirt (PinkiePie@Pony-7r9m4l.play-internet.pl)
[17:04:43] *** Joins: Shaher (~Shaher@Pony-ut8icq.adsl.tpnet.pl)
[17:11:53] *** Quits: Shaher (~Shaher@Pony-ut8icq.adsl.tpnet.pl) (Quit: Page closed)
[17:24:03] *** McKey is now known as [A]McKey
[17:32:01] <Eivel> McKey: http://www.wykop.pl/link/2316122/zielona-gora-wchlonela-16-wsi-jest-wieksza-niz-poznan/   U was następny Poznański
[17:32:02] <Derpi> [ Zielona Góra wchłonęła 16 wsi, jest większa niż Poznań - Wykop.pl ] - www.wykop.pl
[17:55:12] *** Joins: Andragor (Andrabot@Pony-l7d5f6.adsl.inetia.pl)
[18:05:11] <BlackBirt> Czyli źe t
[18:05:29] <BlackBirt> Zielona gora jest teraz wioską :v
[18:07:35] *** Joins: Delta3120 (~Delta3120@Pony-7unsia.static.kolnet.eu)
[18:07:45] <BlackBirt> Witaj delta
[18:07:49] <Delta3120> cześć xD
[18:08:08] <Delta3120> McKey - wysłałem ci już linka 
[18:10:10] <Delta3120> chyba jest offline...  trudno xD
[18:10:25] <BlackBirt> Niejest...
[18:10:34] <BlackBirt> Znaczy niebył
[18:10:41] <Delta3120> acha'
[18:11:14] <BlackBirt> Bosh [A]McKey czyli go nima [A] oznacza afk
[18:12:12] <Delta3120> to ja nie wiedziałem xD
[18:12:19] <mkr> Zaś rozdawane są voicy.
[18:12:40] <Delta3120> macie omniponego xD
[18:13:11] <BlackBirt> Tez chcem voice :v
[18:13:28] *** Joins: Proenix (Proenix@proenix.pl)
[18:13:40] <BlackBirt> Witaj
[18:13:41] <Derpi> siema BlackBirt!
[18:13:47] <BlackBirt> Nie ja!
[18:13:47] <Derpi> Nie wykręcaj się!
[18:13:54] <Delta3120> o co chodzi z tym voicem?
[18:13:59] <BlackBirt> +v
[18:14:02] <Delta3120> bo ja nic nie dostałem xD
[18:14:07] <BlackBirt> Ten + przed niciem
[18:14:12] <Delta3120> aaa
[18:14:15] <BlackBirt> Derpi i eviel dostali
[18:14:19] <Delta3120> jak?
[18:14:26] <BlackBirt> Od mckeya
[18:14:43] <Delta3120> o skubaniec xD
[18:14:47] <Delta3120> a co to daje?
[18:15:11] <BlackBirt> Niewrażliwość na moderacje kanalu
[18:15:15] <BlackBirt> +m
[18:15:48] <Delta3120> acha xd
[18:16:44] <Delta3120> powinni to dać jako nagrode za wygranie audycji Tak to leciało xD
[18:16:53] *** NightBird is now known as BlackBird
[18:17:53] <Delta3120> 1 miejsce - tydzień
[18:18:01] <Delta3120> 2 - 3 dni
[18:18:07] <Delta3120> i 3 - 24h
[18:18:12] <Delta3120> xD
[18:18:50] <Eivel> mkr: McKey chciał wyróżnić bota, ja dostałem rykoszetem, dopóki nie wywalę Derpi na inne konto (bo teraz dzielimy 1)
[18:19:27] *** Quits: BlackBirt (PinkiePie@Luna.is.Your.Princess) (Ping timeout: 121 seconds)
[18:22:14] *** Quits: Delta3120 (~Delta3120@Pony-7unsia.static.kolnet.eu) (Ping timeout: 121 seconds)
[18:25:10] <mkr> Phew.
[18:30:45] *** Quits: Derpi (Derpi@Keep.Calm.and.Pony.On) (Quit: Closing)
[18:37:20] *** Joins: Derpi (Derpi@Pony-1kb.e19.62.178.IP)
[18:37:20] *** [A]McKey sets mode: +v Derpi
[18:37:44] <Eivel> Lunia: mogłabyś mi zabrać już voice? Wyodrębniłem Derpi
[18:38:29] <Lunia> tylko przypomnę sobie jak. One moment
[18:39:52] <Eivel> kk
[18:40:13] <Lunia> ok teraz sobie nie przypomnę. jaka była komenda? (za dużo whisky)
[18:40:53] <Eivel> nie jestem pewien, bo to trzeba przez chanserva robić (wnioskuję po tym, ze mnie autovoicowało jak restartowałem maszynę). Dobra, to się nie pali, jak wróci McKey to zabierze
[18:41:18] <Eivel> teraz jeszcze ponapawam się widokiem z góry :P
[18:41:23] <Lunia> sorry. jestem na nogach od 24 h i od 20 piję whiskacza xD
[18:41:35] <Eivel> spoko, znam ten ból. Sam dzisiaj odsypiałem 2 doby
[18:41:38] <Lunia>  swiętuję nowy rok po swojemu
[18:41:50] <Lunia> no i chłopak ma urodziny
[18:42:17] <Eivel> >kup chłopakowi whisky
[18:42:17] <Eivel> >zabierz mu whisky
[18:42:17] <Eivel> >masz whisky - profit
[18:42:21] <Eivel> :D
[18:42:27] <Lunia> xd
[18:42:33] <Lunia> szkoda że daleko mieszka
[18:44:10] <Eivel> Jak w Polsce, to nie jest źle
[18:46:02] <Lunia> w danii
[18:46:08] *** Joins: Delta3120 (Delta3120@Pony-7unsia.static.kolnet.eu)
[18:46:11] <Lunia> w przeciągu 2 lat się wyprowadzam
[18:47:11] <Delta3120> ostatnio odkryłęm że jest takie coś jak celesta's radio xD
[18:48:23] <Lunia> ano chyba jest
[18:49:08] <Delta3120> ee.. a Fire sky tylko we wtorki jest ?
[18:50:00] <mkr> Tak
[18:50:00] <Derpi> nie
[18:50:06] <Delta3120> xD
[18:50:42] <mkr> Ja jestem bardziej wiarygodnym źródłem informacji ty zimna, bezduszna maszyno.
[18:50:47] <Delta3120> jeden ucieka w lewo , drugi w prawo a Chuck Norris za nimi xD
[18:51:00] <Delta3120> Derpi to maszyna?
[18:51:51] <mkr> Bot.
[18:52:15] <Delta3120> i potrafi odpowiadać na pytania?
[18:52:29] <Eivel> odpowiada na znane przez siebie zdania
[18:52:39] <Delta3120> acha
[18:52:42] <Eivel> które ludzie dodawali przez parę miesięcy
[18:53:03] <Delta3120> bo ostatnio powiedziała "cześć Nero" xD
[18:53:08] <Eivel> mkr: jak możesz nazywać Derpi zimną!
[18:53:20] * Eivel przytula Derpi
[18:53:21] * Derpi mocno przytula Eivel c:
[18:53:27] <Eivel> już juz, on nie miał tego na myśli...
[18:53:34] <Delta3120> rozumiem już teraz o co cmon że nazwa Derpi xD
[18:53:53] <Delta3120> czekaj
[18:53:57] <Delta3120> też sprawdze
[18:54:05] * Delta3120 przytula Derpi
[18:54:05] * Derpi mocno przytula Delta3120 c:
[18:54:11] <Delta3120> YAY
[18:54:43] <Delta3120> ciekawe co by było z innymi rzeczami xD
[18:54:55] * Delta3120 całuje Derpi
[18:55:07] <Delta3120> nie no xD
[18:55:33] <Eivel> oj Delta3120, tylko jedno ci w głowie :>
[18:55:52] * Delta3120 mocno przytula Eviel c:
[18:56:24] <Delta3120> nie bez powodu chodze do gimbazy xD
[18:56:40] <Delta3120> chociaż dopiero w 1 klasie jestem xD
[18:57:34] <Delta3120> Dobrze że moja dziewczyna nie słucha tego radia bo by się jeszcze wkurzyła że się przytulam z botem xD
[18:57:40] <Delta3120> i z Evielem xD
[18:59:18] * Delta3120 slaps Derpi around a bit with a large fishbot
[18:59:22] <Delta3120> sory xD
[18:59:43] <Delta3120> chciałem wiadomość napisać xD
[19:00:19] <Delta3120> fajnie że się w tym radio można nawet bić xD
[19:00:50] <Delta3120> misiek200m ostatnio oberwał ode mnie xD chociaż zrobiłem to nieumyślnie :D
[19:01:19] <Eivel> przyznaj się, że lubisz po prostu okładać rybą przypadkowych ludzi :P
[19:01:28] * Delta3120 slaps Eivel around a bit with a large fishbot
[19:01:33] <Delta3120> lubie xd
[19:02:37] <Delta3120> co się dzieje na czacie kiedy McKey jest AFK xD
[19:05:20] <Eivel> mods are asleep, post ponies!
[19:05:52] <Delta3120> xD
[19:06:08] <Delta3120> a kto tu jest jeszcze botem?
[19:06:15] <Eivel> ja
[19:06:23] <Delta3120> nie wierze ci xD
[19:06:27] <Eivel> przynajmniej dopóki ukrywam się między Flutterbotem a Derpi
[19:06:43] <Delta3120> achaaa
[19:11:22] <Delta3120> nie ma go to się pobawie xD
[19:11:25] * Delta3120 slaps [A]McKey around a bit with a large fishbot
[19:13:25] <Delta3120> Eviel, zrób to dla mnie  xD (żeby nie było że jestem agresorem) xD
[19:13:30] *** Ashley[coding] is now known as Ashley
[19:14:39] <Delta3120> we wtorek na audycji będzie dużo piosenek nowych xD
[19:14:53] <Delta3120> z czego 17 to Omnipony :D
[19:15:26] *** Joins: WinterPonyLiker (~WinterPonyL@Pony-pugh0v.adsl.tpnet.pl)
[19:15:37] <WinterPonyLiker> Witam serdecznie wszystkich
[19:16:52] <WinterPonyLiker> :P ale cisza 
[19:16:59] <Ashley> czesc .
[19:16:59] <Derpi> siema Ashley!
[19:17:03] <Eivel> Delta3120: no nie, tylko nie omnipony D:
[19:17:10] <Eivel> hej Ashley
[19:17:20] <Eivel> czemu zmieniłaś nick
[19:17:21] <Ashley> oh, nie mam polskiej keymapy włączonej
[19:17:23] <Ashley> już mam
[19:17:27] <Ashley> Eivel: huh?
[19:17:32] <Delta3120> Eviel
[19:17:34] <Delta3120> nie tylko xD
[19:17:37] <Eivel> Uprawnienia w Derpi masz pod nickiem z ogonkiem :P
[19:17:39] <Eivel> Ashley'
[19:17:41] <Delta3120> reszta to Archie xD
[19:17:42] <Eivel> ale tym innym
[19:17:46] <Ashley> Eivel: mam jakies uprawnienia?
[19:17:49] <Ashley> nick sam sie zmienil
[19:17:51] *** Ashley is now known as Ashley`
[19:17:54] <Delta3120> ogółem jest 61 piosenek xD
[19:18:08] <Delta3120> musze coś sprawdzić
[19:18:13] <Eivel> Ashley`: yup, dodawania faktów. Jakbyś kiedyś stwierdziła, że Derpi za mało miałczy
[19:18:14] <Delta3120> Cześć Derpi!
[19:18:14] <Derpi> Dzień dobry!
[19:18:21] <Delta3120> hahaha
[19:18:21] <Derpi> hihihi
[19:18:39] <Delta3120> weź mnie nie przedżeźniaj derpi xD
[19:19:04] <Ashley`> Eivel: a, to fajnie :3
[19:19:07] <Delta3120> no kurde xd chce mieć takiego bota w domu xD
[19:19:33] <Delta3120> Derpi to najsłodszy bot na świecie <3
[19:19:47] <Eivel> :3
[19:19:47] <Derpi> Meow c:
[19:20:02] <Delta3120> znowu to Meow xD
[19:20:08] <Delta3120> c:
[19:20:33] <Delta3120> kto w ogóle ją zrobił?
[19:20:47] <Eivel> ja
[19:21:45] <Eivel> a właściwie "robi" bo wciąż nie jest dokończona
[19:21:53] <Eivel> ostatnio przepisywałem sporo rzeczy od nowa
[19:22:02] <BlackBird> Lunia : odnosząc sie do rozmowy z 18:41> /mode -v nick
[19:22:51] <Delta3120> no to powiem tyle że jesteś geniuszem 
[19:22:54] <Delta3120> xD
[19:23:16] <Eivel> nic tu z geniusza nie trzeba było :P Tylko dużo żmudnego pisania kodu i obsługi sql
[19:23:27] <Delta3120> jak długo już programujesz?
[19:23:36] <Delta3120> w sensie ogólnie
[19:24:06] <Eivel> Krótko dosyć, bo dopiero na studiach zacząłem
[19:24:08] <Eivel> ok. 4
[19:24:15] <Delta3120> bo ja planuje się zacząć uczyć
[19:24:54] <Delta3120> a to używasz Java Script, C++ czy tam jeszcze coś innego?
[19:25:31] <BlackBird> python jest łatwy
[19:25:34] <Eivel> najbardziej lubię Pythona, trochę też kodzę  w Rubim, C# i JavaScripcie
[19:26:04] <Delta3120> acha
[19:26:19] <Delta3120> a to wpisujesz w jakimś programie?
[19:26:24] <Delta3120> czy w notatniku?
[19:26:30] <Eivel> yup, tak jak mówie BlackBird. Tylko nie jestem ci w stanie polecić języka na początek. Są różne sposoby nauki. Ja zaczynałem od C++ i robienia koła od podstaw gdzie się dało
[19:26:58] <Eivel> Ale znam uczelnie, gdzie rzucają ludzi od razu na Javę, a to porównywalne z wbijaniem na rozżarzony pal. No bo java..
[19:27:36] <WinterPonyLiker> Heh ja bym sie chciał nauczyc javy i c++ no ale kto mnie by nauczył :D
[19:27:48] <Eivel> Delta3120: dowolne dłuższe programy w odpowiednim IDE. C# w Visual Studio, Python w PyCharmie, Javascript w SublimeText (który w sumie jest bardziej edytorem niż IDE)
[19:28:05] <Lunia> - Can't change mode for other users
[19:28:08] <Lunia> sorry
[19:28:33] <Lunia> python ftw
[19:29:14] <Delta3120> i jak to potem dajesz na czat? cały kod wklejasz do programu w którym jest zrobiona strona?
[19:29:20] * Eivel hugs Lunia
[19:29:34] * Lunia huga
[19:29:36] <BlackBird> Delta3120: pisać to da sie w każdym programie tekstowym, nawet 'notatnik' od windowsa
[19:29:45] <Delta3120> to wiem xD
[19:29:46] <Lunia> w paincie się da też
[19:29:49] <Lunia> true
[19:29:50] <BlackBird> :v
[19:29:53] <BlackBird> no da...
[19:30:15] <Delta3120> tylko w jakim rozszerzeniu to potem zapisać?
[19:30:24] <Lunia> ale to za proste. Ja koduję w pasjans pajonk
[19:30:32] <Lunia> nie pamiętam
[19:31:06] <Delta3120> xD
[19:31:07] <BlackBird> każdy język ma inne rozszżenie
[19:31:20] <Eivel> Delta3120: od złej strony zaczynasz i złe pytania zadajesz. Jak jesteś zupełnie zielony w programowaniu, to zacznij od poradników dla zupełnie zielonych. Od napisania prostego hello world. Zrozumieniu jak działa język, jak działa jego interpreter. Jakie są typy danych i jakie mają relacje miedzy sobą. Itd.
[19:31:30] <BlackBird> np. c++ ma .cpp
[19:31:51] <Delta3120> okay, dzięki!
[19:32:39] <Eivel> spoko :p
[19:37:47] *** Quits: WinterPonyLiker (~WinterPonyL@Pony-pugh0v.adsl.tpnet.pl) (Quit: Page closed)
[19:38:22] <Delta3120> ja spadam
[19:38:24] <Delta3120> narka
[19:38:29] <BlackBird> dobranoc
[19:38:30] <Derpi> Dobranoc :* ♡
[19:38:35] <Delta3120> do widzenia Derpi <3
[19:38:36] <BlackBird> Odłamkowym Ładuj!
[19:38:36] * Derpi ładuje party cannon
[19:38:38] <BlackBird> Niech Luna będzie z tobą
[19:38:40] <Eivel> branoc, Delta3120
[19:38:42] <Delta3120> ejejejeje
[19:38:52] <Delta3120> jak derpi ładuje bass cannon to ja zostaje
[19:38:54] <Delta3120> xD
[19:39:17] <Delta3120> nie no żart xD
[19:39:18] <Delta3120> narka
[19:39:26] <BlackBird> Litho!
[19:39:28] <BlackBird> Ave Luna!
[19:39:31] <BlackBird> meh
[19:39:41] <BlackBird> mylą mi sie bindy :v
[19:43:20] *** Quits: Delta3120 (Delta3120@Pony-7unsia.static.kolnet.eu) (Ping timeout: 121 seconds)
[19:52:55] *** Joins: Beatzebub (beatzebub@Pony-f8pqc9.bchsia.telus.net)
[19:53:57] <BlackBird> witaj
[19:53:57] <Derpi> dżem dziś dobry!
[19:54:33] <BlackBird> niema dżemu
[19:54:40] <Beatzebub> Heyo!
[20:07:23] <BlackBird>  meh
[20:07:28] <BlackBird> pisz cos ktos
[20:13:16] *** Joins: Delta3120 (Delta3120@Pony-7unsia.static.kolnet.eu)
[20:13:17] *** Joins: Proenix_ (Proenix@Pony-33u.c8j.225.91.IP)
[20:13:37] <Delta3120> ja tylko sprawdzałem czy McKey jest xD
[20:13:59] <BlackBird> nima
[20:14:40] <BlackBird> delta3120: derpy ma takie cos jak .tell
[20:15:09] <BlackBird> piszesz .tell mckey wiadomosc, a ona napisze do niego gdy tylko mckey cos napize
[20:16:00] <Ashley`> .tell Derpi .tell Derpi
[20:16:00] <Derpi> Ashley`: Przecież tutaj jestem. Wstydzisz się powiedzieć mi to prosto w oczy? ;_;
[20:16:04] *** Quits: Proenix (Proenix@proenix.pl) (Ping timeout: 121 seconds)
[20:16:52] <BlackBird> .tell McKey Delta3120 coś od ciebie chciał...
[20:16:52] <Derpi> BlackBird: Przekażę wiadomość, gdy McKey będzie w pobliżu.
[20:17:39] *** Quits: Delta3120 (Delta3120@Pony-7unsia.static.kolnet.eu) (Ping timeout: 121 seconds)
[20:44:16] *** Joins: Tivolt (Tivolt@Pony-psdr88.adsl.tpnet.pl)
[20:44:23] <Tivolt> hai
[20:44:23] * Derpi glomps Tivolt
[20:49:14] <Eivel> hej Tivolt
[20:49:33] <Tivolt> co tam u was ?
[20:50:55] <Eivel> dzień jak codzień
[20:51:06] <Eivel> jestem nielegalnym imigrantem pozycji voiced
[20:52:02] <Eivel> .song
[20:52:02] <Derpi> Na antenie: Forest Rain - Luna (Alt Mode)
[20:52:06] <Eivel> .player
[20:52:06] <Derpi> http://radioyay.net/player/
[20:56:07] *** Joins: ElectricPsoras (Thunderbird@Pony-cp1hrv.adsl.tpnet.pl)
[20:58:54] <BlackBird>  tivolt!
[20:58:59] <BlackBird> witaj!
[20:58:59] <Derpi> yay!
[20:59:57] <Eivel> hej ElectricPsoras
[21:13:07] <ElectricPsoras> hejka]
[21:13:25] <BlackBird> witaj!
[21:13:25] <Derpi> Dzień dobry!
[21:38:54] *** Quits: Beatzebub (beatzebub@Pony-f8pqc9.bchsia.telus.net) (Quit: No calling card for the unsung bard)
[22:09:48] *** Quits: Creeps|AFK (RedHelper@The.Pony.That.Makes.You.Smile) (Ping timeout: 121 seconds)
[22:15:13] *** Joins: Delta3120 (Delta3120@Pony-7unsia.static.kolnet.eu)
[22:15:44] <Delta3120> cześć Derpi!
[22:15:44] <Derpi> Cześć Delta3120!
[22:15:52] <Delta3120> xD
[22:17:12] <Delta3120> Eivel
[22:17:26] <Delta3120> mógłbyś jeszcze zrobić żeby nie odpisywała tak szybko xD
[22:18:11] * Delta3120 przytula Derpi
[22:18:11] * Derpi mocno przytula Delta3120 c:
[22:18:25] <Delta3120> ^_^
[22:18:36] <Delta3120> jak się masz Derpi?
[22:18:42] <Delta3120> xD
[22:22:44] *** Quits: Delta3120 (Delta3120@Pony-7unsia.static.kolnet.eu) (Ping timeout: 121 seconds)
[22:23:16] <Eivel> .tell Delta3120 mógłbym, ale sztuczne opóźnianie nie ma sensu. I tak każdy zda sobie szybko sprawę, że to bot.
[22:23:16] <Derpi> Eivel: Przekażę wiadomość, gdy Delta3120 będzie w pobliżu.
[22:27:03] *** Joins: Delta3120 (Delta3120@Pony-7unsia.static.kolnet.eu)
[22:27:24] <Delta3120> masz racje
[22:27:24] <Derpi> Delta3120: 2015-01-02 - 22:23:16 <Eivel> mógłbym, ale sztuczne opóźnianie nie ma sensu. I tak każdy zda sobie szybko sprawę, że to bot.
[22:28:10] <Delta3120> .tell McKey wysłałem ci już linka
[22:28:10] <Derpi> Delta3120: Przekażę wiadomość, gdy McKey będzie w pobliżu.
[22:28:25] <Delta3120> fajna opcja xD
[22:29:08] <Delta3120> Derpi - jeszcze będą z ciebie ludzie xD
[22:29:25] <Eivel> jeszcze muszę ją przerobić, bo obecnie gdy wyłączę bota, to wszystko co było w .tell przepada
[22:29:44] <Delta3120> ale i tak jest super xD
[22:29:52] <Delta3120> taki wirtualny przyjaciel
[22:30:29] <Delta3120> teraz będę chyba częściej odwiedzał radio a nie tylko we wtorki o 18 xD
[22:30:32] <Delta3120> *19
[22:32:42] *** Quits: SpikeDragon (Spike@sorting.those.books) (Connection closed)
[22:33:06] *** Joins: SpikeDragon (Spike@sorting.those.books)
[22:33:23] <Tivolt> * Tivolt przytula Derpi
[22:33:44] <BlackBird> ./me
[22:34:08] <Tivolt> ./tivolt przytula Derpi
[22:34:17] <BlackBird> nie
[22:34:24] <BlackBird> ./me przytula derpi
[22:34:25] <Tivolt> *tivolt przytula Derpi
[22:34:28] * Delta3120 przytula Derpi
[22:34:28] * Derpi mocno przytula Delta3120 c:
[22:34:34] <BlackBird> Odłamkowym Ładuj!
[22:34:34] * Derpi przygotowuje banhammer'a
[22:34:36] <Delta3120> was nie lubi xD
[22:34:47] * BlackBird przytula Derpi
[22:34:47] * Derpi mocno przytula BlackBird c:
[22:34:49] <BlackBird> ;p
[22:34:59] <Tivolt> dobra nwm jak to zrobić xd
[22:35:02] <Delta3120> no to tylko tivolta
[22:35:05] <BlackBird> ./me przytula derpi
[22:35:09] <BlackBird> bez kropki
[22:35:54] <Tivolt> nwm co śię stało 
[22:35:54] <Delta3120> gdzieś tu powinna być instrukcja do zabawy z Derpi xD
[22:36:02] <BlackBird> .help
[22:36:02] <Derpi> BlackBird: Say .help <command> (for example .help c) to get help for a command, or .commands for a list of commands.
[22:36:23] <Delta3120> xD
[22:36:25] <BlackBird> eeem to niepowinno byc na notice albo pv?
[22:36:46] * Delta3120 mocno przytula Derpi
[22:36:51] <BlackBird> ;p
[22:36:51] <Delta3120> aj 
[22:36:53] <Delta3120> nie to
[22:37:02] * Delta3120 przytula Derpi
[22:37:02] <BlackBird> musze sobie takiego binda zrobic..
[22:37:28] <Delta3120> zepsuło się
[22:37:31] <Tivolt> Status :TIVOLT Unknown command
[22:37:39] * Delta3120 przytula Derpi
[22:37:40] * Derpi mocno przytula Delta3120 c:
[22:37:43] <Delta3120> no
[22:37:46] <BlackBird> jprd tivolt
[22:37:46] <Delta3120> <3
[22:37:49] <BlackBird> ./me!
[22:37:52] <BlackBird> doslownie
[22:37:59] <BlackBird>  /me przytula derpi
[22:38:07] <BlackBird> identycznie napisz
[22:38:12] * BlackBird przytula Derpi
[22:38:12] * Derpi mocno przytula BlackBird c:
[22:38:19] <BlackBird> muahha mam binda podto xd
[22:38:20] * Delta3120 Fire Sky prześladuje sernik
[22:38:29] * Tivolt przytula derpi
[22:38:29] * Derpi mocno przytula Tivolt c:
[22:38:36] <Delta3120> xD
[22:38:40] <Tivolt> yay
[22:38:48] * BlackBird przytula Derpi
[22:38:49] * Derpi mocno przytula BlackBird c:
[22:38:51] * BlackBird przytula Derpi
[22:38:51] * Derpi mocno przytula BlackBird c:
[22:38:53] * BlackBird przytula Derpi
[22:38:53] * Delta3120 mocno przytula misiek200m c:
[22:38:53] * Derpi mocno przytula BlackBird c:
[22:38:55] * BlackBird przytula Derpi
[22:38:55] <Derpi> ...
[22:38:57] * BlackBird przytula Derpi
[22:38:57] * Derpi mocno przytula BlackBird c:
[22:38:59] <BlackBird> :P
[22:39:06] <BlackBird> muhehehe
[22:39:09] <Delta3120> zgupiała przez ciebie xD
[22:39:16] <BlackBird> da
[22:39:31] <Delta3120> Impreza!
[22:39:33] <BlackBird> zaduzo hug'ow jak na 1 sec :v
[22:39:34] * Tivolt przytula derpi
[22:39:35] * Derpi mocno przytula Tivolt c:
[22:39:36] * BlackBird przytula Derpi
[22:39:37] <Derpi> ...
[22:39:39] <BlackBird> ..
[22:39:43] <BlackBird> .
[22:39:45] <BlackBird> :v
[22:39:47] <Delta3120> ...
[22:39:52] <BlackBird> ...
[22:39:53] <Delta3120> Bass Cannon xD
[22:39:55] <BlackBird> ..
[22:39:57] <BlackBird> .
[22:39:59] <BlackBird> ...
[22:40:01] <BlackBird> ..
[22:40:02] <Delta3120> ...
[22:40:03] <BlackBird> .
[22:40:05] <BlackBird> ..
[22:40:07] <BlackBird> ...
[22:40:09] <BlackBird> ;p
[22:40:16] * Delta3120 przytula Derpi
[22:40:16] * Derpi mocno przytula Delta3120 c:
[22:40:49] <Delta3120> c;
[22:40:53] <BlackBird> Delta3120: moze to bedzie chamska reklama moze nie, na 'moim' kanale jest tez bot co hug'a :v
[22:41:11] <Delta3120> daj linka
[22:41:13] <BlackBird> co prawda umie prawie nic ale zawsze ;p
[22:41:18] <BlackBird> i niema linka tylko nazwe
[22:41:24] <Delta3120> daj
[22:41:26] <Delta3120> xD
[22:41:43] <Delta3120> widziałem to gdzieś już
[22:41:49] <BlackBird> ta?
[22:41:51] <BlackBird> bo nowy xd
[22:42:01] <BlackBird> ps. /join #nazwa
[22:45:31] *** Joins: WinterPonyLiker_ (WinterPonyL@Pony-pugh0v.adsl.tpnet.pl)
[22:45:43] <BlackBird> Witaj winterpony!
[22:45:59] <Tivolt> elo
[22:46:12] <BlackBird> eem derpi?
[22:46:14] <BlackBird> elo
[22:46:15] <WinterPonyLiker_> Zgłaszam że na http://6pony.pl/ jest błąd z radiem yay
[22:46:16] <Derpi> [ 6pony - poznawaj nowe kucyki! ] - 6pony.pl
[22:46:17] <BlackBird> hai
[22:46:17] <Derpi> witaj :)
[22:46:20] <BlackBird> aha
[22:46:22] <BlackBird> Eivel!
[22:46:37] <Eivel> .addalias elo <alias> dobry
[22:46:38] <Derpi> Dodano nowy alias: elo do grupy: 2
[22:46:42] <WinterPonyLiker_> Zgłaszam że na http://6pony.pl/ jest błąd z radiem yay
[22:46:42] <Derpi> [ 6pony - poznawaj nowe kucyki! ] - 6pony.pl
[22:46:52] <BlackBird> xd
[22:46:53] <BlackBird> co
[22:46:55] <Tivolt> haha prawie jak 6obcy
[22:47:02] <BlackBird> nieznasz 6pony?
[22:47:16] <Eivel> Ashley` ^
[22:47:39] <Tivolt> ja tu nic nie znam 
[22:48:02] <BlackBird> 6pony.pl
[22:48:04] <BlackBird> wejdz
[22:48:21] <WinterPonyLiker_> wqg 6pony opuszczone jakies
[22:48:25] <BlackBird> http:\\www.6pony.pl
[22:48:28] *** Quits: Delta3120 (Delta3120@Pony-7unsia.static.kolnet.eu) (Quit: Page closed)
[22:48:30] <BlackBird> zle :v
[22:48:46] <BlackBird> wiem bo mnie nanim niema xd
[22:49:16] <BlackBird> kiedys udalo mi sie zeobic ze 'bylo' 1000 kucow ;p
[22:49:39] <BlackBird> wgl ciekawe czy ahsley wie ze to ja bylem..
[22:49:49] <WinterPonyLiker_> to zrob to znowu a nei siedzisz :D
[22:49:56] <BlackBird> tablet..
[22:49:59] <BlackBird> na tabku jestem
[22:50:30] <WinterPonyLiker_> no ort kompa kupuj i jedzim z koxem
[22:50:51] <BlackBird> moge ci znalesc autorsi program do robienia 1000 kucow :v
[22:51:10] <Tivolt> czyli boty ?
[22:51:10] <BlackBird> ale upszedzam ze to fhuj obciaza komputer
[22:51:14] <BlackBird> ta
[22:51:42] <Tivolt> to z 6pony zrobi się cleverbot
[22:51:48] <Tivolt> xd
[22:51:50] <BlackBird> xd
[22:51:56] <BlackBird> te boty nc nierobia tylko sa
[22:52:09] <BlackBird> i to niesa boty bo ten program wlacza 1000 kart z 6pony :v
[22:52:29] <BlackBird> ps. jak to robilem zostalem uznany za ddos :v
[22:52:37] <BlackBird> 1 komputerem, da sie? da sie
[22:56:46] <BlackBird> http://www.mediafire.com/convkey/e885/xm8momnos2quk0nfg.jpg?size_id=8 
[22:56:49] <BlackBird> tadam
[22:57:14] <BlackBird> a do tego wszystkiego uzywalem tego komputera:
[22:57:17] <BlackBird> http://assets.sbnation.com/assets/1742045/bitcoin_mining_with_fans_tumblr.jpg
[22:57:47] <Tivolt> twój komp ?
[22:58:01] <BlackBird> da
[22:58:34] *** Quits: WinterPonyLiker_ (WinterPonyL@Pony-pugh0v.adsl.tpnet.pl) (Ping timeout: 121 seconds)
[22:58:49] <Tivolt> co to za karty graficzne nvidia GTX ?
[23:00:24] *** [A]McKey is now known as McKey
[23:00:51] <BlackBird> 650
[23:00:55] <BlackBird> McKey!
[23:01:02] <BlackBird> napisz cos
[23:01:09] <McKey> nie
[23:01:09] <Derpi> McKey: 2015-01-02 - 20:16:52 <BlackBird> Delta3120 coś od ciebie chciał...
[23:01:10] <Derpi> McKey: 2015-01-02 - 22:28:10 <Delta3120> wysłałem ci już linka
[23:01:14] <McKey> ...
[23:02:48] <BlackBird> :v
[23:04:37] <Ashley`> WinterPonyLiker+│ Zgłaszam że na http://6pony.pl/ jest błąd z radiem yay 
[23:04:38] <Derpi> [ 6pony - poznawaj nowe kucyki! ] - 6pony.pl
[23:04:40] <Ashley`> ojejku xD
[23:04:53] <Ashley`> Beton naprawi jak przejmie xD
[23:05:09] <Ashley`> 224939       BlackBird │ wgl ciekawe czy ahsley wie ze to ja bylem..  
[23:05:13] <BlackBird> :>
[23:05:33] <Ashley`> ciekawe czy BlackBird wie że napisał mi długiego maila z przeprosinami za to xD
[23:05:41] <BlackBird> da
[23:05:56] <BlackBird> i niebyl dlugi
[23:06:14] <Ashley`> No ale skoro pisałeś mi maila to raczej wiem, że to ty...
[23:06:16] <BlackBird> o unbana do keya bywaly dluzsze msg :v
[23:06:28] <BlackBird> ale nigdzie niepiszalem ze mam nick blackbird..
[23:06:33] <Ashley`> hm
[23:06:35] <Ashley`> nie pamiętam
[23:06:52] <Ashley`> nie chce mi się tego szukać, chyba już tego nie mam zapisanego xD
[23:07:12] <BlackBird> ja pewnie mam ale tablet..
[23:07:37] <McKey> BlackBird>> gmail ma historie
[23:07:43] <BlackBird> niemam gmail
[23:07:46] <McKey> debil
[23:07:48] <McKey> poprostu
[23:07:48] <Ashley`> Ja właśnie też nei z gmaila xD
[23:07:54] <Ashley`> dlatego zgubiłam
[23:08:01] <BlackBird> gmail syf ;p
[23:08:04] <Ashley`> ale może w jakichś backupach serwera być
[23:08:08] <Ashley`> BlackBird: gmail > *
[23:08:21] <BlackBird> ojtam
[23:08:53] <McKey> Ashley`>> po co komu backupy serwera :v
[23:09:49] *** Joins: Delta3120 (Delta3120@Pony-7unsia.static.kolnet.eu)
[23:09:53] <BlackBird> Witaj
[23:09:53] <Derpi> witaj :)
[23:10:02] <Delta3120> cześć!
[23:10:02] <Derpi> yay!
[23:10:05] *** McKey is now known as [A]McKey
[23:10:09] <BlackBird> xd
[23:10:11] <Delta3120> patrzcie jak się cieszy xD
[23:10:11] <BlackBird> uciekl
[23:10:23] <Delta3120> McKey... ja nie gryze xD
[23:10:32] <Delta3120> co za faja xD
[23:10:34] <BlackBird> Delta3120: admin sie ciebie boi co ty zrobiles xd
[23:10:46] <Delta3120> to nie admin tylko moderator xD
[23:10:49] <Ashley`> [A]McKey: tylko maile tam chyba backupowałam, www i home'y
[23:10:53] *** [A]McKey is now known as McKey
[23:10:58] <McKey> nope reset :v
[23:11:03] <BlackBird> ..
[23:11:05] <McKey> Ashley`>> meh meh
[23:11:06] <Delta3120> cześć McKey xD
[23:11:15] <McKey> spadaj
[23:11:19] <McKey> już przeslałem
[23:11:25] <Delta3120> okie ^_^
[23:11:30] <Delta3120> Eivel
[23:11:38] <Delta3120> znalazłem już kurs na YT xD
[23:11:47] <BlackBird> a do czego?
[23:11:53] <Delta3120> programowania 
[23:11:56] <McKey> yay
[23:11:58] <BlackBird> w jakim jezyku xd
[23:12:01] <Delta3120> C++
[23:12:05] <McKey> paskal xD
[23:12:06] <BlackBird> agha
[23:12:14] <BlackBird> uczylem sie kiedys c++...
[23:12:25] <McKey> BlackBird>> ty masz node.js
[23:12:29] <BlackBird> da
[23:12:49] <Delta3120> wszyscy tera po rusku mówią xD
[23:12:52] <BlackBird> ale uczylem sie C++ pythona javy no i node.js
[23:13:10] <BlackBird> a nic nieumiem xd
[23:13:31] <Delta3120> xD
[23:13:37] *** Joins: WinterPonyLiker (WinterPonyL@Pony-pugh0v.adsl.tpnet.pl)
[23:13:45] <BlackBird> Hai!
[23:13:45] <Derpi> ahoj
[23:13:51] * Delta3120 przytula Derpi
[23:13:51] <BlackBird> aha
[23:13:51] * Derpi mocno przytula Delta3120 c:
[23:13:55] * BlackBird przytula Derpi
[23:13:55] * Derpi mocno przytula BlackBird c:
[23:13:57] <WinterPonyLiker> Tivolt
[23:14:05] <Tivolt> nom
[23:14:05] <BlackBird> Litho!
[23:14:12] <WinterPonyLiker> masz skype ts3 ??
[23:14:16] * Delta3120 przytula Tivolt c:
[23:14:24] <Tivolt> skype
[23:14:33] <WinterPonyLiker> a możesz zaprosic qazdsa3 ??:D
[23:14:33] <BlackBird> Delta3120: nawet sie niewaz mnie tknac
[23:14:46] * WinterPonyLiker slaps BlackBird around a bit with a large fishbot
[23:14:47] <Delta3120> mrauczek już to zrobił xD
[23:14:48] * Tivolt przytula Delta3120
[23:14:59] <BlackBird> jemu wolno
[23:15:03] <BlackBird> i derpi tez :>
[23:15:03] * Delta3120 mocno przytula Tivolt c:
[23:15:09] * Delta3120 slaps BlackBird around a bit with a large fishbot
[23:15:17] * BlackBird finds the closest large object and gives Delta3120 a slap with it
[23:15:36] <Delta3120> Robimy bitwe!
[23:15:38] <Tivolt> jaką fote masz ?
[23:15:42] <BlackBird> spk :P
[23:15:45] <Delta3120> Derpi odłamkowym strzelaj xD
[23:15:47] <WinterPonyLiker> niemam zadnej
[23:15:48] <BlackBird> Odłamkowym Ładuj!
[23:15:49] * Derpi ładuje party cannon
[23:15:56] <WinterPonyLiker> a sry mam auto
[23:15:57] <WinterPonyLiker> hyba
[23:15:57] * BlackBird slaps Delta3120 and starts getting carried away
[23:16:02] * Delta3120 slaps BlackBird around a bit with a large fishbot
[23:16:04] <BlackBird> spk :P
[23:16:06] * BlackBird slaps Delta3120 with a large smelly trout
[23:16:09] <WinterPonyLiker> mam auto fotke
[23:16:09] * Delta3120 slaps Delta3120 around a bit with a large fishbot
[23:16:10] * BlackBird would slap Delta3120, but is not being violent today
[23:16:16] <Tivolt> to nie znalazłem mam w8 więc wiesz
[23:16:20] <Delta3120> Delta3120 slaps Delta3120
[23:16:22] <Delta3120> jak xD
[23:16:28] * Delta3120 slaps McKey around a bit with a large fishbot
[23:16:32] * McKey kick Delta3120 
[23:16:32] * BlackBird breaks out the slapping rod and looks sternly at Delta3120
[23:16:34] * Delta3120 slaps WinterPonyLiker around a bit with a large fishbot
[23:16:44] <Tivolt> szukaj Młody Dziku zdjęcie derpiego
[23:16:51] * Delta3120 slaps Tivolt around a bit with a large fishbot
[23:16:56] * Delta3120 slaps misiek200m around a bit with a large fishbot
[23:16:56] <Tivolt> ał
[23:16:58] * Delta3120 slaps Proenix_ around a bit with a large fishbot
[23:17:07] <Delta3120> xD
[23:17:11] <Tivolt> ja jestem pacyfistą 
[23:17:17] <Tivolt> xd
[23:17:30] * BlackBird dusts off a kitchen towel and slaps it at Tivolt
[23:17:38] <BlackBird> ooo patelnia dostal xd
[23:17:54] <BlackBird> (chyba :v)
[23:17:58] * Delta3120 Ładuje Odłamkowym razem z Derpi
[23:18:03] <BlackBird> Odłamkowym Ładuj!
[23:18:03] * Derpi przygotowuje banhammer'a
[23:18:09] <Delta3120> xD
[23:18:12] <BlackBird> Ognia!
[23:18:13] <WinterPonyLiker> poszło
[23:18:14] <Delta3120> najlepsza opcja xD
[23:18:19] <BlackBird> Ognia!
[23:18:25] <BlackBird> aha
[23:18:31] <Delta3120> zepsuło się xD
[23:18:48] <BlackBird> zostane zlym czlowiekiem
[23:18:49] <WinterPonyLiker> masz tivolt??
[23:18:51] <Delta3120> dobra.. ja spadam się uczyć tego C++ xD
[23:18:51] <BlackBird> .off
[23:18:52] * Derpi siada w kącie...
[23:18:55] <BlackBird> muahahahhaa
[23:18:58] <McKey> .on
[23:18:58] <Derpi> Wróciłam!
[23:19:01] <McKey> nie
[23:19:02] <BlackBird> :|
[23:19:03] <Delta3120> przepraszam Derpi
[23:19:04] <Tivolt> za 2 dni będzie
[23:19:07] <BlackBird> no dopsz
[23:19:12] <WinterPonyLiker> czemu za 2 :D? ?
[23:19:21] <Delta3120> Do widzenia Derpi
[23:19:35] <Tivolt> serjo 
[23:19:41] <Tivolt> albo za 1
[23:19:47] <BlackBird> a co?
[23:19:54] <WinterPonyLiker> reloadnij skype wyloguj sie i zaloguj
[23:20:14] <BlackBird> omg omg
[23:20:16] <BlackBird> omg omg
[23:20:23] <Tivolt> kumpel mi wysłał zapr i na następny dzięń dopiero przyszło 
[23:20:44] <WinterPonyLiker> lol ?? musisz zreloadowac całego skype właczyc i wyłączyć a potem sie zalogować
[23:20:48] <BlackBird> bateria mi prawie padla xd
[23:20:55] <WinterPonyLiker> a steam masz ??
[23:21:11] <BlackBird> jak mozna niemiec steam _-_
[23:21:24] <WinterPonyLiker> zanm takie osoby :D
[23:21:29] <Tivolt> jest
[23:21:31] <BlackBird> chociaz..
[23:21:40] <BlackBird> ja niemam FB wiec wszystko jest mozliwe :v
[23:22:40] <WinterPonyLiker> ja mam ale noimam w sensie niewbijam 
[23:22:43] <WinterPonyLiker> :D
[23:23:22] *** Quits: Delta3120 (Delta3120@Pony-7unsia.static.kolnet.eu) (Ping timeout: 121 seconds)
[23:23:53] <BlackBird> aha..
[23:24:03] <BlackBird> nosz.. znowu sie niepozegnal!
[23:26:45] *** Quits: WinterPonyLiker (WinterPonyL@Pony-pugh0v.adsl.tpnet.pl) (Ping timeout: 121 seconds)
[23:26:50] <BlackBird> ...
[23:34:21] *** Quits: Proenix_ (Proenix@Pony-33u.c8j.225.91.IP) (Connection closed)
[23:42:45] <BlackBird> meh i znowu nudy..
[23:43:02] <Tivolt> nom
[23:43:45] <Tivolt> meow
[23:43:45] <Derpi> $mrr
[23:44:06] <BlackBird> :3
[23:44:06] <Derpi> Meow c:
[23:49:31] <McKey> Ashley`>> zabiłem linuxa :v `rm -rf / >http://pastebin.com/X7vLjih4`
[23:49:32] <Derpi> [ Pastebin.com Unknown Paste ID ] - pastebin.com
[23:49:41] <BlackBird> Kto bedzie hardcorem i wpisze w CMD taka komede: for /l %%a in (1,1,100000) do md %%a 
[23:49:43] <BlackBird> :v
[23:50:07] <Ashley`> BlackBird: wpisz w terminal na linuksie :{:|:&};:
[23:50:11] <Ashley`> BlackBird: wpisz w terminal na linuksie :{:|:&;};:
[23:50:13] <Ashley`> to drugie chyba
[23:50:21] <McKey> BlackBird>> bash: błąd składni przy nieoczekiwanym znaczniku `%%a'
[23:51:09] <BlackBird> no to zamiast %%a to %a
[23:51:13] *** Quits: ElectricPsoras (Thunderbird@Pony-cp1hrv.adsl.tpnet.pl) (Quit: Bye horsies!)
[23:51:33] <BlackBird> prawda bo w .bat jest %%a a w konsoli %a ;p
[23:51:43] <McKey> derp
[23:51:43] <Derpi> 6_9
[23:51:53] <Ashley`> BlackBird: ne
[23:51:54] <BlackBird> derp derp
[23:51:55] <Derpi> 6_9
[23:51:57] <BlackBird> da
[23:52:05] <Ashley`> McKey: :{:|:&;};:
[23:52:06] <BlackBird> przynajmniej w win7 xd
[23:52:09] <Ashley`> McKey: w bashu wpisz
[23:52:13] <Ashley`> BlackBird: jesteś ślepy?
[23:52:17] <Ashley`> BlackBird: on używa basha
[23:52:20] <BlackBird> no
[23:52:30] <McKey> Ashley`>> bash: błąd składni przy nieoczekiwanym znaczniku `;'
[23:52:30] <BlackBird> a ja mowie o win..
[23:52:43] <Ashley`> McKey: :{:|:&};:
[23:52:45] <Ashley`> a tak?
[23:53:03] <McKey> bash: błąd składni przy nieoczekiwanym znaczniku `}'
[23:53:07] <Ashley`> bo był jakiś easter egg tylko nie pamietam
[23:53:16] <McKey> Ashley`>> ta coś kojaże
[23:53:18] <Ashley`> czekaj..
[23:53:20] <McKey> ale nie pamiętam nigdy
[23:53:39] <BlackBird> moze :{:|:& :v
[23:53:44] <Ashley`> wiem
[23:54:08] <Ashley`> :(){ :|:& };:
[23:54:10] <Ashley`> McKey: ^
[23:56:56] *** Joins: McKey (Kordus@twilightsparkle.ovh)
[23:56:56] -daring.canternet.org- Replaying up to 10 lines of pre-join history spanning up to 300 seconds
[23:56:56] <BlackBird> a co ta magiczna komeda robi?
[23:56:56] <Ashley`> BlackBird: teraz musi zrestartować serwer
[23:56:56] <BlackBird> aha
[23:56:56] <Ashley`> BlackBird: nie da się do serwera podłączyć, nic uruchamiać i tak dalej
[23:56:56] <Ashley`> jest cały zawieszony
[23:56:56] <BlackBird> to moze ja sobie odpuszcze robienie toego umnie na shellu
[23:56:56] <BlackBird> chociaz... zrypac mydevila :v
[23:56:56] <Ashley`> BlackBird: http://pl.wikipedia.org/wiki/Fork-bomba to jest to :P
[23:56:56] <Derpi> [ Fork-bomba – Wikipedia, wolna encyklopedia ] - pl.wikipedia.org
[23:56:56] <Ashley`> BlackBird: nie zrypiesz mydevila
[23:56:56] *** Pinkamena sets mode: +h McKey
[23:57:07] * Ashley` chowa się za drzewem
[23:57:24] <BlackBird> Odłamkowym Ładuj!
[23:57:25] * Derpi przygotowuje banhammer'a
[23:57:26] <McKey> Ashley`>> pogratuluje ci
[23:57:33] <McKey> Ashley`>> zlamalas 3 zabezpieczenia xD
[23:57:39] <BlackBird> xd
[23:57:43] <Eivel> win
[23:57:52] <McKey> BlackBird>> daj to polecenie jeszcze raz
[23:57:52] <Eivel> McKey: tak przy okazji, zdejmij mi voice
[23:57:55] <Ashley`> McKey: Majkel mnie chciał zabić i długo nie klikał żadnych linków ode mnie jak mu to zrobiłam
[23:57:56] <Eivel> już Derpi jest osobno
[23:58:05] <Ashley`> ja jestem też botem
[23:58:05] <BlackBird> ale to na windowsa
[23:58:08] *** McKey sets mode: -v Eivel
[23:58:08] <Ashley`> dostane voice? <3
[23:58:16] <Ashley`> BlackBird: to na systemy z fork()
[23:58:26] <BlackBird> ? xd
[23:58:32] <Ashley`> czy cos w tym stylu
[23:58:37] <Ashley`> w cmd tez sie da
[23:58:41] <Ashley`> BlackBird: 
[23:58:43] <Ashley`> :loop
[23:58:45] <Ashley`> start %0
[23:58:47] <Ashley`> goto loop
[23:58:49] <Ashley`> dajesz :P
[23:58:51] <BlackBird> xd
[23:58:58] <BlackBird> :menu
[23:59:02] <BlackBird> start www.google.pl
[23:59:04] <BlackBird> goto menu
[23:59:07] <Ashley`> nie
[23:59:11] <Ashley`> to nie zadziała tak
[23:59:12] <BlackBird> tak :v
[23:59:17] <BlackBird> zaklad?
[23:59:20] <Ashley`> musisz to co ja napisałam w pliku .bat
[23:59:22] <Ashley`> dać
[23:59:25] <BlackBird> wiem
[23:59:28] <Ashley`> BlackBird: to też zawiesi komputer
[23:59:30] <Ashley`> BlackBird: twoje
[23:59:39] <BlackBird> hmm
[23:59:40] <Ashley`> BlackBird: ale to nie jest forkbomba
[23:59:58] <BlackBird> zamiast start www.google.pl to start www.6pony.pl
[23:59:58] <Eivel> .g wiki fork_bomb
