[03:16:48] *** Joins: PVL_6305 (PVL_6305@Pony-r3u4rq.cust.swisscom.ch)
[03:16:56] *** Quits: PVL_6305 (PVL_6305@Pony-r3u4rq.cust.swisscom.ch) (Quit: Page closed)
[07:21:03] <Hck> co jest ?
[14:43:49] <Derpi> Na facebooku pojawił się nowy wpis: "Z drobnym poślizgiem, ale jednak. Kolejny Przegląd Animacji już na was czeka! :) ..." - https://www.facebook.com/radioyay/posts/698029403639749
[14:50:55] <BlackBird> Hai
[14:50:55] <Derpi> Herzlich Willkommen (DE)
[14:51:41] <BlackBird> jprd
[14:51:47] <BlackBird> a gdzie normaln e powitania
[14:54:44] <BlackBird> Średnia kanału to 4.15 słów na linie. -.- rly?
[15:06:46] <Eivel> dobry
[15:06:47] <Derpi> ahoj kamracie
[15:07:03] <Eivel> .audycja
[15:07:06] <Derpi> Następna audycja to 51"Tak To Leciało", która odbędzie się 10 marca 2015 w godzinach 19:00 - 21:00. Pozostały czas: 1 dni, 3 godzin, 52 minut, 53 sekund.
[15:07:15] <Eivel> aa.. dziś poniedziałek
[15:24:26] *** [A]McKey is now known as McKey
[15:29:07] *** Joins: [A]McKey (Kordus@twilightsparkle.ovh)
[15:29:07] -daring.canternet.org- Replaying up to 10 lines of pre-join history spanning up to 300 seconds
[15:29:07] *** Pinkamena sets mode: +h [A]McKey
[15:29:54] *** [A]McKey is now known as McKey
[15:32:09] <Eivel> McKey: zabiłeś Hck
[15:32:23] <McKey> Eivel jego problem że nie ma znc
[15:32:32] <McKey> dostałem 5 minut temu maila ze resety idą xD
[15:33:28] *** Joins: Hck (Hexie@Pony-3agfts.antyklay.pl)
[15:33:40] *** Hck is now known as Pony_96635
[15:34:35] *** Quits: Pony_96635 (Hexie@Pony-3agfts.antyklay.pl) (Quit: WeeChat 1.1.1)
[15:35:18] <McKey> pierdziele
[15:35:25] <McKey> jak przyjdzie to sie postawi
[15:53:37] *** Joins: Hoofy (~Hoofy@Pony-fc3h53.bcvloh.sbcglobal.net)
[16:23:33] *** Joins: Andragor (Andrabot@Pony-jtubg9.adsl.inetia.pl)
[16:42:09] *** Quits: Andragor (Andrabot@Pony-jtubg9.adsl.inetia.pl) (Ping timeout: 121 seconds)
[16:51:12] *** Joins: Andragor (Andrabot@Pony-jtubg9.adsl.inetia.pl)
[17:46:13] * misiek200m hugs Derpi
[17:46:13] * Derpi mruczy :3
[17:46:15] <misiek200m> :3
[17:46:55] <Eivel> chyba zgubiła kowadło xd
[17:48:11] <Hoofy> hello?
[17:48:11] <Derpi> hejka
[17:48:18] <Hoofy> uh
[17:51:35] <Eivel> hey Hoofy
[17:58:18] *** Joins: Pony_6 (Pony_6@Pony-2vvfpv.internetia.net.pl)
[17:59:32] <Hoofy> hey
[17:59:32] <Derpi> dobry ;)
[18:00:31] <Eivel> I guess you're not polish, Hoofy?
[18:01:51] <Hoofy> uh no :(
[18:01:59] <Hoofy> im laerning french
[18:02:20] *** Quits: Pony_6 (Pony_6@Pony-2vvfpv.internetia.net.pl) (Ping timeout: 121 seconds)
[18:05:25] <Eivel> Well, you'll see a lot of polish here since it's a polish channel. But I hope you're enjoying the radio ;)
[18:17:28] * BlackBird przytula Derpi
[18:17:28] * Derpi Kopie BlackBird
[19:01:34] *** Joins: Proenix (Proenix@proenix.pl)
[19:05:04] *** Quits: Hoofy (~Hoofy@Pony-fc3h53.bcvloh.sbcglobal.net) (Ping timeout: 121 seconds)
[19:15:20] *** Joins: ElectricPsoras (Thunderbird@Pony-ob8hi6.adsl.tpnet.pl)
[19:28:06] *** Joins: Electric_Psoras (Thunderbird@Pony-f9epdj.adsl.tpnet.pl)
[19:28:46] *** Quits: ElectricPsoras (Thunderbird@Pony-ob8hi6.adsl.tpnet.pl) (Ping timeout: 121 seconds)
[19:54:27] <BlackBird> idem
[19:54:29] <BlackBird> dobran oc
[20:24:22] *** Joins: Wavechill (Wavechill@Pony-2v3t42.adsl.tpnet.pl)
[21:46:08] *** McKey is now known as [A]McKey
[21:47:31] *** Joins: Hck (Hexie@Twilight.Is.Best.Pony)
[21:51:27] *** Quits: Hck (Hexie@Twilight.Is.Best.Pony) (Quit: WeeChat 1.1.1)
[21:53:25] *** Joins: Hck (Hexie@Twilight.Is.Best.Pony)
[22:23:15] *** Quits: Andragor (Andrabot@Pony-jtubg9.adsl.inetia.pl) (Quit: ChatZilla 0.9.91.1 [Firefox 36.0.1/20150305021524])
[22:48:24] *** Quits: Proenix (Proenix@proenix.pl) (Connection closed)
[22:48:34] <Hck> hej
[22:48:34] <Derpi> No czeeeść :D
[23:04:52] * BlackBird przytula Derpi
[23:04:53] * Derpi Zrzuca kowadło na BlackBird
[23:04:55] <BlackBird> : <
[23:05:54] * misiek200m hugs Derpi
[23:05:54] * Derpi mruczy :3
[23:05:56] <misiek200m> :3
[23:06:03] <misiek200m> Hej :p
[23:06:03] <Derpi> <p> Hello World! </p> (HTML)
[23:06:14] <misiek200m> Derpi mhm, jasne xD
[23:07:09] <Hck> siemka misiek200m 
[23:07:42] <Eivel> hej misiek200m
[23:07:47] <Eivel> przyznaj się, co zrobiłeś Derpi
[23:07:49] <Eivel> to już podejrzane
[23:12:04] <misiek200m> xD
[23:12:58] <misiek200m> Eivel czarne chmury już przeminęły i się jakoś dogadujemy. :)
[23:13:09] <Eivel> .hug misiek200m
[23:13:09] * Derpi hugs misiek200m
[23:13:15] * Eivel hugs Derpi
[23:13:15] * Derpi mocno przytula Eivel c:
[23:13:19] * BlackBird przytula Derpi
[23:13:20] * Derpi mruczy :3
[23:13:22] <BlackBird> :>
[23:13:33] * misiek200m hugs Derpi
[23:13:33] * Derpi Kopie misiek200m
[23:13:35] <misiek200m> xDD
[23:13:41] <misiek200m> Oj no weź :<
[23:14:10] <Eivel> Musi dbać o pozory
[23:14:19] <Eivel> widzi, że zauważyłem, to teraz pokazuje pazur
[23:15:04] <misiek200m> :D
[23:15:36] * BlackBird daje derpi muffina
[23:15:36] <Derpi> dziękuje BlackBird
[23:16:01] <Eivel> hm
[23:16:13] <Eivel> w sumie to wypadałoby backup bazy zrobić
[23:18:46] <Eivel> fiu, od stycznia urosła prawie o 50%
[23:21:44] <BlackBird> czuje magie ide spać
[23:21:50] <BlackBird>  niech luna będzie z wami 
[23:22:48] <Eivel> dobranoc
[23:22:48] <Derpi> Bywaj
[23:52:41] *** Quits: Electric_Psoras (Thunderbird@Pony-f9epdj.adsl.tpnet.pl) (Quit: Bye horsies!)
