[19:45:08] <LazyPony> o co chodzi z tym od Derpy?
[19:45:18] <McKey> zobacz na date
[19:45:21] <McKey> tak 3 miechy temu
[19:45:31] <LazyPony> :/
[19:45:43] <LazyPony> myslales o mnie? slodko hahahah
[19:46:06] <McKey> teraz to się wal. Na moim YT sa nagrania i na YT AccuMemory
[19:46:26] <LazyPony> co sie mam walic? skad mialam wiedziec?
[19:46:35] <McKey> prosiłaś sama o live
[19:46:40] <McKey> i pewnie nie oglądałaś go
[19:46:44] <McKey> no dzięki :P
[19:46:51] <LazyPony> ...
[19:47:18] <LazyPony> bardzo sie zloscisz?
[19:47:28] <LazyPony> bo jednak ... to juz wszystko idzie sie walic
[19:47:32] <McKey> Brzmisz tera jak moja dziewczyna...
[19:47:55] <LazyPony> masz dziewczyne? matko, gratki key
[19:48:08] <McKey> ile cię nie było na czacie?
[19:48:20] <LazyPony> z a dlugo
[19:48:26] <McKey> no właśnie
[19:48:42] <LazyPony> nwm, odeszlam chyba juz oficjalnie z fandomu, chociaz nigdy jakos bardzo sie nie mieszalam
[19:48:57] <McKey> meh
[19:49:54] <LazyPony> hm?
[19:52:04] <LazyPony> bardzo duzo mnie ominelo?
[19:59:21] <McKey> trochu
