[00:16:55] *** CyberJacob is now known as zz_CyberJacob
[00:24:56] *** Quits: Phase (Phase4@Pony-lg71lg.internode.on.net) (Ping timeout: 121 seconds)
[00:27:59] *** Quits: Sombra (Iceman@Darkhorse21) (Quit: quit)
[00:38:25] *** Quits: AutoLapsus (Lapsus@Totally.Is.A.Network.Service) (daring.canternet.org cloudchaser.canternet.org)
[00:38:25] *** Quits: johnsey (johnsey@netadmin.canternet.org) (daring.canternet.org cloudchaser.canternet.org)
[00:38:25] *** Quits: zz_CyberJacob (CyberJacob@Pony-8adl2m.bluesapphiremedia.co.uk) (daring.canternet.org cloudchaser.canternet.org)
[00:38:25] *** Quits: Finwe (vhalkola@Pony-25l.vcn.233.130.IP) (daring.canternet.org cloudchaser.canternet.org)
[00:38:25] *** Quits: Stik (drakon@Pony-ql55m5.cable.virginm.net) (daring.canternet.org cloudchaser.canternet.org)
[00:38:25] *** Quits: miggyb (miggyb@horsetornado.co.uk) (daring.canternet.org cloudchaser.canternet.org)
[00:38:25] *** Quits: aji (alex@ajitek.net) (daring.canternet.org cloudchaser.canternet.org)
[00:38:25] *** Quits: enginemaniac (flail@flail.flail.flail) (daring.canternet.org cloudchaser.canternet.org)
[00:38:25] *** Quits: Red_M (potato@Pony-afr.ndf.29.23.IP) (daring.canternet.org cloudchaser.canternet.org)
[00:38:25] *** Quits: Sin (Sin@is.hustlin.everyday) (daring.canternet.org cloudchaser.canternet.org)
[00:38:25] *** Quits: dekeccho (dekeccho@dekeccho.Is.Not.A.Clever.Poni) (daring.canternet.org cloudchaser.canternet.org)
[00:38:25] *** Quits: Asoka (Asoka@Pony-bsn2ga.net-htp.de) (daring.canternet.org cloudchaser.canternet.org)
[00:38:25] *** Quits: Ruthalas (Ruthalas@Pony-bi2qh3.wa.comcast.net) (daring.canternet.org cloudchaser.canternet.org)
[00:38:25] *** Quits: Alcoholicorn (Alcoholicor@Pony-55oq0s.pool.hargray.net) (daring.canternet.org cloudchaser.canternet.org)
[00:38:25] *** Quits: MissingData (DataByteBro@Pony-n3en0j.hfc.comcastbusiness.net) (daring.canternet.org cloudchaser.canternet.org)
[00:38:25] *** Quits: JustAberrant (JustAberran@Pony-lq4qe0.com) (daring.canternet.org cloudchaser.canternet.org)
[00:38:25] *** Quits: Gumball_Crash (GumballCras@Pony-svbp6u.nh.comcast.net) (daring.canternet.org cloudchaser.canternet.org)
[00:38:25] *** Quits: Quindo (Quindo@Pony-tkfa60.mssnks.sbcglobal.net) (daring.canternet.org cloudchaser.canternet.org)
[00:38:25] *** Quits: Init3-away (jason@init3.Is.Not.A.Clever.Poni) (daring.canternet.org cloudchaser.canternet.org)
[00:38:25] *** Quits: Pony_31067 (SilverEagle@Pony-1nc9bc.busterneece.com) (daring.canternet.org cloudchaser.canternet.org)
[00:38:25] *** Quits: init3_mobile (jason@init3.Is.Not.A.Clever.Poni) (daring.canternet.org cloudchaser.canternet.org)
[00:38:25] *** Quits: \m (mniip@Pony-o9q.v2g.219.178.IP) (daring.canternet.org cloudchaser.canternet.org)
[00:38:25] *** Quits: Kinsley (JKinsley@Bow.To.Your.Princess) (daring.canternet.org cloudchaser.canternet.org)
[00:38:25] *** Quits: Googie (Googol@gnaws.on.keratin.and.ears) (daring.canternet.org cloudchaser.canternet.org)
[00:38:25] *** Quits: LegionRed (LegionRed@The.DragonHorse.DraconisEquus) (daring.canternet.org cloudchaser.canternet.org)
[00:38:25] *** Quits: Pony_11148 (Lorix_@Pony-ahk.n7v.237.192.IP) (daring.canternet.org cloudchaser.canternet.org)
[00:38:25] *** Quits: Starburn (eyeburn@secret.den.of.flaming.evil) (daring.canternet.org cloudchaser.canternet.org)
[00:38:25] *** Quits: OlaHughson (ola@Pony-k5v.64a.226.188.IP) (daring.canternet.org cloudchaser.canternet.org)
[00:38:25] *** Quits: PinkiePieBot (PinkiePieBo@Sugar.Cube.Corner) (daring.canternet.org cloudchaser.canternet.org)
[00:38:25] *** Quits: Pony_39024 (Lapsus@Pony-5m46mf.cable.rogers.com) (daring.canternet.org cloudchaser.canternet.org)
[00:38:25] *** Quits: Sukasa (IDontCare@Pony-8juhcf.no.shawcable.net) (daring.canternet.org cloudchaser.canternet.org)
[00:38:25] *** Quits: stevestreza (Steve@Pony-0945eu.stevestreza.com) (daring.canternet.org cloudchaser.canternet.org)
[00:38:25] *** Quits: saneki (saneki@Pony-torblo.zylongaming.com) (daring.canternet.org cloudchaser.canternet.org)
[00:38:25] *** Quits: MangoBloom (djazz@djazz.se) (daring.canternet.org cloudchaser.canternet.org)
[00:38:25] *** Quits: Cloud|Sleep (Cydie@the.little.cloud.colt) (daring.canternet.org cloudchaser.canternet.org)
[00:38:25] *** Quits: locodashie11 (locodash11@Taco.eating.Anthro.Batpony) (daring.canternet.org cloudchaser.canternet.org)
[00:38:25] *** Quits: hawthornbunny (hawthorn@Pony-tk6.bga.28.2.IP) (daring.canternet.org cloudchaser.canternet.org)
[00:38:25] *** Quits: Jouva (jouva@Pony-535ork.fios.verizon.net) (daring.canternet.org cloudchaser.canternet.org)
[00:38:25] *** Quits: sniperfox (sniperfox@Pony-htd84a.distributed.denialofservice.org) (daring.canternet.org cloudchaser.canternet.org)
[00:38:25] *** Quits: derpy (derp@muffins) (daring.canternet.org cloudchaser.canternet.org)
[00:38:25] *** Quits: LightningCrash (lightning@property.of.moonlightning) (daring.canternet.org cloudchaser.canternet.org)
[00:38:25] *** Quits: tiwake (Octavia@Pony-njonl3.wa.charter.com) (daring.canternet.org cloudchaser.canternet.org)
[00:38:25] *** Quits: Dusk (Dusk@dusky.horse) (daring.canternet.org cloudchaser.canternet.org)
[00:38:25] *** Quits: WildSoft (WildSoft@Pony-9tei06.bredband.comhem.se) (daring.canternet.org cloudchaser.canternet.org)
[00:38:25] *** Quits: Kiyiko (Kiyiko@Pony-c9ma3u.dsl.netins.net) (daring.canternet.org cloudchaser.canternet.org)
[00:38:25] *** Quits: endoriazel (coprah@endoriazel) (daring.canternet.org cloudchaser.canternet.org)
[00:38:25] *** Quits: reiuiji (reiuiji@nuclear.raven) (daring.canternet.org cloudchaser.canternet.org)
[00:38:25] *** Quits: Fusl (Fusl@1.0.0.127.in-addr.arpa.li) (daring.canternet.org cloudchaser.canternet.org)
[00:38:25] *** Quits: Awaykitty (uni@the.unicorn.cat) (daring.canternet.org cloudchaser.canternet.org)
[00:38:25] *** Quits: Compu (compu@snuggly.filly) (daring.canternet.org cloudchaser.canternet.org)
[00:38:25] *** Quits: ColtonDRG (coltondrg@ColtonDRG.is.best.pony) (daring.canternet.org cloudchaser.canternet.org)
[00:38:25] *** Quits: vi[NLR] (vi[NLR]@Pony-rdj90s.vie.surfer.at) (daring.canternet.org cloudchaser.canternet.org)
[00:38:25] *** Quits: WeAreBorg (WeAreBorg@Resistance.Is.Futile) (daring.canternet.org cloudchaser.canternet.org)
[00:38:25] *** Quits: Cameron_D (cameron@cam.mylittle.horse) (daring.canternet.org cloudchaser.canternet.org)
[00:38:25] *** Quits: Caerdwyn (midnight@always.broken.sometimes.patched.never.fixed) (daring.canternet.org cloudchaser.canternet.org)
[00:38:25] *** Quits: Datalink (Datalink@Datalink) (daring.canternet.org cloudchaser.canternet.org)
[00:38:25] *** Quits: Finnfinn (Finnfinn@finn.isher) (daring.canternet.org cloudchaser.canternet.org)
[00:38:25] *** Quits: PolishTopsie (Topsie@Topsie.Loves.His.Princess) (daring.canternet.org cloudchaser.canternet.org)
[00:38:25] *** Quits: Colgate (rabbit@brushie.horse) (daring.canternet.org cloudchaser.canternet.org)
[00:38:25] *** Quits: Webster (Webster@Pony-io0ebs.md.comcast.net) (daring.canternet.org cloudchaser.canternet.org)
[00:38:25] *** Quits: Nick (nobody@Pony-rgmjhl.res.rr.com) (daring.canternet.org cloudchaser.canternet.org)
[00:38:25] *** Quits: locodash11[server] (locodash11@Taco.eating.Anthro.Batpony) (daring.canternet.org cloudchaser.canternet.org)
[00:38:25] *** Quits: Starthunder (blackl@property.of.lightningcrash) (daring.canternet.org cloudchaser.canternet.org)
[00:38:25] *** Quits: CompuDesktop (quassel@snuggly.filly) (daring.canternet.org cloudchaser.canternet.org)
[00:38:25] *** Quits: AppleDash (appled@dusks.adorable.pet.pegasus) (daring.canternet.org cloudchaser.canternet.org)
[00:38:25] *** Quits: Eivel (Eivel@Keep.Calm.and.Pony.On) (daring.canternet.org cloudchaser.canternet.org)
[00:38:25] *** Quits: PeakVolume (k9ldt@Pony-tqvh62.fios.verizon.net) (daring.canternet.org cloudchaser.canternet.org)
[00:38:25] *** Quits: ButterBean (Dragony@Pony-458.d8k.20.198.IP) (daring.canternet.org cloudchaser.canternet.org)
[00:38:25] *** Quits: mkr (mkr@Pony-iinahj.radioyay.net) (daring.canternet.org cloudchaser.canternet.org)
[00:38:25] *** Quits: JoneZ (JoneZ@lugburz) (daring.canternet.org cloudchaser.canternet.org)
[00:38:25] *** Quits: WritingPony (TwoTailedF@Pony-ah6lvr.in-addr.btopenworld.com) (daring.canternet.org cloudchaser.canternet.org)
[00:38:36] *** Joins: Pony_11148 (Lorix_@Pony-ahk.n7v.237.192.IP)
[00:38:36] *** Joins: hawthornbunny (hawthorn@Pony-tk6.bga.28.2.IP)
[00:38:36] *** Joins: Eivel (Eivel@Keep.Calm.and.Pony.On)
[00:38:36] *** Joins: Dusk (Dusk@dusky.horse)
[00:38:36] *** Joins: stevestreza (Steve@Pony-0945eu.stevestreza.com)
[00:38:36] *** Joins: Cloud|Sleep (Cydie@the.little.cloud.colt)
[00:38:36] *** Joins: johnsey (johnsey@netadmin.canternet.org)
[00:38:36] *** Joins: tiwake (Octavia@Pony-njonl3.wa.charter.com)
[00:38:36] *** Joins: Starburn (eyeburn@secret.den.of.flaming.evil)
[00:38:36] *** Joins: Cameron_D (cameron@cam.mylittle.horse)
[00:38:36] *** Joins: Awaykitty (uni@the.unicorn.cat)
[00:38:36] *** Joins: Kiyiko (Kiyiko@Pony-c9ma3u.dsl.netins.net)
[00:38:36] *** Joins: JoneZ (JoneZ@lugburz)
[00:38:36] *** Joins: endoriazel (coprah@endoriazel)
[00:38:36] *** Joins: Pony_31067 (SilverEagle@Pony-1nc9bc.busterneece.com)
[00:38:36] *** Joins: sniperfox (sniperfox@Pony-htd84a.distributed.denialofservice.org)
[00:38:36] *** Joins: LightningCrash (lightning@property.of.moonlightning)
[00:38:36] *** Joins: Sin (Sin@is.hustlin.everyday)
[00:38:36] *** Joins: Sukasa (IDontCare@Pony-8juhcf.no.shawcable.net)
[00:38:36] *** Joins: Googie (Googol@gnaws.on.keratin.and.ears)
[00:38:36] *** Joins: Finwe (vhalkola@Pony-25l.vcn.233.130.IP)
[00:38:36] *** Joins: Fusl (Fusl@1.0.0.127.in-addr.arpa.li)
[00:38:36] *** Joins: derpy (derp@muffins)
[00:38:36] *** Joins: enginemaniac (flail@flail.flail.flail)
[00:38:36] *** Joins: Ruthalas (Ruthalas@Pony-bi2qh3.wa.comcast.net)
[00:38:36] *** Joins: AppleDash (appled@dusks.adorable.pet.pegasus)
[00:38:36] *** Joins: Colgate (rabbit@brushie.horse)
[00:38:36] *** Joins: ButterBean (Dragony@Pony-458.d8k.20.198.IP)
[00:38:36] *** Joins: PinkiePieBot (PinkiePieBo@Sugar.Cube.Corner)
[00:38:36] *** Joins: Stik (drakon@Pony-ql55m5.cable.virginm.net)
[00:38:36] *** Joins: PolishTopsie (Topsie@Topsie.Loves.His.Princess)
[00:38:36] *** Joins: Pony_39024 (Lapsus@Pony-5m46mf.cable.rogers.com)
[00:38:36] *** Joins: PeakVolume (k9ldt@Pony-tqvh62.fios.verizon.net)
[00:38:36] *** Joins: WildSoft (WildSoft@Pony-9tei06.bredband.comhem.se)
[00:38:36] *** Joins: OlaHughson (ola@Pony-k5v.64a.226.188.IP)
[00:38:36] *** Joins: Finnfinn (Finnfinn@finn.isher)
[00:38:36] *** Joins: Red_M (potato@Pony-afr.ndf.29.23.IP)
[00:38:36] *** Joins: aji (alex@ajitek.net)
[00:38:36] *** cloudchaser.canternet.org sets mode: +vo PinkiePieBot aji
[00:38:36] *** Joins: WeAreBorg (WeAreBorg@Resistance.Is.Futile)
[00:38:36] *** Joins: Starthunder (blackl@property.of.lightningcrash)
[00:38:36] *** Joins: Jouva (jouva@Pony-535ork.fios.verizon.net)
[00:38:36] *** Joins: AutoLapsus (Lapsus@Totally.Is.A.Network.Service)
[00:38:36] *** Joins: Kinsley (JKinsley@Bow.To.Your.Princess)
[00:38:36] *** Joins: reiuiji (reiuiji@nuclear.raven)
[00:38:36] *** Joins: Caerdwyn (midnight@always.broken.sometimes.patched.never.fixed)
[00:38:36] *** Joins: mkr (mkr@Pony-iinahj.radioyay.net)
[00:38:36] *** Joins: JustAberrant (JustAberran@Pony-lq4qe0.com)
[00:38:36] *** Joins: miggyb (miggyb@horsetornado.co.uk)
[00:38:36] *** Joins: Gumball_Crash (GumballCras@Pony-svbp6u.nh.comcast.net)
[00:38:36] *** Joins: CompuDesktop (quassel@snuggly.filly)
[00:38:36] *** Joins: MangoBloom (djazz@djazz.se)
[00:38:36] *** Joins: zz_CyberJacob (CyberJacob@Pony-8adl2m.bluesapphiremedia.co.uk)
[00:38:36] *** Joins: Quindo (Quindo@Pony-tkfa60.mssnks.sbcglobal.net)
[00:38:36] *** Joins: WritingPony (TwoTailedF@Pony-ah6lvr.in-addr.btopenworld.com)
[00:38:36] *** Joins: locodashie11 (locodash11@Taco.eating.Anthro.Batpony)
[00:38:36] *** Joins: init3_mobile (jason@init3.Is.Not.A.Clever.Poni)
[00:38:36] *** Joins: ColtonDRG (coltondrg@ColtonDRG.is.best.pony)
[00:38:36] *** Joins: saneki (saneki@Pony-torblo.zylongaming.com)
[00:38:36] *** Joins: Compu (compu@snuggly.filly)
[00:38:36] *** Joins: vi[NLR] (vi[NLR]@Pony-rdj90s.vie.surfer.at)
[00:38:36] *** Joins: Init3-away (jason@init3.Is.Not.A.Clever.Poni)
[00:38:36] *** Joins: locodash11[server] (locodash11@Taco.eating.Anthro.Batpony)
[00:38:36] *** Joins: Datalink (Datalink@Datalink)
[00:38:36] *** Joins: MissingData (DataByteBro@Pony-n3en0j.hfc.comcastbusiness.net)
[00:38:36] *** Joins: dekeccho (dekeccho@dekeccho.Is.Not.A.Clever.Poni)
[00:38:36] *** Joins: Webster (Webster@Pony-io0ebs.md.comcast.net)
[00:38:36] *** Joins: Asoka (Asoka@Pony-bsn2ga.net-htp.de)
[00:38:36] *** Joins: Nick (nobody@Pony-rgmjhl.res.rr.com)
[00:38:36] *** Joins: Alcoholicorn (Alcoholicor@Pony-55oq0s.pool.hargray.net)
[00:38:36] *** Joins: LegionRed (LegionRed@The.DragonHorse.DraconisEquus)
[00:38:36] *** Joins: \m (mniip@Pony-o9q.v2g.219.178.IP)
[00:38:36] *** cloudchaser.canternet.org sets mode: +oo AutoLapsus Kinsley
[00:40:30] *** Joins: Buckabee (ModusPonens@Pony-6v8n3b.ga.comcast.net)
[00:43:01] *** Joins: Crimson_Tail (Bluepon@Pony-mfh7oq.md.comcast.net)
[00:43:22] *** Quits: AutoLapsus (Lapsus@Totally.Is.A.Network.Service) (daring.canternet.org cloudchaser.canternet.org)
[00:43:22] *** Quits: johnsey (johnsey@netadmin.canternet.org) (daring.canternet.org cloudchaser.canternet.org)
[00:43:22] *** Quits: zz_CyberJacob (CyberJacob@Pony-8adl2m.bluesapphiremedia.co.uk) (daring.canternet.org cloudchaser.canternet.org)
[00:43:22] *** Quits: Finwe (vhalkola@Pony-25l.vcn.233.130.IP) (daring.canternet.org cloudchaser.canternet.org)
[00:43:22] *** Quits: Stik (drakon@Pony-ql55m5.cable.virginm.net) (daring.canternet.org cloudchaser.canternet.org)
[00:43:22] *** Quits: miggyb (miggyb@horsetornado.co.uk) (daring.canternet.org cloudchaser.canternet.org)
[00:43:22] *** Quits: aji (alex@ajitek.net) (daring.canternet.org cloudchaser.canternet.org)
[00:43:22] *** Quits: enginemaniac (flail@flail.flail.flail) (daring.canternet.org cloudchaser.canternet.org)
[00:43:22] *** Quits: Red_M (potato@Pony-afr.ndf.29.23.IP) (daring.canternet.org cloudchaser.canternet.org)
[00:43:22] *** Quits: Sin (Sin@is.hustlin.everyday) (daring.canternet.org cloudchaser.canternet.org)
[00:43:22] *** Quits: dekeccho (dekeccho@dekeccho.Is.Not.A.Clever.Poni) (daring.canternet.org cloudchaser.canternet.org)
[00:43:22] *** Quits: Asoka (Asoka@Pony-bsn2ga.net-htp.de) (daring.canternet.org cloudchaser.canternet.org)
[00:43:22] *** Quits: Ruthalas (Ruthalas@Pony-bi2qh3.wa.comcast.net) (daring.canternet.org cloudchaser.canternet.org)
[00:43:22] *** Quits: Alcoholicorn (Alcoholicor@Pony-55oq0s.pool.hargray.net) (daring.canternet.org cloudchaser.canternet.org)
[00:43:22] *** Quits: MissingData (DataByteBro@Pony-n3en0j.hfc.comcastbusiness.net) (daring.canternet.org cloudchaser.canternet.org)
[00:43:22] *** Quits: JustAberrant (JustAberran@Pony-lq4qe0.com) (daring.canternet.org cloudchaser.canternet.org)
[00:43:22] *** Quits: Gumball_Crash (GumballCras@Pony-svbp6u.nh.comcast.net) (daring.canternet.org cloudchaser.canternet.org)
[00:43:22] *** Quits: Crimson_Tail (Bluepon@Pony-mfh7oq.md.comcast.net) (daring.canternet.org cloudchaser.canternet.org)
[00:43:22] *** Quits: Quindo (Quindo@Pony-tkfa60.mssnks.sbcglobal.net) (daring.canternet.org cloudchaser.canternet.org)
[00:43:22] *** Quits: Init3-away (jason@init3.Is.Not.A.Clever.Poni) (daring.canternet.org cloudchaser.canternet.org)
[00:43:22] *** Quits: Pony_31067 (SilverEagle@Pony-1nc9bc.busterneece.com) (daring.canternet.org cloudchaser.canternet.org)
[00:43:22] *** Quits: init3_mobile (jason@init3.Is.Not.A.Clever.Poni) (daring.canternet.org cloudchaser.canternet.org)
[00:43:22] *** Quits: \m (mniip@Pony-o9q.v2g.219.178.IP) (daring.canternet.org cloudchaser.canternet.org)
[00:43:22] *** Quits: Kinsley (JKinsley@Bow.To.Your.Princess) (daring.canternet.org cloudchaser.canternet.org)
[00:43:22] *** Quits: Googie (Googol@gnaws.on.keratin.and.ears) (daring.canternet.org cloudchaser.canternet.org)
[00:43:22] *** Quits: LegionRed (LegionRed@The.DragonHorse.DraconisEquus) (daring.canternet.org cloudchaser.canternet.org)
[00:43:22] *** Quits: Pony_11148 (Lorix_@Pony-ahk.n7v.237.192.IP) (daring.canternet.org cloudchaser.canternet.org)
[00:43:22] *** Quits: Starburn (eyeburn@secret.den.of.flaming.evil) (daring.canternet.org cloudchaser.canternet.org)
[00:43:22] *** Quits: OlaHughson (ola@Pony-k5v.64a.226.188.IP) (daring.canternet.org cloudchaser.canternet.org)
[00:43:22] *** Quits: PinkiePieBot (PinkiePieBo@Sugar.Cube.Corner) (daring.canternet.org cloudchaser.canternet.org)
[00:43:22] *** Quits: Pony_39024 (Lapsus@Pony-5m46mf.cable.rogers.com) (daring.canternet.org cloudchaser.canternet.org)
[00:43:22] *** Quits: Sukasa (IDontCare@Pony-8juhcf.no.shawcable.net) (daring.canternet.org cloudchaser.canternet.org)
[00:43:22] *** Quits: stevestreza (Steve@Pony-0945eu.stevestreza.com) (daring.canternet.org cloudchaser.canternet.org)
[00:43:22] *** Quits: saneki (saneki@Pony-torblo.zylongaming.com) (daring.canternet.org cloudchaser.canternet.org)
[00:43:22] *** Quits: MangoBloom (djazz@djazz.se) (daring.canternet.org cloudchaser.canternet.org)
[00:43:22] *** Quits: Cloud|Sleep (Cydie@the.little.cloud.colt) (daring.canternet.org cloudchaser.canternet.org)
[00:43:22] *** Quits: locodashie11 (locodash11@Taco.eating.Anthro.Batpony) (daring.canternet.org cloudchaser.canternet.org)
[00:43:22] *** Quits: hawthornbunny (hawthorn@Pony-tk6.bga.28.2.IP) (daring.canternet.org cloudchaser.canternet.org)
[00:43:22] *** Quits: Jouva (jouva@Pony-535ork.fios.verizon.net) (daring.canternet.org cloudchaser.canternet.org)
[00:43:22] *** Quits: sniperfox (sniperfox@Pony-htd84a.distributed.denialofservice.org) (daring.canternet.org cloudchaser.canternet.org)
[00:43:22] *** Quits: derpy (derp@muffins) (daring.canternet.org cloudchaser.canternet.org)
[00:43:22] *** Quits: LightningCrash (lightning@property.of.moonlightning) (daring.canternet.org cloudchaser.canternet.org)
[00:43:22] *** Quits: tiwake (Octavia@Pony-njonl3.wa.charter.com) (daring.canternet.org cloudchaser.canternet.org)
[00:43:22] *** Quits: Dusk (Dusk@dusky.horse) (daring.canternet.org cloudchaser.canternet.org)
[00:43:22] *** Quits: WildSoft (WildSoft@Pony-9tei06.bredband.comhem.se) (daring.canternet.org cloudchaser.canternet.org)
[00:43:22] *** Quits: Kiyiko (Kiyiko@Pony-c9ma3u.dsl.netins.net) (daring.canternet.org cloudchaser.canternet.org)
[00:43:22] *** Quits: endoriazel (coprah@endoriazel) (daring.canternet.org cloudchaser.canternet.org)
[00:43:22] *** Quits: reiuiji (reiuiji@nuclear.raven) (daring.canternet.org cloudchaser.canternet.org)
[00:43:22] *** Quits: Fusl (Fusl@1.0.0.127.in-addr.arpa.li) (daring.canternet.org cloudchaser.canternet.org)
[00:43:22] *** Quits: Awaykitty (uni@the.unicorn.cat) (daring.canternet.org cloudchaser.canternet.org)
[00:43:22] *** Quits: Compu (compu@snuggly.filly) (daring.canternet.org cloudchaser.canternet.org)
[00:43:22] *** Quits: ColtonDRG (coltondrg@ColtonDRG.is.best.pony) (daring.canternet.org cloudchaser.canternet.org)
[00:43:22] *** Quits: Buckabee (ModusPonens@Pony-6v8n3b.ga.comcast.net) (daring.canternet.org cloudchaser.canternet.org)
[00:43:22] *** Quits: vi[NLR] (vi[NLR]@Pony-rdj90s.vie.surfer.at) (daring.canternet.org cloudchaser.canternet.org)
[00:43:22] *** Quits: WeAreBorg (WeAreBorg@Resistance.Is.Futile) (daring.canternet.org cloudchaser.canternet.org)
[00:43:22] *** Quits: Cameron_D (cameron@cam.mylittle.horse) (daring.canternet.org cloudchaser.canternet.org)
[00:43:22] *** Quits: Caerdwyn (midnight@always.broken.sometimes.patched.never.fixed) (daring.canternet.org cloudchaser.canternet.org)
[00:43:22] *** Quits: Datalink (Datalink@Datalink) (daring.canternet.org cloudchaser.canternet.org)
[00:43:22] *** Quits: Finnfinn (Finnfinn@finn.isher) (daring.canternet.org cloudchaser.canternet.org)
[00:43:22] *** Quits: PolishTopsie (Topsie@Topsie.Loves.His.Princess) (daring.canternet.org cloudchaser.canternet.org)
[00:43:22] *** Quits: Colgate (rabbit@brushie.horse) (daring.canternet.org cloudchaser.canternet.org)
[00:43:22] *** Quits: Webster (Webster@Pony-io0ebs.md.comcast.net) (daring.canternet.org cloudchaser.canternet.org)
[00:43:22] *** Quits: Nick (nobody@Pony-rgmjhl.res.rr.com) (daring.canternet.org cloudchaser.canternet.org)
[00:43:22] *** Quits: locodash11[server] (locodash11@Taco.eating.Anthro.Batpony) (daring.canternet.org cloudchaser.canternet.org)
[00:43:22] *** Quits: Starthunder (blackl@property.of.lightningcrash) (daring.canternet.org cloudchaser.canternet.org)
[00:43:22] *** Quits: CompuDesktop (quassel@snuggly.filly) (daring.canternet.org cloudchaser.canternet.org)
[00:43:22] *** Quits: AppleDash (appled@dusks.adorable.pet.pegasus) (daring.canternet.org cloudchaser.canternet.org)
[00:43:22] *** Quits: Eivel (Eivel@Keep.Calm.and.Pony.On) (daring.canternet.org cloudchaser.canternet.org)
[00:43:22] *** Quits: PeakVolume (k9ldt@Pony-tqvh62.fios.verizon.net) (daring.canternet.org cloudchaser.canternet.org)
[00:43:22] *** Quits: ButterBean (Dragony@Pony-458.d8k.20.198.IP) (daring.canternet.org cloudchaser.canternet.org)
[00:43:22] *** Quits: mkr (mkr@Pony-iinahj.radioyay.net) (daring.canternet.org cloudchaser.canternet.org)
[00:43:22] *** Quits: JoneZ (JoneZ@lugburz) (daring.canternet.org cloudchaser.canternet.org)
[00:43:22] *** Quits: WritingPony (TwoTailedF@Pony-ah6lvr.in-addr.btopenworld.com) (daring.canternet.org cloudchaser.canternet.org)
[00:43:25] *** Joins: ButterBean (Dragony@Pony-458.d8k.20.198.IP)
[00:43:25] *** Joins: locodashie11 (locodash11@Taco.eating.Anthro.Batpony)
[00:43:25] *** Joins: Pony_31067 (SilverEagle@Pony-1nc9bc.busterneece.com)
[00:43:25] *** Joins: WildSoft (WildSoft@Pony-9tei06.bredband.comhem.se)
[00:43:25] *** Joins: WritingPony (TwoTailedF@Pony-ah6lvr.in-addr.btopenworld.com)
[00:43:25] *** Joins: miggyb (miggyb@horsetornado.co.uk)
[00:43:25] *** Joins: Dusk (Dusk@dusky.horse)
[00:43:25] *** Joins: PinkiePieBot (PinkiePieBo@Sugar.Cube.Corner)
[00:43:25] *** Joins: aji (alex@ajitek.net)
[00:43:25] *** Joins: Finnfinn (Finnfinn@finn.isher)
[00:43:25] *** Joins: PolishTopsie (Topsie@Topsie.Loves.His.Princess)
[00:43:25] *** Joins: PeakVolume (k9ldt@Pony-tqvh62.fios.verizon.net)
[00:43:25] *** Joins: MissingData (DataByteBro@Pony-n3en0j.hfc.comcastbusiness.net)
[00:43:25] *** Joins: Webster (Webster@Pony-io0ebs.md.comcast.net)
[00:43:25] *** Joins: Jouva (jouva@Pony-535ork.fios.verizon.net)
[00:43:25] *** Joins: Red_M (potato@Pony-afr.ndf.29.23.IP)
[00:43:25] *** Joins: Crimson_Tail (Bluepon@Pony-mfh7oq.md.comcast.net)
[00:43:25] *** Joins: Awaykitty (uni@the.unicorn.cat)
[00:43:25] *** Joins: Starthunder (blackl@property.of.lightningcrash)
[00:43:25] *** Joins: Sin (Sin@is.hustlin.everyday)
[00:43:25] *** Joins: Buckabee (ModusPonens@Pony-6v8n3b.ga.comcast.net)
[00:43:25] *** Joins: Eivel (Eivel@Keep.Calm.and.Pony.On)
[00:43:25] *** Joins: Pony_39024 (Lapsus@Pony-5m46mf.cable.rogers.com)
[00:43:25] *** Joins: tiwake (Octavia@Pony-njonl3.wa.charter.com)
[00:43:25] *** Joins: Caerdwyn (midnight@always.broken.sometimes.patched.never.fixed)
[00:43:25] *** Joins: enginemaniac (flail@flail.flail.flail)
[00:43:25] *** Joins: MangoBloom (djazz@djazz.se)
[00:43:25] *** Joins: Datalink (Datalink@Datalink)
[00:43:25] *** Joins: saneki (saneki@Pony-torblo.zylongaming.com)
[00:43:25] *** Joins: Asoka (Asoka@Pony-bsn2ga.net-htp.de)
[00:43:25] *** Joins: Ruthalas (Ruthalas@Pony-bi2qh3.wa.comcast.net)
[00:43:25] *** Joins: CompuDesktop (quassel@snuggly.filly)
[00:43:25] *** Joins: AutoLapsus (Lapsus@Totally.Is.A.Network.Service)
[00:43:25] *** Joins: Gumball_Crash (GumballCras@Pony-svbp6u.nh.comcast.net)
[00:43:25] *** Joins: derpy (derp@muffins)
[00:43:25] *** Joins: Starburn (eyeburn@secret.den.of.flaming.evil)
[00:43:25] *** Joins: vi[NLR] (vi[NLR]@Pony-rdj90s.vie.surfer.at)
[00:43:25] *** Joins: ColtonDRG (coltondrg@ColtonDRG.is.best.pony)
[00:43:25] *** cadance.canternet.org sets mode: +voo PinkiePieBot aji AutoLapsus
[00:43:25] *** Joins: Fusl (Fusl@1.0.0.127.in-addr.arpa.li)
[00:43:25] *** Joins: sniperfox (sniperfox@Pony-htd84a.distributed.denialofservice.org)
[00:43:25] *** Joins: Kiyiko (Kiyiko@Pony-c9ma3u.dsl.netins.net)
[00:43:25] *** Joins: Colgate (rabbit@brushie.horse)
[00:43:25] *** Joins: Googie (Googol@gnaws.on.keratin.and.ears)
[00:43:25] *** Joins: locodash11[server] (locodash11@Taco.eating.Anthro.Batpony)
[00:43:25] *** Joins: LightningCrash (lightning@property.of.moonlightning)
[00:43:25] *** Joins: Init3-away (jason@init3.Is.Not.A.Clever.Poni)
[00:43:25] *** Joins: johnsey (johnsey@netadmin.canternet.org)
[00:43:25] *** Joins: \m (mniip@Pony-o9q.v2g.219.178.IP)
[00:43:25] *** Joins: hawthornbunny (hawthorn@Pony-tk6.bga.28.2.IP)
[00:43:25] *** Joins: Nick (nobody@Pony-rgmjhl.res.rr.com)
[00:43:25] *** Joins: Compu (compu@snuggly.filly)
[00:43:25] *** Joins: dekeccho (dekeccho@dekeccho.Is.Not.A.Clever.Poni)
[00:43:25] *** Joins: Kinsley (JKinsley@Bow.To.Your.Princess)
[00:43:25] *** Joins: Quindo (Quindo@Pony-tkfa60.mssnks.sbcglobal.net)
[00:43:25] *** Joins: JustAberrant (JustAberran@Pony-lq4qe0.com)
[00:43:25] *** Joins: Stik (drakon@Pony-ql55m5.cable.virginm.net)
[00:43:25] *** Joins: stevestreza (Steve@Pony-0945eu.stevestreza.com)
[00:43:25] *** Joins: Cloud|Sleep (Cydie@the.little.cloud.colt)
[00:43:25] *** Joins: endoriazel (coprah@endoriazel)
[00:43:25] *** Joins: JoneZ (JoneZ@lugburz)
[00:43:25] *** Joins: reiuiji (reiuiji@nuclear.raven)
[00:43:25] *** Joins: Cameron_D (cameron@cam.mylittle.horse)
[00:43:25] *** Joins: WeAreBorg (WeAreBorg@Resistance.Is.Futile)
[00:43:25] *** Joins: zz_CyberJacob (CyberJacob@Pony-8adl2m.bluesapphiremedia.co.uk)
[00:43:25] *** Joins: AppleDash (appled@dusks.adorable.pet.pegasus)
[00:43:25] *** Joins: Finwe (vhalkola@Pony-25l.vcn.233.130.IP)
[00:43:25] *** Joins: Sukasa (IDontCare@Pony-8juhcf.no.shawcable.net)
[00:43:25] *** Joins: OlaHughson (ola@Pony-k5v.64a.226.188.IP)
[00:43:25] *** Joins: Pony_11148 (Lorix_@Pony-ahk.n7v.237.192.IP)
[00:43:25] *** Joins: LegionRed (LegionRed@The.DragonHorse.DraconisEquus)
[00:43:25] *** Joins: mkr (mkr@Pony-iinahj.radioyay.net)
[00:43:25] *** Joins: init3_mobile (jason@init3.Is.Not.A.Clever.Poni)
[00:43:25] *** Joins: Alcoholicorn (Alcoholicor@Pony-55oq0s.pool.hargray.net)
[00:43:25] *** cadance.canternet.org sets mode: +o Kinsley
[00:43:26] *** Joins: nscoots (FreyGrimrod@Pony-2pr5us.adsl.inet-telecom.org)
[00:43:47] *** Pony_39024 is now known as Lapsus
[00:43:49] *** AutoLapsus sets mode: +qo Lapsus Lapsus
[00:46:23] *** Quits: Buckabee (ModusPonens@Pony-6v8n3b.ga.comcast.net) (Ping timeout: 121 seconds)
[01:05:20] *** Joins: locodash11[lagout] (locodash11@Pony-osmcfg.co.comcast.net)
[01:05:27] *** Joins: Phase (Phase4@Pony-lu48ce.lnk.telstra.net)
[01:08:12] *** Quits: locodashie11 (locodash11@Taco.eating.Anthro.Batpony) (Ping timeout: 121 seconds)
[01:12:05] *** Quits: hawthornbunny (hawthorn@Pony-tk6.bga.28.2.IP) (Ping timeout: 121 seconds)
[01:17:51] *** Quits: ColtonDRG (coltondrg@ColtonDRG.is.best.pony) (A TLS packet with unexpected length was received.)
[01:28:51] *** Joins: ColtonDRG (coltondrg@ColtonDRG.is.best.pony)
[01:38:06] *** Joins: Fallfeathers (Fallfeather@Pony-88rk5f.bigpond.net.au)
[01:49:32] *** Quits: Alcoholicorn (Alcoholicor@Pony-55oq0s.pool.hargray.net) (Ping timeout: 121 seconds)
[02:08:50] *** Joins: Alcoholicorn (Alcoholicor@Pony-55oq0s.pool.hargray.net)
[02:22:48] *** Joins: Sombra (Iceman@Darkhorse21)
[02:23:16] *** Joins: locodashie11 (locodash11@Pony-osmcfg.co.comcast.net)
[02:23:37] *** Joins: Asoka_White (Asoka@Pony-57t4ap.net-htp.de)
[02:26:48] *** Quits: Asoka (Asoka@Pony-bsn2ga.net-htp.de) (Ping timeout: 121 seconds)
[02:26:50] *** Quits: locodash11[lagout] (locodash11@Taco.eating.Anthro.Batpony) (Ping timeout: 121 seconds)
[02:47:51] *** Joins: cyborg_ar (cyborgar@Pony-tln.h46.49.190.IP)
[02:47:55] <cyborg_ar> OMG
[02:48:04] <cyborg_ar> http://blog.lenovo.com/en/blog/retro-thinkpad-time-machine
[02:48:06] <PinkiePieBot> [ ThinkPad Time Machine? | Lenovo ]
[02:48:07] * cyborg_ar drools
[02:48:12] <cyborg_ar> waaaaaaaaaaaaaaaaaaaaaaaaaaaaaaaaaaaaaaaaaaant
[02:52:38] <cyborg_ar> if it ever comes out i'll replace my T400 with it
[02:52:56] <Caerdwyn> who wouldnt
[02:55:45] <cyborg_ar> it's so beautiful
[02:56:13] <Caerdwyn> thats a blast from the past right there...
[02:57:20] <cyborg_ar> https://a.disquscdn.com/get?url=http%3A%2F%2Fwww.reactiongifs.us%2Fwp-content%2Fuploads%2F2014%2F03%2Fstop_penis_erect_archer.gif&key=_UORhCoh7AQXhOhh7DmkSQ&w=600&h=281
[03:05:34] *** Quits: Sombra (Iceman@Darkhorse21) (Quit: quit)
[03:24:48] * Cloud|Sleep is actually a rookie at coding
[03:40:01] *** Cloud|Sleep is now known as Java
[03:42:58] <JustAberrant> cyborg_ar: :)
[03:44:26] <Java> Is a thinkpad that good? What
[03:44:34] *** Quits: locodashie11 (locodash11@Taco.eating.Anthro.Batpony) (Ping timeout: 121 seconds)
[03:44:54] <cyborg_ar> Java: heresy
[03:45:12] <JustAberrant> http://justaberrant.com/images/dell_thinkpad/IMG_20140927_143223.jpg  (probably posted this awhile ago..) :>
[03:45:31] <Java> It concerns programmers
[03:45:41] <JustAberrant> but yeah.. thinkpad used to be the beans
[03:46:00] *** Quits: locodash11[server] (locodash11@Taco.eating.Anthro.Batpony) (Ping timeout: 121 seconds)
[03:46:06] * Java is a program
[03:46:18] *** Joins: Sombra (Iceman@Darkhorse21)
[03:47:18] * JustAberrant has to figure out how to run cable through his house... it's gonna be.. complicated
[03:47:59] <JustAberrant> it's three floors.. luckily exposed ceiling in basement and an attic
[03:48:08] *** Joins: locodashie11 (locodash11@Pony-osmcfg.co.comcast.net)
[03:48:17] <JustAberrant> the attic is going to be damn hard to move around in though.. and it's blown in insulation
[03:48:18] <cyborg_ar> JustAberrant: even more heresy!
[03:48:59] <JustAberrant> I'm basically thinking I'll run one big conduit through this one wall that lines up on all floors from basement to attic
[03:49:15] <JustAberrant> then run wires through the attic down to the rooms on the top floor
[03:49:27] <cyborg_ar> what kind of cable?
[03:49:33] *** Joins: locodash11[server] (locodash11@Taco.eating.Anthro.Batpony)
[03:49:34] <JustAberrant> cat6
[03:50:18] <JustAberrant> I seriously might just use wifi for the stuff on the middle floor (mainly living room)
[03:50:32] <JustAberrant> it's going to be _really_ hard to run cable there
[03:51:04] <JustAberrant> I have entirely no idea how to run cable in exterior (insulated) walls.. and I really don't want to fuck with that stuff
[03:51:07] *** Init3-away is now known as init3
[03:51:51] *** Quits: init3 (jason@init3.Is.Not.A.Clever.Poni) (Quit: init 0)
[03:51:56] <JustAberrant> but yeah, I'm having my servers down in the basement, and main "computer room" up on the top floor.. and I definitely want several actual cables between the two
[03:54:18] *** Quits: Sombra (Iceman@Darkhorse21) (Quit: quit)
[03:55:05] *** Joins: init3 (Jason@init3.Is.Not.A.Clever.Poni)
[03:58:48] *** Quits: Caerdwyn (midnight@always.broken.sometimes.patched.never.fixed) (Quit: ZNC - 1.6.0 - http://znc.in)
[03:59:51] *** Quits: Crimson_Tail (Bluepon@Pony-mfh7oq.md.comcast.net) (Quit: Ping timeout: -1 second)
[04:06:29] <Java> BASIC's GOTO command is so weird
[04:06:55] <Java> Like GOTO 45
[04:07:09] <Java> -goes to line 45-
[04:10:01] <cyborg_ar> and?
[04:11:17] *** Joins: Crimson_Tail (Bluepon@Pony-6v7hst.s0tm.sdub.0151.2601.IP)
[04:11:42] <Webster> Ugh. Trying to move files off of my phone over USB and in trying to get my computer to see them, Android deleted them.
[04:12:05] <Webster> Apparently moving to a folder in the wrong way lets them just disappear.
[04:12:26] <Java> cyborg_ar it's a one way that makes your code tied up by a snake
[04:12:41] <Java> In other words spaghetti code
[04:13:06] <cyborg_ar> there are more ways to make spaghetti
[04:13:28] <cyborg_ar> either way it's a pretty natural instruction for the time
[04:13:36] <cyborg_ar> you write assembly in the same way
[04:13:44] <cyborg_ar> using labels is better though
[04:14:43] <Java> Machine language takes a very long time to learn
[04:15:11] <Java> Assembly language is just a translation for machine language
[04:17:40] <cyborg_ar> it doesnt really take much to learn assemby/machine language
[04:17:47] <cyborg_ar> it is a bitch to master though
[04:22:48] *** Gigabit is now known as Gigawork
[04:24:10] * JustAberrant would agree with that
[04:24:38] <JustAberrant> assembly/machine language is practically by definition simple.. it's a bunch of (mostly) simple operations
[04:25:06] <JustAberrant> learning to do anything useful with them and how to do so efficiently takes forever
[04:25:37] <Java> It's fine that you don't have to learn them... I'm better off with python, C++, Scala etc
[04:26:16] <Java> Because any programming language translates to machine code
[04:26:31] <JustAberrant> not necessarily
[04:26:41] <JustAberrant> java really doesn't
[04:27:02] *** Joins: MisterSkids (ejd@Pony-fej07d.res.rr.com)
[04:27:49] <JustAberrant> it gets translated into a bytecode which is basically a thin translation of the source code, which then serves as instructions to a runtime environment (JVM) which then actually does the things
[04:28:06] <JustAberrant> and technically speaking the JVM is talking to higher level wrappers at the OS and userland levels
[04:28:35] <JustAberrant> there's definitely no java to machine language that gets directly run on the processor thing going on
[04:28:49] <JustAberrant> same with python
[04:28:58] <Java> In other words, p-code
[04:29:01] <JustAberrant> (minus the bytecode stage)
[04:29:38] <Java> Java can run on any os since the .jar file itself has source code
[04:29:44] <Java> Er
[04:29:52] * Java can run on any os since the .jar file itself has source code
[04:30:03] <JustAberrant> .. not really
[04:30:16] <JustAberrant> jar files _can_ have source code bundled, but by no means always
[04:30:24] <JustAberrant> and not used by the JVM, more for debuggers
[04:31:59] <Java> All these years,  I thought JSON is for Java, but actually for JavaScript
[04:32:04] <frackster> I found Colgate's website http://dingdongthewitchisdead.com/
[04:32:06] <PinkiePieBot> [ 貸し会議室をお得に利用する意外な方法 ]
[04:32:27] <Java> Chinese?
[04:32:31] <frackster> yup
[04:33:27] *** Quits: cyborg_ar (cyborgar@Pony-tln.h46.49.190.IP) (Client exited)
[04:33:42] <JustAberrant> Java: well, JSON was made for javascript, but you can use it in pretty much any language, it's just a data representation, and most of the concepts are represented in any language (collections, numbers, strings..)
[04:35:29] <Java> It is or not a database
[04:35:30] <JustAberrant> there's nothing really specifically javascript-ish about it, it was just created to solve a problem javascript type people had..
[04:36:06] <Java> JSON is just used for decoding HTML stuff in programming
[04:36:08] <JustAberrant> i.e. they needed a way of bundling up data that.. wasn't xml..
[04:36:37] <JustAberrant> actually I'm not entirely sure what was wrong with xml.. but I'm sure there's a reason (and it's probably not a good one.. because web developers..)
[04:42:03] <JustAberrant> "but xml has all that extra text, this is good and lean... need that 4k of extra bandwidth so I can load me 3MB png for the curved boxes I'm using.."
[04:45:59] <Phase> "<Java> JSON is just used for decoding HTML stuff in programming"
[04:46:48] * JustAberrant still kinda suspects Java is a bot, just randomly throwing together programming terms into semi-coherent sentences ;p
[04:48:10] <JustAberrant> Phase: .. ponies? :D
[04:50:05] *** Quits: Alcoholicorn (Alcoholicor@Pony-55oq0s.pool.hargray.net) (Ping timeout: 121 seconds)
[04:50:35] <Java> http://www.giantmicrobes.com/
[04:50:36] <PinkiePieBot> [ GIANT Microbes | Gag Gifts, Teacher Gifts, Doctor Gifts, Gifts for Girlfriends and Boyfriends ]
[04:52:09] <Java> This is sick shit
[04:52:26] <Phase> JustAberrant, poniessssssssss
[04:52:31] *** Quits: Webster (Webster@Pony-io0ebs.md.comcast.net) (Quit: Leaving)
[04:52:56] *** Gigawork is now known as Gigabit
[04:54:59] *** Quits: nscoots (FreyGrimrod@Pony-2pr5us.adsl.inet-telecom.org) (Ping timeout: 121 seconds)
[04:56:17] *** Joins: cyborg_ar (cyborgar@Pony-f7v.j81.25.181.IP)
[04:57:06] *** Java is now known as Cloudrunner
[04:59:16] *** Joins: Alcoholicorn (Alcoholicor@Pony-55oq0s.pool.hargray.net)
[05:27:53] *** Quits: Jouva (jouva@Pony-535ork.fios.verizon.net) (Connection closed)
[05:28:01] *** Joins: Jouva (jouva@Pony-535ork.fios.verizon.net)
[05:38:33] *** Cloudrunner is now known as Cloud
[05:44:11] *** Joins: Sombra (Iceman@Darkhorse21)
[06:05:11] *** Quits: init3 (Jason@init3.Is.Not.A.Clever.Poni) (Connection closed)
[06:06:05] <Cloud> Phase, what command in the hexchat python interface that finds text?
[06:06:20] <Phase> "finds text"?
[06:06:27] <Cloud> Like if it finds "!command" it executes code
[06:11:33] *** Joins: init3 (jason@init3.Is.Not.A.Clever.Poni)
[06:14:03] <Phase> Cloud, hexchat.hook_command
[06:14:50] <Phase> Cloud, eg: hexchat.hook_command('command', on_command) will run the function on_command when you type /command
[06:15:57] <Cloud> even fantasy commands?
[06:18:56] *** Joins: nscoots (FreyGrimrod@Pony-2pr5us.adsl.inet-telecom.org)
[06:24:32] <cyborg_ar> JustAberrant: what about those fancy java processors?
[06:26:23] <JustAberrant> cyborg_ar: hah, well, ok, good point ;p
[06:50:02] *** Dusk is now known as Golden_Gleam
[06:54:25] <Cloud> is this correct?
[06:54:36] <Cloud> python -c print "hello, world"
[06:54:59] * JustAberrant does not consider it correct
[06:55:03] <Starthunder> No; the argument to -c needs to be all one argument
[06:55:12] <Starthunder> python2 -c 'print "hello, world"'
[06:55:23] <Cloud> the -c command is so complicated
[06:55:34] <Starthunder> Not really
[06:55:48] <Starthunder> It's hard to deal with, though, because whitespace is significant
[06:56:07] <Starthunder> If you can, I recommend putting literal newlines in
[06:56:21] <Cloud> i get an EOL error
[06:56:28] <Starthunder> :(
[06:56:59] <Cloud> python -m probably does is "python -m datetime
[06:59:59] *** Quits: nscoots (FreyGrimrod@Pony-2pr5us.adsl.inet-telecom.org) (Ping timeout: 121 seconds)
[07:00:32] <JustAberrant> Cloud: best not to worry about the future? :)
[07:04:31] *** Joins: nscoots (FreyGrimrod@Pony-2pr5us.adsl.inet-telecom.org)
[07:09:31] <Starthunder> Future-proof /all/ the things!
[07:10:07] * Gigabit future proofs Starthunder by dying her hair gray :p
[07:10:31] <Starthunder> :(
[07:10:49] <Starthunder> But, what if the future holds lack of aging?
[07:11:10] <Gigabit> Oh then..dye it back
[07:11:20] <cyborg_ar> just let it grow out
[07:11:46] * Starthunder does grow her mane out. Tosses her head to flip it around. See?
[07:12:00] <Gigabit> But tya would be indicative of aging.
[07:12:12] <Starthunder> Not like that, silly.
[07:12:24] <Gigabit> That* since hair grows and anti aging should also stop hair grow :p
[07:16:43] * Starthunder baps Gigabit.
[07:25:22] * Gigabit whines
[07:25:40] <Starthunder> Anyway, my hair was already long. >.>
[07:27:55] *** Quits: Sombra (Iceman@Darkhorse21) (Quit: quit)
[07:36:05] *** Quits: ColtonDRG (coltondrg@ColtonDRG.is.best.pony) (Ping timeout: 121 seconds)
[07:36:15] *** RedHelper is now known as Creeps|AFK
[07:37:24] *** Joins: ColtonDRG (coltondrg@Pony-sns0ht.hlrn.qwest.net)
[07:38:36] *** Quits: MisterSkids (ejd@Pony-fej07d.res.rr.com) (Ping timeout: 121 seconds)
[07:43:12] *** Quits: Alcoholicorn (Alcoholicor@Pony-55oq0s.pool.hargray.net) (Ping timeout: 121 seconds)
[07:49:23] <Twilightlicious> I think my Xbox One just died
[07:49:31] <Twilightlicious> oh, no, it turned off my TV Lol
[08:32:05] *** Joins: Mibbit (Shah@Pony-ic64a6.alshamil.net.ae)
[08:32:15] *** Mibbit is now known as PrinCe
[08:32:45] *** PrinCe is now known as Pony_1305
[08:33:06] *** Quits: Pony_1305 (Shah@Pony-ic64a6.alshamil.net.ae) (Quit: )
[08:33:34] *** Quits: cyborg_ar (cyborgar@Pony-f7v.j81.25.181.IP) (Client exited)
[08:35:04] *** Quits: WritingPony (TwoTailedF@Pony-ah6lvr.in-addr.btopenworld.com) (Ping timeout: 121 seconds)
[08:35:34] *** Joins: WritingPony (TwoTailedF@Pony-ah6lvr.in-addr.btopenworld.com)
[08:36:01] *** Quits: Phase (Phase4@Pony-lu48ce.lnk.telstra.net) (Ping timeout: 121 seconds)
[08:36:03] *** WritingPony is now known as Pony_47551
[08:51:52] <Starthunder> https://i.imgur.com/etx860K.jpg
[09:01:21] *** Joins: hawthornbunny (hawthorn@Pony-tk6.bga.28.2.IP)
[09:01:32] *** zz_CyberJacob is now known as CyberJacob
[09:01:35] *** PolishTopsie is now known as PolishTopsieOut
[09:09:23] *** Joins: JockeTF (jocke@Pony-mjg.sl1.132.194.IP)
[09:20:01] <Starthunder> hmm
[09:20:16] <Starthunder> Are the pointer|reference indicators part of the type or part of the name in C++?
[09:20:35] *** Quits: Crimson_Tail (Bluepon@Pony-6v7hst.s0tm.sdub.0151.2601.IP) (Quit: Ping timeout: -1 second)
[09:21:09] <Starthunder> I mean…in C, `foo_t *foo, bar;` declares `foo` as a pointer and `bar` as…not a pointer
[09:21:17] <Starthunder> which is why the asterisk is written closer to the name
[09:21:27] <Starthunder> Is that not the case in C++?
[09:23:57] <JustAberrant> far as I know either are acceptable and it comes down to preference
[09:24:47] <JustAberrant> I've always considered the * as part of the type, despite that it's actually not (and with respect to what you said)
[09:24:50] *** CyberJacob is now known as zz_CyberJacob
[09:25:04] <JustAberrant> but logically I think of it as part of the type, so I tend to do  type* identifier;
[09:25:13] <Starthunder> yesh, but I'm asking whether it /is/, in C++
[09:25:27] <Starthunder> I know the whitespace doesn't matter (it never does)
[09:26:31] <JustAberrant> I think in c++ you are supposed to consider it part of the type vs c where you're supposed to consider it a property of the identifier
[09:26:45] <JustAberrant> but yeah, it doesn't actually matter, the behviour is afaik the same
[09:27:03] <JustAberrant> I consider it part of the type in both :>
[09:27:06] <Starthunder> Yes, but IS it part of the type?
[09:27:34] <Starthunder> Does `Foo* foo, bar;` declare two pointers or a pointer and a local object?
[09:28:17] <JustAberrant> second one afaik
[09:30:03] <JustAberrant> why not just test it?
[09:30:46] <Starthunder> Meh
[09:31:17] <JustAberrant> you probably could have done that in the time it took you to ask the question ;p
[09:31:35] <Starthunder> In the time it took to ask /you/ the question, yeah
[09:32:58] <Starthunder> man, I haven't done anything in C++ in /ages/
[09:34:59] <Starthunder> Nope, it's part of the identifier, like C
[09:35:33] <JustAberrant> aka "the second one" ? ;p
[09:36:30] <JustAberrant> 4:30am.. I'm bed
[09:36:33] <JustAberrant> `nite
[09:42:51] *** Joins: MisterSkids (ejd@Pony-fej07d.res.rr.com)
[09:56:58] *** Joins: Phase (Phase4@Pony-lg71lg.internode.on.net)
[10:11:29] *** Joins: Alcoholicorn (Alcoholicor@Pony-55oq0s.pool.hargray.net)
[10:14:21] *** Quits: johnsey (johnsey@netadmin.canternet.org) (daring.canternet.org cadance.canternet.org)
[10:14:21] *** Quits: zz_CyberJacob (CyberJacob@Pony-8adl2m.bluesapphiremedia.co.uk) (daring.canternet.org cadance.canternet.org)
[10:14:21] *** Quits: Finwe (vhalkola@Pony-25l.vcn.233.130.IP) (daring.canternet.org cadance.canternet.org)
[10:14:21] *** Quits: Stik (drakon@Pony-ql55m5.cable.virginm.net) (daring.canternet.org cadance.canternet.org)
[10:14:21] *** Quits: miggyb (miggyb@horsetornado.co.uk) (daring.canternet.org cadance.canternet.org)
[10:14:21] *** Quits: aji (alex@ajitek.net) (daring.canternet.org cadance.canternet.org)
[10:14:21] *** Quits: enginemaniac (flail@flail.flail.flail) (daring.canternet.org cadance.canternet.org)
[10:14:21] *** Quits: Red_M (potato@Pony-afr.ndf.29.23.IP) (daring.canternet.org cadance.canternet.org)
[10:14:21] *** Quits: Sin (Sin@is.hustlin.everyday) (daring.canternet.org cadance.canternet.org)
[10:14:21] *** Quits: dekeccho (dekeccho@dekeccho.Is.Not.A.Clever.Poni) (daring.canternet.org cadance.canternet.org)
[10:14:21] *** Quits: Ruthalas (Ruthalas@Pony-bi2qh3.wa.comcast.net) (daring.canternet.org cadance.canternet.org)
[10:14:21] *** Quits: Alcoholicorn (Alcoholicor@Pony-55oq0s.pool.hargray.net) (daring.canternet.org cadance.canternet.org)
[10:14:21] *** Quits: hawthornbunny (hawthorn@Pony-tk6.bga.28.2.IP) (daring.canternet.org cadance.canternet.org)
[10:14:21] *** Quits: Jouva (jouva@Pony-535ork.fios.verizon.net) (daring.canternet.org cadance.canternet.org)
[10:14:21] *** Quits: MissingData (DataByteBro@Pony-n3en0j.hfc.comcastbusiness.net) (daring.canternet.org cadance.canternet.org)
[10:14:21] *** Quits: nscoots (FreyGrimrod@Pony-2pr5us.adsl.inet-telecom.org) (daring.canternet.org cadance.canternet.org)
[10:14:21] *** Quits: JustAberrant (JustAberran@Pony-lq4qe0.com) (daring.canternet.org cadance.canternet.org)
[10:14:21] *** Quits: MisterSkids (ejd@Pony-fej07d.res.rr.com) (daring.canternet.org cadance.canternet.org)
[10:14:21] *** Quits: Pony_47551 (TwoTailedF@Pony-ah6lvr.in-addr.btopenworld.com) (daring.canternet.org cadance.canternet.org)
[10:14:21] *** Quits: Gumball_Crash (GumballCras@Pony-svbp6u.nh.comcast.net) (daring.canternet.org cadance.canternet.org)
[10:14:21] *** Quits: Quindo (Quindo@Pony-tkfa60.mssnks.sbcglobal.net) (daring.canternet.org cadance.canternet.org)
[10:14:21] *** Quits: Pony_31067 (SilverEagle@Pony-1nc9bc.busterneece.com) (daring.canternet.org cadance.canternet.org)
[10:14:21] *** Quits: Fallfeathers (Fallfeather@Pony-88rk5f.bigpond.net.au) (daring.canternet.org cadance.canternet.org)
[10:14:21] *** Quits: init3_mobile (jason@init3.Is.Not.A.Clever.Poni) (daring.canternet.org cadance.canternet.org)
[10:14:21] *** Quits: \m (mniip@Pony-o9q.v2g.219.178.IP) (daring.canternet.org cadance.canternet.org)
[10:14:21] *** Quits: Kinsley (JKinsley@Bow.To.Your.Princess) (daring.canternet.org cadance.canternet.org)
[10:14:21] *** Quits: ColtonDRG (coltondrg@ColtonDRG.is.best.pony) (daring.canternet.org cadance.canternet.org)
[10:14:21] *** Quits: Googie (Googol@gnaws.on.keratin.and.ears) (daring.canternet.org cadance.canternet.org)
[10:14:21] *** Quits: LegionRed (LegionRed@The.DragonHorse.DraconisEquus) (daring.canternet.org cadance.canternet.org)
[10:14:21] *** Quits: Pony_11148 (Lorix_@Pony-ahk.n7v.237.192.IP) (daring.canternet.org cadance.canternet.org)
[10:14:21] *** Quits: JockeTF (jocke@Pony-mjg.sl1.132.194.IP) (daring.canternet.org cadance.canternet.org)
[10:14:21] *** Quits: Starburn (eyeburn@secret.den.of.flaming.evil) (daring.canternet.org cadance.canternet.org)
[10:14:21] *** Quits: OlaHughson (ola@Pony-k5v.64a.226.188.IP) (daring.canternet.org cadance.canternet.org)
[10:14:21] *** Quits: Lapsus (Lapsus@i-forget.ca) (daring.canternet.org cadance.canternet.org)
[10:14:21] *** Quits: locodash11[server] (locodash11@Taco.eating.Anthro.Batpony) (daring.canternet.org cadance.canternet.org)
[10:14:21] *** Quits: PinkiePieBot (PinkiePieBo@Sugar.Cube.Corner) (daring.canternet.org cadance.canternet.org)
[10:14:21] *** Quits: Sukasa (IDontCare@Pony-8juhcf.no.shawcable.net) (daring.canternet.org cadance.canternet.org)
[10:14:21] *** Quits: stevestreza (Steve@Pony-0945eu.stevestreza.com) (daring.canternet.org cadance.canternet.org)
[10:14:21] *** Quits: saneki (saneki@Pony-torblo.zylongaming.com) (daring.canternet.org cadance.canternet.org)
[10:14:22] *** Quits: AutoLapsus (Lapsus@Totally.Is.A.Network.Service) (daring.canternet.org cadance.canternet.org)
[10:14:22] *** Quits: MangoBloom (djazz@djazz.se) (daring.canternet.org cadance.canternet.org)
[10:14:22] *** Quits: Asoka_White (Asoka@Pony-57t4ap.net-htp.de) (daring.canternet.org cadance.canternet.org)
[10:14:22] *** Quits: locodashie11 (locodash11@Taco.eating.Anthro.Batpony) (daring.canternet.org cadance.canternet.org)
[10:14:22] *** Quits: sniperfox (sniperfox@Pony-htd84a.distributed.denialofservice.org) (daring.canternet.org cadance.canternet.org)
[10:14:22] *** Quits: Golden_Gleam (Dusk@dusky.horse) (daring.canternet.org cadance.canternet.org)
[10:14:22] *** Quits: derpy (derp@muffins) (daring.canternet.org cadance.canternet.org)
[10:14:22] *** Quits: LightningCrash (lightning@property.of.moonlightning) (daring.canternet.org cadance.canternet.org)
[10:14:22] *** Quits: tiwake (Octavia@Pony-njonl3.wa.charter.com) (daring.canternet.org cadance.canternet.org)
[10:14:22] *** Quits: WildSoft (WildSoft@Pony-9tei06.bredband.comhem.se) (daring.canternet.org cadance.canternet.org)
[10:14:22] *** Quits: Cloud (Cydie@the.little.cloud.colt) (daring.canternet.org cadance.canternet.org)
[10:14:22] *** Quits: Kiyiko (Kiyiko@Pony-c9ma3u.dsl.netins.net) (daring.canternet.org cadance.canternet.org)
[10:14:22] *** Quits: endoriazel (coprah@endoriazel) (daring.canternet.org cadance.canternet.org)
[10:14:22] *** Quits: reiuiji (reiuiji@nuclear.raven) (daring.canternet.org cadance.canternet.org)
[10:14:22] *** Quits: Fusl (Fusl@1.0.0.127.in-addr.arpa.li) (daring.canternet.org cadance.canternet.org)
[10:14:22] *** Quits: PolishTopsieOut (Topsie@Topsie.Loves.His.Princess) (daring.canternet.org cadance.canternet.org)
[10:14:22] *** Quits: Awaykitty (uni@the.unicorn.cat) (daring.canternet.org cadance.canternet.org)
[10:14:22] *** Quits: Phase (Phase4@Pony-lg71lg.internode.on.net) (daring.canternet.org cadance.canternet.org)
[10:14:22] *** Quits: init3 (jason@init3.Is.Not.A.Clever.Poni) (daring.canternet.org cadance.canternet.org)
[10:14:22] *** Quits: Compu (compu@snuggly.filly) (daring.canternet.org cadance.canternet.org)
[10:14:22] *** Quits: vi[NLR] (vi[NLR]@Pony-rdj90s.vie.surfer.at) (daring.canternet.org cadance.canternet.org)
[10:14:22] *** Quits: WeAreBorg (WeAreBorg@Resistance.Is.Futile) (daring.canternet.org cadance.canternet.org)
[10:14:22] *** Quits: Cameron_D (cameron@cam.mylittle.horse) (daring.canternet.org cadance.canternet.org)
[10:14:22] *** Quits: Datalink (Datalink@Datalink) (daring.canternet.org cadance.canternet.org)
[10:14:22] *** Quits: Finnfinn (Finnfinn@finn.isher) (daring.canternet.org cadance.canternet.org)
[10:14:22] *** Quits: Colgate (rabbit@brushie.horse) (daring.canternet.org cadance.canternet.org)
[10:14:22] *** Quits: Nick (nobody@Pony-rgmjhl.res.rr.com) (daring.canternet.org cadance.canternet.org)
[10:14:22] *** Quits: Starthunder (blackl@property.of.lightningcrash) (daring.canternet.org cadance.canternet.org)
[10:14:22] *** Quits: CompuDesktop (quassel@snuggly.filly) (daring.canternet.org cadance.canternet.org)
[10:14:22] *** Quits: AppleDash (appled@dusks.adorable.pet.pegasus) (daring.canternet.org cadance.canternet.org)
[10:14:22] *** Quits: Eivel (Eivel@Keep.Calm.and.Pony.On) (daring.canternet.org cadance.canternet.org)
[10:14:22] *** Quits: PeakVolume (k9ldt@Pony-tqvh62.fios.verizon.net) (daring.canternet.org cadance.canternet.org)
[10:14:22] *** Quits: ButterBean (Dragony@Pony-458.d8k.20.198.IP) (daring.canternet.org cadance.canternet.org)
[10:14:22] *** Quits: mkr (mkr@Pony-iinahj.radioyay.net) (daring.canternet.org cadance.canternet.org)
[10:14:22] *** Quits: JoneZ (JoneZ@lugburz) (daring.canternet.org cadance.canternet.org)
[10:14:22] *** Joins: Pony_11148 (Lorix_@Pony-ahk.n7v.237.192.IP)
[10:14:22] *** Joins: Eivel (Eivel@Keep.Calm.and.Pony.On)
[10:14:22] *** Joins: Golden_Gleam (Dusk@dusky.horse)
[10:14:22] *** Joins: stevestreza (Steve@Pony-0945eu.stevestreza.com)
[10:14:22] *** Joins: Cloud (Cydie@the.little.cloud.colt)
[10:14:22] *** Joins: johnsey (johnsey@netadmin.canternet.org)
[10:14:22] *** Joins: tiwake (Octavia@Pony-njonl3.wa.charter.com)
[10:14:22] *** Joins: Starburn (eyeburn@secret.den.of.flaming.evil)
[10:14:22] *** Joins: Cameron_D (cameron@cam.mylittle.horse)
[10:14:22] *** Joins: Awaykitty (uni@the.unicorn.cat)
[10:14:22] *** Joins: Kiyiko (Kiyiko@Pony-c9ma3u.dsl.netins.net)
[10:14:22] *** Joins: JoneZ (JoneZ@lugburz)
[10:14:22] *** Joins: endoriazel (coprah@endoriazel)
[10:14:22] *** Joins: Pony_31067 (SilverEagle@Pony-1nc9bc.busterneece.com)
[10:14:22] *** Joins: sniperfox (sniperfox@Pony-htd84a.distributed.denialofservice.org)
[10:14:22] *** Joins: LightningCrash (lightning@property.of.moonlightning)
[10:14:22] *** Joins: Sin (Sin@is.hustlin.everyday)
[10:14:22] *** Joins: Sukasa (IDontCare@Pony-8juhcf.no.shawcable.net)
[10:14:22] *** Joins: Googie (Googol@gnaws.on.keratin.and.ears)
[10:14:22] *** Joins: Finwe (vhalkola@Pony-25l.vcn.233.130.IP)
[10:14:22] *** Joins: Fusl (Fusl@1.0.0.127.in-addr.arpa.li)
[10:14:22] *** Joins: derpy (derp@muffins)
[10:14:22] *** Joins: enginemaniac (flail@flail.flail.flail)
[10:14:22] *** Joins: Ruthalas (Ruthalas@Pony-bi2qh3.wa.comcast.net)
[10:14:22] *** Joins: AppleDash (appled@dusks.adorable.pet.pegasus)
[10:14:22] *** Joins: Colgate (rabbit@brushie.horse)
[10:14:22] *** Joins: ButterBean (Dragony@Pony-458.d8k.20.198.IP)
[10:14:22] *** Joins: PinkiePieBot (PinkiePieBo@Sugar.Cube.Corner)
[10:14:22] *** Joins: Stik (drakon@Pony-ql55m5.cable.virginm.net)
[10:14:22] *** Joins: PolishTopsieOut (Topsie@Topsie.Loves.His.Princess)
[10:14:22] *** Joins: Lapsus (Lapsus@i-forget.ca)
[10:14:22] *** Joins: PeakVolume (k9ldt@Pony-tqvh62.fios.verizon.net)
[10:14:22] *** Joins: WildSoft (WildSoft@Pony-9tei06.bredband.comhem.se)
[10:14:22] *** Joins: OlaHughson (ola@Pony-k5v.64a.226.188.IP)
[10:14:22] *** Joins: Finnfinn (Finnfinn@finn.isher)
[10:14:22] *** Joins: Red_M (potato@Pony-afr.ndf.29.23.IP)
[10:14:22] *** Joins: aji (alex@ajitek.net)
[10:14:22] *** Joins: WeAreBorg (WeAreBorg@Resistance.Is.Futile)
[10:14:22] *** cloudchaser.canternet.org sets mode: +vqoo PinkiePieBot Lapsus Lapsus aji
[10:14:22] *** Joins: Starthunder (blackl@property.of.lightningcrash)
[10:14:22] *** Joins: hawthornbunny (hawthorn@Pony-tk6.bga.28.2.IP)
[10:14:22] *** Joins: AutoLapsus (Lapsus@Totally.Is.A.Network.Service)
[10:14:22] *** Joins: Kinsley (JKinsley@Bow.To.Your.Princess)
[10:14:22] *** Joins: reiuiji (reiuiji@nuclear.raven)
[10:14:22] *** Joins: mkr (mkr@Pony-iinahj.radioyay.net)
[10:14:22] *** Joins: JustAberrant (JustAberran@Pony-lq4qe0.com)
[10:14:23] *** Joins: miggyb (miggyb@horsetornado.co.uk)
[10:14:23] *** Joins: Gumball_Crash (GumballCras@Pony-svbp6u.nh.comcast.net)
[10:14:23] *** Joins: CompuDesktop (quassel@snuggly.filly)
[10:14:23] *** Joins: MangoBloom (djazz@djazz.se)
[10:14:23] *** Joins: zz_CyberJacob (CyberJacob@Pony-8adl2m.bluesapphiremedia.co.uk)
[10:14:23] *** Joins: Quindo (Quindo@Pony-tkfa60.mssnks.sbcglobal.net)
[10:14:23] *** Joins: init3_mobile (jason@init3.Is.Not.A.Clever.Poni)
[10:14:23] *** Joins: saneki (saneki@Pony-torblo.zylongaming.com)
[10:14:23] *** Joins: nscoots (FreyGrimrod@Pony-2pr5us.adsl.inet-telecom.org)
[10:14:23] *** Joins: Compu (compu@snuggly.filly)
[10:14:23] *** Joins: vi[NLR] (vi[NLR]@Pony-rdj90s.vie.surfer.at)
[10:14:23] *** Joins: Datalink (Datalink@Datalink)
[10:14:23] *** Joins: MissingData (DataByteBro@Pony-n3en0j.hfc.comcastbusiness.net)
[10:14:23] *** Joins: init3 (jason@init3.Is.Not.A.Clever.Poni)
[10:14:23] *** Joins: dekeccho (dekeccho@dekeccho.Is.Not.A.Clever.Poni)
[10:14:23] *** Joins: Asoka_White (Asoka@Pony-57t4ap.net-htp.de)
[10:14:23] *** Joins: Jouva (jouva@Pony-535ork.fios.verizon.net)
[10:14:23] *** Joins: Pony_47551 (TwoTailedF@Pony-ah6lvr.in-addr.btopenworld.com)
[10:14:23] *** Joins: locodashie11 (locodash11@Taco.eating.Anthro.Batpony)
[10:14:23] *** Joins: Fallfeathers (Fallfeather@Pony-88rk5f.bigpond.net.au)
[10:14:23] *** Joins: Nick (nobody@Pony-rgmjhl.res.rr.com)
[10:14:23] *** Joins: LegionRed (LegionRed@The.DragonHorse.DraconisEquus)
[10:14:23] *** Joins: \m (mniip@Pony-o9q.v2g.219.178.IP)
[10:14:23] *** Joins: locodash11[server] (locodash11@Taco.eating.Anthro.Batpony)
[10:14:23] *** Joins: Alcoholicorn (Alcoholicor@Pony-55oq0s.pool.hargray.net)
[10:14:23] *** Joins: JockeTF (jocke@Pony-mjg.sl1.132.194.IP)
[10:14:23] *** Joins: Phase (Phase4@Pony-lg71lg.internode.on.net)
[10:14:23] *** Joins: ColtonDRG (coltondrg@ColtonDRG.is.best.pony)
[10:14:23] *** cloudchaser.canternet.org sets mode: +oo AutoLapsus Kinsley
[10:37:33] *** Quits: nscoots (FreyGrimrod@Pony-2pr5us.adsl.inet-telecom.org) (Ping timeout: 121 seconds)
[10:50:27] *** Awaykitty is now known as Unixkitty
[10:50:45] *** init3 is now known as Init3-away
[10:56:26] *** Quits: Stik (drakon@Pony-ql55m5.cable.virginm.net) (Ping timeout: 121 seconds)
[11:45:37] *** Quits: locodashie11 (locodash11@Taco.eating.Anthro.Batpony) (Ping timeout: 121 seconds)
[12:14:20] *** Joins: Stik (drakon@Pony-ql55m5.cable.virginm.net)
[12:16:15] *** Quits: Alcoholicorn (Alcoholicor@Pony-55oq0s.pool.hargray.net) (Ping timeout: 121 seconds)
[12:41:06] *** Golden_Gleam is now known as Dusk
[13:16:02] *** Quits: LegionRed (LegionRed@The.DragonHorse.DraconisEquus) (Quit: Worst quit message, ever.)
[13:21:00] *** Joins: Phase4 (Phase4@Pony-u52cmb.internode.on.net)
[13:23:37] *** Quits: Phase (Phase4@Pony-lg71lg.internode.on.net) (Ping timeout: 121 seconds)
[13:25:11] *** Joins: cyborg_ar (cyborgar@Pony-3kh.l9f.172.190.IP)
[14:05:22] *** Quits: enginemaniac (flail@flail.flail.flail) (Server shutdown)
[14:05:22] *** Quits: miggyb (miggyb@horsetornado.co.uk) (Server shutdown)
[14:05:22] *** Quits: aji (alex@ajitek.net) (Server shutdown)
[14:05:22] *** Quits: Finwe (vhalkola@Pony-25l.vcn.233.130.IP) (Server shutdown)
[14:05:22] *** Quits: Red_M (potato@Pony-afr.ndf.29.23.IP) (Server shutdown)
[14:05:22] *** Quits: zz_CyberJacob (CyberJacob@Pony-8adl2m.bluesapphiremedia.co.uk) (Server shutdown)
[14:05:24] *** Joins: Red_M (potato@Pony-4pa04c.red-m.net)
[14:05:25] *** Quits: johnsey (johnsey@netadmin.canternet.org) (chrysalis.canternet.org discord.canternet.org)
[14:05:31] *** Joins: enginemaniac (flail@flail.flail.flail)
[14:05:31] *** Joins: Finwe (vhalkola@Pony-bs4ovt.org.aalto.fi)
[14:05:37] *** Joins: aji (alex@ajitek.net)
[14:05:37] *** AutoLapsus sets mode: +o aji
[14:05:57] *** Joins: zz_CyberJacob (CyberJacob@Pony-8adl2m.bluesapphiremedia.co.uk)
[14:06:00] *** Joins: miggyb (miggyb@Pony-ko7510.compute.amazonaws.com)
[14:06:07] *** zz_CyberJacob is now known as CyberJacob
[14:06:36] *** CyberJacob is now known as Pony_524
[14:12:50] *** Quits: Quindo (Quindo@Pony-tkfa60.mssnks.sbcglobal.net) (Ping timeout: 121 seconds)
[14:13:14] *** Joins: Quindo (Quindo@Pony-tkfa60.mssnks.sbcglobal.net)
[14:24:06] *** Joins: johnsey (johnsey@netadmin.canternet.org)
[14:24:07] *** Joins: j0hnsey (johnsey@into.the.nethers)
[14:24:50] *** Quits: j0hnsey (johnsey@into.the.nethers) (Quit: leaving)
[15:01:07] *** Cloud is now known as Cloudrunner
[15:08:14] *** Cloudrunner is now known as BabyCloudrunner
[15:29:28] *** Joins: MisterSkids (ejd@Pony-aaa.lna.79.74.IP)
[16:02:24] *** Quindo is now known as Quindo_dentist
[16:02:40] *** Quits: Fallfeathers (Fallfeather@Pony-88rk5f.bigpond.net.au) (Connection closed)
[16:08:19] *** Quits: AutoLapsus (Lapsus@Totally.Is.A.Network.Service) (daring.canternet.org cloudchaser.canternet.org)
[16:08:19] *** Quits: johnsey (johnsey@netadmin.canternet.org) (daring.canternet.org cloudchaser.canternet.org)
[16:08:19] *** Quits: MisterSkids (ejd@Pony-aaa.lna.79.74.IP) (daring.canternet.org cloudchaser.canternet.org)
[16:08:19] *** Quits: Sin (Sin@is.hustlin.everyday) (daring.canternet.org cloudchaser.canternet.org)
[16:08:19] *** Quits: dekeccho (dekeccho@dekeccho.Is.Not.A.Clever.Poni) (daring.canternet.org cloudchaser.canternet.org)
[16:08:19] *** Quits: Ruthalas (Ruthalas@Pony-bi2qh3.wa.comcast.net) (daring.canternet.org cloudchaser.canternet.org)
[16:08:19] *** Quits: hawthornbunny (hawthorn@Pony-tk6.bga.28.2.IP) (daring.canternet.org cloudchaser.canternet.org)
[16:08:19] *** Quits: Jouva (jouva@Pony-535ork.fios.verizon.net) (daring.canternet.org cloudchaser.canternet.org)
[16:08:19] *** Quits: MissingData (DataByteBro@Pony-n3en0j.hfc.comcastbusiness.net) (daring.canternet.org cloudchaser.canternet.org)
[16:08:19] *** Quits: JustAberrant (JustAberran@Pony-lq4qe0.com) (daring.canternet.org cloudchaser.canternet.org)
[16:08:19] *** Quits: Pony_47551 (TwoTailedF@Pony-ah6lvr.in-addr.btopenworld.com) (daring.canternet.org cloudchaser.canternet.org)
[16:08:19] *** Quits: Gumball_Crash (GumballCras@Pony-svbp6u.nh.comcast.net) (daring.canternet.org cloudchaser.canternet.org)
[16:08:19] *** Quits: Pony_31067 (SilverEagle@Pony-1nc9bc.busterneece.com) (daring.canternet.org cloudchaser.canternet.org)
[16:08:19] *** Quits: init3_mobile (jason@init3.Is.Not.A.Clever.Poni) (daring.canternet.org cloudchaser.canternet.org)
[16:08:19] *** Quits: \m (mniip@Pony-o9q.v2g.219.178.IP) (daring.canternet.org cloudchaser.canternet.org)
[16:08:19] *** Quits: Kinsley (JKinsley@Bow.To.Your.Princess) (daring.canternet.org cloudchaser.canternet.org)
[16:08:19] *** Quits: ColtonDRG (coltondrg@ColtonDRG.is.best.pony) (daring.canternet.org cloudchaser.canternet.org)
[16:08:19] *** Quits: Googie (Googol@gnaws.on.keratin.and.ears) (daring.canternet.org cloudchaser.canternet.org)
[16:08:19] *** Quits: Pony_11148 (Lorix_@Pony-ahk.n7v.237.192.IP) (daring.canternet.org cloudchaser.canternet.org)
[16:08:19] *** Quits: JockeTF (jocke@Pony-mjg.sl1.132.194.IP) (daring.canternet.org cloudchaser.canternet.org)
[16:08:19] *** Quits: Starburn (eyeburn@secret.den.of.flaming.evil) (daring.canternet.org cloudchaser.canternet.org)
[16:08:19] *** Quits: Pony_524 (CyberJacob@Pony-8adl2m.bluesapphiremedia.co.uk) (daring.canternet.org cloudchaser.canternet.org)
[16:08:19] *** Quits: OlaHughson (ola@Pony-k5v.64a.226.188.IP) (daring.canternet.org cloudchaser.canternet.org)
[16:08:19] *** Quits: Lapsus (Lapsus@i-forget.ca) (daring.canternet.org cloudchaser.canternet.org)
[16:08:19] *** Quits: locodash11[server] (locodash11@Taco.eating.Anthro.Batpony) (daring.canternet.org cloudchaser.canternet.org)
[16:08:19] *** Quits: PinkiePieBot (PinkiePieBo@Sugar.Cube.Corner) (daring.canternet.org cloudchaser.canternet.org)
[16:08:19] *** Quits: Sukasa (IDontCare@Pony-8juhcf.no.shawcable.net) (daring.canternet.org cloudchaser.canternet.org)
[16:08:19] *** Quits: stevestreza (Steve@Pony-0945eu.stevestreza.com) (daring.canternet.org cloudchaser.canternet.org)
[16:08:19] *** Quits: cyborg_ar (cyborgar@Pony-3kh.l9f.172.190.IP) (daring.canternet.org cloudchaser.canternet.org)
[16:08:19] *** Quits: saneki (saneki@Pony-torblo.zylongaming.com) (daring.canternet.org cloudchaser.canternet.org)
[16:08:19] *** Quits: MangoBloom (djazz@djazz.se) (daring.canternet.org cloudchaser.canternet.org)
[16:08:19] *** Quits: Asoka_White (Asoka@Pony-57t4ap.net-htp.de) (daring.canternet.org cloudchaser.canternet.org)
[16:08:19] *** Quits: sniperfox (sniperfox@Pony-htd84a.distributed.denialofservice.org) (daring.canternet.org cloudchaser.canternet.org)
[16:08:19] *** Quits: Finwe (vhalkola@Pony-bs4ovt.org.aalto.fi) (daring.canternet.org cloudchaser.canternet.org)
[16:08:19] *** Quits: derpy (derp@muffins) (daring.canternet.org cloudchaser.canternet.org)
[16:08:19] *** Quits: LightningCrash (lightning@property.of.moonlightning) (daring.canternet.org cloudchaser.canternet.org)
[16:08:19] *** Quits: tiwake (Octavia@Pony-njonl3.wa.charter.com) (daring.canternet.org cloudchaser.canternet.org)
[16:08:19] *** Quits: Dusk (Dusk@dusky.horse) (daring.canternet.org cloudchaser.canternet.org)
[16:08:19] *** Quits: WildSoft (WildSoft@Pony-9tei06.bredband.comhem.se) (daring.canternet.org cloudchaser.canternet.org)
[16:08:19] *** Quits: Stik (drakon@Pony-ql55m5.cable.virginm.net) (daring.canternet.org cloudchaser.canternet.org)
[16:08:19] *** Quits: Phase4 (Phase4@Pony-u52cmb.internode.on.net) (daring.canternet.org cloudchaser.canternet.org)
[16:08:19] *** Quits: Init3-away (jason@init3.Is.Not.A.Clever.Poni) (daring.canternet.org cloudchaser.canternet.org)
[16:08:19] *** Quits: Kiyiko (Kiyiko@Pony-c9ma3u.dsl.netins.net) (daring.canternet.org cloudchaser.canternet.org)
[16:08:19] *** Quits: endoriazel (coprah@endoriazel) (daring.canternet.org cloudchaser.canternet.org)
[16:08:19] *** Quits: reiuiji (reiuiji@nuclear.raven) (daring.canternet.org cloudchaser.canternet.org)
[16:08:19] *** Quits: Fusl (Fusl@1.0.0.127.in-addr.arpa.li) (daring.canternet.org cloudchaser.canternet.org)
[16:08:19] *** Quits: PolishTopsieOut (Topsie@Topsie.Loves.His.Princess) (daring.canternet.org cloudchaser.canternet.org)
[16:08:19] *** Quits: Compu (compu@snuggly.filly) (daring.canternet.org cloudchaser.canternet.org)
[16:08:19] *** Quits: vi[NLR] (vi[NLR]@Pony-rdj90s.vie.surfer.at) (daring.canternet.org cloudchaser.canternet.org)
[16:08:19] *** Quits: BabyCloudrunner (Cydie@the.little.cloud.colt) (daring.canternet.org cloudchaser.canternet.org)
[16:08:19] *** Quits: WeAreBorg (WeAreBorg@Resistance.Is.Futile) (daring.canternet.org cloudchaser.canternet.org)
[16:08:19] *** Quits: Cameron_D (cameron@cam.mylittle.horse) (daring.canternet.org cloudchaser.canternet.org)
[16:08:19] *** Quits: Datalink (Datalink@Datalink) (daring.canternet.org cloudchaser.canternet.org)
[16:08:19] *** Quits: Finnfinn (Finnfinn@finn.isher) (daring.canternet.org cloudchaser.canternet.org)
[16:08:19] *** Quits: miggyb (miggyb@horsetornado.co.uk) (daring.canternet.org cloudchaser.canternet.org)
[16:08:19] *** Quits: Quindo_dentist (Quindo@Pony-tkfa60.mssnks.sbcglobal.net) (daring.canternet.org cloudchaser.canternet.org)
[16:08:19] *** Quits: Colgate (rabbit@brushie.horse) (daring.canternet.org cloudchaser.canternet.org)
[16:08:19] *** Quits: Nick (nobody@Pony-rgmjhl.res.rr.com) (daring.canternet.org cloudchaser.canternet.org)
[16:08:19] *** Quits: aji (alex@ajitek.net) (daring.canternet.org cloudchaser.canternet.org)
[16:08:19] *** Quits: enginemaniac (flail@flail.flail.flail) (daring.canternet.org cloudchaser.canternet.org)
[16:08:19] *** Quits: Starthunder (blackl@property.of.lightningcrash) (daring.canternet.org cloudchaser.canternet.org)
[16:08:19] *** Quits: CompuDesktop (quassel@snuggly.filly) (daring.canternet.org cloudchaser.canternet.org)
[16:08:19] *** Quits: AppleDash (appled@dusks.adorable.pet.pegasus) (daring.canternet.org cloudchaser.canternet.org)
[16:08:19] *** Quits: Eivel (Eivel@Keep.Calm.and.Pony.On) (daring.canternet.org cloudchaser.canternet.org)
[16:08:19] *** Quits: PeakVolume (k9ldt@Pony-tqvh62.fios.verizon.net) (daring.canternet.org cloudchaser.canternet.org)
[16:08:19] *** Quits: Unixkitty (uni@the.unicorn.cat) (daring.canternet.org cloudchaser.canternet.org)
[16:08:19] *** Quits: ButterBean (Dragony@Pony-458.d8k.20.198.IP) (daring.canternet.org cloudchaser.canternet.org)
[16:08:19] *** Quits: mkr (mkr@Pony-iinahj.radioyay.net) (daring.canternet.org cloudchaser.canternet.org)
[16:08:19] *** Quits: Red_M (potato@Pony-4pa04c.red-m.net) (daring.canternet.org cloudchaser.canternet.org)
[16:08:19] *** Quits: JoneZ (JoneZ@lugburz) (daring.canternet.org cloudchaser.canternet.org)
[16:08:36] *** Joins: Pony_11148 (Lorix_@Pony-ahk.n7v.237.192.IP)
[16:08:36] *** Joins: Eivel (Eivel@Keep.Calm.and.Pony.On)
[16:08:36] *** Joins: Dusk (Dusk@dusky.horse)
[16:08:36] *** Joins: stevestreza (Steve@Pony-0945eu.stevestreza.com)
[16:08:36] *** Joins: aji (alex@ajitek.net)
[16:08:36] *** Joins: BabyCloudrunner (Cydie@the.little.cloud.colt)
[16:08:36] *** Joins: tiwake (Octavia@Pony-njonl3.wa.charter.com)
[16:08:36] *** Joins: Starburn (eyeburn@secret.den.of.flaming.evil)
[16:08:36] *** Joins: Cameron_D (cameron@cam.mylittle.horse)
[16:08:36] *** Joins: Unixkitty (uni@the.unicorn.cat)
[16:08:36] *** Joins: Kiyiko (Kiyiko@Pony-c9ma3u.dsl.netins.net)
[16:08:36] *** Joins: JoneZ (JoneZ@lugburz)
[16:08:36] *** Joins: endoriazel (coprah@endoriazel)
[16:08:36] *** Joins: Pony_31067 (SilverEagle@Pony-1nc9bc.busterneece.com)
[16:08:36] *** Joins: sniperfox (sniperfox@Pony-htd84a.distributed.denialofservice.org)
[16:08:36] *** Joins: LightningCrash (lightning@property.of.moonlightning)
[16:08:36] *** Joins: Sin (Sin@is.hustlin.everyday)
[16:08:36] *** Joins: Sukasa (IDontCare@Pony-8juhcf.no.shawcable.net)
[16:08:36] *** Joins: Googie (Googol@gnaws.on.keratin.and.ears)
[16:08:36] *** Joins: Fusl (Fusl@1.0.0.127.in-addr.arpa.li)
[16:08:36] *** Joins: derpy (derp@muffins)
[16:08:36] *** Joins: Ruthalas (Ruthalas@Pony-bi2qh3.wa.comcast.net)
[16:08:36] *** Joins: AppleDash (appled@dusks.adorable.pet.pegasus)
[16:08:36] *** Joins: Colgate (rabbit@brushie.horse)
[16:08:36] *** Joins: ButterBean (Dragony@Pony-458.d8k.20.198.IP)
[16:08:36] *** Joins: PinkiePieBot (PinkiePieBo@Sugar.Cube.Corner)
[16:08:36] *** Joins: PolishTopsieOut (Topsie@Topsie.Loves.His.Princess)
[16:08:36] *** Joins: Lapsus (Lapsus@i-forget.ca)
[16:08:36] *** Joins: PeakVolume (k9ldt@Pony-tqvh62.fios.verizon.net)
[16:08:36] *** Joins: WildSoft (WildSoft@Pony-9tei06.bredband.comhem.se)
[16:08:36] *** Joins: OlaHughson (ola@Pony-k5v.64a.226.188.IP)
[16:08:36] *** Joins: Finnfinn (Finnfinn@finn.isher)
[16:08:36] *** Joins: miggyb (miggyb@horsetornado.co.uk)
[16:08:36] *** Joins: WeAreBorg (WeAreBorg@Resistance.Is.Futile)
[16:08:36] *** Joins: Starthunder (blackl@property.of.lightningcrash)
[16:08:36] *** Joins: Pony_524 (CyberJacob@Pony-8adl2m.bluesapphiremedia.co.uk)
[16:08:36] *** Joins: hawthornbunny (hawthorn@Pony-tk6.bga.28.2.IP)
[16:08:36] *** Joins: AutoLapsus (Lapsus@Totally.Is.A.Network.Service)
[16:08:36] *** cloudchaser.canternet.org sets mode: +ovqoo aji PinkiePieBot Lapsus Lapsus AutoLapsus
[16:08:36] *** Joins: Red_M (potato@Pony-4pa04c.red-m.net)
[16:08:36] *** Joins: Kinsley (JKinsley@Bow.To.Your.Princess)
[16:08:36] *** Joins: reiuiji (reiuiji@nuclear.raven)
[16:08:36] *** Joins: Quindo_dentist (Quindo@Pony-tkfa60.mssnks.sbcglobal.net)
[16:08:36] *** Joins: mkr (mkr@Pony-iinahj.radioyay.net)
[16:08:36] *** Joins: JustAberrant (JustAberran@Pony-lq4qe0.com)
[16:08:36] *** Joins: Gumball_Crash (GumballCras@Pony-svbp6u.nh.comcast.net)
[16:08:36] *** Joins: enginemaniac (flail@flail.flail.flail)
[16:08:36] *** Joins: CompuDesktop (quassel@snuggly.filly)
[16:08:36] *** Joins: MangoBloom (djazz@djazz.se)
[16:08:36] *** Joins: init3_mobile (jason@init3.Is.Not.A.Clever.Poni)
[16:08:36] *** Joins: saneki (saneki@Pony-torblo.zylongaming.com)
[16:08:36] *** Joins: Compu (compu@snuggly.filly)
[16:08:36] *** Joins: vi[NLR] (vi[NLR]@Pony-rdj90s.vie.surfer.at)
[16:08:36] *** Joins: johnsey (johnsey@netadmin.canternet.org)
[16:08:36] *** Joins: Datalink (Datalink@Datalink)
[16:08:36] *** Joins: MissingData (DataByteBro@Pony-n3en0j.hfc.comcastbusiness.net)
[16:08:36] *** Joins: Init3-away (jason@init3.Is.Not.A.Clever.Poni)
[16:08:36] *** Joins: dekeccho (dekeccho@dekeccho.Is.Not.A.Clever.Poni)
[16:08:36] *** Joins: Asoka_White (Asoka@Pony-57t4ap.net-htp.de)
[16:08:36] *** Joins: Jouva (jouva@Pony-535ork.fios.verizon.net)
[16:08:36] *** Joins: Pony_47551 (TwoTailedF@Pony-ah6lvr.in-addr.btopenworld.com)
[16:08:36] *** Joins: Nick (nobody@Pony-rgmjhl.res.rr.com)
[16:08:36] *** Joins: \m (mniip@Pony-o9q.v2g.219.178.IP)
[16:08:36] *** Joins: locodash11[server] (locodash11@Taco.eating.Anthro.Batpony)
[16:08:36] *** Joins: Finwe (vhalkola@Pony-bs4ovt.org.aalto.fi)
[16:08:36] *** Joins: MisterSkids (ejd@Pony-aaa.lna.79.74.IP)
[16:08:36] *** Joins: JockeTF (jocke@Pony-mjg.sl1.132.194.IP)
[16:08:36] *** Joins: Phase4 (Phase4@Pony-u52cmb.internode.on.net)
[16:08:36] *** Joins: Stik (drakon@Pony-ql55m5.cable.virginm.net)
[16:08:36] *** Joins: ColtonDRG (coltondrg@ColtonDRG.is.best.pony)
[16:08:36] *** Joins: cyborg_ar (cyborgar@Pony-3kh.l9f.172.190.IP)
[16:08:36] *** cloudchaser.canternet.org sets mode: +o Kinsley
[16:09:16] *** Joins: Crimson_Tail (Bluepon@Pony-mfh7oq.md.comcast.net)
[16:44:20] *** Joins: j0hnsey (johnsey@into.the.nethers)
[16:57:53] *** Quits: j0hnsey (johnsey@into.the.nethers) (Quit: leaving)
[16:59:51] *** BabyCloudrunner is now known as Cydie
[17:28:10] *** MissingData is now known as DataByte
[17:36:54] *** Joins: Alcoholicorn (Alcoholicor@Pony-bfp.0d7.20.67.IP)
[17:50:25] *** Cydie is now known as Cloud|Sleep
[17:55:57] *** Quits: JockeTF (jocke@Pony-mjg.sl1.132.194.IP) (Quit: Leaving.)
[18:02:03] *** Quindo_dentist is now known as Quindo
[18:35:09] *** Quits: Alcoholicorn (Alcoholicor@Pony-bfp.0d7.20.67.IP) (Ping timeout: 121 seconds)
[18:58:35] *** Quits: Compu (compu@snuggly.filly) (Quit: We'll be back soon for more snuggles!)
[19:00:46] *** Quits: Sellyme (quassel@Pony-gvpdcc.0880.gi54.19f0.2001.IP) (Quit: No Ping reply in 180 seconds.)
[19:01:09] *** Quits: CompuDesktop (quassel@snuggly.filly) (Ping timeout: 121 seconds)
[19:01:47] *** Joins: Sellyme (quassel@Pony-a07utk.vxnd.net)
[19:06:29] *** PolishTopsieOut is now known as PolishTopsie
[19:13:57] *** Pony_47551 is now known as WritingPony
[19:49:05] *** Init3-away is now known as init3
[19:53:37] *** Joins: WorkingData (DataByteBro@Pony-d3c.bgn.198.64.IP)
[19:56:28] *** Quits: DataByte (DataByteBro@Pony-n3en0j.hfc.comcastbusiness.net) (Ping timeout: 121 seconds)
[19:56:46] *** Joins: locodashie11 (locodash11@Pony-osmcfg.co.comcast.net)
[20:02:12] *** Quits: cyborg_ar (cyborgar@Pony-3kh.l9f.172.190.IP) (Ping timeout: 121 seconds)
[20:03:49] *** Joins: Sol (Sol@Pony-nc8b4c.res.rr.com)
[20:24:57] *** PolishTopsie is now known as TopsieOffline
[20:31:51] *** Joins: Quindo_dentist (Quindo@Pony-tkfa60.mssnks.sbcglobal.net)
[20:32:25] *** Quits: Quindo (Quindo@Pony-tkfa60.mssnks.sbcglobal.net) (Ping timeout: 121 seconds)
[20:33:15] *** Quits: Quindo_dentist (Quindo@Pony-tkfa60.mssnks.sbcglobal.net) (Quit: )
[20:33:17] *** Joins: Quindo_dentist (Quindo@Pony-tkfa60.mssnks.sbcglobal.net)
[20:33:41] *** Quindo_dentist is now known as Quindo
[20:39:18] *** TopsieOffline is now known as PolishTopsie
[20:44:34] *** Quits: Phase4 (Phase4@Pony-u52cmb.internode.on.net) (Quit: Leaving)
[20:44:50] *** Joins: Phase (Phase4@Pony-u52cmb.internode.on.net)
[20:53:28] *** Joins: MistVeil (aqua@Pony-prm9c8.static.axtel.net)
[20:56:07] *** Joins: Compu (compu@snuggly.filly)
[21:23:54] *** Joins: CompuDesktop (quassel@snuggly.filly)
[21:35:34] *** Joins: Alcoholicorn (Alcoholicor@Pony-55oq0s.pool.hargray.net)
[21:36:05] *** init3 is now known as Init3-away
[22:44:05] *** Starthunder is now known as Moonlightning
[23:24:31] *** Init3-away is now known as init3
[23:29:57] *** Pony_524 is now known as zz_Pony_524
[23:40:55] *** Quits: Crimson_Tail (Bluepon@Pony-mfh7oq.md.comcast.net) (Quit: Ping timeout: -1 second)
[23:45:18] *** Gigabit is now known as Gigaway
[23:46:40] *** Joins: Crimson_Tail (Bluepon@Pony-cdc.v68.128.73.IP)
[23:49:25] *** Creeps|AFK is now known as RedHelper
[23:55:12] <Stik> is anyone a c# dev?
[23:55:17] <Stik> i could do with newbie help
[23:56:02] <Stik> don't really understand the structure of assemblies - what determines if a class is a component that can be integrated into the toolbox in vs?
[23:56:16] <Stik> i want to use SourceGrid2, but the DLL it comes with doesn't contain any components (according to VS)
[23:56:32] <Stik> all the examples suggest that you first start by dropping an instance of it on a form
[23:56:42] <Stik> which strongly suggests it's meant to be installable into the ide
[23:59:59] *** Quits: ButterBean (Dragony@Pony-458.d8k.20.198.IP) (Ping timeout: 121 seconds)
