[00:04:48] *** Quits: Webster (Webster@Pony-pmbahp.fios.verizon.net) (Quit: Leaving)
[00:14:51] *** Quits: cyborg_ar (cyborgar@Pony-9ps.fvd.49.190.IP) (Client exited)
[00:16:11] *** Quits: Alcoholicorn (Alcoholicor@Pony-55oq0s.pool.hargray.net) (Ping timeout: 121 seconds)
[00:24:19] *** Quits: LegionRed (LegionRed@The.DragonHorse.DraconisEquus) (Quit: Rain called on account of pony.)
[00:24:56] *** Quits: MistVeil (aqua@Pony-hahd0r.static.axtel.net) (Quit: Saliendo)
[00:27:10] *** Jarva|E-mc2sleep is now known as Jarva
[00:28:44] *** Quits: Phase (Phase4@Pony-u6idgl.internode.on.net) (Ping timeout: 121 seconds)
[00:33:39] *** Jarva is now known as Misty
[00:34:25] *** Joins: cyborg_ar (cyborgar@Pony-9ps.fvd.49.190.IP)
[00:39:17] <JustAberrant> also I know it's old news, but I finally got to the 100th episode.. 
[00:39:23] <JustAberrant> cheesy as fuck, but I liked it :)
[00:54:42] *** Quits: Crimson_Tail (Bluepon@Pony-60nrno.s0tm.sdub.0151.2601.IP) (Quit: Ping timeout: -1 second)
[00:56:23] *** Quits: init3 (jason@init3.Is.Not.A.Clever.Poni) (Connection closed)
[00:56:28] *** Joins: init3 (jason@init3.Is.Not.A.Clever.Poni)
[01:06:50] *** Quits: init3 (jason@init3.Is.Not.A.Clever.Poni) (Ping timeout: 121 seconds)
[01:10:36] *** Joins: Sol (Sol@Pony-nc8b4c.res.rr.com)
[01:13:15] *** Defenseless is now known as Dusk
[01:18:05] *** Joins: Phase (Phase4@Pony-lu48ce.lnk.telstra.net)
[01:26:03] *** Quits: Sombra (Iceman@Darkhorse21) (Quit: quit)
[01:26:28] *** Joins: Rainb (rainb@Pony-cn5.akh.50.181.IP)
[01:26:55] *** Joins: Fallfeathers (Fallfeather@Pony-88rk5f.bigpond.net.au)
[01:32:48] *** Joins: Crimson_Tail (Bluepon@Pony-60nrno.s0tm.sdub.0151.2601.IP)
[01:32:54] *** Quits: cyborg_ar (cyborgar@Pony-9ps.fvd.49.190.IP) (Connection closed)
[01:42:04] *** Neptune|sleep is now known as Neptune
[01:53:50] *** Joins: cyborg_ar (cyborgar@Pony-9ps.fvd.49.190.IP)
[01:59:31] *** Joins: LegionRed (LegionRed@The.DragonHorse.DraconisEquus)
[02:00:25] *** Joins: nscoots (FreyGrimrod@Pony-2pr5us.adsl.inet-telecom.org)
[02:13:09] *** Pony_69072 is now known as WritingPony
[02:15:08] *** Quits: Rainb (rainb@Pony-cn5.akh.50.181.IP) (Ping timeout: 121 seconds)
[02:23:16] *** Quits: WritingPony (TwoTailedF@Pony-ah6lvr.in-addr.btopenworld.com) (Ping timeout: 121 seconds)
[02:54:35] *** Joins: Asoka_White (Asoka@Pony-3jq10e.net-htp.de)
[02:57:47] *** Quits: Asoka (Asoka@Pony-33c0s3.net-htp.de) (Ping timeout: 121 seconds)
[03:17:09] *** Starburn is now known as Flowheart
[03:23:14] *** Quits: sleumasPhone (uid91753@my.little.karaoke) (Quit: Connection closed for inactivity)
[03:49:12] *** Joins: Webster (Webster@Pony-io0ebs.md.comcast.net)
[04:38:41] *** GigaZzz is now known as Gigabit
[04:40:58] *** Joins: WritingPony (TwoTailedF@Pony-ah6lvr.in-addr.btopenworld.com)
[04:41:28] *** WritingPony is now known as Pony_51762
[04:47:29] *** Neptune is now known as Neptune|sleep
[04:53:21] *** Quits: cyborg_ar (cyborgar@Pony-9ps.fvd.49.190.IP) (Ping timeout: 121 seconds)
[05:02:02] *** Joins: Sombra (Iceman@Darkhorse21)
[05:03:44] *** Joins: MistVeil (aqua@Pony-prm9c8.static.axtel.net)
[05:09:06] *** Joins: cyborg_ar (cyborgar@Pony-epa.p2q.25.181.IP)
[05:09:11] *** Joins: Mono (Jarva@Pony-q4t.ku4.191.180.IP)
[05:09:39] <Mono> Who knew if you could write an ircd written from batch :D
[05:10:59] <JustAberrant> ?
[05:11:05] <Colgate> it is turing complete, so why not
[05:11:29] <JustAberrant> You can write an ircd in just about anything if it has basic text manipulation and the ability to listen on a socket
[05:11:33] <JustAberrant> doesn't mean it's a good idea ;p
[05:12:12] <JustAberrant> IRC is a pretty basic protocol, if you just stick to the basics (and avoid inter-server stuff) it's a pretty trivial problem
[05:12:20] <Mono> .bat files are malware though
[05:12:35] * Colgate headdesks
[05:12:41] <JustAberrant> oh, it's you again ;p
[05:13:02] <Colgate> wasn't there a thing about the error registrar in intel CPUs being turing complete?
[05:13:35] <JustAberrant> I feel a great many people like doing a great many silly things just because
[05:13:52] <Colgate> https://www.cl.cam.ac.uk/~sd601/papers/mov.pdf the asm command "mov" is turing complete, lol
[05:14:14] <Colgate> in x86
[05:14:30] <Colgate> probably an important distinction there :P
[05:15:10] <Mono> isn't pascal dead
[05:15:32] <Googie> https://github.com/jbangert/trapcc
[05:15:32] <PinkiePieBot> [ jbangert/trapcc · GitHub ]
[05:15:38] *** Quits: Flowheart (eyeburn@secret.den.of.flaming.evil) (A TLS packet with unexpected length was received.)
[05:15:50] *** Joins: eyeburn (eyeburn@secret.den.of.flaming.evil)
[05:16:08] <JustAberrant> Mono: in the sense that no one is really using it for anything, probably?
[05:17:29] <Googie> Batch files are pretty common on Windows for various things, but nowhere near as common as she'll scripts, and the average home user won't encounter them much
[05:17:49] <Colgate> it is "dead" but I doubt it will die within the next 25 years :P
[05:18:28] <Colgate> JustAberrant: yeah, that's what I was referring to XD
[05:22:52] <Mono> how do they used to program Lisp at the 50's?
[05:23:25] <Colgate> Mono: are you a really clever bot?
[05:24:05] <Mono> no i'm a human being
[05:24:57] <JustAberrant> oh.. my...
[05:25:00] <JustAberrant> I.. just.. idea
[05:25:20] *** eyeburn is now known as Starburn
[05:25:31] <JustAberrant> envision if you will a bot that skims through stackoverflow and picks out low rated questions of a certain length
[05:25:34] <JustAberrant> and randomly asks them
[05:26:13] <JustAberrant> and then replies with jumbled versions of their replies to comments :>
[05:26:47] <JustAberrant> maybe even using some kind of fuzzy matching to match replies it gets with ones the question got on so
[05:27:58] <Ruthalastudies> Anypony in here use Open Hardware Monitor?
[05:28:24] <Ruthalastudies> I am trying to utilize the web server functionality, but cannot access it from another machine...
[05:28:52] *** Ruthalastudies is now known as Ruthalas
[05:29:44] *** Quits: Dusk (Dusk@dusky.horse) (Quit: I'll try again tomorrow. Maybe people will leave me well enough alone once they've realized what they've done.)
[05:31:10] <Mono> Adiirc is somewhat a free alternative of mIRC
[05:31:56] *** Joins: Pony_40927 (dusk@Pony-vl0a9o.horse)
[05:32:18] *** Pony_40927 is now known as Dusk
[05:32:28] *** Dusk is now known as Pony_7855
[05:33:05] <Colgate> yeah, going with bot
[05:34:00] *** Pony_7855 is now known as Dusk
[05:34:37] *** Quits: Mono (Jarva@Pony-q4t.ku4.191.180.IP) (Quit: )
[05:40:06] *** Dusk is now known as Dusk|DoNOTDisturb
[05:48:46] *** Quits: Webster (Webster@Pony-io0ebs.md.comcast.net) (Quit: Leaving)
[05:49:47] *** Quits: Dusk|DoNOTDisturb (dusk@Pony-vl0a9o.horse) (Quit: WeeChat 1.2)
[05:51:46] *** Joins: Dusk (Dusk@Pony-vl0a9o.horse)
[06:12:52] *** Quits: Sol (Sol@Pony-nc8b4c.res.rr.com) (Quit: Leaving)
[06:13:49] *** Joins: Rainb (rainb@Pony-cn5.akh.50.181.IP)
[06:18:07] *** Quits: Rainb (rainb@Pony-cn5.akh.50.181.IP) (Ping timeout: 121 seconds)
[06:20:13] *** Quits: Phase (Phase4@Pony-lu48ce.lnk.telstra.net) (Quit: Leaving)
[06:20:45] *** Joins: Phase (Phase4@Pony-lu48ce.lnk.telstra.net)
[06:39:56] *** Joins: locodashie11 (locodash11@Pony-osmcfg.co.comcast.net)
[06:44:33] *** RedHelper[NLR] is now known as Creeps|AFK
[06:45:23] *** Joins: init3 (jason@init3.Is.Not.A.Clever.Poni)
[07:06:41] *** Quits: MisterSkids (ejd@Pony-fej07d.res.rr.com) (Ping timeout: 121 seconds)
[07:07:40] *** Quits: Phase (Phase4@Pony-lu48ce.lnk.telstra.net) (Ping timeout: 121 seconds)
[07:08:41] *** Quits: MistVeil (aqua@Pony-prm9c8.static.axtel.net) (Quit: Saliendo)
[07:48:41] *** Dusk is now known as Defenseless
[07:50:42] *** Quits: Sombra (Iceman@Darkhorse21) (Quit: quit)
[07:52:14] *** Quits: Pony_51762 (TwoTailedF@Pony-ah6lvr.in-addr.btopenworld.com) (Ping timeout: 121 seconds)
[07:57:14] *** Joins: Phase (Phase4@Pony-rqlgb5.internode.on.net)
[08:01:07] *** Joins: MistVeil (AndChat3408@Pony-prm9c8.static.axtel.net)
[08:02:48] *** zz_CyberJacob is now known as CyberJacob
[08:18:41] <Twilightlicious> unannounced Xbox One update today
[08:23:47] *** Quits: LegionRed (LegionRed@The.DragonHorse.DraconisEquus) (Quit: Rain called on account of pony.)
[08:28:44] *** Parts: MistVeil (AndChat3408@Pony-prm9c8.static.axtel.net) ("Leaving")
[08:37:12] <Twilightlicious> Doesn't seem to have done anything.
[08:47:33] *** CyberJacob is now known as zz_CyberJacob
[08:57:22] <miggyb> That's what they want you to think
[09:05:41] <Twilightlicious> I found a changelog
[09:05:45] <Twilightlicious> fixes Windows 10 streaming
[09:06:56] <miggyb> Wonder why they didn't roll it into the next update
[09:07:06] <miggyb> are people using Windows 10 for real already?
[09:08:45] <Twilightlicious> I'm in the Preview Program
[09:08:56] <Twilightlicious> for Xbox One
[09:09:02] <miggyb> oh, fair enough then
[09:17:18] *** init3 is now known as Init3-away
[09:27:37] *** Joins: Alcoholicorn (Alcoholicor@Pony-55oq0s.pool.hargray.net)
[09:33:55] *** Joins: JockeTF (jocke@Pony-mjg.sl1.132.194.IP)
[09:43:01] *** Quits: Crimson_Tail (Bluepon@Pony-60nrno.s0tm.sdub.0151.2601.IP) (Quit: Ping timeout: -1 second)
[09:52:01] *** Defenseless is now known as Dusk
[10:06:58] *** Joins: nscoots1 (FreyGrimrod@Pony-2pr5us.adsl.inet-telecom.org)
[10:06:58] *** Quits: nscoots (FreyGrimrod@Pony-2pr5us.adsl.inet-telecom.org) (Connection closed)
[10:08:41] *** Quits: Alcoholicorn (Alcoholicor@Pony-55oq0s.pool.hargray.net) (Ping timeout: 121 seconds)
[10:11:03] *** Joins: ThunderBolt (VettleBolt@Sliverpony)
[10:18:26] *** Quits: cyborg_ar (cyborgar@Pony-epa.p2q.25.181.IP) (Client exited)
[10:26:09] *** Quits: locodashie11 (locodash11@Taco.eating.Anthro.Batpony) (Ping timeout: 121 seconds)
[10:28:02] *** Quits: ThunderBolt (VettleBolt@Sliverpony) (Ping timeout: 121 seconds)
[10:41:25] *** Joins: Alcoholicorn (Alcoholicor@Pony-55oq0s.pool.hargray.net)
[10:55:47] *** Awaykitty is now known as Unixkitty
[11:28:32] *** Quits: nscoots1 (FreyGrimrod@Pony-2pr5us.adsl.inet-telecom.org) (Ping timeout: 121 seconds)
[11:43:23] *** Unixkitty is now known as Awaykitty
[12:09:49] *** Quits: Alcoholicorn (Alcoholicor@Pony-55oq0s.pool.hargray.net) (Ping timeout: 121 seconds)
[12:50:57] *** Quits: roflin (dennis@Pony-q5puo5.kassala.de) (Ping timeout: 121 seconds)
[12:52:55] *** Quits: AutoLapsus (Lapsus@Totally.Is.A.Network.Service) (daring.canternet.org cloudchaser.canternet.org)
[12:52:55] *** Quits: Q0 (Q0@literallyshit.net) (daring.canternet.org cloudchaser.canternet.org)
[12:52:55] *** Quits: johnsey (johnsey@netadmin.canternet.org) (daring.canternet.org cloudchaser.canternet.org)
[12:52:55] *** Quits: zz_CyberJacob (CyberJacob@Pony-8adl2m.bluesapphiremedia.co.uk) (daring.canternet.org cloudchaser.canternet.org)
[12:52:55] *** Quits: Finwe (vhalkola@Pony-25l.vcn.233.130.IP) (daring.canternet.org cloudchaser.canternet.org)
[12:52:55] *** Quits: Stik (drakon@Pony-ql55m5.cable.virginm.net) (daring.canternet.org cloudchaser.canternet.org)
[12:52:55] *** Quits: miggyb (miggyb@horsetornado.co.uk) (daring.canternet.org cloudchaser.canternet.org)
[12:52:55] *** Quits: aji (alex@ajitek.net) (daring.canternet.org cloudchaser.canternet.org)
[12:52:55] *** Quits: enginemaniac (flail@flail.flail.flail) (daring.canternet.org cloudchaser.canternet.org)
[12:52:55] *** Quits: mkr (mkr@Pony-urd.pn7.222.92.IP) (daring.canternet.org cloudchaser.canternet.org)
[12:52:55] *** Quits: Red_M (potato@Pony-afr.ndf.29.23.IP) (daring.canternet.org cloudchaser.canternet.org)
[12:52:55] *** Quits: saneki (saneki@Pony-tni.g4k.31.96.IP) (daring.canternet.org cloudchaser.canternet.org)
[12:52:55] *** Quits: Sin (Sin@is.hustlin.everyday) (daring.canternet.org cloudchaser.canternet.org)
[12:52:55] *** Quits: dekeccho (dekeccho@dekeccho.Is.Not.A.Clever.Poni) (daring.canternet.org cloudchaser.canternet.org)
[12:52:55] *** Quits: Jouva (jouva@Pony-535ork.fios.verizon.net) (daring.canternet.org cloudchaser.canternet.org)
[12:52:55] *** Quits: JustAberrant (JustAberran@Pony-lq4qe0.com) (daring.canternet.org cloudchaser.canternet.org)
[12:52:55] *** Quits: Gumball_Crash (GumballCras@Pony-svbp6u.nh.comcast.net) (daring.canternet.org cloudchaser.canternet.org)
[12:52:55] *** Quits: Quindo (Quindo@Pony-tkfa60.mssnks.sbcglobal.net) (daring.canternet.org cloudchaser.canternet.org)
[12:52:55] *** Quits: Pony_31067 (SilverEagle@Pony-1nc9bc.busterneece.com) (daring.canternet.org cloudchaser.canternet.org)
[12:52:55] *** Quits: Kiyiko (Kiyiko@Pony-c9ma3u.dsl.netins.net) (daring.canternet.org cloudchaser.canternet.org)
[12:52:55] *** Quits: \m (mniip@Pony-o9q.v2g.219.178.IP) (daring.canternet.org cloudchaser.canternet.org)
[12:52:55] *** Quits: Kinsley (JKinsley@Bow.To.Your.Princess) (daring.canternet.org cloudchaser.canternet.org)
[12:52:55] *** Quits: Awaykitty (uni@the.unicorn.cat) (daring.canternet.org cloudchaser.canternet.org)
[12:52:55] *** Quits: Phase (Phase4@Pony-rqlgb5.internode.on.net) (daring.canternet.org cloudchaser.canternet.org)
[12:52:55] *** Quits: ColtonDRG (coltondrg@ColtonDRG.is.best.pony) (daring.canternet.org cloudchaser.canternet.org)
[12:52:55] *** Quits: WeAreBorg (WeAreBorg@Resistance.Is.Futile) (daring.canternet.org cloudchaser.canternet.org)
[12:52:55] *** Quits: Googie (Googol@gnaws.on.keratin.and.ears) (daring.canternet.org cloudchaser.canternet.org)
[12:52:55] *** Quits: Caerdwyn (midnight@always.broken.sometimes.patched.never.fixed) (daring.canternet.org cloudchaser.canternet.org)
[12:52:55] *** Quits: Pony_11148 (Lorix_@Pony-ahk.n7v.237.192.IP) (daring.canternet.org cloudchaser.canternet.org)
[12:52:55] *** Quits: JockeTF (jocke@Pony-mjg.sl1.132.194.IP) (daring.canternet.org cloudchaser.canternet.org)
[12:52:55] *** Quits: OlaHughson (ola@Pony-k5v.64a.226.188.IP) (daring.canternet.org cloudchaser.canternet.org)
[12:52:55] *** Quits: Lapsus (Lapsus@i-forget.ca) (daring.canternet.org cloudchaser.canternet.org)
[12:52:55] *** Quits: locodash11[server] (locodash11@Taco.eating.Anthro.Batpony) (daring.canternet.org cloudchaser.canternet.org)
[12:52:55] *** Quits: Starthunder (blackl@property.of.lightningcrash) (daring.canternet.org cloudchaser.canternet.org)
[12:52:55] *** Quits: sleumas2000 (sleumie@my.little.karaoke) (daring.canternet.org cloudchaser.canternet.org)
[12:52:55] *** Quits: PinkiePieBot (PinkiePieBo@Sugar.Cube.Corner) (daring.canternet.org cloudchaser.canternet.org)
[12:52:55] *** Quits: PeakVolume (k9ldt@Pony-tqvh62.fios.verizon.net) (daring.canternet.org cloudchaser.canternet.org)
[12:52:55] *** Quits: Sukasa (IDontCare@Pony-8juhcf.no.shawcable.net) (daring.canternet.org cloudchaser.canternet.org)
[12:52:55] *** Quits: stevestreza (Steve@Pony-0945eu.stevestreza.com) (daring.canternet.org cloudchaser.canternet.org)
[12:52:55] *** Quits: MangoBloom (djazz@djazz.se) (daring.canternet.org cloudchaser.canternet.org)
[12:52:55] *** Quits: Asoka_White (Asoka@Pony-3jq10e.net-htp.de) (daring.canternet.org cloudchaser.canternet.org)
[12:52:55] *** Quits: Ruthalas (Ruthalas@Pony-bi2qh3.wa.comcast.net) (daring.canternet.org cloudchaser.canternet.org)
[12:52:55] *** Quits: sniperfox (sniperfox@Pony-htd84a.distributed.denialofservice.org) (daring.canternet.org cloudchaser.canternet.org)
[12:52:55] *** Quits: derpy (derp@muffins) (daring.canternet.org cloudchaser.canternet.org)
[12:52:55] *** Quits: LightningCrash (lightning@property.of.moonlightning) (daring.canternet.org cloudchaser.canternet.org)
[12:52:55] *** Quits: tiwake (Octavia@Pony-njonl3.wa.charter.com) (daring.canternet.org cloudchaser.canternet.org)
[12:52:55] *** Quits: Dusk (Dusk@dusky.horse) (daring.canternet.org cloudchaser.canternet.org)
[12:52:55] *** Quits: WildSoft (WildSoft@Pony-9tei06.bredband.comhem.se) (daring.canternet.org cloudchaser.canternet.org)
[12:52:55] *** Quits: Init3-away (jason@init3.Is.Not.A.Clever.Poni) (daring.canternet.org cloudchaser.canternet.org)
[12:52:55] *** Quits: Fallfeathers (Fallfeather@Pony-88rk5f.bigpond.net.au) (daring.canternet.org cloudchaser.canternet.org)
[12:52:55] *** Quits: endoriazel (coprah@endoriazel) (daring.canternet.org cloudchaser.canternet.org)
[12:52:55] *** Quits: Fusl (Fusl@1.0.0.127.in-addr.arpa.li) (daring.canternet.org cloudchaser.canternet.org)
[12:52:55] *** Quits: Datguy (Datguy@Pony-103.0b1.131.104.IP) (daring.canternet.org cloudchaser.canternet.org)
[12:52:55] *** Quits: Cameron_D (cameron@cam.mylittle.horse) (daring.canternet.org cloudchaser.canternet.org)
[12:52:55] *** Quits: Finnfinn (Finnfinn@finn.isher) (daring.canternet.org cloudchaser.canternet.org)
[12:52:55] *** Quits: Mike_Coltfield (Larscis@colt.in.the.rain) (daring.canternet.org cloudchaser.canternet.org)
[12:52:55] *** Quits: Starburn (eyeburn@secret.den.of.flaming.evil) (daring.canternet.org cloudchaser.canternet.org)
[12:52:55] *** Quits: Seoson (Seoson@pony.kab-s.de) (daring.canternet.org cloudchaser.canternet.org)
[12:52:55] *** Quits: Colgate (rabbit@brushie.horse) (daring.canternet.org cloudchaser.canternet.org)
[12:52:55] *** Quits: Misty (Cydie@the.little.cloud.colt) (daring.canternet.org cloudchaser.canternet.org)
[12:52:55] *** Quits: Nick (nobody@Pony-rgmjhl.res.rr.com) (daring.canternet.org cloudchaser.canternet.org)
[12:52:55] *** Quits: AppleDash (appled@dusks.adorable.pet.pegasus) (daring.canternet.org cloudchaser.canternet.org)
[12:52:55] *** Quits: Eivel (Eivel@Keep.Calm.and.Pony.On) (daring.canternet.org cloudchaser.canternet.org)
[12:52:55] *** Quits: ButterBean (Dragony@Pony-458.d8k.20.198.IP) (daring.canternet.org cloudchaser.canternet.org)
[12:52:55] *** Quits: JoneZ (JoneZ@lugburz) (daring.canternet.org cloudchaser.canternet.org)
[12:53:15] *** Joins: Awaykitty (uni@the.unicorn.cat)
[12:53:15] *** Joins: Pony_11148 (Lorix_@Pony-ahk.n7v.237.192.IP)
[12:53:15] *** Joins: Datguy (Datguy@Pony-103.0b1.131.104.IP)
[12:53:15] *** Joins: Lapsus (Lapsus@i-forget.ca)
[12:53:15] *** Joins: Eivel (Eivel@Keep.Calm.and.Pony.On)
[12:53:15] *** Joins: Mike_Coltfield (Larscis@colt.in.the.rain)
[12:53:15] *** Joins: stevestreza (Steve@Pony-0945eu.stevestreza.com)
[12:53:15] *** Joins: sleumas2000 (sleumie@my.little.karaoke)
[12:53:15] *** Joins: johnsey (johnsey@netadmin.canternet.org)
[12:53:15] *** Joins: Kiyiko (Kiyiko@Pony-c9ma3u.dsl.netins.net)
[12:53:15] *** Joins: tiwake (Octavia@Pony-njonl3.wa.charter.com)
[12:53:15] *** Joins: Cameron_D (cameron@cam.mylittle.horse)
[12:53:15] *** Joins: Fallfeathers (Fallfeather@Pony-88rk5f.bigpond.net.au)
[12:53:15] *** Joins: JoneZ (JoneZ@lugburz)
[12:53:15] *** Joins: endoriazel (coprah@endoriazel)
[12:53:15] *** Joins: Fusl (Fusl@1.0.0.127.in-addr.arpa.li)
[12:53:15] *** Joins: Pony_31067 (SilverEagle@Pony-1nc9bc.busterneece.com)
[12:53:15] *** Joins: Misty (Cydie@the.little.cloud.colt)
[12:53:15] *** Joins: Nick (nobody@Pony-rgmjhl.res.rr.com)
[12:53:15] *** Joins: sniperfox (sniperfox@Pony-htd84a.distributed.denialofservice.org)
[12:53:15] *** Joins: LightningCrash (lightning@property.of.moonlightning)
[12:53:15] *** Joins: Sin (Sin@is.hustlin.everyday)
[12:53:15] *** Joins: Sukasa (IDontCare@Pony-8juhcf.no.shawcable.net)
[12:53:15] *** Joins: Googie (Googol@gnaws.on.keratin.and.ears)
[12:53:15] *** Joins: Dusk (Dusk@dusky.horse)
[12:53:15] *** Joins: PeakVolume (k9ldt@Pony-tqvh62.fios.verizon.net)
[12:53:15] *** Joins: Finwe (vhalkola@Pony-25l.vcn.233.130.IP)
[12:53:15] *** Joins: Starthunder (blackl@property.of.lightningcrash)
[12:53:15] *** Joins: derpy (derp@muffins)
[12:53:15] *** Joins: enginemaniac (flail@flail.flail.flail)
[12:53:15] *** Joins: ColtonDRG (coltondrg@ColtonDRG.is.best.pony)
[12:53:15] *** Joins: Q0 (Q0@literallyshit.net)
[12:53:15] *** Joins: AppleDash (appled@dusks.adorable.pet.pegasus)
[12:53:15] *** Joins: Colgate (rabbit@brushie.horse)
[12:53:15] *** Joins: Seoson (Seoson@pony.kab-s.de)
[12:53:15] *** Joins: ButterBean (Dragony@Pony-458.d8k.20.198.IP)
[12:53:15] *** Joins: PinkiePieBot (PinkiePieBo@Sugar.Cube.Corner)
[12:53:15] *** Joins: Stik (drakon@Pony-ql55m5.cable.virginm.net)
[12:53:15] *** cloudchaser.canternet.org sets mode: +qov Lapsus Lapsus PinkiePieBot
[12:53:15] *** Joins: dekeccho (dekeccho@dekeccho.Is.Not.A.Clever.Poni)
[12:53:15] *** Joins: saneki (saneki@Pony-tni.g4k.31.96.IP)
[12:53:15] *** Joins: Phase (Phase4@Pony-rqlgb5.internode.on.net)
[12:53:15] *** Joins: JockeTF (jocke@Pony-mjg.sl1.132.194.IP)
[12:53:15] *** Joins: Ruthalas (Ruthalas@Pony-bi2qh3.wa.comcast.net)
[12:53:15] *** Joins: WildSoft (WildSoft@Pony-9tei06.bredband.comhem.se)
[12:53:15] *** Joins: Asoka_White (Asoka@Pony-3jq10e.net-htp.de)
[12:53:15] *** Joins: OlaHughson (ola@Pony-k5v.64a.226.188.IP)
[12:53:15] *** Joins: Jouva (jouva@Pony-535ork.fios.verizon.net)
[12:53:15] *** Joins: Finnfinn (Finnfinn@finn.isher)
[12:53:15] *** Joins: Red_M (potato@Pony-afr.ndf.29.23.IP)
[12:53:15] *** Joins: Quindo (Quindo@Pony-tkfa60.mssnks.sbcglobal.net)
[12:53:15] *** Joins: aji (alex@ajitek.net)
[12:53:15] *** Joins: AutoLapsus (Lapsus@Totally.Is.A.Network.Service)
[12:53:15] *** Joins: Init3-away (jason@init3.Is.Not.A.Clever.Poni)
[12:53:15] *** Joins: Kinsley (JKinsley@Bow.To.Your.Princess)
[12:53:15] *** Joins: Caerdwyn (midnight@always.broken.sometimes.patched.never.fixed)
[12:53:15] *** Joins: JustAberrant (JustAberran@Pony-lq4qe0.com)
[12:53:15] *** Joins: miggyb (miggyb@horsetornado.co.uk)
[12:53:15] *** Joins: WeAreBorg (WeAreBorg@Resistance.Is.Futile)
[12:53:15] *** Joins: Gumball_Crash (GumballCras@Pony-svbp6u.nh.comcast.net)
[12:53:15] *** Joins: Starburn (eyeburn@secret.den.of.flaming.evil)
[12:53:15] *** Joins: \m (mniip@Pony-o9q.v2g.219.178.IP)
[12:53:15] *** Joins: MangoBloom (djazz@djazz.se)
[12:53:15] *** Joins: mkr (mkr@Pony-urd.pn7.222.92.IP)
[12:53:15] *** Joins: zz_CyberJacob (CyberJacob@Pony-8adl2m.bluesapphiremedia.co.uk)
[12:53:15] *** Joins: locodash11[server] (locodash11@Taco.eating.Anthro.Batpony)
[12:53:15] *** cloudchaser.canternet.org sets mode: +ooo aji AutoLapsus Kinsley
[13:01:44] *** Quits: Sellyme (quassel@Pony-e4b4nn.0880.gi54.19f0.2001.IP) (Quit: No Ping reply in 180 seconds.)
[13:01:45] *** Quits: ShivalPonyWolf (ShivalWolf@BigMac.is.a.Coltcuddler.org) (Error in the push function.)
[13:01:45] *** Quits: Bigcheese (bigcheese@Pony-m258b3.pr32.u9r5.f0d0.2607.IP) (Error in the push function.)
[13:01:45] *** Quits: coppercore (coppercore@Pony-kr5t8h.coppercore.net) (Error in the push function.)
[13:01:45] *** Joins: roflin (dennis@Pony-aend1d.es)
[13:01:46] *** Quits: Compu (compu@snuggly.filly) (Quit: No Ping reply in 120 seconds.)
[13:01:46] *** Quits: CompuDesktop (quassel@snuggly.filly) (Quit: No Ping reply in 180 seconds.)
[13:01:48] *** Joins: Bigcheese (bigcheese@Pony-m258b3.pr32.u9r5.f0d0.2607.IP)
[13:01:48] *** Joins: Sellyme (quassel@Pony-gf39r1.0880.gi54.19f0.2001.IP)
[13:01:50] *** Quits: AutoLapsus (Lapsus@Totally.Is.A.Network.Service) (daring.canternet.org cloudchaser.canternet.org)
[13:01:50] *** Quits: Q0 (Q0@literallyshit.net) (daring.canternet.org cloudchaser.canternet.org)
[13:01:50] *** Quits: johnsey (johnsey@netadmin.canternet.org) (daring.canternet.org cloudchaser.canternet.org)
[13:01:50] *** Quits: zz_CyberJacob (CyberJacob@Pony-8adl2m.bluesapphiremedia.co.uk) (daring.canternet.org cloudchaser.canternet.org)
[13:01:50] *** Quits: Finwe (vhalkola@Pony-25l.vcn.233.130.IP) (daring.canternet.org cloudchaser.canternet.org)
[13:01:50] *** Quits: Stik (drakon@Pony-ql55m5.cable.virginm.net) (daring.canternet.org cloudchaser.canternet.org)
[13:01:50] *** Quits: miggyb (miggyb@horsetornado.co.uk) (daring.canternet.org cloudchaser.canternet.org)
[13:01:50] *** Quits: aji (alex@ajitek.net) (daring.canternet.org cloudchaser.canternet.org)
[13:01:50] *** Quits: enginemaniac (flail@flail.flail.flail) (daring.canternet.org cloudchaser.canternet.org)
[13:01:50] *** Quits: mkr (mkr@Pony-urd.pn7.222.92.IP) (daring.canternet.org cloudchaser.canternet.org)
[13:01:50] *** Quits: Red_M (potato@Pony-afr.ndf.29.23.IP) (daring.canternet.org cloudchaser.canternet.org)
[13:01:50] *** Quits: saneki (saneki@Pony-tni.g4k.31.96.IP) (daring.canternet.org cloudchaser.canternet.org)
[13:01:50] *** Quits: Sin (Sin@is.hustlin.everyday) (daring.canternet.org cloudchaser.canternet.org)
[13:01:50] *** Quits: dekeccho (dekeccho@dekeccho.Is.Not.A.Clever.Poni) (daring.canternet.org cloudchaser.canternet.org)
[13:01:50] *** Quits: Jouva (jouva@Pony-535ork.fios.verizon.net) (daring.canternet.org cloudchaser.canternet.org)
[13:01:50] *** Quits: JustAberrant (JustAberran@Pony-lq4qe0.com) (daring.canternet.org cloudchaser.canternet.org)
[13:01:50] *** Quits: Gumball_Crash (GumballCras@Pony-svbp6u.nh.comcast.net) (daring.canternet.org cloudchaser.canternet.org)
[13:01:50] *** Quits: Quindo (Quindo@Pony-tkfa60.mssnks.sbcglobal.net) (daring.canternet.org cloudchaser.canternet.org)
[13:01:50] *** Quits: Pony_31067 (SilverEagle@Pony-1nc9bc.busterneece.com) (daring.canternet.org cloudchaser.canternet.org)
[13:01:50] *** Quits: Kiyiko (Kiyiko@Pony-c9ma3u.dsl.netins.net) (daring.canternet.org cloudchaser.canternet.org)
[13:01:50] *** Quits: \m (mniip@Pony-o9q.v2g.219.178.IP) (daring.canternet.org cloudchaser.canternet.org)
[13:01:50] *** Quits: Kinsley (JKinsley@Bow.To.Your.Princess) (daring.canternet.org cloudchaser.canternet.org)
[13:01:50] *** Quits: Awaykitty (uni@the.unicorn.cat) (daring.canternet.org cloudchaser.canternet.org)
[13:01:50] *** Quits: Phase (Phase4@Pony-rqlgb5.internode.on.net) (daring.canternet.org cloudchaser.canternet.org)
[13:01:50] *** Quits: ColtonDRG (coltondrg@ColtonDRG.is.best.pony) (daring.canternet.org cloudchaser.canternet.org)
[13:01:50] *** Quits: WeAreBorg (WeAreBorg@Resistance.Is.Futile) (daring.canternet.org cloudchaser.canternet.org)
[13:01:50] *** Quits: Googie (Googol@gnaws.on.keratin.and.ears) (daring.canternet.org cloudchaser.canternet.org)
[13:01:50] *** Quits: Caerdwyn (midnight@always.broken.sometimes.patched.never.fixed) (daring.canternet.org cloudchaser.canternet.org)
[13:01:50] *** Quits: Pony_11148 (Lorix_@Pony-ahk.n7v.237.192.IP) (daring.canternet.org cloudchaser.canternet.org)
[13:01:50] *** Quits: JockeTF (jocke@Pony-mjg.sl1.132.194.IP) (daring.canternet.org cloudchaser.canternet.org)
[13:01:50] *** Quits: OlaHughson (ola@Pony-k5v.64a.226.188.IP) (daring.canternet.org cloudchaser.canternet.org)
[13:01:50] *** Quits: Lapsus (Lapsus@i-forget.ca) (daring.canternet.org cloudchaser.canternet.org)
[13:01:50] *** Quits: locodash11[server] (locodash11@Taco.eating.Anthro.Batpony) (daring.canternet.org cloudchaser.canternet.org)
[13:01:50] *** Quits: Starthunder (blackl@property.of.lightningcrash) (daring.canternet.org cloudchaser.canternet.org)
[13:01:50] *** Quits: sleumas2000 (sleumie@my.little.karaoke) (daring.canternet.org cloudchaser.canternet.org)
[13:01:50] *** Quits: PinkiePieBot (PinkiePieBo@Sugar.Cube.Corner) (daring.canternet.org cloudchaser.canternet.org)
[13:01:50] *** Quits: PeakVolume (k9ldt@Pony-tqvh62.fios.verizon.net) (daring.canternet.org cloudchaser.canternet.org)
[13:01:50] *** Quits: Sukasa (IDontCare@Pony-8juhcf.no.shawcable.net) (daring.canternet.org cloudchaser.canternet.org)
[13:01:50] *** Quits: stevestreza (Steve@Pony-0945eu.stevestreza.com) (daring.canternet.org cloudchaser.canternet.org)
[13:01:50] *** Quits: MangoBloom (djazz@djazz.se) (daring.canternet.org cloudchaser.canternet.org)
[13:01:50] *** Quits: Asoka_White (Asoka@Pony-3jq10e.net-htp.de) (daring.canternet.org cloudchaser.canternet.org)
[13:01:50] *** Quits: Ruthalas (Ruthalas@Pony-bi2qh3.wa.comcast.net) (daring.canternet.org cloudchaser.canternet.org)
[13:01:50] *** Quits: sniperfox (sniperfox@Pony-htd84a.distributed.denialofservice.org) (daring.canternet.org cloudchaser.canternet.org)
[13:01:50] *** Quits: derpy (derp@muffins) (daring.canternet.org cloudchaser.canternet.org)
[13:01:50] *** Quits: LightningCrash (lightning@property.of.moonlightning) (daring.canternet.org cloudchaser.canternet.org)
[13:01:50] *** Quits: tiwake (Octavia@Pony-njonl3.wa.charter.com) (daring.canternet.org cloudchaser.canternet.org)
[13:01:50] *** Quits: Dusk (Dusk@dusky.horse) (daring.canternet.org cloudchaser.canternet.org)
[13:01:50] *** Quits: WildSoft (WildSoft@Pony-9tei06.bredband.comhem.se) (daring.canternet.org cloudchaser.canternet.org)
[13:01:50] *** Quits: Init3-away (jason@init3.Is.Not.A.Clever.Poni) (daring.canternet.org cloudchaser.canternet.org)
[13:01:50] *** Quits: Fallfeathers (Fallfeather@Pony-88rk5f.bigpond.net.au) (daring.canternet.org cloudchaser.canternet.org)
[13:01:50] *** Quits: endoriazel (coprah@endoriazel) (daring.canternet.org cloudchaser.canternet.org)
[13:01:50] *** Quits: Fusl (Fusl@1.0.0.127.in-addr.arpa.li) (daring.canternet.org cloudchaser.canternet.org)
[13:01:50] *** Quits: Datguy (Datguy@Pony-103.0b1.131.104.IP) (daring.canternet.org cloudchaser.canternet.org)
[13:01:50] *** Quits: Cameron_D (cameron@cam.mylittle.horse) (daring.canternet.org cloudchaser.canternet.org)
[13:01:50] *** Quits: Finnfinn (Finnfinn@finn.isher) (daring.canternet.org cloudchaser.canternet.org)
[13:01:50] *** Quits: Mike_Coltfield (Larscis@colt.in.the.rain) (daring.canternet.org cloudchaser.canternet.org)
[13:01:50] *** Quits: Starburn (eyeburn@secret.den.of.flaming.evil) (daring.canternet.org cloudchaser.canternet.org)
[13:01:50] *** Quits: Seoson (Seoson@pony.kab-s.de) (daring.canternet.org cloudchaser.canternet.org)
[13:01:50] *** Quits: Colgate (rabbit@brushie.horse) (daring.canternet.org cloudchaser.canternet.org)
[13:01:50] *** Quits: Misty (Cydie@the.little.cloud.colt) (daring.canternet.org cloudchaser.canternet.org)
[13:01:50] *** Quits: Nick (nobody@Pony-rgmjhl.res.rr.com) (daring.canternet.org cloudchaser.canternet.org)
[13:01:50] *** Quits: AppleDash (appled@dusks.adorable.pet.pegasus) (daring.canternet.org cloudchaser.canternet.org)
[13:01:50] *** Quits: Eivel (Eivel@Keep.Calm.and.Pony.On) (daring.canternet.org cloudchaser.canternet.org)
[13:01:50] *** Quits: ButterBean (Dragony@Pony-458.d8k.20.198.IP) (daring.canternet.org cloudchaser.canternet.org)
[13:01:50] *** Quits: JoneZ (JoneZ@lugburz) (daring.canternet.org cloudchaser.canternet.org)
[13:01:51] *** Joins: ShivalPonyWolf (ShivalWolf@BigMac.is.a.Coltcuddler.org)
[13:02:12] *** Joins: mkr (mkr@Pony-urd.pn7.222.92.IP)
[13:02:12] *** Joins: ButterBean (Dragony@Pony-458.d8k.20.198.IP)
[13:02:12] *** Joins: Kiyiko (Kiyiko@Pony-c9ma3u.dsl.netins.net)
[13:02:12] *** Joins: saneki (saneki@Pony-tni.g4k.31.96.IP)
[13:02:12] *** Joins: Pony_31067 (SilverEagle@Pony-1nc9bc.busterneece.com)
[13:02:12] *** Joins: WildSoft (WildSoft@Pony-9tei06.bredband.comhem.se)
[13:02:12] *** Joins: miggyb (miggyb@horsetornado.co.uk)
[13:02:12] *** Joins: PinkiePieBot (PinkiePieBo@Sugar.Cube.Corner)
[13:02:12] *** Joins: Starburn (eyeburn@secret.den.of.flaming.evil)
[13:02:12] *** Joins: aji (alex@ajitek.net)
[13:02:12] *** Joins: Finnfinn (Finnfinn@finn.isher)
[13:02:12] *** Joins: WeAreBorg (WeAreBorg@Resistance.Is.Futile)
[13:02:12] *** Joins: \m (mniip@Pony-o9q.v2g.219.178.IP)
[13:02:12] *** Joins: Lapsus (Lapsus@i-forget.ca)
[13:02:12] *** Joins: Phase (Phase4@Pony-rqlgb5.internode.on.net)
[13:02:12] *** Joins: Mike_Coltfield (Larscis@colt.in.the.rain)
[13:02:12] *** Joins: Q0 (Q0@literallyshit.net)
[13:02:12] *** Joins: Red_M (potato@Pony-afr.ndf.29.23.IP)
[13:02:12] *** Joins: Sin (Sin@is.hustlin.everyday)
[13:02:12] *** Joins: Eivel (Eivel@Keep.Calm.and.Pony.On)
[13:02:12] *** Joins: tiwake (Octavia@Pony-njonl3.wa.charter.com)
[13:02:12] *** Joins: Awaykitty (uni@the.unicorn.cat)
[13:02:12] *** Joins: enginemaniac (flail@flail.flail.flail)
[13:02:12] *** Joins: ColtonDRG (coltondrg@ColtonDRG.is.best.pony)
[13:02:12] *** Joins: dekeccho (dekeccho@dekeccho.Is.Not.A.Clever.Poni)
[13:02:12] *** Joins: MangoBloom (djazz@djazz.se)
[13:02:12] *** Joins: AutoLapsus (Lapsus@Totally.Is.A.Network.Service)
[13:02:12] *** Joins: Gumball_Crash (GumballCras@Pony-svbp6u.nh.comcast.net)
[13:02:12] *** Joins: derpy (derp@muffins)
[13:02:12] *** Joins: Ruthalas (Ruthalas@Pony-bi2qh3.wa.comcast.net)
[13:02:12] *** Joins: Nick (nobody@Pony-rgmjhl.res.rr.com)
[13:02:12] *** Joins: JockeTF (jocke@Pony-mjg.sl1.132.194.IP)
[13:02:12] *** Joins: Asoka_White (Asoka@Pony-3jq10e.net-htp.de)
[13:02:12] *** Joins: Caerdwyn (midnight@always.broken.sometimes.patched.never.fixed)
[13:02:12] *** Joins: Init3-away (jason@init3.Is.Not.A.Clever.Poni)
[13:02:12] *** Joins: sleumas2000 (sleumie@my.little.karaoke)
[13:02:12] *** Joins: Fusl (Fusl@1.0.0.127.in-addr.arpa.li)
[13:02:12] *** Joins: sniperfox (sniperfox@Pony-htd84a.distributed.denialofservice.org)
[13:02:12] *** cadance.canternet.org sets mode: +voqoo PinkiePieBot aji Lapsus Lapsus AutoLapsus
[13:02:12] *** Joins: Colgate (rabbit@brushie.horse)
[13:02:12] *** Joins: Googie (Googol@gnaws.on.keratin.and.ears)
[13:02:12] *** Joins: LightningCrash (lightning@property.of.moonlightning)
[13:02:12] *** Joins: Fallfeathers (Fallfeather@Pony-88rk5f.bigpond.net.au)
[13:02:12] *** Joins: johnsey (johnsey@netadmin.canternet.org)
[13:02:12] *** Joins: Kinsley (JKinsley@Bow.To.Your.Princess)
[13:02:12] *** Joins: Starthunder (blackl@property.of.lightningcrash)
[13:02:12] *** Joins: JustAberrant (JustAberran@Pony-lq4qe0.com)
[13:02:12] *** Joins: Stik (drakon@Pony-ql55m5.cable.virginm.net)
[13:02:12] *** Joins: stevestreza (Steve@Pony-0945eu.stevestreza.com)
[13:02:12] *** Joins: Dusk (Dusk@dusky.horse)
[13:02:12] *** Joins: endoriazel (coprah@endoriazel)
[13:02:12] *** Joins: JoneZ (JoneZ@lugburz)
[13:02:12] *** Joins: Cameron_D (cameron@cam.mylittle.horse)
[13:02:12] *** Joins: zz_CyberJacob (CyberJacob@Pony-8adl2m.bluesapphiremedia.co.uk)
[13:02:12] *** Joins: AppleDash (appled@dusks.adorable.pet.pegasus)
[13:02:12] *** Joins: Misty (Cydie@the.little.cloud.colt)
[13:02:12] *** Joins: Seoson (Seoson@pony.kab-s.de)
[13:02:12] *** Joins: Finwe (vhalkola@Pony-25l.vcn.233.130.IP)
[13:02:12] *** Joins: Quindo (Quindo@Pony-tkfa60.mssnks.sbcglobal.net)
[13:02:12] *** Joins: Sukasa (IDontCare@Pony-8juhcf.no.shawcable.net)
[13:02:12] *** Joins: Datguy (Datguy@Pony-103.0b1.131.104.IP)
[13:02:12] *** Joins: OlaHughson (ola@Pony-k5v.64a.226.188.IP)
[13:02:12] *** Joins: Jouva (jouva@Pony-535ork.fios.verizon.net)
[13:02:12] *** Joins: Pony_11148 (Lorix_@Pony-ahk.n7v.237.192.IP)
[13:02:12] *** Joins: locodash11[server] (locodash11@Taco.eating.Anthro.Batpony)
[13:02:12] *** Joins: PeakVolume (k9ldt@Pony-tqvh62.fios.verizon.net)
[13:02:12] *** cadance.canternet.org sets mode: +o Kinsley
[13:02:42] *** ShivalPonyWolf is now known as Pony_28944
[13:02:42] *** Bigcheese is now known as Pony_58434
[13:02:48] *** Joins: coppercore (coppercore@Pony-kr5t8h.coppercore.net)
[13:02:52] *** Joins: Compu (compu@snuggly.filly)
[13:03:17] *** coppercore is now known as Pony_22107
[13:23:42] *** Quits: roflin (dennis@Pony-aend1d.es) (Ping timeout: 121 seconds)
[13:30:04] <Misty> Rmdir -R
[13:30:10] <Misty> Don't type ths
[13:30:21] <Misty> *this
[13:30:40] <Misty> Unless you know what you are doing
[13:31:07] *** Joins: roflin (dennis@Pony-aend1d.es)
[13:32:12] <Colgate> why's that?
[13:33:52] *** Joins: cyborg_ar (cyborgar@Pony-isf.s05.172.190.IP)
[13:34:34] <Misty> Colgate it will delete everything
[13:35:21] <Colgate> "rmdir: invalid option -- 'R'"
[13:36:13] <Phase> zsh: command not found: Rmdir
[13:36:28] <Colgate> that too :P
[13:36:43] <Colgate> I'm guessing they are on windows
[13:39:41] <Phase> -R isn't valid on windows
[13:40:33] <Misty> http://m.youtube.com/watch?v=ZE9eJHzTBOI
[13:40:34] <PinkiePieBot> [ Want to kill your PC? Go to goggle.com. - YouTube ]
[13:49:02] <Finwe> sudo rm -rf /
[13:54:04] <Googie> Finwe: Under GNU coreutils, that doesn't work these days :P
[13:54:19] <Googie> You want sudo rm -rf --no-preserve-root /
[13:55:14] *** Quits: sleumas2000 (sleumie@my.little.karaoke) (Ping timeout: 121 seconds)
[14:01:59] <Phase> that is, you probably don't want that, but if you did, there it is
[14:02:10] <Googie> Hehehehe.
[14:02:55] *** Joins: Rainb (rainb@Pony-cn5.akh.50.181.IP)
[14:05:17] <Finwe> Indeed.
[14:06:06] <Finwe> A friend managed to command "rm * .old" in her Master's thesis directory. 
[14:06:27] <Finwe> With the result ".old: not found".
[14:10:38] *** Awaykitty is now known as Unixkitty
[14:33:49] <JustAberrant> usual admonishment about backups of anything remotely important..
[14:36:22] <JustAberrant> I'm actually kinda surprised none of the warm/fuzzy distros ship with some kind of backup tool out of the box
[14:37:16] <JustAberrant> it's not like there arn't a billion good rsnapshot type tools (I like obnam myself), wouldn't be too hard to throw a pretty frontend on one of them
[14:37:22] * JustAberrant shruggles
[14:37:31] <JustAberrant> time for work :(
[14:58:12] *** Quits: Rainb (rainb@Pony-cn5.akh.50.181.IP) (Ping timeout: 121 seconds)
[15:24:47] <Seoson> Windows upgrade app on my desktop: "This PC is ready for Windows 10; [One line below that] Your PC does not meet the system requirements."
[15:25:22] <Finwe> :D
[15:29:00] <Seoson> Screenshot (German) to be saved for the history: https://cloud.kab-s.de/index.php/s/O0H5ovA6fvRRrYH
[15:29:03] <PinkiePieBot> [ ownCloud ]
[15:29:26] *** Joins: Alcoholicorn (Alcoholicor@Pony-55oq0s.pool.hargray.net)
[15:34:52] *** Joins: DataByteBrony (DataByte@Pony-vgeu1g.hfc.comcastbusiness.net)
[15:44:41] *** Quits: Init3-away (jason@init3.Is.Not.A.Clever.Poni) (Ping timeout: 121 seconds)
[15:46:53] *** Misty is now known as Jollibee
[15:52:17] *** Joins: CompuDesktop (quassel@snuggly.filly)
[16:15:11] *** Jollibee is now known as Cydie|Inactive
[16:37:07] *** Joins: Asoka (Asoka@Pony-f2vroi.net-htp.de)
[16:40:03] *** Quits: Asoka_White (Asoka@Pony-3jq10e.net-htp.de) (Ping timeout: 121 seconds)
[16:53:42] *** Quits: Monochrome (Sentoki@the.little.cloud.colt) (Ping timeout: 121 seconds)
[16:53:54] *** Joins: MisterSkids (ejd@Pony-fej07d.res.rr.com)
[16:58:51] *** Joins: Monochrome (Sentoki@the.little.cloud.colt)
[16:59:45] *** Joins: vi[NLR] (vi[NLR]@Pony-rdj90s.vie.surfer.at)
[17:15:13] *** Quits: JockeTF (jocke@Pony-mjg.sl1.132.194.IP) (Quit: Leaving.)
[17:19:26] *** Joins: sleumas2000 (sleumie@my.little.karaoke)
[17:19:27] *** Quits: Monochrome (Sentoki@the.little.cloud.colt) (Ping timeout: 121 seconds)
[17:19:55] *** Quits: Twilightlicious (Twilightlic@Pretty.Princess) (Ping timeout: 121 seconds)
[17:21:53] *** Joins: Twilightlicious (Twilightlic@Pretty.Princess)
[17:22:53] *** Joins: Monochrome (Sentoki@the.little.cloud.colt)
[17:39:38] *** Cydie|Inactive is now known as Misty|Sleep
[17:39:43] *** Seoson is now known as Seoson|Away
[17:46:14] *** Quits: Alcoholicorn (Alcoholicor@Pony-55oq0s.pool.hargray.net) (Ping timeout: 121 seconds)
[18:16:17] *** Joins: init3 (jason@init3.Is.Not.A.Clever.Poni)
[18:16:56] *** Joins: MistVeil (aqua@Pony-prm9c8.static.axtel.net)
[18:19:25] *** Joins: Alcoholicorn (Alcoholicor@Pony-55oq0s.pool.hargray.net)
[18:19:47] *** Joins: LegionRed (LegionRed@The.DragonHorse.DraconisEquus)
[18:28:19] *** Quits: init3 (jason@init3.Is.Not.A.Clever.Poni) (Ping timeout: 121 seconds)
[18:31:47] *** Joins: init3 (Jason@Pony-bn664k.dyn.centurytel.net)
[18:35:53] *** Quits: init3 (Jason@init3.Is.Not.A.Clever.Poni) (Ping timeout: 121 seconds)
[18:44:33] *** Seoson|Away is now known as Seoson
[18:51:12] *** Unixkitty is now known as Awaykitty
[18:51:49] *** Joins: init3 (jason@init3.Is.Not.A.Clever.Poni)
[18:54:31] *** Joins: Pony_51762 (TwoTailedF@Pony-ah6lvr.in-addr.btopenworld.com)
[19:05:51] *** Quits: init3 (jason@init3.Is.Not.A.Clever.Poni) (Ping timeout: 121 seconds)
[19:35:30] <AppleDash> I took this channel's advice and ordered the 4790k
[19:39:55] *** zz_CyberJacob is now known as CyberJacob
[19:40:16] *** Joins: Crimson_Tail (Bluepon@Pony-2vbhu0.s0tm.sdub.0151.2601.IP)
[20:11:52] <DataByteBrony> i feel i must create one of these marvelous desk contraptions
[20:11:54] <DataByteBrony> https://scontent-ord1-1.xx.fbcdn.net/hphotos-xaf1/v/t1.0-9/1898057_10152261488153360_1516312273_n.jpg?oh=70995793524e4613ff5e3d40c04efb28&oe=55F35DDB
[20:12:29] *** Gigabit is now known as GigaWork
[20:33:28] *** Quits: sleumas2000 (sleumie@my.little.karaoke) (Connection closed)
[20:33:50] *** Joins: sleumas2000 (sleumie@my.little.karaoke)
[21:50:08] *** Joins: init3 (jason@init3.Is.Not.A.Clever.Poni)
[21:51:00] * init3 jumps around screaming "yes yes yes yes"
[21:51:11] <init3> I think i have a bad wireless care and am so happy. 
[21:51:37] <init3> Because I thought the motherboard on my replacment laptop for my original laptop was causing system freezes. 
[21:52:01] <init3> And I have zero money but like 100 extra wireless cards. 
[21:53:14] <DataByteBrony> cheap easy fixes are the best xD
[21:57:28] <init3> I reas really scared I was about to be out my only computer with better than a P4 
[21:58:11] <init3> And I just applied to a really decent 100% remote job and not being able to start working to make money to get a new computer so I can make money to...
[21:58:25] <init3> You catch the drift. 
[21:58:32] <init3> I was about to explode. 
[21:58:58] <init3> inb4 "init3 has timed out"...
[21:59:11] <init3> God I fucking hope this isn't just tricking me. 
[21:59:11] *** Joins: Sol (Sol@Pony-nc8b4c.res.rr.com)
[21:59:24] <init3> cmd:  19:17:19 up 17 min,  0 users,  load average: 1.02, 1.11, 0.89
[21:59:55] <init3> I can only hope. Pretty sure it had been locking up in less than 5
[22:04:52] *** Quits: cyborg_ar (cyborgar@Pony-isf.s05.172.190.IP) (Ping timeout: 121 seconds)
[22:28:55] *** Quits: init3 (jason@init3.Is.Not.A.Clever.Poni) (Quit: init 0)
[22:28:58] *** Joins: init3_1 (jason@Pony-bn664k.dyn.centurytel.net)
[22:29:37] *** init3_1 is now known as init3
[22:45:49] *** Quits: init3 (jason@init3.Is.Not.A.Clever.Poni) (Quit: init 0)
[23:01:17] *** Joins: init3 (Jason@init3.Is.Not.A.Clever.Poni)
[23:01:25] *** Quits: init3 (Jason@init3.Is.Not.A.Clever.Poni) (Connection closed)
[23:05:29] *** Joins: init3 (jason@init3.Is.Not.A.Clever.Poni)
[23:05:44] *** Joins: locodashie11 (locodash11@Pony-osmcfg.co.comcast.net)
[23:06:50] *** Joins: cyborg_ar (cyborgar@Pony-epa.p2q.25.181.IP)
[23:14:16] *** Joins: Sombra (Iceman@Darkhorse21)
[23:31:57] *** Creeps|AFK is now known as RedHelper[NLR]
[23:38:25] *** Quits: Alcoholicorn (Alcoholicor@Pony-55oq0s.pool.hargray.net) (Ping timeout: 121 seconds)
[23:51:58] *** Joins: Alcoholicorn (Alcoholicor@Pony-55oq0s.pool.hargray.net)
[23:55:07] *** Joins: AquaBrandish (aqua@Pony-prm9c8.static.axtel.net)
[23:55:21] *** Quits: AquaBrandish (aqua@Pony-prm9c8.static.axtel.net) (Quit: Saliendo)
