[00:02:25] *** Joins: LegionRed (LegionRed@The.DragonHorse.DraconisEquus)
[00:02:49] *** Gigawork is now known as Gigabit
[00:10:16] *** eyeburn is now known as Starburn
[00:11:22] *** Joins: cyborg_ar (cyborgar@Pony-7va.1pq.49.190.IP)
[00:16:09] *** Joins: Fallfeathers (Fallfeather@Pony-30er8f.bigpond.net.au)
[00:33:08] *** Quits: Phase4 (Phase4@Pony-pt370v.internode.on.net) (Ping timeout: 121 seconds)
[00:33:27] *** Quits: Kiyiko (Kiyiko@Pony-c9ma3u.dsl.netins.net) (Ping timeout: 121 seconds)
[00:40:43] *** Double_Diamond is now known as Cloud_Kicker
[00:45:25] *** Quits: Sombra (Iceman@Darkhorse21) (Quit: quit)
[00:50:19] *** Cloud_Kicker is now known as LightningCrash
[00:55:15] *** Quits: Alcoholicorn (Alcoholicor@Pony-55oq0s.pool.hargray.net) (Ping timeout: 121 seconds)
[00:57:15] *** Joins: Alcoholicorn (Alcoholicor@Pony-55oq0s.pool.hargray.net)
[01:23:23] *** Joins: Sombra (Iceman@Darkhorse21)
[01:26:08] *** Quits: Sombra (Iceman@Darkhorse21) (Quit: quit)
[01:27:12] *** Joins: Phase (Phase4@Pony-lu48ce.lnk.telstra.net)
[01:40:09] *** Joins: MisterSkids (ejd@Pony-fej07d.res.rr.com)
[01:52:35] *** Joins: DJ-C0L7[CSS] (IceChat77@DJ-C0L7.EIT.LLC)
[02:20:05] *** Joins: Asoka_White (Asoka@Pony-b62up3.net-htp.de)
[02:23:16] *** Quits: Asoka (Asoka@Pony-gda87d.net-htp.de) (Ping timeout: 121 seconds)
[03:42:08] *** Joins: Buckabee (test@Pony-8tu.gis.27.89.IP)
[03:42:10] *** Quits: Buckabee (test@Pony-8tu.gis.27.89.IP) (Connection closed)
[03:42:48] *** Joins: Buckabee (test@Pony-8tu.gis.27.89.IP)
[03:44:15] <Moonlightning> Yay, Gentoo boots~
[04:12:06] <JustAberrant> random: what ever happened to mniip?
[04:15:39] <Moonlightning> JustAberrant: I dunno. He's in the Gentoo channel, though. :>
[04:30:37] *** Joins: Mike_Coltfield (Larscis@colt.in.the.rain)
[04:49:55] *** Joins: Sombra (Iceman@Darkhorse21)
[04:53:46] <JustAberrant> :)
[05:04:14] *** Quits: Buckabee (test@Pony-8tu.gis.27.89.IP) (Ping timeout: 121 seconds)
[05:21:40] *** Joins: TuxRug (TuxRug@TuxRug)
[05:28:33] *** Joins: TuxRug2 (TuxRug@TuxRug)
[05:30:52] *** Quits: TuxRug (TuxRug@TuxRug) (Ping timeout: 121 seconds)
[05:31:59] *** TuxRug2 is now known as TuxRug
[05:35:05] *** Joins: init3 (jason@init3.Is.Not.A.Clever.Poni)
[05:35:07] *** Joins: Lapsus (Lapsus@i-forget.ca)
[05:35:07] *** AutoLapsus sets mode: +qo Lapsus Lapsus
[05:35:21] <Lapsus> Windows 10!
[05:37:07] *** Quits: Crimson_Tail (Bluepon@Pony-qci7c8.s0tm.sdub.0151.2601.IP) (Quit: Ping timeout: -1 second)
[05:43:06] *** Joins: Crimson_Tail (Bluepon@Pony-drot6b.s0tm.sdub.0151.2601.IP)
[05:44:51] *** Quits: init3 (jason@init3.Is.Not.A.Clever.Poni) (Connection closed)
[05:44:51] <Seoson> Lapsus: Welcome to the group ^^
[05:45:05] *** Joins: init3 (jason@init3.Is.Not.A.Clever.Poni)
[05:46:03] *** Joins: init3_1 (jason@init3.Is.Not.A.Clever.Poni)
[05:48:25] *** Joins: omgineedarealconnection (jason@init3.Is.Not.A.Clever.Poni)
[05:48:35] *** Quits: init3 (jason@init3.Is.Not.A.Clever.Poni) (Connection closed)
[05:48:43] *** omgineedarealconnection is now known as init3
[05:50:53] *** Quits: init3_1 (jason@init3.Is.Not.A.Clever.Poni) (Ping timeout: 121 seconds)
[06:11:07] *** Joins: zeta_ (Bluepon@Pony-mfh7oq.md.comcast.net)
[06:13:20] *** Quits: Crimson_Tail (Bluepon@Pony-drot6b.s0tm.sdub.0151.2601.IP) (Ping timeout: 121 seconds)
[06:15:26] *** Quits: init3 (jason@init3.Is.Not.A.Clever.Poni) (Quit: init 0)
[06:15:38] *** Joins: init3 (jason@init3.Is.Not.A.Clever.Poni)
[06:25:19] *** Joins: Asoka (Asoka@Pony-44hkv2.net-htp.de)
[06:25:42] *** Quits: Asoka_White (Asoka@Pony-b62up3.net-htp.de) (Ping timeout: 121 seconds)
[06:29:21] *** Quits: Asoka (Asoka@Pony-44hkv2.net-htp.de) (Ping timeout: 121 seconds)
[06:29:43] *** Joins: Asoka (Asoka@Pony-i88vvn.net-htp.de)
[06:31:53] *** Quits: cyborg_ar (cyborgar@Pony-7va.1pq.49.190.IP) (Ping timeout: 121 seconds)
[06:34:10] *** Joins: Asoka_White (Asoka@Pony-71lcmr.net-htp.de)
[06:34:56] *** Quits: Asoka (Asoka@Pony-i88vvn.net-htp.de) (Ping timeout: 121 seconds)
[06:35:22] *** Quits: Sombra (Iceman@Darkhorse21) (Quit: quit)
[06:35:45] <ShivalWolf> https://pbs.twimg.com/media/CKS03FVWsAAEYAx.jpg:large
[06:41:27] *** Quits: Asoka_White (Asoka@Pony-71lcmr.net-htp.de) (Ping timeout: 121 seconds)
[06:42:42] *** Joins: Kiyiko (Kiyiko@Pony-c9ma3u.dsl.netins.net)
[06:51:17] *** Quits: init3 (jason@init3.Is.Not.A.Clever.Poni) (Connection closed)
[06:51:22] *** Joins: init3 (jason@init3.Is.Not.A.Clever.Poni)
[06:54:33] *** Joins: cyborg_ar (cyborgar@Pony-1eg.e6k.25.181.IP)
[06:58:17] <Moonlightning> ShivalWolf xD
[07:00:50] *** Joins: Asoka (Asoka@Pony-0duqs0.net-htp.de)
[07:04:54] *** Quits: init3 (jason@init3.Is.Not.A.Clever.Poni) (Quit: init 0)
[07:04:56] *** Quits: Asoka (Asoka@Pony-0duqs0.net-htp.de) (Ping timeout: 121 seconds)
[07:04:58] *** Joins: init3 (jason@init3.Is.Not.A.Clever.Poni)
[07:05:33] *** Joins: Asoka (Asoka@Pony-mcakff.net-htp.de)
[07:05:41] *** Quits: Apple_Bloom (sid52418@the.canon.pony) (Ping timeout: 121 seconds)
[07:15:37] *** Quits: zeta_ (Bluepon@Pony-mfh7oq.md.comcast.net) (Quit: Ping timeout: -1 second)
[07:17:47] *** Quits: init3 (jason@init3.Is.Not.A.Clever.Poni) (Quit: wtb good internet.)
[07:21:53] *** Joins: Apple_Bloom (sid52418@the.canon.pony)
[07:22:18] *** Quits: Apple_Bloom (sid52418@the.canon.pony) (Quit: Updating details, brb)
[07:22:24] *** Joins: Apple_Bloom (sid52418@the.canon.pony)
[07:35:15] *** Quits: Apple_Bloom (sid52418@the.canon.pony) (Ping timeout: 121 seconds)
[07:35:33] *** Quits: frackster (sid20128@Pony-lboor4.highgate.irccloud.com) (Ping timeout: 121 seconds)
[07:35:56] *** Quits: _desu_ (sid73031@Pony-2g601d.brockwell.irccloud.com) (Ping timeout: 121 seconds)
[07:46:04] *** Quits: TuxRug (TuxRug@TuxRug) (Quit: WeeChat 1.1.1)
[07:48:11] *** Joins: _desu_ (sid73031@Pony-b3kbuu.irccloud.com)
[07:55:04] *** Quits: cyborg_ar (cyborgar@Pony-1eg.e6k.25.181.IP) (Ping timeout: 121 seconds)
[08:11:24] *** Joins: frackster (sid20128@Pony-21drkf.irccloud.com)
[08:15:43] *** Quits: DJ-C0L7[CSS] (IceChat77@DJ-C0L7.EIT.LLC) (Quit: People may sleep soundly in their beds tonight, only because rough men stand ready to visit violence upon those who would do them harm)
[08:32:01] *** Joins: Apple_Bloom (sid52418@the.canon.pony)
[08:37:19] *** Quits: MisterSkids (ejd@Pony-fej07d.res.rr.com) (Ping timeout: 121 seconds)
[08:52:27] *** zz_CyberJacob is now known as CyberJacob
[09:15:41] *** Joins: JockeTF (jocke@Pony-mjg.sl1.132.194.IP)
[09:15:48] *** Quits: Phase (Phase4@Pony-lu48ce.lnk.telstra.net) (Ping timeout: 121 seconds)
[09:26:50] *** CyberJacob is now known as zz_CyberJacob
[09:31:02] *** Quits: _desu_ (sid73031@Pony-b3kbuu.irccloud.com) (Ping timeout: 121 seconds)
[09:31:36] *** Quits: frackster (sid20128@Pony-21drkf.irccloud.com) (Ping timeout: 121 seconds)
[09:34:00] *** Joins: nscoots (FreyGrimrod@Pony-pncbie.sub-70-192-35.myvzw.com)
[09:43:45] *** Joins: _desu_ (sid73031@Pony-2g601d.brockwell.irccloud.com)
[09:48:04] *** Joins: frackster (sid20128@Pony-lboor4.highgate.irccloud.com)
[09:49:24] *** Joins: Asoka_White (Asoka@Pony-je6orp.net-htp.de)
[09:51:43] *** Quits: Asoka (Asoka@Pony-mcakff.net-htp.de) (Ping timeout: 121 seconds)
[09:55:29] *** Joins: MisterSkids (ejd@Pony-fej07d.res.rr.com)
[10:01:51] *** Quits: MisterSkids (ejd@Pony-fej07d.res.rr.com) (Ping timeout: 121 seconds)
[10:16:41] *** Quits: tiwake (Octavia@Pony-njonl3.wa.charter.com) (Ping timeout: 121 seconds)
[10:28:32] *** Joins: sleumas2000 (sleumie@my.little.karaoke)
[10:34:07] *** Joins: Phase (Phase4@Pony-pt370v.internode.on.net)
[10:34:48] *** Quits: Phase (Phase4@Pony-pt370v.internode.on.net) (Quit: Leaving)
[10:35:03] *** Joins: Phase (Phase4@Pony-pt370v.internode.on.net)
[10:35:46] <Gigabit> Anyone know if you can set an alarm to go off every two hours? 
[10:37:25] <Gigabit> On android phone with default alarm
[10:37:48] <ShivalWolf> set 12 alarms?
[10:37:50] <nscoots> you could just manually set up a whole bunch of alarms?
[10:40:49] <Gigabit> Ya I rather not x3
[10:41:11] <Gigabit> Just want something simple that can go off every 2 hours lol
[10:47:11] *** Quits: sleumas2000 (sleumie@my.little.karaoke) (Ping timeout: 121 seconds)
[10:52:41] *** Joins: tiwake (Octavia@Pony-njonl3.wa.charter.com)
[10:59:14] <Stik> ther's a stopwatch thing on mine
[10:59:19] <Stik> you can set that to 2hours
[10:59:50] *** Joins: nscoots1 (FreyGrimrod@Pony-pncbie.sub-70-192-35.myvzw.com)
[11:00:11] *** Quits: nscoots (FreyGrimrod@Pony-pncbie.sub-70-192-35.myvzw.com) (Ping timeout: 121 seconds)
[11:00:21] *** Quits: nscoots1 (FreyGrimrod@Pony-pncbie.sub-70-192-35.myvzw.com) (Quit: Leaving.)
[11:11:37] *** Joins: sleumas2000 (sleumie@my.little.karaoke)
[11:17:15] <roflin> maybe you could do something with google calendar.
[11:17:45] <Gigabit> I just set 7 alarms. Went the lazy way x3
[11:18:27] <roflin> yeah, overengineering takes time from fun things :+
[11:22:00] *** Quits: locodashie11 (locodash11@Taco.eating.Anthro.Batpony) (Ping timeout: 121 seconds)
[11:34:44] *** Joins: Sombra (Iceman@Darkhorse21)
[12:06:08] *** Gigabit is now known as GigaZzz
[13:06:55] *** Joins: thatdguy (thatdguy@Pony-454.g7a.164.37.IP)
[13:10:58] *** Joins: cyborg_ar (cyborgar@Pony-1eg.e6k.25.181.IP)
[13:11:32] *** Quits: Alcoholicorn (Alcoholicor@Pony-55oq0s.pool.hargray.net) (Ping timeout: 121 seconds)
[13:12:11] *** Joins: Asoka (Asoka@Pony-6pfb20.net-htp.de)
[13:14:19] *** Quits: Sombra (Iceman@Darkhorse21) (Quit: quit)
[13:14:58] *** Quits: Asoka_White (Asoka@Pony-je6orp.net-htp.de) (Ping timeout: 121 seconds)
[13:46:30] *** Quits: thatdguy (thatdguy@Pony-454.g7a.164.37.IP) (Ping timeout: 121 seconds)
[14:28:35] *** Joins: Alcoholicorn (Alcoholicor@Pony-55oq0s.pool.hargray.net)
[14:30:53] *** Joins: Asoka_White (Asoka@Pony-k338vr.net-htp.de)
[14:32:11] *** Quits: Asoka (Asoka@Pony-6pfb20.net-htp.de) (Ping timeout: 121 seconds)
[14:32:31] *** Joins: Asoka (Asoka@Pony-funbln.net-htp.de)
[14:33:28] *** Quits: Fallfeathers (Fallfeather@Pony-30er8f.bigpond.net.au) (Connection closed)
[14:35:07] *** Quits: Asoka_White (Asoka@Pony-k338vr.net-htp.de) (Ping timeout: 121 seconds)
[14:35:54] *** Joins: Asoka_White (Asoka@Pony-rjhm1s.net-htp.de)
[14:36:24] *** Mono|Sleep is now known as Cydie
[14:36:46] *** Quits: Asoka (Asoka@Pony-funbln.net-htp.de) (Ping timeout: 121 seconds)
[14:39:23] *** Joins: Asoka (Asoka@Pony-6eho21.net-htp.de)
[14:41:47] *** Quits: Asoka_White (Asoka@Pony-rjhm1s.net-htp.de) (Ping timeout: 121 seconds)
[14:45:03] *** Joins: Asoka_White (Asoka@Pony-5duso2.net-htp.de)
[14:47:18] *** Quits: Asoka (Asoka@Pony-6eho21.net-htp.de) (Ping timeout: 121 seconds)
[14:50:43] *** Cydie is now known as Cydie|Away
[15:15:16] *** Joins: Asoka (Asoka@Pony-u9qhcr.net-htp.de)
[15:15:52] *** Joins: MistVeil (aqua@Pony-prm9c8.static.axtel.net)
[15:17:52] *** Quits: Asoka_White (Asoka@Pony-5duso2.net-htp.de) (Ping timeout: 121 seconds)
[15:18:30] *** MistVeil is now known as Mist|Trickster
[15:25:02] *** Quits: cyborg_ar (cyborgar@Pony-1eg.e6k.25.181.IP) (Client exited)
[15:53:07] *** Quits: Lapsus (Lapsus@i-forget.ca) (Connection closed)
[15:55:27] *** Joins: Lapsus (Lapsus@i-forget.ca)
[15:55:27] *** AutoLapsus sets mode: +qo Lapsus Lapsus
[16:34:08] *** Joins: MisterSkids (ejd@Pony-fej07d.res.rr.com)
[16:37:59] *** Mist|Trickster is now known as MistVeil
[17:04:18] *** Quits: quindo (Quindo@Pony-tkfa60.mssnks.sbcglobal.net) (Ping timeout: 121 seconds)
[17:04:48] *** Joins: quindo (Quindo@Pony-tkfa60.mssnks.sbcglobal.net)
[17:09:10] *** Quits: JockeTF (jocke@Pony-mjg.sl1.132.194.IP) (Quit: Leaving.)
[17:31:49] *** Joins: Crimson_Tail (Bluepon@Pony-mfh7oq.md.comcast.net)
[17:38:16] *** Quits: Crimson_Tail (Bluepon@Pony-mfh7oq.md.comcast.net) (Quit: Ping timeout: -1 second)
[17:49:04] *** Joins: Crimson_Tail (Bluepon@Pony-q34e02.s0tm.sdub.0151.2601.IP)
[17:49:35] *** GigaZzz is now known as Gigabit
[18:12:03] *** Quits: Phase (Phase4@Pony-pt370v.internode.on.net) (Ping timeout: 121 seconds)
[18:16:11] *** Joins: Phase (Phase4@Pony-002vqo.internode.on.net)
[18:16:22] *** Gigabit is now known as GigaCity
[18:19:01] *** Joins: cyborg_ar (cyborgar@Pony-1eg.e6k.25.181.IP)
[19:14:36] *** Quits: Alcoholicorn (Alcoholicor@Pony-55oq0s.pool.hargray.net) (Ping timeout: 121 seconds)
[20:05:46] *** Joins: init3 (jason@init3.Is.Not.A.Clever.Poni)
[20:20:37] *** Joins: DJ-C0L7[CSS] (IceChat77@DJ-C0L7.EIT.LLC)
[20:22:01] *** Joins: locodashie11 (locodash11@Pony-osmcfg.co.comcast.net)
[20:36:45] *** Quits: DJ-C0L7[CSS] (IceChat77@DJ-C0L7.EIT.LLC) (Connection closed)
[20:43:53] *** Joins: DJ-C0L7[CSS] (IceChat77@DJ-C0L7.EIT.LLC)
[20:50:32] <Seoson> Transit connection on my ISP is poor again. Using my server in the same country as a proxy fixes that. That doesn't make any sense (from a non technical point of view). They should sort out their peers -.-
[21:35:25] *** init3 is now known as Init3-away
[21:37:09] *** Init3-away is now known as init3
[21:49:13] *** Quits: DJ-C0L7[CSS] (IceChat77@DJ-C0L7.EIT.LLC) (Quit: People may sleep soundly in their beds tonight, only because rough men stand ready to visit violence upon those who would do them harm)
[22:07:51] *** Joins: thatdguy (thatdguy@Pony-2ur.hbl.165.37.IP)
[22:13:51] *** init3 is now known as Init3-away
[22:16:12] *** Init3-away is now known as init3
[22:22:49] *** Joins: DJ-C0L7[EIT] (IceChat77@DJ-C0L7.EIT.LLC)
[22:59:42] *** Awaykitty is now known as Unixkitty
[23:02:12] *** Quits: thatdguy (thatdguy@Pony-2ur.hbl.165.37.IP) (Quit: Bye)
[23:21:49] *** Unixkitty is now known as Awaykitty
[23:28:05] *** Quits: sleumas2000 (sleumie@my.little.karaoke) (Ping timeout: 121 seconds)
[23:34:40] *** Joins: sleumas2k (uid91753@my.little.karaoke)
[23:40:44] *** Joins: Alcoholicorn (Alcoholicor@Pony-55oq0s.pool.hargray.net)
