[00:01:32] <ShivalWolf> https://technet.microsoft.com/library/security/MS15-078 - out of cycle windows update landed. remote code execution. all windows versions, critical
[00:01:34] <PinkiePieBot> [ Microsoft Security Bulletin MS15-078 - Critical ]
[00:02:06] <Colgate> fun
[00:05:15] *** Quits: LegionRed (LegionRed@The.DragonHorse.DraconisEquus) (Quit: Worst quit message, ever.)
[00:10:54] <johnsey> https://youtu.be/xqHrTtvFFIs
[00:10:55] <PinkiePieBot> [ Flying Gun - 1716915 views - 15s long - 2289 likes - 67.58% ]
[00:15:25] *** init3 is now known as Init3-away
[00:35:04] *** Quits: dekeccho (dekeccho@dekeccho.Is.Not.A.Clever.Poni) (Ping timeout: 121 seconds)
[00:36:45] *** Joins: dekeccho (dekeccho@Pony-dbjo4v.servers.jiffybox.net)
[00:38:37] *** Joins: LegionRed (LegionRed@The.DragonHorse.DraconisEquus)
[01:01:20] *** GigaCity is now known as Gigabit
[01:03:20] *** Quits: quindo (Quindo@Pony-tkfa60.mssnks.sbcglobal.net) (Quit: )
[01:31:39] *** Joins: AquaBrandish (aqua@Pony-prm9c8.static.axtel.net)
[01:34:08] *** Quits: AquaBrandish (aqua@Pony-prm9c8.static.axtel.net) (Quit: Saliendo)
[01:41:54] *** Gigabit is now known as GigaTown
[02:08:49] *** Joins: Asoka_White (Asoka@Pony-l8d2q7.net-htp.de)
[02:12:01] *** Quits: Asoka (Asoka@Pony-u9qhcr.net-htp.de) (Ping timeout: 121 seconds)
[02:14:11] *** Joins: Webster (Webster@Pony-io0ebs.md.comcast.net)
[02:14:43] *** Joins: Sombra (Iceman@Darkhorse21)
[02:23:02] *** Quits: cyborg_ar (cyborgar@Pony-1eg.e6k.25.181.IP) (Ping timeout: 121 seconds)
[02:50:31] *** Joins: nscoots (FreyGrimrod@Pony-de282c.sub-70-192-29.myvzw.com)
[02:50:54] *** Quits: Phase (Phase4@Pony-002vqo.internode.on.net) (Ping timeout: 121 seconds)
[02:51:42] *** Quits: Mike_Coltfield (Larscis@colt.in.the.rain) (Quit: Well, that was unexpected...)
[02:58:24] *** Sombra is now known as Sombrashy
[03:09:15] *** Sombrashy is now known as Sombra
[03:12:32] *** Init3-away is now known as init3
[03:23:11] *** GigaTown is now known as Gigabit
[03:23:28] *** Quits: sleumas2k (uid91753@my.little.karaoke) (Quit: Connection closed for inactivity)
[03:29:22] *** Quits: Webster (Webster@Pony-io0ebs.md.comcast.net) (Quit: Leaving)
[03:40:59] *** Quits: Sombra (Iceman@Darkhorse21) (Quit: quit)
[03:44:56] <frackster> http://www.dailymail.co.uk/femail/article-1197064/Are-brave-mad-Office-workers-naked-boost-team-spirit.html
[03:44:56] <PinkiePieBot> [ Are they brave or mad? Office workers go naked to boost team spirit | Daily Mail Online ]
[03:53:11] *** Joins: Fallfeathers (Fallfeather@Pony-30er8f.bigpond.net.au)
[03:58:46] *** Quits: Alcoholicorn (Alcoholicor@Pony-55oq0s.pool.hargray.net) (Connection closed)
[04:00:44] *** Joins: cyborg_ar (cyborgar@Pony-tbj.gm4.25.181.IP)
[04:19:51] *** Joins: Sol (Sol@Pony-nc8b4c.res.rr.com)
[04:25:25] *** Joins: Phase (Phase4@Pony-lu48ce.lnk.telstra.net)
[04:34:47] <ShivalWolf> http://www.nytimes.com/2015/07/19/your-money/hairless-head-in-a-clueless-photo-booth.html?_r=0
[04:37:11] *** Quits: LegionRed (LegionRed@The.DragonHorse.DraconisEquus) (Quit: Worst quit message, ever.)
[04:51:47] *** LightningCrash is now known as Double_Diamond
[04:52:40] *** Joins: LightningCrash (lightning@Pony-oud412.ph.cox.net)
[04:56:06] *** Joins: Sombra (Iceman@Darkhorse21)
[04:57:29] *** Quits: cyborg_ar (cyborgar@Pony-tbj.gm4.25.181.IP) (Client exited)
[05:15:08] *** init3 is now known as Init3-away
[05:38:12] *** Init3-away is now known as init3
[05:59:02] *** Quits: MistVeil (aqua@Pony-prm9c8.static.axtel.net) (Quit: Saliendo)
[06:09:13] *** Joins: TuxRug (TuxRug@Pony-4821m0.co.comcast.net)
[06:09:18] *** Quits: Sol (Sol@Pony-nc8b4c.res.rr.com) (Quit: Leaving)
[06:39:55] *** Quits: DJ-C0L7[EIT] (IceChat77@DJ-C0L7.EIT.LLC) (Quit: People may sleep soundly in their beds tonight, only because rough men stand ready to visit violence upon those who would do them harm)
[07:03:29] *** Quits: init3 (jason@init3.Is.Not.A.Clever.Poni) (Ping timeout: 121 seconds)
[07:09:24] *** Quits: MangoBloom (djazz@djazz.se) (Quit: znc closed :/)
[07:40:10] *** Joins: Mike_Coltfield (Larscis@colt.in.the.rain)
[07:54:43] *** Quits: Sombra (Iceman@Darkhorse21) (Quit: quit)
[07:58:14] *** LightningCrash is now known as ThunderStorm
[07:58:21] *** Double_Diamond is now known as LightningCrash
[08:00:17] *** Joins: sleumas2000 (sleumie@my.little.karaoke)
[08:01:50] *** Quits: Crimson_Tail (Bluepon@Pony-q34e02.s0tm.sdub.0151.2601.IP) (Quit: Ping timeout: -1 second)
[08:09:23] *** zz_CyberJacob is now known as CyberJacob
[08:38:32] *** Joins: Alcoholicorn (Alcoholicor@Pony-55oq0s.pool.hargray.net)
[08:39:43] *** Quits: MisterSkids (ejd@Pony-fej07d.res.rr.com) (Ping timeout: 121 seconds)
[08:41:06] *** Gigabit is now known as Soarin
[09:01:52] *** Quits: TuxRug (TuxRug@TuxRug) (Quit: WeeChat 1.1.1)
[09:03:52] *** Quits: nscoots (FreyGrimrod@Pony-de282c.sub-70-192-29.myvzw.com) (Ping timeout: 121 seconds)
[09:17:37] *** Quits: CompuDesktop (quassel@snuggly.filly) (Connection closed)
[09:20:50] *** CyberJacob is now known as zz_CyberJacob
[09:21:22] *** Joins: JockeTF (jocke@Pony-mjg.sl1.132.194.IP)
[09:27:48] *** Quits: frackster (sid20128@Pony-lboor4.highgate.irccloud.com) (Ping timeout: 121 seconds)
[09:29:30] *** Joins: frackster (sid20128@Pony-lboor4.highgate.irccloud.com)
[09:42:44] *** Quits: Phase (Phase4@Pony-lu48ce.lnk.telstra.net) (Ping timeout: 121 seconds)
[09:51:55] *** Quits: _desu_ (sid73031@Pony-2g601d.brockwell.irccloud.com) (Connection closed)
[09:52:11] *** Joins: _desu_ (sid73031@Pony-2g601d.brockwell.irccloud.com)
[10:18:44] * Moonlightning revives the dress war…this time with USB 2 pins!
[10:19:05] <Moonlightning> <insert witty joke about the grounding metal sheath here>
[10:19:24] <Moonlightning> #TeamGround #TeamData-
[10:20:58] *** Quits: ThunderStorm (lightning@property.of.moonlightning) (Ping timeout: 121 seconds)
[10:26:19] *** Joins: Phase (Phase4@Pony-002vqo.internode.on.net)
[10:39:19] *** Soarin is now known as GigaZzz
[10:57:59] *** Quits: locodashie11 (locodash11@Taco.eating.Anthro.Batpony) (Ping timeout: 121 seconds)
[11:08:05] *** Quits: Alcoholicorn (Alcoholicor@Pony-55oq0s.pool.hargray.net) (Ping timeout: 121 seconds)
[11:21:57] *** Joins: MisterSkids (ejd@Pony-fej07d.res.rr.com)
[11:26:46] *** Joins: Q0 (Q0@Pony-g0u1or.vtfe.qoe9.0601.2601.IP)
[11:27:06] *** Joins: Alcoholicorn (Alcoholicor@Pony-55oq0s.pool.hargray.net)
[11:29:40] *** Quits: MisterSkids (ejd@Pony-fej07d.res.rr.com) (Ping timeout: 121 seconds)
[11:39:25] *** Quits: Asoka_White (Asoka@Pony-l8d2q7.net-htp.de) (Ping timeout: 121 seconds)
[11:50:47] *** Joins: Asoka_White (Asoka@Pony-6tg6kd.net-htp.de)
[12:22:37] *** Quits: Alcoholicorn (Alcoholicor@Pony-55oq0s.pool.hargray.net) (Ping timeout: 121 seconds)
[13:10:54] *** Joins: LegionRed (LegionRed@The.DragonHorse.DraconisEquus)
[13:43:11] <Lapsus> http://www.worldstandards.eu/electricity/plugs-and-sockets/
[13:43:14] <PinkiePieBot> [ Plug & socket types - World Standards ]
[13:43:26] <Lapsus> Can we all agree that type B is Best? :v
[13:44:55] <wolfyshy> this is the third channel in the past 4 hours that has started talking about different electrical sockets and which type is best!
[13:45:02] <wolfyshy> what's everyone's sudden fascination with it o.o
[13:45:12] <Lapsus> haha
[13:45:30] <Lapsus> I mainly did it because Shutter is getting slightly annoyed with me about it in skype
[13:45:31] *** Quits: LegionRed (LegionRed@The.DragonHorse.DraconisEquus) (Quit: Worst quit message, ever.)
[13:45:31] * Shutter installs type F in Lapsus' house and re-wires it to fetch 240V between phases.
[13:46:15] <wolfyshy> B, G, and I all have their merits
[13:46:54] *** Joins: LegionRed (LegionRed@The.DragonHorse.DraconisEquus)
[13:47:06] *** Joins: Asoka (Asoka@Pony-vi5o1b.net-htp.de)
[13:47:07] <wolfyshy> I have seen something very similar to type D in a datacentre though
[13:47:15] <wolfyshy> but I don't think it was really type D, it just looked vaguely similar
[13:49:36] *** Quits: Asoka_White (Asoka@Pony-6tg6kd.net-htp.de) (Ping timeout: 121 seconds)
[13:53:48] <Shutter> Let's just say fuck it and use 60309 sockets everywhere :P
[14:15:32] * johnsey likes his F, because 16A, grounded and you can plug it in both ways around
[14:17:01] <johnsey> f as in fuck orientation!
[15:04:38] *** Joins: Fillyfeathers (Fallfeather@Pony-30er8f.bigpond.net.au)
[15:06:51] *** Quits: klaxa (klaxa@Pony-1kuq6f.eu) (Ping timeout: 121 seconds)
[15:06:59] *** Quits: Fallfeathers (Fallfeather@Pony-30er8f.bigpond.net.au) (Ping timeout: 121 seconds)
[15:07:05] *** Joins: klaxa (klaxa@Pony-1kuq6f.eu)
[15:07:30] *** Quits: OlaHughson (ola@Pony-k5v.64a.226.188.IP) (Ping timeout: 121 seconds)
[15:07:45] *** Joins: OlaHughson (ola@Pony-k5v.64a.226.188.IP)
[15:14:44] *** Joins: CompuDesktop (quassel@snuggly.filly)
[16:13:55] *** Quits: Shutter (tips@sudoku.prevention.hotline) (cadance.canternet.org daring.canternet.org)
[16:13:55] *** Quits: wolfyshy (woof@fluttering.shyly.through.the.forest) (cadance.canternet.org daring.canternet.org)
[16:16:17] *** Joins: wolfyshy (woof@fluttering.shyly.through.the.forest)
[16:16:17] *** Joins: Shutter (tips@sudoku.prevention.hotline)
[16:25:24] *** Quits: vi[NLR] (vi[NLR]@Pony-rdj90s.vie.surfer.at) (Quit: Leaving.)
[16:41:43] *** Quits: JockeTF (jocke@Pony-mjg.sl1.132.194.IP) (Quit: Leaving.)
[17:01:05] *** Quits: Fillyfeathers (Fallfeather@Pony-30er8f.bigpond.net.au) (Connection closed)
[17:13:39] *** Joins: init3 (jason@init3.Is.Not.A.Clever.Poni)
[17:13:41] *** Joins: Crimson_Tail (Bluepon@Pony-pq0nrs.s0tm.sdub.0151.2601.IP)
[17:33:03] *** Joins: JockeTF (jocke@Pony-14s8b6.siw.siwnet.net)
[17:48:08] *** Joins: MisterSkids (ejd@Pony-fej07d.res.rr.com)
[17:48:53] *** Joins: init3_1 (jason@init3.Is.Not.A.Clever.Poni)
[17:48:55] *** Quits: init3 (jason@init3.Is.Not.A.Clever.Poni) (Connection closed)
[17:49:18] *** init3_1 is now known as init3
[18:14:19] *** sleumas2000 is now known as sleumie
[18:14:25] *** sleumie is now known as sleumas2000
[18:37:21] *** init3 is now known as Init3-away
[18:38:09] *** Joins: sleumas2k (uid91753@my.little.karaoke)
[18:39:45] *** Init3-away is now known as init3
[18:47:37] *** Joins: init3_1 (jason@init3.Is.Not.A.Clever.Poni)
[18:47:37] *** Quits: init3 (jason@init3.Is.Not.A.Clever.Poni) (Connection closed)
[18:57:31] *** Joins: DJ-C0L7[CSS] (IceChat77@DJ-C0L7.EIT.LLC)
[19:10:25] *** Joins: Alcoholicorn (Alcoholicor@Pony-55oq0s.pool.hargray.net)
[19:15:33] *** init3_1 is now known as Init3-away
[19:31:16] *** Quits: Alcoholicorn (Alcoholicor@Pony-55oq0s.pool.hargray.net) (Ping timeout: 121 seconds)
[19:36:57] *** Joins: Asoka_White (Asoka@Pony-grl3u7.net-htp.de)
[19:39:31] *** Quits: Asoka (Asoka@Pony-vi5o1b.net-htp.de) (Ping timeout: 121 seconds)
[19:57:41] *** Joins: Alcoholicorn (Alcoholicor@Pony-55oq0s.pool.hargray.net)
[20:02:22] *** Quits: sleumas2000 (sleumie@my.little.karaoke) (Ping timeout: 121 seconds)
[20:36:45] *** GigaZzz is now known as Soarin
[20:52:46] *** Joins: vi[NLR] (vi[NLR]@Pony-rdj90s.vie.surfer.at)
[21:20:26] *** Quits: DJ-C0L7[CSS] (IceChat77@DJ-C0L7.EIT.LLC) (Quit: People may sleep soundly in their beds tonight, only because rough men stand ready to visit violence upon those who would do them harm)
[21:21:25] *** Quits: Alcoholicorn (Alcoholicor@Pony-55oq0s.pool.hargray.net) (cadance.canternet.org chrysalis.canternet.org)
[21:21:25] *** Quits: zz_CyberJacob (CyberJacob@Pony-8adl2m.bluesapphiremedia.co.uk) (cadance.canternet.org chrysalis.canternet.org)
[21:21:25] *** Quits: JustAberrant (JustAberran@Pony-ffr.0tv.116.50.IP) (cadance.canternet.org chrysalis.canternet.org)
[21:21:25] *** Quits: Twilightlicious (Twilightlic@Pretty.Princess) (cadance.canternet.org chrysalis.canternet.org)
[21:21:25] *** Quits: LightningCrash (lightning@property.of.moonlightning) (cadance.canternet.org chrysalis.canternet.org)
[21:21:25] *** Quits: Soarin (Gigabit@the.girly.colt) (cadance.canternet.org chrysalis.canternet.org)
[21:21:25] *** Quits: Stik (drakon@Pony-ql55m5.cable.virginm.net) (cadance.canternet.org chrysalis.canternet.org)
[21:21:25] *** Quits: RedHelper (RedHelper@The.Pony.That.Makes.You.Smile) (cadance.canternet.org chrysalis.canternet.org)
[21:21:25] *** Quits: reiuiji (reiuiji@nuclear.raven) (cadance.canternet.org chrysalis.canternet.org)
[21:21:25] *** Quits: \m (mniip@Pony-o9q.v2g.219.178.IP) (cadance.canternet.org chrysalis.canternet.org)
[21:21:25] *** Quits: Googie (Googol@gnaws.on.keratin.and.ears) (cadance.canternet.org chrysalis.canternet.org)
[21:21:25] *** Quits: Colgate (rabbit@brushie.horse) (cadance.canternet.org chrysalis.canternet.org)
[21:21:25] *** Quits: OlaHughson (ola@Pony-k5v.64a.226.188.IP) (cadance.canternet.org chrysalis.canternet.org)
[21:21:25] *** Quits: Nick (nobody@Pony-rgmjhl.res.rr.com) (cadance.canternet.org chrysalis.canternet.org)
[21:21:25] *** Quits: PinkiePieBot (PinkiePieBo@Sugar.Cube.Corner) (cadance.canternet.org chrysalis.canternet.org)
[21:21:25] *** Quits: Eivel (Eivel@Keep.Calm.and.Pony.On) (cadance.canternet.org chrysalis.canternet.org)
[21:21:25] *** Quits: mkr (mkr@Pony-iinahj.radioyay.net) (cadance.canternet.org chrysalis.canternet.org)
[21:21:25] *** Quits: klaxa (klaxa@Pony-1kuq6f.eu) (cadance.canternet.org chrysalis.canternet.org)
[21:22:07] *** Joins: \m (mniip@Pony-o9q.v2g.219.178.IP)
[21:22:07] *** Joins: Eivel (Eivel@Keep.Calm.and.Pony.On)
[21:22:07] *** Joins: OlaHughson (ola@Pony-k5v.64a.226.188.IP)
[21:22:07] *** Joins: JustAberrant (JustAberran@Pony-ffr.0tv.116.50.IP)
[21:22:07] *** Joins: Nick (nobody@Pony-rgmjhl.res.rr.com)
[21:22:07] *** Joins: mkr (mkr@Pony-iinahj.radioyay.net)
[21:22:07] *** Joins: Alcoholicorn (Alcoholicor@Pony-55oq0s.pool.hargray.net)
[21:22:07] *** Joins: Googie (Googol@gnaws.on.keratin.and.ears)
[21:22:07] *** Joins: klaxa (klaxa@Pony-1kuq6f.eu)
[21:22:07] *** Joins: Colgate (rabbit@brushie.horse)
[21:22:07] *** Joins: Twilightlicious (Twilightlic@Pretty.Princess)
[21:22:07] *** Joins: Soarin (Gigabit@the.girly.colt)
[21:22:07] *** Joins: reiuiji (reiuiji@nuclear.raven)
[21:22:07] *** Joins: PinkiePieBot (PinkiePieBo@Sugar.Cube.Corner)
[21:22:07] *** Joins: zz_CyberJacob (CyberJacob@Pony-8adl2m.bluesapphiremedia.co.uk)
[21:22:07] *** Joins: RedHelper (RedHelper@The.Pony.That.Makes.You.Smile)
[21:22:07] *** Joins: Stik (drakon@Pony-ql55m5.cable.virginm.net)
[21:22:07] *** Joins: LightningCrash (lightning@property.of.moonlightning)
[21:22:07] *** chrysalis.canternet.org sets mode: +v PinkiePieBot
[21:22:42] *** Joins: WeAreBorg (WeAreBorg@Resistance.Is.Futile)
[21:24:55] *** Quits: WeAreBorgPony (WeAreBorg@Resistance.Is.Futile) (Ping timeout: 121 seconds)
[21:26:14] *** Quits: Alcoholicorn (Alcoholicor@Pony-55oq0s.pool.hargray.net) (Ping timeout: 121 seconds)
[21:30:54] *** Joins: Alcoholicorn (Alcoholicor@Pony-55oq0s.pool.hargray.net)
[21:31:19] *** zz_CyberJacob is now known as CyberJacob
[21:41:20] *** Joins: locodashie11 (locodash11@Pony-osmcfg.co.comcast.net)
[21:41:45] *** locodashie11 is now known as Pony_13245
[21:42:42] *** Pony_13245 is now known as locodashie11
[21:44:41] *** Quits: JockeTF (jocke@Pony-14s8b6.siw.siwnet.net) (Quit: Leaving.)
[21:53:28] *** Quits: sleumas2k (uid91753@my.little.karaoke) (Quit: Connection closed for inactivity)
[22:03:46] *** CyberJacob is now known as zz_CyberJacob
[22:10:33] *** Joins: DJ-C0L7[EIT] (IceChat77@DJ-C0L7.EIT.LLC)
[22:16:05] *** Init3-away is now known as init3_1
[22:21:22] *** zz_CyberJacob is now known as CyberJacob
[22:29:03] *** Joins: quindo (Quindo@Pony-tkfa60.mssnks.sbcglobal.net)
[22:29:40] *** Joins: sleumas2000 (sleumie@my.little.karaoke)
[22:52:13] *** Joins: cyborg_ar (cyborgar@Pony-tbj.gm4.25.181.IP)
[22:56:15] *** Quits: init3_1 (jason@init3.Is.Not.A.Clever.Poni) (Ping timeout: 121 seconds)
[23:01:30] *** Quits: sleumas2000 (sleumie@my.little.karaoke) (Ping timeout: 121 seconds)
[23:32:00] *** Quits: LegionRed (LegionRed@The.DragonHorse.DraconisEquus) (Quit: Worst quit message, ever.)
[23:42:44] *** Quits: ShivalWolf (ShivalWolf@2400:d400:9:7375:abcd::2) (A TLS packet with unexpected length was received.)
[23:50:01] *** Joins: ShivalWolf (ShivalWolf@2400:d400:9:7375:abcd::2)
[23:58:00] *** Joins: Sombra (Iceman@Darkhorse21)
