[01:50:05] *** Joins: McKey (Kordus@bronies.info)
[01:50:05] -discord.canternet.org- Replaying up to 10 lines of pre-join history spanning up to 1800 seconds
[01:50:06] *** Server sets mode: +HPnt 10:30m
[17:32:05] *** Quits: ChanServ (ChanServ@canternet.org) (discord.canternet.org cadance.canternet.org)
[17:32:05] *** Quits: wolfyshy (woof@fluttering.shyly.through.the.forest) (discord.canternet.org cadance.canternet.org)
[17:32:05] *** Quits: Colgate (rabbit@brushie.horse) (discord.canternet.org cadance.canternet.org)
[17:32:05] *** Quits: Creeps|AFK (RedHelper@The.Pony.That.Makes.You.Smile) (discord.canternet.org cadance.canternet.org)
[17:32:05] *** Quits: Shutter (tips@sudoku.prevention.hotline) (discord.canternet.org cadance.canternet.org)
[17:32:05] *** Quits: Chocolate_Chip (CRL@I.like.ponies.now_Ponies.are.cool) (discord.canternet.org cadance.canternet.org)
[17:32:05] *** Quits: PrincessRTFM (pebkac@shut.up.and.reboot) (discord.canternet.org cadance.canternet.org)
[17:32:05] *** Quits: ColtonDRG (coltondrg@ColtonDRG.is.best.pony) (discord.canternet.org cadance.canternet.org)
[17:32:05] *** Quits: miggyb (miggyb@horsetornado.co.uk) (discord.canternet.org cadance.canternet.org)
[17:32:05] *** Quits: AppleDash (appled@dusks.adorable.pet.pegasus) (discord.canternet.org cadance.canternet.org)
[17:33:38] *** Joins: ChanServ (ChanServ@canternet.org)
[17:33:38] *** Joins: Creeps|AFK (RedHelper@The.Pony.That.Makes.You.Smile)
[17:33:38] *** Joins: Colgate (rabbit@brushie.horse)
[17:33:38] *** Joins: wolfyshy (woof@fluttering.shyly.through.the.forest)
[17:33:38] *** chrysalis.canternet.org sets mode: +o ChanServ
[17:34:13] *** Joins: PrincessRTFM (pebkac@shut.up.and.reboot)
[17:34:13] *** Joins: Shutter (tips@sudoku.prevention.hotline)
[17:34:13] *** Joins: Chocolate_Chip (CRL@I.like.ponies.now_Ponies.are.cool)
[17:34:13] *** Joins: AppleDash (appled@dusks.adorable.pet.pegasus)
[17:34:13] *** Joins: miggyb (miggyb@horsetornado.co.uk)
[17:34:13] *** Joins: ColtonDRG (coltondrg@ColtonDRG.is.best.pony)
[17:34:13] *** cadance.canternet.org sets mode: +qoqo Shutter Shutter AppleDash AppleDash
[17:36:15] *** Quits: Shutter (tips@sudoku.prevention.hotline) (discord.canternet.org cadance.canternet.org)
[17:36:15] *** Quits: Chocolate_Chip (CRL@I.like.ponies.now_Ponies.are.cool) (discord.canternet.org cadance.canternet.org)
[17:36:15] *** Quits: PrincessRTFM (pebkac@shut.up.and.reboot) (discord.canternet.org cadance.canternet.org)
[17:36:15] *** Quits: ColtonDRG (coltondrg@ColtonDRG.is.best.pony) (discord.canternet.org cadance.canternet.org)
[17:36:15] *** Quits: miggyb (miggyb@horsetornado.co.uk) (discord.canternet.org cadance.canternet.org)
[17:36:15] *** Quits: AppleDash (appled@dusks.adorable.pet.pegasus) (discord.canternet.org cadance.canternet.org)
[17:37:19] *** Joins: PrincessRTFM (pebkac@shut.up.and.reboot)
[17:37:19] *** Joins: Shutter (tips@sudoku.prevention.hotline)
[17:37:19] *** Joins: Chocolate_Chip (CRL@I.like.ponies.now_Ponies.are.cool)
[17:37:19] *** Joins: AppleDash (appled@dusks.adorable.pet.pegasus)
[17:37:19] *** Joins: miggyb (miggyb@horsetornado.co.uk)
[17:37:19] *** Joins: ColtonDRG (coltondrg@ColtonDRG.is.best.pony)
[17:37:19] *** cadance.canternet.org sets mode: +qoqo Shutter Shutter AppleDash AppleDash
[19:36:53] *** Joins: Pony_80871 (Spaghetti@Pony-632c6f.nb.bellaliant.net)
[19:42:37] *** Pony_80871 is now known as Dustrunner
[20:39:03] *** Parts: Dustrunner (Spaghetti@Tips.Fedora) ("Leaving")
