[22:50:09] <VanDreadPIWO> soxis 
[22:50:10] <VanDreadPIWO> kurwa
[22:50:14] <VanDreadPIWO> bo mi to spać nie daje
[22:50:20] <Soxis> nawijaj xD
[22:50:22] <VanDreadPIWO> ale tak serio od wczoraj szukam 
[22:50:36] <VanDreadPIWO> kurwa ta kretyńska piosenka z łodzią 
[22:50:39] <VanDreadPIWO> cośtam boat XD
[22:50:43] <VanDreadPIWO> co to kurwa było
[22:50:52] <Soxis> https://www.youtube.com/watch?v=YtuAOT_c2EA
[22:50:53] <Soxis> xD
[22:51:02] <VanDreadPIWO> kurwa no
[22:51:08] <VanDreadPIWO> a ja szukałem live boat XD
[22:51:11] <Soxis> XDDDDDDD
[22:51:25] <VanDreadPIWO> no dobra to teraz znajdź mi ten remix tego
[22:51:48] <Soxis> https://www.youtube.com/watch?v=qn9Tmgym1WI
[22:51:49] <Soxis> to?
[22:51:49] <Soxis> xD
[22:52:17] <VanDreadPIWO> no wiedziałem do której osoby przyjebać o ten dziwny filmik XD
[22:52:27] <VanDreadPIWO> bo nie powiem że jest pojebany XD
[22:53:06] <Soxis> no widzisdz
[22:53:15] <Soxis> cała przyjemność po mojej stronie XDDD
[22:53:16] <VanDreadPIWO> btw XD
[22:53:19] <VanDreadPIWO> masz coś nowego XD
[22:53:29] <Soxis> nie no czasu ostatnio nie miałem XDDD
[22:54:46] <VanDreadPIWO> no teraz to mnie zawiodłeś 
[22:55:00] <Soxis> serio xD
[22:55:02] <VanDreadPIWO> dobre że mi linki teraz dałes bo kurwa no ja nie wiem coby było 
[22:55:08] <Soxis> XDDDDDDD
[22:55:09] <VanDreadPIWO> no musiał bym ci Bana dać czy coś
[22:55:13] <Soxis> o nie
[22:55:14] <VanDreadPIWO> no bo wiesz 
[22:55:16] <Soxis> i co ja bym zrobił XDD
[22:55:27] <VanDreadPIWO> ty dawno powinieneś mieć bana XD 
[22:55:31] <VanDreadPIWO> ale przekupny jestem
[22:55:38] <VanDreadPIWO> dlatego za linki nie dawałem 
[22:56:01] <Soxis> XDD
[22:56:02] <VanDreadPIWO> poza tym jakbym ci dał to kto by mi teraz pomógł XD
[22:56:09] <Soxis> no właśnie ej XD
[23:37:18] <VanDreadPIWO> zrywam się 
[23:37:20] <VanDreadPIWO> dobrej nocy
