[00:03:07] *** Quits: ElectricPsoras (Thunderbird@Pony-qj9vrh.adsl.tpnet.pl) (Quit: Bye horsies!)
[14:45:10] *** Joins: CrystalBelle (WebChat@Pony-1l4ngo.v4.arkomnet.eu)
[14:45:18] *** Quits: CrystalBelle (WebChat@Pony-1l4ngo.v4.arkomnet.eu) (Quit: Page closed)
[16:54:16] *** Joins: ElectricPsoras (Thunderbird@Pony-2lks9g.adsl.tpnet.pl)
[17:47:41] <Proenix> Ave
[17:50:14] <McKey> Avie Pony_78704 
[17:50:16] <McKey> eee
[17:50:17] <McKey> nie
[17:50:21] <McKey> ave Proenix 
[17:50:30] <Proenix> :P
[18:04:08] <misiek200m> ave xD
[18:06:04] <McKey> gdzoe live?
[18:09:05] <misiek200m> Ja nie wiem :v
[18:09:13] <misiek200m> Gdzie Kuracyja? xD
[18:11:39] *** Joins: Kuracyja (WebChat@Pony-a13.n5r.11.78.IP)
[18:11:55] <Kuracyja> jestem
[18:12:32] <misiek200m> xD
[18:12:51] <misiek200m> Jak ja mam się kontaktować/jak to zrealizujemy? :p
[18:17:22] <Kuracyja> misiek200m - priv
[18:17:24] <McKey> mnie nie ma
[18:17:34] <McKey> jestem pod wpływem
[18:26:43] *** Joins: dominik2k (WebChat@Pony-tfteru.adsl.tpnet.pl)
[18:57:35] <dominik2k> Halo? Czemu na obu czatach jest tak cicho?
[18:58:06] <Kuracyja> nwm
[19:00:58] <dominik2k> Nightmare Night,proszę
[19:01:49] <Kuracyja> kk
[19:03:25] <Kuracyja> 9 slotów
[19:03:27] <dominik2k> Kuracyja, dlaczego strona www.kopyttv.pl nie działa?
[19:03:44] <Kuracyja> tymczasowo jest pod live.kopyttv..pl
[19:03:50] <dominik2k> ok
[19:03:56] <Kuracyja> kopyttv.pl jest w przebudowie
[19:04:18] <Kuracyja> wait, 8 slotów
[19:09:50] <dominik2k> Chyba po tej piosence trzeba zakończyć live'a, bo nie warto go dalej ciągnąć.
[19:11:02] <Kuracyja> jak nikt nie zgłosi to kończę.
[19:11:45] <dominik2k> Nagle czat na YouTubie ożył
[19:13:53] <dominik2k> Cześć
[19:14:02] *** Quits: dominik2k (WebChat@Pony-tfteru.adsl.tpnet.pl) (Quit: )
[19:14:48] *** Joins: dominik2k (WebChat@Pony-tfteru.adsl.tpnet.pl)
[19:16:30] *** Quits: Kuracyja (WebChat@Pony-a13.n5r.11.78.IP) (Quit: Page closed)
[19:17:04] *** Quits: dominik2k (WebChat@Pony-tfteru.adsl.tpnet.pl) (Quit: )
[21:00:01] *** Joins: Decaded (~WebChat@Pony-qj0.ghr.155.95.IP)
[21:01:09] *** Quits: Decaded (~WebChat@Pony-qj0.ghr.155.95.IP) (Quit: Page closed)
[21:07:31] *** Quits: Pony_78704 (KocproZ@Pony-6on.gjk.254.51.IP) (Quit: WeeChat 1.3)
[21:20:05] *** Quits: Proenix (Proenix@proenix.pl) (Ping timeout: 121 seconds)
[21:27:39] *** Joins: Proenix (Proenix@Pony-krsqnf.8gvg.b61e.d880.2a00.IP)
