[00:36:22] *** Quits: ElectricPsoras (Thunderbird@Pony-b8hukn.adsl.tpnet.pl) (Connection closed)
[18:01:31] *** Joins: KocproZ (KocproZ@Pony-htd2dc.pl)
[20:18:13] *** Joins: ElectricPsoras (Thunderbird@Pony-d7lgua.adsl.tpnet.pl)
[20:19:45] *** Quits: Best_Pony (Best_Pony@is.best.pony) (derpy.canternet.org discord.canternet.org)
[20:19:45] *** Quits: McKey (Kordus@bronies.info) (derpy.canternet.org discord.canternet.org)
[20:19:45] *** Quits: misiek200m (miskof@mysterious.chocolate.muffin) (derpy.canternet.org discord.canternet.org)
[20:19:45] *** Quits: KocproZ (KocproZ@Pony-htd2dc.pl) (derpy.canternet.org discord.canternet.org)
[20:19:45] *** Quits: ElectricPsoras (Thunderbird@Pony-d7lgua.adsl.tpnet.pl) (derpy.canternet.org discord.canternet.org)
[20:19:45] *** Quits: Proenix (Proenix@proenix.pl) (derpy.canternet.org discord.canternet.org)
[20:30:33] *** Joins: Proenix (Proenix@Pony-krsqnf.8gvg.b61e.d880.2a00.IP)
[21:02:28] *** Joins: misiek200m (miskof@mysterious.chocolate.muffin)
[21:02:28] *** Joins: McKey (Kordus@bronies.info)
[21:02:28] *** Joins: Pony_78704 (KocproZ@Pony-6on.gjk.254.51.IP)
[21:02:28] *** Joins: ElectricPsoras (Thunderbird@Pony-d7lgua.adsl.tpnet.pl)
[21:02:28] *** Joins: Best_Pony (Best_Pony@is.best.pony)
[21:02:28] *** cadance.canternet.org sets mode: +ovo McKey McKey Best_Pony
[21:04:35] *** Quits: Best_Pony (Best_Pony@is.best.pony) (derpy.canternet.org cadance.canternet.org)
[21:04:35] *** Quits: misiek200m (miskof@mysterious.chocolate.muffin) (derpy.canternet.org cadance.canternet.org)
[21:04:35] *** Quits: McKey (Kordus@bronies.info) (derpy.canternet.org cadance.canternet.org)
[21:04:35] *** Quits: ElectricPsoras (Thunderbird@Pony-d7lgua.adsl.tpnet.pl) (derpy.canternet.org cadance.canternet.org)
[21:04:35] *** Quits: Pony_78704 (KocproZ@Pony-6on.gjk.254.51.IP) (derpy.canternet.org cadance.canternet.org)
[21:19:38] *** Joins: misiek200m (miskof@mysterious.chocolate.muffin)
[21:19:38] *** Joins: McKey (Kordus@bronies.info)
[21:19:38] *** Joins: Pony_78704 (KocproZ@Pony-6on.gjk.254.51.IP)
[21:19:38] *** Joins: ElectricPsoras (Thunderbird@Pony-d7lgua.adsl.tpnet.pl)
[21:19:38] *** Joins: Best_Pony (Best_Pony@is.best.pony)
[21:19:38] *** cadance.canternet.org sets mode: +ovo McKey McKey Best_Pony
[21:21:35] *** Quits: Best_Pony (Best_Pony@is.best.pony) (cloudchaser.canternet.org services.canternet.org)
[21:21:47] *** Joins: Best_Pony (Best_Pony@is.best.pony)
[21:21:47] *** services.canternet.org sets mode: +o Best_Pony
