[00:45:03] <Not-7a7a> Tune in to la hora bizarra de talamir! in 15 minutes on @mlp_la! - http://pvlive.me/bronies_radio_la
[00:52:09] *** Joins: PVL-MX_9589 (vcbolmodqvr@Pony-qrc.sef.120.94.IP)
[00:52:36] *** Quits: PVL-MX_9589 (vcbolmodqvr@Pony-qrc.sef.120.94.IP) (Connection closed)
[01:45:01] <Not-7a7a> Tune in to The God Damned Worst Pony Show in 15 minutes on @celestiaradio! - http://pvlive.me/celestia_radio
[02:45:00] <Not-7a7a> Tune in to Tavern Tales in 15 minutes on @TheLunaRadio! - http://pvlive.me/luna_radio
[02:46:01] <Not-7a7a> Tune in to #glichingthroughthewalls with @theshoujobrony in 15 minutes on @PonyvilleFM! - http://pvlive.me/ponyvillefm
[03:05:38] *** Sour_Sweet is now known as Seoson|BNC
[03:15:01] <Not-7a7a> Tune in to Winchester Wednesday in 15 minutes on @thebronyshow! - http://pvlive.me/the_brony_show
[03:45:01] <Not-7a7a> Tune in to #DropZone: Speedway w/ @AerialPVFM in 15 minutes on @PonyvilleFM! - http://pvlive.me/ponyvillefm
[03:46:00] <Not-7a7a> Tune in to NightOfShadows in 15 minutes on @ManeFrameRadio! - http://pvlive.me/maneframeradio
[04:25:36] *** ama|work is now known as ama
[04:45:02] <Not-7a7a> Tune in to #MidlisMadness with @djmidli (Live Mix) in 15 minutes on @PonyvilleFM! - http://pvlive.me/ponyvillefm
[05:07:41] *** Joins: Midli (DJMidli@Crazy.Dancing.Canadian.DJ.Pony)
[06:02:02] <Not-7a7a> The MBS Show: Malaysian Bronies: "The MBS Show Review: MLP EQG Holiday Special & MLP Holiday Special" - http://ponyvillelive.com/show/episode/id/17/episode/47380/origin/twitter
[06:45:02] <Not-7a7a> Tune in to Lectura Rainbow in 15 minutes on @mlp_la! - http://pvlive.me/bronies_radio_la
[07:45:01] <Not-7a7a> Tune in to Retrozone in 15 minutes on @mlp_la! - http://pvlive.me/bronies_radio_la
[08:46:16] *** ama is now known as ama|sleep
[09:43:13] *** Quits: Lunia (ellen@ChumPony.Enterprises) (Connection closed)
[09:45:03] <Not-7a7a> Tune in to Vintage Zone in 15 minutes on @mlp_la! - http://pvlive.me/bronies_radio_la
[13:16:46] *** Seoson|BNC is now known as Sour_Sweet
[13:21:44] *** Joins: Lunia (ellen@ChumPony.Enterprises)
[15:00:59] *** Quits: Midli (DJMidli@Crazy.Dancing.Canadian.DJ.Pony) (Connection closed)
[15:01:03] *** Joins: Midli (DJMidli@Crazy.Dancing.Canadian.DJ.Pony)
[15:45:02] <Not-7a7a> Tune in to Belleinator in 15 minutes on @ARBronyRadio! - http://pvlive.me/arbrony_radio
[17:16:51] <StarStream> happy hearth warming <3
[17:22:19] *** Sour_Sweet is now known as Sour_Sweet|Mobile
[17:24:29] <ArchPegasusMichael> Happy Earth Warming XD
[17:31:24] <StarStream> lol
[17:42:41] <TheFlutterGuy> happy hearth warmings eve all around
[17:50:38] <ArchPegasusMichael> https://www.youtube.com/watch?v=ZeyHl1tQeaQ
[18:09:49] *** Joins: Electron (Miranda@Pony-186l6b.is74.ru)
[19:22:15] * TheFlutterGuy boops Electron on the nose
[19:22:19] <TheFlutterGuy> happy christmas
[19:40:32] *** Quits: Midli (DJMidli@Crazy.Dancing.Canadian.DJ.Pony) (Quit: )
[19:41:23] <Electron> Oi!
[19:41:38] <Electron> Happy holiday, booper TheFlutterGuy.
[19:43:55] *** Quits: Electron (Miranda@Pony-186l6b.is74.ru) (Connection closed)
[19:44:07] *** Joins: Electron (Miranda@Pony-186l6b.is74.ru)
[19:45:02] <Not-7a7a> Tune in to ARBrony Radio Christmas Special in 15 minutes on @ARBronyRadio! - http://pvlive.me/arbrony_radio
[20:00:26] *** Quits: Electron (Miranda@Pony-186l6b.is74.ru) (Connection closed)
[20:36:05] *** Oatzmeal is now known as Oatz[OUTz]
[20:45:02] <Not-7a7a> Tune in to #ThrowbackThursday w/ @AerialPVFM in 15 minutes on @PonyvilleFM! - http://pvlive.me/ponyvillefm
[20:46:01] <Not-7a7a> Tune in to Pony Club / Weekly Mix par @Mijkami in 15 minutes on @RadioBrony! - http://pvlive.me/radio_brony
[21:15:02] <Not-7a7a> Tune in to #LightningRound with @L1ghtningRunner in 15 minutes on @PonyvilleFM! - http://pvlive.me/ponyvillefm
[21:15:56] *** Joins: Electron (Miranda@Pony-186l6b.is74.ru)
[21:48:02] <Not-7a7a> Audio Stories From Spike: "Spike Podcast - О Том Как Поняша Колгейт Наступила Мне На Хвост" - http://ponyvillelive.com/show/episode/id/31/episode/47381/origin/twitter
[22:05:04] *** Sour_Sweet|Mobile is now known as Sour_Sweet
[22:45:50] *** Electron is now known as Electron^Dreamland
