[00:11:45] *** Joins: PaperDerp (PaperDerp@derping.derpinator.derp)
[00:13:02] <Not-1462> Radio MyBrony: "Кексики: Реабилитация" - http://ponyvillelive.com/show/episode/id/31/episode/46511/origin/twitter
[00:45:02] <Not-1462> Tune in to la hora bizarra de talamir! in 15 minutes on @mlp_la! - http://pvlive.me/bronies_radio_la
[01:45:02] <Not-1462> Tune in to #ROAR w/ @Lyonizemusic (Live Mix) in 15 minutes on @PonyvilleFM! - http://pvlive.me/ponyvillefm
[02:01:02] <Not-1462> Bronyville: "Bronyville #192 with Katrina Hadley" - http://ponyvillelive.com/show/episode/id/7/episode/46515/origin/twitter
[02:45:02] <Not-1462> Tune in to #Pony411 w/ @Pony411 in 15 minutes on @PonyvilleFM! - http://pvlive.me/ponyvillefm
[02:46:00] <Not-1462> Tune in to Symphony of the shy in 15 minutes on @mlp_la! - http://pvlive.me/bronies_radio_la
[03:06:02] <Not-1462> Bronyville: "Bronyville Episode 192 – Friendship Is Shredded Letters For Lunch" - http://ponyvillelive.com/show/episode/id/7/episode/46516/origin/twitter
[03:17:16] *** Quits: frackster (sid20128@Pony-98m470.irccloud.com) (Connection closed)
[03:22:35] *** Joins: frackster (sid20128@Pony-rk5kfp.tooting.irccloud.com)
[03:45:02] <Not-1462> Tune in to #DropZone: Vortex w/ @AerialPVFM in 15 minutes on @PonyvilleFM! - http://pvlive.me/ponyvillefm
[04:08:53] *** ama|work is now known as ama
[04:45:02] <Not-1462> Tune in to DJ Kamiaze in 15 minutes on @mlp_la! - http://pvlive.me/bronies_radio_la
[06:25:00] *** ama is now known as ama|sleep
[06:39:33] *** Oatzmeal is now known as Oatz[Sleep]
[06:45:02] <Not-1462> Tune in to After hours in 15 minutes on @mlp_la! - http://pvlive.me/bronies_radio_la
[07:25:35] *** Joins: WeAreBorgPony (WeAreBorg@Resistance.Is.Futile)
[07:25:35] *** Luna sets mode: +ao WeAreBorgPony WeAreBorgPony
[07:28:15] *** Quits: WeAreBorg (WeAreBorg@Resistance.Is.Futile) (Ping timeout: 121 seconds)
[07:45:02] <Not-1462> Tune in to Retrozone in 15 minutes on @mlp_la! - http://pvlive.me/bronies_radio_la
[09:08:05] *** Joins: Thorinair (Mibbit@Pony-b3vtod.dsl.iskon.hr)
[09:14:07] *** Joins: JockeTF (jocke@Pony-mjg.sl1.132.194.IP)
[09:21:31] <Electron> I'm reading a fic where main character's name is Lumina
[09:21:39] <Electron> and she is a unicorn too
[09:21:49] <Electron> coincidence?
[09:22:04] <Electron> I think not
[09:43:47] *** Quits: Thorinair (Mibbit@Pony-b3vtod.dsl.iskon.hr) (Quit: http://www.mibbit.com ajax IRC Client)
[09:45:02] <Not-1462> Tune in to Vintage Zone in 15 minutes on @mlp_la! - http://pvlive.me/bronies_radio_la
[09:52:56] *** Joins: Thorinair (Mibbit@Pony-b3vtod.dsl.iskon.hr)
[09:56:54] *** Joins: deathwilldie (deathwilldi@octavia.is.best.pony)
[10:51:40] *** Quits: deathwilldie (deathwilldi@octavia.is.best.pony) (Quit: Leaving)
[11:20:55] *** Quits: Selina (Dusk@dusky.horse) (Quit: Sorry...)
[11:45:02] <Not-1462> Tune in to #ZebrasusInbound: Flight Line Rave w/ @Rave_Darkness (Live Set) in 15 minutes on @PonyvilleFM! - http://pvlive.me/ponyvillefm
[12:20:31] *** Quits: PaperDerp (PaperDerp@derping.derpinator.derp) (Quit: I should have a message with a long deep meaning here but I'm just going to say bye since that's too corny. So Bye.)
[12:30:07] *** Joins: PaperDerp (PaperDerp@derping.derpinator.derp)
[13:40:39] *** Quits: TSparkle3395 (TSparkle339@Owner.ARBronyRadio.com) (Quit: Leaving)
[15:18:23] *** Quits: PaperDerp (PaperDerp@derping.derpinator.derp) (Ping timeout: 121 seconds)
[15:58:25] *** ama|sleep is now known as ama|work
[16:16:36] *** Quits: JockeTF (jocke@Pony-mjg.sl1.132.194.IP) (Quit: Leaving.)
[16:44:41] <TheFlutterGuy> Electron: you found my seekrit fanfic D:
[16:50:28] <MangoBloom> TheFlutterGuy: lol
[17:40:15] * Electron grins at TheFlutterGuy      C:
[18:10:52] *** Joins: dogface (~WebChat@Pony-adr.0br.43.204.IP)
[18:12:04] *** Joins: Lunia2 (ellen@Pony-di5.pu7.73.87.IP)
[18:12:10] <dogface> hi
[18:12:33] *** Quits: Lunia (ellen@ChumPony.Enterprises) (Connection closed)
[18:12:40] <dogface> awww...
[18:13:20] *** Quits: dogface (~WebChat@Pony-adr.0br.43.204.IP) (Quit: Page closed)
[18:28:02] <Not-1462> Radio MyBrony: "Я Другая - Глава Шестая - Время Меняться" - http://ponyvillelive.com/show/episode/id/31/episode/46517/origin/twitter
[18:28:50] <Electron> that thing is still going
[19:02:19] *** Oatz[Sleep] is now known as Oatzmeal
[19:19:03] <Sakura> Mew
[19:47:01] * Electron strokes Sakura along his fur
[19:51:57] <Sakura> His???? HIS?!
[19:52:09] * Sakura flips table
[19:53:01] <Electron> Wha? Whoa!! D:
[19:53:13] * Electron ducks
[19:55:41] * Sakura gets a hammer & breaks Electron's TV
[19:56:17] <Sakura> Peanut Butter Jelly Time! Peanut Butter Jelly Time! Wear that! Wear that!
[19:56:47] <Electron> But I don't... have... a TV....
[19:56:55] <Electron> Okay, nevermind.
[20:00:09] <Lunia2> wow Sakura kalm daun
[20:05:10] <Sakura> I'm not a he! Either female pronouns or gender-neutral pronouns!
[20:06:06] <Lunia2> I know but you coiúld just politely correct him. 
[20:07:08] * TheFlutterGuy hugs Electron 
[20:07:10] <TheFlutterGuy> there there
[20:07:12] <Lunia2> in internet we are just nicks
[20:07:21] * Lunia2 hugs Electron as well
[20:07:21] <ArchPegasusMichael> *dicks
[20:07:33] <Lunia2> ArchPegasusMichael: you have a cookie
[20:07:37] * Electron oompfs
[20:07:52] * ArchPegasusMichael noms
[20:08:07] <Lunia2> :3
[20:08:38] <Electron> It's not my fault that English names sounds like neutral objects. :(
[20:08:42] <Lunia2> ArchPegasusMichael: I saw sports toe shoes today in the store
[20:09:28] <ArchPegasusMichael> ^^
[20:09:40] <Lunia2> :3
[20:09:55] <ArchPegasusMichael> Have you looked at the price?
[20:10:24] <Lunia2> I was just passing by so no :/
[20:10:33] <ArchPegasusMichael> Ah
[20:11:33] <ArchPegasusMichael> My tummy tells me that I can't drink more than one glass of milk a day :<
[20:17:46] <Electron> The older you get, the harder to digest milk for your stomach, Michael
[20:18:38] <Lunia2> unless you drink a lot of milk since you are born
[20:18:50] <Lunia2> then you become the milkborn
[20:19:06] <Lunia2> its all enzymes
[20:20:54] <Electron> I noticed that hot milk is okay, but milk straight from the bottle is not.
[20:21:10] <TheFlutterGuy> straight from the cow is hot
[20:21:51] <Electron> Huh? Do you... um... suck fresh milk?
[20:21:59] <Lunia2> all danes do
[20:22:09] <Electron> .......wha?
[20:22:13] <Lunia2> its what vikings do
[20:22:28] <Lunia2> I do it as well now since I live here
[20:22:45] <Electron> Where do you get a cow from?
[20:23:15] <Lunia2> we have special room for it in our apartament
[20:23:27] <Lunia2> its a tradicion that remmembers long hauses
[20:24:49] <Lunia2> https://s-media-cache-ak0.pinimg.com/236x/a0/6a/22/a06a220016174eab349cae48b1f871de.jpg
[20:24:57] <Lunia2> you can see barn part at the end
[20:45:03] <Not-1462> Tune in to #CheddarWednesday w/ @AerialPVFM in 15 minutes on @PonyvilleFM! - http://pvlive.me/ponyvillefm
[21:25:37] <Electron> Whatchu doing, Sakura?
[21:33:24] *** Quits: Thorinair (Mibbit@Pony-b3vtod.dsl.iskon.hr) (Quit: http://www.mibbit.com ajax IRC Client)
[21:43:37] *** Joins: PaperDerp (PaperDerp@derping.derpinator.derp)
[21:45:57] <Sakura> Anime, Electron
[21:46:54] <Electron> Which one?
[21:51:42] *** Joins: Dusk (Dusk@dusky.horse)
[21:51:42] *** Luna sets mode: +ao Dusk Dusk
[22:23:24] *** Lunia2 is now known as Lunia
[22:37:38] *** Dusk is now known as Selina
[23:22:02] <Not-1462> Scribbler's Pony Tales: "MLP Comic Dub: ‘It’s Hard Being Good’ (comedy)" - http://ponyvillelive.com/show/episode/id/11/episode/46518/origin/twitter
