[00:18:27] *** Joins: WeAreBorgPony (WeAreBorg@Resistance.Is.Futile)
[00:18:27] *** Luna sets mode: +ao WeAreBorgPony WeAreBorgPony
[00:21:52] *** Quits: WeAreBorg (WeAreBorg@Resistance.Is.Futile) (Ping timeout: 121 seconds)
[00:45:02] <Not-56c5> Tune in to No Hooves Barred in 15 minutes on @TheLunaRadio! - http://pvlive.me/luna_radio
[01:40:02] <Not-56c5> Tune in to #ThrowdownThursdays in 15 minutes on @PonyvilleFM! - http://pvlive.me/ponyvillefm
[01:45:02] <Not-56c5> Tune in to Twitchy After Dark in 15 minutes on @TVBrony! - http://pvlive.me/bronytv
[01:46:02] <Not-56c5> Tune in to #FugueState with @LimitlessHate (Live Show) in 15 minutes on @PonyvilleFM! - http://pvlive.me/ponyvillefm
[01:47:02] <Not-56c5> Tune in to Radio is Magic in 15 minutes on @mlp_la! - http://pvlive.me/bronies_radio_la
[02:45:02] <Not-56c5> Tune in to #ThePermaLink with @TheLinkyo in 15 minutes on @PonyvilleFM! - http://pvlive.me/ponyvillefm
[04:34:12] *** Electron is now known as Offence
[04:45:03] <Not-56c5> Tune in to DJ Kamiaze in 15 minutes on @mlp_la! - http://pvlive.me/bronies_radio_la
[04:50:24] *** ama|work is now known as ama
[05:44:25] *** Oatzmeal is now known as Oatz[Sleep]
[05:45:02] <Not-56c5> Tune in to Drunken Debachery and Art Hour in 15 minutes on @celestiaradio! - http://pvlive.me/celestia_radio
[05:50:53] *** Joins: mustachieo9 (eixnbnssjty@Pony-comf4d.fios.verizon.net)
[05:54:17] *** Quits: mustachieo9 (eixnbnssjty@Pony-comf4d.fios.verizon.net) (Quit: Watch and listen live at http://pvlive.me)
[05:57:32] *** Joins: Midnight (eixnbnssjty@Pony-comf4d.fios.verizon.net)
[06:12:24] <Midnight> hello
[06:13:03] *** Nexus is now known as NexSleep
[06:21:26] <Offence> Hello.
[06:29:27] *** Joins: Dusk (Dusk@dusky.horse)
[06:29:27] *** Luna sets mode: +ao Dusk Dusk
[06:29:57] *** Dusk is now known as Pixel
[06:29:58] *** Pixel is now known as Dusk
[06:45:02] <Not-56c5> Tune in to Chaos Hour in 15 minutes on @mlp_la! - http://pvlive.me/bronies_radio_la
[06:50:27] *** Offence is now known as Electron
[06:54:09] *** Quits: Midnight (eixnbnssjty@Pony-comf4d.fios.verizon.net) (Quit: Watch and listen live at http://pvlive.me)
[06:54:25] *** Joins: mustachieo9 (eixnbnssjty@Pony-comf4d.fios.verizon.net)
[06:58:07] *** Quits: StarStream (StarStream@Pony-fkc.i75.99.192.IP) (A TLS packet with unexpected length was received.)
[06:58:07] *** Quits: ArchPegasusMichael (Michael89pl@Keep.In.A.Friendly.And.Pony.Place) (A TLS packet with unexpected length was received.)
[06:58:07] *** Quits: GeekBrony (GB@bronydom.net) (A TLS packet with unexpected length was received.)
[06:58:07] *** Quits: Oatz[Sleep] (i`m@part.of.a.balanced.breakfast) (A TLS packet with unexpected length was received.)
[06:58:07] *** Quits: Sakura (Sakura@is.a.very.derpy.pony) (A TLS packet with unexpected length was received.)
[06:58:07] *** Quits: Pony_46859 (Electron@Pony-fkc.i75.99.192.IP) (A TLS packet with unexpected length was received.)
[06:58:07] *** Quits: Dusk (Dusk@dusky.horse) (A TLS packet with unexpected length was received.)
[07:01:26] *** Quits: mustachieo9 (eixnbnssjty@Pony-comf4d.fios.verizon.net) (Connection closed)
[07:01:35] *** Joins: mustachieo9 (eixnbnssjty@Pony-comf4d.fios.verizon.net)
[07:02:35] *** mustachieo9 is now known as Midnight
[07:14:50] *** Joins: Dusk (Dusk@dusky.horse)
[07:14:50] *** Luna sets mode: +ao Dusk Dusk
[07:14:54] *** Joins: Sakura (Sakura@Pony-fkc.i75.99.192.IP)
[07:15:07] *** Joins: StarStream (StarStream@Pony-fkc.i75.99.192.IP)
[07:15:20] *** Joins: El (Electron@Pony-fkc.i75.99.192.IP)
[07:15:33] *** Joins: GeekBrony (GB@bronydom.net)
[07:16:18] *** El is now known as Pony_47786
[07:43:22] *** Quits: Sakura (Sakura@is.a.very.derpy.pony) (Quit: Dusk is tinkering with me. Will reboot later.)
[07:43:22] *** Quits: StarStream (StarStream@Pony-fkc.i75.99.192.IP) (Quit: ZNC 1.7.x-nightly-20150624-5faaf67f - http://znc.in)
[07:43:22] *** Quits: Pony_47786 (Electron@Pony-fkc.i75.99.192.IP) (Quit: I changed atom.)
[07:43:22] *** Quits: GeekBrony (GB@bronydom.net) (Quit: I should be back later.)
[07:43:23] *** Quits: Dusk (Dusk@dusky.horse) (Quit: Sorry, but sometimes people need a break. I'm gonna focus on life for a day or so, cya on the other side!)
[07:45:02] <Not-56c5> Tune in to Retrozone in 15 minutes on @mlp_la! - http://pvlive.me/bronies_radio_la
[07:45:13] *** Joins: Dusk (Dusk@dusky.horse)
[07:45:13] *** Luna sets mode: +ao Dusk Dusk
[07:45:17] *** Joins: Sakura (Sakura@Pony-fkc.i75.99.192.IP)
[07:45:30] *** Joins: StarStream (StarStream@Pony-fkc.i75.99.192.IP)
[07:45:49] *** Joins: El (Electron@Pony-fkc.i75.99.192.IP)
[07:46:06] *** Joins: GeekBrony (GB@bronydom.net)
[07:46:47] *** El is now known as Pony_87504
[07:49:13] *** Joins: ArchPegasusMichael (Michael89pl@Keep.In.A.Friendly.And.Pony.Place)
[08:04:35] *** Quits: Electron (Miranda@Pony-2rmqi4.is74.ru) (Quit: Miranda IM! Smaller, Faster, Easier. http://miranda-im.org)
[08:38:41] *** Midnight is now known as Midnight_sleeping
[09:11:37] *** Quits: nnnn20430 (nnnn20430@mindcraft.si.eu.org) (Ping timeout: 121 seconds)
[09:25:27] *** Joins: nnnn20430 (nnnn20430@mindcraft.si.eu.org)
[09:31:01] *** ama is now known as ama|sleep
[09:44:55] *** Joins: JockeTF (jocke@Pony-mjg.sl1.132.194.IP)
[09:45:02] <Not-56c5> Tune in to Vintage Zone in 15 minutes on @mlp_la! - http://pvlive.me/bronies_radio_la
[09:54:21] *** Quits: nnnn20430 (nnnn20430@mindcraft.si.eu.org) (The TLS connection was non-properly terminated.)
[09:55:09] *** Joins: nnnn20430 (nnnn20430@mindcraft.si.eu.org)
[10:38:17] * TheFlutterGuy boops Pony_87504's nose with a alpaca plushie
[10:41:19] * JockeTF likes alpacas.
[10:55:26] <TheFlutterGuy> you go americans, you go "
[10:55:27] <TheFlutterGuy> GunTV Aims to Premier 24-Hour Shopping Channel for Firearms
[10:55:27] <TheFlutterGuy> "
[10:55:36] <TheFlutterGuy> Lunia: they are insane
[10:55:55] <TheFlutterGuy> The proposed schedule of programming allots an eight-minute segment each hour to safety public service announcements in between proposed segments on topics like women's concealed weapon's apparel, big-game hunting and camping.
[10:57:58] <Lunia> go rednecks
[11:43:42] <TheFlutterGuy> ok, this is all kinds of awesome http://www.equestriadaily.com/2015/12/balloon-pony-finishes-up-season-with.html?utm_source=feedburner&utm_medium=feed&utm_campaign=Feed%3A+EquestriaDaily+%28Equestria+Daily%29
[12:20:29] *** Midnight_sleeping is now known as Midnight
[12:24:31] *** Quits: Midnight (eixnbnssjty@Pony-comf4d.fios.verizon.net) (Ping timeout: 121 seconds)
[12:34:17] <TheFlutterGuy> AJ is the best at guitar https://youtu.be/lH3Rq167FTQ
[13:15:15] *** Joins: Midnight (eixnbnssjty@Pony-33jigl.k12.va.us)
[13:25:20] *** Quits: Midnight (eixnbnssjty@Pony-33jigl.k12.va.us) (Ping timeout: 121 seconds)
[13:27:31] *** Joins: Midnight (eixnbnssjty@Pony-33jigl.k12.va.us)
[13:34:06] *** Quits: Midnight (eixnbnssjty@Pony-33jigl.k12.va.us) (Quit: Watch and listen live at http://pvlive.me)
[13:34:22] *** Joins: Midnight (eixnbnssjty@Pony-33jigl.k12.va.us)
[13:58:35] *** Quits: Midnight (eixnbnssjty@Pony-33jigl.k12.va.us) (Ping timeout: 121 seconds)
[14:27:08] *** Joins: Oatzmeal (i`m@Pony-fkc.i75.99.192.IP)
[14:27:31] *** Luna sets mode: +h Oatzmeal
[15:15:54] *** Joins: WeAreBorg (WeAreBorg@Resistance.Is.Futile)
[15:15:54] *** Luna sets mode: +ao WeAreBorg WeAreBorg
[15:18:41] *** Quits: WeAreBorgPony (WeAreBorg@Resistance.Is.Futile) (Ping timeout: 121 seconds)
[15:22:55] *** Joins: Midnight (eixnbnssjty@Pony-33jigl.k12.va.us)
[15:42:36] *** Quits: Midnight (eixnbnssjty@Pony-33jigl.k12.va.us) (Quit: Watch and listen live at http://pvlive.me)
[15:46:58] *** Quits: WildSoft (WildSoft@Pony-9tei06.bredband.comhem.se) (Connection closed)
[16:30:02] *** Joins: WildSoft (WildSoft@Pony-9tei06.bredband.comhem.se)
[17:12:59] *** ama|sleep is now known as amaway
[17:47:04] *** Quits: TecknoJock (TecknoJock@TecknoJock) (Ping timeout: 121 seconds)
[17:47:12] *** Quits: JockeTF (jocke@Pony-mjg.sl1.132.194.IP) (Quit: Leaving.)
[17:50:14] *** Joins: TecknoJock (TecknoJock@TecknoJock)
[17:50:14] *** Luna sets mode: +h TecknoJock
[20:03:02] <Not-56c5> Audio Stories From Spike: "LIVE - ЧИТАЕМ ФАНФИКИ В ЖИВУЮ ИЛИ НУ ОЧЕНЬ ДИКИ ФАНФИКШИН" - http://ponyvillelive.com/show/episode/id/31/episode/47326/origin/twitter
[20:29:30] *** Joins: Misnight (eixnbnssjty@Pony-comf4d.fios.verizon.net)
[20:31:11] *** Quits: Misnight (eixnbnssjty@Pony-comf4d.fios.verizon.net) (Quit: Watch and listen live at http://pvlive.me)
[20:31:28] *** Joins: Midnight- (eixnbnssjty@Pony-comf4d.fios.verizon.net)
[20:36:02] *** Quits: Midnight- (eixnbnssjty@Pony-comf4d.fios.verizon.net) (Ping timeout: 121 seconds)
[21:02:45] *** Joins: Midnight- (eixnbnssjty@Pony-comf4d.fios.verizon.net)
[21:51:26] *** Quits: WeAreBorg (WeAreBorg@Resistance.Is.Futile) (Ping timeout: 121 seconds)
[22:00:31] *** Quits: Midnight- (eixnbnssjty@Pony-comf4d.fios.verizon.net) (Ping timeout: 121 seconds)
[22:00:46] *** Joins: WeAreBorg (WeAreBorg@Resistance.Is.Futile)
[22:00:46] *** Luna sets mode: +ao WeAreBorg WeAreBorg
[22:19:14] *** Joins: midnight (eixnbnssjty@Pony-comf4d.fios.verizon.net)
[23:45:02] <Not-56c5> Tune in to Random Pony Media in 15 minutes on @TVBrony! - http://pvlive.me/bronytv
