[00:23:52] <StarStream> huh 
[00:23:55] <StarStream> so episode 100 is brony episode
[00:28:50] *** Quits: Lunia (ellen@ChumPony.Enterprises) (Quit: Konversation terminated!)
[00:40:04] <Not-f6d7> Tune in to #ThrowdownThursdays in 15 minutes on @PonyvilleFM! - http://pvlive.me/ponyvillefm
[00:45:04] <Not-f6d7> Tune in to No Hooves Barred in 15 minutes on @TheLunaRadio! - http://pvlive.me/luna_radio
[00:46:04] <Not-f6d7> Tune in to #LiveInTheMix with @LudivanBeats in 15 minutes on @PonyvilleFM! - http://pvlive.me/ponyvillefm
[00:52:22] *** Baby-Sinclair is now known as Sakura
[01:39:54] *** Ash[Away] is now known as Ashfire
[01:45:05] <Not-f6d7> Tune in to #FugueState with @LimitlessHate (Live Show) in 15 minutes on @PonyvilleFM! - http://pvlive.me/ponyvillefm
[01:46:02] <Not-f6d7> Tune in to Radio is Magic in 15 minutes on @mlp_la! - http://pvlive.me/bronies_radio_la
[02:07:01] *** Joins: LR_69 (WebChat@Pony-409um2.res.rr.com)
[02:36:09] *** Oatzmeal is now known as 142AARO0V
[02:39:17] *** Quits: LR_69 (WebChat@Pony-409um2.res.rr.com) (Ping timeout: 121 seconds)
[02:40:14] *** 142AARO0V is now known as Oatzmeal
[02:45:02] <Not-f6d7> Tune in to #ThePermaLink with @TheLinkyo in 15 minutes on @PonyvilleFM! - http://pvlive.me/ponyvillefm
[02:46:04] <Not-f6d7> Tune in to Everfree Signal in 15 minutes on @mlp_la! - http://pvlive.me/bronies_radio_la
[03:45:04] <Not-f6d7> Tune in to Twitchy After Dark in 15 minutes on @TVBrony! - http://pvlive.me/bronytv
[04:30:50] *** ama|bnc is now known as ama
[04:45:03] <Not-f6d7> Tune in to DJ Kamiaze in 15 minutes on @mlp_la! - http://pvlive.me/bronies_radio_la
[05:45:03] <Not-f6d7> Tune in to Drunken Debachery and Art Hour in 15 minutes on @celestiaradio! - http://pvlive.me/celestia_radio
[06:20:25] *** Quits: PaperDerp (PaperDerp@derping.derpinator.derp) (Quit: I should have a message with a long deep meaning here but I'm just going to say bye since that's too corny. So Bye.)
[06:45:03] <Not-f6d7> Tune in to Mr cbleck Catchy Tun3s in 15 minutes on @mlp_la! - http://pvlive.me/bronies_radio_la
[07:07:23] *** Joins: LR_07 (WebChat@Pony-7r1.5h1.186.85.IP)
[07:13:24] *** Quits: LR_07 (WebChat@Pony-7r1.5h1.186.85.IP) (Quit: Page closed)
[07:13:40] *** Joins: LR_13 (WebChat@Pony-7r1.5h1.186.85.IP)
[07:19:16] *** Joins: PaperDerp (PaperDerp@derping.derpinator.derp)
[07:45:04] <Not-f6d7> Tune in to Retrozone in 15 minutes on @mlp_la! - http://pvlive.me/bronies_radio_la
[08:45:16] *** Quits: PaperDerp (PaperDerp@derping.derpinator.derp) (Ping timeout: 121 seconds)
[08:48:49] *** Joins: PaperDerp (PaperDerp@derping.derpinator.derp)
[09:19:18] *** ama is now known as ama|sleep
[09:45:04] <Not-f6d7> Tune in to Vintage Zone in 15 minutes on @mlp_la! - http://pvlive.me/bronies_radio_la
[10:21:13] *** Quits: LR_13 (WebChat@Pony-7r1.5h1.186.85.IP) (Ping timeout: 121 seconds)
[11:47:31] <|-e|> hello ponelings
[13:23:56] *** Quits: PaperDerp (PaperDerp@derping.derpinator.derp) (Quit: I should have a message with a long deep meaning here but I'm just going to say bye since that's too corny. So Bye.)
[14:27:09] <|-e|> screw the work
[14:27:14] <|-e|> I'm going home
[15:45:04] <Not-f6d7> Tune in to Let’s Battle in 15 minutes on @RadioMyBrony! - http://pvlive.me/radio_mybrony
[17:25:03] *** ama|sleep is now known as ama|work
[17:45:04] <Not-f6d7> Tune in to Canterlot Radio with Mic Check in 15 minutes on @fillyradio! - http://pvlive.me/fillydelphia_radio
[17:54:06] *** Joins: LR_01 (WebChat@Pony-c9fobl.dhcp.embarqhsd.net)
[17:54:27] *** Parts: LR_01 (WebChat@Pony-c9fobl.dhcp.embarqhsd.net) ("")
[17:56:52] *** Joins: Lunia (ellen@ChumPony.Enterprises)
[18:06:03] <Not-f6d7> No Hooves Barred: "Ep. 87 - A Hundred Barrels of What" - http://ponyvillelive.com/show/episode/id/6/episode/38605/origin/twitter
[18:42:44] *** Joins: Moonwings (WebChat@Pony-i9p.geo.126.76.IP)
[18:45:04] <Not-f6d7> Tune in to No Hooves Bared in 15 minutes on @sonicradioboom! - http://pvlive.me/sonic_radioboom
[19:11:06] <Sakura> Last chance to vote in the Top 10. We don't have enough turnout for a Top 10 but if you spread the word & cast your vote, we'll have a Top 10 show next Friday! http://derpy.me/TRL-Top10
[19:39:44] *** Nexus is now known as NexSleep
[19:45:05] <Not-f6d7> Tune in to #TheAmbleGait with @Kyderra (Live Mix) in 15 minutes on @PonyvilleFM! - http://pvlive.me/ponyvillefm
[20:45:05] <Not-f6d7> Tune in to W Świetle Księżyca in 15 minutes on Radio Yay! - http://pvlive.me/radio_yay
[20:46:03] <Not-f6d7> Tune in to New Music Friday in 15 minutes on @BestPonyRadio! - http://pvlive.me/best_pony_radio
[20:47:03] <Not-f6d7> Tune in to Party vs Party in 15 minutes on @mlp_la! - http://pvlive.me/bronies_radio_la
[20:47:04] *** NexSleep is now known as Nexus
[20:58:49] *** Quits: Moonwings (WebChat@Pony-i9p.geo.126.76.IP) (Quit: Page closed)
[21:19:47] *** Nexus is now known as NexSleep
[21:45:03] <Not-f6d7> Tune in to Royals Top 10 Songs in 15 minutes on @AlicornRadio! - http://pvlive.me/alicorn_radio
[21:46:03] <Not-f6d7> Tune in to Forest Light in 15 minutes on @RadioMyBrony! - http://pvlive.me/radio_mybrony
[23:45:04] <Not-f6d7> Tune in to Random Pony Media in 15 minutes on @TVBrony! - http://pvlive.me/bronytv
[23:46:04] <Not-f6d7> Tune in to Friday Night Live with SRB in 15 minutes on @SonicRadioBoom! - http://pvlive.me/sonicradioboom_tv
