[00:17:13] *** Quits: JockeTF (jocke@Pony-9leqdm.priv.bahnhof.se) (Quit: Leaving.)
[00:18:15] * Electron shrugs ¯\_(ツ)_/¯
[00:18:29] <Electron> It happens.
[00:45:02] <Not-56c5> Tune in to la hora bizarra de talamir! in 15 minutes on @mlp_la! - http://pvlive.me/bronies_radio_la
[00:47:02] <Not-56c5> Scribbler's Pony Tales: "MLP Comic Dub: ‘Dare I Say’ (comedy)" - http://ponyvillelive.com/show/episode/id/11/episode/47244/origin/twitter
[00:54:46] *** Joins: Blue (dlxfkmlktgk@Pony-d3nrpl.quq8.c431.a000.2606.IP)
[00:55:03] *** Quits: Blue (dlxfkmlktgk@Pony-d3nrpl.quq8.c431.a000.2606.IP) (Quit: Watch and listen live at http://pvlive.me)
[00:55:16] *** Joins: Blue (dlxfkmlktgk@Pony-d3nrpl.quq8.c431.a000.2606.IP)
[01:19:21] *** Quits: Blue (dlxfkmlktgk@Pony-d3nrpl.quq8.c431.a000.2606.IP) (Quit: Watch and listen live at http://pvlive.me)
[01:31:55] *** Electron is now known as Electron^Gaming
[02:45:02] <Not-56c5> Tune in to Tavern Tales in 15 minutes on @TheLunaRadio! - http://pvlive.me/luna_radio
[02:46:02] <Not-56c5> Tune in to The God Damned Worst Pony Show in 15 minutes on @celestiaradio! - http://pvlive.me/celestia_radio
[02:47:05] <Electron^Gaming> http://cheezburger.com/8587252480
[03:15:03] <Not-56c5> Tune in to Winchester Wednesday in 15 minutes on @thebronyshow! - http://pvlive.me/the_brony_show
[03:45:03] <Not-56c5> Tune in to #DropZone: Speedway w/ @AerialPVFM in 15 minutes on @PonyvilleFM! - http://pvlive.me/ponyvillefm
[04:00:59] *** Electron^Gaming is now known as Electron
[04:45:02] <Not-56c5> Tune in to #MidlisMadness with @djmidli (Live Mix) in 15 minutes on @PonyvilleFM! - http://pvlive.me/ponyvillefm
[04:58:00] *** Quits: Midli (DJMidli@Crazy.Dancing.Canadian.DJ.Pony) (Quit: )
[04:59:07] *** Joins: Midli (DJMidli@Crazy.Dancing.Canadian.DJ.Pony)
[05:53:15] *** Quits: Midli (DJMidli@Crazy.Dancing.Canadian.DJ.Pony) (Quit: )
[06:05:24] *** ama|work is now known as ama
[06:07:02] <Not-56c5> The MBS Show: Malaysian Bronies: "The MBS Show Review: The Princess Twilight Discussion" - http://ponyvillelive.com/show/episode/id/17/episode/47246/origin/twitter
[06:45:02] <Not-56c5> Tune in to Lectura Rainbow in 15 minutes on @mlp_la! - http://pvlive.me/bronies_radio_la
[07:45:03] <Not-56c5> Tune in to Retrozone in 15 minutes on @mlp_la! - http://pvlive.me/bronies_radio_la
[08:17:34] *** Joins: JockeTF (jocke@Pony-9leqdm.priv.bahnhof.se)
[08:19:20] *** ama is now known as ama|sleep
[08:48:38] *** Lunia_Creating is now known as Lunia
[08:52:03] *** Oatzmeal is now known as Oatz[Sleep]
[09:45:02] <Not-56c5> Tune in to Vintage Zone in 15 minutes on @mlp_la! - http://pvlive.me/bronies_radio_la
[10:37:29] *** Joins: djazz (djazz@Pony-s73dok.tbcn.telia.com)
[10:38:13] *** Quits: MangoBloom (djazz@djazz.se) (Ping timeout: 121 seconds)
[10:51:42] *** djazz is now known as MangoBloom
[13:53:52] *** Quits: PaperDerp (PaperDerp@derping.derpinator.derp) (Ping timeout: 121 seconds)
[15:03:27] *** Quits: Lunia (ellen@ChumPony.Enterprises) (Quit: Konversation terminated!)
[15:09:47] *** Joins: Lunia (ellen@ChumPony.Enterprises)
[16:34:20] *** Quits: Lunia (ellen@ChumPony.Enterprises) (Quit: Konversation terminated!)
[16:58:02] <Not-56c5> Audio Stories From Spike: "LIVE - ( VLOG ) ВЫХОДИМ НА СВЯЗЬ" - http://ponyvillelive.com/show/episode/id/31/episode/47247/origin/twitter
[17:17:01] <Not-56c5> Scribbler's Pony Tales: "MLP Reads My Immortal: Chapter 3 - Lyra Heartstrings" - http://ponyvillelive.com/show/episode/id/11/episode/47249/origin/twitter
[18:42:32] *** Oatz[Sleep] is now known as Oatz[OUTz]
[19:03:35] *** Joins: Lunia (ellen@ChumPony.Enterprises)
[20:22:05] *** ama|sleep is now known as amaway
[20:45:02] <Not-56c5> Tune in to Pony Club par @Mijkami in 15 minutes on @RadioBrony! - http://pvlive.me/radio_brony
[20:46:02] <Not-56c5> Tune in to #ThrowbackThursday w/ @AerialPVFM in 15 minutes on @PonyvilleFM! - http://pvlive.me/ponyvillefm
[21:15:01] <Not-56c5> Tune in to #LightningRound with @L1ghtningRunner in 15 minutes on @PonyvilleFM! - http://pvlive.me/ponyvillefm
[21:32:52] *** Joins: Dusk (Dusk@dusky.horse)
[21:32:52] *** Luna sets mode: +ao Dusk Dusk
[21:38:39] *** Quits: JockeTF (jocke@Pony-9leqdm.priv.bahnhof.se) (Quit: Leaving.)
[22:19:31] *** Quits: Electron (Miranda@Pony-g2bqrn.is74.ru) (Connection closed)
[22:38:02] <Not-56c5> ILoveKimPossibleAlot: "My Little Reviews: The Mane Attraction" - http://ponyvillelive.com/show/episode/id/43/episode/47251/origin/twitter
[22:44:44] *** Joins: PaperDerp (PaperDerp@derping.derpinator.derp)
[23:05:48] *** Joins: Electron (Miranda@Pony-g2bqrn.is74.ru)
[23:51:38] <Electron> Razzle dazzle.
[23:51:43] <Electron> Glitz and glam!
