[00:28:38] *** Quits: WeAreBorg (WeAreBorg@Resistance.Is.Futile) (Connection closed)
[00:28:58] *** Joins: WeAreBorg (WeAreBorg@Resistance.Is.Futile)
[00:28:58] *** Luna sets mode: +ao WeAreBorg WeAreBorg
[00:45:06] <Not-f6d7> Tune in to DJ Prince Lunar in 15 minutes on @EveryponyRadio! - http://pvlive.me/everypony_radio
[00:46:03] <Not-f6d7> Tune in to la hora bizarra de talamir! in 15 minutes on @mlp_la! - http://pvlive.me/bronies_radio_la
[02:27:04] <Not-f6d7> The Spoken Equestria: "The Iridescent Iron Rat - Chapter 3" - http://ponyvillelive.com/show/episode/id/38/episode/36599/origin/twitter
[02:32:02] <Not-f6d7> The Spoken Equestria: "The Iridescent Iron Rat - Chapter 2" - http://ponyvillelive.com/show/episode/id/38/episode/36600/origin/twitter
[02:42:05] <Not-f6d7> The Spoken Equestria: "The Iridescent Iron Rat - Chapter 1" - http://ponyvillelive.com/show/episode/id/38/episode/36601/origin/twitter
[02:45:03] <Not-f6d7> Tune in to Symphony of the shy in 15 minutes on @mlp_la! - http://pvlive.me/bronies_radio_la
[03:00:01] *** Joins: Thunderhalk89 (kyjrxaciohv@Pony-t3etcm.res.rr.com)
[03:06:48] *** Joins: Interprise (WebChat@Pony-319.aq8.208.98.IP)
[03:11:12] *** Oatzmeal is now known as Oatz[OUTz]
[03:45:03] <Not-f6d7> Tune in to #DropZone: Vortex w/ @AerialPVFM in 15 minutes on @PonyvilleFM! - http://pvlive.me/ponyvillefm
[03:46:03] <Not-f6d7> Tune in to Everfree Signal in 15 minutes on @mlp_la! - http://pvlive.me/bronies_radio_la
[03:53:29] *** Joins: melody5697 (WebChat@Pony-oomadb.ph.cox.net)
[03:57:31] *** Quits: melody5697 (WebChat@Pony-oomadb.ph.cox.net) (Ping timeout: 121 seconds)
[04:13:20] *** Oatz[OUTz] is now known as Oatzmeal
[04:17:27] *** Quits: Thunderhalk89 (kyjrxaciohv@Pony-t3etcm.res.rr.com) (Quit: lightIRC.com Flash IRC Client)
[04:20:09] *** Joins: MidniteDew (user@Pony-nr0.4d1.221.82.IP)
[04:45:03] <Not-f6d7> Tune in to DJ Kamiaze in 15 minutes on @mlp_la! - http://pvlive.me/bronies_radio_la
[04:46:59] *** Quits: MidniteDew (user@Pony-nr0.4d1.221.82.IP) (Quit: Konversation terminated!)
[04:51:42] *** Quits: Interprise (WebChat@Pony-319.aq8.208.98.IP) (Ping timeout: 121 seconds)
[05:15:22] *** ama|work is now known as ama
[06:09:10] *** Quits: Luna (Luna@The.Moon.Princess) (daring.canternet.org cloudchaser.canternet.org)
[06:09:10] *** Quits: johnsey (johnsey@netadmin.canternet.org) (daring.canternet.org cloudchaser.canternet.org)
[06:09:10] *** Quits: PaperDerp (PaperDerp@derping.derpinator.derp) (daring.canternet.org cloudchaser.canternet.org)
[06:09:10] *** Quits: Labrat_ (jared@tacoshy.is.best.pony) (daring.canternet.org cloudchaser.canternet.org)
[06:09:10] *** Quits: PR-Pierre (Pierre@drweissbrot.net) (daring.canternet.org cloudchaser.canternet.org)
[06:09:10] *** Quits: MKody (MKody97[NLR@kdy.ch) (daring.canternet.org cloudchaser.canternet.org)
[06:09:10] *** Quits: enginemaniac (flail@flail.flail.flail) (daring.canternet.org cloudchaser.canternet.org)
[06:09:10] *** Quits: SilverEagle (SilverEagle@SilverEagle.is.best.pony) (daring.canternet.org cloudchaser.canternet.org)
[06:09:10] *** Quits: GeekBrony (GB@bronydom.net) (daring.canternet.org cloudchaser.canternet.org)
[06:09:10] *** Quits: MangoBloom (djazz@djazz.se) (daring.canternet.org cloudchaser.canternet.org)
[06:09:10] *** Quits: Not-f6d7 (notifico@Pony-ffs.51p.199.198.IP) (daring.canternet.org cloudchaser.canternet.org)
[06:09:10] *** Quits: Oatzmeal (i`m@part.of.a.balanced.breakfast) (daring.canternet.org cloudchaser.canternet.org)
[06:09:10] *** Quits: Selina (Dusk@ocelot.link) (daring.canternet.org cloudchaser.canternet.org)
[06:09:10] *** Quits: TecknoJock (TecknoJock@TecknoJock) (daring.canternet.org cloudchaser.canternet.org)
[06:09:10] *** Quits: CorpulentBrony (corpubro@Pony-n53ngp.ponytonite.com) (daring.canternet.org cloudchaser.canternet.org)
[06:09:10] *** Quits: WeAreBorg (WeAreBorg@Resistance.Is.Futile) (daring.canternet.org cloudchaser.canternet.org)
[06:09:10] *** Quits: Datguy (Datguy@Pony-103.0b1.131.104.IP) (daring.canternet.org cloudchaser.canternet.org)
[06:09:10] *** Quits: Cameron_D (cameron@cam.mylittle.horse) (daring.canternet.org cloudchaser.canternet.org)
[06:09:10] *** Quits: Electron (quassel@Pony-agnu6g.com) (daring.canternet.org cloudchaser.canternet.org)
[06:09:10] *** Quits: Colgate (rabbit@brushie.horse) (daring.canternet.org cloudchaser.canternet.org)
[06:09:10] *** Quits: FlutterTree (FlutterTree@Pony-t5s53i.res.rr.com) (daring.canternet.org cloudchaser.canternet.org)
[06:09:10] *** Quits: AppleDash (appled@Gyro.Pony.Is.Best.Pony) (daring.canternet.org cloudchaser.canternet.org)
[06:09:10] *** Quits: Eivel (Eivel@Keep.Calm.and.Pony.On) (daring.canternet.org cloudchaser.canternet.org)
[06:09:10] *** Quits: ArchPegasusMichael (Michael89pl@Keep.In.A.Friendly.And.Pony.Place) (daring.canternet.org cloudchaser.canternet.org)
[06:09:10] *** Quits: ButterBean (Dragony@Pony-458.d8k.20.198.IP) (daring.canternet.org cloudchaser.canternet.org)
[06:09:10] *** Quits: Sakura (Sakura@is.a.very.derpy.pony) (daring.canternet.org cloudchaser.canternet.org)
[06:09:10] *** Quits: WildSoft (WildSoft@Pony-9tei06.bredband.comhem.se) (daring.canternet.org cloudchaser.canternet.org)
[06:09:10] *** Quits: StarStream (Star@Pony-agnu6g.com) (daring.canternet.org cloudchaser.canternet.org)
[06:09:10] *** Quits: TheFlutterGuy (user@Pony-riu.pu7.73.87.IP) (daring.canternet.org cloudchaser.canternet.org)
[06:09:10] *** Quits: Ashfire (Ashfire@Ashfire.bronytv.net) (daring.canternet.org cloudchaser.canternet.org)
[06:09:10] *** Quits: MirSar (CoreSwitch@Master.Of.Disaster) (daring.canternet.org cloudchaser.canternet.org)
[06:09:10] *** Quits: Googie (Googol@gnaws.on.keratin.and.ears) (daring.canternet.org cloudchaser.canternet.org)
[06:09:10] *** Quits: TSparkle3395 (TSparkle339@Pony-oas72s.ks.cox.net) (daring.canternet.org cloudchaser.canternet.org)
[06:09:10] *** Quits: Shrooo (quassel@Pony-mmj.348.170.107.IP) (daring.canternet.org cloudchaser.canternet.org)
[06:09:36] *** Joins: WildSoft (WildSoft@Pony-9tei06.bredband.comhem.se)
[06:09:36] *** Joins: Luna (Luna@The.Moon.Princess)
[06:09:36] *** Joins: TheFlutterGuy (user@Pony-riu.pu7.73.87.IP)
[06:09:36] *** Joins: GeekBrony (GB@bronydom.net)
[06:09:36] *** Joins: MangoBloom (djazz@djazz.se)
[06:09:36] *** Joins: Not-f6d7 (notifico@Pony-ffs.51p.199.198.IP)
[06:09:36] *** Joins: Oatzmeal (i`m@part.of.a.balanced.breakfast)
[06:09:36] *** Joins: PaperDerp (PaperDerp@derping.derpinator.derp)
[06:09:36] *** Joins: Colgate (rabbit@brushie.horse)
[06:09:36] *** Joins: Cameron_D (cameron@cam.mylittle.horse)
[06:09:36] *** Joins: TSparkle3395 (TSparkle339@Pony-oas72s.ks.cox.net)
[06:09:36] *** Joins: Selina (Dusk@ocelot.link)
[06:09:36] *** Joins: StarStream (Star@Pony-agnu6g.com)
[06:09:36] *** Joins: CorpulentBrony (corpubro@Pony-n53ngp.ponytonite.com)
[06:09:36] *** Joins: Electron (quassel@Pony-agnu6g.com)
[06:09:36] *** Joins: enginemaniac (flail@flail.flail.flail)
[06:09:36] *** Joins: PR-Pierre (Pierre@drweissbrot.net)
[06:09:36] *** Joins: SilverEagle (SilverEagle@SilverEagle.is.best.pony)
[06:09:36] *** Joins: ArchPegasusMichael (Michael89pl@Keep.In.A.Friendly.And.Pony.Place)
[06:09:36] *** Joins: Datguy (Datguy@Pony-103.0b1.131.104.IP)
[06:09:36] *** Joins: Eivel (Eivel@Keep.Calm.and.Pony.On)
[06:09:36] *** Joins: AppleDash (appled@Gyro.Pony.Is.Best.Pony)
[06:09:36] *** Joins: Ashfire (Ashfire@Ashfire.bronytv.net)
[06:09:36] *** Joins: Shrooo (quassel@Pony-mmj.348.170.107.IP)
[06:09:36] *** Joins: TecknoJock (TecknoJock@TecknoJock)
[06:09:36] *** Joins: MirSar (CoreSwitch@Master.Of.Disaster)
[06:09:36] *** Joins: MKody (MKody97[NLR@kdy.ch)
[06:09:36] *** Joins: Labrat_ (jared@tacoshy.is.best.pony)
[06:09:36] *** Joins: FlutterTree (FlutterTree@Pony-t5s53i.res.rr.com)
[06:09:36] *** Joins: johnsey (johnsey@netadmin.canternet.org)
[06:09:36] *** Joins: Googie (Googol@gnaws.on.keratin.and.ears)
[06:09:36] *** Joins: ButterBean (Dragony@Pony-458.d8k.20.198.IP)
[06:09:36] *** Joins: Sakura (Sakura@is.a.very.derpy.pony)
[06:09:36] *** Joins: WeAreBorg (WeAreBorg@Resistance.Is.Futile)
[06:09:36] *** cloudchaser.canternet.org sets mode: +ohhaoqoohao Luna Oatzmeal Colgate Selina Selina SilverEagle SilverEagle Ashfire TecknoJock WeAreBorg WeAreBorg
[06:45:03] <Not-f6d7> Tune in to Mr cbleck Catchy Tun3s in 15 minutes on @mlp_la! - http://pvlive.me/bronies_radio_la
[06:47:36] *** Ashfire is now known as Ash[Away]
[07:20:59] *** Quits: FlutterTree (FlutterTree@Pony-t5s53i.res.rr.com) (Ping timeout: 121 seconds)
[07:45:03] <Not-f6d7> Tune in to Retrozone in 15 minutes on @mlp_la! - http://pvlive.me/bronies_radio_la
[08:04:36] <Electron> um...
[08:04:42] <Electron> good morning folks
[08:05:39] <Electron> there is so much fuzz in the street
[08:07:22] <Electron> it's in the nostrils
[08:07:28] <Electron> it's in the clothes
[08:07:35] <Electron> it's in the ears
[09:10:49] *** ama is now known as ama|sleep
[09:34:30] *** Joins: JockeTF (jocke@Pony-mjg.sl1.132.194.IP)
[09:37:44] <JockeTF> Morningpaca, everypony!
[09:38:22] <StarStream> hey
[09:38:32] <Electron> hello to fluffy
[09:40:37] <TheFlutterGuy> Electron: pollen messing with your allergies?
[09:41:27] <Electron> but I do not have any
[09:42:10] <Electron> oh wait, I have
[09:42:21] <Electron> I'm allegric to cuteness
[09:42:37] <TheFlutterGuy> d'awww
[09:45:03] <Not-f6d7> Tune in to Vintage Zone in 15 minutes on @mlp_la! - http://pvlive.me/bronies_radio_la
[09:51:01] <Electron> there is gonna be an epic episode this Saturday, TheFlutterGuy
[09:51:13] <Electron> will you watch it?
[09:51:29] <Lunia> no
[09:51:36] <Lunia> we turned to anime
[09:51:42] <Lunia> mwahahaha
[09:51:55] <Electron> whatever do you mean, darling?
[09:52:40] <Lunia> we now hate pones
[09:53:27] <Electron> that's okay
[10:03:18] <StarStream> heh
[10:03:24] <StarStream> hating poni eh 
[10:03:44] <Electron> no worries, there are haters everywhere
[10:07:57] <JockeTF> I like alpacas.
[10:08:04] <JockeTF> I like ponies too, though.
[10:08:07] <TheFlutterGuy> yeah, gonna watch the ponies
[10:08:09] <JockeTF> But, I also like alpacas.
[10:08:16] <JockeTF> Alpacas are awesome.
[10:08:38] <JockeTF> Alpacas.
[10:15:06] <StarStream> ponies = anime
[10:15:09] <StarStream> fact
[10:15:32] <Lunia> http://img-9gag-fun.9cache.com/photo/am0Dwnj_460s.jpg
[10:16:01] <StarStream> i dont get it 
[10:16:45] <Electron> but ponies are made on Flash
[10:16:54] <Electron> anime is not
[10:17:26] <StarStream> same thing actually 
[10:17:29] <StarStream> what u expect 
[10:18:51] <JockeTF> Ponies are cute! :D
[10:34:20] *** Oatzmeal is now known as Oatz[Sleep]
[11:24:10] <TheFlutterGuy> So, where yesterday everything just was nice at work. got a shit load done. Today, i'm still failing in upgrading debian from wheezy to jessie
[11:24:13] <TheFlutterGuy> grrrr
[11:24:20] * TheFlutterGuy will probably have to reinstall :(
[11:24:29] <Electron> now now
[11:24:37] <Electron> we all have this type of days
[11:24:49] <TheFlutterGuy> it's 7 commands. and it fails... :/
[11:25:27] <Lunia> damn you debian
[11:25:28] <Electron> it's spiral
[11:25:35] <Electron> all life is spiral
[11:25:49] <Electron> even the machine's one
[11:26:18] <Lunia> it always goes up and down
[11:40:42] <Electron> hay fry
[11:40:53] <TheFlutterGuy> hmm, fried hay
[11:41:21] <Electron> like a chop
[11:43:23] <TheFlutterGuy> https://youtu.be/OFFF37_6eqU
[11:48:18] <Electron> what's wrong with his legs?
[11:52:03] <TheFlutterGuy> i haev yet to accomplish anything today :(
[11:56:18] <TheFlutterGuy> Electron: https://youtu.be/YSGhL5r5Fys
[11:59:47] <Electron> good PMV
[11:59:56] <Electron> very synchronized
[12:06:04] <Not-f6d7> No Hooves Barred: "Ep. 86 - 86ing 86" - http://ponyvillelive.com/show/episode/id/6/episode/36602/origin/twitter
[13:59:31] <TheFlutterGuy> oki, work is over. time to go home
[13:59:34] * TheFlutterGuy slaps Electron's flank
[14:00:01] <TheFlutterGuy> i accomplished NOTHING at work today. and i did try.
[14:45:04] <Not-f6d7> Tune in to Atmosfera Brony in 15 minutes on @mlp_la! - http://pvlive.me/bronies_radio_la
[14:57:29] <Electron> ouch
[14:57:43] * Electron rubs his flank
[15:45:04] <Not-f6d7> Tune in to Música que tu padre escucha cuando está solo en casa in 15 minutes on @IB_Radio! - http://pvlive.me/iberbronies_radio
[15:56:04] *** Joins: silverVortex (ujxegosgugf@Pony-qjus59.ks.cox.net)
[15:59:25] *** Quits: silverVortex (ujxegosgugf@Pony-qjus59.ks.cox.net) (Quit: Watch and listen live at http://pvlive.me)
[16:46:22] *** Joins: FlutterTree (FlutterTree@Pony-t5s53i.res.rr.com)
