[00:09:14] *** Quits: JockeTF (jocke@Pony-14s8b6.siw.siwnet.net) (Quit: Leaving.)
[00:15:01] <Not-d1fd> Tune in to Blazing Dawn Does Musikz in 15 minutes on @EveryponyRadio! - http://pvlive.me/everypony_radio
[00:17:00] <Not-d1fd> The Undercover Brony: "Do Princesses Dream Of Magic Sheep Review" - http://ponyvillelive.com/show/episode/id/14/episode/42955/origin/twitter
[00:40:01] <Not-d1fd> Tune in to #MixtrainMondays in 15 minutes on @PonyvilleFM! - http://pvlive.me/ponyvillefm
[00:45:01] <Not-d1fd> Tune in to #SugarRush with @Mushrooshi (Live Mix) in 15 minutes on @PonyvilleFM! - http://pvlive.me/ponyvillefm
[01:45:02] <Not-d1fd> Tune in to #HereWeGoMondays with @AS_PlusMinus (Live Mix) in 15 minutes on @PonyvilleFM! - http://pvlive.me/ponyvillefm
[01:46:01] <Not-d1fd> Tune in to The Brony Preshow - Art with Commander Something in 15 minutes on @thebronyshow! - http://pvlive.me/the_brony_show
[02:45:01] <Not-d1fd> Tune in to Tavern Tales in 15 minutes on @TheLunaRadio! - http://pvlive.me/luna_radio
[02:46:01] <Not-d1fd> Tune in to #BetterSoundingWithWubz with @Pocketjawa (Live Mix) in 15 minutes on @PonyvilleFM! - http://pvlive.me/ponyvillefm
[02:47:00] *** Quits: Shutter (tips@sudoku.prevention.hotline) (cloudchaser.canternet.org daring.canternet.org)
[02:47:01] <Not-d1fd> Tune in to Symphony of the shy in 15 minutes on @mlp_la! - http://pvlive.me/bronies_radio_la
[02:48:01] <Not-d1fd> Tune in to The Brony Show 189 - The Brony Show Plays Poni Poni Panic in 15 minutes on @thebronyshow! - http://pvlive.me/the_brony_show
[02:48:52] *** Joins: Shutter (tips@sudoku.prevention.hotline)
[02:59:43] *** Quits: Sleepypony (Thunder@Pony-9ggo2o.dyn.plus.net) (Ping timeout: 121 seconds)
[03:27:00] <Not-d1fd> Pony 411: "Pony 411 Episode 110- Dream Hopping" - http://ponyvillelive.com/show/episode/id/40/episode/42956/origin/twitter
[03:45:00] <Not-d1fd> Tune in to Adoratorio lunar in 15 minutes on @mlp_la! - http://pvlive.me/bronies_radio_la
[04:45:01] <Not-d1fd> Tune in to Pitch Black Bass with Scootmina in 15 minutes on @ManeFrameRadio! - http://pvlive.me/maneframeradio
[05:03:39] *** Joins: Flashy (IceChat9@Pony-dthhqo.bchsia.telus.net)
[05:19:08] *** ama|work is now known as ama
[05:45:00] <Not-d1fd> Tune in to Crimson's Oatmeal Galore Afterparty in 15 minutes on @thebronyshow! - http://pvlive.me/the_brony_show
[06:32:01] <Not-d1fd> Elements of Harmony: "Elements of Harmony - S03E08 - Tenderflutter" - http://ponyvillelive.com/show/episode/id/37/episode/42957/origin/twitter
[06:58:54] *** Quits: Flashy (IceChat9@Fast.Blue.Pegasus) (Quit: Live long and prosper \v//)
[07:07:01] <Not-d1fd> The MBS Show: Malaysian Bronies: "The MBS Show Episode 174: We Talk About Cartoons" - http://ponyvillelive.com/show/episode/id/17/episode/42958/origin/twitter
[07:39:06] *** Joins: Flashy (IceChat9@Pony-dthhqo.bchsia.telus.net)
[07:45:00] <Not-d1fd> Tune in to Retrozone in 15 minutes on @mlp_la! - http://pvlive.me/bronies_radio_la
[08:23:44] *** ama is now known as ama|sleep
[08:42:25] *** Joins: DJMidli (DJMidli@Pony-m1j4td.ok.shawcable.net)
[08:45:01] <Not-d1fd> Tune in to The Pub Crawl in 15 minutes on @celestiaradio! - http://pvlive.me/celestia_radio
[08:47:13] *** Quits: Flashy (IceChat9@Fast.Blue.Pegasus) (Quit: Light travels faster then sound, which is why some people appear bright, until you hear them speak)
[08:54:36] *** Quits: DJMidli (DJMidli@Crazy.Dancing.Canadian.DJ.Pony) (Ping timeout: 121 seconds)
[09:42:02] *** Joins: JockeTF (jocke@Pony-mjg.sl1.132.194.IP)
[09:45:01] <Not-d1fd> Tune in to Vintage Zone in 15 minutes on @mlp_la! - http://pvlive.me/bronies_radio_la
[09:46:35] * TheFlutterGuy broke his phone ;-;
[09:46:46] <TheFlutterGuy> not the fun kind of broke. the "i need a new phone" kinda broke
[09:46:58] <Lunia> nyanyanyanyanyanya, hehehehehehehe
[09:47:03] <TheFlutterGuy> ;-;
[09:47:28] <Lunia> thats what you get for having phone that big
[09:48:04] <TheFlutterGuy> :(
[09:49:02] <Lunia> :)
[09:58:07] *** Quits: MangoBloom (djazz@djazz.se) (Ping timeout: 121 seconds)
[09:58:31] *** Joins: djazz (djazz@Pony-db5lbv.tbcn.telia.com)
[10:00:25] *** djazz is now known as MangoBloom
[10:11:34] <Electron> have you sat on it, TheFlutterGuy?
[10:17:48] <TheFlutterGuy> no, dropped it on the bathroom floor D:
[10:18:36] <Lunia> xD
[10:18:46] <Lunia> mine would never break after that
[10:33:04] <Electron> D:
[11:07:33] <Electron> crush the phone
[11:24:21] <Electron> why do you take your phone with you to the bathroom anyway?
[11:24:37] <TheFlutterGuy> to bathe it
[11:24:46] <Electron> I do not have such habit for instance
[11:25:34] <Electron> to bathe....... a phone?
[11:25:56] <TheFlutterGuy> it was dirty
[11:25:58] <TheFlutterGuy> it had been a bad phone
[11:26:16] <Electron> oooooookaaaaaay
[11:26:31] <Electron> your phone had its own night life?
[11:26:48] <TheFlutterGuy> yup
[11:27:05] <Electron> does it smoke?
[11:27:11] <TheFlutterGuy> no
[11:27:16] <TheFlutterGuy> unless you count crack cokain
[11:27:47] <Electron> so not type such words, FBI is watching us
[11:27:51] <Electron> :P
[12:55:57] *** RedHelper is now known as Creeps|AFK
[13:10:14] <StarStream> yo yo
[13:25:10] <TheFlutterGuy> ok. buying samsung galaxy s6 edge today
[13:34:21] <Electron> well
[13:34:59] <Electron> may I congratulate you with your new phone, TheFlutterGuy?
[13:37:07] <TheFlutterGuy> http://3.bp.blogspot.com/-xVS8VeMHNQg/U5-G8e3pBwI/AAAAAAAB0E0/OLIuM_AO_HY/s1600/78.png
[13:38:36] <Electron> there is a cliche that when a girl recieves a proposal she would be instantly happy
[13:38:45] <Electron> it's not so true
[13:39:41] <TheFlutterGuy> and who did you propose to this time?
[13:40:19] <Electron> me? nopony
[13:45:47] <Electron> why do you think I did something like that?
[14:08:44] <StarStream> very interesting 
[14:08:59] <StarStream> i think i just witness a piece of history
[14:09:18] <StarStream> in which the new horizon space probe fly past pluto 
[14:12:48] <Electron> are you flowing in space atm?
[14:14:40] <StarStream> flowing ?
[14:14:42] <StarStream> nah 
[14:15:08] <Electron> well, you are star stream after all
[14:15:48] <TheFlutterGuy> yeah, it's awesome
[14:18:19] <TheFlutterGuy> https://pbs.twimg.com/media/CJ3tlOJWEAAoKYj.jpg <- purrrdy
[14:19:04] <StarStream> yup
[14:19:17] <StarStream> so much data regarding pluto been obtained 
[14:19:21] <StarStream> because of this milestone
[14:19:52] <TheFlutterGuy> the next year is going to be great
[14:19:59] <TheFlutterGuy> one year of pictures from pluto :3
[14:21:23] <StarStream> is it ?
[14:21:24] <StarStream> nice
[14:21:44] <TheFlutterGuy> yeah, the probe has basically no data connection. 
[14:21:53] <TheFlutterGuy> so it will take a year to transfer all the pictures it snaps
[14:22:35] <StarStream> maybe
[14:24:44] <TheFlutterGuy> https://twitter.com/ProfBrianCox/status/620928822913933313/photo/1 <- pluto is red
[14:25:55] <StarStream> because of this 
[14:26:02] <StarStream> all textbooks have to be rewritten 
[14:26:30] <TheFlutterGuy> so, science is gonna bring is more jobs?
[14:26:33] <TheFlutterGuy> *gasp*
[14:26:56] <StarStream> lol
[14:30:20] <StarStream> hmm.. spending 200 bucks on build a bear eh 
[14:33:38] <StarStream> man cant wait to seriously pay for those items
[14:40:02] <StarStream> yessirie..... 
[14:40:14] <StarStream> cant wait to do funsies stuffies XP 
[14:44:59] <Not-d1fd> Tune in to Atmosfera Brony in 15 minutes on @mlp_la! - http://pvlive.me/bronies_radio_la
[14:52:22] *** Joins: DJMidli (DJMidli@Crazy.Dancing.Canadian.DJ.Pony)
[14:56:39] *** Quits: DJMidli (DJMidli@Crazy.Dancing.Canadian.DJ.Pony) (Ping timeout: 121 seconds)
[15:11:02] <Electron> kay bye
[15:12:00] <Not-d1fd> I'm Brony And I'm Proud: "Episode-027 with Eosphorite" - http://ponyvillelive.com/show/episode/id/39/episode/42959/origin/twitter
[15:36:13] <StarStream> dead
[15:58:03] *** Joins: djazz (djazz@Pony-db5lbv.tbcn.telia.com)
[15:59:09] *** Quits: MangoBloom (djazz@djazz.se) (Ping timeout: 121 seconds)
[16:06:00] <Not-d1fd> Bronyville: "Bronyville Episode 183 – Friendship for Dreamers" - http://ponyvillelive.com/show/episode/id/7/episode/42960/origin/twitter
[16:08:05] *** djazz is now known as MangoBloom
[17:10:39] *** ama|sleep is now known as ama|work
[17:35:51] *** Quits: JockeTF (jocke@Pony-mjg.sl1.132.194.IP) (Quit: Leaving.)
[18:06:01] <Not-d1fd> No Hooves Barred: "Ep. 91 - Tortilla Guilt" - http://ponyvillelive.com/show/episode/id/6/episode/42961/origin/twitter
[18:08:04] *** Joins: LR_72 (~WebChat@Pony-3or.lf5.56.216.IP)
[18:13:07] *** Oatzmeal is now known as Oatz[Sleep]
[18:26:18] *** Quits: LR_72 (~WebChat@Pony-3or.lf5.56.216.IP) (Ping timeout: 121 seconds)
[19:06:02] <Not-d1fd> No Hooves Barred: "Ep. 91 - Tortilla Guilt" - http://ponyvillelive.com/show/episode/id/6/episode/43055/origin/twitter
[19:15:00] <Not-d1fd> Tune in to Tak To Leciało in 15 minutes on Radio Yay! - http://pvlive.me/radio_yay
[19:23:57] *** Acacia is now known as Dusk
[20:37:42] *** Joins: JockeTF (jocke@Pony-14s8b6.siw.siwnet.net)
[20:44:21] * Lunia summons langoliers
[21:36:51] <Electron> http://4.bp.blogspot.com/-kFUD-meDf0s/UGQDxKRe4KI/AAAAAAAA6w4/VBCsUL2dUYQ/s1600/1.jpg
[22:27:01] <Not-d1fd> ILoveKimPossibleAlot: "KP Is Going to BronyCon 2015! Details Here!" - http://ponyvillelive.com/show/episode/id/43/episode/43149/origin/twitter
[23:04:54] *** Quits: JockeTF (jocke@Pony-14s8b6.siw.siwnet.net) (Quit: Leaving.)
[23:36:23] *** Creeps|AFK is now known as RedHelper[NLR]
[23:45:00] <Not-d1fd> Tune in to Xlerb's Xcellent Show in 15 minutes on @celestiaradio! - http://pvlive.me/celestia_radio
