[00:39:29] <JockeTF> Nightpaca! :D
[00:39:31] *** Quits: JockeTF (jocke@Pony-14s8b6.siw.siwnet.net) (Quit: Leaving.)
[00:40:00] <Not-3a2b> Tune in to #ThrowdownThursdays in 15 minutes on @PonyvilleFM! - http://pvlive.me/ponyvillefm
[00:45:00] <Not-3a2b> Tune in to No Hooves Barred in 15 minutes on @TheLunaRadio! - http://pvlive.me/luna_radio
[01:45:01] <Not-3a2b> Tune in to #FugueState with @LimitlessHate (Live Show) in 15 minutes on @PonyvilleFM! - http://pvlive.me/ponyvillefm
[01:46:01] <Not-3a2b> Tune in to Radio is Magic in 15 minutes on @mlp_la! - http://pvlive.me/bronies_radio_la
[02:45:01] <Not-3a2b> Tune in to #ThePermaLink with @TheLinkyo in 15 minutes on @PonyvilleFM! - http://pvlive.me/ponyvillefm
[02:46:01] <Not-3a2b> Tune in to Everfree Signal in 15 minutes on @mlp_la! - http://pvlive.me/bronies_radio_la
[03:42:19] *** Ash[Away] is now known as Ashfire
[03:45:01] <Not-3a2b> Tune in to Twitchy After Dark in 15 minutes on @TVBrony! - http://pvlive.me/bronytv
[04:45:01] <Not-3a2b> Tune in to DJ Kamiaze in 15 minutes on @mlp_la! - http://pvlive.me/bronies_radio_la
[05:32:28] *** ama is now known as ama|sleep
[05:32:30] *** ama|sleep is now known as ama|work
[05:32:32] *** ama|work is now known as ama
[05:45:01] <Not-3a2b> Tune in to Drunken Debachery and Art Hour in 15 minutes on @celestiaradio! - http://pvlive.me/celestia_radio
[06:45:00] <Not-3a2b> Tune in to Mr cbleck Catchy Tun3s in 15 minutes on @mlp_la! - http://pvlive.me/bronies_radio_la
[07:04:25] *** Quits: PaperDerp (PaperDerp@derping.derpinator.derp) (Quit: I should have a message with a long deep meaning here but I'm just going to say bye since that's too corny. So Bye.)
[07:05:40] *** Joins: PaperDerp (PaperDerp@derping.derpinator.derp)
[07:37:44] *** Quits: PaperDerp (PaperDerp@derping.derpinator.derp) (Quit: I should have a message with a long deep meaning here but I'm just going to say bye since that's too corny. So Bye.)
[07:40:36] *** Joins: PaperDerp (PaperDerp@derping.derpinator.derp)
[07:41:28] *** Oatz[Sleep] is now known as Oatzmeal
[07:45:00] <Not-3a2b> Tune in to Retrozone in 15 minutes on @mlp_la! - http://pvlive.me/bronies_radio_la
[08:21:48] *** Quits: PaperDerp (PaperDerp@derping.derpinator.derp) (Quit: I should have a message with a long deep meaning here but I'm just going to say bye since that's too corny. So Bye.)
[08:24:29] *** Joins: PaperDerp (PaperDerp@derping.derpinator.derp)
[08:28:45] *** ama is now known as ama|sleep
[08:38:27] *** Joins: jimm (Nintendo3DS@Pony-eeqc0u.res.rr.com)
[08:40:15] *** jimm is now known as ldyeax
[08:42:31] *** RedHelper is now known as Creeps|AFK
[08:43:46] *** Ashfire is now known as Ash[Away]
[09:01:07] *** ButterBean is now known as Dragony
[09:02:14] *** Dragony is now known as ButterBean
[09:02:20] *** ButterBean is now known as ShadowPony
[09:45:03] <Not-3a2b> Tune in to Vintage Zone in 15 minutes on @mlp_la! - http://pvlive.me/bronies_radio_la
[10:28:22] *** McKey is now known as McKey_Live
[10:39:14] *** Joins: JockeTF (jocke@Pony-mjg.sl1.132.194.IP)
[10:41:44] <JockeTF> Hellopaca!
[13:08:29] * Electron has arrived here exhausted
[13:08:39] <Lunia_HEL> hi
[13:09:19] <Electron> (º-º )
[13:09:56] <Electron> hello my dearest internet friends
[13:10:06] <Electron> how are you doing y'all?
[13:10:16] <Lunia_HEL> hello number 79
[13:10:32] <Lunia_HEL> Im in the bathroom
[13:10:43] <Lunia_HEL> prepari ng royal bath
[13:10:49] <Electron> but I'm not
[13:11:21] <Lunia_HEL> you are not in the bathroom?
[13:12:40] <Electron> I'm not
[13:12:56] <Lunia_HEL> you are nut yes
[13:13:16] * Electron looks around
[13:13:22] <Electron> I do not see any baths
[13:13:33] <Lunia_HEL> its a shower
[13:13:42] <Electron> I do not see any showers too
[13:13:52] <Electron> wait
[13:13:53] <Lunia_HEL> your eyes are closed
[13:13:55] <Lunia_HEL> brb
[13:13:56] <TheFlutterGuy> not a golden shower?
[13:14:00] <Electron> how do you type from the shower?
[13:14:11] <Lunia_HEL> with keyboard
[13:14:20] <TheFlutterGuy> with her hoofsies
[13:14:20] <TheFlutterGuy> stupid
[13:14:21] <Electron> what keyboard?
[13:14:30] <Lunia_HEL> danish keyboard
[13:14:32] <Electron> (º-º )
[13:14:48] <Electron> where is that keyboard placed?
[13:14:49] <Lunia_HEL> afk
[13:15:49] * Electron thinks that TheFlutterGuy is a meanie
[13:16:11] * Lunia_HEL pushes Electron on the ground
[13:16:15] <Lunia_HEL> think again
[13:16:29] * Electron still thinks that TheFlutterGuy is a meanie
[13:17:30] <TheFlutterGuy> D:
[13:17:34] <TheFlutterGuy> i'm innocent in all of this
[13:17:35] <TheFlutterGuy> ;-;
[13:17:39] <TheFlutterGuy> screw you pones
[13:17:42] <TheFlutterGuy> i'm going home
[13:19:41] * Electron watching TheFlutterGuy
[13:36:09] <TheFlutterGuy> haha. 3 "music of the day" left
[13:36:16] <TheFlutterGuy> besides for that, i am up to date on EqD
[13:36:28] <TheFlutterGuy> Damn it has been hard to catch up
[13:38:05] <Electron> I do the same for now
[13:38:15] <Electron> in a catching up ride
[13:38:25] <TheFlutterGuy> i was up to like.. 400 messages behind
[13:38:57] <Electron> oh jesus
[13:39:02] <Electron> 400 messages
[13:53:22] *** Quits: PaperDerp (PaperDerp@derping.derpinator.derp) (Ping timeout: 121 seconds)
[13:55:16] <Electron> the real question is:
[13:55:42] <Electron> how strong Moondancer in using magic?
[13:58:41] * Electron wanted to offer a cookie to MirSar but stumbles and crumbles the cookie upon MirSar's face
[14:02:18] <Lunia_HEL> haha
[14:02:32] <Electron>  D:
[14:04:45] <Electron> why do you take a keyboard to a shower with you, Lunia_HEL?
[14:05:34] <Lunia_HEL> to type in the shower
[14:06:22] <Electron> but I thought people usually do other things in a shower
[14:08:16] <Lunia_HEL> im not people
[14:08:25] <Electron> me too
[14:10:28] <Lunia_HEL> we are people
[14:10:43] * StarStream appear from shadow
[14:11:20] * Electron startles
[14:11:22] <Lunia_HEL> oh no a pear D:
[14:13:20] <StarStream> ?
[14:13:24] <Lunia_HEL> a pear from the shadow
[14:13:30] <StarStream> oh
[14:14:04] <StarStream> pear is good
[14:14:08] * StarStream munch on a pear
[15:06:00] <Not-3a2b> Scribbler's Pony Tales: "Oh Babble Scribbler! [MLP Podcast] ‘G1 vs. G4’ [with Goombasa]" - http://ponyvillelive.com/show/episode/id/11/episode/44427/origin/twitter
[15:07:12] <JockeTF> A L P A C A S
[15:25:02] <StarStream> nice!
[17:01:55] *** ama|sleep is now known as ama|work
[18:01:51] *** Quits: JockeTF (jocke@Pony-mjg.sl1.132.194.IP) (Quit: Leaving.)
[18:45:01] <Not-3a2b> Tune in to No Hooves Bared in 15 minutes on @sonicradioboom! - http://pvlive.me/sonic_radioboom
[18:48:18] *** Quits: Lunia_HEL (ellen@ChumPony.Enterprises) (Ping timeout: 121 seconds)
[19:12:18] *** Creeps|AFK is now known as RedHelper
[19:15:01] *** Joins: WubzyWubbles (WubzyWubble@Pony-v3abes.tmodns.net)
[19:23:39] *** Joins: Lunia (ellen@ChumPony.Enterprises)
[19:45:01] <Not-3a2b> Tune in to #TheAmbleGait with @Kyderra (Live Mix) in 15 minutes on @PonyvilleFM! - http://pvlive.me/ponyvillefm
[20:00:01] <Not-3a2b> Tune in to Stimmen des Fandoms (@GuenzBrony & Rainbow Rocks) in 15 minutes on @bronyradioger! - http://pvlive.me/brony_radio_germany
[20:16:00] <Not-3a2b> Tune in to Stimmen des Fandoms (@GuenzBrony & Rainbow Rocks) in 15 minutes on @bronyradioger! - http://pvlive.me/brony_radio_germany
[20:45:01] <Not-3a2b> Tune in to New Music Friday in 15 minutes on @BestPonyRadio! - http://pvlive.me/best_pony_radio
[20:46:00] <Not-3a2b> Tune in to Party vs Party in 15 minutes on @mlp_la! - http://pvlive.me/bronies_radio_la
[20:53:27] *** Lunia is now known as Lunia_
[20:53:30] *** Lunia_ is now known as Lunia2
[20:53:45] *** Lunia2 is now known as Lunia
[21:05:59] <Not-3a2b> No Hooves Barred: "Ep. 92 - Random Email Bonanza!" - http://ponyvillelive.com/show/episode/id/6/episode/44428/origin/twitter
[21:45:01] <Not-3a2b> Tune in to Royals Top 10 Songs in 15 minutes on @AlicornRadio! - http://pvlive.me/alicorn_radio
[21:49:00] * Electron fluffs Lunia up
[22:21:06] <Lunia> nay
[22:22:06] <Electron> http://orig00.deviantart.net/c32b/f/2011/326/e/9/warcraft_be_draenei_pony_by_ryumo-d4gxovh.png
[22:22:11] <Electron> oh buck
[22:22:25] <Electron> don't click that link, I missed the chat
[22:22:29] <Electron> 	:C
[22:27:33] <Lunia> i clicked that
[23:10:26] *** Joins: PaperDerp[MMM] (PaperDerp@derping.derpinator.derp)
[23:14:59] *** PaperDerp[MMM] is now known as PaperDerp
[23:35:34] *** Quits: WubzyWubbles (WubzyWubble@Pony-v3abes.tmodns.net) (Quit: Leaving)
[23:45:01] <Not-3a2b> Tune in to Random Pony Media in 15 minutes on @TVBrony! - http://pvlive.me/bronytv
[23:46:01] <Not-3a2b> Tune in to Friday Night Live with SRB in 15 minutes on @SonicRadioBoom! - http://pvlive.me/sonicradioboom_tv
