[00:05:53] *** Creeps|AFK is now known as RedHelper
[00:22:38] *** Joins: WeAreBorg (WeAreBorg@Resistance.Is.Futile)
[00:22:38] *** Luna sets mode: +ao WeAreBorg WeAreBorg
[00:24:48] *** Quits: WeAreBorgPony (WeAreBorg@Resistance.Is.Futile) (Ping timeout: 121 seconds)
[00:45:03] <Not-1462> Tune in to la hora bizarra de talamir! in 15 minutes on @mlp_la! - http://pvlive.me/bronies_radio_la
[00:46:01] <Not-1462> Tune in to #ROAR w/ @Lyonizemusic (Live Mix) in 15 minutes on @PonyvilleFM! - http://pvlive.me/ponyvillefm
[00:46:43] <Electron> Neigh.
[00:46:55] <Electron> Neigh neigh.
[01:55:03] *** Joins: LR_10 (~WebChat@Pony-53lfuq.hstntx.sbcglobal.net)
[01:55:42] *** Parts: LR_10 (~WebChat@Pony-53lfuq.hstntx.sbcglobal.net) ("")
[01:57:02] <Not-1462> Scribbler's Pony Tales: "MLP Comic Dub: ‘The Unmarkening’ (dark)" - http://ponyvillelive.com/show/episode/id/11/episode/47059/origin/twitter
[02:00:14] *** Joins: Dinner (~WebChat@Pony-53lfuq.hstntx.sbcglobal.net)
[02:00:28] *** Quits: Dinner (~WebChat@Pony-53lfuq.hstntx.sbcglobal.net) (Quit: Page closed)
[02:00:49] *** Joins: Dinner (dxfivioeysi@Pony-53lfuq.hstntx.sbcglobal.net)
[02:02:16] *** Quits: Dinner (dxfivioeysi@Pony-53lfuq.hstntx.sbcglobal.net) (Quit: lightIRC.com Flash IRC Client)
[02:45:03] <Not-1462> Tune in to #DropZone: Vortex w/ @AerialPVFM in 15 minutes on @PonyvilleFM! - http://pvlive.me/ponyvillefm
[02:46:02] <Not-1462> Tune in to Symphony of the shy in 15 minutes on @mlp_la! - http://pvlive.me/bronies_radio_la
[02:47:01] <Not-1462> Tune in to #Pony411 w/ @Pony411 in 15 minutes on @PonyvilleFM! - http://pvlive.me/ponyvillefm
[03:16:25] *** Joins: Squirrel__ (dj@Pony-b5mqqn.dyn.plus.net)
[03:18:54] *** Quits: Sleepypony (dj@Pony-b5mqqn.dyn.plus.net) (Ping timeout: 121 seconds)
[03:58:49] *** ama|work is now known as ama
[04:38:06] *** Quits: Cloud_Zephyr (uid114963@all.the.booty) (Quit: Connection closed for inactivity)
[04:45:03] <Not-1462> Tune in to DJ Kamiaze in 15 minutes on @mlp_la! - http://pvlive.me/bronies_radio_la
[05:07:11] *** Quits: Squirrel__ (dj@Pony-b5mqqn.dyn.plus.net) (Quit: Leaving)
[06:03:33] *** RedHelper is now known as Creeps|AFK
[06:09:34] *** ama is now known as ama|sleep
[06:28:35] *** Quits: nnnn20430 (nnnn20430@mindcraft.si.eu.org) (Quit: ZNC 1.7.x-git-219-0d8083e - http://znc.in)
[06:42:28] *** Joins: nnnn20430 (nnnn20430@mindcraft.si.eu.org)
[06:45:02] <Not-1462> Tune in to After hours in 15 minutes on @mlp_la! - http://pvlive.me/bronies_radio_la
[06:54:21] *** Quits: nnnn20430 (nnnn20430@mindcraft.si.eu.org) (The TLS connection was non-properly terminated.)
[06:58:42] *** Joins: nnnn20430 (nnnn20430@mindcraft.si.eu.org)
[07:15:02] <Not-1462> Tune in to Undertale Covers/Remixes (Blame @Ethan_Pow) in 15 minutes on @AlicornRadio! - http://pvlive.me/alicorn_radio
[07:45:02] <Not-1462> Tune in to Retrozone in 15 minutes on @mlp_la! - http://pvlive.me/bronies_radio_la
[08:45:08] *** Joins: Lunia (ellen@ChumPony.Enterprises)
[08:52:08] *** Quits: nnnn20430 (nnnn20430@mindcraft.si.eu.org) (Quit: ZNC 1.7.x-git-219-0d8083e - http://znc.in)
[08:54:06] *** Joins: nnnn20430 (nnnn20430@mindcraft.si.eu.org)
[09:44:18] *** Joins: Cryingcolt (WebChat@Pony-dr3.72p.79.172.IP)
[09:45:03] <Not-1462> Tune in to Vintage Zone in 15 minutes on @mlp_la! - http://pvlive.me/bronies_radio_la
[09:45:39] *** Quits: Cryingcolt (WebChat@Pony-dr3.72p.79.172.IP) (Quit: Page closed)
[09:45:57] *** Joins: Somberdragon (qmeduzsgthu@Pony-dr3.72p.79.172.IP)
[09:46:54] <Lunia> helloo~
[10:09:02] *** Quits: nnnn20430 (nnnn20430@mindcraft.si.eu.org) (Ping timeout: 121 seconds)
[10:16:06] *** Joins: nnnn20430 (nnnn20430@mindcraft.si.eu.org)
[10:45:02] <Not-1462> Tune in to #ZebrasusInbound: Flight Line Rave w/ @Rave_Darkness (Live Set) in 15 minutes on @PonyvilleFM! - http://pvlive.me/ponyvillefm
[10:46:13] *** Quits: Somberdragon (qmeduzsgthu@Pony-dr3.72p.79.172.IP) (Quit: lightIRC.com Flash IRC Client)
[14:47:40] *** ama|sleep is now known as ama|work
[15:11:26] *** Quits: Caerdwyn (caepone@always.broken.sometimes.patched.finally.fixed) (Quit: .)
[15:27:45] *** Joins: Cloud_Zephyr (uid114963@Pony-j87rm0.brockwell.irccloud.com)
[16:03:22] *** Quits: WeAreBorg (WeAreBorg@Resistance.Is.Futile) (Ping timeout: 121 seconds)
[16:05:23] *** Joins: WeAreBorg (WeAreBorg@Resistance.Is.Futile)
[16:05:23] *** Luna sets mode: +ao WeAreBorg WeAreBorg
[16:10:52] *** Electron is now known as Electron^Gaming
[16:47:17] *** Joins: LR_43 (WebChat@Pony-jolalm.dip0.t-ipconnect.de)
[17:01:24] *** Quits: LR_43 (WebChat@Pony-jolalm.dip0.t-ipconnect.de) (Ping timeout: 121 seconds)
[17:45:05] *** Joins: Caerdwyn (caepone@always.broken.sometimes.patched.finally.fixed)
[17:52:36] *** Quits: WeAreBorg (WeAreBorg@Resistance.Is.Futile) (Quit: Leaving)
[17:52:51] *** Joins: WeAreBorg (WeAreBorg@Resistance.Is.Futile)
[17:52:51] *** Luna sets mode: +ao WeAreBorg WeAreBorg
[18:08:29] *** Quits: Lunia (ellen@ChumPony.Enterprises) (Quit: Konversation terminated!)
[18:32:58] *** Electron^Gaming is now known as Electron
[20:45:02] <Not-1462> Tune in to #CheddarWednesday w/ @AerialPVFM in 15 minutes on @PonyvilleFM! - http://pvlive.me/ponyvillefm
[20:46:46] *** Joins: JockeTF (jocke@Pony-spiqt2.priv.bahnhof.se)
[20:53:34] *** Joins: LR_22 (WebChat@Pony-gpda51.bigpond.net.au)
[20:57:02] <Not-1462> Scribbler's Pony Tales: "Scribbler’s 60K Subscriber Special: The Trailer" - http://ponyvillelive.com/show/episode/id/11/episode/47061/origin/twitter
[20:57:35] *** Quits: LR_22 (WebChat@Pony-gpda51.bigpond.net.au) (Ping timeout: 121 seconds)
[21:26:28] *** Creeps|AFK is now known as RedHelper
[22:07:36] *** Joins: Lunia (ellen@ChumPony.Enterprises)
[22:10:18] *** Quits: Lunia (ellen@ChumPony.Enterprises) (Quit: Konversation terminated!)
[22:13:02] <Not-1462> Audio Stories From Spike: "#BroniesFreeTime - КАК СПАЙК ПРОВОДИТ СВОЕ СВОБОДНОЕ ВРЕМЯ" - http://ponyvillelive.com/show/episode/id/31/episode/47063/origin/twitter
[22:38:11] *** Quits: JockeTF (jocke@Pony-spiqt2.priv.bahnhof.se) (Quit: Leaving.)
[23:19:07] *** Dusk is now known as Dawn
[23:25:17] *** MKody is now known as MKody|Busy
[23:36:47] * Electron snorts
