[00:29:29] <Electron> Goodnight, guys.
[00:30:05] *** Quits: Electron (Miranda@Pony-67clrq.is74.ru) (Quit: Miranda IM! Smaller, Faster, Easier. http://miranda-im.org)
[00:45:02] <Not-56c5> Tune in to #DropZone: Thunderhead Drum 'n' Bass w/ @AerialPVFM in 15 minutes on @PonyvilleFM! - http://pvlive.me/ponyvillefm
[01:15:59] *** Quits: SnowHeart (lhmufrimtiq@Pony-dj5act.retail.telecomitalia.it) (Quit: Watch and listen live at http://pvlive.me)
[01:28:23] *** Quits: Pencil_Sketch (jdoragdqtbf@Pony-us4njj.0vti.snjs.a000.2606.IP) (Quit: Watch and listen live at http://pvlive.me)
[01:28:41] *** Joins: Pencil_Sketch (jdoragdqtbf@Pony-us4njj.0vti.snjs.a000.2606.IP)
[01:45:01] <Not-56c5> Tune in to Sugar cube corner in 15 minutes on @mlp_la! - http://pvlive.me/bronies_radio_la
[03:45:02] <Not-56c5> Tune in to No Hooves Barred in 15 minutes on @TVBrony! - http://pvlive.me/bronytv
[03:46:01] <Not-56c5> Tune in to Medicina Brony in 15 minutes on @mlp_la! - http://pvlive.me/bronies_radio_la
[04:06:14] *** Nexus is now known as NexSleep
[04:39:01] <Not-56c5> Lycan Dese Beats: "Lycan Dese Beats - Episode 39 - Bronies for Good. Seeds of Kindness: Building Bridges..." - http://ponyvillelive.com/show/episode/id/50/episode/47232/origin/twitter
[04:45:03] <Not-56c5> Tune in to hora del rock in 15 minutes on @mlp_la! - http://pvlive.me/bronies_radio_la
[04:49:33] *** Stimpy is now known as Sakura
[05:45:02] <Not-56c5> Tune in to great and powerful info and music for all! in 15 minutes on @mlp_la! - http://pvlive.me/bronies_radio_la
[06:45:20] *** RedHelper is now known as Creeps|AFK
[07:43:08] *** Joins: PVL_9625 (ljoboaolfts@Pony-3ff.lmj.84.97.IP)
[07:45:02] <Not-56c5> Tune in to Retrozone in 15 minutes on @mlp_la! - http://pvlive.me/bronies_radio_la
[07:56:14] *** Quits: PVL_9625 (ljoboaolfts@Pony-3ff.lmj.84.97.IP) (Quit: Watch and listen live at http://pvlive.me)
[09:15:42] *** ama is now known as ama|sleep
[09:18:44] *** Joins: Lunia (ellen@ChumPony.Enterprises)
[09:42:08] *** Joins: JockeTF (jocke@Pony-mjg.sl1.132.194.IP)
[09:45:01] <Not-56c5> Tune in to Vintage Zone in 15 minutes on @mlp_la! - http://pvlive.me/bronies_radio_la
[09:45:15] <JockeTF> Hellopaca, everypony!
[09:45:35] <Lunia> hihii
[10:20:05] <TheFlutterGuy> brr.r so cold outside
[10:20:12] <TheFlutterGuy> Lunia: now is when i really enjoy not smoking ^^
[10:21:29] <Lunia> ^^
[10:25:14] * JockeTF likes that the winter finally has arrived. :D
[10:33:01] * TheFlutterGuy screams and flees from the zombies
[14:05:18] *** Joins: Justan-Apple (afvwpbrogmq@Pony-pu191s.dsl-w.verizon.net)
[14:05:25] <Justan-Apple> hello
[14:05:44] <Justan-Apple> anypony out there
[14:09:06] <JockeTF> Eeyup.
[14:11:00] *** Quits: Justan-Apple (afvwpbrogmq@Pony-pu191s.dsl-w.verizon.net) (Quit: Watch and listen live at http://pvlive.me)
[14:11:35] *** Lunia is now known as Lunia_Anchorweek
[14:28:14] *** Quits: PaperDerp (PaperDerp@derping.derpinator.derp) (Ping timeout: 121 seconds)
[14:45:02] <Not-56c5> Tune in to #MellowMonday in 15 minutes on @BronydomNetwork! - http://pvlive.me/bronydom_radio
[14:57:02] <Not-56c5> The Undercover Brony: "Ponyville Ciderfest Days 1-3" - http://ponyvillelive.com/show/episode/id/14/episode/47233/origin/twitter
[16:06:51] *** Joins: LR_05 (WebChat@Pony-rje.v9u.215.91.IP)
[16:07:09] *** Quits: LR_05 (WebChat@Pony-rje.v9u.215.91.IP) (Quit: Page closed)
[16:28:05] *** Lunia_Anchorweek is now known as Lunia
[16:33:35] *** Lunia is now known as Lunia2
[16:33:51] *** Lunia2 is now known as Lunia_Anchorweek
[16:34:19] *** Quits: Lunia_Anchorweek (ellen@ChumPony.Enterprises) (Connection closed)
[16:34:32] *** Joins: Lunia (ellen@ChumPony.Enterprises)
[16:38:39] *** Joins: ArchPegasusMichael_ (Michael89pl@Pony-l65e94.przeworsk.mm.pl)
[16:41:20] *** Quits: ArchPegasusMichael_ (Michael89pl@Pony-l65e94.przeworsk.mm.pl) (Quit: Connection closed)
[17:06:11] *** ama|sleep is now known as ama|work
[17:26:37] *** Quits: JockeTF (jocke@Pony-mjg.sl1.132.194.IP) (Quit: Leaving.)
[17:45:45] *** Joins: TSparkle3395 (Krillik@Owner.ARBronyRadio.com)
[18:28:42] *** Quits: TSparkle3395 (Krillik@Owner.ARBronyRadio.com) (Quit: Leaving)
[18:37:02] <Not-56c5> FOB Equestria: "FOB Equestria Podcast #037: Military Motivations, Bullying, and Pinkie Knows" - http://ponyvillelive.com/show/episode/id/13/episode/47234/origin/twitter
[20:35:37] *** Quits: WeAreBorgPony (WeAreBorg@Resistance.Is.Futile) (Connection closed)
[20:35:56] *** Joins: WeAreBorgPony (WeAreBorg@Resistance.Is.Futile)
[20:35:56] *** Luna sets mode: +ao WeAreBorgPony WeAreBorgPony
[20:36:56] *** Quits: ButterBean (Dragony@Pony-458.d8k.20.198.IP) (Ping timeout: 121 seconds)
[20:39:02] *** Joins: Dragony (Dragony@Pony-458.d8k.20.198.IP)
[20:39:31] *** Dragony is now known as Pony_5323
[20:45:02] <Not-56c5> Tune in to Off Scripted in 15 minutes on @TVBrony! - http://pvlive.me/bronytv
[20:54:17] *** Joins: Electron (Miranda@Pony-221hka.is74.ru)
[21:03:13] *** Joins: Caerdwyn (caepone@always.broken.sometimes.patched.finally.fixed)
[21:35:19] *** Joins: Maria (~WebChat@Pony-csd.2tc.191.189.IP)
[21:39:35] *** Creeps|AFK is now known as RedHelper
[21:44:41] *** Quits: Maria (~WebChat@Pony-csd.2tc.191.189.IP) (Quit: Page closed)
[22:04:02] <Not-56c5> Sandy's Stories: "Swayback Mountain by ButterscotchSundae - Chapter 1 [SHIPFIC]" - http://ponyvillelive.com/show/episode/id/65/episode/47235/origin/twitter
[22:47:16] *** Joins: PaperDerp (PaperDerp@derping.derpinator.derp)
[23:30:35] *** Quits: PVL-MX_9589 (hwtjmrzkalq@Pony-1pcj0u.upc-h.chello.nl) (Connection closed)
[23:45:02] <Not-56c5> Tune in to @R3ctifier - 404 Show Name Not Found in 15 minutes on @BronydomNetwork! - http://pvlive.me/bronydom_radio
[23:46:02] <Not-56c5> No Hooves Barred: "Ep. 110 - Rara Ooh-La-la" - http://ponyvillelive.com/show/episode/id/6/episode/47236/origin/twitter
[23:56:30] *** RedHelper is now known as DerpyWings
[23:58:50] *** DerpyWings is now known as RedHelper
