[00:01:32] *** Quits: nnnn20430 (nnnn20430@mindcraft.si.eu.org) (The TLS connection was non-properly terminated.)
[00:03:03] <Not-1462> Sandy's Stories: "Mendacity by Dromicosuchus - Chapter 7" - http://ponyvillelive.com/show/episode/id/65/episode/47156/origin/twitter
[00:17:16] *** Joins: nnnn20430 (nnnn20430@mindcraft.si.eu.org)
[00:44:04] <Electron> That's not mine, though, ArchPegasusMichael.
[00:44:19] <ArchPegasusMichael> I know ~
[01:28:14] *** Oatz[OUTz] is now known as Oatzmeal
[01:45:02] <Not-1462> Tune in to Social Night in 15 minutes on @TVBrony! - http://pvlive.me/bronytv
[01:46:01] <Not-1462> Tune in to TreeTime in 15 minutes on @celestiaradio! - http://pvlive.me/celestia_radio
[01:47:02] <Not-1462> Tune in to Sugar cube corner in 15 minutes on @mlp_la! - http://pvlive.me/bronies_radio_la
[02:06:51] *** Quits: Midli (DJMidli@Crazy.Dancing.Canadian.DJ.Pony) (Quit: )
[02:18:03] *** Quits: MKody (MKody97[NLR@kdy.ch) (Ping timeout: 121 seconds)
[02:38:09] <Sakura> You play Euro Truck now, SilverEagle?
[02:43:05] *** Joins: MKody (MKody97[NLR@kdy.ch)
[02:45:03] <Not-1462> Tune in to #TheWootmasterShow (Live Mix) in 15 minutes on @PonyvilleFM! - http://pvlive.me/ponyvillefm
[02:59:54] *** Quits: Electron (Miranda@Pony-prtqqi.is74.ru) (Quit: Miranda IM! Smaller, Faster, Easier. http://miranda-im.org)
[03:36:38] *** ama|work is now known as ama
[03:45:02] <Not-1462> Tune in to 8-Bit Sex (18+) in 15 minutes on @celestiaradio! - http://pvlive.me/celestia_radio
[03:46:03] <Not-1462> Tune in to 'Twilight Zone in 15 minutes on @mlp_la! - http://pvlive.me/bronies_radio_la
[03:47:02] <Not-1462> Tune in to #CoreControl with @Awal__ (DJ Mix) in 15 minutes on @PonyvilleFM! - http://pvlive.me/ponyvillefm
[04:33:02] <Not-1462> [18+] The Perma-Link: "The Perma-Link #062: ARIACORE ft. DJ Aria" - http://ponyvillelive.com/show/episode/id/60/episode/47157/origin/twitter
[04:45:02] <Not-1462> Tune in to Memories to play in 15 minutes on @mlp_la! - http://pvlive.me/bronies_radio_la
[04:46:01] <Not-1462> Tune in to BringTheBestBrony (@Azazel_Brony) in 15 minutes on @BronydomNetwork! - http://pvlive.me/bronydom_radio
[05:45:02] <Not-1462> Tune in to #MusicIsTimeless with @sherlockboy123 in 15 minutes on @PonyvilleFM! - http://pvlive.me/ponyvillefm
[06:36:33] *** Oatzmeal is now known as Oatz[Sleep]
[06:45:03] <Not-1462> Tune in to Lunacy in 15 minutes on @celestiaradio! - http://pvlive.me/celestia_radio
[06:46:02] <Not-1462> Tune in to the great and powerful mid. howls in 15 minutes on @mlp_la! - http://pvlive.me/bronies_radio_la
[09:43:46] *** Joins: Lunia (ellen@ChumPony.Enterprises)
[10:53:19] *** Joins: Electron (Miranda@Pony-prtqqi.is74.ru)
[12:38:47] *** Joins: PVL_2071 (eeigkodhvrs@Pony-53ferm.dyn.optonline.net)
[12:39:03] *** Quits: PVL_2071 (eeigkodhvrs@Pony-53ferm.dyn.optonline.net) (Quit: Watch and listen live at http://pvlive.me)
[12:45:30] *** Oatz[Sleep] is now known as Oatzmeal
[13:40:23] *** Quits: Eivel (Eivel@Keep.Calm.and.Pony.On) (Ping timeout: 121 seconds)
[14:55:53] *** Joins: Sleepypony (dj@Pony-nabpa2.dyn.plus.net)
[15:32:36] *** Joins: JockeTF (jocke@Pony-spiqt2.priv.bahnhof.se)
[15:38:41] * TheFlutterGuy is only 4 Music of the day behind. :D
[15:49:15] * ArchPegasusMichael stopped caring even for Spotlights long ago
[15:50:59] <TheFlutterGuy> i guess i'm still newbeans
[15:51:38] <ArchPegasusMichael> I only check EQD if DerpyBot links something while I'm watching the channel
[15:58:47] *** Electron is now known as El
[16:15:02] <Not-1462> Tune in to Diffusion MLPS5 sur la page de Live in 15 minutes on @RadioBrony! - http://pvlive.me/radio_brony
[16:45:02] <Not-1462> Tune in to Historia y Reflexiones in 15 minutes on @mlp_la! - http://pvlive.me/bronies_radio_la
[16:52:04] *** ama is now known as amaway
[17:24:48] *** Quits: Shutter (tips@why.did.you.even.rope.me.into.this) (Quit: Poni?)
[17:25:03] *** Joins: Shutter (tips@why.did.you.even.rope.me.into.this)
[17:45:02] <Not-1462> Tune in to After-Show in 15 minutes on @RadioBrony! - http://pvlive.me/radio_brony
[17:46:02] <Not-1462> Tune in to Общественное Радио Табуна. Гости - организаторы D3ЯP FEST in 15 minutes on @RadioEverypony! - http://pvlive.me/radio_everyponyru
[19:09:03] *** Dawn is now known as Dusk
[19:17:38] <Sakura> BronyTV is doing a live TF2 stream playing on the PVL/EQD Barnyard server. Who wants to join?
[19:31:10] <El> The link?
[19:44:13] <Sakura> Server or stream?
[19:45:03] <Not-1462> Tune in to #SugarRush with @Mushrooshi (Live Mix) in 15 minutes on @PonyvilleFM! - http://pvlive.me/ponyvillefm
[20:10:58] <El> The stream.
[20:16:40] <Sakura> http://bronytv.net
[20:45:02] <Not-1462> Tune in to Radio Libre in 15 minutes on @RadioBrony! - http://pvlive.me/radio_brony
[20:46:02] <Not-1462> Tune in to Retrozone Level up! in 15 minutes on @mlp_la! - http://pvlive.me/bronies_radio_la
[20:47:02] <Not-1462> Tune in to Plötzliches Guenz #Comeback in 15 minutes on @bronyradioger! - http://pvlive.me/brony_radio_germany
[20:47:04] <Not-1462> Scribbler's Pony Tales: "60k Subscriber Special: Frustration is Magic (Blooper Reel)" - http://ponyvillelive.com/show/episode/id/11/episode/47158/origin/twitter
[20:50:34] <El> Who is who?
[21:38:51] *** amaway is now known as ama
[22:25:10] *** Quits: JockeTF (jocke@Pony-spiqt2.priv.bahnhof.se) (Quit: Leaving.)
[22:30:35] *** Oatzmeal is now known as Oatz[Nap]
[22:40:42] *** Joins: anonymous (user_anonym@Pony-hkl.5ik.177.190.IP)
[22:41:04] <anonymous> Hi SilverEagle
[22:41:43] *** Parts: anonymous (user_anonym@Pony-hkl.5ik.177.190.IP) ()
[23:45:02] <Not-1462> Tune in to #Mixology with @DJOneTrick & @DJMidli (Live Mix) in 15 minutes on @PonyvilleFM! - http://pvlive.me/ponyvillefm
