[10:00:14] *** Joins: McKey (Kordus@Pony-vb7.quj.222.92.IP)
[10:00:15] *** Server sets mode: +PSnt 
[10:22:51] *** Quits: CorpulentBrony (corpubro@Pony-n53ngp.ponytonite.com) (Quit: leaving)
[10:24:18] *** Joins: CorpulentBrony (CorpulentBr@Pony-n53ngp.ponytonite.com)
[10:31:44] *** Quits: PaperDerp (PaperDerp@derping.derpinator.derp) (Ping timeout: 121 seconds)
[11:00:34] *** Dusk is now known as Selina
[11:45:03] <Not-f6d7> Tune in to @ibaipshow - I'm Brony and I'm Proud in 15 minutes on @TheHiveRadio! - http://pvlive.me/the_hive_radio
[11:54:31] *** Joins: FlutterTree (FlutterTree@Pony-ghupjg.res.rr.com)
[12:00:16] *** Quits: FlutterTree (FlutterTree@Pony-ghupjg.res.rr.com) (Ping timeout: 121 seconds)
[13:01:57] *** Quits: Flashy (IceChat9@Fast.Blue.Pegasus) (Quit: Depression is merely anger without enthusiasm)
[13:11:39] *** Joins: PaperDerp (PaperDerp@derping.derpinator.derp)
[13:58:43] *** Joins: Lunia (ellen@ChumPony.Enterprises)
[14:32:04] <Not-f6d7> Radio Libre: ""Pirater c'pas bien, m'voyez ?", Fallout 4 et..." - http://ponyvillelive.com/show/episode/id/33/episode/31403/origin/twitter
[14:32:35] *** Joins: PVL_0 (ouachbbwgsa@Pony-seqv28.range86-144.btcentralplus.com)
[14:40:38] *** Quits: PVL_0 (ouachbbwgsa@Pony-seqv28.range86-144.btcentralplus.com) (Quit: Watch and listen live at http://pvlive.me)
[14:45:05] <Not-f6d7> Tune in to Morning Melodies in 15 minutes on @TheLunaRadio! - http://pvlive.me/luna_radio
[14:46:09] <Not-f6d7> Tune in to #Pivotism (Live Mix) in 15 minutes on @PonyvilleFM! - http://pvlive.me/ponyvillefm
[14:47:03] <Not-f6d7> Tune in to The Mid-Night Ghost in 15 minutes on @ManeFrameRadio! - http://pvlive.me/maneframeradio
[15:02:08] *** Joins: BurntMango (vhyecfayubk@Pony-7dggh6.albq.qwest.net)
[15:15:25] *** ama|sleep is now known as amaway
[15:33:55] *** Quits: BurntMango (vhyecfayubk@Pony-7dggh6.albq.qwest.net) (Quit: lightIRC.com Flash IRC Client)
[15:45:04] <Not-f6d7> Tune in to Lampovaya Besedka in 15 minutes on @RadioMyBrony! - http://pvlive.me/radio_mybrony
[15:46:04] <Not-f6d7> Tune in to !!Out Of MLP!! in 15 minutes on @bronyradioger! - http://pvlive.me/brony_radio_germany
[17:15:05] *** Quits: DerpyAce (PonyAce@Pony-rah9rp.ga.charter.com) (Ping timeout: 121 seconds)
[17:51:40] <Sakura> Mew
[17:52:20] * Sakura is looking adorable today
[17:52:29] <Lunia> nice
[17:53:21] * Sakura kitty cat eyes Lunia & mews
[17:53:43] <Sakura> I wuv yew :3
[17:55:06] <Lunia> *adorableness doesnt work on creatures of darkness*
[17:55:49] <TheFlutterGuy> Lunia: you seem pretty adorable to me ;)
[17:56:49] <Lunia> you are blind
[17:57:31] <TheFlutterGuy> you didn't have to poke out my eyes ;-;
[17:57:44] * Sakura grabs a knife with her teeth, takes it to Lunia & drops it before mewing
[17:58:37] <Lunia> thanks
[17:59:01] * Lunia picks up a knife and kills Sakura with it
[17:59:14] <Sakura> Nuuuuuuuu
[18:03:02] *** Joins: MidniteDew (user@Pony-f7d.s3t.221.82.IP)
[18:09:53] *** Joins: FlutterTree (FlutterTree@Pony-ghupjg.res.rr.com)
[18:21:24] *** Quits: FlutterTree (FlutterTree@Pony-ghupjg.res.rr.com) (Ping timeout: 121 seconds)
[18:45:04] <Not-f6d7> Tune in to New Song Sunday! in 15 minutes on @EveryponyRadio! - http://pvlive.me/everypony_radio
[18:46:04] <Not-f6d7> Tune in to Melody afternoon in 15 minutes on @mlp_la! - http://pvlive.me/bronies_radio_la
[18:46:22] *** amaway is now known as ama
[18:48:13] *** Joins: FlutterTree (FlutterTree@Pony-ghupjg.res.rr.com)
[18:48:28] *** Joins: MaskedPony (MaskedPony@Pony-61up8r.cicril.sbcglobal.net)
[18:50:09] <Sakura> Why do you kill adorable kitty so, Lunia? :(
[18:59:12] <ArchPegasusMichael> Sakura: because Lunia would kill something good, adorable, etc. most likely.
[19:00:15] * Sakura comes back as a demonic gohst  & stabs Lunia 48 times if the chest
[19:00:36] <Sakura> You wanna adopt me now? :D
[19:03:01] *** Quits: MaskedPony (MaskedPony@Pony-61up8r.cicril.sbcglobal.net) (Quit: http://www.kiwiirc.com/ - A hand crafted IRC client)
[19:08:34] <Lunia> cutie :3
[19:08:43] * Lunia regenerates
[19:09:17] *** Joins: MaskedPony (MaskedPony@Pony-61up8r.cicril.sbcglobal.net)
[19:11:18] <Sakura> :3
[19:12:50] *** Quits: FlutterTree (FlutterTree@Pony-ghupjg.res.rr.com) (Quit: Leaving)
[19:18:52] *** Nexus is now known as NexSleep
[19:20:24] * Electron backs off from this room
[19:23:45] *** Quits: MaskedPony (MaskedPony@Pony-61up8r.cicril.sbcglobal.net) (Quit: http://www.kiwiirc.com/ - A hand crafted IRC client)
[19:24:31] *** Joins: MaskedPony (MaskedPony@Pony-61up8r.cicril.sbcglobal.net)
[19:25:39] *** Quits: CorpulentBrony (CorpulentBr@Pony-n53ngp.ponytonite.com) (Ping timeout: 121 seconds)
[19:27:04] *** Joins: CorpulentBrony (corpubro@Pony-n53ngp.ponytonite.com)
[19:39:31] *** Quits: CorpulentBrony (corpubro@Pony-n53ngp.ponytonite.com) (Connection closed)
[19:45:03] <Not-f6d7> Tune in to On the Edge w/ @AerialPVFM in 15 minutes on @PonyvilleFM! - http://pvlive.me/ponyvillefm
[20:06:48] *** Quits: MaskedPony (MaskedPony@Pony-61up8r.cicril.sbcglobal.net) (Quit: http://www.kiwiirc.com/ - A hand crafted IRC client)
[20:15:03] <Not-f6d7> Tune in to @Ponyaddicted presents pTunes live in 15 minutes on @bronyradioger! - http://pvlive.me/brony_radio_germany
[20:36:46] *** Joins: CorpulentBrony (corpubro@Pony-n53ngp.ponytonite.com)
[20:45:03] <Not-f6d7> Tune in to Pony Radiohead in 15 minutes on @mlp_la! - http://pvlive.me/bronies_radio_la
[20:49:37] *** Quits: Lunia (ellen@ChumPony.Enterprises) (Ping timeout: 121 seconds)
[20:50:54] *** Ash[Away] is now known as Ashfire
[20:52:59] *** Joins: Lunia (ellen@ChumPony.Enterprises)
[21:26:08] *** Ashfire is now known as Ash[Away]
[21:44:17] *** Quits: MidniteDew (user@Pony-f7d.s3t.221.82.IP) (Ping timeout: 121 seconds)
[21:45:05] <Not-f6d7> Tune in to Gaming with Nymph in 15 minutes on @SonicRadioBoom! - http://pvlive.me/sonicradioboom_tv
[21:46:05] <Not-f6d7> Tune in to Circuit's Let's Play: Shovel Knight in 15 minutes on @thebronyshow! - http://pvlive.me/the_brony_show
[21:47:30] *** Joins: DerpyAce (PonyAce@Pony-rah9rp.ga.charter.com)
[21:47:30] *** Luna sets mode: +h DerpyAce
[21:48:38] *** Oatz[Sleep] is now known as Oatzmeal
[22:12:26] *** Joins: LR_34 (LR_34@Pony-c793a1.upce.cz)
[22:20:12] *** Quits: LR_34 (LR_34@Pony-c793a1.upce.cz) (Quit: Page closed)
[22:45:04] <Not-f6d7> Tune in to Talking ponies in 15 minutes on @fillyradio! - http://pvlive.me/fillydelphia_radio
[22:46:04] <Not-f6d7> Tune in to #Chromium with Techniponi (Live Mix) in 15 minutes on @PonyvilleFM! - http://pvlive.me/ponyvillefm
[22:47:04] <Not-f6d7> Tune in to Chaos Hour in 15 minutes on @mlp_la! - http://pvlive.me/bronies_radio_la
[23:13:05] *** Joins: LR_34 (LR_34@Pony-3lec9r.okcbok.sbcglobal.net)
[23:13:10] *** Ash[Away] is now known as Ashfire
[23:26:45] *** Quits: LR_34 (LR_34@Pony-3lec9r.okcbok.sbcglobal.net) (Quit: Page closed)
[23:45:04] <Not-f6d7> Tune in to #SunsetWubs with @Snitch567 in 15 minutes on @PonyvilleFM! - http://pvlive.me/ponyvillefm
[23:45:21] *** Joins: LR_16 (LR_16@Pony-tgg.sms.69.108.IP)
[23:46:04] <Not-f6d7> Tune in to Circuit's Let's Play: Borderlands and Borderlands: PreSeq in 15 minutes on @thebronyshow! - http://pvlive.me/the_brony_show
[23:46:21] *** Quits: LR_16 (LR_16@Pony-tgg.sms.69.108.IP) (Quit: Page closed)
[23:48:10] *** Joins: MidniteDew (user@Pony-nr0.4d1.221.82.IP)
