[00:45:02] <Not-1462> Tune in to Skidmarks in 15 minutes on @celestiaradio! - http://pvlive.me/celestia_radio
[00:46:01] <Not-1462> Tune in to la hora bizarra de talamir! in 15 minutes on @mlp_la! - http://pvlive.me/bronies_radio_la
[01:06:33] *** Joins: DJMidli (DJMidli@Crazy.Dancing.Canadian.DJ.Pony)
[02:39:12] *** Joins: NewFoal355 (NewFoal355@Pony-4ge.c4p.158.187.IP)
[02:39:49] <NewFoal355> #derpibooru
[02:39:54] *** Parts: NewFoal355 (NewFoal355@Pony-4ge.c4p.158.187.IP) ()
[02:45:02] <Not-1462> Tune in to Tavern Tales in 15 minutes on @TheLunaRadio! - http://pvlive.me/luna_radio
[02:46:02] <Not-1462> Tune in to #glichingthroughthewalls with @theshoujobrony in 15 minutes on @PonyvilleFM! - http://pvlive.me/ponyvillefm
[02:58:58] *** Quits: DJMidli (DJMidli@Crazy.Dancing.Canadian.DJ.Pony) (Ping timeout: 121 seconds)
[03:15:02] <Not-1462> Tune in to Winchester Wednesday in 15 minutes on @thebronyshow! - http://pvlive.me/the_brony_show
[03:45:02] <Not-1462> Tune in to NightOfShadows in 15 minutes on @ManeFrameRadio! - http://pvlive.me/maneframeradio
[03:46:02] <Not-1462> Tune in to Surprise Mix with @notica_ in 15 minutes on @PonyvilleFM! - http://pvlive.me/ponyvillefm
[04:24:43] *** ButterBean is now known as DoogyShit
[04:24:47] *** DoogyShit is now known as DICKSRULE
[04:24:54] *** DICKSRULE is now known as FailerisAlwaysAnOption
[04:53:50] *** FailerisAlwaysAnOption is now known as ButterBean
[05:01:05] *** ama|work is now known as ama
[05:14:59] *** Joins: TSparkle3395 (TSparkle339@Owner.ARBronyRadio.com)
[05:24:21] <Electron> let's do some morning dance time
[05:24:28] * Electron turns on EDM
[06:21:02] <Not-1462> Tune in to Surprise Set with @DJ_Rez_Z in 15 minutes on @PonyvilleFM! - http://pvlive.me/ponyvillefm
[06:26:00] <Not-1462> Tune in to Surprise Set with @DJ_Rez_Z in 15 minutes on @PonyvilleFM! - http://pvlive.me/ponyvillefm
[06:36:49] *** RedHelper is now known as Creeps|AFK
[06:45:02] <Not-1462> Tune in to Lectura Rainbow in 15 minutes on @mlp_la! - http://pvlive.me/bronies_radio_la
[07:19:58] *** Joins: DJMidli (DJMidli@Crazy.Dancing.Canadian.DJ.Pony)
[07:39:52] *** Quits: TSparkle3395 (TSparkle339@Owner.ARBronyRadio.com) (Quit: Leaving)
[07:42:01] <Not-1462> The MBS Show: Malaysian Bronies: "The MBS Show Reviews: Season 5 Episode 13 Do Princesses Dream of Magic..." - http://ponyvillelive.com/show/episode/id/17/episode/46199/origin/twitter
[07:45:02] <Not-1462> Tune in to Retrozone in 15 minutes on @mlp_la! - http://pvlive.me/bronies_radio_la
[08:24:32] *** Quits: Lycan (Lycan@wibbly.wobbly.timey.wimey) (Ping timeout: 121 seconds)
[08:27:28] *** Joins: Lycan (Lycan@wibbly.wobbly.timey.wimey)
[08:45:02] <Not-1462> Tune in to The Pub Crawl in 15 minutes on @celestiaradio! - http://pvlive.me/celestia_radio
[08:58:18] *** Joins: JockeTF (jocke@Pony-iqmf0q.priv.bahnhof.se)
[09:19:21] *** ama is now known as ama|sleep
[09:45:00] <Not-1462> Tune in to Vintage Zone in 15 minutes on @mlp_la! - http://pvlive.me/bronies_radio_la
[10:11:33] *** Quits: DJMidli (DJMidli@Crazy.Dancing.Canadian.DJ.Pony) (Ping timeout: 121 seconds)
[14:54:51] *** Quits: nnnn20430 (nnnn20430@mindcraft.si.eu.org) (Connection closed)
[15:42:03] *** Quits: TecknoJock (TecknoJock@TecknoJock) (Ping timeout: 121 seconds)
[15:43:06] *** Joins: TecknoJock (TecknoJock@TecknoJock)
[15:43:06] *** Luna sets mode: +h TecknoJock
[15:57:46] *** Joins: nnnn20430 (nnnn20430@mindcraft.si.eu.org)
[17:05:58] *** ama|sleep is now known as ama|work
[18:45:02] <Not-1462> Tune in to Ламповые посиделки in 15 minutes on @RadioEverypony! - http://pvlive.me/radio_everyponyru
[19:45:02] <Not-1462> Tune in to Animated Horses Internet Radio Program in 15 minutes on @IB_Radio! - http://pvlive.me/iberbronies_radio
[19:46:00] <Not-1462> Tune in to #Dashessions with @OCSonicDash (Live Mix) in 15 minutes on @PonyvilleFM! - http://pvlive.me/ponyvillefm
[19:47:02] <Not-1462> Tune in to Z Archiwum K in 15 minutes on Radio Yay! - http://pvlive.me/radio_yay
[19:48:02] <Not-1462> Tune in to Mal was klassisches mit Jay in 15 minutes on @bronyradioger! - http://pvlive.me/brony_radio_germany
[20:45:02] <Not-1462> Tune in to Pony Club par @Mijkami in 15 minutes on @RadioBrony! - http://pvlive.me/radio_brony
[20:46:01] <Not-1462> Tune in to #ThrowbackThursday w/ @AerialPVFM in 15 minutes on @PonyvilleFM! - http://pvlive.me/ponyvillefm
[22:58:01] <Not-1462> ILoveKimPossibleAlot: "Analyzing Is Magic: Is Rainbow Dash Gay?" - http://ponyvillelive.com/show/episode/id/43/episode/46200/origin/twitter
[22:59:10] *** Quits: JockeTF (jocke@Pony-iqmf0q.priv.bahnhof.se) (Quit: Leaving.)
