[00:45:03] <Not-56c5> Tune in to Hey, What's going on? in 15 minutes on @TheLunaRadio! - http://pvlive.me/luna_radio
[01:45:02] <Not-56c5> Tune in to TreeTime in 15 minutes on @celestiaradio! - http://pvlive.me/celestia_radio
[01:46:03] <Not-56c5> Tune in to Keature's Gaming Meltdown in 15 minutes on @thebronyshow! - http://pvlive.me/the_brony_show
[02:00:38] *** Quits: nnnn20430 (nnnn20430@mindcraft.si.eu.org) (Ping timeout: 121 seconds)
[02:15:55] *** Joins: nnnn20430 (nnnn20430@mindcraft.si.eu.org)
[02:45:02] <Not-56c5> Tune in to #RE6ORN WITH @TetsuoTheRobot (Live Mix) in 15 minutes on @PonyvilleFM! - http://pvlive.me/ponyvillefm
[02:46:01] <Not-56c5> Tune in to los xukhulentos del fondo in 15 minutes on @mlp_la! - http://pvlive.me/bronies_radio_la
[03:10:05] *** Quits: Electron (Miranda@Pony-2rmqi4.is74.ru) (Quit: Miranda IM! Smaller, Faster, Easier. http://miranda-im.org)
[03:42:03] <Not-56c5> Scribbler's Pony Tales: "MLP Comic Dub: ‘Appellations’ (comedy)" - http://ponyvillelive.com/show/episode/id/11/episode/47189/origin/twitter
[03:44:34] *** Quits: AppleDash (appled@dusks.adorable.pet.pegasus) (Ping timeout: 121 seconds)
[03:45:01] <Not-56c5> Tune in to @DJGeekBrony - Get Up And Wub in 15 minutes on @BronydomNetwork! - http://pvlive.me/bronydom_radio
[03:46:02] <Not-56c5> Tune in to #Synchronicity with @Acentricity (Live Mix) in 15 minutes on @PonyvilleFM! - http://pvlive.me/ponyvillefm
[03:53:49] *** Joins: AppleDash (appled@dusks.adorable.pet.pegasus)
[03:56:50] *** Joins: Acentric (PonyAce@Pony-0c3150.tukw.qwest.net)
[04:31:06] *** Quits: AppleDash (appled@dusks.adorable.pet.pegasus) (Ping timeout: 121 seconds)
[04:38:58] *** Joins: AppleDash (appled@dusks.adorable.pet.pegasus)
[04:41:05] *** Joins: Midnight_Lilly (uid68367@Pony-iqpu60.ealing.irccloud.com)
[04:41:51] <Midnight_Lilly> I'm starting to collect to many channels....
[04:45:02] <Not-56c5> Tune in to Cutie mark crusaders LA in 15 minutes on @mlp_la! - http://pvlive.me/bronies_radio_la
[05:00:54] *** Quits: Acentric (PonyAce@Pony-0c3150.tukw.qwest.net) (Quit: Ponies! That is all)
[05:22:03] <Not-56c5> [18+] Equestria Now: "Equestria Now #87 - War and Ponies" - http://ponyvillelive.com/show/episode/id/21/episode/47190/origin/twitter
[08:13:50] *** Quits: Midnight_Lilly (uid68367@Pony-iqpu60.ealing.irccloud.com) (Quit: Connection closed for inactivity)
[09:13:02] <Not-56c5> Brony Quest Podcast: "Supplemental 1: Season One Recap" - http://ponyvillelive.com/show/episode/id/44/episode/47191/origin/twitter
[10:36:55] *** RedHelper is now known as Creeps|AFK
[15:03:01] <Not-56c5> Radio Libre: "1001 jours plus tard... on parle toujours des Bron" - http://ponyvillelive.com/show/episode/id/33/episode/47192/origin/twitter
[15:25:38] *** Joins: Electron (Miranda@Pony-rpjaj1.is74.ru)
[15:27:02] <Not-56c5> Scribbler's Pony Tales: "Pony Tales [MLP Fanfic Readings] Awoken: Part 5 (GRIMDARK) – MONTH OF MACABRE{N..." - http://ponyvillelive.com/show/episode/id/11/episode/47193/origin/twitter
[15:45:01] <Not-56c5> Tune in to Morning Melodies in 15 minutes on @TheLunaRadio! - http://pvlive.me/luna_radio
[15:58:30] *** Joins: Midnight_Lilly (uid68367@Pony-iqpu60.ealing.irccloud.com)
[17:12:45] *** Electron is now known as Electron^Away
[18:22:03] <Not-56c5> Audio Stories From Spike: "LIVE - ЛАМПОВАЯ БЕСЕДКА - ОБСУЖДАЕМ ТО, ЧТО ЕЩЕ НЕ ОБСУЖДАЛИ" - http://ponyvillelive.com/show/episode/id/31/episode/47195/origin/twitter
[18:32:11] *** Quits: Snickers (Bot@BBs.Personal.Assistants) (Connection closed)
[18:45:00] <Not-56c5> Tune in to Wünsche mit Spitti in 15 minutes on @bronyradioger! - http://pvlive.me/brony_radio_germany
[19:14:19] *** Joins: Sleepypony (dj@Pony-rme.41l.152.37.IP)
[19:45:01] <Not-56c5> Tune in to Canterlot Café in 15 minutes on @IB_Radio! - http://pvlive.me/iberbronies_radio
[19:46:02] <Not-56c5> Tune in to On the Edge w/ @AerialPVFM in 15 minutes on @PonyvilleFM! - http://pvlive.me/ponyvillefm
[20:17:11] *** Oatz[OUTz] is now known as Oatzmeal
[20:45:01] <Not-56c5> Tune in to #AJourneyThroughDance with @DJ_Sleepypony (Live Mix) in 15 minutes on @PonyvilleFM! - http://pvlive.me/ponyvillefm
[21:22:02] <Not-56c5> Audio Stories From Spike: "Монтаж По GTA 5 - Играем Заедая Дошираком." - http://ponyvillelive.com/show/episode/id/31/episode/47196/origin/twitter
[21:51:32] *** Electron^Away is now known as Electron
[22:06:21] *** Joins: Snow (lhmufrimtiq@Pony-9447eg.retail.telecomitalia.it)
[22:06:50] *** Snow is now known as Pony_33517
[22:07:05] *** Quits: Pony_33517 (lhmufrimtiq@Pony-9447eg.retail.telecomitalia.it) (Quit: Watch and listen live at http://pvlive.me)
[22:07:27] *** Joins: SnowHeart (lhmufrimtiq@Pony-9447eg.retail.telecomitalia.it)
[22:36:41] <Electron> The very new animation from rus-land: https://www.youtube.com/watch?v=A79t_sPsh-w
[22:45:03] <Not-56c5> Tune in to #Chromium with Techniponi (Live Mix) in 15 minutes on @PonyvilleFM! - http://pvlive.me/ponyvillefm
[22:53:01] <Not-56c5> Corpulent Brony: "The Hooffields and McColts - Pony Palaver [60 fps]" - http://ponyvillelive.com/show/episode/id/49/episode/47197/origin/twitter
[23:07:18] *** Quits: SnowHeart (lhmufrimtiq@Pony-9447eg.retail.telecomitalia.it) (Quit: Watch and listen live at http://pvlive.me)
[23:45:02] <Not-56c5> Tune in to #SunsetWubs with @Snitch567 in 15 minutes on @PonyvilleFM! - http://pvlive.me/ponyvillefm
