[00:37:22] *** Quits: PaperDerp (PaperDerp@derping.derpinator.derp) (Ping timeout: 121 seconds)
[00:44:59] <Not-3a2b> Tune in to DJ Prince Lunar in 15 minutes on @EveryponyRadio! - http://pvlive.me/everypony_radio
[00:46:00] <Not-3a2b> Tune in to #ElementsOfStyle with @TripDiam (Live Mix) in 15 minutes on @PonyvilleFM! - http://pvlive.me/ponyvillefm
[00:47:02] <Not-3a2b> Tune in to la hora bizarra de talamir! in 15 minutes on @mlp_la! - http://pvlive.me/bronies_radio_la
[01:52:00] <Electron> goodnight
[01:57:42] *** Oatz[OUTz] is now known as Oatzmeal
[02:45:01] <Not-3a2b> Tune in to Symphony of the shy in 15 minutes on @mlp_la! - http://pvlive.me/bronies_radio_la
[02:51:37] *** Joins: PaperDerp (PaperDerp@derping.derpinator.derp)
[03:07:54] *** Nexus is now known as NexSleep
[03:12:34] *** Oatzmeal is now known as Oatz[Sleep]
[03:31:16] *** RedHelper is now known as RedHelper|Depressed
[03:45:00] <Not-3a2b> Tune in to #DropZone: Vortex w/ @AerialPVFM in 15 minutes on @PonyvilleFM! - http://pvlive.me/ponyvillefm
[04:45:01] <Not-3a2b> Tune in to DJ Kamiaze in 15 minutes on @mlp_la! - http://pvlive.me/bronies_radio_la
[05:00:26] *** ama|work is now known as ama|busy
[05:15:37] *** Quits: StarStream (Star@Pony-agnu6g.com) (Quit: No Ping reply in 180 seconds.)
[05:16:49] *** Joins: StarStream (Star@Pony-agnu6g.com)
[05:44:01] *** RedHelper|Depressed is now known as RedHelper
[06:16:45] *** ama|busy is now known as ama
[06:45:00] <Not-3a2b> Tune in to After hours in 15 minutes on @mlp_la! - http://pvlive.me/bronies_radio_la
[07:10:02] *** Quits: PaperDerp (PaperDerp@derping.derpinator.derp) (Quit: I should have a message with a long deep meaning here but I'm just going to say bye since that's too corny. So Bye.)
[07:10:11] *** Joins: PaperDerp (PaperDerp@derping.derpinator.derp)
[07:10:30] *** Quits: PaperDerp (PaperDerp@derping.derpinator.derp) (Connection closed)
[07:10:38] *** Joins: PaperDerp (PaperDerp@derping.derpinator.derp)
[07:14:00] *** Quits: PaperDerp (PaperDerp@derping.derpinator.derp) (Quit: I should have a message with a long deep meaning here but I'm just going to say bye since that's too corny. So Bye.)
[07:15:56] *** Joins: PaperDerp (PaperDerp@derping.derpinator.derp)
[07:16:14] *** Quits: PaperDerp (PaperDerp@derping.derpinator.derp) (Connection closed)
[07:45:01] <Not-3a2b> Tune in to Retrozone in 15 minutes on @mlp_la! - http://pvlive.me/bronies_radio_la
[07:52:18] *** ama is now known as ama|sleep
[09:03:34] *** Joins: JockeTF (jocke@Pony-14s8b6.siw.siwnet.net)
[09:37:09] <Electron> good afternoon
[09:37:17] <Electron> my name is Twilight Sparkle
[09:45:00] <Not-3a2b> Tune in to Vintage Zone in 15 minutes on @mlp_la! - http://pvlive.me/bronies_radio_la
[09:48:42] <TheFlutterGuy> JockeTF: http://satwcomic.com/brightest-sheep-in-the-field
[09:49:36] * JockeTF hugs TheFlutterGuy.
[09:52:02] * TheFlutterGuy purrs and vibrates
[10:26:42] *** Joins: ThunderBolt (VettleBolt@Sliverpony)
[10:40:58] *** Joins: PaperDerp (PaperDerp@derping.derpinator.derp)
[10:41:13] *** Quits: PaperDerp (PaperDerp@derping.derpinator.derp) (Connection closed)
[10:56:07] <TheFlutterGuy> Electron: https://lh3.googleusercontent.com/-HYCpg6VhDWE/Vb1XS1n0dcI/AAAAAAACN5o/nXRy2o2b-aw/s2000/BlueMoonbypridark-1004767661.png
[10:56:49] <Electron> tis Woona hugging sky
[10:58:54] <TheFlutterGuy> tis be big celestia http://4.bp.blogspot.com/-9_OUuk2focw/VcEpwkA9OKI/AAAAAAACWiM/Lc7HgVoQtVw/s1600/life_size_princess_celestia_plush_by_doublebackstitcharts-d93y9o2.jpg
[11:00:09] <Electron> 1.72 metres? she should be like 2 metres
[11:00:22] <Electron> without a horn
[11:01:00] <TheFlutterGuy> https://lh3.googleusercontent.com/-crrHEmf20EE/Vb_Fp5iPMXI/AAAAAAACODQ/fbbgnxNaQjA/s2000/CutemareMoonbyWolfyOmega-1304691488.png
[11:01:30] * Electron giggles
[11:01:47] <Electron> silly bald filly
[11:01:54] <ThunderBolt> dont you just love going to a new OS
[11:02:00] <ThunderBolt> Windows 7 -> windows 8 -> Windows 7 -> Windows 10
[11:02:10] <ThunderBolt> backing up 1TB is painful
[11:03:02] <Electron> yeah, that's a pain in the flank
[11:03:57] <ThunderBolt> i want to raid my 1 and 2TB Drive to make a 3TB Raid, i need 3TB of space to back it all up, 3TB i dont have 
[11:04:30] *** ThunderBolt is now known as ThunderBolt|Eating
[11:06:43] * Electron stacks TheFlutterGuy
[11:06:53] * TheFlutterGuy is on top of Princess_FUBAR 
[11:07:42] <Electron> tiop list?
[11:07:51] <Electron> *top
[11:24:14] <Electron> !pick
[11:24:28] <Electron> !pick eat or do not
[11:35:05] <TheFlutterGuy> eat pray queef
[11:38:39] <Electron> what is this?
[11:46:02] *** Quits: ThunderBolt|Eating (VettleBolt@Sliverpony) (Ping timeout: 121 seconds)
[11:50:17] <TheFlutterGuy>  BronyCon attendees will be able to watch Ponies The Anthology #5 at Bronycon on the 8th of August at 10:30 PM EST! Youtube uploads of it will be happening soon after the end of the convention.
[11:50:21] <TheFlutterGuy> WOOOHOOO
[11:50:21] * TheFlutterGuy does the dance of joy
[11:52:17] <Electron> that's nice 
[12:02:55] *** Oatz[Sleep] is now known as Oatzmeal
[12:31:22] *** Joins: ThunderBolt (VettleBolt@Sliverpony)
[12:41:00] <Electron> "I've watched you from your very first step"
[12:43:45] <ThunderBolt> .... 1 day remaining, 530GB
[12:43:50] <ThunderBolt> :(
[12:48:26] *** Quits: ThunderBolt (VettleBolt@Sliverpony) (Ping timeout: 121 seconds)
[13:42:14] *** Joins: ThunderBolt (VettleBolt@Sliverpony)
[13:43:03] * ThunderBolt thinks what to do with his $2200 pay Bonus
[13:53:41] <ArchPegasusMichael> Enough to build a very decent gaming rig in Poland
[14:13:20] *** Quits: ThunderBolt (VettleBolt@Sliverpony) (Ping timeout: 121 seconds)
[14:16:07] *** Joins: ThunderBolt (VettleBolt@Sliverpony)
[14:26:24] *** Princess_FUBAR is now known as Lunia
[14:27:01] *** Lunia is now known as Princess_FUBAR
[14:50:55] <Electron> bucked up beyond all recognitions
[15:20:37] *** Quits: ThunderBolt (VettleBolt@Sliverpony) (Ping timeout: 121 seconds)
[17:01:04] <Sakura> SilverEagle, going to RTX?
[17:01:17] <SilverEagle> RTX
[17:01:18] <SilverEagle> ?
[17:06:00] <Not-3a2b> No Hooves Barred: "Ep. 94 - Dangit Hasbro!" - http://ponyvillelive.com/show/episode/id/6/episode/45428/origin/twitter
[17:19:08] * MirSar flopps ~ https://www.youtube.com/watch?v=Bparw9Jo3dk
[17:20:02] *** ama|sleep is now known as ama|work
[17:22:01] <Not-3a2b> Canterlot Radio: "Canterlot Radio at BronyCon – Saturday Night 11:45PM" - http://ponyvillelive.com/show/episode/id/22/episode/45525/origin/twitter
[18:06:00] <Not-3a2b> No Hooves Barred: "Ep. 94 - Dangit Hasbro!" - http://ponyvillelive.com/show/episode/id/6/episode/45526/origin/twitter
[18:37:36] *** Joins: PVL_3901 (edoggpbqnef@Pony-0jf1gb.internet.emt.ee)
[18:38:29] *** Quits: PVL_3901 (edoggpbqnef@Pony-0jf1gb.internet.emt.ee) (Quit: Watch and listen live at http://pvlive.me)
[18:42:01] <Not-3a2b> Fanfics by Nimbus Productions: "Past Sins: Chapter 10" - http://ponyvillelive.com/show/episode/id/42/episode/45623/origin/twitter
[18:42:52] <Sakura> The Rooster Teeth Expo/Convention in Austin, Silver.
[18:45:01] <Not-3a2b> Tune in to Medley's Music Madness in 15 minutes on @sonicradioboom! - http://pvlive.me/sonic_radioboom
[20:27:50] *** Quits: JockeTF (jocke@Pony-14s8b6.siw.siwnet.net) (Quit: Leaving.)
[20:45:00] <Not-3a2b> Tune in to #CheddarWednesday w/ @AerialPVFM in 15 minutes on @PonyvilleFM! - http://pvlive.me/ponyvillefm
[21:06:01] <Not-3a2b> No Hooves Barred: "Ep. 94 - Dangit Hasbro!" - http://ponyvillelive.com/show/episode/id/6/episode/45624/origin/twitter
[22:06:01] <Not-3a2b> FOB Equestria: "Podcast030" - http://ponyvillelive.com/show/episode/id/13/episode/45721/origin/twitter
[22:45:01] <Not-3a2b> Tune in to #glichingthroughthewalls with @theshoujobrony in 15 minutes on @PonyvilleFM! - http://pvlive.me/ponyvillefm
[23:27:01] <Not-3a2b> Canterlot Radio: "5 Things to Remember Before You Head Out to BronyCon" - http://ponyvillelive.com/show/episode/id/22/episode/45722/origin/twitter
