[00:45:02] <Not-1462> Tune in to Hey, What's going on? in 15 minutes on @TheLunaRadio! - http://pvlive.me/luna_radio
[01:09:13] *** Electron is now known as Electron^Sleeping
[01:33:02] <Not-1462> Audio Stories From Spike: "LIVE - ПОЛУНОЧНИКИ. НОЧНОЙ ПОНИ ЭФИР С ПЕЧЕНЬКАМИ И ПЛЮШКАМИ" - http://ponyvillelive.com/show/episode/id/31/episode/46996/origin/twitter
[01:35:29] *** Oatz[Nap] is now known as Oatzmeal
[01:45:02] <Not-1462> Tune in to TreeTime in 15 minutes on @celestiaradio! - http://pvlive.me/celestia_radio
[01:46:02] <Not-1462> Tune in to Wach werden! Alles über 150BPM mit Rainbow Rocks in 15 minutes on @bronyradioger! - http://pvlive.me/brony_radio_germany
[01:55:21] *** Quits: Midli (DJMidli@Crazy.Dancing.Canadian.DJ.Pony) (Ping timeout: 121 seconds)
[02:11:04] *** Joins: Spike1HornedMonster (azpahvchjza@Pony-it4lm3.dyn.suddenlink.net)
[02:15:06] *** Quits: Spike1HornedMonster (azpahvchjza@Pony-it4lm3.dyn.suddenlink.net) (Ping timeout: 121 seconds)
[02:15:15] *** Joins: Spike1HornedMonster (azpahvchjza@Pony-it4lm3.dyn.suddenlink.net)
[02:23:57] *** Joins: Midli (DJMidli@Crazy.Dancing.Canadian.DJ.Pony)
[02:27:39] <Spike1HornedMonster> hi all
[02:30:08] *** Oatzmeal is now known as Oatz[Sleep]
[02:36:01] *** Quits: Spike1HornedMonster (azpahvchjza@Pony-it4lm3.dyn.suddenlink.net) (Quit: Watch and listen live at http://pvlive.me)
[02:45:03] <Not-1462> Tune in to #RE6ORN WITH @TetsuoTheRobot (Live Mix) in 15 minutes on @PonyvilleFM! - http://pvlive.me/ponyvillefm
[02:46:02] <Not-1462> Tune in to los xukhulentos del fondo in 15 minutes on @mlp_la! - http://pvlive.me/bronies_radio_la
[03:33:16] *** Quits: Midli (DJMidli@Crazy.Dancing.Canadian.DJ.Pony) (Ping timeout: 121 seconds)
[03:45:03] <Not-1462> Tune in to @DJGeekBrony - Get Up And Wub in 15 minutes on @BronydomNetwork! - http://pvlive.me/bronydom_radio
[03:46:02] <Not-1462> Tune in to #Synchronicity with @Acentricity (Live Mix) in 15 minutes on @PonyvilleFM! - http://pvlive.me/ponyvillefm
[03:47:02] <Not-1462> Tune in to Requests "Stimmungsmacher" in 15 minutes on @bronyradioger! - http://pvlive.me/brony_radio_germany
[03:47:42] *** Joins: Acentric (PonyAce@Pony-ttqrmf.ga.charter.com)
[04:03:54] *** Joins: Star_Singer (WebChat@Pony-1o0.m7n.198.71.IP)
[04:15:04] *** Oatz[Sleep] is now known as Oatzmeal
[04:45:02] <Not-1462> Tune in to Cutie mark crusaders LA in 15 minutes on @mlp_la! - http://pvlive.me/bronies_radio_la
[05:12:57] *** Quits: Acentric (PonyAce@Pony-ttqrmf.ga.charter.com) (Quit: Ponies! That is all)
[05:32:02] <Not-1462> [18+] Equestria Now: "Equestria Now #83 - Aunt Twiley" - http://ponyvillelive.com/show/episode/id/21/episode/46997/origin/twitter
[06:00:52] *** Quits: Star_Singer (WebChat@Pony-1o0.m7n.198.71.IP) (Ping timeout: 121 seconds)
[06:15:13] *** Joins: Night (Dusk@dusky.horse)
[06:15:18] *** Luna sets mode: +ao Night Night
[06:26:21] *** Quits: Dusk (dusk@dusky.horse) (Quit: WeeChat 1.1.1)
[06:26:21] *** Night is now known as Dusk
[07:23:16] *** ama is now known as ama|sleep
[07:45:01] <Not-1462> Tune in to Frühstücksradio mit Sponzo in 15 minutes on @bronyradioger! - http://pvlive.me/brony_radio_germany
[08:17:36] *** Oatzmeal is now known as Oatz[Sleep]
[08:58:04] *** Quits: Cloud_Zephyr (uid114963@all.the.booty) (Quit: Connection closed for inactivity)
[09:31:16] *** Joins: Midli (DJMidli@Crazy.Dancing.Canadian.DJ.Pony)
[09:35:31] *** Quits: Midli (DJMidli@Crazy.Dancing.Canadian.DJ.Pony) (Ping timeout: 121 seconds)
[09:45:03] <Not-1462> Tune in to Requests "Alles was geht" in 15 minutes on @bronyradioger! - http://pvlive.me/brony_radio_germany
[09:53:22] *** Joins: JockeTF (jocke@Pony-spiqt2.priv.bahnhof.se)
[11:45:49] *** Quits: Colgate (rabbit@brushie.horse) (Quit: Luna IRC 1.3. Praise the goddess of the night.)
[11:46:29] *** Joins: Colgate (rabbit@brushie.horse)
[11:46:30] *** Luna sets mode: +h Colgate
[12:03:02] <Not-1462> Brony Quest Podcast: "Brony Quest 34: Secret of My Excess" - http://ponyvillelive.com/show/episode/id/44/episode/46998/origin/twitter
[13:18:16] *** Joins: Brat_B (mlkoglwwsjm@Pony-49vsom.adsl.inetia.pl)
[13:21:41] *** Quits: JockeTF (jocke@Pony-spiqt2.priv.bahnhof.se) (Quit: Leaving.)
[13:45:01] <Not-1462> Tune in to 24h Abschied in 15 minutes on @bronyradioger! - http://pvlive.me/brony_radio_germany
[14:03:53] *** Quits: nnnn20430 (nnnn20430@mindcraft.si.eu.org) (The TLS connection was non-properly terminated.)
[14:45:02] <Not-1462> Tune in to #Pivotism (Live Mix) in 15 minutes on @PonyvilleFM! - http://pvlive.me/ponyvillefm
[14:47:21] *** Joins: nnnn20430 (nnnn20430@mindcraft.si.eu.org)
[14:52:22] *** Quits: nnnn20430 (nnnn20430@mindcraft.si.eu.org) (Connection closed)
[15:14:57] *** ama|sleep is now known as amaway
[15:27:16] *** Joins: Cloud_Zephyr (uid114963@all.the.booty)
[15:37:06] *** Joins: nnnn20430 (nnnn20430@mindcraft.si.eu.org)
[15:45:02] <Not-1462> Tune in to Morning Melodies in 15 minutes on @TheLunaRadio! - http://pvlive.me/luna_radio
[17:08:45] *** Oatz[Sleep] is now known as Oatzmeal
[17:17:00] *** Electron^Sleeping is now known as Electron
[17:17:13] <Electron> Good evening.
[17:19:07] *** Quits: Brat_B (mlkoglwwsjm@Pony-49vsom.adsl.inetia.pl) (Ping timeout: 121 seconds)
[17:19:37] *** Joins: Brat_B (mlkoglwwsjm@Pony-49vsom.adsl.inetia.pl)
[17:50:46] *** Electron is now known as Electron^Gaming
[18:00:56] *** Quits: Lunia (ellen@ChumPony.Enterprises) (Ping timeout: 121 seconds)
[18:14:51] *** Quits: Brat_B (mlkoglwwsjm@Pony-49vsom.adsl.inetia.pl) (Quit: Watch and listen live at http://pvlive.me)
[18:17:31] *** Joins: Brat_B (mlkoglwwsjm@Pony-49vsom.adsl.inetia.pl)
[19:11:11] *** Oatzmeal is now known as Oatz[OUTz]
[19:44:28] *** Joins: Kyle (after@the.derptown.express)
[19:45:02] <Not-1462> Tune in to Canterlot Café in 15 minutes on @IB_Radio! - http://pvlive.me/iberbronies_radio
[19:46:02] <Not-1462> Tune in to On the Edge w/ @AerialPVFM in 15 minutes on @PonyvilleFM! - http://pvlive.me/ponyvillefm
[19:53:36] *** Parts: Kyle (after@the.derptown.express) ()
[20:03:54] *** Joins: Kyle (after@the.derptown.express)
[20:06:52] *** Quits: Brat_B (mlkoglwwsjm@Pony-49vsom.adsl.inetia.pl) (Connection closed)
[20:06:58] *** Joins: Brat_B (mlkoglwwsjm@Pony-49vsom.adsl.inetia.pl)
[20:41:23] *** Electron^Gaming is now known as Electron
[20:45:02] <Not-1462> Tune in to #AJourneyThroughDance with @DJ_Sleepypony (Live Mix) in 15 minutes on @PonyvilleFM! - http://pvlive.me/ponyvillefm
[21:00:43] *** Joins: JockeTF (jocke@Pony-spiqt2.priv.bahnhof.se)
[22:45:02] <Not-1462> Tune in to #Chromium with Techniponi (Live Mix) in 15 minutes on @PonyvilleFM! - http://pvlive.me/ponyvillefm
[22:45:35] <Electron> Neigh.
[22:45:50] <Electron> Neiii-eiiigh.
[22:45:53] *** Joins: LR_58 (~WebChat@Pony-t67l57.dynamic.chello.pl)
[22:50:25] <ArchPegasusMichael> Nyaa
[22:51:56] *** Quits: LR_58 (~WebChat@Pony-t67l57.dynamic.chello.pl) (Ping timeout: 121 seconds)
[22:52:29] <Electron> Neiiigh. *Snort*
[22:59:01] <Not-1462> Sandy's Stories: "Mendacity by Dromicosuchus - Chapter 2" - http://ponyvillelive.com/show/episode/id/65/episode/46999/origin/twitter
[23:12:02] <Not-1462> Scribbler's Pony Tales: "MLP Comic Dub: ‘Granny’s Rule’ (comedy)" - http://ponyvillelive.com/show/episode/id/11/episode/47000/origin/twitter
[23:41:39] *** NexSleep is now known as Nexus
[23:45:02] <Not-1462> Tune in to #SunsetWubs with @Snitch567 in 15 minutes on @PonyvilleFM! - http://pvlive.me/ponyvillefm
[23:49:38] *** Quits: Brat_B (mlkoglwwsjm@Pony-49vsom.adsl.inetia.pl) (Quit: Watch and listen live at http://pvlive.me)
