[00:45:03] <Not-1462> Tune in to No Hooves Barred in 15 minutes on @TheLunaRadio! - http://pvlive.me/luna_radio
[00:46:01] <Not-1462> Tune in to A journey through dance episode 413 with @dj_sleepypony ! in 15 minutes on @PonyvilleFM! - http://pvlive.me/ponyvillefm
[00:52:05] <|-e|> awkward
[01:14:01] *** Quits: Lunia (ellen@ChumPony.Enterprises) (Ping timeout: 121 seconds)
[01:45:02] <Not-1462> Tune in to #FugueState with @LimitlessHate (Live Show) in 15 minutes on @PonyvilleFM! - http://pvlive.me/ponyvillefm
[01:46:02] <Not-1462> Tune in to Radio is Magic in 15 minutes on @mlp_la! - http://pvlive.me/bronies_radio_la
[02:44:24] *** RedHelper is now known as Creeps|AFK
[02:46:08] *** Joins: Sleepypony (dj@Pony-f042vp.dyn.plus.net)
[02:46:08] *** Luna sets mode: +o Sleepypony
[03:11:32] *** Joins: ThunderStorm (lightning@Pony-bal.gi8.129.65.IP)
[03:29:39] *** Dusk is now known as Dusk|Work
[03:45:02] <Not-1462> Tune in to Twitchy After Dark in 15 minutes on @TVBrony! - http://pvlive.me/bronytv
[04:45:02] <Not-1462> Tune in to DJ Kamiaze in 15 minutes on @mlp_la! - http://pvlive.me/bronies_radio_la
[04:46:01] <Not-1462> Tune in to Pitch Black Bass with DJ Scootamina in 15 minutes on @ManeFrameRadio! - http://pvlive.me/maneframeradio
[04:52:18] *** Quits: ThunderStorm (lightning@property.of.moonlightning) (Quit: The Nightmares will collide. And become a dream. <3)
[05:10:07] *** Joins: NewFoal417 (NewFoal417@Pony-bor.6h2.254.46.IP)
[05:36:59] <NewFoal417> Expulsar a Luna
[05:38:39] *** NewFoal417 is now known as NewFoal435
[05:45:02] <Not-1462> Tune in to Drunken Debachery and Art Hour in 15 minutes on @celestiaradio! - http://pvlive.me/celestia_radio
[05:45:17] *** ama|work is now known as ama
[05:48:48] <NewFoal435> #parasprite
[06:00:14] *** NewFoal435 is now known as NewFoal666
[06:01:04] *** NewFoal666 is now known as PrincessLightning
[06:01:33] *** PrincessLightning is now known as Pony_46708
[06:02:07] *** Pony_46708 is now known as PrincessLightning
[06:02:36] *** PrincessLightning is now known as Pony_61742
[06:04:20] *** Quits: Pony_61742 (NewFoal417@Pony-bor.6h2.254.46.IP) (A TLS packet with unexpected length was received.)
[06:18:09] *** Joins: Lunia (ellen@ChumPony.Enterprises)
[06:23:19] *** Oatzmeal is now known as Oatz[Sleep]
[06:45:02] <Not-1462> Tune in to Chaos Hour in 15 minutes on @mlp_la! - http://pvlive.me/bronies_radio_la
[06:55:53] *** Joins: LightningCrash (lightning@Pony-bal.gi8.129.65.IP)
[07:27:15] *** Quits: Sleepypony (dj@Pony-f042vp.dyn.plus.net) (Connection closed)
[07:45:02] <Not-1462> Tune in to Retrozone in 15 minutes on @mlp_la! - http://pvlive.me/bronies_radio_la
[09:01:44] <Electron> howdy guys'n'gals
[09:01:53] <Electron> watcha doin'?
[09:02:10] <Lunia> not much
[09:02:17] <Lunia> TheFlutterGuy: is in the shower
[09:03:02] <Electron> is he brushing his teeth?
[09:03:22] <Lunia> I will check
[09:03:51] <Electron> okay
[09:04:20] <Lunia> he said he will
[09:04:29] <Electron> honestly?
[09:04:38] <Lunia> I think so
[09:04:46] <Electron> that's important
[09:04:59] <Lunia> ok Ill ask him agaim
[09:06:05] <Lunia> He is brushing them right now, I saw it
[09:06:30] <Electron> that's my dane
[09:06:45] <Lunia> WHAT DID YOU JUST SAY??
[09:06:56] <Electron> ....what? :|
[09:07:06] <Lunia> HE IS MINE!!!!!!
[09:07:35] <Electron> yes, yes, I know
[09:07:43] <Electron> he still yours ans will be yours
[09:08:04] <Lunia> :3
[09:09:03] <Electron> do you brush your teeth twice a day, Lunia?
[09:09:09] <Lunia> no
[09:09:28] <Electron> aww, why not?
[09:09:47] <Lunia> toothbrush is overheating
[09:10:13] <Electron> have two toothbrushes then
[09:10:46] <Lunia> but I have only one power socked for the first toothbrush
[09:12:42] <TheFlutterGuy> Coming and disturbing my shower >.<
[09:13:41] <Electron> sacred rite
[09:14:01] <Electron> every one should have one
[09:14:26] * TheFlutterGuy has never had a powered toothbrush
[09:14:56] <Electron> you can borrow one from Lunia
[09:15:41] <Lunia> then i wont be able to brush once a day due to overheating..
[09:15:58] <Lunia> .. i will have to brushj half of my jaw..
[09:16:27] * Lunia couns her fangs to split it even more
[09:20:02] <Electron> but you can have usual toothbrush :I
[09:20:14] <Electron> like manual
[09:20:34] <Electron> it won't be overheated ever
[09:32:05] <Electron> right, MirSar?
[09:36:02] *** Quits: LightningCrash (lightning@property.of.moonlightning) (Quit: The Nightmares will collide. And become a dream. <3)
[09:37:13] <Lunia> thats so ysterday
[09:38:37] <Electron> classics never die :3
[09:42:42] <Lunia> they do, just no one comes to funerall.
[09:42:56] <Lunia> because no ones remmembers
[09:43:06] <Electron> objection
[09:43:37] <Electron> that's a contradiction
[09:44:30] <Lunia> Noun
[09:44:37] <Lunia> Pronoun adverb
[09:45:03] <Not-1462> Tune in to Vintage Zone in 15 minutes on @mlp_la! - http://pvlive.me/bronies_radio_la
[10:00:46] *** Joins: JockeTF (jocke@Pony-mjg.sl1.132.194.IP)
[10:15:18] <JockeTF> Morningpaca!
[10:15:32] <Electron> paca alpaca
[10:16:37] <Electron> do you have electrical or usual toothbrush, JockeTF?
[10:16:51] <JockeTF> Electron: Non-electrical.
[10:17:07] <Electron> why?
[10:17:55] <JockeTF> Electron: I see no reason to get an electrical toothbrush.
[10:18:15] <JockeTF> Seems very unnecessary.
[10:18:30] <Electron> but Lunia has one and she doesn't want usual
[10:24:54] *** ama is now known as ama|sleep
[10:27:02] <MirSar> Electron: https://www.youtube.com/watch?v=HQv_pRJYFY4
[10:28:53] <Electron> that pone is nice
[10:32:18] <Electron> do you brush your teeth twice a day, MirSar?
[10:33:12] <MirSar> nahh, only once before I sleep, but its thorough 
[10:35:24] <Electron> okay then, they say there is some rinser for mouth
[10:35:40] <Electron> I wonder what is this
[12:06:20] <StarStream> hey hey
[12:56:46] <StarStream> https://www.youtube.com/watch?v=bcvnEUBT874
[13:41:03] *** Quits: PaperDerp (PaperDerp@derping.derpinator.derp) (Ping timeout: 121 seconds)
[14:05:43] <Electron> if only the sounds were written in one symbol system
[14:06:24] <Electron> because I don't know how to read Czech for example
[14:09:01] <StarStream> hmm..
[14:09:03] <StarStream> yea
[14:09:36] <Electron> zima konci, zima konci :D
[14:09:48] <Electron> that one dirty
[14:09:58] <StarStream> how so ?
[14:10:32] <Electron> well, that's kinda sexual context
[14:11:05] <Electron> right, Lunia?
[14:12:48] <Electron> vinteren slutter, vinteren slutter :D
[14:13:27] <StarStream> lol
[14:14:20] <Electron> pakk bort vintern, pakk bort vintern
[14:15:50] *** Joins: NewFoal613 (Mibbit@Pony-p6dp61.bigpond.net.au)
[14:26:59] *** Quits: JockeTF (jocke@Pony-mjg.sl1.132.194.IP) (Quit: Leaving.)
[14:27:11] *** Joins: JockeTF (jocke@Pony-mjg.sl1.132.194.IP)
[14:30:29] <Lunia> xD
[14:30:52] *** Quits: JockeTF (jocke@Pony-mjg.sl1.132.194.IP) (A TLS packet with unexpected length was received.)
[14:31:04] *** Joins: JockeTF (jocke@Pony-mjg.sl1.132.194.IP)
[14:31:53] <StarStream> lol
[14:38:30] <Electron> "the end has come to coats, the end has come to coats" in russian version
[14:38:31] *** Quits: JockeTF (jocke@Pony-mjg.sl1.132.194.IP) (A TLS packet with unexpected length was received.)
[14:38:42] *** Joins: JockeTF (jocke@Pony-mjg.sl1.132.194.IP)
[14:39:08] *** Quits: JockeTF (jocke@Pony-mjg.sl1.132.194.IP) (A TLS packet with unexpected length was received.)
[14:39:21] *** Joins: JockeTF (jocke@Pony-mjg.sl1.132.194.IP)
[14:40:09] <StarStream> lol
[14:40:28] <Electron> :D
[14:43:52] <Electron> so sad, poor coats...
[14:44:54] <StarStream> is that really what it means ?
[14:45:47] <Electron> they sang like that
[14:46:14] <Electron> but the word pronounces differently
[14:46:23] <StarStream> ok
[14:46:36] <StarStream> how many language do u know el ?
[14:46:37] <Electron> I remember we had a lot LULZ when we heard it for the first time
[14:46:45] <Electron> StarStream, 1 :D
[14:46:54] <StarStream> oh
[14:47:16] <Electron> and you, StarStream?
[14:47:29] <StarStream> 3
[14:47:42] <Electron> cool
[14:48:00] <Electron> okay, I know 1.5 then
[14:48:53] <StarStream> thinkg about it 
[14:49:02] <StarStream> its actually about 3.25
[14:56:42] *** Joins: NewFoal389 (Mibbit@Pony-p6dp61.bigpond.net.au)
[14:57:18] *** Quits: NewFoal613 (Mibbit@Pony-p6dp61.bigpond.net.au) (Quit: http://www.mibbit.com ajax IRC Client)
[14:57:53] *** Parts: NewFoal389 (Mibbit@Pony-p6dp61.bigpond.net.au) ()
[15:00:44] *** Dusk|Work is now known as Dusk
[16:23:38] *** Dusk is now known as Dusk|Sleep
[16:46:33] *** ama|sleep is now known as ama|work
[17:20:03] *** Quits: JockeTF (jocke@Pony-mjg.sl1.132.194.IP) (Quit: Leaving.)
[17:40:02] *** Joins: [PON3]Medic783 (~WebChat@Pony-n4p8ir.fios.verizon.net)
[17:42:33] *** Quits: [PON3]Medic783 (~WebChat@Pony-n4p8ir.fios.verizon.net) (Quit: Page closed)
[18:40:37] *** Joins: JockeTF (jocke@Pony-14s8b6.siw.siwnet.net)
[19:24:18] *** Quits: JockeTF (jocke@Pony-14s8b6.siw.siwnet.net) (Quit: Leaving.)
[19:45:02] <Not-1462> Tune in to #TheAmbleGait with @Kyderra (Live Mix) in 15 minutes on @PonyvilleFM! - http://pvlive.me/ponyvillefm
[20:29:30] *** Joins: JockeTF (jocke@Pony-14s8b6.siw.siwnet.net)
[20:43:42] *** Quits: WeAreBorgPony (WeAreBorg@Resistance.Is.Futile) (Quit: Leaving)
[20:44:01] *** Joins: WeAreBorg (WeAreBorg@Resistance.Is.Futile)
[20:44:01] *** Luna sets mode: +ao WeAreBorg WeAreBorg
[20:45:03] <Not-1462> Tune in to New Music Friday in 15 minutes on @BestPonyRadio! - http://pvlive.me/best_pony_radio
[21:13:20] *** Joins: PaperDerp (PaperDerp@derping.derpinator.derp)
[21:22:35] <Electron> mija zima, mija zima
[21:22:58] <Electron> powitajmy wiosny czas
[21:28:05] <ArchPegasusMichael> Fukushima, Fukushima
[21:28:15] <ArchPegasusMichael> reaktory chłodzić czas!
[21:28:29] <Electron> >_>
[21:29:14] <ArchPegasusMichael> Because "mija zima" sounds like "Miyajima"
[21:32:01] <Not-1462> Radio MyBrony: "LIVE - ВЛОГОВЫЙ ЭФИР - ОТВЕЧАЕМ НА ВОПРОСЫ И ПРОСТО ПООБЩАЕМСЯ" - http://ponyvillelive.com/show/episode/id/31/episode/46034/origin/twitter
[21:37:10] <Electron> what does it mean?
[21:39:03] <ArchPegasusMichael> The Polish?
[21:39:22] *** Oatz[Sleep] is now known as Oatzmeal
[21:39:26] <Electron> "Miyajima"
[21:39:31] <ArchPegasusMichael> "time to cool the reactors down"
[21:39:35] <ArchPegasusMichael> Ah
[21:39:53] <ArchPegasusMichael> It sounds like a place in Japan
[21:40:30] <ArchPegasusMichael> and the memory about the catastrophe was fresh, hence the parody
[21:40:47] <Electron> oh, it's the name of the place
[21:40:51] <Electron> now I get it
[21:45:02] <Not-1462> Tune in to Royals Top 10 Songs in 15 minutes on @AlicornRadio! - http://pvlive.me/alicorn_radio
[21:45:26] <Electron> http://itsaaudra.deviantart.com/art/My-Little-what-286089541
[21:47:03] *** Quits: Lunia (ellen@ChumPony.Enterprises) (Ping timeout: 121 seconds)
[21:51:23] <ArchPegasusMichael> Electron: nice :D
[22:15:34] *** Quits: WeAreBorg (WeAreBorg@Resistance.Is.Futile) (Connection closed)
[22:33:56] *** Joins: Lunia (ellen@ChumPony.Enterprises)
[22:36:00] *** Lunia is now known as Lunia_Dusker
[23:15:22] *** Quits: PaperDerp (PaperDerp@derping.derpinator.derp) (Quit: I should have a message with a long deep meaning here but I'm just going to say bye since that's too corny. So Bye.)
[23:17:04] <Electron> could I remind you, ArchPegasusMichael
[23:17:17] <ArchPegasusMichael> Um?
[23:17:38] <Electron> if you find pictures or gif or videos of flopping pony ears from the show
[23:17:42] <Electron> throw them at me
[23:18:21] *** Joins: PaperDerp (PaperDerp@derping.derpinator.derp)
[23:26:45] <JockeTF> I like alpacas.
[23:31:26] <Sakura> Llamas.
[23:32:06] <Not-1462> Radio MyBrony: "Почему Я Пинки Пай ?! ( Why am i Pinkie Pie?! )" - http://ponyvillelive.com/show/episode/id/31/episode/46036/origin/twitter
[23:32:58] <Electron> I like ponies
[23:33:11] <Sakura> Llamas
[23:33:15] <Sakura> And also, LIONS!
[23:41:36] <Sakura> LIONS, Electron!
[23:44:03] <Electron> nope
[23:44:16] * Sakura licks Electron 
[23:44:16] <Electron> ponies, ponies entirely
[23:44:23] <Sakura> Lionssss.....
[23:44:29] * Electron eeps
[23:45:02] <Not-1462> Tune in to Random Pony Media in 15 minutes on @TVBrony! - http://pvlive.me/bronytv
[23:45:43] * Electron is covered with Sakura's saliva
[23:45:53] <Sakura> Lions. :)
[23:46:02] <Not-1462> Tune in to Surprise DJ train with @Lyonizemusic in 15 minutes on @PonyvilleFM! - http://pvlive.me/ponyvillefm
[23:46:09] <Electron> you lions, me ponies
[23:48:02] <Sakura> You lions, me ponies. Not me lions, you ponies. :P
[23:51:42] * Electron is confused   :I
[23:52:09] <Electron> <—— ponies | lions ——> Sakura
[23:53:40] * Sakura switches them around
