[00:01:02] *** Eelcorn is now known as Electron
[00:19:57] *** Joins: demt (d3mt@Pony-l2l.2dv.248.50.IP)
[00:25:22] *** Creeps|AFK is now known as RedHelper
[00:55:40] *** Quits: JockeTF (jocke@Pony-9leqdm.priv.bahnhof.se) (Quit: Leaving.)
[00:55:49] <Electron> To sleep or not or not to sleep.
[00:55:54] <Electron> That's the question.
[01:45:02] <Not-7a7a> Tune in to Social Night in 15 minutes on @TVBrony! - http://pvlive.me/bronytv
[01:46:02] <Not-7a7a> Tune in to TreeTime in 15 minutes on @celestiaradio! - http://pvlive.me/celestia_radio
[01:47:01] <Not-7a7a> Tune in to Sugar cube corner in 15 minutes on @mlp_la! - http://pvlive.me/bronies_radio_la
[01:55:08] *** Quits: Electron (Miranda@Pony-sots9t.is74.ru) (Quit: Bye.)
[03:45:02] <Not-7a7a> Tune in to 8-Bit Sex (18+) in 15 minutes on @celestiaradio! - http://pvlive.me/celestia_radio
[03:46:01] <Not-7a7a> Tune in to 'Twilight Zone in 15 minutes on @mlp_la! - http://pvlive.me/bronies_radio_la
[04:01:54] *** ama|work is now known as ama
[04:45:02] <Not-7a7a> Tune in to BringTheBestBrony (@Azazel_Brony) in 15 minutes on @BronydomNetwork! - http://pvlive.me/bronydom_radio
[04:46:01] <Not-7a7a> Tune in to Memories to play in 15 minutes on @mlp_la! - http://pvlive.me/bronies_radio_la
[05:45:02] <Not-7a7a> Tune in to Lunacy in 15 minutes on @celestiaradio! - http://pvlive.me/celestia_radio
[05:46:01] <Not-7a7a> Tune in to #MusicIsTimeless with @sherlockboy123 in 15 minutes on @PonyvilleFM! - http://pvlive.me/ponyvillefm
[05:49:49] *** ama is now known as ama|sleep
[06:38:35] *** Joins: lablayers (uid55894@Pony-r51rb6.ealing.irccloud.com)
[06:45:02] <Not-7a7a> Tune in to the great and powerful mid. howls in 15 minutes on @mlp_la! - http://pvlive.me/bronies_radio_la
[06:46:01] <Not-7a7a> Tune in to in 15 minutes on @PonyvilleFM! - http://pvlive.me/ponyvillefm
[07:39:13] *** RedHelper is now known as Cactus
[08:11:56] *** Joins: Midnight (eixnbnssjty@Pony-comf4d.fios.verizon.net)
[08:13:40] *** Parts: Midnight (eixnbnssjty@Pony-comf4d.fios.verizon.net) ()
[08:17:39] *** Cactus is now known as RedHelper
[08:55:52] *** Quits: lablayers (uid55894@Pony-r51rb6.ealing.irccloud.com) (Quit: Connection closed for inactivity)
[09:53:55] *** RedHelper is now known as Creeps|AFK
[10:30:54] *** Joins: Electron (Miranda@Pony-sots9t.is74.ru)
[11:35:43] *** Quits: Lunia (ellen@ChumPony.Enterprises) (Ping timeout: 121 seconds)
[11:38:53] *** Joins: Lunia (ellen@ChumPony.Enterprises)
[12:25:26] *** Quits: Lunia (ellen@ChumPony.Enterprises) (Ping timeout: 121 seconds)
[13:10:44] *** Quits: Electron (Miranda@Pony-sots9t.is74.ru) (Quit: Bye.)
[14:15:55] *** Joins: JockeTF (jocke@Pony-9leqdm.priv.bahnhof.se)
[15:16:03] *** ama|sleep is now known as amaway
[15:45:02] <Not-7a7a> Tune in to Volgrand: Música y Fandom in 15 minutes on @IB_Radio! - http://pvlive.me/iberbronies_radio
[16:45:03] <Not-7a7a> Tune in to Historia y Reflexiones in 15 minutes on @mlp_la! - http://pvlive.me/bronies_radio_la
[17:45:02] <Not-7a7a> Tune in to Эфир Общественного Радио Табуна. Гость - atryl in 15 minutes on @RadioEverypony! - http://pvlive.me/radio_everyponyru
[20:28:21] *** Joins: Electron (Miranda@Pony-igvft0.is74.ru)
[20:36:45] *** amaway is now known as ama
[20:45:02] <Not-7a7a> Tune in to Retrozone Level up! in 15 minutes on @mlp_la! - http://pvlive.me/bronies_radio_la
[20:46:02] <Not-7a7a> Tune in to Radio Libre in 15 minutes on @RadioBrony! - http://pvlive.me/radio_brony
[21:03:11] *** Sour_Sweet|BNC is now known as Sour_Sweet
[22:08:43] *** Creeps|AFK is now known as RedHelper
[23:28:26] *** Quits: Midli (DJMidli@Crazy.Dancing.Canadian.DJ.Pony) (Quit: )
[23:56:14] *** Joins: Midli (DJMidli@Crazy.Dancing.Canadian.DJ.Pony)
