[00:45:03] <Not-7a7a> Tune in to No Hooves Barred in 15 minutes on @TheLunaRadio! - http://pvlive.me/luna_radio
[01:02:26] *** Joins: LR_67 (~WebChat@Pony-sie.tqs.32.147.IP)
[01:45:01] <Not-7a7a> Tune in to Twitchy After Dark in 15 minutes on @TVBrony! - http://pvlive.me/bronytv
[01:46:01] <Not-7a7a> Tune in to Radio is Magic in 15 minutes on @mlp_la! - http://pvlive.me/bronies_radio_la
[02:10:39] *** Quits: TheFlutterGuy (user@Pony-riu.pu7.73.87.IP) (Ping timeout: 121 seconds)
[02:42:48] *** Joins: TheFlutterGuy (user@Pony-riu.pu7.73.87.IP)
[02:45:00] <Not-7a7a> Tune in to #ThePermaLink with @TheLinkyo in 15 minutes on @PonyvilleFM! - http://pvlive.me/ponyvillefm
[02:51:21] *** Quits: LR_67 (~WebChat@Pony-sie.tqs.32.147.IP) (Ping timeout: 121 seconds)
[03:06:19] *** Joins: Midnight (eixnbnssjty@Pony-comf4d.fios.verizon.net)
[03:06:40] *** Parts: Midnight (eixnbnssjty@Pony-comf4d.fios.verizon.net) ()
[04:45:03] <Not-7a7a> Tune in to DJ Kamiaze in 15 minutes on @mlp_la! - http://pvlive.me/bronies_radio_la
[04:46:02] <Not-7a7a> Tune in to Pitch Black Bass with DJ Scootamina in 15 minutes on @ManeFrameRadio! - http://pvlive.me/maneframeradio
[04:49:27] *** Joins: Midnight (eixnbnssjty@Pony-comf4d.fios.verizon.net)
[04:49:46] *** Parts: Midnight (eixnbnssjty@Pony-comf4d.fios.verizon.net) ()
[05:42:57] *** ama|work is now known as ama
[05:45:02] <Not-7a7a> Tune in to Drunken Debachery and Art Hour in 15 minutes on @celestiaradio! - http://pvlive.me/celestia_radio
[05:52:10] *** Quits: Caerdwyn (caepone@always.broken.sometimes.patched.finally.fixed) (Quit: Bye)
[06:10:33] *** Quits: Doggy (Asis@Pony-5e4.1qr.60.72.IP) (Connection closed)
[06:45:02] <Not-7a7a> Tune in to Chaos Hour in 15 minutes on @mlp_la! - http://pvlive.me/bronies_radio_la
[07:22:40] *** ama is now known as ama|sleep
[07:45:01] <Not-7a7a> Tune in to Retrozone in 15 minutes on @mlp_la! - http://pvlive.me/bronies_radio_la
[09:45:03] <Not-7a7a> Tune in to Vintage Zone in 15 minutes on @mlp_la! - http://pvlive.me/bronies_radio_la
[10:26:42] *** Joins: JockeTF (jocke@Pony-mjg.sl1.132.194.IP)
[11:55:11] * TheFlutterGuy headbangs https://youtu.be/JPJp9Yiqa5Q
[13:37:09] *** Joins: LR_59 (WebChat@Pony-a1rt03.vt.comcast.net)
[14:40:33] *** Quits: LR_59 (WebChat@Pony-a1rt03.vt.comcast.net) (Ping timeout: 121 seconds)
[14:53:33] *** Joins: Electron (Miranda@Pony-ub4f80.is74.ru)
[15:51:23] *** Joins: Squirrel__ (dj@Pony-onji08.dyn.plus.net)
[15:54:16] *** Quits: Sleepypony (dj@Pony-onji08.dyn.plus.net) (Ping timeout: 121 seconds)
[16:01:18] *** ama|sleep is now known as ama|work
[16:04:01] *** Quits: PaperDerp (PaperDerp@derping.derpinator.derp) (Ping timeout: 121 seconds)
[18:02:48] *** Quits: JockeTF (jocke@Pony-mjg.sl1.132.194.IP) (Quit: Leaving.)
[18:27:02] <Not-7a7a> Scribbler's Pony Tales: "The Heroic Review! [MLP Fanfic Reviews] The Incandescent Brilliance by Kitsunerisu..." - http://ponyvillelive.com/show/episode/id/11/episode/47522/origin/twitter
[18:45:03] <Not-7a7a> Tune in to @DJMidgetBrony - Live Mix in 15 minutes on @PonyvilleFM! - http://pvlive.me/ponyvillefm
[18:46:02] <Not-7a7a> Tune in to Модель Для Сборки in 15 minutes on @RadioEverypony! - http://pvlive.me/radio_everyponyru
[21:28:03] <Not-7a7a> Audio Stories From Spike: "Я Другая - Ты Помнишь Песни Небес ?" - http://ponyvillelive.com/show/episode/id/31/episode/47524/origin/twitter
[21:45:02] <Not-7a7a> Tune in to HMage In The Mix in 15 minutes on @PonyvilleFM! - http://pvlive.me/ponyvillefm
[21:46:32] *** Quits: Electron (Miranda@Pony-ub4f80.is74.ru) (Quit: Bye.)
[23:22:10] *** Joins: LR_20 (WebChat@Pony-mve0mr.msk.skylink.ru)
[23:23:40] *** Quits: LR_20 (WebChat@Pony-mve0mr.msk.skylink.ru) (Quit: Page closed)
[23:39:51] *** Joins: PaperDerp (PaperDerp@derping.derpinator.derp)
[23:45:02] <Not-7a7a> Tune in to Random Pony Media in 15 minutes on @TVBrony! - http://pvlive.me/bronytv
