[01:43:47] *** Joins: Caerdwyn (caepone@always.broken.sometimes.patched.finally.fixed)
[01:45:02] <Not-7a7a> Tune in to Social Night in 15 minutes on @TVBrony! - http://pvlive.me/bronytv
[01:46:02] <Not-7a7a> Tune in to TreeTime in 15 minutes on @celestiaradio! - http://pvlive.me/celestia_radio
[01:47:01] <Not-7a7a> Tune in to Sugar cube corner in 15 minutes on @mlp_la! - http://pvlive.me/bronies_radio_la
[01:48:03] <Not-7a7a> Tune in to #NextLevel with @smileillegally in 15 minutes on @PonyvilleFM! - http://pvlive.me/ponyvillefm
[02:45:03] <Not-7a7a> Tune in to in 15 minutes on @PonyvilleFM! - http://pvlive.me/ponyvillefm
[03:35:04] *** ama|work is now known as ama
[03:45:02] <Not-7a7a> Tune in to 8-Bit Sex (18+) in 15 minutes on @celestiaradio! - http://pvlive.me/celestia_radio
[03:46:02] <Not-7a7a> Tune in to 'Twilight Zone in 15 minutes on @mlp_la! - http://pvlive.me/bronies_radio_la
[03:50:21] *** Joins: Midnight (eixnbnssjty@Pony-comf4d.fios.verizon.net)
[03:51:52] *** Parts: Midnight (eixnbnssjty@Pony-comf4d.fios.verizon.net) ()
[04:30:41] *** Quits: Lycan (Lycan@wibbly.wobbly.timey.wimey) (Ping timeout: 121 seconds)
[04:31:26] *** Quits: NexSleep (Nexusdragon@DJNexus.Fillydelphia.Radio) (Ping timeout: 121 seconds)
[04:31:40] *** Joins: Nexus (Nexusdragon@DJNexus.Fillydelphia.Radio)
[04:31:40] *** Luna sets mode: +o Nexus
[04:32:40] *** Joins: Lycan (Lycan@wibbly.wobbly.timey.wimey)
[04:45:01] <Not-7a7a> Tune in to BringTheBestBrony (@Azazel_Brony) in 15 minutes on @BronydomNetwork! - http://pvlive.me/bronydom_radio
[04:46:02] <Not-7a7a> Tune in to Memories to play in 15 minutes on @mlp_la! - http://pvlive.me/bronies_radio_la
[05:45:02] <Not-7a7a> Tune in to Lunacy in 15 minutes on @celestiaradio! - http://pvlive.me/celestia_radio
[05:46:02] <Not-7a7a> Tune in to #MusicIsTimeless with @SuperPonyBolt in 15 minutes on @PonyvilleFM! - http://pvlive.me/ponyvillefm
[06:14:02] <Not-7a7a> [18+] The Perma-Link: "The Perma-Link #0" - http://ponyvillelive.com/show/episode/id/60/episode/47529/origin/twitter
[06:45:02] <Not-7a7a> Tune in to the great and powerful mid. howls in 15 minutes on @mlp_la! - http://pvlive.me/bronies_radio_la
[06:55:53] *** Quits: nnnn20430 (nnnn20430@mindcraft.si.eu.org) (Ping timeout: 121 seconds)
[07:14:14] *** Joins: nnnn20430 (nnnn20430@mindcraft.si.eu.org)
[09:28:56] *** Quits: johnsey (johnsey@into.the.nethers) (Quit: Changing server)
[10:06:10] *** ama is now known as ama|sleep
[12:51:02] <Not-7a7a> Tune in to The amble gait with @Kyderra (catch up dance mix) in 15 minutes on @PonyvilleFM! - http://pvlive.me/ponyvillefm
[15:10:37] *** Quits: PaperDerp (PaperDerp@derping.derpinator.derp) (Ping timeout: 121 seconds)
[16:21:03] *** Joins: Electron (Miranda@Pony-npu3nh.is74.ru)
[16:45:02] <Not-7a7a> Tune in to Historia y Reflexiones in 15 minutes on @mlp_la! - http://pvlive.me/bronies_radio_la
[17:06:09] *** ama|sleep is now known as ama
[17:45:03] <Not-7a7a> Tune in to Общественное Радио Табуна in 15 minutes on @RadioEverypony! - http://pvlive.me/radio_everyponyru
[18:13:15] *** Joins: Asis_Sleep (Asis@Pony-ukm.phi.117.108.IP)
[19:44:50] *** Joins: JockeTF (jocke@Pony-9leqdm.priv.bahnhof.se)
[19:45:03] <Not-7a7a> Tune in to Yeah, Magic! [Requests] in 15 minutes on @bronyradioger! - http://pvlive.me/brony_radio_germany
[20:45:02] <Not-7a7a> Tune in to Retrozone Level up! in 15 minutes on @mlp_la! - http://pvlive.me/bronies_radio_la
[20:46:02] <Not-7a7a> Tune in to Radio Libre in 15 minutes on @RadioBrony! - http://pvlive.me/radio_brony
[21:05:49] *** Quits: Asis_Sleep (Asis@Pony-ukm.phi.117.108.IP) (Connection closed)
[21:16:42] *** Joins: Asis_Sleep (Asis@Pony-ukm.phi.117.108.IP)
