[00:06:12] *** Quits: Kyderra (Kyderra@Pony-c0cvp9.adsl-surfen.hetnet.nl) (Connection closed)
[00:33:46] *** djazz is now known as MangoBloom
[00:40:19] <Electron> https://derpibooru.org/1066451
[00:45:02] <Not-7a7a> Tune in to Hey, What's going on? in 15 minutes on @TheLunaRadio! - http://pvlive.me/luna_radio
[00:46:02] <Not-7a7a> Tune in to PVFM: LoE Event: TripDiam LIVE in 15 minutes on @PonyvilleFM! - http://pvlive.me/ponyvillefm
[01:10:38] *** Quits: SnowHeart (lhmufrimtiq@Pony-pm38kl.retail.telecomitalia.it) (Quit: Watch and listen live at http://pvlive.me)
[01:45:02] <Not-7a7a> Tune in to TreeTime in 15 minutes on @celestiaradio! - http://pvlive.me/celestia_radio
[01:46:02] <Not-7a7a> Tune in to Keature's Gaming Meltdown in 15 minutes on @thebronyshow! - http://pvlive.me/the_brony_show
[01:47:02] <Not-7a7a> Tune in to PVFM: LoE Event: Kill Screen in 15 minutes on @PonyvilleFM! - http://pvlive.me/ponyvillefm
[02:37:43] *** Quits: Prowox (lglymishbiu@Pony-nd1t66.elisa-laajakaista.fi) (Quit: Watch and listen live at http://pvlive.me)
[02:38:18] *** Joins: PVL_5145 (wrwsojnegzt@Pony-8ur67l.ok.cox.net)
[02:45:02] <Not-7a7a> Tune in to los xukhulentos del fondo in 15 minutes on @mlp_la! - http://pvlive.me/bronies_radio_la
[02:46:01] <Not-7a7a> Tune in to PVFM: LoE Event: Additive Subtractive in 15 minutes on @PonyvilleFM! - http://pvlive.me/ponyvillefm
[03:40:51] *** Quits: Electron (Miranda@Pony-ka7ip1.is74.ru) (Quit: Bye.)
[03:43:35] *** Quits: JockeTF (jocke@Pony-9leqdm.priv.bahnhof.se) (Quit: Leaving.)
[03:45:02] <Not-7a7a> Tune in to @DJGeekBrony - Get Up And Wub in 15 minutes on @BronydomNetwork! - http://pvlive.me/bronydom_radio
[03:46:02] <Not-7a7a> Tune in to PVFM: LoE Event: HACKD in 15 minutes on @PonyvilleFM! - http://pvlive.me/ponyvillefm
[04:35:04] *** Quits: PVL_5145 (wrwsojnegzt@Pony-8ur67l.ok.cox.net) (Quit: Watch and listen live at http://pvlive.me)
[04:45:02] <Not-7a7a> Tune in to Cutie mark crusaders LA in 15 minutes on @mlp_la! - http://pvlive.me/bronies_radio_la
[04:46:02] <Not-7a7a> Tune in to Wootmaster After Dark in 15 minutes on @ARBronyRadio! - http://pvlive.me/arbrony_radio
[04:47:02] <Not-7a7a> Tune in to PVFM: LoE Event: 7th Element in 15 minutes on @PonyvilleFM! - http://pvlive.me/ponyvillefm
[04:47:05] <Not-7a7a> Scribbler's Pony Tales: "Love Letters Casting Call! (Redirect Video)" - http://ponyvillelive.com/show/episode/id/11/episode/47481/origin/twitter
[05:47:02] <Not-7a7a> [18+] Equestria Now: "Equestria Now #92 - Of Performance Enhancers and People" - http://ponyvillelive.com/show/episode/id/21/episode/47483/origin/twitter
[06:13:01] *** Joins: Frinkeldoodle (nksfocbufjr@Pony-5q0dmg.isrk.ddjm.0306.2602.IP)
[06:14:35] <Frinkeldoodle> Heyo
[06:17:04] <Sleepypony> hi
[06:58:44] *** Quits: Frinkeldoodle (nksfocbufjr@Pony-5q0dmg.isrk.ddjm.0306.2602.IP) (Quit: Watch and listen live at http://pvlive.me)
[07:04:02] <Not-7a7a> Brony Quest Podcast: "Brony Quest 45: Dragon Quest" - http://ponyvillelive.com/show/episode/id/44/episode/47484/origin/twitter
[07:17:57] *** ama is now known as ama|sleep
[08:06:15] *** RedHelper is now known as Creeps|AFK
[10:37:43] *** Joins: SnowHeart (lhmufrimtiq@Pony-pm38kl.retail.telecomitalia.it)
[12:39:27] *** Quits: Lunia (ellen@ChumPony.Enterprises) (Ping timeout: 121 seconds)
[13:11:22] *** Joins: Prowox (lglymishbiu@Pony-nd1t66.elisa-laajakaista.fi)
[13:15:52] *** Joins: Electron (Miranda@Pony-ka7ip1.is74.ru)
[13:55:14] <Electron> https://derpibooru.org/1027979
[14:13:08] *** Quits: Prowox (lglymishbiu@Pony-nd1t66.elisa-laajakaista.fi) (Quit: Watch and listen live at http://pvlive.me)
[14:13:29] *** Joins: Prowox (lglymishbiu@Pony-nd1t66.elisa-laajakaista.fi)
[14:52:35] *** Joins: Lunia (ellen@ChumPony.Enterprises)
[15:21:31] *** Joins: JockeTF (jocke@Pony-9leqdm.priv.bahnhof.se)
[15:37:15] *** ama|sleep is now known as amaway
[15:45:02] <Not-7a7a> Tune in to Morning Melodies in 15 minutes on @TheLunaRadio! - http://pvlive.me/luna_radio
[16:31:01] *** Quits: WildSoft (WildSoft@Pony-9tei06.bredband.comhem.se) (Ping timeout: 121 seconds)
[16:44:44] *** Quits: Prowox (lglymishbiu@Pony-nd1t66.elisa-laajakaista.fi) (Ping timeout: 121 seconds)
[16:45:02] <Not-7a7a> Tune in to PVFM: LoE Event: Lyonize in 15 minutes on @PonyvilleFM! - http://pvlive.me/ponyvillefm
[16:46:01] <Not-7a7a> Tune in to Ламповые посиделки in 15 minutes on @RadioEverypony! - http://pvlive.me/radio_everyponyru
[16:46:25] *** Joins: Prowox (lglymishbiu@Pony-nd1t66.elisa-laajakaista.fi)
[17:45:02] <Not-7a7a> Tune in to PVFM: LoE Event: Notica in 15 minutes on @PonyvilleFM! - http://pvlive.me/ponyvillefm
[18:45:02] <Not-7a7a> Tune in to PVFM: LoE Event: Smiling Illegaly in 15 minutes on @PonyvilleFM! - http://pvlive.me/ponyvillefm
[18:57:12] *** Quits: Lunia (ellen@ChumPony.Enterprises) (Ping timeout: 121 seconds)
[18:58:25] *** Joins: WildSoft (WildSoft@Pony-lsh1c8.bredband.comhem.se)
[19:26:54] *** Quits: nnnn20430 (nnnn20430@mindcraft.si.eu.org) (The TLS connection was non-properly terminated.)
[19:28:53] *** Joins: nnnn20430 (nnnn20430@mindcraft.si.eu.org)
[19:45:02] <Not-7a7a> Tune in to Canterlot Café in 15 minutes on @IB_Radio! - http://pvlive.me/iberbronies_radio
[19:46:02] <Not-7a7a> Tune in to PVFM: LoE Event: hmage in 15 minutes on @PonyvilleFM! - http://pvlive.me/ponyvillefm
[20:45:01] <Not-7a7a> Tune in to PVFM: LoE Event: Linkyo in 15 minutes on @PonyvilleFM! - http://pvlive.me/ponyvillefm
[21:15:02] <Not-7a7a> Tune in to PVFM: LoE Event: Fractix in 15 minutes on @PonyvilleFM! - http://pvlive.me/ponyvillefm
[21:28:58] *** Quits: Electron (Miranda@Pony-ka7ip1.is74.ru) (Quit: Bye.)
[21:45:03] <Not-7a7a> Tune in to Circuit's Let's Play in 15 minutes on @thebronyshow! - http://pvlive.me/the_brony_show
[21:46:02] <Not-7a7a> Tune in to PVFM: LoE Event: Awal in 15 minutes on @PonyvilleFM! - http://pvlive.me/ponyvillefm
[21:47:48] *** Quits: PaperDerp (PaperDerp@derping.derpinator.derp) (Ping timeout: 121 seconds)
[21:48:39] *** Joins: PaperDerp (PaperDerp@derping.derpinator.derp)
[21:51:02] <Not-7a7a> Tune in to Circuit's Let's Play: Assassin's Creed Unity in 15 minutes on @thebronyshow! - http://pvlive.me/the_brony_show
[21:52:54] *** Quits: Prowox (lglymishbiu@Pony-nd1t66.elisa-laajakaista.fi) (Quit: Watch and listen live at http://pvlive.me)
[22:13:52] *** Joins: SafariMonkey (nuqccclgqdm@Pony-halvsr.range86-178.btcentralplus.com)
[22:14:28] <SafariMonkey> Anyone know what that song heavily using the "it isn't" sample (from Play Your Part) was?
[22:17:48] *** Creeps|AFK is now known as RedHelper
[22:39:10] *** Quits: SafariMonkey (nuqccclgqdm@Pony-halvsr.range86-178.btcentralplus.com) (Connection closed)
[22:39:36] *** Quits: SnowHeart (lhmufrimtiq@Pony-pm38kl.retail.telecomitalia.it) (Quit: Watch and listen live at http://pvlive.me)
[22:45:02] <Not-7a7a> Tune in to PVFM: LoE Event: PocketJawa in 15 minutes on @PonyvilleFM! - http://pvlive.me/ponyvillefm
[23:45:02] <Not-7a7a> Tune in to PVFM: LoE Event: Scootaloose in 15 minutes on @PonyvilleFM! - http://pvlive.me/ponyvillefm
[23:46:02] <Not-7a7a> Tune in to Circuit's Let's Play: Borderlands Pre-Sequel in 15 minutes on @thebronyshow! - http://pvlive.me/the_brony_show
[23:54:03] *** Joins: reiuiji (reiuiji@Pony-pgksa9.ma.comcast.net)
[23:57:40] *** amaway is now known as ama|sleep
[23:57:42] *** ama|sleep is now known as ama
