[00:04:01] <Not-7a7a> Sandy's Stories: "For Candy by BobFromBottles - Chapter 3 [Comedy/Adventure]" - http://ponyvillelive.com/show/episode/id/65/episode/47413/origin/twitter
[00:26:25] <ArchPegasusMichael> !link https://www.youtube.com/watch?v=JhGh5E1ORRA
[00:33:42] *** Quits: Nexus (Nexusdragon@DJNexus.Fillydelphia.Radio) (Ping timeout: 121 seconds)
[00:33:58] *** Quits: RedHelper (RedHelper@The.Pony.That.Makes.You.Smile) (Ping timeout: 121 seconds)
[00:34:03] *** Quits: Lycan (Lycan@wibbly.wobbly.timey.wimey) (Ping timeout: 121 seconds)
[00:35:53] *** Quits: ama|bnc (ama@ama.bronytv.net) (Ping timeout: 121 seconds)
[00:35:53] *** Quits: BronyBorn (BronyBorn@BronyBorn.Owner.LunaRadio) (Ping timeout: 121 seconds)
[00:45:02] <Not-7a7a> Tune in to No Hooves Barred in 15 minutes on @TheLunaRadio! - http://pvlive.me/luna_radio
[00:45:21] *** Joins: BronyBorn (BronyBorn@BronyBorn.Owner.LunaRadio)
[00:45:21] *** Joins: Nexus (Nexusdragon@DJNexus.Fillydelphia.Radio)
[00:45:21] *** Joins: RedHelper (RedHelper@The.Pony.That.Makes.You.Smile)
[00:45:21] *** Luna sets mode: +o BronyBorn
[00:45:22] *** Luna sets mode: +o Nexus
[00:45:22] *** Joins: ama|bnc (ama@ama.bronytv.net)
[00:45:22] *** Luna sets mode: +o ama|bnc
[00:45:51] *** Joins: Lycan (Lycan@wibbly.wobbly.timey.wimey)
[00:57:38] *** Quits: Nexus (Nexusdragon@DJNexus.Fillydelphia.Radio) (Ping timeout: 121 seconds)
[00:59:15] *** Quits: RedHelper (RedHelper@The.Pony.That.Makes.You.Smile) (Ping timeout: 121 seconds)
[00:59:59] *** Quits: ama|bnc (ama@ama.bronytv.net) (Ping timeout: 121 seconds)
[01:01:14] *** Quits: Lycan (Lycan@wibbly.wobbly.timey.wimey) (Ping timeout: 121 seconds)
[01:02:15] <Sakura> Happy 2016, UKers
[01:04:59] *** Quits: BronyBorn (BronyBorn@BronyBorn.Owner.LunaRadio) (Ping timeout: 121 seconds)
[01:20:09] *** Joins: ama|bnc (ama@ama.bronytv.net)
[01:20:09] *** Luna sets mode: +o ama|bnc
[01:20:52] *** Joins: Lycan (Lycan@wibbly.wobbly.timey.wimey)
[01:20:52] *** Joins: BronyBorn (BronyBorn@BronyBorn.Owner.LunaRadio)
[01:20:52] *** Joins: Nexus (Nexusdragon@DJNexus.Fillydelphia.Radio)
[01:20:53] *** Luna sets mode: +o BronyBorn
[01:20:53] *** Luna sets mode: +o Nexus
[01:21:45] *** ama|bnc is now known as ama
[01:21:53] *** Joins: RedHelper (RedHelper@The.Pony.That.Makes.You.Smile)
[01:34:23] *** Sour_Sweet|Away is now known as Sour_Sweet
[01:43:42] *** Sour_Sweet is now known as DaylightDream
[01:44:25] *** DaylightDream is now known as Sour_Sweet
[01:45:02] <Not-7a7a> Tune in to Twitchy After Dark in 15 minutes on @TVBrony! - http://pvlive.me/bronytv
[01:46:02] <Not-7a7a> Tune in to Radio is Magic in 15 minutes on @mlp_la! - http://pvlive.me/bronies_radio_la
[01:47:02] <Not-7a7a> Tune in to #FugueState with @LimitlessHate (Live Show) in 15 minutes on @PonyvilleFM! - http://pvlive.me/ponyvillefm
[02:33:48] *** Oatz[OUTz] is now known as Oatzmeal
[02:47:12] *** Sour_Sweet is now known as Sour_Sweet|BNC
[02:51:02] <Not-7a7a> Tune in to #ThePermaLink with @TheLinkyo in 15 minutes on @PonyvilleFM! - http://pvlive.me/ponyvillefm
[03:45:02] <Not-7a7a> Tune in to #FugueState with @LimitlessHate (Live Show) in 15 minutes on @PonyvilleFM! - http://pvlive.me/ponyvillefm
[03:48:23] *** Joins: LR_26 (~WebChat@Pony-eiaqqj.cust.tele2.se)
[03:49:52] *** Quits: LR_26 (~WebChat@Pony-eiaqqj.cust.tele2.se) (Quit: Page closed)
[03:49:52] *** Oatzmeal is now known as Oatz[OUTz]
[04:02:05] <JockeTF> Happy New Year!
[04:08:40] *** Quits: JockeTF (jocke@Pony-9leqdm.priv.bahnhof.se) (Quit: Leaving.)
[04:45:02] <Not-7a7a> Tune in to DJ Kamiaze in 15 minutes on @mlp_la! - http://pvlive.me/bronies_radio_la
[04:46:01] <Not-7a7a> Tune in to Pitch Black Bass with DJ Scootamina in 15 minutes on @ManeFrameRadio! - http://pvlive.me/maneframeradio
[04:48:26] *** Quits: Lunia (ellen@ChumPony.Enterprises) (Ping timeout: 121 seconds)
[05:15:02] <Not-7a7a> Tune in to New Years Eve The Count Down Begins! in 15 minutes on @celestiaradio! - http://pvlive.me/celestia_radio
[06:19:30] *** Oatz[OUTz] is now known as Oatzmeal
[06:45:02] <Not-7a7a> Tune in to Chaos Hour in 15 minutes on @mlp_la! - http://pvlive.me/bronies_radio_la
[07:45:02] <Not-7a7a> Tune in to Retrozone in 15 minutes on @mlp_la! - http://pvlive.me/bronies_radio_la
[07:50:14] *** ama is now known as ama|sleep
[09:29:29] *** Joins: Midnight (eixnbnssjty@Pony-comf4d.fios.verizon.net)
[09:32:44] *** Parts: Midnight (eixnbnssjty@Pony-comf4d.fios.verizon.net) ()
[09:45:02] <Not-7a7a> Tune in to Vintage Zone in 15 minutes on @mlp_la! - http://pvlive.me/bronies_radio_la
[13:22:34] *** Joins: Lunia (ellen@ChumPony.Enterprises)
[15:13:02] <Not-7a7a> Audio Stories From Spike: "LIVE - ПЕРВО - ЯНВАРЬСКИЙ ЭФИР - КАК МЫ/ВЫ ОТМЕТИЛИ НОВОГОДНЮЮ НОЧЬ ?" - http://ponyvillelive.com/show/episode/id/31/episode/47414/origin/twitter
[15:33:01] *** Joins: JockeTF (jocke@Pony-9leqdm.priv.bahnhof.se)
[15:47:23] *** Quits: JockeTF (jocke@Pony-9leqdm.priv.bahnhof.se) (Quit: Leaving.)
[15:47:31] *** Joins: JockeTF (jocke@Pony-9leqdm.priv.bahnhof.se)
[16:38:15] *** Sour_Sweet|BNC is now known as Sour_Sweet
[17:23:06] *** ama|sleep is now known as amaway
[19:10:34] *** Quits: TecknoJock (TecknoJock@TecknoJock) (Ping timeout: 121 seconds)
[19:12:41] *** Joins: TecknoJock (TecknoJock@TecknoJock)
[19:12:41] *** Luna sets mode: +h TecknoJock
[20:38:02] <Not-7a7a> Audio Stories From Spike: "The Best Of Audio Fanfic - Подводим Итоги Голосования за 2015 год" - http://ponyvillelive.com/show/episode/id/31/episode/47415/origin/twitter
[20:45:02] <Not-7a7a> Tune in to New Year Special - R3CTIFIER in 15 minutes on @BronydomNetwork! - http://pvlive.me/bronydom_radio
[21:05:05] *** amaway is now known as ama
[21:15:02] <Not-7a7a> Tune in to New Year Special - @DJGeekBrony in 15 minutes on @BronydomNetwork! - http://pvlive.me/bronydom_radio
[21:34:02] <Not-7a7a> [18+] The Perma-Link: "The Perma-Link #072: Sharpnel Special + rainyrhy Guest Mix" - http://ponyvillelive.com/show/episode/id/60/episode/47417/origin/twitter
[21:40:44] *** Joins: RoxxFoxx (mgtkdpphtje@Pony-vdek5v.k8pr.425u.2f08.2a02.IP)
[21:41:04] *** Quits: RoxxFoxx (mgtkdpphtje@Pony-vdek5v.k8pr.425u.2f08.2a02.IP) (Quit: Watch and listen live at http://pvlive.me)
[21:45:02] <Not-7a7a> Tune in to New Year Special - Raging Rarity in 15 minutes on @BronydomNetwork! - http://pvlive.me/bronydom_radio
[22:15:02] <Not-7a7a> Tune in to New Year Special - @TheTaZey in 15 minutes on @BronydomNetwork! - http://pvlive.me/bronydom_radio
[23:45:02] <Not-7a7a> Tune in to Random Pony Media in 15 minutes on @TVBrony! - http://pvlive.me/bronytv
