[22:10:07] <McKey> http://i.imgur.com/KOeL6wc.png Próbowałem im pomóc. Baaa sama Pani Admin radosnej twórczości powiedziała że no way i są na BlackListach
[22:10:52] <McKey> https://derpiboo.ru/tags/artist-colon-sheneedscookies
[22:25:41] <Nishi> McKey, to że ty jej nie lubisz, nie znaczy, że masz im od razu plecy robić
[22:25:53] <McKey> Nie robie
[22:25:57] <McKey> próbowałem im pomóc
[22:25:57] <Nishi> w cale
[22:25:59] <McKey> ale nieee
[22:26:06] <Nishi> Ta, i za to poszło do balck listy?
[22:26:35] <McKey> Próbowałem im pomóc i skierowałem ich nawet do odoby która to zrobi nawpewno
[22:26:38] <McKey> i mnie wywaliły
[22:26:47] <McKey> bo im się moja krytyka nie podoba
[22:26:54] <Nishi> Bo jesteś agrwsywny
[22:27:01] <Nishi> Ty mówisz tylko że "chujowo"
[22:27:03] <McKey> Może i jestem
[22:27:06] <McKey> właśnie że nie
[22:27:10] <Nishi> Krytyka polega na tym że się mói co jest nie tak
[22:27:13] <McKey> tym razem pisałem dosyć dokładnie :v
[22:27:24] <Nishi> Wiesz, Dakota akurat mowiła że ztyl Zoryśi jest dobry
[22:27:26] <McKey> Że znaczki wklejane. Że linie jakieś dziwne
[22:27:35] <McKey> A lucyfer nie
[22:27:51] <McKey> i jakoś do niej mam większe zaufanie
[22:27:58] <Nishi> Lucyfer która rysuje od 30 lat, co?
[22:28:02] <Nishi> Takie coś im napisałeś
[22:28:53] <McKey> https://www.facebook.com/lucyfer.zak?fref=ts
[22:29:04] <McKey> .mode McKey +G
[22:29:06] <Nishi> Wiem kto to jest
