[09:53:23] *** Quits: jakimfett (~overnet@c-73-180-36-141.hsd1.or.comcast.net) (Read error: Connection reset by peer)
[09:57:49] *** cbcercas|AFK is now known as cbcercas
[10:15:31] *** Joins: jakimfett (~overnet@c-73-180-36-141.hsd1.or.comcast.net)
[10:15:31] *** ChanServ sets mode: +o jakimfett
[10:34:32] *** cbcercas is now known as cbcercas|AFK
[10:42:34] *** cbcercas|AFK is now known as cbcercas
[17:23:04] *** cbcercas is now known as cbcercas|AFK
[18:43:40] *** cbcercas|AFK is now known as cbcercas
[18:54:31] *** cbcercas is now known as cbcercas|AFK
[20:36:00] *** cbcercas|AFK is now known as cbcercas
[20:38:20] *** cbcercas is now known as cbcercas|AFK
[20:42:17] *** cbcercas|AFK is now known as cbcercas
[20:57:30] *** cbcercas is now known as cbcercas|AFK
[21:00:13] *** cbcercas|AFK is now known as cbcercas
[21:20:14] *** cbcercas is now known as cbcercas|AFK
[22:13:59] *** cbcercas|AFK is now known as cbcercas
[22:26:43] *** cbcercas is now known as cbcercas|AFK
[22:59:29] *** cbcercas|AFK is now known as cbcercas
[23:08:10] *** Quits: tekacs (~tekacs@tekacs.com) (*.net *.split)
[23:08:10] *** Quits: cbcercas (~Elyni@2001:41d0:1:c41d::1) (*.net *.split)
[23:12:07] *** Joins: tekacs (~tekacs@tekacs.com)
[23:12:07] *** Joins: cbcercas (~Elyni@2001:41d0:1:c41d::1)
[23:24:39] *** cbcercas is now known as cbcercas|AFK
