[18:08:26] <Soxis> spałem xD
[18:08:28] <Soxis> czekaj czekaj
[18:08:33] <Soxis> jak z tym kontem
[18:08:36] <Soxis> bo zainteresowało mnie XD
[18:08:50] <Soxis> messangera też da się pod to podłaczyć? xD
[18:09:12] <Soxis> ale w sumie mógłbym prosic :"D
[18:26:06] <McKey> nie. Tylko irca
[18:28:29] <McKey> Soxis: Login:Soxis Pass:Soxis Panel Zarządzania kontem irc.antyklay.pl:6789
[18:30:49] <Soxis> oo dzięki :D
[18:30:57] <Soxis> hasło mogę sobie dowolnie zmienić?
[18:31:23] <McKey> ta
[18:35:00] <Soxis> jak się połączyć? xD
[18:35:42] <McKey> pisze
[18:39:49] <Soxis> Soxis/<network>:<password>
[18:39:52] <Soxis> kurde 
[18:39:53] <Soxis> XD
[18:50:47] <Soxis> ej
[18:50:49] <Soxis> wyszło mi 
[18:50:51] <Soxis> xD
[18:50:54] <Soxis> tzn
[18:50:56] <Soxis> wlazłem
[18:50:57] <Soxis> xD
[19:07:07] <McKey> tutaj
[21:20:15] <Soxis> irc://irc.ppy.sh/618e4c3f
