[17:04:12] <misiek200m> xDDDDDDDDDDDDDDDDDDDDDDDDDD
[17:04:14] <misiek200m> http://puu.sh/mFq0m/765a166512.png
[17:04:16] <misiek200m> xDDDDDDDDDDDDDDDDDDDDDDD
[17:04:21] <Soxis> widziałem
[17:04:21] <Soxis> XD
[17:04:27] <misiek200m> wiem
[17:04:34] <Soxis> no bo kurdebele
[17:04:34] <misiek200m> wa_ gnije w pokoju obok xD
[17:04:39] <Soxis> mamy takiego w klasie
[17:04:44] <Soxis> co co chwilę jakiś rakcontent wrzuca
[17:04:51] <Soxis> i już wszystkich wkurwia XD
[17:04:57] <Soxis> normalnie
[17:05:03] <Soxis> zacznę zupki chińskie wpierdalać
[17:05:08] <Soxis> to pierwszy krok do chemioterapii zacznę
[17:05:27] <misiek200m> haha xD
[17:05:47] <Soxis> https://www.facebook.com/animowo.aniomowy
[17:05:49] <Soxis> no zobacz kurwa to
[17:05:50] <Soxis> XD
[17:06:11] <misiek200m> xDDDDD
[17:07:02] <misiek200m> ale ten gościu ma raka czy co? :v
[17:07:15] <misiek200m> bo już w sumie nie ogarniam :v
[17:07:18] <Soxis> w ogóle jak już pewnie zauważyłeś, jest to harcerzyk xD
[17:07:20] <Soxis> nie
[17:07:23] <Soxis> jest harcerzykiem
[17:07:25] <Soxis> to wystarczy
[17:07:25] <Soxis> xD
[17:07:27] <misiek200m> k xD
[17:08:33] <misiek200m> ale fakt... stężenie rakcontentu zajebiście wysokie :v
[17:08:48] <Soxis> ja z nim do klasy chodze XDDDD
[17:08:53] <misiek200m> xDD
[17:09:02] <Soxis> i każdy tak
[17:09:03] <Soxis> każdy z klasy
[17:09:05] <Soxis> "ja pierdole"
[17:09:08] <misiek200m> Ale i tak to profilowe z płytami CD rozpierdala powagę sytuacji xD
[17:09:10] <Soxis> "wkurwia mnie już to dziecko"
[17:09:15] <Soxis> XDDDDDDD
[17:09:19] <Soxis> brutalne zaoranie xD
[17:09:24] <misiek200m> hahaha xD
[17:11:46] <Soxis> w ogóle beka z niego
[17:11:46] <Soxis> jego ojciec jest elektrykiem
[17:11:46] <Soxis> i on cośtam "umie"
[17:11:46] <Soxis> na praktyki z elektrotechniki przynosił swoje rzeczy i tam lutował itp itd
[17:11:46] <Soxis> każdy idiota by to zrobił
[17:11:47] <Soxis> pana mamy fajnego luźnego to mu pozwolił
[17:11:49] <Soxis> ale sobie śmieszkował z niego ciągle
[17:11:51] <Soxis> i nie zdał
[17:12:00] <Soxis> XDDD
[17:12:05] <misiek200m> hahaha xD
[17:12:20] <Soxis> wszyscy mamy nadzieję, że nie zda do 2 xD
[17:12:30] <misiek200m> OK, no to grubo widzę xD
[17:13:44] <Soxis> ja za nim na angielskim siedzę
[17:13:44] <Soxis> i że ma długie włosy
[17:13:44] <Soxis> to mu warkoczyki robie
[17:13:44] <Soxis> on się odwraca ciągle
[17:13:44] <Soxis> i pani mu uwagi wpisuje za przeszkadzanie w lekcji
[17:13:45] <Soxis> XDDDDDDDDDDDD
[17:13:59] <misiek200m> o górwa xDDDDDDDD
[17:16:07] <misiek200m> dobra, idę, po 2 egzaminach jestem dzisiaj, czas w kimę, bo od 4 nie śpię xD
[17:16:50] <Soxis> https://www.facebook.com/photo.php?fbid=863789200385959&set=a.559116214186594.1073741830.100002646622097&type=3&theater
[17:16:54] <Soxis> zobacz to jeszcze na przykład
[17:16:54] <Soxis> xD
[17:17:11] <Soxis> kurde nie działą
[17:17:27] <misiek200m> a nu nie ;v
[17:18:20] <Soxis> https://scontent-frt3-1.xx.fbcdn.net/hphotos-xfp1/v/t34.0-12/12583743_481269985394004_1704050882_n.jpg?oh=41588f24bb5f94957820f2fc76b8d772&oe=56A47E9E
[17:18:27] <Soxis> https://scontent-frt3-1.xx.fbcdn.net/hphotos-xat1/v/t34.0-12/12571008_481270005394002_433866980_n.jpg?oh=35697802a81c62bcbb6206b6334ab364&oe=56A47441
[17:19:06] <misiek200m> hahahaha ok xD
[17:19:14] <misiek200m> Ale w język polski to on nie umie xD
[17:20:37] <misiek200m> bra idę xD
[17:20:41] <misiek200m> DOBRANOC xDDD
[17:20:49] <Soxis> dobradzień xD
[17:20:53] <misiek200m> xDDD
