[20:48:55] *** Quits: misiek200m (miskof@mysterious.chocolate.muffin) (cloudchaser.canternet.org cadance.canternet.org)
[20:48:55] *** Quits: Patch (Patche@flutterchat.pl) (cloudchaser.canternet.org cadance.canternet.org)
[20:48:55] *** Quits: Skutalu (Scootaloo@Pony-hsvbo0.pl) (cloudchaser.canternet.org cadance.canternet.org)
[20:49:19] *** Joins: Skutalu (Scootaloo@Pony-hsvbo0.pl)
[20:49:19] *** Joins: Patch (Patche@flutterchat.pl)
[20:49:19] *** cadance.canternet.org sets mode: +h Patch
[20:49:20] <Patch> Witaj BlackBird!
[20:49:20] <Patch> Witaj McKey!
[20:49:21] <Patch> Witaj Luna!
[20:49:36] *** Joins: misiek200m (miskof@mysterious.chocolate.muffin)
[20:49:36] *** daring.canternet.org sets mode: +h misiek200m
[20:49:36] <Patch> Witaj misiek200m!
[23:52:40] *** Quits: Luna (Luna@The.Moon.Princess) (discord.canternet.org chrysalis.canternet.org)
[23:52:40] *** Quits: misiek200m (miskof@mysterious.chocolate.muffin) (discord.canternet.org chrysalis.canternet.org)
[23:52:40] *** Quits: Patch (Patche@flutterchat.pl) (discord.canternet.org chrysalis.canternet.org)
[23:52:40] *** Quits: Skutalu (Scootaloo@Pony-hsvbo0.pl) (discord.canternet.org chrysalis.canternet.org)
[23:53:37] *** Joins: Luna (Luna@The.Moon.Princess)
[23:53:37] *** Joins: misiek200m (miskof@mysterious.chocolate.muffin)
[23:53:37] *** Joins: Skutalu (Scootaloo@Pony-hsvbo0.pl)
[23:53:37] *** Joins: Patch (Patche@flutterchat.pl)
[23:53:37] *** cadance.canternet.org sets mode: +ohh Luna misiek200m Patch
[23:53:38] <Patch> Witaj BlackBird!
[23:53:39] <Patch> Witaj McKey!
