[07:51:53] <Soxis> o stary co to się odjebało XDDDDDDDDDDDDDDDDDDDDD
[07:52:00] <Soxis> POLECAM GORONTZO TEGO ALLEGROWICZA XDDDD
[07:52:15] <Soxis> The She to jest Ola
[07:52:17] <Soxis> chyba pamiętasz
[07:52:22] <Soxis> jej przyjaciółka
[07:52:25] <Soxis> bardzo spoko jest
[07:52:27] <Soxis> Kinga
[07:52:40] <Soxis> razem w tej swojej wspólnocie neokatechumenalnej są
[07:52:56] <Soxis> ale dobra, teraz skopiuje Ci z wiadomośći z fb zo koleżance pisałem co na bieżąco z tym jest XDDDDDDDDDDD
[07:53:18] <Soxis> u Oli we wspólnocie jest taki gościu
[07:53:18] <Soxis> który jakiś czas temu się z nią zapoznał
[07:53:18] <Soxis> i ją ignorował cały czas
[07:53:18] <Soxis> tam latał u nich od dziewczyny do dziewczyny
[07:53:18] <Soxis> Kinga i tak dalej i tak dalej
[07:53:19] <Soxis> z Olą się zapoznał trochę
[07:53:21] <Soxis> mieli być ze sobą
[07:53:25] <Soxis> to jej powiedział, że i tak ją zdradzać będzie
[07:53:27] <Soxis> bo mu nawet nie zależy na takiej jak ona
[07:53:29] <Soxis> i Ola cały czas za nim latała
[07:53:31] <Soxis> w sobotę jak z nią gadałem, to mówiła, że nei chce chłopaka - nie tak, że za tydzień będzie mieć czy dwa, nie chce mieć chłopaka bo się skupić nie może itp
[07:53:34] <Soxis> widziałem tylko jak mieli się spotkać w Skrzatuszu ale nie mogli się znaleźć
[07:53:36] <Soxis> i Ola taka wkurwiona chodziła
[07:53:38] <Soxis> NAWET TYDZIEŃ NIE MINĄŁ
[07:53:40] <Soxis> ZGADNIJ Z KIM ONA JEST XDDDDDDDDDDDDDDDDDDDDDDDDDDDDDDDDDD
[07:53:42] <Soxis> gówno warte słowa jak cała ona
[07:53:44] <Soxis> ale powiem Ci szczerze
[07:53:46] <Soxis> warto było to pół roku ciągnąć
[07:53:47] <Soxis> drugiej tak zjebanej osoby nigdy nie spotkam XDDDDDDDDDDD
[07:53:49] <Soxis> to co się odjebało to się na pastę nadaje idealnie XDDD
[07:54:18] <Soxis> ZNACIE TE LASKI, NIE? XD NIEOBLICZALNE, TAKIE SĄ NAJLEPSZE, TAKIE "POZYTYWNIE PIERDOLNIĘTE" SZALONE. PMS, DARCIE RYJA, ŻRE BO PŁACZE, PŁACZE BO GRUBA, WINKO Z KOLEŻANKAMI DO PORZYGU, NA DVD KOMEDIA ROMANTYCZNA, Z GRAMOFONU MYSLOVITZ, A NA DOJEBKĘ EKOLOGICZNE CIASTECZKA OWSIANE I ORGANICZNA KAWA Z MLEKIEM SOJOWYM. SKOK W BOK Z ENRIQUE BO HORMONY KAZAŁY, GORĄCY TEMPERAMENT XDDDD
[07:54:18] <Soxis> ALE JAK MNIE NIE ZNIESIESZ GDY JESTEM NAJGORSZA TO NIE ZASŁUGUJESZ NA MNIE GDY JESTEM NAJLEPSZA, WIADOMO XDDDDDD
[07:54:18] <Soxis> CIEKAWE KIEDY JESTEŚ NAJLEPSZA
[07:54:19] <Soxis> CHYBA JAK ŚPISZ MASZKARO CHOCIAŻ TEŻ NIE BO PEWNIE MEJKAP ZMYTY XDDDD
[14:04:59] <VoThall> a mowilem Ci
[15:14:44] <Soxis> a
[15:14:53] <Soxis> nie mówiłem Ci już od jakiegoś czasu :D
[15:15:16] <Soxis> ale bardzo mi dobrze z tym że dałem se spokój
[15:15:19] <Soxis> lepiej się czuję xD
