[00:00:53] * Nighti hugs Night_Spark 
[00:01:11] * Nighti hugs misiek200m
[00:01:12] <Night_Spark> ^.^
[00:01:24] <Nighti> Cieplej?
[00:01:25] <misiek200m> :p
[00:01:31] <Night_Spark> :D
[00:01:53] <Night_Spark> Na serduszku tak XD
[00:02:28] <Nighti> :D
[00:03:50] *** Joins: Nighti_ (4fbf6226@gateway/web/freenode/ip.79.191.98.38)
[00:04:18] <Nighti_> spora miejscowość 200m :D
[00:05:03] <misiek200m> nooo, całe 4k ludu, tłum xD
[00:05:46] <Nighti_> u mnie ok 30k z wsiami obok ok 40k
[00:06:48] *** Quits: Nighti (4fbfb93a@gateway/web/freenode/ip.79.191.185.58) (Ping timeout: 246 seconds)
[00:07:14] <Nighti_> z Ww
[00:18:15] <Nighti_> 3 majcie się
[00:18:17] <Nighti_> \Dobranoc
[00:18:30] <Night_Spark> Do-brrr-anoc
[00:18:38] <misiek200m> Baj :p
[00:19:35] *** Quits: Nighti_ (4fbf6226@gateway/web/freenode/ip.79.191.98.38) (Quit: Powodzenia, nie zamarznijcie towarzysze)
[00:19:41] <Dalir> Dobranoc
[00:19:47] *** Quits: Dalir (~tableto@88-199-132-54.tktelekom.pl) (Quit: Bye)
[00:26:52] <MisiekShy> ELO
[00:26:56] *** Quits: MisiekShy (~Misiek@agno12.neoplus.adsl.tpnet.pl) (Quit: Leaving)
[00:50:32] *** Joins: VanDreadPL (~Thunderbi@89-73-73-49.dynamic.chello.pl)
[02:14:24] <VanDreadPL> powiem tak XD
[02:14:31] <VanDreadPL> corolla rozjeban XD
[02:14:34] <VanDreadPL> rozjebna
[02:14:35] <VanDreadPL> https://youtu.be/kiGAgMVj35I?t=29s
[02:14:48] <VanDreadPL> kolega już liczy kasę XD
[02:15:03] <VanDreadPL> a mieliśmy jechać po piwo XD
[02:15:20] <VanDreadPL> a tu nam z prawej kolo odjebał alach akbrar  XD
[02:15:42] <VanDreadPL> ironią jest że akurat ta nuta grała
[02:15:43] <VanDreadPL> XD
[02:18:44] <Soxis> XDD
[02:18:56] *** Quits: VanDreadPL (~Thunderbi@89-73-73-49.dynamic.chello.pl) (Quit: Najważniejsze w życiu to mieć się z kim napić :))
[02:23:15] *** Quits: Soxis (~Soxis@86-63-85-25.sta.asta-net.com.pl) (Remote host closed the connection)
[09:20:06] *** Joins: Dalir (~tableto@88-199-132-54.tktelekom.pl)
[09:45:27] *** Joins: Nighti (4fbf6226@gateway/web/freenode/ip.79.191.98.38)
[09:45:35] <Nighti> Ave
[09:46:10] *** Quits: Dalir (~tableto@88-199-132-54.tktelekom.pl) (Ping timeout: 246 seconds)
[10:53:57] *** Joins: Dalir (~tableto@88-199-132-54.tktelekom.pl)
[11:02:19] <Nighti> Yo! Dalir
[11:02:30] <Dalir> Siema
[11:47:21] *** Joins: Misiek (~Misiek@agno12.neoplus.adsl.tpnet.pl)
[11:48:30] *** Joins: MisiekShy (~Misiek@kiev-s01-i04.cg-dialup.net)
[11:52:01] *** Quits: Misiek (~Misiek@agno12.neoplus.adsl.tpnet.pl) (Ping timeout: 256 seconds)
[11:53:38] *** Joins: NocnyPortier (~Misiek@agno12.neoplus.adsl.tpnet.pl)
[11:57:34] *** Quits: MisiekShy (~Misiek@kiev-s01-i04.cg-dialup.net) (Ping timeout: 248 seconds)
[12:06:38] *** Quits: Dalir (~tableto@88-199-132-54.tktelekom.pl) (Ping timeout: 256 seconds)
[12:35:32] *** Joins: VanDreadPL (~Thunderbi@89-73-73-49.dynamic.chello.pl)
[12:35:59] <VanDreadPL> siema
[12:42:57] *** Joins: Dalir (~DalFon@46.77.124.30)
[12:58:43] <Nighti> Siema VanDreadPL
[12:58:51] <VanDreadPL> hej
[12:58:55] <Nighti> http://i1.kwejk.pl/k/obrazki/2015/07/bb8f51e4a21227d1e3b5ce9fa8ecf0aa.png Van
[12:59:05] <VanDreadPL> widziałem
[13:00:26] <VanDreadPL> chyba sobie pogram na konsoli
[13:00:32] <VanDreadPL> dawno nie grałem
[13:03:25] *** Joins: Soxis (~Soxis@86-63-85-25.sta.asta-net.com.pl)
[13:03:30] <Nighti> http://moto.wp.pl/kat,55194,title,Lekko-uzywane-w-dobrej-cenie-Lamborghini-Sesto-Elemento,wid,17699717,wiadomosc.html?ticaid=11533d
[13:03:49] <Soxis> elo
[13:04:10] <Nighti> elo Soxis
[13:06:35] <Soxis> http://puu.sh/iV8rd/de44ee1097.mp4
[13:07:28] *** Quits: VanDreadPL (~Thunderbi@89-73-73-49.dynamic.chello.pl) (Ping timeout: 265 seconds)
[13:08:06] *** Joins: VanDreadPL (~Thunderbi@89-73-73-49.dynamic.chello.pl)
[13:08:46] <Nighti> Van co tak tobą miota?
[13:09:21] <Nighti> Sixis Dafq xDD
[13:09:48] <Nighti> Soxis*
[13:11:11] <VanDreadPL> musiałem modem odłączyć by podłączyć konsole
[13:11:15] <VanDreadPL> tak jakoś wyszło
[13:12:09] *** Quits: Dalir (~DalFon@46.77.124.30) (Quit: Bye)
[13:12:44] *** Joins: Dalir (~tableto@88-199-132-54.tktelekom.pl)
[13:18:06] <Nighti> A to nie ma wi fi?
[13:45:22] <Nighti> https://www.youtube.com/watch?v=cHcVU5cGUNE
[13:45:25] <Nighti> Van
[14:00:05] <Dalir> VanDreadPL:
[14:00:10] <Dalir> Nighti: tak sie wola
[14:02:32] *** Joins: izeer (1f307404@gateway/web/freenode/ip.31.48.116.4)
[14:06:20] <izeer> hej
[14:15:45] <Dalir> Sokoly
[14:20:56] <Soxis> omijajcie
[14:23:31] <izeer> my little pony
[14:35:32] <VanDreadPL> ko mnie woła i po co
[14:48:41] *** Quits: Soxis (~Soxis@86-63-85-25.sta.asta-net.com.pl) (Remote host closed the connection)
[14:59:43] <izeer> VanDreadPL:  http://fotoblogia.pl/7558,gopro-hero-session-powrot-do-korzeni nowe gopro
[15:06:19] <NocnyPortier> https://www.youtube.com/watch?v=kf1Vt6r-sj8
[15:12:43] *** Joins: MisiekShy (~Misiek@kiev-s01-i04.cg-dialup.net)
[15:14:36] *** Joins: Misiek (~Misiek@agno12.neoplus.adsl.tpnet.pl)
[15:15:42] *** Quits: NocnyPortier (~Misiek@agno12.neoplus.adsl.tpnet.pl) (Ping timeout: 255 seconds)
[15:16:38] <izeer> http://x3.cdn03.imgwykop.pl/c3201142/comment_fPWVkLJN5NTrCvjfvtFpJP0mEze63EjG.jpg xDD
[15:17:40] *** Quits: MisiekShy (~Misiek@kiev-s01-i04.cg-dialup.net) (Ping timeout: 246 seconds)
[15:19:08] <Nighti> hay izeer
[16:05:50] *** Quits: Misiek (~Misiek@agno12.neoplus.adsl.tpnet.pl) (Quit: Leaving)
[16:07:12] <VanDreadPL> izeer:  fajna ta nowa :D
[16:12:41] <izeer> VanDreadPL:  https://www.youtube.com/watch?v=vYEJL_Kf3t8 a tutaj projesjonalna kamera za 50k$
[16:12:50] <izeer> taką hobbita nagrywali podobno
[16:13:36] <VanDreadPL> izeer:  dobry bit :DF
[16:13:52] <izeer> mógłbym nagrać jak stawiam klocka i wyszedłby zajebisty film
[16:14:20] <VanDreadPL> gówno by wyszło XD
[16:15:57] <izeer> VanDreadPL:  sam stabilizator z klatką na kamere kosztuje 1300 funtów
[16:16:13] <izeer> ale moge sobie tam jaką chce lustrzanke wstawic
[16:16:20] <VanDreadPL> domyślam się
[16:17:20] <VanDreadPL> dobra idę pograć jakoś na łóżku mi dziś wygodniej żyć
[16:17:28] <VanDreadPL> cały tydzień o tym marzyłem
[16:17:42] <VanDreadPL> opierdalać się
[16:44:59] *** Quits: Beatzebub (~beatzebub@d108-180-217-85.bchsia.telus.net) (Quit: Beatzebub)
[17:11:09] <izeer> ja to do roboty uciekam
[17:11:09] <izeer> elo
[17:11:22] <misiek200m> baj
[17:12:16] *** Quits: izeer (1f307404@gateway/web/freenode/ip.31.48.116.4) (Quit: Page closed)
[17:14:03] <misiek200m> Ahoj #PhosiQ btw. xD
[17:14:55] <Dalir> Ahu... Ahoj ci misiek200m
[17:32:30] *** Joins: Misiek (~Misiek@agno12.neoplus.adsl.tpnet.pl)
[17:33:03] *** Dalir is now known as DalirPiwo
[17:33:23] <DalirPiwo> Swiat sie konczy xD
[17:39:02] <Nighti> Ahoj misiek200m
[17:39:25] <Nighti> I tak o to skończyła się cisza i spokój w domu...
[17:39:32] <Nighti> młodszy brat z kolonii wrócił
[17:56:27] <misiek200m> xD
[17:56:34] <misiek200m> Nighti ile lat ma?
[18:00:39] <Misiek> powiedz ze cyganie kradna głośne dzieci
[18:01:19] <misiek200m> xD
[18:05:42] <Nighti> misiek200m 10,5 chyba
[18:05:50] <misiek200m> Chyba? xD
[18:06:14] <Nighti> Jakos w 2005 mu się przyszło
[18:06:43] <Nighti> misiek200m a co?
[18:07:13] <misiek200m> Nic, tak mnie po prostu niepewność zdziwiła :p
[18:07:28] <Nighti> aaaa oke ;p
[18:09:12] <Nighti> http://puu.sh/iPwcD/5174ee99e9.jpg
[18:09:32] <Misiek> 2/dakimakura
[18:10:15] <Nighti> daki..... que?
[18:10:43] <misiek200m> Misiek sam jesteś dakimakura xD
[18:11:00] <misiek200m> Nighti poduszka... do przytulania... przynajmniej powinna być do przytulania. ;-;
[18:11:25] <Nighti> Tuż wiem o co chodzi
[18:11:41] <Nighti> Już*
[18:11:54] <Nighti> wajfu poduszki
[18:11:58] <Nighti> xd
[18:12:03] <misiek200m> num
[18:14:43] <Nighti>  "przynajmniej powinna być do przytulania" wole nie wiedzieć do czego się to jeszcze wykorzystuje ale chyba się domyślam
[18:35:41] *** Joins: MisiekShy (~Misiek@enf67.neoplus.adsl.tpnet.pl)
[18:35:46] <MisiekShy> to wy sobie dopowiadacie
[18:36:10] <MisiekShy> ja trzymam na niej głowe podczas snu
[18:36:32] <MisiekShy> do tego w końcu zostala stworzona
[18:38:55] *** Quits: Misiek (~Misiek@agno12.neoplus.adsl.tpnet.pl) (Ping timeout: 252 seconds)
[18:41:00] <misiek200m> xD
[18:41:26] <misiek200m> ( ͡° ͜ʖ ͡°)
[18:47:31] <Nighti> Te małe poduszki są dosyć przyjemne
[18:52:11] <Nighti> VanDreadPL https://www.facebook.com/654678724597610/videos/914656791933134/?fref=nf
[18:52:30] *** Joins: Soxis (~Soxis@86-63-85-25.sta.asta-net.com.pl)
[18:53:19] <Soxis> elo
[18:53:21] <Soxis> xD
[18:54:02] <Nighti> http://www.obrazki.jeja.pl/138382,latwo-rozszyfrowac-fanow-anime-i.html  srlsy?
[18:56:12] *** Joins: Misiek (~Misiek@agmc226.neoplus.adsl.tpnet.pl)
[18:58:00] *** Quits: MisiekShy (~Misiek@enf67.neoplus.adsl.tpnet.pl) (Ping timeout: 255 seconds)
[19:04:54] <misiek200m> Nighti: ja takie coś miałem - http://file.200m.pl/2015-07-11_19-04-43_4E8h9J8.png xD
[19:05:45] <Nighti> misiek200m a co to za wzór chemiczny? xD
[19:06:02] <misiek200m> xDD
[19:09:49] <Soxis> XDD
[19:09:54] *** Quits: Nighti (4fbf6226@gateway/web/freenode/ip.79.191.98.38) (Ping timeout: 246 seconds)
[19:13:38] *** Joins: Nighti (4fbf6226@gateway/web/freenode/ip.79.191.98.38)
[20:20:50] <Soxis> http://puu.sh/iPjmp/54f20cfbe7.png
[20:20:55] <Soxis> wykaz moich podręczników
[20:21:03] <Soxis> znajdźcie popularne nazwisko :D
[20:21:04] <Soxis> Fizyka
[20:21:33] <misiek200m> xD
[20:22:32] <misiek200m> Dość standardowy zestaw podręczników :p Szkoda, że nic ciekawszego niż Nowa Era nie ma, bo strasznie im poziom spada :/
[20:41:47] *** Joins: Nighti_kom (~AndChat43@aeps67.neoplus.adsl.tpnet.pl)
[20:50:59] *** Quits: VanDreadPL (~Thunderbi@89-73-73-49.dynamic.chello.pl) (Quit: Najważniejsze w życiu to mieć się z kim napić :))
[21:02:36] *** Quits: Nighti_kom (~AndChat43@aeps67.neoplus.adsl.tpnet.pl) (Remote host closed the connection)
[21:46:34] <Misiek> elo
[21:46:55] *** Quits: Misiek (~Misiek@agmc226.neoplus.adsl.tpnet.pl) (Quit: Leaving)
[21:52:31] <VoThall> dobry
[21:53:44] <misiek200m> no witam
[22:23:19] *** Joins: Nighti_ (4fbf9443@gateway/web/freenode/ip.79.191.148.67)
[22:23:44] <Nighti_> Soxis nie potrzebujesz podręczników do 1kl?
[22:23:52] <Soxis> już mma
[22:23:53] <Soxis> xD
[22:24:51] *** Quits: Nighti (4fbf6226@gateway/web/freenode/ip.79.191.98.38) (Ping timeout: 246 seconds)
[22:25:26] <Nighti_> xD
[22:25:32] <Nighti_> Co tak szybko?
[22:27:32] <Nighti_> Koncert Kombi w mieście jest
[22:27:50] <Nighti_> Okno sobie otwarłem i wszystko słyszę xD
[22:28:43] <Soxis> https://www.youtube.com/watch?v=d1tC2KmlEhk
[22:37:14] <Nighti_> https://www.youtube.com/watch?v=ciX2kse12ag
[22:57:03] <VoThall> eh jutro podrusz ;-;
[23:05:49] <Soxis> quo vadis VoThall
[23:05:57] <VoThall> ;-;
[23:06:21] <McKey> PIERDOLE NIE ROBIE
[23:10:42] <DalirPiwo> McKey: witaj w klubie
[23:12:10] <McKey> DalirPiwo, jesteś jebaną pizdą
[23:12:14] <McKey> i tak od 4 osób
[23:12:22] <McKey> pewnyś że to ten sam klub?
[23:12:37] *** DalirPiwo is now known as Dalir
[23:12:46] <Dalir> Ale o co chodzi? 9?6
[23:14:55] <McKey> Dalir, nic. Wkurwiło mnie pare osób :P
[23:15:21] <Dalir> Ahaaaaaaaa?
[23:15:35] <Dalir> I dzieki ze nabluzgales na mnie
[23:15:37] <Dalir> Milo mi
[23:16:00] <McKey> no to wyobraź sobie że ja jestem jeden
[23:16:11] <McKey> a jak by tak 4 osoby cię zaczeli wyzywać?
[23:17:16] <Dalir> Umm... :\
[23:26:06] <misiek200m> wat?
[23:28:37] <misiek200m> McKey: to na meecie tak chujowo było czy co? :v
[23:29:05] <Soxis> McKey: 4 osoby Cie wyzywają?
[23:29:10] <Soxis> prawy sierpowy xD
[23:29:23] <Soxis> ale ja ogólnie lubię gównoburze
[23:29:30] <Soxis> więc wytaczałbym im konstruktywne opinie XD
[23:30:58] <McKey> misiek200m, nie na meecie
[23:31:03] <McKey> po nim...
[23:31:30] <misiek200m> :v
[23:33:04] <McKey> przychodzisz do domu po meecie. Wchodzisz na pare kanałów i tego typu spraw i widzisz że 2 admin mimo że już wczesniej cię wkuriwał nawet przepraszam nie powiedział... pingasz go pare razy a on jeszcze zaczyna cię wyzywa c...
[23:33:39] <McKey> 
[23:33:53] <McKey> ...
[23:34:04] <McKey> Po tym jeszcze 2 inne osoby zaczynają cie wyzywać...
[23:34:19] <McKey> naprawde to nie jest zajebiste szczególnie że meeta miałem od godziny 15 
[23:34:38] <misiek200m> ok ;v
[23:36:59] <McKey> Badematte – Octavia
[23:37:02] <McKey> co to kórwa jest...
[23:43:05] <Soxis> McKey: ja tam w sumie nigdy nie uważałem tego fandomu za dobrego XD
[23:43:10] <Soxis> Tylko Was tutaj
[23:43:15] <Soxis> i ewentualnie paru innych XD
[23:43:42] <McKey> Soxis, potwierdza się to co ja czułem jak "wracałem" do polskiego fandomu
[23:43:45] <McKey> tu jest chujnia
[23:43:47] <McKey> .
[23:45:03] <Soxis> nie tylko w Polskim
[23:45:06] <McKey> a prośby o powrót cały czas dostaje z Hameryki
[23:45:12] <Soxis> ale polski fandom jest jeszcze*cebula xD
[23:45:46] <McKey> z ciekawości
[23:46:23] <McKey> Dalir, Lunia misiek200m Night_Spark Nighti_ VoThall. co to MLK pewnie wiecie i kto będzie też wiecie. Strzelajcie ile to wyniesie za wszystkich gości.
[23:48:04] <Lunia> jakies grosze
[23:48:53] <McKey> taaaa
[23:48:58] <McKey> jak dla ciebie to grosze...
[23:49:03] <McKey> 2500 PLN
[23:49:08] <McKey> a szkoła za free...
[23:49:16] <Lunia> lol
[23:52:35] <Lunia> hotele dla orgów
[23:53:40] <Dalir> Dobranoc
[23:53:43] *** Quits: Dalir (~tableto@88-199-132-54.tktelekom.pl) (Quit: Bye)
[23:55:17] *** Joins: Beatzebub (~beatzebub@d162-156-106-225.bchsia.telus.net)
[23:55:51] <Nighti_> troszku sporo
[23:56:12] <McKey> Nighti_, e.... niekoniecznie :P
[23:56:36] <McKey> Nighti_, dla porównania za mase gości na Crystal Fair w pln dali około 10k PLN
[23:56:40] <Nighti_> Jak nie koniecznie to mi przeslij na konto :P
[23:56:48] <McKey> a tam był Ingram i Tabiatcha z USA
[23:57:25] <Nighti_> W porównaniu do innej większej imprezy to wiadomo
[23:58:18] <McKey> E...
[23:58:20] <McKey> niekoniecznie xD
[23:58:47] <Nighti_> ...
