[00:20:12] <MisiekShy> http://img-9gag-fun.9cache.com/photo/ay0yDqM_460sv.mp4 hue hue
[02:09:56] *** Joins: Beatzebub (~beatzebub@d75-155-236-222.bchsia.telus.net)
[03:26:02] *** Quits: MisiekShy (~Misiek@agnm203.neoplus.adsl.tpnet.pl) (Quit: Leaving)
[11:53:03] *** Quits: Koh_fon (~Kingofhil@user-94-254-209-110.play-internet.pl) (Remote host closed the connection)
[11:56:30] *** Joins: Koh_fon (~Kingofhil@user-94-254-209-110.play-internet.pl)
[12:36:17] *** Joins: Misiek (~Misiek@agnm203.neoplus.adsl.tpnet.pl)
[13:56:23] *** Quits: Beatzebub (~beatzebub@d75-155-236-222.bchsia.telus.net) (Ping timeout: 256 seconds)
[14:05:24] <VoThall> dobry
[14:06:57] <Misiek> hi
[14:51:22] *** Joins: MisiekShy (~Misiek@kiev-s01-i03.cg-dialup.net)
[14:52:19] *** Joins: NocnyPortier (~Misiek@agnm203.neoplus.adsl.tpnet.pl)
[14:53:37] *** Quits: Misiek (~Misiek@agnm203.neoplus.adsl.tpnet.pl) (Ping timeout: 256 seconds)
[14:55:43] *** Quits: MisiekShy (~Misiek@kiev-s01-i03.cg-dialup.net) (Ping timeout: 258 seconds)
[15:27:59] *** Joins: izeer (1f3074d8@gateway/web/freenode/ip.31.48.116.216)
[15:28:04] <izeer> hej
[15:29:53] <Night_Spark> Hay
[15:30:02] *** NocnyPortier is now known as Misiek
[15:42:54] *** Joins: Nighti (4fbf395f@gateway/web/freenode/ip.79.191.57.95)
[15:51:57] *** Joins: Soxis (~chatzilla@86-63-85-25.sta.asta-net.com.pl)
[15:52:01] <Soxis> elo xD
[15:52:11] <Soxis> kumpel się ze mną dzisiaj kanapeczką podzielił :D
[15:52:16] <Soxis> z chlebem pleśniowym
[15:52:18] <Soxis> nowa innowacja xD
[15:55:16] <Soxis> VoThall: https://www.youtube.com/watch?v=C4-W52s1vnM
[15:59:45] <misiek200m> no witam
[15:59:51] <misiek200m> chleb pleśniowy... hmm xD
[16:00:00] <Soxis> polecam xD
[16:00:08] <Soxis> podobno nigdzie nie można dostać
[16:00:09] <Soxis> rzadkość xD
[16:00:32] <izeer> misiek200m:  o jesteś
[16:00:33] <izeer> pomusz
[16:01:02] <misiek200m> izeer wót?
[16:01:22] <misiek200m> Soxis: http://thumbs.dreamstime.com/z/chleb-ple%C5%9Bniowy-49034838.jpg OMNOMNOM
[16:01:32] <Soxis> <3
[16:02:46] <izeer> misiek200m:  po pierwsze, to wciskałem randomowe klawisze w emulatorze, i cos zrobiłem, ze gra chodzi jakby szybciej xD
[16:02:52] <izeer> fpsy sie zwiekszyły
[16:03:22] <izeer> i jak to naprawić
[16:03:25] <Soxis> wcisnąłeś więcej i teraz Ci rakieta z podwórka startuje i trzeba ją zatrzymać?
[16:04:01] <misiek200m> izeer: wciśnij -
[16:04:08] <Soxis> Wciskałeś losowe przyciski? Użyj działania odwrotnego, wciskaj konkretne przyciski
[16:05:03] <izeer> misiek200m:  jaki był standardowy target fps?
[16:05:16] <misiek200m> 1.0000
[16:05:39] <izeer> misiek200m:  i teraz, mam ten pył do badania odcisków
[16:05:46] <izeer> sypie nim, ale nic sie nie dzieje
[16:05:57] <izeer> jak to zdmuchnąc czy cos xD
[16:06:04] <Soxis> od wczoraj masz? xD
[16:06:10] <Night_Spark> izeer: wciągnij
[16:06:23] <Night_Spark> nie ten pył wziąłeś
[16:06:35] <Soxis> ^
[16:08:35] <misiek200m> izeer: pisałem - podbinduj sobie mikrofon
[16:08:36] <VoThall> Soxis nafet spoksio
[16:08:45] <izeer> co
[16:08:51] <izeer> jak to mikrofon xD
[16:08:57] <misiek200m> normalnie
[16:09:00] <VoThall> nowa innowacja xDDDD
[16:09:16] <VoThall> najnowsza nowosc
[16:09:30] <misiek200m> pod przycisk - będzie wysyłał po prostu sygnał działania, tyle wystarczy, gra ogarnie o co chodzi ;p
[16:09:42] <izeer> misiek200m:  o kurwa xD
[16:09:43] <izeer> działa
[16:09:44] <misiek200m> hotkey config, tam masz mikrofon
[16:09:53] <izeer> dmuchłem w mikro i zdmuchneło mi to xDDDD
[16:10:07] <misiek200m> xD
[16:10:12] <izeer> nie wiedziałem ze takie rzeczy na prostym emulatorze
[16:10:19] <misiek200m> można i tak
[16:10:30] <misiek200m> ale wolę pod przycisk, a nie dmuchać w lapka będę jak debil xDDD
[16:10:54] <Soxis> VoThall: najnowsza nowość < najnowsza innowacja (tak nowe, że o kurwa)
[16:11:15] <misiek200m> Soxis VoThall o co chodzi?
[16:11:25] <VoThall> o to co napisal soxis
[16:11:30] <Soxis> misiek200m: napisałem "nowa innowacja" xD
[16:11:39] <misiek200m> co kurwa xD
[16:11:45] <Soxis> kurwa... xD
[16:11:46] <izeer> misiek200m:  ale idzie sie wczuć jak xD
[16:11:48] <VoThall> xDD
[16:11:50] <Soxis> kroiłem kotleta drugą stroną noża
[16:11:51] <Soxis> rączka...
[16:12:03] <misiek200m> izeer: xD
[16:13:22] <Night_Spark> Soxis: płaską stroną?
[16:13:30] <Soxis> rączką
[16:13:41] <Soxis> ostrze w dłoni trzymałem xD
[16:13:44] <Night_Spark> pytam o rączkę
[16:13:50] <Night_Spark> xD
[16:13:50] <Soxis> XD
[16:13:55] <Soxis> nie no krawędzią xD
[16:14:00] <Night_Spark> buu
[16:14:25] <Night_Spark> myślałem że większy hardkor
[16:14:49] <Soxis> aż taki szalej nie jestem :D
[16:31:15] <misiek200m> Night_Spark: http://fav.me/d8wjv0d Po co komu ściągi :D
[16:35:16] <Night_Spark> Awww~!
[16:35:20] <VoThall> Night_Spark kickass torrents dziala tak jak powinno?
[16:35:41] <Night_Spark> Zapewne tak
[16:36:12] <VoThall> uhh
[16:36:13] <Night_Spark> Dawno nie zaglądałem na te serwisy
[16:36:15] <VoThall> nie ma tak w ogole
[16:36:19] <VoThall> middle-earth shadow of mordor
[16:36:25] <VoThall> co jest dla mnie troszke dziwne
[16:36:27] <VoThall> bo bylo
[16:36:54] <Night_Spark> VoThall: wbij w torrentz.eu
[16:39:09] *** Quits: Soxis (~chatzilla@86-63-85-25.sta.asta-net.com.pl) (Ping timeout: 265 seconds)
[16:40:35] *** Joins: Soxis (~chatzilla@86-63-85-25.sta.asta-net.com.pl)
[16:44:28] <izeer> misiek200m:  ale kisne z tego nagrania z evidence roomu
[16:44:32] <izeer> z goodmanem
[16:44:42] <izeer> i jego cały czas kurwa zasłonietą twarza xD
[16:44:55] <misiek200m> nom xD
[16:53:30] <misiek200m> Kurde... czy mi się wydaje czy HowToBasic ostatnio już przesadza? O_o Soxis VoThall izeer
[16:54:13] <izeer> nie oglądam tego w sumie
[16:54:19] <misiek200m> https://www.youtube.com/watch?v=ik8wgBSaHn0
[16:54:21] <VoThall> ja w sumie tez xD
[16:54:24] <misiek200m> kiedyś aż tak nie odwalał xD
[16:54:37] <misiek200m> Chyba że ma inne mieszkanie, a z tego plan filmowy zrobił xD
[16:55:07] <VoThall> kasa leci
[16:55:09] <VoThall> wiec jest gicio xD
[16:55:44] <misiek200m> https://www.youtube.com/watch?v=X5ecpL7PsLE JA PIERDOLE xDD
[16:57:45] <VoThall> XDDD
[16:57:54] <Soxis> misiek200m: to jako plan filmowy xD
[16:58:00] <Soxis> chciałoby Ci się coś takiego sprzątać? xD
[16:58:13] <misiek200m> No i tak ktoś to sprząta xD
[17:08:34] *** Joins: Dalir (~Pony@88-199-132-54.tktelekom.pl)
[17:09:34] <Dalir> siema
[17:22:33] *** Joins: Tadek_ (59e62201@gateway/web/freenode/ip.89.230.34.1)
[17:23:05] <Tadek_> >Aha, czyli zasada ciężaru dowodu nagle przestała w nauce obowiązywać i wystarczy, że czegoś nie da się obalić?
[17:23:14] <Tadek_> >I właśnie ta zasada ciężaru dowodu nie dotyczy katolików, bo im wystarczy, że czegoś nie da się obalić.
[17:23:37] <Tadek_> 8)
[17:32:35] *** Joins: VanDreadPL (~Thunderbi@89-73-60-176.dynamic.chello.pl)
[17:41:44] <Misiek> https://www.youtube.com/watch?v=ekAPnb4ygAY
[17:48:17] <Nighti> siema VanDreadPL
[18:06:36] <misiek200m> Czyść kurze, zapomnij, że masz przecież neta po kablu, odstaw laptopa kij wie gdzie, dziw się, że zerwało połączenie xD
[18:09:22] <Night_Spark> Za twoim przewooodem, złączem, i przez modem...
[18:12:07] <Nighti> http://kwejk.pl/obrazek/2352579/uratuj-mnie.html
[18:14:24] <misiek200m> Ta, wyjazd na wakacje... na basen xD
[18:23:27] <Nighti> lub morze albo jeziorko ;p
[18:24:29] <Nighti> https://instagram.com/sincerely.lyn/   xddd
[18:28:18] *** Quits: Dalir (~Pony@88-199-132-54.tktelekom.pl) (Ping timeout: 276 seconds)
[18:29:03] <misiek200m> Nighti co ty za linki podsyłasz? Nie ogarniam xD
[18:30:18] *** Joins: Dalir (~Pony@88-199-132-54.tktelekom.pl)
[18:31:17] <Nighti> do wakacji ratowniczka;p
[18:38:24] <VanDreadPL> kurwa te jebane xbox fitnes
[18:38:27] <VanDreadPL> to zajebista sprawa
[18:38:32] <VanDreadPL> niezły wycisk
[18:38:54] <VanDreadPL> cieknie ze mnie jak ze szmaty dosłownie
[18:39:57] <VanDreadPL> ale niestety przytyło mi się
[18:40:03] <VanDreadPL> wiec czas się poruszać ambitniej
[18:40:50] <Nighti> daje okejke
[18:41:32] <VanDreadPL> dobra idę się wykąpać XD
[18:41:37] <VanDreadPL> bo śmierdzę
[18:56:50] <VanDreadPL> no i jestem czysty
[18:56:54] <VanDreadPL> i nie śmierdzę :D
[18:57:21] <Soxis> daj się sztachnąć xD
[18:59:08] *** Quits: Dalir (~Pony@88-199-132-54.tktelekom.pl) (Ping timeout: 264 seconds)
[19:00:48] <VanDreadPL> izeer:  misiek200m  Nighti https://www.youtube.com/watch?v=my_iv9n6vIw
[19:21:47] <VanDreadPL> dobra idę na osiedle
[19:31:19] *** Quits: Nighti (4fbf395f@gateway/web/freenode/ip.79.191.57.95) (Ping timeout: 246 seconds)
[19:39:25] *** Joins: Nighti (4fbf395f@gateway/web/freenode/ip.79.191.57.95)
[19:39:45] <Soxis> VoThall: https://www.youtube.com/watch?v=mqiix4avf5M
[19:39:48] <Soxis> słyszałeś?
[19:39:52] <Soxis> wysyłałem Ci kiedyś chyba
[19:39:54] <Soxis> tez ma fajny bass
[19:40:53] <VoThall> nie ma w tym nic charakterystycznego, ciekawego xD
[19:56:32] *** Quits: Tadek_ (59e62201@gateway/web/freenode/ip.89.230.34.1) ()
[20:16:37] <misiek200m> Soxis odstaw osu xD
[20:30:00] *** Joins: Dalir (~tableto@88-199-132-54.tktelekom.pl)
[20:32:47] <Misiek> https://gfycat.com/FakeCharmingAlbatross
[20:32:49] <Misiek> czo tam
[20:36:51] *** Joins: psoras (~Thunderbi@agmi164.neoplus.adsl.tpnet.pl)
[20:40:58] *** Quits: izeer (1f3074d8@gateway/web/freenode/ip.31.48.116.216) (Ping timeout: 246 seconds)
[20:41:59] <misiek200m> Misiek Monogatari któreś?
[20:45:46] <Nighti> https://derpibooru.org/913256
[20:48:06] <psoras> https://i.chzbgr.com/maxW500/8506925824/h8EB575BE/
[20:53:25] <psoras> Nighti: to ma taga "pure unfiltered evil"
[20:54:23] <psoras> tagi na derpibooru - często lepsze od samego obrazka
[20:54:39] <Nighti> psoras niezauwyażyłem xDD
[20:57:59] *** Joins: MisiekShy (~Misiek@ecm153.neoplus.adsl.tpnet.pl)
[20:58:07] <MisiekShy> misiek200m, tak
[20:59:10] <misiek200m> xD
[20:59:12] <misiek200m> Hej psoras
[21:00:28] <psoras> hej misiek200m
[21:00:38] *** Quits: Misiek (~Misiek@agnm203.neoplus.adsl.tpnet.pl) (Ping timeout: 265 seconds)
[21:00:52] <psoras> wiecie co, ja serio wymyślę tę grę randkową z pociągami Kolei Dolnośląskich ^^
[21:01:06] <psoras> niekoniecznie narysuję, niekoniecznie napiszę
[21:01:12] <misiek200m> haha :D
[21:01:16] <psoras> ale jak jest z czołgami, to niech będzie z pociągami
[21:01:47] <psoras> oczywiście w hajskulu, bo k@#$wa każde anime musi zaczynać się od szkoły
[21:01:51] <psoras> w klasie KD
[21:02:13] <psoras> oprócz niej będzie klasa PR, IC, KM i takie tam
[21:02:29] <Dalir> psoras: przynajmniej w anime
[21:02:33] <Dalir> Licealistow nie graja
[21:02:40] <Dalir> Dwudziestoletmni studenci
[21:02:41] <Dalir> XD
[21:03:07] <psoras> :D
[21:03:29] <Dalir> Chociaz w anime tez trudno wiek rozroznic
[21:03:32] <Dalir> XD
[21:03:46] <Dalir> A w MLP!?? To juz w ogole!
[21:04:02] <Dalir> Kto wie ile taka cheerilee ma lat?  No kto?
[21:04:28] <Dalir> Moze Bic Mac umawia sie z kobiet...klacza o 10lat starsza od siebie
[21:04:31] <Dalir> Taki fetysz
[21:05:46] <psoras> a może sam jest 10 lat starszy :>
[21:08:17] <Dalir> No tez
[21:08:27] <McKey> A może lubi w dupe? xD
[21:08:44] <Dalir> ._.
[21:09:07] <Dalir> Sprzeciw!
[21:09:19] <Dalir> To nie ma zwiazku ze sprawa
[21:10:06] <psoras> https://www.youtube.com/watch?v=deNnftFxh1I ja cię, jakie to fajne
[21:10:20] <psoras> wyobraźcie to sobie przerobione na Tyranlestię ^^
[21:11:43] <misiek200m> :D
[21:12:14] <misiek200m> psoras: tak myślę, myśle... znam melodię - https://www.youtube.com/watch?v=2Nc-X1wlU3Q :p
[21:12:31] <psoras> tak, to to
[21:12:53] <Nighti> https://youtu.be/kZT-pFb4Fa8?t=45s
[21:13:10] <misiek200m> Jak nie lubię tego języka, to to brzmi nieźle :D
[21:20:35] <misiek200m> kurde... nie mogę znaleźć tego przerobionego intra k-on z pociągami xD
[21:21:41] <McKey> psoras, 
[21:21:50] <McKey> on to pewnie ma w ulubionych :P
[21:36:35] *** Joins: NocnyPortier (~Misiek@kiev-s01-i03.cg-dialup.net)
[21:40:02] *** Quits: MisiekShy (~Misiek@ecm153.neoplus.adsl.tpnet.pl) (Ping timeout: 276 seconds)
[21:40:58] *** Joins: Misiek (~Misiek@ecm153.neoplus.adsl.tpnet.pl)
[21:44:08] *** Quits: NocnyPortier (~Misiek@kiev-s01-i03.cg-dialup.net) (Ping timeout: 264 seconds)
[21:45:43] *** Joins: Beer_Attorney (1f3074d8@gateway/web/freenode/ip.31.48.116.216)
[21:52:44] <VanDreadPL> jestem miszczem XD
[21:53:02] <VanDreadPL> udało mi się zaprogramować dwa piloty do ferdka XD
[21:53:05] <McKey> yay
[21:54:44] <VanDreadPL> to miło bo miałem sprawnego tylko jednego pilota XD
[22:06:38] <Beer_Attorney> misiek200m:  ta ostatnia sprawa robi sie coraz bardziej pokręcona
[22:07:03] <Beer_Attorney> jakby wziąć wszystkie poprzednie sprawy i zamieszać to i tak byłyby mniej skomplikowane xD
[22:08:09] <misiek200m> Nom Beer_Attorney, ostatnia to niezła akcja :D
[22:11:56] <VoThall> https://www.youtube.com/watch?v=HfhmXV5o4as ogurwa xD Soxis
[22:13:33] <Nighti> jejciu jak ja lubię to nagranie
[22:39:54] <psoras> Night_Spark: odkąd mi podesłałeś https://www.youtube.com/watch?v=dUJyctyAqsI nie mogę przestać tego słuchać
[22:40:05] <Night_Spark> :D
[22:42:29] *** Joins: Beatzebub (~beatzebub@d75-155-236-222.bchsia.telus.net)
[22:46:56] <psoras> https://i.chzbgr.com/maxW500/8506925824/h8EB575BE/
[22:47:15] <psoras> eee, chyba już wkleiłem
[22:52:24] <misiek200m> yup xD
[23:03:55] <psoras> http://www.mmsilesia.pl/artykul/bukmacherzy-obstawiaja-koniec-remontu-torow-na-trasie,3414452,art,t,id,tm.html kurde, to wygląda jak z ASZdziennika
[23:09:29] <psoras> Night_Spark, misiek200m i inni: kurde, właśnie spędziłem dobre dwie godziny na wymyślaniu charakterów humanizowanym pociągom, co ja robię ze swoim życiem http://pastebin.com/wf2D6Cdu
[23:10:28] <misiek200m> <3
[23:10:54] <misiek200m> Impulsja Newagowska :D
[23:13:25] <psoras> Dalir: ^
[23:14:21] <psoras> http://tinyurl.com/oedryb4 chcieli oficjalną zabawkę Luny? Chcieli? CHCIELI?! NO! To teraz mają i cieszyć się :spike:
[23:14:39] <psoras> tak to jest jak się kopujjwklejkuje z mlptrollska :P
[23:19:54] <misiek200m> xD
[23:20:17] <misiek200m> psoras: http://img.200m.pl/2015-06-05_12-32-17_5m7U3v9.png
[23:20:38] <psoras> :D
[23:21:31] <misiek200m> Ile lat... No ile lat można używać tych samych wektorów. Brzydkich, starych i zdeformowanych xD
[23:25:43] <misiek200m> Kurde 15 osób na kanale, to jakieś bicie rekordu jest dzisiaj czy co? :D
[23:34:04] <psoras> większość zostawiła włączonego kompa :P
[23:34:16] <Soxis> ^ xD
[23:34:19] <Soxis> albo vpsy czy coś
[23:35:42] <Night_Spark> Ja mam ZNC
[23:36:02] <misiek200m> No tak, ale rano to jest średnio z 5 osób xD
[23:36:21] <Nighti> jest ktos po 10 jutro?
[23:38:06] <Night_Spark> misiek200m: brakuje jeszcze choćby Arsetusa, Shenti i Panczaqa
[23:38:22] <misiek200m> Nom
[23:38:26] <misiek200m> ale i tak sporo luda :p
[23:38:34] <Night_Spark> Yup
[23:38:46] <Nighti> Troszku nas jest
[23:39:20] <Soxis> teraz mi powiedzcie
[23:39:29] <Soxis> jakie zjawisko fizyczne występuje w poduszkowcach i kolejce linowej
[23:39:31] <Soxis> serio XD
[23:39:32] <Soxis> musze napisać xD
[23:39:57] <misiek200m> Emm
[23:40:00] <Nighti> grawitacja?
[23:40:10] <misiek200m> siła wyporu w poduszkowcu?
[23:40:22] <Soxis> to teraz kolejka linowa XD
[23:40:51] <misiek200m> no ale to średnio ZJAWISKA fizyczne są xD
[23:41:07] <Nighti> silniczki napedzjące waleczki?
[23:41:09] *** Quits: psoras (~Thunderbi@agmi164.neoplus.adsl.tpnet.pl) (Ping timeout: 264 seconds)
[23:41:23] <Night_Spark> Jak pierdnąć w twarde krzesło, to się na moment zniweluje tarcie?
[23:41:32] <misiek200m> xD
[23:41:37] <Soxis> XD
[23:41:45] <Soxis> Night_Spark: jak masz mocne jelita
[23:41:47] <Soxis> xD
[23:43:47] <Night_Spark> Soxis: napisz po prostu "W obu przypadkach mi to zwisa."
[23:43:52] <Soxis> XDD
[23:44:49] <Night_Spark> Boże, jakie pokolenie ja bym z takin podejściem wychował...
[23:45:10] <VanDreadPL> ehh trzeba iść spać
[23:45:14] <VanDreadPL> nie chce mi się
[23:45:16] <VanDreadPL> ale trzeba
[23:45:39] <Night_Spark> Dobrej nocy VanDreadPL
[23:47:33] <Soxis> a ja idę
[23:47:35] <Soxis> nQ
[23:47:36] <Soxis> xD
[23:47:46] <Soxis> Night_Spark: jakie?
[23:47:52] <Soxis> z dystansem do siebie i bez fobii społecznych :D
[23:48:13] <Night_Spark> xD
[23:49:01] <Soxis> nQ
[23:49:05] *** Quits: Soxis (~chatzilla@86-63-85-25.sta.asta-net.com.pl) (Remote host closed the connection)
[23:55:17] <Dalir> Dobranoc
[23:55:22] *** Quits: Dalir (~tableto@88-199-132-54.tktelekom.pl) (Quit: Bye)
[23:56:22] <Nighti> Dobranoc
[23:56:32] *** Quits: Nighti (4fbf395f@gateway/web/freenode/ip.79.191.57.95) (Quit: 3 majcie się)
