[00:31:15] <izeer> .
[00:39:43] *** Quits: VanDreadPL (~Thunderbi@89-73-73-49.dynamic.chello.pl) (Quit: Najważniejsze w życiu to mieć się z kim napić :))
[01:34:44] *** Quits: izeer (1f3074f2@gateway/web/freenode/ip.31.48.116.242) (Quit: Page closed)
[02:03:21] <Misiek> http://i1.kym-cdn.com/photos/images/facebook/000/881/688/298.jpg branoc
[02:03:23] *** Quits: Misiek (~Misiek@end21.neoplus.adsl.tpnet.pl) (Quit: Leaving)
[07:13:03] *** Joins: Koh_fon (~Kingofhil@user-94-254-209-118.play-internet.pl)
[07:13:23] <Koh_fon> Witam.
[07:13:56] <Koh_fon> http://i1.kwejk.pl/k/obrazki/2015/08/2b375bcf0b2e18bb4c91f223cf5cc290.jpeg przybyłem tylko po to żeby stwierdzić, że ten koleś przypomina mi Psorasa. :D
[08:09:26] <Lunia> hejka
[09:13:52] *** Joins: ScarletShade (~pszbi@public-gprs517314.centertel.pl)
[10:03:57] *** Quits: ScarletShade (~pszbi@public-gprs517314.centertel.pl) (Read error: Connection reset by peer)
[10:32:53] *** Quits: Beatzebub (~beatzebub@d162-156-106-225.bchsia.telus.net) (Quit: Beatzebub)
[12:22:20] *** Quits: Night_Spark (~Michael89@dusky.horse) (Remote host closed the connection)
[12:41:31] <VoThall> dobry
[12:42:14] <misiek200m> no witam
[12:48:32] <VoThall> http://wpolityce.pl/polityka/263214-pawel-kukiz-przerywa-wywiad-w-telewizji-republika-na-odchodne-rzuca-do-dziennikarki-ty-pisowska-k xD
[12:48:48] <VoThall> przesle pani linki na maila xD
[12:50:05] *** Joins: Night_Spark (~Michael89@the.dusky.horse)
[12:53:39] <misiek200m> wat xD
[12:55:01] <misiek200m> VoThall jakie super moce na koniec - zniknął swoją górną połowę ciała, moc green screena xD
[12:56:33] <misiek200m> https://200m.pl/file/2015-08-25_12:56:13_5kKJOHTt.png
[13:14:15] *** Joins: Soxis (~Soxis@86-63-85-25.sta.asta-net.com.pl)
[13:14:28] <Soxis> elo
[13:16:31] <misiek200m> no haj
[13:51:25] *** Joins: McKey (~McK@irc.antyklay.pl)
[13:51:32] *** Server sets mode: +cns 
[14:03:40] <misiek200m> No to zapewne kolejny rok będzie rokiem linuxa xD
[14:10:44] *** Joins: Misiek (~Misiek@end21.neoplus.adsl.tpnet.pl)
[14:11:47] <Night_Spark> misiek200m: słyszę to od kilku lat XD
[14:12:45] <Misiek> bry
[14:13:59] <misiek200m> Night_Spark nom xD
[14:14:04] <misiek200m> Ahoj Misiek
[14:23:56] <Soxis> http://giant.gfycat.com/ImaginativeZanyEft.webm
[14:24:15] <Soxis> misiek200m: nie aktualizowałem windowsa 8 od 2 lat xD
[14:25:17] <misiek200m> Soxis może zaktualizowali za ciebie xD
[14:26:33] <Soxis> misiek200m: http://puu.sh/jNVCP/32d55ccc48.png
[14:27:03] *** Joins: Tadek_ (~AndChat74@host-89-230-33-54.dynamic.mm.pl)
[14:27:31] <misiek200m> Soxis a kto tam wie, jaka prawda jest xD Zawsze podsłuchujo, niedobruchy xD
[14:27:39] <Soxis> XD
[14:30:26] <misiek200m> Hej Tadek_, graty z wbicia 18 lvlu :D
[14:30:40] <Tadek_> Tenks
[14:30:43] <Tadek_> :p
[14:30:56] <Tadek_> Choć to 11 dni temu
[14:31:06] <Tadek_> Ale important XD
[14:31:09] <misiek200m> xD
[14:33:24] <Soxis> https://www.youtube.com/watch?v=5i0DvM84z94
[14:49:44] <Soxis> https://www.youtube.com/watch?v=7T2oje4cYxw
[15:23:31] *** Joins: McKey (~McK@irc.antyklay.pl)
[15:23:31] *** Server sets mode: +cns 
[15:29:16] *** Joins: Nighti (4fb9d79a@gateway/web/freenode/ip.79.185.215.154)
[15:29:39] <Nighti> Dobry
[15:30:11] <Misiek> cze
[15:32:32] <Tadek_> http://i.imgur.com/TfJKvje.jpg XD ©
[15:48:43] <Nighti> xD
[15:53:54] *** Quits: Tadek_ (~AndChat74@host-89-230-33-54.dynamic.mm.pl) (Quit: Bye)
[15:55:55] *** Joins: MisiekShy (~Misiek@emy247.neoplus.adsl.tpnet.pl)
[15:58:57] *** Quits: Misiek (~Misiek@end21.neoplus.adsl.tpnet.pl) (Ping timeout: 252 seconds)
[16:08:18] <MisiekShy> VoThall, dawai na teso a nie xD
[16:10:24] <VoThall> MisiekShy a masz pomysl na gre?
[16:10:37] <MisiekShy> dzisiaj polecimy tradycyjnie
[16:10:41] <MisiekShy> dota woto
[16:10:43] <VoThall> to ogladam dalej xD
[16:10:47] <MisiekShy> i sie zobaczy
[16:10:48] <MisiekShy> xD
[16:10:52] <MisiekShy> a nie nie
[16:10:56] <MisiekShy> to jak skonczysz juz
[16:11:10] <VoThall> raczej zagram cos dzisiaj ale poki co mam terapie
[16:11:16] <VoThall> bo kazde mmo mnie drazni
[16:11:30] <VoThall> no oprocz wowa
[16:11:32] <VoThall> xD
[16:17:22] <Soxis> http://www.wykop.pl/wpis/14067605/przypadkiem-trafilem-na-forum-dla-seniorow-i-watek/
[16:17:24] <Soxis> XD
[16:28:27] <McKey> misiek200m: mocno mną rzucało?
[17:05:09] <Soxis> jak szatan
[17:18:42] <MisiekShy> https://youtu.be/Jv1ZN8c4_Gs
[17:25:12] <MisiekShy> ouuououu
[17:25:15] <MisiekShy> http://www.aliexpress.com/item/NEW-Quality-Shingeki-no-Kyojin-Attack-on-Titan-Backpack-Schoolbag-Shoulder-Bag-free-shipping/32228963927.html
[17:25:22] <MisiekShy> w pytke wygludna
[17:25:37] <Soxis> VoThall: MisiekShy http://www.wykop.pl/wpis/14070305/czesc-pytania-glownie-do-osob-jarajacych-sie-japon/
[17:25:39] <Soxis> XDDDDDD
[17:25:56] <MisiekShy> tak
[17:26:21] <MisiekShy> subuje wszystkie te tagi Soxis nie martw sie xD
[17:26:30] *** Joins: ScarletShade (~pszbi@public-gprs517695.centertel.pl)
[17:26:30] <Soxis> XD
[17:26:34] <Soxis> siema ScarletShade
[17:26:44] <ScarletShade> elo
[17:27:21] <Soxis> MisiekShy: ej
[17:27:24] <Soxis> dobra piosenka xD
[17:27:29] <Soxis> wrzuce do Osu możezmapie xD
[17:27:56] <MisiekShy> oczywiscie z tym filmikiem w tle
[17:28:05] <Soxis> no ta
[17:28:35] <Soxis> MisiekShy: tylko musze mieć skąd ściągnąć w 192kbps
[17:28:44] <MisiekShy> jesli bys fajnie zrobil te motywy z akrobacjami to 11/10
[17:29:24] <Soxis> MisiekShy: kumpel misiek200m lubi takie piosenki mappić a on lepiej to robi xD
[17:29:27] <Soxis> to mu też pokazę
[17:29:40] <VoThall> "cytowanie naruto w oryginale itd" xDDDDDDD
[17:29:54] <MisiekShy> dobry bajd
[17:30:08] <VoThall> ogladasz anime?
[17:30:10] <VoThall> tak
[17:30:11] <MisiekShy> zielonka od 22g na wykopie
[17:30:14] <VoThall> boze jak mozna ogladac naruto xDDDD
[17:30:36] <VoThall> w sumie
[17:30:39] <VoThall> placilbym
[17:30:41] <Koh_fon> Jak można w ogóle oglądać anime xD
[17:32:32] <VoThall> te smutne czasy kiedy anime nie jest kojarzone z db tylko z naruto :c
[17:32:35] <MisiekShy> za stówe przez 30 min bedzie mówić po japońsku Koh_fon robi moskwie lache
[17:32:48] <VoThall> xD
[17:32:49] <MisiekShy> a ja bede sie smial i tarmosil weza przez spodnie
[17:33:00] <MisiekShy> bo sie troche wstydze
[17:36:31] <MisiekShy> a smoczekule gunwo xDD
[17:38:23] <Soxis> XDD
[17:39:13] <MisiekShy> juz pokemony byly lepsze xD
[17:56:41] <Soxis> ScarletShade: w ogóle jesteś tu drugi dzień
[17:56:43] <Soxis> powiedz nam coś o sobie
[17:56:50] <Soxis> ile masz lat
[17:56:57] <Soxis> czy masz jakieś choroby weneryczne
[17:57:00] <Soxis> o której chodzisz spać
[17:57:05] <Soxis> w jakich porach pracują Twoi rodzice
[17:57:07] <Soxis> xD
[17:57:09] <MisiekShy> z naciskiem na to 2
[17:57:09] <Soxis> VoThall: co nie? xD
[17:57:29] <MisiekShy> i gdzie trzymasz klucze od domu
[17:57:31] <Soxis> o
[17:58:57] <ScarletShade> soxis
[17:59:00] <ScarletShade> juz tu kiedys bylem
[17:59:31] <MisiekShy> i jaka miseczka
[17:59:36] <Soxis> xDDDD
[17:59:40] <MisiekShy> prawie bym zapomnial
[17:59:53] <Soxis> ScarletShade: ja Cie nie kojarze xD
[18:00:32] <ScarletShade> ale jak chcesz wiedziec to masz:
[18:00:32] <ScarletShade> lat: 10
[18:00:32] <ScarletShade> chorób zadnych
[18:00:32] <ScarletShade> zazwyczaj chodze pozno spać
[18:00:32] <ScarletShade> a rodzice chodza rano do pracy
[18:00:33] <ScarletShade> czekam na ciebie Soxis ( ͡° ͜ʖ ͡°)
[18:00:46] <Soxis> ( ͡° ͜ʖ ͡°)( ͡° ͜ʖ ͡°)( ͡° ͜ʖ ͡°)( ͡° ͜ʖ ͡°)( ͡° ͜ʖ ͡°)( ͡° ͜ʖ ͡°)( ͡° ͜ʖ ͡°)( ͡° ͜ʖ ͡°)( ͡° ͜ʖ ͡°)( ͡° ͜ʖ ͡°)
[18:00:48] <Soxis> wchodzę
[18:00:52] <ScarletShade> ( ͡° ͜ʖ ͡°)( ͡° ͜ʖ ͡°)( ͡° ͜ʖ ͡°)( ͡° ͜ʖ ͡°)( ͡° ͜ʖ ͡°)( ͡° ͜ʖ ͡°)( ͡° ͜ʖ ͡°)( ͡° ͜ʖ ͡°)( ͡° ͜ʖ ͡°)( ͡° ͜ʖ ͡°)( ͡° ͜ʖ ͡°)
[18:00:53] <ScarletShade> ok
[18:00:58] <ScarletShade> "wchodze"
[18:01:03] <ScarletShade> XD
[18:01:03] <Soxis> xD
[18:01:08] <MisiekShy> witam pana prokuratora xD
[18:01:12] <ScarletShade> xD
[18:01:17] <ScarletShade> a tak na serio mam 20
[18:01:27] <Soxis> ale chorób żadnych?
[18:01:28] <Soxis> xD
[18:01:30] <ScarletShade> nom
[18:01:32] <ScarletShade> C
[18:01:34] <ScarletShade> :3
[18:01:35] <MisiekShy> to dobrze
[18:01:36] <Soxis> wiek się nie liczy :^)
[18:01:43] <MisiekShy> bo na Soxisie sie ostatnio przejechalem
[18:01:55] <ScarletShade> miłość nie wybiera ( ͡° ͜ʖ ͡°)
[18:02:19] <Soxis> ( ͡° ͜ʖ ͡°)( ͡° ͜ʖ ͡°)( ͡° ͜ʖ ͡°)( ͡° ͜ʖ ͡°)( ͡° ͜ʖ ͡°)
[18:02:30] <MisiekShy> zastrzyk przeciwtężcowy to nic miłego
[18:02:39] <ScarletShade> co?
[18:02:46] <MisiekShy> przestańcie spamić lennym to nie mirko dziękuje
[18:03:34] <ScarletShade> a co jestes moją matką?
[18:03:42] <Soxis> MisiekShy: ( ͡° ʖ̯ ͡°)
[18:03:44] <Soxis> ok
[18:03:48] <MisiekShy> jestem z internetu pozdrawiam
[18:04:01] <ScarletShade> http://www.nooooooooooooooo.com/
[18:04:13] *** MisiekShy is now known as Misiek
[18:04:24] <ScarletShade> k
[18:04:43] <ScarletShade> jak się nick zmienia  /nick?
[18:04:47] <ScarletShade> bo niepamietam
[18:04:50] <Koh_fon>  /nick
[18:05:13] <ScarletShade> cholera nie dziala
[18:05:38] <ScarletShade> nie dziala w sensie ze niepoprawne znaki
[18:05:43] <Misiek> https://i.imgur.com/BVE0DHR.jpg
[18:06:15] <ScarletShade> co ta fallout?
[18:06:21] <ScarletShade> co to*
[18:06:27] <Soxis> misiek kek xD
[18:06:41] <ScarletShade> ╚═( ͡° ͜ʖ ͡°)═╝
[18:06:41] <ScarletShade> ╚═(███)═╝
[18:06:41] <ScarletShade> ╚═(███)═╝
[18:06:41] <ScarletShade> .╚═(███)═╝
[18:06:41] <ScarletShade> ..╚═(███)═╝
[18:06:41] <ScarletShade> …╚═(███)═╝
[18:06:41] <ScarletShade> …╚═(███)═╝
[18:06:42] <ScarletShade> ..╚═(███)═╝
[18:06:42] <ScarletShade> .╚═(███)═╝
[18:06:43] <ScarletShade> ╚═(███)═╝
[18:06:43] <ScarletShade> .╚═(███)═╝
[18:06:44] <ScarletShade> ..╚═(███)═╝
[18:06:50] <Misiek> toppest of keks
[18:06:56] <Misiek> play rust
[18:08:35] <ScarletShade> ʖʖʖʖʖʖ° ͜° ͜° ͜ ͡ ͡ ͡° ͜ ͡° ͜°)°) ͡° ͡°ʖ ͡ʖ ͡
[18:08:48] <ScarletShade> dobra przestaje bo spawm
[18:08:53] <ScarletShade> spaspam
[18:08:53] <ScarletShade> xD
[18:08:58] <ScarletShade> xD
[18:09:00] <ScarletShade> co ja pisze
[18:11:37] <Soxis> ScarletShade: nie no spoko nabijaj se stary
[18:11:38] <VoThall> co to za dziewuszka
[18:11:39] <Soxis> staty
[18:11:42] <Soxis> mode nie banujo xDx
[18:11:49] <Soxis> VoThall: urmom heheheheheh
[18:11:54] <Misiek> jaka dziewuszka
[18:11:58] <Misiek> starszy brat Soxisa
[18:12:11] <Soxis> misiek ale ten, o którym nie wiem
[18:12:13] <Soxis> ( ͡° ͜ʖ ͡°)
[18:14:30] <VoThall> w ogole czemu nie mamy zadnej dziewczyny na ircu
[18:14:33] <VoThall> smutno troche
[18:15:15] <Misiek> xD
[18:15:20] <Soxis> VoThall: ja Ci nie wystarczam? :C
[18:15:24] <VoThall> nie
[18:15:25] <Soxis> Shenti czasami przychodzi xD
[18:15:35] <Misiek> ja to juz sie przyzwyczailem xD
[18:15:37] <VoThall> ale wiesz, taki staly bywalec
[18:16:18] <VoThall> sabina xDD
[18:16:39] <Soxis> XDDDDDDDDDDDDDDDDDDDDDDDDDDDDDD
[18:21:11] <Nighti> ktoś poleca jakieś fajne filmy?
[18:21:24] <Soxis> polecam
[18:21:32] <Misiek> również polecam
[18:22:02] <Koh_fon> Ja też
[18:22:23] <Nighti> dzięki :)
[18:26:34] <VoThall> dolaczam sie jak cos
[18:29:14] <Misiek> szanuje
[18:33:38] *** Joins: Tadek_ (~AndChat74@host-89-230-33-54.dynamic.mm.pl)
[18:35:18] <Misiek> https://i.imgur.com/s992yJ0.gif
[18:37:02] <misiek200m> No elo xD
[18:44:35] <Tadek_> http://i.imgur.com/TfJKvje.jpg
[18:48:00] <Misiek> http://screenshu.com/static/uploads/temporary/04/58/lh/0smtlb.jpg xD
[19:16:32] <Misiek> VoThall,
[19:16:37] <Misiek> dawai
[19:22:07] <Misiek> jest pro ekipa
[19:22:09] <Misiek> i jedem
[19:26:17] <VoThall> kto xD
[19:28:19] <Misiek> ja i kamnielot xD
[19:28:26] <Misiek> może kurnejcz
[19:28:28] <Misiek> idklolwtf
[19:28:32] <Misiek> doto jebniem
[19:28:47] <Misiek> zeby obnizyc poziom raka proponuje jakies wybitnie imba tryby
[19:30:12] <Misiek> dota reborn te sprawy
[19:34:28] <Misiek> VoThall, dawai no bo zaraz grymy
[19:34:55] <VoThall> poki co nie xD
[19:34:59] <VoThall> z rozowym pogadam
[19:35:01] <VoThall> moze w nocy
[19:42:06] <Misiek> kekeke
[19:42:21] <Misiek> poproś o pozwolenie xD
[19:52:46] <VoThall> nie chce grac xD
[19:58:23] *** Quits: Koh_fon (~Kingofhil@user-94-254-209-118.play-internet.pl) (Ping timeout: 252 seconds)
[20:03:19] *** Quits: ScarletShade (~pszbi@public-gprs517695.centertel.pl) (Read error: Connection reset by peer)
[20:10:19] *** Joins: izeer (1f305717@gateway/web/freenode/ip.31.48.87.23)
[20:10:28] <izeer> elo
[20:11:05] <Misiek> no siema xD
[20:25:12] *** Quits: izeer (1f305717@gateway/web/freenode/ip.31.48.87.23) (Ping timeout: 246 seconds)
[20:27:31] *** Joins: izeer (6d9968cf@gateway/web/freenode/ip.109.153.104.207)
[20:27:41] *** izeer is now known as izeer_BeerPony
[20:27:48] *** izeer_BeerPony is now known as BeerAttorney
[20:27:53] <BeerAttorney> sry literówka
[20:43:52] *** Joins: psoras (~Thunderbi@agne205.neoplus.adsl.tpnet.pl)
[20:43:53] <psoras> siemka
[20:43:59] <psoras> już we Wrocławiu
[20:44:37] <Night_Spark> Hej Psoras
[20:45:39] <Night_Spark> Relację czy cuś dałeś na Fejsie?
[20:49:03] <psoras> na fejsie w ogóle wklejałem od czasu do czasu jakąś fotkę z ciekawostką
[20:49:12] <psoras> i myślę o napisaniu poełnowymiarowej relacji
[20:49:30] <psoras> a na razie idę oglądać perłę brytyjskiej komedii http://www.dailymotion.com/video/x2a2xdb_citizen-khan-series-3-episode-1-naani-s-return-full-episode-hd_fun :P
[21:02:00] <Misiek> nie wiem czemu ale mnie strasznie wkurzajo te dodane śmiechy
[21:02:10] <Misiek> powinny być gdzieś wersje bez nich
[21:19:03] <Misiek> gdybym dostał dolara za każdym razem kiedy jestem rasistowski to czarnuchy by mnie pewnie okradły
[21:22:07] *** Joins: VanDreadPL (~Thunderbi@89-73-73-49.dynamic.chello.pl)
[21:22:30] <VanDreadPL> siema
[21:23:01] <Nighti> Siema
[21:23:12] <Misiek> siema
[21:23:21] <Misiek> https://2static.fjcdn.com/large/pictures/49/04/49040b_5662502.jpg
[21:33:39] <psoras> http://tinyurl.com/pgmy6ud :]
[22:00:26] <BeerAttorney> misiek200m:  przeszedłem wczoraj case 3 w trials and tribulation
[22:00:38] <BeerAttorney> ładnie tigera załatwił feniek ostatnim dowodem xD
[22:01:11] <BeerAttorney> a potem odpaliłem case 4 i żałowałem że musiałem iść spać akurat, bo backstory są zawsze fajne
[22:13:36] <Nighti> VanDreadPL
[22:26:37] *** Quits: Tadek_ (~AndChat74@host-89-230-33-54.dynamic.mm.pl) (Quit: Bye)
[22:29:56] <VanDreadPL> Nighti: ??
[22:36:48] *** Quits: Nighti (4fb9d79a@gateway/web/freenode/ip.79.185.215.154) (Ping timeout: 246 seconds)
[22:45:06] *** Quits: Soxis (~Soxis@86-63-85-25.sta.asta-net.com.pl) (Quit: ( ͡° ͜ʖ ͡°))
[22:47:23] <Misiek> VoThall,
[22:47:24] <Misiek> VoThall,
[22:47:25] <Misiek> VoThall,
[22:47:28] <VoThall> czo
[22:47:33] <Misiek> dawai no
[22:47:40] <VoThall> nie chce mi sie xD
[22:47:45] <Misiek> eggg
[22:56:35] *** Joins: ScarletShade (~pszbi@public-gprs517695.centertel.pl)
[22:58:41] <VoThall> Misiek a co gracie?
[22:58:45] <Misiek> dodo
[22:58:51] <Misiek> singul
[22:58:58] <Misiek> da or not
[22:59:00] <VoThall> meh
[22:59:00] <Misiek> bo szuka
[22:59:05] <VoThall> jeden moge zagrac
[22:59:07] <VoThall> Ty i karmelot?
[22:59:12] <Misiek> po tym czy ten
[22:59:15] <Misiek> bedzie kara 10 min
[22:59:16] <VoThall> moge ten
[22:59:18] <Misiek> k
[23:17:59] *** Joins: Tadek_ (~AndChat74@host-89-230-33-54.dynamic.mm.pl)
[23:19:14] <Tadek_> https://scontent-waw1-1.xx.fbcdn.net/hphotos-xtp1/t31.0-8/11934507_494394717396403_5283438845941295923_o.jpg
[23:29:14] *** Joins: Soxis (~Soxis@86-63-85-25.sta.asta-net.com.pl)
[23:30:53] <ScarletShade> narazie cwele do jutra :*
[23:31:00] <ScarletShade> czekam na ciebie Soxis ( ͡° ͜ʖ ͡°)
[23:31:10] <Soxis> ScarletShade: zawsze przy Tobie :*
[23:31:38] <ScarletShade> :* mam nadzieję że będę miał o tobie sen
[23:31:46] <ScarletShade> mokry ( ͡° ͜ʖ ͡°)
[23:31:47] <ScarletShade> ( ͡° ͜ʖ ͡°)
[23:31:54] <Soxis> ScarletShade: dobra, idź
[23:32:00] <ScarletShade> no ok
[23:32:01] <ScarletShade> xD
[23:32:08] *** Quits: ScarletShade (~pszbi@public-gprs517695.centertel.pl) (Quit: Leaving.)
[23:32:09] <Soxis> pedale
[23:39:27] *** Joins: Koh_fon (~Kingofhil@user-94-254-209-67.play-internet.pl)
[23:39:53] <Soxis> Misiek VoThall a co jeśli on serio jest pedałem, szuka bolca i poczuł się tu jak w raju?
[23:47:06] *** Parts: Koh_fon (~Kingofhil@user-94-254-209-67.play-internet.pl) ("Alicornchita wurst mnie wygoniła!")
[23:48:51] *** Quits: Soxis (~Soxis@86-63-85-25.sta.asta-net.com.pl) (Quit: ( ͡° ͜ʖ ͡°))
[23:53:47] <Misiek> i sie nie mylił
