[00:27:22] *** Quits: Koh_fon (~Kingofhil@azq202.neoplus.adsl.tpnet.pl) (Quit: Hue.)
[00:29:07] *** Quits: psoras (~Thunderbi@agst96.neoplus.adsl.tpnet.pl) (Quit: Narazicho!)
[01:10:52] <Misiek> bajo
[01:10:54] *** Quits: Misiek (~Misiek@bbf138.neoplus.adsl.tpnet.pl) (Quit: Leaving)
[01:29:34] *** Quits: izeer (1f30565f@gateway/web/freenode/ip.31.48.86.95) (Quit: Page closed)
[10:45:27] <VoThall> dobry
[11:17:51] <VoThall> ja pierdole co panczaq na fb wrzucil xDDD
[11:57:05] <misiek200m> no witam
[11:57:07] <misiek200m> VoThall ??
[12:04:16] *** Joins: Misiek (~Misiek@bbf138.neoplus.adsl.tpnet.pl)
[12:05:05] <Misiek> hay
[12:30:30] <Soxis> misiek200m, https://scontent-frt3-1.xx.fbcdn.net/hphotos-xpt1/v/t1.0-9/12243451_1069435773091288_1515024227251811815_n.jpg?oh=747c2fe4286615d4258404d3a513dae4&oe=56E826BF
[12:30:30] <Soxis> xD
[12:30:35] <Soxis> o to chyba chodziło
[12:30:35] <Soxis> xD
[12:32:40] <misiek200m> co kurwa
[13:03:58] <VoThall> tak
[13:04:00] <VoThall> xDD
[13:31:20] <Soxis> VoThall, misiek jakiego radia słucha Biauek? xD
[13:31:26] <Soxis> zamówimy mu audycje pasty o serwerowni xD
[13:39:44] <Misiek> proponował bym zlewy do biura
[13:39:46] <Misiek> tak ze 20
[13:39:48] <Misiek> elo
[14:24:33] *** Joins: VanDreadPL (~Thunderbi@89-73-73-49.dynamic.chello.pl)
[14:24:41] <VanDreadPL> hejo
[14:28:21] <Soxis> VanDreadPL, Misiek misiek200m VoThall https://scontent-frt3-1.xx.fbcdn.net/hphotos-xpf1/v/t34.0-12/12231673_196502260687319_249852544_n.jpg?oh=1208442f4cdfcb0a4c78ff81a5c609d0&oe=564A8C5E
[14:28:22] <Soxis> XDDDD
[14:28:25] <Soxis> JAK KRUWA SKISŁEM XD
[14:28:45] <Soxis> siema VanDreadPL
[14:28:51] <Misiek> dx
[14:29:06] <VanDreadPL> Soxis:  ludzie to emm
[14:29:07] <VanDreadPL> debile
[14:43:43] <Misiek> VoThall,https://i.imgur.com/nVzD8ai.jpg majory.rar dx
[14:44:00] <VoThall> x
[14:44:02] <VoThall> d
[14:44:12] <Misiek> czy tylko ja mam taki zakryty tekst ?
[14:44:49] <VoThall> ?
[14:45:34] <Misiek> http://puu.sh/lmn5o/1b8dea4f51.png
[14:46:16] <VoThall> iluminati
[14:54:01] <Misiek> trzeba przetestowac huskara + dazula xd
[14:54:06] <Misiek> raid boss
[15:42:51] <Misiek> VoThall, http://www.twitch.tv/sing_sing singu gra przeciwko 5 stackowi polakow xddd
[15:43:10] <Misiek> jeden sie nazywa schabowy z kością
[15:43:13] <Misiek> to bedzie dobry mecz
[16:12:06] <Misiek> jak myślita czemu czasem przy właczonym torrencie rozłącza mi neta
[16:21:52] <Misiek> poloki wygrały z singiem dx
[16:21:55] <Misiek> ez
[16:25:48] *** Joins: MisiekShy (~Misiek@bbf138.neoplus.adsl.tpnet.pl)
[16:28:31] *** Quits: Misiek (~Misiek@bbf138.neoplus.adsl.tpnet.pl) (Ping timeout: 260 seconds)
[16:32:37] <MisiekShy> VanDreadPL, teraz nasza kolej
[16:52:50] <MisiekShy> http://naekranie.pl/aktualnosci/zamachowcy-z-paryza-komunikowali-sie-przez-playstation-4-760055
[16:52:54] <MisiekShy> zakazac konsol
[17:00:46] <MisiekShy> http://www.liveleak.com/view?i=a7c_1447579225
[17:20:13] <misiek200m> Soxis xDD
[17:39:59] *** Joins: Misiek (~Misiek@eko213.neoplus.adsl.tpnet.pl)
[17:41:21] *** Quits: MisiekShy (~Misiek@bbf138.neoplus.adsl.tpnet.pl) (Ping timeout: 246 seconds)
[18:19:02] *** Quits: Misiek (~Misiek@eko213.neoplus.adsl.tpnet.pl) (Ping timeout: 272 seconds)
[18:20:04] *** Joins: Misiek (~Misiek@aglb86.neoplus.adsl.tpnet.pl)
[19:05:12] <VoThall> dobry znowu
[19:05:27] <VoThall> Misiek kto wygral? xD
[19:05:46] <Misiek> ja
[19:06:30] <VoThall> egg
[19:13:19] *** Joins: ScarletShade (~pszbi@176.221.120.133)
[19:20:50] <Misiek> no polsza
[19:20:57] <Misiek> napisalem przecie
[19:21:01] <Misiek> VoThall, wejdz teso
[19:21:08] <VoThall> po czo
[19:21:11] *** Joins: izeer (6d9c8aa9@gateway/web/freenode/ip.109.156.138.169)
[19:21:14] <Misiek> dodko
[19:21:15] <izeer> elo
[19:21:22] <Misiek> i sam wiesz co hehe
[19:21:25] <Misiek> hi
[19:34:51] <izeer> znowu szczelajo
[19:34:53] <izeer> tj. za oknem
[19:37:41] <izeer> w sumie da sie przyzwyczaic
[19:38:48] <izeer> jak sie zaczną na serio napieprzać, to bedzie dało sie nawet pospać
[20:05:10] <izeer> VoThall:  Misiek  grali w path of exile?
[20:06:11] <Misiek> tak
[20:07:03] <izeer> dobre to to
[20:07:10] <izeer> chce mi sie jakiegos mmo rpg
[20:07:23] <izeer> chcialem diablo 3 kupic, ale czytam ze pvp zdechło
[20:07:36] <Misiek> tibie polecam
[20:07:58] <Misiek> czasem gramy z votem na otsie
[20:08:32] <izeer> ej ale serio
[20:08:53] <Misiek> o tibi się nie żartuje
[20:16:32] <VoThall> ja nie gralem
[20:16:42] <VoThall> ale to nie mmo rpg dx
[20:17:53] *** Joins: MisiekShy (~Misiek@aaoc121.neoplus.adsl.tpnet.pl)
[20:18:15] *** Quits: Misiek (~Misiek@aglb86.neoplus.adsl.tpnet.pl) (Ping timeout: 240 seconds)
[20:19:19] *** Joins: psoras (~Thunderbi@aanv212.neoplus.adsl.tpnet.pl)
[20:31:56] <MisiekShy> nie no poe podobno dobre
[20:32:10] <MisiekShy> niby lepsze diablo dx
[20:33:53] <MisiekShy> na poczatku 2016 ma wyjsc jeszcze lost ark
[21:41:38] <izeer> brb ide sie pomodlić za parysz
[21:45:59] <psoras> >izeer
[21:46:02] <psoras> >pomodlić
[21:47:53] <izeer> >plz
[21:48:14] <psoras> dobra
[22:03:16] <Soxis> https://www.youtube.com/watch?v=NJC-9jrthcI
[22:38:08] *** Joins: psoras_ (~Thunderbi@agnu30.neoplus.adsl.tpnet.pl)
[22:40:56] *** Quits: psoras (~Thunderbi@aanv212.neoplus.adsl.tpnet.pl) (Ping timeout: 276 seconds)
[22:40:56] *** psoras_ is now known as psoras
[23:02:55] <Soxis> http://www.mediafire.com/view/qbijlycfxy4gahr/bf33%20paris%20attack.png#
[23:02:57] <Soxis> XDXDXDXD
[23:03:01] <Soxis> misja z BF3
[23:03:04] <Soxis> atak na Paryż
[23:03:05] <Soxis> data
[23:03:08] <Soxis> 13.11 xD
[23:06:02] <izeer> 13.11 never baguette
[23:10:30] *** Quits: ScarletShade (~pszbi@176.221.120.133) (Quit: Leaving.)
[23:11:20] <VanDreadPL> no i po weekendzie
[23:12:27] <izeer> zaraz swieta, potem wielkanoc i znow wakacje
[23:13:15] <Soxis> ^
[23:21:18] <Soxis> https://www.youtube.com/watch?v=GYycwWwYaZU
[23:21:21] <Soxis> HAHAHAHAHHA XDDD
[23:21:24] <Soxis> VanDreadPL, izeer misiek200m
[23:21:25] <psoras> siemka Van
[23:22:25] <izeer> Soxis:  xDDDD
[23:22:30] <izeer> troche sie tego spodziewalem
[23:22:33] <izeer> ale i tak dobre
[23:23:23] <VanDreadPL> siema psoras
[23:25:42] <izeer> za szowinistyczne żarty dostaje średnio 4 razy dzienne w łeb ostatnio xD
[23:29:29] <Soxis> XDDDDD
[23:55:24] <psoras> http://tinyurl.com/q29gw22 #orbanface :P
[23:57:33] <izeer> niech gino
