[00:10:57] <Dalir> Dobanoc
[00:11:26] *** Quits: Dalir (~tableto@88-199-132-54.tktelekom.pl) (Quit: Bye)
[00:50:58] *** Joins: izeer (1f307535@gateway/web/freenode/ip.31.48.117.53)
[00:51:23] <izeer> no elo
[03:48:09] *** Quits: izeer (1f307535@gateway/web/freenode/ip.31.48.117.53) (Quit: Page closed)
[05:05:00] *** Joins: Misiek (~Misiek@user-94-254-199-8.play-internet.pl)
[05:05:16] <Misiek> Hi
[05:25:47] *** Joins: MisiekShy (~Misiek@user-94-254-133-202.play-internet.pl)
[05:29:54] *** Quits: Misiek (~Misiek@user-94-254-199-8.play-internet.pl) (Ping timeout: 265 seconds)
[05:38:34] *** Quits: MisiekShy (~Misiek@user-94-254-133-202.play-internet.pl) (Quit: Misiek.exe has stopped working.)
[05:38:48] *** Joins: Misiek (~Misiek@user-94-254-133-202.play-internet.pl)
[05:56:07] *** Joins: Beatzebub (~beatzebub@d75-155-236-222.bchsia.telus.net)
[09:25:37] *** Joins: Beatzebub_ (~beatzebub@d75-155-236-222.bchsia.telus.net)
[09:29:09] *** Quits: Beatzebub (~beatzebub@d75-155-236-222.bchsia.telus.net) (Ping timeout: 265 seconds)
[09:42:34] *** Quits: Misiek (~Misiek@user-94-254-133-202.play-internet.pl) (Remote host closed the connection)
[09:52:05] *** Joins: Misiek (~Misiek@user-94-254-133-202.play-internet.pl)
[10:01:53] *** Quits: Beatzebub_ (~beatzebub@d75-155-236-222.bchsia.telus.net) (Quit: Beatzebub_)
[11:12:22] *** Joins: LuniaWeeding (~ellen@87.73.51.181)
[12:52:18] <VoThall> dobry
[13:00:32] <Night_Spark> Bry
[13:01:27] *** LuniaWeeding is now known as Lunia
[13:01:32] *** Lunia is now known as Lunia2
[13:01:59] <Night_Spark> VoThall: tak myślę czy do wyborów nie zdarzy się cud, i korwinisty wejdą do sejmu.
[13:02:11] <VoThall> ma szanse
[13:02:24] <VoThall> ale rozwazanie czy wejdzie czy nie
[13:02:27] <VoThall> w tym momencie
[13:02:36] <VoThall> jest takie - walnie w nas kiedys kometa czy nie?
[13:02:43] <VoThall> narazie nie wiemy czy czegos nie odwali itp itd :P
[13:02:44] <VoThall> za wczesnie
[13:05:45] <Night_Spark> Wielu - w tym ja - uważa że na interesowanie się polityką szkoda zdrowia. Ale jak widać, ważne głosy oddają głównie ci, co się nie interesują 9.6
[13:07:24] <Night_Spark> a przy tym uważają że wiedzą wystarczająco
[13:10:16] <VoThall> na interesowanie sie polityka szkoda zdrowia - jesli ktos ma bol dupki ale sie wkurza na debili to tak
[13:15:54] <Misiek> 3% w prezydenckich
[13:16:12] <Misiek> Uwaga bo do sejmu się dostanie
[13:17:18] <VoThall> zobaczymy :D
[13:17:34] <VoThall> ja uwazam ze nie
[13:17:36] <VoThall> ale to mozliwe
[13:21:14] <Misiek> Jeśli wejdzie w koalicje ze wszystkimi gunwopartiami to może xD
[14:00:15] *** Quits: Lunia2 (~ellen@87.73.51.181) (Quit: Konversation terminated!)
[14:27:46] *** Joins: izeer (1f307535@gateway/web/freenode/ip.31.48.117.53)
[14:46:11] *** Joins: MisiekShy (~Misiek@user-94-254-193-30.play-internet.pl)
[14:46:35] *** Quits: MisiekShy (~Misiek@user-94-254-193-30.play-internet.pl) (Client Quit)
[14:50:13] *** Quits: Misiek (~Misiek@user-94-254-133-202.play-internet.pl) (Ping timeout: 264 seconds)
[15:07:27] *** Joins: Soxis (~chatzilla@86-63-85-25.sta.asta-net.com.pl)
[15:07:31] <Soxis> elo
[15:09:27] <Night_Spark> Hay
[15:41:27] *** Joins: Nighti_ (4fbf61da@gateway/web/freenode/ip.79.191.97.218)
[15:56:18] <Nighti_> Dobry
[15:59:01] <izeer> http://gfycat.com/SimplisticOpenBichonfrise xD
[16:03:18] <Nighti_> xDD
[16:03:20] <Nighti_> ps
[16:03:26] <Nighti_> stare ;p
[16:42:35] <Nighti_> http://demotywatory.pl/4502226/Zanim-sie-kupi xd
[17:04:27] *** Joins: VanDreadPL (~Thunderbi@89-73-60-176.dynamic.chello.pl)
[17:04:58] *** Nighti_ is now known as Poniaczowy
[17:05:05] <Poniaczowy> Siema VanDreadPL
[17:05:11] <VanDreadPL> aiwm
[17:05:13] <VanDreadPL> SIEMA
[17:05:14] <VanDreadPL> xd
[17:05:14] <McKey> hi
[17:05:28] <VanDreadPL> uwaga
[17:05:46] <Poniaczowy> ?
[17:06:03] <VanDreadPL> izeer:  misiek200m  Soxis  VoThall  Poniaczowy  jak ktoś pamięta jak wkurwiałem się na temat służbowego laptopa i że chcą mi dać syf i zagroziłem że też się spierdoli XD
[17:06:04] <VanDreadPL> http://puu.sh/i1dCy/fd61abd1d6.jpg
[17:06:09] <VanDreadPL> o to co otrzymałem dziś :D
[17:06:43] <Poniaczowy> :D
[17:06:50] <Poniaczowy> To chyba zadowolony ;p
[17:07:02] <VanDreadPL> czy ja wiem
[17:07:08] <VanDreadPL> ma 4gb ram
[17:07:13] <VanDreadPL> i nie ma SSD
[17:07:28] <izeer> wait what
[17:07:34] <izeer> Poniaczowy:  nie zauważyłem cie
[17:07:57] <Poniaczowy> :0
[17:08:12] <Poniaczowy> Val lepszy rydz jak nic ;p
[17:10:50] <izeer> VanDreadPL:  http://www.androidauthority.com/sharp-2100fps-slow-motion-video-611335/ co kurwa
[17:11:01] <izeer> żeby telefon mógł do 2100 fps wyciągnąć
[17:13:31] <Night_Spark> izeer: klatki pośrednie
[17:13:50] <Night_Spark> ot cała tajemnica
[17:14:12] <Night_Spark> Ale i tak fajne.
[17:14:22] <izeer> ale bez tego i tak ma 120fps w full hd
[17:15:33] <Night_Spark> Yup
[17:17:46] <izeer> dobra uciekam do roboty
[17:17:47] <izeer> bajo
[17:18:21] *** Quits: izeer (1f307535@gateway/web/freenode/ip.31.48.117.53) (Quit: Page closed)
[17:23:11] *** Joins: Dalir (~Pony@88-199-132-54.tktelekom.pl)
[17:23:23] <Dalir> czesc
[17:27:54] <Poniaczowy> Cześć Dalir
[18:02:07] <VanDreadPL> dobra ja do dentysty lece
[18:03:11] <Poniaczowy> powodzenia
[18:10:56] <Soxis> dentysta <3
[18:11:01] <Soxis> lubie chodzić :D
[18:11:24] <Soxis> zawsze szlifowanie lubiłem xD
[18:24:40] <McKey> Hm... To ja bym se kepsa orborbił
[18:26:37] <Soxis> ja też
[18:26:39] <Soxis> McKey: kup mi xD
[18:38:13] <McKey> Soxis: 10,90 za małego
[18:38:21] <Soxis> nie stać mnie xD
[18:38:22] <Soxis> mam o,89
[18:38:24] <Soxis> xD
[18:39:16] <McKey> xD
[18:39:23] <McKey> dam ci kawałek bułki :P
[18:39:59] <Poniaczowy> o a ja mam 0.01
[18:40:16] <Poniaczowy> razem mamy 0.90 :DD
[18:40:20] <Poniaczowy> Soxis
[18:40:24] <Soxis> :D
[19:00:51] *** Joins: NS_tab (~Michael89@host-89-230-34-1.dynamic.mm.pl)
[19:02:03] *** Quits: Night_Spark (~Michael89@104.131.83.186) (Remote host closed the connection)
[19:07:20] *** Joins: Night_Spark (~Michael89@104.131.83.186)
[19:14:56] *** Quits: NS_tab (~Michael89@host-89-230-34-1.dynamic.mm.pl) (Quit: Connection closed)
[19:23:45] *** Joins: Lunia (~ellen@87.73.51.181)
[19:30:06] <Poniaczowy> https://www.youtube.com/watch?v=DQTj0Q643Jo  Dalir Koh_fon Lunia McKey misiek200m Night_Spark Soxis Triluch VanDreadPL VoThall  ktoś to kojarzy :DDD
[19:30:17] <Soxis> nie
[19:30:25] <Soxis> nie sory Poniaczowy nie lubię swing jazzu xD
[19:30:50] <Dalir> ja troche ;p
[19:31:11] <Dalir> troche kojarze
[19:31:24] <Poniaczowy> Soxis hańba Ci nie grałeś w nfs underground`a?
[19:31:44] <Soxis> Poniaczowy mówie, że nie lubię swing jazzu xD
[19:32:04] <Dalir> ja w pewnym momencie zawszy slyszalem "aś kiś kiś kiś kiś"
[19:32:18] <Poniaczowy> underground & underground 2 the best game ever
[19:32:39] <Poniaczowy> Soxis a czy ja sie pytam czy ktoś to lubi czy ktoś kojarzy xDD ;p
[19:32:56] <Soxis> sory nie kojarzę swing jazzu
[19:32:59] <Soxis> mam amelodie xD
[19:33:20] <Soxis> nie no znam tej xD
[19:33:29] <Soxis> nfsu1,2,mw najlepsze imo :D
[19:33:32] <Soxis> carbon jeszcze w miare
[19:33:49] <Poniaczowy> pograłbym w nfs u ale chyba mi nie pójdzie :(
[19:36:42] *** Quits: Lunia (~ellen@87.73.51.181) (Read error: Connection reset by peer)
[19:37:42] *** Quits: Dalir (~Pony@88-199-132-54.tktelekom.pl) (Quit: Nettalk6 - www.ntalk.de)
[19:41:58] *** Joins: Lunia (~ellen@87.73.51.181)
[19:46:41] *** Quits: Lunia (~ellen@87.73.51.181) (Client Quit)
[19:49:10] *** Joins: Lunia (~ellen@87.73.51.181)
[19:59:06] *** Quits: Lunia (~ellen@87.73.51.181) (Quit: Konversation terminated!)
[20:00:15] *** Joins: Dalir (~tableto@88-199-132-54.tktelekom.pl)
[20:01:12] *** Joins: Lunia (~ellen@87.73.51.181)
[20:04:12] *** Joins: Misiek (~Misiek@bdl54.neoplus.adsl.tpnet.pl)
[20:04:45] <Misiek> czo tam
[20:04:47] <Misiek> elo elo
[20:04:59] <Poniaczowy> elo
[20:05:17] <Poniaczowy> wspominam nfs underground :DDD
[20:05:43] <Lunia> hejka
[20:24:12] *** Quits: Lunia (~ellen@87.73.51.181) (Ping timeout: 272 seconds)
[20:37:23] <Misiek> https://i.imgur.com/1Gccxx8.jpg
[20:37:42] <Misiek> aj waj panowie
[20:37:46] <Misiek> nudy
[20:46:15] <misiek200m> No witam!
[20:47:08] <Night_Spark> Hay misiek200m
[20:50:08] <Misiek> cze cze
[20:50:09] <Misiek> nia
[20:52:48] <Poniaczowy> Hay misiek200m
[21:11:35] <VoThall> Misiek w pracy?
[21:11:43] <Misiek> nie
[21:13:09] <VoThall> to czemu Ci sie nudzi xD
[21:13:53] <Misiek> bo gdzies za godzine musze isc w kime a przez ten czas nie oplaca sie nic zaczynac
[21:14:12] <VoThall> xDD
[21:14:20] <VoThall> damn ja jutro po 7 wstaje ;-;
[21:14:32] <VoThall> w rusta mozesz zagrac
[21:14:49] <Poniaczowy> ja wstaje przed 7
[21:15:07] <Misiek> base unraidable szhreck
[21:15:14] <Misiek> all ajtems shreck
[21:15:26] <Misiek> hiszpańce rajdet shreck
[21:15:39] <Misiek> nufin moar to do
[21:16:15] <VoThall> dlugo wam to nie zajelo xD
[21:16:34] <Misiek> zo tydzien jest wipe serwera wiec to juz 3 raz
[21:16:46] <Misiek> a jak to sie mowi do 3 razy sztuka kurwa nie ma co robic
[21:17:04] <Misiek> mozna rajdowac randomowe bazy
[21:17:07] <Misiek> ale to sie nudzi
[21:17:12] <VoThall> xD
[21:17:41] <Misiek> w koncu early gamma alpha open demo
[21:17:46] <Misiek> nie ma co narzekac
[21:18:21] <Misiek> moze za 30 lat wyjdzie jako pelna wersja
[21:18:32] <Misiek> ale wtedy bedzie w ta gre gralo 5 osob xD
[21:19:09] *** Joins: psoras (~Thunderbi@abry168.neoplus.adsl.tpnet.pl)
[21:19:12] <psoras> hej
[21:19:16] <Misiek> alo
[21:19:20] <psoras> https://www.youtube.com/watch?v=nSt4vCbmle0 kurde, ekonomiczny rap O.o
[21:19:24] <Poniaczowy> ahoj psoras
[21:40:48] <Poniaczowy> Van to chyba u tego dentysty nocuje xDD
[21:43:16] <Night_Spark> Poniaczowy: jeśli tak, to mam nadzieję że zabrał gumy
[21:43:22] <Night_Spark> Orbit, ofc
[21:43:33] <Poniaczowy> Eeeyup
[21:43:40] <Poniaczowy> oby
[21:50:16] <psoras> http://tinyurl.com/ng8nvvq rany, jak z tego kisnę :D
[21:52:18] *** Joins: Lunia (~ellen@87.73.51.181)
[21:56:03] <Poniaczowy> https://www.youtube.com/watch?v=ogXaVC88LWQ    <----- wie ktos jak sie nazywa ta muzyczka?
[21:57:16] <Misiek> darude
[21:57:19] <Misiek> sandstorm
[21:57:22] <Misiek> branoc
[21:57:26] *** Quits: Misiek (~Misiek@bdl54.neoplus.adsl.tpnet.pl) (Quit: Leaving)
[21:58:03] <Poniaczowy> nope to nie sand stom
[21:58:22] <Poniaczowy> sandstorm*
[21:59:08] <VanDreadPL> Poniaczowy:  https://www.youtube.com/watch?v=5anLPw0Efmo
[21:59:12] <VanDreadPL> jak mozesz tego nie znamć
[21:59:14] <VanDreadPL> znać
[21:59:36] <Poniaczowy> własnie mi to z głowy wyleciało :(
[22:00:32] <Poniaczowy> mam juz idea na muzyczkę ze zdjęciamy na infe https://www.youtube.com/watch?v=ogXaVC88LWQ   coś w podobie moze zrobie chyba ze coś lepszego znajdę
[22:02:39] <psoras> https://www.youtube.com/watch?v=UIyRXvHmXxo muzyka z filmu, który, jak twierdzą wszyscy recenzenci, wymiata
[22:03:22] <Poniaczowy> mad max po 30 latach Yaaay
[22:04:30] <VanDreadPL> http://puu.sh/i1yv6/c51c727037.jpg
[22:05:03] <VanDreadPL> tak wygląda stolik na którym stał mój nowy laptop po tym jak wpadło na mojej siostry dziecko
[22:06:09] <Poniaczowy> nie ciekawie
[22:07:52] <VanDreadPL> a teraz anty stres XD https://youtu.be/paYG1hE0xLE
[22:10:40] <Poniaczowy> xD
[22:12:32] <Poniaczowy> VanDreadPL https://www.youtube.com/watch?v=7aSfvLQeSAU
[22:13:37] <VanDreadPL> to znam
[22:17:17] <misiek200m> VanDreadPL dziecku się nic nie stało? O_o
[22:17:50] <misiek200m> Ja kiedyś przeleciałem przez szklane drzwi xD Wciąż mam na karku tylko bliznę, a mogło rozpruć brzuch i flaki xD
[22:19:04] <VanDreadPL> misiek200m:  jakby coś sie dziecku stało to bym się laptopem nie przjemował
[22:19:11] <VanDreadPL> znaczy w sumie działa i nie ma śladu :)
[22:19:15] <misiek200m> xD
[22:19:26] <VanDreadPL> tylko kurwa ja stolika teraz nie mam
[22:19:31] <VanDreadPL> a dziecko dostało jeby
[22:19:32] <VanDreadPL> ostre
[22:19:37] <VanDreadPL> aż ryczało
[22:20:52] <misiek200m> xD
[22:24:00] <VanDreadPL> http://puu.sh/i1dCy/fd61abd1d6.jpg tu jeszcze stolik w całości XD
[22:26:16] <psoras> https://derpiboo.ru/902472 ostatni odcinek w pigułce ^^
[22:29:21] <misiek200m> https://www.youtube.com/watch?v=anEVeN4K-SY Oryginalny Caramell... jakie to wolne xD
[22:29:38] <Poniaczowy> ile wynosi spoilers protect?
[22:29:40] <misiek200m> psoras jestem 5 odcinków do tyłu, nie paczę :D
[22:29:58] <McKey> misiek200m: ja tylko 3 :P
[22:30:08] <McKey> ale jak ktoś zajpojleruje 100 odcinek
[22:30:08] <VanDreadPL> ja oglądałem tylko pierwsze dwa XD
[22:30:18] <VanDreadPL> McKey:  ja ja ja
[22:30:18] <VanDreadPL> :D
[22:30:23] <VanDreadPL> będą w nim kucyki :D
[22:30:24] <VanDreadPL> haaa
[22:30:27] <misiek200m> xD
[22:30:29] <Lunia> ja ogladam tego samego dnia
[22:30:31] <VanDreadPL> zepsułem ci całą radość
[22:30:35] <Poniaczowy> Van będzie ban ;p
[22:30:39] <McKey> ...
[22:30:48] <VanDreadPL> Poniaczowy:  cicho opów nie ma XD
[22:30:55] <VanDreadPL> można robić co się chce
[22:31:00] <VanDreadPL> tańczyć śpiewać
[22:31:01] <McKey> [22:30:44] Wysłano żądanie PART, oczekiwanie na odpowiedź...
[22:31:03] <McKey> ....
[22:31:04] <VanDreadPL> pic tanie wino :D
[22:31:08] <McKey> NAWET WYJŚĆ SIĘ NIE DA
[22:38:12] <VanDreadPL> ehh w ten weekend na szkolenie
[22:44:44] <Dalir> Dobranoc
[22:44:44] *** Quits: Dalir (~tableto@88-199-132-54.tktelekom.pl) (Quit: Bye)
[22:47:51] <Poniaczowy> Van pamiętasz nfs underground?
[22:47:59] <Poniaczowy> https://www.youtube.com/watch?v=DQTj0Q643Jo
[22:51:17] <Poniaczowy> lecę bo rano nie wstanę
[22:51:26] <Poniaczowy> Branoc
[22:52:16] *** Quits: Poniaczowy (4fbf61da@gateway/web/freenode/ip.79.191.97.218) (Quit: upadam by wstać, wstaję by żyć, żyję by pić ;p)
[22:53:25] *** Quits: Lunia (~ellen@87.73.51.181) (Ping timeout: 264 seconds)
[22:54:21] <psoras> kiedyś kminiłem, że w sumie do coponiektórych części NFS dałoby się zrobić wersje MaSzyny
[22:54:29] <psoras> Carbon - towarowy z węglem
[22:54:35] <psoras> Underground - metro
[22:54:48] <VanDreadPL> XD
[22:55:12] <psoras> ProStreet - tramwaj
[22:55:25] <VanDreadPL> Hot Pursuit - ICC XD
[22:55:38] <psoras> Rivals - Pesa vs Nwag
[22:55:42] <psoras> *Newag
[22:55:53] <VanDreadPL> Rivals SKM/KM
[22:55:53] <VanDreadPL> XD
[22:57:04] <psoras> Most Wanted 1-5-0 (zamiast 5-1-0): parowóz Ty2 (on ma taki układ osi)
[22:57:46] <psoras> The Run: zapchany do granic możliwości EN57 i pasażerowie biegnący za nim :P
[22:59:00] <VanDreadPL> The Run to bardziej wyścig na peron bo za minute odjazd XD
[22:59:02] <Night_Spark> Haha :D
[22:59:13] <psoras> ^^
[22:59:24] <VanDreadPL> ja miałem takowe z metra do skm XD
[22:59:35] <VanDreadPL> nawet skok przez bramki był XD
[22:59:55] <psoras> prawilnie, zgodnie ze wszystkimi regułami pośpiechu :>
[23:03:38] <Night_Spark> Kurde, przez tę Eurowizję dźwięczy mi w głowie "Lovers Of The Sun"
[23:05:18] <Night_Spark> Ludzie co głosowali na Szwecję zapewne po prostu wybrali to co już znają ;p
[23:09:55] <VanDreadPL> Ja głosowałem na słowenie
[23:10:06] <VanDreadPL> a prowadzącego powinni spalić na stosie
[23:10:21] <VanDreadPL> pozwolę sobie na taką uwagę jak mam być szczery :
[23:10:22] <VanDreadPL> :)
[23:10:32] <Night_Spark> Co zrobił?
[23:12:18] *** Quits: Soxis (~chatzilla@86-63-85-25.sta.asta-net.com.pl) (Ping timeout: 244 seconds)
[23:14:34] <VanDreadPL> Night_Spark:  był tam i wyglądał jak to każdy widział
[23:15:28] <Night_Spark> Nie oglądałem Eurowizji
[23:17:18] <VanDreadPL> no to coś co rok temu wygrało tą parodie tego programu
[23:19:18] *** Joins: Soxis (~chatzilla@86-63-85-25.sta.asta-net.com.pl)
[23:19:53] <Night_Spark> VanDreadPL: teraz kurde dałeś mi powód obejrzeć XD
[23:20:29] <Night_Spark> Ale pewnie mi się nie będzie chciało
[23:20:55] <Night_Spark> Eurowizja poleciała na pysk jakoś poziomem
[23:21:37] <Night_Spark> Do Conchity nic nie mam osobiście akurat.
[23:23:32] <VanDreadPL> Night_Spark:  co ja mam to wiesz
[23:23:36] <VanDreadPL> :D
[23:24:34] <VanDreadPL> psoras:  Night_Spark  http://puu.sh/i1FlR/628d8fcfac.png najlepszy mail od przełożonego XD
[23:25:15] <psoras> ^^
[23:25:24] <Night_Spark> :D
[23:25:49] <VanDreadPL> Break’ów kieliszkami i IMACów sedesami nie realizujemy XD\
[23:25:54] <VanDreadPL> to jest ekstra XD
[23:26:14] <VanDreadPL>  aby dołożyć wszelkich starań aby w tym roku nie wypłynąć z autokarów, tylko utrzymać fason chociaż do gry terenowej ;)
[23:26:24] <VanDreadPL> gra terenowa zaczyna sie o 16 XD
[23:26:36] <VanDreadPL> od 16 możemy fruwać najebani XD
[23:27:04] <VanDreadPL> - oczywiście jak co roku, podczas wieczornej imprezy w barze można zakupić dowolne alkohole, natomiast kilka beczek piwa jest już zarezerwowane „w cenie” J rok temu mieliśmy jedna beczkę
[23:27:13] <VanDreadPL> starczyła na 20min XD
[23:27:22] <VanDreadPL> beczka 50L
[23:30:05] <VanDreadPL> ile może kosztować szyba na stolik?
[23:30:18] <VanDreadPL> bo nie wiem czy szyba nie przekroczyła kosztów nowego stolika XD
[23:33:32] <VanDreadPL> kurwa właśnie uświadomiłem sobie że dawno nie widziałem zakładów szklarkich
[23:33:37] <VanDreadPL> szklarskich*
[23:33:50] <VanDreadPL> i kminie co dalej
[23:39:03] <VoThall> wlasnie obejrzalem Ex Machina
[23:39:56] <VoThall> w sumie dobrze zrealizowany film
[23:39:58] <VoThall> ale nic poza tym
[23:40:02] <VoThall> fajnie sie oglada
[23:40:14] <Soxis> VanDreadPL: kurwa ponczek mi fejsa zepsół xD
[23:40:22] <VoThall> dla mnie zakonczenie stara sie byc "glebokie" ale troche to do mnie nie przemawia ;-;
[23:40:23] <Soxis> http://www.wykop.pl/wpis/12875303/polecam-napisac-to-jest-do-dowolnego-znajomego-na-/
[23:41:03] <VoThall> Soxis wut?
[23:41:08] <Soxis> zobacz xD
[23:41:31] <VoThall> nie?
[23:41:39] <VoThall> pytam sie o co chodzi dlatego xD
[23:41:41] <Soxis> no to jest takie coś
[23:41:44] <Soxis> że był włam na fejsa
[23:41:53] <Soxis> i autobot wjebał, że to.jest banuje xD
[23:42:00] <Soxis> i wyjebuje z fb i masz zeskanować
[23:42:02] <Soxis> xD
[23:42:18] <VoThall> co? -.-
[23:42:35] <VanDreadPL> Soxis:  tak to napisałes
[23:42:37] <VanDreadPL> że o kruwa
[23:42:40] <VanDreadPL> sens
[23:42:42] <Soxis> XD\
[23:42:49] <Soxis> Ty się śmiej mi fejsbuk nie działuje XD
[23:42:53] <VoThall> i wyjebuje z fb i masz zeskanowac
[23:42:57] <VoThall> no kurwa
[23:42:58] <VoThall> rzeczywiscie
[23:42:59] <Soxis> XD
[23:43:00] <VoThall> co to kurwa znaczy
[23:43:03] <VoThall> XD
[23:43:03] <VanDreadPL> VoThall:  przecież to oczywiste
[23:43:06] <VanDreadPL> nie rozumiesz
[23:43:14] <Soxis> http://puu.sh/i1E7g/b64d68669d.png
[23:43:14] <VoThall> ale musi byc to w wiadomosci czy sama wiadomosc o takiej tresci? xD
[23:43:18] <VanDreadPL> masz wziąć monitor do skanera i zeskanować go
[23:43:25] <VanDreadPL> ale musi być FB popalony
[23:43:34] <VoThall> xD
[23:43:42] <Soxis> XD
[23:44:23] <VoThall> ale musi byc sama wiadomosc o tej tresci czy w calej wiadomosci musi to byc? :D
[23:45:51] <Soxis> oba
[23:45:55] <Soxis> można to i to
[23:47:06] <VoThall> ale czekaj
[23:47:09] <VoThall> bo ja juz nie jestem pewny
[23:47:16] <VoThall> to jest tak na powaznie?
[23:47:38] <Soxis> no ta
[23:47:47] <Soxis> fb Ci wyjebuje
[23:47:51] <Soxis> i musisz zeskanować xD
[23:48:02] <Soxis> bo Cie fb o malware hurrdurruje xD
[23:48:11] <VoThall> wkrecasz ;-;
[23:49:57] <Soxis> VoThall: to wpisz xD
[23:50:02] <VoThall> nie XD
[23:50:25] <Soxis> jak Ci poleci f-scanera
[23:50:27] <Soxis> to ez
[23:50:30] <Soxis> ale jak kasperskyego
[23:50:33] <Soxis> to nie naprawisz tak szybko
[23:50:36] <Soxis> zgadnij co dostałem xD
[23:51:21] <Soxis> VoThall: tylko nie ściągaj lepiej tego co Ci tam daje'
[23:51:24] <Soxis> ale z oficjalnej strony
[23:51:51] <VoThall> ja uzywam kaspersky internet security
[23:51:56] <VoThall> ale nie zamiezam tego pisac lel
[23:52:03] <Soxis> XD
[23:52:06] <VoThall> nawet jesli to fake to na chuj ryzykowac xD
[23:52:39] <VanDreadPL> wypadało by iść spać
[23:52:48] <VanDreadPL> i się umyć
[23:52:54] <VoThall> Soxis co Ty odpierdalasz xD
[23:53:04] <Soxis> VoThall: http://puu.sh/i1HuW/d1e8dfdfb1.jpg
[23:53:51] <VoThall> tak i jednoczesnie do mnie piszesz na fb
[23:53:53] <VoThall> gratzy xD
[23:54:19] <Soxis> VoThall: messangerem xD
[23:54:27] <Soxis> bo to sqrt strony podmienia
[23:54:35] <Soxis> żeby przez witryne nie możnabyło wejść
[23:54:37] <Soxis> xD
[23:54:45] <Soxis> panimaju?
[23:54:48] <psoras> okej, idę spać
[23:54:53] <psoras> bo tabelki wklepane
[23:54:55] <psoras> narka
[23:55:10] *** Quits: psoras (~Thunderbi@abry168.neoplus.adsl.tpnet.pl) (Quit: Narazicho!)
[23:56:47] <VoThall> Soxis mozliwe, sprawdzac nie bede xD
[23:56:59] <Soxis> mówie jak jest xD
[23:57:10] <VoThall> a tak btw
[23:57:15] <Soxis> jak malwarem nidyrydy to będę musiał kasperskyego instalować xD
[23:57:16] <VoThall> Soxis https://soundcloud.com/aljoshakonstanty/virtualparadise veela <3
[23:57:25] <VoThall> jej glos :3
[23:58:23] <Soxis> o kurwen
[23:59:24] <VoThall> chcesz jej wiecej? ;33
