[00:01:16] <izeer> no nie wytrzymie
[00:01:21] <izeer> kto mi neta tak zasysa
[00:05:36] *** Quits: izeer (1f305585@gateway/web/freenode/ip.31.48.85.133) (Ping timeout: 246 seconds)
[00:09:11] *** Joins: izeer (bc1da43d@gateway/web/freenode/ip.188.29.164.61)
[00:09:23] <izeer> co za tragiczny internet
[00:27:43] <misiek200m> uchodźcy?
[00:28:21] *** Quits: izeer (bc1da43d@gateway/web/freenode/ip.188.29.164.61) (Ping timeout: 246 seconds)
[00:30:25] <misiek200m> huehuehue
[02:40:09] <Misiek> baj
[02:40:12] *** Quits: Misiek (~Misiek@agsu108.neoplus.adsl.tpnet.pl) (Quit: Leaving)
[06:43:04] *** Quits: Night_Spark (~Michael89@192.99.124.210) (*.net *.split)
[09:45:51] *** Joins: Night_Spark (~Michael89@192.99.124.210)
[11:05:00] *** Joins: Misiek (~Misiek@agsu108.neoplus.adsl.tpnet.pl)
[11:45:08] <Misiek> hi
[13:05:46] <misiek200m> heloł
[13:05:58] <Misiek> no siema xd
[13:06:53] <misiek200m> xD
[13:24:59] *** Joins: VanDreadPL (~Thunderbi@89-73-73-49.dynamic.chello.pl)
[13:25:05] <VanDreadPL> siema
[13:25:47] <Misiek> bry
[13:27:53] *** Joins: izeer (1f305585@gateway/web/freenode/ip.31.48.85.133)
[13:28:46] <izeer> elo
[13:30:00] <Misiek> no witam xd
[13:32:12] <VanDreadPL> siema izeer
[13:44:04] <VoThall> ostrzyzony ;-;
[13:47:10] *** Joins: MisiekShy (~Misiek@aglv252.neoplus.adsl.tpnet.pl)
[13:50:10] *** Quits: Misiek (~Misiek@agsu108.neoplus.adsl.tpnet.pl) (Ping timeout: 240 seconds)
[14:01:55] <misiek200m> No elo izeer VanDreadPL VoThall xD
[14:20:50] <VoThall> no elo
[14:27:52] <misiek200m> Cholibka...
[15:13:50] <MisiekShy> VoThall, estew
[15:13:55] <MisiekShy> jestem
[15:13:56] <MisiekShy> xd
[15:19:08] <VoThall> k
[15:47:23] <misiek200m> Tak się zastanawiałem, dlaczego nikt się do mnie nie chciał dosiąść w pociągu... Może dlatego, że czytałem książkę pt. "Morderstwo na polu golfowym" xD
[15:55:28] <Night_Spark> misiek200m: https://youtu.be/KyDHaKtROZo
[15:56:18] <misiek200m> Night_Spark hahaha xD
[16:35:26] <VanDreadPL> gdy kierowcy się nudzą XD
[16:35:26] <VanDreadPL> https://www.facebook.com/SjuskPL/videos/917450661624532/
[16:41:06] *** Quits: izeer (1f305585@gateway/web/freenode/ip.31.48.85.133) (Quit: Page closed)
[17:28:49] <misiek200m> Summon Soxis!
[18:38:25] <MisiekShy> VoThall, http://www.twitch.tv/dota2pl
[18:38:42] <MisiekShy> nasi ulubiency grajo dx
[18:39:10] <MisiekShy> komentator ma chyba grafe na srednio xd
[18:39:22] <VoThall> nie scierpie
[18:39:25] <VoThall> tego polanglo
[18:39:27] <VoThall> xD
[19:10:22] *** Joins: psoras (~androirc@46.77.124.155)
[19:10:39] <psoras> hej
[19:11:06] <psoras> pozdrówka ze Szklarskiej, pada tu śnieg
[19:34:57] <MisiekShy> pozdrówka z Wałbrzycha, mija 4 miesiąc od wybuchu w kopalni, powoli przestaje padać węgiel
[19:35:04] <MisiekShy> elo elo xd
[19:51:12] *** Quits: psoras (~androirc@46.77.124.155) (Read error: Connection reset by peer)
[19:53:12] *** Joins: psoras (~androirc@46.77.124.155)
[20:20:02] *** Quits: psoras (~androirc@46.77.124.155) (Ping timeout: 246 seconds)
[21:23:15] <Soxis> misiek200m, co chciałeś o 17:28:49?
[21:23:16] <Soxis> xD
[21:23:27] <misiek200m> pokaż gitarę xD
[21:25:46] <Soxis> misiek200m, ok xD
[21:25:56] <Soxis> misiek200m, wa_ Ci nie pokazał? xD
[21:26:15] <Soxis> misiek200m, Skajłeja? :D
[21:26:25] <Soxis> misiek200m, https://scontent-frt3-1.xx.fbcdn.net/hphotos-xfp1/v/t34.0-12/12282827_460744034113266_1819559476_n.jpg?oh=168c27b1b4e817fb327d1f183e447a7e&oe=565C7BF5
[21:26:28] <misiek200m> kurwa, po chuj mi skajłej xD
[21:26:36] <Soxis> zdjęcie z poniedziałku na mojej pięknej pościeli ze Scoobym
[21:26:38] <Soxis> szanujecie? :D
[21:26:49] <misiek200m> xD
[21:27:10] <misiek200m> no fajny kolorek :p
[21:27:21] <Soxis> https://scontent-frt3-1.xx.fbcdn.net/hphotos-xpt1/v/t34.0-12/12309203_461986697322333_1898094077_n.jpg?oh=7169678aae6167f106f08d1bea996d17&oe=565CC106
[21:27:28] <Soxis> https://scontent-frt3-1.xx.fbcdn.net/hphotos-xaf1/v/t34.0-12/12309411_461986640655672_1296521630_n.jpg?oh=cb9a777fa4fc1fce2bda133512b144c5&oe=565CB560
[21:27:31] <Soxis> https://scontent-frt3-1.xx.fbcdn.net/hphotos-xpa1/v/t34.0-12/12319783_461986603989009_1010109255_n.jpg?oh=f4d502d731a474119e98322a1f8d58a4&oe=565BC367
[21:27:33] <Soxis> https://scontent-frt3-1.xx.fbcdn.net/hphotos-xpt1/v/t34.0-12/12312300_461986577322345_780186011_n.jpg?oh=fad2ae0d22397fce8ceb24e4a419a0bd&oe=565CD1B4
[21:27:35] <misiek200m> Dobrze, że nie czarna. Nawet w wyższej półce cenowej chowają gorsze drewno pod czarnym dziadostwem :p
[21:27:36] <Soxis> https://scontent-frt3-1.xx.fbcdn.net/hphotos-xfa1/v/t34.0-12/12272878_461986570655679_1781491016_n.jpg?oh=aed8768c0a1a52c5510abcbb5295ac35&oe=565CD770
[21:27:43] <Soxis> https://scontent-frt3-1.xx.fbcdn.net/hphotos-xlp1/v/t34.0-12/12283072_461986560655680_531143128_n.jpg?oh=7040ca06dbc9be6488c1965bdd17eb73&oe=565BA6E8
[21:28:01] <Soxis> https://scontent-frt3-1.xx.fbcdn.net/hphotos-xft1/v/t34.0-12/12309421_461986703988999_1006054841_n.jpg?oh=caa322f0b5805f5d79d79906b3781bf0&oe=565C7606
[21:28:08] <Soxis> https://scontent-frt3-1.xx.fbcdn.net/hphotos-xaf1/v/t34.0-12/12305900_461986717322331_1186636470_n.jpg?oh=efb29722bbdd494498a6074ca812dc9d&oe=565CB71C
[21:28:15] <Soxis> https://scontent-frt3-1.xx.fbcdn.net/hphotos-xfa1/v/t34.0-12/12305905_461986723988997_707491733_n.jpg?oh=bd751fc951a7fe73b96a538d5b9c0318&oe=565C9568
[21:28:21] <Soxis> dzisiaj fotki robiłem bo dobre światło było xD
[21:28:25] <misiek200m> Soxis używka czy nówka?
[21:28:27] <Soxis> misiek200m, struny d'addario exp16
[21:28:28] <Soxis> grube
[21:28:30] <Soxis> nówka
[21:28:30] <Soxis> xD
[21:29:12] <misiek200m> no exp16 to będą dwunastki, ja też na dwunastkach gram :p
[21:29:22] <Soxis> misiek200m, palce mnie od nich bolą cholernie XD
[21:29:30] <Soxis> mocno przycisnąć trzeba xD
[21:29:33] <misiek200m> przyzwyczaisz się :p
[21:29:41] <Soxis> xD
[21:29:51] <Soxis> misiek200m, lity top
[21:29:54] <Soxis> swierk
[21:29:56] <Soxis> albo sosna
[21:29:56] <Soxis> XD
[21:30:01] <misiek200m> ale to dobrze, bo jak się później na dziesiątki przerzucisz to niebo xD
[21:30:31] <Soxis> misiek200m, ale te mają fajne brzmienie
[21:30:42] <misiek200m> no ja mam też świerkowy top :p
[21:31:09] <misiek200m> A no mają, mają, 12 > 10 jeśli o głębię chodzi xD
[21:31:09] <Soxis> misiek200m, http://www.sklepmuzycznydemo.pl/cort-earth-70-lvbs.html
[21:31:49] <Soxis> misiek200m, ze strony sklepu gdzie kupowałem xD
[21:32:02] <misiek200m> No ta cena jest dość zaskakująca szczerze :D
[21:34:19] <Soxis> misiek200m, yup XD
[21:34:28] <Soxis> misiek200m, pewnie się rozpierdoli po miesiącu xD
[21:34:57] <Soxis> i przy okazji sobie pokrowiec za 99 kupiłem
[21:35:00] <Soxis> na 1szym zdjęciu
[21:35:28] <misiek200m> :p
[21:35:32] <misiek200m> Soxis a to moja - http://static.pokazywarka.pl/bigImages/6116640/16394117.jpg?1448742902 xD
[21:35:45] <Soxis> Ty masz wzorki zajebiste xD
[21:35:51] <Soxis> misiek200m, ja mam na mostku dwa kolory
[21:35:56] <Soxis> jak się przyjrzysz to na zdjęciu widać
[21:35:57] <Soxis> xD
[21:37:11] <Soxis> misiek200m, właśnie wa_ mi mówił, żebym czarnej nie brał xD
[21:39:46] <misiek200m> Soxis no i dobrze ;p
[21:40:05] <Soxis> misiek200m, a flażolety jak zajebiście słychać xD
[21:40:10] <Soxis> na każdej strunie
[21:40:20] <Soxis> i na wielu progach xD
[21:40:29] <Soxis> tzn na naturalnych jest ten sustain długi fajny
[21:40:36] <Soxis> ale na innych jest dźwięk normalnie
[21:41:31] <misiek200m> Num, flażolety fajna sprawa :D
[22:03:43] <misiek200m> Soxis F już grasz? :p
[22:03:55] <Soxis> misiek200m, że barowe?
[22:03:58] <misiek200m> num
[22:03:58] <Soxis> imo są łatwiejsze XD
[22:04:09] <Soxis> misiek200m, bo dźwięki na gryfie znam
[22:04:15] <Soxis> to 4 ułożenia palców
[22:04:19] <Soxis> i każdy akord mogę zagrać xD
[22:04:27] <Soxis> i do tego power chordy
[22:04:38] <misiek200m> owszem, są, ale latać po gryfie ciągle to nie jest wygodne :p
[22:04:50] <Soxis> misiek200m, to zjeżdzasz na A
[22:04:53] <Soxis> zamiast E
[22:05:02] <Soxis> i zamiast być na 6 progu E
[22:05:04] <Soxis> to jesteś na 1 A
[22:05:06] <Soxis> i masz to samo xD
[22:06:39] <misiek200m> Niby tak, ale się nie wymiguj, ucz się też barowego na I progu, jak go ogarniesz to w każdej pozycji zagrasz xD
[22:07:04] <Soxis> misiek200m, nie no zwykłe akordy też umiem
[22:07:14] <Soxis> A, E, F, F#, D
[22:07:19] <Soxis> z tych mam płynne przejścia nawet
[22:07:27] <Soxis> a, d, e/E też
[22:07:44] <Soxis> z G do D i z powrotem mi ciężko
[22:07:49] <Soxis> a w Highway to Hell to jest xD
[22:07:54] *** Joins: Night_Spark_ (~Michael89@host-89-230-36-16.przeworsk.mm.pl)
[22:08:25] <Soxis> no ale gram 3 miechy jakoś xD
[22:08:32] <misiek200m> Próbuj jeszcze z G na G7, celność ćwicz xD
[22:08:41] <Soxis> a wczoraj Loyalty ze słuchu ogarnąłem xD
[22:08:52] <Night_Spark_> misiek200m: G36
[22:09:04] <Night_Spark_> MP7
[22:09:13] <Soxis> XDDD
[22:09:14] <misiek200m> Night_Spark_ xD
[22:09:17] <Soxis> Night_Spark_, takich nie ma xD
[22:09:21] <Soxis> misiek200m, jak G7 jest?
[22:09:22] <misiek200m> Soxis a no Loyalty spoko jest na akustyka :D
[22:09:33] <Soxis> wiem, że H7 to taka drabinka xD
[22:09:44] <misiek200m> Soxis https://themusicworkshop.com/wp-content/uploads/2011/09/Chord-G7-219x300.jpg a taki gagatek
[22:09:55] <Soxis> misiek200m, toszto C
[22:09:56] <Soxis> XDDDDD
[22:09:58] <misiek200m> nie
[22:09:59] <Soxis> tzn prawie
[22:10:00] <Soxis> xD
[22:10:05] <Soxis> dużej różnicy nie ma xD
[22:10:07] <misiek200m> owszem, prawie :p
[22:10:14] <Soxis> zamiast C jest F
[22:10:16] <Soxis> wielkie mi coś
[22:10:16] <Soxis> xD
[22:10:21] <Soxis> prawie to samo
[22:10:42] <misiek200m> No to dawaj G > G7 > G > G7 > G >G7 :p
[22:10:57] <Soxis> misiek200m, jakie G? xD
[22:11:02] *** Quits: Night_Spark (~Michael89@192.99.124.210) (*.net *.split)
[22:11:10] <misiek200m> normalne?
[22:11:15] <Soxis> ale są dwa xD
[22:11:19] <Soxis> że jedno z 3 palcami
[22:11:21] <Soxis> i jedno z 4 palcami xD
[22:11:33] <misiek200m> a to której grasz, ja tam wolę z 4 ;p
[22:12:11] <Soxis> z 4 trudniej xD
[22:12:19] <Soxis> z 3 to sobie środkowym i serdecznym łapie basowe
[22:12:32] <Soxis> i podnosze tylko mały
[22:12:37] <Soxis> a wskazujący mam na F ciągle xD
[22:13:39] <misiek200m> che? Ale po chuj ci F w G-dur? G B i D przecież jest xD
[22:14:06] <Soxis> misiek200m, że wskazujący na dźwięku F
[22:14:14] <Soxis> jest struna e
[22:14:18] <Soxis> albo tak
[22:14:30] <Soxis> środkowy trzymam na 2 progu A
[22:14:37] <Soxis> serdeczny 3 próg E
[22:14:41] <Soxis> mały 3 próg e
[22:14:46] <Soxis> wskazujący 1 próg e
[22:14:50] <Soxis> i gdy chce G7 zagrać
[22:14:54] <Soxis> to tylko mały podnoszę
[22:14:54] <Soxis> xD
[22:16:12] <misiek200m> A no tak też można, ale trochę mniejszą mobilność zapewnia xD
[22:16:40] <Soxis> no ta xD
[22:16:42] <Soxis> ale działa xD
[22:16:48] <Soxis> a jakby z tego 4 palcowego G
[22:16:53] <Soxis> to już troszkę większa zręczność
[22:16:56] <Soxis> takiej jeszcze nie mam xD
[22:17:27] <misiek200m> xD
[22:19:11] <misiek200m> Nie no... rozpierdala mnie ten twój układ palców w tym wypadku xD
[22:20:12] <misiek200m> Średnio przejście na D wtedy xD
[22:21:07] <Night_Spark_> Jak debata naukowa profesorów onanistów
[22:21:46] <Soxis> XDDD
[22:21:53] <Soxis> misiek200m, przejścia nie patrzyłem nawet
[22:22:03] <Soxis> w ogóle do D mi z e/E wychodzi ewentualnie
[22:22:06] <Soxis> ewentualnie F#
[22:22:08] <misiek200m> Night_Spark_ xDDD
[22:22:09] <Soxis> bo w wehikuł czasu jest
[22:22:11] <Soxis> a to umiem xD
[22:22:17] <misiek200m> ;p
[22:22:58] <Soxis> misiek200m, https://scontent-frt3-1.xx.fbcdn.net/hphotos-xpt1/v/t34.0-12/12286109_462096360644700_1219211081_n.jpg?oh=ba3d24bcf14cc5b61f29e6d0f14b08db&oe=565CDC67
[22:22:58] <Soxis> xD
[22:23:48] <misiek200m> Soxis ty, to dawaj Whisky graj z tym twoim układem na G, tam masz na początku na przemian G Cadd9
[22:24:07] <Night_Spark_> Ciekawe na ile A. Banderas umie faktycznie na gitarze grać
[22:24:29] <Soxis> misiek200m, tam jest takie coś? xD
[22:24:36] <Soxis> ja to na zwykłych A, E, F#, D grałem xD
[22:24:59] <misiek200m> Soxis https://youtu.be/Ldsyplj3Y-Q?t=46s Takie, na normalnym G spoko xDDD
[22:25:08] <Soxis> aa
[22:25:12] <Soxis> whisky
[22:25:12] <Soxis> XDD
[22:25:35] <Soxis> misiek200m, ale tam nie ma G7
[22:25:36] <Soxis> XD
[22:25:45] <Soxis> a z tym układem palców to bym się połamał chyba xD
[22:25:55] <Soxis> misiek200m, ej
[22:25:58] <Soxis> gościu ma moją gitarę XDD
[22:26:03] <misiek200m> xD
[22:27:54] <Soxis> misiek200m, a
[22:28:02] <Soxis> jeszcze umiem Hunter - Labirynt Fauna cały
[22:28:02] <Soxis> xD
[22:28:09] <Soxis> ale do tego D tuning z drop C powinien być
[22:28:12] <Soxis> wtedy epicko brzmi xD
[22:28:24] <Soxis> https://www.youtube.com/watch?v=ZVx08aBE7Lc
[22:28:26] <Soxis> że to
[22:28:28] <Soxis> wszystko
[22:28:32] <Soxis> intro, zwrotki, outro xD
[22:28:49] <Soxis> a na elektryku jak to grałem to eargasmu dostałem XDD
[22:28:54] <Soxis> intro szczególnie
[22:29:06] <misiek200m> xDD
[22:29:46] <Soxis> misiek200m, w ogóle ja mam 2 kostki i nimi nie gram xD
[22:29:49] <Soxis> tzn czasami
[22:29:51] <Soxis> wolę palcami wszystko xD
