[00:20:35] <VanDreadPL> no to pa mi :D
[00:20:38] <VanDreadPL> dobrej nocy
[00:20:50] *** Quits: VanDreadPL (~Thunderbi@89-73-73-49.dynamic.chello.pl) (Quit: VanDreadPL)
[01:38:31] *** Quits: izeer (1f3072d0@gateway/web/freenode/ip.31.48.114.208) (Quit: Page closed)
[01:44:17] *** Quits: Lunia2 (~ellen@87.73.51.181) (Quit: Konversation terminated!)
[01:44:31] *** Joins: Lunia2 (~ellen@87.73.51.181)
[02:53:10] <Misiek> elo
[02:53:13] *** Quits: Misiek (~Misiek@abix173.neoplus.adsl.tpnet.pl) (Quit: Leaving)
[08:16:04] *** Quits: Night_Spark (~Michael89@the.dusky.horse) (Remote host closed the connection)
[09:43:06] *** Joins: Night_Spark (~Michael89@192.99.124.210)
[11:44:03] *** Joins: Misiek (~Misiek@abix173.neoplus.adsl.tpnet.pl)
[12:06:58] <Misiek> alo
[12:08:17] <Lunia2> ålo
[13:34:25] <misiek200m> ogórwa xD http://i1.kwejk.pl/k/obrazki/2014/03/4c1872d95a147a312cc408aa96317e2b_original.jpg
[14:05:10] <VoThall> dobry
[14:05:23] <VoThall> Misiek masz jusz aw?
[14:05:34] <Misiek> eu serv rip
[14:05:46] <Misiek> rip in pieces
[14:06:06] <VoThall> http://aw.my.com/en/forum/showthread.php?10405-Server-Status&p=181723
[14:06:23] <Misiek> The Public Test Server is OFFLINE!
[14:06:32] <Misiek> The Early Access Server is ONLINE
[14:06:41] <Misiek> no erli akces here
[14:09:43] <Misiek> ty mosz irli ?
[14:11:07] <VoThall> mi dziala
[14:11:09] <VoThall> xD
[14:12:08] <Misiek> egg
[14:12:38] <VoThall> wtf ile tu jest rzeczy
[14:12:40] <VoThall> ;-;
[14:12:44] <Misiek> twojemu klientowi nie udalo sie uwierzytelnic z serwerem
[14:13:31] <Misiek> a kuj
[14:13:37] <Misiek> to znacyzlo ze mam nick zajety dx
[14:13:46] <Misiek> dobrze wiedziec
[14:13:54] <VoThall> XD
[14:15:55] <Misiek> teso
[14:16:00] <Misiek> przetestujemy to
[14:17:06] <Misiek> VoThall,
[14:18:31] <Misiek> ja pogram obamą
[14:20:51] <VoThall> dosc fajne to
[14:25:16] <Misiek> to wejdz na teesa pogrymy
[14:58:14] *** Joins: MisiekShy (~Misiek@agll67.neoplus.adsl.tpnet.pl)
[15:01:59] *** Quits: Misiek (~Misiek@abix173.neoplus.adsl.tpnet.pl) (Ping timeout: 268 seconds)
[15:55:39] <VoThall> MisiekShy Chaos Knight
[15:55:41] <VoThall> Chaos Strike now lowers the target's armor by 5 for 8 seconds whenever it crits [?]
[15:55:43] <VoThall> ggwp
[15:56:36] <MisiekShy> ZMNIEJSZONY DMG
[15:56:57] <VoThall> bardzo xD
[16:00:22] <VoThall> coooo
[16:00:25] <VoThall> lycan dostal buffa
[16:00:27] <VoThall> xDDDD
[16:01:45] <VoThall> Stifling Dagger now applies your attack's on-hit effects
[16:02:37] <VoThall> desolator + daedalus = support na jednego daggera xDDD MisiekShy
[16:06:38] <VoThall> Town Portal Scroll cost reduced from 100 to 75 xD
[16:12:47] <MisiekShy> chce zobaczyc rampage jednym daggerem z mjolnirem xD
[17:06:41] <VoThall> xD
[17:25:51] <VoThall> MisiekShy ciekawe czy z battlefury sie laczy
[17:25:56] <MisiekShy> tak kek
[17:26:16] <VoThall> tak? xD
[17:28:32] <MisiekShy> https://gfycat.com/ElderlyCreepyAfricancivet
[18:05:08] <Soxis> https://scontent.fwaw3-1.fna.fbcdn.net/hphotos-xtf1/v/t34.0-12/12053127_445863625601307_141792778_n.jpg?oh=89fefb6fac7d525fabb4421362512475&oe=56079BEC
[18:05:08] <Soxis> xD
[18:05:12] <Soxis> mirko uczy i bawi xD
[18:22:42] <Soxis> http://x3.cdn03.imgwykop.pl/c3201142/comment_FfCEZlRyoase1YR700qGK7IrudpIgwie.jpg
[18:22:43] <Soxis> XDDD
[19:32:48] *** Joins: Koh_fon (~Kingofhil@user-94-254-209-102.play-internet.pl)
[19:57:32] *** Joins: Nighti (4fbf9049@gateway/web/freenode/ip.79.191.144.73)
[19:57:45] <Nighti> Bry
[20:14:52] *** Quits: Koh_fon (~Kingofhil@user-94-254-209-102.play-internet.pl) (Ping timeout: 250 seconds)
[20:21:28] *** Joins: izeer (1f3072d0@gateway/web/freenode/ip.31.48.114.208)
[20:28:29] <izeer> elo
[20:29:46] *** Joins: Koh_fon (~Kingofhil@user-94-254-193-75.play-internet.pl)
[20:38:13] *** Quits: Koh_fon (~Kingofhil@user-94-254-193-75.play-internet.pl) (Quit: Hue.)
[20:53:12] *** Joins: NocnyPortier (~Misiek@agll67.neoplus.adsl.tpnet.pl)
[20:54:44] <izeer> misiek200m:  https://youtu.be/HpYMmR1iL70
[20:55:26] *** Quits: MisiekShy (~Misiek@agll67.neoplus.adsl.tpnet.pl) (Ping timeout: 260 seconds)
[21:03:18] *** Joins: VanDreadPL (~Thunderbi@89-73-73-49.dynamic.chello.pl)
[21:03:54] <izeer> https://www.youtube.com/watch?v=46PXaJxzuDE otwieram nocno
[21:04:00] *** izeer is now known as CowiekPiwo
[21:04:19] <VanDreadPL> siemano
[21:04:22] <CowiekPiwo> elo
[21:04:23] <VanDreadPL> co wybrać
[21:04:28] <VanDreadPL> piwo wóda bimber
[21:05:05] <CowiekPiwo> imo kolejność prawidlowa
[21:07:56] <VanDreadPL> zasada nr jeden
[21:08:03] <VanDreadPL> jeżeli na liście występuje bimber
[21:08:14] <VanDreadPL> zacznij od bimbru i zakończ na bimbrze XD
[21:08:24] <VanDreadPL> bo mieszanie skończy sie gorzej niż źle
[21:08:36] <VanDreadPL> a bimber utraci swoje wartości lecznicze
[21:10:00] <CowiekPiwo> to ja odpale wieśka
[21:11:26] <Nighti> Siema VanDreadPL
[21:11:31] <VanDreadPL> siema
[21:26:26] *** Quits: VanDreadPL (~Thunderbi@89-73-73-49.dynamic.chello.pl) (Quit: VanDreadPL)
[21:27:47] <Nighti> No i poszedł po bimbra
[21:27:53] <Nighti> i się pewnie nie podzieli xD
[22:28:50] <CowiekPiwo> juz pewnie leży gdzieś
[22:28:56] <CowiekPiwo> a jak leży van, to ocuć go
[22:36:22] <Nighti> mętny wzrok, chwiejny krok
[22:53:02] <Nighti> ja uciekam Dobranoc
[22:53:10] *** Quits: Nighti (4fbf9049@gateway/web/freenode/ip.79.191.144.73) (Quit: 3 majcie się)
[23:13:18] <Night_Spark> http://www.dpreview.com/articles/4220052254/exo-creates-gopro-case-that-makes-it-operate-look-more-like-a-traditional-camera
[23:55:15] *** Quits: CowiekPiwo (1f3072d0@gateway/web/freenode/ip.31.48.114.208) (Ping timeout: 246 seconds)
