[00:15:07] <Misiek> Ejjj a wczoraj to pytalem i zero odzewu
[00:15:38] <Misiek> Dzisiaj mogiem
[00:29:56] <VoThall> nie pytales
[00:41:26] *** Quits: NS_tel (~Michael89@user-188-33-188-110.play-internet.pl) (Ping timeout: 240 seconds)
[00:44:48] <Misiek> Pytalem
[00:46:47] <Soxis> http://x3.cdn03.imgwykop.pl/c3201142/comment_ul6A9XvfwG6ecHD0e2AUGvFUkWD2zz79.jpg
[00:46:50] <Soxis> HAHAHAHAHAHAHHAXDDDDDDDDDD
[01:02:47] <Misiek> Sweden yes
[01:15:20] <Misiek> Bagiet przyjechał do psa xD
[01:21:29] <Misiek> Zamiast zatrabic światłami zaswiecic czy zadzwonić tłukł się na około przez komisariat żeby "mnie nie budzić bo przecież noc jest" xD
[01:22:01] <Soxis> XDD
[01:39:01] <VoThall> Misiek a w doto zagrasz?
[01:39:38] <Misiek> Vot a raka chcesz
[01:39:48] <Misiek> Chyba chcesz
[01:39:50] <VoThall> w kazdej grze jest rak xD
[01:39:59] <VoThall> w docie dawno go nie dostalem
[01:40:14] <Misiek> Ale dota cs i temu podobne to juz kurwa apogeum
[01:40:46] <VoThall> to po co grasz w cs'a? xD
[01:40:52] <VoThall> w doto dawno nie gralem
[01:40:55] <Misiek> Mam dość tych gier przynajmniej na jakiś czas
[01:40:59] <VoThall> w sensie tak "normalnie"
[01:41:00] <Misiek> Nie gram w csa
[01:41:04] <VoThall> to w co grasz? xD
[01:41:14] <VoThall> rust nadal?
[01:41:23] <Misiek> Rust i czasem wows
[01:41:32] <VoThall> bylo kupic gta
[01:41:54] <Misiek> Grałem w tego skyforge
[01:42:01] <VoThall> http://www.healthylifetricks.com/easily-grow-endless-supply-onions-indoors/
[01:42:03] <VoThall> xD
[01:42:14] <Misiek> Bardzo fajne community serio
[01:42:38] <Misiek> Tylu miłych ludzi chyba jeszcze w żadnej grze nie widzialem
[01:42:52] <Misiek> Ale gra to takie 5/10
[01:42:52] <VoThall> jesli gra taka sobie to community tego nie zmieni mocno xD
[01:42:59] <Misiek> No może 6
[01:43:41] <Misiek> Quest/grind/grind/grind/quest repeat
[01:44:23] <VoThall> w war of the roses fajnie sie gra tak wieczorem
[01:44:29] <VoThall> wlasnie teraz pare rund z kolega zagralem
[01:44:35] <VoThall> nic specjalnego ale lepsze od rakowosci
[01:44:57] <VoThall> bo np w wota sie dzis grac nie dalo xD
[01:45:00] <Misiek> A chivalary?
[01:45:09] <VoThall> nie gralem
[01:45:17] <VoThall> war of the roses dostalem za darmo
[01:45:23] <VoThall> tzn mail mi przyszedl z kluczem
[01:45:30] <VoThall> nie wiem czemu ale ok xD
[01:45:34] <Misiek> Gib xD
[01:45:39] <VoThall> przeciez Ty to masz
[01:45:48] <Misiek> Czo
[01:45:51] <Misiek> Nie mam
[01:45:54] <VoThall> masz xD
[01:45:58] <VoThall> na steamie widze ze masz
[01:46:08] <Misiek> Może jakies darmowe konto czy cos
[01:46:21] <Misiek> Tam chyba jest jakieś premium
[01:46:35] <VoThall> chyba ze grales jak bylo darmowe xD
[01:46:40] <VoThall> mi zostal klucz z bundla jeden
[01:46:42] <VoThall> chyba
[01:46:47] <Misiek> Moze
[01:47:56] <VoThall> ja chce nowego mount and blade'a :/
[01:48:38] <Misiek> Popaczej to https://m.youtube.com/watch?v=Ee8ZkSGTyxg
[01:48:51] <Misiek> I powiedz co sądzita
[01:48:59] <Misiek> Inb4 wow
[01:49:34] <Misiek> Całkiem zabawny system
[01:50:14] <VoThall> okaze sie, mam nadzieje ze bedzie dobre
[01:50:21] <VoThall> ale mnie po prostu poki co odrzuca stylistyka ;-;
[01:50:31] <VoThall> Ty lubisz takie klimaty a ja wlasnie nie xD
[01:50:33] <VoThall> a btw
[01:50:36] <VoThall> - Apparently under certain circumstances a clean (non-modded) client does this:
[01:50:42] <VoThall> http://ic.pics.livejournal.com/idvoika/76207704/3082/3082_original.jpg
[01:56:45] <VoThall> ide spac
[01:56:48] <VoThall> branoc
[01:58:08] <Misiek> Elo
[01:58:16] <Misiek> Bydz jutro
[01:58:19] <Misiek> Ja byde
[04:30:03] *** Quits: Soxis (~Soxis@86-63-85-25.sta.asta-net.com.pl) (Remote host closed the connection)
[05:22:25] <Misiek> Baj
[05:22:27] *** Quits: Misiek (~Misiek@user-94-254-133-216.play-internet.pl) (Quit: Misiek.exe has stopped working.)
[10:20:26] *** Joins: VanDreadPL (~Thunderbi@89-73-73-49.dynamic.chello.pl)
[10:22:44] <VanDreadPL> siema
[10:49:15] <VanDreadPL> dobra idę do kolegi na śniadanie XD
[10:49:19] *** Quits: VanDreadPL (~Thunderbi@89-73-73-49.dynamic.chello.pl) (Quit: Najważniejsze w życiu to mieć się z kim napić :))
[11:08:31] <VoThall> dobry
[12:10:17] *** Joins: izeer (1f3077f4@gateway/web/freenode/ip.31.48.119.244)
[12:10:38] <izeer> hej
[12:17:25] *** Joins: NS_tel (~Michael89@user-46-112-86-252.play-internet.pl)
[12:24:06] *** Quits: NS_tel (~Michael89@user-46-112-86-252.play-internet.pl) (Ping timeout: 240 seconds)
[12:26:40] *** Joins: NS_tel (~Michael89@user-109-243-201-138.play-internet.pl)
[12:33:46] *** Quits: NS_tel (~Michael89@user-109-243-201-138.play-internet.pl) (Quit: used jmIrc)
[13:09:02] *** Joins: Misiek (~Misiek@eki140.neoplus.adsl.tpnet.pl)
[13:16:38] <Misiek> hi
[13:18:44] *** Quits: izeer (1f3077f4@gateway/web/freenode/ip.31.48.119.244) (Quit: Page closed)
[13:21:09] <VoThall> no elo
[13:31:40] <VoThall> Misiek wchodziles juz w dota reborn?
[13:31:51] <Misiek> nope
[13:33:33] <VoThall> musze przyznac
[13:33:39] <VoThall> ze to menu jest zrobione dosc zajebiscie xD
[13:36:03] <VoThall> zainstaluj sobie
[13:36:29] <Misiek> zeby menu mnie smyrało po sutach? xD
[14:00:57] *** Joins: MisiekShy (~Misiek@eko78.neoplus.adsl.tpnet.pl)
[14:01:25] *** Quits: Misiek (~Misiek@eki140.neoplus.adsl.tpnet.pl) (Ping timeout: 252 seconds)
[14:10:16] <VoThall> MisiekShy zeby pograc w doto
[14:51:13] *** Joins: NS_tel (~Michael89@user-31-175-218-180.play-internet.pl)
[14:57:20] *** Joins: VanDreadPL (~Thunderbi@89-73-73-49.dynamic.chello.pl)
[14:57:39] <VanDreadPL> yeya nie ma to jak zapierdalać rowerem 48.2 km/h po lesie XD
[14:57:56] <VanDreadPL> przynajmniej tyle pokazał licznik kolegi
[14:58:19] <VanDreadPL> i to jest przykład że człowiek uczy się trasy i pozwala sobie na więcej :P
[14:58:32] <VanDreadPL> wcześniej na tej samej trasie mielismy 32km/h
[14:58:36] <VanDreadPL> potem 38
[14:58:39] <VanDreadPL> 42
[14:58:44] <VanDreadPL> i ostatecznie 48 XD
[14:59:34] <VanDreadPL> najlepiej kolega XD
[14:59:42] <VanDreadPL> kurwa coś mi tył napierdaala
[14:59:45] <VanDreadPL> zatrzymujemy się
[15:00:02] <VanDreadPL> a jemu sie tylne koło poluzowało
[15:04:10] <VoThall> jazda z poluzowanym kolem 48km/h
[15:04:12] <VoThall> ok xD
[15:14:53] *** Joins: Soxis (~Soxis@86-63-85-25.sta.asta-net.com.pl)
[15:15:00] <Soxis> elo
[15:18:33] <VoThall> elo
[15:21:57] *** Quits: NS_tel (~Michael89@user-31-175-218-180.play-internet.pl) (Ping timeout: 240 seconds)
[15:38:35] <Soxis> https://www.youtube.com/watch?v=k1x5Fb60vyc
[15:49:23] <Soxis> Lunia: gdzie dokładniej w Danii mieszkasz?
[15:49:33] <Soxis> bo z tego co widzę to na północy nieźle wiater napierdala xD
[15:49:35] <Soxis> http://earth.nullschool.net/#current/wind/surface/level/overlay=temp/orthographic=21.14,51.59,3000
[16:15:38] *** Joins: NS_tel (~Michael89@user-31-175-218-180.play-internet.pl)
[16:16:18] *** Quits: NS_tel (~Michael89@user-31-175-218-180.play-internet.pl) (Client Quit)
[16:29:38] *** Quits: VanDreadPL (~Thunderbi@89-73-73-49.dynamic.chello.pl) (Quit: Najważniejsze w życiu to mieć się z kim napić :))
[16:55:22] *** Joins: NocnyPortier (~Misiek@eko78.neoplus.adsl.tpnet.pl)
[16:56:25] <Lunia> Soxis: KOPENHAGA
[16:56:29] <Lunia> caps
[16:57:50] *** Quits: MisiekShy (~Misiek@eko78.neoplus.adsl.tpnet.pl) (Ping timeout: 240 seconds)
[17:19:13] *** Joins: MisiekShy (~Misiek@kiev-s01-i04.cg-dialup.net)
[17:22:09] *** Quits: NocnyPortier (~Misiek@eko78.neoplus.adsl.tpnet.pl) (Ping timeout: 255 seconds)
[17:27:25] <MisiekShy> VoThall, https://youtu.be/fwXopY8zl7E prawilnie przypominam najlepszo amvke z KLKl
[17:29:55] *** Joins: NocnyPortier (~Misiek@eko78.neoplus.adsl.tpnet.pl)
[17:32:56] *** Quits: MisiekShy (~Misiek@kiev-s01-i04.cg-dialup.net) (Ping timeout: 244 seconds)
[17:40:20] <Soxis> http://puu.sh/jcp5T/321e1c2b36.jpg
[17:40:24] <Soxis> przewóz osób za granice xDDDD
[17:40:25] <Soxis> x
[17:43:24] *** Joins: NS_tel (~Michael89@user-31-175-218-180.play-internet.pl)
[17:46:47] *** Joins: NS_telefon (~Michael89@user-31-175-133-20.play-internet.pl)
[17:49:06] *** Quits: NS_tel (~Michael89@user-31-175-218-180.play-internet.pl) (Ping timeout: 240 seconds)
[17:50:25] <VoThall> NocnyPortier nie lubie amv
[17:51:29] <VoThall> ;-;
[17:52:00] <NocnyPortier> i dobrze
[17:52:05] *** NS_telefon is now known as NS_tel
[17:52:12] <NocnyPortier> bede cie teraz nimi meczyc
[17:54:20] <VoThall> przeciez w rusta grasz
[17:54:22] <VoThall> nie ma czasu xD
[17:57:45] <Soxis> a spierdalam
[17:57:47] <Soxis> nQ
[17:57:55] *** Quits: Soxis (~Soxis@86-63-85-25.sta.asta-net.com.pl) (Remote host closed the connection)
[18:15:34] <VoThall> http://kresy24.pl/71049/g-niany-potop-milionowe-miasto-w-rosji-zalalo-fekaliami-posrodku-sterczy-lenin/
[18:25:46] <NocnyPortier> jebnem klsykiem hue
[18:25:48] <NocnyPortier> https://www.youtube.com/watch?v=6kA4tGu60mo
[18:26:26] *** Joins: VanDreadPL (~Thunderbi@89-73-73-49.dynamic.chello.pl)
[18:28:31] <VoThall> nie znam ale jakies takie 2/10
[18:29:04] <NocnyPortier> chyba ze kos woli sie poczuc jak za dawnych czasow to https://www.youtube.com/watch?v=WWB01IuMvzA i ustawic 122p XD
[18:29:08] <NocnyPortier> 144*
[18:31:58] <McKey> http://live.bronies.info <-- Eile monty i ShadoVox na lini. Pytania czy coś?
[18:55:46] *** Quits: NS_tel (~Michael89@user-31-175-133-20.play-internet.pl) (Quit: used jmIrc)
[18:59:01] *** Joins: NS_tel (~Michael89@user-31-175-218-180.play-internet.pl)
[19:03:34] *** Joins: MisiekShy (~Misiek@kiev-s01-i04.cg-dialup.net)
[19:05:05] <VoThall> MisiekShy mam problem
[19:05:09] <VoThall> nie moge znalezc nigdzie
[19:05:13] <VoThall> jednego utworu z killakill
[19:06:22] *** Joins: Misiek (~Misiek@eko78.neoplus.adsl.tpnet.pl)
[19:06:24] *** Quits: NocnyPortier (~Misiek@eko78.neoplus.adsl.tpnet.pl) (Ping timeout: 264 seconds)
[19:09:13] <VoThall> jeez znalazlem
[19:09:44] *** Quits: MisiekShy (~Misiek@kiev-s01-i04.cg-dialup.net) (Ping timeout: 272 seconds)
[19:11:16] *** Quits: NS_tel (~Michael89@user-31-175-218-180.play-internet.pl) (Quit: used jmIrc)
[19:19:18] <VanDreadPL> ja to dziwny jestem XD
[19:19:24] <VanDreadPL> wszyscy mnie na wódkę zapraszają
[19:19:47] <VanDreadPL> a ja nie mogę dziś pić bo chce jechać samochodem na żurek który podają w starym autobusie XD
[19:28:55] *** Quits: VanDreadPL (~Thunderbi@89-73-73-49.dynamic.chello.pl) (Quit: Najważniejsze w życiu to mieć się z kim napić :))
[19:37:22] <Misiek> ELO
[19:37:25] *** Quits: Misiek (~Misiek@eko78.neoplus.adsl.tpnet.pl) (Quit: Leaving)
[19:41:06] *** Joins: NS_tel (~Michael89@user-31-175-218-180.play-internet.pl)
[19:59:29] *** Quits: NS_tel (~Michael89@user-31-175-218-180.play-internet.pl) (Quit: used jmIrc)
[20:27:29] *** Joins: Soxis (~Soxis@86-63-85-25.sta.asta-net.com.pl)
[20:28:06] <Soxis> elo
[20:31:23] *** Joins: Misiek (~Misiek@user-94-254-209-49.play-internet.pl)
[20:32:12] <Misiek> Hi
[20:32:40] <Misiek> Jedem po gęsiwo i ciperki
[20:33:01] <Misiek> Życzcie szczęścia
[20:35:21] <Misiek> Bo będzie mi potrzebne
[20:37:16] <Misiek> Pewnie znowu mnie kasjerka zapyta o drobne a ja wpadne w panikę i ucieknie zostawiajac stówe na ladzie
[20:39:06] *** Joins: MisiekShy (~Misiek@user-94-254-133-83.play-internet.pl)
[20:41:48] *** Quits: Misiek (~Misiek@user-94-254-209-49.play-internet.pl) (Ping timeout: 264 seconds)
[20:54:56] *** Joins: Misiek (~Misiek@user-94-254-145-113.play-internet.pl)
[20:56:34] *** Joins: NocnyPortier (~Misiek@user-94-254-133-127.play-internet.pl)
[20:57:14] *** Quits: MisiekShy (~Misiek@user-94-254-133-83.play-internet.pl) (Ping timeout: 252 seconds)
[20:59:11] *** Quits: Misiek (~Misiek@user-94-254-145-113.play-internet.pl) (Ping timeout: 246 seconds)
[21:21:33] *** Quits: NocnyPortier (~Misiek@user-94-254-133-127.play-internet.pl) (Quit: Misiek.exe has stopped working.)
[21:21:41] *** Joins: Misiek (~Misiek@user-94-254-133-127.play-internet.pl)
[21:21:50] <Misiek> No
[21:21:55] <Misiek> Dobry nick
[21:22:04] <Misiek> Co tam u was
[21:22:30] <Misiek> VoThall: dlaczego nie gralismy dziś w statki
[21:22:35] <Misiek> Co to ma byc
[21:22:55] <Misiek> Juz pierwszo 5 wbiłem
[21:23:41] *** Joins: NS_tel (~Michael89@user-31-175-218-180.play-internet.pl)
[21:45:48] <Misiek> http://x3.cdn03.imgwykop.pl/c3201142/comment_0WNXLrsTUzWpb8exbx4Uuil1hj5CMz1M.gif jak zrobić reklamę nieocenzurowanego wydania chinskiej bajki na bluraju xDDD
[21:46:16] <Misiek> Cot tam modsy xD
[21:51:23] <VoThall> Misiek nie wiem
[21:51:25] <VoThall> ;-;
[21:52:16] <Misiek> W takim razie jutro o 14 rano będę pewnie na kompie i jedem
[21:52:24] <VoThall> moze moze
[21:52:27] <VoThall> doto
[21:53:03] <Misiek> Dobierem eszcze jednego i będzie ekipa
[21:53:21] <Misiek> Nie doto
[21:53:23] <VoThall> a carnage?
[21:53:43] <Misiek> Nie chce przechodzic chemii po raz 2
[21:53:48] <VoThall> dawaj doto
[21:53:50] <VoThall> i nie pierdol
[21:53:53] <VoThall> dawno nie gralismy :c
[21:53:55] <Misiek> Nie wiem czy on zagra
[21:54:04] <Misiek> Niet blyad
[21:54:18] <VoThall> to nie grasz z nim?
[21:54:47] <Misiek> Do csa te mnie nie przekonasz dx
[21:54:55] <Misiek> W co
[21:55:05] <Misiek> Nie gram z nikim w dote
[21:56:03] <VoThall> z carnejdzem
[21:56:51] <Misiek> Chciałem zrobić wielki powrót ale 3 mecze z rzędu przejebane z ostrym zruskowieniem dały mi popalić
[21:57:06] <Misiek> Z carnagiem gram tylko rusta praktycznie
[21:57:14] <VoThall> kto normalny gra w cs'a
[21:57:15] <VoThall> ;-;
[21:57:19] <VoThall> ale doto mozna by pograc
[21:57:23] <Misiek> W dote nie gram a statki on raczej nie gra
[21:57:25] <VoThall> jak gralismy we 2 bylo beki sporo xD
[21:58:01] <Misiek> Kurwa takich meczów jak te 3 ostatnie to nigdy nie miałem
[21:59:26] <Misiek> Wyobraź sobie takiego ruska który jedyne co robi to fiduje drze ryja sra cyrlica przeszkadza i ogólnie robi wszystko żeby przejebac mecz
[21:59:54] <Misiek> Cały pierdolony team takich zjebow miałem 3 razy z rzędu
[22:00:23] <Misiek> Normalnie trafi się jeden na kilkanascie meczy
[22:00:51] <Misiek> A ru kurwa 3 z rzędu z całym teamem takich pojebow
[22:01:04] <Misiek> Oczywiście ranked
[22:01:10] <VoThall> Misiek sam grales?
[22:01:14] <Misiek> Tak
[22:01:20] <VoThall> to juz masz przyczyne
[22:01:23] <VoThall> i skutek
[22:01:25] <VoThall> ja sam nie gram w takie gry xD
[22:01:41] <Misiek> Trudno grac solo rankeda z kimś znajomym
[22:01:51] <VoThall> po chuj grasz rankedy?
[22:02:23] <Misiek> A po chuj grasz w gry
[22:02:28] <VoThall> dla frajdy?
[22:02:50] <Misiek> Masz odpowiedź
[22:02:54] <VoThall> wait
[22:02:58] <VoThall> grasz w rankedy dla frajdy
[22:03:03] <VoThall> chociaz daja Ci raka
[22:03:04] <Misiek> Normalnie rankedy były spoko
[22:03:06] <VoThall> wut
[22:03:20] <VoThall> ale wydaje mi sie ze nawet fajnie sie gralo razem xD
[22:03:24] <Misiek> Przynajmniej ludzie się bardziej staraja i jest poziom wyższy od normali
[22:03:40] <Misiek> Ale to kurwa kiedys
[22:03:48] <VoThall> to czemu nie chcesz zagrac razem? xD
[22:04:13] <Misiek> Teraz poziom raka jest krytyczny
[22:04:22] <Misiek> Będzie to samo
[22:04:41] <Misiek> Po prostu przez taka patologie mi obrzydla ta gra
[22:04:55] <VoThall> mysle ze granie samemu sie przyczynilo do tego xD
[22:05:07] <VoThall> z kims jest 40% mniej rak odczuwalny
[22:05:35] <Misiek> Ale dalej jest
[22:05:45] <VoThall> meh
[22:05:55] <VoThall> w cs'a jakos grales
[22:05:56] <Misiek> Zaczynaja SIS przerzuty
[22:05:59] <VoThall> a tam jest rak wiekszy
[22:06:01] <Misiek> I umiersz kurw
[22:06:04] <Misiek> a
[22:06:07] <VoThall> bo wiecej patoli
[22:06:25] <VoThall> poza tym teraz sa gry niestandardowe w doto
[22:06:28] <VoThall> i bym w sumie potestowal
[22:06:32] <VoThall> ale samemu mi sie nie chce
[22:06:38] <VoThall> a to moze byc nawet fajne
[22:06:42] <Misiek> Nie gram juz w csa z tego samego powodu
[22:06:44] <VoThall> tam raka raczej sie nie da dostac
[22:31:13] *** Quits: NS_tel (~Michael89@user-31-175-218-180.play-internet.pl) (Quit: used jmIrc)
[22:34:18] *** Joins: NS_tel (~Michael89@user-31-175-218-180.play-internet.pl)
[22:35:50] *** Parts: NS_tel (~Michael89@user-31-175-218-180.play-internet.pl) ()
