[00:00:03] <shenti> W sumie to prawie jak Ukraina
[00:00:25] <VanDreadPIWO> shenti:  Imielin to nie jest tak ≈∫le XD
[00:00:28] <VanDreadPIWO> Kabaty sƒÖ dobre
[00:00:32] <VanDreadPIWO> wysiadasz a tam pole XD
[00:00:42] <shenti> Nigdy nie by≈Çam dalej ni≈º Imielin xd
[00:00:53] <VanDreadPIWO> a na chuj pola zwiedzaƒá XD
[00:01:06] <Izeer_kom> W paryzu przeciez.bylas
[00:01:15] <shenti> XD
[00:01:20] <VanDreadPIWO> shenti: http://ursynow.org.pl/Galeria1995/1995_10_MetroKabaty-Poludnie.jpg
[00:01:54] <shenti> O lol
[00:02:00] <shenti> Rzeczywi≈õcie pole xD
[00:03:27] <Izeer_kom> Chcialem zarezerwowac bilwt na pociag
[00:03:39] <Izeer_kom> A tu zonk,.pociagi nie jezdzo xD
[00:04:26] <Izeer_kom> Myslalem ze sie rozpierdziele w pierwszej klasie
[00:05:03] <shenti> Dalej te autobusy?
[00:05:11] <Izeer_kom> A no
[00:05:22] <VanDreadPIWO> shenti:  jakie≈õ z≈Çe wspomnienia?
[00:05:32] <VanDreadPIWO> shenti:  s≈Çuchaj jak masz zamiar odbieraƒá izerra
[00:05:32] <Izeer_kom> xD
[00:05:47] <VanDreadPIWO> to przywitaj go wodƒÖ i chlebem z kukurydzƒÖ XD
[00:06:05] <Izeer_kom> A vana miotla
[00:06:59] <Izeer_kom> Po za tym pisze sie w√≤da
[00:07:02] <shenti> XDD
[00:07:45] <VanDreadPIWO> po w√≥dce bƒôdziesz dalej rzyga≈Ç ni≈º widzia≈Ç
[00:07:50] <VanDreadPIWO> lepiej mieƒá wodƒô XD
[00:08:00] <Izeer_kom> Woda to na drugi dzien
[00:09:59] <VanDreadPIWO> Izeer_kom:  news
[00:10:02] <VanDreadPIWO> klima dzia≈Ça XD
[00:10:15] <Izeer_kom> Jebitnie
[00:10:16] <VanDreadPIWO> okaza≈Ço sie ≈ºe zanim siƒô wprowadzi≈Çem moja siostra jƒÖ naprawi≈Ça
[00:10:37] <Izeer_kom> Ale nadal nie wiem gdzie pijemy
[00:10:39] <VanDreadPIWO> lubie to wracam do domu z roboty klima chodzi
[00:10:51] <Izeer_kom> Wy sie zdecydujcie czy cos
[00:10:59] <VanDreadPIWO> nie wiem co mam zrobiƒá z piese≈Çem
[00:11:19] <Izeer_kom> No wezmiesz go, panczaq.lubi zwierzatka
[00:11:22] <VanDreadPIWO> og√≥lnie powiem tak u mnie jest rodzicielka
[00:11:29] <VanDreadPIWO> ale ona jest spoko luz
[00:12:00] <VanDreadPIWO> shenti: u was jest opcja przenocowaƒá?
[00:12:09] <Dalir> Dobranoc
[00:12:11] <shenti> Jak zawsze :3
[00:12:12] <VanDreadPIWO> pa Dalir
[00:12:18] *** Quits: Dalir (~tableto@88-199-132-54.tktelekom.pl) (Quit: Bye)
[00:12:51] <VanDreadPIWO> kurwa w  sumie w niedziele mo≈ºna by nad wodƒô wyjebaƒá
[00:13:08] <Izeer_kom> To ci do wanny napuscimy
[00:13:16] <shenti> Mamy basen xd
[00:13:23] <VanDreadPIWO> shenti: to nie to samo
[00:13:30] <VanDreadPIWO> z drugiej strony grill zawsze spoko
[00:13:36] <VanDreadPIWO> dobra chuj XD
[00:13:43] <VanDreadPIWO> mo≈ºe sprzedam psa siostrze na weekend
[00:13:44] <VanDreadPIWO> XD
[00:14:02] <VanDreadPIWO> i chuj ze ona ma w domu kota XD
[00:14:03] <Izeer_kom> Tawielkie plany, a umnie sie zachlalismy w jednym pokoju xD
[00:14:08] <VanDreadPIWO> Rico kocha Roxi XD
[00:14:17] <VanDreadPIWO> problem w tym ≈ºe Roxi to sucz
[00:14:30] <VanDreadPIWO> i go w chuja robi
[00:14:31] <VanDreadPIWO> XD
[00:14:34] <VanDreadPIWO> ona go karci
[00:14:37] <VanDreadPIWO> on sobie idzie
[00:14:44] <VanDreadPIWO> potem ona do niego idzie i siƒô ≈Çasi do niego
[00:14:49] <VanDreadPIWO> on siƒô cieszy
[00:14:57] <VanDreadPIWO> a ta go ≈ÇapƒÖ po nosie karci -_-
[00:15:28] <Izeer_kom> shenti: ej a.bedzie jak streama zrobic? xD
[00:15:51] <shenti> ≈ªadnych streamow xd
[00:15:58] <VanDreadPIWO> jak ≈ºadnych XD
[00:16:10] <Izeer_kom> Nie no stream byc.musi
[00:16:11] <VanDreadPIWO> moja kamera w sumie od bia≈Çego nie by≈Ça u≈ºywana XD
[00:16:22] <Izeer_kom> Nie bedziemy potem tego ogladac
[00:16:36] <VanDreadPIWO> to siƒô nada raz a porzƒÖdnie XD
[00:16:49] <Izeer_kom> Gopro wez
[00:17:00] <VanDreadPIWO> pogadam :)
[00:17:07] <VanDreadPIWO> mo≈ºe nawet dwie sko≈Çuje...
[00:17:13] <Izeer_kom> Ubezpieczone?
[00:17:14] <VanDreadPIWO> kurwa m√≥j brat wycha≈Ç
[00:17:18] <VanDreadPIWO> wyjecha≈Ç
[00:17:19] *** shenti is now known as Panczaq
[00:17:25] <VanDreadPIWO> kolegi ubezpieczona od wszystkiego XD
[00:17:29] <Panczaq> Hej
[00:17:31] <VanDreadPIWO> ciii przypa≈Ç
[00:17:41] <Panczaq> Kurde bele
[00:17:42] <VanDreadPIWO> Izeer_kom:  i wtedy chum powiedzia≈Ç ≈ºe woli byƒá kobietƒÖ
[00:17:47] <VanDreadPIWO> ha ha haaaa?
[00:17:48] <Izeer_kom> Ej fajna.pogoda dzisiaj
[00:18:10] <Panczaq> BTW jak chcesz streama to we≈∫ internet mobilny
[00:18:18] <VanDreadPIWO> mam takowy
[00:18:24] <VanDreadPIWO> ale grom wie jak u ciebie to bƒôdzie dzia≈Çaƒá
[00:18:40] <Izeer_kom> Ej a.prad macie?
[00:18:41] <VanDreadPIWO> u ciebie to kurwa ledwo co dzia≈Ça XD
[00:19:01] <VanDreadPIWO> ostatnio jak by≈Çem to nawet ledwo drogƒô mia≈Çe≈õ XD
[00:19:29] <Panczaq> Ostatnio trochƒô prƒÖdu przywie≈∫li do wsi
[00:19:30] *** VanDreadPIWO is now known as VanDreadPL
[00:19:35] <VanDreadPL> nie mam ju≈º piwa
[00:19:44] <Panczaq> So≈Çtys po dwa wiadra na dom dal
[00:19:51] <Izeer_kom> Kurna
[00:19:54] <Panczaq> Wiec spoko
[00:20:00] <Izeer_kom> To ja ze soba przywioze
[00:20:02] <VanDreadPL> Panczaq:  ty te≈º masz zamiar wpa≈õƒá po izeera/?
[00:20:02] <Panczaq> Ale mam basen
[00:20:12] <Panczaq> Zobaczymy
[00:20:21] <Panczaq> Jak dostane jutro l4
[00:20:25] <Panczaq> To tak
[00:20:25] <VanDreadPL> bo jakby≈õ postanowi≈Ç jechaƒá autem
[00:20:34] <Panczaq> Jak nie to nie
[00:20:37] <VanDreadPL> to mo≈ºecie zaparkowaƒá u mnie w gara≈ºu
[00:20:50] <Panczaq> Co?
[00:21:03] <Panczaq> To gdzie  pijemy?
[00:21:03] <VanDreadPL> No bo ja w sobotƒô mam robotƒô
[00:21:10] <VanDreadPL> no kurwa wstƒôpnie u was
[00:21:15] <Izeer_kom> Van chce zaczac w robocie
[00:21:25] <Izeer_kom> A skonczyc gdziekolwiek
[00:21:36] <Misiek> https://www.youtube.com/watch?v=NZfFAPii2gE gabnij kto amv plokz
[00:21:44] <Misiek> ake fajne nooo
[00:22:05] <Panczaq> Nie g≈Çupi pomys≈Ç
[00:22:14] <VanDreadPL> 60fps dziwnie to wyglƒÖda
[00:22:16] <VanDreadPL> ale spoko
[00:22:18] <Panczaq> Dobra wkurwia mnie to pisanie z komorki
[00:22:26] <Panczaq> Pogadamy w aobote
[00:22:31] <Panczaq> Elo
[00:22:36] <Izeer_kom> Ej ale kierowcy polewamy mniej jalbyco
[00:22:43] <Izeer_kom> Elo
[00:23:00] <VanDreadPL> pa Panczaq
[00:23:04] <VanDreadPL> dawaj shenti
[00:23:09] <VanDreadPL> ona jest bardziej rozmowna
[00:23:10] <VanDreadPL> :)
[00:23:18] <Panczaq> Gra w osu
[00:23:30] <VanDreadPL> To niech zaprzestanie tego procederu
[00:23:36] <Panczaq> Jak sko≈Ñczƒô czy o ja pogonie
[00:24:28] <VanDreadPL> Dobra dziewczyna a ty ja chcesz ganiaƒá jak kurƒô po podw√≥rku
[00:24:33] <VanDreadPL> nie rozumiem tego
[00:27:07] <VanDreadPL> kurde muszƒô wysƒôpiƒá gopro od kumpla
[00:27:27] <VanDreadPL> mo≈ºe byƒá trudne bo on pewnie bƒôdzie chia≈Ç i≈õƒá na rower
[00:27:32] <VanDreadPL> ale my≈õlƒô ≈ºe dam radƒô
[00:27:54] <VanDreadPL> chyba ≈ºe m√≥j brat zostawi≈Ç swojƒÖ
[00:28:01] <VanDreadPL> wtedy nie ma problemu
[00:28:09] <VanDreadPL> a jak zostawi≈Ç to wezmƒô dwie XD
[00:28:48] <Izeer_kom> Bierz ile mozesz
[00:29:27] <Izeer_kom> Wez po jednej dla kazdego
[00:29:38] <Izeer_kom> Ja chce niebieska
[00:29:51] <VanDreadPL> taa
[00:29:56] <VanDreadPL> nie no postaram sie
[00:30:01] <VanDreadPL> do brata ju≈º napisa≈Çem czy zbara≈Ç
[00:31:22] <Izeer_kom> Dobra w kime czaa
[00:31:26] <Izeer_kom> Czas
[00:31:41] <Izeer_kom> Do dzisiaj cumple
[00:32:11] <VanDreadPL> czekaj
[00:32:17] <VanDreadPL> ja te≈º zaraz idƒô
[00:32:22] <VanDreadPL> w sumie id≈∫ jak chcesz
[00:32:48] <VanDreadPL> kurde jakbym mia≈Ç piwo to bym je wypi≈Ç
[00:32:52] <VanDreadPL> ale nie posiadam
[00:33:02] <Izeer_kom> Ja swoje juz wypilem
[00:33:06] <VanDreadPL> ja te≈º
[00:33:10] <VanDreadPL> lipa do≈õƒá
[00:33:14] <VanDreadPL> ale co zrobiƒá
[00:34:41] <Izeer_kom> Dobra, basta
[00:34:44] <Izeer_kom> Elo
[00:34:58] *** Quits: Izeer_kom (~izeer_kom@37.248.255.106) (Quit: To sie zmontuje xD)
[01:11:00] *** Quits: VanDreadPL (~Thunderbi@89-73-73-49.dynamic.chello.pl) (Quit: Najwa≈ºniejsze w ≈ºyciu to mieƒá siƒô z kim napiƒá :))
[01:30:44] <Misiek> https://www.youtube.com/watch?v=EbsjtPAuTnI
[02:44:17] *** Quits: Night_Spark (~Michael89@dusky.horse) (Quit: ZNC - 1.6.0 - http://znc.in)
[03:00:17] *** Quits: Panczaq (~androirc@afik24.neoplus.adsl.tpnet.pl) (Quit: AndroIRC - Android IRC Client ( http://www.androirc.com ))
[03:01:54] <Misiek> pa
[03:01:56] *** Quits: Misiek (~Misiek@aglu228.neoplus.adsl.tpnet.pl) (Quit: Leaving)
[03:25:05] *** Joins: Night_Spark (~Michael89@dusky.horse)
[08:33:35] *** Joins: Dalir (~tableto@88-199-132-54.tktelekom.pl)
[10:43:16] *** Quits: Beatzebub (~beatzebub@d172-218-176-59.bchsia.telus.net) (Quit: Beatzebub)
[11:25:58] *** Joins: Koh_f (~Kingofhil@user-94-254-208-98.play-internet.pl)
[11:26:44] *** Quits: Koh_fon (~Kingofhil@user-94-254-209-20.play-internet.pl) (Ping timeout: 246 seconds)
[12:35:49] *** Joins: Koh_fon (~Kingofhil@user-94-254-208-36.play-internet.pl)
[12:38:42] *** Quits: Koh_f (~Kingofhil@user-94-254-208-98.play-internet.pl) (Ping timeout: 264 seconds)
[12:40:17] *** Joins: Soxis (~chatzilla@86-63-85-25.sta.asta-net.com.pl)
[12:40:23] <Soxis> elo
[12:42:04] <Night_Spark> Hay
[12:42:43] <Dalir> Siano
[12:56:45] <Lunia> hi
[13:06:46] *** Joins: Misiek (~Misiek@user-94-254-129-39.play-internet.pl)
[13:07:14] <Misiek> Hi
[13:14:12] *** Joins: MisiekShy (~Misiek@user-94-254-209-102.play-internet.pl)
[13:15:55] *** Quits: Misiek (~Misiek@user-94-254-129-39.play-internet.pl) (Ping timeout: 246 seconds)
[13:34:45] *** Joins: Misiek (~Misiek@user-94-254-133-203.play-internet.pl)
[13:37:23] *** Quits: Dalir (~tableto@88-199-132-54.tktelekom.pl) (Ping timeout: 256 seconds)
[13:37:41] *** Joins: Dalir (~tableto@88-199-132-54.tktelekom.pl)
[13:38:20] *** Quits: MisiekShy (~Misiek@user-94-254-209-102.play-internet.pl) (Ping timeout: 252 seconds)
[15:49:13] *** Quits: Dalir (~tableto@88-199-132-54.tktelekom.pl) (Ping timeout: 252 seconds)
[15:51:48] *** Joins: Dalir (~tableto@88-199-132-54.tktelekom.pl)
[16:32:31] <Misiek> http://www.sfora.pl/swiat/Rybacy-w-szoku-Znalezli-na-plazy-tajemniczego-stwora-Monstrum-wyrzucila-woda-s78582?utm_source=o2_SG&utm_medium=Hotspot&utm_campaign=o2
[16:32:47] <Misiek> Reptilianie znowu uderzyli
[17:35:42] *** Joins: VanDreadPL (~Thunderbi@89-73-73-49.dynamic.chello.pl)
[17:37:34] <VanDreadPL> siema
[17:39:16] <Soxis> siema VanDreadPL
[17:57:30] <Misiek> Hej
[18:06:36] <Lunia> jo
[18:16:31] <Misiek> Czo tam u was
[18:22:46] <Soxis> misiek ca≈Çkiem dobrze
[18:22:51] <Soxis> robi≈Çem pompki i mi suty stojƒÖ
[18:23:05] <Soxis> a u Ciebie?
[18:24:12] <Misiek> W sumie to mi stojƒÖ i bez tego
[18:24:31] <Misiek> A tak og√≥lnie to siƒô nudze w robocie
[18:24:52] <Misiek> I szukam w was taniej rozrywki
[18:25:24] <Misiek> Ejjj
[18:25:35] <Misiek> Wy tez byscie sobie bobu zjedli
[18:25:39] <Misiek> ?
[18:25:53] <Soxis> niue
[18:26:14] <Misiek> Bo ja to bym ca≈ÇƒÖ miche ojeba≈Ç
[18:26:46] <Misiek> Myslalem ze to czere≈õnie za mnƒÖ chodzily ale to jednak bub
[18:28:30] <Soxis> http://x3.cdn03.imgwykop.pl/c3201142/comment_XtapNMCw8DcBZS0GzEeIqmC9MAU5Tmz8,w400.jpg
[18:33:16] <Misiek> Bagiety zosta≈Çy wys≈Çane bo jakƒÖ≈õ babkƒô dziki zagonily na drzewo i nikt nie wie co zrobic
[18:33:22] <Soxis> XDDD
[18:33:48] <Misiek> Stdjo dzik√≥w pod drzewam babka na a bagiety w samochodzie obok
[18:37:03] <Misiek> Dy≈ºurny m√≥wi im przez radio ≈ºeby siƒô nie wyrywali do ratowania bo sko≈Ñczy siƒô jak ostatnio
[18:37:10] <Misiek> Cokolwiek to znaczy
[18:40:28] <Night_Spark> XD
[18:40:58] <Soxis> XD
[18:41:26] *** Quits: Lunia (~ellen@87.73.51.181) (Quit: Konversation terminated!)
[18:51:12] <Night_Spark> Misiek: zak≈Çadam ≈ºe "ostatnio" dziki pogoni≈Çy bagieciarzy tak, ≈ºe ci porzucili radiow√≥z i bali siƒô do niego wr√≥ciƒá
[18:54:20] <Misiek> Bardzo prawdopodobne
[18:56:41] <Misiek> Sprawdzƒô czy kt√≥ry≈õ ze stojacych pod warsztatem nie ma dziur po kulach z pr√≥by odbicia.
[18:56:44] <Misiek> xD
[18:57:33] <Misiek> Tak btw grzyby juz sƒÖ
[18:58:51] <Misiek> Kierownik dzisiaj chodzƒÖc po okolicy zebra≈Ç 2 gar≈õcie ma≈õlak√≥w
[18:58:51] <Night_Spark> Powodzenia w pr√≥bach powstrzymania wkurwionego dzika pistoletem 9mm
[18:59:47] <Misiek> Jakbys mia≈Ç do wyboru to albo pa≈Çkƒô xD
[19:00:08] <Night_Spark> haha true
[19:00:28] <Night_Spark> Headshotem da radƒô uwaliƒá
[19:00:39] <Night_Spark> ale we≈∫ traf
[19:03:08] <Night_Spark> Mo≈ºe trzeba pewnƒÖ liczbƒô policaj√≥w tamtejszych przezbroiƒá w obrzyny dwunastki kulowe
[19:03:44] <Night_Spark> Dzik by pad≈Ç jak heretyk od pioruna
[19:04:52] <Night_Spark> A bagiety od odrzutu XD
[19:08:51] <Soxis> ide
[19:08:53] <Soxis> nQ
[19:08:57] *** Quits: Soxis (~chatzilla@86-63-85-25.sta.asta-net.com.pl) (Remote host closed the connection)
[19:23:28] <Misiek> Ehhh
[19:24:23] <Misiek> Jutro ostatnia popo≈Çudni√≥wka a emerytowane bagiety majƒÖ grilla tutaj
[19:24:40] <Misiek> Upa≈Ç emeryci i alkohol
[19:24:58] <Misiek> Lepiej wezwe karetkƒô jeszcze przed imprezƒÖ
[19:25:37] <Night_Spark> ...
[19:36:48] <VoThall> dobry
[19:37:13] <Night_Spark> Bry
[19:39:07] *** Joins: Koh_f (~Kingofhil@user-94-254-209-51.play-internet.pl)
[19:39:54] <VoThall> kurfa upal a ja od 12 na sloncu ;-;
[19:39:57] <VoThall> taki piwniczan jak ja
[19:40:00] <VoThall> ja pierdole
[19:40:37] *** Quits: Koh_fon (~Kingofhil@user-94-254-208-36.play-internet.pl) (Ping timeout: 256 seconds)
[19:41:01] <VanDreadPL> no i fajno :D
[19:41:06] <VanDreadPL> bilety na samolot kupine
[19:41:10] <VanDreadPL> bilety na pendolino te≈º :D
[19:41:13] <VoThall> gdzie lecisz
[19:41:15] <VoThall> co sie dzieje
[19:41:17] <VoThall> czego ja nie wiem
[19:41:19] <VoThall> wtf
[19:41:26] <VoThall> VanDreadPL wyjasniaj
[19:41:27] <VanDreadPL> lecƒô do gda≈Ñska
[19:41:32] <VanDreadPL> a potem wracam pendolino
[19:41:37] <VanDreadPL> trip na weekend kawalerskie
[19:41:51] <VoThall> aaa xD
[19:41:54] <VoThall> a to blisko mnie :3
[19:48:20] <Misiek> Hej
[19:48:47] <Misiek> Kurwa a do Wa≈Çbrzycha to nikt nie je≈∫dzi
[19:48:59] <Misiek> Chocia≈º w sumie to dobrze
[19:49:17] <Misiek> Bo by wypadalo wyj≈õƒá z piwnicy i siƒô spotkaƒá
[19:49:23] <Misiek> Hehe
[19:49:27] <Misiek> Nie zapraszam
[19:49:39] <Misiek> Spierdalajcie
[19:49:42] <Misiek> xD
[19:51:03] *** Joins: Lunia (~ellen@87.73.51.181)
[19:54:32] *** Quits: Koh_f (~Kingofhil@user-94-254-209-51.play-internet.pl) (Quit: Hue.)
[19:59:39] <VoThall> Misiek wpadam w pazdzierniku
[20:01:58] <VoThall> https://www.youtube.com/watch?v=4Ec1NsEoKZ4
[20:02:05] <VoThall> fajna zabawa
[20:02:47] <VoThall> jak sobie krzeselko potem podstawil xDD
[20:04:15] <VoThall> jebany camper xDD
[20:21:41] <Misiek> Kurwa kierownikowi prunt osiad≈Ç w domu to przyszed≈Ç do mnie mecz oglƒÖdaƒá xDDDD
[20:22:35] <Dalir> Hyh
[20:23:22] <VoThall> jakis mecz jest?
[20:31:44] <Misiek> Siatka polska usa
[20:54:27] <misiek200m> Bry! :p
[21:03:54] *** Joins: Soxis (~chatzilla@86-63-85-25.sta.asta-net.com.pl)
[21:03:55] <Soxis> no elo xD
[21:27:35] <Misiek> Hi
[21:40:54] <Soxis> https://www.youtube.com/watch?v=8U8f8GQ1LYc
[22:06:08] *** Joins: MisiekShy (~Misiek@user-94-254-209-31.play-internet.pl)
[22:09:19] *** Quits: Misiek (~Misiek@user-94-254-133-203.play-internet.pl) (Ping timeout: 264 seconds)
[22:21:09] *** Joins: Koh_fon (~Kingofhil@user-94-254-209-167.play-internet.pl)
[22:28:28] *** Quits: Koh_fon (~Kingofhil@user-94-254-209-167.play-internet.pl) (Quit: Hue.)
[22:37:23] *** Joins: shenti (~androirc@user-94-254-145-130.play-internet.pl)
[22:37:33] <shenti> Hejo
[22:39:07] <Dalir> Ave!
[22:39:21] <Dalir> shenti: co u ponczka?
[22:39:29] <Dalir> Nie wiem czy mi odpowiedzialas wtedy na fb :p
[22:40:50] <Lunia> hej
[22:42:02] <VoThall> MisiekShy gram w WoWs xD
[22:42:09] <VoThall> poki co pozytywnie zaskoczony
[22:43:26] *** Quits: shenti (~androirc@user-94-254-145-130.play-internet.pl) (Ping timeout: 248 seconds)
[22:44:06] *** Joins: shenti (~androirc@afoj49.neoplus.adsl.tpnet.pl)
[22:44:14] <shenti> Internety :/
[22:45:24] <MisiekShy> Paaanie
[22:45:32] <MisiekShy> Ja juz 9 gier plywam
[22:45:36] <MisiekShy> Tier
[22:45:37] <MisiekShy> Lol
[22:46:48] *** Quits: VanDreadPL (~Thunderbi@89-73-73-49.dynamic.chello.pl) (Quit: Najwa≈ºniejsze w ≈ºyciu to mieƒá siƒô z kim napiƒá :))
[22:47:50] <MisiekShy> A ty co pewnie dalej kutrem latasz xD
[22:48:07] <MisiekShy> Elo
[22:48:12] *** Quits: MisiekShy (~Misiek@user-94-254-209-31.play-internet.pl) (Quit: Misiek.exe has stopped working.)
[22:48:34] *** Joins: Misiek (~Misiek@agnc165.neoplus.adsl.tpnet.pl)
[22:48:41] <Dalir> shenti: co u ponczka?
[22:48:56] <shenti> Gra w csa :P
[22:49:09] <Dalir> Lel :p
[22:53:10] <VoThall> Misiek ja nie gram 50 gier dziennie xD
[22:56:40] <Misiek> filthy scrub
[22:57:09] <Misiek> z kim ja tu siedze
[22:58:46] <VoThall> ano
[22:58:49] <VoThall> poki co 3 bitwy zagralem
[22:58:52] <VoThall> moze jeszcze z 2 zagram potem xD
[22:58:57] <VoThall> 2 tier here I go
[22:58:59] <VoThall> kek
[22:59:56] <Misiek> mÛj USS Wpierdoll juz sie nie moze doczekac nastepnej gry
[23:00:59] <Misiek> 2 tier kek xD
[23:01:29] <Misiek> pewnie za≈Çoga obrzuca przeciwnika ziemniakami z 30 metr√≥w xD
[23:04:40] <Misiek> daj znyc jak 3 wbijesz
[23:04:47] <Misiek> bo ja juz wszystkie 2 ojebalem xD
[23:05:22] <Lunia> WoWs, .chyba zagram
[23:05:51] <Misiek> https://youtu.be/Lg6FDMl4qzU
[23:05:52] *** Joins: Beatzebub (~beatzebub@d172-218-176-59.bchsia.telus.net)
[23:07:16] <Misiek> http://hydra-media.cursecdn.com/dota2.gamepedia.com/8/81/Dpro_wailing_01.mp3
[23:07:19] <Misiek> dota.exe
[23:13:07] *** Quits: shenti (~androirc@afoj49.neoplus.adsl.tpnet.pl) (Read error: Connection reset by peer)
[23:17:42] <VoThall> Misiek myslalem ze juz z VI masz xD
[23:17:54] <Misiek> jednego 4
[23:17:56] <Misiek> reszta 3
[23:31:26] *** Joins: shenti (~androirc@afoj49.neoplus.adsl.tpnet.pl)
[23:31:28] *** Parts: shenti (~androirc@afoj49.neoplus.adsl.tpnet.pl) ()
[23:49:51] *** Joins: VanDreadPL (~Thunderbi@89-73-73-49.dynamic.chello.pl)
[23:49:55] <VanDreadPL> siemano
[23:50:14] <Soxis> siema VanDreadPL
[23:52:44] <Dalir> Dobreanoc
[23:52:59] *** Quits: Dalir (~tableto@88-199-132-54.tktelekom.pl) (Quit: Bye)
[23:56:10] <Soxis> VoThall: https://www.youtube.com/watch?v=E1qSqe-ZZkk
