[01:54:54] <Misiek> https://www.youtube.com/watch?v=mPL9xV4MDY0 dobranoc
[01:54:57] *** Quits: Misiek (~Misiek@ekj180.neoplus.adsl.tpnet.pl) (Quit: Leaving)
[02:20:43] *** Quits: CowiekPiwo (56b970b4@gateway/web/freenode/ip.86.185.112.180) (Quit: Page closed)
[11:36:47] *** Joins: Misiek (~Misiek@agol79.neoplus.adsl.tpnet.pl)
[12:11:24] <Misiek> witam
[12:45:56] *** Joins: izeer (56b970b4@gateway/web/freenode/ip.86.185.112.180)
[12:46:13] <izeer> hej
[12:46:42] <Misiek> bry
[13:14:57] *** Quits: izeer (56b970b4@gateway/web/freenode/ip.86.185.112.180) (Ping timeout: 252 seconds)
[13:59:19] *** Joins: Izeer_kom (~izeer_kom@188.29.164.181.threembb.co.uk)
[14:04:42] *** Quits: Izeer_kom (~izeer_kom@188.29.164.181.threembb.co.uk) (Quit: To sie zmontuje xD)
[14:10:20] *** Joins: izeer (1f303fb8@gateway/web/freenode/ip.31.48.63.184)
[14:12:37] *** Joins: izeer_ (1f303fb8@gateway/web/freenode/ip.31.48.63.184)
[14:14:54] *** Quits: izeer (1f303fb8@gateway/web/freenode/ip.31.48.63.184) (Ping timeout: 252 seconds)
[14:19:12] <Misiek> http://niebezpiecznik.pl/post/nowelizacja-ustawy-o-policji-i-kontrowersje-w-sprawie-wprowadzanych-zmian/
[14:19:15] <Misiek> co sądzita
[14:40:42] <izeer_> a jakie ma to znaczenie wobec ogromu wszechświata
[14:57:03] <Misiek> takie że pan Tomasz z cbś dowie sie o moim 40 gb folderze z karlim porno
[15:18:50] <izeer_> https://youtu.be/zbCYMNfl2r4
[15:56:32] <izeer_> jeszcze nie wyszedlem z domu, a juz mi zimno
[15:56:47] <izeer_> najlepiej to bym poszedl do roboty owiniety kocem
[15:57:50] <Misiek> zawsze sie mozesz owniac sniegiem
[15:57:55] <Night_Spark> izeer_: pokryciem z kanapy, i tylko z dizajnerską torebką
[16:06:08] <Misiek> VoThall, http://www.twitch.tv/dotastarladder_en
[16:06:16] <Misiek> secret vs alliance leci
[16:07:19] <Misiek> kto wygra idzie do półfinałow vs liquid
[16:12:42] <VoThall> dobry
[16:12:45] <VoThall> co
[16:12:47] <VoThall> dopiero wrocilem
[16:13:16] <VoThall> nie sadzilem ze LoL moze zasponsorowac cos dobrego https://www.youtube.com/watch?v=Nqqc2FHf9Ug ;-;
[16:15:23] <VoThall> https://www.youtube.com/watch?v=intFjG9rZSg Soxis Misiek misiek200m Night_Spark izeer_
[16:15:32] <VoThall> a no i McKey
[16:16:15] <Night_Spark> VoThall: czej, jutub w Firefoksie mi się zjebał
[16:16:26] <Night_Spark> investigating the issue
[16:18:16] <Misiek> elo
[16:19:06] <Misiek> mam nadzieje ze wierzysz w ee sama xd
[16:21:01] <VoThall> jak ts przegraja z alaiance
[16:21:05] <VoThall> alaiance
[16:21:08] <VoThall> co
[16:21:12] <VoThall> co ja wlasnie napisalem
[16:21:29] <VoThall> alliance, to troche przypau
[16:21:54] <Misiek> ostatnio sie odbili nawet
[16:22:15] <Misiek> do ćwierćfinałów dotarli xd
[16:22:26] <Misiek> w innych tez
[16:22:42] <Misiek> a secret troche lami
[16:22:50] <Misiek> sa na podobnym poziomie teraz
[16:23:31] <Misiek> omg
[16:23:46] <Misiek> niezle to zagrali
[16:23:49] <Misiek> widziaues?
[16:24:09] <Misiek> kluczowe grejvy
[16:25:46] <VoThall> nie bo ide zjesc xd
[16:26:11] <VoThall> puck to ladnie zrobil
[16:26:30] <VoThall> no teraz juz  nie
[16:26:33] <Misiek> xd
[16:26:43] <Misiek> xd
[16:27:51] <VoThall> how to win against alliance
[16:28:01] <VoThall> pick nature profit
[16:28:07] <VoThall> profit x2
[16:28:08] <izeer_> VoThall:  gdzie z tym rakiem
[16:28:12] <VoThall> xD
[16:28:37] <VoThall> to dla Ciebie, dla hejterow xDD
[16:29:08] <izeer_> kupilem szampon i odzywke do wlosow za 14 funtów
[16:29:13] <izeer_> bede mial wlosy jak modelki w reklamach
[16:29:14] <izeer_> xD
[16:29:32] <VoThall> dx
[16:29:44] <Misiek> rekd
[16:29:46] <Misiek> call gg
[16:30:11] <Misiek> jaki rak panie nie rozmawiamy tu o lolu xd
[16:30:16] <VoThall> undying puck i slardar
[16:30:23] <VoThall> 19 fragow w grze
[16:30:35] <VoThall> najs
[16:32:33] <VoThall> alliance ma plan
[16:32:36] <VoThall> dx
[16:33:22] <VoThall> no nie wyszlo
[16:37:15] <Misiek> przegrali linie na poczatku xd
[16:37:46] <Misiek> choc ciezko wygrac early vs dazzle xd
[16:39:11] <Misiek> jacky lmao
[16:44:42] <Misiek> 1st map dota2 current map dota 2 next map dota2 xddd
[16:56:35] <Misiek> VoThall, terrorblade xd
[16:56:42] <Misiek> vs gyro xd
[16:56:42] <Misiek> xd
[16:56:43] <Misiek> xd
[17:01:37] <VoThall> oglundam teraz
[17:01:39] <VoThall> zjadlem
[17:04:39] <Misiek> dabul mid
[17:04:46] <Misiek> asza taktyka dziala w pro scenie xd
[17:04:58] <VoThall> xD
[17:05:18] <VoThall> op shit
[17:05:20] <VoThall> nerf pls
[17:06:30] *** Quits: izeer_ (1f303fb8@gateway/web/freenode/ip.31.48.63.184) (Ping timeout: 252 seconds)
[17:14:29] <Misiek> intruder
[17:21:03] <VoThall> rekt
[17:31:57] <Misiek> "Everything can work" - BigDaddy https://my.mixtape.moe/pvvafa.webm
[17:32:12] <Misiek> VoThall, ^
[17:35:15] <Misiek> ale tu sie trow dzieje
[17:35:23] <Misiek> troł
[17:35:26] <Misiek> 322
[17:35:27] <Misiek> 322
[17:41:21] <Misiek> no i 322
[17:41:29] <Misiek> https://www.youtube.com/watch?v=ssr1PMSNvwk daily reminder
[17:44:16] <Misiek> i cant protect you anymore
[17:56:42] <VoThall> widziauem xD
[18:15:41] *** Joins: psoras (~androirc@46.77.124.130)
[18:16:14] <psoras> ZIMO NAPIERDALAJ
[18:16:23] <psoras> zima: OK
[18:16:25] <Night_Spark> D:
[18:16:37] * Night_Spark chowa się pod koc
[18:17:04] <psoras> jestem w Warszawie, śnieg wali jak opętany
[18:17:23] <Night_Spark> Must be beautiful :3
[18:17:38] <Misiek> VoThall, tezo?
[18:17:39] <psoras> ślicznie jest
[18:17:40] <Night_Spark> W Ostrowi nie pada
[18:18:29] <VoThall> nie kce mi sie
[18:18:38] <psoras> pojechałem na Wesołą, asfaltu spod śniegu nie widać momentami
[18:18:57] <Misiek> u mnie napierdziula juz od 5 godzin non stop
[18:19:48] <psoras> w Warszawie od trzech i pół
[18:21:06] <psoras> Wałbrzych jest wyżej od Wroca, więc jak we Wro pada deszcz, tam może śnieżyć
[18:21:47] <psoras> no i jest w górach, a góry = wyższe opady
[18:35:17] <Night_Spark> Psoras: http://warspot.ru/4559-bolshaya-desyatka-krupneyshie-voennye-samolyoty-mira
[18:36:40] <Night_Spark> Ostatnie zdjęcie najlepsze
[18:39:05] <VoThall> rekt rekt rekt
[18:39:29] <VoThall> to jest dziwny team Misiek
[18:39:34] <Misiek> 322 po calosci xd
[18:39:36] <VoThall> raz ich zjado jakies noname'y
[18:39:43] <VoThall> a raz prawie wygrywajo zawody dx
[18:40:09] <Misiek> xd
[18:42:03] *** Joins: psoras_ (~androirc@5.172.252.237)
[18:45:23] *** Quits: psoras (~androirc@46.77.124.130) (Read error: Connection reset by peer)
[18:46:40] <psoras_> http://tinyurl.com/h4tfpet YOU SHALL NOT PESA
[18:46:57] <psoras_> FLY, PASSENGERS, YOU FOOLS
[18:49:38] <Night_Spark> psoras_: jako drugi obrazek bardziej by pasował tamten gość z reklamówkami zatrzymujący czołg
[18:52:41] <psoras_> dobry pomysł
[18:58:13] <VoThall> Misiek kurwa co
[18:58:19] <VoThall> jutro o 8 zaczyna sie stream?
[18:58:20] <VoThall> pojebalo?
[18:58:37] <Misiek> radze sie wczesnie polozyc spac xd
[18:59:32] <Misiek> comer boya
[18:59:43] <Misiek> czeba pocwiczyc przed finalami
[19:02:20] <Misiek> VoThall, http://www.twitch.tv/dota2pl
[19:02:42] <VoThall> wez daj jakis stream eng
[19:02:46] <VoThall> bo tego sie sluchac nie da xD
[19:02:49] <Misiek> xd
[19:02:53] <Misiek> spoko cast
[19:02:57] <Misiek> nie marudz
[19:03:07] <Misiek> poza tym nikt tego nie castuje po angielsku xd
[19:03:40] <VoThall> oj on jeszcze se ulti moze wcisnac dxxxxxxxxxxxxxxxxxxxxx
[19:03:45] <VoThall> wez prosze Cie
[19:03:47] <VoThall> xD
[19:13:41] <Misiek> VoThall, prophet aghs octarine xd
[19:13:46] <Misiek> czekamy na refresh xd
[19:13:50] <VoThall> fuckin told you
[19:13:54] <Misiek> ale buta ma to nie prawilniak
[19:13:55] <VoThall> nikt nie rozumie tego buildu
[19:13:58] <VoThall> oprocz prosow
[19:14:00] <VoThall> no moj build
[19:14:01] <Misiek> nawet on xd
[19:14:03] <VoThall> on widzial moja gre
[19:17:05] <VoThall> ggwp
[19:17:11] <VoThall> prophet poszedl na teamfight
[19:17:15] <Misiek> xd
[19:17:15] <VoThall> widac nie ogarnia tego buildu zupelnie
[19:17:42] <Misiek> no mogl jedna fale creepow w tym czase przepchnac xd
[19:18:11] <VoThall> i nie feedowac
[19:18:17] <VoThall> jak prophet z oc i scepterem
[19:18:22] <VoThall> moze cokolwiek zrobic w teamfighcie
[19:18:25] <VoThall> mogl robic rata
[19:18:44] <Misiek> teamfight trwal 5 sekund dzieku ulti od xd
[19:18:48] <Misiek> chuja by zrobil xd
[19:19:35] <VoThall> grajo jak ruski typowe
[19:19:41] <VoThall> nie sfeedowal
[19:19:45] <VoThall> to by zrobil dx
[19:19:56] <Misiek> pol przeciwnego teamu to standiny xdddd
[19:21:28] <VoThall> stacja 37
[19:21:34] <Misiek> venga semi carry xd
[19:21:34] <VoThall> dp upada po raz drugi dxx
[19:21:36] <Misiek> xdxdxd
[19:21:38] <Misiek> xddddddd
[19:22:26] <Misiek> bez gg
[19:22:27] <Misiek> xddd
[19:22:34] <Misiek> aa
[19:22:35] <Misiek> dobra
[19:22:40] <Misiek> juz myslalem ze bez gg
[19:22:44] <VoThall> xD
[19:23:35] <Misiek> wejdz jeno do gry
[19:24:03] <Misiek> tak bym se pogral a tu nawet kamelota nie ma xd
[19:27:30] <VoThall> xDD
[19:27:34] <VoThall> narazie nie chce mi sie w nic grac xD
[19:27:57] <Misiek> to mozesz grac suportem dx
[19:28:01] <Misiek> dxdxdxdddxdxd
[19:28:02] <Misiek> xd
[19:28:05] <VoThall> i z rozowym za paredziesiat minut pewnie bede gral w border dalej
[19:28:10] <VoThall> egg xD
[19:46:05] *** Quits: psoras_ (~androirc@5.172.252.237) (Quit: AndroIRC - Android IRC Client ( http://www.androirc.com ))
[20:27:57] <VoThall> Misiek krimson gard
[20:29:36] <VoThall> czemu oddali tego rosha xd
[20:31:11] <Misiek> polska dodka
[20:31:24] <Misiek> z kamelotem kapitanem bysmy ich ograli dx
[22:00:33] <VoThall> xD
[22:01:24] <VoThall> Misiek http://www.twitch.tv/sharishaxd
[22:02:21] <Misiek> czemu nikt na czacie nie uzywa emotek xddd
[22:04:04] <VoThall> czemu ruscy
[22:04:08] <VoThall> majo wodoglowie mózgowe
[22:04:51] <VoThall> Misiek czo
[22:04:57] <VoThall> "X" to u ruskich "kratka" xd
[22:26:38] <Misiek> graszta co?
[22:29:34] <Misiek> VoThall,
[22:29:38] <Misiek> dx
[22:30:43] <VoThall> lolo
[22:30:45] <VoThall> xDDD
[22:30:52] <Misiek> zawiodlem siem
[22:34:10] <Misiek> cal of djuti czy przygody barbie 2.0 to zrozumie
[22:34:13] <Misiek> ale zeby lola
[22:34:14] <Misiek> egg
