[00:02:11] <Soxis> xDDD
[00:03:44] <Night_Spark> http://img-9gag-fun.9cache.com/photo/aRAjnPQ_700b.jpg
[00:06:32] <Night_Spark> VanDreadPL: http://9gag.com/gag/anNjDwb
[00:06:58] <VanDreadPL> Night_Spark:  zaraz to uczynię
[00:07:28] <VanDreadPL> tylko kurwa obejrze całe te jebane 45min co dał Soxis kruwa tak późno a teraz ja kibluje tu a mam iść już nawet dziś do pracy
[00:07:31] <Night_Spark> XD
[00:07:31] <VanDreadPL> dzięki Soxis
[00:07:38] <VanDreadPL> następnym razem jebne ci bana
[00:07:43] <Soxis> ej
[00:07:43] <VanDreadPL> lub całemu ircowi
[00:07:45] <Soxis> dlatego Cie nie pikałem
[00:07:46] <Soxis> XDXD
[00:07:47] <VanDreadPL> tak też umiem XD
[00:07:56] <Soxis> możesz też dać opca całemu ircowi
[00:08:05] <VanDreadPL> raz dałem
[00:08:13] <Night_Spark> Soxis: nope, ChanServ nie pozwoli
[00:08:14] <VanDreadPL> i się kurwa Triluch wkurwił
[00:08:23] <VanDreadPL> bo Triluch się wkurwia jak za dużo ludzi ma opa
[00:08:28] <Soxis> uuu
[00:08:29] <Soxis> xD
[00:08:29] <VanDreadPL> i Triluch nie lubi panczaqa
[00:08:42] <VanDreadPL> bo Triluch został raz wywalony przez panczaqa
[00:08:49] <VanDreadPL> i wtedy triluch zajebał mi opa
[00:08:56] <VanDreadPL> no cóż takie życie
[00:09:00] <VanDreadPL> Triluch:  mnie nie lubi XD
[00:21:34] <VanDreadPL> Soxis:  kurwa
[00:21:37] <VanDreadPL> udało się
[00:21:42] <VanDreadPL> przeszedłem cały filmik
[00:21:46] <VanDreadPL> mogię iść
[00:21:54] <Soxis> :D
[00:21:57] <Soxis> ja też idę zaraz
[00:22:22] <VanDreadPL> Soxis:  Night_Spark
[00:22:23] <VanDreadPL> http://puu.sh/mKTJL/4a27b1df10.jpg
[00:22:27] *** Quits: VanDreadPL (~Thunderbi@89-73-73-49.dynamic.chello.pl) (Quit: VanDreadPL)
[00:23:20] *** Joins: VanDreadPL (~Thunderbi@89-73-73-49.dynamic.chello.pl)
[00:23:26] <VanDreadPL> Soxis:  Night_Spark
[00:23:28] <VanDreadPL> http://puu.sh/mKTN1/7e2ddb29f9.jpg
[00:23:35] <VanDreadPL> zapomniałem powiedzieć
[00:23:43] <Soxis> XDXD
[00:23:45] <Soxis> śmieszek
[00:23:45] <Soxis> xD
[00:23:52] <VanDreadPL> dobrej nocy :) 3majcie się :)  http://puu.sh/mKTJL/4a27b1df10.jpg
[00:23:55] <Izeer_kom> O kurwa ktora godzina juz
[00:23:59] *** Quits: VanDreadPL (~Thunderbi@89-73-73-49.dynamic.chello.pl) (Client Quit)
[00:24:06] <Izeer_kom> Asienaebel
[01:25:35] *** Quits: Izeer_kom (~izeer_kom@188.29.164.177.threembb.co.uk) (Ping timeout: 276 seconds)
[03:04:21] <MisiekShy> bajo
[03:04:25] *** Quits: MisiekShy (~Misiek@bbk240.neoplus.adsl.tpnet.pl) (Quit: Leaving)
[11:34:13] *** Joins: Misiek (~Misiek@bbk240.neoplus.adsl.tpnet.pl)
[11:35:13] <Misiek> bry
[11:54:09] <VoThall> dobry
[12:17:26] *** Joins: izeer (56b77d1a@gateway/web/freenode/ip.86.183.125.26)
[12:17:37] <izeer> hej
[12:23:08] *** Quits: Night_Spark (~Michael89@192.99.124.210) (Ping timeout: 244 seconds)
[12:24:31] *** Joins: NS_heXchat (~test@host-89-230-36-16.przeworsk.mm.pl)
[12:26:15] <Misiek> hi
[12:41:46] <Soxis> Misiek, VoThall izeer https://scontent.fwaw3-1.fna.fbcdn.net/hphotos-xpt1/v/t1.0-9/12033114_954408621319647_2652983209471076859_n.jpg?oh=3ebc1a1e7d24675dd6aa72dec8a6cb5d&oe=57309338
[12:41:50] <Soxis> skończyło się kurwa śmieszkowanie xD
[12:42:37] <Misiek> dx
[12:51:07] <izeer> ej kolega nie daje znaku zycia od momentu jak wczoraj wysiadlem z pociagu od niego
[12:51:11] <izeer> ciekawe czy umar
[12:51:26] <izeer> myslalem ze ma mocniejsza glowe xD
[12:54:08] <Soxis> XDXD
[12:56:52] <izeer> ostatnie piwo wypilismy w parku
[12:56:54] <izeer> siedzimy
[12:57:01] <izeer> nagle bagiety na sygnale podjezdzaja
[12:57:15] <izeer> my juz nawaleni wiec myslimy trudno
[12:57:27] <izeer> a oni przejeżdżają przez park, jakies 1.5m od nas i na drugą ulice xD
[13:25:10] <Misiek> VoThall, http://www.twitch.tv/admiralbulldog najlepszy caster na świecie
[13:25:13] <Misiek> ucz się
[13:46:13] <NS_heXchat> Soxis: https://twitter.com/CutesieClaire/status/692143610318458880
[14:15:24] *** Joins: MisiekShy (~Misiek@agsp74.neoplus.adsl.tpnet.pl)
[14:18:25] *** Quits: Misiek (~Misiek@bbk240.neoplus.adsl.tpnet.pl) (Ping timeout: 245 seconds)
[14:21:52] <VoThall> MisiekShy nie widzialem ;-;
[14:21:55] <VoThall> a co odwalal?
[14:45:49] <MisiekShy> odwalał
[14:45:53] <MisiekShy> bardzo dx
[14:46:28] <MisiekShy> eg i newbee teraz
[15:05:02] <MisiekShy> https://www.youtube.com/watch?v=yuyV6G6atoQ
[15:05:03] <MisiekShy> brbrb
[15:25:46] <izeer> spoko, kolega zyje
[15:26:03] <izeer> zarzygal cale lozko, no ale bywa
[16:02:04] *** Joins: Night_Spark (~Michael89@192.99.124.210)
[16:28:36] *** Quits: NS_heXchat (~test@host-89-230-36-16.przeworsk.mm.pl) (Quit: Leaving)
[16:41:58] <Soxis> http://wyborcza.pl/1,75478,19542714,koniec-zartow-z-prezydenta-dudy-policja-przeszukala-mieszkanie.html
[16:41:59] <Soxis> xD
[16:52:52] <Night_Spark> sam link wystarcza
[16:53:41] <MisiekShy> pora wyczyscic dysk z 60 gb pana prezydenta xd
[16:53:43] <Night_Spark> Trzeba było nie wychodzić z piwnicy
[16:54:07] <izeer> fajnie ze zaczelo lac jak akurat musze do sklepu wyjsc
[16:54:19] <izeer> juz nic ze od wczoraj wieje tak, ze prawie zlamalo mi parasol
[16:54:37] <izeer> i to taki za 20f, a nie za 5zl
[16:54:39] <Night_Spark> izeer: zapominasz gdzie jesteś XD
[16:54:56] <izeer> Night_Spark:  wczoraj 9 piw obaliłem, mało pamietam xD
[16:55:03] <Night_Spark> hahaha
[17:09:31] *** Quits: MisiekShy (~Misiek@agsp74.neoplus.adsl.tpnet.pl) (Quit: Leaving)
[17:35:37] <izeer> no zwyczajny huragan no
[17:35:45] <izeer> ledwo do sklepu wszedłem
[17:41:39] <izeer> fak, nie spojrzalem o ktorej godzinie rybke do piekarnika wstawilem
[17:41:52] <izeer> chyba jak napisalem 6 minut temu
[17:42:07] <Night_Spark> izeer: "Swoją drogą... Dog in the fog."
[18:00:15] <Soxis> VoThall, http://www.wykop.pl/ludzie/Xanthia/
[18:00:18] <Soxis> to jest tak genialny troll
[18:00:21] <Soxis> i tyle lat na wypoku xD
[18:00:28] <Soxis> ciekawe skąd zdjęcia bierze xD
[18:14:50] *** Joins: Misiek (~Misiek@agsp74.neoplus.adsl.tpnet.pl)
[18:16:49] *** Joins: Dalir (~tableto@88-199-132-54.tktelekom.pl)
[18:30:59] <Soxis> http://x3.cdn03.imgwykop.pl/c3201142/comment_Kh64RndYtC2PbyD3103VaRyVtR7Cs24E.jpg
[18:31:01] <Soxis> XDDDDDDDDDDDDDDDDDDDDDDDDDDDD
[18:41:45] <Dalir> Nie smieszne
[18:41:50] <Dalir> Ani razu saie nie zasmialem
[18:41:53] <Dalir> Sie*
[18:42:07] <Night_Spark> Soxis: http://img-9gag-fun.9cache.com/photo/ajANMjp_700b.jpg
[18:42:32] <Soxis> Night_Spark, wysyłałeś to już
[18:42:37] <Soxis> i za drugim razem kisnę
[18:42:38] <Soxis> xD
[18:43:14] <Night_Spark> Dalir: https://twitter.com/CutesieClaire/status/692143610318458880
[18:43:26] <Night_Spark> ja sucharzę nie gorzej
[18:43:39] <Soxis> Night_Spark, a o co w tym chodzi w sumie? XD
[18:44:05] <Dalir> Tak mi sie nie chce czytac filozofowania po angolu
[18:44:08] <Dalir> Bleh
[18:44:09] <Soxis> nagle fotka Luny
[18:44:18] <Soxis> XDDDDDDDDDDDDDDDDD
[18:44:21] <Night_Spark> Soxis: reaction pic
[18:44:25] <Soxis> a
[18:44:25] <Soxis> xD
[18:57:40] <izeer> kurde, potrzebuje wejsc w ustawienia routera
[18:57:44] <izeer> oczywiscie nie mam hasla
[18:57:55] <izeer> ale jest mozliwosc zeby zrobic pass override
[18:58:10] <izeer> i niby moge to zrobic, ale jak sie skapnie ktos to troche przypal chyba
[19:00:35] <izeer> bo beda cos zmieniac, a tu dupa, inne haslo
[19:00:45] <izeer> a nie ustawie na poprzednie bo nie znam
[19:02:44] <Misiek> VoThall, http://www.dota2.com/winter2016
[19:02:57] <Misiek> http://x3.cdn03.imgwykop.pl/c3201142/comment_vqj4pRdxXot9n4gQwOocD54lmWZs1Ayb.jpg xdcdddxdxdxd
[19:21:45] <Night_Spark> https://www.youtube.com/watch?v=PBtXyv0Q1Eg
[19:42:43] <VoThall> izeer Soxis jaki dalibyscie najlepszy trailer z roku 2015?
[19:43:01] <izeer> pamietam tylko jeden xD
[19:43:08] <VoThall> tak sobie teraz myslalem xD dla mnie mocny kandydat https://www.youtube.com/watch?v=P99qJGrPNLs
[19:43:38] <izeer> 'z roku 2015'
[19:44:35] <VoThall> no tga
[19:44:37] <VoThall> tag
[19:44:38] <Misiek> https://youtu.be/sGMmZKXePWo
[19:44:39] <VoThall> xD
[19:44:55] <VoThall> izeer bo to ponadczasowy trailer
[21:29:14] *** Joins: VanDreadPL (~Thunderbi@89-73-73-49.dynamic.chello.pl)
[21:29:17] <VanDreadPL> siema
[21:41:46] <VanDreadPL> nie chcecie ze mna gadać to sobie ponakurwiam w forze
[21:41:50] <VanDreadPL> bo mam coś do skończenia :P
[21:47:46] *** Joins: VanDreadPL1 (~Thunderbi@89-73-73-49.dynamic.chello.pl)
[21:57:55] *** Quits: izeer (56b77d1a@gateway/web/freenode/ip.86.183.125.26) (Ping timeout: 252 seconds)
[22:02:56] <Soxis> VanDreadPL, ja chcę z Tobą pogadać
[22:02:58] <Soxis> jak minął dzień
[22:03:00] <Soxis> i w ogóle XDXD
[22:03:04] <Soxis> a tak serio to
[22:03:09] <Soxis> CZEMU DRUKARKI SĄ POPIERDOLONE
[22:03:10] <Soxis> xD
[22:03:25] <Soxis> nie mogę sobie zeskanować dokumentu na kompa
[22:03:27] <Soxis> BO KURWA TUSZU NIE MA
[22:03:32] <Soxis> NA CHUJ MI TUSZ DO SKANOWANIA XDXDXD
[22:03:38] <Soxis> jest czarny
[22:03:41] <Soxis> nie ma kolorowego
[22:03:41] <Misiek> https://youtu.be/cJ_pcvfFIwA dxxdxdxdxdd
[22:04:00] *** Quits: VanDreadPL1 (~Thunderbi@89-73-73-49.dynamic.chello.pl) (Quit: Hush now, Quiet Now)
[22:04:01] <Soxis> a drukować też w sumie nie mogę
[22:04:07] <Soxis> BO NIE MA KOLOROWEGO TUSZU
[22:04:08] <Soxis> KURWO
[22:04:13] <Soxis> W DOKUMENCIE JEST SAM TEKST
[22:04:20] <Soxis> CO TY KURWA LGTB CHCESZ ZACZĄĆ PROMOWAĆ
[22:43:57] <Misiek> http://www.jestemaleksander.pl/2016/01/neft-daslari-miasto-na-srodku-morza/#
[23:01:49] *** Quits: Dalir (~tableto@88-199-132-54.tktelekom.pl) (Quit: Bye)
[23:06:00] <VanDreadPL> Soxis:  bo masz chująwą drukarkę na tuz XD
[23:06:10] <VanDreadPL> jakbyś miał normalną jak ludzie laserową to by działało
[23:06:14] <VanDreadPL> no ale ty jesteś Soxis
[23:06:49] <Soxis> ta
[23:06:51] <Soxis> xDD
[23:07:01] <Soxis> ta drukarka ma z 8 lat xD
[23:07:33] <VanDreadPL> drukarka którą ja mam ma z dobe 6 i jej to wisi XD
[23:39:11] *** Joins: izeer (1f3038dc@gateway/web/freenode/ip.31.48.56.220)
