[00:05:21] *** Joins: VanDreadPL (~Thunderbi@89-73-73-49.dynamic.chello.pl)
[00:05:33] <VanDreadPL> heloo
[03:04:15] *** Joins: MisiekShy (~Misiek@ann89.neoplus.adsl.tpnet.pl)
[03:07:12] *** Quits: Misiek (~Misiek@aglj44.neoplus.adsl.tpnet.pl) (Ping timeout: 250 seconds)
[04:04:51] *** Quits: MisiekShy (~Misiek@ann89.neoplus.adsl.tpnet.pl) (Quit: Leaving)
[12:59:17] *** Joins: Misiek (~Misiek@ann89.neoplus.adsl.tpnet.pl)
[13:00:12] <Misiek> dobry
[13:30:19] <misiek200m> no witam ;p
[14:37:25] <VoThall> dobry
[14:47:14] <VoThall> https://www.youtube.com/watch?v=psENhhkYMO8 zajebisty kanal xD
[15:00:11] *** Joins: Nighti_ (53068377@gateway/web/freenode/ip.83.6.131.119)
[15:00:19] <Nighti_> Siemanko
[15:01:16] <Misiek> elo
[15:03:32] <Misiek> VoThall, czoś xd
[15:03:48] <VoThall> hm
[15:04:00] <Misiek> moze stotki xd
[15:04:07] <VoThall> ni mom xD
[15:04:46] <VoThall> dotki nie dam rady jusz
[15:21:48] <McKey> Uwaga Uwaga
[15:21:57] <McKey> robie pewnie najwięksyz błąd źycia
[15:22:01] <McKey> instaluje Viste :d
[15:24:16] <Night_Spark> McKey: Nahui
[15:24:32] <Night_Spark> (taka mieścina w Peru)
[15:25:02] <McKey> Night_Spark: bo chce sprawdzić jaką mam licencje w lapku na Viste :P
[15:25:58] <Night_Spark> Win7 i RearmWizard
[15:26:32] <Night_Spark> Typ licencji: początkowy okres prolongaty
[15:27:02] <Night_Spark> ( linijka z slmgr /dlv )
[15:29:12] <McKey> Night_Spark: aktualnie mam win 10, win 7 i win xp, Wszystkie z dreamspearka (debiana pomijam bo darmo)
[15:29:26] <McKey> a win 7 x64 która nie działa zbyt dobrze u mnie bo 2 gb ramu
[15:29:46] <McKey> więc zainstaluje Viste (podobno po sp2 da się korzystać) i sprawdze klucz odrazu
[15:32:51] <Night_Spark> Ja mam czysty Win7 x64, doinstalowałem do Zaplanowanych Zadań skrypt rearmujący/resetujący usługę licencji co określony czas
[15:35:23] <McKey> Night_Spark: jak masz 4gb ramu+ to ok
[15:35:32] <McKey> BTW radze aktualizować teraz nawet do win 10
[15:35:33] <Night_Spark> 4
[15:35:47] <McKey> bo w środe możesz nie ruszyć PC
[15:35:58] <Night_Spark> Czemu?
[15:36:16] <McKey> Win 10 wchodzi jak normalna aktualizacja bezpieczeństwa
[15:36:27] <McKey> czyli automatyczne aktualizacje robią Win 10
[15:36:54] <Night_Spark> McKey: ja ręcznie aktualizacje sprawdzam
[15:37:12] <Night_Spark> i jak wykryję niepotrzebną, to wyłączam
[15:37:45] <McKey> to uważaj abys nie przeklikał :P
[15:37:57] <Night_Spark> Nie jest tego dużo
[17:17:40] *** Quits: Misiek (~Misiek@ann89.neoplus.adsl.tpnet.pl) (Quit: Leaving)
[17:45:36] *** Quits: Nighti_ (53068377@gateway/web/freenode/ip.83.6.131.119) (Ping timeout: 252 seconds)
[17:51:34] <Soxis> HL3 pewnie wyjdzie tak po prostu
[17:51:37] <Soxis> że nagle na steamie będzie
[17:51:41] <Soxis> i Valve nic o tym nie powie
[17:51:48] <Soxis> powiedzą, że to nie ich gra xD
[17:51:59] <Soxis> a ciekawe co na internetach się będzie dziać wtedy xD
[17:57:17] <McKey> donra
[17:57:25] <McKey> mam Win Vista na penku gotowe
[17:57:29] <McKey> reboot i lecimy :P
[17:59:46] <Night_Spark> McKey: skąd masz info o tym apdejcie?
[18:04:20] <Soxis> jaki update?
[18:21:48] <Night_Spark> <McKey> BTW radze aktualizować teraz nawet do win 10
[18:21:48] <Night_Spark> <Night_Spark> 4
[18:21:48] <Night_Spark> <McKey> bo w środe możesz nie ruszyć PC
[18:21:48] <Night_Spark> <Night_Spark> Czemu?
[18:21:48] <Night_Spark> <McKey> Win 10 wchodzi jak normalna aktualizacja bezpieczeństwa
[18:21:49] <Night_Spark> <McKey> czyli automatyczne aktualizacje robią Win 10
[18:47:01] <Soxis> https://www.youtube.com/watch?v=H73KiN0u3kI
[18:47:31] <Soxis> Night_Spark, pojebane xD
[18:47:34] <Soxis> ja mam wyłączone aktualizacje xD
[18:47:46] <Soxis> a mój brat ma nadal xpka
[18:47:49] <Soxis> i co mu zrobią
[18:48:37] <Night_Spark> Soxis: ja aktualizacje wybieram i instaluję ręcznie
[18:48:57] <Soxis> xD
[18:49:22] <Night_Spark> a poza tym, co do tego co powiedział McKey - link or it didn't happen
[19:19:19] *** Joins: Misiek (~Misiek@ect158.neoplus.adsl.tpnet.pl)
[20:57:57] <misiek200m> http://sokrates.mimuw.edu.pl/~sebek/sendbajt.html Chyba jedna z najstarszych past xD
[21:34:46] *** Joins: izeer (56a6d416@gateway/web/freenode/ip.86.166.212.22)
[21:34:55] <izeer> hej
[21:38:14] *** Quits: izeer (56a6d416@gateway/web/freenode/ip.86.166.212.22) (Client Quit)
[21:40:37] *** Joins: izeer (56a6d416@gateway/web/freenode/ip.86.166.212.22)
[22:01:10] <izeer> hmm, jak to jest ze czipsy solone, są mniej słone od serowo cebulowych? xD
[22:03:54] *** Joins: Nighti (53068377@gateway/web/freenode/ip.83.6.131.119)
[22:45:07] <Nighti> Wiecie czy jest Van?
[22:54:19] <izeer> Nighti:  chleje
[22:54:47] <Nighti> Czyli nie będzie zdatny do jazdy, demt
[22:55:36] <izeer> no nie xD
[22:55:44] <izeer> tzn. pewnie pozniej bedzie
[22:56:47] <Nighti> pewnie ta xD
[23:10:19] *** Joins: MisiekShy (~Misiek@bbe189.neoplus.adsl.tpnet.pl)
[23:11:52] *** Quits: Misiek (~Misiek@ect158.neoplus.adsl.tpnet.pl) (Ping timeout: 250 seconds)
[23:42:17] <izeer> .
[23:42:49] <Nighti> ..
[23:42:59] <Night_Spark> :.
[23:43:57] <Night_Spark> Na niektórych klientach wysłanie kropki nie pozwala sprawdzić czy nie wywaliło - pokazuje się nawet bez połączenia
[23:53:09] <izeer> ja weba uzywam xD
[23:55:33] <Night_Spark> No to na webie tak bywało kiedyś
