[00:07:12] <CowiekPiwo_> http://x3.cdn03.imgwykop.pl/c3201142/comment_uhubZoO080qkGxFFJKWNg4qYw4GtV7VE.jpg
[00:25:12] <CowiekPiwo_> https://www.youtube.com/watch?v=eOR2QYy670k ojajebix
[00:25:15] <CowiekPiwo_> poletzam
[00:42:14] <MisiekShy> ale by, opierdolił talerz musztardy saperskiej
[00:42:18] <MisiekShy> do dzisiaj
[00:42:20] *** Quits: MisiekShy (~Misiek@agnh100.neoplus.adsl.tpnet.pl) (Quit: Leaving)
[00:53:45] *** Quits: CowiekPiwo_ (6d9ae923@gateway/web/freenode/ip.109.154.233.35) (Ping timeout: 252 seconds)
[11:43:31] *** Joins: Misiek (~Misiek@bbf71.neoplus.adsl.tpnet.pl)
[11:43:35] <Misiek> hi
[12:58:54] *** Quits: Misiek (~Misiek@bbf71.neoplus.adsl.tpnet.pl) (Ping timeout: 245 seconds)
[13:09:04] *** Joins: Misiek (~Misiek@anm251.neoplus.adsl.tpnet.pl)
[13:31:11] *** Joins: izeer (6d9ae923@gateway/web/freenode/ip.109.154.233.35)
[13:33:10] <izeer> hej
[13:33:24] <Misiek> bry
[13:51:43] <VoThall> dobry
[13:51:52] <VoThall> musze sie uczyc a nie moge
[13:51:56] <VoThall> Misiek gramy cos
[13:51:58] <VoThall> czy cos
[13:52:08] <Misiek> ide rozpalic w piecu eloxd
[13:52:12] <Misiek> bede za godzinke
[13:52:19] <VoThall> kurwa ;-;
[13:59:19] *** Quits: izeer (6d9ae923@gateway/web/freenode/ip.109.154.233.35) (Quit: Page closed)
[14:02:54] *** Joins: izeer (6d9ae923@gateway/web/freenode/ip.109.154.233.35)
[14:25:58] <izeer> http://puu.sh/mu8fV/303f7aa9a3.png wymodelowalem kuca z wodogłowiem xDD
[14:26:06] <izeer> nie wiem gdzie oczy wsadzic
[14:26:26] <izeer> mam tak najebane w topologii, ze chyba wszystko przykryje futrem xD
[15:06:46] *** Quits: izeer (6d9ae923@gateway/web/freenode/ip.109.154.233.35) (Quit: Page closed)
[15:08:09] *** Joins: izeer (6d9ae923@gateway/web/freenode/ip.109.154.233.35)
[15:52:09] *** Joins: Nighti (5f3193ca@gateway/web/freenode/ip.95.49.147.202)
[15:52:27] <Nighti> dry
[15:52:44] <Misiek> no siema xd
[15:53:01] <Nighti> bry miało byc
[15:53:19] <Nighti> ale to szczegół xD
[17:08:22] <izeer> dobra uciekam do pracy, elo
[17:08:24] *** Quits: izeer (6d9ae923@gateway/web/freenode/ip.109.154.233.35) (Quit: Page closed)
[17:20:46] *** Joins: VanDreadPL (~Thunderbi@89-73-73-49.dynamic.chello.pl)
[17:41:29] <Nighti> Żeganj izeer, witaj VanDredPL
[17:46:27] <VanDreadPL> :P
[17:46:30] <VanDreadPL> siema siem
[18:05:43] *** Joins: Dalir (~tableto@88-199-132-54.tktelekom.pl)
[19:29:19] <Soxis> https://www.youtube.com/watch?v=AI-fvc5Drwk
[19:29:21] <Soxis> umc umc umc
[19:29:23] <Soxis> prawilne
[19:29:25] <Soxis> Misiek, prawilne?
[19:29:57] <Misiek> tak
[19:30:11] <Misiek> foka prawilności
[19:30:31] <Dalir> Foka
[19:30:32] <Dalir> Heh
[20:25:24] *** Joins: psoras (~Thunderbi@abja119.neoplus.adsl.tpnet.pl)
[20:34:00] *** Joins: psoras_ (~Thunderbi@agmi59.neoplus.adsl.tpnet.pl)
[20:35:35] *** Quits: psoras (~Thunderbi@abja119.neoplus.adsl.tpnet.pl) (Ping timeout: 240 seconds)
[20:35:36] *** psoras_ is now known as psoras
[20:46:25] <VoThall> https://www.youtube.com/watch?v=RoDjh33hHOY&feature=youtu.be Soxis
[21:16:53] *** Quits: psoras (~Thunderbi@agmi59.neoplus.adsl.tpnet.pl) (Quit: Narazicho!)
[22:00:47] <Nighti> ja zmykam
[22:00:51] <Nighti> 3majcie sie
[22:00:54] *** Quits: Nighti (5f3193ca@gateway/web/freenode/ip.95.49.147.202) (Quit: Page closed)
[22:14:35] <Dalir> m.kwejk.pl/obrazek/2549033/assassin-s-creed-w-krakowie.html
[22:59:02] <VanDreadPL> Dalir:  ciekawe
[22:59:04] <VanDreadPL> :)
[22:59:09] <VanDreadPL> dobra ja uciekam spac dobrej nocy
[23:02:08] *** Quits: VanDreadPL (~Thunderbi@89-73-73-49.dynamic.chello.pl) (Quit: VanDreadPL)
[23:35:23] *** Quits: Dalir (~tableto@88-199-132-54.tktelekom.pl) (Quit: Bye)
