[01:04:15] *** Quits: izeer (56a6d416@gateway/web/freenode/ip.86.166.212.22) (Ping timeout: 252 seconds)
[04:02:11] *** Quits: MisiekShy (~Misiek@bci144.neoplus.adsl.tpnet.pl) (Quit: Leaving)
[12:01:33] *** Joins: Misiek (~Misiek@edb5.neoplus.adsl.tpnet.pl)
[12:02:15] <Misiek> witom
[13:14:55] *** Joins: Dalir (~tableto@88-199-132-54.tktelekom.pl)
[14:29:02] *** Quits: Dalir (~tableto@88-199-132-54.tktelekom.pl) (Remote host closed the connection)
[14:29:23] *** Joins: Dalir (~tableto@88-199-132-54.tktelekom.pl)
[14:35:28] <VoThall> dobry
[14:35:48] <Dalir> Brrry
[14:40:39] *** Quits: Dalir (~tableto@88-199-132-54.tktelekom.pl) (Quit: Bye)
[15:05:42] <Misiek> elo
[15:38:08] *** Joins: izeer (56a6d416@gateway/web/freenode/ip.86.166.212.22)
[15:47:54] *** Quits: izeer (56a6d416@gateway/web/freenode/ip.86.166.212.22) (Quit: Page closed)
[16:13:36] *** Joins: izeer (56a6d416@gateway/web/freenode/ip.86.166.212.22)
[17:21:36] *** Quits: izeer (56a6d416@gateway/web/freenode/ip.86.166.212.22) (Ping timeout: 252 seconds)
[17:25:00] <misiek200m> No witam państwa ;p
[17:29:25] <Night_Spark> Hai
[17:34:10] *** Joins: Nighti (4fbf8f42@gateway/web/freenode/ip.79.191.143.66)
[17:35:28] <Nighti> Hail
[17:41:28] <Night_Spark> Miau
[17:43:00] <Misiek> VoThall, czoś?
[17:43:11] <VoThall> tak, pusniej
[18:04:25] <VoThall> https://www.youtube.com/watch?v=5bMyLfKGw0g
[18:04:27] <VoThall> jakie to przyjemne
[19:23:04] *** Joins: Dalir (~tableto@88-199-132-54.tktelekom.pl)
[21:15:37] *** Joins: psoras (~androirc@aglq24.neoplus.adsl.tpnet.pl)
[21:15:44] <psoras> siema
[21:16:32] <psoras> https://youtu.be/2HSvHmE3v4s ^^
[21:21:19] <misiek200m> Witaj psoras ;p
[21:22:37] <misiek200m> psoras kiedy w kinach? xD
[21:22:59] <psoras> 2017 :>
[21:23:03] <misiek200m> :D
[21:23:56] <VoThall> tsfh i wszystko staje sie epickie
[21:24:00] <VoThall> :P
[21:24:09] <psoras> "Waifu. A Coast Starlight movie"
[21:24:33] <psoras> VoThall: właśnie miałem to napisać
[22:55:25] *** Quits: psoras (~androirc@aglq24.neoplus.adsl.tpnet.pl) (Quit: AndroIRC - Android IRC Client ( http://www.androirc.com ))
[23:36:44] *** Quits: Dalir (~tableto@88-199-132-54.tktelekom.pl) (Quit: Bye)
