[00:25:34] <misiek200m> kuuurwa zgubiłem się xD
[00:25:48] <misiek200m> W otchłani :v
[00:36:44] <CowiekPiwo> misiek200m:  ale że gdzie
[00:37:09] <misiek200m> CowiekPiwo http://file.200m.pl/1601/06jLPhdDd5.png
[00:37:15] <misiek200m> Otchlan - gra tekstowa xD
[00:37:41] <CowiekPiwo> co
[00:37:54] <CowiekPiwo> byś AA dokonczyl a nie xD
[00:38:27] <misiek200m> xDD
[02:19:53] <Misiek> bajo
[02:19:56] *** Quits: Misiek (~Misiek@bcj174.neoplus.adsl.tpnet.pl) (Quit: Leaving)
[04:54:36] *** Quits: CowiekPiwo (56a6d416@gateway/web/freenode/ip.86.166.212.22) (Quit: Page closed)
[05:25:34] *** Quits: VanDreadPIWO (~Thunderbi@89-73-73-49.dynamic.chello.pl) (Quit: VanDreadPIWO)
[11:44:24] *** Joins: Misiek (~Misiek@bci144.neoplus.adsl.tpnet.pl)
[12:07:52] <Misiek> Nieprawidłowe 2 min. temu przez fDy
[12:07:52] <Misiek> komentarz: Rozumiem przyczynę zgłoszenia jednak naruszenia zasad portalu przez byłego prezydenta traktujemy łagodniej. Przypominam, że zawsze możesz go dodać na czarną listę. xd
[13:17:12] <VoThall> dobry
[13:17:19] <Misiek> elo
[13:17:28] <VoThall> kek xD
[13:17:40] <VoThall> przeciez ktos mu pisze te posty na koncie
[13:17:43] <VoThall> nie wierze zeby on to robil
[13:17:58] <Misiek> milion razy pokazywali jak siedzi na tabie i dłubie na wykopie xd
[13:18:06] <VoThall> no tak
[13:18:09] <VoThall> bo to robi
[13:18:17] <VoThall> ale wydaje mi sie ze ktos jeszcze ma dostep do jego konta
[13:18:21] <VoThall> i sobie kreci beke z wykopkow
[13:18:41] <VoThall> ten spam zdjec to na pewno on
[13:18:45] <VoThall> ale te pojebane wpisy
[13:18:46] <Misiek> poza tym nie chce mi sie wierzyc zeby ktos inny robil takie bledy xd
[13:19:06] <Misiek> kopij wklej z jakiejs wiki xd
[13:22:08] <Misiek> najbardziej mnie rozwala to ze on chyba nie napisal nigdy posta innego niz o sobie xd
[13:22:30] <VoThall> xD
[13:22:32] <VoThall> w ogole to
[13:22:38] <VoThall> moja siostra dzis morsowala
[13:22:48] <VoThall> tj. plywala w morzu xD
[13:22:55] <Misiek> aaa
[13:22:59] <VoThall> i jest bardzo zadowolona xD
[13:23:09] <Misiek> ja nie lubie zimnej wody
[13:23:11] <Misiek> xd
[13:23:15] <VoThall> xD
[13:23:28] <Misiek> pewnie wejscie do morza zajelo by mi jakies 30 minut xd
[13:23:46] <Misiek> nie lubie jak zimna woda zalewa klejnoty
[13:25:35] <VoThall> no wlasnie trzeba szybko xD
[13:25:37] <VoThall> i na krotko
[13:25:46] <VoThall> na 2 min na poczatek np
[13:25:57] <VoThall> ale ogolnie dlugo sie w wodzie nie siedzi
[13:26:00] <VoThall> jakies 5~minut
[13:29:10] <VoThall> Misiek siedzisz na teesie?
[13:29:15] <Misiek> tak
[13:29:19] <Misiek> ale zaraz idemn
[13:29:28] <VoThall> gdzie ;-;
[13:29:38] <Misiek> rozpalic somsiadce w piecu
[13:29:38] <Misiek> xd
[13:30:22] <VoThall> k xD
[13:33:49] <VoThall> Misiek http://jbzd.pl/obr/436656/jak-przecieka-w-srodku-mozna-zatkac-tamponem
[13:33:59] <Misiek> xd
[13:36:11] *** Joins: VanDreadPL (~Thunderbi@89-73-73-49.dynamic.chello.pl)
[13:39:56] <misiek200m> VoThall Misiek pytanie - http://file.200m.pl/1601/06nm-9D3vm.png - w co gram? xD
[13:40:51] <VoThall> wut xD
[13:41:04] <Misiek> Mario World
[13:41:51] <misiek200m> xD
[13:41:54] <misiek200m> Otchłań
[13:42:05] <VoThall> czo to jest ;-;
[13:42:24] <Misiek> brb bede za godzinke i mozna dote pyknoć xd
[13:47:38] <misiek200m> VoThall http://www.otchlan.pl/ xD
[13:47:54] <misiek200m> VoThall pisana właściwie od 1998 xD
[13:48:49] <VoThall> nie znam tego ;-;
[13:54:52] <misiek200m> :v
[13:55:04] <misiek200m> Ja kiedyś demo tego na dyskietce miałem xD
[14:38:10] <Misiek> VoThall,
[14:43:57] <Soxis> ochuj xD
[14:44:05] <Soxis> moi rodzice mieli wypadek
[14:44:09] <Soxis> wszyscy żyją tho
[14:44:22] <Soxis> brata do Poznania jechali zawieść
[14:44:26] <Soxis> no i z okazji pogody poślizg
[14:44:33] <Soxis> do Chodzieży do szpitala ich zabierają
[14:44:43] <Soxis> mojemu bratu nic się nie stało w sumie
[14:44:49] <Soxis> kompa ma rozwalonego podobno
[14:44:52] <Soxis> obudowa pewnie xD
[14:45:00] <Soxis> ojciec noge zwichniętą
[14:45:05] <Soxis> a mama brodę rozwaloną
[14:45:07] <Soxis> ona kierowała
[14:45:16] <Soxis> a przed wyjazdem z siorą się pytamy
[14:45:22] <Soxis> "A zimowe opony macie?"
[14:45:25] <Soxis> -Po co, nigdy nie zmienialiśmy
[14:45:26] <Soxis> XDDDD
[14:45:35] <Soxis> ja pierdole XD
[14:45:47] <Soxis> ale ogólnie to nawet takiego flashbacka miałem
[14:45:52] <Soxis> z oczu mojego brata coś w tym stylu
[14:45:58] <Soxis> moja siora też to miała
[14:47:52] <Misiek> VoThall, https://gfycat.com/AgreeableFabulousCusimanse xd
[15:00:17] <VoThall> Soxis ;-;
[15:00:23] <Soxis> VoThall, xD
[15:00:45] <Soxis> całkiem śmiesznie jak się nagle ciemno przed oczami robi i masz parkinsona od godziny XDDDD
[15:01:11] <Soxis> dobrze, że żyją ej
[15:01:40] <VoThall> egg
[15:01:50] <VoThall> Misiek ide herbate zrobic i mozna zagrac chyba
[15:03:00] <Misiek> kkk
[15:04:07] <misiek200m> kurwa Soxis xD
[15:04:15] <Soxis> co xD
[15:04:21] <Soxis> ten flashback mnie interesuje
[15:04:26] <Soxis> bo to ciekawe jest
[15:04:30] <Soxis> ale w ogóle
[15:04:35] <Soxis> ja pierdole XD
[15:04:49] <misiek200m> połączenie jaźni ;p
[15:04:56] <Soxis> no serio ej xDF
[15:04:59] <misiek200m> No ale najważniejsze, że się nikomu nic nie stało :v
[15:05:04] <Soxis> no to to ta
[15:05:11] <Soxis> samochód w drzewie xD
[15:05:15] <Soxis> Tico puszkowate małe
[15:05:19] <Soxis> nigdy nie lubiłem tego samochodu
[15:05:23] <Soxis> zawsze się bałem nim jeździć
[15:05:26] <Soxis> no i jest xD
[15:06:32] *** Joins: izeer (56a6d416@gateway/web/freenode/ip.86.166.212.22)
[15:07:24] <izeer> hej
[15:07:47] <Soxis> no elmo izur
[15:21:37] <VoThall> biedne drzewo ;-;
[15:31:19] <izeer> VanDreadPL:  napisalem do msi z tymi crashami sterów
[15:31:24] <izeer> nvidia nic nie odpisuje chuje
[15:37:35] <izeer> http://x3.cdn03.imgwykop.pl/c3201142/comment_7oqC8zjYklBCN7nzKHLrxnJlQ134Rz3I.jpg
[15:37:45] <izeer> tharrr she blows xD
[15:42:43] <VoThall> xDD
[15:59:53] <misiek200m> kurwa xD
[16:01:52] *** Quits: izeer (56a6d416@gateway/web/freenode/ip.86.166.212.22) (Quit: Page closed)
[16:04:51] *** Joins: izeer (56a6d416@gateway/web/freenode/ip.86.166.212.22)
[16:55:18] *** Quits: izeer (56a6d416@gateway/web/freenode/ip.86.166.212.22) (Ping timeout: 252 seconds)
[17:11:08] *** Joins: izeer (56a6d416@gateway/web/freenode/ip.86.166.212.22)
[17:11:13] <izeer> https://www.youtube.com/watch?v=3fxq7kqyWO8 polecam techna
[18:07:21] *** Quits: izeer (56a6d416@gateway/web/freenode/ip.86.166.212.22) (Ping timeout: 252 seconds)
[19:12:46] *** Joins: izeer (56a6d416@gateway/web/freenode/ip.86.166.212.22)
[19:44:33] *** Joins: Dalir (~tableto@88-199-132-54.tktelekom.pl)
[19:52:35] <VanDreadPL> izeer:  mam reflex wiem XD
[19:52:38] <VanDreadPL> ale film oglądałem
[19:52:43] <VanDreadPL> techna dobre potwierdzam
[20:14:38] *** Joins: Nighti_ (4fb9b219@gateway/web/freenode/ip.79.185.178.25)
[20:14:45] <Nighti_> Dobry den
[20:16:21] <izeer> ide do maka i do sklepu
[20:16:38] <izeer> VanDreadPL:  myslalem zeby star warsy obejrzec, bo nigdy nie ogladale, xD
[20:16:58] <izeer> ale podobno niechronologicznie czesci wypuszczali, to nie wiem jak to ogladac
[20:17:17] <VanDreadPL> izeer:  proste
[20:17:29] <VanDreadPL> one są ponumerowane prawidłowo :P
[20:17:49] <VanDreadPL> czytaj w latach 70 i 80 puścili części 4, 5, 6
[20:17:50] <izeer> ale jak
[20:17:55] <VanDreadPL> potem nowe to 123
[20:18:02] <VanDreadPL> a teraz leci 7 :P
[20:18:07] <izeer> czyli co najpierw ogladac
[20:19:07] <VanDreadPL> oglądaj 123 456
[20:19:17] <izeer> czyli mroczne widmo najpierw
[20:19:18] <izeer> oke
[20:19:20] <VanDreadPL> tak
[20:19:30] <VanDreadPL> bo to jest wprowadzenie do tych starych filmów :)
[20:20:36] <VanDreadPL> izeer:  masz kolejnosć https://pl.wikipedia.org/wiki/Gwiezdne_wojny
[20:22:08] <izeer> dobra leci
[20:22:48] <VanDreadPL> teraz sobie włączyłes?
[20:24:49] *** Joins: Izeer_kom (~izeer_kom@188.29.164.56)
[20:25:01] <Izeer_kom> Sciagam van
[20:25:06] <Izeer_kom> Z domu wyszedlem
[20:25:25] <Izeer_kom> Wroce pogram w wieska troche, a potem film
[20:26:06] <VanDreadPL> :P
[20:26:08] <VanDreadPL> spoko
[20:28:35] *** Quits: Izeer_kom (~izeer_kom@188.29.164.56) (Client Quit)
[20:28:51] *** Joins: Izeer_kom (~izeer_kom@188.29.164.56)
[20:51:07] <Izeer_kom> VanDreadPL: oculus 600 ojro xD
[20:51:15] <Izeer_kom> Dzieki postoje
[20:58:18] *** Quits: Izeer_kom (~izeer_kom@188.29.164.56) (Quit: To sie zmontuje xD)
[20:58:40] *** Joins: Izeer_kom (~izeer_kom@188.29.164.56.threembb.co.uk)
[21:05:28] *** Quits: Izeer_kom (~izeer_kom@188.29.164.56.threembb.co.uk) (Quit: To sie zmontuje xD)
[21:05:44] *** Joins: Izeer_kom (~izeer_kom@188.29.164.56.threembb.co.uk)
[21:10:52] *** Quits: Izeer_kom (~izeer_kom@188.29.164.56.threembb.co.uk) (Quit: To sie zmontuje xD)
[21:20:52] <Nighti_> VanDreadPL gramy?
[21:28:06] *** Quits: izeer (56a6d416@gateway/web/freenode/ip.86.166.212.22) (Ping timeout: 252 seconds)
[22:27:48] *** Joins: izeer (56a6d416@gateway/web/freenode/ip.86.166.212.22)
[23:08:27] *** Joins: McKey (~McK@irc.antyklay.pl)
[23:08:29] *** Server sets mode: +cns 
[23:30:09] *** Quits: Dalir (~tableto@88-199-132-54.tktelekom.pl) (Quit: Bye)
[23:40:20] <Nighti_> 3 majcie sie
[23:40:27] *** Quits: Nighti_ (4fb9b219@gateway/web/freenode/ip.79.185.178.25) (Quit: Dobranoc)
[23:53:27] <VanDreadPL> Dobra ja znikam
[23:53:29] <VanDreadPL> 3majcie się
[23:53:34] *** Quits: VanDreadPL (~Thunderbi@89-73-73-49.dynamic.chello.pl) (Quit: VanDreadPL)
