[00:10:05] *** Quits: mohn (~mo@limu.coffee.liberejo.de) (Ping timeout: 250 seconds)
[00:10:32] *** Quits: johnyb (~jb@limu.coffee.liberejo.de) (Ping timeout: 250 seconds)
[00:16:51] *** Joins: mohn (~mo@limu.coffee.liberejo.de)
[00:16:52] *** Joins: johnyb (~jb@limu.coffee.liberejo.de)
[00:29:49] *** Joins: moru (~moru@d86-32-133-69.cust.tele2.at)
[00:49:11] *** Quits: moru (~moru@d86-32-133-69.cust.tele2.at) (Ping timeout: 252 seconds)
[01:08:39] *** Quits: HorusHorrendus (~horrendus@80.110.135.155) (Remote host closed the connection)
[01:32:57] *** Joins: aoseki (~akaseki@unaffiliated/akaseki)
[01:36:29] *** Quits: akaseki (~akaseki@unaffiliated/akaseki) (Ping timeout: 265 seconds)
[02:09:30] *** Quits: thisfred (~thisfred@ec2-54-193-16-72.us-west-1.compute.amazonaws.com) (Ping timeout: 240 seconds)
[05:11:32] *** Joins: thisfred (~thisfred@174-25-46-69.ptld.qwest.net)
[05:15:46] *** Quits: thisfred (~thisfred@174-25-46-69.ptld.qwest.net) (Ping timeout: 252 seconds)
[05:55:50] *** Joins: mgue1 (~mgue@x5ce2fc5e.dyn.telefonica.de)
[05:58:45] *** Quits: mgue (~mgue@f050137063.adsl.alicedsl.de) (Ping timeout: 245 seconds)
[06:15:08] <theli_ua> so
[06:15:15] <theli_ua> theli_ua> our bandcamp resolver doesn't work, right?
[06:15:26] <theli_ua> I mean - is this expected?
[10:05:59] *** Joins: WillisMan (~Thunderbi@88.96.238.246)
[10:41:26] *** Joins: HorusHorrendus (~horrendus@80.110.135.155)
[11:28:50] *** Joins: ssam2 (~ssam2@dhcp-233-015.nomad.chalmers.se)
[11:51:52] *** Quits: ssam2 (~ssam2@dhcp-233-015.nomad.chalmers.se) (Quit: Leaving)
[12:20:08] *** soee_ is now known as soee
[12:38:11] *** Quits: mirsal (~mirsal@znc0.irc.he-1.ip6.mirsal.fr) (Excess Flood)
[12:39:09] *** Joins: mirsal (~mirsal@znc0.irc.he-1.ip6.mirsal.fr)
[13:06:13] <jherskowitz> theli_ua: I think they may have killed the API key
[13:06:46] <jherskowitz> rotzbouw ^
[16:19:39] *** Quits: bodam2005 (~bodam2005@cpe-172-249-11-201.socal.res.rr.com) (Remote host closed the connection)
[17:18:07] *** Joins: meaning (~meaning@90.55-243-81.adsl-dyn.isp.belgacom.be)
[17:46:20] *** Joins: thisfred (~thisfred@ec2-54-193-16-72.us-west-1.compute.amazonaws.com)
[17:56:41] *** Joins: soee_ (~soee@bmr124.neoplus.adsl.tpnet.pl)
[17:58:08] *** Quits: soee (~soee@agup135.neoplus.adsl.tpnet.pl) (Ping timeout: 250 seconds)
[18:07:11] <theli_ua> Hm, jherskowitz , do you think it would be OK if I borrow the one official Android app uses?
[18:12:06] *** Quits: meaning (~meaning@90.55-243-81.adsl-dyn.isp.belgacom.be) (Quit: My Mac has gone to sleep. ZZZzzz…)
[18:17:51] *** H4ndy|off is now known as H4ndy
[18:34:38] *** Quits: RJ2 (sid1@pdpc/supporter/professional/rj2) ()
[18:35:14] *** Joins: RJ2 (sid1@pdpc/supporter/professional/rj2)
[18:40:13] *** Quits: WillisMan (~Thunderbi@88.96.238.246) (Quit: WillisMan)
[18:58:24] *** Joins: sythe (uid20450@facade/leader)
[19:15:01] *** Joins: rotzbouw (~thierry@HSI-KBW-37-49-122-154.hsi14.kabel-badenwuerttemberg.de)
[19:17:20] *** Joins: meaning (~meaning@101.235-247-81.adsl-dyn.isp.belgacom.be)
[19:21:26] *** H4ndy is now known as H4ndy|off
[19:32:26] *** H4ndy|off is now known as H4ndy
[19:39:19] *** Quits: meaning (~meaning@101.235-247-81.adsl-dyn.isp.belgacom.be) (Quit: My Mac has gone to sleep. ZZZzzz…)
[19:40:24] *** Joins: meaning (~meaning@101.235-247-81.adsl-dyn.isp.belgacom.be)
[19:55:37] *** Quits: meaning (~meaning@101.235-247-81.adsl-dyn.isp.belgacom.be) (Quit: My Mac has gone to sleep. ZZZzzz…)
[20:00:02] *** Joins: meaning (~meaning@101.235-247-81.adsl-dyn.isp.belgacom.be)
[20:15:36] *** Quits: meaning (~meaning@101.235-247-81.adsl-dyn.isp.belgacom.be) (Quit: My Mac has gone to sleep. ZZZzzz…)
[20:25:32] *** Joins: meaning (~meaning@101.235-247-81.adsl-dyn.isp.belgacom.be)
[20:40:07] *** Quits: meaning (~meaning@101.235-247-81.adsl-dyn.isp.belgacom.be) (Quit: My Mac has gone to sleep. ZZZzzz…)
[21:47:24] *** Quits: thisfred (~thisfred@ec2-54-193-16-72.us-west-1.compute.amazonaws.com) (Quit: wait what)
[21:47:42] *** Joins: thisfred (~thisfred@ec2-54-193-16-72.us-west-1.compute.amazonaws.com)
[21:49:24] *** Quits: thisfred (~thisfred@ec2-54-193-16-72.us-west-1.compute.amazonaws.com) (Client Quit)
[21:50:03] *** Joins: thisfred (~thisfred@ec2-54-193-16-72.us-west-1.compute.amazonaws.com)
[21:51:50] *** Quits: thisfred (~thisfred@ec2-54-193-16-72.us-west-1.compute.amazonaws.com) (Client Quit)
[21:52:04] *** Joins: thisfred (~thisfred@ec2-54-193-16-72.us-west-1.compute.amazonaws.com)
[21:54:30] *** Quits: thisfred (~thisfred@ec2-54-193-16-72.us-west-1.compute.amazonaws.com) (Client Quit)
[21:54:47] *** Joins: thisfred (~thisfred@ec2-54-193-16-72.us-west-1.compute.amazonaws.com)
[21:57:10] *** Quits: thisfred (~thisfred@ec2-54-193-16-72.us-west-1.compute.amazonaws.com) (Read error: Connection reset by peer)
[21:57:18] *** Joins: thisfred (~thisfred@ec2-54-193-16-72.us-west-1.compute.amazonaws.com)
[21:59:01] *** Quits: thisfred (~thisfred@ec2-54-193-16-72.us-west-1.compute.amazonaws.com) (Client Quit)
[21:59:26] *** Joins: thisfred (~thisfred@ec2-54-193-16-72.us-west-1.compute.amazonaws.com)
[21:59:31] *** Quits: thisfred (~thisfred@ec2-54-193-16-72.us-west-1.compute.amazonaws.com) (Client Quit)
[22:01:38] *** Joins: thisfred (~thisfred@ec2-54-193-16-72.us-west-1.compute.amazonaws.com)
[23:08:45] *** Quits: thisfred (~thisfred@ec2-54-193-16-72.us-west-1.compute.amazonaws.com) (Ping timeout: 245 seconds)
[23:10:40] *** Joins: thisfred (~thisfred@66-193-100-238.static.twtelecom.net)
[23:15:50] *** Quits: thisfred (~thisfred@66-193-100-238.static.twtelecom.net) (Ping timeout: 246 seconds)
[23:16:18] *** Quits: rotzbouw (~thierry@HSI-KBW-37-49-122-154.hsi14.kabel-badenwuerttemberg.de) ()
[23:22:39] *** Joins: thisfred (~thisfred@66-193-100-238.static.twtelecom.net)
[23:29:16] *** Joins: thisfred1 (~thisfred@ec2-54-193-16-72.us-west-1.compute.amazonaws.com)
[23:32:07] *** Quits: thisfred (~thisfred@66-193-100-238.static.twtelecom.net) (Ping timeout: 265 seconds)
[23:49:47] *** Joins: fainct (guest-fain@gateway/web/scrollback.io/x-sauxrpbzgxnpxrce)
[23:49:47] <fainct> Fuck off
[23:49:47] <fainct> Retard
[23:49:47] <fainct> Im based god
[23:49:48] <fainct> Lmao
[23:49:52] <fainct> Im gonna fuk ur WIFE
[23:49:53] <fainct> LMAO
[23:53:04] *** lfranchi_ sets mode: +b *!guest-fain@gateway/web/scrollback.io/x-sauxrpbzgxnpxrce
[23:53:04] *** fainct was kicked by lfranchi_ (Kindergarten is elsewhere!)
[23:53:14] <lfranchi_> goodbye
[23:53:17] *** lfranchi_ is now known as lfranchi
