[00:29:28] *** Joins: Vezquex (~Vezquex@c-98-232-29-163.hsd1.wa.comcast.net)
[01:33:43] *** Quits: jturney (~jon@host217-43-11-230.range217-43.btcentralplus.com) (Read error: Connection reset by peer)
[02:30:12] <jherskowitz> alastairp: you know about this? https://github.com/nbeaver/chromaprint-playlists
[02:32:27] <theli_ua> thats pretty cool
[02:32:55] <theli_ua> if only any of the resolvers could use it
[02:33:07] <theli_ua> eh, any of streaming providers used/provided it
[02:51:51] <theli_ua> though, you can get musicbrainz id from acoustid and from there you can get ASIN and from there you can resolve via amazon
[02:52:06] <theli_ua> thus I just proved that Amazon music supports acoustid 
[02:52:08] <theli_ua> lol
[02:52:33] <theli_ua> jherskowitz: how about that ^
[02:53:34] <theli_ua> ohwait, mb has associated ASINs with releases/albums, not tracks
[02:53:36] <theli_ua> damn
[02:53:44] <theli_ua> still, pretty close
[03:08:54] *** Joins: domme (~domme@ip-178-200-154-13.hsi07.unitymediagroup.de)
[03:11:17] *** Quits: domme (~domme@ip-178-200-154-13.hsi07.unitymediagroup.de) (Client Quit)
[05:09:46] *** Joins: mgue2 (~mgue@x590f1f91.dyn.telefonica.de)
[05:13:05] *** Quits: mgue1 (~mgue@f049060131.adsl.alicedsl.de) (Ping timeout: 260 seconds)
[06:50:43] *** Quits: sythe (uid20450@facade/leader) (Quit: Connection closed for inactivity)
[09:06:47] <alastairp> jherskowitz: no, but cool
[09:48:34] *** Joins: HorusHorrendus (~horrendus@80.110.135.155)
[10:10:59] *** Quits: Karbowiak (~Karbowiak@ip979.alb335.cust.comxnet.dk) (Ping timeout: 264 seconds)
[11:12:53] *** Joins: ssam2 (~ssam2@82-70-136-246.dsl.in-addr.zen.co.uk)
[13:34:51] *** Joins: jturney (~jon@host217-43-11-230.range217-43.btcentralplus.com)
[14:18:36] *** Quits: HorusHorrendus (~horrendus@80.110.135.155) (Quit: Leaving.)
[15:06:35] *** Quits: eater (~eater@tamako.eoc.io) (Ping timeout: 255 seconds)
[15:06:43] *** Joins: eater (~eater@tamako.eoc.io)
[15:34:02] *** Quits: Vezquex (~Vezquex@c-98-232-29-163.hsd1.wa.comcast.net) (Ping timeout: 246 seconds)
[16:22:10] *** Joins: Karbowiak (~Karbowiak@ip979.alb335.cust.comxnet.dk)
[16:45:08] *** Quits: soee (~soee@agwb21.neoplus.adsl.tpnet.pl) (Quit: Konversation terminated!)
[16:51:01] *** Joins: soee (~soee@agwb21.neoplus.adsl.tpnet.pl)
[17:08:44] *** Quits: soee (~soee@agwb21.neoplus.adsl.tpnet.pl) (Quit: Konversation terminated!)
[17:11:50] *** Joins: soee (~soee@agwb21.neoplus.adsl.tpnet.pl)
[17:24:37] *** Quits: soee (~soee@agwb21.neoplus.adsl.tpnet.pl) (Quit: Konversation terminated!)
[17:45:33] *** Joins: soee (~soee@agwb21.neoplus.adsl.tpnet.pl)
[17:48:19] *** Quits: soee (~soee@agwb21.neoplus.adsl.tpnet.pl) (Client Quit)
[18:07:25] *** Quits: ssam2 (~ssam2@82-70-136-246.dsl.in-addr.zen.co.uk) (Quit: Leaving)
[18:13:15] *** Joins: soee (~soee@agwb21.neoplus.adsl.tpnet.pl)
[19:02:37] *** Joins: jturney1 (~jon@host217-43-11-230.range217-43.btcentralplus.com)
[19:02:37] *** Quits: jturney (~jon@host217-43-11-230.range217-43.btcentralplus.com) (Disconnected by services)
[19:31:28] *** Joins: jturney (~jon@host217-43-11-230.range217-43.btcentralplus.com)
[19:33:00] *** Quits: jturney1 (~jon@host217-43-11-230.range217-43.btcentralplus.com) (Ping timeout: 265 seconds)
[20:09:37] *** Joins: soee_ (~soee@bik93.neoplus.adsl.tpnet.pl)
[20:13:40] *** Quits: soee (~soee@agwb21.neoplus.adsl.tpnet.pl) (Ping timeout: 272 seconds)
[20:16:17] *** Quits: jturney (~jon@host217-43-11-230.range217-43.btcentralplus.com) (Disconnected by services)
[20:16:17] *** Joins: jturney1 (~jon@host217-43-11-230.range217-43.btcentralplus.com)
[20:24:18] *** Joins: soee (~soee@aguk148.neoplus.adsl.tpnet.pl)
[20:25:55] *** Quits: soee_ (~soee@bik93.neoplus.adsl.tpnet.pl) (Ping timeout: 240 seconds)
[20:33:26] <theli_ua> http://slickdeals.net/f/8396219-3-month-google-play-music-trial-subscription-1-for-new-subscribers
[20:34:04] <theli_ua> I'm not sure if its for new subscribers only, it suggest that to me as well
[20:34:38] <theli_ua> though I'm not all access subscriber atm so I guess I might count as a new subscriber (even though I was subscriber previously)
[21:50:27] *** Quits: jturney1 (~jon@host217-43-11-230.range217-43.btcentralplus.com) (Ping timeout: 260 seconds)
[21:52:36] *** Joins: jturney (~jon@host217-43-11-230.range217-43.btcentralplus.com)
[23:10:46] *** Joins: Vezquex (~Vezquex@c-98-232-29-163.hsd1.wa.comcast.net)
