[00:35:01] *** Quits: soee_ (~soee@afjj150.neoplus.adsl.tpnet.pl) (Ping timeout: 265 seconds)
[00:36:35] *** Quits: jamesaxl (~jamesaxl@105.159.36.11) (Ping timeout: 240 seconds)
[00:39:49] *** Joins: jturney1 (~jon@host217-43-11-230.range217-43.btcentralplus.com)
[00:39:49] *** Quits: jturney (~jon@host217-43-11-230.range217-43.btcentralplus.com) (Disconnected by services)
[01:26:46] *** Quits: michiwend (~quassel@michiwend.com) (Ping timeout: 240 seconds)
[01:44:30] *** Quits: jturney1 (~jon@host217-43-11-230.range217-43.btcentralplus.com) (Read error: Connection reset by peer)
[03:43:28] *** Quits: Vezquex (~Vezquex@c-98-232-29-163.hsd1.wa.comcast.net) (Ping timeout: 256 seconds)
[05:15:18] *** Joins: mgue (~mgue@x55b51f8c.dyn.telefonica.de)
[05:18:11] *** Quits: mgue2 (~mgue@f049120212.adsl.alicedsl.de) (Ping timeout: 246 seconds)
[08:19:04] *** Joins: soee_ (~soee@afjj150.neoplus.adsl.tpnet.pl)
[09:56:09] *** Joins: soee (~soee@agwl14.neoplus.adsl.tpnet.pl)
[09:59:44] *** Quits: soee_ (~soee@afjj150.neoplus.adsl.tpnet.pl) (Ping timeout: 256 seconds)
[11:01:25] *** Joins: michiwend (~quassel@michiwend.com)
[11:05:13] *** Joins: HorusHorrendus (~horrendus@80.110.135.155)
[11:10:59] *** Joins: ssam2 (~ssam2@82-70-136-246.dsl.in-addr.zen.co.uk)
[11:33:37] *** Joins: justin_time (~stefan@p50889BAA.dip0.t-ipconnect.de)
[12:28:11] *** Quits: HorusHorrendus (~horrendus@80.110.135.155) (Quit: Leaving.)
[12:29:07] *** Joins: HorusHorrendus (~horrendus@80.110.135.155)
[13:04:22] *** Quits: justin_time (~stefan@p50889BAA.dip0.t-ipconnect.de) (Quit: Ex-Chat)
[13:15:43] *** Joins: jturney (~jon@host217-43-11-230.range217-43.btcentralplus.com)
[15:39:02] *** Joins: notech (guest-note@ec2-52-11-63-83.us-west-2.compute.amazonaws.com)
[15:39:02] <notech> das;kfh;sdkgf.vfr
[15:39:02] <notech> wrgasgh
[15:39:02] <notech> asdfh
[15:39:02] <notech> a
[15:39:02] <notech> h
[15:39:03] <notech> afh
[15:39:04] <notech> ad
[15:39:05] <notech> h
[15:39:06] <notech> adfhsDGASDF
[15:39:07] <notech> HA
[15:39:08] <notech> seD
[15:39:09] <notech> ASDF
[15:39:10] <notech> H
[15:39:11] <notech> aGADF
[15:39:12] <notech> HA
[15:39:13] <notech> SDFH
[15:39:14] <notech> ASFH
[15:39:15] <notech> dasdas\
[15:39:16] <notech> dsdasd
[15:39:49] *** Parts: notech (guest-note@ec2-52-11-63-83.us-west-2.compute.amazonaws.com) ()
[16:17:53] *** Quits: HorusHorrendus (~horrendus@80.110.135.155) (Quit: Leaving.)
[16:22:23] *** Joins: ben-xo__ (sid227@gateway/web/irccloud.com/x-qyjgnckwklcmphdy)
[16:23:15] *** Quits: ben-xo_ (sid227@gateway/web/irccloud.com/x-kzlpidjtdlrydvgh) (Ping timeout: 240 seconds)
[16:23:16] *** ben-xo__ is now known as ben-xo_
[17:58:50] *** Quits: ssam2 (~ssam2@82-70-136-246.dsl.in-addr.zen.co.uk) (Quit: Leaving)
[18:33:42] *** Quits: jturney (~jon@host217-43-11-230.range217-43.btcentralplus.com) (Ping timeout: 256 seconds)
[18:33:56] *** Joins: jturney (~jon@host217-43-11-230.range217-43.btcentralplus.com)
[19:28:43] *** Joins: awesomeness11560 (awesomenes@52.11.63.83)
[19:28:44] <awesomeness11560> hi
[19:40:56] *** Parts: awesomeness11560 (awesomenes@52.11.63.83) ()
[20:01:09] <jherskowitz> hi
[20:53:55] *** Quits: pinheiro (~pinheiro@2001:8a0:f884:a101:92b1:1cff:fe77:db0d) (Quit: Konversation terminated!)
[21:39:30] *** Joins: jamesaxl (~jamesaxl@41.248.172.94)
[21:46:38] *** Joins: mehdix (~mehdix@x590dfd38.dyn.telefonica.de)
[22:01:35] *** Joins: pinheiro (~pinheiro@2001:8a0:f884:a101:92b1:1cff:fe77:db0d)
[22:14:36] *** Quits: soee (~soee@agwl14.neoplus.adsl.tpnet.pl) (Read error: Connection reset by peer)
[22:14:48] *** Joins: soee (~soee@agwl14.neoplus.adsl.tpnet.pl)
[22:15:18] *** Quits: mehdix (~mehdix@x590dfd38.dyn.telefonica.de) (Quit: mehdix)
[22:32:34] *** Quits: pinheiro (~pinheiro@2001:8a0:f884:a101:92b1:1cff:fe77:db0d) (Quit: Konversation terminated!)
