[00:34:35] *** Quits: Satyricon (~satyricon@static-ip-69-64-50-156.inaddr.ip-pool.com) (Ping timeout: 246 seconds)
[00:37:04] *** Joins: Satyricon (~satyricon@static-ip-69-64-50-156.inaddr.ip-pool.com)
[00:56:34] *** Quits: ExecSlim (~ExecSlim@159.203.5.37) (Ping timeout: 250 seconds)
[00:57:23] *** Joins: the_phil0s0ph_ (~quassel@2a03:8180:1001:b2:13::12c)
[00:57:28] *** Joins: dridri` (~dridri@2a01:e35:8a72:9010:225:90ff:fe1e:3c78)
[00:57:52] *** Joins: jherskowitz_ (sid84@gateway/web/irccloud.com/x-sibpoynxarppmiwq)
[00:58:05] *** Joins: ugly_cat_ (~quassel@c-76-104-204-149.hsd1.wa.comcast.net)
[00:58:08] *** Joins: mueslix (~muesli@server3.muehlhaeuser.de)
[01:00:13] *** Joins: leonhandreke (~quassel@roubaix.ndreke.de)
[01:00:20] *** Joins: RJ2_ (sid1@pdpc/supporter/professional/rj2)
[01:00:22] *** Quits: jherskowitz (sid84@gateway/web/irccloud.com/x-fonuijywhqspaesp) (Ping timeout: 240 seconds)
[01:00:22] *** Quits: ugly_cat (~quassel@c-76-104-204-149.hsd1.wa.comcast.net) (Read error: Connection reset by peer)
[01:00:23] *** Quits: dridri (~dridri@2a01:e35:8a72:9010:225:90ff:fe1e:3c78) (Ping timeout: 240 seconds)
[01:00:23] *** Quits: RJ2 (sid1@pdpc/supporter/professional/rj2) (Ping timeout: 240 seconds)
[01:00:23] *** Quits: the_phil0s0ph (~quassel@2a03:8180:1001:b2:13::12c) (Ping timeout: 240 seconds)
[01:00:23] *** Quits: muesli (~muesli@server3.muehlhaeuser.de) (Excess Flood)
[01:00:23] *** Quits: SolarAquarion (SolarAquar@the.feds.nullrouted.us) (Ping timeout: 240 seconds)
[01:00:23] *** Quits: leonhandreke_ (~quassel@roubaix.ndreke.de) (Ping timeout: 240 seconds)
[01:00:24] *** Quits: L42y (sid10623@gateway/web/irccloud.com/x-xvjatbyoqkisrpbi) (Ping timeout: 240 seconds)
[01:00:24] *** Quits: xhochy (sid11301@gateway/web/irccloud.com/x-tqirvkgpjjbiqgbv) (Ping timeout: 240 seconds)
[01:00:31] *** mueslix is now known as muesli
[01:00:40] *** jherskowitz_ is now known as jherskowitz
[01:01:39] *** Joins: ExecSlim (~ExecSlim@159.203.5.37)
[01:03:32] *** Joins: SolarAquarion (SolarAquar@the.feds.nullrouted.us)
[01:04:42] *** RJ2_ is now known as RJ2
[01:06:49] *** Joins: xhochy (sid11301@gateway/web/irccloud.com/x-gnvhddkqwdhzymkb)
[01:09:05] *** Joins: L42y (sid10623@gateway/web/irccloud.com/x-qcviaokommbirtil)
[04:33:00] *** Quits: jamesaxl (~jamesaxl@41.140.33.135) (Ping timeout: 260 seconds)
[05:14:46] *** Quits: soee_ (~soee@agvo160.neoplus.adsl.tpnet.pl) (Quit: Konversation terminated!)
[05:15:37] *** Joins: soee (~soee@agvo160.neoplus.adsl.tpnet.pl)
[05:17:53] *** Quits: soee (~soee@agvo160.neoplus.adsl.tpnet.pl) (Client Quit)
[05:18:12] *** Joins: soee (~soee@agvo160.neoplus.adsl.tpnet.pl)
[05:19:15] *** Quits: soee (~soee@agvo160.neoplus.adsl.tpnet.pl) (Remote host closed the connection)
[06:57:31] *** Joins: soee (~soee@agvo160.neoplus.adsl.tpnet.pl)
[09:25:39] *** Joins: soee_ (~soee@aavw42.neoplus.adsl.tpnet.pl)
[09:27:14] *** Quits: soee (~soee@agvo160.neoplus.adsl.tpnet.pl) (Ping timeout: 245 seconds)
[10:26:40] *** Joins: rainbow (~rainbow@nat-41.starnet.cz)
[10:27:03] *** rainbow is now known as Guest82787
[10:27:15] <Guest82787> Hi! Is someone here to help me a bit? :)
[10:36:33] *** Quits: Guest82787 (~rainbow@nat-41.starnet.cz) (Quit: Leaving)
[11:22:04] *** Joins: yurrriq_ (~yurrriq@c-68-46-102-146.hsd1.mn.comcast.net)
[11:22:13] *** Quits: yurrriq_ (~yurrriq@c-68-46-102-146.hsd1.mn.comcast.net) (Client Quit)
[12:36:03] *** Quits: soee_ (~soee@aavw42.neoplus.adsl.tpnet.pl) (Quit: Konversation terminated!)
[12:36:31] *** Joins: soee (~soee@aavw42.neoplus.adsl.tpnet.pl)
[12:40:02] *** Quits: soee (~soee@aavw42.neoplus.adsl.tpnet.pl) (Client Quit)
[12:40:19] *** Joins: soee (~soee@aavw42.neoplus.adsl.tpnet.pl)
[12:46:15] *** Quits: soee (~soee@aavw42.neoplus.adsl.tpnet.pl) (Quit: Konversation terminated!)
[12:46:31] *** Joins: soee (~soee@aavw42.neoplus.adsl.tpnet.pl)
[14:30:58] *** Joins: jturney (~jon@host217-43-11-225.range217-43.btcentralplus.com)
[16:15:46] *** Joins: mgue1 (~mgue@x5ce1ee17.dyn.telefonica.de)
[16:19:02] *** Quits: mgue (~mgue@f049093175.adsl.alicedsl.de) (Ping timeout: 256 seconds)
[19:47:36] *** Joins: awayes3 (guest-away@ec2-52-11-63-83.us-west-2.compute.amazonaws.com)
[19:47:37] <awayes3> <script>alert("poop")</script>
[19:50:01] *** Parts: awayes3 (guest-away@ec2-52-11-63-83.us-west-2.compute.amazonaws.com) ()
[20:51:25] *** Joins: mehdix (~mehdix@x4db18473.dyn.telefonica.de)
[20:52:02] *** Joins: HorusHorrendus (~horrendus@80.110.135.155)
[21:10:41] *** Joins: jamesaxl (~jamesaxl@160.176.231.181)
